<?xml version="1.0" encoding="UTF-8"?>
<testsuite name="org.drip.coverage.regression.Regression" tests="1" skipped="0" failures="0" errors="0" timestamp="2018-11-03T03:28:05" hostname="LAPTOP-2MU6A8KE" time="16.084">
  <properties/>
  <testcase name="codeCoverageTest" classname="org.drip.coverage.regression.Regression" time="16.084"/>
  <system-out><![CDATA[
	|-----------------------------------------------------------------|
	|    Copyright (C) 2011-2018 (DRIP)
	|-----------------------------------------------------------------|
	|    Build Version  => 3.86.0 multi mode
	|    Build JVM (TM) => 1.8.0_112
	|    Build Snap     => Fri Nov 02 21:22:20 EST 2018
	|    Start Time     => Fri Nov 02 23:28:06 EDT 2018
	|    Setup Time     => Fri Nov 02 23:28:06 EDT 2018
	|    Setup Duration => 0 ms
	|-----------------------------------------------------------------|

	org.drip.analytics.curve.CreditCurve starts at Fri Nov 02 23:28:06 EDT 2018

		org.drip.analytics.curve.CreditCurve.CreateSNAC.Success=true
		org.drip.analytics.curve.CreditCurve.CreateSNAC.FinishTime=Fri Nov 02 23:28:06 EDT 2018
		org.drip.analytics.curve.CreditCurve.CreateSNAC.ExecTime=108283

		org.drip.analytics.curve.CreditCurve.FromFlatHazard.Success=true
		org.drip.analytics.curve.CreditCurve.FromFlatHazard.hazardratefromhazardcurve[12-may-2011]= 0.0200
		org.drip.analytics.curve.CreditCurve.FromFlatHazard.hazardratefromhazardcurve[12-may-2012]= 0.0200
		org.drip.analytics.curve.CreditCurve.FromFlatHazard.hazardratefromhazardcurve[12-may-2013]= 0.0200
		org.drip.analytics.curve.CreditCurve.FromFlatHazard.hazardratefromhazardcurve[12-may-2014]= 0.0200
		org.drip.analytics.curve.CreditCurve.FromFlatHazard.hazardratefromhazardcurve[12-may-2015]= 0.0200
		org.drip.analytics.curve.CreditCurve.FromFlatHazard.FinishTime=Fri Nov 02 23:28:06 EDT 2018
		org.drip.analytics.curve.CreditCurve.FromFlatHazard.ExecTime=15

		org.drip.analytics.curve.CreditCurve.FromSurvival.Success=true
		org.drip.analytics.curve.CreditCurve.FromSurvival.survivalfromoriginal[12-may-2011]= 0.9000
		org.drip.analytics.curve.CreditCurve.FromSurvival.survivalfromoriginal[12-may-2012]= 0.8000
		org.drip.analytics.curve.CreditCurve.FromSurvival.survivalfromoriginal[12-may-2013]= 0.7000
		org.drip.analytics.curve.CreditCurve.FromSurvival.survivalfromoriginal[12-may-2014]= 0.6000
		org.drip.analytics.curve.CreditCurve.FromSurvival.survivalfromoriginal[12-may-2015]= 0.5000
		org.drip.analytics.curve.CreditCurve.FromSurvival.survivalfromsurvival[12-may-2011]= 0.9000
		org.drip.analytics.curve.CreditCurve.FromSurvival.survivalfromsurvival[12-may-2012]= 0.8000
		org.drip.analytics.curve.CreditCurve.FromSurvival.survivalfromsurvival[12-may-2013]= 0.7000
		org.drip.analytics.curve.CreditCurve.FromSurvival.survivalfromsurvival[12-may-2014]= 0.6000
		org.drip.analytics.curve.CreditCurve.FromSurvival.survivalfromsurvival[12-may-2015]= 0.5000
		org.drip.analytics.curve.CreditCurve.FromSurvival.FinishTime=Fri Nov 02 23:28:06 EDT 2018
		org.drip.analytics.curve.CreditCurve.FromSurvival.ExecTime=33

		org.drip.analytics.curve.CreditCurve.FromHazard.Success=true
		org.drip.analytics.curve.CreditCurve.FromHazard.hazardfromhazard[12-may-2010-12-may-2011]= 0.0090
		org.drip.analytics.curve.CreditCurve.FromHazard.hazardfromhazard[12-may-2011-12-may-2012]= 0.0080
		org.drip.analytics.curve.CreditCurve.FromHazard.hazardfromhazard[12-may-2012-12-may-2013]= 0.0070
		org.drip.analytics.curve.CreditCurve.FromHazard.hazardfromhazard[12-may-2013-12-may-2014]= 0.0060
		org.drip.analytics.curve.CreditCurve.FromHazard.hazardfromhazard[12-may-2014-12-may-2015]= 0.0050
		org.drip.analytics.curve.CreditCurve.FromHazard.hazardfromoriginal[12-may-2010-12-may-2011]= 0.0090
		org.drip.analytics.curve.CreditCurve.FromHazard.hazardfromoriginal[12-may-2011-12-may-2012]= 0.0080
		org.drip.analytics.curve.CreditCurve.FromHazard.hazardfromoriginal[12-may-2012-12-may-2013]= 0.0070
		org.drip.analytics.curve.CreditCurve.FromHazard.hazardfromoriginal[12-may-2013-12-may-2014]= 0.0060
		org.drip.analytics.curve.CreditCurve.FromHazard.hazardfromoriginal[12-may-2014-12-may-2015]= 0.0050
		org.drip.analytics.curve.CreditCurve.FromHazard.FinishTime=Fri Nov 02 23:28:06 EDT 2018
		org.drip.analytics.curve.CreditCurve.FromHazard.ExecTime=12

		org.drip.analytics.curve.CreditCurve.CompAndQuotes.Success=true
		org.drip.analytics.curve.CreditCurve.CompAndQuotes.compquote_cds.1y.corp[20-jun-2011]= 50.0000
		org.drip.analytics.curve.CreditCurve.CompAndQuotes.compquote_cds.2y.corp[20-jun-2012]= 100.0000
		org.drip.analytics.curve.CreditCurve.CompAndQuotes.compquote_cds.3y.corp[20-jun-2013]= 150.0000
		org.drip.analytics.curve.CreditCurve.CompAndQuotes.compquote_cds.4y.corp[20-jun-2014]= 200.0000
		org.drip.analytics.curve.CreditCurve.CompAndQuotes.compquote_cds.5y.corp[20-jun-2015]= 250.0000
		org.drip.analytics.curve.CreditCurve.CompAndQuotes.FinishTime=Fri Nov 02 23:28:06 EDT 2018
		org.drip.analytics.curve.CreditCurve.CompAndQuotes.ExecTime=14

		org.drip.analytics.curve.CreditCurve.ParallelHazardShiftedCurve.Success=true
		org.drip.analytics.curve.CreditCurve.ParallelHazardShiftedCurve.basecurvehazard[12-may-2010-20-jun-2011]= 0.0083
		org.drip.analytics.curve.CreditCurve.ParallelHazardShiftedCurve.basecurvehazard[12-may-2010-20-jun-2012]= 0.0169
		org.drip.analytics.curve.CreditCurve.ParallelHazardShiftedCurve.basecurvehazard[12-may-2010-20-jun-2013]= 0.0258
		org.drip.analytics.curve.CreditCurve.ParallelHazardShiftedCurve.basecurvehazard[12-may-2010-20-jun-2014]= 0.0351
		org.drip.analytics.curve.CreditCurve.ParallelHazardShiftedCurve.basecurvehazard[12-may-2010-20-jun-2015]= 0.0449
		org.drip.analytics.curve.CreditCurve.ParallelHazardShiftedCurve.parallelshiftedcurvehazard[12-may-2010-20-jun-2011]= 0.0088
		org.drip.analytics.curve.CreditCurve.ParallelHazardShiftedCurve.parallelshiftedcurvehazard[12-may-2010-20-jun-2012]= 0.0174
		org.drip.analytics.curve.CreditCurve.ParallelHazardShiftedCurve.parallelshiftedcurvehazard[12-may-2010-20-jun-2013]= 0.0263
		org.drip.analytics.curve.CreditCurve.ParallelHazardShiftedCurve.parallelshiftedcurvehazard[12-may-2010-20-jun-2014]= 0.0356
		org.drip.analytics.curve.CreditCurve.ParallelHazardShiftedCurve.parallelshiftedcurvehazard[12-may-2010-20-jun-2015]= 0.0454
		org.drip.analytics.curve.CreditCurve.ParallelHazardShiftedCurve.FinishTime=Fri Nov 02 23:28:06 EDT 2018
		org.drip.analytics.curve.CreditCurve.ParallelHazardShiftedCurve.ExecTime=16

		org.drip.analytics.curve.CreditCurve.ParallelQuoteShiftedCurve.Success=true
		org.drip.analytics.curve.CreditCurve.ParallelQuoteShiftedCurve.basecurvequote[20-jun-2011]= 50.00000
		org.drip.analytics.curve.CreditCurve.ParallelQuoteShiftedCurve.basecurvequote[20-jun-2012]= 100.00000
		org.drip.analytics.curve.CreditCurve.ParallelQuoteShiftedCurve.basecurvequote[20-jun-2013]= 150.00000
		org.drip.analytics.curve.CreditCurve.ParallelQuoteShiftedCurve.basecurvequote[20-jun-2014]= 200.00000
		org.drip.analytics.curve.CreditCurve.ParallelQuoteShiftedCurve.basecurvequote[20-jun-2015]= 250.00000
		org.drip.analytics.curve.CreditCurve.ParallelQuoteShiftedCurve.parallelshiftedcurvequote[20-jun-2011]= 55.00000
		org.drip.analytics.curve.CreditCurve.ParallelQuoteShiftedCurve.parallelshiftedcurvequote[20-jun-2012]= 105.00000
		org.drip.analytics.curve.CreditCurve.ParallelQuoteShiftedCurve.parallelshiftedcurvequote[20-jun-2013]= 155.00000
		org.drip.analytics.curve.CreditCurve.ParallelQuoteShiftedCurve.parallelshiftedcurvequote[20-jun-2014]= 205.00000
		org.drip.analytics.curve.CreditCurve.ParallelQuoteShiftedCurve.parallelshiftedcurvequote[20-jun-2015]= 255.00000
		org.drip.analytics.curve.CreditCurve.ParallelQuoteShiftedCurve.FinishTime=Fri Nov 02 23:28:06 EDT 2018
		org.drip.analytics.curve.CreditCurve.ParallelQuoteShiftedCurve.ExecTime=107366

		org.drip.analytics.curve.CreditCurve.NodeTweakedCurve.Success=true
		org.drip.analytics.curve.CreditCurve.NodeTweakedCurve.tweakedhazard[20-jun-2011]= 0.00000
		org.drip.analytics.curve.CreditCurve.NodeTweakedCurve.tweakedhazard[20-jun-2012]= 0.00000
		org.drip.analytics.curve.CreditCurve.NodeTweakedCurve.tweakedhazard[20-jun-2013]= 0.00001
		org.drip.analytics.curve.CreditCurve.NodeTweakedCurve.tweakedhazard[20-jun-2014]= 0.00001
		org.drip.analytics.curve.CreditCurve.NodeTweakedCurve.tweakedhazard[20-jun-2015]= 0.00001
		org.drip.analytics.curve.CreditCurve.NodeTweakedCurve.untweakedhazard[20-jun-2011]= 0.00833
		org.drip.analytics.curve.CreditCurve.NodeTweakedCurve.untweakedhazard[20-jun-2012]= 0.01690
		org.drip.analytics.curve.CreditCurve.NodeTweakedCurve.untweakedhazard[20-jun-2013]= 0.02578
		org.drip.analytics.curve.CreditCurve.NodeTweakedCurve.untweakedhazard[20-jun-2014]= 0.03505
		org.drip.analytics.curve.CreditCurve.NodeTweakedCurve.untweakedhazard[20-jun-2015]= 0.04487
		org.drip.analytics.curve.CreditCurve.NodeTweakedCurve.FinishTime=Fri Nov 02 23:28:06 EDT 2018
		org.drip.analytics.curve.CreditCurve.NodeTweakedCurve.ExecTime=44651

		org.drip.analytics.curve.CreditCurve.FlatCurve.Success=true
		org.drip.analytics.curve.CreditCurve.FlatCurve.flathazard[12-may-2011]= 0.01498
		org.drip.analytics.curve.CreditCurve.FlatCurve.flathazard[12-may-2012]= 0.01498
		org.drip.analytics.curve.CreditCurve.FlatCurve.flathazard[12-may-2013]= 0.01498
		org.drip.analytics.curve.CreditCurve.FlatCurve.flathazard[12-may-2014]= 0.01498
		org.drip.analytics.curve.CreditCurve.FlatCurve.flathazard[12-may-2015]= 0.01498
		org.drip.analytics.curve.CreditCurve.FlatCurve.FinishTime=Fri Nov 02 23:28:06 EDT 2018
		org.drip.analytics.curve.CreditCurve.FlatCurve.ExecTime=92683

		org.drip.analytics.curve.CreditCurve.EffectiveSurvival.Success=true
		org.drip.analytics.curve.CreditCurve.EffectiveSurvival.effectivesurvival[12-may-2011]= 0.9778
		org.drip.analytics.curve.CreditCurve.EffectiveSurvival.effectivesurvival[12-may-2012]= 0.9439
		org.drip.analytics.curve.CreditCurve.EffectiveSurvival.effectivesurvival[12-may-2013]= 0.8943
		org.drip.analytics.curve.CreditCurve.EffectiveSurvival.effectivesurvival[12-may-2014]= 0.8305
		org.drip.analytics.curve.CreditCurve.EffectiveSurvival.effectivesurvival[12-may-2015]= 0.7629
		org.drip.analytics.curve.CreditCurve.EffectiveSurvival.FinishTime=Fri Nov 02 23:28:06 EDT 2018
		org.drip.analytics.curve.CreditCurve.EffectiveSurvival.ExecTime=36

		org.drip.analytics.curve.CreditCurve.EffectiveRecovery.Success=true
		org.drip.analytics.curve.CreditCurve.EffectiveRecovery.curverecovery[1y-2y]= 0.4000- 0.4000
		org.drip.analytics.curve.CreditCurve.EffectiveRecovery.curverecovery[2y-3y]= 0.4000- 0.4000
		org.drip.analytics.curve.CreditCurve.EffectiveRecovery.curverecovery[3y-4y]= 0.4000- 0.4000
		org.drip.analytics.curve.CreditCurve.EffectiveRecovery.curverecovery[4y-5y]= 0.4000- 0.4000
		org.drip.analytics.curve.CreditCurve.EffectiveRecovery.curverecovery[5y-6y]= 0.4000- 0.4000
		org.drip.analytics.curve.CreditCurve.EffectiveRecovery.effectiverecovery[1y-2y]= 0.4000
		org.drip.analytics.curve.CreditCurve.EffectiveRecovery.effectiverecovery[2y-3y]= 0.4000
		org.drip.analytics.curve.CreditCurve.EffectiveRecovery.effectiverecovery[3y-4y]= 0.4000
		org.drip.analytics.curve.CreditCurve.EffectiveRecovery.effectiverecovery[4y-5y]= 0.4000
		org.drip.analytics.curve.CreditCurve.EffectiveRecovery.effectiverecovery[5y-6y]= 0.4000
		org.drip.analytics.curve.CreditCurve.EffectiveRecovery.FinishTime=Fri Nov 02 23:28:06 EDT 2018
		org.drip.analytics.curve.CreditCurve.EffectiveRecovery.ExecTime=21
	org.drip.analytics.curve.CreditCurve=> 353130 (mu-s): 11 / 12 succeeded.
	org.drip.analytics.curve.CreditCurve ends at Fri Nov 02 23:28:06 EDT 2018

	org.drip.analytics.curve.ZeroCurve starts at Fri Nov 02 23:28:06 EDT 2018

		org.drip.analytics.curve.ZeroCurve.CreateZeroCurveFromPeriods.Success=true
		org.drip.analytics.curve.ZeroCurve.CreateZeroCurveFromPeriods.FinishTime=Fri Nov 02 23:28:06 EDT 2018
		org.drip.analytics.curve.ZeroCurve.CreateZeroCurveFromPeriods.ExecTime=49259

		org.drip.analytics.curve.ZeroCurve.getZeroDF.Success=true
		org.drip.analytics.curve.ZeroCurve.getZeroDF.zerodf[25-mar-2009]=1.0
		org.drip.analytics.curve.ZeroCurve.getZeroDF.zerodf[25-mar-2010]=1.0
		org.drip.analytics.curve.ZeroCurve.getZeroDF.zerodf[25-mar-2011]=0.9453591669691728
		org.drip.analytics.curve.ZeroCurve.getZeroDF.zerodf[25-mar-2012]=0.8868235493924537
		org.drip.analytics.curve.ZeroCurve.getZeroDF.zerodf[25-mar-2013]=0.8320875646552512
		org.drip.analytics.curve.ZeroCurve.getZeroDF.zerodf[25-mar-2014]=0.7814644409514604
		org.drip.analytics.curve.ZeroCurve.getZeroDF.zerodf[25-mar-2015]=0.7339570583860968
		org.drip.analytics.curve.ZeroCurve.getZeroDF.zerodf[25-mar-2016]=0.6898868863348788
		org.drip.analytics.curve.ZeroCurve.getZeroDF.zerodf[25-mar-2017]=0.6485950148105171
		org.drip.analytics.curve.ZeroCurve.getZeroDF.zerodf[25-mar-2018]=0.6103494651971445
		org.drip.analytics.curve.ZeroCurve.getZeroDF.zerodf[25-mar-2019]=0.5744050069845413
		org.drip.analytics.curve.ZeroCurve.getZeroDF.zerodf[25-mar-2020]=0.540486868726277
		org.drip.analytics.curve.ZeroCurve.getZeroDF.zerodf[25-mar-2021]=0.5084539400371967
		org.drip.analytics.curve.ZeroCurve.getZeroDF.zerodf[25-mar-2022]=0.47559493839476963
		org.drip.analytics.curve.ZeroCurve.getZeroDF.zerodf[25-mar-2023]=0.4069313441716681
		org.drip.analytics.curve.ZeroCurve.getZeroDF.zerodf[25-sep-2009]=1.0
		org.drip.analytics.curve.ZeroCurve.getZeroDF.zerodf[25-sep-2010]=0.9762269828569646
		org.drip.analytics.curve.ZeroCurve.getZeroDF.zerodf[25-sep-2011]=0.9154084785211436
		org.drip.analytics.curve.ZeroCurve.getZeroDF.zerodf[25-sep-2012]=0.8588426182093616
		org.drip.analytics.curve.ZeroCurve.getZeroDF.zerodf[25-sep-2013]=0.8061345827025594
		org.drip.analytics.curve.ZeroCurve.getZeroDF.zerodf[25-sep-2014]=0.757181128310905
		org.drip.analytics.curve.ZeroCurve.getZeroDF.zerodf[25-sep-2015]=0.7114185570376885
		org.drip.analytics.curve.ZeroCurve.getZeroDF.zerodf[25-sep-2016]=0.6687900276745816
		org.drip.analytics.curve.ZeroCurve.getZeroDF.zerodf[25-sep-2017]=0.6289951191437723
		org.drip.analytics.curve.ZeroCurve.getZeroDF.zerodf[25-sep-2018]=0.5919696956968256
		org.drip.analytics.curve.ZeroCurve.getZeroDF.zerodf[25-sep-2019]=0.5571152387199033
		org.drip.analytics.curve.ZeroCurve.getZeroDF.zerodf[25-sep-2020]=0.5242961339488906
		org.drip.analytics.curve.ZeroCurve.getZeroDF.zerodf[25-sep-2021]=0.494216711086729
		org.drip.analytics.curve.ZeroCurve.getZeroDF.zerodf[25-sep-2022]=0.47618076921368024
		org.drip.analytics.curve.ZeroCurve.getZeroDF.zerodf[25-sep-2023]=0.6022794664929204
		org.drip.analytics.curve.ZeroCurve.getZeroDF.FinishTime=Fri Nov 02 23:28:06 EDT 2018
		org.drip.analytics.curve.ZeroCurve.getZeroDF.ExecTime=27

		org.drip.analytics.curve.ZeroCurve.getZeroRate.Success=true
		org.drip.analytics.curve.ZeroCurve.getZeroRate.zerorate[25-mar-2009]=1.0
		org.drip.analytics.curve.ZeroCurve.getZeroRate.zerorate[25-mar-2010]=1.0
		org.drip.analytics.curve.ZeroCurve.getZeroRate.zerorate[25-mar-2011]=-0.07425813881622456
		org.drip.analytics.curve.ZeroCurve.getZeroRate.zerorate[25-mar-2012]=0.055269844807190084
		org.drip.analytics.curve.ZeroCurve.getZeroRate.zerorate[25-mar-2013]=0.06441786082851177
		org.drip.analytics.curve.ZeroCurve.getZeroRate.zerorate[25-mar-2014]=0.06473232664638341
		org.drip.analytics.curve.ZeroCurve.getZeroRate.zerorate[25-mar-2015]=0.06456051974569203
		org.drip.analytics.curve.ZeroCurve.getZeroRate.zerorate[25-mar-2016]=0.06427043322024331
		org.drip.analytics.curve.ZeroCurve.getZeroRate.zerorate[25-mar-2017]=0.06404352526090332
		org.drip.analytics.curve.ZeroCurve.getZeroRate.zerorate[25-mar-2018]=0.06372904077599872
		org.drip.analytics.curve.ZeroCurve.getZeroRate.zerorate[25-mar-2019]=0.06324024899813306
		org.drip.analytics.curve.ZeroCurve.getZeroRate.zerorate[25-mar-2020]=0.059559651229139025
		org.drip.analytics.curve.ZeroCurve.getZeroRate.zerorate[25-mar-2021]=0.010974603994408444
		org.drip.analytics.curve.ZeroCurve.getZeroRate.zerorate[25-mar-2022]=-0.6640233091295473
		org.drip.analytics.curve.ZeroCurve.getZeroRate.zerorate[25-mar-2023]=-10.064388824655712
		org.drip.analytics.curve.ZeroCurve.getZeroRate.zerorate[25-sep-2009]=1.0
		org.drip.analytics.curve.ZeroCurve.getZeroRate.zerorate[25-sep-2010]=0.5878966264029237
		org.drip.analytics.curve.ZeroCurve.getZeroRate.zerorate[25-sep-2011]=0.10315762101020018
		org.drip.analytics.curve.ZeroCurve.getZeroRate.zerorate[25-sep-2012]=0.06796312275028718
		org.drip.analytics.curve.ZeroCurve.getZeroRate.zerorate[25-sep-2013]=0.06518721130231139
		org.drip.analytics.curve.ZeroCurve.getZeroRate.zerorate[25-sep-2014]=0.06469759638553169
		org.drip.analytics.curve.ZeroCurve.getZeroRate.zerorate[25-sep-2015]=0.06442885960437045
		org.drip.analytics.curve.ZeroCurve.getZeroRate.zerorate[25-sep-2016]=0.06417012564661594
		org.drip.analytics.curve.ZeroCurve.getZeroRate.zerorate[25-sep-2017]=0.06391947550733557
		org.drip.analytics.curve.ZeroCurve.getZeroRate.zerorate[25-sep-2018]=0.06371031801917165
		org.drip.analytics.curve.ZeroCurve.getZeroRate.zerorate[25-sep-2019]=0.06444012495120544
		org.drip.analytics.curve.ZeroCurve.getZeroRate.zerorate[25-sep-2020]=0.07747489454278325
		org.drip.analytics.curve.ZeroCurve.getZeroRate.zerorate[25-sep-2021]=0.26100421418090397
		org.drip.analytics.curve.ZeroCurve.getZeroRate.zerorate[25-sep-2022]=2.8193601696238257
		org.drip.analytics.curve.ZeroCurve.getZeroRate.zerorate[25-sep-2023]=38.4563358903995
		org.drip.analytics.curve.ZeroCurve.getZeroRate.FinishTime=Fri Nov 02 23:28:06 EDT 2018
		org.drip.analytics.curve.ZeroCurve.getZeroRate.ExecTime=25
	org.drip.analytics.curve.ZeroCurve=> 49311 (mu-s): 3 / 3 succeeded.
	org.drip.analytics.curve.ZeroCurve ends at Fri Nov 02 23:28:06 EDT 2018

	org.drip.analytics.curve.DiscountCurve starts at Fri Nov 02 23:28:06 EDT 2018

		org.drip.analytics.curve.DiscountCurve.CreateFromRatesInstruments.Success=true
		org.drip.analytics.curve.DiscountCurve.CreateFromRatesInstruments.FinishTime=Fri Nov 02 23:28:07 EDT 2018
		org.drip.analytics.curve.DiscountCurve.CreateFromRatesInstruments.ExecTime=364367

		org.drip.analytics.curve.DiscountCurve.CreateFromFlatRate.Success=true
		org.drip.analytics.curve.DiscountCurve.CreateFromFlatRate.discountfactor[12-may-2011]=0.9608157444936446
		org.drip.analytics.curve.DiscountCurve.CreateFromFlatRate.discountfactor[12-may-2012]=0.9230658006742032
		org.drip.analytics.curve.DiscountCurve.CreateFromFlatRate.discountfactor[12-may-2013]=0.8868961544914067
		org.drip.analytics.curve.DiscountCurve.CreateFromFlatRate.discountfactor[12-may-2014]=0.8521437889662113
		org.drip.analytics.curve.DiscountCurve.CreateFromFlatRate.discountfactor[12-may-2015]=0.8187531690112055
		org.drip.analytics.curve.DiscountCurve.CreateFromFlatRate.FinishTime=Fri Nov 02 23:28:07 EDT 2018
		org.drip.analytics.curve.DiscountCurve.CreateFromFlatRate.ExecTime=15

		org.drip.analytics.curve.DiscountCurve.BuildFromDF.Success=true
		org.drip.analytics.curve.DiscountCurve.BuildFromDF.discountfactordfcurve[12-may-2011]= 0.996
		org.drip.analytics.curve.DiscountCurve.BuildFromDF.discountfactordfcurve[12-may-2012]= 0.985
		org.drip.analytics.curve.DiscountCurve.BuildFromDF.discountfactordfcurve[12-may-2013]= 0.957
		org.drip.analytics.curve.DiscountCurve.BuildFromDF.discountfactordfcurve[12-may-2014]= 0.927
		org.drip.analytics.curve.DiscountCurve.BuildFromDF.discountfactordfcurve[12-may-2015]= 0.891
		org.drip.analytics.curve.DiscountCurve.BuildFromDF.discountfactorflatrate[12-may-2011]= 0.996
		org.drip.analytics.curve.DiscountCurve.BuildFromDF.discountfactorflatrate[12-may-2012]= 0.985
		org.drip.analytics.curve.DiscountCurve.BuildFromDF.discountfactorflatrate[12-may-2013]= 0.957
		org.drip.analytics.curve.DiscountCurve.BuildFromDF.discountfactorflatrate[12-may-2014]= 0.927
		org.drip.analytics.curve.DiscountCurve.BuildFromDF.discountfactorflatrate[12-may-2015]= 0.891
		org.drip.analytics.curve.DiscountCurve.BuildFromDF.FinishTime=Fri Nov 02 23:28:07 EDT 2018
		org.drip.analytics.curve.DiscountCurve.BuildFromDF.ExecTime=10

		org.drip.analytics.curve.DiscountCurve.CreateDC.Success=true
		org.drip.analytics.curve.DiscountCurve.CreateDC.discountfactorateimplied[12-may-2011]= 0.004
		org.drip.analytics.curve.DiscountCurve.CreateDC.discountfactorateimplied[12-may-2012]= 0.007
		org.drip.analytics.curve.DiscountCurve.CreateDC.discountfactorateimplied[12-may-2013]= 0.015
		org.drip.analytics.curve.DiscountCurve.CreateDC.discountfactorateimplied[12-may-2014]= 0.019
		org.drip.analytics.curve.DiscountCurve.CreateDC.discountfactorateimplied[12-may-2015]= 0.023
		org.drip.analytics.curve.DiscountCurve.CreateDC.discountfactororiginaldc[12-may-2011]= 0.004
		org.drip.analytics.curve.DiscountCurve.CreateDC.discountfactororiginaldc[12-may-2012]= 0.007
		org.drip.analytics.curve.DiscountCurve.CreateDC.discountfactororiginaldc[12-may-2013]= 0.015
		org.drip.analytics.curve.DiscountCurve.CreateDC.discountfactororiginaldc[12-may-2014]= 0.019
		org.drip.analytics.curve.DiscountCurve.CreateDC.discountfactororiginaldc[12-may-2015]= 0.023
		org.drip.analytics.curve.DiscountCurve.CreateDC.FinishTime=Fri Nov 02 23:28:07 EDT 2018
		org.drip.analytics.curve.DiscountCurve.CreateDC.ExecTime=26

		org.drip.analytics.curve.DiscountCurve.BasisRateShiftedCurve.Success=true
		org.drip.analytics.curve.DiscountCurve.BasisRateShiftedCurve.ratebasisempty[12-may-2011]= 0.0400
		org.drip.analytics.curve.DiscountCurve.BasisRateShiftedCurve.ratebasisempty[12-may-2012]= 0.0400
		org.drip.analytics.curve.DiscountCurve.BasisRateShiftedCurve.ratebasisempty[12-may-2013]= 0.0400
		org.drip.analytics.curve.DiscountCurve.BasisRateShiftedCurve.ratebasisempty[12-may-2014]= 0.0400
		org.drip.analytics.curve.DiscountCurve.BasisRateShiftedCurve.ratebasisempty[12-may-2015]= 0.0400
		org.drip.analytics.curve.DiscountCurve.BasisRateShiftedCurve.ratebasisshifted[12-may-2011]= 0.0401
		org.drip.analytics.curve.DiscountCurve.BasisRateShiftedCurve.ratebasisshifted[12-may-2012]= 0.0402
		org.drip.analytics.curve.DiscountCurve.BasisRateShiftedCurve.ratebasisshifted[12-may-2013]= 0.0402
		org.drip.analytics.curve.DiscountCurve.BasisRateShiftedCurve.ratebasisshifted[12-may-2014]= 0.0402
		org.drip.analytics.curve.DiscountCurve.BasisRateShiftedCurve.ratebasisshifted[12-may-2015]= 0.0403
		org.drip.analytics.curve.DiscountCurve.BasisRateShiftedCurve.FinishTime=Fri Nov 02 23:28:07 EDT 2018
		org.drip.analytics.curve.DiscountCurve.BasisRateShiftedCurve.ExecTime=12

		org.drip.analytics.curve.DiscountCurve.EffectiveDF.Success=true
		org.drip.analytics.curve.DiscountCurve.EffectiveDF.effective[12-may-2011]= 0.9904
		org.drip.analytics.curve.DiscountCurve.EffectiveDF.effective[12-may-2012]= 0.9686
		org.drip.analytics.curve.DiscountCurve.EffectiveDF.effective[12-may-2013]= 0.9389
		org.drip.analytics.curve.DiscountCurve.EffectiveDF.effective[12-may-2014]= 0.9056
		org.drip.analytics.curve.DiscountCurve.EffectiveDF.effective[12-may-2015]= 0.8677
		org.drip.analytics.curve.DiscountCurve.EffectiveDF.FinishTime=Fri Nov 02 23:28:07 EDT 2018
		org.drip.analytics.curve.DiscountCurve.EffectiveDF.ExecTime=80

		org.drip.analytics.curve.DiscountCurve.CalcImpliedRate.Success=true
		org.drip.analytics.curve.DiscountCurve.CalcImpliedRate.impliedrate[12-may-2011]= 0.0110
		org.drip.analytics.curve.DiscountCurve.CalcImpliedRate.impliedrate[12-may-2012]= 0.0297
		org.drip.analytics.curve.DiscountCurve.CalcImpliedRate.impliedrate[12-may-2013]= 0.0311
		org.drip.analytics.curve.DiscountCurve.CalcImpliedRate.impliedrate[12-may-2014]= 0.0397
		org.drip.analytics.curve.DiscountCurve.CalcImpliedRate.impliedrate[12-may-2015]= 0.0451
		org.drip.analytics.curve.DiscountCurve.CalcImpliedRate.FinishTime=Fri Nov 02 23:28:07 EDT 2018
		org.drip.analytics.curve.DiscountCurve.CalcImpliedRate.ExecTime=27
	org.drip.analytics.curve.DiscountCurve=> 364537 (mu-s): 7 / 11 succeeded.
	org.drip.analytics.curve.DiscountCurve ends at Fri Nov 02 23:28:07 EDT 2018

	org.drip.analytics.curve.CreditCurve starts at Fri Nov 02 23:28:07 EDT 2018

		org.drip.analytics.curve.CreditCurve.CreateSNAC.Success=true
		org.drip.analytics.curve.CreditCurve.CreateSNAC.FinishTime=Fri Nov 02 23:28:07 EDT 2018
		org.drip.analytics.curve.CreditCurve.CreateSNAC.ExecTime=115124

		org.drip.analytics.curve.CreditCurve.FromFlatHazard.Success=true
		org.drip.analytics.curve.CreditCurve.FromFlatHazard.hazardratefromhazardcurve[12-may-2011]= 0.0200
		org.drip.analytics.curve.CreditCurve.FromFlatHazard.hazardratefromhazardcurve[12-may-2012]= 0.0200
		org.drip.analytics.curve.CreditCurve.FromFlatHazard.hazardratefromhazardcurve[12-may-2013]= 0.0200
		org.drip.analytics.curve.CreditCurve.FromFlatHazard.hazardratefromhazardcurve[12-may-2014]= 0.0200
		org.drip.analytics.curve.CreditCurve.FromFlatHazard.hazardratefromhazardcurve[12-may-2015]= 0.0200
		org.drip.analytics.curve.CreditCurve.FromFlatHazard.FinishTime=Fri Nov 02 23:28:07 EDT 2018
		org.drip.analytics.curve.CreditCurve.FromFlatHazard.ExecTime=13

		org.drip.analytics.curve.CreditCurve.FromSurvival.Success=true
		org.drip.analytics.curve.CreditCurve.FromSurvival.survivalfromoriginal[12-may-2011]= 0.9000
		org.drip.analytics.curve.CreditCurve.FromSurvival.survivalfromoriginal[12-may-2012]= 0.8000
		org.drip.analytics.curve.CreditCurve.FromSurvival.survivalfromoriginal[12-may-2013]= 0.7000
		org.drip.analytics.curve.CreditCurve.FromSurvival.survivalfromoriginal[12-may-2014]= 0.6000
		org.drip.analytics.curve.CreditCurve.FromSurvival.survivalfromoriginal[12-may-2015]= 0.5000
		org.drip.analytics.curve.CreditCurve.FromSurvival.survivalfromsurvival[12-may-2011]= 0.9000
		org.drip.analytics.curve.CreditCurve.FromSurvival.survivalfromsurvival[12-may-2012]= 0.8000
		org.drip.analytics.curve.CreditCurve.FromSurvival.survivalfromsurvival[12-may-2013]= 0.7000
		org.drip.analytics.curve.CreditCurve.FromSurvival.survivalfromsurvival[12-may-2014]= 0.6000
		org.drip.analytics.curve.CreditCurve.FromSurvival.survivalfromsurvival[12-may-2015]= 0.5000
		org.drip.analytics.curve.CreditCurve.FromSurvival.FinishTime=Fri Nov 02 23:28:07 EDT 2018
		org.drip.analytics.curve.CreditCurve.FromSurvival.ExecTime=4

		org.drip.analytics.curve.CreditCurve.FromHazard.Success=true
		org.drip.analytics.curve.CreditCurve.FromHazard.hazardfromhazard[12-may-2010-12-may-2011]= 0.0090
		org.drip.analytics.curve.CreditCurve.FromHazard.hazardfromhazard[12-may-2011-12-may-2012]= 0.0080
		org.drip.analytics.curve.CreditCurve.FromHazard.hazardfromhazard[12-may-2012-12-may-2013]= 0.0070
		org.drip.analytics.curve.CreditCurve.FromHazard.hazardfromhazard[12-may-2013-12-may-2014]= 0.0060
		org.drip.analytics.curve.CreditCurve.FromHazard.hazardfromhazard[12-may-2014-12-may-2015]= 0.0050
		org.drip.analytics.curve.CreditCurve.FromHazard.hazardfromoriginal[12-may-2010-12-may-2011]= 0.0090
		org.drip.analytics.curve.CreditCurve.FromHazard.hazardfromoriginal[12-may-2011-12-may-2012]= 0.0080
		org.drip.analytics.curve.CreditCurve.FromHazard.hazardfromoriginal[12-may-2012-12-may-2013]= 0.0070
		org.drip.analytics.curve.CreditCurve.FromHazard.hazardfromoriginal[12-may-2013-12-may-2014]= 0.0060
		org.drip.analytics.curve.CreditCurve.FromHazard.hazardfromoriginal[12-may-2014-12-may-2015]= 0.0050
		org.drip.analytics.curve.CreditCurve.FromHazard.FinishTime=Fri Nov 02 23:28:07 EDT 2018
		org.drip.analytics.curve.CreditCurve.FromHazard.ExecTime=3

		org.drip.analytics.curve.CreditCurve.CompAndQuotes.Success=true
		org.drip.analytics.curve.CreditCurve.CompAndQuotes.compquote_cds.1y.corp[20-jun-2011]= 50.0000
		org.drip.analytics.curve.CreditCurve.CompAndQuotes.compquote_cds.2y.corp[20-jun-2012]= 100.0000
		org.drip.analytics.curve.CreditCurve.CompAndQuotes.compquote_cds.3y.corp[20-jun-2013]= 150.0000
		org.drip.analytics.curve.CreditCurve.CompAndQuotes.compquote_cds.4y.corp[20-jun-2014]= 200.0000
		org.drip.analytics.curve.CreditCurve.CompAndQuotes.compquote_cds.5y.corp[20-jun-2015]= 250.0000
		org.drip.analytics.curve.CreditCurve.CompAndQuotes.FinishTime=Fri Nov 02 23:28:07 EDT 2018
		org.drip.analytics.curve.CreditCurve.CompAndQuotes.ExecTime=2

		org.drip.analytics.curve.CreditCurve.ParallelHazardShiftedCurve.Success=true
		org.drip.analytics.curve.CreditCurve.ParallelHazardShiftedCurve.basecurvehazard[12-may-2010-20-jun-2011]= 0.0083
		org.drip.analytics.curve.CreditCurve.ParallelHazardShiftedCurve.basecurvehazard[12-may-2010-20-jun-2012]= 0.0169
		org.drip.analytics.curve.CreditCurve.ParallelHazardShiftedCurve.basecurvehazard[12-may-2010-20-jun-2013]= 0.0258
		org.drip.analytics.curve.CreditCurve.ParallelHazardShiftedCurve.basecurvehazard[12-may-2010-20-jun-2014]= 0.0351
		org.drip.analytics.curve.CreditCurve.ParallelHazardShiftedCurve.basecurvehazard[12-may-2010-20-jun-2015]= 0.0449
		org.drip.analytics.curve.CreditCurve.ParallelHazardShiftedCurve.parallelshiftedcurvehazard[12-may-2010-20-jun-2011]= 0.0088
		org.drip.analytics.curve.CreditCurve.ParallelHazardShiftedCurve.parallelshiftedcurvehazard[12-may-2010-20-jun-2012]= 0.0174
		org.drip.analytics.curve.CreditCurve.ParallelHazardShiftedCurve.parallelshiftedcurvehazard[12-may-2010-20-jun-2013]= 0.0263
		org.drip.analytics.curve.CreditCurve.ParallelHazardShiftedCurve.parallelshiftedcurvehazard[12-may-2010-20-jun-2014]= 0.0356
		org.drip.analytics.curve.CreditCurve.ParallelHazardShiftedCurve.parallelshiftedcurvehazard[12-may-2010-20-jun-2015]= 0.0454
		org.drip.analytics.curve.CreditCurve.ParallelHazardShiftedCurve.FinishTime=Fri Nov 02 23:28:07 EDT 2018
		org.drip.analytics.curve.CreditCurve.ParallelHazardShiftedCurve.ExecTime=4

		org.drip.analytics.curve.CreditCurve.ParallelQuoteShiftedCurve.Success=true
		org.drip.analytics.curve.CreditCurve.ParallelQuoteShiftedCurve.basecurvequote[20-jun-2011]= 50.00000
		org.drip.analytics.curve.CreditCurve.ParallelQuoteShiftedCurve.basecurvequote[20-jun-2012]= 100.00000
		org.drip.analytics.curve.CreditCurve.ParallelQuoteShiftedCurve.basecurvequote[20-jun-2013]= 150.00000
		org.drip.analytics.curve.CreditCurve.ParallelQuoteShiftedCurve.basecurvequote[20-jun-2014]= 200.00000
		org.drip.analytics.curve.CreditCurve.ParallelQuoteShiftedCurve.basecurvequote[20-jun-2015]= 250.00000
		org.drip.analytics.curve.CreditCurve.ParallelQuoteShiftedCurve.parallelshiftedcurvequote[20-jun-2011]= 55.00000
		org.drip.analytics.curve.CreditCurve.ParallelQuoteShiftedCurve.parallelshiftedcurvequote[20-jun-2012]= 105.00000
		org.drip.analytics.curve.CreditCurve.ParallelQuoteShiftedCurve.parallelshiftedcurvequote[20-jun-2013]= 155.00000
		org.drip.analytics.curve.CreditCurve.ParallelQuoteShiftedCurve.parallelshiftedcurvequote[20-jun-2014]= 205.00000
		org.drip.analytics.curve.CreditCurve.ParallelQuoteShiftedCurve.parallelshiftedcurvequote[20-jun-2015]= 255.00000
		org.drip.analytics.curve.CreditCurve.ParallelQuoteShiftedCurve.FinishTime=Fri Nov 02 23:28:07 EDT 2018
		org.drip.analytics.curve.CreditCurve.ParallelQuoteShiftedCurve.ExecTime=113837

		org.drip.analytics.curve.CreditCurve.NodeTweakedCurve.Success=true
		org.drip.analytics.curve.CreditCurve.NodeTweakedCurve.tweakedhazard[20-jun-2011]= 0.00000
		org.drip.analytics.curve.CreditCurve.NodeTweakedCurve.tweakedhazard[20-jun-2012]= 0.00000
		org.drip.analytics.curve.CreditCurve.NodeTweakedCurve.tweakedhazard[20-jun-2013]= 0.00001
		org.drip.analytics.curve.CreditCurve.NodeTweakedCurve.tweakedhazard[20-jun-2014]= 0.00001
		org.drip.analytics.curve.CreditCurve.NodeTweakedCurve.tweakedhazard[20-jun-2015]= 0.00001
		org.drip.analytics.curve.CreditCurve.NodeTweakedCurve.untweakedhazard[20-jun-2011]= 0.00833
		org.drip.analytics.curve.CreditCurve.NodeTweakedCurve.untweakedhazard[20-jun-2012]= 0.01690
		org.drip.analytics.curve.CreditCurve.NodeTweakedCurve.untweakedhazard[20-jun-2013]= 0.02578
		org.drip.analytics.curve.CreditCurve.NodeTweakedCurve.untweakedhazard[20-jun-2014]= 0.03505
		org.drip.analytics.curve.CreditCurve.NodeTweakedCurve.untweakedhazard[20-jun-2015]= 0.04487
		org.drip.analytics.curve.CreditCurve.NodeTweakedCurve.FinishTime=Fri Nov 02 23:28:07 EDT 2018
		org.drip.analytics.curve.CreditCurve.NodeTweakedCurve.ExecTime=54143

		org.drip.analytics.curve.CreditCurve.FlatCurve.Success=true
		org.drip.analytics.curve.CreditCurve.FlatCurve.flathazard[12-may-2011]= 0.01498
		org.drip.analytics.curve.CreditCurve.FlatCurve.flathazard[12-may-2012]= 0.01498
		org.drip.analytics.curve.CreditCurve.FlatCurve.flathazard[12-may-2013]= 0.01498
		org.drip.analytics.curve.CreditCurve.FlatCurve.flathazard[12-may-2014]= 0.01498
		org.drip.analytics.curve.CreditCurve.FlatCurve.flathazard[12-may-2015]= 0.01498
		org.drip.analytics.curve.CreditCurve.FlatCurve.FinishTime=Fri Nov 02 23:28:07 EDT 2018
		org.drip.analytics.curve.CreditCurve.FlatCurve.ExecTime=89259

		org.drip.analytics.curve.CreditCurve.EffectiveSurvival.Success=true
		org.drip.analytics.curve.CreditCurve.EffectiveSurvival.effectivesurvival[12-may-2011]= 0.9778
		org.drip.analytics.curve.CreditCurve.EffectiveSurvival.effectivesurvival[12-may-2012]= 0.9439
		org.drip.analytics.curve.CreditCurve.EffectiveSurvival.effectivesurvival[12-may-2013]= 0.8943
		org.drip.analytics.curve.CreditCurve.EffectiveSurvival.effectivesurvival[12-may-2014]= 0.8305
		org.drip.analytics.curve.CreditCurve.EffectiveSurvival.effectivesurvival[12-may-2015]= 0.7629
		org.drip.analytics.curve.CreditCurve.EffectiveSurvival.FinishTime=Fri Nov 02 23:28:07 EDT 2018
		org.drip.analytics.curve.CreditCurve.EffectiveSurvival.ExecTime=13

		org.drip.analytics.curve.CreditCurve.EffectiveRecovery.Success=true
		org.drip.analytics.curve.CreditCurve.EffectiveRecovery.curverecovery[1y-2y]= 0.4000- 0.4000
		org.drip.analytics.curve.CreditCurve.EffectiveRecovery.curverecovery[2y-3y]= 0.4000- 0.4000
		org.drip.analytics.curve.CreditCurve.EffectiveRecovery.curverecovery[3y-4y]= 0.4000- 0.4000
		org.drip.analytics.curve.CreditCurve.EffectiveRecovery.curverecovery[4y-5y]= 0.4000- 0.4000
		org.drip.analytics.curve.CreditCurve.EffectiveRecovery.curverecovery[5y-6y]= 0.4000- 0.4000
		org.drip.analytics.curve.CreditCurve.EffectiveRecovery.effectiverecovery[1y-2y]= 0.4000
		org.drip.analytics.curve.CreditCurve.EffectiveRecovery.effectiverecovery[2y-3y]= 0.4000
		org.drip.analytics.curve.CreditCurve.EffectiveRecovery.effectiverecovery[3y-4y]= 0.4000
		org.drip.analytics.curve.CreditCurve.EffectiveRecovery.effectiverecovery[4y-5y]= 0.4000
		org.drip.analytics.curve.CreditCurve.EffectiveRecovery.effectiverecovery[5y-6y]= 0.4000
		org.drip.analytics.curve.CreditCurve.EffectiveRecovery.FinishTime=Fri Nov 02 23:28:07 EDT 2018
		org.drip.analytics.curve.CreditCurve.EffectiveRecovery.ExecTime=5
	org.drip.analytics.curve.CreditCurve=> 372407 (mu-s): 11 / 12 succeeded.
	org.drip.analytics.curve.CreditCurve ends at Fri Nov 02 23:28:07 EDT 2018

	org.drip.analytics.curve.ZeroCurve starts at Fri Nov 02 23:28:07 EDT 2018

		org.drip.analytics.curve.ZeroCurve.CreateZeroCurveFromPeriods.Success=true
		org.drip.analytics.curve.ZeroCurve.CreateZeroCurveFromPeriods.FinishTime=Fri Nov 02 23:28:07 EDT 2018
		org.drip.analytics.curve.ZeroCurve.CreateZeroCurveFromPeriods.ExecTime=53249

		org.drip.analytics.curve.ZeroCurve.getZeroDF.Success=true
		org.drip.analytics.curve.ZeroCurve.getZeroDF.zerodf[25-mar-2009]=1.0
		org.drip.analytics.curve.ZeroCurve.getZeroDF.zerodf[25-mar-2010]=1.0
		org.drip.analytics.curve.ZeroCurve.getZeroDF.zerodf[25-mar-2011]=0.9453591669691728
		org.drip.analytics.curve.ZeroCurve.getZeroDF.zerodf[25-mar-2012]=0.8868235493924537
		org.drip.analytics.curve.ZeroCurve.getZeroDF.zerodf[25-mar-2013]=0.8320875646552512
		org.drip.analytics.curve.ZeroCurve.getZeroDF.zerodf[25-mar-2014]=0.7814644409514604
		org.drip.analytics.curve.ZeroCurve.getZeroDF.zerodf[25-mar-2015]=0.7339570583860968
		org.drip.analytics.curve.ZeroCurve.getZeroDF.zerodf[25-mar-2016]=0.6898868863348788
		org.drip.analytics.curve.ZeroCurve.getZeroDF.zerodf[25-mar-2017]=0.6485950148105171
		org.drip.analytics.curve.ZeroCurve.getZeroDF.zerodf[25-mar-2018]=0.6103494651971445
		org.drip.analytics.curve.ZeroCurve.getZeroDF.zerodf[25-mar-2019]=0.5744050069845413
		org.drip.analytics.curve.ZeroCurve.getZeroDF.zerodf[25-mar-2020]=0.540486868726277
		org.drip.analytics.curve.ZeroCurve.getZeroDF.zerodf[25-mar-2021]=0.5084539400371967
		org.drip.analytics.curve.ZeroCurve.getZeroDF.zerodf[25-mar-2022]=0.47559493839476963
		org.drip.analytics.curve.ZeroCurve.getZeroDF.zerodf[25-mar-2023]=0.4069313441716681
		org.drip.analytics.curve.ZeroCurve.getZeroDF.zerodf[25-sep-2009]=1.0
		org.drip.analytics.curve.ZeroCurve.getZeroDF.zerodf[25-sep-2010]=0.9762269828569646
		org.drip.analytics.curve.ZeroCurve.getZeroDF.zerodf[25-sep-2011]=0.9154084785211436
		org.drip.analytics.curve.ZeroCurve.getZeroDF.zerodf[25-sep-2012]=0.8588426182093616
		org.drip.analytics.curve.ZeroCurve.getZeroDF.zerodf[25-sep-2013]=0.8061345827025594
		org.drip.analytics.curve.ZeroCurve.getZeroDF.zerodf[25-sep-2014]=0.757181128310905
		org.drip.analytics.curve.ZeroCurve.getZeroDF.zerodf[25-sep-2015]=0.7114185570376885
		org.drip.analytics.curve.ZeroCurve.getZeroDF.zerodf[25-sep-2016]=0.6687900276745816
		org.drip.analytics.curve.ZeroCurve.getZeroDF.zerodf[25-sep-2017]=0.6289951191437723
		org.drip.analytics.curve.ZeroCurve.getZeroDF.zerodf[25-sep-2018]=0.5919696956968256
		org.drip.analytics.curve.ZeroCurve.getZeroDF.zerodf[25-sep-2019]=0.5571152387199033
		org.drip.analytics.curve.ZeroCurve.getZeroDF.zerodf[25-sep-2020]=0.5242961339488906
		org.drip.analytics.curve.ZeroCurve.getZeroDF.zerodf[25-sep-2021]=0.494216711086729
		org.drip.analytics.curve.ZeroCurve.getZeroDF.zerodf[25-sep-2022]=0.47618076921368024
		org.drip.analytics.curve.ZeroCurve.getZeroDF.zerodf[25-sep-2023]=0.6022794664929204
		org.drip.analytics.curve.ZeroCurve.getZeroDF.FinishTime=Fri Nov 02 23:28:07 EDT 2018
		org.drip.analytics.curve.ZeroCurve.getZeroDF.ExecTime=18

		org.drip.analytics.curve.ZeroCurve.getZeroRate.Success=true
		org.drip.analytics.curve.ZeroCurve.getZeroRate.zerorate[25-mar-2009]=1.0
		org.drip.analytics.curve.ZeroCurve.getZeroRate.zerorate[25-mar-2010]=1.0
		org.drip.analytics.curve.ZeroCurve.getZeroRate.zerorate[25-mar-2011]=-0.07425813881622456
		org.drip.analytics.curve.ZeroCurve.getZeroRate.zerorate[25-mar-2012]=0.055269844807190084
		org.drip.analytics.curve.ZeroCurve.getZeroRate.zerorate[25-mar-2013]=0.06441786082851177
		org.drip.analytics.curve.ZeroCurve.getZeroRate.zerorate[25-mar-2014]=0.06473232664638341
		org.drip.analytics.curve.ZeroCurve.getZeroRate.zerorate[25-mar-2015]=0.06456051974569203
		org.drip.analytics.curve.ZeroCurve.getZeroRate.zerorate[25-mar-2016]=0.06427043322024331
		org.drip.analytics.curve.ZeroCurve.getZeroRate.zerorate[25-mar-2017]=0.06404352526090332
		org.drip.analytics.curve.ZeroCurve.getZeroRate.zerorate[25-mar-2018]=0.06372904077599872
		org.drip.analytics.curve.ZeroCurve.getZeroRate.zerorate[25-mar-2019]=0.06324024899813306
		org.drip.analytics.curve.ZeroCurve.getZeroRate.zerorate[25-mar-2020]=0.059559651229139025
		org.drip.analytics.curve.ZeroCurve.getZeroRate.zerorate[25-mar-2021]=0.010974603994408444
		org.drip.analytics.curve.ZeroCurve.getZeroRate.zerorate[25-mar-2022]=-0.6640233091295473
		org.drip.analytics.curve.ZeroCurve.getZeroRate.zerorate[25-mar-2023]=-10.064388824655712
		org.drip.analytics.curve.ZeroCurve.getZeroRate.zerorate[25-sep-2009]=1.0
		org.drip.analytics.curve.ZeroCurve.getZeroRate.zerorate[25-sep-2010]=0.5878966264029237
		org.drip.analytics.curve.ZeroCurve.getZeroRate.zerorate[25-sep-2011]=0.10315762101020018
		org.drip.analytics.curve.ZeroCurve.getZeroRate.zerorate[25-sep-2012]=0.06796312275028718
		org.drip.analytics.curve.ZeroCurve.getZeroRate.zerorate[25-sep-2013]=0.06518721130231139
		org.drip.analytics.curve.ZeroCurve.getZeroRate.zerorate[25-sep-2014]=0.06469759638553169
		org.drip.analytics.curve.ZeroCurve.getZeroRate.zerorate[25-sep-2015]=0.06442885960437045
		org.drip.analytics.curve.ZeroCurve.getZeroRate.zerorate[25-sep-2016]=0.06417012564661594
		org.drip.analytics.curve.ZeroCurve.getZeroRate.zerorate[25-sep-2017]=0.06391947550733557
		org.drip.analytics.curve.ZeroCurve.getZeroRate.zerorate[25-sep-2018]=0.06371031801917165
		org.drip.analytics.curve.ZeroCurve.getZeroRate.zerorate[25-sep-2019]=0.06444012495120544
		org.drip.analytics.curve.ZeroCurve.getZeroRate.zerorate[25-sep-2020]=0.07747489454278325
		org.drip.analytics.curve.ZeroCurve.getZeroRate.zerorate[25-sep-2021]=0.26100421418090397
		org.drip.analytics.curve.ZeroCurve.getZeroRate.zerorate[25-sep-2022]=2.8193601696238257
		org.drip.analytics.curve.ZeroCurve.getZeroRate.zerorate[25-sep-2023]=38.4563358903995
		org.drip.analytics.curve.ZeroCurve.getZeroRate.FinishTime=Fri Nov 02 23:28:07 EDT 2018
		org.drip.analytics.curve.ZeroCurve.getZeroRate.ExecTime=25
	org.drip.analytics.curve.ZeroCurve=> 53292 (mu-s): 3 / 3 succeeded.
	org.drip.analytics.curve.ZeroCurve ends at Fri Nov 02 23:28:07 EDT 2018

	org.drip.analytics.curve.DiscountCurve starts at Fri Nov 02 23:28:07 EDT 2018

		org.drip.analytics.curve.DiscountCurve.CreateFromRatesInstruments.Success=true
		org.drip.analytics.curve.DiscountCurve.CreateFromRatesInstruments.FinishTime=Fri Nov 02 23:28:08 EDT 2018
		org.drip.analytics.curve.DiscountCurve.CreateFromRatesInstruments.ExecTime=379929

		org.drip.analytics.curve.DiscountCurve.CreateFromFlatRate.Success=true
		org.drip.analytics.curve.DiscountCurve.CreateFromFlatRate.discountfactor[12-may-2011]=0.9608157444936446
		org.drip.analytics.curve.DiscountCurve.CreateFromFlatRate.discountfactor[12-may-2012]=0.9230658006742032
		org.drip.analytics.curve.DiscountCurve.CreateFromFlatRate.discountfactor[12-may-2013]=0.8868961544914067
		org.drip.analytics.curve.DiscountCurve.CreateFromFlatRate.discountfactor[12-may-2014]=0.8521437889662113
		org.drip.analytics.curve.DiscountCurve.CreateFromFlatRate.discountfactor[12-may-2015]=0.8187531690112055
		org.drip.analytics.curve.DiscountCurve.CreateFromFlatRate.FinishTime=Fri Nov 02 23:28:08 EDT 2018
		org.drip.analytics.curve.DiscountCurve.CreateFromFlatRate.ExecTime=5

		org.drip.analytics.curve.DiscountCurve.BuildFromDF.Success=true
		org.drip.analytics.curve.DiscountCurve.BuildFromDF.discountfactordfcurve[12-may-2011]= 0.996
		org.drip.analytics.curve.DiscountCurve.BuildFromDF.discountfactordfcurve[12-may-2012]= 0.985
		org.drip.analytics.curve.DiscountCurve.BuildFromDF.discountfactordfcurve[12-may-2013]= 0.957
		org.drip.analytics.curve.DiscountCurve.BuildFromDF.discountfactordfcurve[12-may-2014]= 0.927
		org.drip.analytics.curve.DiscountCurve.BuildFromDF.discountfactordfcurve[12-may-2015]= 0.891
		org.drip.analytics.curve.DiscountCurve.BuildFromDF.discountfactorflatrate[12-may-2011]= 0.996
		org.drip.analytics.curve.DiscountCurve.BuildFromDF.discountfactorflatrate[12-may-2012]= 0.985
		org.drip.analytics.curve.DiscountCurve.BuildFromDF.discountfactorflatrate[12-may-2013]= 0.957
		org.drip.analytics.curve.DiscountCurve.BuildFromDF.discountfactorflatrate[12-may-2014]= 0.927
		org.drip.analytics.curve.DiscountCurve.BuildFromDF.discountfactorflatrate[12-may-2015]= 0.891
		org.drip.analytics.curve.DiscountCurve.BuildFromDF.FinishTime=Fri Nov 02 23:28:08 EDT 2018
		org.drip.analytics.curve.DiscountCurve.BuildFromDF.ExecTime=3

		org.drip.analytics.curve.DiscountCurve.CreateDC.Success=true
		org.drip.analytics.curve.DiscountCurve.CreateDC.discountfactorateimplied[12-may-2011]= 0.004
		org.drip.analytics.curve.DiscountCurve.CreateDC.discountfactorateimplied[12-may-2012]= 0.007
		org.drip.analytics.curve.DiscountCurve.CreateDC.discountfactorateimplied[12-may-2013]= 0.015
		org.drip.analytics.curve.DiscountCurve.CreateDC.discountfactorateimplied[12-may-2014]= 0.019
		org.drip.analytics.curve.DiscountCurve.CreateDC.discountfactorateimplied[12-may-2015]= 0.023
		org.drip.analytics.curve.DiscountCurve.CreateDC.discountfactororiginaldc[12-may-2011]= 0.004
		org.drip.analytics.curve.DiscountCurve.CreateDC.discountfactororiginaldc[12-may-2012]= 0.007
		org.drip.analytics.curve.DiscountCurve.CreateDC.discountfactororiginaldc[12-may-2013]= 0.015
		org.drip.analytics.curve.DiscountCurve.CreateDC.discountfactororiginaldc[12-may-2014]= 0.019
		org.drip.analytics.curve.DiscountCurve.CreateDC.discountfactororiginaldc[12-may-2015]= 0.023
		org.drip.analytics.curve.DiscountCurve.CreateDC.FinishTime=Fri Nov 02 23:28:08 EDT 2018
		org.drip.analytics.curve.DiscountCurve.CreateDC.ExecTime=1

		org.drip.analytics.curve.DiscountCurve.BasisRateShiftedCurve.Success=true
		org.drip.analytics.curve.DiscountCurve.BasisRateShiftedCurve.ratebasisempty[12-may-2011]= 0.0400
		org.drip.analytics.curve.DiscountCurve.BasisRateShiftedCurve.ratebasisempty[12-may-2012]= 0.0400
		org.drip.analytics.curve.DiscountCurve.BasisRateShiftedCurve.ratebasisempty[12-may-2013]= 0.0400
		org.drip.analytics.curve.DiscountCurve.BasisRateShiftedCurve.ratebasisempty[12-may-2014]= 0.0400
		org.drip.analytics.curve.DiscountCurve.BasisRateShiftedCurve.ratebasisempty[12-may-2015]= 0.0400
		org.drip.analytics.curve.DiscountCurve.BasisRateShiftedCurve.ratebasisshifted[12-may-2011]= 0.0401
		org.drip.analytics.curve.DiscountCurve.BasisRateShiftedCurve.ratebasisshifted[12-may-2012]= 0.0402
		org.drip.analytics.curve.DiscountCurve.BasisRateShiftedCurve.ratebasisshifted[12-may-2013]= 0.0402
		org.drip.analytics.curve.DiscountCurve.BasisRateShiftedCurve.ratebasisshifted[12-may-2014]= 0.0402
		org.drip.analytics.curve.DiscountCurve.BasisRateShiftedCurve.ratebasisshifted[12-may-2015]= 0.0403
		org.drip.analytics.curve.DiscountCurve.BasisRateShiftedCurve.FinishTime=Fri Nov 02 23:28:08 EDT 2018
		org.drip.analytics.curve.DiscountCurve.BasisRateShiftedCurve.ExecTime=4

		org.drip.analytics.curve.DiscountCurve.EffectiveDF.Success=true
		org.drip.analytics.curve.DiscountCurve.EffectiveDF.effective[12-may-2011]= 0.9904
		org.drip.analytics.curve.DiscountCurve.EffectiveDF.effective[12-may-2012]= 0.9686
		org.drip.analytics.curve.DiscountCurve.EffectiveDF.effective[12-may-2013]= 0.9389
		org.drip.analytics.curve.DiscountCurve.EffectiveDF.effective[12-may-2014]= 0.9056
		org.drip.analytics.curve.DiscountCurve.EffectiveDF.effective[12-may-2015]= 0.8677
		org.drip.analytics.curve.DiscountCurve.EffectiveDF.FinishTime=Fri Nov 02 23:28:08 EDT 2018
		org.drip.analytics.curve.DiscountCurve.EffectiveDF.ExecTime=44

		org.drip.analytics.curve.DiscountCurve.CalcImpliedRate.Success=true
		org.drip.analytics.curve.DiscountCurve.CalcImpliedRate.impliedrate[12-may-2011]= 0.0110
		org.drip.analytics.curve.DiscountCurve.CalcImpliedRate.impliedrate[12-may-2012]= 0.0297
		org.drip.analytics.curve.DiscountCurve.CalcImpliedRate.impliedrate[12-may-2013]= 0.0311
		org.drip.analytics.curve.DiscountCurve.CalcImpliedRate.impliedrate[12-may-2014]= 0.0397
		org.drip.analytics.curve.DiscountCurve.CalcImpliedRate.impliedrate[12-may-2015]= 0.0451
		org.drip.analytics.curve.DiscountCurve.CalcImpliedRate.FinishTime=Fri Nov 02 23:28:08 EDT 2018
		org.drip.analytics.curve.DiscountCurve.CalcImpliedRate.ExecTime=21
	org.drip.analytics.curve.DiscountCurve=> 380007 (mu-s): 7 / 11 succeeded.
	org.drip.analytics.curve.DiscountCurve ends at Fri Nov 02 23:28:08 EDT 2018

	org.drip.analytics.curve.CreditCurve starts at Fri Nov 02 23:28:08 EDT 2018

		org.drip.analytics.curve.CreditCurve.CreateSNAC.Success=true
		org.drip.analytics.curve.CreditCurve.CreateSNAC.FinishTime=Fri Nov 02 23:28:08 EDT 2018
		org.drip.analytics.curve.CreditCurve.CreateSNAC.ExecTime=103183

		org.drip.analytics.curve.CreditCurve.FromFlatHazard.Success=true
		org.drip.analytics.curve.CreditCurve.FromFlatHazard.hazardratefromhazardcurve[12-may-2011]= 0.0200
		org.drip.analytics.curve.CreditCurve.FromFlatHazard.hazardratefromhazardcurve[12-may-2012]= 0.0200
		org.drip.analytics.curve.CreditCurve.FromFlatHazard.hazardratefromhazardcurve[12-may-2013]= 0.0200
		org.drip.analytics.curve.CreditCurve.FromFlatHazard.hazardratefromhazardcurve[12-may-2014]= 0.0200
		org.drip.analytics.curve.CreditCurve.FromFlatHazard.hazardratefromhazardcurve[12-may-2015]= 0.0200
		org.drip.analytics.curve.CreditCurve.FromFlatHazard.FinishTime=Fri Nov 02 23:28:08 EDT 2018
		org.drip.analytics.curve.CreditCurve.FromFlatHazard.ExecTime=6

		org.drip.analytics.curve.CreditCurve.FromSurvival.Success=true
		org.drip.analytics.curve.CreditCurve.FromSurvival.survivalfromoriginal[12-may-2011]= 0.9000
		org.drip.analytics.curve.CreditCurve.FromSurvival.survivalfromoriginal[12-may-2012]= 0.8000
		org.drip.analytics.curve.CreditCurve.FromSurvival.survivalfromoriginal[12-may-2013]= 0.7000
		org.drip.analytics.curve.CreditCurve.FromSurvival.survivalfromoriginal[12-may-2014]= 0.6000
		org.drip.analytics.curve.CreditCurve.FromSurvival.survivalfromoriginal[12-may-2015]= 0.5000
		org.drip.analytics.curve.CreditCurve.FromSurvival.survivalfromsurvival[12-may-2011]= 0.9000
		org.drip.analytics.curve.CreditCurve.FromSurvival.survivalfromsurvival[12-may-2012]= 0.8000
		org.drip.analytics.curve.CreditCurve.FromSurvival.survivalfromsurvival[12-may-2013]= 0.7000
		org.drip.analytics.curve.CreditCurve.FromSurvival.survivalfromsurvival[12-may-2014]= 0.6000
		org.drip.analytics.curve.CreditCurve.FromSurvival.survivalfromsurvival[12-may-2015]= 0.5000
		org.drip.analytics.curve.CreditCurve.FromSurvival.FinishTime=Fri Nov 02 23:28:08 EDT 2018
		org.drip.analytics.curve.CreditCurve.FromSurvival.ExecTime=4

		org.drip.analytics.curve.CreditCurve.FromHazard.Success=true
		org.drip.analytics.curve.CreditCurve.FromHazard.hazardfromhazard[12-may-2010-12-may-2011]= 0.0090
		org.drip.analytics.curve.CreditCurve.FromHazard.hazardfromhazard[12-may-2011-12-may-2012]= 0.0080
		org.drip.analytics.curve.CreditCurve.FromHazard.hazardfromhazard[12-may-2012-12-may-2013]= 0.0070
		org.drip.analytics.curve.CreditCurve.FromHazard.hazardfromhazard[12-may-2013-12-may-2014]= 0.0060
		org.drip.analytics.curve.CreditCurve.FromHazard.hazardfromhazard[12-may-2014-12-may-2015]= 0.0050
		org.drip.analytics.curve.CreditCurve.FromHazard.hazardfromoriginal[12-may-2010-12-may-2011]= 0.0090
		org.drip.analytics.curve.CreditCurve.FromHazard.hazardfromoriginal[12-may-2011-12-may-2012]= 0.0080
		org.drip.analytics.curve.CreditCurve.FromHazard.hazardfromoriginal[12-may-2012-12-may-2013]= 0.0070
		org.drip.analytics.curve.CreditCurve.FromHazard.hazardfromoriginal[12-may-2013-12-may-2014]= 0.0060
		org.drip.analytics.curve.CreditCurve.FromHazard.hazardfromoriginal[12-may-2014-12-may-2015]= 0.0050
		org.drip.analytics.curve.CreditCurve.FromHazard.FinishTime=Fri Nov 02 23:28:08 EDT 2018
		org.drip.analytics.curve.CreditCurve.FromHazard.ExecTime=3

		org.drip.analytics.curve.CreditCurve.CompAndQuotes.Success=true
		org.drip.analytics.curve.CreditCurve.CompAndQuotes.compquote_cds.1y.corp[20-jun-2011]= 50.0000
		org.drip.analytics.curve.CreditCurve.CompAndQuotes.compquote_cds.2y.corp[20-jun-2012]= 100.0000
		org.drip.analytics.curve.CreditCurve.CompAndQuotes.compquote_cds.3y.corp[20-jun-2013]= 150.0000
		org.drip.analytics.curve.CreditCurve.CompAndQuotes.compquote_cds.4y.corp[20-jun-2014]= 200.0000
		org.drip.analytics.curve.CreditCurve.CompAndQuotes.compquote_cds.5y.corp[20-jun-2015]= 250.0000
		org.drip.analytics.curve.CreditCurve.CompAndQuotes.FinishTime=Fri Nov 02 23:28:08 EDT 2018
		org.drip.analytics.curve.CreditCurve.CompAndQuotes.ExecTime=1

		org.drip.analytics.curve.CreditCurve.ParallelHazardShiftedCurve.Success=true
		org.drip.analytics.curve.CreditCurve.ParallelHazardShiftedCurve.basecurvehazard[12-may-2010-20-jun-2011]= 0.0083
		org.drip.analytics.curve.CreditCurve.ParallelHazardShiftedCurve.basecurvehazard[12-may-2010-20-jun-2012]= 0.0169
		org.drip.analytics.curve.CreditCurve.ParallelHazardShiftedCurve.basecurvehazard[12-may-2010-20-jun-2013]= 0.0258
		org.drip.analytics.curve.CreditCurve.ParallelHazardShiftedCurve.basecurvehazard[12-may-2010-20-jun-2014]= 0.0351
		org.drip.analytics.curve.CreditCurve.ParallelHazardShiftedCurve.basecurvehazard[12-may-2010-20-jun-2015]= 0.0449
		org.drip.analytics.curve.CreditCurve.ParallelHazardShiftedCurve.parallelshiftedcurvehazard[12-may-2010-20-jun-2011]= 0.0088
		org.drip.analytics.curve.CreditCurve.ParallelHazardShiftedCurve.parallelshiftedcurvehazard[12-may-2010-20-jun-2012]= 0.0174
		org.drip.analytics.curve.CreditCurve.ParallelHazardShiftedCurve.parallelshiftedcurvehazard[12-may-2010-20-jun-2013]= 0.0263
		org.drip.analytics.curve.CreditCurve.ParallelHazardShiftedCurve.parallelshiftedcurvehazard[12-may-2010-20-jun-2014]= 0.0356
		org.drip.analytics.curve.CreditCurve.ParallelHazardShiftedCurve.parallelshiftedcurvehazard[12-may-2010-20-jun-2015]= 0.0454
		org.drip.analytics.curve.CreditCurve.ParallelHazardShiftedCurve.FinishTime=Fri Nov 02 23:28:08 EDT 2018
		org.drip.analytics.curve.CreditCurve.ParallelHazardShiftedCurve.ExecTime=2

		org.drip.analytics.curve.CreditCurve.ParallelQuoteShiftedCurve.Success=true
		org.drip.analytics.curve.CreditCurve.ParallelQuoteShiftedCurve.basecurvequote[20-jun-2011]= 50.00000
		org.drip.analytics.curve.CreditCurve.ParallelQuoteShiftedCurve.basecurvequote[20-jun-2012]= 100.00000
		org.drip.analytics.curve.CreditCurve.ParallelQuoteShiftedCurve.basecurvequote[20-jun-2013]= 150.00000
		org.drip.analytics.curve.CreditCurve.ParallelQuoteShiftedCurve.basecurvequote[20-jun-2014]= 200.00000
		org.drip.analytics.curve.CreditCurve.ParallelQuoteShiftedCurve.basecurvequote[20-jun-2015]= 250.00000
		org.drip.analytics.curve.CreditCurve.ParallelQuoteShiftedCurve.parallelshiftedcurvequote[20-jun-2011]= 55.00000
		org.drip.analytics.curve.CreditCurve.ParallelQuoteShiftedCurve.parallelshiftedcurvequote[20-jun-2012]= 105.00000
		org.drip.analytics.curve.CreditCurve.ParallelQuoteShiftedCurve.parallelshiftedcurvequote[20-jun-2013]= 155.00000
		org.drip.analytics.curve.CreditCurve.ParallelQuoteShiftedCurve.parallelshiftedcurvequote[20-jun-2014]= 205.00000
		org.drip.analytics.curve.CreditCurve.ParallelQuoteShiftedCurve.parallelshiftedcurvequote[20-jun-2015]= 255.00000
		org.drip.analytics.curve.CreditCurve.ParallelQuoteShiftedCurve.FinishTime=Fri Nov 02 23:28:08 EDT 2018
		org.drip.analytics.curve.CreditCurve.ParallelQuoteShiftedCurve.ExecTime=103366

		org.drip.analytics.curve.CreditCurve.NodeTweakedCurve.Success=true
		org.drip.analytics.curve.CreditCurve.NodeTweakedCurve.tweakedhazard[20-jun-2011]= 0.00000
		org.drip.analytics.curve.CreditCurve.NodeTweakedCurve.tweakedhazard[20-jun-2012]= 0.00000
		org.drip.analytics.curve.CreditCurve.NodeTweakedCurve.tweakedhazard[20-jun-2013]= 0.00001
		org.drip.analytics.curve.CreditCurve.NodeTweakedCurve.tweakedhazard[20-jun-2014]= 0.00001
		org.drip.analytics.curve.CreditCurve.NodeTweakedCurve.tweakedhazard[20-jun-2015]= 0.00001
		org.drip.analytics.curve.CreditCurve.NodeTweakedCurve.untweakedhazard[20-jun-2011]= 0.00833
		org.drip.analytics.curve.CreditCurve.NodeTweakedCurve.untweakedhazard[20-jun-2012]= 0.01690
		org.drip.analytics.curve.CreditCurve.NodeTweakedCurve.untweakedhazard[20-jun-2013]= 0.02578
		org.drip.analytics.curve.CreditCurve.NodeTweakedCurve.untweakedhazard[20-jun-2014]= 0.03505
		org.drip.analytics.curve.CreditCurve.NodeTweakedCurve.untweakedhazard[20-jun-2015]= 0.04487
		org.drip.analytics.curve.CreditCurve.NodeTweakedCurve.FinishTime=Fri Nov 02 23:28:08 EDT 2018
		org.drip.analytics.curve.CreditCurve.NodeTweakedCurve.ExecTime=43368

		org.drip.analytics.curve.CreditCurve.FlatCurve.Success=true
		org.drip.analytics.curve.CreditCurve.FlatCurve.flathazard[12-may-2011]= 0.01498
		org.drip.analytics.curve.CreditCurve.FlatCurve.flathazard[12-may-2012]= 0.01498
		org.drip.analytics.curve.CreditCurve.FlatCurve.flathazard[12-may-2013]= 0.01498
		org.drip.analytics.curve.CreditCurve.FlatCurve.flathazard[12-may-2014]= 0.01498
		org.drip.analytics.curve.CreditCurve.FlatCurve.flathazard[12-may-2015]= 0.01498
		org.drip.analytics.curve.CreditCurve.FlatCurve.FinishTime=Fri Nov 02 23:28:08 EDT 2018
		org.drip.analytics.curve.CreditCurve.FlatCurve.ExecTime=95058

		org.drip.analytics.curve.CreditCurve.EffectiveSurvival.Success=true
		org.drip.analytics.curve.CreditCurve.EffectiveSurvival.effectivesurvival[12-may-2011]= 0.9778
		org.drip.analytics.curve.CreditCurve.EffectiveSurvival.effectivesurvival[12-may-2012]= 0.9439
		org.drip.analytics.curve.CreditCurve.EffectiveSurvival.effectivesurvival[12-may-2013]= 0.8943
		org.drip.analytics.curve.CreditCurve.EffectiveSurvival.effectivesurvival[12-may-2014]= 0.8305
		org.drip.analytics.curve.CreditCurve.EffectiveSurvival.effectivesurvival[12-may-2015]= 0.7629
		org.drip.analytics.curve.CreditCurve.EffectiveSurvival.FinishTime=Fri Nov 02 23:28:08 EDT 2018
		org.drip.analytics.curve.CreditCurve.EffectiveSurvival.ExecTime=13

		org.drip.analytics.curve.CreditCurve.EffectiveRecovery.Success=true
		org.drip.analytics.curve.CreditCurve.EffectiveRecovery.curverecovery[1y-2y]= 0.4000- 0.4000
		org.drip.analytics.curve.CreditCurve.EffectiveRecovery.curverecovery[2y-3y]= 0.4000- 0.4000
		org.drip.analytics.curve.CreditCurve.EffectiveRecovery.curverecovery[3y-4y]= 0.4000- 0.4000
		org.drip.analytics.curve.CreditCurve.EffectiveRecovery.curverecovery[4y-5y]= 0.4000- 0.4000
		org.drip.analytics.curve.CreditCurve.EffectiveRecovery.curverecovery[5y-6y]= 0.4000- 0.4000
		org.drip.analytics.curve.CreditCurve.EffectiveRecovery.effectiverecovery[1y-2y]= 0.4000
		org.drip.analytics.curve.CreditCurve.EffectiveRecovery.effectiverecovery[2y-3y]= 0.4000
		org.drip.analytics.curve.CreditCurve.EffectiveRecovery.effectiverecovery[3y-4y]= 0.4000
		org.drip.analytics.curve.CreditCurve.EffectiveRecovery.effectiverecovery[4y-5y]= 0.4000
		org.drip.analytics.curve.CreditCurve.EffectiveRecovery.effectiverecovery[5y-6y]= 0.4000
		org.drip.analytics.curve.CreditCurve.EffectiveRecovery.FinishTime=Fri Nov 02 23:28:08 EDT 2018
		org.drip.analytics.curve.CreditCurve.EffectiveRecovery.ExecTime=5
	org.drip.analytics.curve.CreditCurve=> 345009 (mu-s): 11 / 12 succeeded.
	org.drip.analytics.curve.CreditCurve ends at Fri Nov 02 23:28:08 EDT 2018

	org.drip.analytics.curve.ZeroCurve starts at Fri Nov 02 23:28:08 EDT 2018

		org.drip.analytics.curve.ZeroCurve.CreateZeroCurveFromPeriods.Success=true
		org.drip.analytics.curve.ZeroCurve.CreateZeroCurveFromPeriods.FinishTime=Fri Nov 02 23:28:08 EDT 2018
		org.drip.analytics.curve.ZeroCurve.CreateZeroCurveFromPeriods.ExecTime=50477

		org.drip.analytics.curve.ZeroCurve.getZeroDF.Success=true
		org.drip.analytics.curve.ZeroCurve.getZeroDF.zerodf[25-mar-2009]=1.0
		org.drip.analytics.curve.ZeroCurve.getZeroDF.zerodf[25-mar-2010]=1.0
		org.drip.analytics.curve.ZeroCurve.getZeroDF.zerodf[25-mar-2011]=0.9453591669691728
		org.drip.analytics.curve.ZeroCurve.getZeroDF.zerodf[25-mar-2012]=0.8868235493924537
		org.drip.analytics.curve.ZeroCurve.getZeroDF.zerodf[25-mar-2013]=0.8320875646552512
		org.drip.analytics.curve.ZeroCurve.getZeroDF.zerodf[25-mar-2014]=0.7814644409514604
		org.drip.analytics.curve.ZeroCurve.getZeroDF.zerodf[25-mar-2015]=0.7339570583860968
		org.drip.analytics.curve.ZeroCurve.getZeroDF.zerodf[25-mar-2016]=0.6898868863348788
		org.drip.analytics.curve.ZeroCurve.getZeroDF.zerodf[25-mar-2017]=0.6485950148105171
		org.drip.analytics.curve.ZeroCurve.getZeroDF.zerodf[25-mar-2018]=0.6103494651971445
		org.drip.analytics.curve.ZeroCurve.getZeroDF.zerodf[25-mar-2019]=0.5744050069845413
		org.drip.analytics.curve.ZeroCurve.getZeroDF.zerodf[25-mar-2020]=0.540486868726277
		org.drip.analytics.curve.ZeroCurve.getZeroDF.zerodf[25-mar-2021]=0.5084539400371967
		org.drip.analytics.curve.ZeroCurve.getZeroDF.zerodf[25-mar-2022]=0.47559493839476963
		org.drip.analytics.curve.ZeroCurve.getZeroDF.zerodf[25-mar-2023]=0.4069313441716681
		org.drip.analytics.curve.ZeroCurve.getZeroDF.zerodf[25-sep-2009]=1.0
		org.drip.analytics.curve.ZeroCurve.getZeroDF.zerodf[25-sep-2010]=0.9762269828569646
		org.drip.analytics.curve.ZeroCurve.getZeroDF.zerodf[25-sep-2011]=0.9154084785211436
		org.drip.analytics.curve.ZeroCurve.getZeroDF.zerodf[25-sep-2012]=0.8588426182093616
		org.drip.analytics.curve.ZeroCurve.getZeroDF.zerodf[25-sep-2013]=0.8061345827025594
		org.drip.analytics.curve.ZeroCurve.getZeroDF.zerodf[25-sep-2014]=0.757181128310905
		org.drip.analytics.curve.ZeroCurve.getZeroDF.zerodf[25-sep-2015]=0.7114185570376885
		org.drip.analytics.curve.ZeroCurve.getZeroDF.zerodf[25-sep-2016]=0.6687900276745816
		org.drip.analytics.curve.ZeroCurve.getZeroDF.zerodf[25-sep-2017]=0.6289951191437723
		org.drip.analytics.curve.ZeroCurve.getZeroDF.zerodf[25-sep-2018]=0.5919696956968256
		org.drip.analytics.curve.ZeroCurve.getZeroDF.zerodf[25-sep-2019]=0.5571152387199033
		org.drip.analytics.curve.ZeroCurve.getZeroDF.zerodf[25-sep-2020]=0.5242961339488906
		org.drip.analytics.curve.ZeroCurve.getZeroDF.zerodf[25-sep-2021]=0.494216711086729
		org.drip.analytics.curve.ZeroCurve.getZeroDF.zerodf[25-sep-2022]=0.47618076921368024
		org.drip.analytics.curve.ZeroCurve.getZeroDF.zerodf[25-sep-2023]=0.6022794664929204
		org.drip.analytics.curve.ZeroCurve.getZeroDF.FinishTime=Fri Nov 02 23:28:08 EDT 2018
		org.drip.analytics.curve.ZeroCurve.getZeroDF.ExecTime=34

		org.drip.analytics.curve.ZeroCurve.getZeroRate.Success=true
		org.drip.analytics.curve.ZeroCurve.getZeroRate.zerorate[25-mar-2009]=1.0
		org.drip.analytics.curve.ZeroCurve.getZeroRate.zerorate[25-mar-2010]=1.0
		org.drip.analytics.curve.ZeroCurve.getZeroRate.zerorate[25-mar-2011]=-0.07425813881622456
		org.drip.analytics.curve.ZeroCurve.getZeroRate.zerorate[25-mar-2012]=0.055269844807190084
		org.drip.analytics.curve.ZeroCurve.getZeroRate.zerorate[25-mar-2013]=0.06441786082851177
		org.drip.analytics.curve.ZeroCurve.getZeroRate.zerorate[25-mar-2014]=0.06473232664638341
		org.drip.analytics.curve.ZeroCurve.getZeroRate.zerorate[25-mar-2015]=0.06456051974569203
		org.drip.analytics.curve.ZeroCurve.getZeroRate.zerorate[25-mar-2016]=0.06427043322024331
		org.drip.analytics.curve.ZeroCurve.getZeroRate.zerorate[25-mar-2017]=0.06404352526090332
		org.drip.analytics.curve.ZeroCurve.getZeroRate.zerorate[25-mar-2018]=0.06372904077599872
		org.drip.analytics.curve.ZeroCurve.getZeroRate.zerorate[25-mar-2019]=0.06324024899813306
		org.drip.analytics.curve.ZeroCurve.getZeroRate.zerorate[25-mar-2020]=0.059559651229139025
		org.drip.analytics.curve.ZeroCurve.getZeroRate.zerorate[25-mar-2021]=0.010974603994408444
		org.drip.analytics.curve.ZeroCurve.getZeroRate.zerorate[25-mar-2022]=-0.6640233091295473
		org.drip.analytics.curve.ZeroCurve.getZeroRate.zerorate[25-mar-2023]=-10.064388824655712
		org.drip.analytics.curve.ZeroCurve.getZeroRate.zerorate[25-sep-2009]=1.0
		org.drip.analytics.curve.ZeroCurve.getZeroRate.zerorate[25-sep-2010]=0.5878966264029237
		org.drip.analytics.curve.ZeroCurve.getZeroRate.zerorate[25-sep-2011]=0.10315762101020018
		org.drip.analytics.curve.ZeroCurve.getZeroRate.zerorate[25-sep-2012]=0.06796312275028718
		org.drip.analytics.curve.ZeroCurve.getZeroRate.zerorate[25-sep-2013]=0.06518721130231139
		org.drip.analytics.curve.ZeroCurve.getZeroRate.zerorate[25-sep-2014]=0.06469759638553169
		org.drip.analytics.curve.ZeroCurve.getZeroRate.zerorate[25-sep-2015]=0.06442885960437045
		org.drip.analytics.curve.ZeroCurve.getZeroRate.zerorate[25-sep-2016]=0.06417012564661594
		org.drip.analytics.curve.ZeroCurve.getZeroRate.zerorate[25-sep-2017]=0.06391947550733557
		org.drip.analytics.curve.ZeroCurve.getZeroRate.zerorate[25-sep-2018]=0.06371031801917165
		org.drip.analytics.curve.ZeroCurve.getZeroRate.zerorate[25-sep-2019]=0.06444012495120544
		org.drip.analytics.curve.ZeroCurve.getZeroRate.zerorate[25-sep-2020]=0.07747489454278325
		org.drip.analytics.curve.ZeroCurve.getZeroRate.zerorate[25-sep-2021]=0.26100421418090397
		org.drip.analytics.curve.ZeroCurve.getZeroRate.zerorate[25-sep-2022]=2.8193601696238257
		org.drip.analytics.curve.ZeroCurve.getZeroRate.zerorate[25-sep-2023]=38.4563358903995
		org.drip.analytics.curve.ZeroCurve.getZeroRate.FinishTime=Fri Nov 02 23:28:08 EDT 2018
		org.drip.analytics.curve.ZeroCurve.getZeroRate.ExecTime=109
	org.drip.analytics.curve.ZeroCurve=> 50620 (mu-s): 3 / 3 succeeded.
	org.drip.analytics.curve.ZeroCurve ends at Fri Nov 02 23:28:08 EDT 2018

	org.drip.analytics.curve.DiscountCurve starts at Fri Nov 02 23:28:08 EDT 2018

		org.drip.analytics.curve.DiscountCurve.CreateFromRatesInstruments.Success=true
		org.drip.analytics.curve.DiscountCurve.CreateFromRatesInstruments.FinishTime=Fri Nov 02 23:28:08 EDT 2018
		org.drip.analytics.curve.DiscountCurve.CreateFromRatesInstruments.ExecTime=370728

		org.drip.analytics.curve.DiscountCurve.CreateFromFlatRate.Success=true
		org.drip.analytics.curve.DiscountCurve.CreateFromFlatRate.discountfactor[12-may-2011]=0.9608157444936446
		org.drip.analytics.curve.DiscountCurve.CreateFromFlatRate.discountfactor[12-may-2012]=0.9230658006742032
		org.drip.analytics.curve.DiscountCurve.CreateFromFlatRate.discountfactor[12-may-2013]=0.8868961544914067
		org.drip.analytics.curve.DiscountCurve.CreateFromFlatRate.discountfactor[12-may-2014]=0.8521437889662113
		org.drip.analytics.curve.DiscountCurve.CreateFromFlatRate.discountfactor[12-may-2015]=0.8187531690112055
		org.drip.analytics.curve.DiscountCurve.CreateFromFlatRate.FinishTime=Fri Nov 02 23:28:08 EDT 2018
		org.drip.analytics.curve.DiscountCurve.CreateFromFlatRate.ExecTime=6

		org.drip.analytics.curve.DiscountCurve.BuildFromDF.Success=true
		org.drip.analytics.curve.DiscountCurve.BuildFromDF.discountfactordfcurve[12-may-2011]= 0.996
		org.drip.analytics.curve.DiscountCurve.BuildFromDF.discountfactordfcurve[12-may-2012]= 0.985
		org.drip.analytics.curve.DiscountCurve.BuildFromDF.discountfactordfcurve[12-may-2013]= 0.957
		org.drip.analytics.curve.DiscountCurve.BuildFromDF.discountfactordfcurve[12-may-2014]= 0.927
		org.drip.analytics.curve.DiscountCurve.BuildFromDF.discountfactordfcurve[12-may-2015]= 0.891
		org.drip.analytics.curve.DiscountCurve.BuildFromDF.discountfactorflatrate[12-may-2011]= 0.996
		org.drip.analytics.curve.DiscountCurve.BuildFromDF.discountfactorflatrate[12-may-2012]= 0.985
		org.drip.analytics.curve.DiscountCurve.BuildFromDF.discountfactorflatrate[12-may-2013]= 0.957
		org.drip.analytics.curve.DiscountCurve.BuildFromDF.discountfactorflatrate[12-may-2014]= 0.927
		org.drip.analytics.curve.DiscountCurve.BuildFromDF.discountfactorflatrate[12-may-2015]= 0.891
		org.drip.analytics.curve.DiscountCurve.BuildFromDF.FinishTime=Fri Nov 02 23:28:08 EDT 2018
		org.drip.analytics.curve.DiscountCurve.BuildFromDF.ExecTime=4

		org.drip.analytics.curve.DiscountCurve.CreateDC.Success=true
		org.drip.analytics.curve.DiscountCurve.CreateDC.discountfactorateimplied[12-may-2011]= 0.004
		org.drip.analytics.curve.DiscountCurve.CreateDC.discountfactorateimplied[12-may-2012]= 0.007
		org.drip.analytics.curve.DiscountCurve.CreateDC.discountfactorateimplied[12-may-2013]= 0.015
		org.drip.analytics.curve.DiscountCurve.CreateDC.discountfactorateimplied[12-may-2014]= 0.019
		org.drip.analytics.curve.DiscountCurve.CreateDC.discountfactorateimplied[12-may-2015]= 0.023
		org.drip.analytics.curve.DiscountCurve.CreateDC.discountfactororiginaldc[12-may-2011]= 0.004
		org.drip.analytics.curve.DiscountCurve.CreateDC.discountfactororiginaldc[12-may-2012]= 0.007
		org.drip.analytics.curve.DiscountCurve.CreateDC.discountfactororiginaldc[12-may-2013]= 0.015
		org.drip.analytics.curve.DiscountCurve.CreateDC.discountfactororiginaldc[12-may-2014]= 0.019
		org.drip.analytics.curve.DiscountCurve.CreateDC.discountfactororiginaldc[12-may-2015]= 0.023
		org.drip.analytics.curve.DiscountCurve.CreateDC.FinishTime=Fri Nov 02 23:28:08 EDT 2018
		org.drip.analytics.curve.DiscountCurve.CreateDC.ExecTime=1

		org.drip.analytics.curve.DiscountCurve.BasisRateShiftedCurve.Success=true
		org.drip.analytics.curve.DiscountCurve.BasisRateShiftedCurve.ratebasisempty[12-may-2011]= 0.0400
		org.drip.analytics.curve.DiscountCurve.BasisRateShiftedCurve.ratebasisempty[12-may-2012]= 0.0400
		org.drip.analytics.curve.DiscountCurve.BasisRateShiftedCurve.ratebasisempty[12-may-2013]= 0.0400
		org.drip.analytics.curve.DiscountCurve.BasisRateShiftedCurve.ratebasisempty[12-may-2014]= 0.0400
		org.drip.analytics.curve.DiscountCurve.BasisRateShiftedCurve.ratebasisempty[12-may-2015]= 0.0400
		org.drip.analytics.curve.DiscountCurve.BasisRateShiftedCurve.ratebasisshifted[12-may-2011]= 0.0401
		org.drip.analytics.curve.DiscountCurve.BasisRateShiftedCurve.ratebasisshifted[12-may-2012]= 0.0402
		org.drip.analytics.curve.DiscountCurve.BasisRateShiftedCurve.ratebasisshifted[12-may-2013]= 0.0402
		org.drip.analytics.curve.DiscountCurve.BasisRateShiftedCurve.ratebasisshifted[12-may-2014]= 0.0402
		org.drip.analytics.curve.DiscountCurve.BasisRateShiftedCurve.ratebasisshifted[12-may-2015]= 0.0403
		org.drip.analytics.curve.DiscountCurve.BasisRateShiftedCurve.FinishTime=Fri Nov 02 23:28:08 EDT 2018
		org.drip.analytics.curve.DiscountCurve.BasisRateShiftedCurve.ExecTime=7

		org.drip.analytics.curve.DiscountCurve.EffectiveDF.Success=true
		org.drip.analytics.curve.DiscountCurve.EffectiveDF.effective[12-may-2011]= 0.9904
		org.drip.analytics.curve.DiscountCurve.EffectiveDF.effective[12-may-2012]= 0.9686
		org.drip.analytics.curve.DiscountCurve.EffectiveDF.effective[12-may-2013]= 0.9389
		org.drip.analytics.curve.DiscountCurve.EffectiveDF.effective[12-may-2014]= 0.9056
		org.drip.analytics.curve.DiscountCurve.EffectiveDF.effective[12-may-2015]= 0.8677
		org.drip.analytics.curve.DiscountCurve.EffectiveDF.FinishTime=Fri Nov 02 23:28:08 EDT 2018
		org.drip.analytics.curve.DiscountCurve.EffectiveDF.ExecTime=23

		org.drip.analytics.curve.DiscountCurve.CalcImpliedRate.Success=true
		org.drip.analytics.curve.DiscountCurve.CalcImpliedRate.impliedrate[12-may-2011]= 0.0110
		org.drip.analytics.curve.DiscountCurve.CalcImpliedRate.impliedrate[12-may-2012]= 0.0297
		org.drip.analytics.curve.DiscountCurve.CalcImpliedRate.impliedrate[12-may-2013]= 0.0311
		org.drip.analytics.curve.DiscountCurve.CalcImpliedRate.impliedrate[12-may-2014]= 0.0397
		org.drip.analytics.curve.DiscountCurve.CalcImpliedRate.impliedrate[12-may-2015]= 0.0451
		org.drip.analytics.curve.DiscountCurve.CalcImpliedRate.FinishTime=Fri Nov 02 23:28:08 EDT 2018
		org.drip.analytics.curve.DiscountCurve.CalcImpliedRate.ExecTime=13
	org.drip.analytics.curve.DiscountCurve=> 370782 (mu-s): 7 / 11 succeeded.
	org.drip.analytics.curve.DiscountCurve ends at Fri Nov 02 23:28:08 EDT 2018

	org.drip.analytics.curve.CreditCurve starts at Fri Nov 02 23:28:08 EDT 2018

		org.drip.analytics.curve.CreditCurve.CreateSNAC.Success=true
		org.drip.analytics.curve.CreditCurve.CreateSNAC.FinishTime=Fri Nov 02 23:28:09 EDT 2018
		org.drip.analytics.curve.CreditCurve.CreateSNAC.ExecTime=113209

		org.drip.analytics.curve.CreditCurve.FromFlatHazard.Success=true
		org.drip.analytics.curve.CreditCurve.FromFlatHazard.hazardratefromhazardcurve[12-may-2011]= 0.0200
		org.drip.analytics.curve.CreditCurve.FromFlatHazard.hazardratefromhazardcurve[12-may-2012]= 0.0200
		org.drip.analytics.curve.CreditCurve.FromFlatHazard.hazardratefromhazardcurve[12-may-2013]= 0.0200
		org.drip.analytics.curve.CreditCurve.FromFlatHazard.hazardratefromhazardcurve[12-may-2014]= 0.0200
		org.drip.analytics.curve.CreditCurve.FromFlatHazard.hazardratefromhazardcurve[12-may-2015]= 0.0200
		org.drip.analytics.curve.CreditCurve.FromFlatHazard.FinishTime=Fri Nov 02 23:28:09 EDT 2018
		org.drip.analytics.curve.CreditCurve.FromFlatHazard.ExecTime=6

		org.drip.analytics.curve.CreditCurve.FromSurvival.Success=true
		org.drip.analytics.curve.CreditCurve.FromSurvival.survivalfromoriginal[12-may-2011]= 0.9000
		org.drip.analytics.curve.CreditCurve.FromSurvival.survivalfromoriginal[12-may-2012]= 0.8000
		org.drip.analytics.curve.CreditCurve.FromSurvival.survivalfromoriginal[12-may-2013]= 0.7000
		org.drip.analytics.curve.CreditCurve.FromSurvival.survivalfromoriginal[12-may-2014]= 0.6000
		org.drip.analytics.curve.CreditCurve.FromSurvival.survivalfromoriginal[12-may-2015]= 0.5000
		org.drip.analytics.curve.CreditCurve.FromSurvival.survivalfromsurvival[12-may-2011]= 0.9000
		org.drip.analytics.curve.CreditCurve.FromSurvival.survivalfromsurvival[12-may-2012]= 0.8000
		org.drip.analytics.curve.CreditCurve.FromSurvival.survivalfromsurvival[12-may-2013]= 0.7000
		org.drip.analytics.curve.CreditCurve.FromSurvival.survivalfromsurvival[12-may-2014]= 0.6000
		org.drip.analytics.curve.CreditCurve.FromSurvival.survivalfromsurvival[12-may-2015]= 0.5000
		org.drip.analytics.curve.CreditCurve.FromSurvival.FinishTime=Fri Nov 02 23:28:09 EDT 2018
		org.drip.analytics.curve.CreditCurve.FromSurvival.ExecTime=3

		org.drip.analytics.curve.CreditCurve.FromHazard.Success=true
		org.drip.analytics.curve.CreditCurve.FromHazard.hazardfromhazard[12-may-2010-12-may-2011]= 0.0090
		org.drip.analytics.curve.CreditCurve.FromHazard.hazardfromhazard[12-may-2011-12-may-2012]= 0.0080
		org.drip.analytics.curve.CreditCurve.FromHazard.hazardfromhazard[12-may-2012-12-may-2013]= 0.0070
		org.drip.analytics.curve.CreditCurve.FromHazard.hazardfromhazard[12-may-2013-12-may-2014]= 0.0060
		org.drip.analytics.curve.CreditCurve.FromHazard.hazardfromhazard[12-may-2014-12-may-2015]= 0.0050
		org.drip.analytics.curve.CreditCurve.FromHazard.hazardfromoriginal[12-may-2010-12-may-2011]= 0.0090
		org.drip.analytics.curve.CreditCurve.FromHazard.hazardfromoriginal[12-may-2011-12-may-2012]= 0.0080
		org.drip.analytics.curve.CreditCurve.FromHazard.hazardfromoriginal[12-may-2012-12-may-2013]= 0.0070
		org.drip.analytics.curve.CreditCurve.FromHazard.hazardfromoriginal[12-may-2013-12-may-2014]= 0.0060
		org.drip.analytics.curve.CreditCurve.FromHazard.hazardfromoriginal[12-may-2014-12-may-2015]= 0.0050
		org.drip.analytics.curve.CreditCurve.FromHazard.FinishTime=Fri Nov 02 23:28:09 EDT 2018
		org.drip.analytics.curve.CreditCurve.FromHazard.ExecTime=2

		org.drip.analytics.curve.CreditCurve.CompAndQuotes.Success=true
		org.drip.analytics.curve.CreditCurve.CompAndQuotes.compquote_cds.1y.corp[20-jun-2011]= 50.0000
		org.drip.analytics.curve.CreditCurve.CompAndQuotes.compquote_cds.2y.corp[20-jun-2012]= 100.0000
		org.drip.analytics.curve.CreditCurve.CompAndQuotes.compquote_cds.3y.corp[20-jun-2013]= 150.0000
		org.drip.analytics.curve.CreditCurve.CompAndQuotes.compquote_cds.4y.corp[20-jun-2014]= 200.0000
		org.drip.analytics.curve.CreditCurve.CompAndQuotes.compquote_cds.5y.corp[20-jun-2015]= 250.0000
		org.drip.analytics.curve.CreditCurve.CompAndQuotes.FinishTime=Fri Nov 02 23:28:09 EDT 2018
		org.drip.analytics.curve.CreditCurve.CompAndQuotes.ExecTime=1

		org.drip.analytics.curve.CreditCurve.ParallelHazardShiftedCurve.Success=true
		org.drip.analytics.curve.CreditCurve.ParallelHazardShiftedCurve.basecurvehazard[12-may-2010-20-jun-2011]= 0.0083
		org.drip.analytics.curve.CreditCurve.ParallelHazardShiftedCurve.basecurvehazard[12-may-2010-20-jun-2012]= 0.0169
		org.drip.analytics.curve.CreditCurve.ParallelHazardShiftedCurve.basecurvehazard[12-may-2010-20-jun-2013]= 0.0258
		org.drip.analytics.curve.CreditCurve.ParallelHazardShiftedCurve.basecurvehazard[12-may-2010-20-jun-2014]= 0.0351
		org.drip.analytics.curve.CreditCurve.ParallelHazardShiftedCurve.basecurvehazard[12-may-2010-20-jun-2015]= 0.0449
		org.drip.analytics.curve.CreditCurve.ParallelHazardShiftedCurve.parallelshiftedcurvehazard[12-may-2010-20-jun-2011]= 0.0088
		org.drip.analytics.curve.CreditCurve.ParallelHazardShiftedCurve.parallelshiftedcurvehazard[12-may-2010-20-jun-2012]= 0.0174
		org.drip.analytics.curve.CreditCurve.ParallelHazardShiftedCurve.parallelshiftedcurvehazard[12-may-2010-20-jun-2013]= 0.0263
		org.drip.analytics.curve.CreditCurve.ParallelHazardShiftedCurve.parallelshiftedcurvehazard[12-may-2010-20-jun-2014]= 0.0356
		org.drip.analytics.curve.CreditCurve.ParallelHazardShiftedCurve.parallelshiftedcurvehazard[12-may-2010-20-jun-2015]= 0.0454
		org.drip.analytics.curve.CreditCurve.ParallelHazardShiftedCurve.FinishTime=Fri Nov 02 23:28:09 EDT 2018
		org.drip.analytics.curve.CreditCurve.ParallelHazardShiftedCurve.ExecTime=3

		org.drip.analytics.curve.CreditCurve.ParallelQuoteShiftedCurve.Success=true
		org.drip.analytics.curve.CreditCurve.ParallelQuoteShiftedCurve.basecurvequote[20-jun-2011]= 50.00000
		org.drip.analytics.curve.CreditCurve.ParallelQuoteShiftedCurve.basecurvequote[20-jun-2012]= 100.00000
		org.drip.analytics.curve.CreditCurve.ParallelQuoteShiftedCurve.basecurvequote[20-jun-2013]= 150.00000
		org.drip.analytics.curve.CreditCurve.ParallelQuoteShiftedCurve.basecurvequote[20-jun-2014]= 200.00000
		org.drip.analytics.curve.CreditCurve.ParallelQuoteShiftedCurve.basecurvequote[20-jun-2015]= 250.00000
		org.drip.analytics.curve.CreditCurve.ParallelQuoteShiftedCurve.parallelshiftedcurvequote[20-jun-2011]= 55.00000
		org.drip.analytics.curve.CreditCurve.ParallelQuoteShiftedCurve.parallelshiftedcurvequote[20-jun-2012]= 105.00000
		org.drip.analytics.curve.CreditCurve.ParallelQuoteShiftedCurve.parallelshiftedcurvequote[20-jun-2013]= 155.00000
		org.drip.analytics.curve.CreditCurve.ParallelQuoteShiftedCurve.parallelshiftedcurvequote[20-jun-2014]= 205.00000
		org.drip.analytics.curve.CreditCurve.ParallelQuoteShiftedCurve.parallelshiftedcurvequote[20-jun-2015]= 255.00000
		org.drip.analytics.curve.CreditCurve.ParallelQuoteShiftedCurve.FinishTime=Fri Nov 02 23:28:09 EDT 2018
		org.drip.analytics.curve.CreditCurve.ParallelQuoteShiftedCurve.ExecTime=108721

		org.drip.analytics.curve.CreditCurve.NodeTweakedCurve.Success=true
		org.drip.analytics.curve.CreditCurve.NodeTweakedCurve.tweakedhazard[20-jun-2011]= 0.00000
		org.drip.analytics.curve.CreditCurve.NodeTweakedCurve.tweakedhazard[20-jun-2012]= 0.00000
		org.drip.analytics.curve.CreditCurve.NodeTweakedCurve.tweakedhazard[20-jun-2013]= 0.00001
		org.drip.analytics.curve.CreditCurve.NodeTweakedCurve.tweakedhazard[20-jun-2014]= 0.00001
		org.drip.analytics.curve.CreditCurve.NodeTweakedCurve.tweakedhazard[20-jun-2015]= 0.00001
		org.drip.analytics.curve.CreditCurve.NodeTweakedCurve.untweakedhazard[20-jun-2011]= 0.00833
		org.drip.analytics.curve.CreditCurve.NodeTweakedCurve.untweakedhazard[20-jun-2012]= 0.01690
		org.drip.analytics.curve.CreditCurve.NodeTweakedCurve.untweakedhazard[20-jun-2013]= 0.02578
		org.drip.analytics.curve.CreditCurve.NodeTweakedCurve.untweakedhazard[20-jun-2014]= 0.03505
		org.drip.analytics.curve.CreditCurve.NodeTweakedCurve.untweakedhazard[20-jun-2015]= 0.04487
		org.drip.analytics.curve.CreditCurve.NodeTweakedCurve.FinishTime=Fri Nov 02 23:28:09 EDT 2018
		org.drip.analytics.curve.CreditCurve.NodeTweakedCurve.ExecTime=51593

		org.drip.analytics.curve.CreditCurve.FlatCurve.Success=true
		org.drip.analytics.curve.CreditCurve.FlatCurve.flathazard[12-may-2011]= 0.01498
		org.drip.analytics.curve.CreditCurve.FlatCurve.flathazard[12-may-2012]= 0.01498
		org.drip.analytics.curve.CreditCurve.FlatCurve.flathazard[12-may-2013]= 0.01498
		org.drip.analytics.curve.CreditCurve.FlatCurve.flathazard[12-may-2014]= 0.01498
		org.drip.analytics.curve.CreditCurve.FlatCurve.flathazard[12-may-2015]= 0.01498
		org.drip.analytics.curve.CreditCurve.FlatCurve.FinishTime=Fri Nov 02 23:28:09 EDT 2018
		org.drip.analytics.curve.CreditCurve.FlatCurve.ExecTime=106958

		org.drip.analytics.curve.CreditCurve.EffectiveSurvival.Success=true
		org.drip.analytics.curve.CreditCurve.EffectiveSurvival.effectivesurvival[12-may-2011]= 0.9778
		org.drip.analytics.curve.CreditCurve.EffectiveSurvival.effectivesurvival[12-may-2012]= 0.9439
		org.drip.analytics.curve.CreditCurve.EffectiveSurvival.effectivesurvival[12-may-2013]= 0.8943
		org.drip.analytics.curve.CreditCurve.EffectiveSurvival.effectivesurvival[12-may-2014]= 0.8305
		org.drip.analytics.curve.CreditCurve.EffectiveSurvival.effectivesurvival[12-may-2015]= 0.7629
		org.drip.analytics.curve.CreditCurve.EffectiveSurvival.FinishTime=Fri Nov 02 23:28:09 EDT 2018
		org.drip.analytics.curve.CreditCurve.EffectiveSurvival.ExecTime=15

		org.drip.analytics.curve.CreditCurve.EffectiveRecovery.Success=true
		org.drip.analytics.curve.CreditCurve.EffectiveRecovery.curverecovery[1y-2y]= 0.4000- 0.4000
		org.drip.analytics.curve.CreditCurve.EffectiveRecovery.curverecovery[2y-3y]= 0.4000- 0.4000
		org.drip.analytics.curve.CreditCurve.EffectiveRecovery.curverecovery[3y-4y]= 0.4000- 0.4000
		org.drip.analytics.curve.CreditCurve.EffectiveRecovery.curverecovery[4y-5y]= 0.4000- 0.4000
		org.drip.analytics.curve.CreditCurve.EffectiveRecovery.curverecovery[5y-6y]= 0.4000- 0.4000
		org.drip.analytics.curve.CreditCurve.EffectiveRecovery.effectiverecovery[1y-2y]= 0.4000
		org.drip.analytics.curve.CreditCurve.EffectiveRecovery.effectiverecovery[2y-3y]= 0.4000
		org.drip.analytics.curve.CreditCurve.EffectiveRecovery.effectiverecovery[3y-4y]= 0.4000
		org.drip.analytics.curve.CreditCurve.EffectiveRecovery.effectiverecovery[4y-5y]= 0.4000
		org.drip.analytics.curve.CreditCurve.EffectiveRecovery.effectiverecovery[5y-6y]= 0.4000
		org.drip.analytics.curve.CreditCurve.EffectiveRecovery.FinishTime=Fri Nov 02 23:28:09 EDT 2018
		org.drip.analytics.curve.CreditCurve.EffectiveRecovery.ExecTime=5
	org.drip.analytics.curve.CreditCurve=> 380516 (mu-s): 11 / 12 succeeded.
	org.drip.analytics.curve.CreditCurve ends at Fri Nov 02 23:28:09 EDT 2018

	org.drip.analytics.curve.ZeroCurve starts at Fri Nov 02 23:28:09 EDT 2018

		org.drip.analytics.curve.ZeroCurve.CreateZeroCurveFromPeriods.Success=true
		org.drip.analytics.curve.ZeroCurve.CreateZeroCurveFromPeriods.FinishTime=Fri Nov 02 23:28:09 EDT 2018
		org.drip.analytics.curve.ZeroCurve.CreateZeroCurveFromPeriods.ExecTime=47869

		org.drip.analytics.curve.ZeroCurve.getZeroDF.Success=true
		org.drip.analytics.curve.ZeroCurve.getZeroDF.zerodf[25-mar-2009]=1.0
		org.drip.analytics.curve.ZeroCurve.getZeroDF.zerodf[25-mar-2010]=1.0
		org.drip.analytics.curve.ZeroCurve.getZeroDF.zerodf[25-mar-2011]=0.9453591669691728
		org.drip.analytics.curve.ZeroCurve.getZeroDF.zerodf[25-mar-2012]=0.8868235493924537
		org.drip.analytics.curve.ZeroCurve.getZeroDF.zerodf[25-mar-2013]=0.8320875646552512
		org.drip.analytics.curve.ZeroCurve.getZeroDF.zerodf[25-mar-2014]=0.7814644409514604
		org.drip.analytics.curve.ZeroCurve.getZeroDF.zerodf[25-mar-2015]=0.7339570583860968
		org.drip.analytics.curve.ZeroCurve.getZeroDF.zerodf[25-mar-2016]=0.6898868863348788
		org.drip.analytics.curve.ZeroCurve.getZeroDF.zerodf[25-mar-2017]=0.6485950148105171
		org.drip.analytics.curve.ZeroCurve.getZeroDF.zerodf[25-mar-2018]=0.6103494651971445
		org.drip.analytics.curve.ZeroCurve.getZeroDF.zerodf[25-mar-2019]=0.5744050069845413
		org.drip.analytics.curve.ZeroCurve.getZeroDF.zerodf[25-mar-2020]=0.540486868726277
		org.drip.analytics.curve.ZeroCurve.getZeroDF.zerodf[25-mar-2021]=0.5084539400371967
		org.drip.analytics.curve.ZeroCurve.getZeroDF.zerodf[25-mar-2022]=0.47559493839476963
		org.drip.analytics.curve.ZeroCurve.getZeroDF.zerodf[25-mar-2023]=0.4069313441716681
		org.drip.analytics.curve.ZeroCurve.getZeroDF.zerodf[25-sep-2009]=1.0
		org.drip.analytics.curve.ZeroCurve.getZeroDF.zerodf[25-sep-2010]=0.9762269828569646
		org.drip.analytics.curve.ZeroCurve.getZeroDF.zerodf[25-sep-2011]=0.9154084785211436
		org.drip.analytics.curve.ZeroCurve.getZeroDF.zerodf[25-sep-2012]=0.8588426182093616
		org.drip.analytics.curve.ZeroCurve.getZeroDF.zerodf[25-sep-2013]=0.8061345827025594
		org.drip.analytics.curve.ZeroCurve.getZeroDF.zerodf[25-sep-2014]=0.757181128310905
		org.drip.analytics.curve.ZeroCurve.getZeroDF.zerodf[25-sep-2015]=0.7114185570376885
		org.drip.analytics.curve.ZeroCurve.getZeroDF.zerodf[25-sep-2016]=0.6687900276745816
		org.drip.analytics.curve.ZeroCurve.getZeroDF.zerodf[25-sep-2017]=0.6289951191437723
		org.drip.analytics.curve.ZeroCurve.getZeroDF.zerodf[25-sep-2018]=0.5919696956968256
		org.drip.analytics.curve.ZeroCurve.getZeroDF.zerodf[25-sep-2019]=0.5571152387199033
		org.drip.analytics.curve.ZeroCurve.getZeroDF.zerodf[25-sep-2020]=0.5242961339488906
		org.drip.analytics.curve.ZeroCurve.getZeroDF.zerodf[25-sep-2021]=0.494216711086729
		org.drip.analytics.curve.ZeroCurve.getZeroDF.zerodf[25-sep-2022]=0.47618076921368024
		org.drip.analytics.curve.ZeroCurve.getZeroDF.zerodf[25-sep-2023]=0.6022794664929204
		org.drip.analytics.curve.ZeroCurve.getZeroDF.FinishTime=Fri Nov 02 23:28:09 EDT 2018
		org.drip.analytics.curve.ZeroCurve.getZeroDF.ExecTime=13

		org.drip.analytics.curve.ZeroCurve.getZeroRate.Success=true
		org.drip.analytics.curve.ZeroCurve.getZeroRate.zerorate[25-mar-2009]=1.0
		org.drip.analytics.curve.ZeroCurve.getZeroRate.zerorate[25-mar-2010]=1.0
		org.drip.analytics.curve.ZeroCurve.getZeroRate.zerorate[25-mar-2011]=-0.07425813881622456
		org.drip.analytics.curve.ZeroCurve.getZeroRate.zerorate[25-mar-2012]=0.055269844807190084
		org.drip.analytics.curve.ZeroCurve.getZeroRate.zerorate[25-mar-2013]=0.06441786082851177
		org.drip.analytics.curve.ZeroCurve.getZeroRate.zerorate[25-mar-2014]=0.06473232664638341
		org.drip.analytics.curve.ZeroCurve.getZeroRate.zerorate[25-mar-2015]=0.06456051974569203
		org.drip.analytics.curve.ZeroCurve.getZeroRate.zerorate[25-mar-2016]=0.06427043322024331
		org.drip.analytics.curve.ZeroCurve.getZeroRate.zerorate[25-mar-2017]=0.06404352526090332
		org.drip.analytics.curve.ZeroCurve.getZeroRate.zerorate[25-mar-2018]=0.06372904077599872
		org.drip.analytics.curve.ZeroCurve.getZeroRate.zerorate[25-mar-2019]=0.06324024899813306
		org.drip.analytics.curve.ZeroCurve.getZeroRate.zerorate[25-mar-2020]=0.059559651229139025
		org.drip.analytics.curve.ZeroCurve.getZeroRate.zerorate[25-mar-2021]=0.010974603994408444
		org.drip.analytics.curve.ZeroCurve.getZeroRate.zerorate[25-mar-2022]=-0.6640233091295473
		org.drip.analytics.curve.ZeroCurve.getZeroRate.zerorate[25-mar-2023]=-10.064388824655712
		org.drip.analytics.curve.ZeroCurve.getZeroRate.zerorate[25-sep-2009]=1.0
		org.drip.analytics.curve.ZeroCurve.getZeroRate.zerorate[25-sep-2010]=0.5878966264029237
		org.drip.analytics.curve.ZeroCurve.getZeroRate.zerorate[25-sep-2011]=0.10315762101020018
		org.drip.analytics.curve.ZeroCurve.getZeroRate.zerorate[25-sep-2012]=0.06796312275028718
		org.drip.analytics.curve.ZeroCurve.getZeroRate.zerorate[25-sep-2013]=0.06518721130231139
		org.drip.analytics.curve.ZeroCurve.getZeroRate.zerorate[25-sep-2014]=0.06469759638553169
		org.drip.analytics.curve.ZeroCurve.getZeroRate.zerorate[25-sep-2015]=0.06442885960437045
		org.drip.analytics.curve.ZeroCurve.getZeroRate.zerorate[25-sep-2016]=0.06417012564661594
		org.drip.analytics.curve.ZeroCurve.getZeroRate.zerorate[25-sep-2017]=0.06391947550733557
		org.drip.analytics.curve.ZeroCurve.getZeroRate.zerorate[25-sep-2018]=0.06371031801917165
		org.drip.analytics.curve.ZeroCurve.getZeroRate.zerorate[25-sep-2019]=0.06444012495120544
		org.drip.analytics.curve.ZeroCurve.getZeroRate.zerorate[25-sep-2020]=0.07747489454278325
		org.drip.analytics.curve.ZeroCurve.getZeroRate.zerorate[25-sep-2021]=0.26100421418090397
		org.drip.analytics.curve.ZeroCurve.getZeroRate.zerorate[25-sep-2022]=2.8193601696238257
		org.drip.analytics.curve.ZeroCurve.getZeroRate.zerorate[25-sep-2023]=38.4563358903995
		org.drip.analytics.curve.ZeroCurve.getZeroRate.FinishTime=Fri Nov 02 23:28:09 EDT 2018
		org.drip.analytics.curve.ZeroCurve.getZeroRate.ExecTime=40
	org.drip.analytics.curve.ZeroCurve=> 47922 (mu-s): 3 / 3 succeeded.
	org.drip.analytics.curve.ZeroCurve ends at Fri Nov 02 23:28:09 EDT 2018

	org.drip.analytics.curve.DiscountCurve starts at Fri Nov 02 23:28:09 EDT 2018

		org.drip.analytics.curve.DiscountCurve.CreateFromRatesInstruments.Success=true
		org.drip.analytics.curve.DiscountCurve.CreateFromRatesInstruments.FinishTime=Fri Nov 02 23:28:09 EDT 2018
		org.drip.analytics.curve.DiscountCurve.CreateFromRatesInstruments.ExecTime=387954

		org.drip.analytics.curve.DiscountCurve.CreateFromFlatRate.Success=true
		org.drip.analytics.curve.DiscountCurve.CreateFromFlatRate.discountfactor[12-may-2011]=0.9608157444936446
		org.drip.analytics.curve.DiscountCurve.CreateFromFlatRate.discountfactor[12-may-2012]=0.9230658006742032
		org.drip.analytics.curve.DiscountCurve.CreateFromFlatRate.discountfactor[12-may-2013]=0.8868961544914067
		org.drip.analytics.curve.DiscountCurve.CreateFromFlatRate.discountfactor[12-may-2014]=0.8521437889662113
		org.drip.analytics.curve.DiscountCurve.CreateFromFlatRate.discountfactor[12-may-2015]=0.8187531690112055
		org.drip.analytics.curve.DiscountCurve.CreateFromFlatRate.FinishTime=Fri Nov 02 23:28:09 EDT 2018
		org.drip.analytics.curve.DiscountCurve.CreateFromFlatRate.ExecTime=6

		org.drip.analytics.curve.DiscountCurve.BuildFromDF.Success=true
		org.drip.analytics.curve.DiscountCurve.BuildFromDF.discountfactordfcurve[12-may-2011]= 0.996
		org.drip.analytics.curve.DiscountCurve.BuildFromDF.discountfactordfcurve[12-may-2012]= 0.985
		org.drip.analytics.curve.DiscountCurve.BuildFromDF.discountfactordfcurve[12-may-2013]= 0.957
		org.drip.analytics.curve.DiscountCurve.BuildFromDF.discountfactordfcurve[12-may-2014]= 0.927
		org.drip.analytics.curve.DiscountCurve.BuildFromDF.discountfactordfcurve[12-may-2015]= 0.891
		org.drip.analytics.curve.DiscountCurve.BuildFromDF.discountfactorflatrate[12-may-2011]= 0.996
		org.drip.analytics.curve.DiscountCurve.BuildFromDF.discountfactorflatrate[12-may-2012]= 0.985
		org.drip.analytics.curve.DiscountCurve.BuildFromDF.discountfactorflatrate[12-may-2013]= 0.957
		org.drip.analytics.curve.DiscountCurve.BuildFromDF.discountfactorflatrate[12-may-2014]= 0.927
		org.drip.analytics.curve.DiscountCurve.BuildFromDF.discountfactorflatrate[12-may-2015]= 0.891
		org.drip.analytics.curve.DiscountCurve.BuildFromDF.FinishTime=Fri Nov 02 23:28:09 EDT 2018
		org.drip.analytics.curve.DiscountCurve.BuildFromDF.ExecTime=7

		org.drip.analytics.curve.DiscountCurve.CreateDC.Success=true
		org.drip.analytics.curve.DiscountCurve.CreateDC.discountfactorateimplied[12-may-2011]= 0.004
		org.drip.analytics.curve.DiscountCurve.CreateDC.discountfactorateimplied[12-may-2012]= 0.007
		org.drip.analytics.curve.DiscountCurve.CreateDC.discountfactorateimplied[12-may-2013]= 0.015
		org.drip.analytics.curve.DiscountCurve.CreateDC.discountfactorateimplied[12-may-2014]= 0.019
		org.drip.analytics.curve.DiscountCurve.CreateDC.discountfactorateimplied[12-may-2015]= 0.023
		org.drip.analytics.curve.DiscountCurve.CreateDC.discountfactororiginaldc[12-may-2011]= 0.004
		org.drip.analytics.curve.DiscountCurve.CreateDC.discountfactororiginaldc[12-may-2012]= 0.007
		org.drip.analytics.curve.DiscountCurve.CreateDC.discountfactororiginaldc[12-may-2013]= 0.015
		org.drip.analytics.curve.DiscountCurve.CreateDC.discountfactororiginaldc[12-may-2014]= 0.019
		org.drip.analytics.curve.DiscountCurve.CreateDC.discountfactororiginaldc[12-may-2015]= 0.023
		org.drip.analytics.curve.DiscountCurve.CreateDC.FinishTime=Fri Nov 02 23:28:09 EDT 2018
		org.drip.analytics.curve.DiscountCurve.CreateDC.ExecTime=2

		org.drip.analytics.curve.DiscountCurve.BasisRateShiftedCurve.Success=true
		org.drip.analytics.curve.DiscountCurve.BasisRateShiftedCurve.ratebasisempty[12-may-2011]= 0.0400
		org.drip.analytics.curve.DiscountCurve.BasisRateShiftedCurve.ratebasisempty[12-may-2012]= 0.0400
		org.drip.analytics.curve.DiscountCurve.BasisRateShiftedCurve.ratebasisempty[12-may-2013]= 0.0400
		org.drip.analytics.curve.DiscountCurve.BasisRateShiftedCurve.ratebasisempty[12-may-2014]= 0.0400
		org.drip.analytics.curve.DiscountCurve.BasisRateShiftedCurve.ratebasisempty[12-may-2015]= 0.0400
		org.drip.analytics.curve.DiscountCurve.BasisRateShiftedCurve.ratebasisshifted[12-may-2011]= 0.0401
		org.drip.analytics.curve.DiscountCurve.BasisRateShiftedCurve.ratebasisshifted[12-may-2012]= 0.0402
		org.drip.analytics.curve.DiscountCurve.BasisRateShiftedCurve.ratebasisshifted[12-may-2013]= 0.0402
		org.drip.analytics.curve.DiscountCurve.BasisRateShiftedCurve.ratebasisshifted[12-may-2014]= 0.0402
		org.drip.analytics.curve.DiscountCurve.BasisRateShiftedCurve.ratebasisshifted[12-may-2015]= 0.0403
		org.drip.analytics.curve.DiscountCurve.BasisRateShiftedCurve.FinishTime=Fri Nov 02 23:28:09 EDT 2018
		org.drip.analytics.curve.DiscountCurve.BasisRateShiftedCurve.ExecTime=41

		org.drip.analytics.curve.DiscountCurve.EffectiveDF.Success=true
		org.drip.analytics.curve.DiscountCurve.EffectiveDF.effective[12-may-2011]= 0.9904
		org.drip.analytics.curve.DiscountCurve.EffectiveDF.effective[12-may-2012]= 0.9686
		org.drip.analytics.curve.DiscountCurve.EffectiveDF.effective[12-may-2013]= 0.9389
		org.drip.analytics.curve.DiscountCurve.EffectiveDF.effective[12-may-2014]= 0.9056
		org.drip.analytics.curve.DiscountCurve.EffectiveDF.effective[12-may-2015]= 0.8677
		org.drip.analytics.curve.DiscountCurve.EffectiveDF.FinishTime=Fri Nov 02 23:28:09 EDT 2018
		org.drip.analytics.curve.DiscountCurve.EffectiveDF.ExecTime=26

		org.drip.analytics.curve.DiscountCurve.CalcImpliedRate.Success=true
		org.drip.analytics.curve.DiscountCurve.CalcImpliedRate.impliedrate[12-may-2011]= 0.0110
		org.drip.analytics.curve.DiscountCurve.CalcImpliedRate.impliedrate[12-may-2012]= 0.0297
		org.drip.analytics.curve.DiscountCurve.CalcImpliedRate.impliedrate[12-may-2013]= 0.0311
		org.drip.analytics.curve.DiscountCurve.CalcImpliedRate.impliedrate[12-may-2014]= 0.0397
		org.drip.analytics.curve.DiscountCurve.CalcImpliedRate.impliedrate[12-may-2015]= 0.0451
		org.drip.analytics.curve.DiscountCurve.CalcImpliedRate.FinishTime=Fri Nov 02 23:28:09 EDT 2018
		org.drip.analytics.curve.DiscountCurve.CalcImpliedRate.ExecTime=14
	org.drip.analytics.curve.DiscountCurve=> 388050 (mu-s): 7 / 11 succeeded.
	org.drip.analytics.curve.DiscountCurve ends at Fri Nov 02 23:28:09 EDT 2018

	org.drip.analytics.curve.CreditCurve starts at Fri Nov 02 23:28:09 EDT 2018

		org.drip.analytics.curve.CreditCurve.CreateSNAC.Success=true
		org.drip.analytics.curve.CreditCurve.CreateSNAC.FinishTime=Fri Nov 02 23:28:09 EDT 2018
		org.drip.analytics.curve.CreditCurve.CreateSNAC.ExecTime=113636

		org.drip.analytics.curve.CreditCurve.FromFlatHazard.Success=true
		org.drip.analytics.curve.CreditCurve.FromFlatHazard.hazardratefromhazardcurve[12-may-2011]= 0.0200
		org.drip.analytics.curve.CreditCurve.FromFlatHazard.hazardratefromhazardcurve[12-may-2012]= 0.0200
		org.drip.analytics.curve.CreditCurve.FromFlatHazard.hazardratefromhazardcurve[12-may-2013]= 0.0200
		org.drip.analytics.curve.CreditCurve.FromFlatHazard.hazardratefromhazardcurve[12-may-2014]= 0.0200
		org.drip.analytics.curve.CreditCurve.FromFlatHazard.hazardratefromhazardcurve[12-may-2015]= 0.0200
		org.drip.analytics.curve.CreditCurve.FromFlatHazard.FinishTime=Fri Nov 02 23:28:09 EDT 2018
		org.drip.analytics.curve.CreditCurve.FromFlatHazard.ExecTime=5

		org.drip.analytics.curve.CreditCurve.FromSurvival.Success=true
		org.drip.analytics.curve.CreditCurve.FromSurvival.survivalfromoriginal[12-may-2011]= 0.9000
		org.drip.analytics.curve.CreditCurve.FromSurvival.survivalfromoriginal[12-may-2012]= 0.8000
		org.drip.analytics.curve.CreditCurve.FromSurvival.survivalfromoriginal[12-may-2013]= 0.7000
		org.drip.analytics.curve.CreditCurve.FromSurvival.survivalfromoriginal[12-may-2014]= 0.6000
		org.drip.analytics.curve.CreditCurve.FromSurvival.survivalfromoriginal[12-may-2015]= 0.5000
		org.drip.analytics.curve.CreditCurve.FromSurvival.survivalfromsurvival[12-may-2011]= 0.9000
		org.drip.analytics.curve.CreditCurve.FromSurvival.survivalfromsurvival[12-may-2012]= 0.8000
		org.drip.analytics.curve.CreditCurve.FromSurvival.survivalfromsurvival[12-may-2013]= 0.7000
		org.drip.analytics.curve.CreditCurve.FromSurvival.survivalfromsurvival[12-may-2014]= 0.6000
		org.drip.analytics.curve.CreditCurve.FromSurvival.survivalfromsurvival[12-may-2015]= 0.5000
		org.drip.analytics.curve.CreditCurve.FromSurvival.FinishTime=Fri Nov 02 23:28:09 EDT 2018
		org.drip.analytics.curve.CreditCurve.FromSurvival.ExecTime=9

		org.drip.analytics.curve.CreditCurve.FromHazard.Success=true
		org.drip.analytics.curve.CreditCurve.FromHazard.hazardfromhazard[12-may-2010-12-may-2011]= 0.0090
		org.drip.analytics.curve.CreditCurve.FromHazard.hazardfromhazard[12-may-2011-12-may-2012]= 0.0080
		org.drip.analytics.curve.CreditCurve.FromHazard.hazardfromhazard[12-may-2012-12-may-2013]= 0.0070
		org.drip.analytics.curve.CreditCurve.FromHazard.hazardfromhazard[12-may-2013-12-may-2014]= 0.0060
		org.drip.analytics.curve.CreditCurve.FromHazard.hazardfromhazard[12-may-2014-12-may-2015]= 0.0050
		org.drip.analytics.curve.CreditCurve.FromHazard.hazardfromoriginal[12-may-2010-12-may-2011]= 0.0090
		org.drip.analytics.curve.CreditCurve.FromHazard.hazardfromoriginal[12-may-2011-12-may-2012]= 0.0080
		org.drip.analytics.curve.CreditCurve.FromHazard.hazardfromoriginal[12-may-2012-12-may-2013]= 0.0070
		org.drip.analytics.curve.CreditCurve.FromHazard.hazardfromoriginal[12-may-2013-12-may-2014]= 0.0060
		org.drip.analytics.curve.CreditCurve.FromHazard.hazardfromoriginal[12-may-2014-12-may-2015]= 0.0050
		org.drip.analytics.curve.CreditCurve.FromHazard.FinishTime=Fri Nov 02 23:28:09 EDT 2018
		org.drip.analytics.curve.CreditCurve.FromHazard.ExecTime=4

		org.drip.analytics.curve.CreditCurve.CompAndQuotes.Success=true
		org.drip.analytics.curve.CreditCurve.CompAndQuotes.compquote_cds.1y.corp[20-jun-2011]= 50.0000
		org.drip.analytics.curve.CreditCurve.CompAndQuotes.compquote_cds.2y.corp[20-jun-2012]= 100.0000
		org.drip.analytics.curve.CreditCurve.CompAndQuotes.compquote_cds.3y.corp[20-jun-2013]= 150.0000
		org.drip.analytics.curve.CreditCurve.CompAndQuotes.compquote_cds.4y.corp[20-jun-2014]= 200.0000
		org.drip.analytics.curve.CreditCurve.CompAndQuotes.compquote_cds.5y.corp[20-jun-2015]= 250.0000
		org.drip.analytics.curve.CreditCurve.CompAndQuotes.FinishTime=Fri Nov 02 23:28:09 EDT 2018
		org.drip.analytics.curve.CreditCurve.CompAndQuotes.ExecTime=2

		org.drip.analytics.curve.CreditCurve.ParallelHazardShiftedCurve.Success=true
		org.drip.analytics.curve.CreditCurve.ParallelHazardShiftedCurve.basecurvehazard[12-may-2010-20-jun-2011]= 0.0083
		org.drip.analytics.curve.CreditCurve.ParallelHazardShiftedCurve.basecurvehazard[12-may-2010-20-jun-2012]= 0.0169
		org.drip.analytics.curve.CreditCurve.ParallelHazardShiftedCurve.basecurvehazard[12-may-2010-20-jun-2013]= 0.0258
		org.drip.analytics.curve.CreditCurve.ParallelHazardShiftedCurve.basecurvehazard[12-may-2010-20-jun-2014]= 0.0351
		org.drip.analytics.curve.CreditCurve.ParallelHazardShiftedCurve.basecurvehazard[12-may-2010-20-jun-2015]= 0.0449
		org.drip.analytics.curve.CreditCurve.ParallelHazardShiftedCurve.parallelshiftedcurvehazard[12-may-2010-20-jun-2011]= 0.0088
		org.drip.analytics.curve.CreditCurve.ParallelHazardShiftedCurve.parallelshiftedcurvehazard[12-may-2010-20-jun-2012]= 0.0174
		org.drip.analytics.curve.CreditCurve.ParallelHazardShiftedCurve.parallelshiftedcurvehazard[12-may-2010-20-jun-2013]= 0.0263
		org.drip.analytics.curve.CreditCurve.ParallelHazardShiftedCurve.parallelshiftedcurvehazard[12-may-2010-20-jun-2014]= 0.0356
		org.drip.analytics.curve.CreditCurve.ParallelHazardShiftedCurve.parallelshiftedcurvehazard[12-may-2010-20-jun-2015]= 0.0454
		org.drip.analytics.curve.CreditCurve.ParallelHazardShiftedCurve.FinishTime=Fri Nov 02 23:28:09 EDT 2018
		org.drip.analytics.curve.CreditCurve.ParallelHazardShiftedCurve.ExecTime=4

		org.drip.analytics.curve.CreditCurve.ParallelQuoteShiftedCurve.Success=true
		org.drip.analytics.curve.CreditCurve.ParallelQuoteShiftedCurve.basecurvequote[20-jun-2011]= 50.00000
		org.drip.analytics.curve.CreditCurve.ParallelQuoteShiftedCurve.basecurvequote[20-jun-2012]= 100.00000
		org.drip.analytics.curve.CreditCurve.ParallelQuoteShiftedCurve.basecurvequote[20-jun-2013]= 150.00000
		org.drip.analytics.curve.CreditCurve.ParallelQuoteShiftedCurve.basecurvequote[20-jun-2014]= 200.00000
		org.drip.analytics.curve.CreditCurve.ParallelQuoteShiftedCurve.basecurvequote[20-jun-2015]= 250.00000
		org.drip.analytics.curve.CreditCurve.ParallelQuoteShiftedCurve.parallelshiftedcurvequote[20-jun-2011]= 55.00000
		org.drip.analytics.curve.CreditCurve.ParallelQuoteShiftedCurve.parallelshiftedcurvequote[20-jun-2012]= 105.00000
		org.drip.analytics.curve.CreditCurve.ParallelQuoteShiftedCurve.parallelshiftedcurvequote[20-jun-2013]= 155.00000
		org.drip.analytics.curve.CreditCurve.ParallelQuoteShiftedCurve.parallelshiftedcurvequote[20-jun-2014]= 205.00000
		org.drip.analytics.curve.CreditCurve.ParallelQuoteShiftedCurve.parallelshiftedcurvequote[20-jun-2015]= 255.00000
		org.drip.analytics.curve.CreditCurve.ParallelQuoteShiftedCurve.FinishTime=Fri Nov 02 23:28:09 EDT 2018
		org.drip.analytics.curve.CreditCurve.ParallelQuoteShiftedCurve.ExecTime=114277

		org.drip.analytics.curve.CreditCurve.NodeTweakedCurve.Success=true
		org.drip.analytics.curve.CreditCurve.NodeTweakedCurve.tweakedhazard[20-jun-2011]= 0.00000
		org.drip.analytics.curve.CreditCurve.NodeTweakedCurve.tweakedhazard[20-jun-2012]= 0.00000
		org.drip.analytics.curve.CreditCurve.NodeTweakedCurve.tweakedhazard[20-jun-2013]= 0.00001
		org.drip.analytics.curve.CreditCurve.NodeTweakedCurve.tweakedhazard[20-jun-2014]= 0.00001
		org.drip.analytics.curve.CreditCurve.NodeTweakedCurve.tweakedhazard[20-jun-2015]= 0.00001
		org.drip.analytics.curve.CreditCurve.NodeTweakedCurve.untweakedhazard[20-jun-2011]= 0.00833
		org.drip.analytics.curve.CreditCurve.NodeTweakedCurve.untweakedhazard[20-jun-2012]= 0.01690
		org.drip.analytics.curve.CreditCurve.NodeTweakedCurve.untweakedhazard[20-jun-2013]= 0.02578
		org.drip.analytics.curve.CreditCurve.NodeTweakedCurve.untweakedhazard[20-jun-2014]= 0.03505
		org.drip.analytics.curve.CreditCurve.NodeTweakedCurve.untweakedhazard[20-jun-2015]= 0.04487
		org.drip.analytics.curve.CreditCurve.NodeTweakedCurve.FinishTime=Fri Nov 02 23:28:10 EDT 2018
		org.drip.analytics.curve.CreditCurve.NodeTweakedCurve.ExecTime=45766

		org.drip.analytics.curve.CreditCurve.FlatCurve.Success=true
		org.drip.analytics.curve.CreditCurve.FlatCurve.flathazard[12-may-2011]= 0.01498
		org.drip.analytics.curve.CreditCurve.FlatCurve.flathazard[12-may-2012]= 0.01498
		org.drip.analytics.curve.CreditCurve.FlatCurve.flathazard[12-may-2013]= 0.01498
		org.drip.analytics.curve.CreditCurve.FlatCurve.flathazard[12-may-2014]= 0.01498
		org.drip.analytics.curve.CreditCurve.FlatCurve.flathazard[12-may-2015]= 0.01498
		org.drip.analytics.curve.CreditCurve.FlatCurve.FinishTime=Fri Nov 02 23:28:10 EDT 2018
		org.drip.analytics.curve.CreditCurve.FlatCurve.ExecTime=95833

		org.drip.analytics.curve.CreditCurve.EffectiveSurvival.Success=true
		org.drip.analytics.curve.CreditCurve.EffectiveSurvival.effectivesurvival[12-may-2011]= 0.9778
		org.drip.analytics.curve.CreditCurve.EffectiveSurvival.effectivesurvival[12-may-2012]= 0.9439
		org.drip.analytics.curve.CreditCurve.EffectiveSurvival.effectivesurvival[12-may-2013]= 0.8943
		org.drip.analytics.curve.CreditCurve.EffectiveSurvival.effectivesurvival[12-may-2014]= 0.8305
		org.drip.analytics.curve.CreditCurve.EffectiveSurvival.effectivesurvival[12-may-2015]= 0.7629
		org.drip.analytics.curve.CreditCurve.EffectiveSurvival.FinishTime=Fri Nov 02 23:28:10 EDT 2018
		org.drip.analytics.curve.CreditCurve.EffectiveSurvival.ExecTime=20

		org.drip.analytics.curve.CreditCurve.EffectiveRecovery.Success=true
		org.drip.analytics.curve.CreditCurve.EffectiveRecovery.curverecovery[1y-2y]= 0.4000- 0.4000
		org.drip.analytics.curve.CreditCurve.EffectiveRecovery.curverecovery[2y-3y]= 0.4000- 0.4000
		org.drip.analytics.curve.CreditCurve.EffectiveRecovery.curverecovery[3y-4y]= 0.4000- 0.4000
		org.drip.analytics.curve.CreditCurve.EffectiveRecovery.curverecovery[4y-5y]= 0.4000- 0.4000
		org.drip.analytics.curve.CreditCurve.EffectiveRecovery.curverecovery[5y-6y]= 0.4000- 0.4000
		org.drip.analytics.curve.CreditCurve.EffectiveRecovery.effectiverecovery[1y-2y]= 0.4000
		org.drip.analytics.curve.CreditCurve.EffectiveRecovery.effectiverecovery[2y-3y]= 0.4000
		org.drip.analytics.curve.CreditCurve.EffectiveRecovery.effectiverecovery[3y-4y]= 0.4000
		org.drip.analytics.curve.CreditCurve.EffectiveRecovery.effectiverecovery[4y-5y]= 0.4000
		org.drip.analytics.curve.CreditCurve.EffectiveRecovery.effectiverecovery[5y-6y]= 0.4000
		org.drip.analytics.curve.CreditCurve.EffectiveRecovery.FinishTime=Fri Nov 02 23:28:10 EDT 2018
		org.drip.analytics.curve.CreditCurve.EffectiveRecovery.ExecTime=8
	org.drip.analytics.curve.CreditCurve=> 369564 (mu-s): 11 / 12 succeeded.
	org.drip.analytics.curve.CreditCurve ends at Fri Nov 02 23:28:10 EDT 2018

	org.drip.analytics.curve.ZeroCurve starts at Fri Nov 02 23:28:10 EDT 2018

		org.drip.analytics.curve.ZeroCurve.CreateZeroCurveFromPeriods.Success=true
		org.drip.analytics.curve.ZeroCurve.CreateZeroCurveFromPeriods.FinishTime=Fri Nov 02 23:28:10 EDT 2018
		org.drip.analytics.curve.ZeroCurve.CreateZeroCurveFromPeriods.ExecTime=44668

		org.drip.analytics.curve.ZeroCurve.getZeroDF.Success=true
		org.drip.analytics.curve.ZeroCurve.getZeroDF.zerodf[25-mar-2009]=1.0
		org.drip.analytics.curve.ZeroCurve.getZeroDF.zerodf[25-mar-2010]=1.0
		org.drip.analytics.curve.ZeroCurve.getZeroDF.zerodf[25-mar-2011]=0.9453591669691728
		org.drip.analytics.curve.ZeroCurve.getZeroDF.zerodf[25-mar-2012]=0.8868235493924537
		org.drip.analytics.curve.ZeroCurve.getZeroDF.zerodf[25-mar-2013]=0.8320875646552512
		org.drip.analytics.curve.ZeroCurve.getZeroDF.zerodf[25-mar-2014]=0.7814644409514604
		org.drip.analytics.curve.ZeroCurve.getZeroDF.zerodf[25-mar-2015]=0.7339570583860968
		org.drip.analytics.curve.ZeroCurve.getZeroDF.zerodf[25-mar-2016]=0.6898868863348788
		org.drip.analytics.curve.ZeroCurve.getZeroDF.zerodf[25-mar-2017]=0.6485950148105171
		org.drip.analytics.curve.ZeroCurve.getZeroDF.zerodf[25-mar-2018]=0.6103494651971445
		org.drip.analytics.curve.ZeroCurve.getZeroDF.zerodf[25-mar-2019]=0.5744050069845413
		org.drip.analytics.curve.ZeroCurve.getZeroDF.zerodf[25-mar-2020]=0.540486868726277
		org.drip.analytics.curve.ZeroCurve.getZeroDF.zerodf[25-mar-2021]=0.5084539400371967
		org.drip.analytics.curve.ZeroCurve.getZeroDF.zerodf[25-mar-2022]=0.47559493839476963
		org.drip.analytics.curve.ZeroCurve.getZeroDF.zerodf[25-mar-2023]=0.4069313441716681
		org.drip.analytics.curve.ZeroCurve.getZeroDF.zerodf[25-sep-2009]=1.0
		org.drip.analytics.curve.ZeroCurve.getZeroDF.zerodf[25-sep-2010]=0.9762269828569646
		org.drip.analytics.curve.ZeroCurve.getZeroDF.zerodf[25-sep-2011]=0.9154084785211436
		org.drip.analytics.curve.ZeroCurve.getZeroDF.zerodf[25-sep-2012]=0.8588426182093616
		org.drip.analytics.curve.ZeroCurve.getZeroDF.zerodf[25-sep-2013]=0.8061345827025594
		org.drip.analytics.curve.ZeroCurve.getZeroDF.zerodf[25-sep-2014]=0.757181128310905
		org.drip.analytics.curve.ZeroCurve.getZeroDF.zerodf[25-sep-2015]=0.7114185570376885
		org.drip.analytics.curve.ZeroCurve.getZeroDF.zerodf[25-sep-2016]=0.6687900276745816
		org.drip.analytics.curve.ZeroCurve.getZeroDF.zerodf[25-sep-2017]=0.6289951191437723
		org.drip.analytics.curve.ZeroCurve.getZeroDF.zerodf[25-sep-2018]=0.5919696956968256
		org.drip.analytics.curve.ZeroCurve.getZeroDF.zerodf[25-sep-2019]=0.5571152387199033
		org.drip.analytics.curve.ZeroCurve.getZeroDF.zerodf[25-sep-2020]=0.5242961339488906
		org.drip.analytics.curve.ZeroCurve.getZeroDF.zerodf[25-sep-2021]=0.494216711086729
		org.drip.analytics.curve.ZeroCurve.getZeroDF.zerodf[25-sep-2022]=0.47618076921368024
		org.drip.analytics.curve.ZeroCurve.getZeroDF.zerodf[25-sep-2023]=0.6022794664929204
		org.drip.analytics.curve.ZeroCurve.getZeroDF.FinishTime=Fri Nov 02 23:28:10 EDT 2018
		org.drip.analytics.curve.ZeroCurve.getZeroDF.ExecTime=49

		org.drip.analytics.curve.ZeroCurve.getZeroRate.Success=true
		org.drip.analytics.curve.ZeroCurve.getZeroRate.zerorate[25-mar-2009]=1.0
		org.drip.analytics.curve.ZeroCurve.getZeroRate.zerorate[25-mar-2010]=1.0
		org.drip.analytics.curve.ZeroCurve.getZeroRate.zerorate[25-mar-2011]=-0.07425813881622456
		org.drip.analytics.curve.ZeroCurve.getZeroRate.zerorate[25-mar-2012]=0.055269844807190084
		org.drip.analytics.curve.ZeroCurve.getZeroRate.zerorate[25-mar-2013]=0.06441786082851177
		org.drip.analytics.curve.ZeroCurve.getZeroRate.zerorate[25-mar-2014]=0.06473232664638341
		org.drip.analytics.curve.ZeroCurve.getZeroRate.zerorate[25-mar-2015]=0.06456051974569203
		org.drip.analytics.curve.ZeroCurve.getZeroRate.zerorate[25-mar-2016]=0.06427043322024331
		org.drip.analytics.curve.ZeroCurve.getZeroRate.zerorate[25-mar-2017]=0.06404352526090332
		org.drip.analytics.curve.ZeroCurve.getZeroRate.zerorate[25-mar-2018]=0.06372904077599872
		org.drip.analytics.curve.ZeroCurve.getZeroRate.zerorate[25-mar-2019]=0.06324024899813306
		org.drip.analytics.curve.ZeroCurve.getZeroRate.zerorate[25-mar-2020]=0.059559651229139025
		org.drip.analytics.curve.ZeroCurve.getZeroRate.zerorate[25-mar-2021]=0.010974603994408444
		org.drip.analytics.curve.ZeroCurve.getZeroRate.zerorate[25-mar-2022]=-0.6640233091295473
		org.drip.analytics.curve.ZeroCurve.getZeroRate.zerorate[25-mar-2023]=-10.064388824655712
		org.drip.analytics.curve.ZeroCurve.getZeroRate.zerorate[25-sep-2009]=1.0
		org.drip.analytics.curve.ZeroCurve.getZeroRate.zerorate[25-sep-2010]=0.5878966264029237
		org.drip.analytics.curve.ZeroCurve.getZeroRate.zerorate[25-sep-2011]=0.10315762101020018
		org.drip.analytics.curve.ZeroCurve.getZeroRate.zerorate[25-sep-2012]=0.06796312275028718
		org.drip.analytics.curve.ZeroCurve.getZeroRate.zerorate[25-sep-2013]=0.06518721130231139
		org.drip.analytics.curve.ZeroCurve.getZeroRate.zerorate[25-sep-2014]=0.06469759638553169
		org.drip.analytics.curve.ZeroCurve.getZeroRate.zerorate[25-sep-2015]=0.06442885960437045
		org.drip.analytics.curve.ZeroCurve.getZeroRate.zerorate[25-sep-2016]=0.06417012564661594
		org.drip.analytics.curve.ZeroCurve.getZeroRate.zerorate[25-sep-2017]=0.06391947550733557
		org.drip.analytics.curve.ZeroCurve.getZeroRate.zerorate[25-sep-2018]=0.06371031801917165
		org.drip.analytics.curve.ZeroCurve.getZeroRate.zerorate[25-sep-2019]=0.06444012495120544
		org.drip.analytics.curve.ZeroCurve.getZeroRate.zerorate[25-sep-2020]=0.07747489454278325
		org.drip.analytics.curve.ZeroCurve.getZeroRate.zerorate[25-sep-2021]=0.26100421418090397
		org.drip.analytics.curve.ZeroCurve.getZeroRate.zerorate[25-sep-2022]=2.8193601696238257
		org.drip.analytics.curve.ZeroCurve.getZeroRate.zerorate[25-sep-2023]=38.4563358903995
		org.drip.analytics.curve.ZeroCurve.getZeroRate.FinishTime=Fri Nov 02 23:28:10 EDT 2018
		org.drip.analytics.curve.ZeroCurve.getZeroRate.ExecTime=33
	org.drip.analytics.curve.ZeroCurve=> 44750 (mu-s): 3 / 3 succeeded.
	org.drip.analytics.curve.ZeroCurve ends at Fri Nov 02 23:28:10 EDT 2018

	org.drip.analytics.curve.DiscountCurve starts at Fri Nov 02 23:28:10 EDT 2018

		org.drip.analytics.curve.DiscountCurve.CreateFromRatesInstruments.Success=true
		org.drip.analytics.curve.DiscountCurve.CreateFromRatesInstruments.FinishTime=Fri Nov 02 23:28:10 EDT 2018
		org.drip.analytics.curve.DiscountCurve.CreateFromRatesInstruments.ExecTime=429609

		org.drip.analytics.curve.DiscountCurve.CreateFromFlatRate.Success=true
		org.drip.analytics.curve.DiscountCurve.CreateFromFlatRate.discountfactor[12-may-2011]=0.9608157444936446
		org.drip.analytics.curve.DiscountCurve.CreateFromFlatRate.discountfactor[12-may-2012]=0.9230658006742032
		org.drip.analytics.curve.DiscountCurve.CreateFromFlatRate.discountfactor[12-may-2013]=0.8868961544914067
		org.drip.analytics.curve.DiscountCurve.CreateFromFlatRate.discountfactor[12-may-2014]=0.8521437889662113
		org.drip.analytics.curve.DiscountCurve.CreateFromFlatRate.discountfactor[12-may-2015]=0.8187531690112055
		org.drip.analytics.curve.DiscountCurve.CreateFromFlatRate.FinishTime=Fri Nov 02 23:28:10 EDT 2018
		org.drip.analytics.curve.DiscountCurve.CreateFromFlatRate.ExecTime=6

		org.drip.analytics.curve.DiscountCurve.BuildFromDF.Success=true
		org.drip.analytics.curve.DiscountCurve.BuildFromDF.discountfactordfcurve[12-may-2011]= 0.996
		org.drip.analytics.curve.DiscountCurve.BuildFromDF.discountfactordfcurve[12-may-2012]= 0.985
		org.drip.analytics.curve.DiscountCurve.BuildFromDF.discountfactordfcurve[12-may-2013]= 0.957
		org.drip.analytics.curve.DiscountCurve.BuildFromDF.discountfactordfcurve[12-may-2014]= 0.927
		org.drip.analytics.curve.DiscountCurve.BuildFromDF.discountfactordfcurve[12-may-2015]= 0.891
		org.drip.analytics.curve.DiscountCurve.BuildFromDF.discountfactorflatrate[12-may-2011]= 0.996
		org.drip.analytics.curve.DiscountCurve.BuildFromDF.discountfactorflatrate[12-may-2012]= 0.985
		org.drip.analytics.curve.DiscountCurve.BuildFromDF.discountfactorflatrate[12-may-2013]= 0.957
		org.drip.analytics.curve.DiscountCurve.BuildFromDF.discountfactorflatrate[12-may-2014]= 0.927
		org.drip.analytics.curve.DiscountCurve.BuildFromDF.discountfactorflatrate[12-may-2015]= 0.891
		org.drip.analytics.curve.DiscountCurve.BuildFromDF.FinishTime=Fri Nov 02 23:28:10 EDT 2018
		org.drip.analytics.curve.DiscountCurve.BuildFromDF.ExecTime=4

		org.drip.analytics.curve.DiscountCurve.CreateDC.Success=true
		org.drip.analytics.curve.DiscountCurve.CreateDC.discountfactorateimplied[12-may-2011]= 0.004
		org.drip.analytics.curve.DiscountCurve.CreateDC.discountfactorateimplied[12-may-2012]= 0.007
		org.drip.analytics.curve.DiscountCurve.CreateDC.discountfactorateimplied[12-may-2013]= 0.015
		org.drip.analytics.curve.DiscountCurve.CreateDC.discountfactorateimplied[12-may-2014]= 0.019
		org.drip.analytics.curve.DiscountCurve.CreateDC.discountfactorateimplied[12-may-2015]= 0.023
		org.drip.analytics.curve.DiscountCurve.CreateDC.discountfactororiginaldc[12-may-2011]= 0.004
		org.drip.analytics.curve.DiscountCurve.CreateDC.discountfactororiginaldc[12-may-2012]= 0.007
		org.drip.analytics.curve.DiscountCurve.CreateDC.discountfactororiginaldc[12-may-2013]= 0.015
		org.drip.analytics.curve.DiscountCurve.CreateDC.discountfactororiginaldc[12-may-2014]= 0.019
		org.drip.analytics.curve.DiscountCurve.CreateDC.discountfactororiginaldc[12-may-2015]= 0.023
		org.drip.analytics.curve.DiscountCurve.CreateDC.FinishTime=Fri Nov 02 23:28:10 EDT 2018
		org.drip.analytics.curve.DiscountCurve.CreateDC.ExecTime=1

		org.drip.analytics.curve.DiscountCurve.BasisRateShiftedCurve.Success=true
		org.drip.analytics.curve.DiscountCurve.BasisRateShiftedCurve.ratebasisempty[12-may-2011]= 0.0400
		org.drip.analytics.curve.DiscountCurve.BasisRateShiftedCurve.ratebasisempty[12-may-2012]= 0.0400
		org.drip.analytics.curve.DiscountCurve.BasisRateShiftedCurve.ratebasisempty[12-may-2013]= 0.0400
		org.drip.analytics.curve.DiscountCurve.BasisRateShiftedCurve.ratebasisempty[12-may-2014]= 0.0400
		org.drip.analytics.curve.DiscountCurve.BasisRateShiftedCurve.ratebasisempty[12-may-2015]= 0.0400
		org.drip.analytics.curve.DiscountCurve.BasisRateShiftedCurve.ratebasisshifted[12-may-2011]= 0.0401
		org.drip.analytics.curve.DiscountCurve.BasisRateShiftedCurve.ratebasisshifted[12-may-2012]= 0.0402
		org.drip.analytics.curve.DiscountCurve.BasisRateShiftedCurve.ratebasisshifted[12-may-2013]= 0.0402
		org.drip.analytics.curve.DiscountCurve.BasisRateShiftedCurve.ratebasisshifted[12-may-2014]= 0.0402
		org.drip.analytics.curve.DiscountCurve.BasisRateShiftedCurve.ratebasisshifted[12-may-2015]= 0.0403
		org.drip.analytics.curve.DiscountCurve.BasisRateShiftedCurve.FinishTime=Fri Nov 02 23:28:10 EDT 2018
		org.drip.analytics.curve.DiscountCurve.BasisRateShiftedCurve.ExecTime=4

		org.drip.analytics.curve.DiscountCurve.EffectiveDF.Success=true
		org.drip.analytics.curve.DiscountCurve.EffectiveDF.effective[12-may-2011]= 0.9904
		org.drip.analytics.curve.DiscountCurve.EffectiveDF.effective[12-may-2012]= 0.9686
		org.drip.analytics.curve.DiscountCurve.EffectiveDF.effective[12-may-2013]= 0.9389
		org.drip.analytics.curve.DiscountCurve.EffectiveDF.effective[12-may-2014]= 0.9056
		org.drip.analytics.curve.DiscountCurve.EffectiveDF.effective[12-may-2015]= 0.8677
		org.drip.analytics.curve.DiscountCurve.EffectiveDF.FinishTime=Fri Nov 02 23:28:10 EDT 2018
		org.drip.analytics.curve.DiscountCurve.EffectiveDF.ExecTime=38

		org.drip.analytics.curve.DiscountCurve.CalcImpliedRate.Success=true
		org.drip.analytics.curve.DiscountCurve.CalcImpliedRate.impliedrate[12-may-2011]= 0.0110
		org.drip.analytics.curve.DiscountCurve.CalcImpliedRate.impliedrate[12-may-2012]= 0.0297
		org.drip.analytics.curve.DiscountCurve.CalcImpliedRate.impliedrate[12-may-2013]= 0.0311
		org.drip.analytics.curve.DiscountCurve.CalcImpliedRate.impliedrate[12-may-2014]= 0.0397
		org.drip.analytics.curve.DiscountCurve.CalcImpliedRate.impliedrate[12-may-2015]= 0.0451
		org.drip.analytics.curve.DiscountCurve.CalcImpliedRate.FinishTime=Fri Nov 02 23:28:10 EDT 2018
		org.drip.analytics.curve.DiscountCurve.CalcImpliedRate.ExecTime=12
	org.drip.analytics.curve.DiscountCurve=> 429674 (mu-s): 7 / 11 succeeded.
	org.drip.analytics.curve.DiscountCurve ends at Fri Nov 02 23:28:10 EDT 2018

	org.drip.analytics.curve.CreditCurve starts at Fri Nov 02 23:28:10 EDT 2018

		org.drip.analytics.curve.CreditCurve.CreateSNAC.Success=true
		org.drip.analytics.curve.CreditCurve.CreateSNAC.FinishTime=Fri Nov 02 23:28:10 EDT 2018
		org.drip.analytics.curve.CreditCurve.CreateSNAC.ExecTime=106981

		org.drip.analytics.curve.CreditCurve.FromFlatHazard.Success=true
		org.drip.analytics.curve.CreditCurve.FromFlatHazard.hazardratefromhazardcurve[12-may-2011]= 0.0200
		org.drip.analytics.curve.CreditCurve.FromFlatHazard.hazardratefromhazardcurve[12-may-2012]= 0.0200
		org.drip.analytics.curve.CreditCurve.FromFlatHazard.hazardratefromhazardcurve[12-may-2013]= 0.0200
		org.drip.analytics.curve.CreditCurve.FromFlatHazard.hazardratefromhazardcurve[12-may-2014]= 0.0200
		org.drip.analytics.curve.CreditCurve.FromFlatHazard.hazardratefromhazardcurve[12-may-2015]= 0.0200
		org.drip.analytics.curve.CreditCurve.FromFlatHazard.FinishTime=Fri Nov 02 23:28:10 EDT 2018
		org.drip.analytics.curve.CreditCurve.FromFlatHazard.ExecTime=7

		org.drip.analytics.curve.CreditCurve.FromSurvival.Success=true
		org.drip.analytics.curve.CreditCurve.FromSurvival.survivalfromoriginal[12-may-2011]= 0.9000
		org.drip.analytics.curve.CreditCurve.FromSurvival.survivalfromoriginal[12-may-2012]= 0.8000
		org.drip.analytics.curve.CreditCurve.FromSurvival.survivalfromoriginal[12-may-2013]= 0.7000
		org.drip.analytics.curve.CreditCurve.FromSurvival.survivalfromoriginal[12-may-2014]= 0.6000
		org.drip.analytics.curve.CreditCurve.FromSurvival.survivalfromoriginal[12-may-2015]= 0.5000
		org.drip.analytics.curve.CreditCurve.FromSurvival.survivalfromsurvival[12-may-2011]= 0.9000
		org.drip.analytics.curve.CreditCurve.FromSurvival.survivalfromsurvival[12-may-2012]= 0.8000
		org.drip.analytics.curve.CreditCurve.FromSurvival.survivalfromsurvival[12-may-2013]= 0.7000
		org.drip.analytics.curve.CreditCurve.FromSurvival.survivalfromsurvival[12-may-2014]= 0.6000
		org.drip.analytics.curve.CreditCurve.FromSurvival.survivalfromsurvival[12-may-2015]= 0.5000
		org.drip.analytics.curve.CreditCurve.FromSurvival.FinishTime=Fri Nov 02 23:28:10 EDT 2018
		org.drip.analytics.curve.CreditCurve.FromSurvival.ExecTime=4

		org.drip.analytics.curve.CreditCurve.FromHazard.Success=true
		org.drip.analytics.curve.CreditCurve.FromHazard.hazardfromhazard[12-may-2010-12-may-2011]= 0.0090
		org.drip.analytics.curve.CreditCurve.FromHazard.hazardfromhazard[12-may-2011-12-may-2012]= 0.0080
		org.drip.analytics.curve.CreditCurve.FromHazard.hazardfromhazard[12-may-2012-12-may-2013]= 0.0070
		org.drip.analytics.curve.CreditCurve.FromHazard.hazardfromhazard[12-may-2013-12-may-2014]= 0.0060
		org.drip.analytics.curve.CreditCurve.FromHazard.hazardfromhazard[12-may-2014-12-may-2015]= 0.0050
		org.drip.analytics.curve.CreditCurve.FromHazard.hazardfromoriginal[12-may-2010-12-may-2011]= 0.0090
		org.drip.analytics.curve.CreditCurve.FromHazard.hazardfromoriginal[12-may-2011-12-may-2012]= 0.0080
		org.drip.analytics.curve.CreditCurve.FromHazard.hazardfromoriginal[12-may-2012-12-may-2013]= 0.0070
		org.drip.analytics.curve.CreditCurve.FromHazard.hazardfromoriginal[12-may-2013-12-may-2014]= 0.0060
		org.drip.analytics.curve.CreditCurve.FromHazard.hazardfromoriginal[12-may-2014-12-may-2015]= 0.0050
		org.drip.analytics.curve.CreditCurve.FromHazard.FinishTime=Fri Nov 02 23:28:10 EDT 2018
		org.drip.analytics.curve.CreditCurve.FromHazard.ExecTime=3

		org.drip.analytics.curve.CreditCurve.CompAndQuotes.Success=true
		org.drip.analytics.curve.CreditCurve.CompAndQuotes.compquote_cds.1y.corp[20-jun-2011]= 50.0000
		org.drip.analytics.curve.CreditCurve.CompAndQuotes.compquote_cds.2y.corp[20-jun-2012]= 100.0000
		org.drip.analytics.curve.CreditCurve.CompAndQuotes.compquote_cds.3y.corp[20-jun-2013]= 150.0000
		org.drip.analytics.curve.CreditCurve.CompAndQuotes.compquote_cds.4y.corp[20-jun-2014]= 200.0000
		org.drip.analytics.curve.CreditCurve.CompAndQuotes.compquote_cds.5y.corp[20-jun-2015]= 250.0000
		org.drip.analytics.curve.CreditCurve.CompAndQuotes.FinishTime=Fri Nov 02 23:28:10 EDT 2018
		org.drip.analytics.curve.CreditCurve.CompAndQuotes.ExecTime=12

		org.drip.analytics.curve.CreditCurve.ParallelHazardShiftedCurve.Success=true
		org.drip.analytics.curve.CreditCurve.ParallelHazardShiftedCurve.basecurvehazard[12-may-2010-20-jun-2011]= 0.0083
		org.drip.analytics.curve.CreditCurve.ParallelHazardShiftedCurve.basecurvehazard[12-may-2010-20-jun-2012]= 0.0169
		org.drip.analytics.curve.CreditCurve.ParallelHazardShiftedCurve.basecurvehazard[12-may-2010-20-jun-2013]= 0.0258
		org.drip.analytics.curve.CreditCurve.ParallelHazardShiftedCurve.basecurvehazard[12-may-2010-20-jun-2014]= 0.0351
		org.drip.analytics.curve.CreditCurve.ParallelHazardShiftedCurve.basecurvehazard[12-may-2010-20-jun-2015]= 0.0449
		org.drip.analytics.curve.CreditCurve.ParallelHazardShiftedCurve.parallelshiftedcurvehazard[12-may-2010-20-jun-2011]= 0.0088
		org.drip.analytics.curve.CreditCurve.ParallelHazardShiftedCurve.parallelshiftedcurvehazard[12-may-2010-20-jun-2012]= 0.0174
		org.drip.analytics.curve.CreditCurve.ParallelHazardShiftedCurve.parallelshiftedcurvehazard[12-may-2010-20-jun-2013]= 0.0263
		org.drip.analytics.curve.CreditCurve.ParallelHazardShiftedCurve.parallelshiftedcurvehazard[12-may-2010-20-jun-2014]= 0.0356
		org.drip.analytics.curve.CreditCurve.ParallelHazardShiftedCurve.parallelshiftedcurvehazard[12-may-2010-20-jun-2015]= 0.0454
		org.drip.analytics.curve.CreditCurve.ParallelHazardShiftedCurve.FinishTime=Fri Nov 02 23:28:10 EDT 2018
		org.drip.analytics.curve.CreditCurve.ParallelHazardShiftedCurve.ExecTime=3

		org.drip.analytics.curve.CreditCurve.ParallelQuoteShiftedCurve.Success=true
		org.drip.analytics.curve.CreditCurve.ParallelQuoteShiftedCurve.basecurvequote[20-jun-2011]= 50.00000
		org.drip.analytics.curve.CreditCurve.ParallelQuoteShiftedCurve.basecurvequote[20-jun-2012]= 100.00000
		org.drip.analytics.curve.CreditCurve.ParallelQuoteShiftedCurve.basecurvequote[20-jun-2013]= 150.00000
		org.drip.analytics.curve.CreditCurve.ParallelQuoteShiftedCurve.basecurvequote[20-jun-2014]= 200.00000
		org.drip.analytics.curve.CreditCurve.ParallelQuoteShiftedCurve.basecurvequote[20-jun-2015]= 250.00000
		org.drip.analytics.curve.CreditCurve.ParallelQuoteShiftedCurve.parallelshiftedcurvequote[20-jun-2011]= 55.00000
		org.drip.analytics.curve.CreditCurve.ParallelQuoteShiftedCurve.parallelshiftedcurvequote[20-jun-2012]= 105.00000
		org.drip.analytics.curve.CreditCurve.ParallelQuoteShiftedCurve.parallelshiftedcurvequote[20-jun-2013]= 155.00000
		org.drip.analytics.curve.CreditCurve.ParallelQuoteShiftedCurve.parallelshiftedcurvequote[20-jun-2014]= 205.00000
		org.drip.analytics.curve.CreditCurve.ParallelQuoteShiftedCurve.parallelshiftedcurvequote[20-jun-2015]= 255.00000
		org.drip.analytics.curve.CreditCurve.ParallelQuoteShiftedCurve.FinishTime=Fri Nov 02 23:28:10 EDT 2018
		org.drip.analytics.curve.CreditCurve.ParallelQuoteShiftedCurve.ExecTime=122101

		org.drip.analytics.curve.CreditCurve.NodeTweakedCurve.Success=true
		org.drip.analytics.curve.CreditCurve.NodeTweakedCurve.tweakedhazard[20-jun-2011]= 0.00000
		org.drip.analytics.curve.CreditCurve.NodeTweakedCurve.tweakedhazard[20-jun-2012]= 0.00000
		org.drip.analytics.curve.CreditCurve.NodeTweakedCurve.tweakedhazard[20-jun-2013]= 0.00001
		org.drip.analytics.curve.CreditCurve.NodeTweakedCurve.tweakedhazard[20-jun-2014]= 0.00001
		org.drip.analytics.curve.CreditCurve.NodeTweakedCurve.tweakedhazard[20-jun-2015]= 0.00001
		org.drip.analytics.curve.CreditCurve.NodeTweakedCurve.untweakedhazard[20-jun-2011]= 0.00833
		org.drip.analytics.curve.CreditCurve.NodeTweakedCurve.untweakedhazard[20-jun-2012]= 0.01690
		org.drip.analytics.curve.CreditCurve.NodeTweakedCurve.untweakedhazard[20-jun-2013]= 0.02578
		org.drip.analytics.curve.CreditCurve.NodeTweakedCurve.untweakedhazard[20-jun-2014]= 0.03505
		org.drip.analytics.curve.CreditCurve.NodeTweakedCurve.untweakedhazard[20-jun-2015]= 0.04487
		org.drip.analytics.curve.CreditCurve.NodeTweakedCurve.FinishTime=Fri Nov 02 23:28:10 EDT 2018
		org.drip.analytics.curve.CreditCurve.NodeTweakedCurve.ExecTime=45932

		org.drip.analytics.curve.CreditCurve.FlatCurve.Success=true
		org.drip.analytics.curve.CreditCurve.FlatCurve.flathazard[12-may-2011]= 0.01498
		org.drip.analytics.curve.CreditCurve.FlatCurve.flathazard[12-may-2012]= 0.01498
		org.drip.analytics.curve.CreditCurve.FlatCurve.flathazard[12-may-2013]= 0.01498
		org.drip.analytics.curve.CreditCurve.FlatCurve.flathazard[12-may-2014]= 0.01498
		org.drip.analytics.curve.CreditCurve.FlatCurve.flathazard[12-may-2015]= 0.01498
		org.drip.analytics.curve.CreditCurve.FlatCurve.FinishTime=Fri Nov 02 23:28:10 EDT 2018
		org.drip.analytics.curve.CreditCurve.FlatCurve.ExecTime=98455

		org.drip.analytics.curve.CreditCurve.EffectiveSurvival.Success=true
		org.drip.analytics.curve.CreditCurve.EffectiveSurvival.effectivesurvival[12-may-2011]= 0.9778
		org.drip.analytics.curve.CreditCurve.EffectiveSurvival.effectivesurvival[12-may-2012]= 0.9439
		org.drip.analytics.curve.CreditCurve.EffectiveSurvival.effectivesurvival[12-may-2013]= 0.8943
		org.drip.analytics.curve.CreditCurve.EffectiveSurvival.effectivesurvival[12-may-2014]= 0.8305
		org.drip.analytics.curve.CreditCurve.EffectiveSurvival.effectivesurvival[12-may-2015]= 0.7629
		org.drip.analytics.curve.CreditCurve.EffectiveSurvival.FinishTime=Fri Nov 02 23:28:10 EDT 2018
		org.drip.analytics.curve.CreditCurve.EffectiveSurvival.ExecTime=14

		org.drip.analytics.curve.CreditCurve.EffectiveRecovery.Success=true
		org.drip.analytics.curve.CreditCurve.EffectiveRecovery.curverecovery[1y-2y]= 0.4000- 0.4000
		org.drip.analytics.curve.CreditCurve.EffectiveRecovery.curverecovery[2y-3y]= 0.4000- 0.4000
		org.drip.analytics.curve.CreditCurve.EffectiveRecovery.curverecovery[3y-4y]= 0.4000- 0.4000
		org.drip.analytics.curve.CreditCurve.EffectiveRecovery.curverecovery[4y-5y]= 0.4000- 0.4000
		org.drip.analytics.curve.CreditCurve.EffectiveRecovery.curverecovery[5y-6y]= 0.4000- 0.4000
		org.drip.analytics.curve.CreditCurve.EffectiveRecovery.effectiverecovery[1y-2y]= 0.4000
		org.drip.analytics.curve.CreditCurve.EffectiveRecovery.effectiverecovery[2y-3y]= 0.4000
		org.drip.analytics.curve.CreditCurve.EffectiveRecovery.effectiverecovery[3y-4y]= 0.4000
		org.drip.analytics.curve.CreditCurve.EffectiveRecovery.effectiverecovery[4y-5y]= 0.4000
		org.drip.analytics.curve.CreditCurve.EffectiveRecovery.effectiverecovery[5y-6y]= 0.4000
		org.drip.analytics.curve.CreditCurve.EffectiveRecovery.FinishTime=Fri Nov 02 23:28:10 EDT 2018
		org.drip.analytics.curve.CreditCurve.EffectiveRecovery.ExecTime=5
	org.drip.analytics.curve.CreditCurve=> 373517 (mu-s): 11 / 12 succeeded.
	org.drip.analytics.curve.CreditCurve ends at Fri Nov 02 23:28:10 EDT 2018

	org.drip.analytics.curve.ZeroCurve starts at Fri Nov 02 23:28:10 EDT 2018

		org.drip.analytics.curve.ZeroCurve.CreateZeroCurveFromPeriods.Success=true
		org.drip.analytics.curve.ZeroCurve.CreateZeroCurveFromPeriods.FinishTime=Fri Nov 02 23:28:11 EDT 2018
		org.drip.analytics.curve.ZeroCurve.CreateZeroCurveFromPeriods.ExecTime=52435

		org.drip.analytics.curve.ZeroCurve.getZeroDF.Success=true
		org.drip.analytics.curve.ZeroCurve.getZeroDF.zerodf[25-mar-2009]=1.0
		org.drip.analytics.curve.ZeroCurve.getZeroDF.zerodf[25-mar-2010]=1.0
		org.drip.analytics.curve.ZeroCurve.getZeroDF.zerodf[25-mar-2011]=0.9453591669691728
		org.drip.analytics.curve.ZeroCurve.getZeroDF.zerodf[25-mar-2012]=0.8868235493924537
		org.drip.analytics.curve.ZeroCurve.getZeroDF.zerodf[25-mar-2013]=0.8320875646552512
		org.drip.analytics.curve.ZeroCurve.getZeroDF.zerodf[25-mar-2014]=0.7814644409514604
		org.drip.analytics.curve.ZeroCurve.getZeroDF.zerodf[25-mar-2015]=0.7339570583860968
		org.drip.analytics.curve.ZeroCurve.getZeroDF.zerodf[25-mar-2016]=0.6898868863348788
		org.drip.analytics.curve.ZeroCurve.getZeroDF.zerodf[25-mar-2017]=0.6485950148105171
		org.drip.analytics.curve.ZeroCurve.getZeroDF.zerodf[25-mar-2018]=0.6103494651971445
		org.drip.analytics.curve.ZeroCurve.getZeroDF.zerodf[25-mar-2019]=0.5744050069845413
		org.drip.analytics.curve.ZeroCurve.getZeroDF.zerodf[25-mar-2020]=0.540486868726277
		org.drip.analytics.curve.ZeroCurve.getZeroDF.zerodf[25-mar-2021]=0.5084539400371967
		org.drip.analytics.curve.ZeroCurve.getZeroDF.zerodf[25-mar-2022]=0.47559493839476963
		org.drip.analytics.curve.ZeroCurve.getZeroDF.zerodf[25-mar-2023]=0.4069313441716681
		org.drip.analytics.curve.ZeroCurve.getZeroDF.zerodf[25-sep-2009]=1.0
		org.drip.analytics.curve.ZeroCurve.getZeroDF.zerodf[25-sep-2010]=0.9762269828569646
		org.drip.analytics.curve.ZeroCurve.getZeroDF.zerodf[25-sep-2011]=0.9154084785211436
		org.drip.analytics.curve.ZeroCurve.getZeroDF.zerodf[25-sep-2012]=0.8588426182093616
		org.drip.analytics.curve.ZeroCurve.getZeroDF.zerodf[25-sep-2013]=0.8061345827025594
		org.drip.analytics.curve.ZeroCurve.getZeroDF.zerodf[25-sep-2014]=0.757181128310905
		org.drip.analytics.curve.ZeroCurve.getZeroDF.zerodf[25-sep-2015]=0.7114185570376885
		org.drip.analytics.curve.ZeroCurve.getZeroDF.zerodf[25-sep-2016]=0.6687900276745816
		org.drip.analytics.curve.ZeroCurve.getZeroDF.zerodf[25-sep-2017]=0.6289951191437723
		org.drip.analytics.curve.ZeroCurve.getZeroDF.zerodf[25-sep-2018]=0.5919696956968256
		org.drip.analytics.curve.ZeroCurve.getZeroDF.zerodf[25-sep-2019]=0.5571152387199033
		org.drip.analytics.curve.ZeroCurve.getZeroDF.zerodf[25-sep-2020]=0.5242961339488906
		org.drip.analytics.curve.ZeroCurve.getZeroDF.zerodf[25-sep-2021]=0.494216711086729
		org.drip.analytics.curve.ZeroCurve.getZeroDF.zerodf[25-sep-2022]=0.47618076921368024
		org.drip.analytics.curve.ZeroCurve.getZeroDF.zerodf[25-sep-2023]=0.6022794664929204
		org.drip.analytics.curve.ZeroCurve.getZeroDF.FinishTime=Fri Nov 02 23:28:11 EDT 2018
		org.drip.analytics.curve.ZeroCurve.getZeroDF.ExecTime=16

		org.drip.analytics.curve.ZeroCurve.getZeroRate.Success=true
		org.drip.analytics.curve.ZeroCurve.getZeroRate.zerorate[25-mar-2009]=1.0
		org.drip.analytics.curve.ZeroCurve.getZeroRate.zerorate[25-mar-2010]=1.0
		org.drip.analytics.curve.ZeroCurve.getZeroRate.zerorate[25-mar-2011]=-0.07425813881622456
		org.drip.analytics.curve.ZeroCurve.getZeroRate.zerorate[25-mar-2012]=0.055269844807190084
		org.drip.analytics.curve.ZeroCurve.getZeroRate.zerorate[25-mar-2013]=0.06441786082851177
		org.drip.analytics.curve.ZeroCurve.getZeroRate.zerorate[25-mar-2014]=0.06473232664638341
		org.drip.analytics.curve.ZeroCurve.getZeroRate.zerorate[25-mar-2015]=0.06456051974569203
		org.drip.analytics.curve.ZeroCurve.getZeroRate.zerorate[25-mar-2016]=0.06427043322024331
		org.drip.analytics.curve.ZeroCurve.getZeroRate.zerorate[25-mar-2017]=0.06404352526090332
		org.drip.analytics.curve.ZeroCurve.getZeroRate.zerorate[25-mar-2018]=0.06372904077599872
		org.drip.analytics.curve.ZeroCurve.getZeroRate.zerorate[25-mar-2019]=0.06324024899813306
		org.drip.analytics.curve.ZeroCurve.getZeroRate.zerorate[25-mar-2020]=0.059559651229139025
		org.drip.analytics.curve.ZeroCurve.getZeroRate.zerorate[25-mar-2021]=0.010974603994408444
		org.drip.analytics.curve.ZeroCurve.getZeroRate.zerorate[25-mar-2022]=-0.6640233091295473
		org.drip.analytics.curve.ZeroCurve.getZeroRate.zerorate[25-mar-2023]=-10.064388824655712
		org.drip.analytics.curve.ZeroCurve.getZeroRate.zerorate[25-sep-2009]=1.0
		org.drip.analytics.curve.ZeroCurve.getZeroRate.zerorate[25-sep-2010]=0.5878966264029237
		org.drip.analytics.curve.ZeroCurve.getZeroRate.zerorate[25-sep-2011]=0.10315762101020018
		org.drip.analytics.curve.ZeroCurve.getZeroRate.zerorate[25-sep-2012]=0.06796312275028718
		org.drip.analytics.curve.ZeroCurve.getZeroRate.zerorate[25-sep-2013]=0.06518721130231139
		org.drip.analytics.curve.ZeroCurve.getZeroRate.zerorate[25-sep-2014]=0.06469759638553169
		org.drip.analytics.curve.ZeroCurve.getZeroRate.zerorate[25-sep-2015]=0.06442885960437045
		org.drip.analytics.curve.ZeroCurve.getZeroRate.zerorate[25-sep-2016]=0.06417012564661594
		org.drip.analytics.curve.ZeroCurve.getZeroRate.zerorate[25-sep-2017]=0.06391947550733557
		org.drip.analytics.curve.ZeroCurve.getZeroRate.zerorate[25-sep-2018]=0.06371031801917165
		org.drip.analytics.curve.ZeroCurve.getZeroRate.zerorate[25-sep-2019]=0.06444012495120544
		org.drip.analytics.curve.ZeroCurve.getZeroRate.zerorate[25-sep-2020]=0.07747489454278325
		org.drip.analytics.curve.ZeroCurve.getZeroRate.zerorate[25-sep-2021]=0.26100421418090397
		org.drip.analytics.curve.ZeroCurve.getZeroRate.zerorate[25-sep-2022]=2.8193601696238257
		org.drip.analytics.curve.ZeroCurve.getZeroRate.zerorate[25-sep-2023]=38.4563358903995
		org.drip.analytics.curve.ZeroCurve.getZeroRate.FinishTime=Fri Nov 02 23:28:11 EDT 2018
		org.drip.analytics.curve.ZeroCurve.getZeroRate.ExecTime=20
	org.drip.analytics.curve.ZeroCurve=> 52471 (mu-s): 3 / 3 succeeded.
	org.drip.analytics.curve.ZeroCurve ends at Fri Nov 02 23:28:11 EDT 2018

	org.drip.analytics.curve.DiscountCurve starts at Fri Nov 02 23:28:11 EDT 2018

		org.drip.analytics.curve.DiscountCurve.CreateFromRatesInstruments.Success=true
		org.drip.analytics.curve.DiscountCurve.CreateFromRatesInstruments.FinishTime=Fri Nov 02 23:28:11 EDT 2018
		org.drip.analytics.curve.DiscountCurve.CreateFromRatesInstruments.ExecTime=358640

		org.drip.analytics.curve.DiscountCurve.CreateFromFlatRate.Success=true
		org.drip.analytics.curve.DiscountCurve.CreateFromFlatRate.discountfactor[12-may-2011]=0.9608157444936446
		org.drip.analytics.curve.DiscountCurve.CreateFromFlatRate.discountfactor[12-may-2012]=0.9230658006742032
		org.drip.analytics.curve.DiscountCurve.CreateFromFlatRate.discountfactor[12-may-2013]=0.8868961544914067
		org.drip.analytics.curve.DiscountCurve.CreateFromFlatRate.discountfactor[12-may-2014]=0.8521437889662113
		org.drip.analytics.curve.DiscountCurve.CreateFromFlatRate.discountfactor[12-may-2015]=0.8187531690112055
		org.drip.analytics.curve.DiscountCurve.CreateFromFlatRate.FinishTime=Fri Nov 02 23:28:11 EDT 2018
		org.drip.analytics.curve.DiscountCurve.CreateFromFlatRate.ExecTime=5

		org.drip.analytics.curve.DiscountCurve.BuildFromDF.Success=true
		org.drip.analytics.curve.DiscountCurve.BuildFromDF.discountfactordfcurve[12-may-2011]= 0.996
		org.drip.analytics.curve.DiscountCurve.BuildFromDF.discountfactordfcurve[12-may-2012]= 0.985
		org.drip.analytics.curve.DiscountCurve.BuildFromDF.discountfactordfcurve[12-may-2013]= 0.957
		org.drip.analytics.curve.DiscountCurve.BuildFromDF.discountfactordfcurve[12-may-2014]= 0.927
		org.drip.analytics.curve.DiscountCurve.BuildFromDF.discountfactordfcurve[12-may-2015]= 0.891
		org.drip.analytics.curve.DiscountCurve.BuildFromDF.discountfactorflatrate[12-may-2011]= 0.996
		org.drip.analytics.curve.DiscountCurve.BuildFromDF.discountfactorflatrate[12-may-2012]= 0.985
		org.drip.analytics.curve.DiscountCurve.BuildFromDF.discountfactorflatrate[12-may-2013]= 0.957
		org.drip.analytics.curve.DiscountCurve.BuildFromDF.discountfactorflatrate[12-may-2014]= 0.927
		org.drip.analytics.curve.DiscountCurve.BuildFromDF.discountfactorflatrate[12-may-2015]= 0.891
		org.drip.analytics.curve.DiscountCurve.BuildFromDF.FinishTime=Fri Nov 02 23:28:11 EDT 2018
		org.drip.analytics.curve.DiscountCurve.BuildFromDF.ExecTime=3

		org.drip.analytics.curve.DiscountCurve.CreateDC.Success=true
		org.drip.analytics.curve.DiscountCurve.CreateDC.discountfactorateimplied[12-may-2011]= 0.004
		org.drip.analytics.curve.DiscountCurve.CreateDC.discountfactorateimplied[12-may-2012]= 0.007
		org.drip.analytics.curve.DiscountCurve.CreateDC.discountfactorateimplied[12-may-2013]= 0.015
		org.drip.analytics.curve.DiscountCurve.CreateDC.discountfactorateimplied[12-may-2014]= 0.019
		org.drip.analytics.curve.DiscountCurve.CreateDC.discountfactorateimplied[12-may-2015]= 0.023
		org.drip.analytics.curve.DiscountCurve.CreateDC.discountfactororiginaldc[12-may-2011]= 0.004
		org.drip.analytics.curve.DiscountCurve.CreateDC.discountfactororiginaldc[12-may-2012]= 0.007
		org.drip.analytics.curve.DiscountCurve.CreateDC.discountfactororiginaldc[12-may-2013]= 0.015
		org.drip.analytics.curve.DiscountCurve.CreateDC.discountfactororiginaldc[12-may-2014]= 0.019
		org.drip.analytics.curve.DiscountCurve.CreateDC.discountfactororiginaldc[12-may-2015]= 0.023
		org.drip.analytics.curve.DiscountCurve.CreateDC.FinishTime=Fri Nov 02 23:28:11 EDT 2018
		org.drip.analytics.curve.DiscountCurve.CreateDC.ExecTime=1

		org.drip.analytics.curve.DiscountCurve.BasisRateShiftedCurve.Success=true
		org.drip.analytics.curve.DiscountCurve.BasisRateShiftedCurve.ratebasisempty[12-may-2011]= 0.0400
		org.drip.analytics.curve.DiscountCurve.BasisRateShiftedCurve.ratebasisempty[12-may-2012]= 0.0400
		org.drip.analytics.curve.DiscountCurve.BasisRateShiftedCurve.ratebasisempty[12-may-2013]= 0.0400
		org.drip.analytics.curve.DiscountCurve.BasisRateShiftedCurve.ratebasisempty[12-may-2014]= 0.0400
		org.drip.analytics.curve.DiscountCurve.BasisRateShiftedCurve.ratebasisempty[12-may-2015]= 0.0400
		org.drip.analytics.curve.DiscountCurve.BasisRateShiftedCurve.ratebasisshifted[12-may-2011]= 0.0401
		org.drip.analytics.curve.DiscountCurve.BasisRateShiftedCurve.ratebasisshifted[12-may-2012]= 0.0402
		org.drip.analytics.curve.DiscountCurve.BasisRateShiftedCurve.ratebasisshifted[12-may-2013]= 0.0402
		org.drip.analytics.curve.DiscountCurve.BasisRateShiftedCurve.ratebasisshifted[12-may-2014]= 0.0402
		org.drip.analytics.curve.DiscountCurve.BasisRateShiftedCurve.ratebasisshifted[12-may-2015]= 0.0403
		org.drip.analytics.curve.DiscountCurve.BasisRateShiftedCurve.FinishTime=Fri Nov 02 23:28:11 EDT 2018
		org.drip.analytics.curve.DiscountCurve.BasisRateShiftedCurve.ExecTime=4

		org.drip.analytics.curve.DiscountCurve.EffectiveDF.Success=true
		org.drip.analytics.curve.DiscountCurve.EffectiveDF.effective[12-may-2011]= 0.9904
		org.drip.analytics.curve.DiscountCurve.EffectiveDF.effective[12-may-2012]= 0.9686
		org.drip.analytics.curve.DiscountCurve.EffectiveDF.effective[12-may-2013]= 0.9389
		org.drip.analytics.curve.DiscountCurve.EffectiveDF.effective[12-may-2014]= 0.9056
		org.drip.analytics.curve.DiscountCurve.EffectiveDF.effective[12-may-2015]= 0.8677
		org.drip.analytics.curve.DiscountCurve.EffectiveDF.FinishTime=Fri Nov 02 23:28:11 EDT 2018
		org.drip.analytics.curve.DiscountCurve.EffectiveDF.ExecTime=52

		org.drip.analytics.curve.DiscountCurve.CalcImpliedRate.Success=true
		org.drip.analytics.curve.DiscountCurve.CalcImpliedRate.impliedrate[12-may-2011]= 0.0110
		org.drip.analytics.curve.DiscountCurve.CalcImpliedRate.impliedrate[12-may-2012]= 0.0297
		org.drip.analytics.curve.DiscountCurve.CalcImpliedRate.impliedrate[12-may-2013]= 0.0311
		org.drip.analytics.curve.DiscountCurve.CalcImpliedRate.impliedrate[12-may-2014]= 0.0397
		org.drip.analytics.curve.DiscountCurve.CalcImpliedRate.impliedrate[12-may-2015]= 0.0451
		org.drip.analytics.curve.DiscountCurve.CalcImpliedRate.FinishTime=Fri Nov 02 23:28:11 EDT 2018
		org.drip.analytics.curve.DiscountCurve.CalcImpliedRate.ExecTime=67
	org.drip.analytics.curve.DiscountCurve=> 358772 (mu-s): 7 / 11 succeeded.
	org.drip.analytics.curve.DiscountCurve ends at Fri Nov 02 23:28:11 EDT 2018

	org.drip.analytics.curve.CreditCurve starts at Fri Nov 02 23:28:11 EDT 2018

		org.drip.analytics.curve.CreditCurve.CreateSNAC.Success=true
		org.drip.analytics.curve.CreditCurve.CreateSNAC.FinishTime=Fri Nov 02 23:28:11 EDT 2018
		org.drip.analytics.curve.CreditCurve.CreateSNAC.ExecTime=98906

		org.drip.analytics.curve.CreditCurve.FromFlatHazard.Success=true
		org.drip.analytics.curve.CreditCurve.FromFlatHazard.hazardratefromhazardcurve[12-may-2011]= 0.0200
		org.drip.analytics.curve.CreditCurve.FromFlatHazard.hazardratefromhazardcurve[12-may-2012]= 0.0200
		org.drip.analytics.curve.CreditCurve.FromFlatHazard.hazardratefromhazardcurve[12-may-2013]= 0.0200
		org.drip.analytics.curve.CreditCurve.FromFlatHazard.hazardratefromhazardcurve[12-may-2014]= 0.0200
		org.drip.analytics.curve.CreditCurve.FromFlatHazard.hazardratefromhazardcurve[12-may-2015]= 0.0200
		org.drip.analytics.curve.CreditCurve.FromFlatHazard.FinishTime=Fri Nov 02 23:28:11 EDT 2018
		org.drip.analytics.curve.CreditCurve.FromFlatHazard.ExecTime=4

		org.drip.analytics.curve.CreditCurve.FromSurvival.Success=true
		org.drip.analytics.curve.CreditCurve.FromSurvival.survivalfromoriginal[12-may-2011]= 0.9000
		org.drip.analytics.curve.CreditCurve.FromSurvival.survivalfromoriginal[12-may-2012]= 0.8000
		org.drip.analytics.curve.CreditCurve.FromSurvival.survivalfromoriginal[12-may-2013]= 0.7000
		org.drip.analytics.curve.CreditCurve.FromSurvival.survivalfromoriginal[12-may-2014]= 0.6000
		org.drip.analytics.curve.CreditCurve.FromSurvival.survivalfromoriginal[12-may-2015]= 0.5000
		org.drip.analytics.curve.CreditCurve.FromSurvival.survivalfromsurvival[12-may-2011]= 0.9000
		org.drip.analytics.curve.CreditCurve.FromSurvival.survivalfromsurvival[12-may-2012]= 0.8000
		org.drip.analytics.curve.CreditCurve.FromSurvival.survivalfromsurvival[12-may-2013]= 0.7000
		org.drip.analytics.curve.CreditCurve.FromSurvival.survivalfromsurvival[12-may-2014]= 0.6000
		org.drip.analytics.curve.CreditCurve.FromSurvival.survivalfromsurvival[12-may-2015]= 0.5000
		org.drip.analytics.curve.CreditCurve.FromSurvival.FinishTime=Fri Nov 02 23:28:11 EDT 2018
		org.drip.analytics.curve.CreditCurve.FromSurvival.ExecTime=3

		org.drip.analytics.curve.CreditCurve.FromHazard.Success=true
		org.drip.analytics.curve.CreditCurve.FromHazard.hazardfromhazard[12-may-2010-12-may-2011]= 0.0090
		org.drip.analytics.curve.CreditCurve.FromHazard.hazardfromhazard[12-may-2011-12-may-2012]= 0.0080
		org.drip.analytics.curve.CreditCurve.FromHazard.hazardfromhazard[12-may-2012-12-may-2013]= 0.0070
		org.drip.analytics.curve.CreditCurve.FromHazard.hazardfromhazard[12-may-2013-12-may-2014]= 0.0060
		org.drip.analytics.curve.CreditCurve.FromHazard.hazardfromhazard[12-may-2014-12-may-2015]= 0.0050
		org.drip.analytics.curve.CreditCurve.FromHazard.hazardfromoriginal[12-may-2010-12-may-2011]= 0.0090
		org.drip.analytics.curve.CreditCurve.FromHazard.hazardfromoriginal[12-may-2011-12-may-2012]= 0.0080
		org.drip.analytics.curve.CreditCurve.FromHazard.hazardfromoriginal[12-may-2012-12-may-2013]= 0.0070
		org.drip.analytics.curve.CreditCurve.FromHazard.hazardfromoriginal[12-may-2013-12-may-2014]= 0.0060
		org.drip.analytics.curve.CreditCurve.FromHazard.hazardfromoriginal[12-may-2014-12-may-2015]= 0.0050
		org.drip.analytics.curve.CreditCurve.FromHazard.FinishTime=Fri Nov 02 23:28:11 EDT 2018
		org.drip.analytics.curve.CreditCurve.FromHazard.ExecTime=2

		org.drip.analytics.curve.CreditCurve.CompAndQuotes.Success=true
		org.drip.analytics.curve.CreditCurve.CompAndQuotes.compquote_cds.1y.corp[20-jun-2011]= 50.0000
		org.drip.analytics.curve.CreditCurve.CompAndQuotes.compquote_cds.2y.corp[20-jun-2012]= 100.0000
		org.drip.analytics.curve.CreditCurve.CompAndQuotes.compquote_cds.3y.corp[20-jun-2013]= 150.0000
		org.drip.analytics.curve.CreditCurve.CompAndQuotes.compquote_cds.4y.corp[20-jun-2014]= 200.0000
		org.drip.analytics.curve.CreditCurve.CompAndQuotes.compquote_cds.5y.corp[20-jun-2015]= 250.0000
		org.drip.analytics.curve.CreditCurve.CompAndQuotes.FinishTime=Fri Nov 02 23:28:11 EDT 2018
		org.drip.analytics.curve.CreditCurve.CompAndQuotes.ExecTime=2

		org.drip.analytics.curve.CreditCurve.ParallelHazardShiftedCurve.Success=true
		org.drip.analytics.curve.CreditCurve.ParallelHazardShiftedCurve.basecurvehazard[12-may-2010-20-jun-2011]= 0.0083
		org.drip.analytics.curve.CreditCurve.ParallelHazardShiftedCurve.basecurvehazard[12-may-2010-20-jun-2012]= 0.0169
		org.drip.analytics.curve.CreditCurve.ParallelHazardShiftedCurve.basecurvehazard[12-may-2010-20-jun-2013]= 0.0258
		org.drip.analytics.curve.CreditCurve.ParallelHazardShiftedCurve.basecurvehazard[12-may-2010-20-jun-2014]= 0.0351
		org.drip.analytics.curve.CreditCurve.ParallelHazardShiftedCurve.basecurvehazard[12-may-2010-20-jun-2015]= 0.0449
		org.drip.analytics.curve.CreditCurve.ParallelHazardShiftedCurve.parallelshiftedcurvehazard[12-may-2010-20-jun-2011]= 0.0088
		org.drip.analytics.curve.CreditCurve.ParallelHazardShiftedCurve.parallelshiftedcurvehazard[12-may-2010-20-jun-2012]= 0.0174
		org.drip.analytics.curve.CreditCurve.ParallelHazardShiftedCurve.parallelshiftedcurvehazard[12-may-2010-20-jun-2013]= 0.0263
		org.drip.analytics.curve.CreditCurve.ParallelHazardShiftedCurve.parallelshiftedcurvehazard[12-may-2010-20-jun-2014]= 0.0356
		org.drip.analytics.curve.CreditCurve.ParallelHazardShiftedCurve.parallelshiftedcurvehazard[12-may-2010-20-jun-2015]= 0.0454
		org.drip.analytics.curve.CreditCurve.ParallelHazardShiftedCurve.FinishTime=Fri Nov 02 23:28:11 EDT 2018
		org.drip.analytics.curve.CreditCurve.ParallelHazardShiftedCurve.ExecTime=2

		org.drip.analytics.curve.CreditCurve.ParallelQuoteShiftedCurve.Success=true
		org.drip.analytics.curve.CreditCurve.ParallelQuoteShiftedCurve.basecurvequote[20-jun-2011]= 50.00000
		org.drip.analytics.curve.CreditCurve.ParallelQuoteShiftedCurve.basecurvequote[20-jun-2012]= 100.00000
		org.drip.analytics.curve.CreditCurve.ParallelQuoteShiftedCurve.basecurvequote[20-jun-2013]= 150.00000
		org.drip.analytics.curve.CreditCurve.ParallelQuoteShiftedCurve.basecurvequote[20-jun-2014]= 200.00000
		org.drip.analytics.curve.CreditCurve.ParallelQuoteShiftedCurve.basecurvequote[20-jun-2015]= 250.00000
		org.drip.analytics.curve.CreditCurve.ParallelQuoteShiftedCurve.parallelshiftedcurvequote[20-jun-2011]= 55.00000
		org.drip.analytics.curve.CreditCurve.ParallelQuoteShiftedCurve.parallelshiftedcurvequote[20-jun-2012]= 105.00000
		org.drip.analytics.curve.CreditCurve.ParallelQuoteShiftedCurve.parallelshiftedcurvequote[20-jun-2013]= 155.00000
		org.drip.analytics.curve.CreditCurve.ParallelQuoteShiftedCurve.parallelshiftedcurvequote[20-jun-2014]= 205.00000
		org.drip.analytics.curve.CreditCurve.ParallelQuoteShiftedCurve.parallelshiftedcurvequote[20-jun-2015]= 255.00000
		org.drip.analytics.curve.CreditCurve.ParallelQuoteShiftedCurve.FinishTime=Fri Nov 02 23:28:11 EDT 2018
		org.drip.analytics.curve.CreditCurve.ParallelQuoteShiftedCurve.ExecTime=100564

		org.drip.analytics.curve.CreditCurve.NodeTweakedCurve.Success=true
		org.drip.analytics.curve.CreditCurve.NodeTweakedCurve.tweakedhazard[20-jun-2011]= 0.00000
		org.drip.analytics.curve.CreditCurve.NodeTweakedCurve.tweakedhazard[20-jun-2012]= 0.00000
		org.drip.analytics.curve.CreditCurve.NodeTweakedCurve.tweakedhazard[20-jun-2013]= 0.00001
		org.drip.analytics.curve.CreditCurve.NodeTweakedCurve.tweakedhazard[20-jun-2014]= 0.00001
		org.drip.analytics.curve.CreditCurve.NodeTweakedCurve.tweakedhazard[20-jun-2015]= 0.00001
		org.drip.analytics.curve.CreditCurve.NodeTweakedCurve.untweakedhazard[20-jun-2011]= 0.00833
		org.drip.analytics.curve.CreditCurve.NodeTweakedCurve.untweakedhazard[20-jun-2012]= 0.01690
		org.drip.analytics.curve.CreditCurve.NodeTweakedCurve.untweakedhazard[20-jun-2013]= 0.02578
		org.drip.analytics.curve.CreditCurve.NodeTweakedCurve.untweakedhazard[20-jun-2014]= 0.03505
		org.drip.analytics.curve.CreditCurve.NodeTweakedCurve.untweakedhazard[20-jun-2015]= 0.04487
		org.drip.analytics.curve.CreditCurve.NodeTweakedCurve.FinishTime=Fri Nov 02 23:28:11 EDT 2018
		org.drip.analytics.curve.CreditCurve.NodeTweakedCurve.ExecTime=41712

		org.drip.analytics.curve.CreditCurve.FlatCurve.Success=true
		org.drip.analytics.curve.CreditCurve.FlatCurve.flathazard[12-may-2011]= 0.01498
		org.drip.analytics.curve.CreditCurve.FlatCurve.flathazard[12-may-2012]= 0.01498
		org.drip.analytics.curve.CreditCurve.FlatCurve.flathazard[12-may-2013]= 0.01498
		org.drip.analytics.curve.CreditCurve.FlatCurve.flathazard[12-may-2014]= 0.01498
		org.drip.analytics.curve.CreditCurve.FlatCurve.flathazard[12-may-2015]= 0.01498
		org.drip.analytics.curve.CreditCurve.FlatCurve.FinishTime=Fri Nov 02 23:28:11 EDT 2018
		org.drip.analytics.curve.CreditCurve.FlatCurve.ExecTime=84044

		org.drip.analytics.curve.CreditCurve.EffectiveSurvival.Success=true
		org.drip.analytics.curve.CreditCurve.EffectiveSurvival.effectivesurvival[12-may-2011]= 0.9778
		org.drip.analytics.curve.CreditCurve.EffectiveSurvival.effectivesurvival[12-may-2012]= 0.9439
		org.drip.analytics.curve.CreditCurve.EffectiveSurvival.effectivesurvival[12-may-2013]= 0.8943
		org.drip.analytics.curve.CreditCurve.EffectiveSurvival.effectivesurvival[12-may-2014]= 0.8305
		org.drip.analytics.curve.CreditCurve.EffectiveSurvival.effectivesurvival[12-may-2015]= 0.7629
		org.drip.analytics.curve.CreditCurve.EffectiveSurvival.FinishTime=Fri Nov 02 23:28:11 EDT 2018
		org.drip.analytics.curve.CreditCurve.EffectiveSurvival.ExecTime=14

		org.drip.analytics.curve.CreditCurve.EffectiveRecovery.Success=true
		org.drip.analytics.curve.CreditCurve.EffectiveRecovery.curverecovery[1y-2y]= 0.4000- 0.4000
		org.drip.analytics.curve.CreditCurve.EffectiveRecovery.curverecovery[2y-3y]= 0.4000- 0.4000
		org.drip.analytics.curve.CreditCurve.EffectiveRecovery.curverecovery[3y-4y]= 0.4000- 0.4000
		org.drip.analytics.curve.CreditCurve.EffectiveRecovery.curverecovery[4y-5y]= 0.4000- 0.4000
		org.drip.analytics.curve.CreditCurve.EffectiveRecovery.curverecovery[5y-6y]= 0.4000- 0.4000
		org.drip.analytics.curve.CreditCurve.EffectiveRecovery.effectiverecovery[1y-2y]= 0.4000
		org.drip.analytics.curve.CreditCurve.EffectiveRecovery.effectiverecovery[2y-3y]= 0.4000
		org.drip.analytics.curve.CreditCurve.EffectiveRecovery.effectiverecovery[3y-4y]= 0.4000
		org.drip.analytics.curve.CreditCurve.EffectiveRecovery.effectiverecovery[4y-5y]= 0.4000
		org.drip.analytics.curve.CreditCurve.EffectiveRecovery.effectiverecovery[5y-6y]= 0.4000
		org.drip.analytics.curve.CreditCurve.EffectiveRecovery.FinishTime=Fri Nov 02 23:28:11 EDT 2018
		org.drip.analytics.curve.CreditCurve.EffectiveRecovery.ExecTime=5
	org.drip.analytics.curve.CreditCurve=> 325258 (mu-s): 11 / 12 succeeded.
	org.drip.analytics.curve.CreditCurve ends at Fri Nov 02 23:28:11 EDT 2018

	org.drip.analytics.curve.ZeroCurve starts at Fri Nov 02 23:28:11 EDT 2018

		org.drip.analytics.curve.ZeroCurve.CreateZeroCurveFromPeriods.Success=true
		org.drip.analytics.curve.ZeroCurve.CreateZeroCurveFromPeriods.FinishTime=Fri Nov 02 23:28:11 EDT 2018
		org.drip.analytics.curve.ZeroCurve.CreateZeroCurveFromPeriods.ExecTime=44191

		org.drip.analytics.curve.ZeroCurve.getZeroDF.Success=true
		org.drip.analytics.curve.ZeroCurve.getZeroDF.zerodf[25-mar-2009]=1.0
		org.drip.analytics.curve.ZeroCurve.getZeroDF.zerodf[25-mar-2010]=1.0
		org.drip.analytics.curve.ZeroCurve.getZeroDF.zerodf[25-mar-2011]=0.9453591669691728
		org.drip.analytics.curve.ZeroCurve.getZeroDF.zerodf[25-mar-2012]=0.8868235493924537
		org.drip.analytics.curve.ZeroCurve.getZeroDF.zerodf[25-mar-2013]=0.8320875646552512
		org.drip.analytics.curve.ZeroCurve.getZeroDF.zerodf[25-mar-2014]=0.7814644409514604
		org.drip.analytics.curve.ZeroCurve.getZeroDF.zerodf[25-mar-2015]=0.7339570583860968
		org.drip.analytics.curve.ZeroCurve.getZeroDF.zerodf[25-mar-2016]=0.6898868863348788
		org.drip.analytics.curve.ZeroCurve.getZeroDF.zerodf[25-mar-2017]=0.6485950148105171
		org.drip.analytics.curve.ZeroCurve.getZeroDF.zerodf[25-mar-2018]=0.6103494651971445
		org.drip.analytics.curve.ZeroCurve.getZeroDF.zerodf[25-mar-2019]=0.5744050069845413
		org.drip.analytics.curve.ZeroCurve.getZeroDF.zerodf[25-mar-2020]=0.540486868726277
		org.drip.analytics.curve.ZeroCurve.getZeroDF.zerodf[25-mar-2021]=0.5084539400371967
		org.drip.analytics.curve.ZeroCurve.getZeroDF.zerodf[25-mar-2022]=0.47559493839476963
		org.drip.analytics.curve.ZeroCurve.getZeroDF.zerodf[25-mar-2023]=0.4069313441716681
		org.drip.analytics.curve.ZeroCurve.getZeroDF.zerodf[25-sep-2009]=1.0
		org.drip.analytics.curve.ZeroCurve.getZeroDF.zerodf[25-sep-2010]=0.9762269828569646
		org.drip.analytics.curve.ZeroCurve.getZeroDF.zerodf[25-sep-2011]=0.9154084785211436
		org.drip.analytics.curve.ZeroCurve.getZeroDF.zerodf[25-sep-2012]=0.8588426182093616
		org.drip.analytics.curve.ZeroCurve.getZeroDF.zerodf[25-sep-2013]=0.8061345827025594
		org.drip.analytics.curve.ZeroCurve.getZeroDF.zerodf[25-sep-2014]=0.757181128310905
		org.drip.analytics.curve.ZeroCurve.getZeroDF.zerodf[25-sep-2015]=0.7114185570376885
		org.drip.analytics.curve.ZeroCurve.getZeroDF.zerodf[25-sep-2016]=0.6687900276745816
		org.drip.analytics.curve.ZeroCurve.getZeroDF.zerodf[25-sep-2017]=0.6289951191437723
		org.drip.analytics.curve.ZeroCurve.getZeroDF.zerodf[25-sep-2018]=0.5919696956968256
		org.drip.analytics.curve.ZeroCurve.getZeroDF.zerodf[25-sep-2019]=0.5571152387199033
		org.drip.analytics.curve.ZeroCurve.getZeroDF.zerodf[25-sep-2020]=0.5242961339488906
		org.drip.analytics.curve.ZeroCurve.getZeroDF.zerodf[25-sep-2021]=0.494216711086729
		org.drip.analytics.curve.ZeroCurve.getZeroDF.zerodf[25-sep-2022]=0.47618076921368024
		org.drip.analytics.curve.ZeroCurve.getZeroDF.zerodf[25-sep-2023]=0.6022794664929204
		org.drip.analytics.curve.ZeroCurve.getZeroDF.FinishTime=Fri Nov 02 23:28:11 EDT 2018
		org.drip.analytics.curve.ZeroCurve.getZeroDF.ExecTime=12

		org.drip.analytics.curve.ZeroCurve.getZeroRate.Success=true
		org.drip.analytics.curve.ZeroCurve.getZeroRate.zerorate[25-mar-2009]=1.0
		org.drip.analytics.curve.ZeroCurve.getZeroRate.zerorate[25-mar-2010]=1.0
		org.drip.analytics.curve.ZeroCurve.getZeroRate.zerorate[25-mar-2011]=-0.07425813881622456
		org.drip.analytics.curve.ZeroCurve.getZeroRate.zerorate[25-mar-2012]=0.055269844807190084
		org.drip.analytics.curve.ZeroCurve.getZeroRate.zerorate[25-mar-2013]=0.06441786082851177
		org.drip.analytics.curve.ZeroCurve.getZeroRate.zerorate[25-mar-2014]=0.06473232664638341
		org.drip.analytics.curve.ZeroCurve.getZeroRate.zerorate[25-mar-2015]=0.06456051974569203
		org.drip.analytics.curve.ZeroCurve.getZeroRate.zerorate[25-mar-2016]=0.06427043322024331
		org.drip.analytics.curve.ZeroCurve.getZeroRate.zerorate[25-mar-2017]=0.06404352526090332
		org.drip.analytics.curve.ZeroCurve.getZeroRate.zerorate[25-mar-2018]=0.06372904077599872
		org.drip.analytics.curve.ZeroCurve.getZeroRate.zerorate[25-mar-2019]=0.06324024899813306
		org.drip.analytics.curve.ZeroCurve.getZeroRate.zerorate[25-mar-2020]=0.059559651229139025
		org.drip.analytics.curve.ZeroCurve.getZeroRate.zerorate[25-mar-2021]=0.010974603994408444
		org.drip.analytics.curve.ZeroCurve.getZeroRate.zerorate[25-mar-2022]=-0.6640233091295473
		org.drip.analytics.curve.ZeroCurve.getZeroRate.zerorate[25-mar-2023]=-10.064388824655712
		org.drip.analytics.curve.ZeroCurve.getZeroRate.zerorate[25-sep-2009]=1.0
		org.drip.analytics.curve.ZeroCurve.getZeroRate.zerorate[25-sep-2010]=0.5878966264029237
		org.drip.analytics.curve.ZeroCurve.getZeroRate.zerorate[25-sep-2011]=0.10315762101020018
		org.drip.analytics.curve.ZeroCurve.getZeroRate.zerorate[25-sep-2012]=0.06796312275028718
		org.drip.analytics.curve.ZeroCurve.getZeroRate.zerorate[25-sep-2013]=0.06518721130231139
		org.drip.analytics.curve.ZeroCurve.getZeroRate.zerorate[25-sep-2014]=0.06469759638553169
		org.drip.analytics.curve.ZeroCurve.getZeroRate.zerorate[25-sep-2015]=0.06442885960437045
		org.drip.analytics.curve.ZeroCurve.getZeroRate.zerorate[25-sep-2016]=0.06417012564661594
		org.drip.analytics.curve.ZeroCurve.getZeroRate.zerorate[25-sep-2017]=0.06391947550733557
		org.drip.analytics.curve.ZeroCurve.getZeroRate.zerorate[25-sep-2018]=0.06371031801917165
		org.drip.analytics.curve.ZeroCurve.getZeroRate.zerorate[25-sep-2019]=0.06444012495120544
		org.drip.analytics.curve.ZeroCurve.getZeroRate.zerorate[25-sep-2020]=0.07747489454278325
		org.drip.analytics.curve.ZeroCurve.getZeroRate.zerorate[25-sep-2021]=0.26100421418090397
		org.drip.analytics.curve.ZeroCurve.getZeroRate.zerorate[25-sep-2022]=2.8193601696238257
		org.drip.analytics.curve.ZeroCurve.getZeroRate.zerorate[25-sep-2023]=38.4563358903995
		org.drip.analytics.curve.ZeroCurve.getZeroRate.FinishTime=Fri Nov 02 23:28:11 EDT 2018
		org.drip.analytics.curve.ZeroCurve.getZeroRate.ExecTime=15
	org.drip.analytics.curve.ZeroCurve=> 44218 (mu-s): 3 / 3 succeeded.
	org.drip.analytics.curve.ZeroCurve ends at Fri Nov 02 23:28:11 EDT 2018

	org.drip.analytics.curve.DiscountCurve starts at Fri Nov 02 23:28:11 EDT 2018

		org.drip.analytics.curve.DiscountCurve.CreateFromRatesInstruments.Success=true
		org.drip.analytics.curve.DiscountCurve.CreateFromRatesInstruments.FinishTime=Fri Nov 02 23:28:12 EDT 2018
		org.drip.analytics.curve.DiscountCurve.CreateFromRatesInstruments.ExecTime=354313

		org.drip.analytics.curve.DiscountCurve.CreateFromFlatRate.Success=true
		org.drip.analytics.curve.DiscountCurve.CreateFromFlatRate.discountfactor[12-may-2011]=0.9608157444936446
		org.drip.analytics.curve.DiscountCurve.CreateFromFlatRate.discountfactor[12-may-2012]=0.9230658006742032
		org.drip.analytics.curve.DiscountCurve.CreateFromFlatRate.discountfactor[12-may-2013]=0.8868961544914067
		org.drip.analytics.curve.DiscountCurve.CreateFromFlatRate.discountfactor[12-may-2014]=0.8521437889662113
		org.drip.analytics.curve.DiscountCurve.CreateFromFlatRate.discountfactor[12-may-2015]=0.8187531690112055
		org.drip.analytics.curve.DiscountCurve.CreateFromFlatRate.FinishTime=Fri Nov 02 23:28:12 EDT 2018
		org.drip.analytics.curve.DiscountCurve.CreateFromFlatRate.ExecTime=4

		org.drip.analytics.curve.DiscountCurve.BuildFromDF.Success=true
		org.drip.analytics.curve.DiscountCurve.BuildFromDF.discountfactordfcurve[12-may-2011]= 0.996
		org.drip.analytics.curve.DiscountCurve.BuildFromDF.discountfactordfcurve[12-may-2012]= 0.985
		org.drip.analytics.curve.DiscountCurve.BuildFromDF.discountfactordfcurve[12-may-2013]= 0.957
		org.drip.analytics.curve.DiscountCurve.BuildFromDF.discountfactordfcurve[12-may-2014]= 0.927
		org.drip.analytics.curve.DiscountCurve.BuildFromDF.discountfactordfcurve[12-may-2015]= 0.891
		org.drip.analytics.curve.DiscountCurve.BuildFromDF.discountfactorflatrate[12-may-2011]= 0.996
		org.drip.analytics.curve.DiscountCurve.BuildFromDF.discountfactorflatrate[12-may-2012]= 0.985
		org.drip.analytics.curve.DiscountCurve.BuildFromDF.discountfactorflatrate[12-may-2013]= 0.957
		org.drip.analytics.curve.DiscountCurve.BuildFromDF.discountfactorflatrate[12-may-2014]= 0.927
		org.drip.analytics.curve.DiscountCurve.BuildFromDF.discountfactorflatrate[12-may-2015]= 0.891
		org.drip.analytics.curve.DiscountCurve.BuildFromDF.FinishTime=Fri Nov 02 23:28:12 EDT 2018
		org.drip.analytics.curve.DiscountCurve.BuildFromDF.ExecTime=4

		org.drip.analytics.curve.DiscountCurve.CreateDC.Success=true
		org.drip.analytics.curve.DiscountCurve.CreateDC.discountfactorateimplied[12-may-2011]= 0.004
		org.drip.analytics.curve.DiscountCurve.CreateDC.discountfactorateimplied[12-may-2012]= 0.007
		org.drip.analytics.curve.DiscountCurve.CreateDC.discountfactorateimplied[12-may-2013]= 0.015
		org.drip.analytics.curve.DiscountCurve.CreateDC.discountfactorateimplied[12-may-2014]= 0.019
		org.drip.analytics.curve.DiscountCurve.CreateDC.discountfactorateimplied[12-may-2015]= 0.023
		org.drip.analytics.curve.DiscountCurve.CreateDC.discountfactororiginaldc[12-may-2011]= 0.004
		org.drip.analytics.curve.DiscountCurve.CreateDC.discountfactororiginaldc[12-may-2012]= 0.007
		org.drip.analytics.curve.DiscountCurve.CreateDC.discountfactororiginaldc[12-may-2013]= 0.015
		org.drip.analytics.curve.DiscountCurve.CreateDC.discountfactororiginaldc[12-may-2014]= 0.019
		org.drip.analytics.curve.DiscountCurve.CreateDC.discountfactororiginaldc[12-may-2015]= 0.023
		org.drip.analytics.curve.DiscountCurve.CreateDC.FinishTime=Fri Nov 02 23:28:12 EDT 2018
		org.drip.analytics.curve.DiscountCurve.CreateDC.ExecTime=1

		org.drip.analytics.curve.DiscountCurve.BasisRateShiftedCurve.Success=true
		org.drip.analytics.curve.DiscountCurve.BasisRateShiftedCurve.ratebasisempty[12-may-2011]= 0.0400
		org.drip.analytics.curve.DiscountCurve.BasisRateShiftedCurve.ratebasisempty[12-may-2012]= 0.0400
		org.drip.analytics.curve.DiscountCurve.BasisRateShiftedCurve.ratebasisempty[12-may-2013]= 0.0400
		org.drip.analytics.curve.DiscountCurve.BasisRateShiftedCurve.ratebasisempty[12-may-2014]= 0.0400
		org.drip.analytics.curve.DiscountCurve.BasisRateShiftedCurve.ratebasisempty[12-may-2015]= 0.0400
		org.drip.analytics.curve.DiscountCurve.BasisRateShiftedCurve.ratebasisshifted[12-may-2011]= 0.0401
		org.drip.analytics.curve.DiscountCurve.BasisRateShiftedCurve.ratebasisshifted[12-may-2012]= 0.0402
		org.drip.analytics.curve.DiscountCurve.BasisRateShiftedCurve.ratebasisshifted[12-may-2013]= 0.0402
		org.drip.analytics.curve.DiscountCurve.BasisRateShiftedCurve.ratebasisshifted[12-may-2014]= 0.0402
		org.drip.analytics.curve.DiscountCurve.BasisRateShiftedCurve.ratebasisshifted[12-may-2015]= 0.0403
		org.drip.analytics.curve.DiscountCurve.BasisRateShiftedCurve.FinishTime=Fri Nov 02 23:28:12 EDT 2018
		org.drip.analytics.curve.DiscountCurve.BasisRateShiftedCurve.ExecTime=11

		org.drip.analytics.curve.DiscountCurve.EffectiveDF.Success=true
		org.drip.analytics.curve.DiscountCurve.EffectiveDF.effective[12-may-2011]= 0.9904
		org.drip.analytics.curve.DiscountCurve.EffectiveDF.effective[12-may-2012]= 0.9686
		org.drip.analytics.curve.DiscountCurve.EffectiveDF.effective[12-may-2013]= 0.9389
		org.drip.analytics.curve.DiscountCurve.EffectiveDF.effective[12-may-2014]= 0.9056
		org.drip.analytics.curve.DiscountCurve.EffectiveDF.effective[12-may-2015]= 0.8677
		org.drip.analytics.curve.DiscountCurve.EffectiveDF.FinishTime=Fri Nov 02 23:28:12 EDT 2018
		org.drip.analytics.curve.DiscountCurve.EffectiveDF.ExecTime=33

		org.drip.analytics.curve.DiscountCurve.CalcImpliedRate.Success=true
		org.drip.analytics.curve.DiscountCurve.CalcImpliedRate.impliedrate[12-may-2011]= 0.0110
		org.drip.analytics.curve.DiscountCurve.CalcImpliedRate.impliedrate[12-may-2012]= 0.0297
		org.drip.analytics.curve.DiscountCurve.CalcImpliedRate.impliedrate[12-may-2013]= 0.0311
		org.drip.analytics.curve.DiscountCurve.CalcImpliedRate.impliedrate[12-may-2014]= 0.0397
		org.drip.analytics.curve.DiscountCurve.CalcImpliedRate.impliedrate[12-may-2015]= 0.0451
		org.drip.analytics.curve.DiscountCurve.CalcImpliedRate.FinishTime=Fri Nov 02 23:28:12 EDT 2018
		org.drip.analytics.curve.DiscountCurve.CalcImpliedRate.ExecTime=9
	org.drip.analytics.curve.DiscountCurve=> 354375 (mu-s): 7 / 11 succeeded.
	org.drip.analytics.curve.DiscountCurve ends at Fri Nov 02 23:28:12 EDT 2018

	org.drip.analytics.curve.CreditCurve starts at Fri Nov 02 23:28:12 EDT 2018

		org.drip.analytics.curve.CreditCurve.CreateSNAC.Success=true
		org.drip.analytics.curve.CreditCurve.CreateSNAC.FinishTime=Fri Nov 02 23:28:12 EDT 2018
		org.drip.analytics.curve.CreditCurve.CreateSNAC.ExecTime=99059

		org.drip.analytics.curve.CreditCurve.FromFlatHazard.Success=true
		org.drip.analytics.curve.CreditCurve.FromFlatHazard.hazardratefromhazardcurve[12-may-2011]= 0.0200
		org.drip.analytics.curve.CreditCurve.FromFlatHazard.hazardratefromhazardcurve[12-may-2012]= 0.0200
		org.drip.analytics.curve.CreditCurve.FromFlatHazard.hazardratefromhazardcurve[12-may-2013]= 0.0200
		org.drip.analytics.curve.CreditCurve.FromFlatHazard.hazardratefromhazardcurve[12-may-2014]= 0.0200
		org.drip.analytics.curve.CreditCurve.FromFlatHazard.hazardratefromhazardcurve[12-may-2015]= 0.0200
		org.drip.analytics.curve.CreditCurve.FromFlatHazard.FinishTime=Fri Nov 02 23:28:12 EDT 2018
		org.drip.analytics.curve.CreditCurve.FromFlatHazard.ExecTime=4

		org.drip.analytics.curve.CreditCurve.FromSurvival.Success=true
		org.drip.analytics.curve.CreditCurve.FromSurvival.survivalfromoriginal[12-may-2011]= 0.9000
		org.drip.analytics.curve.CreditCurve.FromSurvival.survivalfromoriginal[12-may-2012]= 0.8000
		org.drip.analytics.curve.CreditCurve.FromSurvival.survivalfromoriginal[12-may-2013]= 0.7000
		org.drip.analytics.curve.CreditCurve.FromSurvival.survivalfromoriginal[12-may-2014]= 0.6000
		org.drip.analytics.curve.CreditCurve.FromSurvival.survivalfromoriginal[12-may-2015]= 0.5000
		org.drip.analytics.curve.CreditCurve.FromSurvival.survivalfromsurvival[12-may-2011]= 0.9000
		org.drip.analytics.curve.CreditCurve.FromSurvival.survivalfromsurvival[12-may-2012]= 0.8000
		org.drip.analytics.curve.CreditCurve.FromSurvival.survivalfromsurvival[12-may-2013]= 0.7000
		org.drip.analytics.curve.CreditCurve.FromSurvival.survivalfromsurvival[12-may-2014]= 0.6000
		org.drip.analytics.curve.CreditCurve.FromSurvival.survivalfromsurvival[12-may-2015]= 0.5000
		org.drip.analytics.curve.CreditCurve.FromSurvival.FinishTime=Fri Nov 02 23:28:12 EDT 2018
		org.drip.analytics.curve.CreditCurve.FromSurvival.ExecTime=3

		org.drip.analytics.curve.CreditCurve.FromHazard.Success=true
		org.drip.analytics.curve.CreditCurve.FromHazard.hazardfromhazard[12-may-2010-12-may-2011]= 0.0090
		org.drip.analytics.curve.CreditCurve.FromHazard.hazardfromhazard[12-may-2011-12-may-2012]= 0.0080
		org.drip.analytics.curve.CreditCurve.FromHazard.hazardfromhazard[12-may-2012-12-may-2013]= 0.0070
		org.drip.analytics.curve.CreditCurve.FromHazard.hazardfromhazard[12-may-2013-12-may-2014]= 0.0060
		org.drip.analytics.curve.CreditCurve.FromHazard.hazardfromhazard[12-may-2014-12-may-2015]= 0.0050
		org.drip.analytics.curve.CreditCurve.FromHazard.hazardfromoriginal[12-may-2010-12-may-2011]= 0.0090
		org.drip.analytics.curve.CreditCurve.FromHazard.hazardfromoriginal[12-may-2011-12-may-2012]= 0.0080
		org.drip.analytics.curve.CreditCurve.FromHazard.hazardfromoriginal[12-may-2012-12-may-2013]= 0.0070
		org.drip.analytics.curve.CreditCurve.FromHazard.hazardfromoriginal[12-may-2013-12-may-2014]= 0.0060
		org.drip.analytics.curve.CreditCurve.FromHazard.hazardfromoriginal[12-may-2014-12-may-2015]= 0.0050
		org.drip.analytics.curve.CreditCurve.FromHazard.FinishTime=Fri Nov 02 23:28:12 EDT 2018
		org.drip.analytics.curve.CreditCurve.FromHazard.ExecTime=1

		org.drip.analytics.curve.CreditCurve.CompAndQuotes.Success=true
		org.drip.analytics.curve.CreditCurve.CompAndQuotes.compquote_cds.1y.corp[20-jun-2011]= 50.0000
		org.drip.analytics.curve.CreditCurve.CompAndQuotes.compquote_cds.2y.corp[20-jun-2012]= 100.0000
		org.drip.analytics.curve.CreditCurve.CompAndQuotes.compquote_cds.3y.corp[20-jun-2013]= 150.0000
		org.drip.analytics.curve.CreditCurve.CompAndQuotes.compquote_cds.4y.corp[20-jun-2014]= 200.0000
		org.drip.analytics.curve.CreditCurve.CompAndQuotes.compquote_cds.5y.corp[20-jun-2015]= 250.0000
		org.drip.analytics.curve.CreditCurve.CompAndQuotes.FinishTime=Fri Nov 02 23:28:12 EDT 2018
		org.drip.analytics.curve.CreditCurve.CompAndQuotes.ExecTime=2

		org.drip.analytics.curve.CreditCurve.ParallelHazardShiftedCurve.Success=true
		org.drip.analytics.curve.CreditCurve.ParallelHazardShiftedCurve.basecurvehazard[12-may-2010-20-jun-2011]= 0.0083
		org.drip.analytics.curve.CreditCurve.ParallelHazardShiftedCurve.basecurvehazard[12-may-2010-20-jun-2012]= 0.0169
		org.drip.analytics.curve.CreditCurve.ParallelHazardShiftedCurve.basecurvehazard[12-may-2010-20-jun-2013]= 0.0258
		org.drip.analytics.curve.CreditCurve.ParallelHazardShiftedCurve.basecurvehazard[12-may-2010-20-jun-2014]= 0.0351
		org.drip.analytics.curve.CreditCurve.ParallelHazardShiftedCurve.basecurvehazard[12-may-2010-20-jun-2015]= 0.0449
		org.drip.analytics.curve.CreditCurve.ParallelHazardShiftedCurve.parallelshiftedcurvehazard[12-may-2010-20-jun-2011]= 0.0088
		org.drip.analytics.curve.CreditCurve.ParallelHazardShiftedCurve.parallelshiftedcurvehazard[12-may-2010-20-jun-2012]= 0.0174
		org.drip.analytics.curve.CreditCurve.ParallelHazardShiftedCurve.parallelshiftedcurvehazard[12-may-2010-20-jun-2013]= 0.0263
		org.drip.analytics.curve.CreditCurve.ParallelHazardShiftedCurve.parallelshiftedcurvehazard[12-may-2010-20-jun-2014]= 0.0356
		org.drip.analytics.curve.CreditCurve.ParallelHazardShiftedCurve.parallelshiftedcurvehazard[12-may-2010-20-jun-2015]= 0.0454
		org.drip.analytics.curve.CreditCurve.ParallelHazardShiftedCurve.FinishTime=Fri Nov 02 23:28:12 EDT 2018
		org.drip.analytics.curve.CreditCurve.ParallelHazardShiftedCurve.ExecTime=3

		org.drip.analytics.curve.CreditCurve.ParallelQuoteShiftedCurve.Success=true
		org.drip.analytics.curve.CreditCurve.ParallelQuoteShiftedCurve.basecurvequote[20-jun-2011]= 50.00000
		org.drip.analytics.curve.CreditCurve.ParallelQuoteShiftedCurve.basecurvequote[20-jun-2012]= 100.00000
		org.drip.analytics.curve.CreditCurve.ParallelQuoteShiftedCurve.basecurvequote[20-jun-2013]= 150.00000
		org.drip.analytics.curve.CreditCurve.ParallelQuoteShiftedCurve.basecurvequote[20-jun-2014]= 200.00000
		org.drip.analytics.curve.CreditCurve.ParallelQuoteShiftedCurve.basecurvequote[20-jun-2015]= 250.00000
		org.drip.analytics.curve.CreditCurve.ParallelQuoteShiftedCurve.parallelshiftedcurvequote[20-jun-2011]= 55.00000
		org.drip.analytics.curve.CreditCurve.ParallelQuoteShiftedCurve.parallelshiftedcurvequote[20-jun-2012]= 105.00000
		org.drip.analytics.curve.CreditCurve.ParallelQuoteShiftedCurve.parallelshiftedcurvequote[20-jun-2013]= 155.00000
		org.drip.analytics.curve.CreditCurve.ParallelQuoteShiftedCurve.parallelshiftedcurvequote[20-jun-2014]= 205.00000
		org.drip.analytics.curve.CreditCurve.ParallelQuoteShiftedCurve.parallelshiftedcurvequote[20-jun-2015]= 255.00000
		org.drip.analytics.curve.CreditCurve.ParallelQuoteShiftedCurve.FinishTime=Fri Nov 02 23:28:12 EDT 2018
		org.drip.analytics.curve.CreditCurve.ParallelQuoteShiftedCurve.ExecTime=100333

		org.drip.analytics.curve.CreditCurve.NodeTweakedCurve.Success=true
		org.drip.analytics.curve.CreditCurve.NodeTweakedCurve.tweakedhazard[20-jun-2011]= 0.00000
		org.drip.analytics.curve.CreditCurve.NodeTweakedCurve.tweakedhazard[20-jun-2012]= 0.00000
		org.drip.analytics.curve.CreditCurve.NodeTweakedCurve.tweakedhazard[20-jun-2013]= 0.00001
		org.drip.analytics.curve.CreditCurve.NodeTweakedCurve.tweakedhazard[20-jun-2014]= 0.00001
		org.drip.analytics.curve.CreditCurve.NodeTweakedCurve.tweakedhazard[20-jun-2015]= 0.00001
		org.drip.analytics.curve.CreditCurve.NodeTweakedCurve.untweakedhazard[20-jun-2011]= 0.00833
		org.drip.analytics.curve.CreditCurve.NodeTweakedCurve.untweakedhazard[20-jun-2012]= 0.01690
		org.drip.analytics.curve.CreditCurve.NodeTweakedCurve.untweakedhazard[20-jun-2013]= 0.02578
		org.drip.analytics.curve.CreditCurve.NodeTweakedCurve.untweakedhazard[20-jun-2014]= 0.03505
		org.drip.analytics.curve.CreditCurve.NodeTweakedCurve.untweakedhazard[20-jun-2015]= 0.04487
		org.drip.analytics.curve.CreditCurve.NodeTweakedCurve.FinishTime=Fri Nov 02 23:28:12 EDT 2018
		org.drip.analytics.curve.CreditCurve.NodeTweakedCurve.ExecTime=42113

		org.drip.analytics.curve.CreditCurve.FlatCurve.Success=true
		org.drip.analytics.curve.CreditCurve.FlatCurve.flathazard[12-may-2011]= 0.01498
		org.drip.analytics.curve.CreditCurve.FlatCurve.flathazard[12-may-2012]= 0.01498
		org.drip.analytics.curve.CreditCurve.FlatCurve.flathazard[12-may-2013]= 0.01498
		org.drip.analytics.curve.CreditCurve.FlatCurve.flathazard[12-may-2014]= 0.01498
		org.drip.analytics.curve.CreditCurve.FlatCurve.flathazard[12-may-2015]= 0.01498
		org.drip.analytics.curve.CreditCurve.FlatCurve.FinishTime=Fri Nov 02 23:28:12 EDT 2018
		org.drip.analytics.curve.CreditCurve.FlatCurve.ExecTime=84460

		org.drip.analytics.curve.CreditCurve.EffectiveSurvival.Success=true
		org.drip.analytics.curve.CreditCurve.EffectiveSurvival.effectivesurvival[12-may-2011]= 0.9778
		org.drip.analytics.curve.CreditCurve.EffectiveSurvival.effectivesurvival[12-may-2012]= 0.9439
		org.drip.analytics.curve.CreditCurve.EffectiveSurvival.effectivesurvival[12-may-2013]= 0.8943
		org.drip.analytics.curve.CreditCurve.EffectiveSurvival.effectivesurvival[12-may-2014]= 0.8305
		org.drip.analytics.curve.CreditCurve.EffectiveSurvival.effectivesurvival[12-may-2015]= 0.7629
		org.drip.analytics.curve.CreditCurve.EffectiveSurvival.FinishTime=Fri Nov 02 23:28:12 EDT 2018
		org.drip.analytics.curve.CreditCurve.EffectiveSurvival.ExecTime=13

		org.drip.analytics.curve.CreditCurve.EffectiveRecovery.Success=true
		org.drip.analytics.curve.CreditCurve.EffectiveRecovery.curverecovery[1y-2y]= 0.4000- 0.4000
		org.drip.analytics.curve.CreditCurve.EffectiveRecovery.curverecovery[2y-3y]= 0.4000- 0.4000
		org.drip.analytics.curve.CreditCurve.EffectiveRecovery.curverecovery[3y-4y]= 0.4000- 0.4000
		org.drip.analytics.curve.CreditCurve.EffectiveRecovery.curverecovery[4y-5y]= 0.4000- 0.4000
		org.drip.analytics.curve.CreditCurve.EffectiveRecovery.curverecovery[5y-6y]= 0.4000- 0.4000
		org.drip.analytics.curve.CreditCurve.EffectiveRecovery.effectiverecovery[1y-2y]= 0.4000
		org.drip.analytics.curve.CreditCurve.EffectiveRecovery.effectiverecovery[2y-3y]= 0.4000
		org.drip.analytics.curve.CreditCurve.EffectiveRecovery.effectiverecovery[3y-4y]= 0.4000
		org.drip.analytics.curve.CreditCurve.EffectiveRecovery.effectiverecovery[4y-5y]= 0.4000
		org.drip.analytics.curve.CreditCurve.EffectiveRecovery.effectiverecovery[5y-6y]= 0.4000
		org.drip.analytics.curve.CreditCurve.EffectiveRecovery.FinishTime=Fri Nov 02 23:28:12 EDT 2018
		org.drip.analytics.curve.CreditCurve.EffectiveRecovery.ExecTime=5
	org.drip.analytics.curve.CreditCurve=> 325996 (mu-s): 11 / 12 succeeded.
	org.drip.analytics.curve.CreditCurve ends at Fri Nov 02 23:28:12 EDT 2018

	org.drip.analytics.curve.ZeroCurve starts at Fri Nov 02 23:28:12 EDT 2018

		org.drip.analytics.curve.ZeroCurve.CreateZeroCurveFromPeriods.Success=true
		org.drip.analytics.curve.ZeroCurve.CreateZeroCurveFromPeriods.FinishTime=Fri Nov 02 23:28:12 EDT 2018
		org.drip.analytics.curve.ZeroCurve.CreateZeroCurveFromPeriods.ExecTime=44345

		org.drip.analytics.curve.ZeroCurve.getZeroDF.Success=true
		org.drip.analytics.curve.ZeroCurve.getZeroDF.zerodf[25-mar-2009]=1.0
		org.drip.analytics.curve.ZeroCurve.getZeroDF.zerodf[25-mar-2010]=1.0
		org.drip.analytics.curve.ZeroCurve.getZeroDF.zerodf[25-mar-2011]=0.9453591669691728
		org.drip.analytics.curve.ZeroCurve.getZeroDF.zerodf[25-mar-2012]=0.8868235493924537
		org.drip.analytics.curve.ZeroCurve.getZeroDF.zerodf[25-mar-2013]=0.8320875646552512
		org.drip.analytics.curve.ZeroCurve.getZeroDF.zerodf[25-mar-2014]=0.7814644409514604
		org.drip.analytics.curve.ZeroCurve.getZeroDF.zerodf[25-mar-2015]=0.7339570583860968
		org.drip.analytics.curve.ZeroCurve.getZeroDF.zerodf[25-mar-2016]=0.6898868863348788
		org.drip.analytics.curve.ZeroCurve.getZeroDF.zerodf[25-mar-2017]=0.6485950148105171
		org.drip.analytics.curve.ZeroCurve.getZeroDF.zerodf[25-mar-2018]=0.6103494651971445
		org.drip.analytics.curve.ZeroCurve.getZeroDF.zerodf[25-mar-2019]=0.5744050069845413
		org.drip.analytics.curve.ZeroCurve.getZeroDF.zerodf[25-mar-2020]=0.540486868726277
		org.drip.analytics.curve.ZeroCurve.getZeroDF.zerodf[25-mar-2021]=0.5084539400371967
		org.drip.analytics.curve.ZeroCurve.getZeroDF.zerodf[25-mar-2022]=0.47559493839476963
		org.drip.analytics.curve.ZeroCurve.getZeroDF.zerodf[25-mar-2023]=0.4069313441716681
		org.drip.analytics.curve.ZeroCurve.getZeroDF.zerodf[25-sep-2009]=1.0
		org.drip.analytics.curve.ZeroCurve.getZeroDF.zerodf[25-sep-2010]=0.9762269828569646
		org.drip.analytics.curve.ZeroCurve.getZeroDF.zerodf[25-sep-2011]=0.9154084785211436
		org.drip.analytics.curve.ZeroCurve.getZeroDF.zerodf[25-sep-2012]=0.8588426182093616
		org.drip.analytics.curve.ZeroCurve.getZeroDF.zerodf[25-sep-2013]=0.8061345827025594
		org.drip.analytics.curve.ZeroCurve.getZeroDF.zerodf[25-sep-2014]=0.757181128310905
		org.drip.analytics.curve.ZeroCurve.getZeroDF.zerodf[25-sep-2015]=0.7114185570376885
		org.drip.analytics.curve.ZeroCurve.getZeroDF.zerodf[25-sep-2016]=0.6687900276745816
		org.drip.analytics.curve.ZeroCurve.getZeroDF.zerodf[25-sep-2017]=0.6289951191437723
		org.drip.analytics.curve.ZeroCurve.getZeroDF.zerodf[25-sep-2018]=0.5919696956968256
		org.drip.analytics.curve.ZeroCurve.getZeroDF.zerodf[25-sep-2019]=0.5571152387199033
		org.drip.analytics.curve.ZeroCurve.getZeroDF.zerodf[25-sep-2020]=0.5242961339488906
		org.drip.analytics.curve.ZeroCurve.getZeroDF.zerodf[25-sep-2021]=0.494216711086729
		org.drip.analytics.curve.ZeroCurve.getZeroDF.zerodf[25-sep-2022]=0.47618076921368024
		org.drip.analytics.curve.ZeroCurve.getZeroDF.zerodf[25-sep-2023]=0.6022794664929204
		org.drip.analytics.curve.ZeroCurve.getZeroDF.FinishTime=Fri Nov 02 23:28:12 EDT 2018
		org.drip.analytics.curve.ZeroCurve.getZeroDF.ExecTime=12

		org.drip.analytics.curve.ZeroCurve.getZeroRate.Success=true
		org.drip.analytics.curve.ZeroCurve.getZeroRate.zerorate[25-mar-2009]=1.0
		org.drip.analytics.curve.ZeroCurve.getZeroRate.zerorate[25-mar-2010]=1.0
		org.drip.analytics.curve.ZeroCurve.getZeroRate.zerorate[25-mar-2011]=-0.07425813881622456
		org.drip.analytics.curve.ZeroCurve.getZeroRate.zerorate[25-mar-2012]=0.055269844807190084
		org.drip.analytics.curve.ZeroCurve.getZeroRate.zerorate[25-mar-2013]=0.06441786082851177
		org.drip.analytics.curve.ZeroCurve.getZeroRate.zerorate[25-mar-2014]=0.06473232664638341
		org.drip.analytics.curve.ZeroCurve.getZeroRate.zerorate[25-mar-2015]=0.06456051974569203
		org.drip.analytics.curve.ZeroCurve.getZeroRate.zerorate[25-mar-2016]=0.06427043322024331
		org.drip.analytics.curve.ZeroCurve.getZeroRate.zerorate[25-mar-2017]=0.06404352526090332
		org.drip.analytics.curve.ZeroCurve.getZeroRate.zerorate[25-mar-2018]=0.06372904077599872
		org.drip.analytics.curve.ZeroCurve.getZeroRate.zerorate[25-mar-2019]=0.06324024899813306
		org.drip.analytics.curve.ZeroCurve.getZeroRate.zerorate[25-mar-2020]=0.059559651229139025
		org.drip.analytics.curve.ZeroCurve.getZeroRate.zerorate[25-mar-2021]=0.010974603994408444
		org.drip.analytics.curve.ZeroCurve.getZeroRate.zerorate[25-mar-2022]=-0.6640233091295473
		org.drip.analytics.curve.ZeroCurve.getZeroRate.zerorate[25-mar-2023]=-10.064388824655712
		org.drip.analytics.curve.ZeroCurve.getZeroRate.zerorate[25-sep-2009]=1.0
		org.drip.analytics.curve.ZeroCurve.getZeroRate.zerorate[25-sep-2010]=0.5878966264029237
		org.drip.analytics.curve.ZeroCurve.getZeroRate.zerorate[25-sep-2011]=0.10315762101020018
		org.drip.analytics.curve.ZeroCurve.getZeroRate.zerorate[25-sep-2012]=0.06796312275028718
		org.drip.analytics.curve.ZeroCurve.getZeroRate.zerorate[25-sep-2013]=0.06518721130231139
		org.drip.analytics.curve.ZeroCurve.getZeroRate.zerorate[25-sep-2014]=0.06469759638553169
		org.drip.analytics.curve.ZeroCurve.getZeroRate.zerorate[25-sep-2015]=0.06442885960437045
		org.drip.analytics.curve.ZeroCurve.getZeroRate.zerorate[25-sep-2016]=0.06417012564661594
		org.drip.analytics.curve.ZeroCurve.getZeroRate.zerorate[25-sep-2017]=0.06391947550733557
		org.drip.analytics.curve.ZeroCurve.getZeroRate.zerorate[25-sep-2018]=0.06371031801917165
		org.drip.analytics.curve.ZeroCurve.getZeroRate.zerorate[25-sep-2019]=0.06444012495120544
		org.drip.analytics.curve.ZeroCurve.getZeroRate.zerorate[25-sep-2020]=0.07747489454278325
		org.drip.analytics.curve.ZeroCurve.getZeroRate.zerorate[25-sep-2021]=0.26100421418090397
		org.drip.analytics.curve.ZeroCurve.getZeroRate.zerorate[25-sep-2022]=2.8193601696238257
		org.drip.analytics.curve.ZeroCurve.getZeroRate.zerorate[25-sep-2023]=38.4563358903995
		org.drip.analytics.curve.ZeroCurve.getZeroRate.FinishTime=Fri Nov 02 23:28:12 EDT 2018
		org.drip.analytics.curve.ZeroCurve.getZeroRate.ExecTime=23
	org.drip.analytics.curve.ZeroCurve=> 44380 (mu-s): 3 / 3 succeeded.
	org.drip.analytics.curve.ZeroCurve ends at Fri Nov 02 23:28:12 EDT 2018

	org.drip.analytics.curve.DiscountCurve starts at Fri Nov 02 23:28:12 EDT 2018

		org.drip.analytics.curve.DiscountCurve.CreateFromRatesInstruments.Success=true
		org.drip.analytics.curve.DiscountCurve.CreateFromRatesInstruments.FinishTime=Fri Nov 02 23:28:12 EDT 2018
		org.drip.analytics.curve.DiscountCurve.CreateFromRatesInstruments.ExecTime=344503

		org.drip.analytics.curve.DiscountCurve.CreateFromFlatRate.Success=true
		org.drip.analytics.curve.DiscountCurve.CreateFromFlatRate.discountfactor[12-may-2011]=0.9608157444936446
		org.drip.analytics.curve.DiscountCurve.CreateFromFlatRate.discountfactor[12-may-2012]=0.9230658006742032
		org.drip.analytics.curve.DiscountCurve.CreateFromFlatRate.discountfactor[12-may-2013]=0.8868961544914067
		org.drip.analytics.curve.DiscountCurve.CreateFromFlatRate.discountfactor[12-may-2014]=0.8521437889662113
		org.drip.analytics.curve.DiscountCurve.CreateFromFlatRate.discountfactor[12-may-2015]=0.8187531690112055
		org.drip.analytics.curve.DiscountCurve.CreateFromFlatRate.FinishTime=Fri Nov 02 23:28:12 EDT 2018
		org.drip.analytics.curve.DiscountCurve.CreateFromFlatRate.ExecTime=4

		org.drip.analytics.curve.DiscountCurve.BuildFromDF.Success=true
		org.drip.analytics.curve.DiscountCurve.BuildFromDF.discountfactordfcurve[12-may-2011]= 0.996
		org.drip.analytics.curve.DiscountCurve.BuildFromDF.discountfactordfcurve[12-may-2012]= 0.985
		org.drip.analytics.curve.DiscountCurve.BuildFromDF.discountfactordfcurve[12-may-2013]= 0.957
		org.drip.analytics.curve.DiscountCurve.BuildFromDF.discountfactordfcurve[12-may-2014]= 0.927
		org.drip.analytics.curve.DiscountCurve.BuildFromDF.discountfactordfcurve[12-may-2015]= 0.891
		org.drip.analytics.curve.DiscountCurve.BuildFromDF.discountfactorflatrate[12-may-2011]= 0.996
		org.drip.analytics.curve.DiscountCurve.BuildFromDF.discountfactorflatrate[12-may-2012]= 0.985
		org.drip.analytics.curve.DiscountCurve.BuildFromDF.discountfactorflatrate[12-may-2013]= 0.957
		org.drip.analytics.curve.DiscountCurve.BuildFromDF.discountfactorflatrate[12-may-2014]= 0.927
		org.drip.analytics.curve.DiscountCurve.BuildFromDF.discountfactorflatrate[12-may-2015]= 0.891
		org.drip.analytics.curve.DiscountCurve.BuildFromDF.FinishTime=Fri Nov 02 23:28:12 EDT 2018
		org.drip.analytics.curve.DiscountCurve.BuildFromDF.ExecTime=4

		org.drip.analytics.curve.DiscountCurve.CreateDC.Success=true
		org.drip.analytics.curve.DiscountCurve.CreateDC.discountfactorateimplied[12-may-2011]= 0.004
		org.drip.analytics.curve.DiscountCurve.CreateDC.discountfactorateimplied[12-may-2012]= 0.007
		org.drip.analytics.curve.DiscountCurve.CreateDC.discountfactorateimplied[12-may-2013]= 0.015
		org.drip.analytics.curve.DiscountCurve.CreateDC.discountfactorateimplied[12-may-2014]= 0.019
		org.drip.analytics.curve.DiscountCurve.CreateDC.discountfactorateimplied[12-may-2015]= 0.023
		org.drip.analytics.curve.DiscountCurve.CreateDC.discountfactororiginaldc[12-may-2011]= 0.004
		org.drip.analytics.curve.DiscountCurve.CreateDC.discountfactororiginaldc[12-may-2012]= 0.007
		org.drip.analytics.curve.DiscountCurve.CreateDC.discountfactororiginaldc[12-may-2013]= 0.015
		org.drip.analytics.curve.DiscountCurve.CreateDC.discountfactororiginaldc[12-may-2014]= 0.019
		org.drip.analytics.curve.DiscountCurve.CreateDC.discountfactororiginaldc[12-may-2015]= 0.023
		org.drip.analytics.curve.DiscountCurve.CreateDC.FinishTime=Fri Nov 02 23:28:12 EDT 2018
		org.drip.analytics.curve.DiscountCurve.CreateDC.ExecTime=1

		org.drip.analytics.curve.DiscountCurve.BasisRateShiftedCurve.Success=true
		org.drip.analytics.curve.DiscountCurve.BasisRateShiftedCurve.ratebasisempty[12-may-2011]= 0.0400
		org.drip.analytics.curve.DiscountCurve.BasisRateShiftedCurve.ratebasisempty[12-may-2012]= 0.0400
		org.drip.analytics.curve.DiscountCurve.BasisRateShiftedCurve.ratebasisempty[12-may-2013]= 0.0400
		org.drip.analytics.curve.DiscountCurve.BasisRateShiftedCurve.ratebasisempty[12-may-2014]= 0.0400
		org.drip.analytics.curve.DiscountCurve.BasisRateShiftedCurve.ratebasisempty[12-may-2015]= 0.0400
		org.drip.analytics.curve.DiscountCurve.BasisRateShiftedCurve.ratebasisshifted[12-may-2011]= 0.0401
		org.drip.analytics.curve.DiscountCurve.BasisRateShiftedCurve.ratebasisshifted[12-may-2012]= 0.0402
		org.drip.analytics.curve.DiscountCurve.BasisRateShiftedCurve.ratebasisshifted[12-may-2013]= 0.0402
		org.drip.analytics.curve.DiscountCurve.BasisRateShiftedCurve.ratebasisshifted[12-may-2014]= 0.0402
		org.drip.analytics.curve.DiscountCurve.BasisRateShiftedCurve.ratebasisshifted[12-may-2015]= 0.0403
		org.drip.analytics.curve.DiscountCurve.BasisRateShiftedCurve.FinishTime=Fri Nov 02 23:28:12 EDT 2018
		org.drip.analytics.curve.DiscountCurve.BasisRateShiftedCurve.ExecTime=4

		org.drip.analytics.curve.DiscountCurve.EffectiveDF.Success=true
		org.drip.analytics.curve.DiscountCurve.EffectiveDF.effective[12-may-2011]= 0.9904
		org.drip.analytics.curve.DiscountCurve.EffectiveDF.effective[12-may-2012]= 0.9686
		org.drip.analytics.curve.DiscountCurve.EffectiveDF.effective[12-may-2013]= 0.9389
		org.drip.analytics.curve.DiscountCurve.EffectiveDF.effective[12-may-2014]= 0.9056
		org.drip.analytics.curve.DiscountCurve.EffectiveDF.effective[12-may-2015]= 0.8677
		org.drip.analytics.curve.DiscountCurve.EffectiveDF.FinishTime=Fri Nov 02 23:28:12 EDT 2018
		org.drip.analytics.curve.DiscountCurve.EffectiveDF.ExecTime=63

		org.drip.analytics.curve.DiscountCurve.CalcImpliedRate.Success=true
		org.drip.analytics.curve.DiscountCurve.CalcImpliedRate.impliedrate[12-may-2011]= 0.0110
		org.drip.analytics.curve.DiscountCurve.CalcImpliedRate.impliedrate[12-may-2012]= 0.0297
		org.drip.analytics.curve.DiscountCurve.CalcImpliedRate.impliedrate[12-may-2013]= 0.0311
		org.drip.analytics.curve.DiscountCurve.CalcImpliedRate.impliedrate[12-may-2014]= 0.0397
		org.drip.analytics.curve.DiscountCurve.CalcImpliedRate.impliedrate[12-may-2015]= 0.0451
		org.drip.analytics.curve.DiscountCurve.CalcImpliedRate.FinishTime=Fri Nov 02 23:28:12 EDT 2018
		org.drip.analytics.curve.DiscountCurve.CalcImpliedRate.ExecTime=22
	org.drip.analytics.curve.DiscountCurve=> 344601 (mu-s): 7 / 11 succeeded.
	org.drip.analytics.curve.DiscountCurve ends at Fri Nov 02 23:28:12 EDT 2018

	org.drip.analytics.curve.CreditCurve starts at Fri Nov 02 23:28:12 EDT 2018

		org.drip.analytics.curve.CreditCurve.CreateSNAC.Success=true
		org.drip.analytics.curve.CreditCurve.CreateSNAC.FinishTime=Fri Nov 02 23:28:12 EDT 2018
		org.drip.analytics.curve.CreditCurve.CreateSNAC.ExecTime=98878

		org.drip.analytics.curve.CreditCurve.FromFlatHazard.Success=true
		org.drip.analytics.curve.CreditCurve.FromFlatHazard.hazardratefromhazardcurve[12-may-2011]= 0.0200
		org.drip.analytics.curve.CreditCurve.FromFlatHazard.hazardratefromhazardcurve[12-may-2012]= 0.0200
		org.drip.analytics.curve.CreditCurve.FromFlatHazard.hazardratefromhazardcurve[12-may-2013]= 0.0200
		org.drip.analytics.curve.CreditCurve.FromFlatHazard.hazardratefromhazardcurve[12-may-2014]= 0.0200
		org.drip.analytics.curve.CreditCurve.FromFlatHazard.hazardratefromhazardcurve[12-may-2015]= 0.0200
		org.drip.analytics.curve.CreditCurve.FromFlatHazard.FinishTime=Fri Nov 02 23:28:12 EDT 2018
		org.drip.analytics.curve.CreditCurve.FromFlatHazard.ExecTime=4

		org.drip.analytics.curve.CreditCurve.FromSurvival.Success=true
		org.drip.analytics.curve.CreditCurve.FromSurvival.survivalfromoriginal[12-may-2011]= 0.9000
		org.drip.analytics.curve.CreditCurve.FromSurvival.survivalfromoriginal[12-may-2012]= 0.8000
		org.drip.analytics.curve.CreditCurve.FromSurvival.survivalfromoriginal[12-may-2013]= 0.7000
		org.drip.analytics.curve.CreditCurve.FromSurvival.survivalfromoriginal[12-may-2014]= 0.6000
		org.drip.analytics.curve.CreditCurve.FromSurvival.survivalfromoriginal[12-may-2015]= 0.5000
		org.drip.analytics.curve.CreditCurve.FromSurvival.survivalfromsurvival[12-may-2011]= 0.9000
		org.drip.analytics.curve.CreditCurve.FromSurvival.survivalfromsurvival[12-may-2012]= 0.8000
		org.drip.analytics.curve.CreditCurve.FromSurvival.survivalfromsurvival[12-may-2013]= 0.7000
		org.drip.analytics.curve.CreditCurve.FromSurvival.survivalfromsurvival[12-may-2014]= 0.6000
		org.drip.analytics.curve.CreditCurve.FromSurvival.survivalfromsurvival[12-may-2015]= 0.5000
		org.drip.analytics.curve.CreditCurve.FromSurvival.FinishTime=Fri Nov 02 23:28:12 EDT 2018
		org.drip.analytics.curve.CreditCurve.FromSurvival.ExecTime=4

		org.drip.analytics.curve.CreditCurve.FromHazard.Success=true
		org.drip.analytics.curve.CreditCurve.FromHazard.hazardfromhazard[12-may-2010-12-may-2011]= 0.0090
		org.drip.analytics.curve.CreditCurve.FromHazard.hazardfromhazard[12-may-2011-12-may-2012]= 0.0080
		org.drip.analytics.curve.CreditCurve.FromHazard.hazardfromhazard[12-may-2012-12-may-2013]= 0.0070
		org.drip.analytics.curve.CreditCurve.FromHazard.hazardfromhazard[12-may-2013-12-may-2014]= 0.0060
		org.drip.analytics.curve.CreditCurve.FromHazard.hazardfromhazard[12-may-2014-12-may-2015]= 0.0050
		org.drip.analytics.curve.CreditCurve.FromHazard.hazardfromoriginal[12-may-2010-12-may-2011]= 0.0090
		org.drip.analytics.curve.CreditCurve.FromHazard.hazardfromoriginal[12-may-2011-12-may-2012]= 0.0080
		org.drip.analytics.curve.CreditCurve.FromHazard.hazardfromoriginal[12-may-2012-12-may-2013]= 0.0070
		org.drip.analytics.curve.CreditCurve.FromHazard.hazardfromoriginal[12-may-2013-12-may-2014]= 0.0060
		org.drip.analytics.curve.CreditCurve.FromHazard.hazardfromoriginal[12-may-2014-12-may-2015]= 0.0050
		org.drip.analytics.curve.CreditCurve.FromHazard.FinishTime=Fri Nov 02 23:28:12 EDT 2018
		org.drip.analytics.curve.CreditCurve.FromHazard.ExecTime=2

		org.drip.analytics.curve.CreditCurve.CompAndQuotes.Success=true
		org.drip.analytics.curve.CreditCurve.CompAndQuotes.compquote_cds.1y.corp[20-jun-2011]= 50.0000
		org.drip.analytics.curve.CreditCurve.CompAndQuotes.compquote_cds.2y.corp[20-jun-2012]= 100.0000
		org.drip.analytics.curve.CreditCurve.CompAndQuotes.compquote_cds.3y.corp[20-jun-2013]= 150.0000
		org.drip.analytics.curve.CreditCurve.CompAndQuotes.compquote_cds.4y.corp[20-jun-2014]= 200.0000
		org.drip.analytics.curve.CreditCurve.CompAndQuotes.compquote_cds.5y.corp[20-jun-2015]= 250.0000
		org.drip.analytics.curve.CreditCurve.CompAndQuotes.FinishTime=Fri Nov 02 23:28:12 EDT 2018
		org.drip.analytics.curve.CreditCurve.CompAndQuotes.ExecTime=1

		org.drip.analytics.curve.CreditCurve.ParallelHazardShiftedCurve.Success=true
		org.drip.analytics.curve.CreditCurve.ParallelHazardShiftedCurve.basecurvehazard[12-may-2010-20-jun-2011]= 0.0083
		org.drip.analytics.curve.CreditCurve.ParallelHazardShiftedCurve.basecurvehazard[12-may-2010-20-jun-2012]= 0.0169
		org.drip.analytics.curve.CreditCurve.ParallelHazardShiftedCurve.basecurvehazard[12-may-2010-20-jun-2013]= 0.0258
		org.drip.analytics.curve.CreditCurve.ParallelHazardShiftedCurve.basecurvehazard[12-may-2010-20-jun-2014]= 0.0351
		org.drip.analytics.curve.CreditCurve.ParallelHazardShiftedCurve.basecurvehazard[12-may-2010-20-jun-2015]= 0.0449
		org.drip.analytics.curve.CreditCurve.ParallelHazardShiftedCurve.parallelshiftedcurvehazard[12-may-2010-20-jun-2011]= 0.0088
		org.drip.analytics.curve.CreditCurve.ParallelHazardShiftedCurve.parallelshiftedcurvehazard[12-may-2010-20-jun-2012]= 0.0174
		org.drip.analytics.curve.CreditCurve.ParallelHazardShiftedCurve.parallelshiftedcurvehazard[12-may-2010-20-jun-2013]= 0.0263
		org.drip.analytics.curve.CreditCurve.ParallelHazardShiftedCurve.parallelshiftedcurvehazard[12-may-2010-20-jun-2014]= 0.0356
		org.drip.analytics.curve.CreditCurve.ParallelHazardShiftedCurve.parallelshiftedcurvehazard[12-may-2010-20-jun-2015]= 0.0454
		org.drip.analytics.curve.CreditCurve.ParallelHazardShiftedCurve.FinishTime=Fri Nov 02 23:28:12 EDT 2018
		org.drip.analytics.curve.CreditCurve.ParallelHazardShiftedCurve.ExecTime=3

		org.drip.analytics.curve.CreditCurve.ParallelQuoteShiftedCurve.Success=true
		org.drip.analytics.curve.CreditCurve.ParallelQuoteShiftedCurve.basecurvequote[20-jun-2011]= 50.00000
		org.drip.analytics.curve.CreditCurve.ParallelQuoteShiftedCurve.basecurvequote[20-jun-2012]= 100.00000
		org.drip.analytics.curve.CreditCurve.ParallelQuoteShiftedCurve.basecurvequote[20-jun-2013]= 150.00000
		org.drip.analytics.curve.CreditCurve.ParallelQuoteShiftedCurve.basecurvequote[20-jun-2014]= 200.00000
		org.drip.analytics.curve.CreditCurve.ParallelQuoteShiftedCurve.basecurvequote[20-jun-2015]= 250.00000
		org.drip.analytics.curve.CreditCurve.ParallelQuoteShiftedCurve.parallelshiftedcurvequote[20-jun-2011]= 55.00000
		org.drip.analytics.curve.CreditCurve.ParallelQuoteShiftedCurve.parallelshiftedcurvequote[20-jun-2012]= 105.00000
		org.drip.analytics.curve.CreditCurve.ParallelQuoteShiftedCurve.parallelshiftedcurvequote[20-jun-2013]= 155.00000
		org.drip.analytics.curve.CreditCurve.ParallelQuoteShiftedCurve.parallelshiftedcurvequote[20-jun-2014]= 205.00000
		org.drip.analytics.curve.CreditCurve.ParallelQuoteShiftedCurve.parallelshiftedcurvequote[20-jun-2015]= 255.00000
		org.drip.analytics.curve.CreditCurve.ParallelQuoteShiftedCurve.FinishTime=Fri Nov 02 23:28:13 EDT 2018
		org.drip.analytics.curve.CreditCurve.ParallelQuoteShiftedCurve.ExecTime=101680

		org.drip.analytics.curve.CreditCurve.NodeTweakedCurve.Success=true
		org.drip.analytics.curve.CreditCurve.NodeTweakedCurve.tweakedhazard[20-jun-2011]= 0.00000
		org.drip.analytics.curve.CreditCurve.NodeTweakedCurve.tweakedhazard[20-jun-2012]= 0.00000
		org.drip.analytics.curve.CreditCurve.NodeTweakedCurve.tweakedhazard[20-jun-2013]= 0.00001
		org.drip.analytics.curve.CreditCurve.NodeTweakedCurve.tweakedhazard[20-jun-2014]= 0.00001
		org.drip.analytics.curve.CreditCurve.NodeTweakedCurve.tweakedhazard[20-jun-2015]= 0.00001
		org.drip.analytics.curve.CreditCurve.NodeTweakedCurve.untweakedhazard[20-jun-2011]= 0.00833
		org.drip.analytics.curve.CreditCurve.NodeTweakedCurve.untweakedhazard[20-jun-2012]= 0.01690
		org.drip.analytics.curve.CreditCurve.NodeTweakedCurve.untweakedhazard[20-jun-2013]= 0.02578
		org.drip.analytics.curve.CreditCurve.NodeTweakedCurve.untweakedhazard[20-jun-2014]= 0.03505
		org.drip.analytics.curve.CreditCurve.NodeTweakedCurve.untweakedhazard[20-jun-2015]= 0.04487
		org.drip.analytics.curve.CreditCurve.NodeTweakedCurve.FinishTime=Fri Nov 02 23:28:13 EDT 2018
		org.drip.analytics.curve.CreditCurve.NodeTweakedCurve.ExecTime=41696

		org.drip.analytics.curve.CreditCurve.FlatCurve.Success=true
		org.drip.analytics.curve.CreditCurve.FlatCurve.flathazard[12-may-2011]= 0.01498
		org.drip.analytics.curve.CreditCurve.FlatCurve.flathazard[12-may-2012]= 0.01498
		org.drip.analytics.curve.CreditCurve.FlatCurve.flathazard[12-may-2013]= 0.01498
		org.drip.analytics.curve.CreditCurve.FlatCurve.flathazard[12-may-2014]= 0.01498
		org.drip.analytics.curve.CreditCurve.FlatCurve.flathazard[12-may-2015]= 0.01498
		org.drip.analytics.curve.CreditCurve.FlatCurve.FinishTime=Fri Nov 02 23:28:13 EDT 2018
		org.drip.analytics.curve.CreditCurve.FlatCurve.ExecTime=84192

		org.drip.analytics.curve.CreditCurve.EffectiveSurvival.Success=true
		org.drip.analytics.curve.CreditCurve.EffectiveSurvival.effectivesurvival[12-may-2011]= 0.9778
		org.drip.analytics.curve.CreditCurve.EffectiveSurvival.effectivesurvival[12-may-2012]= 0.9439
		org.drip.analytics.curve.CreditCurve.EffectiveSurvival.effectivesurvival[12-may-2013]= 0.8943
		org.drip.analytics.curve.CreditCurve.EffectiveSurvival.effectivesurvival[12-may-2014]= 0.8305
		org.drip.analytics.curve.CreditCurve.EffectiveSurvival.effectivesurvival[12-may-2015]= 0.7629
		org.drip.analytics.curve.CreditCurve.EffectiveSurvival.FinishTime=Fri Nov 02 23:28:13 EDT 2018
		org.drip.analytics.curve.CreditCurve.EffectiveSurvival.ExecTime=13

		org.drip.analytics.curve.CreditCurve.EffectiveRecovery.Success=true
		org.drip.analytics.curve.CreditCurve.EffectiveRecovery.curverecovery[1y-2y]= 0.4000- 0.4000
		org.drip.analytics.curve.CreditCurve.EffectiveRecovery.curverecovery[2y-3y]= 0.4000- 0.4000
		org.drip.analytics.curve.CreditCurve.EffectiveRecovery.curverecovery[3y-4y]= 0.4000- 0.4000
		org.drip.analytics.curve.CreditCurve.EffectiveRecovery.curverecovery[4y-5y]= 0.4000- 0.4000
		org.drip.analytics.curve.CreditCurve.EffectiveRecovery.curverecovery[5y-6y]= 0.4000- 0.4000
		org.drip.analytics.curve.CreditCurve.EffectiveRecovery.effectiverecovery[1y-2y]= 0.4000
		org.drip.analytics.curve.CreditCurve.EffectiveRecovery.effectiverecovery[2y-3y]= 0.4000
		org.drip.analytics.curve.CreditCurve.EffectiveRecovery.effectiverecovery[3y-4y]= 0.4000
		org.drip.analytics.curve.CreditCurve.EffectiveRecovery.effectiverecovery[4y-5y]= 0.4000
		org.drip.analytics.curve.CreditCurve.EffectiveRecovery.effectiverecovery[5y-6y]= 0.4000
		org.drip.analytics.curve.CreditCurve.EffectiveRecovery.FinishTime=Fri Nov 02 23:28:13 EDT 2018
		org.drip.analytics.curve.CreditCurve.EffectiveRecovery.ExecTime=6
	org.drip.analytics.curve.CreditCurve=> 326479 (mu-s): 11 / 12 succeeded.
	org.drip.analytics.curve.CreditCurve ends at Fri Nov 02 23:28:13 EDT 2018

	org.drip.analytics.curve.ZeroCurve starts at Fri Nov 02 23:28:13 EDT 2018

		org.drip.analytics.curve.ZeroCurve.CreateZeroCurveFromPeriods.Success=true
		org.drip.analytics.curve.ZeroCurve.CreateZeroCurveFromPeriods.FinishTime=Fri Nov 02 23:28:13 EDT 2018
		org.drip.analytics.curve.ZeroCurve.CreateZeroCurveFromPeriods.ExecTime=44272

		org.drip.analytics.curve.ZeroCurve.getZeroDF.Success=true
		org.drip.analytics.curve.ZeroCurve.getZeroDF.zerodf[25-mar-2009]=1.0
		org.drip.analytics.curve.ZeroCurve.getZeroDF.zerodf[25-mar-2010]=1.0
		org.drip.analytics.curve.ZeroCurve.getZeroDF.zerodf[25-mar-2011]=0.9453591669691728
		org.drip.analytics.curve.ZeroCurve.getZeroDF.zerodf[25-mar-2012]=0.8868235493924537
		org.drip.analytics.curve.ZeroCurve.getZeroDF.zerodf[25-mar-2013]=0.8320875646552512
		org.drip.analytics.curve.ZeroCurve.getZeroDF.zerodf[25-mar-2014]=0.7814644409514604
		org.drip.analytics.curve.ZeroCurve.getZeroDF.zerodf[25-mar-2015]=0.7339570583860968
		org.drip.analytics.curve.ZeroCurve.getZeroDF.zerodf[25-mar-2016]=0.6898868863348788
		org.drip.analytics.curve.ZeroCurve.getZeroDF.zerodf[25-mar-2017]=0.6485950148105171
		org.drip.analytics.curve.ZeroCurve.getZeroDF.zerodf[25-mar-2018]=0.6103494651971445
		org.drip.analytics.curve.ZeroCurve.getZeroDF.zerodf[25-mar-2019]=0.5744050069845413
		org.drip.analytics.curve.ZeroCurve.getZeroDF.zerodf[25-mar-2020]=0.540486868726277
		org.drip.analytics.curve.ZeroCurve.getZeroDF.zerodf[25-mar-2021]=0.5084539400371967
		org.drip.analytics.curve.ZeroCurve.getZeroDF.zerodf[25-mar-2022]=0.47559493839476963
		org.drip.analytics.curve.ZeroCurve.getZeroDF.zerodf[25-mar-2023]=0.4069313441716681
		org.drip.analytics.curve.ZeroCurve.getZeroDF.zerodf[25-sep-2009]=1.0
		org.drip.analytics.curve.ZeroCurve.getZeroDF.zerodf[25-sep-2010]=0.9762269828569646
		org.drip.analytics.curve.ZeroCurve.getZeroDF.zerodf[25-sep-2011]=0.9154084785211436
		org.drip.analytics.curve.ZeroCurve.getZeroDF.zerodf[25-sep-2012]=0.8588426182093616
		org.drip.analytics.curve.ZeroCurve.getZeroDF.zerodf[25-sep-2013]=0.8061345827025594
		org.drip.analytics.curve.ZeroCurve.getZeroDF.zerodf[25-sep-2014]=0.757181128310905
		org.drip.analytics.curve.ZeroCurve.getZeroDF.zerodf[25-sep-2015]=0.7114185570376885
		org.drip.analytics.curve.ZeroCurve.getZeroDF.zerodf[25-sep-2016]=0.6687900276745816
		org.drip.analytics.curve.ZeroCurve.getZeroDF.zerodf[25-sep-2017]=0.6289951191437723
		org.drip.analytics.curve.ZeroCurve.getZeroDF.zerodf[25-sep-2018]=0.5919696956968256
		org.drip.analytics.curve.ZeroCurve.getZeroDF.zerodf[25-sep-2019]=0.5571152387199033
		org.drip.analytics.curve.ZeroCurve.getZeroDF.zerodf[25-sep-2020]=0.5242961339488906
		org.drip.analytics.curve.ZeroCurve.getZeroDF.zerodf[25-sep-2021]=0.494216711086729
		org.drip.analytics.curve.ZeroCurve.getZeroDF.zerodf[25-sep-2022]=0.47618076921368024
		org.drip.analytics.curve.ZeroCurve.getZeroDF.zerodf[25-sep-2023]=0.6022794664929204
		org.drip.analytics.curve.ZeroCurve.getZeroDF.FinishTime=Fri Nov 02 23:28:13 EDT 2018
		org.drip.analytics.curve.ZeroCurve.getZeroDF.ExecTime=12

		org.drip.analytics.curve.ZeroCurve.getZeroRate.Success=true
		org.drip.analytics.curve.ZeroCurve.getZeroRate.zerorate[25-mar-2009]=1.0
		org.drip.analytics.curve.ZeroCurve.getZeroRate.zerorate[25-mar-2010]=1.0
		org.drip.analytics.curve.ZeroCurve.getZeroRate.zerorate[25-mar-2011]=-0.07425813881622456
		org.drip.analytics.curve.ZeroCurve.getZeroRate.zerorate[25-mar-2012]=0.055269844807190084
		org.drip.analytics.curve.ZeroCurve.getZeroRate.zerorate[25-mar-2013]=0.06441786082851177
		org.drip.analytics.curve.ZeroCurve.getZeroRate.zerorate[25-mar-2014]=0.06473232664638341
		org.drip.analytics.curve.ZeroCurve.getZeroRate.zerorate[25-mar-2015]=0.06456051974569203
		org.drip.analytics.curve.ZeroCurve.getZeroRate.zerorate[25-mar-2016]=0.06427043322024331
		org.drip.analytics.curve.ZeroCurve.getZeroRate.zerorate[25-mar-2017]=0.06404352526090332
		org.drip.analytics.curve.ZeroCurve.getZeroRate.zerorate[25-mar-2018]=0.06372904077599872
		org.drip.analytics.curve.ZeroCurve.getZeroRate.zerorate[25-mar-2019]=0.06324024899813306
		org.drip.analytics.curve.ZeroCurve.getZeroRate.zerorate[25-mar-2020]=0.059559651229139025
		org.drip.analytics.curve.ZeroCurve.getZeroRate.zerorate[25-mar-2021]=0.010974603994408444
		org.drip.analytics.curve.ZeroCurve.getZeroRate.zerorate[25-mar-2022]=-0.6640233091295473
		org.drip.analytics.curve.ZeroCurve.getZeroRate.zerorate[25-mar-2023]=-10.064388824655712
		org.drip.analytics.curve.ZeroCurve.getZeroRate.zerorate[25-sep-2009]=1.0
		org.drip.analytics.curve.ZeroCurve.getZeroRate.zerorate[25-sep-2010]=0.5878966264029237
		org.drip.analytics.curve.ZeroCurve.getZeroRate.zerorate[25-sep-2011]=0.10315762101020018
		org.drip.analytics.curve.ZeroCurve.getZeroRate.zerorate[25-sep-2012]=0.06796312275028718
		org.drip.analytics.curve.ZeroCurve.getZeroRate.zerorate[25-sep-2013]=0.06518721130231139
		org.drip.analytics.curve.ZeroCurve.getZeroRate.zerorate[25-sep-2014]=0.06469759638553169
		org.drip.analytics.curve.ZeroCurve.getZeroRate.zerorate[25-sep-2015]=0.06442885960437045
		org.drip.analytics.curve.ZeroCurve.getZeroRate.zerorate[25-sep-2016]=0.06417012564661594
		org.drip.analytics.curve.ZeroCurve.getZeroRate.zerorate[25-sep-2017]=0.06391947550733557
		org.drip.analytics.curve.ZeroCurve.getZeroRate.zerorate[25-sep-2018]=0.06371031801917165
		org.drip.analytics.curve.ZeroCurve.getZeroRate.zerorate[25-sep-2019]=0.06444012495120544
		org.drip.analytics.curve.ZeroCurve.getZeroRate.zerorate[25-sep-2020]=0.07747489454278325
		org.drip.analytics.curve.ZeroCurve.getZeroRate.zerorate[25-sep-2021]=0.26100421418090397
		org.drip.analytics.curve.ZeroCurve.getZeroRate.zerorate[25-sep-2022]=2.8193601696238257
		org.drip.analytics.curve.ZeroCurve.getZeroRate.zerorate[25-sep-2023]=38.4563358903995
		org.drip.analytics.curve.ZeroCurve.getZeroRate.FinishTime=Fri Nov 02 23:28:13 EDT 2018
		org.drip.analytics.curve.ZeroCurve.getZeroRate.ExecTime=32
	org.drip.analytics.curve.ZeroCurve=> 44316 (mu-s): 3 / 3 succeeded.
	org.drip.analytics.curve.ZeroCurve ends at Fri Nov 02 23:28:13 EDT 2018

	org.drip.analytics.curve.DiscountCurve starts at Fri Nov 02 23:28:13 EDT 2018

		org.drip.analytics.curve.DiscountCurve.CreateFromRatesInstruments.Success=true
		org.drip.analytics.curve.DiscountCurve.CreateFromRatesInstruments.FinishTime=Fri Nov 02 23:28:13 EDT 2018
		org.drip.analytics.curve.DiscountCurve.CreateFromRatesInstruments.ExecTime=342842

		org.drip.analytics.curve.DiscountCurve.CreateFromFlatRate.Success=true
		org.drip.analytics.curve.DiscountCurve.CreateFromFlatRate.discountfactor[12-may-2011]=0.9608157444936446
		org.drip.analytics.curve.DiscountCurve.CreateFromFlatRate.discountfactor[12-may-2012]=0.9230658006742032
		org.drip.analytics.curve.DiscountCurve.CreateFromFlatRate.discountfactor[12-may-2013]=0.8868961544914067
		org.drip.analytics.curve.DiscountCurve.CreateFromFlatRate.discountfactor[12-may-2014]=0.8521437889662113
		org.drip.analytics.curve.DiscountCurve.CreateFromFlatRate.discountfactor[12-may-2015]=0.8187531690112055
		org.drip.analytics.curve.DiscountCurve.CreateFromFlatRate.FinishTime=Fri Nov 02 23:28:13 EDT 2018
		org.drip.analytics.curve.DiscountCurve.CreateFromFlatRate.ExecTime=4

		org.drip.analytics.curve.DiscountCurve.BuildFromDF.Success=true
		org.drip.analytics.curve.DiscountCurve.BuildFromDF.discountfactordfcurve[12-may-2011]= 0.996
		org.drip.analytics.curve.DiscountCurve.BuildFromDF.discountfactordfcurve[12-may-2012]= 0.985
		org.drip.analytics.curve.DiscountCurve.BuildFromDF.discountfactordfcurve[12-may-2013]= 0.957
		org.drip.analytics.curve.DiscountCurve.BuildFromDF.discountfactordfcurve[12-may-2014]= 0.927
		org.drip.analytics.curve.DiscountCurve.BuildFromDF.discountfactordfcurve[12-may-2015]= 0.891
		org.drip.analytics.curve.DiscountCurve.BuildFromDF.discountfactorflatrate[12-may-2011]= 0.996
		org.drip.analytics.curve.DiscountCurve.BuildFromDF.discountfactorflatrate[12-may-2012]= 0.985
		org.drip.analytics.curve.DiscountCurve.BuildFromDF.discountfactorflatrate[12-may-2013]= 0.957
		org.drip.analytics.curve.DiscountCurve.BuildFromDF.discountfactorflatrate[12-may-2014]= 0.927
		org.drip.analytics.curve.DiscountCurve.BuildFromDF.discountfactorflatrate[12-may-2015]= 0.891
		org.drip.analytics.curve.DiscountCurve.BuildFromDF.FinishTime=Fri Nov 02 23:28:13 EDT 2018
		org.drip.analytics.curve.DiscountCurve.BuildFromDF.ExecTime=3

		org.drip.analytics.curve.DiscountCurve.CreateDC.Success=true
		org.drip.analytics.curve.DiscountCurve.CreateDC.discountfactorateimplied[12-may-2011]= 0.004
		org.drip.analytics.curve.DiscountCurve.CreateDC.discountfactorateimplied[12-may-2012]= 0.007
		org.drip.analytics.curve.DiscountCurve.CreateDC.discountfactorateimplied[12-may-2013]= 0.015
		org.drip.analytics.curve.DiscountCurve.CreateDC.discountfactorateimplied[12-may-2014]= 0.019
		org.drip.analytics.curve.DiscountCurve.CreateDC.discountfactorateimplied[12-may-2015]= 0.023
		org.drip.analytics.curve.DiscountCurve.CreateDC.discountfactororiginaldc[12-may-2011]= 0.004
		org.drip.analytics.curve.DiscountCurve.CreateDC.discountfactororiginaldc[12-may-2012]= 0.007
		org.drip.analytics.curve.DiscountCurve.CreateDC.discountfactororiginaldc[12-may-2013]= 0.015
		org.drip.analytics.curve.DiscountCurve.CreateDC.discountfactororiginaldc[12-may-2014]= 0.019
		org.drip.analytics.curve.DiscountCurve.CreateDC.discountfactororiginaldc[12-may-2015]= 0.023
		org.drip.analytics.curve.DiscountCurve.CreateDC.FinishTime=Fri Nov 02 23:28:13 EDT 2018
		org.drip.analytics.curve.DiscountCurve.CreateDC.ExecTime=1

		org.drip.analytics.curve.DiscountCurve.BasisRateShiftedCurve.Success=true
		org.drip.analytics.curve.DiscountCurve.BasisRateShiftedCurve.ratebasisempty[12-may-2011]= 0.0400
		org.drip.analytics.curve.DiscountCurve.BasisRateShiftedCurve.ratebasisempty[12-may-2012]= 0.0400
		org.drip.analytics.curve.DiscountCurve.BasisRateShiftedCurve.ratebasisempty[12-may-2013]= 0.0400
		org.drip.analytics.curve.DiscountCurve.BasisRateShiftedCurve.ratebasisempty[12-may-2014]= 0.0400
		org.drip.analytics.curve.DiscountCurve.BasisRateShiftedCurve.ratebasisempty[12-may-2015]= 0.0400
		org.drip.analytics.curve.DiscountCurve.BasisRateShiftedCurve.ratebasisshifted[12-may-2011]= 0.0401
		org.drip.analytics.curve.DiscountCurve.BasisRateShiftedCurve.ratebasisshifted[12-may-2012]= 0.0402
		org.drip.analytics.curve.DiscountCurve.BasisRateShiftedCurve.ratebasisshifted[12-may-2013]= 0.0402
		org.drip.analytics.curve.DiscountCurve.BasisRateShiftedCurve.ratebasisshifted[12-may-2014]= 0.0402
		org.drip.analytics.curve.DiscountCurve.BasisRateShiftedCurve.ratebasisshifted[12-may-2015]= 0.0403
		org.drip.analytics.curve.DiscountCurve.BasisRateShiftedCurve.FinishTime=Fri Nov 02 23:28:13 EDT 2018
		org.drip.analytics.curve.DiscountCurve.BasisRateShiftedCurve.ExecTime=4

		org.drip.analytics.curve.DiscountCurve.EffectiveDF.Success=true
		org.drip.analytics.curve.DiscountCurve.EffectiveDF.effective[12-may-2011]= 0.9904
		org.drip.analytics.curve.DiscountCurve.EffectiveDF.effective[12-may-2012]= 0.9686
		org.drip.analytics.curve.DiscountCurve.EffectiveDF.effective[12-may-2013]= 0.9389
		org.drip.analytics.curve.DiscountCurve.EffectiveDF.effective[12-may-2014]= 0.9056
		org.drip.analytics.curve.DiscountCurve.EffectiveDF.effective[12-may-2015]= 0.8677
		org.drip.analytics.curve.DiscountCurve.EffectiveDF.FinishTime=Fri Nov 02 23:28:13 EDT 2018
		org.drip.analytics.curve.DiscountCurve.EffectiveDF.ExecTime=28

		org.drip.analytics.curve.DiscountCurve.CalcImpliedRate.Success=true
		org.drip.analytics.curve.DiscountCurve.CalcImpliedRate.impliedrate[12-may-2011]= 0.0110
		org.drip.analytics.curve.DiscountCurve.CalcImpliedRate.impliedrate[12-may-2012]= 0.0297
		org.drip.analytics.curve.DiscountCurve.CalcImpliedRate.impliedrate[12-may-2013]= 0.0311
		org.drip.analytics.curve.DiscountCurve.CalcImpliedRate.impliedrate[12-may-2014]= 0.0397
		org.drip.analytics.curve.DiscountCurve.CalcImpliedRate.impliedrate[12-may-2015]= 0.0451
		org.drip.analytics.curve.DiscountCurve.CalcImpliedRate.FinishTime=Fri Nov 02 23:28:13 EDT 2018
		org.drip.analytics.curve.DiscountCurve.CalcImpliedRate.ExecTime=22
	org.drip.analytics.curve.DiscountCurve=> 342904 (mu-s): 7 / 11 succeeded.
	org.drip.analytics.curve.DiscountCurve ends at Fri Nov 02 23:28:13 EDT 2018

	org.drip.analytics.curve.CreditCurve starts at Fri Nov 02 23:28:13 EDT 2018

		org.drip.analytics.curve.CreditCurve.CreateSNAC.Success=true
		org.drip.analytics.curve.CreditCurve.CreateSNAC.FinishTime=Fri Nov 02 23:28:13 EDT 2018
		org.drip.analytics.curve.CreditCurve.CreateSNAC.ExecTime=98961

		org.drip.analytics.curve.CreditCurve.FromFlatHazard.Success=true
		org.drip.analytics.curve.CreditCurve.FromFlatHazard.hazardratefromhazardcurve[12-may-2011]= 0.0200
		org.drip.analytics.curve.CreditCurve.FromFlatHazard.hazardratefromhazardcurve[12-may-2012]= 0.0200
		org.drip.analytics.curve.CreditCurve.FromFlatHazard.hazardratefromhazardcurve[12-may-2013]= 0.0200
		org.drip.analytics.curve.CreditCurve.FromFlatHazard.hazardratefromhazardcurve[12-may-2014]= 0.0200
		org.drip.analytics.curve.CreditCurve.FromFlatHazard.hazardratefromhazardcurve[12-may-2015]= 0.0200
		org.drip.analytics.curve.CreditCurve.FromFlatHazard.FinishTime=Fri Nov 02 23:28:13 EDT 2018
		org.drip.analytics.curve.CreditCurve.FromFlatHazard.ExecTime=6

		org.drip.analytics.curve.CreditCurve.FromSurvival.Success=true
		org.drip.analytics.curve.CreditCurve.FromSurvival.survivalfromoriginal[12-may-2011]= 0.9000
		org.drip.analytics.curve.CreditCurve.FromSurvival.survivalfromoriginal[12-may-2012]= 0.8000
		org.drip.analytics.curve.CreditCurve.FromSurvival.survivalfromoriginal[12-may-2013]= 0.7000
		org.drip.analytics.curve.CreditCurve.FromSurvival.survivalfromoriginal[12-may-2014]= 0.6000
		org.drip.analytics.curve.CreditCurve.FromSurvival.survivalfromoriginal[12-may-2015]= 0.5000
		org.drip.analytics.curve.CreditCurve.FromSurvival.survivalfromsurvival[12-may-2011]= 0.9000
		org.drip.analytics.curve.CreditCurve.FromSurvival.survivalfromsurvival[12-may-2012]= 0.8000
		org.drip.analytics.curve.CreditCurve.FromSurvival.survivalfromsurvival[12-may-2013]= 0.7000
		org.drip.analytics.curve.CreditCurve.FromSurvival.survivalfromsurvival[12-may-2014]= 0.6000
		org.drip.analytics.curve.CreditCurve.FromSurvival.survivalfromsurvival[12-may-2015]= 0.5000
		org.drip.analytics.curve.CreditCurve.FromSurvival.FinishTime=Fri Nov 02 23:28:13 EDT 2018
		org.drip.analytics.curve.CreditCurve.FromSurvival.ExecTime=4

		org.drip.analytics.curve.CreditCurve.FromHazard.Success=true
		org.drip.analytics.curve.CreditCurve.FromHazard.hazardfromhazard[12-may-2010-12-may-2011]= 0.0090
		org.drip.analytics.curve.CreditCurve.FromHazard.hazardfromhazard[12-may-2011-12-may-2012]= 0.0080
		org.drip.analytics.curve.CreditCurve.FromHazard.hazardfromhazard[12-may-2012-12-may-2013]= 0.0070
		org.drip.analytics.curve.CreditCurve.FromHazard.hazardfromhazard[12-may-2013-12-may-2014]= 0.0060
		org.drip.analytics.curve.CreditCurve.FromHazard.hazardfromhazard[12-may-2014-12-may-2015]= 0.0050
		org.drip.analytics.curve.CreditCurve.FromHazard.hazardfromoriginal[12-may-2010-12-may-2011]= 0.0090
		org.drip.analytics.curve.CreditCurve.FromHazard.hazardfromoriginal[12-may-2011-12-may-2012]= 0.0080
		org.drip.analytics.curve.CreditCurve.FromHazard.hazardfromoriginal[12-may-2012-12-may-2013]= 0.0070
		org.drip.analytics.curve.CreditCurve.FromHazard.hazardfromoriginal[12-may-2013-12-may-2014]= 0.0060
		org.drip.analytics.curve.CreditCurve.FromHazard.hazardfromoriginal[12-may-2014-12-may-2015]= 0.0050
		org.drip.analytics.curve.CreditCurve.FromHazard.FinishTime=Fri Nov 02 23:28:13 EDT 2018
		org.drip.analytics.curve.CreditCurve.FromHazard.ExecTime=2

		org.drip.analytics.curve.CreditCurve.CompAndQuotes.Success=true
		org.drip.analytics.curve.CreditCurve.CompAndQuotes.compquote_cds.1y.corp[20-jun-2011]= 50.0000
		org.drip.analytics.curve.CreditCurve.CompAndQuotes.compquote_cds.2y.corp[20-jun-2012]= 100.0000
		org.drip.analytics.curve.CreditCurve.CompAndQuotes.compquote_cds.3y.corp[20-jun-2013]= 150.0000
		org.drip.analytics.curve.CreditCurve.CompAndQuotes.compquote_cds.4y.corp[20-jun-2014]= 200.0000
		org.drip.analytics.curve.CreditCurve.CompAndQuotes.compquote_cds.5y.corp[20-jun-2015]= 250.0000
		org.drip.analytics.curve.CreditCurve.CompAndQuotes.FinishTime=Fri Nov 02 23:28:13 EDT 2018
		org.drip.analytics.curve.CreditCurve.CompAndQuotes.ExecTime=1

		org.drip.analytics.curve.CreditCurve.ParallelHazardShiftedCurve.Success=true
		org.drip.analytics.curve.CreditCurve.ParallelHazardShiftedCurve.basecurvehazard[12-may-2010-20-jun-2011]= 0.0083
		org.drip.analytics.curve.CreditCurve.ParallelHazardShiftedCurve.basecurvehazard[12-may-2010-20-jun-2012]= 0.0169
		org.drip.analytics.curve.CreditCurve.ParallelHazardShiftedCurve.basecurvehazard[12-may-2010-20-jun-2013]= 0.0258
		org.drip.analytics.curve.CreditCurve.ParallelHazardShiftedCurve.basecurvehazard[12-may-2010-20-jun-2014]= 0.0351
		org.drip.analytics.curve.CreditCurve.ParallelHazardShiftedCurve.basecurvehazard[12-may-2010-20-jun-2015]= 0.0449
		org.drip.analytics.curve.CreditCurve.ParallelHazardShiftedCurve.parallelshiftedcurvehazard[12-may-2010-20-jun-2011]= 0.0088
		org.drip.analytics.curve.CreditCurve.ParallelHazardShiftedCurve.parallelshiftedcurvehazard[12-may-2010-20-jun-2012]= 0.0174
		org.drip.analytics.curve.CreditCurve.ParallelHazardShiftedCurve.parallelshiftedcurvehazard[12-may-2010-20-jun-2013]= 0.0263
		org.drip.analytics.curve.CreditCurve.ParallelHazardShiftedCurve.parallelshiftedcurvehazard[12-may-2010-20-jun-2014]= 0.0356
		org.drip.analytics.curve.CreditCurve.ParallelHazardShiftedCurve.parallelshiftedcurvehazard[12-may-2010-20-jun-2015]= 0.0454
		org.drip.analytics.curve.CreditCurve.ParallelHazardShiftedCurve.FinishTime=Fri Nov 02 23:28:13 EDT 2018
		org.drip.analytics.curve.CreditCurve.ParallelHazardShiftedCurve.ExecTime=3

		org.drip.analytics.curve.CreditCurve.ParallelQuoteShiftedCurve.Success=true
		org.drip.analytics.curve.CreditCurve.ParallelQuoteShiftedCurve.basecurvequote[20-jun-2011]= 50.00000
		org.drip.analytics.curve.CreditCurve.ParallelQuoteShiftedCurve.basecurvequote[20-jun-2012]= 100.00000
		org.drip.analytics.curve.CreditCurve.ParallelQuoteShiftedCurve.basecurvequote[20-jun-2013]= 150.00000
		org.drip.analytics.curve.CreditCurve.ParallelQuoteShiftedCurve.basecurvequote[20-jun-2014]= 200.00000
		org.drip.analytics.curve.CreditCurve.ParallelQuoteShiftedCurve.basecurvequote[20-jun-2015]= 250.00000
		org.drip.analytics.curve.CreditCurve.ParallelQuoteShiftedCurve.parallelshiftedcurvequote[20-jun-2011]= 55.00000
		org.drip.analytics.curve.CreditCurve.ParallelQuoteShiftedCurve.parallelshiftedcurvequote[20-jun-2012]= 105.00000
		org.drip.analytics.curve.CreditCurve.ParallelQuoteShiftedCurve.parallelshiftedcurvequote[20-jun-2013]= 155.00000
		org.drip.analytics.curve.CreditCurve.ParallelQuoteShiftedCurve.parallelshiftedcurvequote[20-jun-2014]= 205.00000
		org.drip.analytics.curve.CreditCurve.ParallelQuoteShiftedCurve.parallelshiftedcurvequote[20-jun-2015]= 255.00000
		org.drip.analytics.curve.CreditCurve.ParallelQuoteShiftedCurve.FinishTime=Fri Nov 02 23:28:13 EDT 2018
		org.drip.analytics.curve.CreditCurve.ParallelQuoteShiftedCurve.ExecTime=100341

		org.drip.analytics.curve.CreditCurve.NodeTweakedCurve.Success=true
		org.drip.analytics.curve.CreditCurve.NodeTweakedCurve.tweakedhazard[20-jun-2011]= 0.00000
		org.drip.analytics.curve.CreditCurve.NodeTweakedCurve.tweakedhazard[20-jun-2012]= 0.00000
		org.drip.analytics.curve.CreditCurve.NodeTweakedCurve.tweakedhazard[20-jun-2013]= 0.00001
		org.drip.analytics.curve.CreditCurve.NodeTweakedCurve.tweakedhazard[20-jun-2014]= 0.00001
		org.drip.analytics.curve.CreditCurve.NodeTweakedCurve.tweakedhazard[20-jun-2015]= 0.00001
		org.drip.analytics.curve.CreditCurve.NodeTweakedCurve.untweakedhazard[20-jun-2011]= 0.00833
		org.drip.analytics.curve.CreditCurve.NodeTweakedCurve.untweakedhazard[20-jun-2012]= 0.01690
		org.drip.analytics.curve.CreditCurve.NodeTweakedCurve.untweakedhazard[20-jun-2013]= 0.02578
		org.drip.analytics.curve.CreditCurve.NodeTweakedCurve.untweakedhazard[20-jun-2014]= 0.03505
		org.drip.analytics.curve.CreditCurve.NodeTweakedCurve.untweakedhazard[20-jun-2015]= 0.04487
		org.drip.analytics.curve.CreditCurve.NodeTweakedCurve.FinishTime=Fri Nov 02 23:28:13 EDT 2018
		org.drip.analytics.curve.CreditCurve.NodeTweakedCurve.ExecTime=42034

		org.drip.analytics.curve.CreditCurve.FlatCurve.Success=true
		org.drip.analytics.curve.CreditCurve.FlatCurve.flathazard[12-may-2011]= 0.01498
		org.drip.analytics.curve.CreditCurve.FlatCurve.flathazard[12-may-2012]= 0.01498
		org.drip.analytics.curve.CreditCurve.FlatCurve.flathazard[12-may-2013]= 0.01498
		org.drip.analytics.curve.CreditCurve.FlatCurve.flathazard[12-may-2014]= 0.01498
		org.drip.analytics.curve.CreditCurve.FlatCurve.flathazard[12-may-2015]= 0.01498
		org.drip.analytics.curve.CreditCurve.FlatCurve.FinishTime=Fri Nov 02 23:28:13 EDT 2018
		org.drip.analytics.curve.CreditCurve.FlatCurve.ExecTime=84728

		org.drip.analytics.curve.CreditCurve.EffectiveSurvival.Success=true
		org.drip.analytics.curve.CreditCurve.EffectiveSurvival.effectivesurvival[12-may-2011]= 0.9778
		org.drip.analytics.curve.CreditCurve.EffectiveSurvival.effectivesurvival[12-may-2012]= 0.9439
		org.drip.analytics.curve.CreditCurve.EffectiveSurvival.effectivesurvival[12-may-2013]= 0.8943
		org.drip.analytics.curve.CreditCurve.EffectiveSurvival.effectivesurvival[12-may-2014]= 0.8305
		org.drip.analytics.curve.CreditCurve.EffectiveSurvival.effectivesurvival[12-may-2015]= 0.7629
		org.drip.analytics.curve.CreditCurve.EffectiveSurvival.FinishTime=Fri Nov 02 23:28:13 EDT 2018
		org.drip.analytics.curve.CreditCurve.EffectiveSurvival.ExecTime=13

		org.drip.analytics.curve.CreditCurve.EffectiveRecovery.Success=true
		org.drip.analytics.curve.CreditCurve.EffectiveRecovery.curverecovery[1y-2y]= 0.4000- 0.4000
		org.drip.analytics.curve.CreditCurve.EffectiveRecovery.curverecovery[2y-3y]= 0.4000- 0.4000
		org.drip.analytics.curve.CreditCurve.EffectiveRecovery.curverecovery[3y-4y]= 0.4000- 0.4000
		org.drip.analytics.curve.CreditCurve.EffectiveRecovery.curverecovery[4y-5y]= 0.4000- 0.4000
		org.drip.analytics.curve.CreditCurve.EffectiveRecovery.curverecovery[5y-6y]= 0.4000- 0.4000
		org.drip.analytics.curve.CreditCurve.EffectiveRecovery.effectiverecovery[1y-2y]= 0.4000
		org.drip.analytics.curve.CreditCurve.EffectiveRecovery.effectiverecovery[2y-3y]= 0.4000
		org.drip.analytics.curve.CreditCurve.EffectiveRecovery.effectiverecovery[3y-4y]= 0.4000
		org.drip.analytics.curve.CreditCurve.EffectiveRecovery.effectiverecovery[4y-5y]= 0.4000
		org.drip.analytics.curve.CreditCurve.EffectiveRecovery.effectiverecovery[5y-6y]= 0.4000
		org.drip.analytics.curve.CreditCurve.EffectiveRecovery.FinishTime=Fri Nov 02 23:28:13 EDT 2018
		org.drip.analytics.curve.CreditCurve.EffectiveRecovery.ExecTime=5
	org.drip.analytics.curve.CreditCurve=> 326098 (mu-s): 11 / 12 succeeded.
	org.drip.analytics.curve.CreditCurve ends at Fri Nov 02 23:28:13 EDT 2018

	org.drip.analytics.curve.ZeroCurve starts at Fri Nov 02 23:28:13 EDT 2018

		org.drip.analytics.curve.ZeroCurve.CreateZeroCurveFromPeriods.Success=true
		org.drip.analytics.curve.ZeroCurve.CreateZeroCurveFromPeriods.FinishTime=Fri Nov 02 23:28:13 EDT 2018
		org.drip.analytics.curve.ZeroCurve.CreateZeroCurveFromPeriods.ExecTime=44482

		org.drip.analytics.curve.ZeroCurve.getZeroDF.Success=true
		org.drip.analytics.curve.ZeroCurve.getZeroDF.zerodf[25-mar-2009]=1.0
		org.drip.analytics.curve.ZeroCurve.getZeroDF.zerodf[25-mar-2010]=1.0
		org.drip.analytics.curve.ZeroCurve.getZeroDF.zerodf[25-mar-2011]=0.9453591669691728
		org.drip.analytics.curve.ZeroCurve.getZeroDF.zerodf[25-mar-2012]=0.8868235493924537
		org.drip.analytics.curve.ZeroCurve.getZeroDF.zerodf[25-mar-2013]=0.8320875646552512
		org.drip.analytics.curve.ZeroCurve.getZeroDF.zerodf[25-mar-2014]=0.7814644409514604
		org.drip.analytics.curve.ZeroCurve.getZeroDF.zerodf[25-mar-2015]=0.7339570583860968
		org.drip.analytics.curve.ZeroCurve.getZeroDF.zerodf[25-mar-2016]=0.6898868863348788
		org.drip.analytics.curve.ZeroCurve.getZeroDF.zerodf[25-mar-2017]=0.6485950148105171
		org.drip.analytics.curve.ZeroCurve.getZeroDF.zerodf[25-mar-2018]=0.6103494651971445
		org.drip.analytics.curve.ZeroCurve.getZeroDF.zerodf[25-mar-2019]=0.5744050069845413
		org.drip.analytics.curve.ZeroCurve.getZeroDF.zerodf[25-mar-2020]=0.540486868726277
		org.drip.analytics.curve.ZeroCurve.getZeroDF.zerodf[25-mar-2021]=0.5084539400371967
		org.drip.analytics.curve.ZeroCurve.getZeroDF.zerodf[25-mar-2022]=0.47559493839476963
		org.drip.analytics.curve.ZeroCurve.getZeroDF.zerodf[25-mar-2023]=0.4069313441716681
		org.drip.analytics.curve.ZeroCurve.getZeroDF.zerodf[25-sep-2009]=1.0
		org.drip.analytics.curve.ZeroCurve.getZeroDF.zerodf[25-sep-2010]=0.9762269828569646
		org.drip.analytics.curve.ZeroCurve.getZeroDF.zerodf[25-sep-2011]=0.9154084785211436
		org.drip.analytics.curve.ZeroCurve.getZeroDF.zerodf[25-sep-2012]=0.8588426182093616
		org.drip.analytics.curve.ZeroCurve.getZeroDF.zerodf[25-sep-2013]=0.8061345827025594
		org.drip.analytics.curve.ZeroCurve.getZeroDF.zerodf[25-sep-2014]=0.757181128310905
		org.drip.analytics.curve.ZeroCurve.getZeroDF.zerodf[25-sep-2015]=0.7114185570376885
		org.drip.analytics.curve.ZeroCurve.getZeroDF.zerodf[25-sep-2016]=0.6687900276745816
		org.drip.analytics.curve.ZeroCurve.getZeroDF.zerodf[25-sep-2017]=0.6289951191437723
		org.drip.analytics.curve.ZeroCurve.getZeroDF.zerodf[25-sep-2018]=0.5919696956968256
		org.drip.analytics.curve.ZeroCurve.getZeroDF.zerodf[25-sep-2019]=0.5571152387199033
		org.drip.analytics.curve.ZeroCurve.getZeroDF.zerodf[25-sep-2020]=0.5242961339488906
		org.drip.analytics.curve.ZeroCurve.getZeroDF.zerodf[25-sep-2021]=0.494216711086729
		org.drip.analytics.curve.ZeroCurve.getZeroDF.zerodf[25-sep-2022]=0.47618076921368024
		org.drip.analytics.curve.ZeroCurve.getZeroDF.zerodf[25-sep-2023]=0.6022794664929204
		org.drip.analytics.curve.ZeroCurve.getZeroDF.FinishTime=Fri Nov 02 23:28:13 EDT 2018
		org.drip.analytics.curve.ZeroCurve.getZeroDF.ExecTime=12

		org.drip.analytics.curve.ZeroCurve.getZeroRate.Success=true
		org.drip.analytics.curve.ZeroCurve.getZeroRate.zerorate[25-mar-2009]=1.0
		org.drip.analytics.curve.ZeroCurve.getZeroRate.zerorate[25-mar-2010]=1.0
		org.drip.analytics.curve.ZeroCurve.getZeroRate.zerorate[25-mar-2011]=-0.07425813881622456
		org.drip.analytics.curve.ZeroCurve.getZeroRate.zerorate[25-mar-2012]=0.055269844807190084
		org.drip.analytics.curve.ZeroCurve.getZeroRate.zerorate[25-mar-2013]=0.06441786082851177
		org.drip.analytics.curve.ZeroCurve.getZeroRate.zerorate[25-mar-2014]=0.06473232664638341
		org.drip.analytics.curve.ZeroCurve.getZeroRate.zerorate[25-mar-2015]=0.06456051974569203
		org.drip.analytics.curve.ZeroCurve.getZeroRate.zerorate[25-mar-2016]=0.06427043322024331
		org.drip.analytics.curve.ZeroCurve.getZeroRate.zerorate[25-mar-2017]=0.06404352526090332
		org.drip.analytics.curve.ZeroCurve.getZeroRate.zerorate[25-mar-2018]=0.06372904077599872
		org.drip.analytics.curve.ZeroCurve.getZeroRate.zerorate[25-mar-2019]=0.06324024899813306
		org.drip.analytics.curve.ZeroCurve.getZeroRate.zerorate[25-mar-2020]=0.059559651229139025
		org.drip.analytics.curve.ZeroCurve.getZeroRate.zerorate[25-mar-2021]=0.010974603994408444
		org.drip.analytics.curve.ZeroCurve.getZeroRate.zerorate[25-mar-2022]=-0.6640233091295473
		org.drip.analytics.curve.ZeroCurve.getZeroRate.zerorate[25-mar-2023]=-10.064388824655712
		org.drip.analytics.curve.ZeroCurve.getZeroRate.zerorate[25-sep-2009]=1.0
		org.drip.analytics.curve.ZeroCurve.getZeroRate.zerorate[25-sep-2010]=0.5878966264029237
		org.drip.analytics.curve.ZeroCurve.getZeroRate.zerorate[25-sep-2011]=0.10315762101020018
		org.drip.analytics.curve.ZeroCurve.getZeroRate.zerorate[25-sep-2012]=0.06796312275028718
		org.drip.analytics.curve.ZeroCurve.getZeroRate.zerorate[25-sep-2013]=0.06518721130231139
		org.drip.analytics.curve.ZeroCurve.getZeroRate.zerorate[25-sep-2014]=0.06469759638553169
		org.drip.analytics.curve.ZeroCurve.getZeroRate.zerorate[25-sep-2015]=0.06442885960437045
		org.drip.analytics.curve.ZeroCurve.getZeroRate.zerorate[25-sep-2016]=0.06417012564661594
		org.drip.analytics.curve.ZeroCurve.getZeroRate.zerorate[25-sep-2017]=0.06391947550733557
		org.drip.analytics.curve.ZeroCurve.getZeroRate.zerorate[25-sep-2018]=0.06371031801917165
		org.drip.analytics.curve.ZeroCurve.getZeroRate.zerorate[25-sep-2019]=0.06444012495120544
		org.drip.analytics.curve.ZeroCurve.getZeroRate.zerorate[25-sep-2020]=0.07747489454278325
		org.drip.analytics.curve.ZeroCurve.getZeroRate.zerorate[25-sep-2021]=0.26100421418090397
		org.drip.analytics.curve.ZeroCurve.getZeroRate.zerorate[25-sep-2022]=2.8193601696238257
		org.drip.analytics.curve.ZeroCurve.getZeroRate.zerorate[25-sep-2023]=38.4563358903995
		org.drip.analytics.curve.ZeroCurve.getZeroRate.FinishTime=Fri Nov 02 23:28:13 EDT 2018
		org.drip.analytics.curve.ZeroCurve.getZeroRate.ExecTime=46
	org.drip.analytics.curve.ZeroCurve=> 44540 (mu-s): 3 / 3 succeeded.
	org.drip.analytics.curve.ZeroCurve ends at Fri Nov 02 23:28:13 EDT 2018

	org.drip.analytics.curve.DiscountCurve starts at Fri Nov 02 23:28:13 EDT 2018

		org.drip.analytics.curve.DiscountCurve.CreateFromRatesInstruments.Success=true
		org.drip.analytics.curve.DiscountCurve.CreateFromRatesInstruments.FinishTime=Fri Nov 02 23:28:14 EDT 2018
		org.drip.analytics.curve.DiscountCurve.CreateFromRatesInstruments.ExecTime=346897

		org.drip.analytics.curve.DiscountCurve.CreateFromFlatRate.Success=true
		org.drip.analytics.curve.DiscountCurve.CreateFromFlatRate.discountfactor[12-may-2011]=0.9608157444936446
		org.drip.analytics.curve.DiscountCurve.CreateFromFlatRate.discountfactor[12-may-2012]=0.9230658006742032
		org.drip.analytics.curve.DiscountCurve.CreateFromFlatRate.discountfactor[12-may-2013]=0.8868961544914067
		org.drip.analytics.curve.DiscountCurve.CreateFromFlatRate.discountfactor[12-may-2014]=0.8521437889662113
		org.drip.analytics.curve.DiscountCurve.CreateFromFlatRate.discountfactor[12-may-2015]=0.8187531690112055
		org.drip.analytics.curve.DiscountCurve.CreateFromFlatRate.FinishTime=Fri Nov 02 23:28:14 EDT 2018
		org.drip.analytics.curve.DiscountCurve.CreateFromFlatRate.ExecTime=4

		org.drip.analytics.curve.DiscountCurve.BuildFromDF.Success=true
		org.drip.analytics.curve.DiscountCurve.BuildFromDF.discountfactordfcurve[12-may-2011]= 0.996
		org.drip.analytics.curve.DiscountCurve.BuildFromDF.discountfactordfcurve[12-may-2012]= 0.985
		org.drip.analytics.curve.DiscountCurve.BuildFromDF.discountfactordfcurve[12-may-2013]= 0.957
		org.drip.analytics.curve.DiscountCurve.BuildFromDF.discountfactordfcurve[12-may-2014]= 0.927
		org.drip.analytics.curve.DiscountCurve.BuildFromDF.discountfactordfcurve[12-may-2015]= 0.891
		org.drip.analytics.curve.DiscountCurve.BuildFromDF.discountfactorflatrate[12-may-2011]= 0.996
		org.drip.analytics.curve.DiscountCurve.BuildFromDF.discountfactorflatrate[12-may-2012]= 0.985
		org.drip.analytics.curve.DiscountCurve.BuildFromDF.discountfactorflatrate[12-may-2013]= 0.957
		org.drip.analytics.curve.DiscountCurve.BuildFromDF.discountfactorflatrate[12-may-2014]= 0.927
		org.drip.analytics.curve.DiscountCurve.BuildFromDF.discountfactorflatrate[12-may-2015]= 0.891
		org.drip.analytics.curve.DiscountCurve.BuildFromDF.FinishTime=Fri Nov 02 23:28:14 EDT 2018
		org.drip.analytics.curve.DiscountCurve.BuildFromDF.ExecTime=4

		org.drip.analytics.curve.DiscountCurve.CreateDC.Success=true
		org.drip.analytics.curve.DiscountCurve.CreateDC.discountfactorateimplied[12-may-2011]= 0.004
		org.drip.analytics.curve.DiscountCurve.CreateDC.discountfactorateimplied[12-may-2012]= 0.007
		org.drip.analytics.curve.DiscountCurve.CreateDC.discountfactorateimplied[12-may-2013]= 0.015
		org.drip.analytics.curve.DiscountCurve.CreateDC.discountfactorateimplied[12-may-2014]= 0.019
		org.drip.analytics.curve.DiscountCurve.CreateDC.discountfactorateimplied[12-may-2015]= 0.023
		org.drip.analytics.curve.DiscountCurve.CreateDC.discountfactororiginaldc[12-may-2011]= 0.004
		org.drip.analytics.curve.DiscountCurve.CreateDC.discountfactororiginaldc[12-may-2012]= 0.007
		org.drip.analytics.curve.DiscountCurve.CreateDC.discountfactororiginaldc[12-may-2013]= 0.015
		org.drip.analytics.curve.DiscountCurve.CreateDC.discountfactororiginaldc[12-may-2014]= 0.019
		org.drip.analytics.curve.DiscountCurve.CreateDC.discountfactororiginaldc[12-may-2015]= 0.023
		org.drip.analytics.curve.DiscountCurve.CreateDC.FinishTime=Fri Nov 02 23:28:14 EDT 2018
		org.drip.analytics.curve.DiscountCurve.CreateDC.ExecTime=1

		org.drip.analytics.curve.DiscountCurve.BasisRateShiftedCurve.Success=true
		org.drip.analytics.curve.DiscountCurve.BasisRateShiftedCurve.ratebasisempty[12-may-2011]= 0.0400
		org.drip.analytics.curve.DiscountCurve.BasisRateShiftedCurve.ratebasisempty[12-may-2012]= 0.0400
		org.drip.analytics.curve.DiscountCurve.BasisRateShiftedCurve.ratebasisempty[12-may-2013]= 0.0400
		org.drip.analytics.curve.DiscountCurve.BasisRateShiftedCurve.ratebasisempty[12-may-2014]= 0.0400
		org.drip.analytics.curve.DiscountCurve.BasisRateShiftedCurve.ratebasisempty[12-may-2015]= 0.0400
		org.drip.analytics.curve.DiscountCurve.BasisRateShiftedCurve.ratebasisshifted[12-may-2011]= 0.0401
		org.drip.analytics.curve.DiscountCurve.BasisRateShiftedCurve.ratebasisshifted[12-may-2012]= 0.0402
		org.drip.analytics.curve.DiscountCurve.BasisRateShiftedCurve.ratebasisshifted[12-may-2013]= 0.0402
		org.drip.analytics.curve.DiscountCurve.BasisRateShiftedCurve.ratebasisshifted[12-may-2014]= 0.0402
		org.drip.analytics.curve.DiscountCurve.BasisRateShiftedCurve.ratebasisshifted[12-may-2015]= 0.0403
		org.drip.analytics.curve.DiscountCurve.BasisRateShiftedCurve.FinishTime=Fri Nov 02 23:28:14 EDT 2018
		org.drip.analytics.curve.DiscountCurve.BasisRateShiftedCurve.ExecTime=5

		org.drip.analytics.curve.DiscountCurve.EffectiveDF.Success=true
		org.drip.analytics.curve.DiscountCurve.EffectiveDF.effective[12-may-2011]= 0.9904
		org.drip.analytics.curve.DiscountCurve.EffectiveDF.effective[12-may-2012]= 0.9686
		org.drip.analytics.curve.DiscountCurve.EffectiveDF.effective[12-may-2013]= 0.9389
		org.drip.analytics.curve.DiscountCurve.EffectiveDF.effective[12-may-2014]= 0.9056
		org.drip.analytics.curve.DiscountCurve.EffectiveDF.effective[12-may-2015]= 0.8677
		org.drip.analytics.curve.DiscountCurve.EffectiveDF.FinishTime=Fri Nov 02 23:28:14 EDT 2018
		org.drip.analytics.curve.DiscountCurve.EffectiveDF.ExecTime=25

		org.drip.analytics.curve.DiscountCurve.CalcImpliedRate.Success=true
		org.drip.analytics.curve.DiscountCurve.CalcImpliedRate.impliedrate[12-may-2011]= 0.0110
		org.drip.analytics.curve.DiscountCurve.CalcImpliedRate.impliedrate[12-may-2012]= 0.0297
		org.drip.analytics.curve.DiscountCurve.CalcImpliedRate.impliedrate[12-may-2013]= 0.0311
		org.drip.analytics.curve.DiscountCurve.CalcImpliedRate.impliedrate[12-may-2014]= 0.0397
		org.drip.analytics.curve.DiscountCurve.CalcImpliedRate.impliedrate[12-may-2015]= 0.0451
		org.drip.analytics.curve.DiscountCurve.CalcImpliedRate.FinishTime=Fri Nov 02 23:28:14 EDT 2018
		org.drip.analytics.curve.DiscountCurve.CalcImpliedRate.ExecTime=22
	org.drip.analytics.curve.DiscountCurve=> 346958 (mu-s): 7 / 11 succeeded.
	org.drip.analytics.curve.DiscountCurve ends at Fri Nov 02 23:28:14 EDT 2018


	|-----------------------------------------------------------------|
	|    Copyright (C) 2011-2018 (DRIP)
	|-----------------------------------------------------------------|
	|    Build Version  => 3.86.0 multi mode
	|    Build JVM (TM) => 1.8.0_112
	|    Build Snap     => Fri Nov 02 21:22:20 EST 2018
	|    Start Time     => Fri Nov 02 23:28:14 EDT 2018
	|    Setup Time     => Fri Nov 02 23:28:14 EDT 2018
	|    Setup Duration => 0 ms
	|-----------------------------------------------------------------|

	org.drip.analytics.definition.EDFDiscountCurve.CompPVDFJacobian starts at Fri Nov 02 23:28:14 EDT 2018

		org.drip.analytics.definition.EDFDiscountCurve.CompPVDFJacobian.EDFJacobian.Success=true
		org.drip.analytics.definition.EDFDiscountCurve.CompPVDFJacobian.EDFJacobian.comppvdfjacobian=Wengert{0} => [-0.252,  0.000,  0.000,  0.000,  0.000,  0.000,  0.000,  0.000]
Wengert{1} => [ 0.000, -0.249,  0.000,  0.000,  0.000,  0.000,  0.000,  0.000]
Wengert{2} => [-0.000,  0.000, -0.249,  0.000,  0.000,  0.000,  0.000,  0.000]
Wengert{3} => [ 0.000,  0.000,  0.000, -0.252,  0.000,  0.000,  0.000,  0.000]
Wengert{4} => [ 0.000, -0.000, -0.000,  0.000, -0.251,  0.000,  0.000,  0.000]
Wengert{5} => [ 0.000,  0.000,  0.000,  0.000,  0.000, -0.248,  0.000,  0.000]
Wengert{6} => [ 0.000,  0.000,  0.000,  0.000,  0.000,  0.000, -0.246,  0.000]
Wengert{7} => [ 0.000, -0.000, -0.000,  0.000,  0.000, -0.000,  0.000, -0.251]

		org.drip.analytics.definition.EDFDiscountCurve.CompPVDFJacobian.EDFJacobian.pvdfmicrojack_future_0=Wengert{0} => [-0.252,  0.000,  0.000,  0.000,  0.000,  0.000,  0.000,  0.000]

		org.drip.analytics.definition.EDFDiscountCurve.CompPVDFJacobian.EDFJacobian.pvdfmicrojack_future_1=Wengert{0} => [ 0.000, -0.249,  0.000,  0.000,  0.000,  0.000,  0.000,  0.000]

		org.drip.analytics.definition.EDFDiscountCurve.CompPVDFJacobian.EDFJacobian.pvdfmicrojack_future_2=Wengert{0} => [-0.000,  0.000, -0.249,  0.000,  0.000,  0.000,  0.000,  0.000]

		org.drip.analytics.definition.EDFDiscountCurve.CompPVDFJacobian.EDFJacobian.pvdfmicrojack_future_3=Wengert{0} => [ 0.000,  0.000,  0.000, -0.252,  0.000,  0.000,  0.000,  0.000]

		org.drip.analytics.definition.EDFDiscountCurve.CompPVDFJacobian.EDFJacobian.pvdfmicrojack_future_4=Wengert{0} => [ 0.000, -0.000, -0.000,  0.000, -0.251,  0.000,  0.000,  0.000]

		org.drip.analytics.definition.EDFDiscountCurve.CompPVDFJacobian.EDFJacobian.pvdfmicrojack_future_5=Wengert{0} => [ 0.000,  0.000,  0.000,  0.000,  0.000, -0.248,  0.000,  0.000]

		org.drip.analytics.definition.EDFDiscountCurve.CompPVDFJacobian.EDFJacobian.pvdfmicrojack_future_6=Wengert{0} => [ 0.000,  0.000,  0.000,  0.000,  0.000,  0.000, -0.246,  0.000]

		org.drip.analytics.definition.EDFDiscountCurve.CompPVDFJacobian.EDFJacobian.pvdfmicrojack_future_7=Wengert{0} => [ 0.000, -0.000, -0.000,  0.000,  0.000, -0.000,  0.000, -0.251]

		org.drip.analytics.definition.EDFDiscountCurve.CompPVDFJacobian.EDFJacobian.FinishTime=Fri Nov 02 23:28:14 EDT 2018
		org.drip.analytics.definition.EDFDiscountCurve.CompPVDFJacobian.EDFJacobian.ExecTime=786
	org.drip.analytics.definition.EDFDiscountCurve.CompPVDFJacobian=> 786 (mu-s): 1 / 1 succeeded.
	org.drip.analytics.definition.EDFDiscountCurve.CompPVDFJacobian ends at Fri Nov 02 23:28:14 EDT 2018

	org.drip.analytics.definition.IRSDiscountCurve.CompPVDFJacobian starts at Fri Nov 02 23:28:14 EDT 2018
	org.drip.analytics.definition.IRSDiscountCurve.CompPVDFJacobian=> 0 (mu-s): 0 / 1 succeeded.
	org.drip.analytics.definition.IRSDiscountCurve.CompPVDFJacobian ends at Fri Nov 02 23:28:14 EDT 2018

	org.drip.analytics.definition.IRSDiscountCurve.CompPVDFJacobian starts at Fri Nov 02 23:28:14 EDT 2018
	org.drip.analytics.definition.IRSDiscountCurve.CompPVDFJacobian=> 0 (mu-s): 0 / 1 succeeded.
	org.drip.analytics.definition.IRSDiscountCurve.CompPVDFJacobian ends at Fri Nov 02 23:28:15 EDT 2018

	org.drip.analytics.definition.CashDiscountCurve.CompPVDFJacobian starts at Fri Nov 02 23:28:15 EDT 2018

		org.drip.analytics.definition.CashDiscountCurve.CompPVDFJacobian.CashJacobian.Success=true
		org.drip.analytics.definition.CashDiscountCurve.CompPVDFJacobian.CashJacobian.comppvdfjacobian=Wengert{0} => [-0.003,  0.000,  0.000,  0.000,  0.000,  0.000,  0.000]
Wengert{1} => [-0.003, -0.003,  0.000,  0.000,  0.000,  0.000,  0.000]
Wengert{2} => [-0.003, -0.003, -0.014,  0.000,  0.000,  0.000,  0.000]
Wengert{3} => [-0.003, -0.003, -0.014, -0.019,  0.000,  0.000,  0.000]
Wengert{4} => [-0.003, -0.003, -0.014, -0.019, -0.044,  0.000,  0.000]
Wengert{5} => [-0.003, -0.003, -0.014, -0.019, -0.044, -0.082,  0.000]
Wengert{6} => [-0.003, -0.003, -0.014, -0.019, -0.044, -0.082, -0.082]

		org.drip.analytics.definition.CashDiscountCurve.CompPVDFJacobian.CashJacobian.pvdfmicrojack_deposit::usd-libor-3m::{08-apr-2011->07-jul-2011}=Wengert{0} => [-0.003, -0.003, -0.014, -0.019, -0.044, -0.082, -0.082]

		org.drip.analytics.definition.CashDiscountCurve.CompPVDFJacobian.CashJacobian.pvdfmicrojack_deposit::usd-libor-3m::{08-apr-2011->07-jun-2011}=Wengert{0} => [-0.003, -0.003, -0.014, -0.019, -0.044, -0.082,  0.000]

		org.drip.analytics.definition.CashDiscountCurve.CompPVDFJacobian.CashJacobian.pvdfmicrojack_deposit::usd-libor-3m::{08-apr-2011->08-may-2011}=Wengert{0} => [-0.003, -0.003, -0.014, -0.019, -0.044,  0.000,  0.000]

		org.drip.analytics.definition.CashDiscountCurve.CompPVDFJacobian.CashJacobian.pvdfmicrojack_deposit::usd-libor-3m::{08-apr-2011->09-apr-2011}=Wengert{0} => [-0.003,  0.000,  0.000,  0.000,  0.000,  0.000,  0.000]

		org.drip.analytics.definition.CashDiscountCurve.CompPVDFJacobian.CashJacobian.pvdfmicrojack_deposit::usd-libor-3m::{08-apr-2011->10-apr-2011}=Wengert{0} => [-0.003, -0.003,  0.000,  0.000,  0.000,  0.000,  0.000]

		org.drip.analytics.definition.CashDiscountCurve.CompPVDFJacobian.CashJacobian.pvdfmicrojack_deposit::usd-libor-3m::{08-apr-2011->15-apr-2011}=Wengert{0} => [-0.003, -0.003, -0.014,  0.000,  0.000,  0.000,  0.000]

		org.drip.analytics.definition.CashDiscountCurve.CompPVDFJacobian.CashJacobian.pvdfmicrojack_deposit::usd-libor-3m::{08-apr-2011->22-apr-2011}=Wengert{0} => [-0.003, -0.003, -0.014, -0.019,  0.000,  0.000,  0.000]

		org.drip.analytics.definition.CashDiscountCurve.CompPVDFJacobian.CashJacobian.FinishTime=Fri Nov 02 23:28:15 EDT 2018
		org.drip.analytics.definition.CashDiscountCurve.CompPVDFJacobian.CashJacobian.ExecTime=616
	org.drip.analytics.definition.CashDiscountCurve.CompPVDFJacobian=> 616 (mu-s): 1 / 1 succeeded.
	org.drip.analytics.definition.CashDiscountCurve.CompPVDFJacobian ends at Fri Nov 02 23:28:15 EDT 2018

	org.drip.analytics.definition.EDFDiscountCurve.CompPVDFJacobian starts at Fri Nov 02 23:28:15 EDT 2018

		org.drip.analytics.definition.EDFDiscountCurve.CompPVDFJacobian.EDFJacobian.Success=true
		org.drip.analytics.definition.EDFDiscountCurve.CompPVDFJacobian.EDFJacobian.comppvdfjacobian=Wengert{0} => [-0.252,  0.000,  0.000,  0.000,  0.000,  0.000,  0.000,  0.000]
Wengert{1} => [ 0.000, -0.249,  0.000,  0.000,  0.000,  0.000,  0.000,  0.000]
Wengert{2} => [-0.000,  0.000, -0.249,  0.000,  0.000,  0.000,  0.000,  0.000]
Wengert{3} => [ 0.000,  0.000,  0.000, -0.252,  0.000,  0.000,  0.000,  0.000]
Wengert{4} => [ 0.000, -0.000, -0.000,  0.000, -0.251,  0.000,  0.000,  0.000]
Wengert{5} => [ 0.000,  0.000,  0.000,  0.000,  0.000, -0.248,  0.000,  0.000]
Wengert{6} => [ 0.000,  0.000,  0.000,  0.000,  0.000,  0.000, -0.246,  0.000]
Wengert{7} => [ 0.000, -0.000, -0.000,  0.000,  0.000, -0.000,  0.000, -0.251]

		org.drip.analytics.definition.EDFDiscountCurve.CompPVDFJacobian.EDFJacobian.pvdfmicrojack_future_0=Wengert{0} => [-0.252,  0.000,  0.000,  0.000,  0.000,  0.000,  0.000,  0.000]

		org.drip.analytics.definition.EDFDiscountCurve.CompPVDFJacobian.EDFJacobian.pvdfmicrojack_future_1=Wengert{0} => [ 0.000, -0.249,  0.000,  0.000,  0.000,  0.000,  0.000,  0.000]

		org.drip.analytics.definition.EDFDiscountCurve.CompPVDFJacobian.EDFJacobian.pvdfmicrojack_future_2=Wengert{0} => [-0.000,  0.000, -0.249,  0.000,  0.000,  0.000,  0.000,  0.000]

		org.drip.analytics.definition.EDFDiscountCurve.CompPVDFJacobian.EDFJacobian.pvdfmicrojack_future_3=Wengert{0} => [ 0.000,  0.000,  0.000, -0.252,  0.000,  0.000,  0.000,  0.000]

		org.drip.analytics.definition.EDFDiscountCurve.CompPVDFJacobian.EDFJacobian.pvdfmicrojack_future_4=Wengert{0} => [ 0.000, -0.000, -0.000,  0.000, -0.251,  0.000,  0.000,  0.000]

		org.drip.analytics.definition.EDFDiscountCurve.CompPVDFJacobian.EDFJacobian.pvdfmicrojack_future_5=Wengert{0} => [ 0.000,  0.000,  0.000,  0.000,  0.000, -0.248,  0.000,  0.000]

		org.drip.analytics.definition.EDFDiscountCurve.CompPVDFJacobian.EDFJacobian.pvdfmicrojack_future_6=Wengert{0} => [ 0.000,  0.000,  0.000,  0.000,  0.000,  0.000, -0.246,  0.000]

		org.drip.analytics.definition.EDFDiscountCurve.CompPVDFJacobian.EDFJacobian.pvdfmicrojack_future_7=Wengert{0} => [ 0.000, -0.000, -0.000,  0.000,  0.000, -0.000,  0.000, -0.251]

		org.drip.analytics.definition.EDFDiscountCurve.CompPVDFJacobian.EDFJacobian.FinishTime=Fri Nov 02 23:28:15 EDT 2018
		org.drip.analytics.definition.EDFDiscountCurve.CompPVDFJacobian.EDFJacobian.ExecTime=673
	org.drip.analytics.definition.EDFDiscountCurve.CompPVDFJacobian=> 673 (mu-s): 1 / 1 succeeded.
	org.drip.analytics.definition.EDFDiscountCurve.CompPVDFJacobian ends at Fri Nov 02 23:28:15 EDT 2018

	org.drip.analytics.definition.IRSDiscountCurve.CompPVDFJacobian starts at Fri Nov 02 23:28:15 EDT 2018
	org.drip.analytics.definition.IRSDiscountCurve.CompPVDFJacobian=> 0 (mu-s): 0 / 1 succeeded.
	org.drip.analytics.definition.IRSDiscountCurve.CompPVDFJacobian ends at Fri Nov 02 23:28:15 EDT 2018

	org.drip.analytics.definition.IRSDiscountCurve.CompPVDFJacobian starts at Fri Nov 02 23:28:15 EDT 2018
	org.drip.analytics.definition.IRSDiscountCurve.CompPVDFJacobian=> 0 (mu-s): 0 / 1 succeeded.
	org.drip.analytics.definition.IRSDiscountCurve.CompPVDFJacobian ends at Fri Nov 02 23:28:15 EDT 2018

	org.drip.analytics.definition.CashDiscountCurve.CompPVDFJacobian starts at Fri Nov 02 23:28:15 EDT 2018

		org.drip.analytics.definition.CashDiscountCurve.CompPVDFJacobian.CashJacobian.Success=true
		org.drip.analytics.definition.CashDiscountCurve.CompPVDFJacobian.CashJacobian.comppvdfjacobian=Wengert{0} => [-0.003,  0.000,  0.000,  0.000,  0.000,  0.000,  0.000]
Wengert{1} => [-0.003, -0.003,  0.000,  0.000,  0.000,  0.000,  0.000]
Wengert{2} => [-0.003, -0.003, -0.014,  0.000,  0.000,  0.000,  0.000]
Wengert{3} => [-0.003, -0.003, -0.014, -0.019,  0.000,  0.000,  0.000]
Wengert{4} => [-0.003, -0.003, -0.014, -0.019, -0.044,  0.000,  0.000]
Wengert{5} => [-0.003, -0.003, -0.014, -0.019, -0.044, -0.082,  0.000]
Wengert{6} => [-0.003, -0.003, -0.014, -0.019, -0.044, -0.082, -0.082]

		org.drip.analytics.definition.CashDiscountCurve.CompPVDFJacobian.CashJacobian.pvdfmicrojack_deposit::usd-libor-3m::{08-apr-2011->07-jul-2011}=Wengert{0} => [-0.003, -0.003, -0.014, -0.019, -0.044, -0.082, -0.082]

		org.drip.analytics.definition.CashDiscountCurve.CompPVDFJacobian.CashJacobian.pvdfmicrojack_deposit::usd-libor-3m::{08-apr-2011->07-jun-2011}=Wengert{0} => [-0.003, -0.003, -0.014, -0.019, -0.044, -0.082,  0.000]

		org.drip.analytics.definition.CashDiscountCurve.CompPVDFJacobian.CashJacobian.pvdfmicrojack_deposit::usd-libor-3m::{08-apr-2011->08-may-2011}=Wengert{0} => [-0.003, -0.003, -0.014, -0.019, -0.044,  0.000,  0.000]

		org.drip.analytics.definition.CashDiscountCurve.CompPVDFJacobian.CashJacobian.pvdfmicrojack_deposit::usd-libor-3m::{08-apr-2011->09-apr-2011}=Wengert{0} => [-0.003,  0.000,  0.000,  0.000,  0.000,  0.000,  0.000]

		org.drip.analytics.definition.CashDiscountCurve.CompPVDFJacobian.CashJacobian.pvdfmicrojack_deposit::usd-libor-3m::{08-apr-2011->10-apr-2011}=Wengert{0} => [-0.003, -0.003,  0.000,  0.000,  0.000,  0.000,  0.000]

		org.drip.analytics.definition.CashDiscountCurve.CompPVDFJacobian.CashJacobian.pvdfmicrojack_deposit::usd-libor-3m::{08-apr-2011->15-apr-2011}=Wengert{0} => [-0.003, -0.003, -0.014,  0.000,  0.000,  0.000,  0.000]

		org.drip.analytics.definition.CashDiscountCurve.CompPVDFJacobian.CashJacobian.pvdfmicrojack_deposit::usd-libor-3m::{08-apr-2011->22-apr-2011}=Wengert{0} => [-0.003, -0.003, -0.014, -0.019,  0.000,  0.000,  0.000]

		org.drip.analytics.definition.CashDiscountCurve.CompPVDFJacobian.CashJacobian.FinishTime=Fri Nov 02 23:28:15 EDT 2018
		org.drip.analytics.definition.CashDiscountCurve.CompPVDFJacobian.CashJacobian.ExecTime=570
	org.drip.analytics.definition.CashDiscountCurve.CompPVDFJacobian=> 570 (mu-s): 1 / 1 succeeded.
	org.drip.analytics.definition.CashDiscountCurve.CompPVDFJacobian ends at Fri Nov 02 23:28:15 EDT 2018

	org.drip.analytics.definition.EDFDiscountCurve.CompPVDFJacobian starts at Fri Nov 02 23:28:15 EDT 2018

		org.drip.analytics.definition.EDFDiscountCurve.CompPVDFJacobian.EDFJacobian.Success=true
		org.drip.analytics.definition.EDFDiscountCurve.CompPVDFJacobian.EDFJacobian.comppvdfjacobian=Wengert{0} => [-0.252,  0.000,  0.000,  0.000,  0.000,  0.000,  0.000,  0.000]
Wengert{1} => [ 0.000, -0.249,  0.000,  0.000,  0.000,  0.000,  0.000,  0.000]
Wengert{2} => [-0.000,  0.000, -0.249,  0.000,  0.000,  0.000,  0.000,  0.000]
Wengert{3} => [ 0.000,  0.000,  0.000, -0.252,  0.000,  0.000,  0.000,  0.000]
Wengert{4} => [ 0.000, -0.000, -0.000,  0.000, -0.251,  0.000,  0.000,  0.000]
Wengert{5} => [ 0.000,  0.000,  0.000,  0.000,  0.000, -0.248,  0.000,  0.000]
Wengert{6} => [ 0.000,  0.000,  0.000,  0.000,  0.000,  0.000, -0.246,  0.000]
Wengert{7} => [ 0.000, -0.000, -0.000,  0.000,  0.000, -0.000,  0.000, -0.251]

		org.drip.analytics.definition.EDFDiscountCurve.CompPVDFJacobian.EDFJacobian.pvdfmicrojack_future_0=Wengert{0} => [-0.252,  0.000,  0.000,  0.000,  0.000,  0.000,  0.000,  0.000]

		org.drip.analytics.definition.EDFDiscountCurve.CompPVDFJacobian.EDFJacobian.pvdfmicrojack_future_1=Wengert{0} => [ 0.000, -0.249,  0.000,  0.000,  0.000,  0.000,  0.000,  0.000]

		org.drip.analytics.definition.EDFDiscountCurve.CompPVDFJacobian.EDFJacobian.pvdfmicrojack_future_2=Wengert{0} => [-0.000,  0.000, -0.249,  0.000,  0.000,  0.000,  0.000,  0.000]

		org.drip.analytics.definition.EDFDiscountCurve.CompPVDFJacobian.EDFJacobian.pvdfmicrojack_future_3=Wengert{0} => [ 0.000,  0.000,  0.000, -0.252,  0.000,  0.000,  0.000,  0.000]

		org.drip.analytics.definition.EDFDiscountCurve.CompPVDFJacobian.EDFJacobian.pvdfmicrojack_future_4=Wengert{0} => [ 0.000, -0.000, -0.000,  0.000, -0.251,  0.000,  0.000,  0.000]

		org.drip.analytics.definition.EDFDiscountCurve.CompPVDFJacobian.EDFJacobian.pvdfmicrojack_future_5=Wengert{0} => [ 0.000,  0.000,  0.000,  0.000,  0.000, -0.248,  0.000,  0.000]

		org.drip.analytics.definition.EDFDiscountCurve.CompPVDFJacobian.EDFJacobian.pvdfmicrojack_future_6=Wengert{0} => [ 0.000,  0.000,  0.000,  0.000,  0.000,  0.000, -0.246,  0.000]

		org.drip.analytics.definition.EDFDiscountCurve.CompPVDFJacobian.EDFJacobian.pvdfmicrojack_future_7=Wengert{0} => [ 0.000, -0.000, -0.000,  0.000,  0.000, -0.000,  0.000, -0.251]

		org.drip.analytics.definition.EDFDiscountCurve.CompPVDFJacobian.EDFJacobian.FinishTime=Fri Nov 02 23:28:15 EDT 2018
		org.drip.analytics.definition.EDFDiscountCurve.CompPVDFJacobian.EDFJacobian.ExecTime=650
	org.drip.analytics.definition.EDFDiscountCurve.CompPVDFJacobian=> 650 (mu-s): 1 / 1 succeeded.
	org.drip.analytics.definition.EDFDiscountCurve.CompPVDFJacobian ends at Fri Nov 02 23:28:15 EDT 2018

	org.drip.analytics.definition.IRSDiscountCurve.CompPVDFJacobian starts at Fri Nov 02 23:28:15 EDT 2018
	org.drip.analytics.definition.IRSDiscountCurve.CompPVDFJacobian=> 0 (mu-s): 0 / 1 succeeded.
	org.drip.analytics.definition.IRSDiscountCurve.CompPVDFJacobian ends at Fri Nov 02 23:28:16 EDT 2018

	org.drip.analytics.definition.IRSDiscountCurve.CompPVDFJacobian starts at Fri Nov 02 23:28:16 EDT 2018
	org.drip.analytics.definition.IRSDiscountCurve.CompPVDFJacobian=> 0 (mu-s): 0 / 1 succeeded.
	org.drip.analytics.definition.IRSDiscountCurve.CompPVDFJacobian ends at Fri Nov 02 23:28:16 EDT 2018

	org.drip.analytics.definition.CashDiscountCurve.CompPVDFJacobian starts at Fri Nov 02 23:28:16 EDT 2018

		org.drip.analytics.definition.CashDiscountCurve.CompPVDFJacobian.CashJacobian.Success=true
		org.drip.analytics.definition.CashDiscountCurve.CompPVDFJacobian.CashJacobian.comppvdfjacobian=Wengert{0} => [-0.003,  0.000,  0.000,  0.000,  0.000,  0.000,  0.000]
Wengert{1} => [-0.003, -0.003,  0.000,  0.000,  0.000,  0.000,  0.000]
Wengert{2} => [-0.003, -0.003, -0.014,  0.000,  0.000,  0.000,  0.000]
Wengert{3} => [-0.003, -0.003, -0.014, -0.019,  0.000,  0.000,  0.000]
Wengert{4} => [-0.003, -0.003, -0.014, -0.019, -0.044,  0.000,  0.000]
Wengert{5} => [-0.003, -0.003, -0.014, -0.019, -0.044, -0.082,  0.000]
Wengert{6} => [-0.003, -0.003, -0.014, -0.019, -0.044, -0.082, -0.082]

		org.drip.analytics.definition.CashDiscountCurve.CompPVDFJacobian.CashJacobian.pvdfmicrojack_deposit::usd-libor-3m::{08-apr-2011->07-jul-2011}=Wengert{0} => [-0.003, -0.003, -0.014, -0.019, -0.044, -0.082, -0.082]

		org.drip.analytics.definition.CashDiscountCurve.CompPVDFJacobian.CashJacobian.pvdfmicrojack_deposit::usd-libor-3m::{08-apr-2011->07-jun-2011}=Wengert{0} => [-0.003, -0.003, -0.014, -0.019, -0.044, -0.082,  0.000]

		org.drip.analytics.definition.CashDiscountCurve.CompPVDFJacobian.CashJacobian.pvdfmicrojack_deposit::usd-libor-3m::{08-apr-2011->08-may-2011}=Wengert{0} => [-0.003, -0.003, -0.014, -0.019, -0.044,  0.000,  0.000]

		org.drip.analytics.definition.CashDiscountCurve.CompPVDFJacobian.CashJacobian.pvdfmicrojack_deposit::usd-libor-3m::{08-apr-2011->09-apr-2011}=Wengert{0} => [-0.003,  0.000,  0.000,  0.000,  0.000,  0.000,  0.000]

		org.drip.analytics.definition.CashDiscountCurve.CompPVDFJacobian.CashJacobian.pvdfmicrojack_deposit::usd-libor-3m::{08-apr-2011->10-apr-2011}=Wengert{0} => [-0.003, -0.003,  0.000,  0.000,  0.000,  0.000,  0.000]

		org.drip.analytics.definition.CashDiscountCurve.CompPVDFJacobian.CashJacobian.pvdfmicrojack_deposit::usd-libor-3m::{08-apr-2011->15-apr-2011}=Wengert{0} => [-0.003, -0.003, -0.014,  0.000,  0.000,  0.000,  0.000]

		org.drip.analytics.definition.CashDiscountCurve.CompPVDFJacobian.CashJacobian.pvdfmicrojack_deposit::usd-libor-3m::{08-apr-2011->22-apr-2011}=Wengert{0} => [-0.003, -0.003, -0.014, -0.019,  0.000,  0.000,  0.000]

		org.drip.analytics.definition.CashDiscountCurve.CompPVDFJacobian.CashJacobian.FinishTime=Fri Nov 02 23:28:16 EDT 2018
		org.drip.analytics.definition.CashDiscountCurve.CompPVDFJacobian.CashJacobian.ExecTime=578
	org.drip.analytics.definition.CashDiscountCurve.CompPVDFJacobian=> 578 (mu-s): 1 / 1 succeeded.
	org.drip.analytics.definition.CashDiscountCurve.CompPVDFJacobian ends at Fri Nov 02 23:28:16 EDT 2018

	org.drip.analytics.definition.EDFDiscountCurve.CompPVDFJacobian starts at Fri Nov 02 23:28:16 EDT 2018

		org.drip.analytics.definition.EDFDiscountCurve.CompPVDFJacobian.EDFJacobian.Success=true
		org.drip.analytics.definition.EDFDiscountCurve.CompPVDFJacobian.EDFJacobian.comppvdfjacobian=Wengert{0} => [-0.252,  0.000,  0.000,  0.000,  0.000,  0.000,  0.000,  0.000]
Wengert{1} => [ 0.000, -0.249,  0.000,  0.000,  0.000,  0.000,  0.000,  0.000]
Wengert{2} => [-0.000,  0.000, -0.249,  0.000,  0.000,  0.000,  0.000,  0.000]
Wengert{3} => [ 0.000,  0.000,  0.000, -0.252,  0.000,  0.000,  0.000,  0.000]
Wengert{4} => [ 0.000, -0.000, -0.000,  0.000, -0.251,  0.000,  0.000,  0.000]
Wengert{5} => [ 0.000,  0.000,  0.000,  0.000,  0.000, -0.248,  0.000,  0.000]
Wengert{6} => [ 0.000,  0.000,  0.000,  0.000,  0.000,  0.000, -0.246,  0.000]
Wengert{7} => [ 0.000, -0.000, -0.000,  0.000,  0.000, -0.000,  0.000, -0.251]

		org.drip.analytics.definition.EDFDiscountCurve.CompPVDFJacobian.EDFJacobian.pvdfmicrojack_future_0=Wengert{0} => [-0.252,  0.000,  0.000,  0.000,  0.000,  0.000,  0.000,  0.000]

		org.drip.analytics.definition.EDFDiscountCurve.CompPVDFJacobian.EDFJacobian.pvdfmicrojack_future_1=Wengert{0} => [ 0.000, -0.249,  0.000,  0.000,  0.000,  0.000,  0.000,  0.000]

		org.drip.analytics.definition.EDFDiscountCurve.CompPVDFJacobian.EDFJacobian.pvdfmicrojack_future_2=Wengert{0} => [-0.000,  0.000, -0.249,  0.000,  0.000,  0.000,  0.000,  0.000]

		org.drip.analytics.definition.EDFDiscountCurve.CompPVDFJacobian.EDFJacobian.pvdfmicrojack_future_3=Wengert{0} => [ 0.000,  0.000,  0.000, -0.252,  0.000,  0.000,  0.000,  0.000]

		org.drip.analytics.definition.EDFDiscountCurve.CompPVDFJacobian.EDFJacobian.pvdfmicrojack_future_4=Wengert{0} => [ 0.000, -0.000, -0.000,  0.000, -0.251,  0.000,  0.000,  0.000]

		org.drip.analytics.definition.EDFDiscountCurve.CompPVDFJacobian.EDFJacobian.pvdfmicrojack_future_5=Wengert{0} => [ 0.000,  0.000,  0.000,  0.000,  0.000, -0.248,  0.000,  0.000]

		org.drip.analytics.definition.EDFDiscountCurve.CompPVDFJacobian.EDFJacobian.pvdfmicrojack_future_6=Wengert{0} => [ 0.000,  0.000,  0.000,  0.000,  0.000,  0.000, -0.246,  0.000]

		org.drip.analytics.definition.EDFDiscountCurve.CompPVDFJacobian.EDFJacobian.pvdfmicrojack_future_7=Wengert{0} => [ 0.000, -0.000, -0.000,  0.000,  0.000, -0.000,  0.000, -0.251]

		org.drip.analytics.definition.EDFDiscountCurve.CompPVDFJacobian.EDFJacobian.FinishTime=Fri Nov 02 23:28:16 EDT 2018
		org.drip.analytics.definition.EDFDiscountCurve.CompPVDFJacobian.EDFJacobian.ExecTime=659
	org.drip.analytics.definition.EDFDiscountCurve.CompPVDFJacobian=> 659 (mu-s): 1 / 1 succeeded.
	org.drip.analytics.definition.EDFDiscountCurve.CompPVDFJacobian ends at Fri Nov 02 23:28:16 EDT 2018

	org.drip.analytics.definition.IRSDiscountCurve.CompPVDFJacobian starts at Fri Nov 02 23:28:16 EDT 2018
	org.drip.analytics.definition.IRSDiscountCurve.CompPVDFJacobian=> 0 (mu-s): 0 / 1 succeeded.
	org.drip.analytics.definition.IRSDiscountCurve.CompPVDFJacobian ends at Fri Nov 02 23:28:16 EDT 2018

	org.drip.analytics.definition.IRSDiscountCurve.CompPVDFJacobian starts at Fri Nov 02 23:28:16 EDT 2018
	org.drip.analytics.definition.IRSDiscountCurve.CompPVDFJacobian=> 0 (mu-s): 0 / 1 succeeded.
	org.drip.analytics.definition.IRSDiscountCurve.CompPVDFJacobian ends at Fri Nov 02 23:28:17 EDT 2018

	org.drip.analytics.definition.CashDiscountCurve.CompPVDFJacobian starts at Fri Nov 02 23:28:17 EDT 2018

		org.drip.analytics.definition.CashDiscountCurve.CompPVDFJacobian.CashJacobian.Success=true
		org.drip.analytics.definition.CashDiscountCurve.CompPVDFJacobian.CashJacobian.comppvdfjacobian=Wengert{0} => [-0.003,  0.000,  0.000,  0.000,  0.000,  0.000,  0.000]
Wengert{1} => [-0.003, -0.003,  0.000,  0.000,  0.000,  0.000,  0.000]
Wengert{2} => [-0.003, -0.003, -0.014,  0.000,  0.000,  0.000,  0.000]
Wengert{3} => [-0.003, -0.003, -0.014, -0.019,  0.000,  0.000,  0.000]
Wengert{4} => [-0.003, -0.003, -0.014, -0.019, -0.044,  0.000,  0.000]
Wengert{5} => [-0.003, -0.003, -0.014, -0.019, -0.044, -0.082,  0.000]
Wengert{6} => [-0.003, -0.003, -0.014, -0.019, -0.044, -0.082, -0.082]

		org.drip.analytics.definition.CashDiscountCurve.CompPVDFJacobian.CashJacobian.pvdfmicrojack_deposit::usd-libor-3m::{08-apr-2011->07-jul-2011}=Wengert{0} => [-0.003, -0.003, -0.014, -0.019, -0.044, -0.082, -0.082]

		org.drip.analytics.definition.CashDiscountCurve.CompPVDFJacobian.CashJacobian.pvdfmicrojack_deposit::usd-libor-3m::{08-apr-2011->07-jun-2011}=Wengert{0} => [-0.003, -0.003, -0.014, -0.019, -0.044, -0.082,  0.000]

		org.drip.analytics.definition.CashDiscountCurve.CompPVDFJacobian.CashJacobian.pvdfmicrojack_deposit::usd-libor-3m::{08-apr-2011->08-may-2011}=Wengert{0} => [-0.003, -0.003, -0.014, -0.019, -0.044,  0.000,  0.000]

		org.drip.analytics.definition.CashDiscountCurve.CompPVDFJacobian.CashJacobian.pvdfmicrojack_deposit::usd-libor-3m::{08-apr-2011->09-apr-2011}=Wengert{0} => [-0.003,  0.000,  0.000,  0.000,  0.000,  0.000,  0.000]

		org.drip.analytics.definition.CashDiscountCurve.CompPVDFJacobian.CashJacobian.pvdfmicrojack_deposit::usd-libor-3m::{08-apr-2011->10-apr-2011}=Wengert{0} => [-0.003, -0.003,  0.000,  0.000,  0.000,  0.000,  0.000]

		org.drip.analytics.definition.CashDiscountCurve.CompPVDFJacobian.CashJacobian.pvdfmicrojack_deposit::usd-libor-3m::{08-apr-2011->15-apr-2011}=Wengert{0} => [-0.003, -0.003, -0.014,  0.000,  0.000,  0.000,  0.000]

		org.drip.analytics.definition.CashDiscountCurve.CompPVDFJacobian.CashJacobian.pvdfmicrojack_deposit::usd-libor-3m::{08-apr-2011->22-apr-2011}=Wengert{0} => [-0.003, -0.003, -0.014, -0.019,  0.000,  0.000,  0.000]

		org.drip.analytics.definition.CashDiscountCurve.CompPVDFJacobian.CashJacobian.FinishTime=Fri Nov 02 23:28:17 EDT 2018
		org.drip.analytics.definition.CashDiscountCurve.CompPVDFJacobian.CashJacobian.ExecTime=570
	org.drip.analytics.definition.CashDiscountCurve.CompPVDFJacobian=> 570 (mu-s): 1 / 1 succeeded.
	org.drip.analytics.definition.CashDiscountCurve.CompPVDFJacobian ends at Fri Nov 02 23:28:17 EDT 2018

	org.drip.analytics.definition.EDFDiscountCurve.CompPVDFJacobian starts at Fri Nov 02 23:28:17 EDT 2018

		org.drip.analytics.definition.EDFDiscountCurve.CompPVDFJacobian.EDFJacobian.Success=true
		org.drip.analytics.definition.EDFDiscountCurve.CompPVDFJacobian.EDFJacobian.comppvdfjacobian=Wengert{0} => [-0.252,  0.000,  0.000,  0.000,  0.000,  0.000,  0.000,  0.000]
Wengert{1} => [ 0.000, -0.249,  0.000,  0.000,  0.000,  0.000,  0.000,  0.000]
Wengert{2} => [-0.000,  0.000, -0.249,  0.000,  0.000,  0.000,  0.000,  0.000]
Wengert{3} => [ 0.000,  0.000,  0.000, -0.252,  0.000,  0.000,  0.000,  0.000]
Wengert{4} => [ 0.000, -0.000, -0.000,  0.000, -0.251,  0.000,  0.000,  0.000]
Wengert{5} => [ 0.000,  0.000,  0.000,  0.000,  0.000, -0.248,  0.000,  0.000]
Wengert{6} => [ 0.000,  0.000,  0.000,  0.000,  0.000,  0.000, -0.246,  0.000]
Wengert{7} => [ 0.000, -0.000, -0.000,  0.000,  0.000, -0.000,  0.000, -0.251]

		org.drip.analytics.definition.EDFDiscountCurve.CompPVDFJacobian.EDFJacobian.pvdfmicrojack_future_0=Wengert{0} => [-0.252,  0.000,  0.000,  0.000,  0.000,  0.000,  0.000,  0.000]

		org.drip.analytics.definition.EDFDiscountCurve.CompPVDFJacobian.EDFJacobian.pvdfmicrojack_future_1=Wengert{0} => [ 0.000, -0.249,  0.000,  0.000,  0.000,  0.000,  0.000,  0.000]

		org.drip.analytics.definition.EDFDiscountCurve.CompPVDFJacobian.EDFJacobian.pvdfmicrojack_future_2=Wengert{0} => [-0.000,  0.000, -0.249,  0.000,  0.000,  0.000,  0.000,  0.000]

		org.drip.analytics.definition.EDFDiscountCurve.CompPVDFJacobian.EDFJacobian.pvdfmicrojack_future_3=Wengert{0} => [ 0.000,  0.000,  0.000, -0.252,  0.000,  0.000,  0.000,  0.000]

		org.drip.analytics.definition.EDFDiscountCurve.CompPVDFJacobian.EDFJacobian.pvdfmicrojack_future_4=Wengert{0} => [ 0.000, -0.000, -0.000,  0.000, -0.251,  0.000,  0.000,  0.000]

		org.drip.analytics.definition.EDFDiscountCurve.CompPVDFJacobian.EDFJacobian.pvdfmicrojack_future_5=Wengert{0} => [ 0.000,  0.000,  0.000,  0.000,  0.000, -0.248,  0.000,  0.000]

		org.drip.analytics.definition.EDFDiscountCurve.CompPVDFJacobian.EDFJacobian.pvdfmicrojack_future_6=Wengert{0} => [ 0.000,  0.000,  0.000,  0.000,  0.000,  0.000, -0.246,  0.000]

		org.drip.analytics.definition.EDFDiscountCurve.CompPVDFJacobian.EDFJacobian.pvdfmicrojack_future_7=Wengert{0} => [ 0.000, -0.000, -0.000,  0.000,  0.000, -0.000,  0.000, -0.251]

		org.drip.analytics.definition.EDFDiscountCurve.CompPVDFJacobian.EDFJacobian.FinishTime=Fri Nov 02 23:28:17 EDT 2018
		org.drip.analytics.definition.EDFDiscountCurve.CompPVDFJacobian.EDFJacobian.ExecTime=668
	org.drip.analytics.definition.EDFDiscountCurve.CompPVDFJacobian=> 668 (mu-s): 1 / 1 succeeded.
	org.drip.analytics.definition.EDFDiscountCurve.CompPVDFJacobian ends at Fri Nov 02 23:28:17 EDT 2018

	org.drip.analytics.definition.IRSDiscountCurve.CompPVDFJacobian starts at Fri Nov 02 23:28:17 EDT 2018
	org.drip.analytics.definition.IRSDiscountCurve.CompPVDFJacobian=> 0 (mu-s): 0 / 1 succeeded.
	org.drip.analytics.definition.IRSDiscountCurve.CompPVDFJacobian ends at Fri Nov 02 23:28:17 EDT 2018

	org.drip.analytics.definition.IRSDiscountCurve.CompPVDFJacobian starts at Fri Nov 02 23:28:17 EDT 2018
	org.drip.analytics.definition.IRSDiscountCurve.CompPVDFJacobian=> 0 (mu-s): 0 / 1 succeeded.
	org.drip.analytics.definition.IRSDiscountCurve.CompPVDFJacobian ends at Fri Nov 02 23:28:17 EDT 2018

	org.drip.analytics.definition.CashDiscountCurve.CompPVDFJacobian starts at Fri Nov 02 23:28:17 EDT 2018

		org.drip.analytics.definition.CashDiscountCurve.CompPVDFJacobian.CashJacobian.Success=true
		org.drip.analytics.definition.CashDiscountCurve.CompPVDFJacobian.CashJacobian.comppvdfjacobian=Wengert{0} => [-0.003,  0.000,  0.000,  0.000,  0.000,  0.000,  0.000]
Wengert{1} => [-0.003, -0.003,  0.000,  0.000,  0.000,  0.000,  0.000]
Wengert{2} => [-0.003, -0.003, -0.014,  0.000,  0.000,  0.000,  0.000]
Wengert{3} => [-0.003, -0.003, -0.014, -0.019,  0.000,  0.000,  0.000]
Wengert{4} => [-0.003, -0.003, -0.014, -0.019, -0.044,  0.000,  0.000]
Wengert{5} => [-0.003, -0.003, -0.014, -0.019, -0.044, -0.082,  0.000]
Wengert{6} => [-0.003, -0.003, -0.014, -0.019, -0.044, -0.082, -0.082]

		org.drip.analytics.definition.CashDiscountCurve.CompPVDFJacobian.CashJacobian.pvdfmicrojack_deposit::usd-libor-3m::{08-apr-2011->07-jul-2011}=Wengert{0} => [-0.003, -0.003, -0.014, -0.019, -0.044, -0.082, -0.082]

		org.drip.analytics.definition.CashDiscountCurve.CompPVDFJacobian.CashJacobian.pvdfmicrojack_deposit::usd-libor-3m::{08-apr-2011->07-jun-2011}=Wengert{0} => [-0.003, -0.003, -0.014, -0.019, -0.044, -0.082,  0.000]

		org.drip.analytics.definition.CashDiscountCurve.CompPVDFJacobian.CashJacobian.pvdfmicrojack_deposit::usd-libor-3m::{08-apr-2011->08-may-2011}=Wengert{0} => [-0.003, -0.003, -0.014, -0.019, -0.044,  0.000,  0.000]

		org.drip.analytics.definition.CashDiscountCurve.CompPVDFJacobian.CashJacobian.pvdfmicrojack_deposit::usd-libor-3m::{08-apr-2011->09-apr-2011}=Wengert{0} => [-0.003,  0.000,  0.000,  0.000,  0.000,  0.000,  0.000]

		org.drip.analytics.definition.CashDiscountCurve.CompPVDFJacobian.CashJacobian.pvdfmicrojack_deposit::usd-libor-3m::{08-apr-2011->10-apr-2011}=Wengert{0} => [-0.003, -0.003,  0.000,  0.000,  0.000,  0.000,  0.000]

		org.drip.analytics.definition.CashDiscountCurve.CompPVDFJacobian.CashJacobian.pvdfmicrojack_deposit::usd-libor-3m::{08-apr-2011->15-apr-2011}=Wengert{0} => [-0.003, -0.003, -0.014,  0.000,  0.000,  0.000,  0.000]

		org.drip.analytics.definition.CashDiscountCurve.CompPVDFJacobian.CashJacobian.pvdfmicrojack_deposit::usd-libor-3m::{08-apr-2011->22-apr-2011}=Wengert{0} => [-0.003, -0.003, -0.014, -0.019,  0.000,  0.000,  0.000]

		org.drip.analytics.definition.CashDiscountCurve.CompPVDFJacobian.CashJacobian.FinishTime=Fri Nov 02 23:28:17 EDT 2018
		org.drip.analytics.definition.CashDiscountCurve.CompPVDFJacobian.CashJacobian.ExecTime=574
	org.drip.analytics.definition.CashDiscountCurve.CompPVDFJacobian=> 574 (mu-s): 1 / 1 succeeded.
	org.drip.analytics.definition.CashDiscountCurve.CompPVDFJacobian ends at Fri Nov 02 23:28:17 EDT 2018

	org.drip.analytics.definition.EDFDiscountCurve.CompPVDFJacobian starts at Fri Nov 02 23:28:17 EDT 2018

		org.drip.analytics.definition.EDFDiscountCurve.CompPVDFJacobian.EDFJacobian.Success=true
		org.drip.analytics.definition.EDFDiscountCurve.CompPVDFJacobian.EDFJacobian.comppvdfjacobian=Wengert{0} => [-0.252,  0.000,  0.000,  0.000,  0.000,  0.000,  0.000,  0.000]
Wengert{1} => [ 0.000, -0.249,  0.000,  0.000,  0.000,  0.000,  0.000,  0.000]
Wengert{2} => [-0.000,  0.000, -0.249,  0.000,  0.000,  0.000,  0.000,  0.000]
Wengert{3} => [ 0.000,  0.000,  0.000, -0.252,  0.000,  0.000,  0.000,  0.000]
Wengert{4} => [ 0.000, -0.000, -0.000,  0.000, -0.251,  0.000,  0.000,  0.000]
Wengert{5} => [ 0.000,  0.000,  0.000,  0.000,  0.000, -0.248,  0.000,  0.000]
Wengert{6} => [ 0.000,  0.000,  0.000,  0.000,  0.000,  0.000, -0.246,  0.000]
Wengert{7} => [ 0.000, -0.000, -0.000,  0.000,  0.000, -0.000,  0.000, -0.251]

		org.drip.analytics.definition.EDFDiscountCurve.CompPVDFJacobian.EDFJacobian.pvdfmicrojack_future_0=Wengert{0} => [-0.252,  0.000,  0.000,  0.000,  0.000,  0.000,  0.000,  0.000]

		org.drip.analytics.definition.EDFDiscountCurve.CompPVDFJacobian.EDFJacobian.pvdfmicrojack_future_1=Wengert{0} => [ 0.000, -0.249,  0.000,  0.000,  0.000,  0.000,  0.000,  0.000]

		org.drip.analytics.definition.EDFDiscountCurve.CompPVDFJacobian.EDFJacobian.pvdfmicrojack_future_2=Wengert{0} => [-0.000,  0.000, -0.249,  0.000,  0.000,  0.000,  0.000,  0.000]

		org.drip.analytics.definition.EDFDiscountCurve.CompPVDFJacobian.EDFJacobian.pvdfmicrojack_future_3=Wengert{0} => [ 0.000,  0.000,  0.000, -0.252,  0.000,  0.000,  0.000,  0.000]

		org.drip.analytics.definition.EDFDiscountCurve.CompPVDFJacobian.EDFJacobian.pvdfmicrojack_future_4=Wengert{0} => [ 0.000, -0.000, -0.000,  0.000, -0.251,  0.000,  0.000,  0.000]

		org.drip.analytics.definition.EDFDiscountCurve.CompPVDFJacobian.EDFJacobian.pvdfmicrojack_future_5=Wengert{0} => [ 0.000,  0.000,  0.000,  0.000,  0.000, -0.248,  0.000,  0.000]

		org.drip.analytics.definition.EDFDiscountCurve.CompPVDFJacobian.EDFJacobian.pvdfmicrojack_future_6=Wengert{0} => [ 0.000,  0.000,  0.000,  0.000,  0.000,  0.000, -0.246,  0.000]

		org.drip.analytics.definition.EDFDiscountCurve.CompPVDFJacobian.EDFJacobian.pvdfmicrojack_future_7=Wengert{0} => [ 0.000, -0.000, -0.000,  0.000,  0.000, -0.000,  0.000, -0.251]

		org.drip.analytics.definition.EDFDiscountCurve.CompPVDFJacobian.EDFJacobian.FinishTime=Fri Nov 02 23:28:17 EDT 2018
		org.drip.analytics.definition.EDFDiscountCurve.CompPVDFJacobian.EDFJacobian.ExecTime=665
	org.drip.analytics.definition.EDFDiscountCurve.CompPVDFJacobian=> 665 (mu-s): 1 / 1 succeeded.
	org.drip.analytics.definition.EDFDiscountCurve.CompPVDFJacobian ends at Fri Nov 02 23:28:17 EDT 2018

	org.drip.analytics.definition.IRSDiscountCurve.CompPVDFJacobian starts at Fri Nov 02 23:28:17 EDT 2018
	org.drip.analytics.definition.IRSDiscountCurve.CompPVDFJacobian=> 0 (mu-s): 0 / 1 succeeded.
	org.drip.analytics.definition.IRSDiscountCurve.CompPVDFJacobian ends at Fri Nov 02 23:28:18 EDT 2018

	org.drip.analytics.definition.IRSDiscountCurve.CompPVDFJacobian starts at Fri Nov 02 23:28:18 EDT 2018
	org.drip.analytics.definition.IRSDiscountCurve.CompPVDFJacobian=> 0 (mu-s): 0 / 1 succeeded.
	org.drip.analytics.definition.IRSDiscountCurve.CompPVDFJacobian ends at Fri Nov 02 23:28:18 EDT 2018

	org.drip.analytics.definition.CashDiscountCurve.CompPVDFJacobian starts at Fri Nov 02 23:28:18 EDT 2018

		org.drip.analytics.definition.CashDiscountCurve.CompPVDFJacobian.CashJacobian.Success=true
		org.drip.analytics.definition.CashDiscountCurve.CompPVDFJacobian.CashJacobian.comppvdfjacobian=Wengert{0} => [-0.003,  0.000,  0.000,  0.000,  0.000,  0.000,  0.000]
Wengert{1} => [-0.003, -0.003,  0.000,  0.000,  0.000,  0.000,  0.000]
Wengert{2} => [-0.003, -0.003, -0.014,  0.000,  0.000,  0.000,  0.000]
Wengert{3} => [-0.003, -0.003, -0.014, -0.019,  0.000,  0.000,  0.000]
Wengert{4} => [-0.003, -0.003, -0.014, -0.019, -0.044,  0.000,  0.000]
Wengert{5} => [-0.003, -0.003, -0.014, -0.019, -0.044, -0.082,  0.000]
Wengert{6} => [-0.003, -0.003, -0.014, -0.019, -0.044, -0.082, -0.082]

		org.drip.analytics.definition.CashDiscountCurve.CompPVDFJacobian.CashJacobian.pvdfmicrojack_deposit::usd-libor-3m::{08-apr-2011->07-jul-2011}=Wengert{0} => [-0.003, -0.003, -0.014, -0.019, -0.044, -0.082, -0.082]

		org.drip.analytics.definition.CashDiscountCurve.CompPVDFJacobian.CashJacobian.pvdfmicrojack_deposit::usd-libor-3m::{08-apr-2011->07-jun-2011}=Wengert{0} => [-0.003, -0.003, -0.014, -0.019, -0.044, -0.082,  0.000]

		org.drip.analytics.definition.CashDiscountCurve.CompPVDFJacobian.CashJacobian.pvdfmicrojack_deposit::usd-libor-3m::{08-apr-2011->08-may-2011}=Wengert{0} => [-0.003, -0.003, -0.014, -0.019, -0.044,  0.000,  0.000]

		org.drip.analytics.definition.CashDiscountCurve.CompPVDFJacobian.CashJacobian.pvdfmicrojack_deposit::usd-libor-3m::{08-apr-2011->09-apr-2011}=Wengert{0} => [-0.003,  0.000,  0.000,  0.000,  0.000,  0.000,  0.000]

		org.drip.analytics.definition.CashDiscountCurve.CompPVDFJacobian.CashJacobian.pvdfmicrojack_deposit::usd-libor-3m::{08-apr-2011->10-apr-2011}=Wengert{0} => [-0.003, -0.003,  0.000,  0.000,  0.000,  0.000,  0.000]

		org.drip.analytics.definition.CashDiscountCurve.CompPVDFJacobian.CashJacobian.pvdfmicrojack_deposit::usd-libor-3m::{08-apr-2011->15-apr-2011}=Wengert{0} => [-0.003, -0.003, -0.014,  0.000,  0.000,  0.000,  0.000]

		org.drip.analytics.definition.CashDiscountCurve.CompPVDFJacobian.CashJacobian.pvdfmicrojack_deposit::usd-libor-3m::{08-apr-2011->22-apr-2011}=Wengert{0} => [-0.003, -0.003, -0.014, -0.019,  0.000,  0.000,  0.000]

		org.drip.analytics.definition.CashDiscountCurve.CompPVDFJacobian.CashJacobian.FinishTime=Fri Nov 02 23:28:18 EDT 2018
		org.drip.analytics.definition.CashDiscountCurve.CompPVDFJacobian.CashJacobian.ExecTime=565
	org.drip.analytics.definition.CashDiscountCurve.CompPVDFJacobian=> 565 (mu-s): 1 / 1 succeeded.
	org.drip.analytics.definition.CashDiscountCurve.CompPVDFJacobian ends at Fri Nov 02 23:28:18 EDT 2018

	org.drip.analytics.definition.EDFDiscountCurve.CompPVDFJacobian starts at Fri Nov 02 23:28:18 EDT 2018

		org.drip.analytics.definition.EDFDiscountCurve.CompPVDFJacobian.EDFJacobian.Success=true
		org.drip.analytics.definition.EDFDiscountCurve.CompPVDFJacobian.EDFJacobian.comppvdfjacobian=Wengert{0} => [-0.252,  0.000,  0.000,  0.000,  0.000,  0.000,  0.000,  0.000]
Wengert{1} => [ 0.000, -0.249,  0.000,  0.000,  0.000,  0.000,  0.000,  0.000]
Wengert{2} => [-0.000,  0.000, -0.249,  0.000,  0.000,  0.000,  0.000,  0.000]
Wengert{3} => [ 0.000,  0.000,  0.000, -0.252,  0.000,  0.000,  0.000,  0.000]
Wengert{4} => [ 0.000, -0.000, -0.000,  0.000, -0.251,  0.000,  0.000,  0.000]
Wengert{5} => [ 0.000,  0.000,  0.000,  0.000,  0.000, -0.248,  0.000,  0.000]
Wengert{6} => [ 0.000,  0.000,  0.000,  0.000,  0.000,  0.000, -0.246,  0.000]
Wengert{7} => [ 0.000, -0.000, -0.000,  0.000,  0.000, -0.000,  0.000, -0.251]

		org.drip.analytics.definition.EDFDiscountCurve.CompPVDFJacobian.EDFJacobian.pvdfmicrojack_future_0=Wengert{0} => [-0.252,  0.000,  0.000,  0.000,  0.000,  0.000,  0.000,  0.000]

		org.drip.analytics.definition.EDFDiscountCurve.CompPVDFJacobian.EDFJacobian.pvdfmicrojack_future_1=Wengert{0} => [ 0.000, -0.249,  0.000,  0.000,  0.000,  0.000,  0.000,  0.000]

		org.drip.analytics.definition.EDFDiscountCurve.CompPVDFJacobian.EDFJacobian.pvdfmicrojack_future_2=Wengert{0} => [-0.000,  0.000, -0.249,  0.000,  0.000,  0.000,  0.000,  0.000]

		org.drip.analytics.definition.EDFDiscountCurve.CompPVDFJacobian.EDFJacobian.pvdfmicrojack_future_3=Wengert{0} => [ 0.000,  0.000,  0.000, -0.252,  0.000,  0.000,  0.000,  0.000]

		org.drip.analytics.definition.EDFDiscountCurve.CompPVDFJacobian.EDFJacobian.pvdfmicrojack_future_4=Wengert{0} => [ 0.000, -0.000, -0.000,  0.000, -0.251,  0.000,  0.000,  0.000]

		org.drip.analytics.definition.EDFDiscountCurve.CompPVDFJacobian.EDFJacobian.pvdfmicrojack_future_5=Wengert{0} => [ 0.000,  0.000,  0.000,  0.000,  0.000, -0.248,  0.000,  0.000]

		org.drip.analytics.definition.EDFDiscountCurve.CompPVDFJacobian.EDFJacobian.pvdfmicrojack_future_6=Wengert{0} => [ 0.000,  0.000,  0.000,  0.000,  0.000,  0.000, -0.246,  0.000]

		org.drip.analytics.definition.EDFDiscountCurve.CompPVDFJacobian.EDFJacobian.pvdfmicrojack_future_7=Wengert{0} => [ 0.000, -0.000, -0.000,  0.000,  0.000, -0.000,  0.000, -0.251]

		org.drip.analytics.definition.EDFDiscountCurve.CompPVDFJacobian.EDFJacobian.FinishTime=Fri Nov 02 23:28:18 EDT 2018
		org.drip.analytics.definition.EDFDiscountCurve.CompPVDFJacobian.EDFJacobian.ExecTime=650
	org.drip.analytics.definition.EDFDiscountCurve.CompPVDFJacobian=> 650 (mu-s): 1 / 1 succeeded.
	org.drip.analytics.definition.EDFDiscountCurve.CompPVDFJacobian ends at Fri Nov 02 23:28:18 EDT 2018

	org.drip.analytics.definition.IRSDiscountCurve.CompPVDFJacobian starts at Fri Nov 02 23:28:18 EDT 2018
	org.drip.analytics.definition.IRSDiscountCurve.CompPVDFJacobian=> 0 (mu-s): 0 / 1 succeeded.
	org.drip.analytics.definition.IRSDiscountCurve.CompPVDFJacobian ends at Fri Nov 02 23:28:18 EDT 2018

	org.drip.analytics.definition.IRSDiscountCurve.CompPVDFJacobian starts at Fri Nov 02 23:28:18 EDT 2018
	org.drip.analytics.definition.IRSDiscountCurve.CompPVDFJacobian=> 0 (mu-s): 0 / 1 succeeded.
	org.drip.analytics.definition.IRSDiscountCurve.CompPVDFJacobian ends at Fri Nov 02 23:28:19 EDT 2018

	org.drip.analytics.definition.CashDiscountCurve.CompPVDFJacobian starts at Fri Nov 02 23:28:19 EDT 2018

		org.drip.analytics.definition.CashDiscountCurve.CompPVDFJacobian.CashJacobian.Success=true
		org.drip.analytics.definition.CashDiscountCurve.CompPVDFJacobian.CashJacobian.comppvdfjacobian=Wengert{0} => [-0.003,  0.000,  0.000,  0.000,  0.000,  0.000,  0.000]
Wengert{1} => [-0.003, -0.003,  0.000,  0.000,  0.000,  0.000,  0.000]
Wengert{2} => [-0.003, -0.003, -0.014,  0.000,  0.000,  0.000,  0.000]
Wengert{3} => [-0.003, -0.003, -0.014, -0.019,  0.000,  0.000,  0.000]
Wengert{4} => [-0.003, -0.003, -0.014, -0.019, -0.044,  0.000,  0.000]
Wengert{5} => [-0.003, -0.003, -0.014, -0.019, -0.044, -0.082,  0.000]
Wengert{6} => [-0.003, -0.003, -0.014, -0.019, -0.044, -0.082, -0.082]

		org.drip.analytics.definition.CashDiscountCurve.CompPVDFJacobian.CashJacobian.pvdfmicrojack_deposit::usd-libor-3m::{08-apr-2011->07-jul-2011}=Wengert{0} => [-0.003, -0.003, -0.014, -0.019, -0.044, -0.082, -0.082]

		org.drip.analytics.definition.CashDiscountCurve.CompPVDFJacobian.CashJacobian.pvdfmicrojack_deposit::usd-libor-3m::{08-apr-2011->07-jun-2011}=Wengert{0} => [-0.003, -0.003, -0.014, -0.019, -0.044, -0.082,  0.000]

		org.drip.analytics.definition.CashDiscountCurve.CompPVDFJacobian.CashJacobian.pvdfmicrojack_deposit::usd-libor-3m::{08-apr-2011->08-may-2011}=Wengert{0} => [-0.003, -0.003, -0.014, -0.019, -0.044,  0.000,  0.000]

		org.drip.analytics.definition.CashDiscountCurve.CompPVDFJacobian.CashJacobian.pvdfmicrojack_deposit::usd-libor-3m::{08-apr-2011->09-apr-2011}=Wengert{0} => [-0.003,  0.000,  0.000,  0.000,  0.000,  0.000,  0.000]

		org.drip.analytics.definition.CashDiscountCurve.CompPVDFJacobian.CashJacobian.pvdfmicrojack_deposit::usd-libor-3m::{08-apr-2011->10-apr-2011}=Wengert{0} => [-0.003, -0.003,  0.000,  0.000,  0.000,  0.000,  0.000]

		org.drip.analytics.definition.CashDiscountCurve.CompPVDFJacobian.CashJacobian.pvdfmicrojack_deposit::usd-libor-3m::{08-apr-2011->15-apr-2011}=Wengert{0} => [-0.003, -0.003, -0.014,  0.000,  0.000,  0.000,  0.000]

		org.drip.analytics.definition.CashDiscountCurve.CompPVDFJacobian.CashJacobian.pvdfmicrojack_deposit::usd-libor-3m::{08-apr-2011->22-apr-2011}=Wengert{0} => [-0.003, -0.003, -0.014, -0.019,  0.000,  0.000,  0.000]

		org.drip.analytics.definition.CashDiscountCurve.CompPVDFJacobian.CashJacobian.FinishTime=Fri Nov 02 23:28:19 EDT 2018
		org.drip.analytics.definition.CashDiscountCurve.CompPVDFJacobian.CashJacobian.ExecTime=568
	org.drip.analytics.definition.CashDiscountCurve.CompPVDFJacobian=> 568 (mu-s): 1 / 1 succeeded.
	org.drip.analytics.definition.CashDiscountCurve.CompPVDFJacobian ends at Fri Nov 02 23:28:19 EDT 2018

	org.drip.analytics.definition.EDFDiscountCurve.CompPVDFJacobian starts at Fri Nov 02 23:28:19 EDT 2018

		org.drip.analytics.definition.EDFDiscountCurve.CompPVDFJacobian.EDFJacobian.Success=true
		org.drip.analytics.definition.EDFDiscountCurve.CompPVDFJacobian.EDFJacobian.comppvdfjacobian=Wengert{0} => [-0.252,  0.000,  0.000,  0.000,  0.000,  0.000,  0.000,  0.000]
Wengert{1} => [ 0.000, -0.249,  0.000,  0.000,  0.000,  0.000,  0.000,  0.000]
Wengert{2} => [-0.000,  0.000, -0.249,  0.000,  0.000,  0.000,  0.000,  0.000]
Wengert{3} => [ 0.000,  0.000,  0.000, -0.252,  0.000,  0.000,  0.000,  0.000]
Wengert{4} => [ 0.000, -0.000, -0.000,  0.000, -0.251,  0.000,  0.000,  0.000]
Wengert{5} => [ 0.000,  0.000,  0.000,  0.000,  0.000, -0.248,  0.000,  0.000]
Wengert{6} => [ 0.000,  0.000,  0.000,  0.000,  0.000,  0.000, -0.246,  0.000]
Wengert{7} => [ 0.000, -0.000, -0.000,  0.000,  0.000, -0.000,  0.000, -0.251]

		org.drip.analytics.definition.EDFDiscountCurve.CompPVDFJacobian.EDFJacobian.pvdfmicrojack_future_0=Wengert{0} => [-0.252,  0.000,  0.000,  0.000,  0.000,  0.000,  0.000,  0.000]

		org.drip.analytics.definition.EDFDiscountCurve.CompPVDFJacobian.EDFJacobian.pvdfmicrojack_future_1=Wengert{0} => [ 0.000, -0.249,  0.000,  0.000,  0.000,  0.000,  0.000,  0.000]

		org.drip.analytics.definition.EDFDiscountCurve.CompPVDFJacobian.EDFJacobian.pvdfmicrojack_future_2=Wengert{0} => [-0.000,  0.000, -0.249,  0.000,  0.000,  0.000,  0.000,  0.000]

		org.drip.analytics.definition.EDFDiscountCurve.CompPVDFJacobian.EDFJacobian.pvdfmicrojack_future_3=Wengert{0} => [ 0.000,  0.000,  0.000, -0.252,  0.000,  0.000,  0.000,  0.000]

		org.drip.analytics.definition.EDFDiscountCurve.CompPVDFJacobian.EDFJacobian.pvdfmicrojack_future_4=Wengert{0} => [ 0.000, -0.000, -0.000,  0.000, -0.251,  0.000,  0.000,  0.000]

		org.drip.analytics.definition.EDFDiscountCurve.CompPVDFJacobian.EDFJacobian.pvdfmicrojack_future_5=Wengert{0} => [ 0.000,  0.000,  0.000,  0.000,  0.000, -0.248,  0.000,  0.000]

		org.drip.analytics.definition.EDFDiscountCurve.CompPVDFJacobian.EDFJacobian.pvdfmicrojack_future_6=Wengert{0} => [ 0.000,  0.000,  0.000,  0.000,  0.000,  0.000, -0.246,  0.000]

		org.drip.analytics.definition.EDFDiscountCurve.CompPVDFJacobian.EDFJacobian.pvdfmicrojack_future_7=Wengert{0} => [ 0.000, -0.000, -0.000,  0.000,  0.000, -0.000,  0.000, -0.251]

		org.drip.analytics.definition.EDFDiscountCurve.CompPVDFJacobian.EDFJacobian.FinishTime=Fri Nov 02 23:28:19 EDT 2018
		org.drip.analytics.definition.EDFDiscountCurve.CompPVDFJacobian.EDFJacobian.ExecTime=646
	org.drip.analytics.definition.EDFDiscountCurve.CompPVDFJacobian=> 646 (mu-s): 1 / 1 succeeded.
	org.drip.analytics.definition.EDFDiscountCurve.CompPVDFJacobian ends at Fri Nov 02 23:28:19 EDT 2018

	org.drip.analytics.definition.IRSDiscountCurve.CompPVDFJacobian starts at Fri Nov 02 23:28:19 EDT 2018
	org.drip.analytics.definition.IRSDiscountCurve.CompPVDFJacobian=> 0 (mu-s): 0 / 1 succeeded.
	org.drip.analytics.definition.IRSDiscountCurve.CompPVDFJacobian ends at Fri Nov 02 23:28:19 EDT 2018

	org.drip.analytics.definition.IRSDiscountCurve.CompPVDFJacobian starts at Fri Nov 02 23:28:19 EDT 2018
	org.drip.analytics.definition.IRSDiscountCurve.CompPVDFJacobian=> 0 (mu-s): 0 / 1 succeeded.
	org.drip.analytics.definition.IRSDiscountCurve.CompPVDFJacobian ends at Fri Nov 02 23:28:19 EDT 2018

	org.drip.analytics.definition.CashDiscountCurve.CompPVDFJacobian starts at Fri Nov 02 23:28:19 EDT 2018

		org.drip.analytics.definition.CashDiscountCurve.CompPVDFJacobian.CashJacobian.Success=true
		org.drip.analytics.definition.CashDiscountCurve.CompPVDFJacobian.CashJacobian.comppvdfjacobian=Wengert{0} => [-0.003,  0.000,  0.000,  0.000,  0.000,  0.000,  0.000]
Wengert{1} => [-0.003, -0.003,  0.000,  0.000,  0.000,  0.000,  0.000]
Wengert{2} => [-0.003, -0.003, -0.014,  0.000,  0.000,  0.000,  0.000]
Wengert{3} => [-0.003, -0.003, -0.014, -0.019,  0.000,  0.000,  0.000]
Wengert{4} => [-0.003, -0.003, -0.014, -0.019, -0.044,  0.000,  0.000]
Wengert{5} => [-0.003, -0.003, -0.014, -0.019, -0.044, -0.082,  0.000]
Wengert{6} => [-0.003, -0.003, -0.014, -0.019, -0.044, -0.082, -0.082]

		org.drip.analytics.definition.CashDiscountCurve.CompPVDFJacobian.CashJacobian.pvdfmicrojack_deposit::usd-libor-3m::{08-apr-2011->07-jul-2011}=Wengert{0} => [-0.003, -0.003, -0.014, -0.019, -0.044, -0.082, -0.082]

		org.drip.analytics.definition.CashDiscountCurve.CompPVDFJacobian.CashJacobian.pvdfmicrojack_deposit::usd-libor-3m::{08-apr-2011->07-jun-2011}=Wengert{0} => [-0.003, -0.003, -0.014, -0.019, -0.044, -0.082,  0.000]

		org.drip.analytics.definition.CashDiscountCurve.CompPVDFJacobian.CashJacobian.pvdfmicrojack_deposit::usd-libor-3m::{08-apr-2011->08-may-2011}=Wengert{0} => [-0.003, -0.003, -0.014, -0.019, -0.044,  0.000,  0.000]

		org.drip.analytics.definition.CashDiscountCurve.CompPVDFJacobian.CashJacobian.pvdfmicrojack_deposit::usd-libor-3m::{08-apr-2011->09-apr-2011}=Wengert{0} => [-0.003,  0.000,  0.000,  0.000,  0.000,  0.000,  0.000]

		org.drip.analytics.definition.CashDiscountCurve.CompPVDFJacobian.CashJacobian.pvdfmicrojack_deposit::usd-libor-3m::{08-apr-2011->10-apr-2011}=Wengert{0} => [-0.003, -0.003,  0.000,  0.000,  0.000,  0.000,  0.000]

		org.drip.analytics.definition.CashDiscountCurve.CompPVDFJacobian.CashJacobian.pvdfmicrojack_deposit::usd-libor-3m::{08-apr-2011->15-apr-2011}=Wengert{0} => [-0.003, -0.003, -0.014,  0.000,  0.000,  0.000,  0.000]

		org.drip.analytics.definition.CashDiscountCurve.CompPVDFJacobian.CashJacobian.pvdfmicrojack_deposit::usd-libor-3m::{08-apr-2011->22-apr-2011}=Wengert{0} => [-0.003, -0.003, -0.014, -0.019,  0.000,  0.000,  0.000]

		org.drip.analytics.definition.CashDiscountCurve.CompPVDFJacobian.CashJacobian.FinishTime=Fri Nov 02 23:28:19 EDT 2018
		org.drip.analytics.definition.CashDiscountCurve.CompPVDFJacobian.CashJacobian.ExecTime=583
	org.drip.analytics.definition.CashDiscountCurve.CompPVDFJacobian=> 583 (mu-s): 1 / 1 succeeded.
	org.drip.analytics.definition.CashDiscountCurve.CompPVDFJacobian ends at Fri Nov 02 23:28:19 EDT 2018

	org.drip.analytics.definition.EDFDiscountCurve.CompPVDFJacobian starts at Fri Nov 02 23:28:19 EDT 2018

		org.drip.analytics.definition.EDFDiscountCurve.CompPVDFJacobian.EDFJacobian.Success=true
		org.drip.analytics.definition.EDFDiscountCurve.CompPVDFJacobian.EDFJacobian.comppvdfjacobian=Wengert{0} => [-0.252,  0.000,  0.000,  0.000,  0.000,  0.000,  0.000,  0.000]
Wengert{1} => [ 0.000, -0.249,  0.000,  0.000,  0.000,  0.000,  0.000,  0.000]
Wengert{2} => [-0.000,  0.000, -0.249,  0.000,  0.000,  0.000,  0.000,  0.000]
Wengert{3} => [ 0.000,  0.000,  0.000, -0.252,  0.000,  0.000,  0.000,  0.000]
Wengert{4} => [ 0.000, -0.000, -0.000,  0.000, -0.251,  0.000,  0.000,  0.000]
Wengert{5} => [ 0.000,  0.000,  0.000,  0.000,  0.000, -0.248,  0.000,  0.000]
Wengert{6} => [ 0.000,  0.000,  0.000,  0.000,  0.000,  0.000, -0.246,  0.000]
Wengert{7} => [ 0.000, -0.000, -0.000,  0.000,  0.000, -0.000,  0.000, -0.251]

		org.drip.analytics.definition.EDFDiscountCurve.CompPVDFJacobian.EDFJacobian.pvdfmicrojack_future_0=Wengert{0} => [-0.252,  0.000,  0.000,  0.000,  0.000,  0.000,  0.000,  0.000]

		org.drip.analytics.definition.EDFDiscountCurve.CompPVDFJacobian.EDFJacobian.pvdfmicrojack_future_1=Wengert{0} => [ 0.000, -0.249,  0.000,  0.000,  0.000,  0.000,  0.000,  0.000]

		org.drip.analytics.definition.EDFDiscountCurve.CompPVDFJacobian.EDFJacobian.pvdfmicrojack_future_2=Wengert{0} => [-0.000,  0.000, -0.249,  0.000,  0.000,  0.000,  0.000,  0.000]

		org.drip.analytics.definition.EDFDiscountCurve.CompPVDFJacobian.EDFJacobian.pvdfmicrojack_future_3=Wengert{0} => [ 0.000,  0.000,  0.000, -0.252,  0.000,  0.000,  0.000,  0.000]

		org.drip.analytics.definition.EDFDiscountCurve.CompPVDFJacobian.EDFJacobian.pvdfmicrojack_future_4=Wengert{0} => [ 0.000, -0.000, -0.000,  0.000, -0.251,  0.000,  0.000,  0.000]

		org.drip.analytics.definition.EDFDiscountCurve.CompPVDFJacobian.EDFJacobian.pvdfmicrojack_future_5=Wengert{0} => [ 0.000,  0.000,  0.000,  0.000,  0.000, -0.248,  0.000,  0.000]

		org.drip.analytics.definition.EDFDiscountCurve.CompPVDFJacobian.EDFJacobian.pvdfmicrojack_future_6=Wengert{0} => [ 0.000,  0.000,  0.000,  0.000,  0.000,  0.000, -0.246,  0.000]

		org.drip.analytics.definition.EDFDiscountCurve.CompPVDFJacobian.EDFJacobian.pvdfmicrojack_future_7=Wengert{0} => [ 0.000, -0.000, -0.000,  0.000,  0.000, -0.000,  0.000, -0.251]

		org.drip.analytics.definition.EDFDiscountCurve.CompPVDFJacobian.EDFJacobian.FinishTime=Fri Nov 02 23:28:19 EDT 2018
		org.drip.analytics.definition.EDFDiscountCurve.CompPVDFJacobian.EDFJacobian.ExecTime=726
	org.drip.analytics.definition.EDFDiscountCurve.CompPVDFJacobian=> 726 (mu-s): 1 / 1 succeeded.
	org.drip.analytics.definition.EDFDiscountCurve.CompPVDFJacobian ends at Fri Nov 02 23:28:19 EDT 2018

	org.drip.analytics.definition.IRSDiscountCurve.CompPVDFJacobian starts at Fri Nov 02 23:28:19 EDT 2018
	org.drip.analytics.definition.IRSDiscountCurve.CompPVDFJacobian=> 0 (mu-s): 0 / 1 succeeded.
	org.drip.analytics.definition.IRSDiscountCurve.CompPVDFJacobian ends at Fri Nov 02 23:28:20 EDT 2018

	org.drip.analytics.definition.IRSDiscountCurve.CompPVDFJacobian starts at Fri Nov 02 23:28:20 EDT 2018
	org.drip.analytics.definition.IRSDiscountCurve.CompPVDFJacobian=> 0 (mu-s): 0 / 1 succeeded.
	org.drip.analytics.definition.IRSDiscountCurve.CompPVDFJacobian ends at Fri Nov 02 23:28:20 EDT 2018

	org.drip.analytics.definition.CashDiscountCurve.CompPVDFJacobian starts at Fri Nov 02 23:28:20 EDT 2018

		org.drip.analytics.definition.CashDiscountCurve.CompPVDFJacobian.CashJacobian.Success=true
		org.drip.analytics.definition.CashDiscountCurve.CompPVDFJacobian.CashJacobian.comppvdfjacobian=Wengert{0} => [-0.003,  0.000,  0.000,  0.000,  0.000,  0.000,  0.000]
Wengert{1} => [-0.003, -0.003,  0.000,  0.000,  0.000,  0.000,  0.000]
Wengert{2} => [-0.003, -0.003, -0.014,  0.000,  0.000,  0.000,  0.000]
Wengert{3} => [-0.003, -0.003, -0.014, -0.019,  0.000,  0.000,  0.000]
Wengert{4} => [-0.003, -0.003, -0.014, -0.019, -0.044,  0.000,  0.000]
Wengert{5} => [-0.003, -0.003, -0.014, -0.019, -0.044, -0.082,  0.000]
Wengert{6} => [-0.003, -0.003, -0.014, -0.019, -0.044, -0.082, -0.082]

		org.drip.analytics.definition.CashDiscountCurve.CompPVDFJacobian.CashJacobian.pvdfmicrojack_deposit::usd-libor-3m::{08-apr-2011->07-jul-2011}=Wengert{0} => [-0.003, -0.003, -0.014, -0.019, -0.044, -0.082, -0.082]

		org.drip.analytics.definition.CashDiscountCurve.CompPVDFJacobian.CashJacobian.pvdfmicrojack_deposit::usd-libor-3m::{08-apr-2011->07-jun-2011}=Wengert{0} => [-0.003, -0.003, -0.014, -0.019, -0.044, -0.082,  0.000]

		org.drip.analytics.definition.CashDiscountCurve.CompPVDFJacobian.CashJacobian.pvdfmicrojack_deposit::usd-libor-3m::{08-apr-2011->08-may-2011}=Wengert{0} => [-0.003, -0.003, -0.014, -0.019, -0.044,  0.000,  0.000]

		org.drip.analytics.definition.CashDiscountCurve.CompPVDFJacobian.CashJacobian.pvdfmicrojack_deposit::usd-libor-3m::{08-apr-2011->09-apr-2011}=Wengert{0} => [-0.003,  0.000,  0.000,  0.000,  0.000,  0.000,  0.000]

		org.drip.analytics.definition.CashDiscountCurve.CompPVDFJacobian.CashJacobian.pvdfmicrojack_deposit::usd-libor-3m::{08-apr-2011->10-apr-2011}=Wengert{0} => [-0.003, -0.003,  0.000,  0.000,  0.000,  0.000,  0.000]

		org.drip.analytics.definition.CashDiscountCurve.CompPVDFJacobian.CashJacobian.pvdfmicrojack_deposit::usd-libor-3m::{08-apr-2011->15-apr-2011}=Wengert{0} => [-0.003, -0.003, -0.014,  0.000,  0.000,  0.000,  0.000]

		org.drip.analytics.definition.CashDiscountCurve.CompPVDFJacobian.CashJacobian.pvdfmicrojack_deposit::usd-libor-3m::{08-apr-2011->22-apr-2011}=Wengert{0} => [-0.003, -0.003, -0.014, -0.019,  0.000,  0.000,  0.000]

		org.drip.analytics.definition.CashDiscountCurve.CompPVDFJacobian.CashJacobian.FinishTime=Fri Nov 02 23:28:20 EDT 2018
		org.drip.analytics.definition.CashDiscountCurve.CompPVDFJacobian.CashJacobian.ExecTime=652
	org.drip.analytics.definition.CashDiscountCurve.CompPVDFJacobian=> 652 (mu-s): 1 / 1 succeeded.
	org.drip.analytics.definition.CashDiscountCurve.CompPVDFJacobian ends at Fri Nov 02 23:28:20 EDT 2018

	org.drip.analytics.definition.EDFDiscountCurve.CompPVDFJacobian starts at Fri Nov 02 23:28:20 EDT 2018

		org.drip.analytics.definition.EDFDiscountCurve.CompPVDFJacobian.EDFJacobian.Success=true
		org.drip.analytics.definition.EDFDiscountCurve.CompPVDFJacobian.EDFJacobian.comppvdfjacobian=Wengert{0} => [-0.252,  0.000,  0.000,  0.000,  0.000,  0.000,  0.000,  0.000]
Wengert{1} => [ 0.000, -0.249,  0.000,  0.000,  0.000,  0.000,  0.000,  0.000]
Wengert{2} => [-0.000,  0.000, -0.249,  0.000,  0.000,  0.000,  0.000,  0.000]
Wengert{3} => [ 0.000,  0.000,  0.000, -0.252,  0.000,  0.000,  0.000,  0.000]
Wengert{4} => [ 0.000, -0.000, -0.000,  0.000, -0.251,  0.000,  0.000,  0.000]
Wengert{5} => [ 0.000,  0.000,  0.000,  0.000,  0.000, -0.248,  0.000,  0.000]
Wengert{6} => [ 0.000,  0.000,  0.000,  0.000,  0.000,  0.000, -0.246,  0.000]
Wengert{7} => [ 0.000, -0.000, -0.000,  0.000,  0.000, -0.000,  0.000, -0.251]

		org.drip.analytics.definition.EDFDiscountCurve.CompPVDFJacobian.EDFJacobian.pvdfmicrojack_future_0=Wengert{0} => [-0.252,  0.000,  0.000,  0.000,  0.000,  0.000,  0.000,  0.000]

		org.drip.analytics.definition.EDFDiscountCurve.CompPVDFJacobian.EDFJacobian.pvdfmicrojack_future_1=Wengert{0} => [ 0.000, -0.249,  0.000,  0.000,  0.000,  0.000,  0.000,  0.000]

		org.drip.analytics.definition.EDFDiscountCurve.CompPVDFJacobian.EDFJacobian.pvdfmicrojack_future_2=Wengert{0} => [-0.000,  0.000, -0.249,  0.000,  0.000,  0.000,  0.000,  0.000]

		org.drip.analytics.definition.EDFDiscountCurve.CompPVDFJacobian.EDFJacobian.pvdfmicrojack_future_3=Wengert{0} => [ 0.000,  0.000,  0.000, -0.252,  0.000,  0.000,  0.000,  0.000]

		org.drip.analytics.definition.EDFDiscountCurve.CompPVDFJacobian.EDFJacobian.pvdfmicrojack_future_4=Wengert{0} => [ 0.000, -0.000, -0.000,  0.000, -0.251,  0.000,  0.000,  0.000]

		org.drip.analytics.definition.EDFDiscountCurve.CompPVDFJacobian.EDFJacobian.pvdfmicrojack_future_5=Wengert{0} => [ 0.000,  0.000,  0.000,  0.000,  0.000, -0.248,  0.000,  0.000]

		org.drip.analytics.definition.EDFDiscountCurve.CompPVDFJacobian.EDFJacobian.pvdfmicrojack_future_6=Wengert{0} => [ 0.000,  0.000,  0.000,  0.000,  0.000,  0.000, -0.246,  0.000]

		org.drip.analytics.definition.EDFDiscountCurve.CompPVDFJacobian.EDFJacobian.pvdfmicrojack_future_7=Wengert{0} => [ 0.000, -0.000, -0.000,  0.000,  0.000, -0.000,  0.000, -0.251]

		org.drip.analytics.definition.EDFDiscountCurve.CompPVDFJacobian.EDFJacobian.FinishTime=Fri Nov 02 23:28:20 EDT 2018
		org.drip.analytics.definition.EDFDiscountCurve.CompPVDFJacobian.EDFJacobian.ExecTime=633
	org.drip.analytics.definition.EDFDiscountCurve.CompPVDFJacobian=> 633 (mu-s): 1 / 1 succeeded.
	org.drip.analytics.definition.EDFDiscountCurve.CompPVDFJacobian ends at Fri Nov 02 23:28:20 EDT 2018

	org.drip.analytics.definition.IRSDiscountCurve.CompPVDFJacobian starts at Fri Nov 02 23:28:20 EDT 2018
	org.drip.analytics.definition.IRSDiscountCurve.CompPVDFJacobian=> 0 (mu-s): 0 / 1 succeeded.
	org.drip.analytics.definition.IRSDiscountCurve.CompPVDFJacobian ends at Fri Nov 02 23:28:20 EDT 2018

	org.drip.analytics.definition.IRSDiscountCurve.CompPVDFJacobian starts at Fri Nov 02 23:28:20 EDT 2018
	org.drip.analytics.definition.IRSDiscountCurve.CompPVDFJacobian=> 0 (mu-s): 0 / 1 succeeded.
	org.drip.analytics.definition.IRSDiscountCurve.CompPVDFJacobian ends at Fri Nov 02 23:28:21 EDT 2018

	org.drip.analytics.definition.CashDiscountCurve.CompPVDFJacobian starts at Fri Nov 02 23:28:21 EDT 2018

		org.drip.analytics.definition.CashDiscountCurve.CompPVDFJacobian.CashJacobian.Success=true
		org.drip.analytics.definition.CashDiscountCurve.CompPVDFJacobian.CashJacobian.comppvdfjacobian=Wengert{0} => [-0.003,  0.000,  0.000,  0.000,  0.000,  0.000,  0.000]
Wengert{1} => [-0.003, -0.003,  0.000,  0.000,  0.000,  0.000,  0.000]
Wengert{2} => [-0.003, -0.003, -0.014,  0.000,  0.000,  0.000,  0.000]
Wengert{3} => [-0.003, -0.003, -0.014, -0.019,  0.000,  0.000,  0.000]
Wengert{4} => [-0.003, -0.003, -0.014, -0.019, -0.044,  0.000,  0.000]
Wengert{5} => [-0.003, -0.003, -0.014, -0.019, -0.044, -0.082,  0.000]
Wengert{6} => [-0.003, -0.003, -0.014, -0.019, -0.044, -0.082, -0.082]

		org.drip.analytics.definition.CashDiscountCurve.CompPVDFJacobian.CashJacobian.pvdfmicrojack_deposit::usd-libor-3m::{08-apr-2011->07-jul-2011}=Wengert{0} => [-0.003, -0.003, -0.014, -0.019, -0.044, -0.082, -0.082]

		org.drip.analytics.definition.CashDiscountCurve.CompPVDFJacobian.CashJacobian.pvdfmicrojack_deposit::usd-libor-3m::{08-apr-2011->07-jun-2011}=Wengert{0} => [-0.003, -0.003, -0.014, -0.019, -0.044, -0.082,  0.000]

		org.drip.analytics.definition.CashDiscountCurve.CompPVDFJacobian.CashJacobian.pvdfmicrojack_deposit::usd-libor-3m::{08-apr-2011->08-may-2011}=Wengert{0} => [-0.003, -0.003, -0.014, -0.019, -0.044,  0.000,  0.000]

		org.drip.analytics.definition.CashDiscountCurve.CompPVDFJacobian.CashJacobian.pvdfmicrojack_deposit::usd-libor-3m::{08-apr-2011->09-apr-2011}=Wengert{0} => [-0.003,  0.000,  0.000,  0.000,  0.000,  0.000,  0.000]

		org.drip.analytics.definition.CashDiscountCurve.CompPVDFJacobian.CashJacobian.pvdfmicrojack_deposit::usd-libor-3m::{08-apr-2011->10-apr-2011}=Wengert{0} => [-0.003, -0.003,  0.000,  0.000,  0.000,  0.000,  0.000]

		org.drip.analytics.definition.CashDiscountCurve.CompPVDFJacobian.CashJacobian.pvdfmicrojack_deposit::usd-libor-3m::{08-apr-2011->15-apr-2011}=Wengert{0} => [-0.003, -0.003, -0.014,  0.000,  0.000,  0.000,  0.000]

		org.drip.analytics.definition.CashDiscountCurve.CompPVDFJacobian.CashJacobian.pvdfmicrojack_deposit::usd-libor-3m::{08-apr-2011->22-apr-2011}=Wengert{0} => [-0.003, -0.003, -0.014, -0.019,  0.000,  0.000,  0.000]

		org.drip.analytics.definition.CashDiscountCurve.CompPVDFJacobian.CashJacobian.FinishTime=Fri Nov 02 23:28:21 EDT 2018
		org.drip.analytics.definition.CashDiscountCurve.CompPVDFJacobian.CashJacobian.ExecTime=551
	org.drip.analytics.definition.CashDiscountCurve.CompPVDFJacobian=> 551 (mu-s): 1 / 1 succeeded.
	org.drip.analytics.definition.CashDiscountCurve.CompPVDFJacobian ends at Fri Nov 02 23:28:21 EDT 2018


--------
Stats for org.drip.analytics.definition.cashdiscountcurve.comppvdfjacobian.cashjacobian
--------
	org.drip.analytics.definition.cashdiscountcurve.comppvdfjacobian.cashjacobian.Stat.NumRuns=10
	org.drip.analytics.definition.cashdiscountcurve.comppvdfjacobian.cashjacobian.Stat.ExecTimeMean=579
	org.drip.analytics.definition.cashdiscountcurve.comppvdfjacobian.cashjacobian.Stat.ExecTimeMaximum=652
	org.drip.analytics.definition.cashdiscountcurve.comppvdfjacobian.cashjacobian.Stat.ExecTimeMinimum=551
	org.drip.analytics.definition.cashdiscountcurve.comppvdfjacobian.cashjacobian.Stat.ExecTimeVariance=27
	org.drip.analytics.definition.cashdiscountcurve.comppvdfjacobian.cashjacobian.Stat.InitializationDelay=37
	org.drip.analytics.definition.cashdiscountcurve.comppvdfjacobian.cashjacobian.Stat.ExecTimeList=[616, 570, 578, 570, 574, 565, 568, 583, 652, 551]


--------
Stats for org.drip.analytics.definition.edfdiscountcurve.comppvdfjacobian.edfjacobian
--------
	org.drip.analytics.definition.edfdiscountcurve.comppvdfjacobian.edfjacobian.Stat.NumRuns=10
	org.drip.analytics.definition.edfdiscountcurve.comppvdfjacobian.edfjacobian.Stat.ExecTimeMean=663
	org.drip.analytics.definition.edfdiscountcurve.comppvdfjacobian.edfjacobian.Stat.ExecTimeMaximum=786
	org.drip.analytics.definition.edfdiscountcurve.comppvdfjacobian.edfjacobian.Stat.ExecTimeMinimum=633
	org.drip.analytics.definition.edfdiscountcurve.comppvdfjacobian.edfjacobian.Stat.ExecTimeVariance=25
	org.drip.analytics.definition.edfdiscountcurve.comppvdfjacobian.edfjacobian.Stat.InitializationDelay=123
	org.drip.analytics.definition.edfdiscountcurve.comppvdfjacobian.edfjacobian.Stat.ExecTimeList=[786, 673, 650, 659, 668, 665, 650, 646, 726, 633]

	org.drip.math.solver1D.FixedPointFinderCompound starts at Fri Nov 02 23:28:21 EDT 2018
	org.drip.math.solver1D.FixedPointFinderCompound=> 60 (mu-s): 2 / 2 succeeded.
	org.drip.math.solver1D.FixedPointFinderCompound ends at Fri Nov 02 23:28:21 EDT 2018

	org.drip.math.solver1D.FixedPointFinderNewton starts at Fri Nov 02 23:28:21 EDT 2018
	org.drip.math.solver1D.FixedPointFinderNewton=> 32 (mu-s): 1 / 1 succeeded.
	org.drip.math.solver1D.FixedPointFinderNewton ends at Fri Nov 02 23:28:21 EDT 2018

	org.drip.math.solver1D.FixedPointFinderPrimitive starts at Fri Nov 02 23:28:21 EDT 2018
	org.drip.math.solver1D.FixedPointFinderPrimitive=> 3614 (mu-s): 5 / 5 succeeded.
	org.drip.math.solver1D.FixedPointFinderPrimitive ends at Fri Nov 02 23:28:21 EDT 2018

	org.drip.math.solver1D.FixedPointFinderCompound starts at Fri Nov 02 23:28:21 EDT 2018
	org.drip.math.solver1D.FixedPointFinderCompound=> 174 (mu-s): 2 / 2 succeeded.
	org.drip.math.solver1D.FixedPointFinderCompound ends at Fri Nov 02 23:28:21 EDT 2018

	org.drip.math.solver1D.FixedPointFinderNewton starts at Fri Nov 02 23:28:21 EDT 2018
	org.drip.math.solver1D.FixedPointFinderNewton=> 69 (mu-s): 1 / 1 succeeded.
	org.drip.math.solver1D.FixedPointFinderNewton ends at Fri Nov 02 23:28:21 EDT 2018

	org.drip.math.solver1D.FixedPointFinderPrimitive starts at Fri Nov 02 23:28:21 EDT 2018
	org.drip.math.solver1D.FixedPointFinderPrimitive=> 388 (mu-s): 5 / 5 succeeded.
	org.drip.math.solver1D.FixedPointFinderPrimitive ends at Fri Nov 02 23:28:21 EDT 2018

	org.drip.math.solver1D.FixedPointFinderCompound starts at Fri Nov 02 23:28:21 EDT 2018
	org.drip.math.solver1D.FixedPointFinderCompound=> 151 (mu-s): 2 / 2 succeeded.
	org.drip.math.solver1D.FixedPointFinderCompound ends at Fri Nov 02 23:28:21 EDT 2018

	org.drip.math.solver1D.FixedPointFinderNewton starts at Fri Nov 02 23:28:21 EDT 2018
	org.drip.math.solver1D.FixedPointFinderNewton=> 33 (mu-s): 1 / 1 succeeded.
	org.drip.math.solver1D.FixedPointFinderNewton ends at Fri Nov 02 23:28:21 EDT 2018

	org.drip.math.solver1D.FixedPointFinderPrimitive starts at Fri Nov 02 23:28:21 EDT 2018
	org.drip.math.solver1D.FixedPointFinderPrimitive=> 373 (mu-s): 5 / 5 succeeded.
	org.drip.math.solver1D.FixedPointFinderPrimitive ends at Fri Nov 02 23:28:21 EDT 2018

	org.drip.math.solver1D.FixedPointFinderCompound starts at Fri Nov 02 23:28:21 EDT 2018
	org.drip.math.solver1D.FixedPointFinderCompound=> 83 (mu-s): 2 / 2 succeeded.
	org.drip.math.solver1D.FixedPointFinderCompound ends at Fri Nov 02 23:28:21 EDT 2018

	org.drip.math.solver1D.FixedPointFinderNewton starts at Fri Nov 02 23:28:21 EDT 2018
	org.drip.math.solver1D.FixedPointFinderNewton=> 49 (mu-s): 1 / 1 succeeded.
	org.drip.math.solver1D.FixedPointFinderNewton ends at Fri Nov 02 23:28:21 EDT 2018

	org.drip.math.solver1D.FixedPointFinderPrimitive starts at Fri Nov 02 23:28:21 EDT 2018
	org.drip.math.solver1D.FixedPointFinderPrimitive=> 432 (mu-s): 5 / 5 succeeded.
	org.drip.math.solver1D.FixedPointFinderPrimitive ends at Fri Nov 02 23:28:21 EDT 2018

	org.drip.math.solver1D.FixedPointFinderCompound starts at Fri Nov 02 23:28:21 EDT 2018
	org.drip.math.solver1D.FixedPointFinderCompound=> 57 (mu-s): 2 / 2 succeeded.
	org.drip.math.solver1D.FixedPointFinderCompound ends at Fri Nov 02 23:28:21 EDT 2018

	org.drip.math.solver1D.FixedPointFinderNewton starts at Fri Nov 02 23:28:21 EDT 2018
	org.drip.math.solver1D.FixedPointFinderNewton=> 27 (mu-s): 1 / 1 succeeded.
	org.drip.math.solver1D.FixedPointFinderNewton ends at Fri Nov 02 23:28:21 EDT 2018

	org.drip.math.solver1D.FixedPointFinderPrimitive starts at Fri Nov 02 23:28:21 EDT 2018
	org.drip.math.solver1D.FixedPointFinderPrimitive=> 255 (mu-s): 5 / 5 succeeded.
	org.drip.math.solver1D.FixedPointFinderPrimitive ends at Fri Nov 02 23:28:21 EDT 2018

	org.drip.math.solver1D.FixedPointFinderCompound starts at Fri Nov 02 23:28:21 EDT 2018
	org.drip.math.solver1D.FixedPointFinderCompound=> 66 (mu-s): 2 / 2 succeeded.
	org.drip.math.solver1D.FixedPointFinderCompound ends at Fri Nov 02 23:28:21 EDT 2018

	org.drip.math.solver1D.FixedPointFinderNewton starts at Fri Nov 02 23:28:21 EDT 2018
	org.drip.math.solver1D.FixedPointFinderNewton=> 23 (mu-s): 1 / 1 succeeded.
	org.drip.math.solver1D.FixedPointFinderNewton ends at Fri Nov 02 23:28:21 EDT 2018

	org.drip.math.solver1D.FixedPointFinderPrimitive starts at Fri Nov 02 23:28:21 EDT 2018
	org.drip.math.solver1D.FixedPointFinderPrimitive=> 363 (mu-s): 5 / 5 succeeded.
	org.drip.math.solver1D.FixedPointFinderPrimitive ends at Fri Nov 02 23:28:21 EDT 2018

	org.drip.math.solver1D.FixedPointFinderCompound starts at Fri Nov 02 23:28:21 EDT 2018
	org.drip.math.solver1D.FixedPointFinderCompound=> 442 (mu-s): 2 / 2 succeeded.
	org.drip.math.solver1D.FixedPointFinderCompound ends at Fri Nov 02 23:28:21 EDT 2018

	org.drip.math.solver1D.FixedPointFinderNewton starts at Fri Nov 02 23:28:21 EDT 2018
	org.drip.math.solver1D.FixedPointFinderNewton=> 50 (mu-s): 1 / 1 succeeded.
	org.drip.math.solver1D.FixedPointFinderNewton ends at Fri Nov 02 23:28:21 EDT 2018

	org.drip.math.solver1D.FixedPointFinderPrimitive starts at Fri Nov 02 23:28:21 EDT 2018
	org.drip.math.solver1D.FixedPointFinderPrimitive=> 219 (mu-s): 5 / 5 succeeded.
	org.drip.math.solver1D.FixedPointFinderPrimitive ends at Fri Nov 02 23:28:21 EDT 2018

	org.drip.math.solver1D.FixedPointFinderCompound starts at Fri Nov 02 23:28:21 EDT 2018
	org.drip.math.solver1D.FixedPointFinderCompound=> 55 (mu-s): 2 / 2 succeeded.
	org.drip.math.solver1D.FixedPointFinderCompound ends at Fri Nov 02 23:28:21 EDT 2018

	org.drip.math.solver1D.FixedPointFinderNewton starts at Fri Nov 02 23:28:21 EDT 2018
	org.drip.math.solver1D.FixedPointFinderNewton=> 40 (mu-s): 1 / 1 succeeded.
	org.drip.math.solver1D.FixedPointFinderNewton ends at Fri Nov 02 23:28:21 EDT 2018

	org.drip.math.solver1D.FixedPointFinderPrimitive starts at Fri Nov 02 23:28:21 EDT 2018
	org.drip.math.solver1D.FixedPointFinderPrimitive=> 188 (mu-s): 5 / 5 succeeded.
	org.drip.math.solver1D.FixedPointFinderPrimitive ends at Fri Nov 02 23:28:21 EDT 2018

	org.drip.math.solver1D.FixedPointFinderCompound starts at Fri Nov 02 23:28:21 EDT 2018
	org.drip.math.solver1D.FixedPointFinderCompound=> 104 (mu-s): 2 / 2 succeeded.
	org.drip.math.solver1D.FixedPointFinderCompound ends at Fri Nov 02 23:28:21 EDT 2018

	org.drip.math.solver1D.FixedPointFinderNewton starts at Fri Nov 02 23:28:21 EDT 2018
	org.drip.math.solver1D.FixedPointFinderNewton=> 23 (mu-s): 1 / 1 succeeded.
	org.drip.math.solver1D.FixedPointFinderNewton ends at Fri Nov 02 23:28:21 EDT 2018

	org.drip.math.solver1D.FixedPointFinderPrimitive starts at Fri Nov 02 23:28:21 EDT 2018
	org.drip.math.solver1D.FixedPointFinderPrimitive=> 323 (mu-s): 5 / 5 succeeded.
	org.drip.math.solver1D.FixedPointFinderPrimitive ends at Fri Nov 02 23:28:21 EDT 2018

	org.drip.math.solver1D.FixedPointFinderCompound starts at Fri Nov 02 23:28:21 EDT 2018
	org.drip.math.solver1D.FixedPointFinderCompound=> 49 (mu-s): 2 / 2 succeeded.
	org.drip.math.solver1D.FixedPointFinderCompound ends at Fri Nov 02 23:28:21 EDT 2018

	org.drip.math.solver1D.FixedPointFinderNewton starts at Fri Nov 02 23:28:21 EDT 2018
	org.drip.math.solver1D.FixedPointFinderNewton=> 49 (mu-s): 1 / 1 succeeded.
	org.drip.math.solver1D.FixedPointFinderNewton ends at Fri Nov 02 23:28:21 EDT 2018

	org.drip.math.solver1D.FixedPointFinderPrimitive starts at Fri Nov 02 23:28:21 EDT 2018
	org.drip.math.solver1D.FixedPointFinderPrimitive=> 201 (mu-s): 5 / 5 succeeded.
	org.drip.math.solver1D.FixedPointFinderPrimitive ends at Fri Nov 02 23:28:21 EDT 2018


--------
Stats for org.drip.math.solver1d.fixedpointfindercompound.brentfixedpointfinder
--------
	org.drip.math.solver1d.fixedpointfindercompound.brentfixedpointfinder.Stat.NumRuns=10
	org.drip.math.solver1d.fixedpointfindercompound.brentfixedpointfinder.Stat.ExecTimeMean=92
	org.drip.math.solver1d.fixedpointfindercompound.brentfixedpointfinder.Stat.ExecTimeMaximum=399
	org.drip.math.solver1d.fixedpointfindercompound.brentfixedpointfinder.Stat.ExecTimeMinimum=26
	org.drip.math.solver1d.fixedpointfindercompound.brentfixedpointfinder.Stat.ExecTimeVariance=111
	org.drip.math.solver1d.fixedpointfindercompound.brentfixedpointfinder.Stat.InitializationDelay=-47
	org.drip.math.solver1d.fixedpointfindercompound.brentfixedpointfinder.Stat.ExecTimeList=[45, 101, 96, 32, 30, 42, 399, 26, 81, 28]


--------
Stats for org.drip.math.solver1d.fixedpointfindercompound.zhengfixedpointfinder
--------
	org.drip.math.solver1d.fixedpointfindercompound.zhengfixedpointfinder.Stat.NumRuns=10
	org.drip.math.solver1d.fixedpointfindercompound.zhengfixedpointfinder.Stat.ExecTimeMean=38
	org.drip.math.solver1d.fixedpointfindercompound.zhengfixedpointfinder.Stat.ExecTimeMaximum=73
	org.drip.math.solver1d.fixedpointfindercompound.zhengfixedpointfinder.Stat.ExecTimeMinimum=15
	org.drip.math.solver1d.fixedpointfindercompound.zhengfixedpointfinder.Stat.ExecTimeVariance=17
	org.drip.math.solver1d.fixedpointfindercompound.zhengfixedpointfinder.Stat.InitializationDelay=-23
	org.drip.math.solver1d.fixedpointfindercompound.zhengfixedpointfinder.Stat.ExecTimeList=[15, 73, 55, 51, 27, 24, 43, 29, 23, 21]


--------
Stats for org.drip.math.solver1d.fixedpointfindernewton.newtonfixedpointfinder
--------
	org.drip.math.solver1d.fixedpointfindernewton.newtonfixedpointfinder.Stat.NumRuns=10
	org.drip.math.solver1d.fixedpointfindernewton.newtonfixedpointfinder.Stat.ExecTimeMean=40
	org.drip.math.solver1d.fixedpointfindernewton.newtonfixedpointfinder.Stat.ExecTimeMaximum=69
	org.drip.math.solver1d.fixedpointfindernewton.newtonfixedpointfinder.Stat.ExecTimeMinimum=23
	org.drip.math.solver1d.fixedpointfindernewton.newtonfixedpointfinder.Stat.ExecTimeVariance=14
	org.drip.math.solver1d.fixedpointfindernewton.newtonfixedpointfinder.Stat.InitializationDelay=-8
	org.drip.math.solver1d.fixedpointfindernewton.newtonfixedpointfinder.Stat.ExecTimeList=[32, 69, 33, 49, 27, 23, 50, 40, 23, 49]


--------
Stats for org.drip.math.solver1d.fixedpointfinderprimitive.bisectionfixedpointfinder
--------
	org.drip.math.solver1d.fixedpointfinderprimitive.bisectionfixedpointfinder.Stat.NumRuns=10
	org.drip.math.solver1d.fixedpointfinderprimitive.bisectionfixedpointfinder.Stat.ExecTimeMean=99
	org.drip.math.solver1d.fixedpointfinderprimitive.bisectionfixedpointfinder.Stat.ExecTimeMaximum=203
	org.drip.math.solver1d.fixedpointfinderprimitive.bisectionfixedpointfinder.Stat.ExecTimeMinimum=19
	org.drip.math.solver1d.fixedpointfinderprimitive.bisectionfixedpointfinder.Stat.ExecTimeVariance=68
	org.drip.math.solver1d.fixedpointfinderprimitive.bisectionfixedpointfinder.Stat.InitializationDelay=-49
	org.drip.math.solver1d.fixedpointfinderprimitive.bisectionfixedpointfinder.Stat.ExecTimeList=[50, 143, 79, 203, 44, 189, 35, 19, 152, 29]


--------
Stats for org.drip.math.solver1d.fixedpointfinderprimitive.falsepositionfixedpointfinder
--------
	org.drip.math.solver1d.fixedpointfinderprimitive.falsepositionfixedpointfinder.Stat.NumRuns=10
	org.drip.math.solver1d.fixedpointfinderprimitive.falsepositionfixedpointfinder.Stat.ExecTimeMean=23
	org.drip.math.solver1d.fixedpointfinderprimitive.falsepositionfixedpointfinder.Stat.ExecTimeMaximum=93
	org.drip.math.solver1d.fixedpointfinderprimitive.falsepositionfixedpointfinder.Stat.ExecTimeMinimum=15
	org.drip.math.solver1d.fixedpointfinderprimitive.falsepositionfixedpointfinder.Stat.ExecTimeVariance=5
	org.drip.math.solver1d.fixedpointfinderprimitive.falsepositionfixedpointfinder.Stat.InitializationDelay=70
	org.drip.math.solver1d.fixedpointfinderprimitive.falsepositionfixedpointfinder.Stat.ExecTimeList=[93, 22, 36, 26, 22, 22, 30, 15, 21, 19]


--------
Stats for org.drip.math.solver1d.fixedpointfinderprimitive.inversequadraticfixedpointfinder
--------
	org.drip.math.solver1d.fixedpointfinderprimitive.inversequadraticfixedpointfinder.Stat.NumRuns=10
	org.drip.math.solver1d.fixedpointfinderprimitive.inversequadraticfixedpointfinder.Stat.ExecTimeMean=18
	org.drip.math.solver1d.fixedpointfinderprimitive.inversequadraticfixedpointfinder.Stat.ExecTimeMaximum=49
	org.drip.math.solver1d.fixedpointfinderprimitive.inversequadraticfixedpointfinder.Stat.ExecTimeMinimum=10
	org.drip.math.solver1d.fixedpointfinderprimitive.inversequadraticfixedpointfinder.Stat.ExecTimeVariance=6
	org.drip.math.solver1d.fixedpointfinderprimitive.inversequadraticfixedpointfinder.Stat.InitializationDelay=31
	org.drip.math.solver1d.fixedpointfinderprimitive.inversequadraticfixedpointfinder.Stat.ExecTimeList=[49, 35, 21, 19, 16, 15, 16, 10, 18, 16]


--------
Stats for org.drip.math.solver1d.fixedpointfinderprimitive.quadraticfixedpointfinder
--------
	org.drip.math.solver1d.fixedpointfinderprimitive.quadraticfixedpointfinder.Stat.NumRuns=10
	org.drip.math.solver1d.fixedpointfinderprimitive.quadraticfixedpointfinder.Stat.ExecTimeMean=44
	org.drip.math.solver1d.fixedpointfinderprimitive.quadraticfixedpointfinder.Stat.ExecTimeMaximum=92
	org.drip.math.solver1d.fixedpointfinderprimitive.quadraticfixedpointfinder.Stat.ExecTimeMinimum=32
	org.drip.math.solver1d.fixedpointfinderprimitive.quadraticfixedpointfinder.Stat.ExecTimeVariance=13
	org.drip.math.solver1d.fixedpointfinderprimitive.quadraticfixedpointfinder.Stat.InitializationDelay=48
	org.drip.math.solver1d.fixedpointfinderprimitive.quadraticfixedpointfinder.Stat.ExecTimeList=[92, 32, 66, 45, 49, 32, 69, 38, 33, 36]


--------
Stats for org.drip.math.solver1d.fixedpointfinderprimitive.ridderfixedpointfinder
--------
	org.drip.math.solver1d.fixedpointfinderprimitive.ridderfixedpointfinder.Stat.NumRuns=10
	org.drip.math.solver1d.fixedpointfinderprimitive.ridderfixedpointfinder.Stat.ExecTimeMean=118
	org.drip.math.solver1d.fixedpointfinderprimitive.ridderfixedpointfinder.Stat.ExecTimeMaximum=3330
	org.drip.math.solver1d.fixedpointfinderprimitive.ridderfixedpointfinder.Stat.ExecTimeMinimum=69
	org.drip.math.solver1d.fixedpointfinderprimitive.ridderfixedpointfinder.Stat.ExecTimeVariance=29
	org.drip.math.solver1d.fixedpointfinderprimitive.ridderfixedpointfinder.Stat.InitializationDelay=3212
	org.drip.math.solver1d.fixedpointfinderprimitive.ridderfixedpointfinder.Stat.ExecTimeList=[3330, 156, 171, 139, 124, 105, 69, 106, 99, 101]

	PolynomialSplineRegressor starts at Fri Nov 02 23:28:21 EDT 2018

		PolynomialSplineRegressor.N2Ck0.Success=true
		PolynomialSplineRegressor.N2Ck0._seg1_1_0=25.0
		PolynomialSplineRegressor.N2Ck0._seg1_3_0=20.25
		PolynomialSplineRegressor.N2Ck0._seg1_head_jack=Wengert{0} => [ 1.000,  0.000]
Wengert{1} => [-1.000,  1.000]

		PolynomialSplineRegressor.N2Ck0._seg1_jack=Wengert{0} => [ 1.000,  0.000]
Wengert{1} => [-1.000,  1.000]

		PolynomialSplineRegressor.N2Ck0._seg1_monotone=MONOTONIC    
		PolynomialSplineRegressor.N2Ck0._seg2_3_0=20.25
		PolynomialSplineRegressor.N2Ck0._seg2_6_0=14.0
		PolynomialSplineRegressor.N2Ck0._seg2_head_jack=Wengert{0} => [ 1.000,  0.000]
Wengert{1} => [-1.000,  1.000]

		PolynomialSplineRegressor.N2Ck0._seg2_jack=Wengert{0} => [ 1.000,  0.000]
Wengert{1} => [-1.000,  1.000]

		PolynomialSplineRegressor.N2Ck0._seg2_monotone=MONOTONIC    
		PolynomialSplineRegressor.N2Ck0._seg2_value_jack=Wengert{0} => [ 0.273,  0.545]

		PolynomialSplineRegressor.N2Ck0.FinishTime=Fri Nov 02 23:28:21 EDT 2018
		PolynomialSplineRegressor.N2Ck0.ExecTime=64

		PolynomialSplineRegressor.N3Ck0.Success=true
		PolynomialSplineRegressor.N3Ck0._seg1_1_0=25.0
		PolynomialSplineRegressor.N3Ck0._seg1_3_0=20.249999999999993
		PolynomialSplineRegressor.N3Ck0._seg1_head_jack=Wengert{0} => [ 1.000,  0.000,  0.000]
Wengert{1} => [-0.973,  1.973, -1.110]
Wengert{2} => [-0.027, -0.973,  1.110]

		PolynomialSplineRegressor.N3Ck0._seg1_jack=Wengert{0} => [ 1.000,  0.000,  0.000]
Wengert{1} => [-0.973,  1.973, -1.110]
Wengert{2} => [-0.027, -0.973,  1.110]

		PolynomialSplineRegressor.N3Ck0._seg1_monotone=MONOTONIC    
		PolynomialSplineRegressor.N3Ck0._seg2_3_0=20.249999999999993
		PolynomialSplineRegressor.N3Ck0._seg2_6_0=14.0
		PolynomialSplineRegressor.N3Ck0._seg2_head_jack=Wengert{0} => [ 1.000,  0.000,  0.000]
Wengert{1} => [-0.973,  1.973, -3.747]
Wengert{2} => [-0.027, -0.973,  3.747]

		PolynomialSplineRegressor.N3Ck0._seg2_jack=Wengert{0} => [ 1.000,  0.000,  0.000]
Wengert{1} => [-0.973,  1.973, -3.747]
Wengert{2} => [-0.027, -0.973,  3.747]

		PolynomialSplineRegressor.N3Ck0._seg2_monotone=MONOTONIC    
		PolynomialSplineRegressor.N3Ck0._seg2_value_jack=Wengert{0} => [ 0.278,  0.722, -0.681]

		PolynomialSplineRegressor.N3Ck0.FinishTime=Fri Nov 02 23:28:21 EDT 2018
		PolynomialSplineRegressor.N3Ck0.ExecTime=440

		PolynomialSplineRegressor.N3Ck1.Success=true
		PolynomialSplineRegressor.N3Ck1._seg1_1_0=25.0
		PolynomialSplineRegressor.N3Ck1._seg1_3_0=20.25
		PolynomialSplineRegressor.N3Ck1._seg1_head_jack=Wengert{0} => [ 1.000,  0.000,  0.000]
Wengert{1} => [ 1.000,  0.000,  2.000]
Wengert{2} => [-2.000,  1.000, -2.000]

		PolynomialSplineRegressor.N3Ck1._seg1_jack=Wengert{0} => [ 1.000,  0.000,  0.000]
Wengert{1} => [ 1.000,  0.000,  2.000]
Wengert{2} => [-2.000,  1.000, -2.000]

		PolynomialSplineRegressor.N3Ck1._seg1_monotone=MONOTONIC    
		PolynomialSplineRegressor.N3Ck1._seg2_3_0=20.25
		PolynomialSplineRegressor.N3Ck1._seg2_6_0=14.0
		PolynomialSplineRegressor.N3Ck1._seg2_head_jack=Wengert{0} => [ 1.000,  0.000,  0.000]
Wengert{1} => [ 1.000,  0.000,  3.000]
Wengert{2} => [-2.000,  1.000, -3.000]

		PolynomialSplineRegressor.N3Ck1._seg2_jack=Wengert{0} => [ 1.000,  0.000,  0.000]
Wengert{1} => [ 1.000,  0.000,  3.000]
Wengert{2} => [-2.000,  1.000, -3.000]

		PolynomialSplineRegressor.N3Ck1._seg2_monotone=MONOTONIC    
		PolynomialSplineRegressor.N3Ck1._seg2_value_jack=Wengert{0} => [ 0.636,  0.364,  0.545]

		PolynomialSplineRegressor.N3Ck1.FinishTime=Fri Nov 02 23:28:21 EDT 2018
		PolynomialSplineRegressor.N3Ck1.ExecTime=231

		PolynomialSplineRegressor.N4Ck0.Success=true
		PolynomialSplineRegressor.N4Ck0._seg1_1_0=25.0
		PolynomialSplineRegressor.N4Ck0._seg1_3_0=20.24999999999999
		PolynomialSplineRegressor.N4Ck0._seg1_head_jack=Wengert{0} => [ 1.000,  0.000,  0.000,  0.000]
Wengert{1} => [ 0.000,  1.000, -5.677,  3.425]
Wengert{2} => [-2.000,  1.000,  10.368, -6.943]
Wengert{3} => [ 1.000, -1.000, -4.692,  3.519]

		PolynomialSplineRegressor.N4Ck0._seg1_jack=Wengert{0} => [ 1.000,  0.000,  0.000,  0.000]
Wengert{1} => [ 0.000,  1.000, -5.677,  3.425]
Wengert{2} => [-2.000,  1.000,  10.368, -6.943]
Wengert{3} => [ 1.000, -1.000, -4.692,  3.519]

		PolynomialSplineRegressor.N4Ck0._seg1_monotone=MONOTONIC    
		PolynomialSplineRegressor.N4Ck0._seg2_3_0=20.24999999999999
		PolynomialSplineRegressor.N4Ck0._seg2_6_0=14.000000000000004
		PolynomialSplineRegressor.N4Ck0._seg2_head_jack=Wengert{0} => [ 1.000,  0.000,  0.000,  0.000]
Wengert{1} => [-0.000,  1.000, -19.159,  11.559]
Wengert{2} => [-2.000,  1.000,  34.993, -23.434]
Wengert{3} => [ 1.000, -1.000, -15.834,  11.875]

		PolynomialSplineRegressor.N4Ck0._seg2_jack=Wengert{0} => [ 1.000,  0.000,  0.000,  0.000]
Wengert{1} => [-0.000,  1.000, -19.159,  11.559]
Wengert{2} => [-2.000,  1.000,  34.993, -23.434]
Wengert{3} => [ 1.000, -1.000, -15.834,  11.875]

		PolynomialSplineRegressor.N4Ck0._seg2_monotone=MONOTONIC    
		PolynomialSplineRegressor.N4Ck0._seg2_value_jack=Wengert{0} => [ 0.333,  0.667, -1.564,  0.662]

		PolynomialSplineRegressor.N4Ck0.FinishTime=Fri Nov 02 23:28:21 EDT 2018
		PolynomialSplineRegressor.N4Ck0.ExecTime=623

		PolynomialSplineRegressor.N4Ck1.Success=true
		PolynomialSplineRegressor.N4Ck1._seg1_1_0=25.0
		PolynomialSplineRegressor.N4Ck1._seg1_3_0=20.25
		PolynomialSplineRegressor.N4Ck1._seg1_head_jack=Wengert{0} => [ 1.000,  0.000,  0.000,  0.000]
Wengert{1} => [ 1.000,  0.000,  2.000,  0.000]
Wengert{2} => [-3.826,  2.826, -3.653, -0.688]
Wengert{3} => [ 1.826, -1.826,  1.653,  0.688]

		PolynomialSplineRegressor.N4Ck1._seg1_jack=Wengert{0} => [ 1.000,  0.000,  0.000,  0.000]
Wengert{1} => [ 1.000,  0.000,  2.000,  0.000]
Wengert{2} => [-3.826,  2.826, -3.653, -0.688]
Wengert{3} => [ 1.826, -1.826,  1.653,  0.688]

		PolynomialSplineRegressor.N4Ck1._seg1_monotone=MONOTONIC    
		PolynomialSplineRegressor.N4Ck1._seg2_3_0=20.25
		PolynomialSplineRegressor.N4Ck1._seg2_6_0=14.000000000000004
		PolynomialSplineRegressor.N4Ck1._seg2_head_jack=Wengert{0} => [ 1.000,  0.000,  0.000,  0.000]
Wengert{1} => [ 1.000,  0.000,  3.000,  0.000]
Wengert{2} => [-3.826,  2.826, -5.479, -2.323]
Wengert{3} => [ 1.826, -1.826,  2.479,  2.323]

		PolynomialSplineRegressor.N4Ck1._seg2_jack=Wengert{0} => [ 1.000,  0.000,  0.000,  0.000]
Wengert{1} => [ 1.000,  0.000,  3.000,  0.000]
Wengert{2} => [-3.826,  2.826, -5.479, -2.323]
Wengert{3} => [ 1.826, -1.826,  2.479,  2.323]

		PolynomialSplineRegressor.N4Ck1._seg2_monotone=MONOTONIC    
		PolynomialSplineRegressor.N4Ck1._seg2_value_jack=Wengert{0} => [ 0.415,  0.585,  0.245, -0.282]

		PolynomialSplineRegressor.N4Ck1.FinishTime=Fri Nov 02 23:28:21 EDT 2018
		PolynomialSplineRegressor.N4Ck1.ExecTime=468

		PolynomialSplineRegressor.N4Ck2.Success=true
		PolynomialSplineRegressor.N4Ck2._seg1_1_0=25.0
		PolynomialSplineRegressor.N4Ck2._seg1_3_0=20.25
		PolynomialSplineRegressor.N4Ck2._seg1_head_jack=Wengert{0} => [ 1.000,  0.000,  0.000,  0.000]
Wengert{1} => [ 1.000,  0.000,  2.000,  0.000]
Wengert{2} => [-1.000,  0.000,  2.000,  2.000]
Wengert{3} => [-1.000,  1.000, -4.000, -2.000]

		PolynomialSplineRegressor.N4Ck2._seg1_jack=Wengert{0} => [ 1.000,  0.000,  0.000,  0.000]
Wengert{1} => [ 1.000,  0.000,  2.000,  0.000]
Wengert{2} => [-1.000,  0.000,  2.000,  2.000]
Wengert{3} => [-1.000,  1.000, -4.000, -2.000]

		PolynomialSplineRegressor.N4Ck2._seg1_monotone=MONOTONIC    
		PolynomialSplineRegressor.N4Ck2._seg2_3_0=20.25
		PolynomialSplineRegressor.N4Ck2._seg2_6_0=14.0
		PolynomialSplineRegressor.N4Ck2._seg2_head_jack=Wengert{0} => [ 1.000,  0.000,  0.000,  0.000]
Wengert{1} => [ 1.000,  0.000,  3.000,  0.000]
Wengert{2} => [-1.000,  0.000,  3.000,  4.500]
Wengert{3} => [-1.000,  1.000, -6.000, -4.500]

		PolynomialSplineRegressor.N4Ck2._seg2_jack=Wengert{0} => [ 1.000,  0.000,  0.000,  0.000]
Wengert{1} => [ 1.000,  0.000,  3.000,  0.000]
Wengert{2} => [-1.000,  0.000,  3.000,  4.500]
Wengert{3} => [-1.000,  1.000, -6.000, -4.500]

		PolynomialSplineRegressor.N4Ck2._seg2_monotone=MONOTONIC    
		PolynomialSplineRegressor.N4Ck2._seg2_value_jack=Wengert{0} => [ 0.758,  0.242,  1.273,  0.545]

		PolynomialSplineRegressor.N4Ck2.FinishTime=Fri Nov 02 23:28:21 EDT 2018
		PolynomialSplineRegressor.N4Ck2.ExecTime=282

		PolynomialSplineRegressor.N5Ck0.Success=true
		PolynomialSplineRegressor.N5Ck0._seg1_1_0=25.0
		PolynomialSplineRegressor.N5Ck0._seg1_3_0=20.249999999999996
		PolynomialSplineRegressor.N5Ck0._seg1_head_jack=Wengert{0} => [ 1.000,  0.000,  0.000,  0.000,  0.000]
Wengert{1} => [ 0.000,  1.000, -4.273, -0.388,  2.074]
Wengert{2} => [-2.000,  1.000,  17.657, -26.737,  10.767]
Wengert{3} => [ 1.000, -1.000, -22.076,  50.733, -25.681]
Wengert{4} => [-0.000,  0.000,  8.692, -23.607,  12.841]

		PolynomialSplineRegressor.N5Ck0._seg1_jack=Wengert{0} => [ 1.000,  0.000,  0.000,  0.000,  0.000]
Wengert{1} => [ 0.000,  1.000, -4.273, -0.388,  2.074]
Wengert{2} => [-2.000,  1.000,  17.657, -26.737,  10.767]
Wengert{3} => [ 1.000, -1.000, -22.076,  50.733, -25.681]
Wengert{4} => [-0.000,  0.000,  8.692, -23.607,  12.841]

		PolynomialSplineRegressor.N5Ck0._seg1_monotone=MONOTONIC    
		PolynomialSplineRegressor.N5Ck0._seg2_3_0=20.249999999999996
		PolynomialSplineRegressor.N5Ck0._seg2_6_0=13.999999999999998
		PolynomialSplineRegressor.N5Ck0._seg2_head_jack=Wengert{0} => [ 1.000,  0.000,  0.000,  0.000,  0.000]
Wengert{1} => [-0.000,  1.000, -14.420, -1.311,  7.000]
Wengert{2} => [-2.000,  1.000,  59.591, -90.239,  36.337]
Wengert{3} => [ 1.000, -1.000, -74.508,  171.225, -86.675]
Wengert{4} => [ 0.000, -0.000,  29.337, -79.675,  43.337]

		PolynomialSplineRegressor.N5Ck0._seg2_jack=Wengert{0} => [ 1.000,  0.000,  0.000,  0.000,  0.000]
Wengert{1} => [-0.000,  1.000, -14.420, -1.311,  7.000]
Wengert{2} => [-2.000,  1.000,  59.591, -90.239,  36.337]
Wengert{3} => [ 1.000, -1.000, -74.508,  171.225, -86.675]
Wengert{4} => [ 0.000, -0.000,  29.337, -79.675,  43.337]

		PolynomialSplineRegressor.N5Ck0._seg2_monotone=MONOTONIC    
		PolynomialSplineRegressor.N5Ck0._seg2_value_jack=Wengert{0} => [ 0.333,  0.667,  0.483, -4.897,  3.024]

		PolynomialSplineRegressor.N5Ck0.FinishTime=Fri Nov 02 23:28:21 EDT 2018
		PolynomialSplineRegressor.N5Ck0.ExecTime=885

		PolynomialSplineRegressor.N5Ck1.Success=true
		PolynomialSplineRegressor.N5Ck1._seg1_1_0=25.0
		PolynomialSplineRegressor.N5Ck1._seg1_3_0=20.249999999999986
		PolynomialSplineRegressor.N5Ck1._seg1_head_jack=Wengert{0} => [ 1.000,  0.000,  0.000,  0.000,  0.000]
Wengert{1} => [ 1.000,  0.000,  2.000,  0.000,  0.000]
Wengert{2} => [-6.132,  5.132, -8.265, -28.343,  19.338]
Wengert{3} => [ 6.167, -6.167,  10.334,  52.740, -36.398]
Wengert{4} => [-2.034,  2.034, -4.069, -24.398,  17.060]

		PolynomialSplineRegressor.N5Ck1._seg1_jack=Wengert{0} => [ 1.000,  0.000,  0.000,  0.000,  0.000]
Wengert{1} => [ 1.000,  0.000,  2.000,  0.000,  0.000]
Wengert{2} => [-6.132,  5.132, -8.265, -28.343,  19.338]
Wengert{3} => [ 6.167, -6.167,  10.334,  52.740, -36.398]
Wengert{4} => [-2.034,  2.034, -4.069, -24.398,  17.060]

		PolynomialSplineRegressor.N5Ck1._seg1_monotone=MONOTONIC    
		PolynomialSplineRegressor.N5Ck1._seg2_3_0=20.249999999999986
		PolynomialSplineRegressor.N5Ck1._seg2_6_0=14.000000000000014
		PolynomialSplineRegressor.N5Ck1._seg2_head_jack=Wengert{0} => [ 1.000,  0.000,  0.000,  0.000,  0.000]
Wengert{1} => [ 1.000,  0.000,  3.000,  0.000,  0.000]
Wengert{2} => [-6.132,  5.132, -12.397, -95.657,  65.266]
Wengert{3} => [ 6.167, -6.167,  15.501,  177.999, -122.844]
Wengert{4} => [-2.034,  2.034, -6.103, -82.342,  57.579]

		PolynomialSplineRegressor.N5Ck1._seg2_jack=Wengert{0} => [ 1.000,  0.000,  0.000,  0.000,  0.000]
Wengert{1} => [ 1.000,  0.000,  3.000,  0.000,  0.000]
Wengert{2} => [-6.132,  5.132, -12.397, -95.657,  65.266]
Wengert{3} => [ 6.167, -6.167,  15.501,  177.999, -122.844]
Wengert{4} => [-2.034,  2.034, -6.103, -82.342,  57.579]

		PolynomialSplineRegressor.N5Ck1._seg2_monotone=MONOTONIC    
		PolynomialSplineRegressor.N5Ck1._seg2_value_jack=Wengert{0} => [ 0.300,  0.700, -0.100, -4.941,  3.258]

		PolynomialSplineRegressor.N5Ck1.FinishTime=Fri Nov 02 23:28:21 EDT 2018
		PolynomialSplineRegressor.N5Ck1.ExecTime=551

		PolynomialSplineRegressor.N5Ck2.Success=true
		PolynomialSplineRegressor.N5Ck2._seg1_1_0=25.0
		PolynomialSplineRegressor.N5Ck2._seg1_3_0=20.25
		PolynomialSplineRegressor.N5Ck2._seg1_head_jack=Wengert{0} => [ 1.000,  0.000,  0.000,  0.000,  0.000]
Wengert{1} => [ 1.000,  0.000,  2.000,  0.000,  0.000]
Wengert{2} => [-1.000,  0.000,  2.000,  2.000,  0.000]
Wengert{3} => [-3.384,  3.384, -8.767, -3.722, -0.414]
Wengert{4} => [ 2.384, -2.384,  4.767,  1.722,  0.414]

		PolynomialSplineRegressor.N5Ck2._seg1_jack=Wengert{0} => [ 1.000,  0.000,  0.000,  0.000,  0.000]
Wengert{1} => [ 1.000,  0.000,  2.000,  0.000,  0.000]
Wengert{2} => [-1.000,  0.000,  2.000,  2.000,  0.000]
Wengert{3} => [-3.384,  3.384, -8.767, -3.722, -0.414]
Wengert{4} => [ 2.384, -2.384,  4.767,  1.722,  0.414]

		PolynomialSplineRegressor.N5Ck2._seg1_monotone=MONOTONIC    
		PolynomialSplineRegressor.N5Ck2._seg2_3_0=20.25
		PolynomialSplineRegressor.N5Ck2._seg2_6_0=14.0
		PolynomialSplineRegressor.N5Ck2._seg2_head_jack=Wengert{0} => [ 1.000,  0.000,  0.000,  0.000,  0.000]
Wengert{1} => [ 1.000,  0.000,  3.000,  0.000,  0.000]
Wengert{2} => [-1.000,  0.000,  3.000,  4.500,  0.000]
Wengert{3} => [-3.384,  3.384, -13.151, -8.374, -1.398]
Wengert{4} => [ 2.384, -2.384,  7.151,  3.874,  1.398]

		PolynomialSplineRegressor.N5Ck2._seg2_jack=Wengert{0} => [ 1.000,  0.000,  0.000,  0.000,  0.000]
Wengert{1} => [ 1.000,  0.000,  3.000,  0.000,  0.000]
Wengert{2} => [-1.000,  0.000,  3.000,  4.500,  0.000]
Wengert{3} => [-3.384,  3.384, -13.151, -8.374, -1.398]
Wengert{4} => [ 2.384, -2.384,  7.151,  3.874,  1.398]

		PolynomialSplineRegressor.N5Ck2._seg2_monotone=MONOTONIC    
		PolynomialSplineRegressor.N5Ck2._seg2_value_jack=Wengert{0} => [ 0.565,  0.435,  0.695,  0.232, -0.113]

		PolynomialSplineRegressor.N5Ck2.FinishTime=Fri Nov 02 23:28:21 EDT 2018
		PolynomialSplineRegressor.N5Ck2.ExecTime=391

		PolynomialSplineRegressor.N5Ck3.Success=true
		PolynomialSplineRegressor.N5Ck3._seg1_1_0=25.0
		PolynomialSplineRegressor.N5Ck3._seg1_3_0=20.25
		PolynomialSplineRegressor.N5Ck3._seg1_head_jack=Wengert{0} => [ 1.000,  0.000,  0.000,  0.000,  0.000]
Wengert{1} => [ 1.000,  0.000,  2.000,  0.000,  0.000]
Wengert{2} => [-1.000,  0.000,  2.000,  2.000,  0.000]
Wengert{3} => [ 0.002,  0.000, -2.000,  2.000,  1.333]
Wengert{4} => [-1.002,  1.000, -2.000, -4.000, -1.333]

		PolynomialSplineRegressor.N5Ck3._seg1_jack=Wengert{0} => [ 1.000,  0.000,  0.000,  0.000,  0.000]
Wengert{1} => [ 1.000,  0.000,  2.000,  0.000,  0.000]
Wengert{2} => [-1.000,  0.000,  2.000,  2.000,  0.000]
Wengert{3} => [ 0.002,  0.000, -2.000,  2.000,  1.333]
Wengert{4} => [-1.002,  1.000, -2.000, -4.000, -1.333]

		PolynomialSplineRegressor.N5Ck3._seg1_monotone=MONOTONIC    
		PolynomialSplineRegressor.N5Ck3._seg2_3_0=20.25
		PolynomialSplineRegressor.N5Ck3._seg2_6_0=14.0
		PolynomialSplineRegressor.N5Ck3._seg2_head_jack=Wengert{0} => [ 1.000,  0.000,  0.000,  0.000,  0.000]
Wengert{1} => [ 1.000,  0.000,  3.000,  0.000,  0.000]
Wengert{2} => [-1.000,  0.000,  3.000,  4.500,  0.000]
Wengert{3} => [ 0.002,  0.000, -3.000,  4.500,  4.500]
Wengert{4} => [-1.002,  1.000, -3.000, -9.000, -4.500]

		PolynomialSplineRegressor.N5Ck3._seg2_jack=Wengert{0} => [ 1.000,  0.000,  0.000,  0.000,  0.000]
Wengert{1} => [ 1.000,  0.000,  3.000,  0.000,  0.000]
Wengert{2} => [-1.000,  0.000,  3.000,  4.500,  0.000]
Wengert{3} => [ 0.002,  0.000, -3.000,  4.500,  4.500]
Wengert{4} => [-1.002,  1.000, -3.000, -9.000, -4.500]

		PolynomialSplineRegressor.N5Ck3._seg2_monotone=MONOTONIC    
		PolynomialSplineRegressor.N5Ck3._seg2_value_jack=Wengert{0} => [ 0.839,  0.162,  1.515,  1.273,  0.364]

		PolynomialSplineRegressor.N5Ck3.FinishTime=Fri Nov 02 23:28:21 EDT 2018
		PolynomialSplineRegressor.N5Ck3.ExecTime=283

		PolynomialSplineRegressor.N6Ck0.Success=true
		PolynomialSplineRegressor.N6Ck0._seg1_1_0=25.0
		PolynomialSplineRegressor.N6Ck0._seg1_3_0=20.249999999999996
		PolynomialSplineRegressor.N6Ck0._seg1_head_jack=Wengert{0} => [ 1.000,  0.000,  0.000,  0.000,  0.000,  0.000]
Wengert{1} => [-0.000,  1.000, -3.726, -3.696,  6.532, -1.783]
Wengert{2} => [-2.000,  1.000,  21.678, -51.052,  43.535, -13.107]
Wengert{3} => [ 1.000, -1.000, -43.631,  181.070, -201.329,  70.259]
Wengert{4} => [-0.000,  0.000,  37.003, -194.798,  243.545, -92.282]
Wengert{5} => [ 0.000, -0.000, -11.324,  68.476, -92.282,  36.913]

		PolynomialSplineRegressor.N6Ck0._seg1_jack=Wengert{0} => [ 1.000,  0.000,  0.000,  0.000,  0.000,  0.000]
Wengert{1} => [-0.000,  1.000, -3.726, -3.696,  6.532, -1.783]
Wengert{2} => [-2.000,  1.000,  21.678, -51.052,  43.535, -13.107]
Wengert{3} => [ 1.000, -1.000, -43.631,  181.070, -201.329,  70.259]
Wengert{4} => [-0.000,  0.000,  37.003, -194.798,  243.545, -92.282]
Wengert{5} => [ 0.000, -0.000, -11.324,  68.476, -92.282,  36.913]

		PolynomialSplineRegressor.N6Ck0._seg1_monotone=MONOTONIC    
		PolynomialSplineRegressor.N6Ck0._seg2_3_0=20.249999999999996
		PolynomialSplineRegressor.N6Ck0._seg2_6_0=14.0
		PolynomialSplineRegressor.N6Ck0._seg2_head_jack=Wengert{0} => [ 1.000,  0.000,  0.000,  0.000,  0.000,  0.000]
Wengert{1} => [-0.000,  1.000, -12.574, -12.475,  22.045, -6.018]
Wengert{2} => [-2.000,  1.000,  73.162, -172.302,  146.929, -44.237]
Wengert{3} => [ 1.000, -1.000, -147.254,  611.112, -679.487,  237.125]
Wengert{4} => [-0.000,  0.000,  124.884, -657.442,  821.963, -311.450]
Wengert{5} => [ 0.000, -0.000, -38.219,  231.107, -311.450,  124.580]

		PolynomialSplineRegressor.N6Ck0._seg2_jack=Wengert{0} => [ 1.000,  0.000,  0.000,  0.000,  0.000,  0.000]
Wengert{1} => [-0.000,  1.000, -12.574, -12.475,  22.045, -6.018]
Wengert{2} => [-2.000,  1.000,  73.162, -172.302,  146.929, -44.237]
Wengert{3} => [ 1.000, -1.000, -147.254,  611.112, -679.487,  237.125]
Wengert{4} => [-0.000,  0.000,  124.884, -657.442,  821.963, -311.450]
Wengert{5} => [ 0.000, -0.000, -38.219,  231.107, -311.450,  124.580]

		PolynomialSplineRegressor.N6Ck0._seg2_monotone=MONOTONIC    
		PolynomialSplineRegressor.N6Ck0._seg2_value_jack=Wengert{0} => [ 0.333,  0.667,  0.113, -2.664,  0.015,  1.204]

		PolynomialSplineRegressor.N6Ck0.FinishTime=Fri Nov 02 23:28:21 EDT 2018
		PolynomialSplineRegressor.N6Ck0.ExecTime=709

		PolynomialSplineRegressor.N6Ck1.Success=true
		PolynomialSplineRegressor.N6Ck1._seg1_1_0=25.0
		PolynomialSplineRegressor.N6Ck1._seg1_3_0=20.249999999999886
		PolynomialSplineRegressor.N6Ck1._seg1_head_jack=Wengert{0} => [ 1.000,  0.000,  0.000,  0.000,  0.000,  0.000]
Wengert{1} => [ 1.000,  0.000,  2.000,  0.000,  0.000,  0.000]
Wengert{2} => [-7.819,  6.819, -11.637, -72.559,  81.540, -23.482]
Wengert{3} => [ 12.711, -12.711,  23.422,  224.355, -277.822,  91.140]
Wengert{4} => [-9.932,  9.932, -19.864, -231.508,  308.418, -109.991]
Wengert{5} => [ 3.040, -3.040,  6.079,  79.711, -112.135,  42.332]

		PolynomialSplineRegressor.N6Ck1._seg1_jack=Wengert{0} => [ 1.000,  0.000,  0.000,  0.000,  0.000,  0.000]
Wengert{1} => [ 1.000,  0.000,  2.000,  0.000,  0.000,  0.000]
Wengert{2} => [-7.819,  6.819, -11.637, -72.559,  81.540, -23.482]
Wengert{3} => [ 12.711, -12.711,  23.422,  224.355, -277.822,  91.140]
Wengert{4} => [-9.932,  9.932, -19.864, -231.508,  308.418, -109.991]
Wengert{5} => [ 3.040, -3.040,  6.079,  79.711, -112.135,  42.332]

		PolynomialSplineRegressor.N6Ck1._seg1_monotone=MONOTONIC    
		PolynomialSplineRegressor.N6Ck1._seg2_3_0=20.249999999999886
		PolynomialSplineRegressor.N6Ck1._seg2_6_0=14.000000000000867
		PolynomialSplineRegressor.N6Ck1._seg2_head_jack=Wengert{0} => [ 1.000,  0.000,  0.000,  0.000,  0.000,  0.000]
Wengert{1} => [ 1.000,  0.000,  3.000,  0.000,  0.000,  0.000]
Wengert{2} => [-7.819,  6.819, -17.456, -244.885,  275.196, -79.251]
Wengert{3} => [ 12.711, -12.711,  35.133,  757.200, -937.650,  307.598]
Wengert{4} => [-9.932,  9.932, -29.796, -781.338,  1040.910, -371.218]
Wengert{5} => [ 3.040, -3.040,  9.119,  269.024, -378.456,  142.871]

		PolynomialSplineRegressor.N6Ck1._seg2_jack=Wengert{0} => [ 1.000,  0.000,  0.000,  0.000,  0.000,  0.000]
Wengert{1} => [ 1.000,  0.000,  3.000,  0.000,  0.000,  0.000]
Wengert{2} => [-7.819,  6.819, -17.456, -244.885,  275.196, -79.251]
Wengert{3} => [ 12.711, -12.711,  35.133,  757.200, -937.650,  307.598]
Wengert{4} => [-9.932,  9.932, -29.796, -781.338,  1040.910, -371.218]
Wengert{5} => [ 3.040, -3.040,  9.119,  269.024, -378.456,  142.871]

		PolynomialSplineRegressor.N6Ck1._seg2_monotone=MONOTONIC    
		PolynomialSplineRegressor.N6Ck1._seg2_value_jack=Wengert{0} => [ 0.324,  0.676, -0.027, -2.777,  0.214,  1.149]

		PolynomialSplineRegressor.N6Ck1.FinishTime=Fri Nov 02 23:28:21 EDT 2018
		PolynomialSplineRegressor.N6Ck1.ExecTime=717

		PolynomialSplineRegressor.N6Ck2.Success=true
		PolynomialSplineRegressor.N6Ck2._seg1_1_0=25.0
		PolynomialSplineRegressor.N6Ck2._seg1_3_0=20.25000000000064
		PolynomialSplineRegressor.N6Ck2._seg1_head_jack=Wengert{0} => [ 1.000,  0.000,  0.000,  0.000,  0.000,  0.000]
Wengert{1} => [ 1.000,  0.000,  2.000,  0.000,  0.000,  0.000]
Wengert{2} => [-1.000,  0.000,  2.000,  2.000,  0.000,  0.000]
Wengert{3} => [-8.372,  8.372, -18.745, -6.184, -25.697,  18.533]
Wengert{4} => [ 11.823, -11.823,  23.647,  6.381,  48.255, -35.069]
Wengert{5} => [-4.451,  4.451, -8.902, -2.197, -22.558,  16.536]

		PolynomialSplineRegressor.N6Ck2._seg1_jack=Wengert{0} => [ 1.000,  0.000,  0.000,  0.000,  0.000,  0.000]
Wengert{1} => [ 1.000,  0.000,  2.000,  0.000,  0.000,  0.000]
Wengert{2} => [-1.000,  0.000,  2.000,  2.000,  0.000,  0.000]
Wengert{3} => [-8.372,  8.372, -18.745, -6.184, -25.697,  18.533]
Wengert{4} => [ 11.823, -11.823,  23.647,  6.381,  48.255, -35.069]
Wengert{5} => [-4.451,  4.451, -8.902, -2.197, -22.558,  16.536]

		PolynomialSplineRegressor.N6Ck2._seg1_monotone=MONOTONIC    
		PolynomialSplineRegressor.N6Ck2._seg2_3_0=20.25000000000064
		PolynomialSplineRegressor.N6Ck2._seg2_6_0=14.0
		PolynomialSplineRegressor.N6Ck2._seg2_head_jack=Wengert{0} => [ 1.000,  0.000,  0.000,  0.000,  0.000,  0.000]
Wengert{1} => [ 1.000,  0.000,  3.000,  0.000,  0.000,  0.000]
Wengert{2} => [-1.000,  0.000,  3.000,  4.500,  0.000,  0.000]
Wengert{3} => [-8.372,  8.372, -28.117, -13.914, -86.727,  62.549]
Wengert{4} => [ 11.823, -11.823,  35.470,  14.358,  162.860, -118.357]
Wengert{5} => [-4.451,  4.451, -13.353, -4.944, -76.133,  55.808]

		PolynomialSplineRegressor.N6Ck2._seg2_jack=Wengert{0} => [ 1.000,  0.000,  0.000,  0.000,  0.000,  0.000]
Wengert{1} => [ 1.000,  0.000,  3.000,  0.000,  0.000,  0.000]
Wengert{2} => [-1.000,  0.000,  3.000,  4.500,  0.000,  0.000]
Wengert{3} => [-8.372,  8.372, -28.117, -13.914, -86.727,  62.549]
Wengert{4} => [ 11.823, -11.823,  35.470,  14.358,  162.860, -118.357]
Wengert{5} => [-4.451,  4.451, -13.353, -4.944, -76.133,  55.808]

		PolynomialSplineRegressor.N6Ck2._seg2_monotone=MONOTONIC    
		PolynomialSplineRegressor.N6Ck2._seg2_value_jack=Wengert{0} => [ 0.402,  0.598,  0.205,  0.051, -2.907,  2.048]

		PolynomialSplineRegressor.N6Ck2.FinishTime=Fri Nov 02 23:28:21 EDT 2018
		PolynomialSplineRegressor.N6Ck2.ExecTime=590

		PolynomialSplineRegressor.N6Ck3.Success=true
		PolynomialSplineRegressor.N6Ck3._seg1_1_0=25.0
		PolynomialSplineRegressor.N6Ck3._seg1_3_0=20.250000000000018
		PolynomialSplineRegressor.N6Ck3._seg1_head_jack=Wengert{0} => [ 1.000,  0.000,  0.000,  0.000,  0.000,  0.000]
Wengert{1} => [ 1.000,  0.000,  2.000,  0.000,  0.000,  0.000]
Wengert{2} => [-1.000,  0.000,  2.000,  2.000,  0.000,  0.000]
Wengert{3} => [ 0.002,  0.000, -2.000,  2.000,  1.333,  0.000]
Wengert{4} => [-3.903,  3.899, -7.797, -8.987, -2.504, -0.267]
Wengert{5} => [ 2.901, -2.899,  5.797,  4.987,  1.170,  0.267]

		PolynomialSplineRegressor.N6Ck3._seg1_jack=Wengert{0} => [ 1.000,  0.000,  0.000,  0.000,  0.000,  0.000]
Wengert{1} => [ 1.000,  0.000,  2.000,  0.000,  0.000,  0.000]
Wengert{2} => [-1.000,  0.000,  2.000,  2.000,  0.000,  0.000]
Wengert{3} => [ 0.002,  0.000, -2.000,  2.000,  1.333,  0.000]
Wengert{4} => [-3.903,  3.899, -7.797, -8.987, -2.504, -0.267]
Wengert{5} => [ 2.901, -2.899,  5.797,  4.987,  1.170,  0.267]

		PolynomialSplineRegressor.N6Ck3._seg1_monotone=MONOTONIC    
		PolynomialSplineRegressor.N6Ck3._seg2_3_0=20.250000000000018
		PolynomialSplineRegressor.N6Ck3._seg2_6_0=14.00000000000001
		PolynomialSplineRegressor.N6Ck3._seg2_head_jack=Wengert{0} => [ 1.000,  0.000,  0.000,  0.000,  0.000,  0.000]
Wengert{1} => [ 1.000,  0.000,  3.000,  0.000,  0.000,  0.000]
Wengert{2} => [-1.000,  0.000,  3.000,  4.500,  0.000,  0.000]
Wengert{3} => [ 0.002,  0.000, -3.000,  4.500,  4.500,  0.000]
Wengert{4} => [-3.903,  3.899, -11.696, -20.221, -8.450, -0.900]
Wengert{5} => [ 2.901, -2.899,  8.696,  11.221,  3.950,  0.900]

		PolynomialSplineRegressor.N6Ck3._seg2_jack=Wengert{0} => [ 1.000,  0.000,  0.000,  0.000,  0.000,  0.000]
Wengert{1} => [ 1.000,  0.000,  3.000,  0.000,  0.000,  0.000]
Wengert{2} => [-1.000,  0.000,  3.000,  4.500,  0.000,  0.000]
Wengert{3} => [ 0.002,  0.000, -3.000,  4.500,  4.500,  0.000]
Wengert{4} => [-3.903,  3.899, -11.696, -20.221, -8.450, -0.900]
Wengert{5} => [ 2.901, -2.899,  8.696,  11.221,  3.950,  0.900]

		PolynomialSplineRegressor.N6Ck3._seg2_monotone=MONOTONIC    
		PolynomialSplineRegressor.N6Ck3._seg2_value_jack=Wengert{0} => [ 0.682,  0.318,  1.047,  0.668,  0.151, -0.048]

		PolynomialSplineRegressor.N6Ck3.FinishTime=Fri Nov 02 23:28:21 EDT 2018
		PolynomialSplineRegressor.N6Ck3.ExecTime=691

		PolynomialSplineRegressor.N6Ck4.Success=true
		PolynomialSplineRegressor.N6Ck4._seg1_1_0=25.0
		PolynomialSplineRegressor.N6Ck4._seg1_3_0=20.250000000000455
		PolynomialSplineRegressor.N6Ck4._seg1_head_jack=Wengert{0} => [ 1.000,  0.000,  0.000,  0.000,  0.000,  0.000]
Wengert{1} => [ 1.000,  0.000,  2.000,  0.000,  0.000,  0.000]
Wengert{2} => [-1.000,  0.000,  2.000,  2.000,  0.000,  0.000]
Wengert{3} => [ 0.002,  0.000, -2.000,  2.000,  1.333,  0.000]
Wengert{4} => [-110.644,  0.000,  0.004, -2.000,  1.333,  0.667]
Wengert{5} => [ 109.642,  1.000, -2.004, -2.000, -2.667, -0.667]

		PolynomialSplineRegressor.N6Ck4._seg1_jack=Wengert{0} => [ 1.000,  0.000,  0.000,  0.000,  0.000,  0.000]
Wengert{1} => [ 1.000,  0.000,  2.000,  0.000,  0.000,  0.000]
Wengert{2} => [-1.000,  0.000,  2.000,  2.000,  0.000,  0.000]
Wengert{3} => [ 0.002,  0.000, -2.000,  2.000,  1.333,  0.000]
Wengert{4} => [-110.644,  0.000,  0.004, -2.000,  1.333,  0.667]
Wengert{5} => [ 109.642,  1.000, -2.004, -2.000, -2.667, -0.667]

		PolynomialSplineRegressor.N6Ck4._seg1_monotone=MONOTONIC    
		PolynomialSplineRegressor.N6Ck4._seg2_3_0=20.250000000000455
		PolynomialSplineRegressor.N6Ck4._seg2_6_0=14.000000000000455
		PolynomialSplineRegressor.N6Ck4._seg2_head_jack=Wengert{0} => [ 1.000,  0.000,  0.000,  0.000,  0.000,  0.000]
Wengert{1} => [ 1.000,  0.000,  3.000,  0.000,  0.000,  0.000]
Wengert{2} => [-1.000,  0.000,  3.000,  4.500,  0.000,  0.000]
Wengert{3} => [ 0.002,  0.000, -3.000,  4.500,  4.500,  0.000]
Wengert{4} => [-110.644,  0.000,  0.007, -4.500,  4.500,  3.375]
Wengert{5} => [ 109.642,  1.000, -3.007, -4.500, -9.000, -3.375]

		PolynomialSplineRegressor.N6Ck4._seg2_jack=Wengert{0} => [ 1.000,  0.000,  0.000,  0.000,  0.000,  0.000]
Wengert{1} => [ 1.000,  0.000,  3.000,  0.000,  0.000,  0.000]
Wengert{2} => [-1.000,  0.000,  3.000,  4.500,  0.000,  0.000]
Wengert{3} => [ 0.002,  0.000, -3.000,  4.500,  4.500,  0.000]
Wengert{4} => [-110.644,  0.000,  0.007, -4.500,  4.500,  3.375]
Wengert{5} => [ 109.642,  1.000, -3.007, -4.500, -9.000, -3.375]

		PolynomialSplineRegressor.N6Ck4._seg2_monotone=MONOTONIC    
		PolynomialSplineRegressor.N6Ck4._seg2_value_jack=Wengert{0} => [-5.068,  0.108,  1.677,  1.515,  0.848,  0.182]

		PolynomialSplineRegressor.N6Ck4.FinishTime=Fri Nov 02 23:28:21 EDT 2018
		PolynomialSplineRegressor.N6Ck4.ExecTime=590

		PolynomialSplineRegressor.N7Ck0.Success=true
		PolynomialSplineRegressor.N7Ck0._seg1_1_0=25.0
		PolynomialSplineRegressor.N7Ck0._seg1_3_0=20.249999999999563
		PolynomialSplineRegressor.N7Ck0._seg1_head_jack=Wengert{0} => [ 1.000,  0.000,  0.000,  0.000,  0.000,  0.000,  0.000]
Wengert{1} => [-0.000,  1.000, -3.617, -9.425,  22.905, -17.971,  5.396]
Wengert{2} => [-2.000,  1.000,  22.098, -73.131,  106.641, -75.500,  20.798]
Wengert{3} => [ 1.000, -1.000, -60.090,  1046.450, -2674.806,  2515.743, -815.161]
Wengert{4} => [-0.000,  0.000,  83.736, -2651.901,  7266.572, -7035.829,  2314.516]
Wengert{5} => [ 0.000, -0.000, -57.529,  2497.772, -7035.829,  6901.879, -2288.322]
Wengert{6} => [-0.000,  0.000,  15.401, -809.765,  2314.516, -2288.322,  762.774]

		PolynomialSplineRegressor.N7Ck0._seg1_jack=Wengert{0} => [ 1.000,  0.000,  0.000,  0.000,  0.000,  0.000,  0.000]
Wengert{1} => [-0.000,  1.000, -3.617, -9.425,  22.905, -17.971,  5.396]
Wengert{2} => [-2.000,  1.000,  22.098, -73.131,  106.641, -75.500,  20.798]
Wengert{3} => [ 1.000, -1.000, -60.090,  1046.450, -2674.806,  2515.743, -815.161]
Wengert{4} => [-0.000,  0.000,  83.736, -2651.901,  7266.572, -7035.829,  2314.516]
Wengert{5} => [ 0.000, -0.000, -57.529,  2497.772, -7035.829,  6901.879, -2288.322]
Wengert{6} => [-0.000,  0.000,  15.401, -809.765,  2314.516, -2288.322,  762.774]

		PolynomialSplineRegressor.N7Ck0._seg1_monotone=MONOTONIC    
		PolynomialSplineRegressor.N7Ck0._seg2_3_0=20.249999999999563
		PolynomialSplineRegressor.N7Ck0._seg2_6_0=13.999999999999392
		PolynomialSplineRegressor.N7Ck0._seg2_head_jack=Wengert{0} => [ 1.000,  0.000,  0.000,  0.000,  0.000,  0.000,  0.000]
Wengert{1} => [-0.000,  1.000, -12.206, -31.808,  77.305, -60.653,  18.212]
Wengert{2} => [-2.000,  1.000,  74.579, -246.818,  359.915, -254.812,  70.192]
Wengert{3} => [ 1.000, -1.000, -202.804,  3531.769, -9027.470,  8490.633, -2751.169]
Wengert{4} => [-0.000,  0.000,  282.609, -8950.165,  24524.682, -23745.922,  7811.491]
Wengert{5} => [ 0.000, -0.000, -194.159,  8429.980, -23745.922,  23293.841, -7723.087]
Wengert{6} => [-0.000,  0.000,  51.980, -2732.958,  7811.491, -7723.087,  2574.362]

		PolynomialSplineRegressor.N7Ck0._seg2_jack=Wengert{0} => [ 1.000,  0.000,  0.000,  0.000,  0.000,  0.000,  0.000]
Wengert{1} => [-0.000,  1.000, -12.206, -31.808,  77.305, -60.653,  18.212]
Wengert{2} => [-2.000,  1.000,  74.579, -246.818,  359.915, -254.812,  70.192]
Wengert{3} => [ 1.000, -1.000, -202.804,  3531.769, -9027.470,  8490.633, -2751.169]
Wengert{4} => [-0.000,  0.000,  282.609, -8950.165,  24524.682, -23745.922,  7811.491]
Wengert{5} => [ 0.000, -0.000, -194.159,  8429.980, -23745.922,  23293.841, -7723.087]
Wengert{6} => [-0.000,  0.000,  51.980, -2732.958,  7811.491, -7723.087,  2574.362]

		PolynomialSplineRegressor.N7Ck0._seg2_monotone=MONOTONIC    
		PolynomialSplineRegressor.N7Ck0._seg2_value_jack=Wengert{0} => [ 0.333,  0.667, -0.214,  14.567, -49.237,  49.897, -16.231]

		PolynomialSplineRegressor.N7Ck0.FinishTime=Fri Nov 02 23:28:21 EDT 2018
		PolynomialSplineRegressor.N7Ck0.ExecTime=1131

		PolynomialSplineRegressor.N7Ck1.Success=true
		PolynomialSplineRegressor.N7Ck1._seg1_1_0=25.0
		PolynomialSplineRegressor.N7Ck1._seg1_3_0=20.249999999985732
		PolynomialSplineRegressor.N7Ck1._seg1_head_jack=Wengert{0} => [ 1.000,  0.000,  0.000,  0.000,  0.000,  0.000,  0.000]
Wengert{1} => [ 1.000,  0.000,  2.000,  0.000,  0.000,  0.000,  0.000]
Wengert{2} => [-8.110,  7.110, -12.220, -130.715,  246.591, -185.303,  53.767]
Wengert{3} => [ 17.615, -17.615,  33.229,  1203.038, -3055.370,  2814.330, -904.815]
Wengert{4} => [-23.153,  23.153, -46.305, -2870.107,  7796.893, -7451.914,  2439.450]
Wengert{5} => [ 15.906, -15.906,  31.813,  2647.685, -7400.171,  7187.738, -2374.155]
Wengert{6} => [-4.258,  4.258, -8.517, -849.900,  2412.057, -2364.852,  785.753]

		PolynomialSplineRegressor.N7Ck1._seg1_jack=Wengert{0} => [ 1.000,  0.000,  0.000,  0.000,  0.000,  0.000,  0.000]
Wengert{1} => [ 1.000,  0.000,  2.000,  0.000,  0.000,  0.000,  0.000]
Wengert{2} => [-8.110,  7.110, -12.220, -130.715,  246.591, -185.303,  53.767]
Wengert{3} => [ 17.615, -17.615,  33.229,  1203.038, -3055.370,  2814.330, -904.815]
Wengert{4} => [-23.153,  23.153, -46.305, -2870.107,  7796.893, -7451.914,  2439.450]
Wengert{5} => [ 15.906, -15.906,  31.813,  2647.685, -7400.171,  7187.738, -2374.155]
Wengert{6} => [-4.258,  4.258, -8.517, -849.900,  2412.057, -2364.852,  785.753]

		PolynomialSplineRegressor.N7Ck1._seg1_monotone=MONOTONIC    
		PolynomialSplineRegressor.N7Ck1._seg2_3_0=20.249999999985732
		PolynomialSplineRegressor.N7Ck1._seg2_6_0=14.000000000006366
		PolynomialSplineRegressor.N7Ck1._seg2_head_jack=Wengert{0} => [ 1.000,  0.000,  0.000,  0.000,  0.000,  0.000,  0.000]
Wengert{1} => [ 1.000,  0.000,  3.000,  0.000,  0.000,  0.000,  0.000]
Wengert{2} => [-8.110,  7.110, -18.330, -441.164,  832.244, -625.397,  181.464]
Wengert{3} => [ 17.615, -17.615,  49.844,  4060.252, -10311.873,  9498.364, -3053.752]
Wengert{4} => [-23.153,  23.153, -69.458, -9686.613,  26314.513, -25150.208,  8233.143]
Wengert{5} => [ 15.906, -15.906,  47.719,  8935.936, -24975.577,  24258.617, -8012.772]
Wengert{6} => [-4.258,  4.258, -12.775, -2868.412,  8140.692, -7981.376,  2651.916]

		PolynomialSplineRegressor.N7Ck1._seg2_jack=Wengert{0} => [ 1.000,  0.000,  0.000,  0.000,  0.000,  0.000,  0.000]
Wengert{1} => [ 1.000,  0.000,  3.000,  0.000,  0.000,  0.000,  0.000]
Wengert{2} => [-8.110,  7.110, -18.330, -441.164,  832.244, -625.397,  181.464]
Wengert{3} => [ 17.615, -17.615,  49.844,  4060.252, -10311.873,  9498.364, -3053.752]
Wengert{4} => [-23.153,  23.153, -69.458, -9686.613,  26314.513, -25150.208,  8233.143]
Wengert{5} => [ 15.906, -15.906,  47.719,  8935.936, -24975.577,  24258.617, -8012.772]
Wengert{6} => [-4.258,  4.258, -12.775, -2868.412,  8140.692, -7981.376,  2651.916]

		PolynomialSplineRegressor.N7Ck1._seg2_monotone=MONOTONIC    
		PolynomialSplineRegressor.N7Ck1._seg2_value_jack=Wengert{0} => [ 0.351,  0.649,  0.053,  15.125, -50.593,  50.962, -16.551]

		PolynomialSplineRegressor.N7Ck1.FinishTime=Fri Nov 02 23:28:21 EDT 2018
		PolynomialSplineRegressor.N7Ck1.ExecTime=922

		PolynomialSplineRegressor.N7Ck2.Success=true
		PolynomialSplineRegressor.N7Ck2._seg1_1_0=25.0
		PolynomialSplineRegressor.N7Ck2._seg1_3_0=20.25000000021339
		PolynomialSplineRegressor.N7Ck2._seg1_head_jack=Wengert{0} => [ 1.000,  0.000,  0.000,  0.000,  0.000,  0.000,  0.000]
Wengert{1} => [ 1.000,  0.000,  2.000,  0.000,  0.000,  0.000,  0.000]
Wengert{2} => [-1.000,  0.000,  2.000,  2.000,  0.000,  0.000,  0.000]
Wengert{3} => [-47.821,  47.821, -97.643, -18.407, -785.870,  1108.894, -409.969]
Wengert{4} => [ 132.959, -132.959,  265.919,  43.914,  2382.508, -3383.225,  1258.886]
Wengert{5} => [-128.107,  128.107, -256.215, -40.511, -2405.381,  3434.358, -1285.081]
Wengert{6} => [ 41.970, -41.970,  83.939,  13.004,  808.743, -1160.027,  436.163]

		PolynomialSplineRegressor.N7Ck2._seg1_jack=Wengert{0} => [ 1.000,  0.000,  0.000,  0.000,  0.000,  0.000,  0.000]
Wengert{1} => [ 1.000,  0.000,  2.000,  0.000,  0.000,  0.000,  0.000]
Wengert{2} => [-1.000,  0.000,  2.000,  2.000,  0.000,  0.000,  0.000]
Wengert{3} => [-47.821,  47.821, -97.643, -18.407, -785.870,  1108.894, -409.969]
Wengert{4} => [ 132.959, -132.959,  265.919,  43.914,  2382.508, -3383.225,  1258.886]
Wengert{5} => [-128.107,  128.107, -256.215, -40.511, -2405.381,  3434.358, -1285.081]
Wengert{6} => [ 41.970, -41.970,  83.939,  13.004,  808.743, -1160.027,  436.163]

		PolynomialSplineRegressor.N7Ck2._seg1_monotone=MONOTONIC    
		PolynomialSplineRegressor.N7Ck2._seg2_3_0=20.25000000021339
		PolynomialSplineRegressor.N7Ck2._seg2_6_0=14.000000000130285
		PolynomialSplineRegressor.N7Ck2._seg2_head_jack=Wengert{0} => [ 1.000,  0.000,  0.000,  0.000,  0.000,  0.000,  0.000]
Wengert{1} => [ 1.000,  0.000,  3.000,  0.000,  0.000,  0.000,  0.000]
Wengert{2} => [-1.000,  0.000,  3.000,  4.500,  0.000,  0.000,  0.000]
Wengert{3} => [-47.821,  47.821, -146.464, -41.416, -2652.311,  3742.517, -1383.646]
Wengert{4} => [ 132.959, -132.959,  398.878,  98.806,  8040.965, -11418.384,  4248.742]
Wengert{5} => [-128.107,  128.107, -384.322, -91.149, -8118.160,  11590.959, -4337.147]
Wengert{6} => [ 41.970, -41.970,  125.909,  29.259,  2729.507, -3915.091,  1472.051]

		PolynomialSplineRegressor.N7Ck2._seg2_jack=Wengert{0} => [ 1.000,  0.000,  0.000,  0.000,  0.000,  0.000,  0.000]
Wengert{1} => [ 1.000,  0.000,  3.000,  0.000,  0.000,  0.000,  0.000]
Wengert{2} => [-1.000,  0.000,  3.000,  4.500,  0.000,  0.000,  0.000]
Wengert{3} => [-47.821,  47.821, -146.464, -41.416, -2652.311,  3742.517, -1383.646]
Wengert{4} => [ 132.959, -132.959,  398.878,  98.806,  8040.965, -11418.384,  4248.742]
Wengert{5} => [-128.107,  128.107, -384.322, -91.149, -8118.160,  11590.959, -4337.147]
Wengert{6} => [ 41.970, -41.970,  125.909,  29.259,  2729.507, -3915.091,  1472.051]

		PolynomialSplineRegressor.N7Ck2._seg2_monotone=MONOTONIC    
		PolynomialSplineRegressor.N7Ck2._seg2_value_jack=Wengert{0} => [ 0.107,  0.893, -0.679, -0.154, -22.060,  29.520, -10.329]

		PolynomialSplineRegressor.N7Ck2.FinishTime=Fri Nov 02 23:28:21 EDT 2018
		PolynomialSplineRegressor.N7Ck2.ExecTime=831

		PolynomialSplineRegressor.N7Ck3.Success=true
		PolynomialSplineRegressor.N7Ck3._seg1_1_0=25.0
		PolynomialSplineRegressor.N7Ck3._seg1_3_0=20.250000000000014
		PolynomialSplineRegressor.N7Ck3._seg1_head_jack=Wengert{0} => [ 1.000,  0.000,  0.000,  0.000,  0.000,  0.000,  0.000]
Wengert{1} => [ 1.000,  0.000,  2.000,  0.000,  0.000,  0.000,  0.000]
Wengert{2} => [-1.000,  0.000,  2.000,  2.000,  0.000,  0.000,  0.000]
Wengert{3} => [ 0.002,  0.000, -2.000,  2.000,  1.333,  0.000,  0.000]
Wengert{4} => [-12.027,  12.020, -24.040, -17.954, -4.042, -21.411,  15.990]
Wengert{5} => [ 18.271, -18.264,  36.528,  21.951,  4.081,  40.270, -30.252]
Wengert{6} => [-7.246,  7.244, -14.487, -7.997, -1.372, -18.859,  14.262]

		PolynomialSplineRegressor.N7Ck3._seg1_jack=Wengert{0} => [ 1.000,  0.000,  0.000,  0.000,  0.000,  0.000,  0.000]
Wengert{1} => [ 1.000,  0.000,  2.000,  0.000,  0.000,  0.000,  0.000]
Wengert{2} => [-1.000,  0.000,  2.000,  2.000,  0.000,  0.000,  0.000]
Wengert{3} => [ 0.002,  0.000, -2.000,  2.000,  1.333,  0.000,  0.000]
Wengert{4} => [-12.027,  12.020, -24.040, -17.954, -4.042, -21.411,  15.990]
Wengert{5} => [ 18.271, -18.264,  36.528,  21.951,  4.081,  40.270, -30.252]
Wengert{6} => [-7.246,  7.244, -14.487, -7.997, -1.372, -18.859,  14.262]

		PolynomialSplineRegressor.N7Ck3._seg1_monotone=MONOTONIC    
		PolynomialSplineRegressor.N7Ck3._seg2_3_0=20.250000000000014
		PolynomialSplineRegressor.N7Ck3._seg2_6_0=14.000000000000014
		PolynomialSplineRegressor.N7Ck3._seg2_head_jack=Wengert{0} => [ 1.000,  0.000,  0.000,  0.000,  0.000,  0.000,  0.000]
Wengert{1} => [ 1.000,  0.000,  3.000,  0.000,  0.000,  0.000,  0.000]
Wengert{2} => [-1.000,  0.000,  3.000,  4.500,  0.000,  0.000,  0.000]
Wengert{3} => [ 0.002,  0.000, -3.000,  4.500,  4.500,  0.000,  0.000]
Wengert{4} => [-12.027,  12.020, -36.060, -40.396, -13.643, -72.262,  53.968]
Wengert{5} => [ 18.271, -18.264,  54.791,  49.389,  13.774,  135.911, -102.102]
Wengert{6} => [-7.246,  7.244, -21.731, -17.994, -4.631, -63.649,  48.134]

		PolynomialSplineRegressor.N7Ck3._seg2_jack=Wengert{0} => [ 1.000,  0.000,  0.000,  0.000,  0.000,  0.000,  0.000]
Wengert{1} => [ 1.000,  0.000,  3.000,  0.000,  0.000,  0.000,  0.000]
Wengert{2} => [-1.000,  0.000,  3.000,  4.500,  0.000,  0.000,  0.000]
Wengert{3} => [ 0.002,  0.000, -3.000,  4.500,  4.500,  0.000,  0.000]
Wengert{4} => [-12.027,  12.020, -36.060, -40.396, -13.643, -72.262,  53.968]
Wengert{5} => [ 18.271, -18.264,  54.791,  49.389,  13.774,  135.911, -102.102]
Wengert{6} => [-7.246,  7.244, -21.731, -17.994, -4.631, -63.649,  48.134]

		PolynomialSplineRegressor.N7Ck3._seg2_monotone=MONOTONIC    
		PolynomialSplineRegressor.N7Ck3._seg2_value_jack=Wengert{0} => [ 0.505,  0.495,  0.515,  0.228,  0.037, -1.607,  1.179]

		PolynomialSplineRegressor.N7Ck3.FinishTime=Fri Nov 02 23:28:21 EDT 2018
		PolynomialSplineRegressor.N7Ck3.ExecTime=1067

		PolynomialSplineRegressor.N7Ck4.Success=true
		PolynomialSplineRegressor.N7Ck4._seg1_1_0=25.0
		PolynomialSplineRegressor.N7Ck4._seg1_3_0=20.250000000000455
		PolynomialSplineRegressor.N7Ck4._seg1_head_jack=Wengert{0} => [ 1.000,  0.000,  0.000,  0.000,  0.000,  0.000,  0.000]
Wengert{1} => [ 1.000,  0.000,  2.000,  0.000,  0.000,  0.000,  0.000]
Wengert{2} => [-1.000,  0.000,  2.000,  2.000,  0.000,  0.000,  0.000]
Wengert{3} => [ 0.002,  0.000, -2.000,  2.000,  1.333,  0.000,  0.000]
Wengert{4} => [-110.644,  0.000,  0.004, -2.000,  1.333,  0.667,  0.000]
Wengert{5} => [ 203.749,  4.344, -8.696, -8.055, -6.029, -1.254, -0.178]
Wengert{6} => [-94.108, -3.344,  6.691,  6.055,  3.363,  0.587,  0.178]

		PolynomialSplineRegressor.N7Ck4._seg1_jack=Wengert{0} => [ 1.000,  0.000,  0.000,  0.000,  0.000,  0.000,  0.000]
Wengert{1} => [ 1.000,  0.000,  2.000,  0.000,  0.000,  0.000,  0.000]
Wengert{2} => [-1.000,  0.000,  2.000,  2.000,  0.000,  0.000,  0.000]
Wengert{3} => [ 0.002,  0.000, -2.000,  2.000,  1.333,  0.000,  0.000]
Wengert{4} => [-110.644,  0.000,  0.004, -2.000,  1.333,  0.667,  0.000]
Wengert{5} => [ 203.749,  4.344, -8.696, -8.055, -6.029, -1.254, -0.178]
Wengert{6} => [-94.108, -3.344,  6.691,  6.055,  3.363,  0.587,  0.178]

		PolynomialSplineRegressor.N7Ck4._seg1_monotone=MONOTONIC    
		PolynomialSplineRegressor.N7Ck4._seg2_3_0=20.250000000000455
		PolynomialSplineRegressor.N7Ck4._seg2_6_0=13.999999999998408
		PolynomialSplineRegressor.N7Ck4._seg2_head_jack=Wengert{0} => [ 1.000,  0.000,  0.000,  0.000,  0.000,  0.000,  0.000]
Wengert{1} => [ 1.000,  0.000,  3.000,  0.000,  0.000,  0.000,  0.000]
Wengert{2} => [-1.000,  0.000,  3.000,  4.500,  0.000,  0.000,  0.000]
Wengert{3} => [ 0.002,  0.000, -3.000,  4.500,  4.500,  0.000,  0.000]
Wengert{4} => [-110.644,  0.000,  0.007, -4.500,  4.500,  3.375,  0.000]
Wengert{5} => [ 203.749,  4.344, -13.044, -18.123, -20.349, -6.348, -0.599]
Wengert{6} => [-94.108, -3.344,  10.037,  13.623,  11.349,  2.973,  0.599]

		PolynomialSplineRegressor.N7Ck4._seg2_jack=Wengert{0} => [ 1.000,  0.000,  0.000,  0.000,  0.000,  0.000,  0.000]
Wengert{1} => [ 1.000,  0.000,  3.000,  0.000,  0.000,  0.000,  0.000]
Wengert{2} => [-1.000,  0.000,  3.000,  4.500,  0.000,  0.000,  0.000]
Wengert{3} => [ 0.002,  0.000, -3.000,  4.500,  4.500,  0.000,  0.000]
Wengert{4} => [-110.644,  0.000,  0.007, -4.500,  4.500,  3.375,  0.000]
Wengert{5} => [ 203.749,  4.344, -13.044, -18.123, -20.349, -6.348, -0.599]
Wengert{6} => [-94.108, -3.344,  10.037,  13.623,  11.349,  2.973,  0.599]

		PolynomialSplineRegressor.N7Ck4._seg2_monotone=MONOTONIC    
		PolynomialSplineRegressor.N7Ck4._seg2_value_jack=Wengert{0} => [-1.688,  0.228,  1.317,  1.026,  0.441,  0.075, -0.022]

		PolynomialSplineRegressor.N7Ck4.FinishTime=Fri Nov 02 23:28:21 EDT 2018
		PolynomialSplineRegressor.N7Ck4.ExecTime=902

		PolynomialSplineRegressor.N7Ck5.Success=true
		PolynomialSplineRegressor.N7Ck5._seg1_1_0=25.0
		PolynomialSplineRegressor.N7Ck5._seg1_3_0=20.25000000745058
		PolynomialSplineRegressor.N7Ck5._seg1_head_jack=Wengert{0} => [ 1.000,  0.000,  0.000,  0.000,  0.000,  0.000,  0.000]
Wengert{1} => [ 1.000,  0.000,  2.000,  0.000,  0.000,  0.000,  0.000]
Wengert{2} => [-1.000,  0.000,  2.000,  2.000,  0.000,  0.000,  0.000]
Wengert{3} => [ 0.002,  0.000, -2.000,  2.000,  1.333,  0.000,  0.000]
Wengert{4} => [-110.644,  0.000,  0.004, -2.000,  1.333,  0.667,  0.000]
Wengert{5} => [ 2312735.336,  0.000, -221.288,  0.004, -1.333,  0.667,  0.267]
Wengert{6} => [-2312625.694,  1.000,  219.283, -2.004, -1.333, -1.333, -0.267]

		PolynomialSplineRegressor.N7Ck5._seg1_jack=Wengert{0} => [ 1.000,  0.000,  0.000,  0.000,  0.000,  0.000,  0.000]
Wengert{1} => [ 1.000,  0.000,  2.000,  0.000,  0.000,  0.000,  0.000]
Wengert{2} => [-1.000,  0.000,  2.000,  2.000,  0.000,  0.000,  0.000]
Wengert{3} => [ 0.002,  0.000, -2.000,  2.000,  1.333,  0.000,  0.000]
Wengert{4} => [-110.644,  0.000,  0.004, -2.000,  1.333,  0.667,  0.000]
Wengert{5} => [ 2312735.336,  0.000, -221.288,  0.004, -1.333,  0.667,  0.267]
Wengert{6} => [-2312625.694,  1.000,  219.283, -2.004, -1.333, -1.333, -0.267]

		PolynomialSplineRegressor.N7Ck5._seg1_monotone=MONOTONIC    
		PolynomialSplineRegressor.N7Ck5._seg2_3_0=20.25000000745058
		PolynomialSplineRegressor.N7Ck5._seg2_6_0=14.0
		PolynomialSplineRegressor.N7Ck5._seg2_head_jack=Wengert{0} => [ 1.000,  0.000,  0.000,  0.000,  0.000,  0.000,  0.000]
Wengert{1} => [ 1.000,  0.000,  3.000,  0.000,  0.000,  0.000,  0.000]
Wengert{2} => [-1.000,  0.000,  3.000,  4.500,  0.000,  0.000,  0.000]
Wengert{3} => [ 0.002,  0.000, -3.000,  4.500,  4.500,  0.000,  0.000]
Wengert{4} => [-110.644,  0.000,  0.007, -4.500,  4.500,  3.375,  0.000]
Wengert{5} => [ 2312735.336,  0.000, -331.931,  0.010, -4.500,  3.375,  2.025]
Wengert{6} => [-2312625.694,  1.000,  328.925, -4.510, -4.500, -6.750, -2.025]

		PolynomialSplineRegressor.N7Ck5._seg2_jack=Wengert{0} => [ 1.000,  0.000,  0.000,  0.000,  0.000,  0.000,  0.000]
Wengert{1} => [ 1.000,  0.000,  3.000,  0.000,  0.000,  0.000,  0.000]
Wengert{2} => [-1.000,  0.000,  3.000,  4.500,  0.000,  0.000,  0.000]
Wengert{3} => [ 0.002,  0.000, -3.000,  4.500,  4.500,  0.000,  0.000]
Wengert{4} => [-110.644,  0.000,  0.007, -4.500,  4.500,  3.375,  0.000]
Wengert{5} => [ 2312735.336,  0.000, -331.931,  0.010, -4.500,  3.375,  2.025]
Wengert{6} => [-2312625.694,  1.000,  328.925, -4.510, -4.500, -6.750, -2.025]

		PolynomialSplineRegressor.N7Ck5._seg2_monotone=MONOTONIC    
		PolynomialSplineRegressor.N7Ck5._seg2_value_jack=Wengert{0} => [ 83052.196,  0.072, -10.136,  1.677,  1.010,  0.424,  0.073]

		PolynomialSplineRegressor.N7Ck5.FinishTime=Fri Nov 02 23:28:21 EDT 2018
		PolynomialSplineRegressor.N7Ck5.ExecTime=835

		PolynomialSplineRegressor.ExpTension.Success=true
		PolynomialSplineRegressor.ExpTension._seg1_1_0=24.999999999999986
		PolynomialSplineRegressor.ExpTension._seg1_3_0=20.249999999999996
		PolynomialSplineRegressor.ExpTension._seg1_head_jack=Wengert{0} => [ 3.000,  0.000, -4.000, -4.000]
Wengert{1} => [ 6.216, -5.708,  25.814,  12.399]
Wengert{2} => [-3.608,  2.854, -9.907, -4.200]
Wengert{3} => [ 1.608, -2.854,  13.907,  8.200]

		PolynomialSplineRegressor.ExpTension._seg1_jack=Wengert{0} => [ 3.000,  0.000, -4.000, -4.000]
Wengert{1} => [ 6.216, -5.708,  25.814,  12.399]
Wengert{2} => [-3.608,  2.854, -9.907, -4.200]
Wengert{3} => [ 1.608, -2.854,  13.907,  8.200]

		PolynomialSplineRegressor.ExpTension._seg1_monotone=MONOTONIC    
		PolynomialSplineRegressor.ExpTension._seg2_3_0=20.24999999999997
		PolynomialSplineRegressor.ExpTension._seg2_6_0=13.99999999999996
		PolynomialSplineRegressor.ExpTension._seg2_head_jack=Wengert{0} => [ 3.000,  0.000, -6.000, -9.000]
Wengert{1} => [ 6.216, -5.708,  38.722,  27.898]
Wengert{2} => [-3.608,  2.854, -14.861, -9.449]
Wengert{3} => [ 1.608, -2.854,  20.861,  18.449]

		PolynomialSplineRegressor.ExpTension._seg2_jack=Wengert{0} => [ 3.000,  0.000, -6.000, -9.000]
Wengert{1} => [ 6.216, -5.708,  38.722,  27.898]
Wengert{2} => [-3.608,  2.854, -14.861, -9.449]
Wengert{3} => [ 1.608, -2.854,  20.861,  18.449]

		PolynomialSplineRegressor.ExpTension._seg2_monotone=MONOTONIC    
		PolynomialSplineRegressor.ExpTension._seg2_value_jack=Wengert{0} => [ 0.771,  0.236,  1.293,  0.545]

		PolynomialSplineRegressor.ExpTension.FinishTime=Fri Nov 02 23:28:21 EDT 2018
		PolynomialSplineRegressor.ExpTension.ExecTime=228

		PolynomialSplineRegressor.HyperTension.Success=true
		PolynomialSplineRegressor.HyperTension._seg1_1_0=24.999999999999993
		PolynomialSplineRegressor.HyperTension._seg1_3_0=20.249999999999996
		PolynomialSplineRegressor.HyperTension._seg1_head_jack=Wengert{0} => [ 3.000, -0.000, -4.000, -4.000]
Wengert{1} => [ 6.216, -5.708,  25.814,  12.399]
Wengert{2} => [-2.000,  0.000,  4.000,  4.000]
Wengert{3} => [-5.216,  5.708, -23.814, -12.399]

		PolynomialSplineRegressor.HyperTension._seg1_jack=Wengert{0} => [ 3.000, -0.000, -4.000, -4.000]
Wengert{1} => [ 6.216, -5.708,  25.814,  12.399]
Wengert{2} => [-2.000,  0.000,  4.000,  4.000]
Wengert{3} => [-5.216,  5.708, -23.814, -12.399]

		PolynomialSplineRegressor.HyperTension._seg1_monotone=MONOTONIC    
		PolynomialSplineRegressor.HyperTension._seg2_3_0=20.249999999999986
		PolynomialSplineRegressor.HyperTension._seg2_6_0=13.999999999999968
		PolynomialSplineRegressor.HyperTension._seg2_head_jack=Wengert{0} => [ 3.000, -0.000, -6.000, -9.000]
Wengert{1} => [ 6.216, -5.708,  38.722,  27.898]
Wengert{2} => [-2.000,  0.000,  6.000,  9.000]
Wengert{3} => [-5.216,  5.708, -35.722, -27.898]

		PolynomialSplineRegressor.HyperTension._seg2_jack=Wengert{0} => [ 3.000, -0.000, -6.000, -9.000]
Wengert{1} => [ 6.216, -5.708,  38.722,  27.898]
Wengert{2} => [-2.000,  0.000,  6.000,  9.000]
Wengert{3} => [-5.216,  5.708, -35.722, -27.898]

		PolynomialSplineRegressor.HyperTension._seg2_monotone=MONOTONIC    
		PolynomialSplineRegressor.HyperTension._seg2_value_jack=Wengert{0} => [ 0.771,  0.236,  1.293,  0.545]

		PolynomialSplineRegressor.HyperTension.FinishTime=Fri Nov 02 23:28:21 EDT 2018
		PolynomialSplineRegressor.HyperTension.ExecTime=197

		PolynomialSplineRegressor.KP.Success=true
		PolynomialSplineRegressor.KP._seg1_1_0=25.0
		PolynomialSplineRegressor.KP._seg1_3_0=20.25
		PolynomialSplineRegressor.KP._seg1_head_jack=Wengert{0} => [ 1.000,  0.000,  0.000,  0.000]
Wengert{1} => [ 0.000,  1.000,  0.000,  0.000]
Wengert{2} => [ 2.000, -1.000,  2.000,  0.000]
Wengert{3} => [ 3.000, -2.000,  6.000,  2.000]

		PolynomialSplineRegressor.KP._seg1_jack=Wengert{0} => [ 1.000,  0.000,  0.000,  0.000]
Wengert{1} => [ 0.000,  1.000,  0.000,  0.000]
Wengert{2} => [ 2.000, -1.000,  2.000,  0.000]
Wengert{3} => [ 3.000, -2.000,  6.000,  2.000]

		PolynomialSplineRegressor.KP._seg1_monotone=MONOTONIC    
		PolynomialSplineRegressor.KP._seg2_3_0=20.25
		PolynomialSplineRegressor.KP._seg2_6_0=14.0
		PolynomialSplineRegressor.KP._seg2_head_jack=Wengert{0} => [ 1.000,  0.000,  0.000,  0.000]
Wengert{1} => [ 0.000,  1.000,  0.000,  0.000]
Wengert{2} => [ 2.000, -1.000,  3.000,  0.000]
Wengert{3} => [ 3.000, -2.000,  9.000,  4.500]

		PolynomialSplineRegressor.KP._seg2_jack=Wengert{0} => [ 1.000,  0.000,  0.000,  0.000]
Wengert{1} => [ 0.000,  1.000,  0.000,  0.000]
Wengert{2} => [ 2.000, -1.000,  3.000,  0.000]
Wengert{3} => [ 3.000, -2.000,  9.000,  4.500]

		PolynomialSplineRegressor.KP._seg2_monotone=MONOTONIC    
		PolynomialSplineRegressor.KP._seg2_value_jack=Wengert{0} => [ 0.758,  0.242,  1.273,  0.545]

		PolynomialSplineRegressor.KP.FinishTime=Fri Nov 02 23:28:21 EDT 2018
		PolynomialSplineRegressor.KP.ExecTime=313

		PolynomialSplineRegressor.Bern_N4Ck2.Success=true
		PolynomialSplineRegressor.Bern_N4Ck2._seg1_1_0=25.0
		PolynomialSplineRegressor.Bern_N4Ck2._seg1_3_0=20.25
		PolynomialSplineRegressor.Bern_N4Ck2._seg1_head_jack=Wengert{0} => [ 6.000,  0.000,  0.000,  0.000]
Wengert{1} => [ 8.000,  0.000,  4.000,  0.000]
Wengert{2} => [ 8.000,  0.000,  12.000,  4.000]
Wengert{3} => [ 0.000,  6.000,  0.000,  0.000]

		PolynomialSplineRegressor.Bern_N4Ck2._seg1_jack=Wengert{0} => [ 6.000,  0.000,  0.000,  0.000]
Wengert{1} => [ 8.000,  0.000,  4.000,  0.000]
Wengert{2} => [ 8.000,  0.000,  12.000,  4.000]
Wengert{3} => [ 0.000,  6.000,  0.000,  0.000]

		PolynomialSplineRegressor.Bern_N4Ck2._seg1_monotone=MONOTONIC    
		PolynomialSplineRegressor.Bern_N4Ck2._seg2_3_0=20.25
		PolynomialSplineRegressor.Bern_N4Ck2._seg2_6_0=14.0
		PolynomialSplineRegressor.Bern_N4Ck2._seg2_head_jack=Wengert{0} => [ 6.000,  0.000,  0.000,  0.000]
Wengert{1} => [ 8.000,  0.000,  6.000,  0.000]
Wengert{2} => [ 8.000,  0.000,  18.000,  9.000]
Wengert{3} => [ 0.000,  6.000,  0.000,  0.000]

		PolynomialSplineRegressor.Bern_N4Ck2._seg2_jack=Wengert{0} => [ 6.000,  0.000,  0.000,  0.000]
Wengert{1} => [ 8.000,  0.000,  6.000,  0.000]
Wengert{2} => [ 8.000,  0.000,  18.000,  9.000]
Wengert{3} => [ 0.000,  6.000,  0.000,  0.000]

		PolynomialSplineRegressor.Bern_N4Ck2._seg2_monotone=MONOTONIC    
		PolynomialSplineRegressor.Bern_N4Ck2._seg2_value_jack=Wengert{0} => [ 0.758,  0.242,  1.273,  0.545]

		PolynomialSplineRegressor.Bern_N4Ck2.FinishTime=Fri Nov 02 23:28:21 EDT 2018
		PolynomialSplineRegressor.Bern_N4Ck2.ExecTime=681

		PolynomialSplineRegressor.Hermite_N4Ck1.Success=true
		PolynomialSplineRegressor.Hermite_N4Ck1._seg1_0_0=1.0
		PolynomialSplineRegressor.Hermite_N4Ck1._seg1_1_0=4.0
		PolynomialSplineRegressor.Hermite_N4Ck1._seg1_head_jack=Wengert{0} => [ 1.000,  0.000,  0.000,  0.000]
Wengert{1} => [ 1.000,  0.000,  1.000,  0.000]
Wengert{2} => [-5.000,  4.000, -2.000, -1.000]
Wengert{3} => [ 3.000, -3.000,  1.000,  1.000]

		PolynomialSplineRegressor.Hermite_N4Ck1._seg1_jack=Wengert{0} => [ 1.000,  0.000,  0.000,  0.000]
Wengert{1} => [ 1.000,  0.000,  1.000,  0.000]
Wengert{2} => [-5.000,  4.000, -2.000, -1.000]
Wengert{3} => [ 3.000, -3.000,  1.000,  1.000]

		PolynomialSplineRegressor.Hermite_N4Ck1._seg1_monotone=MONOTONIC    
		PolynomialSplineRegressor.Hermite_N4Ck1._seg2_1_0=4.0
		PolynomialSplineRegressor.Hermite_N4Ck1._seg2_2_0=14.0
		PolynomialSplineRegressor.Hermite_N4Ck1._seg2_head_jack=Wengert{0} => [ 1.000,  0.000,  0.000,  0.000]
Wengert{1} => [ 1.000,  0.000,  1.000,  0.000]
Wengert{2} => [-5.000,  4.000, -2.000, -1.000]
Wengert{3} => [ 3.000, -3.000,  1.000,  1.000]

		PolynomialSplineRegressor.Hermite_N4Ck1._seg2_jack=Wengert{0} => [ 1.000,  0.000,  0.000,  0.000]
Wengert{1} => [ 1.000,  0.000,  1.000,  0.000]
Wengert{2} => [-5.000,  4.000, -2.000, -1.000]
Wengert{3} => [ 3.000, -3.000,  1.000,  1.000]

		PolynomialSplineRegressor.Hermite_N4Ck1._seg2_monotone=MONOTONIC    
		PolynomialSplineRegressor.Hermite_N4Ck1._seg2_value_jack=Wengert{0} => [ 0.500,  0.500,  0.100, -0.100]

		PolynomialSplineRegressor.Hermite_N4Ck1.FinishTime=Fri Nov 02 23:28:21 EDT 2018
		PolynomialSplineRegressor.Hermite_N4Ck1.ExecTime=149

		PolynomialSplineRegressor.Lagrange_Polynomial_Stretch.Success=true
		PolynomialSplineRegressor.Lagrange_Polynomial_Stretch.lpsr_locallymonotone=true
		PolynomialSplineRegressor.Lagrange_Polynomial_Stretch.lpsr_sm=MONOTONIC    
		PolynomialSplineRegressor.Lagrange_Polynomial_Stretch.lpsr_value=2.16
		PolynomialSplineRegressor.Lagrange_Polynomial_Stretch.lpsr_wj=Wengert{0} => [-0.041,  0.896,  0.171, -0.026]

		PolynomialSplineRegressor.Lagrange_Polynomial_Stretch.FinishTime=Fri Nov 02 23:28:21 EDT 2018
		PolynomialSplineRegressor.Lagrange_Polynomial_Stretch.ExecTime=283
	PolynomialSplineRegressor=> 15054 (mu-s): 27 / 28 succeeded.
	PolynomialSplineRegressor ends at Fri Nov 02 23:28:21 EDT 2018

	PolynomialSplineRegressor starts at Fri Nov 02 23:28:21 EDT 2018

		PolynomialSplineRegressor.N2Ck0.Success=true
		PolynomialSplineRegressor.N2Ck0._seg1_1_0=25.0
		PolynomialSplineRegressor.N2Ck0._seg1_3_0=20.25
		PolynomialSplineRegressor.N2Ck0._seg1_head_jack=Wengert{0} => [ 1.000,  0.000]
Wengert{1} => [-1.000,  1.000]

		PolynomialSplineRegressor.N2Ck0._seg1_jack=Wengert{0} => [ 1.000,  0.000]
Wengert{1} => [-1.000,  1.000]

		PolynomialSplineRegressor.N2Ck0._seg1_monotone=MONOTONIC    
		PolynomialSplineRegressor.N2Ck0._seg2_3_0=20.25
		PolynomialSplineRegressor.N2Ck0._seg2_6_0=14.0
		PolynomialSplineRegressor.N2Ck0._seg2_head_jack=Wengert{0} => [ 1.000,  0.000]
Wengert{1} => [-1.000,  1.000]

		PolynomialSplineRegressor.N2Ck0._seg2_jack=Wengert{0} => [ 1.000,  0.000]
Wengert{1} => [-1.000,  1.000]

		PolynomialSplineRegressor.N2Ck0._seg2_monotone=MONOTONIC    
		PolynomialSplineRegressor.N2Ck0._seg2_value_jack=Wengert{0} => [ 0.273,  0.545]

		PolynomialSplineRegressor.N2Ck0.FinishTime=Fri Nov 02 23:28:21 EDT 2018
		PolynomialSplineRegressor.N2Ck0.ExecTime=33

		PolynomialSplineRegressor.N3Ck0.Success=true
		PolynomialSplineRegressor.N3Ck0._seg1_1_0=25.0
		PolynomialSplineRegressor.N3Ck0._seg1_3_0=20.249999999999993
		PolynomialSplineRegressor.N3Ck0._seg1_head_jack=Wengert{0} => [ 1.000,  0.000,  0.000]
Wengert{1} => [-0.973,  1.973, -1.110]
Wengert{2} => [-0.027, -0.973,  1.110]

		PolynomialSplineRegressor.N3Ck0._seg1_jack=Wengert{0} => [ 1.000,  0.000,  0.000]
Wengert{1} => [-0.973,  1.973, -1.110]
Wengert{2} => [-0.027, -0.973,  1.110]

		PolynomialSplineRegressor.N3Ck0._seg1_monotone=MONOTONIC    
		PolynomialSplineRegressor.N3Ck0._seg2_3_0=20.249999999999993
		PolynomialSplineRegressor.N3Ck0._seg2_6_0=14.0
		PolynomialSplineRegressor.N3Ck0._seg2_head_jack=Wengert{0} => [ 1.000,  0.000,  0.000]
Wengert{1} => [-0.973,  1.973, -3.747]
Wengert{2} => [-0.027, -0.973,  3.747]

		PolynomialSplineRegressor.N3Ck0._seg2_jack=Wengert{0} => [ 1.000,  0.000,  0.000]
Wengert{1} => [-0.973,  1.973, -3.747]
Wengert{2} => [-0.027, -0.973,  3.747]

		PolynomialSplineRegressor.N3Ck0._seg2_monotone=MONOTONIC    
		PolynomialSplineRegressor.N3Ck0._seg2_value_jack=Wengert{0} => [ 0.278,  0.722, -0.681]

		PolynomialSplineRegressor.N3Ck0.FinishTime=Fri Nov 02 23:28:21 EDT 2018
		PolynomialSplineRegressor.N3Ck0.ExecTime=130

		PolynomialSplineRegressor.N3Ck1.Success=true
		PolynomialSplineRegressor.N3Ck1._seg1_1_0=25.0
		PolynomialSplineRegressor.N3Ck1._seg1_3_0=20.25
		PolynomialSplineRegressor.N3Ck1._seg1_head_jack=Wengert{0} => [ 1.000,  0.000,  0.000]
Wengert{1} => [ 1.000,  0.000,  2.000]
Wengert{2} => [-2.000,  1.000, -2.000]

		PolynomialSplineRegressor.N3Ck1._seg1_jack=Wengert{0} => [ 1.000,  0.000,  0.000]
Wengert{1} => [ 1.000,  0.000,  2.000]
Wengert{2} => [-2.000,  1.000, -2.000]

		PolynomialSplineRegressor.N3Ck1._seg1_monotone=MONOTONIC    
		PolynomialSplineRegressor.N3Ck1._seg2_3_0=20.25
		PolynomialSplineRegressor.N3Ck1._seg2_6_0=14.0
		PolynomialSplineRegressor.N3Ck1._seg2_head_jack=Wengert{0} => [ 1.000,  0.000,  0.000]
Wengert{1} => [ 1.000,  0.000,  3.000]
Wengert{2} => [-2.000,  1.000, -3.000]

		PolynomialSplineRegressor.N3Ck1._seg2_jack=Wengert{0} => [ 1.000,  0.000,  0.000]
Wengert{1} => [ 1.000,  0.000,  3.000]
Wengert{2} => [-2.000,  1.000, -3.000]

		PolynomialSplineRegressor.N3Ck1._seg2_monotone=MONOTONIC    
		PolynomialSplineRegressor.N3Ck1._seg2_value_jack=Wengert{0} => [ 0.636,  0.364,  0.545]

		PolynomialSplineRegressor.N3Ck1.FinishTime=Fri Nov 02 23:28:21 EDT 2018
		PolynomialSplineRegressor.N3Ck1.ExecTime=114

		PolynomialSplineRegressor.N4Ck0.Success=true
		PolynomialSplineRegressor.N4Ck0._seg1_1_0=25.0
		PolynomialSplineRegressor.N4Ck0._seg1_3_0=20.24999999999999
		PolynomialSplineRegressor.N4Ck0._seg1_head_jack=Wengert{0} => [ 1.000,  0.000,  0.000,  0.000]
Wengert{1} => [ 0.000,  1.000, -5.677,  3.425]
Wengert{2} => [-2.000,  1.000,  10.368, -6.943]
Wengert{3} => [ 1.000, -1.000, -4.692,  3.519]

		PolynomialSplineRegressor.N4Ck0._seg1_jack=Wengert{0} => [ 1.000,  0.000,  0.000,  0.000]
Wengert{1} => [ 0.000,  1.000, -5.677,  3.425]
Wengert{2} => [-2.000,  1.000,  10.368, -6.943]
Wengert{3} => [ 1.000, -1.000, -4.692,  3.519]

		PolynomialSplineRegressor.N4Ck0._seg1_monotone=MONOTONIC    
		PolynomialSplineRegressor.N4Ck0._seg2_3_0=20.24999999999999
		PolynomialSplineRegressor.N4Ck0._seg2_6_0=14.000000000000004
		PolynomialSplineRegressor.N4Ck0._seg2_head_jack=Wengert{0} => [ 1.000,  0.000,  0.000,  0.000]
Wengert{1} => [-0.000,  1.000, -19.159,  11.559]
Wengert{2} => [-2.000,  1.000,  34.993, -23.434]
Wengert{3} => [ 1.000, -1.000, -15.834,  11.875]

		PolynomialSplineRegressor.N4Ck0._seg2_jack=Wengert{0} => [ 1.000,  0.000,  0.000,  0.000]
Wengert{1} => [-0.000,  1.000, -19.159,  11.559]
Wengert{2} => [-2.000,  1.000,  34.993, -23.434]
Wengert{3} => [ 1.000, -1.000, -15.834,  11.875]

		PolynomialSplineRegressor.N4Ck0._seg2_monotone=MONOTONIC    
		PolynomialSplineRegressor.N4Ck0._seg2_value_jack=Wengert{0} => [ 0.333,  0.667, -1.564,  0.662]

		PolynomialSplineRegressor.N4Ck0.FinishTime=Fri Nov 02 23:28:21 EDT 2018
		PolynomialSplineRegressor.N4Ck0.ExecTime=307

		PolynomialSplineRegressor.N4Ck1.Success=true
		PolynomialSplineRegressor.N4Ck1._seg1_1_0=25.0
		PolynomialSplineRegressor.N4Ck1._seg1_3_0=20.25
		PolynomialSplineRegressor.N4Ck1._seg1_head_jack=Wengert{0} => [ 1.000,  0.000,  0.000,  0.000]
Wengert{1} => [ 1.000,  0.000,  2.000,  0.000]
Wengert{2} => [-3.826,  2.826, -3.653, -0.688]
Wengert{3} => [ 1.826, -1.826,  1.653,  0.688]

		PolynomialSplineRegressor.N4Ck1._seg1_jack=Wengert{0} => [ 1.000,  0.000,  0.000,  0.000]
Wengert{1} => [ 1.000,  0.000,  2.000,  0.000]
Wengert{2} => [-3.826,  2.826, -3.653, -0.688]
Wengert{3} => [ 1.826, -1.826,  1.653,  0.688]

		PolynomialSplineRegressor.N4Ck1._seg1_monotone=MONOTONIC    
		PolynomialSplineRegressor.N4Ck1._seg2_3_0=20.25
		PolynomialSplineRegressor.N4Ck1._seg2_6_0=14.000000000000004
		PolynomialSplineRegressor.N4Ck1._seg2_head_jack=Wengert{0} => [ 1.000,  0.000,  0.000,  0.000]
Wengert{1} => [ 1.000,  0.000,  3.000,  0.000]
Wengert{2} => [-3.826,  2.826, -5.479, -2.323]
Wengert{3} => [ 1.826, -1.826,  2.479,  2.323]

		PolynomialSplineRegressor.N4Ck1._seg2_jack=Wengert{0} => [ 1.000,  0.000,  0.000,  0.000]
Wengert{1} => [ 1.000,  0.000,  3.000,  0.000]
Wengert{2} => [-3.826,  2.826, -5.479, -2.323]
Wengert{3} => [ 1.826, -1.826,  2.479,  2.323]

		PolynomialSplineRegressor.N4Ck1._seg2_monotone=MONOTONIC    
		PolynomialSplineRegressor.N4Ck1._seg2_value_jack=Wengert{0} => [ 0.415,  0.585,  0.245, -0.282]

		PolynomialSplineRegressor.N4Ck1.FinishTime=Fri Nov 02 23:28:21 EDT 2018
		PolynomialSplineRegressor.N4Ck1.ExecTime=354

		PolynomialSplineRegressor.N4Ck2.Success=true
		PolynomialSplineRegressor.N4Ck2._seg1_1_0=25.0
		PolynomialSplineRegressor.N4Ck2._seg1_3_0=20.25
		PolynomialSplineRegressor.N4Ck2._seg1_head_jack=Wengert{0} => [ 1.000,  0.000,  0.000,  0.000]
Wengert{1} => [ 1.000,  0.000,  2.000,  0.000]
Wengert{2} => [-1.000,  0.000,  2.000,  2.000]
Wengert{3} => [-1.000,  1.000, -4.000, -2.000]

		PolynomialSplineRegressor.N4Ck2._seg1_jack=Wengert{0} => [ 1.000,  0.000,  0.000,  0.000]
Wengert{1} => [ 1.000,  0.000,  2.000,  0.000]
Wengert{2} => [-1.000,  0.000,  2.000,  2.000]
Wengert{3} => [-1.000,  1.000, -4.000, -2.000]

		PolynomialSplineRegressor.N4Ck2._seg1_monotone=MONOTONIC    
		PolynomialSplineRegressor.N4Ck2._seg2_3_0=20.25
		PolynomialSplineRegressor.N4Ck2._seg2_6_0=14.0
		PolynomialSplineRegressor.N4Ck2._seg2_head_jack=Wengert{0} => [ 1.000,  0.000,  0.000,  0.000]
Wengert{1} => [ 1.000,  0.000,  3.000,  0.000]
Wengert{2} => [-1.000,  0.000,  3.000,  4.500]
Wengert{3} => [-1.000,  1.000, -6.000, -4.500]

		PolynomialSplineRegressor.N4Ck2._seg2_jack=Wengert{0} => [ 1.000,  0.000,  0.000,  0.000]
Wengert{1} => [ 1.000,  0.000,  3.000,  0.000]
Wengert{2} => [-1.000,  0.000,  3.000,  4.500]
Wengert{3} => [-1.000,  1.000, -6.000, -4.500]

		PolynomialSplineRegressor.N4Ck2._seg2_monotone=MONOTONIC    
		PolynomialSplineRegressor.N4Ck2._seg2_value_jack=Wengert{0} => [ 0.758,  0.242,  1.273,  0.545]

		PolynomialSplineRegressor.N4Ck2.FinishTime=Fri Nov 02 23:28:21 EDT 2018
		PolynomialSplineRegressor.N4Ck2.ExecTime=250

		PolynomialSplineRegressor.N5Ck0.Success=true
		PolynomialSplineRegressor.N5Ck0._seg1_1_0=25.0
		PolynomialSplineRegressor.N5Ck0._seg1_3_0=20.249999999999996
		PolynomialSplineRegressor.N5Ck0._seg1_head_jack=Wengert{0} => [ 1.000,  0.000,  0.000,  0.000,  0.000]
Wengert{1} => [ 0.000,  1.000, -4.273, -0.388,  2.074]
Wengert{2} => [-2.000,  1.000,  17.657, -26.737,  10.767]
Wengert{3} => [ 1.000, -1.000, -22.076,  50.733, -25.681]
Wengert{4} => [-0.000,  0.000,  8.692, -23.607,  12.841]

		PolynomialSplineRegressor.N5Ck0._seg1_jack=Wengert{0} => [ 1.000,  0.000,  0.000,  0.000,  0.000]
Wengert{1} => [ 0.000,  1.000, -4.273, -0.388,  2.074]
Wengert{2} => [-2.000,  1.000,  17.657, -26.737,  10.767]
Wengert{3} => [ 1.000, -1.000, -22.076,  50.733, -25.681]
Wengert{4} => [-0.000,  0.000,  8.692, -23.607,  12.841]

		PolynomialSplineRegressor.N5Ck0._seg1_monotone=MONOTONIC    
		PolynomialSplineRegressor.N5Ck0._seg2_3_0=20.249999999999996
		PolynomialSplineRegressor.N5Ck0._seg2_6_0=13.999999999999998
		PolynomialSplineRegressor.N5Ck0._seg2_head_jack=Wengert{0} => [ 1.000,  0.000,  0.000,  0.000,  0.000]
Wengert{1} => [-0.000,  1.000, -14.420, -1.311,  7.000]
Wengert{2} => [-2.000,  1.000,  59.591, -90.239,  36.337]
Wengert{3} => [ 1.000, -1.000, -74.508,  171.225, -86.675]
Wengert{4} => [ 0.000, -0.000,  29.337, -79.675,  43.337]

		PolynomialSplineRegressor.N5Ck0._seg2_jack=Wengert{0} => [ 1.000,  0.000,  0.000,  0.000,  0.000]
Wengert{1} => [-0.000,  1.000, -14.420, -1.311,  7.000]
Wengert{2} => [-2.000,  1.000,  59.591, -90.239,  36.337]
Wengert{3} => [ 1.000, -1.000, -74.508,  171.225, -86.675]
Wengert{4} => [ 0.000, -0.000,  29.337, -79.675,  43.337]

		PolynomialSplineRegressor.N5Ck0._seg2_monotone=MONOTONIC    
		PolynomialSplineRegressor.N5Ck0._seg2_value_jack=Wengert{0} => [ 0.333,  0.667,  0.483, -4.897,  3.024]

		PolynomialSplineRegressor.N5Ck0.FinishTime=Fri Nov 02 23:28:21 EDT 2018
		PolynomialSplineRegressor.N5Ck0.ExecTime=666

		PolynomialSplineRegressor.N5Ck1.Success=true
		PolynomialSplineRegressor.N5Ck1._seg1_1_0=25.0
		PolynomialSplineRegressor.N5Ck1._seg1_3_0=20.249999999999986
		PolynomialSplineRegressor.N5Ck1._seg1_head_jack=Wengert{0} => [ 1.000,  0.000,  0.000,  0.000,  0.000]
Wengert{1} => [ 1.000,  0.000,  2.000,  0.000,  0.000]
Wengert{2} => [-6.132,  5.132, -8.265, -28.343,  19.338]
Wengert{3} => [ 6.167, -6.167,  10.334,  52.740, -36.398]
Wengert{4} => [-2.034,  2.034, -4.069, -24.398,  17.060]

		PolynomialSplineRegressor.N5Ck1._seg1_jack=Wengert{0} => [ 1.000,  0.000,  0.000,  0.000,  0.000]
Wengert{1} => [ 1.000,  0.000,  2.000,  0.000,  0.000]
Wengert{2} => [-6.132,  5.132, -8.265, -28.343,  19.338]
Wengert{3} => [ 6.167, -6.167,  10.334,  52.740, -36.398]
Wengert{4} => [-2.034,  2.034, -4.069, -24.398,  17.060]

		PolynomialSplineRegressor.N5Ck1._seg1_monotone=MONOTONIC    
		PolynomialSplineRegressor.N5Ck1._seg2_3_0=20.249999999999986
		PolynomialSplineRegressor.N5Ck1._seg2_6_0=14.000000000000014
		PolynomialSplineRegressor.N5Ck1._seg2_head_jack=Wengert{0} => [ 1.000,  0.000,  0.000,  0.000,  0.000]
Wengert{1} => [ 1.000,  0.000,  3.000,  0.000,  0.000]
Wengert{2} => [-6.132,  5.132, -12.397, -95.657,  65.266]
Wengert{3} => [ 6.167, -6.167,  15.501,  177.999, -122.844]
Wengert{4} => [-2.034,  2.034, -6.103, -82.342,  57.579]

		PolynomialSplineRegressor.N5Ck1._seg2_jack=Wengert{0} => [ 1.000,  0.000,  0.000,  0.000,  0.000]
Wengert{1} => [ 1.000,  0.000,  3.000,  0.000,  0.000]
Wengert{2} => [-6.132,  5.132, -12.397, -95.657,  65.266]
Wengert{3} => [ 6.167, -6.167,  15.501,  177.999, -122.844]
Wengert{4} => [-2.034,  2.034, -6.103, -82.342,  57.579]

		PolynomialSplineRegressor.N5Ck1._seg2_monotone=MONOTONIC    
		PolynomialSplineRegressor.N5Ck1._seg2_value_jack=Wengert{0} => [ 0.300,  0.700, -0.100, -4.941,  3.258]

		PolynomialSplineRegressor.N5Ck1.FinishTime=Fri Nov 02 23:28:21 EDT 2018
		PolynomialSplineRegressor.N5Ck1.ExecTime=572

		PolynomialSplineRegressor.N5Ck2.Success=true
		PolynomialSplineRegressor.N5Ck2._seg1_1_0=25.0
		PolynomialSplineRegressor.N5Ck2._seg1_3_0=20.25
		PolynomialSplineRegressor.N5Ck2._seg1_head_jack=Wengert{0} => [ 1.000,  0.000,  0.000,  0.000,  0.000]
Wengert{1} => [ 1.000,  0.000,  2.000,  0.000,  0.000]
Wengert{2} => [-1.000,  0.000,  2.000,  2.000,  0.000]
Wengert{3} => [-3.384,  3.384, -8.767, -3.722, -0.414]
Wengert{4} => [ 2.384, -2.384,  4.767,  1.722,  0.414]

		PolynomialSplineRegressor.N5Ck2._seg1_jack=Wengert{0} => [ 1.000,  0.000,  0.000,  0.000,  0.000]
Wengert{1} => [ 1.000,  0.000,  2.000,  0.000,  0.000]
Wengert{2} => [-1.000,  0.000,  2.000,  2.000,  0.000]
Wengert{3} => [-3.384,  3.384, -8.767, -3.722, -0.414]
Wengert{4} => [ 2.384, -2.384,  4.767,  1.722,  0.414]

		PolynomialSplineRegressor.N5Ck2._seg1_monotone=MONOTONIC    
		PolynomialSplineRegressor.N5Ck2._seg2_3_0=20.25
		PolynomialSplineRegressor.N5Ck2._seg2_6_0=14.0
		PolynomialSplineRegressor.N5Ck2._seg2_head_jack=Wengert{0} => [ 1.000,  0.000,  0.000,  0.000,  0.000]
Wengert{1} => [ 1.000,  0.000,  3.000,  0.000,  0.000]
Wengert{2} => [-1.000,  0.000,  3.000,  4.500,  0.000]
Wengert{3} => [-3.384,  3.384, -13.151, -8.374, -1.398]
Wengert{4} => [ 2.384, -2.384,  7.151,  3.874,  1.398]

		PolynomialSplineRegressor.N5Ck2._seg2_jack=Wengert{0} => [ 1.000,  0.000,  0.000,  0.000,  0.000]
Wengert{1} => [ 1.000,  0.000,  3.000,  0.000,  0.000]
Wengert{2} => [-1.000,  0.000,  3.000,  4.500,  0.000]
Wengert{3} => [-3.384,  3.384, -13.151, -8.374, -1.398]
Wengert{4} => [ 2.384, -2.384,  7.151,  3.874,  1.398]

		PolynomialSplineRegressor.N5Ck2._seg2_monotone=MONOTONIC    
		PolynomialSplineRegressor.N5Ck2._seg2_value_jack=Wengert{0} => [ 0.565,  0.435,  0.695,  0.232, -0.113]

		PolynomialSplineRegressor.N5Ck2.FinishTime=Fri Nov 02 23:28:21 EDT 2018
		PolynomialSplineRegressor.N5Ck2.ExecTime=458

		PolynomialSplineRegressor.N5Ck3.Success=true
		PolynomialSplineRegressor.N5Ck3._seg1_1_0=25.0
		PolynomialSplineRegressor.N5Ck3._seg1_3_0=20.25
		PolynomialSplineRegressor.N5Ck3._seg1_head_jack=Wengert{0} => [ 1.000,  0.000,  0.000,  0.000,  0.000]
Wengert{1} => [ 1.000,  0.000,  2.000,  0.000,  0.000]
Wengert{2} => [-1.000,  0.000,  2.000,  2.000,  0.000]
Wengert{3} => [ 0.002,  0.000, -2.000,  2.000,  1.333]
Wengert{4} => [-1.002,  1.000, -2.000, -4.000, -1.333]

		PolynomialSplineRegressor.N5Ck3._seg1_jack=Wengert{0} => [ 1.000,  0.000,  0.000,  0.000,  0.000]
Wengert{1} => [ 1.000,  0.000,  2.000,  0.000,  0.000]
Wengert{2} => [-1.000,  0.000,  2.000,  2.000,  0.000]
Wengert{3} => [ 0.002,  0.000, -2.000,  2.000,  1.333]
Wengert{4} => [-1.002,  1.000, -2.000, -4.000, -1.333]

		PolynomialSplineRegressor.N5Ck3._seg1_monotone=MONOTONIC    
		PolynomialSplineRegressor.N5Ck3._seg2_3_0=20.25
		PolynomialSplineRegressor.N5Ck3._seg2_6_0=14.0
		PolynomialSplineRegressor.N5Ck3._seg2_head_jack=Wengert{0} => [ 1.000,  0.000,  0.000,  0.000,  0.000]
Wengert{1} => [ 1.000,  0.000,  3.000,  0.000,  0.000]
Wengert{2} => [-1.000,  0.000,  3.000,  4.500,  0.000]
Wengert{3} => [ 0.002,  0.000, -3.000,  4.500,  4.500]
Wengert{4} => [-1.002,  1.000, -3.000, -9.000, -4.500]

		PolynomialSplineRegressor.N5Ck3._seg2_jack=Wengert{0} => [ 1.000,  0.000,  0.000,  0.000,  0.000]
Wengert{1} => [ 1.000,  0.000,  3.000,  0.000,  0.000]
Wengert{2} => [-1.000,  0.000,  3.000,  4.500,  0.000]
Wengert{3} => [ 0.002,  0.000, -3.000,  4.500,  4.500]
Wengert{4} => [-1.002,  1.000, -3.000, -9.000, -4.500]

		PolynomialSplineRegressor.N5Ck3._seg2_monotone=MONOTONIC    
		PolynomialSplineRegressor.N5Ck3._seg2_value_jack=Wengert{0} => [ 0.839,  0.162,  1.515,  1.273,  0.364]

		PolynomialSplineRegressor.N5Ck3.FinishTime=Fri Nov 02 23:28:21 EDT 2018
		PolynomialSplineRegressor.N5Ck3.ExecTime=385

		PolynomialSplineRegressor.N6Ck0.Success=true
		PolynomialSplineRegressor.N6Ck0._seg1_1_0=25.0
		PolynomialSplineRegressor.N6Ck0._seg1_3_0=20.249999999999996
		PolynomialSplineRegressor.N6Ck0._seg1_head_jack=Wengert{0} => [ 1.000,  0.000,  0.000,  0.000,  0.000,  0.000]
Wengert{1} => [-0.000,  1.000, -3.726, -3.696,  6.532, -1.783]
Wengert{2} => [-2.000,  1.000,  21.678, -51.052,  43.535, -13.107]
Wengert{3} => [ 1.000, -1.000, -43.631,  181.070, -201.329,  70.259]
Wengert{4} => [-0.000,  0.000,  37.003, -194.798,  243.545, -92.282]
Wengert{5} => [ 0.000, -0.000, -11.324,  68.476, -92.282,  36.913]

		PolynomialSplineRegressor.N6Ck0._seg1_jack=Wengert{0} => [ 1.000,  0.000,  0.000,  0.000,  0.000,  0.000]
Wengert{1} => [-0.000,  1.000, -3.726, -3.696,  6.532, -1.783]
Wengert{2} => [-2.000,  1.000,  21.678, -51.052,  43.535, -13.107]
Wengert{3} => [ 1.000, -1.000, -43.631,  181.070, -201.329,  70.259]
Wengert{4} => [-0.000,  0.000,  37.003, -194.798,  243.545, -92.282]
Wengert{5} => [ 0.000, -0.000, -11.324,  68.476, -92.282,  36.913]

		PolynomialSplineRegressor.N6Ck0._seg1_monotone=MONOTONIC    
		PolynomialSplineRegressor.N6Ck0._seg2_3_0=20.249999999999996
		PolynomialSplineRegressor.N6Ck0._seg2_6_0=14.0
		PolynomialSplineRegressor.N6Ck0._seg2_head_jack=Wengert{0} => [ 1.000,  0.000,  0.000,  0.000,  0.000,  0.000]
Wengert{1} => [-0.000,  1.000, -12.574, -12.475,  22.045, -6.018]
Wengert{2} => [-2.000,  1.000,  73.162, -172.302,  146.929, -44.237]
Wengert{3} => [ 1.000, -1.000, -147.254,  611.112, -679.487,  237.125]
Wengert{4} => [-0.000,  0.000,  124.884, -657.442,  821.963, -311.450]
Wengert{5} => [ 0.000, -0.000, -38.219,  231.107, -311.450,  124.580]

		PolynomialSplineRegressor.N6Ck0._seg2_jack=Wengert{0} => [ 1.000,  0.000,  0.000,  0.000,  0.000,  0.000]
Wengert{1} => [-0.000,  1.000, -12.574, -12.475,  22.045, -6.018]
Wengert{2} => [-2.000,  1.000,  73.162, -172.302,  146.929, -44.237]
Wengert{3} => [ 1.000, -1.000, -147.254,  611.112, -679.487,  237.125]
Wengert{4} => [-0.000,  0.000,  124.884, -657.442,  821.963, -311.450]
Wengert{5} => [ 0.000, -0.000, -38.219,  231.107, -311.450,  124.580]

		PolynomialSplineRegressor.N6Ck0._seg2_monotone=MONOTONIC    
		PolynomialSplineRegressor.N6Ck0._seg2_value_jack=Wengert{0} => [ 0.333,  0.667,  0.113, -2.664,  0.015,  1.204]

		PolynomialSplineRegressor.N6Ck0.FinishTime=Fri Nov 02 23:28:21 EDT 2018
		PolynomialSplineRegressor.N6Ck0.ExecTime=1032

		PolynomialSplineRegressor.N6Ck1.Success=true
		PolynomialSplineRegressor.N6Ck1._seg1_1_0=25.0
		PolynomialSplineRegressor.N6Ck1._seg1_3_0=20.249999999999886
		PolynomialSplineRegressor.N6Ck1._seg1_head_jack=Wengert{0} => [ 1.000,  0.000,  0.000,  0.000,  0.000,  0.000]
Wengert{1} => [ 1.000,  0.000,  2.000,  0.000,  0.000,  0.000]
Wengert{2} => [-7.819,  6.819, -11.637, -72.559,  81.540, -23.482]
Wengert{3} => [ 12.711, -12.711,  23.422,  224.355, -277.822,  91.140]
Wengert{4} => [-9.932,  9.932, -19.864, -231.508,  308.418, -109.991]
Wengert{5} => [ 3.040, -3.040,  6.079,  79.711, -112.135,  42.332]

		PolynomialSplineRegressor.N6Ck1._seg1_jack=Wengert{0} => [ 1.000,  0.000,  0.000,  0.000,  0.000,  0.000]
Wengert{1} => [ 1.000,  0.000,  2.000,  0.000,  0.000,  0.000]
Wengert{2} => [-7.819,  6.819, -11.637, -72.559,  81.540, -23.482]
Wengert{3} => [ 12.711, -12.711,  23.422,  224.355, -277.822,  91.140]
Wengert{4} => [-9.932,  9.932, -19.864, -231.508,  308.418, -109.991]
Wengert{5} => [ 3.040, -3.040,  6.079,  79.711, -112.135,  42.332]

		PolynomialSplineRegressor.N6Ck1._seg1_monotone=MONOTONIC    
		PolynomialSplineRegressor.N6Ck1._seg2_3_0=20.249999999999886
		PolynomialSplineRegressor.N6Ck1._seg2_6_0=14.000000000000867
		PolynomialSplineRegressor.N6Ck1._seg2_head_jack=Wengert{0} => [ 1.000,  0.000,  0.000,  0.000,  0.000,  0.000]
Wengert{1} => [ 1.000,  0.000,  3.000,  0.000,  0.000,  0.000]
Wengert{2} => [-7.819,  6.819, -17.456, -244.885,  275.196, -79.251]
Wengert{3} => [ 12.711, -12.711,  35.133,  757.200, -937.650,  307.598]
Wengert{4} => [-9.932,  9.932, -29.796, -781.338,  1040.910, -371.218]
Wengert{5} => [ 3.040, -3.040,  9.119,  269.024, -378.456,  142.871]

		PolynomialSplineRegressor.N6Ck1._seg2_jack=Wengert{0} => [ 1.000,  0.000,  0.000,  0.000,  0.000,  0.000]
Wengert{1} => [ 1.000,  0.000,  3.000,  0.000,  0.000,  0.000]
Wengert{2} => [-7.819,  6.819, -17.456, -244.885,  275.196, -79.251]
Wengert{3} => [ 12.711, -12.711,  35.133,  757.200, -937.650,  307.598]
Wengert{4} => [-9.932,  9.932, -29.796, -781.338,  1040.910, -371.218]
Wengert{5} => [ 3.040, -3.040,  9.119,  269.024, -378.456,  142.871]

		PolynomialSplineRegressor.N6Ck1._seg2_monotone=MONOTONIC    
		PolynomialSplineRegressor.N6Ck1._seg2_value_jack=Wengert{0} => [ 0.324,  0.676, -0.027, -2.777,  0.214,  1.149]

		PolynomialSplineRegressor.N6Ck1.FinishTime=Fri Nov 02 23:28:21 EDT 2018
		PolynomialSplineRegressor.N6Ck1.ExecTime=939

		PolynomialSplineRegressor.N6Ck2.Success=true
		PolynomialSplineRegressor.N6Ck2._seg1_1_0=25.0
		PolynomialSplineRegressor.N6Ck2._seg1_3_0=20.25000000000064
		PolynomialSplineRegressor.N6Ck2._seg1_head_jack=Wengert{0} => [ 1.000,  0.000,  0.000,  0.000,  0.000,  0.000]
Wengert{1} => [ 1.000,  0.000,  2.000,  0.000,  0.000,  0.000]
Wengert{2} => [-1.000,  0.000,  2.000,  2.000,  0.000,  0.000]
Wengert{3} => [-8.372,  8.372, -18.745, -6.184, -25.697,  18.533]
Wengert{4} => [ 11.823, -11.823,  23.647,  6.381,  48.255, -35.069]
Wengert{5} => [-4.451,  4.451, -8.902, -2.197, -22.558,  16.536]

		PolynomialSplineRegressor.N6Ck2._seg1_jack=Wengert{0} => [ 1.000,  0.000,  0.000,  0.000,  0.000,  0.000]
Wengert{1} => [ 1.000,  0.000,  2.000,  0.000,  0.000,  0.000]
Wengert{2} => [-1.000,  0.000,  2.000,  2.000,  0.000,  0.000]
Wengert{3} => [-8.372,  8.372, -18.745, -6.184, -25.697,  18.533]
Wengert{4} => [ 11.823, -11.823,  23.647,  6.381,  48.255, -35.069]
Wengert{5} => [-4.451,  4.451, -8.902, -2.197, -22.558,  16.536]

		PolynomialSplineRegressor.N6Ck2._seg1_monotone=MONOTONIC    
		PolynomialSplineRegressor.N6Ck2._seg2_3_0=20.25000000000064
		PolynomialSplineRegressor.N6Ck2._seg2_6_0=14.0
		PolynomialSplineRegressor.N6Ck2._seg2_head_jack=Wengert{0} => [ 1.000,  0.000,  0.000,  0.000,  0.000,  0.000]
Wengert{1} => [ 1.000,  0.000,  3.000,  0.000,  0.000,  0.000]
Wengert{2} => [-1.000,  0.000,  3.000,  4.500,  0.000,  0.000]
Wengert{3} => [-8.372,  8.372, -28.117, -13.914, -86.727,  62.549]
Wengert{4} => [ 11.823, -11.823,  35.470,  14.358,  162.860, -118.357]
Wengert{5} => [-4.451,  4.451, -13.353, -4.944, -76.133,  55.808]

		PolynomialSplineRegressor.N6Ck2._seg2_jack=Wengert{0} => [ 1.000,  0.000,  0.000,  0.000,  0.000,  0.000]
Wengert{1} => [ 1.000,  0.000,  3.000,  0.000,  0.000,  0.000]
Wengert{2} => [-1.000,  0.000,  3.000,  4.500,  0.000,  0.000]
Wengert{3} => [-8.372,  8.372, -28.117, -13.914, -86.727,  62.549]
Wengert{4} => [ 11.823, -11.823,  35.470,  14.358,  162.860, -118.357]
Wengert{5} => [-4.451,  4.451, -13.353, -4.944, -76.133,  55.808]

		PolynomialSplineRegressor.N6Ck2._seg2_monotone=MONOTONIC    
		PolynomialSplineRegressor.N6Ck2._seg2_value_jack=Wengert{0} => [ 0.402,  0.598,  0.205,  0.051, -2.907,  2.048]

		PolynomialSplineRegressor.N6Ck2.FinishTime=Fri Nov 02 23:28:21 EDT 2018
		PolynomialSplineRegressor.N6Ck2.ExecTime=848

		PolynomialSplineRegressor.N6Ck3.Success=true
		PolynomialSplineRegressor.N6Ck3._seg1_1_0=25.0
		PolynomialSplineRegressor.N6Ck3._seg1_3_0=20.250000000000018
		PolynomialSplineRegressor.N6Ck3._seg1_head_jack=Wengert{0} => [ 1.000,  0.000,  0.000,  0.000,  0.000,  0.000]
Wengert{1} => [ 1.000,  0.000,  2.000,  0.000,  0.000,  0.000]
Wengert{2} => [-1.000,  0.000,  2.000,  2.000,  0.000,  0.000]
Wengert{3} => [ 0.002,  0.000, -2.000,  2.000,  1.333,  0.000]
Wengert{4} => [-3.903,  3.899, -7.797, -8.987, -2.504, -0.267]
Wengert{5} => [ 2.901, -2.899,  5.797,  4.987,  1.170,  0.267]

		PolynomialSplineRegressor.N6Ck3._seg1_jack=Wengert{0} => [ 1.000,  0.000,  0.000,  0.000,  0.000,  0.000]
Wengert{1} => [ 1.000,  0.000,  2.000,  0.000,  0.000,  0.000]
Wengert{2} => [-1.000,  0.000,  2.000,  2.000,  0.000,  0.000]
Wengert{3} => [ 0.002,  0.000, -2.000,  2.000,  1.333,  0.000]
Wengert{4} => [-3.903,  3.899, -7.797, -8.987, -2.504, -0.267]
Wengert{5} => [ 2.901, -2.899,  5.797,  4.987,  1.170,  0.267]

		PolynomialSplineRegressor.N6Ck3._seg1_monotone=MONOTONIC    
		PolynomialSplineRegressor.N6Ck3._seg2_3_0=20.250000000000018
		PolynomialSplineRegressor.N6Ck3._seg2_6_0=14.00000000000001
		PolynomialSplineRegressor.N6Ck3._seg2_head_jack=Wengert{0} => [ 1.000,  0.000,  0.000,  0.000,  0.000,  0.000]
Wengert{1} => [ 1.000,  0.000,  3.000,  0.000,  0.000,  0.000]
Wengert{2} => [-1.000,  0.000,  3.000,  4.500,  0.000,  0.000]
Wengert{3} => [ 0.002,  0.000, -3.000,  4.500,  4.500,  0.000]
Wengert{4} => [-3.903,  3.899, -11.696, -20.221, -8.450, -0.900]
Wengert{5} => [ 2.901, -2.899,  8.696,  11.221,  3.950,  0.900]

		PolynomialSplineRegressor.N6Ck3._seg2_jack=Wengert{0} => [ 1.000,  0.000,  0.000,  0.000,  0.000,  0.000]
Wengert{1} => [ 1.000,  0.000,  3.000,  0.000,  0.000,  0.000]
Wengert{2} => [-1.000,  0.000,  3.000,  4.500,  0.000,  0.000]
Wengert{3} => [ 0.002,  0.000, -3.000,  4.500,  4.500,  0.000]
Wengert{4} => [-3.903,  3.899, -11.696, -20.221, -8.450, -0.900]
Wengert{5} => [ 2.901, -2.899,  8.696,  11.221,  3.950,  0.900]

		PolynomialSplineRegressor.N6Ck3._seg2_monotone=MONOTONIC    
		PolynomialSplineRegressor.N6Ck3._seg2_value_jack=Wengert{0} => [ 0.682,  0.318,  1.047,  0.668,  0.151, -0.048]

		PolynomialSplineRegressor.N6Ck3.FinishTime=Fri Nov 02 23:28:21 EDT 2018
		PolynomialSplineRegressor.N6Ck3.ExecTime=662

		PolynomialSplineRegressor.N6Ck4.Success=true
		PolynomialSplineRegressor.N6Ck4._seg1_1_0=25.0
		PolynomialSplineRegressor.N6Ck4._seg1_3_0=20.250000000000455
		PolynomialSplineRegressor.N6Ck4._seg1_head_jack=Wengert{0} => [ 1.000,  0.000,  0.000,  0.000,  0.000,  0.000]
Wengert{1} => [ 1.000,  0.000,  2.000,  0.000,  0.000,  0.000]
Wengert{2} => [-1.000,  0.000,  2.000,  2.000,  0.000,  0.000]
Wengert{3} => [ 0.002,  0.000, -2.000,  2.000,  1.333,  0.000]
Wengert{4} => [-110.644,  0.000,  0.004, -2.000,  1.333,  0.667]
Wengert{5} => [ 109.642,  1.000, -2.004, -2.000, -2.667, -0.667]

		PolynomialSplineRegressor.N6Ck4._seg1_jack=Wengert{0} => [ 1.000,  0.000,  0.000,  0.000,  0.000,  0.000]
Wengert{1} => [ 1.000,  0.000,  2.000,  0.000,  0.000,  0.000]
Wengert{2} => [-1.000,  0.000,  2.000,  2.000,  0.000,  0.000]
Wengert{3} => [ 0.002,  0.000, -2.000,  2.000,  1.333,  0.000]
Wengert{4} => [-110.644,  0.000,  0.004, -2.000,  1.333,  0.667]
Wengert{5} => [ 109.642,  1.000, -2.004, -2.000, -2.667, -0.667]

		PolynomialSplineRegressor.N6Ck4._seg1_monotone=MONOTONIC    
		PolynomialSplineRegressor.N6Ck4._seg2_3_0=20.250000000000455
		PolynomialSplineRegressor.N6Ck4._seg2_6_0=14.000000000000455
		PolynomialSplineRegressor.N6Ck4._seg2_head_jack=Wengert{0} => [ 1.000,  0.000,  0.000,  0.000,  0.000,  0.000]
Wengert{1} => [ 1.000,  0.000,  3.000,  0.000,  0.000,  0.000]
Wengert{2} => [-1.000,  0.000,  3.000,  4.500,  0.000,  0.000]
Wengert{3} => [ 0.002,  0.000, -3.000,  4.500,  4.500,  0.000]
Wengert{4} => [-110.644,  0.000,  0.007, -4.500,  4.500,  3.375]
Wengert{5} => [ 109.642,  1.000, -3.007, -4.500, -9.000, -3.375]

		PolynomialSplineRegressor.N6Ck4._seg2_jack=Wengert{0} => [ 1.000,  0.000,  0.000,  0.000,  0.000,  0.000]
Wengert{1} => [ 1.000,  0.000,  3.000,  0.000,  0.000,  0.000]
Wengert{2} => [-1.000,  0.000,  3.000,  4.500,  0.000,  0.000]
Wengert{3} => [ 0.002,  0.000, -3.000,  4.500,  4.500,  0.000]
Wengert{4} => [-110.644,  0.000,  0.007, -4.500,  4.500,  3.375]
Wengert{5} => [ 109.642,  1.000, -3.007, -4.500, -9.000, -3.375]

		PolynomialSplineRegressor.N6Ck4._seg2_monotone=MONOTONIC    
		PolynomialSplineRegressor.N6Ck4._seg2_value_jack=Wengert{0} => [-5.068,  0.108,  1.677,  1.515,  0.848,  0.182]

		PolynomialSplineRegressor.N6Ck4.FinishTime=Fri Nov 02 23:28:21 EDT 2018
		PolynomialSplineRegressor.N6Ck4.ExecTime=576

		PolynomialSplineRegressor.N7Ck0.Success=true
		PolynomialSplineRegressor.N7Ck0._seg1_1_0=25.0
		PolynomialSplineRegressor.N7Ck0._seg1_3_0=20.249999999999563
		PolynomialSplineRegressor.N7Ck0._seg1_head_jack=Wengert{0} => [ 1.000,  0.000,  0.000,  0.000,  0.000,  0.000,  0.000]
Wengert{1} => [-0.000,  1.000, -3.617, -9.425,  22.905, -17.971,  5.396]
Wengert{2} => [-2.000,  1.000,  22.098, -73.131,  106.641, -75.500,  20.798]
Wengert{3} => [ 1.000, -1.000, -60.090,  1046.450, -2674.806,  2515.743, -815.161]
Wengert{4} => [-0.000,  0.000,  83.736, -2651.901,  7266.572, -7035.829,  2314.516]
Wengert{5} => [ 0.000, -0.000, -57.529,  2497.772, -7035.829,  6901.879, -2288.322]
Wengert{6} => [-0.000,  0.000,  15.401, -809.765,  2314.516, -2288.322,  762.774]

		PolynomialSplineRegressor.N7Ck0._seg1_jack=Wengert{0} => [ 1.000,  0.000,  0.000,  0.000,  0.000,  0.000,  0.000]
Wengert{1} => [-0.000,  1.000, -3.617, -9.425,  22.905, -17.971,  5.396]
Wengert{2} => [-2.000,  1.000,  22.098, -73.131,  106.641, -75.500,  20.798]
Wengert{3} => [ 1.000, -1.000, -60.090,  1046.450, -2674.806,  2515.743, -815.161]
Wengert{4} => [-0.000,  0.000,  83.736, -2651.901,  7266.572, -7035.829,  2314.516]
Wengert{5} => [ 0.000, -0.000, -57.529,  2497.772, -7035.829,  6901.879, -2288.322]
Wengert{6} => [-0.000,  0.000,  15.401, -809.765,  2314.516, -2288.322,  762.774]

		PolynomialSplineRegressor.N7Ck0._seg1_monotone=MONOTONIC    
		PolynomialSplineRegressor.N7Ck0._seg2_3_0=20.249999999999563
		PolynomialSplineRegressor.N7Ck0._seg2_6_0=13.999999999999392
		PolynomialSplineRegressor.N7Ck0._seg2_head_jack=Wengert{0} => [ 1.000,  0.000,  0.000,  0.000,  0.000,  0.000,  0.000]
Wengert{1} => [-0.000,  1.000, -12.206, -31.808,  77.305, -60.653,  18.212]
Wengert{2} => [-2.000,  1.000,  74.579, -246.818,  359.915, -254.812,  70.192]
Wengert{3} => [ 1.000, -1.000, -202.804,  3531.769, -9027.470,  8490.633, -2751.169]
Wengert{4} => [-0.000,  0.000,  282.609, -8950.165,  24524.682, -23745.922,  7811.491]
Wengert{5} => [ 0.000, -0.000, -194.159,  8429.980, -23745.922,  23293.841, -7723.087]
Wengert{6} => [-0.000,  0.000,  51.980, -2732.958,  7811.491, -7723.087,  2574.362]

		PolynomialSplineRegressor.N7Ck0._seg2_jack=Wengert{0} => [ 1.000,  0.000,  0.000,  0.000,  0.000,  0.000,  0.000]
Wengert{1} => [-0.000,  1.000, -12.206, -31.808,  77.305, -60.653,  18.212]
Wengert{2} => [-2.000,  1.000,  74.579, -246.818,  359.915, -254.812,  70.192]
Wengert{3} => [ 1.000, -1.000, -202.804,  3531.769, -9027.470,  8490.633, -2751.169]
Wengert{4} => [-0.000,  0.000,  282.609, -8950.165,  24524.682, -23745.922,  7811.491]
Wengert{5} => [ 0.000, -0.000, -194.159,  8429.980, -23745.922,  23293.841, -7723.087]
Wengert{6} => [-0.000,  0.000,  51.980, -2732.958,  7811.491, -7723.087,  2574.362]

		PolynomialSplineRegressor.N7Ck0._seg2_monotone=MONOTONIC    
		PolynomialSplineRegressor.N7Ck0._seg2_value_jack=Wengert{0} => [ 0.333,  0.667, -0.214,  14.567, -49.237,  49.897, -16.231]

		PolynomialSplineRegressor.N7Ck0.FinishTime=Fri Nov 02 23:28:21 EDT 2018
		PolynomialSplineRegressor.N7Ck0.ExecTime=1582

		PolynomialSplineRegressor.N7Ck1.Success=true
		PolynomialSplineRegressor.N7Ck1._seg1_1_0=25.0
		PolynomialSplineRegressor.N7Ck1._seg1_3_0=20.249999999985732
		PolynomialSplineRegressor.N7Ck1._seg1_head_jack=Wengert{0} => [ 1.000,  0.000,  0.000,  0.000,  0.000,  0.000,  0.000]
Wengert{1} => [ 1.000,  0.000,  2.000,  0.000,  0.000,  0.000,  0.000]
Wengert{2} => [-8.110,  7.110, -12.220, -130.715,  246.591, -185.303,  53.767]
Wengert{3} => [ 17.615, -17.615,  33.229,  1203.038, -3055.370,  2814.330, -904.815]
Wengert{4} => [-23.153,  23.153, -46.305, -2870.107,  7796.893, -7451.914,  2439.450]
Wengert{5} => [ 15.906, -15.906,  31.813,  2647.685, -7400.171,  7187.738, -2374.155]
Wengert{6} => [-4.258,  4.258, -8.517, -849.900,  2412.057, -2364.852,  785.753]

		PolynomialSplineRegressor.N7Ck1._seg1_jack=Wengert{0} => [ 1.000,  0.000,  0.000,  0.000,  0.000,  0.000,  0.000]
Wengert{1} => [ 1.000,  0.000,  2.000,  0.000,  0.000,  0.000,  0.000]
Wengert{2} => [-8.110,  7.110, -12.220, -130.715,  246.591, -185.303,  53.767]
Wengert{3} => [ 17.615, -17.615,  33.229,  1203.038, -3055.370,  2814.330, -904.815]
Wengert{4} => [-23.153,  23.153, -46.305, -2870.107,  7796.893, -7451.914,  2439.450]
Wengert{5} => [ 15.906, -15.906,  31.813,  2647.685, -7400.171,  7187.738, -2374.155]
Wengert{6} => [-4.258,  4.258, -8.517, -849.900,  2412.057, -2364.852,  785.753]

		PolynomialSplineRegressor.N7Ck1._seg1_monotone=MONOTONIC    
		PolynomialSplineRegressor.N7Ck1._seg2_3_0=20.249999999985732
		PolynomialSplineRegressor.N7Ck1._seg2_6_0=14.000000000006366
		PolynomialSplineRegressor.N7Ck1._seg2_head_jack=Wengert{0} => [ 1.000,  0.000,  0.000,  0.000,  0.000,  0.000,  0.000]
Wengert{1} => [ 1.000,  0.000,  3.000,  0.000,  0.000,  0.000,  0.000]
Wengert{2} => [-8.110,  7.110, -18.330, -441.164,  832.244, -625.397,  181.464]
Wengert{3} => [ 17.615, -17.615,  49.844,  4060.252, -10311.873,  9498.364, -3053.752]
Wengert{4} => [-23.153,  23.153, -69.458, -9686.613,  26314.513, -25150.208,  8233.143]
Wengert{5} => [ 15.906, -15.906,  47.719,  8935.936, -24975.577,  24258.617, -8012.772]
Wengert{6} => [-4.258,  4.258, -12.775, -2868.412,  8140.692, -7981.376,  2651.916]

		PolynomialSplineRegressor.N7Ck1._seg2_jack=Wengert{0} => [ 1.000,  0.000,  0.000,  0.000,  0.000,  0.000,  0.000]
Wengert{1} => [ 1.000,  0.000,  3.000,  0.000,  0.000,  0.000,  0.000]
Wengert{2} => [-8.110,  7.110, -18.330, -441.164,  832.244, -625.397,  181.464]
Wengert{3} => [ 17.615, -17.615,  49.844,  4060.252, -10311.873,  9498.364, -3053.752]
Wengert{4} => [-23.153,  23.153, -69.458, -9686.613,  26314.513, -25150.208,  8233.143]
Wengert{5} => [ 15.906, -15.906,  47.719,  8935.936, -24975.577,  24258.617, -8012.772]
Wengert{6} => [-4.258,  4.258, -12.775, -2868.412,  8140.692, -7981.376,  2651.916]

		PolynomialSplineRegressor.N7Ck1._seg2_monotone=MONOTONIC    
		PolynomialSplineRegressor.N7Ck1._seg2_value_jack=Wengert{0} => [ 0.351,  0.649,  0.053,  15.125, -50.593,  50.962, -16.551]

		PolynomialSplineRegressor.N7Ck1.FinishTime=Fri Nov 02 23:28:21 EDT 2018
		PolynomialSplineRegressor.N7Ck1.ExecTime=1378

		PolynomialSplineRegressor.N7Ck2.Success=true
		PolynomialSplineRegressor.N7Ck2._seg1_1_0=25.0
		PolynomialSplineRegressor.N7Ck2._seg1_3_0=20.25000000021339
		PolynomialSplineRegressor.N7Ck2._seg1_head_jack=Wengert{0} => [ 1.000,  0.000,  0.000,  0.000,  0.000,  0.000,  0.000]
Wengert{1} => [ 1.000,  0.000,  2.000,  0.000,  0.000,  0.000,  0.000]
Wengert{2} => [-1.000,  0.000,  2.000,  2.000,  0.000,  0.000,  0.000]
Wengert{3} => [-47.821,  47.821, -97.643, -18.407, -785.870,  1108.894, -409.969]
Wengert{4} => [ 132.959, -132.959,  265.919,  43.914,  2382.508, -3383.225,  1258.886]
Wengert{5} => [-128.107,  128.107, -256.215, -40.511, -2405.381,  3434.358, -1285.081]
Wengert{6} => [ 41.970, -41.970,  83.939,  13.004,  808.743, -1160.027,  436.163]

		PolynomialSplineRegressor.N7Ck2._seg1_jack=Wengert{0} => [ 1.000,  0.000,  0.000,  0.000,  0.000,  0.000,  0.000]
Wengert{1} => [ 1.000,  0.000,  2.000,  0.000,  0.000,  0.000,  0.000]
Wengert{2} => [-1.000,  0.000,  2.000,  2.000,  0.000,  0.000,  0.000]
Wengert{3} => [-47.821,  47.821, -97.643, -18.407, -785.870,  1108.894, -409.969]
Wengert{4} => [ 132.959, -132.959,  265.919,  43.914,  2382.508, -3383.225,  1258.886]
Wengert{5} => [-128.107,  128.107, -256.215, -40.511, -2405.381,  3434.358, -1285.081]
Wengert{6} => [ 41.970, -41.970,  83.939,  13.004,  808.743, -1160.027,  436.163]

		PolynomialSplineRegressor.N7Ck2._seg1_monotone=MONOTONIC    
		PolynomialSplineRegressor.N7Ck2._seg2_3_0=20.25000000021339
		PolynomialSplineRegressor.N7Ck2._seg2_6_0=14.000000000130285
		PolynomialSplineRegressor.N7Ck2._seg2_head_jack=Wengert{0} => [ 1.000,  0.000,  0.000,  0.000,  0.000,  0.000,  0.000]
Wengert{1} => [ 1.000,  0.000,  3.000,  0.000,  0.000,  0.000,  0.000]
Wengert{2} => [-1.000,  0.000,  3.000,  4.500,  0.000,  0.000,  0.000]
Wengert{3} => [-47.821,  47.821, -146.464, -41.416, -2652.311,  3742.517, -1383.646]
Wengert{4} => [ 132.959, -132.959,  398.878,  98.806,  8040.965, -11418.384,  4248.742]
Wengert{5} => [-128.107,  128.107, -384.322, -91.149, -8118.160,  11590.959, -4337.147]
Wengert{6} => [ 41.970, -41.970,  125.909,  29.259,  2729.507, -3915.091,  1472.051]

		PolynomialSplineRegressor.N7Ck2._seg2_jack=Wengert{0} => [ 1.000,  0.000,  0.000,  0.000,  0.000,  0.000,  0.000]
Wengert{1} => [ 1.000,  0.000,  3.000,  0.000,  0.000,  0.000,  0.000]
Wengert{2} => [-1.000,  0.000,  3.000,  4.500,  0.000,  0.000,  0.000]
Wengert{3} => [-47.821,  47.821, -146.464, -41.416, -2652.311,  3742.517, -1383.646]
Wengert{4} => [ 132.959, -132.959,  398.878,  98.806,  8040.965, -11418.384,  4248.742]
Wengert{5} => [-128.107,  128.107, -384.322, -91.149, -8118.160,  11590.959, -4337.147]
Wengert{6} => [ 41.970, -41.970,  125.909,  29.259,  2729.507, -3915.091,  1472.051]

		PolynomialSplineRegressor.N7Ck2._seg2_monotone=MONOTONIC    
		PolynomialSplineRegressor.N7Ck2._seg2_value_jack=Wengert{0} => [ 0.107,  0.893, -0.679, -0.154, -22.060,  29.520, -10.329]

		PolynomialSplineRegressor.N7Ck2.FinishTime=Fri Nov 02 23:28:21 EDT 2018
		PolynomialSplineRegressor.N7Ck2.ExecTime=1242

		PolynomialSplineRegressor.N7Ck3.Success=true
		PolynomialSplineRegressor.N7Ck3._seg1_1_0=25.0
		PolynomialSplineRegressor.N7Ck3._seg1_3_0=20.250000000000014
		PolynomialSplineRegressor.N7Ck3._seg1_head_jack=Wengert{0} => [ 1.000,  0.000,  0.000,  0.000,  0.000,  0.000,  0.000]
Wengert{1} => [ 1.000,  0.000,  2.000,  0.000,  0.000,  0.000,  0.000]
Wengert{2} => [-1.000,  0.000,  2.000,  2.000,  0.000,  0.000,  0.000]
Wengert{3} => [ 0.002,  0.000, -2.000,  2.000,  1.333,  0.000,  0.000]
Wengert{4} => [-12.027,  12.020, -24.040, -17.954, -4.042, -21.411,  15.990]
Wengert{5} => [ 18.271, -18.264,  36.528,  21.951,  4.081,  40.270, -30.252]
Wengert{6} => [-7.246,  7.244, -14.487, -7.997, -1.372, -18.859,  14.262]

		PolynomialSplineRegressor.N7Ck3._seg1_jack=Wengert{0} => [ 1.000,  0.000,  0.000,  0.000,  0.000,  0.000,  0.000]
Wengert{1} => [ 1.000,  0.000,  2.000,  0.000,  0.000,  0.000,  0.000]
Wengert{2} => [-1.000,  0.000,  2.000,  2.000,  0.000,  0.000,  0.000]
Wengert{3} => [ 0.002,  0.000, -2.000,  2.000,  1.333,  0.000,  0.000]
Wengert{4} => [-12.027,  12.020, -24.040, -17.954, -4.042, -21.411,  15.990]
Wengert{5} => [ 18.271, -18.264,  36.528,  21.951,  4.081,  40.270, -30.252]
Wengert{6} => [-7.246,  7.244, -14.487, -7.997, -1.372, -18.859,  14.262]

		PolynomialSplineRegressor.N7Ck3._seg1_monotone=MONOTONIC    
		PolynomialSplineRegressor.N7Ck3._seg2_3_0=20.250000000000014
		PolynomialSplineRegressor.N7Ck3._seg2_6_0=14.000000000000007
		PolynomialSplineRegressor.N7Ck3._seg2_head_jack=Wengert{0} => [ 1.000,  0.000,  0.000,  0.000,  0.000,  0.000,  0.000]
Wengert{1} => [ 1.000,  0.000,  3.000,  0.000,  0.000,  0.000,  0.000]
Wengert{2} => [-1.000,  0.000,  3.000,  4.500,  0.000,  0.000,  0.000]
Wengert{3} => [ 0.002,  0.000, -3.000,  4.500,  4.500,  0.000,  0.000]
Wengert{4} => [-12.027,  12.020, -36.060, -40.396, -13.643, -72.262,  53.968]
Wengert{5} => [ 18.271, -18.264,  54.791,  49.389,  13.774,  135.911, -102.102]
Wengert{6} => [-7.246,  7.244, -21.731, -17.994, -4.631, -63.649,  48.134]

		PolynomialSplineRegressor.N7Ck3._seg2_jack=Wengert{0} => [ 1.000,  0.000,  0.000,  0.000,  0.000,  0.000,  0.000]
Wengert{1} => [ 1.000,  0.000,  3.000,  0.000,  0.000,  0.000,  0.000]
Wengert{2} => [-1.000,  0.000,  3.000,  4.500,  0.000,  0.000,  0.000]
Wengert{3} => [ 0.002,  0.000, -3.000,  4.500,  4.500,  0.000,  0.000]
Wengert{4} => [-12.027,  12.020, -36.060, -40.396, -13.643, -72.262,  53.968]
Wengert{5} => [ 18.271, -18.264,  54.791,  49.389,  13.774,  135.911, -102.102]
Wengert{6} => [-7.246,  7.244, -21.731, -17.994, -4.631, -63.649,  48.134]

		PolynomialSplineRegressor.N7Ck3._seg2_monotone=MONOTONIC    
		PolynomialSplineRegressor.N7Ck3._seg2_value_jack=Wengert{0} => [ 0.505,  0.495,  0.515,  0.228,  0.037, -1.607,  1.179]

		PolynomialSplineRegressor.N7Ck3.FinishTime=Fri Nov 02 23:28:21 EDT 2018
		PolynomialSplineRegressor.N7Ck3.ExecTime=1108

		PolynomialSplineRegressor.N7Ck4.Success=true
		PolynomialSplineRegressor.N7Ck4._seg1_1_0=25.0
		PolynomialSplineRegressor.N7Ck4._seg1_3_0=20.250000000000455
		PolynomialSplineRegressor.N7Ck4._seg1_head_jack=Wengert{0} => [ 1.000,  0.000,  0.000,  0.000,  0.000,  0.000,  0.000]
Wengert{1} => [ 1.000,  0.000,  2.000,  0.000,  0.000,  0.000,  0.000]
Wengert{2} => [-1.000,  0.000,  2.000,  2.000,  0.000,  0.000,  0.000]
Wengert{3} => [ 0.002,  0.000, -2.000,  2.000,  1.333,  0.000,  0.000]
Wengert{4} => [-110.644,  0.000,  0.004, -2.000,  1.333,  0.667,  0.000]
Wengert{5} => [ 203.749,  4.344, -8.696, -8.055, -6.029, -1.254, -0.178]
Wengert{6} => [-94.108, -3.344,  6.691,  6.055,  3.363,  0.587,  0.178]

		PolynomialSplineRegressor.N7Ck4._seg1_jack=Wengert{0} => [ 1.000,  0.000,  0.000,  0.000,  0.000,  0.000,  0.000]
Wengert{1} => [ 1.000,  0.000,  2.000,  0.000,  0.000,  0.000,  0.000]
Wengert{2} => [-1.000,  0.000,  2.000,  2.000,  0.000,  0.000,  0.000]
Wengert{3} => [ 0.002,  0.000, -2.000,  2.000,  1.333,  0.000,  0.000]
Wengert{4} => [-110.644,  0.000,  0.004, -2.000,  1.333,  0.667,  0.000]
Wengert{5} => [ 203.749,  4.344, -8.696, -8.055, -6.029, -1.254, -0.178]
Wengert{6} => [-94.108, -3.344,  6.691,  6.055,  3.363,  0.587,  0.178]

		PolynomialSplineRegressor.N7Ck4._seg1_monotone=MONOTONIC    
		PolynomialSplineRegressor.N7Ck4._seg2_3_0=20.250000000000455
		PolynomialSplineRegressor.N7Ck4._seg2_6_0=13.99999999999909
		PolynomialSplineRegressor.N7Ck4._seg2_head_jack=Wengert{0} => [ 1.000,  0.000,  0.000,  0.000,  0.000,  0.000,  0.000]
Wengert{1} => [ 1.000,  0.000,  3.000,  0.000,  0.000,  0.000,  0.000]
Wengert{2} => [-1.000,  0.000,  3.000,  4.500,  0.000,  0.000,  0.000]
Wengert{3} => [ 0.002,  0.000, -3.000,  4.500,  4.500,  0.000,  0.000]
Wengert{4} => [-110.644,  0.000,  0.007, -4.500,  4.500,  3.375,  0.000]
Wengert{5} => [ 203.749,  4.344, -13.044, -18.123, -20.349, -6.348, -0.599]
Wengert{6} => [-94.108, -3.344,  10.037,  13.623,  11.349,  2.973,  0.599]

		PolynomialSplineRegressor.N7Ck4._seg2_jack=Wengert{0} => [ 1.000,  0.000,  0.000,  0.000,  0.000,  0.000,  0.000]
Wengert{1} => [ 1.000,  0.000,  3.000,  0.000,  0.000,  0.000,  0.000]
Wengert{2} => [-1.000,  0.000,  3.000,  4.500,  0.000,  0.000,  0.000]
Wengert{3} => [ 0.002,  0.000, -3.000,  4.500,  4.500,  0.000,  0.000]
Wengert{4} => [-110.644,  0.000,  0.007, -4.500,  4.500,  3.375,  0.000]
Wengert{5} => [ 203.749,  4.344, -13.044, -18.123, -20.349, -6.348, -0.599]
Wengert{6} => [-94.108, -3.344,  10.037,  13.623,  11.349,  2.973,  0.599]

		PolynomialSplineRegressor.N7Ck4._seg2_monotone=MONOTONIC    
		PolynomialSplineRegressor.N7Ck4._seg2_value_jack=Wengert{0} => [-1.688,  0.228,  1.317,  1.026,  0.441,  0.075, -0.022]

		PolynomialSplineRegressor.N7Ck4.FinishTime=Fri Nov 02 23:28:21 EDT 2018
		PolynomialSplineRegressor.N7Ck4.ExecTime=3119

		PolynomialSplineRegressor.N7Ck5.Success=true
		PolynomialSplineRegressor.N7Ck5._seg1_1_0=25.0
		PolynomialSplineRegressor.N7Ck5._seg1_3_0=20.25000000745058
		PolynomialSplineRegressor.N7Ck5._seg1_head_jack=Wengert{0} => [ 1.000,  0.000,  0.000,  0.000,  0.000,  0.000,  0.000]
Wengert{1} => [ 1.000,  0.000,  2.000,  0.000,  0.000,  0.000,  0.000]
Wengert{2} => [-1.000,  0.000,  2.000,  2.000,  0.000,  0.000,  0.000]
Wengert{3} => [ 0.002,  0.000, -2.000,  2.000,  1.333,  0.000,  0.000]
Wengert{4} => [-110.644,  0.000,  0.004, -2.000,  1.333,  0.667,  0.000]
Wengert{5} => [ 2312735.336,  0.000, -221.288,  0.004, -1.333,  0.667,  0.267]
Wengert{6} => [-2312625.694,  1.000,  219.283, -2.004, -1.333, -1.333, -0.267]

		PolynomialSplineRegressor.N7Ck5._seg1_jack=Wengert{0} => [ 1.000,  0.000,  0.000,  0.000,  0.000,  0.000,  0.000]
Wengert{1} => [ 1.000,  0.000,  2.000,  0.000,  0.000,  0.000,  0.000]
Wengert{2} => [-1.000,  0.000,  2.000,  2.000,  0.000,  0.000,  0.000]
Wengert{3} => [ 0.002,  0.000, -2.000,  2.000,  1.333,  0.000,  0.000]
Wengert{4} => [-110.644,  0.000,  0.004, -2.000,  1.333,  0.667,  0.000]
Wengert{5} => [ 2312735.336,  0.000, -221.288,  0.004, -1.333,  0.667,  0.267]
Wengert{6} => [-2312625.694,  1.000,  219.283, -2.004, -1.333, -1.333, -0.267]

		PolynomialSplineRegressor.N7Ck5._seg1_monotone=MONOTONIC    
		PolynomialSplineRegressor.N7Ck5._seg2_3_0=20.25000000745058
		PolynomialSplineRegressor.N7Ck5._seg2_6_0=14.0
		PolynomialSplineRegressor.N7Ck5._seg2_head_jack=Wengert{0} => [ 1.000,  0.000,  0.000,  0.000,  0.000,  0.000,  0.000]
Wengert{1} => [ 1.000,  0.000,  3.000,  0.000,  0.000,  0.000,  0.000]
Wengert{2} => [-1.000,  0.000,  3.000,  4.500,  0.000,  0.000,  0.000]
Wengert{3} => [ 0.002,  0.000, -3.000,  4.500,  4.500,  0.000,  0.000]
Wengert{4} => [-110.644,  0.000,  0.007, -4.500,  4.500,  3.375,  0.000]
Wengert{5} => [ 2312735.336,  0.000, -331.931,  0.010, -4.500,  3.375,  2.025]
Wengert{6} => [-2312625.694,  1.000,  328.925, -4.510, -4.500, -6.750, -2.025]

		PolynomialSplineRegressor.N7Ck5._seg2_jack=Wengert{0} => [ 1.000,  0.000,  0.000,  0.000,  0.000,  0.000,  0.000]
Wengert{1} => [ 1.000,  0.000,  3.000,  0.000,  0.000,  0.000,  0.000]
Wengert{2} => [-1.000,  0.000,  3.000,  4.500,  0.000,  0.000,  0.000]
Wengert{3} => [ 0.002,  0.000, -3.000,  4.500,  4.500,  0.000,  0.000]
Wengert{4} => [-110.644,  0.000,  0.007, -4.500,  4.500,  3.375,  0.000]
Wengert{5} => [ 2312735.336,  0.000, -331.931,  0.010, -4.500,  3.375,  2.025]
Wengert{6} => [-2312625.694,  1.000,  328.925, -4.510, -4.500, -6.750, -2.025]

		PolynomialSplineRegressor.N7Ck5._seg2_monotone=MONOTONIC    
		PolynomialSplineRegressor.N7Ck5._seg2_value_jack=Wengert{0} => [ 83052.196,  0.072, -10.136,  1.677,  1.010,  0.424,  0.073]

		PolynomialSplineRegressor.N7Ck5.FinishTime=Fri Nov 02 23:28:21 EDT 2018
		PolynomialSplineRegressor.N7Ck5.ExecTime=704

		PolynomialSplineRegressor.ExpTension.Success=true
		PolynomialSplineRegressor.ExpTension._seg1_1_0=24.999999999999986
		PolynomialSplineRegressor.ExpTension._seg1_3_0=20.249999999999996
		PolynomialSplineRegressor.ExpTension._seg1_head_jack=Wengert{0} => [ 3.000,  0.000, -4.000, -4.000]
Wengert{1} => [ 6.216, -5.708,  25.814,  12.399]
Wengert{2} => [-3.608,  2.854, -9.907, -4.200]
Wengert{3} => [ 1.608, -2.854,  13.907,  8.200]

		PolynomialSplineRegressor.ExpTension._seg1_jack=Wengert{0} => [ 3.000,  0.000, -4.000, -4.000]
Wengert{1} => [ 6.216, -5.708,  25.814,  12.399]
Wengert{2} => [-3.608,  2.854, -9.907, -4.200]
Wengert{3} => [ 1.608, -2.854,  13.907,  8.200]

		PolynomialSplineRegressor.ExpTension._seg1_monotone=MONOTONIC    
		PolynomialSplineRegressor.ExpTension._seg2_3_0=20.249999999999975
		PolynomialSplineRegressor.ExpTension._seg2_6_0=13.999999999999956
		PolynomialSplineRegressor.ExpTension._seg2_head_jack=Wengert{0} => [ 3.000,  0.000, -6.000, -9.000]
Wengert{1} => [ 6.216, -5.708,  38.722,  27.898]
Wengert{2} => [-3.608,  2.854, -14.861, -9.449]
Wengert{3} => [ 1.608, -2.854,  20.861,  18.449]

		PolynomialSplineRegressor.ExpTension._seg2_jack=Wengert{0} => [ 3.000,  0.000, -6.000, -9.000]
Wengert{1} => [ 6.216, -5.708,  38.722,  27.898]
Wengert{2} => [-3.608,  2.854, -14.861, -9.449]
Wengert{3} => [ 1.608, -2.854,  20.861,  18.449]

		PolynomialSplineRegressor.ExpTension._seg2_monotone=MONOTONIC    
		PolynomialSplineRegressor.ExpTension._seg2_value_jack=Wengert{0} => [ 0.771,  0.236,  1.293,  0.545]

		PolynomialSplineRegressor.ExpTension.FinishTime=Fri Nov 02 23:28:21 EDT 2018
		PolynomialSplineRegressor.ExpTension.ExecTime=149

		PolynomialSplineRegressor.HyperTension.Success=true
		PolynomialSplineRegressor.HyperTension._seg1_1_0=24.999999999999993
		PolynomialSplineRegressor.HyperTension._seg1_3_0=20.249999999999996
		PolynomialSplineRegressor.HyperTension._seg1_head_jack=Wengert{0} => [ 3.000, -0.000, -4.000, -4.000]
Wengert{1} => [ 6.216, -5.708,  25.814,  12.399]
Wengert{2} => [-2.000,  0.000,  4.000,  4.000]
Wengert{3} => [-5.216,  5.708, -23.814, -12.399]

		PolynomialSplineRegressor.HyperTension._seg1_jack=Wengert{0} => [ 3.000, -0.000, -4.000, -4.000]
Wengert{1} => [ 6.216, -5.708,  25.814,  12.399]
Wengert{2} => [-2.000,  0.000,  4.000,  4.000]
Wengert{3} => [-5.216,  5.708, -23.814, -12.399]

		PolynomialSplineRegressor.HyperTension._seg1_monotone=MONOTONIC    
		PolynomialSplineRegressor.HyperTension._seg2_3_0=20.249999999999986
		PolynomialSplineRegressor.HyperTension._seg2_6_0=13.999999999999982
		PolynomialSplineRegressor.HyperTension._seg2_head_jack=Wengert{0} => [ 3.000, -0.000, -6.000, -9.000]
Wengert{1} => [ 6.216, -5.708,  38.722,  27.898]
Wengert{2} => [-2.000,  0.000,  6.000,  9.000]
Wengert{3} => [-5.216,  5.708, -35.722, -27.898]

		PolynomialSplineRegressor.HyperTension._seg2_jack=Wengert{0} => [ 3.000, -0.000, -6.000, -9.000]
Wengert{1} => [ 6.216, -5.708,  38.722,  27.898]
Wengert{2} => [-2.000,  0.000,  6.000,  9.000]
Wengert{3} => [-5.216,  5.708, -35.722, -27.898]

		PolynomialSplineRegressor.HyperTension._seg2_monotone=MONOTONIC    
		PolynomialSplineRegressor.HyperTension._seg2_value_jack=Wengert{0} => [ 0.771,  0.236,  1.293,  0.545]

		PolynomialSplineRegressor.HyperTension.FinishTime=Fri Nov 02 23:28:21 EDT 2018
		PolynomialSplineRegressor.HyperTension.ExecTime=169

		PolynomialSplineRegressor.KP.Success=true
		PolynomialSplineRegressor.KP._seg1_1_0=25.0
		PolynomialSplineRegressor.KP._seg1_3_0=20.25
		PolynomialSplineRegressor.KP._seg1_head_jack=Wengert{0} => [ 1.000,  0.000,  0.000,  0.000]
Wengert{1} => [ 0.000,  1.000,  0.000,  0.000]
Wengert{2} => [ 2.000, -1.000,  2.000,  0.000]
Wengert{3} => [ 3.000, -2.000,  6.000,  2.000]

		PolynomialSplineRegressor.KP._seg1_jack=Wengert{0} => [ 1.000,  0.000,  0.000,  0.000]
Wengert{1} => [ 0.000,  1.000,  0.000,  0.000]
Wengert{2} => [ 2.000, -1.000,  2.000,  0.000]
Wengert{3} => [ 3.000, -2.000,  6.000,  2.000]

		PolynomialSplineRegressor.KP._seg1_monotone=MONOTONIC    
		PolynomialSplineRegressor.KP._seg2_3_0=20.25
		PolynomialSplineRegressor.KP._seg2_6_0=14.0
		PolynomialSplineRegressor.KP._seg2_head_jack=Wengert{0} => [ 1.000,  0.000,  0.000,  0.000]
Wengert{1} => [ 0.000,  1.000,  0.000,  0.000]
Wengert{2} => [ 2.000, -1.000,  3.000,  0.000]
Wengert{3} => [ 3.000, -2.000,  9.000,  4.500]

		PolynomialSplineRegressor.KP._seg2_jack=Wengert{0} => [ 1.000,  0.000,  0.000,  0.000]
Wengert{1} => [ 0.000,  1.000,  0.000,  0.000]
Wengert{2} => [ 2.000, -1.000,  3.000,  0.000]
Wengert{3} => [ 3.000, -2.000,  9.000,  4.500]

		PolynomialSplineRegressor.KP._seg2_monotone=MONOTONIC    
		PolynomialSplineRegressor.KP._seg2_value_jack=Wengert{0} => [ 0.758,  0.242,  1.273,  0.545]

		PolynomialSplineRegressor.KP.FinishTime=Fri Nov 02 23:28:21 EDT 2018
		PolynomialSplineRegressor.KP.ExecTime=275

		PolynomialSplineRegressor.Bern_N4Ck2.Success=true
		PolynomialSplineRegressor.Bern_N4Ck2._seg1_1_0=25.0
		PolynomialSplineRegressor.Bern_N4Ck2._seg1_3_0=20.25
		PolynomialSplineRegressor.Bern_N4Ck2._seg1_head_jack=Wengert{0} => [ 6.000,  0.000,  0.000,  0.000]
Wengert{1} => [ 8.000,  0.000,  4.000,  0.000]
Wengert{2} => [ 8.000,  0.000,  12.000,  4.000]
Wengert{3} => [ 0.000,  6.000,  0.000,  0.000]

		PolynomialSplineRegressor.Bern_N4Ck2._seg1_jack=Wengert{0} => [ 6.000,  0.000,  0.000,  0.000]
Wengert{1} => [ 8.000,  0.000,  4.000,  0.000]
Wengert{2} => [ 8.000,  0.000,  12.000,  4.000]
Wengert{3} => [ 0.000,  6.000,  0.000,  0.000]

		PolynomialSplineRegressor.Bern_N4Ck2._seg1_monotone=MONOTONIC    
		PolynomialSplineRegressor.Bern_N4Ck2._seg2_3_0=20.25
		PolynomialSplineRegressor.Bern_N4Ck2._seg2_6_0=14.0
		PolynomialSplineRegressor.Bern_N4Ck2._seg2_head_jack=Wengert{0} => [ 6.000,  0.000,  0.000,  0.000]
Wengert{1} => [ 8.000,  0.000,  6.000,  0.000]
Wengert{2} => [ 8.000,  0.000,  18.000,  9.000]
Wengert{3} => [ 0.000,  6.000,  0.000,  0.000]

		PolynomialSplineRegressor.Bern_N4Ck2._seg2_jack=Wengert{0} => [ 6.000,  0.000,  0.000,  0.000]
Wengert{1} => [ 8.000,  0.000,  6.000,  0.000]
Wengert{2} => [ 8.000,  0.000,  18.000,  9.000]
Wengert{3} => [ 0.000,  6.000,  0.000,  0.000]

		PolynomialSplineRegressor.Bern_N4Ck2._seg2_monotone=MONOTONIC    
		PolynomialSplineRegressor.Bern_N4Ck2._seg2_value_jack=Wengert{0} => [ 0.758,  0.242,  1.273,  0.545]

		PolynomialSplineRegressor.Bern_N4Ck2.FinishTime=Fri Nov 02 23:28:21 EDT 2018
		PolynomialSplineRegressor.Bern_N4Ck2.ExecTime=612

		PolynomialSplineRegressor.Hermite_N4Ck1.Success=true
		PolynomialSplineRegressor.Hermite_N4Ck1._seg1_0_0=1.0
		PolynomialSplineRegressor.Hermite_N4Ck1._seg1_1_0=4.0
		PolynomialSplineRegressor.Hermite_N4Ck1._seg1_head_jack=Wengert{0} => [ 1.000,  0.000,  0.000,  0.000]
Wengert{1} => [ 1.000,  0.000,  1.000,  0.000]
Wengert{2} => [-5.000,  4.000, -2.000, -1.000]
Wengert{3} => [ 3.000, -3.000,  1.000,  1.000]

		PolynomialSplineRegressor.Hermite_N4Ck1._seg1_jack=Wengert{0} => [ 1.000,  0.000,  0.000,  0.000]
Wengert{1} => [ 1.000,  0.000,  1.000,  0.000]
Wengert{2} => [-5.000,  4.000, -2.000, -1.000]
Wengert{3} => [ 3.000, -3.000,  1.000,  1.000]

		PolynomialSplineRegressor.Hermite_N4Ck1._seg1_monotone=MONOTONIC    
		PolynomialSplineRegressor.Hermite_N4Ck1._seg2_1_0=4.0
		PolynomialSplineRegressor.Hermite_N4Ck1._seg2_2_0=14.0
		PolynomialSplineRegressor.Hermite_N4Ck1._seg2_head_jack=Wengert{0} => [ 1.000,  0.000,  0.000,  0.000]
Wengert{1} => [ 1.000,  0.000,  1.000,  0.000]
Wengert{2} => [-5.000,  4.000, -2.000, -1.000]
Wengert{3} => [ 3.000, -3.000,  1.000,  1.000]

		PolynomialSplineRegressor.Hermite_N4Ck1._seg2_jack=Wengert{0} => [ 1.000,  0.000,  0.000,  0.000]
Wengert{1} => [ 1.000,  0.000,  1.000,  0.000]
Wengert{2} => [-5.000,  4.000, -2.000, -1.000]
Wengert{3} => [ 3.000, -3.000,  1.000,  1.000]

		PolynomialSplineRegressor.Hermite_N4Ck1._seg2_monotone=MONOTONIC    
		PolynomialSplineRegressor.Hermite_N4Ck1._seg2_value_jack=Wengert{0} => [ 0.500,  0.500,  0.100, -0.100]

		PolynomialSplineRegressor.Hermite_N4Ck1.FinishTime=Fri Nov 02 23:28:21 EDT 2018
		PolynomialSplineRegressor.Hermite_N4Ck1.ExecTime=94

		PolynomialSplineRegressor.Lagrange_Polynomial_Stretch.Success=true
		PolynomialSplineRegressor.Lagrange_Polynomial_Stretch.lpsr_locallymonotone=true
		PolynomialSplineRegressor.Lagrange_Polynomial_Stretch.lpsr_sm=MONOTONIC    
		PolynomialSplineRegressor.Lagrange_Polynomial_Stretch.lpsr_value=2.16
		PolynomialSplineRegressor.Lagrange_Polynomial_Stretch.lpsr_wj=Wengert{0} => [-0.041,  0.896,  0.171, -0.026]

		PolynomialSplineRegressor.Lagrange_Polynomial_Stretch.FinishTime=Fri Nov 02 23:28:21 EDT 2018
		PolynomialSplineRegressor.Lagrange_Polynomial_Stretch.ExecTime=79
	PolynomialSplineRegressor=> 17837 (mu-s): 27 / 28 succeeded.
	PolynomialSplineRegressor ends at Fri Nov 02 23:28:21 EDT 2018

	PolynomialSplineRegressor starts at Fri Nov 02 23:28:21 EDT 2018

		PolynomialSplineRegressor.N2Ck0.Success=true
		PolynomialSplineRegressor.N2Ck0._seg1_1_0=25.0
		PolynomialSplineRegressor.N2Ck0._seg1_3_0=20.25
		PolynomialSplineRegressor.N2Ck0._seg1_head_jack=Wengert{0} => [ 1.000,  0.000]
Wengert{1} => [-1.000,  1.000]

		PolynomialSplineRegressor.N2Ck0._seg1_jack=Wengert{0} => [ 1.000,  0.000]
Wengert{1} => [-1.000,  1.000]

		PolynomialSplineRegressor.N2Ck0._seg1_monotone=MONOTONIC    
		PolynomialSplineRegressor.N2Ck0._seg2_3_0=20.25
		PolynomialSplineRegressor.N2Ck0._seg2_6_0=14.0
		PolynomialSplineRegressor.N2Ck0._seg2_head_jack=Wengert{0} => [ 1.000,  0.000]
Wengert{1} => [-1.000,  1.000]

		PolynomialSplineRegressor.N2Ck0._seg2_jack=Wengert{0} => [ 1.000,  0.000]
Wengert{1} => [-1.000,  1.000]

		PolynomialSplineRegressor.N2Ck0._seg2_monotone=MONOTONIC    
		PolynomialSplineRegressor.N2Ck0._seg2_value_jack=Wengert{0} => [ 0.273,  0.545]

		PolynomialSplineRegressor.N2Ck0.FinishTime=Fri Nov 02 23:28:21 EDT 2018
		PolynomialSplineRegressor.N2Ck0.ExecTime=30

		PolynomialSplineRegressor.N3Ck0.Success=true
		PolynomialSplineRegressor.N3Ck0._seg1_1_0=25.0
		PolynomialSplineRegressor.N3Ck0._seg1_3_0=20.249999999999993
		PolynomialSplineRegressor.N3Ck0._seg1_head_jack=Wengert{0} => [ 1.000,  0.000,  0.000]
Wengert{1} => [-0.973,  1.973, -1.110]
Wengert{2} => [-0.027, -0.973,  1.110]

		PolynomialSplineRegressor.N3Ck0._seg1_jack=Wengert{0} => [ 1.000,  0.000,  0.000]
Wengert{1} => [-0.973,  1.973, -1.110]
Wengert{2} => [-0.027, -0.973,  1.110]

		PolynomialSplineRegressor.N3Ck0._seg1_monotone=MONOTONIC    
		PolynomialSplineRegressor.N3Ck0._seg2_3_0=20.249999999999993
		PolynomialSplineRegressor.N3Ck0._seg2_6_0=14.0
		PolynomialSplineRegressor.N3Ck0._seg2_head_jack=Wengert{0} => [ 1.000,  0.000,  0.000]
Wengert{1} => [-0.973,  1.973, -3.747]
Wengert{2} => [-0.027, -0.973,  3.747]

		PolynomialSplineRegressor.N3Ck0._seg2_jack=Wengert{0} => [ 1.000,  0.000,  0.000]
Wengert{1} => [-0.973,  1.973, -3.747]
Wengert{2} => [-0.027, -0.973,  3.747]

		PolynomialSplineRegressor.N3Ck0._seg2_monotone=MONOTONIC    
		PolynomialSplineRegressor.N3Ck0._seg2_value_jack=Wengert{0} => [ 0.278,  0.722, -0.681]

		PolynomialSplineRegressor.N3Ck0.FinishTime=Fri Nov 02 23:28:21 EDT 2018
		PolynomialSplineRegressor.N3Ck0.ExecTime=154

		PolynomialSplineRegressor.N3Ck1.Success=true
		PolynomialSplineRegressor.N3Ck1._seg1_1_0=25.0
		PolynomialSplineRegressor.N3Ck1._seg1_3_0=20.25
		PolynomialSplineRegressor.N3Ck1._seg1_head_jack=Wengert{0} => [ 1.000,  0.000,  0.000]
Wengert{1} => [ 1.000,  0.000,  2.000]
Wengert{2} => [-2.000,  1.000, -2.000]

		PolynomialSplineRegressor.N3Ck1._seg1_jack=Wengert{0} => [ 1.000,  0.000,  0.000]
Wengert{1} => [ 1.000,  0.000,  2.000]
Wengert{2} => [-2.000,  1.000, -2.000]

		PolynomialSplineRegressor.N3Ck1._seg1_monotone=MONOTONIC    
		PolynomialSplineRegressor.N3Ck1._seg2_3_0=20.25
		PolynomialSplineRegressor.N3Ck1._seg2_6_0=14.0
		PolynomialSplineRegressor.N3Ck1._seg2_head_jack=Wengert{0} => [ 1.000,  0.000,  0.000]
Wengert{1} => [ 1.000,  0.000,  3.000]
Wengert{2} => [-2.000,  1.000, -3.000]

		PolynomialSplineRegressor.N3Ck1._seg2_jack=Wengert{0} => [ 1.000,  0.000,  0.000]
Wengert{1} => [ 1.000,  0.000,  3.000]
Wengert{2} => [-2.000,  1.000, -3.000]

		PolynomialSplineRegressor.N3Ck1._seg2_monotone=MONOTONIC    
		PolynomialSplineRegressor.N3Ck1._seg2_value_jack=Wengert{0} => [ 0.636,  0.364,  0.545]

		PolynomialSplineRegressor.N3Ck1.FinishTime=Fri Nov 02 23:28:21 EDT 2018
		PolynomialSplineRegressor.N3Ck1.ExecTime=46

		PolynomialSplineRegressor.N4Ck0.Success=true
		PolynomialSplineRegressor.N4Ck0._seg1_1_0=25.0
		PolynomialSplineRegressor.N4Ck0._seg1_3_0=20.24999999999999
		PolynomialSplineRegressor.N4Ck0._seg1_head_jack=Wengert{0} => [ 1.000,  0.000,  0.000,  0.000]
Wengert{1} => [ 0.000,  1.000, -5.677,  3.425]
Wengert{2} => [-2.000,  1.000,  10.368, -6.943]
Wengert{3} => [ 1.000, -1.000, -4.692,  3.519]

		PolynomialSplineRegressor.N4Ck0._seg1_jack=Wengert{0} => [ 1.000,  0.000,  0.000,  0.000]
Wengert{1} => [ 0.000,  1.000, -5.677,  3.425]
Wengert{2} => [-2.000,  1.000,  10.368, -6.943]
Wengert{3} => [ 1.000, -1.000, -4.692,  3.519]

		PolynomialSplineRegressor.N4Ck0._seg1_monotone=MONOTONIC    
		PolynomialSplineRegressor.N4Ck0._seg2_3_0=20.24999999999999
		PolynomialSplineRegressor.N4Ck0._seg2_6_0=14.000000000000004
		PolynomialSplineRegressor.N4Ck0._seg2_head_jack=Wengert{0} => [ 1.000,  0.000,  0.000,  0.000]
Wengert{1} => [-0.000,  1.000, -19.159,  11.559]
Wengert{2} => [-2.000,  1.000,  34.993, -23.434]
Wengert{3} => [ 1.000, -1.000, -15.834,  11.875]

		PolynomialSplineRegressor.N4Ck0._seg2_jack=Wengert{0} => [ 1.000,  0.000,  0.000,  0.000]
Wengert{1} => [-0.000,  1.000, -19.159,  11.559]
Wengert{2} => [-2.000,  1.000,  34.993, -23.434]
Wengert{3} => [ 1.000, -1.000, -15.834,  11.875]

		PolynomialSplineRegressor.N4Ck0._seg2_monotone=MONOTONIC    
		PolynomialSplineRegressor.N4Ck0._seg2_value_jack=Wengert{0} => [ 0.333,  0.667, -1.564,  0.662]

		PolynomialSplineRegressor.N4Ck0.FinishTime=Fri Nov 02 23:28:21 EDT 2018
		PolynomialSplineRegressor.N4Ck0.ExecTime=201

		PolynomialSplineRegressor.N4Ck1.Success=true
		PolynomialSplineRegressor.N4Ck1._seg1_1_0=25.0
		PolynomialSplineRegressor.N4Ck1._seg1_3_0=20.25
		PolynomialSplineRegressor.N4Ck1._seg1_head_jack=Wengert{0} => [ 1.000,  0.000,  0.000,  0.000]
Wengert{1} => [ 1.000,  0.000,  2.000,  0.000]
Wengert{2} => [-3.826,  2.826, -3.653, -0.688]
Wengert{3} => [ 1.826, -1.826,  1.653,  0.688]

		PolynomialSplineRegressor.N4Ck1._seg1_jack=Wengert{0} => [ 1.000,  0.000,  0.000,  0.000]
Wengert{1} => [ 1.000,  0.000,  2.000,  0.000]
Wengert{2} => [-3.826,  2.826, -3.653, -0.688]
Wengert{3} => [ 1.826, -1.826,  1.653,  0.688]

		PolynomialSplineRegressor.N4Ck1._seg1_monotone=MONOTONIC    
		PolynomialSplineRegressor.N4Ck1._seg2_3_0=20.25
		PolynomialSplineRegressor.N4Ck1._seg2_6_0=14.000000000000004
		PolynomialSplineRegressor.N4Ck1._seg2_head_jack=Wengert{0} => [ 1.000,  0.000,  0.000,  0.000]
Wengert{1} => [ 1.000,  0.000,  3.000,  0.000]
Wengert{2} => [-3.826,  2.826, -5.479, -2.323]
Wengert{3} => [ 1.826, -1.826,  2.479,  2.323]

		PolynomialSplineRegressor.N4Ck1._seg2_jack=Wengert{0} => [ 1.000,  0.000,  0.000,  0.000]
Wengert{1} => [ 1.000,  0.000,  3.000,  0.000]
Wengert{2} => [-3.826,  2.826, -5.479, -2.323]
Wengert{3} => [ 1.826, -1.826,  2.479,  2.323]

		PolynomialSplineRegressor.N4Ck1._seg2_monotone=MONOTONIC    
		PolynomialSplineRegressor.N4Ck1._seg2_value_jack=Wengert{0} => [ 0.415,  0.585,  0.245, -0.282]

		PolynomialSplineRegressor.N4Ck1.FinishTime=Fri Nov 02 23:28:21 EDT 2018
		PolynomialSplineRegressor.N4Ck1.ExecTime=232

		PolynomialSplineRegressor.N4Ck2.Success=true
		PolynomialSplineRegressor.N4Ck2._seg1_1_0=25.0
		PolynomialSplineRegressor.N4Ck2._seg1_3_0=20.25
		PolynomialSplineRegressor.N4Ck2._seg1_head_jack=Wengert{0} => [ 1.000,  0.000,  0.000,  0.000]
Wengert{1} => [ 1.000,  0.000,  2.000,  0.000]
Wengert{2} => [-1.000,  0.000,  2.000,  2.000]
Wengert{3} => [-1.000,  1.000, -4.000, -2.000]

		PolynomialSplineRegressor.N4Ck2._seg1_jack=Wengert{0} => [ 1.000,  0.000,  0.000,  0.000]
Wengert{1} => [ 1.000,  0.000,  2.000,  0.000]
Wengert{2} => [-1.000,  0.000,  2.000,  2.000]
Wengert{3} => [-1.000,  1.000, -4.000, -2.000]

		PolynomialSplineRegressor.N4Ck2._seg1_monotone=MONOTONIC    
		PolynomialSplineRegressor.N4Ck2._seg2_3_0=20.25
		PolynomialSplineRegressor.N4Ck2._seg2_6_0=14.0
		PolynomialSplineRegressor.N4Ck2._seg2_head_jack=Wengert{0} => [ 1.000,  0.000,  0.000,  0.000]
Wengert{1} => [ 1.000,  0.000,  3.000,  0.000]
Wengert{2} => [-1.000,  0.000,  3.000,  4.500]
Wengert{3} => [-1.000,  1.000, -6.000, -4.500]

		PolynomialSplineRegressor.N4Ck2._seg2_jack=Wengert{0} => [ 1.000,  0.000,  0.000,  0.000]
Wengert{1} => [ 1.000,  0.000,  3.000,  0.000]
Wengert{2} => [-1.000,  0.000,  3.000,  4.500]
Wengert{3} => [-1.000,  1.000, -6.000, -4.500]

		PolynomialSplineRegressor.N4Ck2._seg2_monotone=MONOTONIC    
		PolynomialSplineRegressor.N4Ck2._seg2_value_jack=Wengert{0} => [ 0.758,  0.242,  1.273,  0.545]

		PolynomialSplineRegressor.N4Ck2.FinishTime=Fri Nov 02 23:28:21 EDT 2018
		PolynomialSplineRegressor.N4Ck2.ExecTime=128

		PolynomialSplineRegressor.N5Ck0.Success=true
		PolynomialSplineRegressor.N5Ck0._seg1_1_0=25.0
		PolynomialSplineRegressor.N5Ck0._seg1_3_0=20.249999999999996
		PolynomialSplineRegressor.N5Ck0._seg1_head_jack=Wengert{0} => [ 1.000,  0.000,  0.000,  0.000,  0.000]
Wengert{1} => [ 0.000,  1.000, -4.273, -0.388,  2.074]
Wengert{2} => [-2.000,  1.000,  17.657, -26.737,  10.767]
Wengert{3} => [ 1.000, -1.000, -22.076,  50.733, -25.681]
Wengert{4} => [-0.000,  0.000,  8.692, -23.607,  12.841]

		PolynomialSplineRegressor.N5Ck0._seg1_jack=Wengert{0} => [ 1.000,  0.000,  0.000,  0.000,  0.000]
Wengert{1} => [ 0.000,  1.000, -4.273, -0.388,  2.074]
Wengert{2} => [-2.000,  1.000,  17.657, -26.737,  10.767]
Wengert{3} => [ 1.000, -1.000, -22.076,  50.733, -25.681]
Wengert{4} => [-0.000,  0.000,  8.692, -23.607,  12.841]

		PolynomialSplineRegressor.N5Ck0._seg1_monotone=MONOTONIC    
		PolynomialSplineRegressor.N5Ck0._seg2_3_0=20.249999999999996
		PolynomialSplineRegressor.N5Ck0._seg2_6_0=13.999999999999998
		PolynomialSplineRegressor.N5Ck0._seg2_head_jack=Wengert{0} => [ 1.000,  0.000,  0.000,  0.000,  0.000]
Wengert{1} => [-0.000,  1.000, -14.420, -1.311,  7.000]
Wengert{2} => [-2.000,  1.000,  59.591, -90.239,  36.337]
Wengert{3} => [ 1.000, -1.000, -74.508,  171.225, -86.675]
Wengert{4} => [ 0.000, -0.000,  29.337, -79.675,  43.337]

		PolynomialSplineRegressor.N5Ck0._seg2_jack=Wengert{0} => [ 1.000,  0.000,  0.000,  0.000,  0.000]
Wengert{1} => [-0.000,  1.000, -14.420, -1.311,  7.000]
Wengert{2} => [-2.000,  1.000,  59.591, -90.239,  36.337]
Wengert{3} => [ 1.000, -1.000, -74.508,  171.225, -86.675]
Wengert{4} => [ 0.000, -0.000,  29.337, -79.675,  43.337]

		PolynomialSplineRegressor.N5Ck0._seg2_monotone=MONOTONIC    
		PolynomialSplineRegressor.N5Ck0._seg2_value_jack=Wengert{0} => [ 0.333,  0.667,  0.483, -4.897,  3.024]

		PolynomialSplineRegressor.N5Ck0.FinishTime=Fri Nov 02 23:28:21 EDT 2018
		PolynomialSplineRegressor.N5Ck0.ExecTime=356

		PolynomialSplineRegressor.N5Ck1.Success=true
		PolynomialSplineRegressor.N5Ck1._seg1_1_0=25.0
		PolynomialSplineRegressor.N5Ck1._seg1_3_0=20.249999999999986
		PolynomialSplineRegressor.N5Ck1._seg1_head_jack=Wengert{0} => [ 1.000,  0.000,  0.000,  0.000,  0.000]
Wengert{1} => [ 1.000,  0.000,  2.000,  0.000,  0.000]
Wengert{2} => [-6.132,  5.132, -8.265, -28.343,  19.338]
Wengert{3} => [ 6.167, -6.167,  10.334,  52.740, -36.398]
Wengert{4} => [-2.034,  2.034, -4.069, -24.398,  17.060]

		PolynomialSplineRegressor.N5Ck1._seg1_jack=Wengert{0} => [ 1.000,  0.000,  0.000,  0.000,  0.000]
Wengert{1} => [ 1.000,  0.000,  2.000,  0.000,  0.000]
Wengert{2} => [-6.132,  5.132, -8.265, -28.343,  19.338]
Wengert{3} => [ 6.167, -6.167,  10.334,  52.740, -36.398]
Wengert{4} => [-2.034,  2.034, -4.069, -24.398,  17.060]

		PolynomialSplineRegressor.N5Ck1._seg1_monotone=MONOTONIC    
		PolynomialSplineRegressor.N5Ck1._seg2_3_0=20.249999999999986
		PolynomialSplineRegressor.N5Ck1._seg2_6_0=14.000000000000014
		PolynomialSplineRegressor.N5Ck1._seg2_head_jack=Wengert{0} => [ 1.000,  0.000,  0.000,  0.000,  0.000]
Wengert{1} => [ 1.000,  0.000,  3.000,  0.000,  0.000]
Wengert{2} => [-6.132,  5.132, -12.397, -95.657,  65.266]
Wengert{3} => [ 6.167, -6.167,  15.501,  177.999, -122.844]
Wengert{4} => [-2.034,  2.034, -6.103, -82.342,  57.579]

		PolynomialSplineRegressor.N5Ck1._seg2_jack=Wengert{0} => [ 1.000,  0.000,  0.000,  0.000,  0.000]
Wengert{1} => [ 1.000,  0.000,  3.000,  0.000,  0.000]
Wengert{2} => [-6.132,  5.132, -12.397, -95.657,  65.266]
Wengert{3} => [ 6.167, -6.167,  15.501,  177.999, -122.844]
Wengert{4} => [-2.034,  2.034, -6.103, -82.342,  57.579]

		PolynomialSplineRegressor.N5Ck1._seg2_monotone=MONOTONIC    
		PolynomialSplineRegressor.N5Ck1._seg2_value_jack=Wengert{0} => [ 0.300,  0.700, -0.100, -4.941,  3.258]

		PolynomialSplineRegressor.N5Ck1.FinishTime=Fri Nov 02 23:28:21 EDT 2018
		PolynomialSplineRegressor.N5Ck1.ExecTime=332

		PolynomialSplineRegressor.N5Ck2.Success=true
		PolynomialSplineRegressor.N5Ck2._seg1_1_0=25.0
		PolynomialSplineRegressor.N5Ck2._seg1_3_0=20.25
		PolynomialSplineRegressor.N5Ck2._seg1_head_jack=Wengert{0} => [ 1.000,  0.000,  0.000,  0.000,  0.000]
Wengert{1} => [ 1.000,  0.000,  2.000,  0.000,  0.000]
Wengert{2} => [-1.000,  0.000,  2.000,  2.000,  0.000]
Wengert{3} => [-3.384,  3.384, -8.767, -3.722, -0.414]
Wengert{4} => [ 2.384, -2.384,  4.767,  1.722,  0.414]

		PolynomialSplineRegressor.N5Ck2._seg1_jack=Wengert{0} => [ 1.000,  0.000,  0.000,  0.000,  0.000]
Wengert{1} => [ 1.000,  0.000,  2.000,  0.000,  0.000]
Wengert{2} => [-1.000,  0.000,  2.000,  2.000,  0.000]
Wengert{3} => [-3.384,  3.384, -8.767, -3.722, -0.414]
Wengert{4} => [ 2.384, -2.384,  4.767,  1.722,  0.414]

		PolynomialSplineRegressor.N5Ck2._seg1_monotone=MONOTONIC    
		PolynomialSplineRegressor.N5Ck2._seg2_3_0=20.25
		PolynomialSplineRegressor.N5Ck2._seg2_6_0=14.0
		PolynomialSplineRegressor.N5Ck2._seg2_head_jack=Wengert{0} => [ 1.000,  0.000,  0.000,  0.000,  0.000]
Wengert{1} => [ 1.000,  0.000,  3.000,  0.000,  0.000]
Wengert{2} => [-1.000,  0.000,  3.000,  4.500,  0.000]
Wengert{3} => [-3.384,  3.384, -13.151, -8.374, -1.398]
Wengert{4} => [ 2.384, -2.384,  7.151,  3.874,  1.398]

		PolynomialSplineRegressor.N5Ck2._seg2_jack=Wengert{0} => [ 1.000,  0.000,  0.000,  0.000,  0.000]
Wengert{1} => [ 1.000,  0.000,  3.000,  0.000,  0.000]
Wengert{2} => [-1.000,  0.000,  3.000,  4.500,  0.000]
Wengert{3} => [-3.384,  3.384, -13.151, -8.374, -1.398]
Wengert{4} => [ 2.384, -2.384,  7.151,  3.874,  1.398]

		PolynomialSplineRegressor.N5Ck2._seg2_monotone=MONOTONIC    
		PolynomialSplineRegressor.N5Ck2._seg2_value_jack=Wengert{0} => [ 0.565,  0.435,  0.695,  0.232, -0.113]

		PolynomialSplineRegressor.N5Ck2.FinishTime=Fri Nov 02 23:28:21 EDT 2018
		PolynomialSplineRegressor.N5Ck2.ExecTime=268

		PolynomialSplineRegressor.N5Ck3.Success=true
		PolynomialSplineRegressor.N5Ck3._seg1_1_0=25.0
		PolynomialSplineRegressor.N5Ck3._seg1_3_0=20.25
		PolynomialSplineRegressor.N5Ck3._seg1_head_jack=Wengert{0} => [ 1.000,  0.000,  0.000,  0.000,  0.000]
Wengert{1} => [ 1.000,  0.000,  2.000,  0.000,  0.000]
Wengert{2} => [-1.000,  0.000,  2.000,  2.000,  0.000]
Wengert{3} => [ 0.002,  0.000, -2.000,  2.000,  1.333]
Wengert{4} => [-1.002,  1.000, -2.000, -4.000, -1.333]

		PolynomialSplineRegressor.N5Ck3._seg1_jack=Wengert{0} => [ 1.000,  0.000,  0.000,  0.000,  0.000]
Wengert{1} => [ 1.000,  0.000,  2.000,  0.000,  0.000]
Wengert{2} => [-1.000,  0.000,  2.000,  2.000,  0.000]
Wengert{3} => [ 0.002,  0.000, -2.000,  2.000,  1.333]
Wengert{4} => [-1.002,  1.000, -2.000, -4.000, -1.333]

		PolynomialSplineRegressor.N5Ck3._seg1_monotone=MONOTONIC    
		PolynomialSplineRegressor.N5Ck3._seg2_3_0=20.25
		PolynomialSplineRegressor.N5Ck3._seg2_6_0=13.999999999999998
		PolynomialSplineRegressor.N5Ck3._seg2_head_jack=Wengert{0} => [ 1.000,  0.000,  0.000,  0.000,  0.000]
Wengert{1} => [ 1.000,  0.000,  3.000,  0.000,  0.000]
Wengert{2} => [-1.000,  0.000,  3.000,  4.500,  0.000]
Wengert{3} => [ 0.002,  0.000, -3.000,  4.500,  4.500]
Wengert{4} => [-1.002,  1.000, -3.000, -9.000, -4.500]

		PolynomialSplineRegressor.N5Ck3._seg2_jack=Wengert{0} => [ 1.000,  0.000,  0.000,  0.000,  0.000]
Wengert{1} => [ 1.000,  0.000,  3.000,  0.000,  0.000]
Wengert{2} => [-1.000,  0.000,  3.000,  4.500,  0.000]
Wengert{3} => [ 0.002,  0.000, -3.000,  4.500,  4.500]
Wengert{4} => [-1.002,  1.000, -3.000, -9.000, -4.500]

		PolynomialSplineRegressor.N5Ck3._seg2_monotone=MONOTONIC    
		PolynomialSplineRegressor.N5Ck3._seg2_value_jack=Wengert{0} => [ 0.839,  0.162,  1.515,  1.273,  0.364]

		PolynomialSplineRegressor.N5Ck3.FinishTime=Fri Nov 02 23:28:21 EDT 2018
		PolynomialSplineRegressor.N5Ck3.ExecTime=237

		PolynomialSplineRegressor.N6Ck0.Success=true
		PolynomialSplineRegressor.N6Ck0._seg1_1_0=25.0
		PolynomialSplineRegressor.N6Ck0._seg1_3_0=20.249999999999996
		PolynomialSplineRegressor.N6Ck0._seg1_head_jack=Wengert{0} => [ 1.000,  0.000,  0.000,  0.000,  0.000,  0.000]
Wengert{1} => [-0.000,  1.000, -3.726, -3.696,  6.532, -1.783]
Wengert{2} => [-2.000,  1.000,  21.678, -51.052,  43.535, -13.107]
Wengert{3} => [ 1.000, -1.000, -43.631,  181.070, -201.329,  70.259]
Wengert{4} => [-0.000,  0.000,  37.003, -194.798,  243.545, -92.282]
Wengert{5} => [ 0.000, -0.000, -11.324,  68.476, -92.282,  36.913]

		PolynomialSplineRegressor.N6Ck0._seg1_jack=Wengert{0} => [ 1.000,  0.000,  0.000,  0.000,  0.000,  0.000]
Wengert{1} => [-0.000,  1.000, -3.726, -3.696,  6.532, -1.783]
Wengert{2} => [-2.000,  1.000,  21.678, -51.052,  43.535, -13.107]
Wengert{3} => [ 1.000, -1.000, -43.631,  181.070, -201.329,  70.259]
Wengert{4} => [-0.000,  0.000,  37.003, -194.798,  243.545, -92.282]
Wengert{5} => [ 0.000, -0.000, -11.324,  68.476, -92.282,  36.913]

		PolynomialSplineRegressor.N6Ck0._seg1_monotone=MONOTONIC    
		PolynomialSplineRegressor.N6Ck0._seg2_3_0=20.249999999999996
		PolynomialSplineRegressor.N6Ck0._seg2_6_0=14.0
		PolynomialSplineRegressor.N6Ck0._seg2_head_jack=Wengert{0} => [ 1.000,  0.000,  0.000,  0.000,  0.000,  0.000]
Wengert{1} => [-0.000,  1.000, -12.574, -12.475,  22.045, -6.018]
Wengert{2} => [-2.000,  1.000,  73.162, -172.302,  146.929, -44.237]
Wengert{3} => [ 1.000, -1.000, -147.254,  611.112, -679.487,  237.125]
Wengert{4} => [-0.000,  0.000,  124.884, -657.442,  821.963, -311.450]
Wengert{5} => [ 0.000, -0.000, -38.219,  231.107, -311.450,  124.580]

		PolynomialSplineRegressor.N6Ck0._seg2_jack=Wengert{0} => [ 1.000,  0.000,  0.000,  0.000,  0.000,  0.000]
Wengert{1} => [-0.000,  1.000, -12.574, -12.475,  22.045, -6.018]
Wengert{2} => [-2.000,  1.000,  73.162, -172.302,  146.929, -44.237]
Wengert{3} => [ 1.000, -1.000, -147.254,  611.112, -679.487,  237.125]
Wengert{4} => [-0.000,  0.000,  124.884, -657.442,  821.963, -311.450]
Wengert{5} => [ 0.000, -0.000, -38.219,  231.107, -311.450,  124.580]

		PolynomialSplineRegressor.N6Ck0._seg2_monotone=MONOTONIC    
		PolynomialSplineRegressor.N6Ck0._seg2_value_jack=Wengert{0} => [ 0.333,  0.667,  0.113, -2.664,  0.015,  1.204]

		PolynomialSplineRegressor.N6Ck0.FinishTime=Fri Nov 02 23:28:21 EDT 2018
		PolynomialSplineRegressor.N6Ck0.ExecTime=592

		PolynomialSplineRegressor.N6Ck1.Success=true
		PolynomialSplineRegressor.N6Ck1._seg1_1_0=25.0
		PolynomialSplineRegressor.N6Ck1._seg1_3_0=20.249999999999886
		PolynomialSplineRegressor.N6Ck1._seg1_head_jack=Wengert{0} => [ 1.000,  0.000,  0.000,  0.000,  0.000,  0.000]
Wengert{1} => [ 1.000,  0.000,  2.000,  0.000,  0.000,  0.000]
Wengert{2} => [-7.819,  6.819, -11.637, -72.559,  81.540, -23.482]
Wengert{3} => [ 12.711, -12.711,  23.422,  224.355, -277.822,  91.140]
Wengert{4} => [-9.932,  9.932, -19.864, -231.508,  308.418, -109.991]
Wengert{5} => [ 3.040, -3.040,  6.079,  79.711, -112.135,  42.332]

		PolynomialSplineRegressor.N6Ck1._seg1_jack=Wengert{0} => [ 1.000,  0.000,  0.000,  0.000,  0.000,  0.000]
Wengert{1} => [ 1.000,  0.000,  2.000,  0.000,  0.000,  0.000]
Wengert{2} => [-7.819,  6.819, -11.637, -72.559,  81.540, -23.482]
Wengert{3} => [ 12.711, -12.711,  23.422,  224.355, -277.822,  91.140]
Wengert{4} => [-9.932,  9.932, -19.864, -231.508,  308.418, -109.991]
Wengert{5} => [ 3.040, -3.040,  6.079,  79.711, -112.135,  42.332]

		PolynomialSplineRegressor.N6Ck1._seg1_monotone=MONOTONIC    
		PolynomialSplineRegressor.N6Ck1._seg2_3_0=20.249999999999886
		PolynomialSplineRegressor.N6Ck1._seg2_6_0=14.000000000000867
		PolynomialSplineRegressor.N6Ck1._seg2_head_jack=Wengert{0} => [ 1.000,  0.000,  0.000,  0.000,  0.000,  0.000]
Wengert{1} => [ 1.000,  0.000,  3.000,  0.000,  0.000,  0.000]
Wengert{2} => [-7.819,  6.819, -17.456, -244.885,  275.196, -79.251]
Wengert{3} => [ 12.711, -12.711,  35.133,  757.200, -937.650,  307.598]
Wengert{4} => [-9.932,  9.932, -29.796, -781.338,  1040.910, -371.218]
Wengert{5} => [ 3.040, -3.040,  9.119,  269.024, -378.456,  142.871]

		PolynomialSplineRegressor.N6Ck1._seg2_jack=Wengert{0} => [ 1.000,  0.000,  0.000,  0.000,  0.000,  0.000]
Wengert{1} => [ 1.000,  0.000,  3.000,  0.000,  0.000,  0.000]
Wengert{2} => [-7.819,  6.819, -17.456, -244.885,  275.196, -79.251]
Wengert{3} => [ 12.711, -12.711,  35.133,  757.200, -937.650,  307.598]
Wengert{4} => [-9.932,  9.932, -29.796, -781.338,  1040.910, -371.218]
Wengert{5} => [ 3.040, -3.040,  9.119,  269.024, -378.456,  142.871]

		PolynomialSplineRegressor.N6Ck1._seg2_monotone=MONOTONIC    
		PolynomialSplineRegressor.N6Ck1._seg2_value_jack=Wengert{0} => [ 0.324,  0.676, -0.027, -2.777,  0.214,  1.149]

		PolynomialSplineRegressor.N6Ck1.FinishTime=Fri Nov 02 23:28:21 EDT 2018
		PolynomialSplineRegressor.N6Ck1.ExecTime=474

		PolynomialSplineRegressor.N6Ck2.Success=true
		PolynomialSplineRegressor.N6Ck2._seg1_1_0=25.0
		PolynomialSplineRegressor.N6Ck2._seg1_3_0=20.25000000000064
		PolynomialSplineRegressor.N6Ck2._seg1_head_jack=Wengert{0} => [ 1.000,  0.000,  0.000,  0.000,  0.000,  0.000]
Wengert{1} => [ 1.000,  0.000,  2.000,  0.000,  0.000,  0.000]
Wengert{2} => [-1.000,  0.000,  2.000,  2.000,  0.000,  0.000]
Wengert{3} => [-8.372,  8.372, -18.745, -6.184, -25.697,  18.533]
Wengert{4} => [ 11.823, -11.823,  23.647,  6.381,  48.255, -35.069]
Wengert{5} => [-4.451,  4.451, -8.902, -2.197, -22.558,  16.536]

		PolynomialSplineRegressor.N6Ck2._seg1_jack=Wengert{0} => [ 1.000,  0.000,  0.000,  0.000,  0.000,  0.000]
Wengert{1} => [ 1.000,  0.000,  2.000,  0.000,  0.000,  0.000]
Wengert{2} => [-1.000,  0.000,  2.000,  2.000,  0.000,  0.000]
Wengert{3} => [-8.372,  8.372, -18.745, -6.184, -25.697,  18.533]
Wengert{4} => [ 11.823, -11.823,  23.647,  6.381,  48.255, -35.069]
Wengert{5} => [-4.451,  4.451, -8.902, -2.197, -22.558,  16.536]

		PolynomialSplineRegressor.N6Ck2._seg1_monotone=MONOTONIC    
		PolynomialSplineRegressor.N6Ck2._seg2_3_0=20.25000000000064
		PolynomialSplineRegressor.N6Ck2._seg2_6_0=14.0
		PolynomialSplineRegressor.N6Ck2._seg2_head_jack=Wengert{0} => [ 1.000,  0.000,  0.000,  0.000,  0.000,  0.000]
Wengert{1} => [ 1.000,  0.000,  3.000,  0.000,  0.000,  0.000]
Wengert{2} => [-1.000,  0.000,  3.000,  4.500,  0.000,  0.000]
Wengert{3} => [-8.372,  8.372, -28.117, -13.914, -86.727,  62.549]
Wengert{4} => [ 11.823, -11.823,  35.470,  14.358,  162.860, -118.357]
Wengert{5} => [-4.451,  4.451, -13.353, -4.944, -76.133,  55.808]

		PolynomialSplineRegressor.N6Ck2._seg2_jack=Wengert{0} => [ 1.000,  0.000,  0.000,  0.000,  0.000,  0.000]
Wengert{1} => [ 1.000,  0.000,  3.000,  0.000,  0.000,  0.000]
Wengert{2} => [-1.000,  0.000,  3.000,  4.500,  0.000,  0.000]
Wengert{3} => [-8.372,  8.372, -28.117, -13.914, -86.727,  62.549]
Wengert{4} => [ 11.823, -11.823,  35.470,  14.358,  162.860, -118.357]
Wengert{5} => [-4.451,  4.451, -13.353, -4.944, -76.133,  55.808]

		PolynomialSplineRegressor.N6Ck2._seg2_monotone=MONOTONIC    
		PolynomialSplineRegressor.N6Ck2._seg2_value_jack=Wengert{0} => [ 0.402,  0.598,  0.205,  0.051, -2.907,  2.048]

		PolynomialSplineRegressor.N6Ck2.FinishTime=Fri Nov 02 23:28:21 EDT 2018
		PolynomialSplineRegressor.N6Ck2.ExecTime=431

		PolynomialSplineRegressor.N6Ck3.Success=true
		PolynomialSplineRegressor.N6Ck3._seg1_1_0=25.0
		PolynomialSplineRegressor.N6Ck3._seg1_3_0=20.250000000000018
		PolynomialSplineRegressor.N6Ck3._seg1_head_jack=Wengert{0} => [ 1.000,  0.000,  0.000,  0.000,  0.000,  0.000]
Wengert{1} => [ 1.000,  0.000,  2.000,  0.000,  0.000,  0.000]
Wengert{2} => [-1.000,  0.000,  2.000,  2.000,  0.000,  0.000]
Wengert{3} => [ 0.002,  0.000, -2.000,  2.000,  1.333,  0.000]
Wengert{4} => [-3.903,  3.899, -7.797, -8.987, -2.504, -0.267]
Wengert{5} => [ 2.901, -2.899,  5.797,  4.987,  1.170,  0.267]

		PolynomialSplineRegressor.N6Ck3._seg1_jack=Wengert{0} => [ 1.000,  0.000,  0.000,  0.000,  0.000,  0.000]
Wengert{1} => [ 1.000,  0.000,  2.000,  0.000,  0.000,  0.000]
Wengert{2} => [-1.000,  0.000,  2.000,  2.000,  0.000,  0.000]
Wengert{3} => [ 0.002,  0.000, -2.000,  2.000,  1.333,  0.000]
Wengert{4} => [-3.903,  3.899, -7.797, -8.987, -2.504, -0.267]
Wengert{5} => [ 2.901, -2.899,  5.797,  4.987,  1.170,  0.267]

		PolynomialSplineRegressor.N6Ck3._seg1_monotone=MONOTONIC    
		PolynomialSplineRegressor.N6Ck3._seg2_3_0=20.250000000000018
		PolynomialSplineRegressor.N6Ck3._seg2_6_0=14.000000000000007
		PolynomialSplineRegressor.N6Ck3._seg2_head_jack=Wengert{0} => [ 1.000,  0.000,  0.000,  0.000,  0.000,  0.000]
Wengert{1} => [ 1.000,  0.000,  3.000,  0.000,  0.000,  0.000]
Wengert{2} => [-1.000,  0.000,  3.000,  4.500,  0.000,  0.000]
Wengert{3} => [ 0.002,  0.000, -3.000,  4.500,  4.500,  0.000]
Wengert{4} => [-3.903,  3.899, -11.696, -20.221, -8.450, -0.900]
Wengert{5} => [ 2.901, -2.899,  8.696,  11.221,  3.950,  0.900]

		PolynomialSplineRegressor.N6Ck3._seg2_jack=Wengert{0} => [ 1.000,  0.000,  0.000,  0.000,  0.000,  0.000]
Wengert{1} => [ 1.000,  0.000,  3.000,  0.000,  0.000,  0.000]
Wengert{2} => [-1.000,  0.000,  3.000,  4.500,  0.000,  0.000]
Wengert{3} => [ 0.002,  0.000, -3.000,  4.500,  4.500,  0.000]
Wengert{4} => [-3.903,  3.899, -11.696, -20.221, -8.450, -0.900]
Wengert{5} => [ 2.901, -2.899,  8.696,  11.221,  3.950,  0.900]

		PolynomialSplineRegressor.N6Ck3._seg2_monotone=MONOTONIC    
		PolynomialSplineRegressor.N6Ck3._seg2_value_jack=Wengert{0} => [ 0.682,  0.318,  1.047,  0.668,  0.151, -0.048]

		PolynomialSplineRegressor.N6Ck3.FinishTime=Fri Nov 02 23:28:21 EDT 2018
		PolynomialSplineRegressor.N6Ck3.ExecTime=369

		PolynomialSplineRegressor.N6Ck4.Success=true
		PolynomialSplineRegressor.N6Ck4._seg1_1_0=25.0
		PolynomialSplineRegressor.N6Ck4._seg1_3_0=20.250000000000455
		PolynomialSplineRegressor.N6Ck4._seg1_head_jack=Wengert{0} => [ 1.000,  0.000,  0.000,  0.000,  0.000,  0.000]
Wengert{1} => [ 1.000,  0.000,  2.000,  0.000,  0.000,  0.000]
Wengert{2} => [-1.000,  0.000,  2.000,  2.000,  0.000,  0.000]
Wengert{3} => [ 0.002,  0.000, -2.000,  2.000,  1.333,  0.000]
Wengert{4} => [-110.644,  0.000,  0.004, -2.000,  1.333,  0.667]
Wengert{5} => [ 109.642,  1.000, -2.004, -2.000, -2.667, -0.667]

		PolynomialSplineRegressor.N6Ck4._seg1_jack=Wengert{0} => [ 1.000,  0.000,  0.000,  0.000,  0.000,  0.000]
Wengert{1} => [ 1.000,  0.000,  2.000,  0.000,  0.000,  0.000]
Wengert{2} => [-1.000,  0.000,  2.000,  2.000,  0.000,  0.000]
Wengert{3} => [ 0.002,  0.000, -2.000,  2.000,  1.333,  0.000]
Wengert{4} => [-110.644,  0.000,  0.004, -2.000,  1.333,  0.667]
Wengert{5} => [ 109.642,  1.000, -2.004, -2.000, -2.667, -0.667]

		PolynomialSplineRegressor.N6Ck4._seg1_monotone=MONOTONIC    
		PolynomialSplineRegressor.N6Ck4._seg2_3_0=20.250000000000455
		PolynomialSplineRegressor.N6Ck4._seg2_6_0=14.000000000000455
		PolynomialSplineRegressor.N6Ck4._seg2_head_jack=Wengert{0} => [ 1.000,  0.000,  0.000,  0.000,  0.000,  0.000]
Wengert{1} => [ 1.000,  0.000,  3.000,  0.000,  0.000,  0.000]
Wengert{2} => [-1.000,  0.000,  3.000,  4.500,  0.000,  0.000]
Wengert{3} => [ 0.002,  0.000, -3.000,  4.500,  4.500,  0.000]
Wengert{4} => [-110.644,  0.000,  0.007, -4.500,  4.500,  3.375]
Wengert{5} => [ 109.642,  1.000, -3.007, -4.500, -9.000, -3.375]

		PolynomialSplineRegressor.N6Ck4._seg2_jack=Wengert{0} => [ 1.000,  0.000,  0.000,  0.000,  0.000,  0.000]
Wengert{1} => [ 1.000,  0.000,  3.000,  0.000,  0.000,  0.000]
Wengert{2} => [-1.000,  0.000,  3.000,  4.500,  0.000,  0.000]
Wengert{3} => [ 0.002,  0.000, -3.000,  4.500,  4.500,  0.000]
Wengert{4} => [-110.644,  0.000,  0.007, -4.500,  4.500,  3.375]
Wengert{5} => [ 109.642,  1.000, -3.007, -4.500, -9.000, -3.375]

		PolynomialSplineRegressor.N6Ck4._seg2_monotone=MONOTONIC    
		PolynomialSplineRegressor.N6Ck4._seg2_value_jack=Wengert{0} => [-5.068,  0.108,  1.677,  1.515,  0.848,  0.182]

		PolynomialSplineRegressor.N6Ck4.FinishTime=Fri Nov 02 23:28:21 EDT 2018
		PolynomialSplineRegressor.N6Ck4.ExecTime=318

		PolynomialSplineRegressor.N7Ck0.Success=true
		PolynomialSplineRegressor.N7Ck0._seg1_1_0=25.0
		PolynomialSplineRegressor.N7Ck0._seg1_3_0=20.249999999999563
		PolynomialSplineRegressor.N7Ck0._seg1_head_jack=Wengert{0} => [ 1.000,  0.000,  0.000,  0.000,  0.000,  0.000,  0.000]
Wengert{1} => [-0.000,  1.000, -3.617, -9.425,  22.905, -17.971,  5.396]
Wengert{2} => [-2.000,  1.000,  22.098, -73.131,  106.641, -75.500,  20.798]
Wengert{3} => [ 1.000, -1.000, -60.090,  1046.450, -2674.806,  2515.743, -815.161]
Wengert{4} => [-0.000,  0.000,  83.736, -2651.901,  7266.572, -7035.829,  2314.516]
Wengert{5} => [ 0.000, -0.000, -57.529,  2497.772, -7035.829,  6901.879, -2288.322]
Wengert{6} => [-0.000,  0.000,  15.401, -809.765,  2314.516, -2288.322,  762.774]

		PolynomialSplineRegressor.N7Ck0._seg1_jack=Wengert{0} => [ 1.000,  0.000,  0.000,  0.000,  0.000,  0.000,  0.000]
Wengert{1} => [-0.000,  1.000, -3.617, -9.425,  22.905, -17.971,  5.396]
Wengert{2} => [-2.000,  1.000,  22.098, -73.131,  106.641, -75.500,  20.798]
Wengert{3} => [ 1.000, -1.000, -60.090,  1046.450, -2674.806,  2515.743, -815.161]
Wengert{4} => [-0.000,  0.000,  83.736, -2651.901,  7266.572, -7035.829,  2314.516]
Wengert{5} => [ 0.000, -0.000, -57.529,  2497.772, -7035.829,  6901.879, -2288.322]
Wengert{6} => [-0.000,  0.000,  15.401, -809.765,  2314.516, -2288.322,  762.774]

		PolynomialSplineRegressor.N7Ck0._seg1_monotone=MONOTONIC    
		PolynomialSplineRegressor.N7Ck0._seg2_3_0=20.249999999999563
		PolynomialSplineRegressor.N7Ck0._seg2_6_0=13.999999999999392
		PolynomialSplineRegressor.N7Ck0._seg2_head_jack=Wengert{0} => [ 1.000,  0.000,  0.000,  0.000,  0.000,  0.000,  0.000]
Wengert{1} => [-0.000,  1.000, -12.206, -31.808,  77.305, -60.653,  18.212]
Wengert{2} => [-2.000,  1.000,  74.579, -246.818,  359.915, -254.812,  70.192]
Wengert{3} => [ 1.000, -1.000, -202.804,  3531.769, -9027.470,  8490.633, -2751.169]
Wengert{4} => [-0.000,  0.000,  282.609, -8950.165,  24524.682, -23745.922,  7811.491]
Wengert{5} => [ 0.000, -0.000, -194.159,  8429.980, -23745.922,  23293.841, -7723.087]
Wengert{6} => [-0.000,  0.000,  51.980, -2732.958,  7811.491, -7723.087,  2574.362]

		PolynomialSplineRegressor.N7Ck0._seg2_jack=Wengert{0} => [ 1.000,  0.000,  0.000,  0.000,  0.000,  0.000,  0.000]
Wengert{1} => [-0.000,  1.000, -12.206, -31.808,  77.305, -60.653,  18.212]
Wengert{2} => [-2.000,  1.000,  74.579, -246.818,  359.915, -254.812,  70.192]
Wengert{3} => [ 1.000, -1.000, -202.804,  3531.769, -9027.470,  8490.633, -2751.169]
Wengert{4} => [-0.000,  0.000,  282.609, -8950.165,  24524.682, -23745.922,  7811.491]
Wengert{5} => [ 0.000, -0.000, -194.159,  8429.980, -23745.922,  23293.841, -7723.087]
Wengert{6} => [-0.000,  0.000,  51.980, -2732.958,  7811.491, -7723.087,  2574.362]

		PolynomialSplineRegressor.N7Ck0._seg2_monotone=MONOTONIC    
		PolynomialSplineRegressor.N7Ck0._seg2_value_jack=Wengert{0} => [ 0.333,  0.667, -0.214,  14.567, -49.237,  49.897, -16.231]

		PolynomialSplineRegressor.N7Ck0.FinishTime=Fri Nov 02 23:28:21 EDT 2018
		PolynomialSplineRegressor.N7Ck0.ExecTime=780

		PolynomialSplineRegressor.N7Ck1.Success=true
		PolynomialSplineRegressor.N7Ck1._seg1_1_0=25.0
		PolynomialSplineRegressor.N7Ck1._seg1_3_0=20.249999999985732
		PolynomialSplineRegressor.N7Ck1._seg1_head_jack=Wengert{0} => [ 1.000,  0.000,  0.000,  0.000,  0.000,  0.000,  0.000]
Wengert{1} => [ 1.000,  0.000,  2.000,  0.000,  0.000,  0.000,  0.000]
Wengert{2} => [-8.110,  7.110, -12.220, -130.715,  246.591, -185.303,  53.767]
Wengert{3} => [ 17.615, -17.615,  33.229,  1203.038, -3055.370,  2814.330, -904.815]
Wengert{4} => [-23.153,  23.153, -46.305, -2870.107,  7796.893, -7451.914,  2439.450]
Wengert{5} => [ 15.906, -15.906,  31.813,  2647.685, -7400.171,  7187.738, -2374.155]
Wengert{6} => [-4.258,  4.258, -8.517, -849.900,  2412.057, -2364.852,  785.753]

		PolynomialSplineRegressor.N7Ck1._seg1_jack=Wengert{0} => [ 1.000,  0.000,  0.000,  0.000,  0.000,  0.000,  0.000]
Wengert{1} => [ 1.000,  0.000,  2.000,  0.000,  0.000,  0.000,  0.000]
Wengert{2} => [-8.110,  7.110, -12.220, -130.715,  246.591, -185.303,  53.767]
Wengert{3} => [ 17.615, -17.615,  33.229,  1203.038, -3055.370,  2814.330, -904.815]
Wengert{4} => [-23.153,  23.153, -46.305, -2870.107,  7796.893, -7451.914,  2439.450]
Wengert{5} => [ 15.906, -15.906,  31.813,  2647.685, -7400.171,  7187.738, -2374.155]
Wengert{6} => [-4.258,  4.258, -8.517, -849.900,  2412.057, -2364.852,  785.753]

		PolynomialSplineRegressor.N7Ck1._seg1_monotone=MONOTONIC    
		PolynomialSplineRegressor.N7Ck1._seg2_3_0=20.249999999985732
		PolynomialSplineRegressor.N7Ck1._seg2_6_0=14.000000000006366
		PolynomialSplineRegressor.N7Ck1._seg2_head_jack=Wengert{0} => [ 1.000,  0.000,  0.000,  0.000,  0.000,  0.000,  0.000]
Wengert{1} => [ 1.000,  0.000,  3.000,  0.000,  0.000,  0.000,  0.000]
Wengert{2} => [-8.110,  7.110, -18.330, -441.164,  832.244, -625.397,  181.464]
Wengert{3} => [ 17.615, -17.615,  49.844,  4060.252, -10311.873,  9498.364, -3053.752]
Wengert{4} => [-23.153,  23.153, -69.458, -9686.613,  26314.513, -25150.208,  8233.143]
Wengert{5} => [ 15.906, -15.906,  47.719,  8935.936, -24975.577,  24258.617, -8012.772]
Wengert{6} => [-4.258,  4.258, -12.775, -2868.412,  8140.692, -7981.376,  2651.916]

		PolynomialSplineRegressor.N7Ck1._seg2_jack=Wengert{0} => [ 1.000,  0.000,  0.000,  0.000,  0.000,  0.000,  0.000]
Wengert{1} => [ 1.000,  0.000,  3.000,  0.000,  0.000,  0.000,  0.000]
Wengert{2} => [-8.110,  7.110, -18.330, -441.164,  832.244, -625.397,  181.464]
Wengert{3} => [ 17.615, -17.615,  49.844,  4060.252, -10311.873,  9498.364, -3053.752]
Wengert{4} => [-23.153,  23.153, -69.458, -9686.613,  26314.513, -25150.208,  8233.143]
Wengert{5} => [ 15.906, -15.906,  47.719,  8935.936, -24975.577,  24258.617, -8012.772]
Wengert{6} => [-4.258,  4.258, -12.775, -2868.412,  8140.692, -7981.376,  2651.916]

		PolynomialSplineRegressor.N7Ck1._seg2_monotone=MONOTONIC    
		PolynomialSplineRegressor.N7Ck1._seg2_value_jack=Wengert{0} => [ 0.351,  0.649,  0.053,  15.125, -50.593,  50.962, -16.551]

		PolynomialSplineRegressor.N7Ck1.FinishTime=Fri Nov 02 23:28:21 EDT 2018
		PolynomialSplineRegressor.N7Ck1.ExecTime=726

		PolynomialSplineRegressor.N7Ck2.Success=true
		PolynomialSplineRegressor.N7Ck2._seg1_1_0=25.0
		PolynomialSplineRegressor.N7Ck2._seg1_3_0=20.25000000021339
		PolynomialSplineRegressor.N7Ck2._seg1_head_jack=Wengert{0} => [ 1.000,  0.000,  0.000,  0.000,  0.000,  0.000,  0.000]
Wengert{1} => [ 1.000,  0.000,  2.000,  0.000,  0.000,  0.000,  0.000]
Wengert{2} => [-1.000,  0.000,  2.000,  2.000,  0.000,  0.000,  0.000]
Wengert{3} => [-47.821,  47.821, -97.643, -18.407, -785.870,  1108.894, -409.969]
Wengert{4} => [ 132.959, -132.959,  265.919,  43.914,  2382.508, -3383.225,  1258.886]
Wengert{5} => [-128.107,  128.107, -256.215, -40.511, -2405.381,  3434.358, -1285.081]
Wengert{6} => [ 41.970, -41.970,  83.939,  13.004,  808.743, -1160.027,  436.163]

		PolynomialSplineRegressor.N7Ck2._seg1_jack=Wengert{0} => [ 1.000,  0.000,  0.000,  0.000,  0.000,  0.000,  0.000]
Wengert{1} => [ 1.000,  0.000,  2.000,  0.000,  0.000,  0.000,  0.000]
Wengert{2} => [-1.000,  0.000,  2.000,  2.000,  0.000,  0.000,  0.000]
Wengert{3} => [-47.821,  47.821, -97.643, -18.407, -785.870,  1108.894, -409.969]
Wengert{4} => [ 132.959, -132.959,  265.919,  43.914,  2382.508, -3383.225,  1258.886]
Wengert{5} => [-128.107,  128.107, -256.215, -40.511, -2405.381,  3434.358, -1285.081]
Wengert{6} => [ 41.970, -41.970,  83.939,  13.004,  808.743, -1160.027,  436.163]

		PolynomialSplineRegressor.N7Ck2._seg1_monotone=MONOTONIC    
		PolynomialSplineRegressor.N7Ck2._seg2_3_0=20.25000000021339
		PolynomialSplineRegressor.N7Ck2._seg2_6_0=14.000000000130285
		PolynomialSplineRegressor.N7Ck2._seg2_head_jack=Wengert{0} => [ 1.000,  0.000,  0.000,  0.000,  0.000,  0.000,  0.000]
Wengert{1} => [ 1.000,  0.000,  3.000,  0.000,  0.000,  0.000,  0.000]
Wengert{2} => [-1.000,  0.000,  3.000,  4.500,  0.000,  0.000,  0.000]
Wengert{3} => [-47.821,  47.821, -146.464, -41.416, -2652.311,  3742.517, -1383.646]
Wengert{4} => [ 132.959, -132.959,  398.878,  98.806,  8040.965, -11418.384,  4248.742]
Wengert{5} => [-128.107,  128.107, -384.322, -91.149, -8118.160,  11590.959, -4337.147]
Wengert{6} => [ 41.970, -41.970,  125.909,  29.259,  2729.507, -3915.091,  1472.051]

		PolynomialSplineRegressor.N7Ck2._seg2_jack=Wengert{0} => [ 1.000,  0.000,  0.000,  0.000,  0.000,  0.000,  0.000]
Wengert{1} => [ 1.000,  0.000,  3.000,  0.000,  0.000,  0.000,  0.000]
Wengert{2} => [-1.000,  0.000,  3.000,  4.500,  0.000,  0.000,  0.000]
Wengert{3} => [-47.821,  47.821, -146.464, -41.416, -2652.311,  3742.517, -1383.646]
Wengert{4} => [ 132.959, -132.959,  398.878,  98.806,  8040.965, -11418.384,  4248.742]
Wengert{5} => [-128.107,  128.107, -384.322, -91.149, -8118.160,  11590.959, -4337.147]
Wengert{6} => [ 41.970, -41.970,  125.909,  29.259,  2729.507, -3915.091,  1472.051]

		PolynomialSplineRegressor.N7Ck2._seg2_monotone=MONOTONIC    
		PolynomialSplineRegressor.N7Ck2._seg2_value_jack=Wengert{0} => [ 0.107,  0.893, -0.679, -0.154, -22.060,  29.520, -10.329]

		PolynomialSplineRegressor.N7Ck2.FinishTime=Fri Nov 02 23:28:21 EDT 2018
		PolynomialSplineRegressor.N7Ck2.ExecTime=667

		PolynomialSplineRegressor.N7Ck3.Success=true
		PolynomialSplineRegressor.N7Ck3._seg1_1_0=25.0
		PolynomialSplineRegressor.N7Ck3._seg1_3_0=20.250000000000014
		PolynomialSplineRegressor.N7Ck3._seg1_head_jack=Wengert{0} => [ 1.000,  0.000,  0.000,  0.000,  0.000,  0.000,  0.000]
Wengert{1} => [ 1.000,  0.000,  2.000,  0.000,  0.000,  0.000,  0.000]
Wengert{2} => [-1.000,  0.000,  2.000,  2.000,  0.000,  0.000,  0.000]
Wengert{3} => [ 0.002,  0.000, -2.000,  2.000,  1.333,  0.000,  0.000]
Wengert{4} => [-12.027,  12.020, -24.040, -17.954, -4.042, -21.411,  15.990]
Wengert{5} => [ 18.271, -18.264,  36.528,  21.951,  4.081,  40.270, -30.252]
Wengert{6} => [-7.246,  7.244, -14.487, -7.997, -1.372, -18.859,  14.262]

		PolynomialSplineRegressor.N7Ck3._seg1_jack=Wengert{0} => [ 1.000,  0.000,  0.000,  0.000,  0.000,  0.000,  0.000]
Wengert{1} => [ 1.000,  0.000,  2.000,  0.000,  0.000,  0.000,  0.000]
Wengert{2} => [-1.000,  0.000,  2.000,  2.000,  0.000,  0.000,  0.000]
Wengert{3} => [ 0.002,  0.000, -2.000,  2.000,  1.333,  0.000,  0.000]
Wengert{4} => [-12.027,  12.020, -24.040, -17.954, -4.042, -21.411,  15.990]
Wengert{5} => [ 18.271, -18.264,  36.528,  21.951,  4.081,  40.270, -30.252]
Wengert{6} => [-7.246,  7.244, -14.487, -7.997, -1.372, -18.859,  14.262]

		PolynomialSplineRegressor.N7Ck3._seg1_monotone=MONOTONIC    
		PolynomialSplineRegressor.N7Ck3._seg2_3_0=20.250000000000014
		PolynomialSplineRegressor.N7Ck3._seg2_6_0=14.000000000000014
		PolynomialSplineRegressor.N7Ck3._seg2_head_jack=Wengert{0} => [ 1.000,  0.000,  0.000,  0.000,  0.000,  0.000,  0.000]
Wengert{1} => [ 1.000,  0.000,  3.000,  0.000,  0.000,  0.000,  0.000]
Wengert{2} => [-1.000,  0.000,  3.000,  4.500,  0.000,  0.000,  0.000]
Wengert{3} => [ 0.002,  0.000, -3.000,  4.500,  4.500,  0.000,  0.000]
Wengert{4} => [-12.027,  12.020, -36.060, -40.396, -13.643, -72.262,  53.968]
Wengert{5} => [ 18.271, -18.264,  54.791,  49.389,  13.774,  135.911, -102.102]
Wengert{6} => [-7.246,  7.244, -21.731, -17.994, -4.631, -63.649,  48.134]

		PolynomialSplineRegressor.N7Ck3._seg2_jack=Wengert{0} => [ 1.000,  0.000,  0.000,  0.000,  0.000,  0.000,  0.000]
Wengert{1} => [ 1.000,  0.000,  3.000,  0.000,  0.000,  0.000,  0.000]
Wengert{2} => [-1.000,  0.000,  3.000,  4.500,  0.000,  0.000,  0.000]
Wengert{3} => [ 0.002,  0.000, -3.000,  4.500,  4.500,  0.000,  0.000]
Wengert{4} => [-12.027,  12.020, -36.060, -40.396, -13.643, -72.262,  53.968]
Wengert{5} => [ 18.271, -18.264,  54.791,  49.389,  13.774,  135.911, -102.102]
Wengert{6} => [-7.246,  7.244, -21.731, -17.994, -4.631, -63.649,  48.134]

		PolynomialSplineRegressor.N7Ck3._seg2_monotone=MONOTONIC    
		PolynomialSplineRegressor.N7Ck3._seg2_value_jack=Wengert{0} => [ 0.505,  0.495,  0.515,  0.228,  0.037, -1.607,  1.179]

		PolynomialSplineRegressor.N7Ck3.FinishTime=Fri Nov 02 23:28:21 EDT 2018
		PolynomialSplineRegressor.N7Ck3.ExecTime=637

		PolynomialSplineRegressor.N7Ck4.Success=true
		PolynomialSplineRegressor.N7Ck4._seg1_1_0=25.0
		PolynomialSplineRegressor.N7Ck4._seg1_3_0=20.250000000000455
		PolynomialSplineRegressor.N7Ck4._seg1_head_jack=Wengert{0} => [ 1.000,  0.000,  0.000,  0.000,  0.000,  0.000,  0.000]
Wengert{1} => [ 1.000,  0.000,  2.000,  0.000,  0.000,  0.000,  0.000]
Wengert{2} => [-1.000,  0.000,  2.000,  2.000,  0.000,  0.000,  0.000]
Wengert{3} => [ 0.002,  0.000, -2.000,  2.000,  1.333,  0.000,  0.000]
Wengert{4} => [-110.644,  0.000,  0.004, -2.000,  1.333,  0.667,  0.000]
Wengert{5} => [ 203.749,  4.344, -8.696, -8.055, -6.029, -1.254, -0.178]
Wengert{6} => [-94.108, -3.344,  6.691,  6.055,  3.363,  0.587,  0.178]

		PolynomialSplineRegressor.N7Ck4._seg1_jack=Wengert{0} => [ 1.000,  0.000,  0.000,  0.000,  0.000,  0.000,  0.000]
Wengert{1} => [ 1.000,  0.000,  2.000,  0.000,  0.000,  0.000,  0.000]
Wengert{2} => [-1.000,  0.000,  2.000,  2.000,  0.000,  0.000,  0.000]
Wengert{3} => [ 0.002,  0.000, -2.000,  2.000,  1.333,  0.000,  0.000]
Wengert{4} => [-110.644,  0.000,  0.004, -2.000,  1.333,  0.667,  0.000]
Wengert{5} => [ 203.749,  4.344, -8.696, -8.055, -6.029, -1.254, -0.178]
Wengert{6} => [-94.108, -3.344,  6.691,  6.055,  3.363,  0.587,  0.178]

		PolynomialSplineRegressor.N7Ck4._seg1_monotone=MONOTONIC    
		PolynomialSplineRegressor.N7Ck4._seg2_3_0=20.250000000000455
		PolynomialSplineRegressor.N7Ck4._seg2_6_0=13.999999999998408
		PolynomialSplineRegressor.N7Ck4._seg2_head_jack=Wengert{0} => [ 1.000,  0.000,  0.000,  0.000,  0.000,  0.000,  0.000]
Wengert{1} => [ 1.000,  0.000,  3.000,  0.000,  0.000,  0.000,  0.000]
Wengert{2} => [-1.000,  0.000,  3.000,  4.500,  0.000,  0.000,  0.000]
Wengert{3} => [ 0.002,  0.000, -3.000,  4.500,  4.500,  0.000,  0.000]
Wengert{4} => [-110.644,  0.000,  0.007, -4.500,  4.500,  3.375,  0.000]
Wengert{5} => [ 203.749,  4.344, -13.044, -18.123, -20.349, -6.348, -0.599]
Wengert{6} => [-94.108, -3.344,  10.037,  13.623,  11.349,  2.973,  0.599]

		PolynomialSplineRegressor.N7Ck4._seg2_jack=Wengert{0} => [ 1.000,  0.000,  0.000,  0.000,  0.000,  0.000,  0.000]
Wengert{1} => [ 1.000,  0.000,  3.000,  0.000,  0.000,  0.000,  0.000]
Wengert{2} => [-1.000,  0.000,  3.000,  4.500,  0.000,  0.000,  0.000]
Wengert{3} => [ 0.002,  0.000, -3.000,  4.500,  4.500,  0.000,  0.000]
Wengert{4} => [-110.644,  0.000,  0.007, -4.500,  4.500,  3.375,  0.000]
Wengert{5} => [ 203.749,  4.344, -13.044, -18.123, -20.349, -6.348, -0.599]
Wengert{6} => [-94.108, -3.344,  10.037,  13.623,  11.349,  2.973,  0.599]

		PolynomialSplineRegressor.N7Ck4._seg2_monotone=MONOTONIC    
		PolynomialSplineRegressor.N7Ck4._seg2_value_jack=Wengert{0} => [-1.688,  0.228,  1.317,  1.026,  0.441,  0.075, -0.022]

		PolynomialSplineRegressor.N7Ck4.FinishTime=Fri Nov 02 23:28:21 EDT 2018
		PolynomialSplineRegressor.N7Ck4.ExecTime=545

		PolynomialSplineRegressor.N7Ck5.Success=true
		PolynomialSplineRegressor.N7Ck5._seg1_1_0=25.0
		PolynomialSplineRegressor.N7Ck5._seg1_3_0=20.25000000745058
		PolynomialSplineRegressor.N7Ck5._seg1_head_jack=Wengert{0} => [ 1.000,  0.000,  0.000,  0.000,  0.000,  0.000,  0.000]
Wengert{1} => [ 1.000,  0.000,  2.000,  0.000,  0.000,  0.000,  0.000]
Wengert{2} => [-1.000,  0.000,  2.000,  2.000,  0.000,  0.000,  0.000]
Wengert{3} => [ 0.002,  0.000, -2.000,  2.000,  1.333,  0.000,  0.000]
Wengert{4} => [-110.644,  0.000,  0.004, -2.000,  1.333,  0.667,  0.000]
Wengert{5} => [ 2312735.336,  0.000, -221.288,  0.004, -1.333,  0.667,  0.267]
Wengert{6} => [-2312625.694,  1.000,  219.283, -2.004, -1.333, -1.333, -0.267]

		PolynomialSplineRegressor.N7Ck5._seg1_jack=Wengert{0} => [ 1.000,  0.000,  0.000,  0.000,  0.000,  0.000,  0.000]
Wengert{1} => [ 1.000,  0.000,  2.000,  0.000,  0.000,  0.000,  0.000]
Wengert{2} => [-1.000,  0.000,  2.000,  2.000,  0.000,  0.000,  0.000]
Wengert{3} => [ 0.002,  0.000, -2.000,  2.000,  1.333,  0.000,  0.000]
Wengert{4} => [-110.644,  0.000,  0.004, -2.000,  1.333,  0.667,  0.000]
Wengert{5} => [ 2312735.336,  0.000, -221.288,  0.004, -1.333,  0.667,  0.267]
Wengert{6} => [-2312625.694,  1.000,  219.283, -2.004, -1.333, -1.333, -0.267]

		PolynomialSplineRegressor.N7Ck5._seg1_monotone=MONOTONIC    
		PolynomialSplineRegressor.N7Ck5._seg2_3_0=20.25000000745058
		PolynomialSplineRegressor.N7Ck5._seg2_6_0=14.0
		PolynomialSplineRegressor.N7Ck5._seg2_head_jack=Wengert{0} => [ 1.000,  0.000,  0.000,  0.000,  0.000,  0.000,  0.000]
Wengert{1} => [ 1.000,  0.000,  3.000,  0.000,  0.000,  0.000,  0.000]
Wengert{2} => [-1.000,  0.000,  3.000,  4.500,  0.000,  0.000,  0.000]
Wengert{3} => [ 0.002,  0.000, -3.000,  4.500,  4.500,  0.000,  0.000]
Wengert{4} => [-110.644,  0.000,  0.007, -4.500,  4.500,  3.375,  0.000]
Wengert{5} => [ 2312735.336,  0.000, -331.931,  0.010, -4.500,  3.375,  2.025]
Wengert{6} => [-2312625.694,  1.000,  328.925, -4.510, -4.500, -6.750, -2.025]

		PolynomialSplineRegressor.N7Ck5._seg2_jack=Wengert{0} => [ 1.000,  0.000,  0.000,  0.000,  0.000,  0.000,  0.000]
Wengert{1} => [ 1.000,  0.000,  3.000,  0.000,  0.000,  0.000,  0.000]
Wengert{2} => [-1.000,  0.000,  3.000,  4.500,  0.000,  0.000,  0.000]
Wengert{3} => [ 0.002,  0.000, -3.000,  4.500,  4.500,  0.000,  0.000]
Wengert{4} => [-110.644,  0.000,  0.007, -4.500,  4.500,  3.375,  0.000]
Wengert{5} => [ 2312735.336,  0.000, -331.931,  0.010, -4.500,  3.375,  2.025]
Wengert{6} => [-2312625.694,  1.000,  328.925, -4.510, -4.500, -6.750, -2.025]

		PolynomialSplineRegressor.N7Ck5._seg2_monotone=MONOTONIC    
		PolynomialSplineRegressor.N7Ck5._seg2_value_jack=Wengert{0} => [ 83052.196,  0.072, -10.136,  1.677,  1.010,  0.424,  0.073]

		PolynomialSplineRegressor.N7Ck5.FinishTime=Fri Nov 02 23:28:21 EDT 2018
		PolynomialSplineRegressor.N7Ck5.ExecTime=578

		PolynomialSplineRegressor.ExpTension.Success=true
		PolynomialSplineRegressor.ExpTension._seg1_1_0=24.999999999999986
		PolynomialSplineRegressor.ExpTension._seg1_3_0=20.249999999999996
		PolynomialSplineRegressor.ExpTension._seg1_head_jack=Wengert{0} => [ 3.000,  0.000, -4.000, -4.000]
Wengert{1} => [ 6.216, -5.708,  25.814,  12.399]
Wengert{2} => [-3.608,  2.854, -9.907, -4.200]
Wengert{3} => [ 1.608, -2.854,  13.907,  8.200]

		PolynomialSplineRegressor.ExpTension._seg1_jack=Wengert{0} => [ 3.000,  0.000, -4.000, -4.000]
Wengert{1} => [ 6.216, -5.708,  25.814,  12.399]
Wengert{2} => [-3.608,  2.854, -9.907, -4.200]
Wengert{3} => [ 1.608, -2.854,  13.907,  8.200]

		PolynomialSplineRegressor.ExpTension._seg1_monotone=MONOTONIC    
		PolynomialSplineRegressor.ExpTension._seg2_3_0=20.24999999999998
		PolynomialSplineRegressor.ExpTension._seg2_6_0=13.999999999999954
		PolynomialSplineRegressor.ExpTension._seg2_head_jack=Wengert{0} => [ 3.000,  0.000, -6.000, -9.000]
Wengert{1} => [ 6.216, -5.708,  38.722,  27.898]
Wengert{2} => [-3.608,  2.854, -14.861, -9.449]
Wengert{3} => [ 1.608, -2.854,  20.861,  18.449]

		PolynomialSplineRegressor.ExpTension._seg2_jack=Wengert{0} => [ 3.000,  0.000, -6.000, -9.000]
Wengert{1} => [ 6.216, -5.708,  38.722,  27.898]
Wengert{2} => [-3.608,  2.854, -14.861, -9.449]
Wengert{3} => [ 1.608, -2.854,  20.861,  18.449]

		PolynomialSplineRegressor.ExpTension._seg2_monotone=MONOTONIC    
		PolynomialSplineRegressor.ExpTension._seg2_value_jack=Wengert{0} => [ 0.771,  0.236,  1.293,  0.545]

		PolynomialSplineRegressor.ExpTension.FinishTime=Fri Nov 02 23:28:21 EDT 2018
		PolynomialSplineRegressor.ExpTension.ExecTime=91

		PolynomialSplineRegressor.HyperTension.Success=true
		PolynomialSplineRegressor.HyperTension._seg1_1_0=24.999999999999993
		PolynomialSplineRegressor.HyperTension._seg1_3_0=20.249999999999996
		PolynomialSplineRegressor.HyperTension._seg1_head_jack=Wengert{0} => [ 3.000, -0.000, -4.000, -4.000]
Wengert{1} => [ 6.216, -5.708,  25.814,  12.399]
Wengert{2} => [-2.000,  0.000,  4.000,  4.000]
Wengert{3} => [-5.216,  5.708, -23.814, -12.399]

		PolynomialSplineRegressor.HyperTension._seg1_jack=Wengert{0} => [ 3.000, -0.000, -4.000, -4.000]
Wengert{1} => [ 6.216, -5.708,  25.814,  12.399]
Wengert{2} => [-2.000,  0.000,  4.000,  4.000]
Wengert{3} => [-5.216,  5.708, -23.814, -12.399]

		PolynomialSplineRegressor.HyperTension._seg1_monotone=MONOTONIC    
		PolynomialSplineRegressor.HyperTension._seg2_3_0=20.249999999999986
		PolynomialSplineRegressor.HyperTension._seg2_6_0=13.999999999999975
		PolynomialSplineRegressor.HyperTension._seg2_head_jack=Wengert{0} => [ 3.000, -0.000, -6.000, -9.000]
Wengert{1} => [ 6.216, -5.708,  38.722,  27.898]
Wengert{2} => [-2.000,  0.000,  6.000,  9.000]
Wengert{3} => [-5.216,  5.708, -35.722, -27.898]

		PolynomialSplineRegressor.HyperTension._seg2_jack=Wengert{0} => [ 3.000, -0.000, -6.000, -9.000]
Wengert{1} => [ 6.216, -5.708,  38.722,  27.898]
Wengert{2} => [-2.000,  0.000,  6.000,  9.000]
Wengert{3} => [-5.216,  5.708, -35.722, -27.898]

		PolynomialSplineRegressor.HyperTension._seg2_monotone=MONOTONIC    
		PolynomialSplineRegressor.HyperTension._seg2_value_jack=Wengert{0} => [ 0.771,  0.236,  1.293,  0.545]

		PolynomialSplineRegressor.HyperTension.FinishTime=Fri Nov 02 23:28:21 EDT 2018
		PolynomialSplineRegressor.HyperTension.ExecTime=154

		PolynomialSplineRegressor.KP.Success=true
		PolynomialSplineRegressor.KP._seg1_1_0=25.0
		PolynomialSplineRegressor.KP._seg1_3_0=20.25
		PolynomialSplineRegressor.KP._seg1_head_jack=Wengert{0} => [ 1.000,  0.000,  0.000,  0.000]
Wengert{1} => [ 0.000,  1.000,  0.000,  0.000]
Wengert{2} => [ 2.000, -1.000,  2.000,  0.000]
Wengert{3} => [ 3.000, -2.000,  6.000,  2.000]

		PolynomialSplineRegressor.KP._seg1_jack=Wengert{0} => [ 1.000,  0.000,  0.000,  0.000]
Wengert{1} => [ 0.000,  1.000,  0.000,  0.000]
Wengert{2} => [ 2.000, -1.000,  2.000,  0.000]
Wengert{3} => [ 3.000, -2.000,  6.000,  2.000]

		PolynomialSplineRegressor.KP._seg1_monotone=MONOTONIC    
		PolynomialSplineRegressor.KP._seg2_3_0=20.25
		PolynomialSplineRegressor.KP._seg2_6_0=14.0
		PolynomialSplineRegressor.KP._seg2_head_jack=Wengert{0} => [ 1.000,  0.000,  0.000,  0.000]
Wengert{1} => [ 0.000,  1.000,  0.000,  0.000]
Wengert{2} => [ 2.000, -1.000,  3.000,  0.000]
Wengert{3} => [ 3.000, -2.000,  9.000,  4.500]

		PolynomialSplineRegressor.KP._seg2_jack=Wengert{0} => [ 1.000,  0.000,  0.000,  0.000]
Wengert{1} => [ 0.000,  1.000,  0.000,  0.000]
Wengert{2} => [ 2.000, -1.000,  3.000,  0.000]
Wengert{3} => [ 3.000, -2.000,  9.000,  4.500]

		PolynomialSplineRegressor.KP._seg2_monotone=MONOTONIC    
		PolynomialSplineRegressor.KP._seg2_value_jack=Wengert{0} => [ 0.758,  0.242,  1.273,  0.545]

		PolynomialSplineRegressor.KP.FinishTime=Fri Nov 02 23:28:21 EDT 2018
		PolynomialSplineRegressor.KP.ExecTime=181

		PolynomialSplineRegressor.Bern_N4Ck2.Success=true
		PolynomialSplineRegressor.Bern_N4Ck2._seg1_1_0=25.0
		PolynomialSplineRegressor.Bern_N4Ck2._seg1_3_0=20.25
		PolynomialSplineRegressor.Bern_N4Ck2._seg1_head_jack=Wengert{0} => [ 6.000,  0.000,  0.000,  0.000]
Wengert{1} => [ 8.000,  0.000,  4.000,  0.000]
Wengert{2} => [ 8.000,  0.000,  12.000,  4.000]
Wengert{3} => [ 0.000,  6.000,  0.000,  0.000]

		PolynomialSplineRegressor.Bern_N4Ck2._seg1_jack=Wengert{0} => [ 6.000,  0.000,  0.000,  0.000]
Wengert{1} => [ 8.000,  0.000,  4.000,  0.000]
Wengert{2} => [ 8.000,  0.000,  12.000,  4.000]
Wengert{3} => [ 0.000,  6.000,  0.000,  0.000]

		PolynomialSplineRegressor.Bern_N4Ck2._seg1_monotone=MONOTONIC    
		PolynomialSplineRegressor.Bern_N4Ck2._seg2_3_0=20.25
		PolynomialSplineRegressor.Bern_N4Ck2._seg2_6_0=14.0
		PolynomialSplineRegressor.Bern_N4Ck2._seg2_head_jack=Wengert{0} => [ 6.000,  0.000,  0.000,  0.000]
Wengert{1} => [ 8.000,  0.000,  6.000,  0.000]
Wengert{2} => [ 8.000,  0.000,  18.000,  9.000]
Wengert{3} => [ 0.000,  6.000,  0.000,  0.000]

		PolynomialSplineRegressor.Bern_N4Ck2._seg2_jack=Wengert{0} => [ 6.000,  0.000,  0.000,  0.000]
Wengert{1} => [ 8.000,  0.000,  6.000,  0.000]
Wengert{2} => [ 8.000,  0.000,  18.000,  9.000]
Wengert{3} => [ 0.000,  6.000,  0.000,  0.000]

		PolynomialSplineRegressor.Bern_N4Ck2._seg2_monotone=MONOTONIC    
		PolynomialSplineRegressor.Bern_N4Ck2._seg2_value_jack=Wengert{0} => [ 0.758,  0.242,  1.273,  0.545]

		PolynomialSplineRegressor.Bern_N4Ck2.FinishTime=Fri Nov 02 23:28:21 EDT 2018
		PolynomialSplineRegressor.Bern_N4Ck2.ExecTime=253

		PolynomialSplineRegressor.Hermite_N4Ck1.Success=true
		PolynomialSplineRegressor.Hermite_N4Ck1._seg1_0_0=1.0
		PolynomialSplineRegressor.Hermite_N4Ck1._seg1_1_0=4.0
		PolynomialSplineRegressor.Hermite_N4Ck1._seg1_head_jack=Wengert{0} => [ 1.000,  0.000,  0.000,  0.000]
Wengert{1} => [ 1.000,  0.000,  1.000,  0.000]
Wengert{2} => [-5.000,  4.000, -2.000, -1.000]
Wengert{3} => [ 3.000, -3.000,  1.000,  1.000]

		PolynomialSplineRegressor.Hermite_N4Ck1._seg1_jack=Wengert{0} => [ 1.000,  0.000,  0.000,  0.000]
Wengert{1} => [ 1.000,  0.000,  1.000,  0.000]
Wengert{2} => [-5.000,  4.000, -2.000, -1.000]
Wengert{3} => [ 3.000, -3.000,  1.000,  1.000]

		PolynomialSplineRegressor.Hermite_N4Ck1._seg1_monotone=MONOTONIC    
		PolynomialSplineRegressor.Hermite_N4Ck1._seg2_1_0=4.0
		PolynomialSplineRegressor.Hermite_N4Ck1._seg2_2_0=14.0
		PolynomialSplineRegressor.Hermite_N4Ck1._seg2_head_jack=Wengert{0} => [ 1.000,  0.000,  0.000,  0.000]
Wengert{1} => [ 1.000,  0.000,  1.000,  0.000]
Wengert{2} => [-5.000,  4.000, -2.000, -1.000]
Wengert{3} => [ 3.000, -3.000,  1.000,  1.000]

		PolynomialSplineRegressor.Hermite_N4Ck1._seg2_jack=Wengert{0} => [ 1.000,  0.000,  0.000,  0.000]
Wengert{1} => [ 1.000,  0.000,  1.000,  0.000]
Wengert{2} => [-5.000,  4.000, -2.000, -1.000]
Wengert{3} => [ 3.000, -3.000,  1.000,  1.000]

		PolynomialSplineRegressor.Hermite_N4Ck1._seg2_monotone=MONOTONIC    
		PolynomialSplineRegressor.Hermite_N4Ck1._seg2_value_jack=Wengert{0} => [ 0.500,  0.500,  0.100, -0.100]

		PolynomialSplineRegressor.Hermite_N4Ck1.FinishTime=Fri Nov 02 23:28:21 EDT 2018
		PolynomialSplineRegressor.Hermite_N4Ck1.ExecTime=92

		PolynomialSplineRegressor.Lagrange_Polynomial_Stretch.Success=true
		PolynomialSplineRegressor.Lagrange_Polynomial_Stretch.lpsr_locallymonotone=true
		PolynomialSplineRegressor.Lagrange_Polynomial_Stretch.lpsr_sm=MONOTONIC    
		PolynomialSplineRegressor.Lagrange_Polynomial_Stretch.lpsr_value=2.16
		PolynomialSplineRegressor.Lagrange_Polynomial_Stretch.lpsr_wj=Wengert{0} => [-0.041,  0.896,  0.171, -0.026]

		PolynomialSplineRegressor.Lagrange_Polynomial_Stretch.FinishTime=Fri Nov 02 23:28:21 EDT 2018
		PolynomialSplineRegressor.Lagrange_Polynomial_Stretch.ExecTime=132
	PolynomialSplineRegressor=> 9004 (mu-s): 27 / 28 succeeded.
	PolynomialSplineRegressor ends at Fri Nov 02 23:28:21 EDT 2018

	PolynomialSplineRegressor starts at Fri Nov 02 23:28:21 EDT 2018

		PolynomialSplineRegressor.N2Ck0.Success=true
		PolynomialSplineRegressor.N2Ck0._seg1_1_0=25.0
		PolynomialSplineRegressor.N2Ck0._seg1_3_0=20.25
		PolynomialSplineRegressor.N2Ck0._seg1_head_jack=Wengert{0} => [ 1.000,  0.000]
Wengert{1} => [-1.000,  1.000]

		PolynomialSplineRegressor.N2Ck0._seg1_jack=Wengert{0} => [ 1.000,  0.000]
Wengert{1} => [-1.000,  1.000]

		PolynomialSplineRegressor.N2Ck0._seg1_monotone=MONOTONIC    
		PolynomialSplineRegressor.N2Ck0._seg2_3_0=20.25
		PolynomialSplineRegressor.N2Ck0._seg2_6_0=14.0
		PolynomialSplineRegressor.N2Ck0._seg2_head_jack=Wengert{0} => [ 1.000,  0.000]
Wengert{1} => [-1.000,  1.000]

		PolynomialSplineRegressor.N2Ck0._seg2_jack=Wengert{0} => [ 1.000,  0.000]
Wengert{1} => [-1.000,  1.000]

		PolynomialSplineRegressor.N2Ck0._seg2_monotone=MONOTONIC    
		PolynomialSplineRegressor.N2Ck0._seg2_value_jack=Wengert{0} => [ 0.273,  0.545]

		PolynomialSplineRegressor.N2Ck0.FinishTime=Fri Nov 02 23:28:21 EDT 2018
		PolynomialSplineRegressor.N2Ck0.ExecTime=22

		PolynomialSplineRegressor.N3Ck0.Success=true
		PolynomialSplineRegressor.N3Ck0._seg1_1_0=25.0
		PolynomialSplineRegressor.N3Ck0._seg1_3_0=20.249999999999993
		PolynomialSplineRegressor.N3Ck0._seg1_head_jack=Wengert{0} => [ 1.000,  0.000,  0.000]
Wengert{1} => [-0.973,  1.973, -1.110]
Wengert{2} => [-0.027, -0.973,  1.110]

		PolynomialSplineRegressor.N3Ck0._seg1_jack=Wengert{0} => [ 1.000,  0.000,  0.000]
Wengert{1} => [-0.973,  1.973, -1.110]
Wengert{2} => [-0.027, -0.973,  1.110]

		PolynomialSplineRegressor.N3Ck0._seg1_monotone=MONOTONIC    
		PolynomialSplineRegressor.N3Ck0._seg2_3_0=20.249999999999993
		PolynomialSplineRegressor.N3Ck0._seg2_6_0=14.0
		PolynomialSplineRegressor.N3Ck0._seg2_head_jack=Wengert{0} => [ 1.000,  0.000,  0.000]
Wengert{1} => [-0.973,  1.973, -3.747]
Wengert{2} => [-0.027, -0.973,  3.747]

		PolynomialSplineRegressor.N3Ck0._seg2_jack=Wengert{0} => [ 1.000,  0.000,  0.000]
Wengert{1} => [-0.973,  1.973, -3.747]
Wengert{2} => [-0.027, -0.973,  3.747]

		PolynomialSplineRegressor.N3Ck0._seg2_monotone=MONOTONIC    
		PolynomialSplineRegressor.N3Ck0._seg2_value_jack=Wengert{0} => [ 0.278,  0.722, -0.681]

		PolynomialSplineRegressor.N3Ck0.FinishTime=Fri Nov 02 23:28:21 EDT 2018
		PolynomialSplineRegressor.N3Ck0.ExecTime=81

		PolynomialSplineRegressor.N3Ck1.Success=true
		PolynomialSplineRegressor.N3Ck1._seg1_1_0=25.0
		PolynomialSplineRegressor.N3Ck1._seg1_3_0=20.25
		PolynomialSplineRegressor.N3Ck1._seg1_head_jack=Wengert{0} => [ 1.000,  0.000,  0.000]
Wengert{1} => [ 1.000,  0.000,  2.000]
Wengert{2} => [-2.000,  1.000, -2.000]

		PolynomialSplineRegressor.N3Ck1._seg1_jack=Wengert{0} => [ 1.000,  0.000,  0.000]
Wengert{1} => [ 1.000,  0.000,  2.000]
Wengert{2} => [-2.000,  1.000, -2.000]

		PolynomialSplineRegressor.N3Ck1._seg1_monotone=MONOTONIC    
		PolynomialSplineRegressor.N3Ck1._seg2_3_0=20.25
		PolynomialSplineRegressor.N3Ck1._seg2_6_0=14.0
		PolynomialSplineRegressor.N3Ck1._seg2_head_jack=Wengert{0} => [ 1.000,  0.000,  0.000]
Wengert{1} => [ 1.000,  0.000,  3.000]
Wengert{2} => [-2.000,  1.000, -3.000]

		PolynomialSplineRegressor.N3Ck1._seg2_jack=Wengert{0} => [ 1.000,  0.000,  0.000]
Wengert{1} => [ 1.000,  0.000,  3.000]
Wengert{2} => [-2.000,  1.000, -3.000]

		PolynomialSplineRegressor.N3Ck1._seg2_monotone=MONOTONIC    
		PolynomialSplineRegressor.N3Ck1._seg2_value_jack=Wengert{0} => [ 0.636,  0.364,  0.545]

		PolynomialSplineRegressor.N3Ck1.FinishTime=Fri Nov 02 23:28:21 EDT 2018
		PolynomialSplineRegressor.N3Ck1.ExecTime=60

		PolynomialSplineRegressor.N4Ck0.Success=true
		PolynomialSplineRegressor.N4Ck0._seg1_1_0=25.0
		PolynomialSplineRegressor.N4Ck0._seg1_3_0=20.24999999999999
		PolynomialSplineRegressor.N4Ck0._seg1_head_jack=Wengert{0} => [ 1.000,  0.000,  0.000,  0.000]
Wengert{1} => [ 0.000,  1.000, -5.677,  3.425]
Wengert{2} => [-2.000,  1.000,  10.368, -6.943]
Wengert{3} => [ 1.000, -1.000, -4.692,  3.519]

		PolynomialSplineRegressor.N4Ck0._seg1_jack=Wengert{0} => [ 1.000,  0.000,  0.000,  0.000]
Wengert{1} => [ 0.000,  1.000, -5.677,  3.425]
Wengert{2} => [-2.000,  1.000,  10.368, -6.943]
Wengert{3} => [ 1.000, -1.000, -4.692,  3.519]

		PolynomialSplineRegressor.N4Ck0._seg1_monotone=MONOTONIC    
		PolynomialSplineRegressor.N4Ck0._seg2_3_0=20.24999999999999
		PolynomialSplineRegressor.N4Ck0._seg2_6_0=14.000000000000004
		PolynomialSplineRegressor.N4Ck0._seg2_head_jack=Wengert{0} => [ 1.000,  0.000,  0.000,  0.000]
Wengert{1} => [-0.000,  1.000, -19.159,  11.559]
Wengert{2} => [-2.000,  1.000,  34.993, -23.434]
Wengert{3} => [ 1.000, -1.000, -15.834,  11.875]

		PolynomialSplineRegressor.N4Ck0._seg2_jack=Wengert{0} => [ 1.000,  0.000,  0.000,  0.000]
Wengert{1} => [-0.000,  1.000, -19.159,  11.559]
Wengert{2} => [-2.000,  1.000,  34.993, -23.434]
Wengert{3} => [ 1.000, -1.000, -15.834,  11.875]

		PolynomialSplineRegressor.N4Ck0._seg2_monotone=MONOTONIC    
		PolynomialSplineRegressor.N4Ck0._seg2_value_jack=Wengert{0} => [ 0.333,  0.667, -1.564,  0.662]

		PolynomialSplineRegressor.N4Ck0.FinishTime=Fri Nov 02 23:28:21 EDT 2018
		PolynomialSplineRegressor.N4Ck0.ExecTime=251

		PolynomialSplineRegressor.N4Ck1.Success=true
		PolynomialSplineRegressor.N4Ck1._seg1_1_0=25.0
		PolynomialSplineRegressor.N4Ck1._seg1_3_0=20.25
		PolynomialSplineRegressor.N4Ck1._seg1_head_jack=Wengert{0} => [ 1.000,  0.000,  0.000,  0.000]
Wengert{1} => [ 1.000,  0.000,  2.000,  0.000]
Wengert{2} => [-3.826,  2.826, -3.653, -0.688]
Wengert{3} => [ 1.826, -1.826,  1.653,  0.688]

		PolynomialSplineRegressor.N4Ck1._seg1_jack=Wengert{0} => [ 1.000,  0.000,  0.000,  0.000]
Wengert{1} => [ 1.000,  0.000,  2.000,  0.000]
Wengert{2} => [-3.826,  2.826, -3.653, -0.688]
Wengert{3} => [ 1.826, -1.826,  1.653,  0.688]

		PolynomialSplineRegressor.N4Ck1._seg1_monotone=MONOTONIC    
		PolynomialSplineRegressor.N4Ck1._seg2_3_0=20.25
		PolynomialSplineRegressor.N4Ck1._seg2_6_0=14.000000000000004
		PolynomialSplineRegressor.N4Ck1._seg2_head_jack=Wengert{0} => [ 1.000,  0.000,  0.000,  0.000]
Wengert{1} => [ 1.000,  0.000,  3.000,  0.000]
Wengert{2} => [-3.826,  2.826, -5.479, -2.323]
Wengert{3} => [ 1.826, -1.826,  2.479,  2.323]

		PolynomialSplineRegressor.N4Ck1._seg2_jack=Wengert{0} => [ 1.000,  0.000,  0.000,  0.000]
Wengert{1} => [ 1.000,  0.000,  3.000,  0.000]
Wengert{2} => [-3.826,  2.826, -5.479, -2.323]
Wengert{3} => [ 1.826, -1.826,  2.479,  2.323]

		PolynomialSplineRegressor.N4Ck1._seg2_monotone=MONOTONIC    
		PolynomialSplineRegressor.N4Ck1._seg2_value_jack=Wengert{0} => [ 0.415,  0.585,  0.245, -0.282]

		PolynomialSplineRegressor.N4Ck1.FinishTime=Fri Nov 02 23:28:21 EDT 2018
		PolynomialSplineRegressor.N4Ck1.ExecTime=134

		PolynomialSplineRegressor.N4Ck2.Success=true
		PolynomialSplineRegressor.N4Ck2._seg1_1_0=25.0
		PolynomialSplineRegressor.N4Ck2._seg1_3_0=20.25
		PolynomialSplineRegressor.N4Ck2._seg1_head_jack=Wengert{0} => [ 1.000,  0.000,  0.000,  0.000]
Wengert{1} => [ 1.000,  0.000,  2.000,  0.000]
Wengert{2} => [-1.000,  0.000,  2.000,  2.000]
Wengert{3} => [-1.000,  1.000, -4.000, -2.000]

		PolynomialSplineRegressor.N4Ck2._seg1_jack=Wengert{0} => [ 1.000,  0.000,  0.000,  0.000]
Wengert{1} => [ 1.000,  0.000,  2.000,  0.000]
Wengert{2} => [-1.000,  0.000,  2.000,  2.000]
Wengert{3} => [-1.000,  1.000, -4.000, -2.000]

		PolynomialSplineRegressor.N4Ck2._seg1_monotone=MONOTONIC    
		PolynomialSplineRegressor.N4Ck2._seg2_3_0=20.25
		PolynomialSplineRegressor.N4Ck2._seg2_6_0=14.0
		PolynomialSplineRegressor.N4Ck2._seg2_head_jack=Wengert{0} => [ 1.000,  0.000,  0.000,  0.000]
Wengert{1} => [ 1.000,  0.000,  3.000,  0.000]
Wengert{2} => [-1.000,  0.000,  3.000,  4.500]
Wengert{3} => [-1.000,  1.000, -6.000, -4.500]

		PolynomialSplineRegressor.N4Ck2._seg2_jack=Wengert{0} => [ 1.000,  0.000,  0.000,  0.000]
Wengert{1} => [ 1.000,  0.000,  3.000,  0.000]
Wengert{2} => [-1.000,  0.000,  3.000,  4.500]
Wengert{3} => [-1.000,  1.000, -6.000, -4.500]

		PolynomialSplineRegressor.N4Ck2._seg2_monotone=MONOTONIC    
		PolynomialSplineRegressor.N4Ck2._seg2_value_jack=Wengert{0} => [ 0.758,  0.242,  1.273,  0.545]

		PolynomialSplineRegressor.N4Ck2.FinishTime=Fri Nov 02 23:28:21 EDT 2018
		PolynomialSplineRegressor.N4Ck2.ExecTime=87

		PolynomialSplineRegressor.N5Ck0.Success=true
		PolynomialSplineRegressor.N5Ck0._seg1_1_0=25.0
		PolynomialSplineRegressor.N5Ck0._seg1_3_0=20.249999999999996
		PolynomialSplineRegressor.N5Ck0._seg1_head_jack=Wengert{0} => [ 1.000,  0.000,  0.000,  0.000,  0.000]
Wengert{1} => [ 0.000,  1.000, -4.273, -0.388,  2.074]
Wengert{2} => [-2.000,  1.000,  17.657, -26.737,  10.767]
Wengert{3} => [ 1.000, -1.000, -22.076,  50.733, -25.681]
Wengert{4} => [-0.000,  0.000,  8.692, -23.607,  12.841]

		PolynomialSplineRegressor.N5Ck0._seg1_jack=Wengert{0} => [ 1.000,  0.000,  0.000,  0.000,  0.000]
Wengert{1} => [ 0.000,  1.000, -4.273, -0.388,  2.074]
Wengert{2} => [-2.000,  1.000,  17.657, -26.737,  10.767]
Wengert{3} => [ 1.000, -1.000, -22.076,  50.733, -25.681]
Wengert{4} => [-0.000,  0.000,  8.692, -23.607,  12.841]

		PolynomialSplineRegressor.N5Ck0._seg1_monotone=MONOTONIC    
		PolynomialSplineRegressor.N5Ck0._seg2_3_0=20.249999999999996
		PolynomialSplineRegressor.N5Ck0._seg2_6_0=13.999999999999998
		PolynomialSplineRegressor.N5Ck0._seg2_head_jack=Wengert{0} => [ 1.000,  0.000,  0.000,  0.000,  0.000]
Wengert{1} => [-0.000,  1.000, -14.420, -1.311,  7.000]
Wengert{2} => [-2.000,  1.000,  59.591, -90.239,  36.337]
Wengert{3} => [ 1.000, -1.000, -74.508,  171.225, -86.675]
Wengert{4} => [ 0.000, -0.000,  29.337, -79.675,  43.337]

		PolynomialSplineRegressor.N5Ck0._seg2_jack=Wengert{0} => [ 1.000,  0.000,  0.000,  0.000,  0.000]
Wengert{1} => [-0.000,  1.000, -14.420, -1.311,  7.000]
Wengert{2} => [-2.000,  1.000,  59.591, -90.239,  36.337]
Wengert{3} => [ 1.000, -1.000, -74.508,  171.225, -86.675]
Wengert{4} => [ 0.000, -0.000,  29.337, -79.675,  43.337]

		PolynomialSplineRegressor.N5Ck0._seg2_monotone=MONOTONIC    
		PolynomialSplineRegressor.N5Ck0._seg2_value_jack=Wengert{0} => [ 0.333,  0.667,  0.483, -4.897,  3.024]

		PolynomialSplineRegressor.N5Ck0.FinishTime=Fri Nov 02 23:28:21 EDT 2018
		PolynomialSplineRegressor.N5Ck0.ExecTime=347

		PolynomialSplineRegressor.N5Ck1.Success=true
		PolynomialSplineRegressor.N5Ck1._seg1_1_0=25.0
		PolynomialSplineRegressor.N5Ck1._seg1_3_0=20.249999999999986
		PolynomialSplineRegressor.N5Ck1._seg1_head_jack=Wengert{0} => [ 1.000,  0.000,  0.000,  0.000,  0.000]
Wengert{1} => [ 1.000,  0.000,  2.000,  0.000,  0.000]
Wengert{2} => [-6.132,  5.132, -8.265, -28.343,  19.338]
Wengert{3} => [ 6.167, -6.167,  10.334,  52.740, -36.398]
Wengert{4} => [-2.034,  2.034, -4.069, -24.398,  17.060]

		PolynomialSplineRegressor.N5Ck1._seg1_jack=Wengert{0} => [ 1.000,  0.000,  0.000,  0.000,  0.000]
Wengert{1} => [ 1.000,  0.000,  2.000,  0.000,  0.000]
Wengert{2} => [-6.132,  5.132, -8.265, -28.343,  19.338]
Wengert{3} => [ 6.167, -6.167,  10.334,  52.740, -36.398]
Wengert{4} => [-2.034,  2.034, -4.069, -24.398,  17.060]

		PolynomialSplineRegressor.N5Ck1._seg1_monotone=MONOTONIC    
		PolynomialSplineRegressor.N5Ck1._seg2_3_0=20.249999999999986
		PolynomialSplineRegressor.N5Ck1._seg2_6_0=14.000000000000014
		PolynomialSplineRegressor.N5Ck1._seg2_head_jack=Wengert{0} => [ 1.000,  0.000,  0.000,  0.000,  0.000]
Wengert{1} => [ 1.000,  0.000,  3.000,  0.000,  0.000]
Wengert{2} => [-6.132,  5.132, -12.397, -95.657,  65.266]
Wengert{3} => [ 6.167, -6.167,  15.501,  177.999, -122.844]
Wengert{4} => [-2.034,  2.034, -6.103, -82.342,  57.579]

		PolynomialSplineRegressor.N5Ck1._seg2_jack=Wengert{0} => [ 1.000,  0.000,  0.000,  0.000,  0.000]
Wengert{1} => [ 1.000,  0.000,  3.000,  0.000,  0.000]
Wengert{2} => [-6.132,  5.132, -12.397, -95.657,  65.266]
Wengert{3} => [ 6.167, -6.167,  15.501,  177.999, -122.844]
Wengert{4} => [-2.034,  2.034, -6.103, -82.342,  57.579]

		PolynomialSplineRegressor.N5Ck1._seg2_monotone=MONOTONIC    
		PolynomialSplineRegressor.N5Ck1._seg2_value_jack=Wengert{0} => [ 0.300,  0.700, -0.100, -4.941,  3.258]

		PolynomialSplineRegressor.N5Ck1.FinishTime=Fri Nov 02 23:28:21 EDT 2018
		PolynomialSplineRegressor.N5Ck1.ExecTime=291

		PolynomialSplineRegressor.N5Ck2.Success=true
		PolynomialSplineRegressor.N5Ck2._seg1_1_0=25.0
		PolynomialSplineRegressor.N5Ck2._seg1_3_0=20.25
		PolynomialSplineRegressor.N5Ck2._seg1_head_jack=Wengert{0} => [ 1.000,  0.000,  0.000,  0.000,  0.000]
Wengert{1} => [ 1.000,  0.000,  2.000,  0.000,  0.000]
Wengert{2} => [-1.000,  0.000,  2.000,  2.000,  0.000]
Wengert{3} => [-3.384,  3.384, -8.767, -3.722, -0.414]
Wengert{4} => [ 2.384, -2.384,  4.767,  1.722,  0.414]

		PolynomialSplineRegressor.N5Ck2._seg1_jack=Wengert{0} => [ 1.000,  0.000,  0.000,  0.000,  0.000]
Wengert{1} => [ 1.000,  0.000,  2.000,  0.000,  0.000]
Wengert{2} => [-1.000,  0.000,  2.000,  2.000,  0.000]
Wengert{3} => [-3.384,  3.384, -8.767, -3.722, -0.414]
Wengert{4} => [ 2.384, -2.384,  4.767,  1.722,  0.414]

		PolynomialSplineRegressor.N5Ck2._seg1_monotone=MONOTONIC    
		PolynomialSplineRegressor.N5Ck2._seg2_3_0=20.25
		PolynomialSplineRegressor.N5Ck2._seg2_6_0=14.0
		PolynomialSplineRegressor.N5Ck2._seg2_head_jack=Wengert{0} => [ 1.000,  0.000,  0.000,  0.000,  0.000]
Wengert{1} => [ 1.000,  0.000,  3.000,  0.000,  0.000]
Wengert{2} => [-1.000,  0.000,  3.000,  4.500,  0.000]
Wengert{3} => [-3.384,  3.384, -13.151, -8.374, -1.398]
Wengert{4} => [ 2.384, -2.384,  7.151,  3.874,  1.398]

		PolynomialSplineRegressor.N5Ck2._seg2_jack=Wengert{0} => [ 1.000,  0.000,  0.000,  0.000,  0.000]
Wengert{1} => [ 1.000,  0.000,  3.000,  0.000,  0.000]
Wengert{2} => [-1.000,  0.000,  3.000,  4.500,  0.000]
Wengert{3} => [-3.384,  3.384, -13.151, -8.374, -1.398]
Wengert{4} => [ 2.384, -2.384,  7.151,  3.874,  1.398]

		PolynomialSplineRegressor.N5Ck2._seg2_monotone=MONOTONIC    
		PolynomialSplineRegressor.N5Ck2._seg2_value_jack=Wengert{0} => [ 0.565,  0.435,  0.695,  0.232, -0.113]

		PolynomialSplineRegressor.N5Ck2.FinishTime=Fri Nov 02 23:28:21 EDT 2018
		PolynomialSplineRegressor.N5Ck2.ExecTime=205

		PolynomialSplineRegressor.N5Ck3.Success=true
		PolynomialSplineRegressor.N5Ck3._seg1_1_0=25.0
		PolynomialSplineRegressor.N5Ck3._seg1_3_0=20.25
		PolynomialSplineRegressor.N5Ck3._seg1_head_jack=Wengert{0} => [ 1.000,  0.000,  0.000,  0.000,  0.000]
Wengert{1} => [ 1.000,  0.000,  2.000,  0.000,  0.000]
Wengert{2} => [-1.000,  0.000,  2.000,  2.000,  0.000]
Wengert{3} => [ 0.002,  0.000, -2.000,  2.000,  1.333]
Wengert{4} => [-1.002,  1.000, -2.000, -4.000, -1.333]

		PolynomialSplineRegressor.N5Ck3._seg1_jack=Wengert{0} => [ 1.000,  0.000,  0.000,  0.000,  0.000]
Wengert{1} => [ 1.000,  0.000,  2.000,  0.000,  0.000]
Wengert{2} => [-1.000,  0.000,  2.000,  2.000,  0.000]
Wengert{3} => [ 0.002,  0.000, -2.000,  2.000,  1.333]
Wengert{4} => [-1.002,  1.000, -2.000, -4.000, -1.333]

		PolynomialSplineRegressor.N5Ck3._seg1_monotone=MONOTONIC    
		PolynomialSplineRegressor.N5Ck3._seg2_3_0=20.25
		PolynomialSplineRegressor.N5Ck3._seg2_6_0=14.0
		PolynomialSplineRegressor.N5Ck3._seg2_head_jack=Wengert{0} => [ 1.000,  0.000,  0.000,  0.000,  0.000]
Wengert{1} => [ 1.000,  0.000,  3.000,  0.000,  0.000]
Wengert{2} => [-1.000,  0.000,  3.000,  4.500,  0.000]
Wengert{3} => [ 0.002,  0.000, -3.000,  4.500,  4.500]
Wengert{4} => [-1.002,  1.000, -3.000, -9.000, -4.500]

		PolynomialSplineRegressor.N5Ck3._seg2_jack=Wengert{0} => [ 1.000,  0.000,  0.000,  0.000,  0.000]
Wengert{1} => [ 1.000,  0.000,  3.000,  0.000,  0.000]
Wengert{2} => [-1.000,  0.000,  3.000,  4.500,  0.000]
Wengert{3} => [ 0.002,  0.000, -3.000,  4.500,  4.500]
Wengert{4} => [-1.002,  1.000, -3.000, -9.000, -4.500]

		PolynomialSplineRegressor.N5Ck3._seg2_monotone=MONOTONIC    
		PolynomialSplineRegressor.N5Ck3._seg2_value_jack=Wengert{0} => [ 0.839,  0.162,  1.515,  1.273,  0.364]

		PolynomialSplineRegressor.N5Ck3.FinishTime=Fri Nov 02 23:28:21 EDT 2018
		PolynomialSplineRegressor.N5Ck3.ExecTime=183

		PolynomialSplineRegressor.N6Ck0.Success=true
		PolynomialSplineRegressor.N6Ck0._seg1_1_0=25.0
		PolynomialSplineRegressor.N6Ck0._seg1_3_0=20.249999999999996
		PolynomialSplineRegressor.N6Ck0._seg1_head_jack=Wengert{0} => [ 1.000,  0.000,  0.000,  0.000,  0.000,  0.000]
Wengert{1} => [-0.000,  1.000, -3.726, -3.696,  6.532, -1.783]
Wengert{2} => [-2.000,  1.000,  21.678, -51.052,  43.535, -13.107]
Wengert{3} => [ 1.000, -1.000, -43.631,  181.070, -201.329,  70.259]
Wengert{4} => [-0.000,  0.000,  37.003, -194.798,  243.545, -92.282]
Wengert{5} => [ 0.000, -0.000, -11.324,  68.476, -92.282,  36.913]

		PolynomialSplineRegressor.N6Ck0._seg1_jack=Wengert{0} => [ 1.000,  0.000,  0.000,  0.000,  0.000,  0.000]
Wengert{1} => [-0.000,  1.000, -3.726, -3.696,  6.532, -1.783]
Wengert{2} => [-2.000,  1.000,  21.678, -51.052,  43.535, -13.107]
Wengert{3} => [ 1.000, -1.000, -43.631,  181.070, -201.329,  70.259]
Wengert{4} => [-0.000,  0.000,  37.003, -194.798,  243.545, -92.282]
Wengert{5} => [ 0.000, -0.000, -11.324,  68.476, -92.282,  36.913]

		PolynomialSplineRegressor.N6Ck0._seg1_monotone=MONOTONIC    
		PolynomialSplineRegressor.N6Ck0._seg2_3_0=20.249999999999996
		PolynomialSplineRegressor.N6Ck0._seg2_6_0=14.0
		PolynomialSplineRegressor.N6Ck0._seg2_head_jack=Wengert{0} => [ 1.000,  0.000,  0.000,  0.000,  0.000,  0.000]
Wengert{1} => [-0.000,  1.000, -12.574, -12.475,  22.045, -6.018]
Wengert{2} => [-2.000,  1.000,  73.162, -172.302,  146.929, -44.237]
Wengert{3} => [ 1.000, -1.000, -147.254,  611.112, -679.487,  237.125]
Wengert{4} => [-0.000,  0.000,  124.884, -657.442,  821.963, -311.450]
Wengert{5} => [ 0.000, -0.000, -38.219,  231.107, -311.450,  124.580]

		PolynomialSplineRegressor.N6Ck0._seg2_jack=Wengert{0} => [ 1.000,  0.000,  0.000,  0.000,  0.000,  0.000]
Wengert{1} => [-0.000,  1.000, -12.574, -12.475,  22.045, -6.018]
Wengert{2} => [-2.000,  1.000,  73.162, -172.302,  146.929, -44.237]
Wengert{3} => [ 1.000, -1.000, -147.254,  611.112, -679.487,  237.125]
Wengert{4} => [-0.000,  0.000,  124.884, -657.442,  821.963, -311.450]
Wengert{5} => [ 0.000, -0.000, -38.219,  231.107, -311.450,  124.580]

		PolynomialSplineRegressor.N6Ck0._seg2_monotone=MONOTONIC    
		PolynomialSplineRegressor.N6Ck0._seg2_value_jack=Wengert{0} => [ 0.333,  0.667,  0.113, -2.664,  0.015,  1.204]

		PolynomialSplineRegressor.N6Ck0.FinishTime=Fri Nov 02 23:28:21 EDT 2018
		PolynomialSplineRegressor.N6Ck0.ExecTime=544

		PolynomialSplineRegressor.N6Ck1.Success=true
		PolynomialSplineRegressor.N6Ck1._seg1_1_0=25.0
		PolynomialSplineRegressor.N6Ck1._seg1_3_0=20.249999999999886
		PolynomialSplineRegressor.N6Ck1._seg1_head_jack=Wengert{0} => [ 1.000,  0.000,  0.000,  0.000,  0.000,  0.000]
Wengert{1} => [ 1.000,  0.000,  2.000,  0.000,  0.000,  0.000]
Wengert{2} => [-7.819,  6.819, -11.637, -72.559,  81.540, -23.482]
Wengert{3} => [ 12.711, -12.711,  23.422,  224.355, -277.822,  91.140]
Wengert{4} => [-9.932,  9.932, -19.864, -231.508,  308.418, -109.991]
Wengert{5} => [ 3.040, -3.040,  6.079,  79.711, -112.135,  42.332]

		PolynomialSplineRegressor.N6Ck1._seg1_jack=Wengert{0} => [ 1.000,  0.000,  0.000,  0.000,  0.000,  0.000]
Wengert{1} => [ 1.000,  0.000,  2.000,  0.000,  0.000,  0.000]
Wengert{2} => [-7.819,  6.819, -11.637, -72.559,  81.540, -23.482]
Wengert{3} => [ 12.711, -12.711,  23.422,  224.355, -277.822,  91.140]
Wengert{4} => [-9.932,  9.932, -19.864, -231.508,  308.418, -109.991]
Wengert{5} => [ 3.040, -3.040,  6.079,  79.711, -112.135,  42.332]

		PolynomialSplineRegressor.N6Ck1._seg1_monotone=MONOTONIC    
		PolynomialSplineRegressor.N6Ck1._seg2_3_0=20.249999999999886
		PolynomialSplineRegressor.N6Ck1._seg2_6_0=14.000000000000867
		PolynomialSplineRegressor.N6Ck1._seg2_head_jack=Wengert{0} => [ 1.000,  0.000,  0.000,  0.000,  0.000,  0.000]
Wengert{1} => [ 1.000,  0.000,  3.000,  0.000,  0.000,  0.000]
Wengert{2} => [-7.819,  6.819, -17.456, -244.885,  275.196, -79.251]
Wengert{3} => [ 12.711, -12.711,  35.133,  757.200, -937.650,  307.598]
Wengert{4} => [-9.932,  9.932, -29.796, -781.338,  1040.910, -371.218]
Wengert{5} => [ 3.040, -3.040,  9.119,  269.024, -378.456,  142.871]

		PolynomialSplineRegressor.N6Ck1._seg2_jack=Wengert{0} => [ 1.000,  0.000,  0.000,  0.000,  0.000,  0.000]
Wengert{1} => [ 1.000,  0.000,  3.000,  0.000,  0.000,  0.000]
Wengert{2} => [-7.819,  6.819, -17.456, -244.885,  275.196, -79.251]
Wengert{3} => [ 12.711, -12.711,  35.133,  757.200, -937.650,  307.598]
Wengert{4} => [-9.932,  9.932, -29.796, -781.338,  1040.910, -371.218]
Wengert{5} => [ 3.040, -3.040,  9.119,  269.024, -378.456,  142.871]

		PolynomialSplineRegressor.N6Ck1._seg2_monotone=MONOTONIC    
		PolynomialSplineRegressor.N6Ck1._seg2_value_jack=Wengert{0} => [ 0.324,  0.676, -0.027, -2.777,  0.214,  1.149]

		PolynomialSplineRegressor.N6Ck1.FinishTime=Fri Nov 02 23:28:21 EDT 2018
		PolynomialSplineRegressor.N6Ck1.ExecTime=514

		PolynomialSplineRegressor.N6Ck2.Success=true
		PolynomialSplineRegressor.N6Ck2._seg1_1_0=25.0
		PolynomialSplineRegressor.N6Ck2._seg1_3_0=20.25000000000064
		PolynomialSplineRegressor.N6Ck2._seg1_head_jack=Wengert{0} => [ 1.000,  0.000,  0.000,  0.000,  0.000,  0.000]
Wengert{1} => [ 1.000,  0.000,  2.000,  0.000,  0.000,  0.000]
Wengert{2} => [-1.000,  0.000,  2.000,  2.000,  0.000,  0.000]
Wengert{3} => [-8.372,  8.372, -18.745, -6.184, -25.697,  18.533]
Wengert{4} => [ 11.823, -11.823,  23.647,  6.381,  48.255, -35.069]
Wengert{5} => [-4.451,  4.451, -8.902, -2.197, -22.558,  16.536]

		PolynomialSplineRegressor.N6Ck2._seg1_jack=Wengert{0} => [ 1.000,  0.000,  0.000,  0.000,  0.000,  0.000]
Wengert{1} => [ 1.000,  0.000,  2.000,  0.000,  0.000,  0.000]
Wengert{2} => [-1.000,  0.000,  2.000,  2.000,  0.000,  0.000]
Wengert{3} => [-8.372,  8.372, -18.745, -6.184, -25.697,  18.533]
Wengert{4} => [ 11.823, -11.823,  23.647,  6.381,  48.255, -35.069]
Wengert{5} => [-4.451,  4.451, -8.902, -2.197, -22.558,  16.536]

		PolynomialSplineRegressor.N6Ck2._seg1_monotone=MONOTONIC    
		PolynomialSplineRegressor.N6Ck2._seg2_3_0=20.25000000000064
		PolynomialSplineRegressor.N6Ck2._seg2_6_0=14.0
		PolynomialSplineRegressor.N6Ck2._seg2_head_jack=Wengert{0} => [ 1.000,  0.000,  0.000,  0.000,  0.000,  0.000]
Wengert{1} => [ 1.000,  0.000,  3.000,  0.000,  0.000,  0.000]
Wengert{2} => [-1.000,  0.000,  3.000,  4.500,  0.000,  0.000]
Wengert{3} => [-8.372,  8.372, -28.117, -13.914, -86.727,  62.549]
Wengert{4} => [ 11.823, -11.823,  35.470,  14.358,  162.860, -118.357]
Wengert{5} => [-4.451,  4.451, -13.353, -4.944, -76.133,  55.808]

		PolynomialSplineRegressor.N6Ck2._seg2_jack=Wengert{0} => [ 1.000,  0.000,  0.000,  0.000,  0.000,  0.000]
Wengert{1} => [ 1.000,  0.000,  3.000,  0.000,  0.000,  0.000]
Wengert{2} => [-1.000,  0.000,  3.000,  4.500,  0.000,  0.000]
Wengert{3} => [-8.372,  8.372, -28.117, -13.914, -86.727,  62.549]
Wengert{4} => [ 11.823, -11.823,  35.470,  14.358,  162.860, -118.357]
Wengert{5} => [-4.451,  4.451, -13.353, -4.944, -76.133,  55.808]

		PolynomialSplineRegressor.N6Ck2._seg2_monotone=MONOTONIC    
		PolynomialSplineRegressor.N6Ck2._seg2_value_jack=Wengert{0} => [ 0.402,  0.598,  0.205,  0.051, -2.907,  2.048]

		PolynomialSplineRegressor.N6Ck2.FinishTime=Fri Nov 02 23:28:21 EDT 2018
		PolynomialSplineRegressor.N6Ck2.ExecTime=450

		PolynomialSplineRegressor.N6Ck3.Success=true
		PolynomialSplineRegressor.N6Ck3._seg1_1_0=25.0
		PolynomialSplineRegressor.N6Ck3._seg1_3_0=20.250000000000018
		PolynomialSplineRegressor.N6Ck3._seg1_head_jack=Wengert{0} => [ 1.000,  0.000,  0.000,  0.000,  0.000,  0.000]
Wengert{1} => [ 1.000,  0.000,  2.000,  0.000,  0.000,  0.000]
Wengert{2} => [-1.000,  0.000,  2.000,  2.000,  0.000,  0.000]
Wengert{3} => [ 0.002,  0.000, -2.000,  2.000,  1.333,  0.000]
Wengert{4} => [-3.903,  3.899, -7.797, -8.987, -2.504, -0.267]
Wengert{5} => [ 2.901, -2.899,  5.797,  4.987,  1.170,  0.267]

		PolynomialSplineRegressor.N6Ck3._seg1_jack=Wengert{0} => [ 1.000,  0.000,  0.000,  0.000,  0.000,  0.000]
Wengert{1} => [ 1.000,  0.000,  2.000,  0.000,  0.000,  0.000]
Wengert{2} => [-1.000,  0.000,  2.000,  2.000,  0.000,  0.000]
Wengert{3} => [ 0.002,  0.000, -2.000,  2.000,  1.333,  0.000]
Wengert{4} => [-3.903,  3.899, -7.797, -8.987, -2.504, -0.267]
Wengert{5} => [ 2.901, -2.899,  5.797,  4.987,  1.170,  0.267]

		PolynomialSplineRegressor.N6Ck3._seg1_monotone=MONOTONIC    
		PolynomialSplineRegressor.N6Ck3._seg2_3_0=20.250000000000018
		PolynomialSplineRegressor.N6Ck3._seg2_6_0=14.00000000000001
		PolynomialSplineRegressor.N6Ck3._seg2_head_jack=Wengert{0} => [ 1.000,  0.000,  0.000,  0.000,  0.000,  0.000]
Wengert{1} => [ 1.000,  0.000,  3.000,  0.000,  0.000,  0.000]
Wengert{2} => [-1.000,  0.000,  3.000,  4.500,  0.000,  0.000]
Wengert{3} => [ 0.002,  0.000, -3.000,  4.500,  4.500,  0.000]
Wengert{4} => [-3.903,  3.899, -11.696, -20.221, -8.450, -0.900]
Wengert{5} => [ 2.901, -2.899,  8.696,  11.221,  3.950,  0.900]

		PolynomialSplineRegressor.N6Ck3._seg2_jack=Wengert{0} => [ 1.000,  0.000,  0.000,  0.000,  0.000,  0.000]
Wengert{1} => [ 1.000,  0.000,  3.000,  0.000,  0.000,  0.000]
Wengert{2} => [-1.000,  0.000,  3.000,  4.500,  0.000,  0.000]
Wengert{3} => [ 0.002,  0.000, -3.000,  4.500,  4.500,  0.000]
Wengert{4} => [-3.903,  3.899, -11.696, -20.221, -8.450, -0.900]
Wengert{5} => [ 2.901, -2.899,  8.696,  11.221,  3.950,  0.900]

		PolynomialSplineRegressor.N6Ck3._seg2_monotone=MONOTONIC    
		PolynomialSplineRegressor.N6Ck3._seg2_value_jack=Wengert{0} => [ 0.682,  0.318,  1.047,  0.668,  0.151, -0.048]

		PolynomialSplineRegressor.N6Ck3.FinishTime=Fri Nov 02 23:28:21 EDT 2018
		PolynomialSplineRegressor.N6Ck3.ExecTime=394

		PolynomialSplineRegressor.N6Ck4.Success=true
		PolynomialSplineRegressor.N6Ck4._seg1_1_0=25.0
		PolynomialSplineRegressor.N6Ck4._seg1_3_0=20.250000000000455
		PolynomialSplineRegressor.N6Ck4._seg1_head_jack=Wengert{0} => [ 1.000,  0.000,  0.000,  0.000,  0.000,  0.000]
Wengert{1} => [ 1.000,  0.000,  2.000,  0.000,  0.000,  0.000]
Wengert{2} => [-1.000,  0.000,  2.000,  2.000,  0.000,  0.000]
Wengert{3} => [ 0.002,  0.000, -2.000,  2.000,  1.333,  0.000]
Wengert{4} => [-110.644,  0.000,  0.004, -2.000,  1.333,  0.667]
Wengert{5} => [ 109.642,  1.000, -2.004, -2.000, -2.667, -0.667]

		PolynomialSplineRegressor.N6Ck4._seg1_jack=Wengert{0} => [ 1.000,  0.000,  0.000,  0.000,  0.000,  0.000]
Wengert{1} => [ 1.000,  0.000,  2.000,  0.000,  0.000,  0.000]
Wengert{2} => [-1.000,  0.000,  2.000,  2.000,  0.000,  0.000]
Wengert{3} => [ 0.002,  0.000, -2.000,  2.000,  1.333,  0.000]
Wengert{4} => [-110.644,  0.000,  0.004, -2.000,  1.333,  0.667]
Wengert{5} => [ 109.642,  1.000, -2.004, -2.000, -2.667, -0.667]

		PolynomialSplineRegressor.N6Ck4._seg1_monotone=MONOTONIC    
		PolynomialSplineRegressor.N6Ck4._seg2_3_0=20.250000000000455
		PolynomialSplineRegressor.N6Ck4._seg2_6_0=14.000000000000455
		PolynomialSplineRegressor.N6Ck4._seg2_head_jack=Wengert{0} => [ 1.000,  0.000,  0.000,  0.000,  0.000,  0.000]
Wengert{1} => [ 1.000,  0.000,  3.000,  0.000,  0.000,  0.000]
Wengert{2} => [-1.000,  0.000,  3.000,  4.500,  0.000,  0.000]
Wengert{3} => [ 0.002,  0.000, -3.000,  4.500,  4.500,  0.000]
Wengert{4} => [-110.644,  0.000,  0.007, -4.500,  4.500,  3.375]
Wengert{5} => [ 109.642,  1.000, -3.007, -4.500, -9.000, -3.375]

		PolynomialSplineRegressor.N6Ck4._seg2_jack=Wengert{0} => [ 1.000,  0.000,  0.000,  0.000,  0.000,  0.000]
Wengert{1} => [ 1.000,  0.000,  3.000,  0.000,  0.000,  0.000]
Wengert{2} => [-1.000,  0.000,  3.000,  4.500,  0.000,  0.000]
Wengert{3} => [ 0.002,  0.000, -3.000,  4.500,  4.500,  0.000]
Wengert{4} => [-110.644,  0.000,  0.007, -4.500,  4.500,  3.375]
Wengert{5} => [ 109.642,  1.000, -3.007, -4.500, -9.000, -3.375]

		PolynomialSplineRegressor.N6Ck4._seg2_monotone=MONOTONIC    
		PolynomialSplineRegressor.N6Ck4._seg2_value_jack=Wengert{0} => [-5.068,  0.108,  1.677,  1.515,  0.848,  0.182]

		PolynomialSplineRegressor.N6Ck4.FinishTime=Fri Nov 02 23:28:21 EDT 2018
		PolynomialSplineRegressor.N6Ck4.ExecTime=401

		PolynomialSplineRegressor.N7Ck0.Success=true
		PolynomialSplineRegressor.N7Ck0._seg1_1_0=25.0
		PolynomialSplineRegressor.N7Ck0._seg1_3_0=20.249999999999563
		PolynomialSplineRegressor.N7Ck0._seg1_head_jack=Wengert{0} => [ 1.000,  0.000,  0.000,  0.000,  0.000,  0.000,  0.000]
Wengert{1} => [-0.000,  1.000, -3.617, -9.425,  22.905, -17.971,  5.396]
Wengert{2} => [-2.000,  1.000,  22.098, -73.131,  106.641, -75.500,  20.798]
Wengert{3} => [ 1.000, -1.000, -60.090,  1046.450, -2674.806,  2515.743, -815.161]
Wengert{4} => [-0.000,  0.000,  83.736, -2651.901,  7266.572, -7035.829,  2314.516]
Wengert{5} => [ 0.000, -0.000, -57.529,  2497.772, -7035.829,  6901.879, -2288.322]
Wengert{6} => [-0.000,  0.000,  15.401, -809.765,  2314.516, -2288.322,  762.774]

		PolynomialSplineRegressor.N7Ck0._seg1_jack=Wengert{0} => [ 1.000,  0.000,  0.000,  0.000,  0.000,  0.000,  0.000]
Wengert{1} => [-0.000,  1.000, -3.617, -9.425,  22.905, -17.971,  5.396]
Wengert{2} => [-2.000,  1.000,  22.098, -73.131,  106.641, -75.500,  20.798]
Wengert{3} => [ 1.000, -1.000, -60.090,  1046.450, -2674.806,  2515.743, -815.161]
Wengert{4} => [-0.000,  0.000,  83.736, -2651.901,  7266.572, -7035.829,  2314.516]
Wengert{5} => [ 0.000, -0.000, -57.529,  2497.772, -7035.829,  6901.879, -2288.322]
Wengert{6} => [-0.000,  0.000,  15.401, -809.765,  2314.516, -2288.322,  762.774]

		PolynomialSplineRegressor.N7Ck0._seg1_monotone=MONOTONIC    
		PolynomialSplineRegressor.N7Ck0._seg2_3_0=20.249999999999563
		PolynomialSplineRegressor.N7Ck0._seg2_6_0=13.999999999999392
		PolynomialSplineRegressor.N7Ck0._seg2_head_jack=Wengert{0} => [ 1.000,  0.000,  0.000,  0.000,  0.000,  0.000,  0.000]
Wengert{1} => [-0.000,  1.000, -12.206, -31.808,  77.305, -60.653,  18.212]
Wengert{2} => [-2.000,  1.000,  74.579, -246.818,  359.915, -254.812,  70.192]
Wengert{3} => [ 1.000, -1.000, -202.804,  3531.769, -9027.470,  8490.633, -2751.169]
Wengert{4} => [-0.000,  0.000,  282.609, -8950.165,  24524.682, -23745.922,  7811.491]
Wengert{5} => [ 0.000, -0.000, -194.159,  8429.980, -23745.922,  23293.841, -7723.087]
Wengert{6} => [-0.000,  0.000,  51.980, -2732.958,  7811.491, -7723.087,  2574.362]

		PolynomialSplineRegressor.N7Ck0._seg2_jack=Wengert{0} => [ 1.000,  0.000,  0.000,  0.000,  0.000,  0.000,  0.000]
Wengert{1} => [-0.000,  1.000, -12.206, -31.808,  77.305, -60.653,  18.212]
Wengert{2} => [-2.000,  1.000,  74.579, -246.818,  359.915, -254.812,  70.192]
Wengert{3} => [ 1.000, -1.000, -202.804,  3531.769, -9027.470,  8490.633, -2751.169]
Wengert{4} => [-0.000,  0.000,  282.609, -8950.165,  24524.682, -23745.922,  7811.491]
Wengert{5} => [ 0.000, -0.000, -194.159,  8429.980, -23745.922,  23293.841, -7723.087]
Wengert{6} => [-0.000,  0.000,  51.980, -2732.958,  7811.491, -7723.087,  2574.362]

		PolynomialSplineRegressor.N7Ck0._seg2_monotone=MONOTONIC    
		PolynomialSplineRegressor.N7Ck0._seg2_value_jack=Wengert{0} => [ 0.333,  0.667, -0.214,  14.567, -49.237,  49.897, -16.231]

		PolynomialSplineRegressor.N7Ck0.FinishTime=Fri Nov 02 23:28:21 EDT 2018
		PolynomialSplineRegressor.N7Ck0.ExecTime=826

		PolynomialSplineRegressor.N7Ck1.Success=true
		PolynomialSplineRegressor.N7Ck1._seg1_1_0=25.0
		PolynomialSplineRegressor.N7Ck1._seg1_3_0=20.249999999985732
		PolynomialSplineRegressor.N7Ck1._seg1_head_jack=Wengert{0} => [ 1.000,  0.000,  0.000,  0.000,  0.000,  0.000,  0.000]
Wengert{1} => [ 1.000,  0.000,  2.000,  0.000,  0.000,  0.000,  0.000]
Wengert{2} => [-8.110,  7.110, -12.220, -130.715,  246.591, -185.303,  53.767]
Wengert{3} => [ 17.615, -17.615,  33.229,  1203.038, -3055.370,  2814.330, -904.815]
Wengert{4} => [-23.153,  23.153, -46.305, -2870.107,  7796.893, -7451.914,  2439.450]
Wengert{5} => [ 15.906, -15.906,  31.813,  2647.685, -7400.171,  7187.738, -2374.155]
Wengert{6} => [-4.258,  4.258, -8.517, -849.900,  2412.057, -2364.852,  785.753]

		PolynomialSplineRegressor.N7Ck1._seg1_jack=Wengert{0} => [ 1.000,  0.000,  0.000,  0.000,  0.000,  0.000,  0.000]
Wengert{1} => [ 1.000,  0.000,  2.000,  0.000,  0.000,  0.000,  0.000]
Wengert{2} => [-8.110,  7.110, -12.220, -130.715,  246.591, -185.303,  53.767]
Wengert{3} => [ 17.615, -17.615,  33.229,  1203.038, -3055.370,  2814.330, -904.815]
Wengert{4} => [-23.153,  23.153, -46.305, -2870.107,  7796.893, -7451.914,  2439.450]
Wengert{5} => [ 15.906, -15.906,  31.813,  2647.685, -7400.171,  7187.738, -2374.155]
Wengert{6} => [-4.258,  4.258, -8.517, -849.900,  2412.057, -2364.852,  785.753]

		PolynomialSplineRegressor.N7Ck1._seg1_monotone=MONOTONIC    
		PolynomialSplineRegressor.N7Ck1._seg2_3_0=20.249999999985732
		PolynomialSplineRegressor.N7Ck1._seg2_6_0=14.000000000006366
		PolynomialSplineRegressor.N7Ck1._seg2_head_jack=Wengert{0} => [ 1.000,  0.000,  0.000,  0.000,  0.000,  0.000,  0.000]
Wengert{1} => [ 1.000,  0.000,  3.000,  0.000,  0.000,  0.000,  0.000]
Wengert{2} => [-8.110,  7.110, -18.330, -441.164,  832.244, -625.397,  181.464]
Wengert{3} => [ 17.615, -17.615,  49.844,  4060.252, -10311.873,  9498.364, -3053.752]
Wengert{4} => [-23.153,  23.153, -69.458, -9686.613,  26314.513, -25150.208,  8233.143]
Wengert{5} => [ 15.906, -15.906,  47.719,  8935.936, -24975.577,  24258.617, -8012.772]
Wengert{6} => [-4.258,  4.258, -12.775, -2868.412,  8140.692, -7981.376,  2651.916]

		PolynomialSplineRegressor.N7Ck1._seg2_jack=Wengert{0} => [ 1.000,  0.000,  0.000,  0.000,  0.000,  0.000,  0.000]
Wengert{1} => [ 1.000,  0.000,  3.000,  0.000,  0.000,  0.000,  0.000]
Wengert{2} => [-8.110,  7.110, -18.330, -441.164,  832.244, -625.397,  181.464]
Wengert{3} => [ 17.615, -17.615,  49.844,  4060.252, -10311.873,  9498.364, -3053.752]
Wengert{4} => [-23.153,  23.153, -69.458, -9686.613,  26314.513, -25150.208,  8233.143]
Wengert{5} => [ 15.906, -15.906,  47.719,  8935.936, -24975.577,  24258.617, -8012.772]
Wengert{6} => [-4.258,  4.258, -12.775, -2868.412,  8140.692, -7981.376,  2651.916]

		PolynomialSplineRegressor.N7Ck1._seg2_monotone=MONOTONIC    
		PolynomialSplineRegressor.N7Ck1._seg2_value_jack=Wengert{0} => [ 0.351,  0.649,  0.053,  15.125, -50.593,  50.962, -16.551]

		PolynomialSplineRegressor.N7Ck1.FinishTime=Fri Nov 02 23:28:21 EDT 2018
		PolynomialSplineRegressor.N7Ck1.ExecTime=740

		PolynomialSplineRegressor.N7Ck2.Success=true
		PolynomialSplineRegressor.N7Ck2._seg1_1_0=25.0
		PolynomialSplineRegressor.N7Ck2._seg1_3_0=20.25000000021339
		PolynomialSplineRegressor.N7Ck2._seg1_head_jack=Wengert{0} => [ 1.000,  0.000,  0.000,  0.000,  0.000,  0.000,  0.000]
Wengert{1} => [ 1.000,  0.000,  2.000,  0.000,  0.000,  0.000,  0.000]
Wengert{2} => [-1.000,  0.000,  2.000,  2.000,  0.000,  0.000,  0.000]
Wengert{3} => [-47.821,  47.821, -97.643, -18.407, -785.870,  1108.894, -409.969]
Wengert{4} => [ 132.959, -132.959,  265.919,  43.914,  2382.508, -3383.225,  1258.886]
Wengert{5} => [-128.107,  128.107, -256.215, -40.511, -2405.381,  3434.358, -1285.081]
Wengert{6} => [ 41.970, -41.970,  83.939,  13.004,  808.743, -1160.027,  436.163]

		PolynomialSplineRegressor.N7Ck2._seg1_jack=Wengert{0} => [ 1.000,  0.000,  0.000,  0.000,  0.000,  0.000,  0.000]
Wengert{1} => [ 1.000,  0.000,  2.000,  0.000,  0.000,  0.000,  0.000]
Wengert{2} => [-1.000,  0.000,  2.000,  2.000,  0.000,  0.000,  0.000]
Wengert{3} => [-47.821,  47.821, -97.643, -18.407, -785.870,  1108.894, -409.969]
Wengert{4} => [ 132.959, -132.959,  265.919,  43.914,  2382.508, -3383.225,  1258.886]
Wengert{5} => [-128.107,  128.107, -256.215, -40.511, -2405.381,  3434.358, -1285.081]
Wengert{6} => [ 41.970, -41.970,  83.939,  13.004,  808.743, -1160.027,  436.163]

		PolynomialSplineRegressor.N7Ck2._seg1_monotone=MONOTONIC    
		PolynomialSplineRegressor.N7Ck2._seg2_3_0=20.25000000021339
		PolynomialSplineRegressor.N7Ck2._seg2_6_0=14.000000000130285
		PolynomialSplineRegressor.N7Ck2._seg2_head_jack=Wengert{0} => [ 1.000,  0.000,  0.000,  0.000,  0.000,  0.000,  0.000]
Wengert{1} => [ 1.000,  0.000,  3.000,  0.000,  0.000,  0.000,  0.000]
Wengert{2} => [-1.000,  0.000,  3.000,  4.500,  0.000,  0.000,  0.000]
Wengert{3} => [-47.821,  47.821, -146.464, -41.416, -2652.311,  3742.517, -1383.646]
Wengert{4} => [ 132.959, -132.959,  398.878,  98.806,  8040.965, -11418.384,  4248.742]
Wengert{5} => [-128.107,  128.107, -384.322, -91.149, -8118.160,  11590.959, -4337.147]
Wengert{6} => [ 41.970, -41.970,  125.909,  29.259,  2729.507, -3915.091,  1472.051]

		PolynomialSplineRegressor.N7Ck2._seg2_jack=Wengert{0} => [ 1.000,  0.000,  0.000,  0.000,  0.000,  0.000,  0.000]
Wengert{1} => [ 1.000,  0.000,  3.000,  0.000,  0.000,  0.000,  0.000]
Wengert{2} => [-1.000,  0.000,  3.000,  4.500,  0.000,  0.000,  0.000]
Wengert{3} => [-47.821,  47.821, -146.464, -41.416, -2652.311,  3742.517, -1383.646]
Wengert{4} => [ 132.959, -132.959,  398.878,  98.806,  8040.965, -11418.384,  4248.742]
Wengert{5} => [-128.107,  128.107, -384.322, -91.149, -8118.160,  11590.959, -4337.147]
Wengert{6} => [ 41.970, -41.970,  125.909,  29.259,  2729.507, -3915.091,  1472.051]

		PolynomialSplineRegressor.N7Ck2._seg2_monotone=MONOTONIC    
		PolynomialSplineRegressor.N7Ck2._seg2_value_jack=Wengert{0} => [ 0.107,  0.893, -0.679, -0.154, -22.060,  29.520, -10.329]

		PolynomialSplineRegressor.N7Ck2.FinishTime=Fri Nov 02 23:28:21 EDT 2018
		PolynomialSplineRegressor.N7Ck2.ExecTime=681

		PolynomialSplineRegressor.N7Ck3.Success=true
		PolynomialSplineRegressor.N7Ck3._seg1_1_0=25.0
		PolynomialSplineRegressor.N7Ck3._seg1_3_0=20.250000000000014
		PolynomialSplineRegressor.N7Ck3._seg1_head_jack=Wengert{0} => [ 1.000,  0.000,  0.000,  0.000,  0.000,  0.000,  0.000]
Wengert{1} => [ 1.000,  0.000,  2.000,  0.000,  0.000,  0.000,  0.000]
Wengert{2} => [-1.000,  0.000,  2.000,  2.000,  0.000,  0.000,  0.000]
Wengert{3} => [ 0.002,  0.000, -2.000,  2.000,  1.333,  0.000,  0.000]
Wengert{4} => [-12.027,  12.020, -24.040, -17.954, -4.042, -21.411,  15.990]
Wengert{5} => [ 18.271, -18.264,  36.528,  21.951,  4.081,  40.270, -30.252]
Wengert{6} => [-7.246,  7.244, -14.487, -7.997, -1.372, -18.859,  14.262]

		PolynomialSplineRegressor.N7Ck3._seg1_jack=Wengert{0} => [ 1.000,  0.000,  0.000,  0.000,  0.000,  0.000,  0.000]
Wengert{1} => [ 1.000,  0.000,  2.000,  0.000,  0.000,  0.000,  0.000]
Wengert{2} => [-1.000,  0.000,  2.000,  2.000,  0.000,  0.000,  0.000]
Wengert{3} => [ 0.002,  0.000, -2.000,  2.000,  1.333,  0.000,  0.000]
Wengert{4} => [-12.027,  12.020, -24.040, -17.954, -4.042, -21.411,  15.990]
Wengert{5} => [ 18.271, -18.264,  36.528,  21.951,  4.081,  40.270, -30.252]
Wengert{6} => [-7.246,  7.244, -14.487, -7.997, -1.372, -18.859,  14.262]

		PolynomialSplineRegressor.N7Ck3._seg1_monotone=MONOTONIC    
		PolynomialSplineRegressor.N7Ck3._seg2_3_0=20.250000000000014
		PolynomialSplineRegressor.N7Ck3._seg2_6_0=14.000000000000014
		PolynomialSplineRegressor.N7Ck3._seg2_head_jack=Wengert{0} => [ 1.000,  0.000,  0.000,  0.000,  0.000,  0.000,  0.000]
Wengert{1} => [ 1.000,  0.000,  3.000,  0.000,  0.000,  0.000,  0.000]
Wengert{2} => [-1.000,  0.000,  3.000,  4.500,  0.000,  0.000,  0.000]
Wengert{3} => [ 0.002,  0.000, -3.000,  4.500,  4.500,  0.000,  0.000]
Wengert{4} => [-12.027,  12.020, -36.060, -40.396, -13.643, -72.262,  53.968]
Wengert{5} => [ 18.271, -18.264,  54.791,  49.389,  13.774,  135.911, -102.102]
Wengert{6} => [-7.246,  7.244, -21.731, -17.994, -4.631, -63.649,  48.134]

		PolynomialSplineRegressor.N7Ck3._seg2_jack=Wengert{0} => [ 1.000,  0.000,  0.000,  0.000,  0.000,  0.000,  0.000]
Wengert{1} => [ 1.000,  0.000,  3.000,  0.000,  0.000,  0.000,  0.000]
Wengert{2} => [-1.000,  0.000,  3.000,  4.500,  0.000,  0.000,  0.000]
Wengert{3} => [ 0.002,  0.000, -3.000,  4.500,  4.500,  0.000,  0.000]
Wengert{4} => [-12.027,  12.020, -36.060, -40.396, -13.643, -72.262,  53.968]
Wengert{5} => [ 18.271, -18.264,  54.791,  49.389,  13.774,  135.911, -102.102]
Wengert{6} => [-7.246,  7.244, -21.731, -17.994, -4.631, -63.649,  48.134]

		PolynomialSplineRegressor.N7Ck3._seg2_monotone=MONOTONIC    
		PolynomialSplineRegressor.N7Ck3._seg2_value_jack=Wengert{0} => [ 0.505,  0.495,  0.515,  0.228,  0.037, -1.607,  1.179]

		PolynomialSplineRegressor.N7Ck3.FinishTime=Fri Nov 02 23:28:21 EDT 2018
		PolynomialSplineRegressor.N7Ck3.ExecTime=772

		PolynomialSplineRegressor.N7Ck4.Success=true
		PolynomialSplineRegressor.N7Ck4._seg1_1_0=25.0
		PolynomialSplineRegressor.N7Ck4._seg1_3_0=20.250000000000455
		PolynomialSplineRegressor.N7Ck4._seg1_head_jack=Wengert{0} => [ 1.000,  0.000,  0.000,  0.000,  0.000,  0.000,  0.000]
Wengert{1} => [ 1.000,  0.000,  2.000,  0.000,  0.000,  0.000,  0.000]
Wengert{2} => [-1.000,  0.000,  2.000,  2.000,  0.000,  0.000,  0.000]
Wengert{3} => [ 0.002,  0.000, -2.000,  2.000,  1.333,  0.000,  0.000]
Wengert{4} => [-110.644,  0.000,  0.004, -2.000,  1.333,  0.667,  0.000]
Wengert{5} => [ 203.749,  4.344, -8.696, -8.055, -6.029, -1.254, -0.178]
Wengert{6} => [-94.108, -3.344,  6.691,  6.055,  3.363,  0.587,  0.178]

		PolynomialSplineRegressor.N7Ck4._seg1_jack=Wengert{0} => [ 1.000,  0.000,  0.000,  0.000,  0.000,  0.000,  0.000]
Wengert{1} => [ 1.000,  0.000,  2.000,  0.000,  0.000,  0.000,  0.000]
Wengert{2} => [-1.000,  0.000,  2.000,  2.000,  0.000,  0.000,  0.000]
Wengert{3} => [ 0.002,  0.000, -2.000,  2.000,  1.333,  0.000,  0.000]
Wengert{4} => [-110.644,  0.000,  0.004, -2.000,  1.333,  0.667,  0.000]
Wengert{5} => [ 203.749,  4.344, -8.696, -8.055, -6.029, -1.254, -0.178]
Wengert{6} => [-94.108, -3.344,  6.691,  6.055,  3.363,  0.587,  0.178]

		PolynomialSplineRegressor.N7Ck4._seg1_monotone=MONOTONIC    
		PolynomialSplineRegressor.N7Ck4._seg2_3_0=20.250000000000455
		PolynomialSplineRegressor.N7Ck4._seg2_6_0=13.999999999998408
		PolynomialSplineRegressor.N7Ck4._seg2_head_jack=Wengert{0} => [ 1.000,  0.000,  0.000,  0.000,  0.000,  0.000,  0.000]
Wengert{1} => [ 1.000,  0.000,  3.000,  0.000,  0.000,  0.000,  0.000]
Wengert{2} => [-1.000,  0.000,  3.000,  4.500,  0.000,  0.000,  0.000]
Wengert{3} => [ 0.002,  0.000, -3.000,  4.500,  4.500,  0.000,  0.000]
Wengert{4} => [-110.644,  0.000,  0.007, -4.500,  4.500,  3.375,  0.000]
Wengert{5} => [ 203.749,  4.344, -13.044, -18.123, -20.349, -6.348, -0.599]
Wengert{6} => [-94.108, -3.344,  10.037,  13.623,  11.349,  2.973,  0.599]

		PolynomialSplineRegressor.N7Ck4._seg2_jack=Wengert{0} => [ 1.000,  0.000,  0.000,  0.000,  0.000,  0.000,  0.000]
Wengert{1} => [ 1.000,  0.000,  3.000,  0.000,  0.000,  0.000,  0.000]
Wengert{2} => [-1.000,  0.000,  3.000,  4.500,  0.000,  0.000,  0.000]
Wengert{3} => [ 0.002,  0.000, -3.000,  4.500,  4.500,  0.000,  0.000]
Wengert{4} => [-110.644,  0.000,  0.007, -4.500,  4.500,  3.375,  0.000]
Wengert{5} => [ 203.749,  4.344, -13.044, -18.123, -20.349, -6.348, -0.599]
Wengert{6} => [-94.108, -3.344,  10.037,  13.623,  11.349,  2.973,  0.599]

		PolynomialSplineRegressor.N7Ck4._seg2_monotone=MONOTONIC    
		PolynomialSplineRegressor.N7Ck4._seg2_value_jack=Wengert{0} => [-1.688,  0.228,  1.317,  1.026,  0.441,  0.075, -0.022]

		PolynomialSplineRegressor.N7Ck4.FinishTime=Fri Nov 02 23:28:21 EDT 2018
		PolynomialSplineRegressor.N7Ck4.ExecTime=670

		PolynomialSplineRegressor.N7Ck5.Success=true
		PolynomialSplineRegressor.N7Ck5._seg1_1_0=25.0
		PolynomialSplineRegressor.N7Ck5._seg1_3_0=20.25000000745058
		PolynomialSplineRegressor.N7Ck5._seg1_head_jack=Wengert{0} => [ 1.000,  0.000,  0.000,  0.000,  0.000,  0.000,  0.000]
Wengert{1} => [ 1.000,  0.000,  2.000,  0.000,  0.000,  0.000,  0.000]
Wengert{2} => [-1.000,  0.000,  2.000,  2.000,  0.000,  0.000,  0.000]
Wengert{3} => [ 0.002,  0.000, -2.000,  2.000,  1.333,  0.000,  0.000]
Wengert{4} => [-110.644,  0.000,  0.004, -2.000,  1.333,  0.667,  0.000]
Wengert{5} => [ 2312735.336,  0.000, -221.288,  0.004, -1.333,  0.667,  0.267]
Wengert{6} => [-2312625.694,  1.000,  219.283, -2.004, -1.333, -1.333, -0.267]

		PolynomialSplineRegressor.N7Ck5._seg1_jack=Wengert{0} => [ 1.000,  0.000,  0.000,  0.000,  0.000,  0.000,  0.000]
Wengert{1} => [ 1.000,  0.000,  2.000,  0.000,  0.000,  0.000,  0.000]
Wengert{2} => [-1.000,  0.000,  2.000,  2.000,  0.000,  0.000,  0.000]
Wengert{3} => [ 0.002,  0.000, -2.000,  2.000,  1.333,  0.000,  0.000]
Wengert{4} => [-110.644,  0.000,  0.004, -2.000,  1.333,  0.667,  0.000]
Wengert{5} => [ 2312735.336,  0.000, -221.288,  0.004, -1.333,  0.667,  0.267]
Wengert{6} => [-2312625.694,  1.000,  219.283, -2.004, -1.333, -1.333, -0.267]

		PolynomialSplineRegressor.N7Ck5._seg1_monotone=MONOTONIC    
		PolynomialSplineRegressor.N7Ck5._seg2_3_0=20.25000000745058
		PolynomialSplineRegressor.N7Ck5._seg2_6_0=14.0
		PolynomialSplineRegressor.N7Ck5._seg2_head_jack=Wengert{0} => [ 1.000,  0.000,  0.000,  0.000,  0.000,  0.000,  0.000]
Wengert{1} => [ 1.000,  0.000,  3.000,  0.000,  0.000,  0.000,  0.000]
Wengert{2} => [-1.000,  0.000,  3.000,  4.500,  0.000,  0.000,  0.000]
Wengert{3} => [ 0.002,  0.000, -3.000,  4.500,  4.500,  0.000,  0.000]
Wengert{4} => [-110.644,  0.000,  0.007, -4.500,  4.500,  3.375,  0.000]
Wengert{5} => [ 2312735.336,  0.000, -331.931,  0.010, -4.500,  3.375,  2.025]
Wengert{6} => [-2312625.694,  1.000,  328.925, -4.510, -4.500, -6.750, -2.025]

		PolynomialSplineRegressor.N7Ck5._seg2_jack=Wengert{0} => [ 1.000,  0.000,  0.000,  0.000,  0.000,  0.000,  0.000]
Wengert{1} => [ 1.000,  0.000,  3.000,  0.000,  0.000,  0.000,  0.000]
Wengert{2} => [-1.000,  0.000,  3.000,  4.500,  0.000,  0.000,  0.000]
Wengert{3} => [ 0.002,  0.000, -3.000,  4.500,  4.500,  0.000,  0.000]
Wengert{4} => [-110.644,  0.000,  0.007, -4.500,  4.500,  3.375,  0.000]
Wengert{5} => [ 2312735.336,  0.000, -331.931,  0.010, -4.500,  3.375,  2.025]
Wengert{6} => [-2312625.694,  1.000,  328.925, -4.510, -4.500, -6.750, -2.025]

		PolynomialSplineRegressor.N7Ck5._seg2_monotone=MONOTONIC    
		PolynomialSplineRegressor.N7Ck5._seg2_value_jack=Wengert{0} => [ 83052.196,  0.072, -10.136,  1.677,  1.010,  0.424,  0.073]

		PolynomialSplineRegressor.N7Ck5.FinishTime=Fri Nov 02 23:28:21 EDT 2018
		PolynomialSplineRegressor.N7Ck5.ExecTime=644

		PolynomialSplineRegressor.ExpTension.Success=true
		PolynomialSplineRegressor.ExpTension._seg1_1_0=24.999999999999986
		PolynomialSplineRegressor.ExpTension._seg1_3_0=20.249999999999996
		PolynomialSplineRegressor.ExpTension._seg1_head_jack=Wengert{0} => [ 3.000,  0.000, -4.000, -4.000]
Wengert{1} => [ 6.216, -5.708,  25.814,  12.399]
Wengert{2} => [-3.608,  2.854, -9.907, -4.200]
Wengert{3} => [ 1.608, -2.854,  13.907,  8.200]

		PolynomialSplineRegressor.ExpTension._seg1_jack=Wengert{0} => [ 3.000,  0.000, -4.000, -4.000]
Wengert{1} => [ 6.216, -5.708,  25.814,  12.399]
Wengert{2} => [-3.608,  2.854, -9.907, -4.200]
Wengert{3} => [ 1.608, -2.854,  13.907,  8.200]

		PolynomialSplineRegressor.ExpTension._seg1_monotone=MONOTONIC    
		PolynomialSplineRegressor.ExpTension._seg2_3_0=20.24999999999997
		PolynomialSplineRegressor.ExpTension._seg2_6_0=13.99999999999996
		PolynomialSplineRegressor.ExpTension._seg2_head_jack=Wengert{0} => [ 3.000,  0.000, -6.000, -9.000]
Wengert{1} => [ 6.216, -5.708,  38.722,  27.898]
Wengert{2} => [-3.608,  2.854, -14.861, -9.449]
Wengert{3} => [ 1.608, -2.854,  20.861,  18.449]

		PolynomialSplineRegressor.ExpTension._seg2_jack=Wengert{0} => [ 3.000,  0.000, -6.000, -9.000]
Wengert{1} => [ 6.216, -5.708,  38.722,  27.898]
Wengert{2} => [-3.608,  2.854, -14.861, -9.449]
Wengert{3} => [ 1.608, -2.854,  20.861,  18.449]

		PolynomialSplineRegressor.ExpTension._seg2_monotone=MONOTONIC    
		PolynomialSplineRegressor.ExpTension._seg2_value_jack=Wengert{0} => [ 0.771,  0.236,  1.293,  0.545]

		PolynomialSplineRegressor.ExpTension.FinishTime=Fri Nov 02 23:28:21 EDT 2018
		PolynomialSplineRegressor.ExpTension.ExecTime=176

		PolynomialSplineRegressor.HyperTension.Success=true
		PolynomialSplineRegressor.HyperTension._seg1_1_0=24.999999999999993
		PolynomialSplineRegressor.HyperTension._seg1_3_0=20.249999999999996
		PolynomialSplineRegressor.HyperTension._seg1_head_jack=Wengert{0} => [ 3.000, -0.000, -4.000, -4.000]
Wengert{1} => [ 6.216, -5.708,  25.814,  12.399]
Wengert{2} => [-2.000,  0.000,  4.000,  4.000]
Wengert{3} => [-5.216,  5.708, -23.814, -12.399]

		PolynomialSplineRegressor.HyperTension._seg1_jack=Wengert{0} => [ 3.000, -0.000, -4.000, -4.000]
Wengert{1} => [ 6.216, -5.708,  25.814,  12.399]
Wengert{2} => [-2.000,  0.000,  4.000,  4.000]
Wengert{3} => [-5.216,  5.708, -23.814, -12.399]

		PolynomialSplineRegressor.HyperTension._seg1_monotone=MONOTONIC    
		PolynomialSplineRegressor.HyperTension._seg2_3_0=20.249999999999986
		PolynomialSplineRegressor.HyperTension._seg2_6_0=13.999999999999986
		PolynomialSplineRegressor.HyperTension._seg2_head_jack=Wengert{0} => [ 3.000, -0.000, -6.000, -9.000]
Wengert{1} => [ 6.216, -5.708,  38.722,  27.898]
Wengert{2} => [-2.000,  0.000,  6.000,  9.000]
Wengert{3} => [-5.216,  5.708, -35.722, -27.898]

		PolynomialSplineRegressor.HyperTension._seg2_jack=Wengert{0} => [ 3.000, -0.000, -6.000, -9.000]
Wengert{1} => [ 6.216, -5.708,  38.722,  27.898]
Wengert{2} => [-2.000,  0.000,  6.000,  9.000]
Wengert{3} => [-5.216,  5.708, -35.722, -27.898]

		PolynomialSplineRegressor.HyperTension._seg2_monotone=MONOTONIC    
		PolynomialSplineRegressor.HyperTension._seg2_value_jack=Wengert{0} => [ 0.771,  0.236,  1.293,  0.545]

		PolynomialSplineRegressor.HyperTension.FinishTime=Fri Nov 02 23:28:21 EDT 2018
		PolynomialSplineRegressor.HyperTension.ExecTime=391

		PolynomialSplineRegressor.KP.Success=true
		PolynomialSplineRegressor.KP._seg1_1_0=25.0
		PolynomialSplineRegressor.KP._seg1_3_0=20.25
		PolynomialSplineRegressor.KP._seg1_head_jack=Wengert{0} => [ 1.000,  0.000,  0.000,  0.000]
Wengert{1} => [ 0.000,  1.000,  0.000,  0.000]
Wengert{2} => [ 2.000, -1.000,  2.000,  0.000]
Wengert{3} => [ 3.000, -2.000,  6.000,  2.000]

		PolynomialSplineRegressor.KP._seg1_jack=Wengert{0} => [ 1.000,  0.000,  0.000,  0.000]
Wengert{1} => [ 0.000,  1.000,  0.000,  0.000]
Wengert{2} => [ 2.000, -1.000,  2.000,  0.000]
Wengert{3} => [ 3.000, -2.000,  6.000,  2.000]

		PolynomialSplineRegressor.KP._seg1_monotone=MONOTONIC    
		PolynomialSplineRegressor.KP._seg2_3_0=20.25
		PolynomialSplineRegressor.KP._seg2_6_0=14.0
		PolynomialSplineRegressor.KP._seg2_head_jack=Wengert{0} => [ 1.000,  0.000,  0.000,  0.000]
Wengert{1} => [ 0.000,  1.000,  0.000,  0.000]
Wengert{2} => [ 2.000, -1.000,  3.000,  0.000]
Wengert{3} => [ 3.000, -2.000,  9.000,  4.500]

		PolynomialSplineRegressor.KP._seg2_jack=Wengert{0} => [ 1.000,  0.000,  0.000,  0.000]
Wengert{1} => [ 0.000,  1.000,  0.000,  0.000]
Wengert{2} => [ 2.000, -1.000,  3.000,  0.000]
Wengert{3} => [ 3.000, -2.000,  9.000,  4.500]

		PolynomialSplineRegressor.KP._seg2_monotone=MONOTONIC    
		PolynomialSplineRegressor.KP._seg2_value_jack=Wengert{0} => [ 0.758,  0.242,  1.273,  0.545]

		PolynomialSplineRegressor.KP.FinishTime=Fri Nov 02 23:28:21 EDT 2018
		PolynomialSplineRegressor.KP.ExecTime=223

		PolynomialSplineRegressor.Bern_N4Ck2.Success=true
		PolynomialSplineRegressor.Bern_N4Ck2._seg1_1_0=25.0
		PolynomialSplineRegressor.Bern_N4Ck2._seg1_3_0=20.25
		PolynomialSplineRegressor.Bern_N4Ck2._seg1_head_jack=Wengert{0} => [ 6.000,  0.000,  0.000,  0.000]
Wengert{1} => [ 8.000,  0.000,  4.000,  0.000]
Wengert{2} => [ 8.000,  0.000,  12.000,  4.000]
Wengert{3} => [ 0.000,  6.000,  0.000,  0.000]

		PolynomialSplineRegressor.Bern_N4Ck2._seg1_jack=Wengert{0} => [ 6.000,  0.000,  0.000,  0.000]
Wengert{1} => [ 8.000,  0.000,  4.000,  0.000]
Wengert{2} => [ 8.000,  0.000,  12.000,  4.000]
Wengert{3} => [ 0.000,  6.000,  0.000,  0.000]

		PolynomialSplineRegressor.Bern_N4Ck2._seg1_monotone=MONOTONIC    
		PolynomialSplineRegressor.Bern_N4Ck2._seg2_3_0=20.25
		PolynomialSplineRegressor.Bern_N4Ck2._seg2_6_0=14.0
		PolynomialSplineRegressor.Bern_N4Ck2._seg2_head_jack=Wengert{0} => [ 6.000,  0.000,  0.000,  0.000]
Wengert{1} => [ 8.000,  0.000,  6.000,  0.000]
Wengert{2} => [ 8.000,  0.000,  18.000,  9.000]
Wengert{3} => [ 0.000,  6.000,  0.000,  0.000]

		PolynomialSplineRegressor.Bern_N4Ck2._seg2_jack=Wengert{0} => [ 6.000,  0.000,  0.000,  0.000]
Wengert{1} => [ 8.000,  0.000,  6.000,  0.000]
Wengert{2} => [ 8.000,  0.000,  18.000,  9.000]
Wengert{3} => [ 0.000,  6.000,  0.000,  0.000]

		PolynomialSplineRegressor.Bern_N4Ck2._seg2_monotone=MONOTONIC    
		PolynomialSplineRegressor.Bern_N4Ck2._seg2_value_jack=Wengert{0} => [ 0.758,  0.242,  1.273,  0.545]

		PolynomialSplineRegressor.Bern_N4Ck2.FinishTime=Fri Nov 02 23:28:21 EDT 2018
		PolynomialSplineRegressor.Bern_N4Ck2.ExecTime=282

		PolynomialSplineRegressor.Hermite_N4Ck1.Success=true
		PolynomialSplineRegressor.Hermite_N4Ck1._seg1_0_0=1.0
		PolynomialSplineRegressor.Hermite_N4Ck1._seg1_1_0=4.0
		PolynomialSplineRegressor.Hermite_N4Ck1._seg1_head_jack=Wengert{0} => [ 1.000,  0.000,  0.000,  0.000]
Wengert{1} => [ 1.000,  0.000,  1.000,  0.000]
Wengert{2} => [-5.000,  4.000, -2.000, -1.000]
Wengert{3} => [ 3.000, -3.000,  1.000,  1.000]

		PolynomialSplineRegressor.Hermite_N4Ck1._seg1_jack=Wengert{0} => [ 1.000,  0.000,  0.000,  0.000]
Wengert{1} => [ 1.000,  0.000,  1.000,  0.000]
Wengert{2} => [-5.000,  4.000, -2.000, -1.000]
Wengert{3} => [ 3.000, -3.000,  1.000,  1.000]

		PolynomialSplineRegressor.Hermite_N4Ck1._seg1_monotone=MONOTONIC    
		PolynomialSplineRegressor.Hermite_N4Ck1._seg2_1_0=4.0
		PolynomialSplineRegressor.Hermite_N4Ck1._seg2_2_0=14.0
		PolynomialSplineRegressor.Hermite_N4Ck1._seg2_head_jack=Wengert{0} => [ 1.000,  0.000,  0.000,  0.000]
Wengert{1} => [ 1.000,  0.000,  1.000,  0.000]
Wengert{2} => [-5.000,  4.000, -2.000, -1.000]
Wengert{3} => [ 3.000, -3.000,  1.000,  1.000]

		PolynomialSplineRegressor.Hermite_N4Ck1._seg2_jack=Wengert{0} => [ 1.000,  0.000,  0.000,  0.000]
Wengert{1} => [ 1.000,  0.000,  1.000,  0.000]
Wengert{2} => [-5.000,  4.000, -2.000, -1.000]
Wengert{3} => [ 3.000, -3.000,  1.000,  1.000]

		PolynomialSplineRegressor.Hermite_N4Ck1._seg2_monotone=MONOTONIC    
		PolynomialSplineRegressor.Hermite_N4Ck1._seg2_value_jack=Wengert{0} => [ 0.500,  0.500,  0.100, -0.100]

		PolynomialSplineRegressor.Hermite_N4Ck1.FinishTime=Fri Nov 02 23:28:21 EDT 2018
		PolynomialSplineRegressor.Hermite_N4Ck1.ExecTime=95

		PolynomialSplineRegressor.Lagrange_Polynomial_Stretch.Success=true
		PolynomialSplineRegressor.Lagrange_Polynomial_Stretch.lpsr_locallymonotone=true
		PolynomialSplineRegressor.Lagrange_Polynomial_Stretch.lpsr_sm=MONOTONIC    
		PolynomialSplineRegressor.Lagrange_Polynomial_Stretch.lpsr_value=2.16
		PolynomialSplineRegressor.Lagrange_Polynomial_Stretch.lpsr_wj=Wengert{0} => [-0.041,  0.896,  0.171, -0.026]

		PolynomialSplineRegressor.Lagrange_Polynomial_Stretch.FinishTime=Fri Nov 02 23:28:21 EDT 2018
		PolynomialSplineRegressor.Lagrange_Polynomial_Stretch.ExecTime=92
	PolynomialSplineRegressor=> 9556 (mu-s): 27 / 28 succeeded.
	PolynomialSplineRegressor ends at Fri Nov 02 23:28:21 EDT 2018

	PolynomialSplineRegressor starts at Fri Nov 02 23:28:21 EDT 2018

		PolynomialSplineRegressor.N2Ck0.Success=true
		PolynomialSplineRegressor.N2Ck0._seg1_1_0=25.0
		PolynomialSplineRegressor.N2Ck0._seg1_3_0=20.25
		PolynomialSplineRegressor.N2Ck0._seg1_head_jack=Wengert{0} => [ 1.000,  0.000]
Wengert{1} => [-1.000,  1.000]

		PolynomialSplineRegressor.N2Ck0._seg1_jack=Wengert{0} => [ 1.000,  0.000]
Wengert{1} => [-1.000,  1.000]

		PolynomialSplineRegressor.N2Ck0._seg1_monotone=MONOTONIC    
		PolynomialSplineRegressor.N2Ck0._seg2_3_0=20.25
		PolynomialSplineRegressor.N2Ck0._seg2_6_0=14.0
		PolynomialSplineRegressor.N2Ck0._seg2_head_jack=Wengert{0} => [ 1.000,  0.000]
Wengert{1} => [-1.000,  1.000]

		PolynomialSplineRegressor.N2Ck0._seg2_jack=Wengert{0} => [ 1.000,  0.000]
Wengert{1} => [-1.000,  1.000]

		PolynomialSplineRegressor.N2Ck0._seg2_monotone=MONOTONIC    
		PolynomialSplineRegressor.N2Ck0._seg2_value_jack=Wengert{0} => [ 0.273,  0.545]

		PolynomialSplineRegressor.N2Ck0.FinishTime=Fri Nov 02 23:28:21 EDT 2018
		PolynomialSplineRegressor.N2Ck0.ExecTime=30

		PolynomialSplineRegressor.N3Ck0.Success=true
		PolynomialSplineRegressor.N3Ck0._seg1_1_0=25.0
		PolynomialSplineRegressor.N3Ck0._seg1_3_0=20.249999999999993
		PolynomialSplineRegressor.N3Ck0._seg1_head_jack=Wengert{0} => [ 1.000,  0.000,  0.000]
Wengert{1} => [-0.973,  1.973, -1.110]
Wengert{2} => [-0.027, -0.973,  1.110]

		PolynomialSplineRegressor.N3Ck0._seg1_jack=Wengert{0} => [ 1.000,  0.000,  0.000]
Wengert{1} => [-0.973,  1.973, -1.110]
Wengert{2} => [-0.027, -0.973,  1.110]

		PolynomialSplineRegressor.N3Ck0._seg1_monotone=MONOTONIC    
		PolynomialSplineRegressor.N3Ck0._seg2_3_0=20.249999999999993
		PolynomialSplineRegressor.N3Ck0._seg2_6_0=14.0
		PolynomialSplineRegressor.N3Ck0._seg2_head_jack=Wengert{0} => [ 1.000,  0.000,  0.000]
Wengert{1} => [-0.973,  1.973, -3.747]
Wengert{2} => [-0.027, -0.973,  3.747]

		PolynomialSplineRegressor.N3Ck0._seg2_jack=Wengert{0} => [ 1.000,  0.000,  0.000]
Wengert{1} => [-0.973,  1.973, -3.747]
Wengert{2} => [-0.027, -0.973,  3.747]

		PolynomialSplineRegressor.N3Ck0._seg2_monotone=MONOTONIC    
		PolynomialSplineRegressor.N3Ck0._seg2_value_jack=Wengert{0} => [ 0.278,  0.722, -0.681]

		PolynomialSplineRegressor.N3Ck0.FinishTime=Fri Nov 02 23:28:21 EDT 2018
		PolynomialSplineRegressor.N3Ck0.ExecTime=101

		PolynomialSplineRegressor.N3Ck1.Success=true
		PolynomialSplineRegressor.N3Ck1._seg1_1_0=25.0
		PolynomialSplineRegressor.N3Ck1._seg1_3_0=20.25
		PolynomialSplineRegressor.N3Ck1._seg1_head_jack=Wengert{0} => [ 1.000,  0.000,  0.000]
Wengert{1} => [ 1.000,  0.000,  2.000]
Wengert{2} => [-2.000,  1.000, -2.000]

		PolynomialSplineRegressor.N3Ck1._seg1_jack=Wengert{0} => [ 1.000,  0.000,  0.000]
Wengert{1} => [ 1.000,  0.000,  2.000]
Wengert{2} => [-2.000,  1.000, -2.000]

		PolynomialSplineRegressor.N3Ck1._seg1_monotone=MONOTONIC    
		PolynomialSplineRegressor.N3Ck1._seg2_3_0=20.25
		PolynomialSplineRegressor.N3Ck1._seg2_6_0=14.0
		PolynomialSplineRegressor.N3Ck1._seg2_head_jack=Wengert{0} => [ 1.000,  0.000,  0.000]
Wengert{1} => [ 1.000,  0.000,  3.000]
Wengert{2} => [-2.000,  1.000, -3.000]

		PolynomialSplineRegressor.N3Ck1._seg2_jack=Wengert{0} => [ 1.000,  0.000,  0.000]
Wengert{1} => [ 1.000,  0.000,  3.000]
Wengert{2} => [-2.000,  1.000, -3.000]

		PolynomialSplineRegressor.N3Ck1._seg2_monotone=MONOTONIC    
		PolynomialSplineRegressor.N3Ck1._seg2_value_jack=Wengert{0} => [ 0.636,  0.364,  0.545]

		PolynomialSplineRegressor.N3Ck1.FinishTime=Fri Nov 02 23:28:21 EDT 2018
		PolynomialSplineRegressor.N3Ck1.ExecTime=60

		PolynomialSplineRegressor.N4Ck0.Success=true
		PolynomialSplineRegressor.N4Ck0._seg1_1_0=25.0
		PolynomialSplineRegressor.N4Ck0._seg1_3_0=20.24999999999999
		PolynomialSplineRegressor.N4Ck0._seg1_head_jack=Wengert{0} => [ 1.000,  0.000,  0.000,  0.000]
Wengert{1} => [ 0.000,  1.000, -5.677,  3.425]
Wengert{2} => [-2.000,  1.000,  10.368, -6.943]
Wengert{3} => [ 1.000, -1.000, -4.692,  3.519]

		PolynomialSplineRegressor.N4Ck0._seg1_jack=Wengert{0} => [ 1.000,  0.000,  0.000,  0.000]
Wengert{1} => [ 0.000,  1.000, -5.677,  3.425]
Wengert{2} => [-2.000,  1.000,  10.368, -6.943]
Wengert{3} => [ 1.000, -1.000, -4.692,  3.519]

		PolynomialSplineRegressor.N4Ck0._seg1_monotone=MONOTONIC    
		PolynomialSplineRegressor.N4Ck0._seg2_3_0=20.24999999999999
		PolynomialSplineRegressor.N4Ck0._seg2_6_0=14.000000000000004
		PolynomialSplineRegressor.N4Ck0._seg2_head_jack=Wengert{0} => [ 1.000,  0.000,  0.000,  0.000]
Wengert{1} => [-0.000,  1.000, -19.159,  11.559]
Wengert{2} => [-2.000,  1.000,  34.993, -23.434]
Wengert{3} => [ 1.000, -1.000, -15.834,  11.875]

		PolynomialSplineRegressor.N4Ck0._seg2_jack=Wengert{0} => [ 1.000,  0.000,  0.000,  0.000]
Wengert{1} => [-0.000,  1.000, -19.159,  11.559]
Wengert{2} => [-2.000,  1.000,  34.993, -23.434]
Wengert{3} => [ 1.000, -1.000, -15.834,  11.875]

		PolynomialSplineRegressor.N4Ck0._seg2_monotone=MONOTONIC    
		PolynomialSplineRegressor.N4Ck0._seg2_value_jack=Wengert{0} => [ 0.333,  0.667, -1.564,  0.662]

		PolynomialSplineRegressor.N4Ck0.FinishTime=Fri Nov 02 23:28:21 EDT 2018
		PolynomialSplineRegressor.N4Ck0.ExecTime=228

		PolynomialSplineRegressor.N4Ck1.Success=true
		PolynomialSplineRegressor.N4Ck1._seg1_1_0=25.0
		PolynomialSplineRegressor.N4Ck1._seg1_3_0=20.25
		PolynomialSplineRegressor.N4Ck1._seg1_head_jack=Wengert{0} => [ 1.000,  0.000,  0.000,  0.000]
Wengert{1} => [ 1.000,  0.000,  2.000,  0.000]
Wengert{2} => [-3.826,  2.826, -3.653, -0.688]
Wengert{3} => [ 1.826, -1.826,  1.653,  0.688]

		PolynomialSplineRegressor.N4Ck1._seg1_jack=Wengert{0} => [ 1.000,  0.000,  0.000,  0.000]
Wengert{1} => [ 1.000,  0.000,  2.000,  0.000]
Wengert{2} => [-3.826,  2.826, -3.653, -0.688]
Wengert{3} => [ 1.826, -1.826,  1.653,  0.688]

		PolynomialSplineRegressor.N4Ck1._seg1_monotone=MONOTONIC    
		PolynomialSplineRegressor.N4Ck1._seg2_3_0=20.25
		PolynomialSplineRegressor.N4Ck1._seg2_6_0=14.000000000000004
		PolynomialSplineRegressor.N4Ck1._seg2_head_jack=Wengert{0} => [ 1.000,  0.000,  0.000,  0.000]
Wengert{1} => [ 1.000,  0.000,  3.000,  0.000]
Wengert{2} => [-3.826,  2.826, -5.479, -2.323]
Wengert{3} => [ 1.826, -1.826,  2.479,  2.323]

		PolynomialSplineRegressor.N4Ck1._seg2_jack=Wengert{0} => [ 1.000,  0.000,  0.000,  0.000]
Wengert{1} => [ 1.000,  0.000,  3.000,  0.000]
Wengert{2} => [-3.826,  2.826, -5.479, -2.323]
Wengert{3} => [ 1.826, -1.826,  2.479,  2.323]

		PolynomialSplineRegressor.N4Ck1._seg2_monotone=MONOTONIC    
		PolynomialSplineRegressor.N4Ck1._seg2_value_jack=Wengert{0} => [ 0.415,  0.585,  0.245, -0.282]

		PolynomialSplineRegressor.N4Ck1.FinishTime=Fri Nov 02 23:28:21 EDT 2018
		PolynomialSplineRegressor.N4Ck1.ExecTime=174

		PolynomialSplineRegressor.N4Ck2.Success=true
		PolynomialSplineRegressor.N4Ck2._seg1_1_0=25.0
		PolynomialSplineRegressor.N4Ck2._seg1_3_0=20.25
		PolynomialSplineRegressor.N4Ck2._seg1_head_jack=Wengert{0} => [ 1.000,  0.000,  0.000,  0.000]
Wengert{1} => [ 1.000,  0.000,  2.000,  0.000]
Wengert{2} => [-1.000,  0.000,  2.000,  2.000]
Wengert{3} => [-1.000,  1.000, -4.000, -2.000]

		PolynomialSplineRegressor.N4Ck2._seg1_jack=Wengert{0} => [ 1.000,  0.000,  0.000,  0.000]
Wengert{1} => [ 1.000,  0.000,  2.000,  0.000]
Wengert{2} => [-1.000,  0.000,  2.000,  2.000]
Wengert{3} => [-1.000,  1.000, -4.000, -2.000]

		PolynomialSplineRegressor.N4Ck2._seg1_monotone=MONOTONIC    
		PolynomialSplineRegressor.N4Ck2._seg2_3_0=20.25
		PolynomialSplineRegressor.N4Ck2._seg2_6_0=14.0
		PolynomialSplineRegressor.N4Ck2._seg2_head_jack=Wengert{0} => [ 1.000,  0.000,  0.000,  0.000]
Wengert{1} => [ 1.000,  0.000,  3.000,  0.000]
Wengert{2} => [-1.000,  0.000,  3.000,  4.500]
Wengert{3} => [-1.000,  1.000, -6.000, -4.500]

		PolynomialSplineRegressor.N4Ck2._seg2_jack=Wengert{0} => [ 1.000,  0.000,  0.000,  0.000]
Wengert{1} => [ 1.000,  0.000,  3.000,  0.000]
Wengert{2} => [-1.000,  0.000,  3.000,  4.500]
Wengert{3} => [-1.000,  1.000, -6.000, -4.500]

		PolynomialSplineRegressor.N4Ck2._seg2_monotone=MONOTONIC    
		PolynomialSplineRegressor.N4Ck2._seg2_value_jack=Wengert{0} => [ 0.758,  0.242,  1.273,  0.545]

		PolynomialSplineRegressor.N4Ck2.FinishTime=Fri Nov 02 23:28:21 EDT 2018
		PolynomialSplineRegressor.N4Ck2.ExecTime=112

		PolynomialSplineRegressor.N5Ck0.Success=true
		PolynomialSplineRegressor.N5Ck0._seg1_1_0=25.0
		PolynomialSplineRegressor.N5Ck0._seg1_3_0=20.249999999999996
		PolynomialSplineRegressor.N5Ck0._seg1_head_jack=Wengert{0} => [ 1.000,  0.000,  0.000,  0.000,  0.000]
Wengert{1} => [ 0.000,  1.000, -4.273, -0.388,  2.074]
Wengert{2} => [-2.000,  1.000,  17.657, -26.737,  10.767]
Wengert{3} => [ 1.000, -1.000, -22.076,  50.733, -25.681]
Wengert{4} => [-0.000,  0.000,  8.692, -23.607,  12.841]

		PolynomialSplineRegressor.N5Ck0._seg1_jack=Wengert{0} => [ 1.000,  0.000,  0.000,  0.000,  0.000]
Wengert{1} => [ 0.000,  1.000, -4.273, -0.388,  2.074]
Wengert{2} => [-2.000,  1.000,  17.657, -26.737,  10.767]
Wengert{3} => [ 1.000, -1.000, -22.076,  50.733, -25.681]
Wengert{4} => [-0.000,  0.000,  8.692, -23.607,  12.841]

		PolynomialSplineRegressor.N5Ck0._seg1_monotone=MONOTONIC    
		PolynomialSplineRegressor.N5Ck0._seg2_3_0=20.249999999999996
		PolynomialSplineRegressor.N5Ck0._seg2_6_0=13.999999999999998
		PolynomialSplineRegressor.N5Ck0._seg2_head_jack=Wengert{0} => [ 1.000,  0.000,  0.000,  0.000,  0.000]
Wengert{1} => [-0.000,  1.000, -14.420, -1.311,  7.000]
Wengert{2} => [-2.000,  1.000,  59.591, -90.239,  36.337]
Wengert{3} => [ 1.000, -1.000, -74.508,  171.225, -86.675]
Wengert{4} => [ 0.000, -0.000,  29.337, -79.675,  43.337]

		PolynomialSplineRegressor.N5Ck0._seg2_jack=Wengert{0} => [ 1.000,  0.000,  0.000,  0.000,  0.000]
Wengert{1} => [-0.000,  1.000, -14.420, -1.311,  7.000]
Wengert{2} => [-2.000,  1.000,  59.591, -90.239,  36.337]
Wengert{3} => [ 1.000, -1.000, -74.508,  171.225, -86.675]
Wengert{4} => [ 0.000, -0.000,  29.337, -79.675,  43.337]

		PolynomialSplineRegressor.N5Ck0._seg2_monotone=MONOTONIC    
		PolynomialSplineRegressor.N5Ck0._seg2_value_jack=Wengert{0} => [ 0.333,  0.667,  0.483, -4.897,  3.024]

		PolynomialSplineRegressor.N5Ck0.FinishTime=Fri Nov 02 23:28:21 EDT 2018
		PolynomialSplineRegressor.N5Ck0.ExecTime=411

		PolynomialSplineRegressor.N5Ck1.Success=true
		PolynomialSplineRegressor.N5Ck1._seg1_1_0=25.0
		PolynomialSplineRegressor.N5Ck1._seg1_3_0=20.249999999999986
		PolynomialSplineRegressor.N5Ck1._seg1_head_jack=Wengert{0} => [ 1.000,  0.000,  0.000,  0.000,  0.000]
Wengert{1} => [ 1.000,  0.000,  2.000,  0.000,  0.000]
Wengert{2} => [-6.132,  5.132, -8.265, -28.343,  19.338]
Wengert{3} => [ 6.167, -6.167,  10.334,  52.740, -36.398]
Wengert{4} => [-2.034,  2.034, -4.069, -24.398,  17.060]

		PolynomialSplineRegressor.N5Ck1._seg1_jack=Wengert{0} => [ 1.000,  0.000,  0.000,  0.000,  0.000]
Wengert{1} => [ 1.000,  0.000,  2.000,  0.000,  0.000]
Wengert{2} => [-6.132,  5.132, -8.265, -28.343,  19.338]
Wengert{3} => [ 6.167, -6.167,  10.334,  52.740, -36.398]
Wengert{4} => [-2.034,  2.034, -4.069, -24.398,  17.060]

		PolynomialSplineRegressor.N5Ck1._seg1_monotone=MONOTONIC    
		PolynomialSplineRegressor.N5Ck1._seg2_3_0=20.249999999999986
		PolynomialSplineRegressor.N5Ck1._seg2_6_0=14.000000000000014
		PolynomialSplineRegressor.N5Ck1._seg2_head_jack=Wengert{0} => [ 1.000,  0.000,  0.000,  0.000,  0.000]
Wengert{1} => [ 1.000,  0.000,  3.000,  0.000,  0.000]
Wengert{2} => [-6.132,  5.132, -12.397, -95.657,  65.266]
Wengert{3} => [ 6.167, -6.167,  15.501,  177.999, -122.844]
Wengert{4} => [-2.034,  2.034, -6.103, -82.342,  57.579]

		PolynomialSplineRegressor.N5Ck1._seg2_jack=Wengert{0} => [ 1.000,  0.000,  0.000,  0.000,  0.000]
Wengert{1} => [ 1.000,  0.000,  3.000,  0.000,  0.000]
Wengert{2} => [-6.132,  5.132, -12.397, -95.657,  65.266]
Wengert{3} => [ 6.167, -6.167,  15.501,  177.999, -122.844]
Wengert{4} => [-2.034,  2.034, -6.103, -82.342,  57.579]

		PolynomialSplineRegressor.N5Ck1._seg2_monotone=MONOTONIC    
		PolynomialSplineRegressor.N5Ck1._seg2_value_jack=Wengert{0} => [ 0.300,  0.700, -0.100, -4.941,  3.258]

		PolynomialSplineRegressor.N5Ck1.FinishTime=Fri Nov 02 23:28:21 EDT 2018
		PolynomialSplineRegressor.N5Ck1.ExecTime=336

		PolynomialSplineRegressor.N5Ck2.Success=true
		PolynomialSplineRegressor.N5Ck2._seg1_1_0=25.0
		PolynomialSplineRegressor.N5Ck2._seg1_3_0=20.25
		PolynomialSplineRegressor.N5Ck2._seg1_head_jack=Wengert{0} => [ 1.000,  0.000,  0.000,  0.000,  0.000]
Wengert{1} => [ 1.000,  0.000,  2.000,  0.000,  0.000]
Wengert{2} => [-1.000,  0.000,  2.000,  2.000,  0.000]
Wengert{3} => [-3.384,  3.384, -8.767, -3.722, -0.414]
Wengert{4} => [ 2.384, -2.384,  4.767,  1.722,  0.414]

		PolynomialSplineRegressor.N5Ck2._seg1_jack=Wengert{0} => [ 1.000,  0.000,  0.000,  0.000,  0.000]
Wengert{1} => [ 1.000,  0.000,  2.000,  0.000,  0.000]
Wengert{2} => [-1.000,  0.000,  2.000,  2.000,  0.000]
Wengert{3} => [-3.384,  3.384, -8.767, -3.722, -0.414]
Wengert{4} => [ 2.384, -2.384,  4.767,  1.722,  0.414]

		PolynomialSplineRegressor.N5Ck2._seg1_monotone=MONOTONIC    
		PolynomialSplineRegressor.N5Ck2._seg2_3_0=20.25
		PolynomialSplineRegressor.N5Ck2._seg2_6_0=14.0
		PolynomialSplineRegressor.N5Ck2._seg2_head_jack=Wengert{0} => [ 1.000,  0.000,  0.000,  0.000,  0.000]
Wengert{1} => [ 1.000,  0.000,  3.000,  0.000,  0.000]
Wengert{2} => [-1.000,  0.000,  3.000,  4.500,  0.000]
Wengert{3} => [-3.384,  3.384, -13.151, -8.374, -1.398]
Wengert{4} => [ 2.384, -2.384,  7.151,  3.874,  1.398]

		PolynomialSplineRegressor.N5Ck2._seg2_jack=Wengert{0} => [ 1.000,  0.000,  0.000,  0.000,  0.000]
Wengert{1} => [ 1.000,  0.000,  3.000,  0.000,  0.000]
Wengert{2} => [-1.000,  0.000,  3.000,  4.500,  0.000]
Wengert{3} => [-3.384,  3.384, -13.151, -8.374, -1.398]
Wengert{4} => [ 2.384, -2.384,  7.151,  3.874,  1.398]

		PolynomialSplineRegressor.N5Ck2._seg2_monotone=MONOTONIC    
		PolynomialSplineRegressor.N5Ck2._seg2_value_jack=Wengert{0} => [ 0.565,  0.435,  0.695,  0.232, -0.113]

		PolynomialSplineRegressor.N5Ck2.FinishTime=Fri Nov 02 23:28:21 EDT 2018
		PolynomialSplineRegressor.N5Ck2.ExecTime=313

		PolynomialSplineRegressor.N5Ck3.Success=true
		PolynomialSplineRegressor.N5Ck3._seg1_1_0=25.0
		PolynomialSplineRegressor.N5Ck3._seg1_3_0=20.25
		PolynomialSplineRegressor.N5Ck3._seg1_head_jack=Wengert{0} => [ 1.000,  0.000,  0.000,  0.000,  0.000]
Wengert{1} => [ 1.000,  0.000,  2.000,  0.000,  0.000]
Wengert{2} => [-1.000,  0.000,  2.000,  2.000,  0.000]
Wengert{3} => [ 0.002,  0.000, -2.000,  2.000,  1.333]
Wengert{4} => [-1.002,  1.000, -2.000, -4.000, -1.333]

		PolynomialSplineRegressor.N5Ck3._seg1_jack=Wengert{0} => [ 1.000,  0.000,  0.000,  0.000,  0.000]
Wengert{1} => [ 1.000,  0.000,  2.000,  0.000,  0.000]
Wengert{2} => [-1.000,  0.000,  2.000,  2.000,  0.000]
Wengert{3} => [ 0.002,  0.000, -2.000,  2.000,  1.333]
Wengert{4} => [-1.002,  1.000, -2.000, -4.000, -1.333]

		PolynomialSplineRegressor.N5Ck3._seg1_monotone=MONOTONIC    
		PolynomialSplineRegressor.N5Ck3._seg2_3_0=20.25
		PolynomialSplineRegressor.N5Ck3._seg2_6_0=13.999999999999998
		PolynomialSplineRegressor.N5Ck3._seg2_head_jack=Wengert{0} => [ 1.000,  0.000,  0.000,  0.000,  0.000]
Wengert{1} => [ 1.000,  0.000,  3.000,  0.000,  0.000]
Wengert{2} => [-1.000,  0.000,  3.000,  4.500,  0.000]
Wengert{3} => [ 0.002,  0.000, -3.000,  4.500,  4.500]
Wengert{4} => [-1.002,  1.000, -3.000, -9.000, -4.500]

		PolynomialSplineRegressor.N5Ck3._seg2_jack=Wengert{0} => [ 1.000,  0.000,  0.000,  0.000,  0.000]
Wengert{1} => [ 1.000,  0.000,  3.000,  0.000,  0.000]
Wengert{2} => [-1.000,  0.000,  3.000,  4.500,  0.000]
Wengert{3} => [ 0.002,  0.000, -3.000,  4.500,  4.500]
Wengert{4} => [-1.002,  1.000, -3.000, -9.000, -4.500]

		PolynomialSplineRegressor.N5Ck3._seg2_monotone=MONOTONIC    
		PolynomialSplineRegressor.N5Ck3._seg2_value_jack=Wengert{0} => [ 0.839,  0.162,  1.515,  1.273,  0.364]

		PolynomialSplineRegressor.N5Ck3.FinishTime=Fri Nov 02 23:28:21 EDT 2018
		PolynomialSplineRegressor.N5Ck3.ExecTime=224

		PolynomialSplineRegressor.N6Ck0.Success=true
		PolynomialSplineRegressor.N6Ck0._seg1_1_0=25.0
		PolynomialSplineRegressor.N6Ck0._seg1_3_0=20.249999999999996
		PolynomialSplineRegressor.N6Ck0._seg1_head_jack=Wengert{0} => [ 1.000,  0.000,  0.000,  0.000,  0.000,  0.000]
Wengert{1} => [-0.000,  1.000, -3.726, -3.696,  6.532, -1.783]
Wengert{2} => [-2.000,  1.000,  21.678, -51.052,  43.535, -13.107]
Wengert{3} => [ 1.000, -1.000, -43.631,  181.070, -201.329,  70.259]
Wengert{4} => [-0.000,  0.000,  37.003, -194.798,  243.545, -92.282]
Wengert{5} => [ 0.000, -0.000, -11.324,  68.476, -92.282,  36.913]

		PolynomialSplineRegressor.N6Ck0._seg1_jack=Wengert{0} => [ 1.000,  0.000,  0.000,  0.000,  0.000,  0.000]
Wengert{1} => [-0.000,  1.000, -3.726, -3.696,  6.532, -1.783]
Wengert{2} => [-2.000,  1.000,  21.678, -51.052,  43.535, -13.107]
Wengert{3} => [ 1.000, -1.000, -43.631,  181.070, -201.329,  70.259]
Wengert{4} => [-0.000,  0.000,  37.003, -194.798,  243.545, -92.282]
Wengert{5} => [ 0.000, -0.000, -11.324,  68.476, -92.282,  36.913]

		PolynomialSplineRegressor.N6Ck0._seg1_monotone=MONOTONIC    
		PolynomialSplineRegressor.N6Ck0._seg2_3_0=20.249999999999996
		PolynomialSplineRegressor.N6Ck0._seg2_6_0=14.0
		PolynomialSplineRegressor.N6Ck0._seg2_head_jack=Wengert{0} => [ 1.000,  0.000,  0.000,  0.000,  0.000,  0.000]
Wengert{1} => [-0.000,  1.000, -12.574, -12.475,  22.045, -6.018]
Wengert{2} => [-2.000,  1.000,  73.162, -172.302,  146.929, -44.237]
Wengert{3} => [ 1.000, -1.000, -147.254,  611.112, -679.487,  237.125]
Wengert{4} => [-0.000,  0.000,  124.884, -657.442,  821.963, -311.450]
Wengert{5} => [ 0.000, -0.000, -38.219,  231.107, -311.450,  124.580]

		PolynomialSplineRegressor.N6Ck0._seg2_jack=Wengert{0} => [ 1.000,  0.000,  0.000,  0.000,  0.000,  0.000]
Wengert{1} => [-0.000,  1.000, -12.574, -12.475,  22.045, -6.018]
Wengert{2} => [-2.000,  1.000,  73.162, -172.302,  146.929, -44.237]
Wengert{3} => [ 1.000, -1.000, -147.254,  611.112, -679.487,  237.125]
Wengert{4} => [-0.000,  0.000,  124.884, -657.442,  821.963, -311.450]
Wengert{5} => [ 0.000, -0.000, -38.219,  231.107, -311.450,  124.580]

		PolynomialSplineRegressor.N6Ck0._seg2_monotone=MONOTONIC    
		PolynomialSplineRegressor.N6Ck0._seg2_value_jack=Wengert{0} => [ 0.333,  0.667,  0.113, -2.664,  0.015,  1.204]

		PolynomialSplineRegressor.N6Ck0.FinishTime=Fri Nov 02 23:28:21 EDT 2018
		PolynomialSplineRegressor.N6Ck0.ExecTime=670

		PolynomialSplineRegressor.N6Ck1.Success=true
		PolynomialSplineRegressor.N6Ck1._seg1_1_0=25.0
		PolynomialSplineRegressor.N6Ck1._seg1_3_0=20.249999999999886
		PolynomialSplineRegressor.N6Ck1._seg1_head_jack=Wengert{0} => [ 1.000,  0.000,  0.000,  0.000,  0.000,  0.000]
Wengert{1} => [ 1.000,  0.000,  2.000,  0.000,  0.000,  0.000]
Wengert{2} => [-7.819,  6.819, -11.637, -72.559,  81.540, -23.482]
Wengert{3} => [ 12.711, -12.711,  23.422,  224.355, -277.822,  91.140]
Wengert{4} => [-9.932,  9.932, -19.864, -231.508,  308.418, -109.991]
Wengert{5} => [ 3.040, -3.040,  6.079,  79.711, -112.135,  42.332]

		PolynomialSplineRegressor.N6Ck1._seg1_jack=Wengert{0} => [ 1.000,  0.000,  0.000,  0.000,  0.000,  0.000]
Wengert{1} => [ 1.000,  0.000,  2.000,  0.000,  0.000,  0.000]
Wengert{2} => [-7.819,  6.819, -11.637, -72.559,  81.540, -23.482]
Wengert{3} => [ 12.711, -12.711,  23.422,  224.355, -277.822,  91.140]
Wengert{4} => [-9.932,  9.932, -19.864, -231.508,  308.418, -109.991]
Wengert{5} => [ 3.040, -3.040,  6.079,  79.711, -112.135,  42.332]

		PolynomialSplineRegressor.N6Ck1._seg1_monotone=MONOTONIC    
		PolynomialSplineRegressor.N6Ck1._seg2_3_0=20.249999999999886
		PolynomialSplineRegressor.N6Ck1._seg2_6_0=14.000000000000867
		PolynomialSplineRegressor.N6Ck1._seg2_head_jack=Wengert{0} => [ 1.000,  0.000,  0.000,  0.000,  0.000,  0.000]
Wengert{1} => [ 1.000,  0.000,  3.000,  0.000,  0.000,  0.000]
Wengert{2} => [-7.819,  6.819, -17.456, -244.885,  275.196, -79.251]
Wengert{3} => [ 12.711, -12.711,  35.133,  757.200, -937.650,  307.598]
Wengert{4} => [-9.932,  9.932, -29.796, -781.338,  1040.910, -371.218]
Wengert{5} => [ 3.040, -3.040,  9.119,  269.024, -378.456,  142.871]

		PolynomialSplineRegressor.N6Ck1._seg2_jack=Wengert{0} => [ 1.000,  0.000,  0.000,  0.000,  0.000,  0.000]
Wengert{1} => [ 1.000,  0.000,  3.000,  0.000,  0.000,  0.000]
Wengert{2} => [-7.819,  6.819, -17.456, -244.885,  275.196, -79.251]
Wengert{3} => [ 12.711, -12.711,  35.133,  757.200, -937.650,  307.598]
Wengert{4} => [-9.932,  9.932, -29.796, -781.338,  1040.910, -371.218]
Wengert{5} => [ 3.040, -3.040,  9.119,  269.024, -378.456,  142.871]

		PolynomialSplineRegressor.N6Ck1._seg2_monotone=MONOTONIC    
		PolynomialSplineRegressor.N6Ck1._seg2_value_jack=Wengert{0} => [ 0.324,  0.676, -0.027, -2.777,  0.214,  1.149]

		PolynomialSplineRegressor.N6Ck1.FinishTime=Fri Nov 02 23:28:21 EDT 2018
		PolynomialSplineRegressor.N6Ck1.ExecTime=635

		PolynomialSplineRegressor.N6Ck2.Success=true
		PolynomialSplineRegressor.N6Ck2._seg1_1_0=25.0
		PolynomialSplineRegressor.N6Ck2._seg1_3_0=20.25000000000064
		PolynomialSplineRegressor.N6Ck2._seg1_head_jack=Wengert{0} => [ 1.000,  0.000,  0.000,  0.000,  0.000,  0.000]
Wengert{1} => [ 1.000,  0.000,  2.000,  0.000,  0.000,  0.000]
Wengert{2} => [-1.000,  0.000,  2.000,  2.000,  0.000,  0.000]
Wengert{3} => [-8.372,  8.372, -18.745, -6.184, -25.697,  18.533]
Wengert{4} => [ 11.823, -11.823,  23.647,  6.381,  48.255, -35.069]
Wengert{5} => [-4.451,  4.451, -8.902, -2.197, -22.558,  16.536]

		PolynomialSplineRegressor.N6Ck2._seg1_jack=Wengert{0} => [ 1.000,  0.000,  0.000,  0.000,  0.000,  0.000]
Wengert{1} => [ 1.000,  0.000,  2.000,  0.000,  0.000,  0.000]
Wengert{2} => [-1.000,  0.000,  2.000,  2.000,  0.000,  0.000]
Wengert{3} => [-8.372,  8.372, -18.745, -6.184, -25.697,  18.533]
Wengert{4} => [ 11.823, -11.823,  23.647,  6.381,  48.255, -35.069]
Wengert{5} => [-4.451,  4.451, -8.902, -2.197, -22.558,  16.536]

		PolynomialSplineRegressor.N6Ck2._seg1_monotone=MONOTONIC    
		PolynomialSplineRegressor.N6Ck2._seg2_3_0=20.25000000000064
		PolynomialSplineRegressor.N6Ck2._seg2_6_0=14.0
		PolynomialSplineRegressor.N6Ck2._seg2_head_jack=Wengert{0} => [ 1.000,  0.000,  0.000,  0.000,  0.000,  0.000]
Wengert{1} => [ 1.000,  0.000,  3.000,  0.000,  0.000,  0.000]
Wengert{2} => [-1.000,  0.000,  3.000,  4.500,  0.000,  0.000]
Wengert{3} => [-8.372,  8.372, -28.117, -13.914, -86.727,  62.549]
Wengert{4} => [ 11.823, -11.823,  35.470,  14.358,  162.860, -118.357]
Wengert{5} => [-4.451,  4.451, -13.353, -4.944, -76.133,  55.808]

		PolynomialSplineRegressor.N6Ck2._seg2_jack=Wengert{0} => [ 1.000,  0.000,  0.000,  0.000,  0.000,  0.000]
Wengert{1} => [ 1.000,  0.000,  3.000,  0.000,  0.000,  0.000]
Wengert{2} => [-1.000,  0.000,  3.000,  4.500,  0.000,  0.000]
Wengert{3} => [-8.372,  8.372, -28.117, -13.914, -86.727,  62.549]
Wengert{4} => [ 11.823, -11.823,  35.470,  14.358,  162.860, -118.357]
Wengert{5} => [-4.451,  4.451, -13.353, -4.944, -76.133,  55.808]

		PolynomialSplineRegressor.N6Ck2._seg2_monotone=MONOTONIC    
		PolynomialSplineRegressor.N6Ck2._seg2_value_jack=Wengert{0} => [ 0.402,  0.598,  0.205,  0.051, -2.907,  2.048]

		PolynomialSplineRegressor.N6Ck2.FinishTime=Fri Nov 02 23:28:21 EDT 2018
		PolynomialSplineRegressor.N6Ck2.ExecTime=499

		PolynomialSplineRegressor.N6Ck3.Success=true
		PolynomialSplineRegressor.N6Ck3._seg1_1_0=25.0
		PolynomialSplineRegressor.N6Ck3._seg1_3_0=20.250000000000018
		PolynomialSplineRegressor.N6Ck3._seg1_head_jack=Wengert{0} => [ 1.000,  0.000,  0.000,  0.000,  0.000,  0.000]
Wengert{1} => [ 1.000,  0.000,  2.000,  0.000,  0.000,  0.000]
Wengert{2} => [-1.000,  0.000,  2.000,  2.000,  0.000,  0.000]
Wengert{3} => [ 0.002,  0.000, -2.000,  2.000,  1.333,  0.000]
Wengert{4} => [-3.903,  3.899, -7.797, -8.987, -2.504, -0.267]
Wengert{5} => [ 2.901, -2.899,  5.797,  4.987,  1.170,  0.267]

		PolynomialSplineRegressor.N6Ck3._seg1_jack=Wengert{0} => [ 1.000,  0.000,  0.000,  0.000,  0.000,  0.000]
Wengert{1} => [ 1.000,  0.000,  2.000,  0.000,  0.000,  0.000]
Wengert{2} => [-1.000,  0.000,  2.000,  2.000,  0.000,  0.000]
Wengert{3} => [ 0.002,  0.000, -2.000,  2.000,  1.333,  0.000]
Wengert{4} => [-3.903,  3.899, -7.797, -8.987, -2.504, -0.267]
Wengert{5} => [ 2.901, -2.899,  5.797,  4.987,  1.170,  0.267]

		PolynomialSplineRegressor.N6Ck3._seg1_monotone=MONOTONIC    
		PolynomialSplineRegressor.N6Ck3._seg2_3_0=20.250000000000018
		PolynomialSplineRegressor.N6Ck3._seg2_6_0=14.00000000000001
		PolynomialSplineRegressor.N6Ck3._seg2_head_jack=Wengert{0} => [ 1.000,  0.000,  0.000,  0.000,  0.000,  0.000]
Wengert{1} => [ 1.000,  0.000,  3.000,  0.000,  0.000,  0.000]
Wengert{2} => [-1.000,  0.000,  3.000,  4.500,  0.000,  0.000]
Wengert{3} => [ 0.002,  0.000, -3.000,  4.500,  4.500,  0.000]
Wengert{4} => [-3.903,  3.899, -11.696, -20.221, -8.450, -0.900]
Wengert{5} => [ 2.901, -2.899,  8.696,  11.221,  3.950,  0.900]

		PolynomialSplineRegressor.N6Ck3._seg2_jack=Wengert{0} => [ 1.000,  0.000,  0.000,  0.000,  0.000,  0.000]
Wengert{1} => [ 1.000,  0.000,  3.000,  0.000,  0.000,  0.000]
Wengert{2} => [-1.000,  0.000,  3.000,  4.500,  0.000,  0.000]
Wengert{3} => [ 0.002,  0.000, -3.000,  4.500,  4.500,  0.000]
Wengert{4} => [-3.903,  3.899, -11.696, -20.221, -8.450, -0.900]
Wengert{5} => [ 2.901, -2.899,  8.696,  11.221,  3.950,  0.900]

		PolynomialSplineRegressor.N6Ck3._seg2_monotone=MONOTONIC    
		PolynomialSplineRegressor.N6Ck3._seg2_value_jack=Wengert{0} => [ 0.682,  0.318,  1.047,  0.668,  0.151, -0.048]

		PolynomialSplineRegressor.N6Ck3.FinishTime=Fri Nov 02 23:28:21 EDT 2018
		PolynomialSplineRegressor.N6Ck3.ExecTime=444

		PolynomialSplineRegressor.N6Ck4.Success=true
		PolynomialSplineRegressor.N6Ck4._seg1_1_0=25.0
		PolynomialSplineRegressor.N6Ck4._seg1_3_0=20.250000000000455
		PolynomialSplineRegressor.N6Ck4._seg1_head_jack=Wengert{0} => [ 1.000,  0.000,  0.000,  0.000,  0.000,  0.000]
Wengert{1} => [ 1.000,  0.000,  2.000,  0.000,  0.000,  0.000]
Wengert{2} => [-1.000,  0.000,  2.000,  2.000,  0.000,  0.000]
Wengert{3} => [ 0.002,  0.000, -2.000,  2.000,  1.333,  0.000]
Wengert{4} => [-110.644,  0.000,  0.004, -2.000,  1.333,  0.667]
Wengert{5} => [ 109.642,  1.000, -2.004, -2.000, -2.667, -0.667]

		PolynomialSplineRegressor.N6Ck4._seg1_jack=Wengert{0} => [ 1.000,  0.000,  0.000,  0.000,  0.000,  0.000]
Wengert{1} => [ 1.000,  0.000,  2.000,  0.000,  0.000,  0.000]
Wengert{2} => [-1.000,  0.000,  2.000,  2.000,  0.000,  0.000]
Wengert{3} => [ 0.002,  0.000, -2.000,  2.000,  1.333,  0.000]
Wengert{4} => [-110.644,  0.000,  0.004, -2.000,  1.333,  0.667]
Wengert{5} => [ 109.642,  1.000, -2.004, -2.000, -2.667, -0.667]

		PolynomialSplineRegressor.N6Ck4._seg1_monotone=MONOTONIC    
		PolynomialSplineRegressor.N6Ck4._seg2_3_0=20.250000000000455
		PolynomialSplineRegressor.N6Ck4._seg2_6_0=14.000000000000455
		PolynomialSplineRegressor.N6Ck4._seg2_head_jack=Wengert{0} => [ 1.000,  0.000,  0.000,  0.000,  0.000,  0.000]
Wengert{1} => [ 1.000,  0.000,  3.000,  0.000,  0.000,  0.000]
Wengert{2} => [-1.000,  0.000,  3.000,  4.500,  0.000,  0.000]
Wengert{3} => [ 0.002,  0.000, -3.000,  4.500,  4.500,  0.000]
Wengert{4} => [-110.644,  0.000,  0.007, -4.500,  4.500,  3.375]
Wengert{5} => [ 109.642,  1.000, -3.007, -4.500, -9.000, -3.375]

		PolynomialSplineRegressor.N6Ck4._seg2_jack=Wengert{0} => [ 1.000,  0.000,  0.000,  0.000,  0.000,  0.000]
Wengert{1} => [ 1.000,  0.000,  3.000,  0.000,  0.000,  0.000]
Wengert{2} => [-1.000,  0.000,  3.000,  4.500,  0.000,  0.000]
Wengert{3} => [ 0.002,  0.000, -3.000,  4.500,  4.500,  0.000]
Wengert{4} => [-110.644,  0.000,  0.007, -4.500,  4.500,  3.375]
Wengert{5} => [ 109.642,  1.000, -3.007, -4.500, -9.000, -3.375]

		PolynomialSplineRegressor.N6Ck4._seg2_monotone=MONOTONIC    
		PolynomialSplineRegressor.N6Ck4._seg2_value_jack=Wengert{0} => [-5.068,  0.108,  1.677,  1.515,  0.848,  0.182]

		PolynomialSplineRegressor.N6Ck4.FinishTime=Fri Nov 02 23:28:21 EDT 2018
		PolynomialSplineRegressor.N6Ck4.ExecTime=385

		PolynomialSplineRegressor.N7Ck0.Success=true
		PolynomialSplineRegressor.N7Ck0._seg1_1_0=25.0
		PolynomialSplineRegressor.N7Ck0._seg1_3_0=20.249999999999563
		PolynomialSplineRegressor.N7Ck0._seg1_head_jack=Wengert{0} => [ 1.000,  0.000,  0.000,  0.000,  0.000,  0.000,  0.000]
Wengert{1} => [-0.000,  1.000, -3.617, -9.425,  22.905, -17.971,  5.396]
Wengert{2} => [-2.000,  1.000,  22.098, -73.131,  106.641, -75.500,  20.798]
Wengert{3} => [ 1.000, -1.000, -60.090,  1046.450, -2674.806,  2515.743, -815.161]
Wengert{4} => [-0.000,  0.000,  83.736, -2651.901,  7266.572, -7035.829,  2314.516]
Wengert{5} => [ 0.000, -0.000, -57.529,  2497.772, -7035.829,  6901.879, -2288.322]
Wengert{6} => [-0.000,  0.000,  15.401, -809.765,  2314.516, -2288.322,  762.774]

		PolynomialSplineRegressor.N7Ck0._seg1_jack=Wengert{0} => [ 1.000,  0.000,  0.000,  0.000,  0.000,  0.000,  0.000]
Wengert{1} => [-0.000,  1.000, -3.617, -9.425,  22.905, -17.971,  5.396]
Wengert{2} => [-2.000,  1.000,  22.098, -73.131,  106.641, -75.500,  20.798]
Wengert{3} => [ 1.000, -1.000, -60.090,  1046.450, -2674.806,  2515.743, -815.161]
Wengert{4} => [-0.000,  0.000,  83.736, -2651.901,  7266.572, -7035.829,  2314.516]
Wengert{5} => [ 0.000, -0.000, -57.529,  2497.772, -7035.829,  6901.879, -2288.322]
Wengert{6} => [-0.000,  0.000,  15.401, -809.765,  2314.516, -2288.322,  762.774]

		PolynomialSplineRegressor.N7Ck0._seg1_monotone=MONOTONIC    
		PolynomialSplineRegressor.N7Ck0._seg2_3_0=20.249999999999563
		PolynomialSplineRegressor.N7Ck0._seg2_6_0=13.999999999999392
		PolynomialSplineRegressor.N7Ck0._seg2_head_jack=Wengert{0} => [ 1.000,  0.000,  0.000,  0.000,  0.000,  0.000,  0.000]
Wengert{1} => [-0.000,  1.000, -12.206, -31.808,  77.305, -60.653,  18.212]
Wengert{2} => [-2.000,  1.000,  74.579, -246.818,  359.915, -254.812,  70.192]
Wengert{3} => [ 1.000, -1.000, -202.804,  3531.769, -9027.470,  8490.633, -2751.169]
Wengert{4} => [-0.000,  0.000,  282.609, -8950.165,  24524.682, -23745.922,  7811.491]
Wengert{5} => [ 0.000, -0.000, -194.159,  8429.980, -23745.922,  23293.841, -7723.087]
Wengert{6} => [-0.000,  0.000,  51.980, -2732.958,  7811.491, -7723.087,  2574.362]

		PolynomialSplineRegressor.N7Ck0._seg2_jack=Wengert{0} => [ 1.000,  0.000,  0.000,  0.000,  0.000,  0.000,  0.000]
Wengert{1} => [-0.000,  1.000, -12.206, -31.808,  77.305, -60.653,  18.212]
Wengert{2} => [-2.000,  1.000,  74.579, -246.818,  359.915, -254.812,  70.192]
Wengert{3} => [ 1.000, -1.000, -202.804,  3531.769, -9027.470,  8490.633, -2751.169]
Wengert{4} => [-0.000,  0.000,  282.609, -8950.165,  24524.682, -23745.922,  7811.491]
Wengert{5} => [ 0.000, -0.000, -194.159,  8429.980, -23745.922,  23293.841, -7723.087]
Wengert{6} => [-0.000,  0.000,  51.980, -2732.958,  7811.491, -7723.087,  2574.362]

		PolynomialSplineRegressor.N7Ck0._seg2_monotone=MONOTONIC    
		PolynomialSplineRegressor.N7Ck0._seg2_value_jack=Wengert{0} => [ 0.333,  0.667, -0.214,  14.567, -49.237,  49.897, -16.231]

		PolynomialSplineRegressor.N7Ck0.FinishTime=Fri Nov 02 23:28:21 EDT 2018
		PolynomialSplineRegressor.N7Ck0.ExecTime=1007

		PolynomialSplineRegressor.N7Ck1.Success=true
		PolynomialSplineRegressor.N7Ck1._seg1_1_0=25.0
		PolynomialSplineRegressor.N7Ck1._seg1_3_0=20.249999999985732
		PolynomialSplineRegressor.N7Ck1._seg1_head_jack=Wengert{0} => [ 1.000,  0.000,  0.000,  0.000,  0.000,  0.000,  0.000]
Wengert{1} => [ 1.000,  0.000,  2.000,  0.000,  0.000,  0.000,  0.000]
Wengert{2} => [-8.110,  7.110, -12.220, -130.715,  246.591, -185.303,  53.767]
Wengert{3} => [ 17.615, -17.615,  33.229,  1203.038, -3055.370,  2814.330, -904.815]
Wengert{4} => [-23.153,  23.153, -46.305, -2870.107,  7796.893, -7451.914,  2439.450]
Wengert{5} => [ 15.906, -15.906,  31.813,  2647.685, -7400.171,  7187.738, -2374.155]
Wengert{6} => [-4.258,  4.258, -8.517, -849.900,  2412.057, -2364.852,  785.753]

		PolynomialSplineRegressor.N7Ck1._seg1_jack=Wengert{0} => [ 1.000,  0.000,  0.000,  0.000,  0.000,  0.000,  0.000]
Wengert{1} => [ 1.000,  0.000,  2.000,  0.000,  0.000,  0.000,  0.000]
Wengert{2} => [-8.110,  7.110, -12.220, -130.715,  246.591, -185.303,  53.767]
Wengert{3} => [ 17.615, -17.615,  33.229,  1203.038, -3055.370,  2814.330, -904.815]
Wengert{4} => [-23.153,  23.153, -46.305, -2870.107,  7796.893, -7451.914,  2439.450]
Wengert{5} => [ 15.906, -15.906,  31.813,  2647.685, -7400.171,  7187.738, -2374.155]
Wengert{6} => [-4.258,  4.258, -8.517, -849.900,  2412.057, -2364.852,  785.753]

		PolynomialSplineRegressor.N7Ck1._seg1_monotone=MONOTONIC    
		PolynomialSplineRegressor.N7Ck1._seg2_3_0=20.249999999985732
		PolynomialSplineRegressor.N7Ck1._seg2_6_0=14.000000000006366
		PolynomialSplineRegressor.N7Ck1._seg2_head_jack=Wengert{0} => [ 1.000,  0.000,  0.000,  0.000,  0.000,  0.000,  0.000]
Wengert{1} => [ 1.000,  0.000,  3.000,  0.000,  0.000,  0.000,  0.000]
Wengert{2} => [-8.110,  7.110, -18.330, -441.164,  832.244, -625.397,  181.464]
Wengert{3} => [ 17.615, -17.615,  49.844,  4060.252, -10311.873,  9498.364, -3053.752]
Wengert{4} => [-23.153,  23.153, -69.458, -9686.613,  26314.513, -25150.208,  8233.143]
Wengert{5} => [ 15.906, -15.906,  47.719,  8935.936, -24975.577,  24258.617, -8012.772]
Wengert{6} => [-4.258,  4.258, -12.775, -2868.412,  8140.692, -7981.376,  2651.916]

		PolynomialSplineRegressor.N7Ck1._seg2_jack=Wengert{0} => [ 1.000,  0.000,  0.000,  0.000,  0.000,  0.000,  0.000]
Wengert{1} => [ 1.000,  0.000,  3.000,  0.000,  0.000,  0.000,  0.000]
Wengert{2} => [-8.110,  7.110, -18.330, -441.164,  832.244, -625.397,  181.464]
Wengert{3} => [ 17.615, -17.615,  49.844,  4060.252, -10311.873,  9498.364, -3053.752]
Wengert{4} => [-23.153,  23.153, -69.458, -9686.613,  26314.513, -25150.208,  8233.143]
Wengert{5} => [ 15.906, -15.906,  47.719,  8935.936, -24975.577,  24258.617, -8012.772]
Wengert{6} => [-4.258,  4.258, -12.775, -2868.412,  8140.692, -7981.376,  2651.916]

		PolynomialSplineRegressor.N7Ck1._seg2_monotone=MONOTONIC    
		PolynomialSplineRegressor.N7Ck1._seg2_value_jack=Wengert{0} => [ 0.351,  0.649,  0.053,  15.125, -50.593,  50.962, -16.551]

		PolynomialSplineRegressor.N7Ck1.FinishTime=Fri Nov 02 23:28:21 EDT 2018
		PolynomialSplineRegressor.N7Ck1.ExecTime=926

		PolynomialSplineRegressor.N7Ck2.Success=true
		PolynomialSplineRegressor.N7Ck2._seg1_1_0=25.0
		PolynomialSplineRegressor.N7Ck2._seg1_3_0=20.25000000021339
		PolynomialSplineRegressor.N7Ck2._seg1_head_jack=Wengert{0} => [ 1.000,  0.000,  0.000,  0.000,  0.000,  0.000,  0.000]
Wengert{1} => [ 1.000,  0.000,  2.000,  0.000,  0.000,  0.000,  0.000]
Wengert{2} => [-1.000,  0.000,  2.000,  2.000,  0.000,  0.000,  0.000]
Wengert{3} => [-47.821,  47.821, -97.643, -18.407, -785.870,  1108.894, -409.969]
Wengert{4} => [ 132.959, -132.959,  265.919,  43.914,  2382.508, -3383.225,  1258.886]
Wengert{5} => [-128.107,  128.107, -256.215, -40.511, -2405.381,  3434.358, -1285.081]
Wengert{6} => [ 41.970, -41.970,  83.939,  13.004,  808.743, -1160.027,  436.163]

		PolynomialSplineRegressor.N7Ck2._seg1_jack=Wengert{0} => [ 1.000,  0.000,  0.000,  0.000,  0.000,  0.000,  0.000]
Wengert{1} => [ 1.000,  0.000,  2.000,  0.000,  0.000,  0.000,  0.000]
Wengert{2} => [-1.000,  0.000,  2.000,  2.000,  0.000,  0.000,  0.000]
Wengert{3} => [-47.821,  47.821, -97.643, -18.407, -785.870,  1108.894, -409.969]
Wengert{4} => [ 132.959, -132.959,  265.919,  43.914,  2382.508, -3383.225,  1258.886]
Wengert{5} => [-128.107,  128.107, -256.215, -40.511, -2405.381,  3434.358, -1285.081]
Wengert{6} => [ 41.970, -41.970,  83.939,  13.004,  808.743, -1160.027,  436.163]

		PolynomialSplineRegressor.N7Ck2._seg1_monotone=MONOTONIC    
		PolynomialSplineRegressor.N7Ck2._seg2_3_0=20.25000000021339
		PolynomialSplineRegressor.N7Ck2._seg2_6_0=14.000000000130285
		PolynomialSplineRegressor.N7Ck2._seg2_head_jack=Wengert{0} => [ 1.000,  0.000,  0.000,  0.000,  0.000,  0.000,  0.000]
Wengert{1} => [ 1.000,  0.000,  3.000,  0.000,  0.000,  0.000,  0.000]
Wengert{2} => [-1.000,  0.000,  3.000,  4.500,  0.000,  0.000,  0.000]
Wengert{3} => [-47.821,  47.821, -146.464, -41.416, -2652.311,  3742.517, -1383.646]
Wengert{4} => [ 132.959, -132.959,  398.878,  98.806,  8040.965, -11418.384,  4248.742]
Wengert{5} => [-128.107,  128.107, -384.322, -91.149, -8118.160,  11590.959, -4337.147]
Wengert{6} => [ 41.970, -41.970,  125.909,  29.259,  2729.507, -3915.091,  1472.051]

		PolynomialSplineRegressor.N7Ck2._seg2_jack=Wengert{0} => [ 1.000,  0.000,  0.000,  0.000,  0.000,  0.000,  0.000]
Wengert{1} => [ 1.000,  0.000,  3.000,  0.000,  0.000,  0.000,  0.000]
Wengert{2} => [-1.000,  0.000,  3.000,  4.500,  0.000,  0.000,  0.000]
Wengert{3} => [-47.821,  47.821, -146.464, -41.416, -2652.311,  3742.517, -1383.646]
Wengert{4} => [ 132.959, -132.959,  398.878,  98.806,  8040.965, -11418.384,  4248.742]
Wengert{5} => [-128.107,  128.107, -384.322, -91.149, -8118.160,  11590.959, -4337.147]
Wengert{6} => [ 41.970, -41.970,  125.909,  29.259,  2729.507, -3915.091,  1472.051]

		PolynomialSplineRegressor.N7Ck2._seg2_monotone=MONOTONIC    
		PolynomialSplineRegressor.N7Ck2._seg2_value_jack=Wengert{0} => [ 0.107,  0.893, -0.679, -0.154, -22.060,  29.520, -10.329]

		PolynomialSplineRegressor.N7Ck2.FinishTime=Fri Nov 02 23:28:21 EDT 2018
		PolynomialSplineRegressor.N7Ck2.ExecTime=801

		PolynomialSplineRegressor.N7Ck3.Success=true
		PolynomialSplineRegressor.N7Ck3._seg1_1_0=25.0
		PolynomialSplineRegressor.N7Ck3._seg1_3_0=20.250000000000014
		PolynomialSplineRegressor.N7Ck3._seg1_head_jack=Wengert{0} => [ 1.000,  0.000,  0.000,  0.000,  0.000,  0.000,  0.000]
Wengert{1} => [ 1.000,  0.000,  2.000,  0.000,  0.000,  0.000,  0.000]
Wengert{2} => [-1.000,  0.000,  2.000,  2.000,  0.000,  0.000,  0.000]
Wengert{3} => [ 0.002,  0.000, -2.000,  2.000,  1.333,  0.000,  0.000]
Wengert{4} => [-12.027,  12.020, -24.040, -17.954, -4.042, -21.411,  15.990]
Wengert{5} => [ 18.271, -18.264,  36.528,  21.951,  4.081,  40.270, -30.252]
Wengert{6} => [-7.246,  7.244, -14.487, -7.997, -1.372, -18.859,  14.262]

		PolynomialSplineRegressor.N7Ck3._seg1_jack=Wengert{0} => [ 1.000,  0.000,  0.000,  0.000,  0.000,  0.000,  0.000]
Wengert{1} => [ 1.000,  0.000,  2.000,  0.000,  0.000,  0.000,  0.000]
Wengert{2} => [-1.000,  0.000,  2.000,  2.000,  0.000,  0.000,  0.000]
Wengert{3} => [ 0.002,  0.000, -2.000,  2.000,  1.333,  0.000,  0.000]
Wengert{4} => [-12.027,  12.020, -24.040, -17.954, -4.042, -21.411,  15.990]
Wengert{5} => [ 18.271, -18.264,  36.528,  21.951,  4.081,  40.270, -30.252]
Wengert{6} => [-7.246,  7.244, -14.487, -7.997, -1.372, -18.859,  14.262]

		PolynomialSplineRegressor.N7Ck3._seg1_monotone=MONOTONIC    
		PolynomialSplineRegressor.N7Ck3._seg2_3_0=20.250000000000014
		PolynomialSplineRegressor.N7Ck3._seg2_6_0=14.000000000000014
		PolynomialSplineRegressor.N7Ck3._seg2_head_jack=Wengert{0} => [ 1.000,  0.000,  0.000,  0.000,  0.000,  0.000,  0.000]
Wengert{1} => [ 1.000,  0.000,  3.000,  0.000,  0.000,  0.000,  0.000]
Wengert{2} => [-1.000,  0.000,  3.000,  4.500,  0.000,  0.000,  0.000]
Wengert{3} => [ 0.002,  0.000, -3.000,  4.500,  4.500,  0.000,  0.000]
Wengert{4} => [-12.027,  12.020, -36.060, -40.396, -13.643, -72.262,  53.968]
Wengert{5} => [ 18.271, -18.264,  54.791,  49.389,  13.774,  135.911, -102.102]
Wengert{6} => [-7.246,  7.244, -21.731, -17.994, -4.631, -63.649,  48.134]

		PolynomialSplineRegressor.N7Ck3._seg2_jack=Wengert{0} => [ 1.000,  0.000,  0.000,  0.000,  0.000,  0.000,  0.000]
Wengert{1} => [ 1.000,  0.000,  3.000,  0.000,  0.000,  0.000,  0.000]
Wengert{2} => [-1.000,  0.000,  3.000,  4.500,  0.000,  0.000,  0.000]
Wengert{3} => [ 0.002,  0.000, -3.000,  4.500,  4.500,  0.000,  0.000]
Wengert{4} => [-12.027,  12.020, -36.060, -40.396, -13.643, -72.262,  53.968]
Wengert{5} => [ 18.271, -18.264,  54.791,  49.389,  13.774,  135.911, -102.102]
Wengert{6} => [-7.246,  7.244, -21.731, -17.994, -4.631, -63.649,  48.134]

		PolynomialSplineRegressor.N7Ck3._seg2_monotone=MONOTONIC    
		PolynomialSplineRegressor.N7Ck3._seg2_value_jack=Wengert{0} => [ 0.505,  0.495,  0.515,  0.228,  0.037, -1.607,  1.179]

		PolynomialSplineRegressor.N7Ck3.FinishTime=Fri Nov 02 23:28:21 EDT 2018
		PolynomialSplineRegressor.N7Ck3.ExecTime=700

		PolynomialSplineRegressor.N7Ck4.Success=true
		PolynomialSplineRegressor.N7Ck4._seg1_1_0=25.0
		PolynomialSplineRegressor.N7Ck4._seg1_3_0=20.250000000000455
		PolynomialSplineRegressor.N7Ck4._seg1_head_jack=Wengert{0} => [ 1.000,  0.000,  0.000,  0.000,  0.000,  0.000,  0.000]
Wengert{1} => [ 1.000,  0.000,  2.000,  0.000,  0.000,  0.000,  0.000]
Wengert{2} => [-1.000,  0.000,  2.000,  2.000,  0.000,  0.000,  0.000]
Wengert{3} => [ 0.002,  0.000, -2.000,  2.000,  1.333,  0.000,  0.000]
Wengert{4} => [-110.644,  0.000,  0.004, -2.000,  1.333,  0.667,  0.000]
Wengert{5} => [ 203.749,  4.344, -8.696, -8.055, -6.029, -1.254, -0.178]
Wengert{6} => [-94.108, -3.344,  6.691,  6.055,  3.363,  0.587,  0.178]

		PolynomialSplineRegressor.N7Ck4._seg1_jack=Wengert{0} => [ 1.000,  0.000,  0.000,  0.000,  0.000,  0.000,  0.000]
Wengert{1} => [ 1.000,  0.000,  2.000,  0.000,  0.000,  0.000,  0.000]
Wengert{2} => [-1.000,  0.000,  2.000,  2.000,  0.000,  0.000,  0.000]
Wengert{3} => [ 0.002,  0.000, -2.000,  2.000,  1.333,  0.000,  0.000]
Wengert{4} => [-110.644,  0.000,  0.004, -2.000,  1.333,  0.667,  0.000]
Wengert{5} => [ 203.749,  4.344, -8.696, -8.055, -6.029, -1.254, -0.178]
Wengert{6} => [-94.108, -3.344,  6.691,  6.055,  3.363,  0.587,  0.178]

		PolynomialSplineRegressor.N7Ck4._seg1_monotone=MONOTONIC    
		PolynomialSplineRegressor.N7Ck4._seg2_3_0=20.250000000000455
		PolynomialSplineRegressor.N7Ck4._seg2_6_0=13.999999999998408
		PolynomialSplineRegressor.N7Ck4._seg2_head_jack=Wengert{0} => [ 1.000,  0.000,  0.000,  0.000,  0.000,  0.000,  0.000]
Wengert{1} => [ 1.000,  0.000,  3.000,  0.000,  0.000,  0.000,  0.000]
Wengert{2} => [-1.000,  0.000,  3.000,  4.500,  0.000,  0.000,  0.000]
Wengert{3} => [ 0.002,  0.000, -3.000,  4.500,  4.500,  0.000,  0.000]
Wengert{4} => [-110.644,  0.000,  0.007, -4.500,  4.500,  3.375,  0.000]
Wengert{5} => [ 203.749,  4.344, -13.044, -18.123, -20.349, -6.348, -0.599]
Wengert{6} => [-94.108, -3.344,  10.037,  13.623,  11.349,  2.973,  0.599]

		PolynomialSplineRegressor.N7Ck4._seg2_jack=Wengert{0} => [ 1.000,  0.000,  0.000,  0.000,  0.000,  0.000,  0.000]
Wengert{1} => [ 1.000,  0.000,  3.000,  0.000,  0.000,  0.000,  0.000]
Wengert{2} => [-1.000,  0.000,  3.000,  4.500,  0.000,  0.000,  0.000]
Wengert{3} => [ 0.002,  0.000, -3.000,  4.500,  4.500,  0.000,  0.000]
Wengert{4} => [-110.644,  0.000,  0.007, -4.500,  4.500,  3.375,  0.000]
Wengert{5} => [ 203.749,  4.344, -13.044, -18.123, -20.349, -6.348, -0.599]
Wengert{6} => [-94.108, -3.344,  10.037,  13.623,  11.349,  2.973,  0.599]

		PolynomialSplineRegressor.N7Ck4._seg2_monotone=MONOTONIC    
		PolynomialSplineRegressor.N7Ck4._seg2_value_jack=Wengert{0} => [-1.688,  0.228,  1.317,  1.026,  0.441,  0.075, -0.022]

		PolynomialSplineRegressor.N7Ck4.FinishTime=Fri Nov 02 23:28:21 EDT 2018
		PolynomialSplineRegressor.N7Ck4.ExecTime=658

		PolynomialSplineRegressor.N7Ck5.Success=true
		PolynomialSplineRegressor.N7Ck5._seg1_1_0=25.0
		PolynomialSplineRegressor.N7Ck5._seg1_3_0=20.25000000745058
		PolynomialSplineRegressor.N7Ck5._seg1_head_jack=Wengert{0} => [ 1.000,  0.000,  0.000,  0.000,  0.000,  0.000,  0.000]
Wengert{1} => [ 1.000,  0.000,  2.000,  0.000,  0.000,  0.000,  0.000]
Wengert{2} => [-1.000,  0.000,  2.000,  2.000,  0.000,  0.000,  0.000]
Wengert{3} => [ 0.002,  0.000, -2.000,  2.000,  1.333,  0.000,  0.000]
Wengert{4} => [-110.644,  0.000,  0.004, -2.000,  1.333,  0.667,  0.000]
Wengert{5} => [ 2312735.336,  0.000, -221.288,  0.004, -1.333,  0.667,  0.267]
Wengert{6} => [-2312625.694,  1.000,  219.283, -2.004, -1.333, -1.333, -0.267]

		PolynomialSplineRegressor.N7Ck5._seg1_jack=Wengert{0} => [ 1.000,  0.000,  0.000,  0.000,  0.000,  0.000,  0.000]
Wengert{1} => [ 1.000,  0.000,  2.000,  0.000,  0.000,  0.000,  0.000]
Wengert{2} => [-1.000,  0.000,  2.000,  2.000,  0.000,  0.000,  0.000]
Wengert{3} => [ 0.002,  0.000, -2.000,  2.000,  1.333,  0.000,  0.000]
Wengert{4} => [-110.644,  0.000,  0.004, -2.000,  1.333,  0.667,  0.000]
Wengert{5} => [ 2312735.336,  0.000, -221.288,  0.004, -1.333,  0.667,  0.267]
Wengert{6} => [-2312625.694,  1.000,  219.283, -2.004, -1.333, -1.333, -0.267]

		PolynomialSplineRegressor.N7Ck5._seg1_monotone=MONOTONIC    
		PolynomialSplineRegressor.N7Ck5._seg2_3_0=20.25000000745058
		PolynomialSplineRegressor.N7Ck5._seg2_6_0=14.0
		PolynomialSplineRegressor.N7Ck5._seg2_head_jack=Wengert{0} => [ 1.000,  0.000,  0.000,  0.000,  0.000,  0.000,  0.000]
Wengert{1} => [ 1.000,  0.000,  3.000,  0.000,  0.000,  0.000,  0.000]
Wengert{2} => [-1.000,  0.000,  3.000,  4.500,  0.000,  0.000,  0.000]
Wengert{3} => [ 0.002,  0.000, -3.000,  4.500,  4.500,  0.000,  0.000]
Wengert{4} => [-110.644,  0.000,  0.007, -4.500,  4.500,  3.375,  0.000]
Wengert{5} => [ 2312735.336,  0.000, -331.931,  0.010, -4.500,  3.375,  2.025]
Wengert{6} => [-2312625.694,  1.000,  328.925, -4.510, -4.500, -6.750, -2.025]

		PolynomialSplineRegressor.N7Ck5._seg2_jack=Wengert{0} => [ 1.000,  0.000,  0.000,  0.000,  0.000,  0.000,  0.000]
Wengert{1} => [ 1.000,  0.000,  3.000,  0.000,  0.000,  0.000,  0.000]
Wengert{2} => [-1.000,  0.000,  3.000,  4.500,  0.000,  0.000,  0.000]
Wengert{3} => [ 0.002,  0.000, -3.000,  4.500,  4.500,  0.000,  0.000]
Wengert{4} => [-110.644,  0.000,  0.007, -4.500,  4.500,  3.375,  0.000]
Wengert{5} => [ 2312735.336,  0.000, -331.931,  0.010, -4.500,  3.375,  2.025]
Wengert{6} => [-2312625.694,  1.000,  328.925, -4.510, -4.500, -6.750, -2.025]

		PolynomialSplineRegressor.N7Ck5._seg2_monotone=MONOTONIC    
		PolynomialSplineRegressor.N7Ck5._seg2_value_jack=Wengert{0} => [ 83052.196,  0.072, -10.136,  1.677,  1.010,  0.424,  0.073]

		PolynomialSplineRegressor.N7Ck5.FinishTime=Fri Nov 02 23:28:21 EDT 2018
		PolynomialSplineRegressor.N7Ck5.ExecTime=732

		PolynomialSplineRegressor.ExpTension.Success=true
		PolynomialSplineRegressor.ExpTension._seg1_1_0=24.999999999999986
		PolynomialSplineRegressor.ExpTension._seg1_3_0=20.249999999999996
		PolynomialSplineRegressor.ExpTension._seg1_head_jack=Wengert{0} => [ 3.000,  0.000, -4.000, -4.000]
Wengert{1} => [ 6.216, -5.708,  25.814,  12.399]
Wengert{2} => [-3.608,  2.854, -9.907, -4.200]
Wengert{3} => [ 1.608, -2.854,  13.907,  8.200]

		PolynomialSplineRegressor.ExpTension._seg1_jack=Wengert{0} => [ 3.000,  0.000, -4.000, -4.000]
Wengert{1} => [ 6.216, -5.708,  25.814,  12.399]
Wengert{2} => [-3.608,  2.854, -9.907, -4.200]
Wengert{3} => [ 1.608, -2.854,  13.907,  8.200]

		PolynomialSplineRegressor.ExpTension._seg1_monotone=MONOTONIC    
		PolynomialSplineRegressor.ExpTension._seg2_3_0=20.249999999999975
		PolynomialSplineRegressor.ExpTension._seg2_6_0=13.999999999999947
		PolynomialSplineRegressor.ExpTension._seg2_head_jack=Wengert{0} => [ 3.000,  0.000, -6.000, -9.000]
Wengert{1} => [ 6.216, -5.708,  38.722,  27.898]
Wengert{2} => [-3.608,  2.854, -14.861, -9.449]
Wengert{3} => [ 1.608, -2.854,  20.861,  18.449]

		PolynomialSplineRegressor.ExpTension._seg2_jack=Wengert{0} => [ 3.000,  0.000, -6.000, -9.000]
Wengert{1} => [ 6.216, -5.708,  38.722,  27.898]
Wengert{2} => [-3.608,  2.854, -14.861, -9.449]
Wengert{3} => [ 1.608, -2.854,  20.861,  18.449]

		PolynomialSplineRegressor.ExpTension._seg2_monotone=MONOTONIC    
		PolynomialSplineRegressor.ExpTension._seg2_value_jack=Wengert{0} => [ 0.771,  0.236,  1.293,  0.545]

		PolynomialSplineRegressor.ExpTension.FinishTime=Fri Nov 02 23:28:21 EDT 2018
		PolynomialSplineRegressor.ExpTension.ExecTime=175

		PolynomialSplineRegressor.HyperTension.Success=true
		PolynomialSplineRegressor.HyperTension._seg1_1_0=24.999999999999993
		PolynomialSplineRegressor.HyperTension._seg1_3_0=20.249999999999996
		PolynomialSplineRegressor.HyperTension._seg1_head_jack=Wengert{0} => [ 3.000, -0.000, -4.000, -4.000]
Wengert{1} => [ 6.216, -5.708,  25.814,  12.399]
Wengert{2} => [-2.000,  0.000,  4.000,  4.000]
Wengert{3} => [-5.216,  5.708, -23.814, -12.399]

		PolynomialSplineRegressor.HyperTension._seg1_jack=Wengert{0} => [ 3.000, -0.000, -4.000, -4.000]
Wengert{1} => [ 6.216, -5.708,  25.814,  12.399]
Wengert{2} => [-2.000,  0.000,  4.000,  4.000]
Wengert{3} => [-5.216,  5.708, -23.814, -12.399]

		PolynomialSplineRegressor.HyperTension._seg1_monotone=MONOTONIC    
		PolynomialSplineRegressor.HyperTension._seg2_3_0=20.249999999999986
		PolynomialSplineRegressor.HyperTension._seg2_6_0=13.999999999999968
		PolynomialSplineRegressor.HyperTension._seg2_head_jack=Wengert{0} => [ 3.000, -0.000, -6.000, -9.000]
Wengert{1} => [ 6.216, -5.708,  38.722,  27.898]
Wengert{2} => [-2.000,  0.000,  6.000,  9.000]
Wengert{3} => [-5.216,  5.708, -35.722, -27.898]

		PolynomialSplineRegressor.HyperTension._seg2_jack=Wengert{0} => [ 3.000, -0.000, -6.000, -9.000]
Wengert{1} => [ 6.216, -5.708,  38.722,  27.898]
Wengert{2} => [-2.000,  0.000,  6.000,  9.000]
Wengert{3} => [-5.216,  5.708, -35.722, -27.898]

		PolynomialSplineRegressor.HyperTension._seg2_monotone=MONOTONIC    
		PolynomialSplineRegressor.HyperTension._seg2_value_jack=Wengert{0} => [ 0.771,  0.236,  1.293,  0.545]

		PolynomialSplineRegressor.HyperTension.FinishTime=Fri Nov 02 23:28:21 EDT 2018
		PolynomialSplineRegressor.HyperTension.ExecTime=168

		PolynomialSplineRegressor.KP.Success=true
		PolynomialSplineRegressor.KP._seg1_1_0=25.0
		PolynomialSplineRegressor.KP._seg1_3_0=20.25
		PolynomialSplineRegressor.KP._seg1_head_jack=Wengert{0} => [ 1.000,  0.000,  0.000,  0.000]
Wengert{1} => [ 0.000,  1.000,  0.000,  0.000]
Wengert{2} => [ 2.000, -1.000,  2.000,  0.000]
Wengert{3} => [ 3.000, -2.000,  6.000,  2.000]

		PolynomialSplineRegressor.KP._seg1_jack=Wengert{0} => [ 1.000,  0.000,  0.000,  0.000]
Wengert{1} => [ 0.000,  1.000,  0.000,  0.000]
Wengert{2} => [ 2.000, -1.000,  2.000,  0.000]
Wengert{3} => [ 3.000, -2.000,  6.000,  2.000]

		PolynomialSplineRegressor.KP._seg1_monotone=MONOTONIC    
		PolynomialSplineRegressor.KP._seg2_3_0=20.25
		PolynomialSplineRegressor.KP._seg2_6_0=14.0
		PolynomialSplineRegressor.KP._seg2_head_jack=Wengert{0} => [ 1.000,  0.000,  0.000,  0.000]
Wengert{1} => [ 0.000,  1.000,  0.000,  0.000]
Wengert{2} => [ 2.000, -1.000,  3.000,  0.000]
Wengert{3} => [ 3.000, -2.000,  9.000,  4.500]

		PolynomialSplineRegressor.KP._seg2_jack=Wengert{0} => [ 1.000,  0.000,  0.000,  0.000]
Wengert{1} => [ 0.000,  1.000,  0.000,  0.000]
Wengert{2} => [ 2.000, -1.000,  3.000,  0.000]
Wengert{3} => [ 3.000, -2.000,  9.000,  4.500]

		PolynomialSplineRegressor.KP._seg2_monotone=MONOTONIC    
		PolynomialSplineRegressor.KP._seg2_value_jack=Wengert{0} => [ 0.758,  0.242,  1.273,  0.545]

		PolynomialSplineRegressor.KP.FinishTime=Fri Nov 02 23:28:21 EDT 2018
		PolynomialSplineRegressor.KP.ExecTime=315

		PolynomialSplineRegressor.Bern_N4Ck2.Success=true
		PolynomialSplineRegressor.Bern_N4Ck2._seg1_1_0=25.0
		PolynomialSplineRegressor.Bern_N4Ck2._seg1_3_0=20.25
		PolynomialSplineRegressor.Bern_N4Ck2._seg1_head_jack=Wengert{0} => [ 6.000,  0.000,  0.000,  0.000]
Wengert{1} => [ 8.000,  0.000,  4.000,  0.000]
Wengert{2} => [ 8.000,  0.000,  12.000,  4.000]
Wengert{3} => [ 0.000,  6.000,  0.000,  0.000]

		PolynomialSplineRegressor.Bern_N4Ck2._seg1_jack=Wengert{0} => [ 6.000,  0.000,  0.000,  0.000]
Wengert{1} => [ 8.000,  0.000,  4.000,  0.000]
Wengert{2} => [ 8.000,  0.000,  12.000,  4.000]
Wengert{3} => [ 0.000,  6.000,  0.000,  0.000]

		PolynomialSplineRegressor.Bern_N4Ck2._seg1_monotone=MONOTONIC    
		PolynomialSplineRegressor.Bern_N4Ck2._seg2_3_0=20.25
		PolynomialSplineRegressor.Bern_N4Ck2._seg2_6_0=14.0
		PolynomialSplineRegressor.Bern_N4Ck2._seg2_head_jack=Wengert{0} => [ 6.000,  0.000,  0.000,  0.000]
Wengert{1} => [ 8.000,  0.000,  6.000,  0.000]
Wengert{2} => [ 8.000,  0.000,  18.000,  9.000]
Wengert{3} => [ 0.000,  6.000,  0.000,  0.000]

		PolynomialSplineRegressor.Bern_N4Ck2._seg2_jack=Wengert{0} => [ 6.000,  0.000,  0.000,  0.000]
Wengert{1} => [ 8.000,  0.000,  6.000,  0.000]
Wengert{2} => [ 8.000,  0.000,  18.000,  9.000]
Wengert{3} => [ 0.000,  6.000,  0.000,  0.000]

		PolynomialSplineRegressor.Bern_N4Ck2._seg2_monotone=MONOTONIC    
		PolynomialSplineRegressor.Bern_N4Ck2._seg2_value_jack=Wengert{0} => [ 0.758,  0.242,  1.273,  0.545]

		PolynomialSplineRegressor.Bern_N4Ck2.FinishTime=Fri Nov 02 23:28:21 EDT 2018
		PolynomialSplineRegressor.Bern_N4Ck2.ExecTime=311

		PolynomialSplineRegressor.Hermite_N4Ck1.Success=true
		PolynomialSplineRegressor.Hermite_N4Ck1._seg1_0_0=1.0
		PolynomialSplineRegressor.Hermite_N4Ck1._seg1_1_0=4.0
		PolynomialSplineRegressor.Hermite_N4Ck1._seg1_head_jack=Wengert{0} => [ 1.000,  0.000,  0.000,  0.000]
Wengert{1} => [ 1.000,  0.000,  1.000,  0.000]
Wengert{2} => [-5.000,  4.000, -2.000, -1.000]
Wengert{3} => [ 3.000, -3.000,  1.000,  1.000]

		PolynomialSplineRegressor.Hermite_N4Ck1._seg1_jack=Wengert{0} => [ 1.000,  0.000,  0.000,  0.000]
Wengert{1} => [ 1.000,  0.000,  1.000,  0.000]
Wengert{2} => [-5.000,  4.000, -2.000, -1.000]
Wengert{3} => [ 3.000, -3.000,  1.000,  1.000]

		PolynomialSplineRegressor.Hermite_N4Ck1._seg1_monotone=MONOTONIC    
		PolynomialSplineRegressor.Hermite_N4Ck1._seg2_1_0=4.0
		PolynomialSplineRegressor.Hermite_N4Ck1._seg2_2_0=14.0
		PolynomialSplineRegressor.Hermite_N4Ck1._seg2_head_jack=Wengert{0} => [ 1.000,  0.000,  0.000,  0.000]
Wengert{1} => [ 1.000,  0.000,  1.000,  0.000]
Wengert{2} => [-5.000,  4.000, -2.000, -1.000]
Wengert{3} => [ 3.000, -3.000,  1.000,  1.000]

		PolynomialSplineRegressor.Hermite_N4Ck1._seg2_jack=Wengert{0} => [ 1.000,  0.000,  0.000,  0.000]
Wengert{1} => [ 1.000,  0.000,  1.000,  0.000]
Wengert{2} => [-5.000,  4.000, -2.000, -1.000]
Wengert{3} => [ 3.000, -3.000,  1.000,  1.000]

		PolynomialSplineRegressor.Hermite_N4Ck1._seg2_monotone=MONOTONIC    
		PolynomialSplineRegressor.Hermite_N4Ck1._seg2_value_jack=Wengert{0} => [ 0.500,  0.500,  0.100, -0.100]

		PolynomialSplineRegressor.Hermite_N4Ck1.FinishTime=Fri Nov 02 23:28:21 EDT 2018
		PolynomialSplineRegressor.Hermite_N4Ck1.ExecTime=148

		PolynomialSplineRegressor.Hermite_Bessel_CatmullRom_Cardinal_N4Ck1.Success=true
		PolynomialSplineRegressor.Hermite_Bessel_CatmullRom_Cardinal_N4Ck1.hermite_bessel_catmullrom_cardinal_n4ck1_local_c1_bessel_hermite_0.0= 1.00 | MINIMA       
		PolynomialSplineRegressor.Hermite_Bessel_CatmullRom_Cardinal_N4Ck1.hermite_bessel_catmullrom_cardinal_n4ck1_local_c1_bessel_hermite_0.0_jack=Wengert{0} => [ 1.000,  0.000,  0.000,  0.000,  0.000]

		PolynomialSplineRegressor.Hermite_Bessel_CatmullRom_Cardinal_N4Ck1.hermite_bessel_catmullrom_cardinal_n4ck1_local_c1_bessel_hermite_0.5= 2.20 | MINIMA       
		PolynomialSplineRegressor.Hermite_Bessel_CatmullRom_Cardinal_N4Ck1.hermite_bessel_catmullrom_cardinal_n4ck1_local_c1_bessel_hermite_0.5_jack=Wengert{0} => [ 0.500,  0.500,  0.000,  0.000,  0.000]

		PolynomialSplineRegressor.Hermite_Bessel_CatmullRom_Cardinal_N4Ck1.hermite_bessel_catmullrom_cardinal_n4ck1_local_c1_bessel_hermite_1.0= 4.00 | MINIMA       
		PolynomialSplineRegressor.Hermite_Bessel_CatmullRom_Cardinal_N4Ck1.hermite_bessel_catmullrom_cardinal_n4ck1_local_c1_bessel_hermite_1.0_jack=Wengert{0} => [ 0.000,  1.000,  0.000,  0.000,  0.000]

		PolynomialSplineRegressor.Hermite_Bessel_CatmullRom_Cardinal_N4Ck1.hermite_bessel_catmullrom_cardinal_n4ck1_local_c1_bessel_hermite_1.5= 8.70 | MONOTONIC    
		PolynomialSplineRegressor.Hermite_Bessel_CatmullRom_Cardinal_N4Ck1.hermite_bessel_catmullrom_cardinal_n4ck1_local_c1_bessel_hermite_1.5_jack=Wengert{0} => [ 0.000,  0.500,  0.500,  0.000,  0.000]

		PolynomialSplineRegressor.Hermite_Bessel_CatmullRom_Cardinal_N4Ck1.hermite_bessel_catmullrom_cardinal_n4ck1_local_c1_bessel_hermite_2.0= 15.00 | MONOTONIC    
		PolynomialSplineRegressor.Hermite_Bessel_CatmullRom_Cardinal_N4Ck1.hermite_bessel_catmullrom_cardinal_n4ck1_local_c1_bessel_hermite_2.0_jack=Wengert{0} => [ 0.000,  0.000,  1.000,  0.000,  0.000]

		PolynomialSplineRegressor.Hermite_Bessel_CatmullRom_Cardinal_N4Ck1.hermite_bessel_catmullrom_cardinal_n4ck1_local_c1_bessel_hermite_2.5= 26.10 | MONOTONIC    
		PolynomialSplineRegressor.Hermite_Bessel_CatmullRom_Cardinal_N4Ck1.hermite_bessel_catmullrom_cardinal_n4ck1_local_c1_bessel_hermite_2.5_jack=Wengert{0} => [ 0.000,  0.000,  0.500,  0.500,  0.000]

		PolynomialSplineRegressor.Hermite_Bessel_CatmullRom_Cardinal_N4Ck1.hermite_bessel_catmullrom_cardinal_n4ck1_local_c1_bessel_hermite_3.0= 40.00 | MONOTONIC    
		PolynomialSplineRegressor.Hermite_Bessel_CatmullRom_Cardinal_N4Ck1.hermite_bessel_catmullrom_cardinal_n4ck1_local_c1_bessel_hermite_3.0_jack=Wengert{0} => [ 0.000,  0.000,  0.000,  1.000,  0.000]

		PolynomialSplineRegressor.Hermite_Bessel_CatmullRom_Cardinal_N4Ck1.hermite_bessel_catmullrom_cardinal_n4ck1_local_c1_bessel_hermite_3.5= 70.50 | MONOTONIC    
		PolynomialSplineRegressor.Hermite_Bessel_CatmullRom_Cardinal_N4Ck1.hermite_bessel_catmullrom_cardinal_n4ck1_local_c1_bessel_hermite_3.5_jack=Wengert{0} => [ 0.000,  0.000,  0.000,  0.500,  0.500]

		PolynomialSplineRegressor.Hermite_Bessel_CatmullRom_Cardinal_N4Ck1.hermite_bessel_catmullrom_cardinal_n4ck1_local_c1_bessel_hermite_4.0= 85.00 | MONOTONIC    
		PolynomialSplineRegressor.Hermite_Bessel_CatmullRom_Cardinal_N4Ck1.hermite_bessel_catmullrom_cardinal_n4ck1_local_c1_bessel_hermite_4.0_jack=Wengert{0} => [ 0.000,  0.000,  0.000,  0.000,  1.000]

		PolynomialSplineRegressor.Hermite_Bessel_CatmullRom_Cardinal_N4Ck1.hermite_bessel_catmullrom_cardinal_n4ck1_local_cardinal_knot_0.0= 0.00 | MONOTONIC    
		PolynomialSplineRegressor.Hermite_Bessel_CatmullRom_Cardinal_N4Ck1.hermite_bessel_catmullrom_cardinal_n4ck1_local_cardinal_knot_0.0_jack=Wengert{0} => [ 1.000,  0.000,  0.000,  0.000,  0.000,  0.000]

		PolynomialSplineRegressor.Hermite_Bessel_CatmullRom_Cardinal_N4Ck1.hermite_bessel_catmullrom_cardinal_n4ck1_local_cardinal_knot_0.5= 0.00 | MONOTONIC    
		PolynomialSplineRegressor.Hermite_Bessel_CatmullRom_Cardinal_N4Ck1.hermite_bessel_catmullrom_cardinal_n4ck1_local_cardinal_knot_0.5_jack=Wengert{0} => [ 0.500,  0.500,  0.000,  0.000,  0.000,  0.000]

		PolynomialSplineRegressor.Hermite_Bessel_CatmullRom_Cardinal_N4Ck1.hermite_bessel_catmullrom_cardinal_n4ck1_local_cardinal_knot_1.0= 0.00 | MONOTONIC    
		PolynomialSplineRegressor.Hermite_Bessel_CatmullRom_Cardinal_N4Ck1.hermite_bessel_catmullrom_cardinal_n4ck1_local_cardinal_knot_1.0_jack=Wengert{0} => [ 0.000,  1.000,  0.000,  0.000,  0.000,  0.000]

		PolynomialSplineRegressor.Hermite_Bessel_CatmullRom_Cardinal_N4Ck1.hermite_bessel_catmullrom_cardinal_n4ck1_local_cardinal_knot_1.5= 0.00 | MONOTONIC    
		PolynomialSplineRegressor.Hermite_Bessel_CatmullRom_Cardinal_N4Ck1.hermite_bessel_catmullrom_cardinal_n4ck1_local_cardinal_knot_1.5_jack=Wengert{0} => [ 0.000,  0.500,  0.500,  0.000,  0.000,  0.000]

		PolynomialSplineRegressor.Hermite_Bessel_CatmullRom_Cardinal_N4Ck1.hermite_bessel_catmullrom_cardinal_n4ck1_local_cardinal_knot_2.0= 0.00 | MONOTONIC    
		PolynomialSplineRegressor.Hermite_Bessel_CatmullRom_Cardinal_N4Ck1.hermite_bessel_catmullrom_cardinal_n4ck1_local_cardinal_knot_2.0_jack=Wengert{0} => [ 0.000,  0.000,  1.000,  0.000,  0.000,  0.000]

		PolynomialSplineRegressor.Hermite_Bessel_CatmullRom_Cardinal_N4Ck1.hermite_bessel_catmullrom_cardinal_n4ck1_local_cardinal_knot_2.5= 0.00 | MONOTONIC    
		PolynomialSplineRegressor.Hermite_Bessel_CatmullRom_Cardinal_N4Ck1.hermite_bessel_catmullrom_cardinal_n4ck1_local_cardinal_knot_2.5_jack=Wengert{0} => [ 0.000,  0.000,  0.000,  1.000,  0.000,  0.000]

		PolynomialSplineRegressor.Hermite_Bessel_CatmullRom_Cardinal_N4Ck1.hermite_bessel_catmullrom_cardinal_n4ck1_local_cardinal_knot_3.0= 0.00 | MONOTONIC    
		PolynomialSplineRegressor.Hermite_Bessel_CatmullRom_Cardinal_N4Ck1.hermite_bessel_catmullrom_cardinal_n4ck1_local_cardinal_knot_3.0_jack=Wengert{0} => [ 0.000,  0.000,  0.000,  0.000,  1.000,  0.000]

		PolynomialSplineRegressor.Hermite_Bessel_CatmullRom_Cardinal_N4Ck1.hermite_bessel_catmullrom_cardinal_n4ck1_local_cardinal_knot_3.5= 0.00 | MONOTONIC    
		PolynomialSplineRegressor.Hermite_Bessel_CatmullRom_Cardinal_N4Ck1.hermite_bessel_catmullrom_cardinal_n4ck1_local_cardinal_knot_3.5_jack=Wengert{0} => [ 0.000,  0.000,  0.000,  0.000,  0.500,  0.500]

		PolynomialSplineRegressor.Hermite_Bessel_CatmullRom_Cardinal_N4Ck1.hermite_bessel_catmullrom_cardinal_n4ck1_local_cardinal_knot_4.0= 0.00 | MONOTONIC    
		PolynomialSplineRegressor.Hermite_Bessel_CatmullRom_Cardinal_N4Ck1.hermite_bessel_catmullrom_cardinal_n4ck1_local_cardinal_knot_4.0_jack=Wengert{0} => [ 0.000,  0.000,  0.000,  0.000,  0.000,  1.000]

		PolynomialSplineRegressor.Hermite_Bessel_CatmullRom_Cardinal_N4Ck1.hermite_bessel_catmullrom_cardinal_n4ck1_local_catmull_rom_knot_0.0= 0.00 | MONOTONIC    
		PolynomialSplineRegressor.Hermite_Bessel_CatmullRom_Cardinal_N4Ck1.hermite_bessel_catmullrom_cardinal_n4ck1_local_catmull_rom_knot_0.0_jack=Wengert{0} => [ 1.000,  0.000,  0.000,  0.000,  0.000,  0.000]

		PolynomialSplineRegressor.Hermite_Bessel_CatmullRom_Cardinal_N4Ck1.hermite_bessel_catmullrom_cardinal_n4ck1_local_catmull_rom_knot_0.5= 0.00 | MONOTONIC    
		PolynomialSplineRegressor.Hermite_Bessel_CatmullRom_Cardinal_N4Ck1.hermite_bessel_catmullrom_cardinal_n4ck1_local_catmull_rom_knot_0.5_jack=Wengert{0} => [ 0.500,  0.500,  0.000,  0.000,  0.000,  0.000]

		PolynomialSplineRegressor.Hermite_Bessel_CatmullRom_Cardinal_N4Ck1.hermite_bessel_catmullrom_cardinal_n4ck1_local_catmull_rom_knot_1.0= 0.00 | MONOTONIC    
		PolynomialSplineRegressor.Hermite_Bessel_CatmullRom_Cardinal_N4Ck1.hermite_bessel_catmullrom_cardinal_n4ck1_local_catmull_rom_knot_1.0_jack=Wengert{0} => [ 0.000,  1.000,  0.000,  0.000,  0.000,  0.000]

		PolynomialSplineRegressor.Hermite_Bessel_CatmullRom_Cardinal_N4Ck1.hermite_bessel_catmullrom_cardinal_n4ck1_local_catmull_rom_knot_1.5= 0.00 | MONOTONIC    
		PolynomialSplineRegressor.Hermite_Bessel_CatmullRom_Cardinal_N4Ck1.hermite_bessel_catmullrom_cardinal_n4ck1_local_catmull_rom_knot_1.5_jack=Wengert{0} => [ 0.000,  0.500,  0.500,  0.000,  0.000,  0.000]

		PolynomialSplineRegressor.Hermite_Bessel_CatmullRom_Cardinal_N4Ck1.hermite_bessel_catmullrom_cardinal_n4ck1_local_catmull_rom_knot_2.0= 0.00 | MONOTONIC    
		PolynomialSplineRegressor.Hermite_Bessel_CatmullRom_Cardinal_N4Ck1.hermite_bessel_catmullrom_cardinal_n4ck1_local_catmull_rom_knot_2.0_jack=Wengert{0} => [ 0.000,  0.000,  1.000,  0.000,  0.000,  0.000]

		PolynomialSplineRegressor.Hermite_Bessel_CatmullRom_Cardinal_N4Ck1.hermite_bessel_catmullrom_cardinal_n4ck1_local_catmull_rom_knot_2.5= 0.00 | MONOTONIC    
		PolynomialSplineRegressor.Hermite_Bessel_CatmullRom_Cardinal_N4Ck1.hermite_bessel_catmullrom_cardinal_n4ck1_local_catmull_rom_knot_2.5_jack=Wengert{0} => [ 0.000,  0.000,  0.000,  1.000,  0.000,  0.000]

		PolynomialSplineRegressor.Hermite_Bessel_CatmullRom_Cardinal_N4Ck1.hermite_bessel_catmullrom_cardinal_n4ck1_local_catmull_rom_knot_3.0= 0.00 | MONOTONIC    
		PolynomialSplineRegressor.Hermite_Bessel_CatmullRom_Cardinal_N4Ck1.hermite_bessel_catmullrom_cardinal_n4ck1_local_catmull_rom_knot_3.0_jack=Wengert{0} => [ 0.000,  0.000,  0.000,  0.000,  1.000,  0.000]

		PolynomialSplineRegressor.Hermite_Bessel_CatmullRom_Cardinal_N4Ck1.hermite_bessel_catmullrom_cardinal_n4ck1_local_catmull_rom_knot_3.5= 0.00 | MONOTONIC    
		PolynomialSplineRegressor.Hermite_Bessel_CatmullRom_Cardinal_N4Ck1.hermite_bessel_catmullrom_cardinal_n4ck1_local_catmull_rom_knot_3.5_jack=Wengert{0} => [ 0.000,  0.000,  0.000,  0.000,  0.500,  0.500]

		PolynomialSplineRegressor.Hermite_Bessel_CatmullRom_Cardinal_N4Ck1.hermite_bessel_catmullrom_cardinal_n4ck1_local_catmull_rom_knot_4.0= 0.00 | MONOTONIC    
		PolynomialSplineRegressor.Hermite_Bessel_CatmullRom_Cardinal_N4Ck1.hermite_bessel_catmullrom_cardinal_n4ck1_local_catmull_rom_knot_4.0_jack=Wengert{0} => [ 0.000,  0.000,  0.000,  0.000,  0.000,  1.000]

		PolynomialSplineRegressor.Hermite_Bessel_CatmullRom_Cardinal_N4Ck1.hermite_bessel_catmullrom_cardinal_n4ck1_local_hermite_knot_0.0= 0.00 | MONOTONIC    
		PolynomialSplineRegressor.Hermite_Bessel_CatmullRom_Cardinal_N4Ck1.hermite_bessel_catmullrom_cardinal_n4ck1_local_hermite_knot_0.0_jack=Wengert{0} => [ 1.000,  0.000,  0.000,  0.000,  0.000,  0.000]

		PolynomialSplineRegressor.Hermite_Bessel_CatmullRom_Cardinal_N4Ck1.hermite_bessel_catmullrom_cardinal_n4ck1_local_hermite_knot_0.5= 0.00 | MONOTONIC    
		PolynomialSplineRegressor.Hermite_Bessel_CatmullRom_Cardinal_N4Ck1.hermite_bessel_catmullrom_cardinal_n4ck1_local_hermite_knot_0.5_jack=Wengert{0} => [ 0.500,  0.500,  0.000,  0.000,  0.000,  0.000]

		PolynomialSplineRegressor.Hermite_Bessel_CatmullRom_Cardinal_N4Ck1.hermite_bessel_catmullrom_cardinal_n4ck1_local_hermite_knot_1.0= 0.00 | MONOTONIC    
		PolynomialSplineRegressor.Hermite_Bessel_CatmullRom_Cardinal_N4Ck1.hermite_bessel_catmullrom_cardinal_n4ck1_local_hermite_knot_1.0_jack=Wengert{0} => [ 0.000,  1.000,  0.000,  0.000,  0.000,  0.000]

		PolynomialSplineRegressor.Hermite_Bessel_CatmullRom_Cardinal_N4Ck1.hermite_bessel_catmullrom_cardinal_n4ck1_local_hermite_knot_1.5= 0.00 | MONOTONIC    
		PolynomialSplineRegressor.Hermite_Bessel_CatmullRom_Cardinal_N4Ck1.hermite_bessel_catmullrom_cardinal_n4ck1_local_hermite_knot_1.5_jack=Wengert{0} => [ 0.000,  0.500,  0.500,  0.000,  0.000,  0.000]

		PolynomialSplineRegressor.Hermite_Bessel_CatmullRom_Cardinal_N4Ck1.hermite_bessel_catmullrom_cardinal_n4ck1_local_hermite_knot_2.0= 0.00 | MONOTONIC    
		PolynomialSplineRegressor.Hermite_Bessel_CatmullRom_Cardinal_N4Ck1.hermite_bessel_catmullrom_cardinal_n4ck1_local_hermite_knot_2.0_jack=Wengert{0} => [ 0.000,  0.000,  1.000,  0.000,  0.000,  0.000]

		PolynomialSplineRegressor.Hermite_Bessel_CatmullRom_Cardinal_N4Ck1.hermite_bessel_catmullrom_cardinal_n4ck1_local_hermite_knot_2.5= 27.50 | MONOTONIC    
		PolynomialSplineRegressor.Hermite_Bessel_CatmullRom_Cardinal_N4Ck1.hermite_bessel_catmullrom_cardinal_n4ck1_local_hermite_knot_2.5_jack=Wengert{0} => [ 0.000,  0.000,  0.000,  1.000,  0.000,  0.000]

		PolynomialSplineRegressor.Hermite_Bessel_CatmullRom_Cardinal_N4Ck1.hermite_bessel_catmullrom_cardinal_n4ck1_local_hermite_knot_3.0= 0.00 | MONOTONIC    
		PolynomialSplineRegressor.Hermite_Bessel_CatmullRom_Cardinal_N4Ck1.hermite_bessel_catmullrom_cardinal_n4ck1_local_hermite_knot_3.0_jack=Wengert{0} => [ 0.000,  0.000,  0.000,  0.000,  1.000,  0.000]

		PolynomialSplineRegressor.Hermite_Bessel_CatmullRom_Cardinal_N4Ck1.hermite_bessel_catmullrom_cardinal_n4ck1_local_hermite_knot_3.5= 0.00 | MONOTONIC    
		PolynomialSplineRegressor.Hermite_Bessel_CatmullRom_Cardinal_N4Ck1.hermite_bessel_catmullrom_cardinal_n4ck1_local_hermite_knot_3.5_jack=Wengert{0} => [ 0.000,  0.000,  0.000,  0.000,  0.500,  0.500]

		PolynomialSplineRegressor.Hermite_Bessel_CatmullRom_Cardinal_N4Ck1.hermite_bessel_catmullrom_cardinal_n4ck1_local_hermite_knot_4.0= 0.00 | MONOTONIC    
		PolynomialSplineRegressor.Hermite_Bessel_CatmullRom_Cardinal_N4Ck1.hermite_bessel_catmullrom_cardinal_n4ck1_local_hermite_knot_4.0_jack=Wengert{0} => [ 0.000,  0.000,  0.000,  0.000,  0.000,  1.000]

		PolynomialSplineRegressor.Hermite_Bessel_CatmullRom_Cardinal_N4Ck1.hermite_bessel_catmullrom_cardinal_n4ck1_local_no_knot_0.0= 0.00 | MONOTONIC    
		PolynomialSplineRegressor.Hermite_Bessel_CatmullRom_Cardinal_N4Ck1.hermite_bessel_catmullrom_cardinal_n4ck1_local_no_knot_0.0_jack=Wengert{0} => [ 0.000,  0.000,  0.000,  0.000,  0.000]

		PolynomialSplineRegressor.Hermite_Bessel_CatmullRom_Cardinal_N4Ck1.hermite_bessel_catmullrom_cardinal_n4ck1_local_no_knot_0.5= 0.00 | MONOTONIC    
		PolynomialSplineRegressor.Hermite_Bessel_CatmullRom_Cardinal_N4Ck1.hermite_bessel_catmullrom_cardinal_n4ck1_local_no_knot_0.5_jack=Wengert{0} => [ 0.000,  0.000,  0.000,  0.000,  0.000]

		PolynomialSplineRegressor.Hermite_Bessel_CatmullRom_Cardinal_N4Ck1.hermite_bessel_catmullrom_cardinal_n4ck1_local_no_knot_1.0= 0.00 | MONOTONIC    
		PolynomialSplineRegressor.Hermite_Bessel_CatmullRom_Cardinal_N4Ck1.hermite_bessel_catmullrom_cardinal_n4ck1_local_no_knot_1.0_jack=Wengert{0} => [ 0.000,  0.000,  0.000,  0.000,  0.000]

		PolynomialSplineRegressor.Hermite_Bessel_CatmullRom_Cardinal_N4Ck1.hermite_bessel_catmullrom_cardinal_n4ck1_local_no_knot_1.5= 0.00 | MONOTONIC    
		PolynomialSplineRegressor.Hermite_Bessel_CatmullRom_Cardinal_N4Ck1.hermite_bessel_catmullrom_cardinal_n4ck1_local_no_knot_1.5_jack=Wengert{0} => [ 0.000,  0.000,  0.000,  0.000,  0.000]

		PolynomialSplineRegressor.Hermite_Bessel_CatmullRom_Cardinal_N4Ck1.hermite_bessel_catmullrom_cardinal_n4ck1_local_no_knot_2.0= 0.00 | MONOTONIC    
		PolynomialSplineRegressor.Hermite_Bessel_CatmullRom_Cardinal_N4Ck1.hermite_bessel_catmullrom_cardinal_n4ck1_local_no_knot_2.0_jack=Wengert{0} => [ 0.000,  0.000,  0.000,  0.000,  0.000]

		PolynomialSplineRegressor.Hermite_Bessel_CatmullRom_Cardinal_N4Ck1.hermite_bessel_catmullrom_cardinal_n4ck1_local_no_knot_2.5= 0.00 | MONOTONIC    
		PolynomialSplineRegressor.Hermite_Bessel_CatmullRom_Cardinal_N4Ck1.hermite_bessel_catmullrom_cardinal_n4ck1_local_no_knot_2.5_jack=Wengert{0} => [ 0.000,  0.000,  0.000,  0.000,  0.000]

		PolynomialSplineRegressor.Hermite_Bessel_CatmullRom_Cardinal_N4Ck1.hermite_bessel_catmullrom_cardinal_n4ck1_local_no_knot_3.0= 0.00 | MONOTONIC    
		PolynomialSplineRegressor.Hermite_Bessel_CatmullRom_Cardinal_N4Ck1.hermite_bessel_catmullrom_cardinal_n4ck1_local_no_knot_3.0_jack=Wengert{0} => [ 0.000,  0.000,  0.000,  0.000,  0.000]

		PolynomialSplineRegressor.Hermite_Bessel_CatmullRom_Cardinal_N4Ck1.hermite_bessel_catmullrom_cardinal_n4ck1_local_no_knot_3.5= 0.00 | MONOTONIC    
		PolynomialSplineRegressor.Hermite_Bessel_CatmullRom_Cardinal_N4Ck1.hermite_bessel_catmullrom_cardinal_n4ck1_local_no_knot_3.5_jack=Wengert{0} => [ 0.000,  0.000,  0.000,  0.000,  0.000]

		PolynomialSplineRegressor.Hermite_Bessel_CatmullRom_Cardinal_N4Ck1.hermite_bessel_catmullrom_cardinal_n4ck1_local_no_knot_4.0= 0.00 | MONOTONIC    
		PolynomialSplineRegressor.Hermite_Bessel_CatmullRom_Cardinal_N4Ck1.hermite_bessel_catmullrom_cardinal_n4ck1_local_no_knot_4.0_jack=Wengert{0} => [ 0.000,  0.000,  0.000,  0.000,  0.000]

		PolynomialSplineRegressor.Hermite_Bessel_CatmullRom_Cardinal_N4Ck1.FinishTime=Fri Nov 02 23:28:21 EDT 2018
		PolynomialSplineRegressor.Hermite_Bessel_CatmullRom_Cardinal_N4Ck1.ExecTime=21748

		PolynomialSplineRegressor.Lagrange_Polynomial_Stretch.Success=true
		PolynomialSplineRegressor.Lagrange_Polynomial_Stretch.lpsr_locallymonotone=true
		PolynomialSplineRegressor.Lagrange_Polynomial_Stretch.lpsr_sm=MONOTONIC    
		PolynomialSplineRegressor.Lagrange_Polynomial_Stretch.lpsr_value=2.16
		PolynomialSplineRegressor.Lagrange_Polynomial_Stretch.lpsr_wj=Wengert{0} => [-0.041,  0.896,  0.171, -0.026]

		PolynomialSplineRegressor.Lagrange_Polynomial_Stretch.FinishTime=Fri Nov 02 23:28:21 EDT 2018
		PolynomialSplineRegressor.Lagrange_Polynomial_Stretch.ExecTime=188
	PolynomialSplineRegressor=> 32499 (mu-s): 28 / 28 succeeded.
	PolynomialSplineRegressor ends at Fri Nov 02 23:28:21 EDT 2018

	PolynomialSplineRegressor starts at Fri Nov 02 23:28:21 EDT 2018

		PolynomialSplineRegressor.N2Ck0.Success=true
		PolynomialSplineRegressor.N2Ck0._seg1_1_0=25.0
		PolynomialSplineRegressor.N2Ck0._seg1_3_0=20.25
		PolynomialSplineRegressor.N2Ck0._seg1_head_jack=Wengert{0} => [ 1.000,  0.000]
Wengert{1} => [-1.000,  1.000]

		PolynomialSplineRegressor.N2Ck0._seg1_jack=Wengert{0} => [ 1.000,  0.000]
Wengert{1} => [-1.000,  1.000]

		PolynomialSplineRegressor.N2Ck0._seg1_monotone=MONOTONIC    
		PolynomialSplineRegressor.N2Ck0._seg2_3_0=20.25
		PolynomialSplineRegressor.N2Ck0._seg2_6_0=14.0
		PolynomialSplineRegressor.N2Ck0._seg2_head_jack=Wengert{0} => [ 1.000,  0.000]
Wengert{1} => [-1.000,  1.000]

		PolynomialSplineRegressor.N2Ck0._seg2_jack=Wengert{0} => [ 1.000,  0.000]
Wengert{1} => [-1.000,  1.000]

		PolynomialSplineRegressor.N2Ck0._seg2_monotone=MONOTONIC    
		PolynomialSplineRegressor.N2Ck0._seg2_value_jack=Wengert{0} => [ 0.273,  0.545]

		PolynomialSplineRegressor.N2Ck0.FinishTime=Fri Nov 02 23:28:21 EDT 2018
		PolynomialSplineRegressor.N2Ck0.ExecTime=226

		PolynomialSplineRegressor.N3Ck0.Success=true
		PolynomialSplineRegressor.N3Ck0._seg1_1_0=25.0
		PolynomialSplineRegressor.N3Ck0._seg1_3_0=20.249999999999993
		PolynomialSplineRegressor.N3Ck0._seg1_head_jack=Wengert{0} => [ 1.000,  0.000,  0.000]
Wengert{1} => [-0.973,  1.973, -1.110]
Wengert{2} => [-0.027, -0.973,  1.110]

		PolynomialSplineRegressor.N3Ck0._seg1_jack=Wengert{0} => [ 1.000,  0.000,  0.000]
Wengert{1} => [-0.973,  1.973, -1.110]
Wengert{2} => [-0.027, -0.973,  1.110]

		PolynomialSplineRegressor.N3Ck0._seg1_monotone=MONOTONIC    
		PolynomialSplineRegressor.N3Ck0._seg2_3_0=20.249999999999993
		PolynomialSplineRegressor.N3Ck0._seg2_6_0=14.0
		PolynomialSplineRegressor.N3Ck0._seg2_head_jack=Wengert{0} => [ 1.000,  0.000,  0.000]
Wengert{1} => [-0.973,  1.973, -3.747]
Wengert{2} => [-0.027, -0.973,  3.747]

		PolynomialSplineRegressor.N3Ck0._seg2_jack=Wengert{0} => [ 1.000,  0.000,  0.000]
Wengert{1} => [-0.973,  1.973, -3.747]
Wengert{2} => [-0.027, -0.973,  3.747]

		PolynomialSplineRegressor.N3Ck0._seg2_monotone=MONOTONIC    
		PolynomialSplineRegressor.N3Ck0._seg2_value_jack=Wengert{0} => [ 0.278,  0.722, -0.681]

		PolynomialSplineRegressor.N3Ck0.FinishTime=Fri Nov 02 23:28:21 EDT 2018
		PolynomialSplineRegressor.N3Ck0.ExecTime=123

		PolynomialSplineRegressor.N3Ck1.Success=true
		PolynomialSplineRegressor.N3Ck1._seg1_1_0=25.0
		PolynomialSplineRegressor.N3Ck1._seg1_3_0=20.25
		PolynomialSplineRegressor.N3Ck1._seg1_head_jack=Wengert{0} => [ 1.000,  0.000,  0.000]
Wengert{1} => [ 1.000,  0.000,  2.000]
Wengert{2} => [-2.000,  1.000, -2.000]

		PolynomialSplineRegressor.N3Ck1._seg1_jack=Wengert{0} => [ 1.000,  0.000,  0.000]
Wengert{1} => [ 1.000,  0.000,  2.000]
Wengert{2} => [-2.000,  1.000, -2.000]

		PolynomialSplineRegressor.N3Ck1._seg1_monotone=MONOTONIC    
		PolynomialSplineRegressor.N3Ck1._seg2_3_0=20.25
		PolynomialSplineRegressor.N3Ck1._seg2_6_0=14.0
		PolynomialSplineRegressor.N3Ck1._seg2_head_jack=Wengert{0} => [ 1.000,  0.000,  0.000]
Wengert{1} => [ 1.000,  0.000,  3.000]
Wengert{2} => [-2.000,  1.000, -3.000]

		PolynomialSplineRegressor.N3Ck1._seg2_jack=Wengert{0} => [ 1.000,  0.000,  0.000]
Wengert{1} => [ 1.000,  0.000,  3.000]
Wengert{2} => [-2.000,  1.000, -3.000]

		PolynomialSplineRegressor.N3Ck1._seg2_monotone=MONOTONIC    
		PolynomialSplineRegressor.N3Ck1._seg2_value_jack=Wengert{0} => [ 0.636,  0.364,  0.545]

		PolynomialSplineRegressor.N3Ck1.FinishTime=Fri Nov 02 23:28:21 EDT 2018
		PolynomialSplineRegressor.N3Ck1.ExecTime=96

		PolynomialSplineRegressor.N4Ck0.Success=true
		PolynomialSplineRegressor.N4Ck0._seg1_1_0=25.0
		PolynomialSplineRegressor.N4Ck0._seg1_3_0=20.24999999999999
		PolynomialSplineRegressor.N4Ck0._seg1_head_jack=Wengert{0} => [ 1.000,  0.000,  0.000,  0.000]
Wengert{1} => [ 0.000,  1.000, -5.677,  3.425]
Wengert{2} => [-2.000,  1.000,  10.368, -6.943]
Wengert{3} => [ 1.000, -1.000, -4.692,  3.519]

		PolynomialSplineRegressor.N4Ck0._seg1_jack=Wengert{0} => [ 1.000,  0.000,  0.000,  0.000]
Wengert{1} => [ 0.000,  1.000, -5.677,  3.425]
Wengert{2} => [-2.000,  1.000,  10.368, -6.943]
Wengert{3} => [ 1.000, -1.000, -4.692,  3.519]

		PolynomialSplineRegressor.N4Ck0._seg1_monotone=MONOTONIC    
		PolynomialSplineRegressor.N4Ck0._seg2_3_0=20.24999999999999
		PolynomialSplineRegressor.N4Ck0._seg2_6_0=14.000000000000004
		PolynomialSplineRegressor.N4Ck0._seg2_head_jack=Wengert{0} => [ 1.000,  0.000,  0.000,  0.000]
Wengert{1} => [-0.000,  1.000, -19.159,  11.559]
Wengert{2} => [-2.000,  1.000,  34.993, -23.434]
Wengert{3} => [ 1.000, -1.000, -15.834,  11.875]

		PolynomialSplineRegressor.N4Ck0._seg2_jack=Wengert{0} => [ 1.000,  0.000,  0.000,  0.000]
Wengert{1} => [-0.000,  1.000, -19.159,  11.559]
Wengert{2} => [-2.000,  1.000,  34.993, -23.434]
Wengert{3} => [ 1.000, -1.000, -15.834,  11.875]

		PolynomialSplineRegressor.N4Ck0._seg2_monotone=MONOTONIC    
		PolynomialSplineRegressor.N4Ck0._seg2_value_jack=Wengert{0} => [ 0.333,  0.667, -1.564,  0.662]

		PolynomialSplineRegressor.N4Ck0.FinishTime=Fri Nov 02 23:28:21 EDT 2018
		PolynomialSplineRegressor.N4Ck0.ExecTime=215

		PolynomialSplineRegressor.N4Ck1.Success=true
		PolynomialSplineRegressor.N4Ck1._seg1_1_0=25.0
		PolynomialSplineRegressor.N4Ck1._seg1_3_0=20.25
		PolynomialSplineRegressor.N4Ck1._seg1_head_jack=Wengert{0} => [ 1.000,  0.000,  0.000,  0.000]
Wengert{1} => [ 1.000,  0.000,  2.000,  0.000]
Wengert{2} => [-3.826,  2.826, -3.653, -0.688]
Wengert{3} => [ 1.826, -1.826,  1.653,  0.688]

		PolynomialSplineRegressor.N4Ck1._seg1_jack=Wengert{0} => [ 1.000,  0.000,  0.000,  0.000]
Wengert{1} => [ 1.000,  0.000,  2.000,  0.000]
Wengert{2} => [-3.826,  2.826, -3.653, -0.688]
Wengert{3} => [ 1.826, -1.826,  1.653,  0.688]

		PolynomialSplineRegressor.N4Ck1._seg1_monotone=MONOTONIC    
		PolynomialSplineRegressor.N4Ck1._seg2_3_0=20.25
		PolynomialSplineRegressor.N4Ck1._seg2_6_0=14.000000000000004
		PolynomialSplineRegressor.N4Ck1._seg2_head_jack=Wengert{0} => [ 1.000,  0.000,  0.000,  0.000]
Wengert{1} => [ 1.000,  0.000,  3.000,  0.000]
Wengert{2} => [-3.826,  2.826, -5.479, -2.323]
Wengert{3} => [ 1.826, -1.826,  2.479,  2.323]

		PolynomialSplineRegressor.N4Ck1._seg2_jack=Wengert{0} => [ 1.000,  0.000,  0.000,  0.000]
Wengert{1} => [ 1.000,  0.000,  3.000,  0.000]
Wengert{2} => [-3.826,  2.826, -5.479, -2.323]
Wengert{3} => [ 1.826, -1.826,  2.479,  2.323]

		PolynomialSplineRegressor.N4Ck1._seg2_monotone=MONOTONIC    
		PolynomialSplineRegressor.N4Ck1._seg2_value_jack=Wengert{0} => [ 0.415,  0.585,  0.245, -0.282]

		PolynomialSplineRegressor.N4Ck1.FinishTime=Fri Nov 02 23:28:21 EDT 2018
		PolynomialSplineRegressor.N4Ck1.ExecTime=311

		PolynomialSplineRegressor.N4Ck2.Success=true
		PolynomialSplineRegressor.N4Ck2._seg1_1_0=25.0
		PolynomialSplineRegressor.N4Ck2._seg1_3_0=20.25
		PolynomialSplineRegressor.N4Ck2._seg1_head_jack=Wengert{0} => [ 1.000,  0.000,  0.000,  0.000]
Wengert{1} => [ 1.000,  0.000,  2.000,  0.000]
Wengert{2} => [-1.000,  0.000,  2.000,  2.000]
Wengert{3} => [-1.000,  1.000, -4.000, -2.000]

		PolynomialSplineRegressor.N4Ck2._seg1_jack=Wengert{0} => [ 1.000,  0.000,  0.000,  0.000]
Wengert{1} => [ 1.000,  0.000,  2.000,  0.000]
Wengert{2} => [-1.000,  0.000,  2.000,  2.000]
Wengert{3} => [-1.000,  1.000, -4.000, -2.000]

		PolynomialSplineRegressor.N4Ck2._seg1_monotone=MONOTONIC    
		PolynomialSplineRegressor.N4Ck2._seg2_3_0=20.25
		PolynomialSplineRegressor.N4Ck2._seg2_6_0=14.0
		PolynomialSplineRegressor.N4Ck2._seg2_head_jack=Wengert{0} => [ 1.000,  0.000,  0.000,  0.000]
Wengert{1} => [ 1.000,  0.000,  3.000,  0.000]
Wengert{2} => [-1.000,  0.000,  3.000,  4.500]
Wengert{3} => [-1.000,  1.000, -6.000, -4.500]

		PolynomialSplineRegressor.N4Ck2._seg2_jack=Wengert{0} => [ 1.000,  0.000,  0.000,  0.000]
Wengert{1} => [ 1.000,  0.000,  3.000,  0.000]
Wengert{2} => [-1.000,  0.000,  3.000,  4.500]
Wengert{3} => [-1.000,  1.000, -6.000, -4.500]

		PolynomialSplineRegressor.N4Ck2._seg2_monotone=MONOTONIC    
		PolynomialSplineRegressor.N4Ck2._seg2_value_jack=Wengert{0} => [ 0.758,  0.242,  1.273,  0.545]

		PolynomialSplineRegressor.N4Ck2.FinishTime=Fri Nov 02 23:28:21 EDT 2018
		PolynomialSplineRegressor.N4Ck2.ExecTime=101

		PolynomialSplineRegressor.N5Ck0.Success=true
		PolynomialSplineRegressor.N5Ck0._seg1_1_0=25.0
		PolynomialSplineRegressor.N5Ck0._seg1_3_0=20.249999999999996
		PolynomialSplineRegressor.N5Ck0._seg1_head_jack=Wengert{0} => [ 1.000,  0.000,  0.000,  0.000,  0.000]
Wengert{1} => [ 0.000,  1.000, -4.273, -0.388,  2.074]
Wengert{2} => [-2.000,  1.000,  17.657, -26.737,  10.767]
Wengert{3} => [ 1.000, -1.000, -22.076,  50.733, -25.681]
Wengert{4} => [-0.000,  0.000,  8.692, -23.607,  12.841]

		PolynomialSplineRegressor.N5Ck0._seg1_jack=Wengert{0} => [ 1.000,  0.000,  0.000,  0.000,  0.000]
Wengert{1} => [ 0.000,  1.000, -4.273, -0.388,  2.074]
Wengert{2} => [-2.000,  1.000,  17.657, -26.737,  10.767]
Wengert{3} => [ 1.000, -1.000, -22.076,  50.733, -25.681]
Wengert{4} => [-0.000,  0.000,  8.692, -23.607,  12.841]

		PolynomialSplineRegressor.N5Ck0._seg1_monotone=MONOTONIC    
		PolynomialSplineRegressor.N5Ck0._seg2_3_0=20.249999999999996
		PolynomialSplineRegressor.N5Ck0._seg2_6_0=13.999999999999998
		PolynomialSplineRegressor.N5Ck0._seg2_head_jack=Wengert{0} => [ 1.000,  0.000,  0.000,  0.000,  0.000]
Wengert{1} => [-0.000,  1.000, -14.420, -1.311,  7.000]
Wengert{2} => [-2.000,  1.000,  59.591, -90.239,  36.337]
Wengert{3} => [ 1.000, -1.000, -74.508,  171.225, -86.675]
Wengert{4} => [ 0.000, -0.000,  29.337, -79.675,  43.337]

		PolynomialSplineRegressor.N5Ck0._seg2_jack=Wengert{0} => [ 1.000,  0.000,  0.000,  0.000,  0.000]
Wengert{1} => [-0.000,  1.000, -14.420, -1.311,  7.000]
Wengert{2} => [-2.000,  1.000,  59.591, -90.239,  36.337]
Wengert{3} => [ 1.000, -1.000, -74.508,  171.225, -86.675]
Wengert{4} => [ 0.000, -0.000,  29.337, -79.675,  43.337]

		PolynomialSplineRegressor.N5Ck0._seg2_monotone=MONOTONIC    
		PolynomialSplineRegressor.N5Ck0._seg2_value_jack=Wengert{0} => [ 0.333,  0.667,  0.483, -4.897,  3.024]

		PolynomialSplineRegressor.N5Ck0.FinishTime=Fri Nov 02 23:28:21 EDT 2018
		PolynomialSplineRegressor.N5Ck0.ExecTime=370

		PolynomialSplineRegressor.N5Ck1.Success=true
		PolynomialSplineRegressor.N5Ck1._seg1_1_0=25.0
		PolynomialSplineRegressor.N5Ck1._seg1_3_0=20.249999999999986
		PolynomialSplineRegressor.N5Ck1._seg1_head_jack=Wengert{0} => [ 1.000,  0.000,  0.000,  0.000,  0.000]
Wengert{1} => [ 1.000,  0.000,  2.000,  0.000,  0.000]
Wengert{2} => [-6.132,  5.132, -8.265, -28.343,  19.338]
Wengert{3} => [ 6.167, -6.167,  10.334,  52.740, -36.398]
Wengert{4} => [-2.034,  2.034, -4.069, -24.398,  17.060]

		PolynomialSplineRegressor.N5Ck1._seg1_jack=Wengert{0} => [ 1.000,  0.000,  0.000,  0.000,  0.000]
Wengert{1} => [ 1.000,  0.000,  2.000,  0.000,  0.000]
Wengert{2} => [-6.132,  5.132, -8.265, -28.343,  19.338]
Wengert{3} => [ 6.167, -6.167,  10.334,  52.740, -36.398]
Wengert{4} => [-2.034,  2.034, -4.069, -24.398,  17.060]

		PolynomialSplineRegressor.N5Ck1._seg1_monotone=MONOTONIC    
		PolynomialSplineRegressor.N5Ck1._seg2_3_0=20.249999999999986
		PolynomialSplineRegressor.N5Ck1._seg2_6_0=14.000000000000014
		PolynomialSplineRegressor.N5Ck1._seg2_head_jack=Wengert{0} => [ 1.000,  0.000,  0.000,  0.000,  0.000]
Wengert{1} => [ 1.000,  0.000,  3.000,  0.000,  0.000]
Wengert{2} => [-6.132,  5.132, -12.397, -95.657,  65.266]
Wengert{3} => [ 6.167, -6.167,  15.501,  177.999, -122.844]
Wengert{4} => [-2.034,  2.034, -6.103, -82.342,  57.579]

		PolynomialSplineRegressor.N5Ck1._seg2_jack=Wengert{0} => [ 1.000,  0.000,  0.000,  0.000,  0.000]
Wengert{1} => [ 1.000,  0.000,  3.000,  0.000,  0.000]
Wengert{2} => [-6.132,  5.132, -12.397, -95.657,  65.266]
Wengert{3} => [ 6.167, -6.167,  15.501,  177.999, -122.844]
Wengert{4} => [-2.034,  2.034, -6.103, -82.342,  57.579]

		PolynomialSplineRegressor.N5Ck1._seg2_monotone=MONOTONIC    
		PolynomialSplineRegressor.N5Ck1._seg2_value_jack=Wengert{0} => [ 0.300,  0.700, -0.100, -4.941,  3.258]

		PolynomialSplineRegressor.N5Ck1.FinishTime=Fri Nov 02 23:28:21 EDT 2018
		PolynomialSplineRegressor.N5Ck1.ExecTime=306

		PolynomialSplineRegressor.N5Ck2.Success=true
		PolynomialSplineRegressor.N5Ck2._seg1_1_0=25.0
		PolynomialSplineRegressor.N5Ck2._seg1_3_0=20.25
		PolynomialSplineRegressor.N5Ck2._seg1_head_jack=Wengert{0} => [ 1.000,  0.000,  0.000,  0.000,  0.000]
Wengert{1} => [ 1.000,  0.000,  2.000,  0.000,  0.000]
Wengert{2} => [-1.000,  0.000,  2.000,  2.000,  0.000]
Wengert{3} => [-3.384,  3.384, -8.767, -3.722, -0.414]
Wengert{4} => [ 2.384, -2.384,  4.767,  1.722,  0.414]

		PolynomialSplineRegressor.N5Ck2._seg1_jack=Wengert{0} => [ 1.000,  0.000,  0.000,  0.000,  0.000]
Wengert{1} => [ 1.000,  0.000,  2.000,  0.000,  0.000]
Wengert{2} => [-1.000,  0.000,  2.000,  2.000,  0.000]
Wengert{3} => [-3.384,  3.384, -8.767, -3.722, -0.414]
Wengert{4} => [ 2.384, -2.384,  4.767,  1.722,  0.414]

		PolynomialSplineRegressor.N5Ck2._seg1_monotone=MONOTONIC    
		PolynomialSplineRegressor.N5Ck2._seg2_3_0=20.25
		PolynomialSplineRegressor.N5Ck2._seg2_6_0=14.0
		PolynomialSplineRegressor.N5Ck2._seg2_head_jack=Wengert{0} => [ 1.000,  0.000,  0.000,  0.000,  0.000]
Wengert{1} => [ 1.000,  0.000,  3.000,  0.000,  0.000]
Wengert{2} => [-1.000,  0.000,  3.000,  4.500,  0.000]
Wengert{3} => [-3.384,  3.384, -13.151, -8.374, -1.398]
Wengert{4} => [ 2.384, -2.384,  7.151,  3.874,  1.398]

		PolynomialSplineRegressor.N5Ck2._seg2_jack=Wengert{0} => [ 1.000,  0.000,  0.000,  0.000,  0.000]
Wengert{1} => [ 1.000,  0.000,  3.000,  0.000,  0.000]
Wengert{2} => [-1.000,  0.000,  3.000,  4.500,  0.000]
Wengert{3} => [-3.384,  3.384, -13.151, -8.374, -1.398]
Wengert{4} => [ 2.384, -2.384,  7.151,  3.874,  1.398]

		PolynomialSplineRegressor.N5Ck2._seg2_monotone=MONOTONIC    
		PolynomialSplineRegressor.N5Ck2._seg2_value_jack=Wengert{0} => [ 0.565,  0.435,  0.695,  0.232, -0.113]

		PolynomialSplineRegressor.N5Ck2.FinishTime=Fri Nov 02 23:28:21 EDT 2018
		PolynomialSplineRegressor.N5Ck2.ExecTime=253

		PolynomialSplineRegressor.N5Ck3.Success=true
		PolynomialSplineRegressor.N5Ck3._seg1_1_0=25.0
		PolynomialSplineRegressor.N5Ck3._seg1_3_0=20.25
		PolynomialSplineRegressor.N5Ck3._seg1_head_jack=Wengert{0} => [ 1.000,  0.000,  0.000,  0.000,  0.000]
Wengert{1} => [ 1.000,  0.000,  2.000,  0.000,  0.000]
Wengert{2} => [-1.000,  0.000,  2.000,  2.000,  0.000]
Wengert{3} => [ 0.002,  0.000, -2.000,  2.000,  1.333]
Wengert{4} => [-1.002,  1.000, -2.000, -4.000, -1.333]

		PolynomialSplineRegressor.N5Ck3._seg1_jack=Wengert{0} => [ 1.000,  0.000,  0.000,  0.000,  0.000]
Wengert{1} => [ 1.000,  0.000,  2.000,  0.000,  0.000]
Wengert{2} => [-1.000,  0.000,  2.000,  2.000,  0.000]
Wengert{3} => [ 0.002,  0.000, -2.000,  2.000,  1.333]
Wengert{4} => [-1.002,  1.000, -2.000, -4.000, -1.333]

		PolynomialSplineRegressor.N5Ck3._seg1_monotone=MONOTONIC    
		PolynomialSplineRegressor.N5Ck3._seg2_3_0=20.25
		PolynomialSplineRegressor.N5Ck3._seg2_6_0=14.0
		PolynomialSplineRegressor.N5Ck3._seg2_head_jack=Wengert{0} => [ 1.000,  0.000,  0.000,  0.000,  0.000]
Wengert{1} => [ 1.000,  0.000,  3.000,  0.000,  0.000]
Wengert{2} => [-1.000,  0.000,  3.000,  4.500,  0.000]
Wengert{3} => [ 0.002,  0.000, -3.000,  4.500,  4.500]
Wengert{4} => [-1.002,  1.000, -3.000, -9.000, -4.500]

		PolynomialSplineRegressor.N5Ck3._seg2_jack=Wengert{0} => [ 1.000,  0.000,  0.000,  0.000,  0.000]
Wengert{1} => [ 1.000,  0.000,  3.000,  0.000,  0.000]
Wengert{2} => [-1.000,  0.000,  3.000,  4.500,  0.000]
Wengert{3} => [ 0.002,  0.000, -3.000,  4.500,  4.500]
Wengert{4} => [-1.002,  1.000, -3.000, -9.000, -4.500]

		PolynomialSplineRegressor.N5Ck3._seg2_monotone=MONOTONIC    
		PolynomialSplineRegressor.N5Ck3._seg2_value_jack=Wengert{0} => [ 0.839,  0.162,  1.515,  1.273,  0.364]

		PolynomialSplineRegressor.N5Ck3.FinishTime=Fri Nov 02 23:28:21 EDT 2018
		PolynomialSplineRegressor.N5Ck3.ExecTime=216

		PolynomialSplineRegressor.N6Ck0.Success=true
		PolynomialSplineRegressor.N6Ck0._seg1_1_0=25.0
		PolynomialSplineRegressor.N6Ck0._seg1_3_0=20.249999999999996
		PolynomialSplineRegressor.N6Ck0._seg1_head_jack=Wengert{0} => [ 1.000,  0.000,  0.000,  0.000,  0.000,  0.000]
Wengert{1} => [-0.000,  1.000, -3.726, -3.696,  6.532, -1.783]
Wengert{2} => [-2.000,  1.000,  21.678, -51.052,  43.535, -13.107]
Wengert{3} => [ 1.000, -1.000, -43.631,  181.070, -201.329,  70.259]
Wengert{4} => [-0.000,  0.000,  37.003, -194.798,  243.545, -92.282]
Wengert{5} => [ 0.000, -0.000, -11.324,  68.476, -92.282,  36.913]

		PolynomialSplineRegressor.N6Ck0._seg1_jack=Wengert{0} => [ 1.000,  0.000,  0.000,  0.000,  0.000,  0.000]
Wengert{1} => [-0.000,  1.000, -3.726, -3.696,  6.532, -1.783]
Wengert{2} => [-2.000,  1.000,  21.678, -51.052,  43.535, -13.107]
Wengert{3} => [ 1.000, -1.000, -43.631,  181.070, -201.329,  70.259]
Wengert{4} => [-0.000,  0.000,  37.003, -194.798,  243.545, -92.282]
Wengert{5} => [ 0.000, -0.000, -11.324,  68.476, -92.282,  36.913]

		PolynomialSplineRegressor.N6Ck0._seg1_monotone=MONOTONIC    
		PolynomialSplineRegressor.N6Ck0._seg2_3_0=20.249999999999996
		PolynomialSplineRegressor.N6Ck0._seg2_6_0=14.0
		PolynomialSplineRegressor.N6Ck0._seg2_head_jack=Wengert{0} => [ 1.000,  0.000,  0.000,  0.000,  0.000,  0.000]
Wengert{1} => [-0.000,  1.000, -12.574, -12.475,  22.045, -6.018]
Wengert{2} => [-2.000,  1.000,  73.162, -172.302,  146.929, -44.237]
Wengert{3} => [ 1.000, -1.000, -147.254,  611.112, -679.487,  237.125]
Wengert{4} => [-0.000,  0.000,  124.884, -657.442,  821.963, -311.450]
Wengert{5} => [ 0.000, -0.000, -38.219,  231.107, -311.450,  124.580]

		PolynomialSplineRegressor.N6Ck0._seg2_jack=Wengert{0} => [ 1.000,  0.000,  0.000,  0.000,  0.000,  0.000]
Wengert{1} => [-0.000,  1.000, -12.574, -12.475,  22.045, -6.018]
Wengert{2} => [-2.000,  1.000,  73.162, -172.302,  146.929, -44.237]
Wengert{3} => [ 1.000, -1.000, -147.254,  611.112, -679.487,  237.125]
Wengert{4} => [-0.000,  0.000,  124.884, -657.442,  821.963, -311.450]
Wengert{5} => [ 0.000, -0.000, -38.219,  231.107, -311.450,  124.580]

		PolynomialSplineRegressor.N6Ck0._seg2_monotone=MONOTONIC    
		PolynomialSplineRegressor.N6Ck0._seg2_value_jack=Wengert{0} => [ 0.333,  0.667,  0.113, -2.664,  0.015,  1.204]

		PolynomialSplineRegressor.N6Ck0.FinishTime=Fri Nov 02 23:28:21 EDT 2018
		PolynomialSplineRegressor.N6Ck0.ExecTime=567

		PolynomialSplineRegressor.N6Ck1.Success=true
		PolynomialSplineRegressor.N6Ck1._seg1_1_0=25.0
		PolynomialSplineRegressor.N6Ck1._seg1_3_0=20.249999999999886
		PolynomialSplineRegressor.N6Ck1._seg1_head_jack=Wengert{0} => [ 1.000,  0.000,  0.000,  0.000,  0.000,  0.000]
Wengert{1} => [ 1.000,  0.000,  2.000,  0.000,  0.000,  0.000]
Wengert{2} => [-7.819,  6.819, -11.637, -72.559,  81.540, -23.482]
Wengert{3} => [ 12.711, -12.711,  23.422,  224.355, -277.822,  91.140]
Wengert{4} => [-9.932,  9.932, -19.864, -231.508,  308.418, -109.991]
Wengert{5} => [ 3.040, -3.040,  6.079,  79.711, -112.135,  42.332]

		PolynomialSplineRegressor.N6Ck1._seg1_jack=Wengert{0} => [ 1.000,  0.000,  0.000,  0.000,  0.000,  0.000]
Wengert{1} => [ 1.000,  0.000,  2.000,  0.000,  0.000,  0.000]
Wengert{2} => [-7.819,  6.819, -11.637, -72.559,  81.540, -23.482]
Wengert{3} => [ 12.711, -12.711,  23.422,  224.355, -277.822,  91.140]
Wengert{4} => [-9.932,  9.932, -19.864, -231.508,  308.418, -109.991]
Wengert{5} => [ 3.040, -3.040,  6.079,  79.711, -112.135,  42.332]

		PolynomialSplineRegressor.N6Ck1._seg1_monotone=MONOTONIC    
		PolynomialSplineRegressor.N6Ck1._seg2_3_0=20.249999999999886
		PolynomialSplineRegressor.N6Ck1._seg2_6_0=14.000000000000867
		PolynomialSplineRegressor.N6Ck1._seg2_head_jack=Wengert{0} => [ 1.000,  0.000,  0.000,  0.000,  0.000,  0.000]
Wengert{1} => [ 1.000,  0.000,  3.000,  0.000,  0.000,  0.000]
Wengert{2} => [-7.819,  6.819, -17.456, -244.885,  275.196, -79.251]
Wengert{3} => [ 12.711, -12.711,  35.133,  757.200, -937.650,  307.598]
Wengert{4} => [-9.932,  9.932, -29.796, -781.338,  1040.910, -371.218]
Wengert{5} => [ 3.040, -3.040,  9.119,  269.024, -378.456,  142.871]

		PolynomialSplineRegressor.N6Ck1._seg2_jack=Wengert{0} => [ 1.000,  0.000,  0.000,  0.000,  0.000,  0.000]
Wengert{1} => [ 1.000,  0.000,  3.000,  0.000,  0.000,  0.000]
Wengert{2} => [-7.819,  6.819, -17.456, -244.885,  275.196, -79.251]
Wengert{3} => [ 12.711, -12.711,  35.133,  757.200, -937.650,  307.598]
Wengert{4} => [-9.932,  9.932, -29.796, -781.338,  1040.910, -371.218]
Wengert{5} => [ 3.040, -3.040,  9.119,  269.024, -378.456,  142.871]

		PolynomialSplineRegressor.N6Ck1._seg2_monotone=MONOTONIC    
		PolynomialSplineRegressor.N6Ck1._seg2_value_jack=Wengert{0} => [ 0.324,  0.676, -0.027, -2.777,  0.214,  1.149]

		PolynomialSplineRegressor.N6Ck1.FinishTime=Fri Nov 02 23:28:21 EDT 2018
		PolynomialSplineRegressor.N6Ck1.ExecTime=531

		PolynomialSplineRegressor.N6Ck2.Success=true
		PolynomialSplineRegressor.N6Ck2._seg1_1_0=25.0
		PolynomialSplineRegressor.N6Ck2._seg1_3_0=20.25000000000064
		PolynomialSplineRegressor.N6Ck2._seg1_head_jack=Wengert{0} => [ 1.000,  0.000,  0.000,  0.000,  0.000,  0.000]
Wengert{1} => [ 1.000,  0.000,  2.000,  0.000,  0.000,  0.000]
Wengert{2} => [-1.000,  0.000,  2.000,  2.000,  0.000,  0.000]
Wengert{3} => [-8.372,  8.372, -18.745, -6.184, -25.697,  18.533]
Wengert{4} => [ 11.823, -11.823,  23.647,  6.381,  48.255, -35.069]
Wengert{5} => [-4.451,  4.451, -8.902, -2.197, -22.558,  16.536]

		PolynomialSplineRegressor.N6Ck2._seg1_jack=Wengert{0} => [ 1.000,  0.000,  0.000,  0.000,  0.000,  0.000]
Wengert{1} => [ 1.000,  0.000,  2.000,  0.000,  0.000,  0.000]
Wengert{2} => [-1.000,  0.000,  2.000,  2.000,  0.000,  0.000]
Wengert{3} => [-8.372,  8.372, -18.745, -6.184, -25.697,  18.533]
Wengert{4} => [ 11.823, -11.823,  23.647,  6.381,  48.255, -35.069]
Wengert{5} => [-4.451,  4.451, -8.902, -2.197, -22.558,  16.536]

		PolynomialSplineRegressor.N6Ck2._seg1_monotone=MONOTONIC    
		PolynomialSplineRegressor.N6Ck2._seg2_3_0=20.25000000000064
		PolynomialSplineRegressor.N6Ck2._seg2_6_0=14.0
		PolynomialSplineRegressor.N6Ck2._seg2_head_jack=Wengert{0} => [ 1.000,  0.000,  0.000,  0.000,  0.000,  0.000]
Wengert{1} => [ 1.000,  0.000,  3.000,  0.000,  0.000,  0.000]
Wengert{2} => [-1.000,  0.000,  3.000,  4.500,  0.000,  0.000]
Wengert{3} => [-8.372,  8.372, -28.117, -13.914, -86.727,  62.549]
Wengert{4} => [ 11.823, -11.823,  35.470,  14.358,  162.860, -118.357]
Wengert{5} => [-4.451,  4.451, -13.353, -4.944, -76.133,  55.808]

		PolynomialSplineRegressor.N6Ck2._seg2_jack=Wengert{0} => [ 1.000,  0.000,  0.000,  0.000,  0.000,  0.000]
Wengert{1} => [ 1.000,  0.000,  3.000,  0.000,  0.000,  0.000]
Wengert{2} => [-1.000,  0.000,  3.000,  4.500,  0.000,  0.000]
Wengert{3} => [-8.372,  8.372, -28.117, -13.914, -86.727,  62.549]
Wengert{4} => [ 11.823, -11.823,  35.470,  14.358,  162.860, -118.357]
Wengert{5} => [-4.451,  4.451, -13.353, -4.944, -76.133,  55.808]

		PolynomialSplineRegressor.N6Ck2._seg2_monotone=MONOTONIC    
		PolynomialSplineRegressor.N6Ck2._seg2_value_jack=Wengert{0} => [ 0.402,  0.598,  0.205,  0.051, -2.907,  2.048]

		PolynomialSplineRegressor.N6Ck2.FinishTime=Fri Nov 02 23:28:21 EDT 2018
		PolynomialSplineRegressor.N6Ck2.ExecTime=418

		PolynomialSplineRegressor.N6Ck3.Success=true
		PolynomialSplineRegressor.N6Ck3._seg1_1_0=25.0
		PolynomialSplineRegressor.N6Ck3._seg1_3_0=20.250000000000018
		PolynomialSplineRegressor.N6Ck3._seg1_head_jack=Wengert{0} => [ 1.000,  0.000,  0.000,  0.000,  0.000,  0.000]
Wengert{1} => [ 1.000,  0.000,  2.000,  0.000,  0.000,  0.000]
Wengert{2} => [-1.000,  0.000,  2.000,  2.000,  0.000,  0.000]
Wengert{3} => [ 0.002,  0.000, -2.000,  2.000,  1.333,  0.000]
Wengert{4} => [-3.903,  3.899, -7.797, -8.987, -2.504, -0.267]
Wengert{5} => [ 2.901, -2.899,  5.797,  4.987,  1.170,  0.267]

		PolynomialSplineRegressor.N6Ck3._seg1_jack=Wengert{0} => [ 1.000,  0.000,  0.000,  0.000,  0.000,  0.000]
Wengert{1} => [ 1.000,  0.000,  2.000,  0.000,  0.000,  0.000]
Wengert{2} => [-1.000,  0.000,  2.000,  2.000,  0.000,  0.000]
Wengert{3} => [ 0.002,  0.000, -2.000,  2.000,  1.333,  0.000]
Wengert{4} => [-3.903,  3.899, -7.797, -8.987, -2.504, -0.267]
Wengert{5} => [ 2.901, -2.899,  5.797,  4.987,  1.170,  0.267]

		PolynomialSplineRegressor.N6Ck3._seg1_monotone=MONOTONIC    
		PolynomialSplineRegressor.N6Ck3._seg2_3_0=20.250000000000018
		PolynomialSplineRegressor.N6Ck3._seg2_6_0=14.000000000000007
		PolynomialSplineRegressor.N6Ck3._seg2_head_jack=Wengert{0} => [ 1.000,  0.000,  0.000,  0.000,  0.000,  0.000]
Wengert{1} => [ 1.000,  0.000,  3.000,  0.000,  0.000,  0.000]
Wengert{2} => [-1.000,  0.000,  3.000,  4.500,  0.000,  0.000]
Wengert{3} => [ 0.002,  0.000, -3.000,  4.500,  4.500,  0.000]
Wengert{4} => [-3.903,  3.899, -11.696, -20.221, -8.450, -0.900]
Wengert{5} => [ 2.901, -2.899,  8.696,  11.221,  3.950,  0.900]

		PolynomialSplineRegressor.N6Ck3._seg2_jack=Wengert{0} => [ 1.000,  0.000,  0.000,  0.000,  0.000,  0.000]
Wengert{1} => [ 1.000,  0.000,  3.000,  0.000,  0.000,  0.000]
Wengert{2} => [-1.000,  0.000,  3.000,  4.500,  0.000,  0.000]
Wengert{3} => [ 0.002,  0.000, -3.000,  4.500,  4.500,  0.000]
Wengert{4} => [-3.903,  3.899, -11.696, -20.221, -8.450, -0.900]
Wengert{5} => [ 2.901, -2.899,  8.696,  11.221,  3.950,  0.900]

		PolynomialSplineRegressor.N6Ck3._seg2_monotone=MONOTONIC    
		PolynomialSplineRegressor.N6Ck3._seg2_value_jack=Wengert{0} => [ 0.682,  0.318,  1.047,  0.668,  0.151, -0.048]

		PolynomialSplineRegressor.N6Ck3.FinishTime=Fri Nov 02 23:28:21 EDT 2018
		PolynomialSplineRegressor.N6Ck3.ExecTime=363

		PolynomialSplineRegressor.N6Ck4.Success=true
		PolynomialSplineRegressor.N6Ck4._seg1_1_0=25.0
		PolynomialSplineRegressor.N6Ck4._seg1_3_0=20.250000000000455
		PolynomialSplineRegressor.N6Ck4._seg1_head_jack=Wengert{0} => [ 1.000,  0.000,  0.000,  0.000,  0.000,  0.000]
Wengert{1} => [ 1.000,  0.000,  2.000,  0.000,  0.000,  0.000]
Wengert{2} => [-1.000,  0.000,  2.000,  2.000,  0.000,  0.000]
Wengert{3} => [ 0.002,  0.000, -2.000,  2.000,  1.333,  0.000]
Wengert{4} => [-110.644,  0.000,  0.004, -2.000,  1.333,  0.667]
Wengert{5} => [ 109.642,  1.000, -2.004, -2.000, -2.667, -0.667]

		PolynomialSplineRegressor.N6Ck4._seg1_jack=Wengert{0} => [ 1.000,  0.000,  0.000,  0.000,  0.000,  0.000]
Wengert{1} => [ 1.000,  0.000,  2.000,  0.000,  0.000,  0.000]
Wengert{2} => [-1.000,  0.000,  2.000,  2.000,  0.000,  0.000]
Wengert{3} => [ 0.002,  0.000, -2.000,  2.000,  1.333,  0.000]
Wengert{4} => [-110.644,  0.000,  0.004, -2.000,  1.333,  0.667]
Wengert{5} => [ 109.642,  1.000, -2.004, -2.000, -2.667, -0.667]

		PolynomialSplineRegressor.N6Ck4._seg1_monotone=MONOTONIC    
		PolynomialSplineRegressor.N6Ck4._seg2_3_0=20.250000000000455
		PolynomialSplineRegressor.N6Ck4._seg2_6_0=14.0
		PolynomialSplineRegressor.N6Ck4._seg2_head_jack=Wengert{0} => [ 1.000,  0.000,  0.000,  0.000,  0.000,  0.000]
Wengert{1} => [ 1.000,  0.000,  3.000,  0.000,  0.000,  0.000]
Wengert{2} => [-1.000,  0.000,  3.000,  4.500,  0.000,  0.000]
Wengert{3} => [ 0.002,  0.000, -3.000,  4.500,  4.500,  0.000]
Wengert{4} => [-110.644,  0.000,  0.007, -4.500,  4.500,  3.375]
Wengert{5} => [ 109.642,  1.000, -3.007, -4.500, -9.000, -3.375]

		PolynomialSplineRegressor.N6Ck4._seg2_jack=Wengert{0} => [ 1.000,  0.000,  0.000,  0.000,  0.000,  0.000]
Wengert{1} => [ 1.000,  0.000,  3.000,  0.000,  0.000,  0.000]
Wengert{2} => [-1.000,  0.000,  3.000,  4.500,  0.000,  0.000]
Wengert{3} => [ 0.002,  0.000, -3.000,  4.500,  4.500,  0.000]
Wengert{4} => [-110.644,  0.000,  0.007, -4.500,  4.500,  3.375]
Wengert{5} => [ 109.642,  1.000, -3.007, -4.500, -9.000, -3.375]

		PolynomialSplineRegressor.N6Ck4._seg2_monotone=MONOTONIC    
		PolynomialSplineRegressor.N6Ck4._seg2_value_jack=Wengert{0} => [-5.068,  0.108,  1.677,  1.515,  0.848,  0.182]

		PolynomialSplineRegressor.N6Ck4.FinishTime=Fri Nov 02 23:28:21 EDT 2018
		PolynomialSplineRegressor.N6Ck4.ExecTime=314

		PolynomialSplineRegressor.N7Ck0.Success=true
		PolynomialSplineRegressor.N7Ck0._seg1_1_0=25.0
		PolynomialSplineRegressor.N7Ck0._seg1_3_0=20.249999999999563
		PolynomialSplineRegressor.N7Ck0._seg1_head_jack=Wengert{0} => [ 1.000,  0.000,  0.000,  0.000,  0.000,  0.000,  0.000]
Wengert{1} => [-0.000,  1.000, -3.617, -9.425,  22.905, -17.971,  5.396]
Wengert{2} => [-2.000,  1.000,  22.098, -73.131,  106.641, -75.500,  20.798]
Wengert{3} => [ 1.000, -1.000, -60.090,  1046.450, -2674.806,  2515.743, -815.161]
Wengert{4} => [-0.000,  0.000,  83.736, -2651.901,  7266.572, -7035.829,  2314.516]
Wengert{5} => [ 0.000, -0.000, -57.529,  2497.772, -7035.829,  6901.879, -2288.322]
Wengert{6} => [-0.000,  0.000,  15.401, -809.765,  2314.516, -2288.322,  762.774]

		PolynomialSplineRegressor.N7Ck0._seg1_jack=Wengert{0} => [ 1.000,  0.000,  0.000,  0.000,  0.000,  0.000,  0.000]
Wengert{1} => [-0.000,  1.000, -3.617, -9.425,  22.905, -17.971,  5.396]
Wengert{2} => [-2.000,  1.000,  22.098, -73.131,  106.641, -75.500,  20.798]
Wengert{3} => [ 1.000, -1.000, -60.090,  1046.450, -2674.806,  2515.743, -815.161]
Wengert{4} => [-0.000,  0.000,  83.736, -2651.901,  7266.572, -7035.829,  2314.516]
Wengert{5} => [ 0.000, -0.000, -57.529,  2497.772, -7035.829,  6901.879, -2288.322]
Wengert{6} => [-0.000,  0.000,  15.401, -809.765,  2314.516, -2288.322,  762.774]

		PolynomialSplineRegressor.N7Ck0._seg1_monotone=MONOTONIC    
		PolynomialSplineRegressor.N7Ck0._seg2_3_0=20.249999999999563
		PolynomialSplineRegressor.N7Ck0._seg2_6_0=13.999999999999392
		PolynomialSplineRegressor.N7Ck0._seg2_head_jack=Wengert{0} => [ 1.000,  0.000,  0.000,  0.000,  0.000,  0.000,  0.000]
Wengert{1} => [-0.000,  1.000, -12.206, -31.808,  77.305, -60.653,  18.212]
Wengert{2} => [-2.000,  1.000,  74.579, -246.818,  359.915, -254.812,  70.192]
Wengert{3} => [ 1.000, -1.000, -202.804,  3531.769, -9027.470,  8490.633, -2751.169]
Wengert{4} => [-0.000,  0.000,  282.609, -8950.165,  24524.682, -23745.922,  7811.491]
Wengert{5} => [ 0.000, -0.000, -194.159,  8429.980, -23745.922,  23293.841, -7723.087]
Wengert{6} => [-0.000,  0.000,  51.980, -2732.958,  7811.491, -7723.087,  2574.362]

		PolynomialSplineRegressor.N7Ck0._seg2_jack=Wengert{0} => [ 1.000,  0.000,  0.000,  0.000,  0.000,  0.000,  0.000]
Wengert{1} => [-0.000,  1.000, -12.206, -31.808,  77.305, -60.653,  18.212]
Wengert{2} => [-2.000,  1.000,  74.579, -246.818,  359.915, -254.812,  70.192]
Wengert{3} => [ 1.000, -1.000, -202.804,  3531.769, -9027.470,  8490.633, -2751.169]
Wengert{4} => [-0.000,  0.000,  282.609, -8950.165,  24524.682, -23745.922,  7811.491]
Wengert{5} => [ 0.000, -0.000, -194.159,  8429.980, -23745.922,  23293.841, -7723.087]
Wengert{6} => [-0.000,  0.000,  51.980, -2732.958,  7811.491, -7723.087,  2574.362]

		PolynomialSplineRegressor.N7Ck0._seg2_monotone=MONOTONIC    
		PolynomialSplineRegressor.N7Ck0._seg2_value_jack=Wengert{0} => [ 0.333,  0.667, -0.214,  14.567, -49.237,  49.897, -16.231]

		PolynomialSplineRegressor.N7Ck0.FinishTime=Fri Nov 02 23:28:21 EDT 2018
		PolynomialSplineRegressor.N7Ck0.ExecTime=781

		PolynomialSplineRegressor.N7Ck1.Success=true
		PolynomialSplineRegressor.N7Ck1._seg1_1_0=25.0
		PolynomialSplineRegressor.N7Ck1._seg1_3_0=20.249999999985732
		PolynomialSplineRegressor.N7Ck1._seg1_head_jack=Wengert{0} => [ 1.000,  0.000,  0.000,  0.000,  0.000,  0.000,  0.000]
Wengert{1} => [ 1.000,  0.000,  2.000,  0.000,  0.000,  0.000,  0.000]
Wengert{2} => [-8.110,  7.110, -12.220, -130.715,  246.591, -185.303,  53.767]
Wengert{3} => [ 17.615, -17.615,  33.229,  1203.038, -3055.370,  2814.330, -904.815]
Wengert{4} => [-23.153,  23.153, -46.305, -2870.107,  7796.893, -7451.914,  2439.450]
Wengert{5} => [ 15.906, -15.906,  31.813,  2647.685, -7400.171,  7187.738, -2374.155]
Wengert{6} => [-4.258,  4.258, -8.517, -849.900,  2412.057, -2364.852,  785.753]

		PolynomialSplineRegressor.N7Ck1._seg1_jack=Wengert{0} => [ 1.000,  0.000,  0.000,  0.000,  0.000,  0.000,  0.000]
Wengert{1} => [ 1.000,  0.000,  2.000,  0.000,  0.000,  0.000,  0.000]
Wengert{2} => [-8.110,  7.110, -12.220, -130.715,  246.591, -185.303,  53.767]
Wengert{3} => [ 17.615, -17.615,  33.229,  1203.038, -3055.370,  2814.330, -904.815]
Wengert{4} => [-23.153,  23.153, -46.305, -2870.107,  7796.893, -7451.914,  2439.450]
Wengert{5} => [ 15.906, -15.906,  31.813,  2647.685, -7400.171,  7187.738, -2374.155]
Wengert{6} => [-4.258,  4.258, -8.517, -849.900,  2412.057, -2364.852,  785.753]

		PolynomialSplineRegressor.N7Ck1._seg1_monotone=MONOTONIC    
		PolynomialSplineRegressor.N7Ck1._seg2_3_0=20.249999999985732
		PolynomialSplineRegressor.N7Ck1._seg2_6_0=14.000000000006366
		PolynomialSplineRegressor.N7Ck1._seg2_head_jack=Wengert{0} => [ 1.000,  0.000,  0.000,  0.000,  0.000,  0.000,  0.000]
Wengert{1} => [ 1.000,  0.000,  3.000,  0.000,  0.000,  0.000,  0.000]
Wengert{2} => [-8.110,  7.110, -18.330, -441.164,  832.244, -625.397,  181.464]
Wengert{3} => [ 17.615, -17.615,  49.844,  4060.252, -10311.873,  9498.364, -3053.752]
Wengert{4} => [-23.153,  23.153, -69.458, -9686.613,  26314.513, -25150.208,  8233.143]
Wengert{5} => [ 15.906, -15.906,  47.719,  8935.936, -24975.577,  24258.617, -8012.772]
Wengert{6} => [-4.258,  4.258, -12.775, -2868.412,  8140.692, -7981.376,  2651.916]

		PolynomialSplineRegressor.N7Ck1._seg2_jack=Wengert{0} => [ 1.000,  0.000,  0.000,  0.000,  0.000,  0.000,  0.000]
Wengert{1} => [ 1.000,  0.000,  3.000,  0.000,  0.000,  0.000,  0.000]
Wengert{2} => [-8.110,  7.110, -18.330, -441.164,  832.244, -625.397,  181.464]
Wengert{3} => [ 17.615, -17.615,  49.844,  4060.252, -10311.873,  9498.364, -3053.752]
Wengert{4} => [-23.153,  23.153, -69.458, -9686.613,  26314.513, -25150.208,  8233.143]
Wengert{5} => [ 15.906, -15.906,  47.719,  8935.936, -24975.577,  24258.617, -8012.772]
Wengert{6} => [-4.258,  4.258, -12.775, -2868.412,  8140.692, -7981.376,  2651.916]

		PolynomialSplineRegressor.N7Ck1._seg2_monotone=MONOTONIC    
		PolynomialSplineRegressor.N7Ck1._seg2_value_jack=Wengert{0} => [ 0.351,  0.649,  0.053,  15.125, -50.593,  50.962, -16.551]

		PolynomialSplineRegressor.N7Ck1.FinishTime=Fri Nov 02 23:28:21 EDT 2018
		PolynomialSplineRegressor.N7Ck1.ExecTime=704

		PolynomialSplineRegressor.N7Ck2.Success=true
		PolynomialSplineRegressor.N7Ck2._seg1_1_0=25.0
		PolynomialSplineRegressor.N7Ck2._seg1_3_0=20.25000000021339
		PolynomialSplineRegressor.N7Ck2._seg1_head_jack=Wengert{0} => [ 1.000,  0.000,  0.000,  0.000,  0.000,  0.000,  0.000]
Wengert{1} => [ 1.000,  0.000,  2.000,  0.000,  0.000,  0.000,  0.000]
Wengert{2} => [-1.000,  0.000,  2.000,  2.000,  0.000,  0.000,  0.000]
Wengert{3} => [-47.821,  47.821, -97.643, -18.407, -785.870,  1108.894, -409.969]
Wengert{4} => [ 132.959, -132.959,  265.919,  43.914,  2382.508, -3383.225,  1258.886]
Wengert{5} => [-128.107,  128.107, -256.215, -40.511, -2405.381,  3434.358, -1285.081]
Wengert{6} => [ 41.970, -41.970,  83.939,  13.004,  808.743, -1160.027,  436.163]

		PolynomialSplineRegressor.N7Ck2._seg1_jack=Wengert{0} => [ 1.000,  0.000,  0.000,  0.000,  0.000,  0.000,  0.000]
Wengert{1} => [ 1.000,  0.000,  2.000,  0.000,  0.000,  0.000,  0.000]
Wengert{2} => [-1.000,  0.000,  2.000,  2.000,  0.000,  0.000,  0.000]
Wengert{3} => [-47.821,  47.821, -97.643, -18.407, -785.870,  1108.894, -409.969]
Wengert{4} => [ 132.959, -132.959,  265.919,  43.914,  2382.508, -3383.225,  1258.886]
Wengert{5} => [-128.107,  128.107, -256.215, -40.511, -2405.381,  3434.358, -1285.081]
Wengert{6} => [ 41.970, -41.970,  83.939,  13.004,  808.743, -1160.027,  436.163]

		PolynomialSplineRegressor.N7Ck2._seg1_monotone=MONOTONIC    
		PolynomialSplineRegressor.N7Ck2._seg2_3_0=20.25000000021339
		PolynomialSplineRegressor.N7Ck2._seg2_6_0=14.000000000130285
		PolynomialSplineRegressor.N7Ck2._seg2_head_jack=Wengert{0} => [ 1.000,  0.000,  0.000,  0.000,  0.000,  0.000,  0.000]
Wengert{1} => [ 1.000,  0.000,  3.000,  0.000,  0.000,  0.000,  0.000]
Wengert{2} => [-1.000,  0.000,  3.000,  4.500,  0.000,  0.000,  0.000]
Wengert{3} => [-47.821,  47.821, -146.464, -41.416, -2652.311,  3742.517, -1383.646]
Wengert{4} => [ 132.959, -132.959,  398.878,  98.806,  8040.965, -11418.384,  4248.742]
Wengert{5} => [-128.107,  128.107, -384.322, -91.149, -8118.160,  11590.959, -4337.147]
Wengert{6} => [ 41.970, -41.970,  125.909,  29.259,  2729.507, -3915.091,  1472.051]

		PolynomialSplineRegressor.N7Ck2._seg2_jack=Wengert{0} => [ 1.000,  0.000,  0.000,  0.000,  0.000,  0.000,  0.000]
Wengert{1} => [ 1.000,  0.000,  3.000,  0.000,  0.000,  0.000,  0.000]
Wengert{2} => [-1.000,  0.000,  3.000,  4.500,  0.000,  0.000,  0.000]
Wengert{3} => [-47.821,  47.821, -146.464, -41.416, -2652.311,  3742.517, -1383.646]
Wengert{4} => [ 132.959, -132.959,  398.878,  98.806,  8040.965, -11418.384,  4248.742]
Wengert{5} => [-128.107,  128.107, -384.322, -91.149, -8118.160,  11590.959, -4337.147]
Wengert{6} => [ 41.970, -41.970,  125.909,  29.259,  2729.507, -3915.091,  1472.051]

		PolynomialSplineRegressor.N7Ck2._seg2_monotone=MONOTONIC    
		PolynomialSplineRegressor.N7Ck2._seg2_value_jack=Wengert{0} => [ 0.107,  0.893, -0.679, -0.154, -22.060,  29.520, -10.329]

		PolynomialSplineRegressor.N7Ck2.FinishTime=Fri Nov 02 23:28:21 EDT 2018
		PolynomialSplineRegressor.N7Ck2.ExecTime=637

		PolynomialSplineRegressor.N7Ck3.Success=true
		PolynomialSplineRegressor.N7Ck3._seg1_1_0=25.0
		PolynomialSplineRegressor.N7Ck3._seg1_3_0=20.250000000000014
		PolynomialSplineRegressor.N7Ck3._seg1_head_jack=Wengert{0} => [ 1.000,  0.000,  0.000,  0.000,  0.000,  0.000,  0.000]
Wengert{1} => [ 1.000,  0.000,  2.000,  0.000,  0.000,  0.000,  0.000]
Wengert{2} => [-1.000,  0.000,  2.000,  2.000,  0.000,  0.000,  0.000]
Wengert{3} => [ 0.002,  0.000, -2.000,  2.000,  1.333,  0.000,  0.000]
Wengert{4} => [-12.027,  12.020, -24.040, -17.954, -4.042, -21.411,  15.990]
Wengert{5} => [ 18.271, -18.264,  36.528,  21.951,  4.081,  40.270, -30.252]
Wengert{6} => [-7.246,  7.244, -14.487, -7.997, -1.372, -18.859,  14.262]

		PolynomialSplineRegressor.N7Ck3._seg1_jack=Wengert{0} => [ 1.000,  0.000,  0.000,  0.000,  0.000,  0.000,  0.000]
Wengert{1} => [ 1.000,  0.000,  2.000,  0.000,  0.000,  0.000,  0.000]
Wengert{2} => [-1.000,  0.000,  2.000,  2.000,  0.000,  0.000,  0.000]
Wengert{3} => [ 0.002,  0.000, -2.000,  2.000,  1.333,  0.000,  0.000]
Wengert{4} => [-12.027,  12.020, -24.040, -17.954, -4.042, -21.411,  15.990]
Wengert{5} => [ 18.271, -18.264,  36.528,  21.951,  4.081,  40.270, -30.252]
Wengert{6} => [-7.246,  7.244, -14.487, -7.997, -1.372, -18.859,  14.262]

		PolynomialSplineRegressor.N7Ck3._seg1_monotone=MONOTONIC    
		PolynomialSplineRegressor.N7Ck3._seg2_3_0=20.250000000000014
		PolynomialSplineRegressor.N7Ck3._seg2_6_0=14.000000000000021
		PolynomialSplineRegressor.N7Ck3._seg2_head_jack=Wengert{0} => [ 1.000,  0.000,  0.000,  0.000,  0.000,  0.000,  0.000]
Wengert{1} => [ 1.000,  0.000,  3.000,  0.000,  0.000,  0.000,  0.000]
Wengert{2} => [-1.000,  0.000,  3.000,  4.500,  0.000,  0.000,  0.000]
Wengert{3} => [ 0.002,  0.000, -3.000,  4.500,  4.500,  0.000,  0.000]
Wengert{4} => [-12.027,  12.020, -36.060, -40.396, -13.643, -72.262,  53.968]
Wengert{5} => [ 18.271, -18.264,  54.791,  49.389,  13.774,  135.911, -102.102]
Wengert{6} => [-7.246,  7.244, -21.731, -17.994, -4.631, -63.649,  48.134]

		PolynomialSplineRegressor.N7Ck3._seg2_jack=Wengert{0} => [ 1.000,  0.000,  0.000,  0.000,  0.000,  0.000,  0.000]
Wengert{1} => [ 1.000,  0.000,  3.000,  0.000,  0.000,  0.000,  0.000]
Wengert{2} => [-1.000,  0.000,  3.000,  4.500,  0.000,  0.000,  0.000]
Wengert{3} => [ 0.002,  0.000, -3.000,  4.500,  4.500,  0.000,  0.000]
Wengert{4} => [-12.027,  12.020, -36.060, -40.396, -13.643, -72.262,  53.968]
Wengert{5} => [ 18.271, -18.264,  54.791,  49.389,  13.774,  135.911, -102.102]
Wengert{6} => [-7.246,  7.244, -21.731, -17.994, -4.631, -63.649,  48.134]

		PolynomialSplineRegressor.N7Ck3._seg2_monotone=MONOTONIC    
		PolynomialSplineRegressor.N7Ck3._seg2_value_jack=Wengert{0} => [ 0.505,  0.495,  0.515,  0.228,  0.037, -1.607,  1.179]

		PolynomialSplineRegressor.N7Ck3.FinishTime=Fri Nov 02 23:28:21 EDT 2018
		PolynomialSplineRegressor.N7Ck3.ExecTime=594

		PolynomialSplineRegressor.N7Ck4.Success=true
		PolynomialSplineRegressor.N7Ck4._seg1_1_0=25.0
		PolynomialSplineRegressor.N7Ck4._seg1_3_0=20.250000000000455
		PolynomialSplineRegressor.N7Ck4._seg1_head_jack=Wengert{0} => [ 1.000,  0.000,  0.000,  0.000,  0.000,  0.000,  0.000]
Wengert{1} => [ 1.000,  0.000,  2.000,  0.000,  0.000,  0.000,  0.000]
Wengert{2} => [-1.000,  0.000,  2.000,  2.000,  0.000,  0.000,  0.000]
Wengert{3} => [ 0.002,  0.000, -2.000,  2.000,  1.333,  0.000,  0.000]
Wengert{4} => [-110.644,  0.000,  0.004, -2.000,  1.333,  0.667,  0.000]
Wengert{5} => [ 203.749,  4.344, -8.696, -8.055, -6.029, -1.254, -0.178]
Wengert{6} => [-94.108, -3.344,  6.691,  6.055,  3.363,  0.587,  0.178]

		PolynomialSplineRegressor.N7Ck4._seg1_jack=Wengert{0} => [ 1.000,  0.000,  0.000,  0.000,  0.000,  0.000,  0.000]
Wengert{1} => [ 1.000,  0.000,  2.000,  0.000,  0.000,  0.000,  0.000]
Wengert{2} => [-1.000,  0.000,  2.000,  2.000,  0.000,  0.000,  0.000]
Wengert{3} => [ 0.002,  0.000, -2.000,  2.000,  1.333,  0.000,  0.000]
Wengert{4} => [-110.644,  0.000,  0.004, -2.000,  1.333,  0.667,  0.000]
Wengert{5} => [ 203.749,  4.344, -8.696, -8.055, -6.029, -1.254, -0.178]
Wengert{6} => [-94.108, -3.344,  6.691,  6.055,  3.363,  0.587,  0.178]

		PolynomialSplineRegressor.N7Ck4._seg1_monotone=MONOTONIC    
		PolynomialSplineRegressor.N7Ck4._seg2_3_0=20.250000000000455
		PolynomialSplineRegressor.N7Ck4._seg2_6_0=13.999999999998863
		PolynomialSplineRegressor.N7Ck4._seg2_head_jack=Wengert{0} => [ 1.000,  0.000,  0.000,  0.000,  0.000,  0.000,  0.000]
Wengert{1} => [ 1.000,  0.000,  3.000,  0.000,  0.000,  0.000,  0.000]
Wengert{2} => [-1.000,  0.000,  3.000,  4.500,  0.000,  0.000,  0.000]
Wengert{3} => [ 0.002,  0.000, -3.000,  4.500,  4.500,  0.000,  0.000]
Wengert{4} => [-110.644,  0.000,  0.007, -4.500,  4.500,  3.375,  0.000]
Wengert{5} => [ 203.749,  4.344, -13.044, -18.123, -20.349, -6.348, -0.599]
Wengert{6} => [-94.108, -3.344,  10.037,  13.623,  11.349,  2.973,  0.599]

		PolynomialSplineRegressor.N7Ck4._seg2_jack=Wengert{0} => [ 1.000,  0.000,  0.000,  0.000,  0.000,  0.000,  0.000]
Wengert{1} => [ 1.000,  0.000,  3.000,  0.000,  0.000,  0.000,  0.000]
Wengert{2} => [-1.000,  0.000,  3.000,  4.500,  0.000,  0.000,  0.000]
Wengert{3} => [ 0.002,  0.000, -3.000,  4.500,  4.500,  0.000,  0.000]
Wengert{4} => [-110.644,  0.000,  0.007, -4.500,  4.500,  3.375,  0.000]
Wengert{5} => [ 203.749,  4.344, -13.044, -18.123, -20.349, -6.348, -0.599]
Wengert{6} => [-94.108, -3.344,  10.037,  13.623,  11.349,  2.973,  0.599]

		PolynomialSplineRegressor.N7Ck4._seg2_monotone=MONOTONIC    
		PolynomialSplineRegressor.N7Ck4._seg2_value_jack=Wengert{0} => [-1.688,  0.228,  1.317,  1.026,  0.441,  0.075, -0.022]

		PolynomialSplineRegressor.N7Ck4.FinishTime=Fri Nov 02 23:28:21 EDT 2018
		PolynomialSplineRegressor.N7Ck4.ExecTime=537

		PolynomialSplineRegressor.N7Ck5.Success=true
		PolynomialSplineRegressor.N7Ck5._seg1_1_0=25.0
		PolynomialSplineRegressor.N7Ck5._seg1_3_0=20.25000000745058
		PolynomialSplineRegressor.N7Ck5._seg1_head_jack=Wengert{0} => [ 1.000,  0.000,  0.000,  0.000,  0.000,  0.000,  0.000]
Wengert{1} => [ 1.000,  0.000,  2.000,  0.000,  0.000,  0.000,  0.000]
Wengert{2} => [-1.000,  0.000,  2.000,  2.000,  0.000,  0.000,  0.000]
Wengert{3} => [ 0.002,  0.000, -2.000,  2.000,  1.333,  0.000,  0.000]
Wengert{4} => [-110.644,  0.000,  0.004, -2.000,  1.333,  0.667,  0.000]
Wengert{5} => [ 2312735.336,  0.000, -221.288,  0.004, -1.333,  0.667,  0.267]
Wengert{6} => [-2312625.694,  1.000,  219.283, -2.004, -1.333, -1.333, -0.267]

		PolynomialSplineRegressor.N7Ck5._seg1_jack=Wengert{0} => [ 1.000,  0.000,  0.000,  0.000,  0.000,  0.000,  0.000]
Wengert{1} => [ 1.000,  0.000,  2.000,  0.000,  0.000,  0.000,  0.000]
Wengert{2} => [-1.000,  0.000,  2.000,  2.000,  0.000,  0.000,  0.000]
Wengert{3} => [ 0.002,  0.000, -2.000,  2.000,  1.333,  0.000,  0.000]
Wengert{4} => [-110.644,  0.000,  0.004, -2.000,  1.333,  0.667,  0.000]
Wengert{5} => [ 2312735.336,  0.000, -221.288,  0.004, -1.333,  0.667,  0.267]
Wengert{6} => [-2312625.694,  1.000,  219.283, -2.004, -1.333, -1.333, -0.267]

		PolynomialSplineRegressor.N7Ck5._seg1_monotone=MONOTONIC    
		PolynomialSplineRegressor.N7Ck5._seg2_3_0=20.25000000745058
		PolynomialSplineRegressor.N7Ck5._seg2_6_0=14.0
		PolynomialSplineRegressor.N7Ck5._seg2_head_jack=Wengert{0} => [ 1.000,  0.000,  0.000,  0.000,  0.000,  0.000,  0.000]
Wengert{1} => [ 1.000,  0.000,  3.000,  0.000,  0.000,  0.000,  0.000]
Wengert{2} => [-1.000,  0.000,  3.000,  4.500,  0.000,  0.000,  0.000]
Wengert{3} => [ 0.002,  0.000, -3.000,  4.500,  4.500,  0.000,  0.000]
Wengert{4} => [-110.644,  0.000,  0.007, -4.500,  4.500,  3.375,  0.000]
Wengert{5} => [ 2312735.336,  0.000, -331.931,  0.010, -4.500,  3.375,  2.025]
Wengert{6} => [-2312625.694,  1.000,  328.925, -4.510, -4.500, -6.750, -2.025]

		PolynomialSplineRegressor.N7Ck5._seg2_jack=Wengert{0} => [ 1.000,  0.000,  0.000,  0.000,  0.000,  0.000,  0.000]
Wengert{1} => [ 1.000,  0.000,  3.000,  0.000,  0.000,  0.000,  0.000]
Wengert{2} => [-1.000,  0.000,  3.000,  4.500,  0.000,  0.000,  0.000]
Wengert{3} => [ 0.002,  0.000, -3.000,  4.500,  4.500,  0.000,  0.000]
Wengert{4} => [-110.644,  0.000,  0.007, -4.500,  4.500,  3.375,  0.000]
Wengert{5} => [ 2312735.336,  0.000, -331.931,  0.010, -4.500,  3.375,  2.025]
Wengert{6} => [-2312625.694,  1.000,  328.925, -4.510, -4.500, -6.750, -2.025]

		PolynomialSplineRegressor.N7Ck5._seg2_monotone=MONOTONIC    
		PolynomialSplineRegressor.N7Ck5._seg2_value_jack=Wengert{0} => [ 83052.196,  0.072, -10.136,  1.677,  1.010,  0.424,  0.073]

		PolynomialSplineRegressor.N7Ck5.FinishTime=Fri Nov 02 23:28:21 EDT 2018
		PolynomialSplineRegressor.N7Ck5.ExecTime=492

		PolynomialSplineRegressor.ExpTension.Success=true
		PolynomialSplineRegressor.ExpTension._seg1_1_0=24.999999999999986
		PolynomialSplineRegressor.ExpTension._seg1_3_0=20.249999999999996
		PolynomialSplineRegressor.ExpTension._seg1_head_jack=Wengert{0} => [ 3.000,  0.000, -4.000, -4.000]
Wengert{1} => [ 6.216, -5.708,  25.814,  12.399]
Wengert{2} => [-3.608,  2.854, -9.907, -4.200]
Wengert{3} => [ 1.608, -2.854,  13.907,  8.200]

		PolynomialSplineRegressor.ExpTension._seg1_jack=Wengert{0} => [ 3.000,  0.000, -4.000, -4.000]
Wengert{1} => [ 6.216, -5.708,  25.814,  12.399]
Wengert{2} => [-3.608,  2.854, -9.907, -4.200]
Wengert{3} => [ 1.608, -2.854,  13.907,  8.200]

		PolynomialSplineRegressor.ExpTension._seg1_monotone=MONOTONIC    
		PolynomialSplineRegressor.ExpTension._seg2_3_0=20.24999999999997
		PolynomialSplineRegressor.ExpTension._seg2_6_0=13.999999999999956
		PolynomialSplineRegressor.ExpTension._seg2_head_jack=Wengert{0} => [ 3.000,  0.000, -6.000, -9.000]
Wengert{1} => [ 6.216, -5.708,  38.722,  27.898]
Wengert{2} => [-3.608,  2.854, -14.861, -9.449]
Wengert{3} => [ 1.608, -2.854,  20.861,  18.449]

		PolynomialSplineRegressor.ExpTension._seg2_jack=Wengert{0} => [ 3.000,  0.000, -6.000, -9.000]
Wengert{1} => [ 6.216, -5.708,  38.722,  27.898]
Wengert{2} => [-3.608,  2.854, -14.861, -9.449]
Wengert{3} => [ 1.608, -2.854,  20.861,  18.449]

		PolynomialSplineRegressor.ExpTension._seg2_monotone=MONOTONIC    
		PolynomialSplineRegressor.ExpTension._seg2_value_jack=Wengert{0} => [ 0.771,  0.236,  1.293,  0.545]

		PolynomialSplineRegressor.ExpTension.FinishTime=Fri Nov 02 23:28:21 EDT 2018
		PolynomialSplineRegressor.ExpTension.ExecTime=92

		PolynomialSplineRegressor.HyperTension.Success=true
		PolynomialSplineRegressor.HyperTension._seg1_1_0=24.999999999999993
		PolynomialSplineRegressor.HyperTension._seg1_3_0=20.249999999999996
		PolynomialSplineRegressor.HyperTension._seg1_head_jack=Wengert{0} => [ 3.000, -0.000, -4.000, -4.000]
Wengert{1} => [ 6.216, -5.708,  25.814,  12.399]
Wengert{2} => [-2.000,  0.000,  4.000,  4.000]
Wengert{3} => [-5.216,  5.708, -23.814, -12.399]

		PolynomialSplineRegressor.HyperTension._seg1_jack=Wengert{0} => [ 3.000, -0.000, -4.000, -4.000]
Wengert{1} => [ 6.216, -5.708,  25.814,  12.399]
Wengert{2} => [-2.000,  0.000,  4.000,  4.000]
Wengert{3} => [-5.216,  5.708, -23.814, -12.399]

		PolynomialSplineRegressor.HyperTension._seg1_monotone=MONOTONIC    
		PolynomialSplineRegressor.HyperTension._seg2_3_0=20.249999999999986
		PolynomialSplineRegressor.HyperTension._seg2_6_0=13.999999999999972
		PolynomialSplineRegressor.HyperTension._seg2_head_jack=Wengert{0} => [ 3.000, -0.000, -6.000, -9.000]
Wengert{1} => [ 6.216, -5.708,  38.722,  27.898]
Wengert{2} => [-2.000,  0.000,  6.000,  9.000]
Wengert{3} => [-5.216,  5.708, -35.722, -27.898]

		PolynomialSplineRegressor.HyperTension._seg2_jack=Wengert{0} => [ 3.000, -0.000, -6.000, -9.000]
Wengert{1} => [ 6.216, -5.708,  38.722,  27.898]
Wengert{2} => [-2.000,  0.000,  6.000,  9.000]
Wengert{3} => [-5.216,  5.708, -35.722, -27.898]

		PolynomialSplineRegressor.HyperTension._seg2_monotone=MONOTONIC    
		PolynomialSplineRegressor.HyperTension._seg2_value_jack=Wengert{0} => [ 0.771,  0.236,  1.293,  0.545]

		PolynomialSplineRegressor.HyperTension.FinishTime=Fri Nov 02 23:28:21 EDT 2018
		PolynomialSplineRegressor.HyperTension.ExecTime=123

		PolynomialSplineRegressor.KP.Success=true
		PolynomialSplineRegressor.KP._seg1_1_0=25.0
		PolynomialSplineRegressor.KP._seg1_3_0=20.25
		PolynomialSplineRegressor.KP._seg1_head_jack=Wengert{0} => [ 1.000,  0.000,  0.000,  0.000]
Wengert{1} => [ 0.000,  1.000,  0.000,  0.000]
Wengert{2} => [ 2.000, -1.000,  2.000,  0.000]
Wengert{3} => [ 3.000, -2.000,  6.000,  2.000]

		PolynomialSplineRegressor.KP._seg1_jack=Wengert{0} => [ 1.000,  0.000,  0.000,  0.000]
Wengert{1} => [ 0.000,  1.000,  0.000,  0.000]
Wengert{2} => [ 2.000, -1.000,  2.000,  0.000]
Wengert{3} => [ 3.000, -2.000,  6.000,  2.000]

		PolynomialSplineRegressor.KP._seg1_monotone=MONOTONIC    
		PolynomialSplineRegressor.KP._seg2_3_0=20.25
		PolynomialSplineRegressor.KP._seg2_6_0=14.0
		PolynomialSplineRegressor.KP._seg2_head_jack=Wengert{0} => [ 1.000,  0.000,  0.000,  0.000]
Wengert{1} => [ 0.000,  1.000,  0.000,  0.000]
Wengert{2} => [ 2.000, -1.000,  3.000,  0.000]
Wengert{3} => [ 3.000, -2.000,  9.000,  4.500]

		PolynomialSplineRegressor.KP._seg2_jack=Wengert{0} => [ 1.000,  0.000,  0.000,  0.000]
Wengert{1} => [ 0.000,  1.000,  0.000,  0.000]
Wengert{2} => [ 2.000, -1.000,  3.000,  0.000]
Wengert{3} => [ 3.000, -2.000,  9.000,  4.500]

		PolynomialSplineRegressor.KP._seg2_monotone=MONOTONIC    
		PolynomialSplineRegressor.KP._seg2_value_jack=Wengert{0} => [ 0.758,  0.242,  1.273,  0.545]

		PolynomialSplineRegressor.KP.FinishTime=Fri Nov 02 23:28:21 EDT 2018
		PolynomialSplineRegressor.KP.ExecTime=159

		PolynomialSplineRegressor.Bern_N4Ck2.Success=true
		PolynomialSplineRegressor.Bern_N4Ck2._seg1_1_0=25.0
		PolynomialSplineRegressor.Bern_N4Ck2._seg1_3_0=20.25
		PolynomialSplineRegressor.Bern_N4Ck2._seg1_head_jack=Wengert{0} => [ 6.000,  0.000,  0.000,  0.000]
Wengert{1} => [ 8.000,  0.000,  4.000,  0.000]
Wengert{2} => [ 8.000,  0.000,  12.000,  4.000]
Wengert{3} => [ 0.000,  6.000,  0.000,  0.000]

		PolynomialSplineRegressor.Bern_N4Ck2._seg1_jack=Wengert{0} => [ 6.000,  0.000,  0.000,  0.000]
Wengert{1} => [ 8.000,  0.000,  4.000,  0.000]
Wengert{2} => [ 8.000,  0.000,  12.000,  4.000]
Wengert{3} => [ 0.000,  6.000,  0.000,  0.000]

		PolynomialSplineRegressor.Bern_N4Ck2._seg1_monotone=MONOTONIC    
		PolynomialSplineRegressor.Bern_N4Ck2._seg2_3_0=20.25
		PolynomialSplineRegressor.Bern_N4Ck2._seg2_6_0=14.0
		PolynomialSplineRegressor.Bern_N4Ck2._seg2_head_jack=Wengert{0} => [ 6.000,  0.000,  0.000,  0.000]
Wengert{1} => [ 8.000,  0.000,  6.000,  0.000]
Wengert{2} => [ 8.000,  0.000,  18.000,  9.000]
Wengert{3} => [ 0.000,  6.000,  0.000,  0.000]

		PolynomialSplineRegressor.Bern_N4Ck2._seg2_jack=Wengert{0} => [ 6.000,  0.000,  0.000,  0.000]
Wengert{1} => [ 8.000,  0.000,  6.000,  0.000]
Wengert{2} => [ 8.000,  0.000,  18.000,  9.000]
Wengert{3} => [ 0.000,  6.000,  0.000,  0.000]

		PolynomialSplineRegressor.Bern_N4Ck2._seg2_monotone=MONOTONIC    
		PolynomialSplineRegressor.Bern_N4Ck2._seg2_value_jack=Wengert{0} => [ 0.758,  0.242,  1.273,  0.545]

		PolynomialSplineRegressor.Bern_N4Ck2.FinishTime=Fri Nov 02 23:28:21 EDT 2018
		PolynomialSplineRegressor.Bern_N4Ck2.ExecTime=241

		PolynomialSplineRegressor.Hermite_N4Ck1.Success=true
		PolynomialSplineRegressor.Hermite_N4Ck1._seg1_0_0=1.0
		PolynomialSplineRegressor.Hermite_N4Ck1._seg1_1_0=4.0
		PolynomialSplineRegressor.Hermite_N4Ck1._seg1_head_jack=Wengert{0} => [ 1.000,  0.000,  0.000,  0.000]
Wengert{1} => [ 1.000,  0.000,  1.000,  0.000]
Wengert{2} => [-5.000,  4.000, -2.000, -1.000]
Wengert{3} => [ 3.000, -3.000,  1.000,  1.000]

		PolynomialSplineRegressor.Hermite_N4Ck1._seg1_jack=Wengert{0} => [ 1.000,  0.000,  0.000,  0.000]
Wengert{1} => [ 1.000,  0.000,  1.000,  0.000]
Wengert{2} => [-5.000,  4.000, -2.000, -1.000]
Wengert{3} => [ 3.000, -3.000,  1.000,  1.000]

		PolynomialSplineRegressor.Hermite_N4Ck1._seg1_monotone=MONOTONIC    
		PolynomialSplineRegressor.Hermite_N4Ck1._seg2_1_0=4.0
		PolynomialSplineRegressor.Hermite_N4Ck1._seg2_2_0=14.0
		PolynomialSplineRegressor.Hermite_N4Ck1._seg2_head_jack=Wengert{0} => [ 1.000,  0.000,  0.000,  0.000]
Wengert{1} => [ 1.000,  0.000,  1.000,  0.000]
Wengert{2} => [-5.000,  4.000, -2.000, -1.000]
Wengert{3} => [ 3.000, -3.000,  1.000,  1.000]

		PolynomialSplineRegressor.Hermite_N4Ck1._seg2_jack=Wengert{0} => [ 1.000,  0.000,  0.000,  0.000]
Wengert{1} => [ 1.000,  0.000,  1.000,  0.000]
Wengert{2} => [-5.000,  4.000, -2.000, -1.000]
Wengert{3} => [ 3.000, -3.000,  1.000,  1.000]

		PolynomialSplineRegressor.Hermite_N4Ck1._seg2_monotone=MONOTONIC    
		PolynomialSplineRegressor.Hermite_N4Ck1._seg2_value_jack=Wengert{0} => [ 0.500,  0.500,  0.100, -0.100]

		PolynomialSplineRegressor.Hermite_N4Ck1.FinishTime=Fri Nov 02 23:28:21 EDT 2018
		PolynomialSplineRegressor.Hermite_N4Ck1.ExecTime=58

		PolynomialSplineRegressor.Hermite_Bessel_CatmullRom_Cardinal_N4Ck1.Success=true
		PolynomialSplineRegressor.Hermite_Bessel_CatmullRom_Cardinal_N4Ck1.hermite_bessel_catmullrom_cardinal_n4ck1_local_c1_bessel_hermite_0.0= 1.00 | MINIMA       
		PolynomialSplineRegressor.Hermite_Bessel_CatmullRom_Cardinal_N4Ck1.hermite_bessel_catmullrom_cardinal_n4ck1_local_c1_bessel_hermite_0.0_jack=Wengert{0} => [ 1.000,  0.000,  0.000,  0.000,  0.000]

		PolynomialSplineRegressor.Hermite_Bessel_CatmullRom_Cardinal_N4Ck1.hermite_bessel_catmullrom_cardinal_n4ck1_local_c1_bessel_hermite_0.5= 2.20 | MINIMA       
		PolynomialSplineRegressor.Hermite_Bessel_CatmullRom_Cardinal_N4Ck1.hermite_bessel_catmullrom_cardinal_n4ck1_local_c1_bessel_hermite_0.5_jack=Wengert{0} => [ 0.500,  0.500,  0.000,  0.000,  0.000]

		PolynomialSplineRegressor.Hermite_Bessel_CatmullRom_Cardinal_N4Ck1.hermite_bessel_catmullrom_cardinal_n4ck1_local_c1_bessel_hermite_1.0= 4.00 | MINIMA       
		PolynomialSplineRegressor.Hermite_Bessel_CatmullRom_Cardinal_N4Ck1.hermite_bessel_catmullrom_cardinal_n4ck1_local_c1_bessel_hermite_1.0_jack=Wengert{0} => [ 0.000,  1.000,  0.000,  0.000,  0.000]

		PolynomialSplineRegressor.Hermite_Bessel_CatmullRom_Cardinal_N4Ck1.hermite_bessel_catmullrom_cardinal_n4ck1_local_c1_bessel_hermite_1.5= 8.70 | MONOTONIC    
		PolynomialSplineRegressor.Hermite_Bessel_CatmullRom_Cardinal_N4Ck1.hermite_bessel_catmullrom_cardinal_n4ck1_local_c1_bessel_hermite_1.5_jack=Wengert{0} => [ 0.000,  0.500,  0.500,  0.000,  0.000]

		PolynomialSplineRegressor.Hermite_Bessel_CatmullRom_Cardinal_N4Ck1.hermite_bessel_catmullrom_cardinal_n4ck1_local_c1_bessel_hermite_2.0= 15.00 | MONOTONIC    
		PolynomialSplineRegressor.Hermite_Bessel_CatmullRom_Cardinal_N4Ck1.hermite_bessel_catmullrom_cardinal_n4ck1_local_c1_bessel_hermite_2.0_jack=Wengert{0} => [ 0.000,  0.000,  1.000,  0.000,  0.000]

		PolynomialSplineRegressor.Hermite_Bessel_CatmullRom_Cardinal_N4Ck1.hermite_bessel_catmullrom_cardinal_n4ck1_local_c1_bessel_hermite_2.5= 26.10 | MONOTONIC    
		PolynomialSplineRegressor.Hermite_Bessel_CatmullRom_Cardinal_N4Ck1.hermite_bessel_catmullrom_cardinal_n4ck1_local_c1_bessel_hermite_2.5_jack=Wengert{0} => [ 0.000,  0.000,  0.500,  0.500,  0.000]

		PolynomialSplineRegressor.Hermite_Bessel_CatmullRom_Cardinal_N4Ck1.hermite_bessel_catmullrom_cardinal_n4ck1_local_c1_bessel_hermite_3.0= 40.00 | MONOTONIC    
		PolynomialSplineRegressor.Hermite_Bessel_CatmullRom_Cardinal_N4Ck1.hermite_bessel_catmullrom_cardinal_n4ck1_local_c1_bessel_hermite_3.0_jack=Wengert{0} => [ 0.000,  0.000,  0.000,  1.000,  0.000]

		PolynomialSplineRegressor.Hermite_Bessel_CatmullRom_Cardinal_N4Ck1.hermite_bessel_catmullrom_cardinal_n4ck1_local_c1_bessel_hermite_3.5= 70.50 | MONOTONIC    
		PolynomialSplineRegressor.Hermite_Bessel_CatmullRom_Cardinal_N4Ck1.hermite_bessel_catmullrom_cardinal_n4ck1_local_c1_bessel_hermite_3.5_jack=Wengert{0} => [ 0.000,  0.000,  0.000,  0.500,  0.500]

		PolynomialSplineRegressor.Hermite_Bessel_CatmullRom_Cardinal_N4Ck1.hermite_bessel_catmullrom_cardinal_n4ck1_local_c1_bessel_hermite_4.0= 85.00 | MONOTONIC    
		PolynomialSplineRegressor.Hermite_Bessel_CatmullRom_Cardinal_N4Ck1.hermite_bessel_catmullrom_cardinal_n4ck1_local_c1_bessel_hermite_4.0_jack=Wengert{0} => [ 0.000,  0.000,  0.000,  0.000,  1.000]

		PolynomialSplineRegressor.Hermite_Bessel_CatmullRom_Cardinal_N4Ck1.hermite_bessel_catmullrom_cardinal_n4ck1_local_cardinal_knot_0.0= 0.00 | MONOTONIC    
		PolynomialSplineRegressor.Hermite_Bessel_CatmullRom_Cardinal_N4Ck1.hermite_bessel_catmullrom_cardinal_n4ck1_local_cardinal_knot_0.0_jack=Wengert{0} => [ 1.000,  0.000,  0.000,  0.000,  0.000,  0.000]

		PolynomialSplineRegressor.Hermite_Bessel_CatmullRom_Cardinal_N4Ck1.hermite_bessel_catmullrom_cardinal_n4ck1_local_cardinal_knot_0.5= 0.00 | MONOTONIC    
		PolynomialSplineRegressor.Hermite_Bessel_CatmullRom_Cardinal_N4Ck1.hermite_bessel_catmullrom_cardinal_n4ck1_local_cardinal_knot_0.5_jack=Wengert{0} => [ 0.500,  0.500,  0.000,  0.000,  0.000,  0.000]

		PolynomialSplineRegressor.Hermite_Bessel_CatmullRom_Cardinal_N4Ck1.hermite_bessel_catmullrom_cardinal_n4ck1_local_cardinal_knot_1.0= 0.00 | MONOTONIC    
		PolynomialSplineRegressor.Hermite_Bessel_CatmullRom_Cardinal_N4Ck1.hermite_bessel_catmullrom_cardinal_n4ck1_local_cardinal_knot_1.0_jack=Wengert{0} => [ 0.000,  1.000,  0.000,  0.000,  0.000,  0.000]

		PolynomialSplineRegressor.Hermite_Bessel_CatmullRom_Cardinal_N4Ck1.hermite_bessel_catmullrom_cardinal_n4ck1_local_cardinal_knot_1.5= 0.00 | MONOTONIC    
		PolynomialSplineRegressor.Hermite_Bessel_CatmullRom_Cardinal_N4Ck1.hermite_bessel_catmullrom_cardinal_n4ck1_local_cardinal_knot_1.5_jack=Wengert{0} => [ 0.000,  0.500,  0.500,  0.000,  0.000,  0.000]

		PolynomialSplineRegressor.Hermite_Bessel_CatmullRom_Cardinal_N4Ck1.hermite_bessel_catmullrom_cardinal_n4ck1_local_cardinal_knot_2.0= 0.00 | MONOTONIC    
		PolynomialSplineRegressor.Hermite_Bessel_CatmullRom_Cardinal_N4Ck1.hermite_bessel_catmullrom_cardinal_n4ck1_local_cardinal_knot_2.0_jack=Wengert{0} => [ 0.000,  0.000,  1.000,  0.000,  0.000,  0.000]

		PolynomialSplineRegressor.Hermite_Bessel_CatmullRom_Cardinal_N4Ck1.hermite_bessel_catmullrom_cardinal_n4ck1_local_cardinal_knot_2.5= 0.00 | MONOTONIC    
		PolynomialSplineRegressor.Hermite_Bessel_CatmullRom_Cardinal_N4Ck1.hermite_bessel_catmullrom_cardinal_n4ck1_local_cardinal_knot_2.5_jack=Wengert{0} => [ 0.000,  0.000,  0.000,  1.000,  0.000,  0.000]

		PolynomialSplineRegressor.Hermite_Bessel_CatmullRom_Cardinal_N4Ck1.hermite_bessel_catmullrom_cardinal_n4ck1_local_cardinal_knot_3.0= 0.00 | MONOTONIC    
		PolynomialSplineRegressor.Hermite_Bessel_CatmullRom_Cardinal_N4Ck1.hermite_bessel_catmullrom_cardinal_n4ck1_local_cardinal_knot_3.0_jack=Wengert{0} => [ 0.000,  0.000,  0.000,  0.000,  1.000,  0.000]

		PolynomialSplineRegressor.Hermite_Bessel_CatmullRom_Cardinal_N4Ck1.hermite_bessel_catmullrom_cardinal_n4ck1_local_cardinal_knot_3.5= 0.00 | MONOTONIC    
		PolynomialSplineRegressor.Hermite_Bessel_CatmullRom_Cardinal_N4Ck1.hermite_bessel_catmullrom_cardinal_n4ck1_local_cardinal_knot_3.5_jack=Wengert{0} => [ 0.000,  0.000,  0.000,  0.000,  0.500,  0.500]

		PolynomialSplineRegressor.Hermite_Bessel_CatmullRom_Cardinal_N4Ck1.hermite_bessel_catmullrom_cardinal_n4ck1_local_cardinal_knot_4.0= 0.00 | MONOTONIC    
		PolynomialSplineRegressor.Hermite_Bessel_CatmullRom_Cardinal_N4Ck1.hermite_bessel_catmullrom_cardinal_n4ck1_local_cardinal_knot_4.0_jack=Wengert{0} => [ 0.000,  0.000,  0.000,  0.000,  0.000,  1.000]

		PolynomialSplineRegressor.Hermite_Bessel_CatmullRom_Cardinal_N4Ck1.hermite_bessel_catmullrom_cardinal_n4ck1_local_catmull_rom_knot_0.0= 0.00 | MONOTONIC    
		PolynomialSplineRegressor.Hermite_Bessel_CatmullRom_Cardinal_N4Ck1.hermite_bessel_catmullrom_cardinal_n4ck1_local_catmull_rom_knot_0.0_jack=Wengert{0} => [ 1.000,  0.000,  0.000,  0.000,  0.000,  0.000]

		PolynomialSplineRegressor.Hermite_Bessel_CatmullRom_Cardinal_N4Ck1.hermite_bessel_catmullrom_cardinal_n4ck1_local_catmull_rom_knot_0.5= 0.00 | MONOTONIC    
		PolynomialSplineRegressor.Hermite_Bessel_CatmullRom_Cardinal_N4Ck1.hermite_bessel_catmullrom_cardinal_n4ck1_local_catmull_rom_knot_0.5_jack=Wengert{0} => [ 0.500,  0.500,  0.000,  0.000,  0.000,  0.000]

		PolynomialSplineRegressor.Hermite_Bessel_CatmullRom_Cardinal_N4Ck1.hermite_bessel_catmullrom_cardinal_n4ck1_local_catmull_rom_knot_1.0= 0.00 | MONOTONIC    
		PolynomialSplineRegressor.Hermite_Bessel_CatmullRom_Cardinal_N4Ck1.hermite_bessel_catmullrom_cardinal_n4ck1_local_catmull_rom_knot_1.0_jack=Wengert{0} => [ 0.000,  1.000,  0.000,  0.000,  0.000,  0.000]

		PolynomialSplineRegressor.Hermite_Bessel_CatmullRom_Cardinal_N4Ck1.hermite_bessel_catmullrom_cardinal_n4ck1_local_catmull_rom_knot_1.5= 0.00 | MONOTONIC    
		PolynomialSplineRegressor.Hermite_Bessel_CatmullRom_Cardinal_N4Ck1.hermite_bessel_catmullrom_cardinal_n4ck1_local_catmull_rom_knot_1.5_jack=Wengert{0} => [ 0.000,  0.500,  0.500,  0.000,  0.000,  0.000]

		PolynomialSplineRegressor.Hermite_Bessel_CatmullRom_Cardinal_N4Ck1.hermite_bessel_catmullrom_cardinal_n4ck1_local_catmull_rom_knot_2.0= 0.00 | MONOTONIC    
		PolynomialSplineRegressor.Hermite_Bessel_CatmullRom_Cardinal_N4Ck1.hermite_bessel_catmullrom_cardinal_n4ck1_local_catmull_rom_knot_2.0_jack=Wengert{0} => [ 0.000,  0.000,  1.000,  0.000,  0.000,  0.000]

		PolynomialSplineRegressor.Hermite_Bessel_CatmullRom_Cardinal_N4Ck1.hermite_bessel_catmullrom_cardinal_n4ck1_local_catmull_rom_knot_2.5= 0.00 | MONOTONIC    
		PolynomialSplineRegressor.Hermite_Bessel_CatmullRom_Cardinal_N4Ck1.hermite_bessel_catmullrom_cardinal_n4ck1_local_catmull_rom_knot_2.5_jack=Wengert{0} => [ 0.000,  0.000,  0.000,  1.000,  0.000,  0.000]

		PolynomialSplineRegressor.Hermite_Bessel_CatmullRom_Cardinal_N4Ck1.hermite_bessel_catmullrom_cardinal_n4ck1_local_catmull_rom_knot_3.0= 0.00 | MONOTONIC    
		PolynomialSplineRegressor.Hermite_Bessel_CatmullRom_Cardinal_N4Ck1.hermite_bessel_catmullrom_cardinal_n4ck1_local_catmull_rom_knot_3.0_jack=Wengert{0} => [ 0.000,  0.000,  0.000,  0.000,  1.000,  0.000]

		PolynomialSplineRegressor.Hermite_Bessel_CatmullRom_Cardinal_N4Ck1.hermite_bessel_catmullrom_cardinal_n4ck1_local_catmull_rom_knot_3.5= 0.00 | MONOTONIC    
		PolynomialSplineRegressor.Hermite_Bessel_CatmullRom_Cardinal_N4Ck1.hermite_bessel_catmullrom_cardinal_n4ck1_local_catmull_rom_knot_3.5_jack=Wengert{0} => [ 0.000,  0.000,  0.000,  0.000,  0.500,  0.500]

		PolynomialSplineRegressor.Hermite_Bessel_CatmullRom_Cardinal_N4Ck1.hermite_bessel_catmullrom_cardinal_n4ck1_local_catmull_rom_knot_4.0= 0.00 | MONOTONIC    
		PolynomialSplineRegressor.Hermite_Bessel_CatmullRom_Cardinal_N4Ck1.hermite_bessel_catmullrom_cardinal_n4ck1_local_catmull_rom_knot_4.0_jack=Wengert{0} => [ 0.000,  0.000,  0.000,  0.000,  0.000,  1.000]

		PolynomialSplineRegressor.Hermite_Bessel_CatmullRom_Cardinal_N4Ck1.hermite_bessel_catmullrom_cardinal_n4ck1_local_hermite_knot_0.0= 0.00 | MONOTONIC    
		PolynomialSplineRegressor.Hermite_Bessel_CatmullRom_Cardinal_N4Ck1.hermite_bessel_catmullrom_cardinal_n4ck1_local_hermite_knot_0.0_jack=Wengert{0} => [ 1.000,  0.000,  0.000,  0.000,  0.000,  0.000]

		PolynomialSplineRegressor.Hermite_Bessel_CatmullRom_Cardinal_N4Ck1.hermite_bessel_catmullrom_cardinal_n4ck1_local_hermite_knot_0.5= 0.00 | MONOTONIC    
		PolynomialSplineRegressor.Hermite_Bessel_CatmullRom_Cardinal_N4Ck1.hermite_bessel_catmullrom_cardinal_n4ck1_local_hermite_knot_0.5_jack=Wengert{0} => [ 0.500,  0.500,  0.000,  0.000,  0.000,  0.000]

		PolynomialSplineRegressor.Hermite_Bessel_CatmullRom_Cardinal_N4Ck1.hermite_bessel_catmullrom_cardinal_n4ck1_local_hermite_knot_1.0= 0.00 | MONOTONIC    
		PolynomialSplineRegressor.Hermite_Bessel_CatmullRom_Cardinal_N4Ck1.hermite_bessel_catmullrom_cardinal_n4ck1_local_hermite_knot_1.0_jack=Wengert{0} => [ 0.000,  1.000,  0.000,  0.000,  0.000,  0.000]

		PolynomialSplineRegressor.Hermite_Bessel_CatmullRom_Cardinal_N4Ck1.hermite_bessel_catmullrom_cardinal_n4ck1_local_hermite_knot_1.5= 0.00 | MONOTONIC    
		PolynomialSplineRegressor.Hermite_Bessel_CatmullRom_Cardinal_N4Ck1.hermite_bessel_catmullrom_cardinal_n4ck1_local_hermite_knot_1.5_jack=Wengert{0} => [ 0.000,  0.500,  0.500,  0.000,  0.000,  0.000]

		PolynomialSplineRegressor.Hermite_Bessel_CatmullRom_Cardinal_N4Ck1.hermite_bessel_catmullrom_cardinal_n4ck1_local_hermite_knot_2.0= 0.00 | MONOTONIC    
		PolynomialSplineRegressor.Hermite_Bessel_CatmullRom_Cardinal_N4Ck1.hermite_bessel_catmullrom_cardinal_n4ck1_local_hermite_knot_2.0_jack=Wengert{0} => [ 0.000,  0.000,  1.000,  0.000,  0.000,  0.000]

		PolynomialSplineRegressor.Hermite_Bessel_CatmullRom_Cardinal_N4Ck1.hermite_bessel_catmullrom_cardinal_n4ck1_local_hermite_knot_2.5= 27.50 | MONOTONIC    
		PolynomialSplineRegressor.Hermite_Bessel_CatmullRom_Cardinal_N4Ck1.hermite_bessel_catmullrom_cardinal_n4ck1_local_hermite_knot_2.5_jack=Wengert{0} => [ 0.000,  0.000,  0.000,  1.000,  0.000,  0.000]

		PolynomialSplineRegressor.Hermite_Bessel_CatmullRom_Cardinal_N4Ck1.hermite_bessel_catmullrom_cardinal_n4ck1_local_hermite_knot_3.0= 0.00 | MONOTONIC    
		PolynomialSplineRegressor.Hermite_Bessel_CatmullRom_Cardinal_N4Ck1.hermite_bessel_catmullrom_cardinal_n4ck1_local_hermite_knot_3.0_jack=Wengert{0} => [ 0.000,  0.000,  0.000,  0.000,  1.000,  0.000]

		PolynomialSplineRegressor.Hermite_Bessel_CatmullRom_Cardinal_N4Ck1.hermite_bessel_catmullrom_cardinal_n4ck1_local_hermite_knot_3.5= 0.00 | MONOTONIC    
		PolynomialSplineRegressor.Hermite_Bessel_CatmullRom_Cardinal_N4Ck1.hermite_bessel_catmullrom_cardinal_n4ck1_local_hermite_knot_3.5_jack=Wengert{0} => [ 0.000,  0.000,  0.000,  0.000,  0.500,  0.500]

		PolynomialSplineRegressor.Hermite_Bessel_CatmullRom_Cardinal_N4Ck1.hermite_bessel_catmullrom_cardinal_n4ck1_local_hermite_knot_4.0= 0.00 | MONOTONIC    
		PolynomialSplineRegressor.Hermite_Bessel_CatmullRom_Cardinal_N4Ck1.hermite_bessel_catmullrom_cardinal_n4ck1_local_hermite_knot_4.0_jack=Wengert{0} => [ 0.000,  0.000,  0.000,  0.000,  0.000,  1.000]

		PolynomialSplineRegressor.Hermite_Bessel_CatmullRom_Cardinal_N4Ck1.hermite_bessel_catmullrom_cardinal_n4ck1_local_no_knot_0.0= 0.00 | MONOTONIC    
		PolynomialSplineRegressor.Hermite_Bessel_CatmullRom_Cardinal_N4Ck1.hermite_bessel_catmullrom_cardinal_n4ck1_local_no_knot_0.0_jack=Wengert{0} => [ 0.000,  0.000,  0.000,  0.000,  0.000]

		PolynomialSplineRegressor.Hermite_Bessel_CatmullRom_Cardinal_N4Ck1.hermite_bessel_catmullrom_cardinal_n4ck1_local_no_knot_0.5= 0.00 | MONOTONIC    
		PolynomialSplineRegressor.Hermite_Bessel_CatmullRom_Cardinal_N4Ck1.hermite_bessel_catmullrom_cardinal_n4ck1_local_no_knot_0.5_jack=Wengert{0} => [ 0.000,  0.000,  0.000,  0.000,  0.000]

		PolynomialSplineRegressor.Hermite_Bessel_CatmullRom_Cardinal_N4Ck1.hermite_bessel_catmullrom_cardinal_n4ck1_local_no_knot_1.0= 0.00 | MONOTONIC    
		PolynomialSplineRegressor.Hermite_Bessel_CatmullRom_Cardinal_N4Ck1.hermite_bessel_catmullrom_cardinal_n4ck1_local_no_knot_1.0_jack=Wengert{0} => [ 0.000,  0.000,  0.000,  0.000,  0.000]

		PolynomialSplineRegressor.Hermite_Bessel_CatmullRom_Cardinal_N4Ck1.hermite_bessel_catmullrom_cardinal_n4ck1_local_no_knot_1.5= 0.00 | MONOTONIC    
		PolynomialSplineRegressor.Hermite_Bessel_CatmullRom_Cardinal_N4Ck1.hermite_bessel_catmullrom_cardinal_n4ck1_local_no_knot_1.5_jack=Wengert{0} => [ 0.000,  0.000,  0.000,  0.000,  0.000]

		PolynomialSplineRegressor.Hermite_Bessel_CatmullRom_Cardinal_N4Ck1.hermite_bessel_catmullrom_cardinal_n4ck1_local_no_knot_2.0= 0.00 | MONOTONIC    
		PolynomialSplineRegressor.Hermite_Bessel_CatmullRom_Cardinal_N4Ck1.hermite_bessel_catmullrom_cardinal_n4ck1_local_no_knot_2.0_jack=Wengert{0} => [ 0.000,  0.000,  0.000,  0.000,  0.000]

		PolynomialSplineRegressor.Hermite_Bessel_CatmullRom_Cardinal_N4Ck1.hermite_bessel_catmullrom_cardinal_n4ck1_local_no_knot_2.5= 0.00 | MONOTONIC    
		PolynomialSplineRegressor.Hermite_Bessel_CatmullRom_Cardinal_N4Ck1.hermite_bessel_catmullrom_cardinal_n4ck1_local_no_knot_2.5_jack=Wengert{0} => [ 0.000,  0.000,  0.000,  0.000,  0.000]

		PolynomialSplineRegressor.Hermite_Bessel_CatmullRom_Cardinal_N4Ck1.hermite_bessel_catmullrom_cardinal_n4ck1_local_no_knot_3.0= 0.00 | MONOTONIC    
		PolynomialSplineRegressor.Hermite_Bessel_CatmullRom_Cardinal_N4Ck1.hermite_bessel_catmullrom_cardinal_n4ck1_local_no_knot_3.0_jack=Wengert{0} => [ 0.000,  0.000,  0.000,  0.000,  0.000]

		PolynomialSplineRegressor.Hermite_Bessel_CatmullRom_Cardinal_N4Ck1.hermite_bessel_catmullrom_cardinal_n4ck1_local_no_knot_3.5= 0.00 | MONOTONIC    
		PolynomialSplineRegressor.Hermite_Bessel_CatmullRom_Cardinal_N4Ck1.hermite_bessel_catmullrom_cardinal_n4ck1_local_no_knot_3.5_jack=Wengert{0} => [ 0.000,  0.000,  0.000,  0.000,  0.000]

		PolynomialSplineRegressor.Hermite_Bessel_CatmullRom_Cardinal_N4Ck1.hermite_bessel_catmullrom_cardinal_n4ck1_local_no_knot_4.0= 0.00 | MONOTONIC    
		PolynomialSplineRegressor.Hermite_Bessel_CatmullRom_Cardinal_N4Ck1.hermite_bessel_catmullrom_cardinal_n4ck1_local_no_knot_4.0_jack=Wengert{0} => [ 0.000,  0.000,  0.000,  0.000,  0.000]

		PolynomialSplineRegressor.Hermite_Bessel_CatmullRom_Cardinal_N4Ck1.FinishTime=Fri Nov 02 23:28:21 EDT 2018
		PolynomialSplineRegressor.Hermite_Bessel_CatmullRom_Cardinal_N4Ck1.ExecTime=302

		PolynomialSplineRegressor.Lagrange_Polynomial_Stretch.Success=true
		PolynomialSplineRegressor.Lagrange_Polynomial_Stretch.lpsr_locallymonotone=true
		PolynomialSplineRegressor.Lagrange_Polynomial_Stretch.lpsr_sm=MONOTONIC    
		PolynomialSplineRegressor.Lagrange_Polynomial_Stretch.lpsr_value=2.16
		PolynomialSplineRegressor.Lagrange_Polynomial_Stretch.lpsr_wj=Wengert{0} => [-0.041,  0.896,  0.171, -0.026]

		PolynomialSplineRegressor.Lagrange_Polynomial_Stretch.FinishTime=Fri Nov 02 23:28:21 EDT 2018
		PolynomialSplineRegressor.Lagrange_Polynomial_Stretch.ExecTime=55
	PolynomialSplineRegressor=> 9185 (mu-s): 28 / 28 succeeded.
	PolynomialSplineRegressor ends at Fri Nov 02 23:28:21 EDT 2018

	PolynomialSplineRegressor starts at Fri Nov 02 23:28:21 EDT 2018

		PolynomialSplineRegressor.N2Ck0.Success=true
		PolynomialSplineRegressor.N2Ck0._seg1_1_0=25.0
		PolynomialSplineRegressor.N2Ck0._seg1_3_0=20.25
		PolynomialSplineRegressor.N2Ck0._seg1_head_jack=Wengert{0} => [ 1.000,  0.000]
Wengert{1} => [-1.000,  1.000]

		PolynomialSplineRegressor.N2Ck0._seg1_jack=Wengert{0} => [ 1.000,  0.000]
Wengert{1} => [-1.000,  1.000]

		PolynomialSplineRegressor.N2Ck0._seg1_monotone=MONOTONIC    
		PolynomialSplineRegressor.N2Ck0._seg2_3_0=20.25
		PolynomialSplineRegressor.N2Ck0._seg2_6_0=14.0
		PolynomialSplineRegressor.N2Ck0._seg2_head_jack=Wengert{0} => [ 1.000,  0.000]
Wengert{1} => [-1.000,  1.000]

		PolynomialSplineRegressor.N2Ck0._seg2_jack=Wengert{0} => [ 1.000,  0.000]
Wengert{1} => [-1.000,  1.000]

		PolynomialSplineRegressor.N2Ck0._seg2_monotone=MONOTONIC    
		PolynomialSplineRegressor.N2Ck0._seg2_value_jack=Wengert{0} => [ 0.273,  0.545]

		PolynomialSplineRegressor.N2Ck0.FinishTime=Fri Nov 02 23:28:21 EDT 2018
		PolynomialSplineRegressor.N2Ck0.ExecTime=22

		PolynomialSplineRegressor.N3Ck0.Success=true
		PolynomialSplineRegressor.N3Ck0._seg1_1_0=25.0
		PolynomialSplineRegressor.N3Ck0._seg1_3_0=20.249999999999993
		PolynomialSplineRegressor.N3Ck0._seg1_head_jack=Wengert{0} => [ 1.000,  0.000,  0.000]
Wengert{1} => [-0.973,  1.973, -1.110]
Wengert{2} => [-0.027, -0.973,  1.110]

		PolynomialSplineRegressor.N3Ck0._seg1_jack=Wengert{0} => [ 1.000,  0.000,  0.000]
Wengert{1} => [-0.973,  1.973, -1.110]
Wengert{2} => [-0.027, -0.973,  1.110]

		PolynomialSplineRegressor.N3Ck0._seg1_monotone=MONOTONIC    
		PolynomialSplineRegressor.N3Ck0._seg2_3_0=20.249999999999993
		PolynomialSplineRegressor.N3Ck0._seg2_6_0=14.0
		PolynomialSplineRegressor.N3Ck0._seg2_head_jack=Wengert{0} => [ 1.000,  0.000,  0.000]
Wengert{1} => [-0.973,  1.973, -3.747]
Wengert{2} => [-0.027, -0.973,  3.747]

		PolynomialSplineRegressor.N3Ck0._seg2_jack=Wengert{0} => [ 1.000,  0.000,  0.000]
Wengert{1} => [-0.973,  1.973, -3.747]
Wengert{2} => [-0.027, -0.973,  3.747]

		PolynomialSplineRegressor.N3Ck0._seg2_monotone=MONOTONIC    
		PolynomialSplineRegressor.N3Ck0._seg2_value_jack=Wengert{0} => [ 0.278,  0.722, -0.681]

		PolynomialSplineRegressor.N3Ck0.FinishTime=Fri Nov 02 23:28:21 EDT 2018
		PolynomialSplineRegressor.N3Ck0.ExecTime=95

		PolynomialSplineRegressor.N3Ck1.Success=true
		PolynomialSplineRegressor.N3Ck1._seg1_1_0=25.0
		PolynomialSplineRegressor.N3Ck1._seg1_3_0=20.25
		PolynomialSplineRegressor.N3Ck1._seg1_head_jack=Wengert{0} => [ 1.000,  0.000,  0.000]
Wengert{1} => [ 1.000,  0.000,  2.000]
Wengert{2} => [-2.000,  1.000, -2.000]

		PolynomialSplineRegressor.N3Ck1._seg1_jack=Wengert{0} => [ 1.000,  0.000,  0.000]
Wengert{1} => [ 1.000,  0.000,  2.000]
Wengert{2} => [-2.000,  1.000, -2.000]

		PolynomialSplineRegressor.N3Ck1._seg1_monotone=MONOTONIC    
		PolynomialSplineRegressor.N3Ck1._seg2_3_0=20.25
		PolynomialSplineRegressor.N3Ck1._seg2_6_0=14.0
		PolynomialSplineRegressor.N3Ck1._seg2_head_jack=Wengert{0} => [ 1.000,  0.000,  0.000]
Wengert{1} => [ 1.000,  0.000,  3.000]
Wengert{2} => [-2.000,  1.000, -3.000]

		PolynomialSplineRegressor.N3Ck1._seg2_jack=Wengert{0} => [ 1.000,  0.000,  0.000]
Wengert{1} => [ 1.000,  0.000,  3.000]
Wengert{2} => [-2.000,  1.000, -3.000]

		PolynomialSplineRegressor.N3Ck1._seg2_monotone=MONOTONIC    
		PolynomialSplineRegressor.N3Ck1._seg2_value_jack=Wengert{0} => [ 0.636,  0.364,  0.545]

		PolynomialSplineRegressor.N3Ck1.FinishTime=Fri Nov 02 23:28:21 EDT 2018
		PolynomialSplineRegressor.N3Ck1.ExecTime=64

		PolynomialSplineRegressor.N4Ck0.Success=true
		PolynomialSplineRegressor.N4Ck0._seg1_1_0=25.0
		PolynomialSplineRegressor.N4Ck0._seg1_3_0=20.24999999999999
		PolynomialSplineRegressor.N4Ck0._seg1_head_jack=Wengert{0} => [ 1.000,  0.000,  0.000,  0.000]
Wengert{1} => [ 0.000,  1.000, -5.677,  3.425]
Wengert{2} => [-2.000,  1.000,  10.368, -6.943]
Wengert{3} => [ 1.000, -1.000, -4.692,  3.519]

		PolynomialSplineRegressor.N4Ck0._seg1_jack=Wengert{0} => [ 1.000,  0.000,  0.000,  0.000]
Wengert{1} => [ 0.000,  1.000, -5.677,  3.425]
Wengert{2} => [-2.000,  1.000,  10.368, -6.943]
Wengert{3} => [ 1.000, -1.000, -4.692,  3.519]

		PolynomialSplineRegressor.N4Ck0._seg1_monotone=MONOTONIC    
		PolynomialSplineRegressor.N4Ck0._seg2_3_0=20.24999999999999
		PolynomialSplineRegressor.N4Ck0._seg2_6_0=14.000000000000004
		PolynomialSplineRegressor.N4Ck0._seg2_head_jack=Wengert{0} => [ 1.000,  0.000,  0.000,  0.000]
Wengert{1} => [-0.000,  1.000, -19.159,  11.559]
Wengert{2} => [-2.000,  1.000,  34.993, -23.434]
Wengert{3} => [ 1.000, -1.000, -15.834,  11.875]

		PolynomialSplineRegressor.N4Ck0._seg2_jack=Wengert{0} => [ 1.000,  0.000,  0.000,  0.000]
Wengert{1} => [-0.000,  1.000, -19.159,  11.559]
Wengert{2} => [-2.000,  1.000,  34.993, -23.434]
Wengert{3} => [ 1.000, -1.000, -15.834,  11.875]

		PolynomialSplineRegressor.N4Ck0._seg2_monotone=MONOTONIC    
		PolynomialSplineRegressor.N4Ck0._seg2_value_jack=Wengert{0} => [ 0.333,  0.667, -1.564,  0.662]

		PolynomialSplineRegressor.N4Ck0.FinishTime=Fri Nov 02 23:28:21 EDT 2018
		PolynomialSplineRegressor.N4Ck0.ExecTime=230

		PolynomialSplineRegressor.N4Ck1.Success=true
		PolynomialSplineRegressor.N4Ck1._seg1_1_0=25.0
		PolynomialSplineRegressor.N4Ck1._seg1_3_0=20.25
		PolynomialSplineRegressor.N4Ck1._seg1_head_jack=Wengert{0} => [ 1.000,  0.000,  0.000,  0.000]
Wengert{1} => [ 1.000,  0.000,  2.000,  0.000]
Wengert{2} => [-3.826,  2.826, -3.653, -0.688]
Wengert{3} => [ 1.826, -1.826,  1.653,  0.688]

		PolynomialSplineRegressor.N4Ck1._seg1_jack=Wengert{0} => [ 1.000,  0.000,  0.000,  0.000]
Wengert{1} => [ 1.000,  0.000,  2.000,  0.000]
Wengert{2} => [-3.826,  2.826, -3.653, -0.688]
Wengert{3} => [ 1.826, -1.826,  1.653,  0.688]

		PolynomialSplineRegressor.N4Ck1._seg1_monotone=MONOTONIC    
		PolynomialSplineRegressor.N4Ck1._seg2_3_0=20.25
		PolynomialSplineRegressor.N4Ck1._seg2_6_0=14.000000000000004
		PolynomialSplineRegressor.N4Ck1._seg2_head_jack=Wengert{0} => [ 1.000,  0.000,  0.000,  0.000]
Wengert{1} => [ 1.000,  0.000,  3.000,  0.000]
Wengert{2} => [-3.826,  2.826, -5.479, -2.323]
Wengert{3} => [ 1.826, -1.826,  2.479,  2.323]

		PolynomialSplineRegressor.N4Ck1._seg2_jack=Wengert{0} => [ 1.000,  0.000,  0.000,  0.000]
Wengert{1} => [ 1.000,  0.000,  3.000,  0.000]
Wengert{2} => [-3.826,  2.826, -5.479, -2.323]
Wengert{3} => [ 1.826, -1.826,  2.479,  2.323]

		PolynomialSplineRegressor.N4Ck1._seg2_monotone=MONOTONIC    
		PolynomialSplineRegressor.N4Ck1._seg2_value_jack=Wengert{0} => [ 0.415,  0.585,  0.245, -0.282]

		PolynomialSplineRegressor.N4Ck1.FinishTime=Fri Nov 02 23:28:21 EDT 2018
		PolynomialSplineRegressor.N4Ck1.ExecTime=184

		PolynomialSplineRegressor.N4Ck2.Success=true
		PolynomialSplineRegressor.N4Ck2._seg1_1_0=25.0
		PolynomialSplineRegressor.N4Ck2._seg1_3_0=20.25
		PolynomialSplineRegressor.N4Ck2._seg1_head_jack=Wengert{0} => [ 1.000,  0.000,  0.000,  0.000]
Wengert{1} => [ 1.000,  0.000,  2.000,  0.000]
Wengert{2} => [-1.000,  0.000,  2.000,  2.000]
Wengert{3} => [-1.000,  1.000, -4.000, -2.000]

		PolynomialSplineRegressor.N4Ck2._seg1_jack=Wengert{0} => [ 1.000,  0.000,  0.000,  0.000]
Wengert{1} => [ 1.000,  0.000,  2.000,  0.000]
Wengert{2} => [-1.000,  0.000,  2.000,  2.000]
Wengert{3} => [-1.000,  1.000, -4.000, -2.000]

		PolynomialSplineRegressor.N4Ck2._seg1_monotone=MONOTONIC    
		PolynomialSplineRegressor.N4Ck2._seg2_3_0=20.25
		PolynomialSplineRegressor.N4Ck2._seg2_6_0=14.0
		PolynomialSplineRegressor.N4Ck2._seg2_head_jack=Wengert{0} => [ 1.000,  0.000,  0.000,  0.000]
Wengert{1} => [ 1.000,  0.000,  3.000,  0.000]
Wengert{2} => [-1.000,  0.000,  3.000,  4.500]
Wengert{3} => [-1.000,  1.000, -6.000, -4.500]

		PolynomialSplineRegressor.N4Ck2._seg2_jack=Wengert{0} => [ 1.000,  0.000,  0.000,  0.000]
Wengert{1} => [ 1.000,  0.000,  3.000,  0.000]
Wengert{2} => [-1.000,  0.000,  3.000,  4.500]
Wengert{3} => [-1.000,  1.000, -6.000, -4.500]

		PolynomialSplineRegressor.N4Ck2._seg2_monotone=MONOTONIC    
		PolynomialSplineRegressor.N4Ck2._seg2_value_jack=Wengert{0} => [ 0.758,  0.242,  1.273,  0.545]

		PolynomialSplineRegressor.N4Ck2.FinishTime=Fri Nov 02 23:28:21 EDT 2018
		PolynomialSplineRegressor.N4Ck2.ExecTime=79

		PolynomialSplineRegressor.N5Ck0.Success=true
		PolynomialSplineRegressor.N5Ck0._seg1_1_0=25.0
		PolynomialSplineRegressor.N5Ck0._seg1_3_0=20.249999999999996
		PolynomialSplineRegressor.N5Ck0._seg1_head_jack=Wengert{0} => [ 1.000,  0.000,  0.000,  0.000,  0.000]
Wengert{1} => [ 0.000,  1.000, -4.273, -0.388,  2.074]
Wengert{2} => [-2.000,  1.000,  17.657, -26.737,  10.767]
Wengert{3} => [ 1.000, -1.000, -22.076,  50.733, -25.681]
Wengert{4} => [-0.000,  0.000,  8.692, -23.607,  12.841]

		PolynomialSplineRegressor.N5Ck0._seg1_jack=Wengert{0} => [ 1.000,  0.000,  0.000,  0.000,  0.000]
Wengert{1} => [ 0.000,  1.000, -4.273, -0.388,  2.074]
Wengert{2} => [-2.000,  1.000,  17.657, -26.737,  10.767]
Wengert{3} => [ 1.000, -1.000, -22.076,  50.733, -25.681]
Wengert{4} => [-0.000,  0.000,  8.692, -23.607,  12.841]

		PolynomialSplineRegressor.N5Ck0._seg1_monotone=MONOTONIC    
		PolynomialSplineRegressor.N5Ck0._seg2_3_0=20.249999999999996
		PolynomialSplineRegressor.N5Ck0._seg2_6_0=13.999999999999998
		PolynomialSplineRegressor.N5Ck0._seg2_head_jack=Wengert{0} => [ 1.000,  0.000,  0.000,  0.000,  0.000]
Wengert{1} => [-0.000,  1.000, -14.420, -1.311,  7.000]
Wengert{2} => [-2.000,  1.000,  59.591, -90.239,  36.337]
Wengert{3} => [ 1.000, -1.000, -74.508,  171.225, -86.675]
Wengert{4} => [ 0.000, -0.000,  29.337, -79.675,  43.337]

		PolynomialSplineRegressor.N5Ck0._seg2_jack=Wengert{0} => [ 1.000,  0.000,  0.000,  0.000,  0.000]
Wengert{1} => [-0.000,  1.000, -14.420, -1.311,  7.000]
Wengert{2} => [-2.000,  1.000,  59.591, -90.239,  36.337]
Wengert{3} => [ 1.000, -1.000, -74.508,  171.225, -86.675]
Wengert{4} => [ 0.000, -0.000,  29.337, -79.675,  43.337]

		PolynomialSplineRegressor.N5Ck0._seg2_monotone=MONOTONIC    
		PolynomialSplineRegressor.N5Ck0._seg2_value_jack=Wengert{0} => [ 0.333,  0.667,  0.483, -4.897,  3.024]

		PolynomialSplineRegressor.N5Ck0.FinishTime=Fri Nov 02 23:28:21 EDT 2018
		PolynomialSplineRegressor.N5Ck0.ExecTime=332

		PolynomialSplineRegressor.N5Ck1.Success=true
		PolynomialSplineRegressor.N5Ck1._seg1_1_0=25.0
		PolynomialSplineRegressor.N5Ck1._seg1_3_0=20.249999999999986
		PolynomialSplineRegressor.N5Ck1._seg1_head_jack=Wengert{0} => [ 1.000,  0.000,  0.000,  0.000,  0.000]
Wengert{1} => [ 1.000,  0.000,  2.000,  0.000,  0.000]
Wengert{2} => [-6.132,  5.132, -8.265, -28.343,  19.338]
Wengert{3} => [ 6.167, -6.167,  10.334,  52.740, -36.398]
Wengert{4} => [-2.034,  2.034, -4.069, -24.398,  17.060]

		PolynomialSplineRegressor.N5Ck1._seg1_jack=Wengert{0} => [ 1.000,  0.000,  0.000,  0.000,  0.000]
Wengert{1} => [ 1.000,  0.000,  2.000,  0.000,  0.000]
Wengert{2} => [-6.132,  5.132, -8.265, -28.343,  19.338]
Wengert{3} => [ 6.167, -6.167,  10.334,  52.740, -36.398]
Wengert{4} => [-2.034,  2.034, -4.069, -24.398,  17.060]

		PolynomialSplineRegressor.N5Ck1._seg1_monotone=MONOTONIC    
		PolynomialSplineRegressor.N5Ck1._seg2_3_0=20.249999999999986
		PolynomialSplineRegressor.N5Ck1._seg2_6_0=14.000000000000014
		PolynomialSplineRegressor.N5Ck1._seg2_head_jack=Wengert{0} => [ 1.000,  0.000,  0.000,  0.000,  0.000]
Wengert{1} => [ 1.000,  0.000,  3.000,  0.000,  0.000]
Wengert{2} => [-6.132,  5.132, -12.397, -95.657,  65.266]
Wengert{3} => [ 6.167, -6.167,  15.501,  177.999, -122.844]
Wengert{4} => [-2.034,  2.034, -6.103, -82.342,  57.579]

		PolynomialSplineRegressor.N5Ck1._seg2_jack=Wengert{0} => [ 1.000,  0.000,  0.000,  0.000,  0.000]
Wengert{1} => [ 1.000,  0.000,  3.000,  0.000,  0.000]
Wengert{2} => [-6.132,  5.132, -12.397, -95.657,  65.266]
Wengert{3} => [ 6.167, -6.167,  15.501,  177.999, -122.844]
Wengert{4} => [-2.034,  2.034, -6.103, -82.342,  57.579]

		PolynomialSplineRegressor.N5Ck1._seg2_monotone=MONOTONIC    
		PolynomialSplineRegressor.N5Ck1._seg2_value_jack=Wengert{0} => [ 0.300,  0.700, -0.100, -4.941,  3.258]

		PolynomialSplineRegressor.N5Ck1.FinishTime=Fri Nov 02 23:28:21 EDT 2018
		PolynomialSplineRegressor.N5Ck1.ExecTime=263

		PolynomialSplineRegressor.N5Ck2.Success=true
		PolynomialSplineRegressor.N5Ck2._seg1_1_0=25.0
		PolynomialSplineRegressor.N5Ck2._seg1_3_0=20.25
		PolynomialSplineRegressor.N5Ck2._seg1_head_jack=Wengert{0} => [ 1.000,  0.000,  0.000,  0.000,  0.000]
Wengert{1} => [ 1.000,  0.000,  2.000,  0.000,  0.000]
Wengert{2} => [-1.000,  0.000,  2.000,  2.000,  0.000]
Wengert{3} => [-3.384,  3.384, -8.767, -3.722, -0.414]
Wengert{4} => [ 2.384, -2.384,  4.767,  1.722,  0.414]

		PolynomialSplineRegressor.N5Ck2._seg1_jack=Wengert{0} => [ 1.000,  0.000,  0.000,  0.000,  0.000]
Wengert{1} => [ 1.000,  0.000,  2.000,  0.000,  0.000]
Wengert{2} => [-1.000,  0.000,  2.000,  2.000,  0.000]
Wengert{3} => [-3.384,  3.384, -8.767, -3.722, -0.414]
Wengert{4} => [ 2.384, -2.384,  4.767,  1.722,  0.414]

		PolynomialSplineRegressor.N5Ck2._seg1_monotone=MONOTONIC    
		PolynomialSplineRegressor.N5Ck2._seg2_3_0=20.25
		PolynomialSplineRegressor.N5Ck2._seg2_6_0=14.0
		PolynomialSplineRegressor.N5Ck2._seg2_head_jack=Wengert{0} => [ 1.000,  0.000,  0.000,  0.000,  0.000]
Wengert{1} => [ 1.000,  0.000,  3.000,  0.000,  0.000]
Wengert{2} => [-1.000,  0.000,  3.000,  4.500,  0.000]
Wengert{3} => [-3.384,  3.384, -13.151, -8.374, -1.398]
Wengert{4} => [ 2.384, -2.384,  7.151,  3.874,  1.398]

		PolynomialSplineRegressor.N5Ck2._seg2_jack=Wengert{0} => [ 1.000,  0.000,  0.000,  0.000,  0.000]
Wengert{1} => [ 1.000,  0.000,  3.000,  0.000,  0.000]
Wengert{2} => [-1.000,  0.000,  3.000,  4.500,  0.000]
Wengert{3} => [-3.384,  3.384, -13.151, -8.374, -1.398]
Wengert{4} => [ 2.384, -2.384,  7.151,  3.874,  1.398]

		PolynomialSplineRegressor.N5Ck2._seg2_monotone=MONOTONIC    
		PolynomialSplineRegressor.N5Ck2._seg2_value_jack=Wengert{0} => [ 0.565,  0.435,  0.695,  0.232, -0.113]

		PolynomialSplineRegressor.N5Ck2.FinishTime=Fri Nov 02 23:28:21 EDT 2018
		PolynomialSplineRegressor.N5Ck2.ExecTime=259

		PolynomialSplineRegressor.N5Ck3.Success=true
		PolynomialSplineRegressor.N5Ck3._seg1_1_0=25.0
		PolynomialSplineRegressor.N5Ck3._seg1_3_0=20.25
		PolynomialSplineRegressor.N5Ck3._seg1_head_jack=Wengert{0} => [ 1.000,  0.000,  0.000,  0.000,  0.000]
Wengert{1} => [ 1.000,  0.000,  2.000,  0.000,  0.000]
Wengert{2} => [-1.000,  0.000,  2.000,  2.000,  0.000]
Wengert{3} => [ 0.002,  0.000, -2.000,  2.000,  1.333]
Wengert{4} => [-1.002,  1.000, -2.000, -4.000, -1.333]

		PolynomialSplineRegressor.N5Ck3._seg1_jack=Wengert{0} => [ 1.000,  0.000,  0.000,  0.000,  0.000]
Wengert{1} => [ 1.000,  0.000,  2.000,  0.000,  0.000]
Wengert{2} => [-1.000,  0.000,  2.000,  2.000,  0.000]
Wengert{3} => [ 0.002,  0.000, -2.000,  2.000,  1.333]
Wengert{4} => [-1.002,  1.000, -2.000, -4.000, -1.333]

		PolynomialSplineRegressor.N5Ck3._seg1_monotone=MONOTONIC    
		PolynomialSplineRegressor.N5Ck3._seg2_3_0=20.25
		PolynomialSplineRegressor.N5Ck3._seg2_6_0=13.999999999999996
		PolynomialSplineRegressor.N5Ck3._seg2_head_jack=Wengert{0} => [ 1.000,  0.000,  0.000,  0.000,  0.000]
Wengert{1} => [ 1.000,  0.000,  3.000,  0.000,  0.000]
Wengert{2} => [-1.000,  0.000,  3.000,  4.500,  0.000]
Wengert{3} => [ 0.002,  0.000, -3.000,  4.500,  4.500]
Wengert{4} => [-1.002,  1.000, -3.000, -9.000, -4.500]

		PolynomialSplineRegressor.N5Ck3._seg2_jack=Wengert{0} => [ 1.000,  0.000,  0.000,  0.000,  0.000]
Wengert{1} => [ 1.000,  0.000,  3.000,  0.000,  0.000]
Wengert{2} => [-1.000,  0.000,  3.000,  4.500,  0.000]
Wengert{3} => [ 0.002,  0.000, -3.000,  4.500,  4.500]
Wengert{4} => [-1.002,  1.000, -3.000, -9.000, -4.500]

		PolynomialSplineRegressor.N5Ck3._seg2_monotone=MONOTONIC    
		PolynomialSplineRegressor.N5Ck3._seg2_value_jack=Wengert{0} => [ 0.839,  0.162,  1.515,  1.273,  0.364]

		PolynomialSplineRegressor.N5Ck3.FinishTime=Fri Nov 02 23:28:21 EDT 2018
		PolynomialSplineRegressor.N5Ck3.ExecTime=171

		PolynomialSplineRegressor.N6Ck0.Success=true
		PolynomialSplineRegressor.N6Ck0._seg1_1_0=25.0
		PolynomialSplineRegressor.N6Ck0._seg1_3_0=20.249999999999996
		PolynomialSplineRegressor.N6Ck0._seg1_head_jack=Wengert{0} => [ 1.000,  0.000,  0.000,  0.000,  0.000,  0.000]
Wengert{1} => [-0.000,  1.000, -3.726, -3.696,  6.532, -1.783]
Wengert{2} => [-2.000,  1.000,  21.678, -51.052,  43.535, -13.107]
Wengert{3} => [ 1.000, -1.000, -43.631,  181.070, -201.329,  70.259]
Wengert{4} => [-0.000,  0.000,  37.003, -194.798,  243.545, -92.282]
Wengert{5} => [ 0.000, -0.000, -11.324,  68.476, -92.282,  36.913]

		PolynomialSplineRegressor.N6Ck0._seg1_jack=Wengert{0} => [ 1.000,  0.000,  0.000,  0.000,  0.000,  0.000]
Wengert{1} => [-0.000,  1.000, -3.726, -3.696,  6.532, -1.783]
Wengert{2} => [-2.000,  1.000,  21.678, -51.052,  43.535, -13.107]
Wengert{3} => [ 1.000, -1.000, -43.631,  181.070, -201.329,  70.259]
Wengert{4} => [-0.000,  0.000,  37.003, -194.798,  243.545, -92.282]
Wengert{5} => [ 0.000, -0.000, -11.324,  68.476, -92.282,  36.913]

		PolynomialSplineRegressor.N6Ck0._seg1_monotone=MONOTONIC    
		PolynomialSplineRegressor.N6Ck0._seg2_3_0=20.249999999999996
		PolynomialSplineRegressor.N6Ck0._seg2_6_0=14.0
		PolynomialSplineRegressor.N6Ck0._seg2_head_jack=Wengert{0} => [ 1.000,  0.000,  0.000,  0.000,  0.000,  0.000]
Wengert{1} => [-0.000,  1.000, -12.574, -12.475,  22.045, -6.018]
Wengert{2} => [-2.000,  1.000,  73.162, -172.302,  146.929, -44.237]
Wengert{3} => [ 1.000, -1.000, -147.254,  611.112, -679.487,  237.125]
Wengert{4} => [-0.000,  0.000,  124.884, -657.442,  821.963, -311.450]
Wengert{5} => [ 0.000, -0.000, -38.219,  231.107, -311.450,  124.580]

		PolynomialSplineRegressor.N6Ck0._seg2_jack=Wengert{0} => [ 1.000,  0.000,  0.000,  0.000,  0.000,  0.000]
Wengert{1} => [-0.000,  1.000, -12.574, -12.475,  22.045, -6.018]
Wengert{2} => [-2.000,  1.000,  73.162, -172.302,  146.929, -44.237]
Wengert{3} => [ 1.000, -1.000, -147.254,  611.112, -679.487,  237.125]
Wengert{4} => [-0.000,  0.000,  124.884, -657.442,  821.963, -311.450]
Wengert{5} => [ 0.000, -0.000, -38.219,  231.107, -311.450,  124.580]

		PolynomialSplineRegressor.N6Ck0._seg2_monotone=MONOTONIC    
		PolynomialSplineRegressor.N6Ck0._seg2_value_jack=Wengert{0} => [ 0.333,  0.667,  0.113, -2.664,  0.015,  1.204]

		PolynomialSplineRegressor.N6Ck0.FinishTime=Fri Nov 02 23:28:21 EDT 2018
		PolynomialSplineRegressor.N6Ck0.ExecTime=518

		PolynomialSplineRegressor.N6Ck1.Success=true
		PolynomialSplineRegressor.N6Ck1._seg1_1_0=25.0
		PolynomialSplineRegressor.N6Ck1._seg1_3_0=20.249999999999886
		PolynomialSplineRegressor.N6Ck1._seg1_head_jack=Wengert{0} => [ 1.000,  0.000,  0.000,  0.000,  0.000,  0.000]
Wengert{1} => [ 1.000,  0.000,  2.000,  0.000,  0.000,  0.000]
Wengert{2} => [-7.819,  6.819, -11.637, -72.559,  81.540, -23.482]
Wengert{3} => [ 12.711, -12.711,  23.422,  224.355, -277.822,  91.140]
Wengert{4} => [-9.932,  9.932, -19.864, -231.508,  308.418, -109.991]
Wengert{5} => [ 3.040, -3.040,  6.079,  79.711, -112.135,  42.332]

		PolynomialSplineRegressor.N6Ck1._seg1_jack=Wengert{0} => [ 1.000,  0.000,  0.000,  0.000,  0.000,  0.000]
Wengert{1} => [ 1.000,  0.000,  2.000,  0.000,  0.000,  0.000]
Wengert{2} => [-7.819,  6.819, -11.637, -72.559,  81.540, -23.482]
Wengert{3} => [ 12.711, -12.711,  23.422,  224.355, -277.822,  91.140]
Wengert{4} => [-9.932,  9.932, -19.864, -231.508,  308.418, -109.991]
Wengert{5} => [ 3.040, -3.040,  6.079,  79.711, -112.135,  42.332]

		PolynomialSplineRegressor.N6Ck1._seg1_monotone=MONOTONIC    
		PolynomialSplineRegressor.N6Ck1._seg2_3_0=20.249999999999886
		PolynomialSplineRegressor.N6Ck1._seg2_6_0=14.000000000000867
		PolynomialSplineRegressor.N6Ck1._seg2_head_jack=Wengert{0} => [ 1.000,  0.000,  0.000,  0.000,  0.000,  0.000]
Wengert{1} => [ 1.000,  0.000,  3.000,  0.000,  0.000,  0.000]
Wengert{2} => [-7.819,  6.819, -17.456, -244.885,  275.196, -79.251]
Wengert{3} => [ 12.711, -12.711,  35.133,  757.200, -937.650,  307.598]
Wengert{4} => [-9.932,  9.932, -29.796, -781.338,  1040.910, -371.218]
Wengert{5} => [ 3.040, -3.040,  9.119,  269.024, -378.456,  142.871]

		PolynomialSplineRegressor.N6Ck1._seg2_jack=Wengert{0} => [ 1.000,  0.000,  0.000,  0.000,  0.000,  0.000]
Wengert{1} => [ 1.000,  0.000,  3.000,  0.000,  0.000,  0.000]
Wengert{2} => [-7.819,  6.819, -17.456, -244.885,  275.196, -79.251]
Wengert{3} => [ 12.711, -12.711,  35.133,  757.200, -937.650,  307.598]
Wengert{4} => [-9.932,  9.932, -29.796, -781.338,  1040.910, -371.218]
Wengert{5} => [ 3.040, -3.040,  9.119,  269.024, -378.456,  142.871]

		PolynomialSplineRegressor.N6Ck1._seg2_monotone=MONOTONIC    
		PolynomialSplineRegressor.N6Ck1._seg2_value_jack=Wengert{0} => [ 0.324,  0.676, -0.027, -2.777,  0.214,  1.149]

		PolynomialSplineRegressor.N6Ck1.FinishTime=Fri Nov 02 23:28:21 EDT 2018
		PolynomialSplineRegressor.N6Ck1.ExecTime=458

		PolynomialSplineRegressor.N6Ck2.Success=true
		PolynomialSplineRegressor.N6Ck2._seg1_1_0=25.0
		PolynomialSplineRegressor.N6Ck2._seg1_3_0=20.25000000000064
		PolynomialSplineRegressor.N6Ck2._seg1_head_jack=Wengert{0} => [ 1.000,  0.000,  0.000,  0.000,  0.000,  0.000]
Wengert{1} => [ 1.000,  0.000,  2.000,  0.000,  0.000,  0.000]
Wengert{2} => [-1.000,  0.000,  2.000,  2.000,  0.000,  0.000]
Wengert{3} => [-8.372,  8.372, -18.745, -6.184, -25.697,  18.533]
Wengert{4} => [ 11.823, -11.823,  23.647,  6.381,  48.255, -35.069]
Wengert{5} => [-4.451,  4.451, -8.902, -2.197, -22.558,  16.536]

		PolynomialSplineRegressor.N6Ck2._seg1_jack=Wengert{0} => [ 1.000,  0.000,  0.000,  0.000,  0.000,  0.000]
Wengert{1} => [ 1.000,  0.000,  2.000,  0.000,  0.000,  0.000]
Wengert{2} => [-1.000,  0.000,  2.000,  2.000,  0.000,  0.000]
Wengert{3} => [-8.372,  8.372, -18.745, -6.184, -25.697,  18.533]
Wengert{4} => [ 11.823, -11.823,  23.647,  6.381,  48.255, -35.069]
Wengert{5} => [-4.451,  4.451, -8.902, -2.197, -22.558,  16.536]

		PolynomialSplineRegressor.N6Ck2._seg1_monotone=MONOTONIC    
		PolynomialSplineRegressor.N6Ck2._seg2_3_0=20.25000000000064
		PolynomialSplineRegressor.N6Ck2._seg2_6_0=14.0
		PolynomialSplineRegressor.N6Ck2._seg2_head_jack=Wengert{0} => [ 1.000,  0.000,  0.000,  0.000,  0.000,  0.000]
Wengert{1} => [ 1.000,  0.000,  3.000,  0.000,  0.000,  0.000]
Wengert{2} => [-1.000,  0.000,  3.000,  4.500,  0.000,  0.000]
Wengert{3} => [-8.372,  8.372, -28.117, -13.914, -86.727,  62.549]
Wengert{4} => [ 11.823, -11.823,  35.470,  14.358,  162.860, -118.357]
Wengert{5} => [-4.451,  4.451, -13.353, -4.944, -76.133,  55.808]

		PolynomialSplineRegressor.N6Ck2._seg2_jack=Wengert{0} => [ 1.000,  0.000,  0.000,  0.000,  0.000,  0.000]
Wengert{1} => [ 1.000,  0.000,  3.000,  0.000,  0.000,  0.000]
Wengert{2} => [-1.000,  0.000,  3.000,  4.500,  0.000,  0.000]
Wengert{3} => [-8.372,  8.372, -28.117, -13.914, -86.727,  62.549]
Wengert{4} => [ 11.823, -11.823,  35.470,  14.358,  162.860, -118.357]
Wengert{5} => [-4.451,  4.451, -13.353, -4.944, -76.133,  55.808]

		PolynomialSplineRegressor.N6Ck2._seg2_monotone=MONOTONIC    
		PolynomialSplineRegressor.N6Ck2._seg2_value_jack=Wengert{0} => [ 0.402,  0.598,  0.205,  0.051, -2.907,  2.048]

		PolynomialSplineRegressor.N6Ck2.FinishTime=Fri Nov 02 23:28:21 EDT 2018
		PolynomialSplineRegressor.N6Ck2.ExecTime=410

		PolynomialSplineRegressor.N6Ck3.Success=true
		PolynomialSplineRegressor.N6Ck3._seg1_1_0=25.0
		PolynomialSplineRegressor.N6Ck3._seg1_3_0=20.250000000000018
		PolynomialSplineRegressor.N6Ck3._seg1_head_jack=Wengert{0} => [ 1.000,  0.000,  0.000,  0.000,  0.000,  0.000]
Wengert{1} => [ 1.000,  0.000,  2.000,  0.000,  0.000,  0.000]
Wengert{2} => [-1.000,  0.000,  2.000,  2.000,  0.000,  0.000]
Wengert{3} => [ 0.002,  0.000, -2.000,  2.000,  1.333,  0.000]
Wengert{4} => [-3.903,  3.899, -7.797, -8.987, -2.504, -0.267]
Wengert{5} => [ 2.901, -2.899,  5.797,  4.987,  1.170,  0.267]

		PolynomialSplineRegressor.N6Ck3._seg1_jack=Wengert{0} => [ 1.000,  0.000,  0.000,  0.000,  0.000,  0.000]
Wengert{1} => [ 1.000,  0.000,  2.000,  0.000,  0.000,  0.000]
Wengert{2} => [-1.000,  0.000,  2.000,  2.000,  0.000,  0.000]
Wengert{3} => [ 0.002,  0.000, -2.000,  2.000,  1.333,  0.000]
Wengert{4} => [-3.903,  3.899, -7.797, -8.987, -2.504, -0.267]
Wengert{5} => [ 2.901, -2.899,  5.797,  4.987,  1.170,  0.267]

		PolynomialSplineRegressor.N6Ck3._seg1_monotone=MONOTONIC    
		PolynomialSplineRegressor.N6Ck3._seg2_3_0=20.250000000000018
		PolynomialSplineRegressor.N6Ck3._seg2_6_0=14.00000000000001
		PolynomialSplineRegressor.N6Ck3._seg2_head_jack=Wengert{0} => [ 1.000,  0.000,  0.000,  0.000,  0.000,  0.000]
Wengert{1} => [ 1.000,  0.000,  3.000,  0.000,  0.000,  0.000]
Wengert{2} => [-1.000,  0.000,  3.000,  4.500,  0.000,  0.000]
Wengert{3} => [ 0.002,  0.000, -3.000,  4.500,  4.500,  0.000]
Wengert{4} => [-3.903,  3.899, -11.696, -20.221, -8.450, -0.900]
Wengert{5} => [ 2.901, -2.899,  8.696,  11.221,  3.950,  0.900]

		PolynomialSplineRegressor.N6Ck3._seg2_jack=Wengert{0} => [ 1.000,  0.000,  0.000,  0.000,  0.000,  0.000]
Wengert{1} => [ 1.000,  0.000,  3.000,  0.000,  0.000,  0.000]
Wengert{2} => [-1.000,  0.000,  3.000,  4.500,  0.000,  0.000]
Wengert{3} => [ 0.002,  0.000, -3.000,  4.500,  4.500,  0.000]
Wengert{4} => [-3.903,  3.899, -11.696, -20.221, -8.450, -0.900]
Wengert{5} => [ 2.901, -2.899,  8.696,  11.221,  3.950,  0.900]

		PolynomialSplineRegressor.N6Ck3._seg2_monotone=MONOTONIC    
		PolynomialSplineRegressor.N6Ck3._seg2_value_jack=Wengert{0} => [ 0.682,  0.318,  1.047,  0.668,  0.151, -0.048]

		PolynomialSplineRegressor.N6Ck3.FinishTime=Fri Nov 02 23:28:21 EDT 2018
		PolynomialSplineRegressor.N6Ck3.ExecTime=359

		PolynomialSplineRegressor.N6Ck4.Success=true
		PolynomialSplineRegressor.N6Ck4._seg1_1_0=25.0
		PolynomialSplineRegressor.N6Ck4._seg1_3_0=20.250000000000455
		PolynomialSplineRegressor.N6Ck4._seg1_head_jack=Wengert{0} => [ 1.000,  0.000,  0.000,  0.000,  0.000,  0.000]
Wengert{1} => [ 1.000,  0.000,  2.000,  0.000,  0.000,  0.000]
Wengert{2} => [-1.000,  0.000,  2.000,  2.000,  0.000,  0.000]
Wengert{3} => [ 0.002,  0.000, -2.000,  2.000,  1.333,  0.000]
Wengert{4} => [-110.644,  0.000,  0.004, -2.000,  1.333,  0.667]
Wengert{5} => [ 109.642,  1.000, -2.004, -2.000, -2.667, -0.667]

		PolynomialSplineRegressor.N6Ck4._seg1_jack=Wengert{0} => [ 1.000,  0.000,  0.000,  0.000,  0.000,  0.000]
Wengert{1} => [ 1.000,  0.000,  2.000,  0.000,  0.000,  0.000]
Wengert{2} => [-1.000,  0.000,  2.000,  2.000,  0.000,  0.000]
Wengert{3} => [ 0.002,  0.000, -2.000,  2.000,  1.333,  0.000]
Wengert{4} => [-110.644,  0.000,  0.004, -2.000,  1.333,  0.667]
Wengert{5} => [ 109.642,  1.000, -2.004, -2.000, -2.667, -0.667]

		PolynomialSplineRegressor.N6Ck4._seg1_monotone=MONOTONIC    
		PolynomialSplineRegressor.N6Ck4._seg2_3_0=20.250000000000455
		PolynomialSplineRegressor.N6Ck4._seg2_6_0=14.000000000000455
		PolynomialSplineRegressor.N6Ck4._seg2_head_jack=Wengert{0} => [ 1.000,  0.000,  0.000,  0.000,  0.000,  0.000]
Wengert{1} => [ 1.000,  0.000,  3.000,  0.000,  0.000,  0.000]
Wengert{2} => [-1.000,  0.000,  3.000,  4.500,  0.000,  0.000]
Wengert{3} => [ 0.002,  0.000, -3.000,  4.500,  4.500,  0.000]
Wengert{4} => [-110.644,  0.000,  0.007, -4.500,  4.500,  3.375]
Wengert{5} => [ 109.642,  1.000, -3.007, -4.500, -9.000, -3.375]

		PolynomialSplineRegressor.N6Ck4._seg2_jack=Wengert{0} => [ 1.000,  0.000,  0.000,  0.000,  0.000,  0.000]
Wengert{1} => [ 1.000,  0.000,  3.000,  0.000,  0.000,  0.000]
Wengert{2} => [-1.000,  0.000,  3.000,  4.500,  0.000,  0.000]
Wengert{3} => [ 0.002,  0.000, -3.000,  4.500,  4.500,  0.000]
Wengert{4} => [-110.644,  0.000,  0.007, -4.500,  4.500,  3.375]
Wengert{5} => [ 109.642,  1.000, -3.007, -4.500, -9.000, -3.375]

		PolynomialSplineRegressor.N6Ck4._seg2_monotone=MONOTONIC    
		PolynomialSplineRegressor.N6Ck4._seg2_value_jack=Wengert{0} => [-5.068,  0.108,  1.677,  1.515,  0.848,  0.182]

		PolynomialSplineRegressor.N6Ck4.FinishTime=Fri Nov 02 23:28:21 EDT 2018
		PolynomialSplineRegressor.N6Ck4.ExecTime=313

		PolynomialSplineRegressor.N7Ck0.Success=true
		PolynomialSplineRegressor.N7Ck0._seg1_1_0=25.0
		PolynomialSplineRegressor.N7Ck0._seg1_3_0=20.249999999999563
		PolynomialSplineRegressor.N7Ck0._seg1_head_jack=Wengert{0} => [ 1.000,  0.000,  0.000,  0.000,  0.000,  0.000,  0.000]
Wengert{1} => [-0.000,  1.000, -3.617, -9.425,  22.905, -17.971,  5.396]
Wengert{2} => [-2.000,  1.000,  22.098, -73.131,  106.641, -75.500,  20.798]
Wengert{3} => [ 1.000, -1.000, -60.090,  1046.450, -2674.806,  2515.743, -815.161]
Wengert{4} => [-0.000,  0.000,  83.736, -2651.901,  7266.572, -7035.829,  2314.516]
Wengert{5} => [ 0.000, -0.000, -57.529,  2497.772, -7035.829,  6901.879, -2288.322]
Wengert{6} => [-0.000,  0.000,  15.401, -809.765,  2314.516, -2288.322,  762.774]

		PolynomialSplineRegressor.N7Ck0._seg1_jack=Wengert{0} => [ 1.000,  0.000,  0.000,  0.000,  0.000,  0.000,  0.000]
Wengert{1} => [-0.000,  1.000, -3.617, -9.425,  22.905, -17.971,  5.396]
Wengert{2} => [-2.000,  1.000,  22.098, -73.131,  106.641, -75.500,  20.798]
Wengert{3} => [ 1.000, -1.000, -60.090,  1046.450, -2674.806,  2515.743, -815.161]
Wengert{4} => [-0.000,  0.000,  83.736, -2651.901,  7266.572, -7035.829,  2314.516]
Wengert{5} => [ 0.000, -0.000, -57.529,  2497.772, -7035.829,  6901.879, -2288.322]
Wengert{6} => [-0.000,  0.000,  15.401, -809.765,  2314.516, -2288.322,  762.774]

		PolynomialSplineRegressor.N7Ck0._seg1_monotone=MONOTONIC    
		PolynomialSplineRegressor.N7Ck0._seg2_3_0=20.249999999999563
		PolynomialSplineRegressor.N7Ck0._seg2_6_0=13.999999999999392
		PolynomialSplineRegressor.N7Ck0._seg2_head_jack=Wengert{0} => [ 1.000,  0.000,  0.000,  0.000,  0.000,  0.000,  0.000]
Wengert{1} => [-0.000,  1.000, -12.206, -31.808,  77.305, -60.653,  18.212]
Wengert{2} => [-2.000,  1.000,  74.579, -246.818,  359.915, -254.812,  70.192]
Wengert{3} => [ 1.000, -1.000, -202.804,  3531.769, -9027.470,  8490.633, -2751.169]
Wengert{4} => [-0.000,  0.000,  282.609, -8950.165,  24524.682, -23745.922,  7811.491]
Wengert{5} => [ 0.000, -0.000, -194.159,  8429.980, -23745.922,  23293.841, -7723.087]
Wengert{6} => [-0.000,  0.000,  51.980, -2732.958,  7811.491, -7723.087,  2574.362]

		PolynomialSplineRegressor.N7Ck0._seg2_jack=Wengert{0} => [ 1.000,  0.000,  0.000,  0.000,  0.000,  0.000,  0.000]
Wengert{1} => [-0.000,  1.000, -12.206, -31.808,  77.305, -60.653,  18.212]
Wengert{2} => [-2.000,  1.000,  74.579, -246.818,  359.915, -254.812,  70.192]
Wengert{3} => [ 1.000, -1.000, -202.804,  3531.769, -9027.470,  8490.633, -2751.169]
Wengert{4} => [-0.000,  0.000,  282.609, -8950.165,  24524.682, -23745.922,  7811.491]
Wengert{5} => [ 0.000, -0.000, -194.159,  8429.980, -23745.922,  23293.841, -7723.087]
Wengert{6} => [-0.000,  0.000,  51.980, -2732.958,  7811.491, -7723.087,  2574.362]

		PolynomialSplineRegressor.N7Ck0._seg2_monotone=MONOTONIC    
		PolynomialSplineRegressor.N7Ck0._seg2_value_jack=Wengert{0} => [ 0.333,  0.667, -0.214,  14.567, -49.237,  49.897, -16.231]

		PolynomialSplineRegressor.N7Ck0.FinishTime=Fri Nov 02 23:28:21 EDT 2018
		PolynomialSplineRegressor.N7Ck0.ExecTime=779

		PolynomialSplineRegressor.N7Ck1.Success=true
		PolynomialSplineRegressor.N7Ck1._seg1_1_0=25.0
		PolynomialSplineRegressor.N7Ck1._seg1_3_0=20.249999999985732
		PolynomialSplineRegressor.N7Ck1._seg1_head_jack=Wengert{0} => [ 1.000,  0.000,  0.000,  0.000,  0.000,  0.000,  0.000]
Wengert{1} => [ 1.000,  0.000,  2.000,  0.000,  0.000,  0.000,  0.000]
Wengert{2} => [-8.110,  7.110, -12.220, -130.715,  246.591, -185.303,  53.767]
Wengert{3} => [ 17.615, -17.615,  33.229,  1203.038, -3055.370,  2814.330, -904.815]
Wengert{4} => [-23.153,  23.153, -46.305, -2870.107,  7796.893, -7451.914,  2439.450]
Wengert{5} => [ 15.906, -15.906,  31.813,  2647.685, -7400.171,  7187.738, -2374.155]
Wengert{6} => [-4.258,  4.258, -8.517, -849.900,  2412.057, -2364.852,  785.753]

		PolynomialSplineRegressor.N7Ck1._seg1_jack=Wengert{0} => [ 1.000,  0.000,  0.000,  0.000,  0.000,  0.000,  0.000]
Wengert{1} => [ 1.000,  0.000,  2.000,  0.000,  0.000,  0.000,  0.000]
Wengert{2} => [-8.110,  7.110, -12.220, -130.715,  246.591, -185.303,  53.767]
Wengert{3} => [ 17.615, -17.615,  33.229,  1203.038, -3055.370,  2814.330, -904.815]
Wengert{4} => [-23.153,  23.153, -46.305, -2870.107,  7796.893, -7451.914,  2439.450]
Wengert{5} => [ 15.906, -15.906,  31.813,  2647.685, -7400.171,  7187.738, -2374.155]
Wengert{6} => [-4.258,  4.258, -8.517, -849.900,  2412.057, -2364.852,  785.753]

		PolynomialSplineRegressor.N7Ck1._seg1_monotone=MONOTONIC    
		PolynomialSplineRegressor.N7Ck1._seg2_3_0=20.249999999985732
		PolynomialSplineRegressor.N7Ck1._seg2_6_0=14.000000000006366
		PolynomialSplineRegressor.N7Ck1._seg2_head_jack=Wengert{0} => [ 1.000,  0.000,  0.000,  0.000,  0.000,  0.000,  0.000]
Wengert{1} => [ 1.000,  0.000,  3.000,  0.000,  0.000,  0.000,  0.000]
Wengert{2} => [-8.110,  7.110, -18.330, -441.164,  832.244, -625.397,  181.464]
Wengert{3} => [ 17.615, -17.615,  49.844,  4060.252, -10311.873,  9498.364, -3053.752]
Wengert{4} => [-23.153,  23.153, -69.458, -9686.613,  26314.513, -25150.208,  8233.143]
Wengert{5} => [ 15.906, -15.906,  47.719,  8935.936, -24975.577,  24258.617, -8012.772]
Wengert{6} => [-4.258,  4.258, -12.775, -2868.412,  8140.692, -7981.376,  2651.916]

		PolynomialSplineRegressor.N7Ck1._seg2_jack=Wengert{0} => [ 1.000,  0.000,  0.000,  0.000,  0.000,  0.000,  0.000]
Wengert{1} => [ 1.000,  0.000,  3.000,  0.000,  0.000,  0.000,  0.000]
Wengert{2} => [-8.110,  7.110, -18.330, -441.164,  832.244, -625.397,  181.464]
Wengert{3} => [ 17.615, -17.615,  49.844,  4060.252, -10311.873,  9498.364, -3053.752]
Wengert{4} => [-23.153,  23.153, -69.458, -9686.613,  26314.513, -25150.208,  8233.143]
Wengert{5} => [ 15.906, -15.906,  47.719,  8935.936, -24975.577,  24258.617, -8012.772]
Wengert{6} => [-4.258,  4.258, -12.775, -2868.412,  8140.692, -7981.376,  2651.916]

		PolynomialSplineRegressor.N7Ck1._seg2_monotone=MONOTONIC    
		PolynomialSplineRegressor.N7Ck1._seg2_value_jack=Wengert{0} => [ 0.351,  0.649,  0.053,  15.125, -50.593,  50.962, -16.551]

		PolynomialSplineRegressor.N7Ck1.FinishTime=Fri Nov 02 23:28:21 EDT 2018
		PolynomialSplineRegressor.N7Ck1.ExecTime=729

		PolynomialSplineRegressor.N7Ck2.Success=true
		PolynomialSplineRegressor.N7Ck2._seg1_1_0=25.0
		PolynomialSplineRegressor.N7Ck2._seg1_3_0=20.25000000021339
		PolynomialSplineRegressor.N7Ck2._seg1_head_jack=Wengert{0} => [ 1.000,  0.000,  0.000,  0.000,  0.000,  0.000,  0.000]
Wengert{1} => [ 1.000,  0.000,  2.000,  0.000,  0.000,  0.000,  0.000]
Wengert{2} => [-1.000,  0.000,  2.000,  2.000,  0.000,  0.000,  0.000]
Wengert{3} => [-47.821,  47.821, -97.643, -18.407, -785.870,  1108.894, -409.969]
Wengert{4} => [ 132.959, -132.959,  265.919,  43.914,  2382.508, -3383.225,  1258.886]
Wengert{5} => [-128.107,  128.107, -256.215, -40.511, -2405.381,  3434.358, -1285.081]
Wengert{6} => [ 41.970, -41.970,  83.939,  13.004,  808.743, -1160.027,  436.163]

		PolynomialSplineRegressor.N7Ck2._seg1_jack=Wengert{0} => [ 1.000,  0.000,  0.000,  0.000,  0.000,  0.000,  0.000]
Wengert{1} => [ 1.000,  0.000,  2.000,  0.000,  0.000,  0.000,  0.000]
Wengert{2} => [-1.000,  0.000,  2.000,  2.000,  0.000,  0.000,  0.000]
Wengert{3} => [-47.821,  47.821, -97.643, -18.407, -785.870,  1108.894, -409.969]
Wengert{4} => [ 132.959, -132.959,  265.919,  43.914,  2382.508, -3383.225,  1258.886]
Wengert{5} => [-128.107,  128.107, -256.215, -40.511, -2405.381,  3434.358, -1285.081]
Wengert{6} => [ 41.970, -41.970,  83.939,  13.004,  808.743, -1160.027,  436.163]

		PolynomialSplineRegressor.N7Ck2._seg1_monotone=MONOTONIC    
		PolynomialSplineRegressor.N7Ck2._seg2_3_0=20.25000000021339
		PolynomialSplineRegressor.N7Ck2._seg2_6_0=14.000000000130285
		PolynomialSplineRegressor.N7Ck2._seg2_head_jack=Wengert{0} => [ 1.000,  0.000,  0.000,  0.000,  0.000,  0.000,  0.000]
Wengert{1} => [ 1.000,  0.000,  3.000,  0.000,  0.000,  0.000,  0.000]
Wengert{2} => [-1.000,  0.000,  3.000,  4.500,  0.000,  0.000,  0.000]
Wengert{3} => [-47.821,  47.821, -146.464, -41.416, -2652.311,  3742.517, -1383.646]
Wengert{4} => [ 132.959, -132.959,  398.878,  98.806,  8040.965, -11418.384,  4248.742]
Wengert{5} => [-128.107,  128.107, -384.322, -91.149, -8118.160,  11590.959, -4337.147]
Wengert{6} => [ 41.970, -41.970,  125.909,  29.259,  2729.507, -3915.091,  1472.051]

		PolynomialSplineRegressor.N7Ck2._seg2_jack=Wengert{0} => [ 1.000,  0.000,  0.000,  0.000,  0.000,  0.000,  0.000]
Wengert{1} => [ 1.000,  0.000,  3.000,  0.000,  0.000,  0.000,  0.000]
Wengert{2} => [-1.000,  0.000,  3.000,  4.500,  0.000,  0.000,  0.000]
Wengert{3} => [-47.821,  47.821, -146.464, -41.416, -2652.311,  3742.517, -1383.646]
Wengert{4} => [ 132.959, -132.959,  398.878,  98.806,  8040.965, -11418.384,  4248.742]
Wengert{5} => [-128.107,  128.107, -384.322, -91.149, -8118.160,  11590.959, -4337.147]
Wengert{6} => [ 41.970, -41.970,  125.909,  29.259,  2729.507, -3915.091,  1472.051]

		PolynomialSplineRegressor.N7Ck2._seg2_monotone=MONOTONIC    
		PolynomialSplineRegressor.N7Ck2._seg2_value_jack=Wengert{0} => [ 0.107,  0.893, -0.679, -0.154, -22.060,  29.520, -10.329]

		PolynomialSplineRegressor.N7Ck2.FinishTime=Fri Nov 02 23:28:21 EDT 2018
		PolynomialSplineRegressor.N7Ck2.ExecTime=667

		PolynomialSplineRegressor.N7Ck3.Success=true
		PolynomialSplineRegressor.N7Ck3._seg1_1_0=25.0
		PolynomialSplineRegressor.N7Ck3._seg1_3_0=20.250000000000014
		PolynomialSplineRegressor.N7Ck3._seg1_head_jack=Wengert{0} => [ 1.000,  0.000,  0.000,  0.000,  0.000,  0.000,  0.000]
Wengert{1} => [ 1.000,  0.000,  2.000,  0.000,  0.000,  0.000,  0.000]
Wengert{2} => [-1.000,  0.000,  2.000,  2.000,  0.000,  0.000,  0.000]
Wengert{3} => [ 0.002,  0.000, -2.000,  2.000,  1.333,  0.000,  0.000]
Wengert{4} => [-12.027,  12.020, -24.040, -17.954, -4.042, -21.411,  15.990]
Wengert{5} => [ 18.271, -18.264,  36.528,  21.951,  4.081,  40.270, -30.252]
Wengert{6} => [-7.246,  7.244, -14.487, -7.997, -1.372, -18.859,  14.262]

		PolynomialSplineRegressor.N7Ck3._seg1_jack=Wengert{0} => [ 1.000,  0.000,  0.000,  0.000,  0.000,  0.000,  0.000]
Wengert{1} => [ 1.000,  0.000,  2.000,  0.000,  0.000,  0.000,  0.000]
Wengert{2} => [-1.000,  0.000,  2.000,  2.000,  0.000,  0.000,  0.000]
Wengert{3} => [ 0.002,  0.000, -2.000,  2.000,  1.333,  0.000,  0.000]
Wengert{4} => [-12.027,  12.020, -24.040, -17.954, -4.042, -21.411,  15.990]
Wengert{5} => [ 18.271, -18.264,  36.528,  21.951,  4.081,  40.270, -30.252]
Wengert{6} => [-7.246,  7.244, -14.487, -7.997, -1.372, -18.859,  14.262]

		PolynomialSplineRegressor.N7Ck3._seg1_monotone=MONOTONIC    
		PolynomialSplineRegressor.N7Ck3._seg2_3_0=20.250000000000014
		PolynomialSplineRegressor.N7Ck3._seg2_6_0=14.000000000000014
		PolynomialSplineRegressor.N7Ck3._seg2_head_jack=Wengert{0} => [ 1.000,  0.000,  0.000,  0.000,  0.000,  0.000,  0.000]
Wengert{1} => [ 1.000,  0.000,  3.000,  0.000,  0.000,  0.000,  0.000]
Wengert{2} => [-1.000,  0.000,  3.000,  4.500,  0.000,  0.000,  0.000]
Wengert{3} => [ 0.002,  0.000, -3.000,  4.500,  4.500,  0.000,  0.000]
Wengert{4} => [-12.027,  12.020, -36.060, -40.396, -13.643, -72.262,  53.968]
Wengert{5} => [ 18.271, -18.264,  54.791,  49.389,  13.774,  135.911, -102.102]
Wengert{6} => [-7.246,  7.244, -21.731, -17.994, -4.631, -63.649,  48.134]

		PolynomialSplineRegressor.N7Ck3._seg2_jack=Wengert{0} => [ 1.000,  0.000,  0.000,  0.000,  0.000,  0.000,  0.000]
Wengert{1} => [ 1.000,  0.000,  3.000,  0.000,  0.000,  0.000,  0.000]
Wengert{2} => [-1.000,  0.000,  3.000,  4.500,  0.000,  0.000,  0.000]
Wengert{3} => [ 0.002,  0.000, -3.000,  4.500,  4.500,  0.000,  0.000]
Wengert{4} => [-12.027,  12.020, -36.060, -40.396, -13.643, -72.262,  53.968]
Wengert{5} => [ 18.271, -18.264,  54.791,  49.389,  13.774,  135.911, -102.102]
Wengert{6} => [-7.246,  7.244, -21.731, -17.994, -4.631, -63.649,  48.134]

		PolynomialSplineRegressor.N7Ck3._seg2_monotone=MONOTONIC    
		PolynomialSplineRegressor.N7Ck3._seg2_value_jack=Wengert{0} => [ 0.505,  0.495,  0.515,  0.228,  0.037, -1.607,  1.179]

		PolynomialSplineRegressor.N7Ck3.FinishTime=Fri Nov 02 23:28:21 EDT 2018
		PolynomialSplineRegressor.N7Ck3.ExecTime=594

		PolynomialSplineRegressor.N7Ck4.Success=true
		PolynomialSplineRegressor.N7Ck4._seg1_1_0=25.0
		PolynomialSplineRegressor.N7Ck4._seg1_3_0=20.250000000000455
		PolynomialSplineRegressor.N7Ck4._seg1_head_jack=Wengert{0} => [ 1.000,  0.000,  0.000,  0.000,  0.000,  0.000,  0.000]
Wengert{1} => [ 1.000,  0.000,  2.000,  0.000,  0.000,  0.000,  0.000]
Wengert{2} => [-1.000,  0.000,  2.000,  2.000,  0.000,  0.000,  0.000]
Wengert{3} => [ 0.002,  0.000, -2.000,  2.000,  1.333,  0.000,  0.000]
Wengert{4} => [-110.644,  0.000,  0.004, -2.000,  1.333,  0.667,  0.000]
Wengert{5} => [ 203.749,  4.344, -8.696, -8.055, -6.029, -1.254, -0.178]
Wengert{6} => [-94.108, -3.344,  6.691,  6.055,  3.363,  0.587,  0.178]

		PolynomialSplineRegressor.N7Ck4._seg1_jack=Wengert{0} => [ 1.000,  0.000,  0.000,  0.000,  0.000,  0.000,  0.000]
Wengert{1} => [ 1.000,  0.000,  2.000,  0.000,  0.000,  0.000,  0.000]
Wengert{2} => [-1.000,  0.000,  2.000,  2.000,  0.000,  0.000,  0.000]
Wengert{3} => [ 0.002,  0.000, -2.000,  2.000,  1.333,  0.000,  0.000]
Wengert{4} => [-110.644,  0.000,  0.004, -2.000,  1.333,  0.667,  0.000]
Wengert{5} => [ 203.749,  4.344, -8.696, -8.055, -6.029, -1.254, -0.178]
Wengert{6} => [-94.108, -3.344,  6.691,  6.055,  3.363,  0.587,  0.178]

		PolynomialSplineRegressor.N7Ck4._seg1_monotone=MONOTONIC    
		PolynomialSplineRegressor.N7Ck4._seg2_3_0=20.250000000000455
		PolynomialSplineRegressor.N7Ck4._seg2_6_0=13.999999999998863
		PolynomialSplineRegressor.N7Ck4._seg2_head_jack=Wengert{0} => [ 1.000,  0.000,  0.000,  0.000,  0.000,  0.000,  0.000]
Wengert{1} => [ 1.000,  0.000,  3.000,  0.000,  0.000,  0.000,  0.000]
Wengert{2} => [-1.000,  0.000,  3.000,  4.500,  0.000,  0.000,  0.000]
Wengert{3} => [ 0.002,  0.000, -3.000,  4.500,  4.500,  0.000,  0.000]
Wengert{4} => [-110.644,  0.000,  0.007, -4.500,  4.500,  3.375,  0.000]
Wengert{5} => [ 203.749,  4.344, -13.044, -18.123, -20.349, -6.348, -0.599]
Wengert{6} => [-94.108, -3.344,  10.037,  13.623,  11.349,  2.973,  0.599]

		PolynomialSplineRegressor.N7Ck4._seg2_jack=Wengert{0} => [ 1.000,  0.000,  0.000,  0.000,  0.000,  0.000,  0.000]
Wengert{1} => [ 1.000,  0.000,  3.000,  0.000,  0.000,  0.000,  0.000]
Wengert{2} => [-1.000,  0.000,  3.000,  4.500,  0.000,  0.000,  0.000]
Wengert{3} => [ 0.002,  0.000, -3.000,  4.500,  4.500,  0.000,  0.000]
Wengert{4} => [-110.644,  0.000,  0.007, -4.500,  4.500,  3.375,  0.000]
Wengert{5} => [ 203.749,  4.344, -13.044, -18.123, -20.349, -6.348, -0.599]
Wengert{6} => [-94.108, -3.344,  10.037,  13.623,  11.349,  2.973,  0.599]

		PolynomialSplineRegressor.N7Ck4._seg2_monotone=MONOTONIC    
		PolynomialSplineRegressor.N7Ck4._seg2_value_jack=Wengert{0} => [-1.688,  0.228,  1.317,  1.026,  0.441,  0.075, -0.022]

		PolynomialSplineRegressor.N7Ck4.FinishTime=Fri Nov 02 23:28:21 EDT 2018
		PolynomialSplineRegressor.N7Ck4.ExecTime=567

		PolynomialSplineRegressor.N7Ck5.Success=true
		PolynomialSplineRegressor.N7Ck5._seg1_1_0=25.0
		PolynomialSplineRegressor.N7Ck5._seg1_3_0=20.25000000745058
		PolynomialSplineRegressor.N7Ck5._seg1_head_jack=Wengert{0} => [ 1.000,  0.000,  0.000,  0.000,  0.000,  0.000,  0.000]
Wengert{1} => [ 1.000,  0.000,  2.000,  0.000,  0.000,  0.000,  0.000]
Wengert{2} => [-1.000,  0.000,  2.000,  2.000,  0.000,  0.000,  0.000]
Wengert{3} => [ 0.002,  0.000, -2.000,  2.000,  1.333,  0.000,  0.000]
Wengert{4} => [-110.644,  0.000,  0.004, -2.000,  1.333,  0.667,  0.000]
Wengert{5} => [ 2312735.336,  0.000, -221.288,  0.004, -1.333,  0.667,  0.267]
Wengert{6} => [-2312625.694,  1.000,  219.283, -2.004, -1.333, -1.333, -0.267]

		PolynomialSplineRegressor.N7Ck5._seg1_jack=Wengert{0} => [ 1.000,  0.000,  0.000,  0.000,  0.000,  0.000,  0.000]
Wengert{1} => [ 1.000,  0.000,  2.000,  0.000,  0.000,  0.000,  0.000]
Wengert{2} => [-1.000,  0.000,  2.000,  2.000,  0.000,  0.000,  0.000]
Wengert{3} => [ 0.002,  0.000, -2.000,  2.000,  1.333,  0.000,  0.000]
Wengert{4} => [-110.644,  0.000,  0.004, -2.000,  1.333,  0.667,  0.000]
Wengert{5} => [ 2312735.336,  0.000, -221.288,  0.004, -1.333,  0.667,  0.267]
Wengert{6} => [-2312625.694,  1.000,  219.283, -2.004, -1.333, -1.333, -0.267]

		PolynomialSplineRegressor.N7Ck5._seg1_monotone=MONOTONIC    
		PolynomialSplineRegressor.N7Ck5._seg2_3_0=20.25000000745058
		PolynomialSplineRegressor.N7Ck5._seg2_6_0=14.0
		PolynomialSplineRegressor.N7Ck5._seg2_head_jack=Wengert{0} => [ 1.000,  0.000,  0.000,  0.000,  0.000,  0.000,  0.000]
Wengert{1} => [ 1.000,  0.000,  3.000,  0.000,  0.000,  0.000,  0.000]
Wengert{2} => [-1.000,  0.000,  3.000,  4.500,  0.000,  0.000,  0.000]
Wengert{3} => [ 0.002,  0.000, -3.000,  4.500,  4.500,  0.000,  0.000]
Wengert{4} => [-110.644,  0.000,  0.007, -4.500,  4.500,  3.375,  0.000]
Wengert{5} => [ 2312735.336,  0.000, -331.931,  0.010, -4.500,  3.375,  2.025]
Wengert{6} => [-2312625.694,  1.000,  328.925, -4.510, -4.500, -6.750, -2.025]

		PolynomialSplineRegressor.N7Ck5._seg2_jack=Wengert{0} => [ 1.000,  0.000,  0.000,  0.000,  0.000,  0.000,  0.000]
Wengert{1} => [ 1.000,  0.000,  3.000,  0.000,  0.000,  0.000,  0.000]
Wengert{2} => [-1.000,  0.000,  3.000,  4.500,  0.000,  0.000,  0.000]
Wengert{3} => [ 0.002,  0.000, -3.000,  4.500,  4.500,  0.000,  0.000]
Wengert{4} => [-110.644,  0.000,  0.007, -4.500,  4.500,  3.375,  0.000]
Wengert{5} => [ 2312735.336,  0.000, -331.931,  0.010, -4.500,  3.375,  2.025]
Wengert{6} => [-2312625.694,  1.000,  328.925, -4.510, -4.500, -6.750, -2.025]

		PolynomialSplineRegressor.N7Ck5._seg2_monotone=MONOTONIC    
		PolynomialSplineRegressor.N7Ck5._seg2_value_jack=Wengert{0} => [ 83052.196,  0.072, -10.136,  1.677,  1.010,  0.424,  0.073]

		PolynomialSplineRegressor.N7Ck5.FinishTime=Fri Nov 02 23:28:21 EDT 2018
		PolynomialSplineRegressor.N7Ck5.ExecTime=494

		PolynomialSplineRegressor.ExpTension.Success=true
		PolynomialSplineRegressor.ExpTension._seg1_1_0=24.999999999999986
		PolynomialSplineRegressor.ExpTension._seg1_3_0=20.249999999999996
		PolynomialSplineRegressor.ExpTension._seg1_head_jack=Wengert{0} => [ 3.000,  0.000, -4.000, -4.000]
Wengert{1} => [ 6.216, -5.708,  25.814,  12.399]
Wengert{2} => [-3.608,  2.854, -9.907, -4.200]
Wengert{3} => [ 1.608, -2.854,  13.907,  8.200]

		PolynomialSplineRegressor.ExpTension._seg1_jack=Wengert{0} => [ 3.000,  0.000, -4.000, -4.000]
Wengert{1} => [ 6.216, -5.708,  25.814,  12.399]
Wengert{2} => [-3.608,  2.854, -9.907, -4.200]
Wengert{3} => [ 1.608, -2.854,  13.907,  8.200]

		PolynomialSplineRegressor.ExpTension._seg1_monotone=MONOTONIC    
		PolynomialSplineRegressor.ExpTension._seg2_3_0=20.249999999999968
		PolynomialSplineRegressor.ExpTension._seg2_6_0=13.99999999999995
		PolynomialSplineRegressor.ExpTension._seg2_head_jack=Wengert{0} => [ 3.000,  0.000, -6.000, -9.000]
Wengert{1} => [ 6.216, -5.708,  38.722,  27.898]
Wengert{2} => [-3.608,  2.854, -14.861, -9.449]
Wengert{3} => [ 1.608, -2.854,  20.861,  18.449]

		PolynomialSplineRegressor.ExpTension._seg2_jack=Wengert{0} => [ 3.000,  0.000, -6.000, -9.000]
Wengert{1} => [ 6.216, -5.708,  38.722,  27.898]
Wengert{2} => [-3.608,  2.854, -14.861, -9.449]
Wengert{3} => [ 1.608, -2.854,  20.861,  18.449]

		PolynomialSplineRegressor.ExpTension._seg2_monotone=MONOTONIC    
		PolynomialSplineRegressor.ExpTension._seg2_value_jack=Wengert{0} => [ 0.771,  0.236,  1.293,  0.545]

		PolynomialSplineRegressor.ExpTension.FinishTime=Fri Nov 02 23:28:21 EDT 2018
		PolynomialSplineRegressor.ExpTension.ExecTime=75

		PolynomialSplineRegressor.HyperTension.Success=true
		PolynomialSplineRegressor.HyperTension._seg1_1_0=24.999999999999993
		PolynomialSplineRegressor.HyperTension._seg1_3_0=20.249999999999996
		PolynomialSplineRegressor.HyperTension._seg1_head_jack=Wengert{0} => [ 3.000, -0.000, -4.000, -4.000]
Wengert{1} => [ 6.216, -5.708,  25.814,  12.399]
Wengert{2} => [-2.000,  0.000,  4.000,  4.000]
Wengert{3} => [-5.216,  5.708, -23.814, -12.399]

		PolynomialSplineRegressor.HyperTension._seg1_jack=Wengert{0} => [ 3.000, -0.000, -4.000, -4.000]
Wengert{1} => [ 6.216, -5.708,  25.814,  12.399]
Wengert{2} => [-2.000,  0.000,  4.000,  4.000]
Wengert{3} => [-5.216,  5.708, -23.814, -12.399]

		PolynomialSplineRegressor.HyperTension._seg1_monotone=MONOTONIC    
		PolynomialSplineRegressor.HyperTension._seg2_3_0=20.249999999999986
		PolynomialSplineRegressor.HyperTension._seg2_6_0=13.999999999999975
		PolynomialSplineRegressor.HyperTension._seg2_head_jack=Wengert{0} => [ 3.000, -0.000, -6.000, -9.000]
Wengert{1} => [ 6.216, -5.708,  38.722,  27.898]
Wengert{2} => [-2.000,  0.000,  6.000,  9.000]
Wengert{3} => [-5.216,  5.708, -35.722, -27.898]

		PolynomialSplineRegressor.HyperTension._seg2_jack=Wengert{0} => [ 3.000, -0.000, -6.000, -9.000]
Wengert{1} => [ 6.216, -5.708,  38.722,  27.898]
Wengert{2} => [-2.000,  0.000,  6.000,  9.000]
Wengert{3} => [-5.216,  5.708, -35.722, -27.898]

		PolynomialSplineRegressor.HyperTension._seg2_monotone=MONOTONIC    
		PolynomialSplineRegressor.HyperTension._seg2_value_jack=Wengert{0} => [ 0.771,  0.236,  1.293,  0.545]

		PolynomialSplineRegressor.HyperTension.FinishTime=Fri Nov 02 23:28:21 EDT 2018
		PolynomialSplineRegressor.HyperTension.ExecTime=134

		PolynomialSplineRegressor.KP.Success=true
		PolynomialSplineRegressor.KP._seg1_1_0=25.0
		PolynomialSplineRegressor.KP._seg1_3_0=20.25
		PolynomialSplineRegressor.KP._seg1_head_jack=Wengert{0} => [ 1.000,  0.000,  0.000,  0.000]
Wengert{1} => [ 0.000,  1.000,  0.000,  0.000]
Wengert{2} => [ 2.000, -1.000,  2.000,  0.000]
Wengert{3} => [ 3.000, -2.000,  6.000,  2.000]

		PolynomialSplineRegressor.KP._seg1_jack=Wengert{0} => [ 1.000,  0.000,  0.000,  0.000]
Wengert{1} => [ 0.000,  1.000,  0.000,  0.000]
Wengert{2} => [ 2.000, -1.000,  2.000,  0.000]
Wengert{3} => [ 3.000, -2.000,  6.000,  2.000]

		PolynomialSplineRegressor.KP._seg1_monotone=MONOTONIC    
		PolynomialSplineRegressor.KP._seg2_3_0=20.25
		PolynomialSplineRegressor.KP._seg2_6_0=14.0
		PolynomialSplineRegressor.KP._seg2_head_jack=Wengert{0} => [ 1.000,  0.000,  0.000,  0.000]
Wengert{1} => [ 0.000,  1.000,  0.000,  0.000]
Wengert{2} => [ 2.000, -1.000,  3.000,  0.000]
Wengert{3} => [ 3.000, -2.000,  9.000,  4.500]

		PolynomialSplineRegressor.KP._seg2_jack=Wengert{0} => [ 1.000,  0.000,  0.000,  0.000]
Wengert{1} => [ 0.000,  1.000,  0.000,  0.000]
Wengert{2} => [ 2.000, -1.000,  3.000,  0.000]
Wengert{3} => [ 3.000, -2.000,  9.000,  4.500]

		PolynomialSplineRegressor.KP._seg2_monotone=MONOTONIC    
		PolynomialSplineRegressor.KP._seg2_value_jack=Wengert{0} => [ 0.758,  0.242,  1.273,  0.545]

		PolynomialSplineRegressor.KP.FinishTime=Fri Nov 02 23:28:21 EDT 2018
		PolynomialSplineRegressor.KP.ExecTime=199

		PolynomialSplineRegressor.Bern_N4Ck2.Success=true
		PolynomialSplineRegressor.Bern_N4Ck2._seg1_1_0=25.0
		PolynomialSplineRegressor.Bern_N4Ck2._seg1_3_0=20.25
		PolynomialSplineRegressor.Bern_N4Ck2._seg1_head_jack=Wengert{0} => [ 6.000,  0.000,  0.000,  0.000]
Wengert{1} => [ 8.000,  0.000,  4.000,  0.000]
Wengert{2} => [ 8.000,  0.000,  12.000,  4.000]
Wengert{3} => [ 0.000,  6.000,  0.000,  0.000]

		PolynomialSplineRegressor.Bern_N4Ck2._seg1_jack=Wengert{0} => [ 6.000,  0.000,  0.000,  0.000]
Wengert{1} => [ 8.000,  0.000,  4.000,  0.000]
Wengert{2} => [ 8.000,  0.000,  12.000,  4.000]
Wengert{3} => [ 0.000,  6.000,  0.000,  0.000]

		PolynomialSplineRegressor.Bern_N4Ck2._seg1_monotone=MONOTONIC    
		PolynomialSplineRegressor.Bern_N4Ck2._seg2_3_0=20.25
		PolynomialSplineRegressor.Bern_N4Ck2._seg2_6_0=14.0
		PolynomialSplineRegressor.Bern_N4Ck2._seg2_head_jack=Wengert{0} => [ 6.000,  0.000,  0.000,  0.000]
Wengert{1} => [ 8.000,  0.000,  6.000,  0.000]
Wengert{2} => [ 8.000,  0.000,  18.000,  9.000]
Wengert{3} => [ 0.000,  6.000,  0.000,  0.000]

		PolynomialSplineRegressor.Bern_N4Ck2._seg2_jack=Wengert{0} => [ 6.000,  0.000,  0.000,  0.000]
Wengert{1} => [ 8.000,  0.000,  6.000,  0.000]
Wengert{2} => [ 8.000,  0.000,  18.000,  9.000]
Wengert{3} => [ 0.000,  6.000,  0.000,  0.000]

		PolynomialSplineRegressor.Bern_N4Ck2._seg2_monotone=MONOTONIC    
		PolynomialSplineRegressor.Bern_N4Ck2._seg2_value_jack=Wengert{0} => [ 0.758,  0.242,  1.273,  0.545]

		PolynomialSplineRegressor.Bern_N4Ck2.FinishTime=Fri Nov 02 23:28:21 EDT 2018
		PolynomialSplineRegressor.Bern_N4Ck2.ExecTime=269

		PolynomialSplineRegressor.Hermite_N4Ck1.Success=true
		PolynomialSplineRegressor.Hermite_N4Ck1._seg1_0_0=1.0
		PolynomialSplineRegressor.Hermite_N4Ck1._seg1_1_0=4.0
		PolynomialSplineRegressor.Hermite_N4Ck1._seg1_head_jack=Wengert{0} => [ 1.000,  0.000,  0.000,  0.000]
Wengert{1} => [ 1.000,  0.000,  1.000,  0.000]
Wengert{2} => [-5.000,  4.000, -2.000, -1.000]
Wengert{3} => [ 3.000, -3.000,  1.000,  1.000]

		PolynomialSplineRegressor.Hermite_N4Ck1._seg1_jack=Wengert{0} => [ 1.000,  0.000,  0.000,  0.000]
Wengert{1} => [ 1.000,  0.000,  1.000,  0.000]
Wengert{2} => [-5.000,  4.000, -2.000, -1.000]
Wengert{3} => [ 3.000, -3.000,  1.000,  1.000]

		PolynomialSplineRegressor.Hermite_N4Ck1._seg1_monotone=MONOTONIC    
		PolynomialSplineRegressor.Hermite_N4Ck1._seg2_1_0=4.0
		PolynomialSplineRegressor.Hermite_N4Ck1._seg2_2_0=14.0
		PolynomialSplineRegressor.Hermite_N4Ck1._seg2_head_jack=Wengert{0} => [ 1.000,  0.000,  0.000,  0.000]
Wengert{1} => [ 1.000,  0.000,  1.000,  0.000]
Wengert{2} => [-5.000,  4.000, -2.000, -1.000]
Wengert{3} => [ 3.000, -3.000,  1.000,  1.000]

		PolynomialSplineRegressor.Hermite_N4Ck1._seg2_jack=Wengert{0} => [ 1.000,  0.000,  0.000,  0.000]
Wengert{1} => [ 1.000,  0.000,  1.000,  0.000]
Wengert{2} => [-5.000,  4.000, -2.000, -1.000]
Wengert{3} => [ 3.000, -3.000,  1.000,  1.000]

		PolynomialSplineRegressor.Hermite_N4Ck1._seg2_monotone=MONOTONIC    
		PolynomialSplineRegressor.Hermite_N4Ck1._seg2_value_jack=Wengert{0} => [ 0.500,  0.500,  0.100, -0.100]

		PolynomialSplineRegressor.Hermite_N4Ck1.FinishTime=Fri Nov 02 23:28:21 EDT 2018
		PolynomialSplineRegressor.Hermite_N4Ck1.ExecTime=58

		PolynomialSplineRegressor.Hermite_Bessel_CatmullRom_Cardinal_N4Ck1.Success=true
		PolynomialSplineRegressor.Hermite_Bessel_CatmullRom_Cardinal_N4Ck1.hermite_bessel_catmullrom_cardinal_n4ck1_local_c1_bessel_hermite_0.0= 1.00 | MINIMA       
		PolynomialSplineRegressor.Hermite_Bessel_CatmullRom_Cardinal_N4Ck1.hermite_bessel_catmullrom_cardinal_n4ck1_local_c1_bessel_hermite_0.0_jack=Wengert{0} => [ 1.000,  0.000,  0.000,  0.000,  0.000]

		PolynomialSplineRegressor.Hermite_Bessel_CatmullRom_Cardinal_N4Ck1.hermite_bessel_catmullrom_cardinal_n4ck1_local_c1_bessel_hermite_0.5= 2.20 | MINIMA       
		PolynomialSplineRegressor.Hermite_Bessel_CatmullRom_Cardinal_N4Ck1.hermite_bessel_catmullrom_cardinal_n4ck1_local_c1_bessel_hermite_0.5_jack=Wengert{0} => [ 0.500,  0.500,  0.000,  0.000,  0.000]

		PolynomialSplineRegressor.Hermite_Bessel_CatmullRom_Cardinal_N4Ck1.hermite_bessel_catmullrom_cardinal_n4ck1_local_c1_bessel_hermite_1.0= 4.00 | MINIMA       
		PolynomialSplineRegressor.Hermite_Bessel_CatmullRom_Cardinal_N4Ck1.hermite_bessel_catmullrom_cardinal_n4ck1_local_c1_bessel_hermite_1.0_jack=Wengert{0} => [ 0.000,  1.000,  0.000,  0.000,  0.000]

		PolynomialSplineRegressor.Hermite_Bessel_CatmullRom_Cardinal_N4Ck1.hermite_bessel_catmullrom_cardinal_n4ck1_local_c1_bessel_hermite_1.5= 8.70 | MONOTONIC    
		PolynomialSplineRegressor.Hermite_Bessel_CatmullRom_Cardinal_N4Ck1.hermite_bessel_catmullrom_cardinal_n4ck1_local_c1_bessel_hermite_1.5_jack=Wengert{0} => [ 0.000,  0.500,  0.500,  0.000,  0.000]

		PolynomialSplineRegressor.Hermite_Bessel_CatmullRom_Cardinal_N4Ck1.hermite_bessel_catmullrom_cardinal_n4ck1_local_c1_bessel_hermite_2.0= 15.00 | MONOTONIC    
		PolynomialSplineRegressor.Hermite_Bessel_CatmullRom_Cardinal_N4Ck1.hermite_bessel_catmullrom_cardinal_n4ck1_local_c1_bessel_hermite_2.0_jack=Wengert{0} => [ 0.000,  0.000,  1.000,  0.000,  0.000]

		PolynomialSplineRegressor.Hermite_Bessel_CatmullRom_Cardinal_N4Ck1.hermite_bessel_catmullrom_cardinal_n4ck1_local_c1_bessel_hermite_2.5= 26.10 | MONOTONIC    
		PolynomialSplineRegressor.Hermite_Bessel_CatmullRom_Cardinal_N4Ck1.hermite_bessel_catmullrom_cardinal_n4ck1_local_c1_bessel_hermite_2.5_jack=Wengert{0} => [ 0.000,  0.000,  0.500,  0.500,  0.000]

		PolynomialSplineRegressor.Hermite_Bessel_CatmullRom_Cardinal_N4Ck1.hermite_bessel_catmullrom_cardinal_n4ck1_local_c1_bessel_hermite_3.0= 40.00 | MONOTONIC    
		PolynomialSplineRegressor.Hermite_Bessel_CatmullRom_Cardinal_N4Ck1.hermite_bessel_catmullrom_cardinal_n4ck1_local_c1_bessel_hermite_3.0_jack=Wengert{0} => [ 0.000,  0.000,  0.000,  1.000,  0.000]

		PolynomialSplineRegressor.Hermite_Bessel_CatmullRom_Cardinal_N4Ck1.hermite_bessel_catmullrom_cardinal_n4ck1_local_c1_bessel_hermite_3.5= 70.50 | MONOTONIC    
		PolynomialSplineRegressor.Hermite_Bessel_CatmullRom_Cardinal_N4Ck1.hermite_bessel_catmullrom_cardinal_n4ck1_local_c1_bessel_hermite_3.5_jack=Wengert{0} => [ 0.000,  0.000,  0.000,  0.500,  0.500]

		PolynomialSplineRegressor.Hermite_Bessel_CatmullRom_Cardinal_N4Ck1.hermite_bessel_catmullrom_cardinal_n4ck1_local_c1_bessel_hermite_4.0= 85.00 | MONOTONIC    
		PolynomialSplineRegressor.Hermite_Bessel_CatmullRom_Cardinal_N4Ck1.hermite_bessel_catmullrom_cardinal_n4ck1_local_c1_bessel_hermite_4.0_jack=Wengert{0} => [ 0.000,  0.000,  0.000,  0.000,  1.000]

		PolynomialSplineRegressor.Hermite_Bessel_CatmullRom_Cardinal_N4Ck1.hermite_bessel_catmullrom_cardinal_n4ck1_local_cardinal_knot_0.0= 0.00 | MONOTONIC    
		PolynomialSplineRegressor.Hermite_Bessel_CatmullRom_Cardinal_N4Ck1.hermite_bessel_catmullrom_cardinal_n4ck1_local_cardinal_knot_0.0_jack=Wengert{0} => [ 1.000,  0.000,  0.000,  0.000,  0.000,  0.000]

		PolynomialSplineRegressor.Hermite_Bessel_CatmullRom_Cardinal_N4Ck1.hermite_bessel_catmullrom_cardinal_n4ck1_local_cardinal_knot_0.5= 0.00 | MONOTONIC    
		PolynomialSplineRegressor.Hermite_Bessel_CatmullRom_Cardinal_N4Ck1.hermite_bessel_catmullrom_cardinal_n4ck1_local_cardinal_knot_0.5_jack=Wengert{0} => [ 0.500,  0.500,  0.000,  0.000,  0.000,  0.000]

		PolynomialSplineRegressor.Hermite_Bessel_CatmullRom_Cardinal_N4Ck1.hermite_bessel_catmullrom_cardinal_n4ck1_local_cardinal_knot_1.0= 0.00 | MONOTONIC    
		PolynomialSplineRegressor.Hermite_Bessel_CatmullRom_Cardinal_N4Ck1.hermite_bessel_catmullrom_cardinal_n4ck1_local_cardinal_knot_1.0_jack=Wengert{0} => [ 0.000,  1.000,  0.000,  0.000,  0.000,  0.000]

		PolynomialSplineRegressor.Hermite_Bessel_CatmullRom_Cardinal_N4Ck1.hermite_bessel_catmullrom_cardinal_n4ck1_local_cardinal_knot_1.5= 0.00 | MONOTONIC    
		PolynomialSplineRegressor.Hermite_Bessel_CatmullRom_Cardinal_N4Ck1.hermite_bessel_catmullrom_cardinal_n4ck1_local_cardinal_knot_1.5_jack=Wengert{0} => [ 0.000,  0.500,  0.500,  0.000,  0.000,  0.000]

		PolynomialSplineRegressor.Hermite_Bessel_CatmullRom_Cardinal_N4Ck1.hermite_bessel_catmullrom_cardinal_n4ck1_local_cardinal_knot_2.0= 0.00 | MONOTONIC    
		PolynomialSplineRegressor.Hermite_Bessel_CatmullRom_Cardinal_N4Ck1.hermite_bessel_catmullrom_cardinal_n4ck1_local_cardinal_knot_2.0_jack=Wengert{0} => [ 0.000,  0.000,  1.000,  0.000,  0.000,  0.000]

		PolynomialSplineRegressor.Hermite_Bessel_CatmullRom_Cardinal_N4Ck1.hermite_bessel_catmullrom_cardinal_n4ck1_local_cardinal_knot_2.5= 0.00 | MONOTONIC    
		PolynomialSplineRegressor.Hermite_Bessel_CatmullRom_Cardinal_N4Ck1.hermite_bessel_catmullrom_cardinal_n4ck1_local_cardinal_knot_2.5_jack=Wengert{0} => [ 0.000,  0.000,  0.000,  1.000,  0.000,  0.000]

		PolynomialSplineRegressor.Hermite_Bessel_CatmullRom_Cardinal_N4Ck1.hermite_bessel_catmullrom_cardinal_n4ck1_local_cardinal_knot_3.0= 0.00 | MONOTONIC    
		PolynomialSplineRegressor.Hermite_Bessel_CatmullRom_Cardinal_N4Ck1.hermite_bessel_catmullrom_cardinal_n4ck1_local_cardinal_knot_3.0_jack=Wengert{0} => [ 0.000,  0.000,  0.000,  0.000,  1.000,  0.000]

		PolynomialSplineRegressor.Hermite_Bessel_CatmullRom_Cardinal_N4Ck1.hermite_bessel_catmullrom_cardinal_n4ck1_local_cardinal_knot_3.5= 0.00 | MONOTONIC    
		PolynomialSplineRegressor.Hermite_Bessel_CatmullRom_Cardinal_N4Ck1.hermite_bessel_catmullrom_cardinal_n4ck1_local_cardinal_knot_3.5_jack=Wengert{0} => [ 0.000,  0.000,  0.000,  0.000,  0.500,  0.500]

		PolynomialSplineRegressor.Hermite_Bessel_CatmullRom_Cardinal_N4Ck1.hermite_bessel_catmullrom_cardinal_n4ck1_local_cardinal_knot_4.0= 0.00 | MONOTONIC    
		PolynomialSplineRegressor.Hermite_Bessel_CatmullRom_Cardinal_N4Ck1.hermite_bessel_catmullrom_cardinal_n4ck1_local_cardinal_knot_4.0_jack=Wengert{0} => [ 0.000,  0.000,  0.000,  0.000,  0.000,  1.000]

		PolynomialSplineRegressor.Hermite_Bessel_CatmullRom_Cardinal_N4Ck1.hermite_bessel_catmullrom_cardinal_n4ck1_local_catmull_rom_knot_0.0= 0.00 | MONOTONIC    
		PolynomialSplineRegressor.Hermite_Bessel_CatmullRom_Cardinal_N4Ck1.hermite_bessel_catmullrom_cardinal_n4ck1_local_catmull_rom_knot_0.0_jack=Wengert{0} => [ 1.000,  0.000,  0.000,  0.000,  0.000,  0.000]

		PolynomialSplineRegressor.Hermite_Bessel_CatmullRom_Cardinal_N4Ck1.hermite_bessel_catmullrom_cardinal_n4ck1_local_catmull_rom_knot_0.5= 0.00 | MONOTONIC    
		PolynomialSplineRegressor.Hermite_Bessel_CatmullRom_Cardinal_N4Ck1.hermite_bessel_catmullrom_cardinal_n4ck1_local_catmull_rom_knot_0.5_jack=Wengert{0} => [ 0.500,  0.500,  0.000,  0.000,  0.000,  0.000]

		PolynomialSplineRegressor.Hermite_Bessel_CatmullRom_Cardinal_N4Ck1.hermite_bessel_catmullrom_cardinal_n4ck1_local_catmull_rom_knot_1.0= 0.00 | MONOTONIC    
		PolynomialSplineRegressor.Hermite_Bessel_CatmullRom_Cardinal_N4Ck1.hermite_bessel_catmullrom_cardinal_n4ck1_local_catmull_rom_knot_1.0_jack=Wengert{0} => [ 0.000,  1.000,  0.000,  0.000,  0.000,  0.000]

		PolynomialSplineRegressor.Hermite_Bessel_CatmullRom_Cardinal_N4Ck1.hermite_bessel_catmullrom_cardinal_n4ck1_local_catmull_rom_knot_1.5= 0.00 | MONOTONIC    
		PolynomialSplineRegressor.Hermite_Bessel_CatmullRom_Cardinal_N4Ck1.hermite_bessel_catmullrom_cardinal_n4ck1_local_catmull_rom_knot_1.5_jack=Wengert{0} => [ 0.000,  0.500,  0.500,  0.000,  0.000,  0.000]

		PolynomialSplineRegressor.Hermite_Bessel_CatmullRom_Cardinal_N4Ck1.hermite_bessel_catmullrom_cardinal_n4ck1_local_catmull_rom_knot_2.0= 0.00 | MONOTONIC    
		PolynomialSplineRegressor.Hermite_Bessel_CatmullRom_Cardinal_N4Ck1.hermite_bessel_catmullrom_cardinal_n4ck1_local_catmull_rom_knot_2.0_jack=Wengert{0} => [ 0.000,  0.000,  1.000,  0.000,  0.000,  0.000]

		PolynomialSplineRegressor.Hermite_Bessel_CatmullRom_Cardinal_N4Ck1.hermite_bessel_catmullrom_cardinal_n4ck1_local_catmull_rom_knot_2.5= 0.00 | MONOTONIC    
		PolynomialSplineRegressor.Hermite_Bessel_CatmullRom_Cardinal_N4Ck1.hermite_bessel_catmullrom_cardinal_n4ck1_local_catmull_rom_knot_2.5_jack=Wengert{0} => [ 0.000,  0.000,  0.000,  1.000,  0.000,  0.000]

		PolynomialSplineRegressor.Hermite_Bessel_CatmullRom_Cardinal_N4Ck1.hermite_bessel_catmullrom_cardinal_n4ck1_local_catmull_rom_knot_3.0= 0.00 | MONOTONIC    
		PolynomialSplineRegressor.Hermite_Bessel_CatmullRom_Cardinal_N4Ck1.hermite_bessel_catmullrom_cardinal_n4ck1_local_catmull_rom_knot_3.0_jack=Wengert{0} => [ 0.000,  0.000,  0.000,  0.000,  1.000,  0.000]

		PolynomialSplineRegressor.Hermite_Bessel_CatmullRom_Cardinal_N4Ck1.hermite_bessel_catmullrom_cardinal_n4ck1_local_catmull_rom_knot_3.5= 0.00 | MONOTONIC    
		PolynomialSplineRegressor.Hermite_Bessel_CatmullRom_Cardinal_N4Ck1.hermite_bessel_catmullrom_cardinal_n4ck1_local_catmull_rom_knot_3.5_jack=Wengert{0} => [ 0.000,  0.000,  0.000,  0.000,  0.500,  0.500]

		PolynomialSplineRegressor.Hermite_Bessel_CatmullRom_Cardinal_N4Ck1.hermite_bessel_catmullrom_cardinal_n4ck1_local_catmull_rom_knot_4.0= 0.00 | MONOTONIC    
		PolynomialSplineRegressor.Hermite_Bessel_CatmullRom_Cardinal_N4Ck1.hermite_bessel_catmullrom_cardinal_n4ck1_local_catmull_rom_knot_4.0_jack=Wengert{0} => [ 0.000,  0.000,  0.000,  0.000,  0.000,  1.000]

		PolynomialSplineRegressor.Hermite_Bessel_CatmullRom_Cardinal_N4Ck1.hermite_bessel_catmullrom_cardinal_n4ck1_local_hermite_knot_0.0= 0.00 | MONOTONIC    
		PolynomialSplineRegressor.Hermite_Bessel_CatmullRom_Cardinal_N4Ck1.hermite_bessel_catmullrom_cardinal_n4ck1_local_hermite_knot_0.0_jack=Wengert{0} => [ 1.000,  0.000,  0.000,  0.000,  0.000,  0.000]

		PolynomialSplineRegressor.Hermite_Bessel_CatmullRom_Cardinal_N4Ck1.hermite_bessel_catmullrom_cardinal_n4ck1_local_hermite_knot_0.5= 0.00 | MONOTONIC    
		PolynomialSplineRegressor.Hermite_Bessel_CatmullRom_Cardinal_N4Ck1.hermite_bessel_catmullrom_cardinal_n4ck1_local_hermite_knot_0.5_jack=Wengert{0} => [ 0.500,  0.500,  0.000,  0.000,  0.000,  0.000]

		PolynomialSplineRegressor.Hermite_Bessel_CatmullRom_Cardinal_N4Ck1.hermite_bessel_catmullrom_cardinal_n4ck1_local_hermite_knot_1.0= 0.00 | MONOTONIC    
		PolynomialSplineRegressor.Hermite_Bessel_CatmullRom_Cardinal_N4Ck1.hermite_bessel_catmullrom_cardinal_n4ck1_local_hermite_knot_1.0_jack=Wengert{0} => [ 0.000,  1.000,  0.000,  0.000,  0.000,  0.000]

		PolynomialSplineRegressor.Hermite_Bessel_CatmullRom_Cardinal_N4Ck1.hermite_bessel_catmullrom_cardinal_n4ck1_local_hermite_knot_1.5= 0.00 | MONOTONIC    
		PolynomialSplineRegressor.Hermite_Bessel_CatmullRom_Cardinal_N4Ck1.hermite_bessel_catmullrom_cardinal_n4ck1_local_hermite_knot_1.5_jack=Wengert{0} => [ 0.000,  0.500,  0.500,  0.000,  0.000,  0.000]

		PolynomialSplineRegressor.Hermite_Bessel_CatmullRom_Cardinal_N4Ck1.hermite_bessel_catmullrom_cardinal_n4ck1_local_hermite_knot_2.0= 0.00 | MONOTONIC    
		PolynomialSplineRegressor.Hermite_Bessel_CatmullRom_Cardinal_N4Ck1.hermite_bessel_catmullrom_cardinal_n4ck1_local_hermite_knot_2.0_jack=Wengert{0} => [ 0.000,  0.000,  1.000,  0.000,  0.000,  0.000]

		PolynomialSplineRegressor.Hermite_Bessel_CatmullRom_Cardinal_N4Ck1.hermite_bessel_catmullrom_cardinal_n4ck1_local_hermite_knot_2.5= 27.50 | MONOTONIC    
		PolynomialSplineRegressor.Hermite_Bessel_CatmullRom_Cardinal_N4Ck1.hermite_bessel_catmullrom_cardinal_n4ck1_local_hermite_knot_2.5_jack=Wengert{0} => [ 0.000,  0.000,  0.000,  1.000,  0.000,  0.000]

		PolynomialSplineRegressor.Hermite_Bessel_CatmullRom_Cardinal_N4Ck1.hermite_bessel_catmullrom_cardinal_n4ck1_local_hermite_knot_3.0= 0.00 | MONOTONIC    
		PolynomialSplineRegressor.Hermite_Bessel_CatmullRom_Cardinal_N4Ck1.hermite_bessel_catmullrom_cardinal_n4ck1_local_hermite_knot_3.0_jack=Wengert{0} => [ 0.000,  0.000,  0.000,  0.000,  1.000,  0.000]

		PolynomialSplineRegressor.Hermite_Bessel_CatmullRom_Cardinal_N4Ck1.hermite_bessel_catmullrom_cardinal_n4ck1_local_hermite_knot_3.5= 0.00 | MONOTONIC    
		PolynomialSplineRegressor.Hermite_Bessel_CatmullRom_Cardinal_N4Ck1.hermite_bessel_catmullrom_cardinal_n4ck1_local_hermite_knot_3.5_jack=Wengert{0} => [ 0.000,  0.000,  0.000,  0.000,  0.500,  0.500]

		PolynomialSplineRegressor.Hermite_Bessel_CatmullRom_Cardinal_N4Ck1.hermite_bessel_catmullrom_cardinal_n4ck1_local_hermite_knot_4.0= 0.00 | MONOTONIC    
		PolynomialSplineRegressor.Hermite_Bessel_CatmullRom_Cardinal_N4Ck1.hermite_bessel_catmullrom_cardinal_n4ck1_local_hermite_knot_4.0_jack=Wengert{0} => [ 0.000,  0.000,  0.000,  0.000,  0.000,  1.000]

		PolynomialSplineRegressor.Hermite_Bessel_CatmullRom_Cardinal_N4Ck1.hermite_bessel_catmullrom_cardinal_n4ck1_local_no_knot_0.0= 0.00 | MONOTONIC    
		PolynomialSplineRegressor.Hermite_Bessel_CatmullRom_Cardinal_N4Ck1.hermite_bessel_catmullrom_cardinal_n4ck1_local_no_knot_0.0_jack=Wengert{0} => [ 0.000,  0.000,  0.000,  0.000,  0.000]

		PolynomialSplineRegressor.Hermite_Bessel_CatmullRom_Cardinal_N4Ck1.hermite_bessel_catmullrom_cardinal_n4ck1_local_no_knot_0.5= 0.00 | MONOTONIC    
		PolynomialSplineRegressor.Hermite_Bessel_CatmullRom_Cardinal_N4Ck1.hermite_bessel_catmullrom_cardinal_n4ck1_local_no_knot_0.5_jack=Wengert{0} => [ 0.000,  0.000,  0.000,  0.000,  0.000]

		PolynomialSplineRegressor.Hermite_Bessel_CatmullRom_Cardinal_N4Ck1.hermite_bessel_catmullrom_cardinal_n4ck1_local_no_knot_1.0= 0.00 | MONOTONIC    
		PolynomialSplineRegressor.Hermite_Bessel_CatmullRom_Cardinal_N4Ck1.hermite_bessel_catmullrom_cardinal_n4ck1_local_no_knot_1.0_jack=Wengert{0} => [ 0.000,  0.000,  0.000,  0.000,  0.000]

		PolynomialSplineRegressor.Hermite_Bessel_CatmullRom_Cardinal_N4Ck1.hermite_bessel_catmullrom_cardinal_n4ck1_local_no_knot_1.5= 0.00 | MONOTONIC    
		PolynomialSplineRegressor.Hermite_Bessel_CatmullRom_Cardinal_N4Ck1.hermite_bessel_catmullrom_cardinal_n4ck1_local_no_knot_1.5_jack=Wengert{0} => [ 0.000,  0.000,  0.000,  0.000,  0.000]

		PolynomialSplineRegressor.Hermite_Bessel_CatmullRom_Cardinal_N4Ck1.hermite_bessel_catmullrom_cardinal_n4ck1_local_no_knot_2.0= 0.00 | MONOTONIC    
		PolynomialSplineRegressor.Hermite_Bessel_CatmullRom_Cardinal_N4Ck1.hermite_bessel_catmullrom_cardinal_n4ck1_local_no_knot_2.0_jack=Wengert{0} => [ 0.000,  0.000,  0.000,  0.000,  0.000]

		PolynomialSplineRegressor.Hermite_Bessel_CatmullRom_Cardinal_N4Ck1.hermite_bessel_catmullrom_cardinal_n4ck1_local_no_knot_2.5= 0.00 | MONOTONIC    
		PolynomialSplineRegressor.Hermite_Bessel_CatmullRom_Cardinal_N4Ck1.hermite_bessel_catmullrom_cardinal_n4ck1_local_no_knot_2.5_jack=Wengert{0} => [ 0.000,  0.000,  0.000,  0.000,  0.000]

		PolynomialSplineRegressor.Hermite_Bessel_CatmullRom_Cardinal_N4Ck1.hermite_bessel_catmullrom_cardinal_n4ck1_local_no_knot_3.0= 0.00 | MONOTONIC    
		PolynomialSplineRegressor.Hermite_Bessel_CatmullRom_Cardinal_N4Ck1.hermite_bessel_catmullrom_cardinal_n4ck1_local_no_knot_3.0_jack=Wengert{0} => [ 0.000,  0.000,  0.000,  0.000,  0.000]

		PolynomialSplineRegressor.Hermite_Bessel_CatmullRom_Cardinal_N4Ck1.hermite_bessel_catmullrom_cardinal_n4ck1_local_no_knot_3.5= 0.00 | MONOTONIC    
		PolynomialSplineRegressor.Hermite_Bessel_CatmullRom_Cardinal_N4Ck1.hermite_bessel_catmullrom_cardinal_n4ck1_local_no_knot_3.5_jack=Wengert{0} => [ 0.000,  0.000,  0.000,  0.000,  0.000]

		PolynomialSplineRegressor.Hermite_Bessel_CatmullRom_Cardinal_N4Ck1.hermite_bessel_catmullrom_cardinal_n4ck1_local_no_knot_4.0= 0.00 | MONOTONIC    
		PolynomialSplineRegressor.Hermite_Bessel_CatmullRom_Cardinal_N4Ck1.hermite_bessel_catmullrom_cardinal_n4ck1_local_no_knot_4.0_jack=Wengert{0} => [ 0.000,  0.000,  0.000,  0.000,  0.000]

		PolynomialSplineRegressor.Hermite_Bessel_CatmullRom_Cardinal_N4Ck1.FinishTime=Fri Nov 02 23:28:21 EDT 2018
		PolynomialSplineRegressor.Hermite_Bessel_CatmullRom_Cardinal_N4Ck1.ExecTime=321

		PolynomialSplineRegressor.Lagrange_Polynomial_Stretch.Success=true
		PolynomialSplineRegressor.Lagrange_Polynomial_Stretch.lpsr_locallymonotone=true
		PolynomialSplineRegressor.Lagrange_Polynomial_Stretch.lpsr_sm=MONOTONIC    
		PolynomialSplineRegressor.Lagrange_Polynomial_Stretch.lpsr_value=2.16
		PolynomialSplineRegressor.Lagrange_Polynomial_Stretch.lpsr_wj=Wengert{0} => [-0.041,  0.896,  0.171, -0.026]

		PolynomialSplineRegressor.Lagrange_Polynomial_Stretch.FinishTime=Fri Nov 02 23:28:21 EDT 2018
		PolynomialSplineRegressor.Lagrange_Polynomial_Stretch.ExecTime=53
	PolynomialSplineRegressor=> 8696 (mu-s): 28 / 28 succeeded.
	PolynomialSplineRegressor ends at Fri Nov 02 23:28:21 EDT 2018

	PolynomialSplineRegressor starts at Fri Nov 02 23:28:21 EDT 2018

		PolynomialSplineRegressor.N2Ck0.Success=true
		PolynomialSplineRegressor.N2Ck0._seg1_1_0=25.0
		PolynomialSplineRegressor.N2Ck0._seg1_3_0=20.25
		PolynomialSplineRegressor.N2Ck0._seg1_head_jack=Wengert{0} => [ 1.000,  0.000]
Wengert{1} => [-1.000,  1.000]

		PolynomialSplineRegressor.N2Ck0._seg1_jack=Wengert{0} => [ 1.000,  0.000]
Wengert{1} => [-1.000,  1.000]

		PolynomialSplineRegressor.N2Ck0._seg1_monotone=MONOTONIC    
		PolynomialSplineRegressor.N2Ck0._seg2_3_0=20.25
		PolynomialSplineRegressor.N2Ck0._seg2_6_0=14.0
		PolynomialSplineRegressor.N2Ck0._seg2_head_jack=Wengert{0} => [ 1.000,  0.000]
Wengert{1} => [-1.000,  1.000]

		PolynomialSplineRegressor.N2Ck0._seg2_jack=Wengert{0} => [ 1.000,  0.000]
Wengert{1} => [-1.000,  1.000]

		PolynomialSplineRegressor.N2Ck0._seg2_monotone=MONOTONIC    
		PolynomialSplineRegressor.N2Ck0._seg2_value_jack=Wengert{0} => [ 0.273,  0.545]

		PolynomialSplineRegressor.N2Ck0.FinishTime=Fri Nov 02 23:28:21 EDT 2018
		PolynomialSplineRegressor.N2Ck0.ExecTime=21

		PolynomialSplineRegressor.N3Ck0.Success=true
		PolynomialSplineRegressor.N3Ck0._seg1_1_0=25.0
		PolynomialSplineRegressor.N3Ck0._seg1_3_0=20.249999999999993
		PolynomialSplineRegressor.N3Ck0._seg1_head_jack=Wengert{0} => [ 1.000,  0.000,  0.000]
Wengert{1} => [-0.973,  1.973, -1.110]
Wengert{2} => [-0.027, -0.973,  1.110]

		PolynomialSplineRegressor.N3Ck0._seg1_jack=Wengert{0} => [ 1.000,  0.000,  0.000]
Wengert{1} => [-0.973,  1.973, -1.110]
Wengert{2} => [-0.027, -0.973,  1.110]

		PolynomialSplineRegressor.N3Ck0._seg1_monotone=MONOTONIC    
		PolynomialSplineRegressor.N3Ck0._seg2_3_0=20.249999999999993
		PolynomialSplineRegressor.N3Ck0._seg2_6_0=14.0
		PolynomialSplineRegressor.N3Ck0._seg2_head_jack=Wengert{0} => [ 1.000,  0.000,  0.000]
Wengert{1} => [-0.973,  1.973, -3.747]
Wengert{2} => [-0.027, -0.973,  3.747]

		PolynomialSplineRegressor.N3Ck0._seg2_jack=Wengert{0} => [ 1.000,  0.000,  0.000]
Wengert{1} => [-0.973,  1.973, -3.747]
Wengert{2} => [-0.027, -0.973,  3.747]

		PolynomialSplineRegressor.N3Ck0._seg2_monotone=MONOTONIC    
		PolynomialSplineRegressor.N3Ck0._seg2_value_jack=Wengert{0} => [ 0.278,  0.722, -0.681]

		PolynomialSplineRegressor.N3Ck0.FinishTime=Fri Nov 02 23:28:21 EDT 2018
		PolynomialSplineRegressor.N3Ck0.ExecTime=102

		PolynomialSplineRegressor.N3Ck1.Success=true
		PolynomialSplineRegressor.N3Ck1._seg1_1_0=25.0
		PolynomialSplineRegressor.N3Ck1._seg1_3_0=20.25
		PolynomialSplineRegressor.N3Ck1._seg1_head_jack=Wengert{0} => [ 1.000,  0.000,  0.000]
Wengert{1} => [ 1.000,  0.000,  2.000]
Wengert{2} => [-2.000,  1.000, -2.000]

		PolynomialSplineRegressor.N3Ck1._seg1_jack=Wengert{0} => [ 1.000,  0.000,  0.000]
Wengert{1} => [ 1.000,  0.000,  2.000]
Wengert{2} => [-2.000,  1.000, -2.000]

		PolynomialSplineRegressor.N3Ck1._seg1_monotone=MONOTONIC    
		PolynomialSplineRegressor.N3Ck1._seg2_3_0=20.25
		PolynomialSplineRegressor.N3Ck1._seg2_6_0=14.0
		PolynomialSplineRegressor.N3Ck1._seg2_head_jack=Wengert{0} => [ 1.000,  0.000,  0.000]
Wengert{1} => [ 1.000,  0.000,  3.000]
Wengert{2} => [-2.000,  1.000, -3.000]

		PolynomialSplineRegressor.N3Ck1._seg2_jack=Wengert{0} => [ 1.000,  0.000,  0.000]
Wengert{1} => [ 1.000,  0.000,  3.000]
Wengert{2} => [-2.000,  1.000, -3.000]

		PolynomialSplineRegressor.N3Ck1._seg2_monotone=MONOTONIC    
		PolynomialSplineRegressor.N3Ck1._seg2_value_jack=Wengert{0} => [ 0.636,  0.364,  0.545]

		PolynomialSplineRegressor.N3Ck1.FinishTime=Fri Nov 02 23:28:21 EDT 2018
		PolynomialSplineRegressor.N3Ck1.ExecTime=54

		PolynomialSplineRegressor.N4Ck0.Success=true
		PolynomialSplineRegressor.N4Ck0._seg1_1_0=25.0
		PolynomialSplineRegressor.N4Ck0._seg1_3_0=20.24999999999999
		PolynomialSplineRegressor.N4Ck0._seg1_head_jack=Wengert{0} => [ 1.000,  0.000,  0.000,  0.000]
Wengert{1} => [ 0.000,  1.000, -5.677,  3.425]
Wengert{2} => [-2.000,  1.000,  10.368, -6.943]
Wengert{3} => [ 1.000, -1.000, -4.692,  3.519]

		PolynomialSplineRegressor.N4Ck0._seg1_jack=Wengert{0} => [ 1.000,  0.000,  0.000,  0.000]
Wengert{1} => [ 0.000,  1.000, -5.677,  3.425]
Wengert{2} => [-2.000,  1.000,  10.368, -6.943]
Wengert{3} => [ 1.000, -1.000, -4.692,  3.519]

		PolynomialSplineRegressor.N4Ck0._seg1_monotone=MONOTONIC    
		PolynomialSplineRegressor.N4Ck0._seg2_3_0=20.24999999999999
		PolynomialSplineRegressor.N4Ck0._seg2_6_0=14.000000000000004
		PolynomialSplineRegressor.N4Ck0._seg2_head_jack=Wengert{0} => [ 1.000,  0.000,  0.000,  0.000]
Wengert{1} => [-0.000,  1.000, -19.159,  11.559]
Wengert{2} => [-2.000,  1.000,  34.993, -23.434]
Wengert{3} => [ 1.000, -1.000, -15.834,  11.875]

		PolynomialSplineRegressor.N4Ck0._seg2_jack=Wengert{0} => [ 1.000,  0.000,  0.000,  0.000]
Wengert{1} => [-0.000,  1.000, -19.159,  11.559]
Wengert{2} => [-2.000,  1.000,  34.993, -23.434]
Wengert{3} => [ 1.000, -1.000, -15.834,  11.875]

		PolynomialSplineRegressor.N4Ck0._seg2_monotone=MONOTONIC    
		PolynomialSplineRegressor.N4Ck0._seg2_value_jack=Wengert{0} => [ 0.333,  0.667, -1.564,  0.662]

		PolynomialSplineRegressor.N4Ck0.FinishTime=Fri Nov 02 23:28:21 EDT 2018
		PolynomialSplineRegressor.N4Ck0.ExecTime=228

		PolynomialSplineRegressor.N4Ck1.Success=true
		PolynomialSplineRegressor.N4Ck1._seg1_1_0=25.0
		PolynomialSplineRegressor.N4Ck1._seg1_3_0=20.25
		PolynomialSplineRegressor.N4Ck1._seg1_head_jack=Wengert{0} => [ 1.000,  0.000,  0.000,  0.000]
Wengert{1} => [ 1.000,  0.000,  2.000,  0.000]
Wengert{2} => [-3.826,  2.826, -3.653, -0.688]
Wengert{3} => [ 1.826, -1.826,  1.653,  0.688]

		PolynomialSplineRegressor.N4Ck1._seg1_jack=Wengert{0} => [ 1.000,  0.000,  0.000,  0.000]
Wengert{1} => [ 1.000,  0.000,  2.000,  0.000]
Wengert{2} => [-3.826,  2.826, -3.653, -0.688]
Wengert{3} => [ 1.826, -1.826,  1.653,  0.688]

		PolynomialSplineRegressor.N4Ck1._seg1_monotone=MONOTONIC    
		PolynomialSplineRegressor.N4Ck1._seg2_3_0=20.25
		PolynomialSplineRegressor.N4Ck1._seg2_6_0=14.000000000000004
		PolynomialSplineRegressor.N4Ck1._seg2_head_jack=Wengert{0} => [ 1.000,  0.000,  0.000,  0.000]
Wengert{1} => [ 1.000,  0.000,  3.000,  0.000]
Wengert{2} => [-3.826,  2.826, -5.479, -2.323]
Wengert{3} => [ 1.826, -1.826,  2.479,  2.323]

		PolynomialSplineRegressor.N4Ck1._seg2_jack=Wengert{0} => [ 1.000,  0.000,  0.000,  0.000]
Wengert{1} => [ 1.000,  0.000,  3.000,  0.000]
Wengert{2} => [-3.826,  2.826, -5.479, -2.323]
Wengert{3} => [ 1.826, -1.826,  2.479,  2.323]

		PolynomialSplineRegressor.N4Ck1._seg2_monotone=MONOTONIC    
		PolynomialSplineRegressor.N4Ck1._seg2_value_jack=Wengert{0} => [ 0.415,  0.585,  0.245, -0.282]

		PolynomialSplineRegressor.N4Ck1.FinishTime=Fri Nov 02 23:28:21 EDT 2018
		PolynomialSplineRegressor.N4Ck1.ExecTime=163

		PolynomialSplineRegressor.N4Ck2.Success=true
		PolynomialSplineRegressor.N4Ck2._seg1_1_0=25.0
		PolynomialSplineRegressor.N4Ck2._seg1_3_0=20.25
		PolynomialSplineRegressor.N4Ck2._seg1_head_jack=Wengert{0} => [ 1.000,  0.000,  0.000,  0.000]
Wengert{1} => [ 1.000,  0.000,  2.000,  0.000]
Wengert{2} => [-1.000,  0.000,  2.000,  2.000]
Wengert{3} => [-1.000,  1.000, -4.000, -2.000]

		PolynomialSplineRegressor.N4Ck2._seg1_jack=Wengert{0} => [ 1.000,  0.000,  0.000,  0.000]
Wengert{1} => [ 1.000,  0.000,  2.000,  0.000]
Wengert{2} => [-1.000,  0.000,  2.000,  2.000]
Wengert{3} => [-1.000,  1.000, -4.000, -2.000]

		PolynomialSplineRegressor.N4Ck2._seg1_monotone=MONOTONIC    
		PolynomialSplineRegressor.N4Ck2._seg2_3_0=20.25
		PolynomialSplineRegressor.N4Ck2._seg2_6_0=14.0
		PolynomialSplineRegressor.N4Ck2._seg2_head_jack=Wengert{0} => [ 1.000,  0.000,  0.000,  0.000]
Wengert{1} => [ 1.000,  0.000,  3.000,  0.000]
Wengert{2} => [-1.000,  0.000,  3.000,  4.500]
Wengert{3} => [-1.000,  1.000, -6.000, -4.500]

		PolynomialSplineRegressor.N4Ck2._seg2_jack=Wengert{0} => [ 1.000,  0.000,  0.000,  0.000]
Wengert{1} => [ 1.000,  0.000,  3.000,  0.000]
Wengert{2} => [-1.000,  0.000,  3.000,  4.500]
Wengert{3} => [-1.000,  1.000, -6.000, -4.500]

		PolynomialSplineRegressor.N4Ck2._seg2_monotone=MONOTONIC    
		PolynomialSplineRegressor.N4Ck2._seg2_value_jack=Wengert{0} => [ 0.758,  0.242,  1.273,  0.545]

		PolynomialSplineRegressor.N4Ck2.FinishTime=Fri Nov 02 23:28:21 EDT 2018
		PolynomialSplineRegressor.N4Ck2.ExecTime=77

		PolynomialSplineRegressor.N5Ck0.Success=true
		PolynomialSplineRegressor.N5Ck0._seg1_1_0=25.0
		PolynomialSplineRegressor.N5Ck0._seg1_3_0=20.249999999999996
		PolynomialSplineRegressor.N5Ck0._seg1_head_jack=Wengert{0} => [ 1.000,  0.000,  0.000,  0.000,  0.000]
Wengert{1} => [ 0.000,  1.000, -4.273, -0.388,  2.074]
Wengert{2} => [-2.000,  1.000,  17.657, -26.737,  10.767]
Wengert{3} => [ 1.000, -1.000, -22.076,  50.733, -25.681]
Wengert{4} => [-0.000,  0.000,  8.692, -23.607,  12.841]

		PolynomialSplineRegressor.N5Ck0._seg1_jack=Wengert{0} => [ 1.000,  0.000,  0.000,  0.000,  0.000]
Wengert{1} => [ 0.000,  1.000, -4.273, -0.388,  2.074]
Wengert{2} => [-2.000,  1.000,  17.657, -26.737,  10.767]
Wengert{3} => [ 1.000, -1.000, -22.076,  50.733, -25.681]
Wengert{4} => [-0.000,  0.000,  8.692, -23.607,  12.841]

		PolynomialSplineRegressor.N5Ck0._seg1_monotone=MONOTONIC    
		PolynomialSplineRegressor.N5Ck0._seg2_3_0=20.249999999999996
		PolynomialSplineRegressor.N5Ck0._seg2_6_0=13.999999999999998
		PolynomialSplineRegressor.N5Ck0._seg2_head_jack=Wengert{0} => [ 1.000,  0.000,  0.000,  0.000,  0.000]
Wengert{1} => [-0.000,  1.000, -14.420, -1.311,  7.000]
Wengert{2} => [-2.000,  1.000,  59.591, -90.239,  36.337]
Wengert{3} => [ 1.000, -1.000, -74.508,  171.225, -86.675]
Wengert{4} => [ 0.000, -0.000,  29.337, -79.675,  43.337]

		PolynomialSplineRegressor.N5Ck0._seg2_jack=Wengert{0} => [ 1.000,  0.000,  0.000,  0.000,  0.000]
Wengert{1} => [-0.000,  1.000, -14.420, -1.311,  7.000]
Wengert{2} => [-2.000,  1.000,  59.591, -90.239,  36.337]
Wengert{3} => [ 1.000, -1.000, -74.508,  171.225, -86.675]
Wengert{4} => [ 0.000, -0.000,  29.337, -79.675,  43.337]

		PolynomialSplineRegressor.N5Ck0._seg2_monotone=MONOTONIC    
		PolynomialSplineRegressor.N5Ck0._seg2_value_jack=Wengert{0} => [ 0.333,  0.667,  0.483, -4.897,  3.024]

		PolynomialSplineRegressor.N5Ck0.FinishTime=Fri Nov 02 23:28:21 EDT 2018
		PolynomialSplineRegressor.N5Ck0.ExecTime=340

		PolynomialSplineRegressor.N5Ck1.Success=true
		PolynomialSplineRegressor.N5Ck1._seg1_1_0=25.0
		PolynomialSplineRegressor.N5Ck1._seg1_3_0=20.249999999999986
		PolynomialSplineRegressor.N5Ck1._seg1_head_jack=Wengert{0} => [ 1.000,  0.000,  0.000,  0.000,  0.000]
Wengert{1} => [ 1.000,  0.000,  2.000,  0.000,  0.000]
Wengert{2} => [-6.132,  5.132, -8.265, -28.343,  19.338]
Wengert{3} => [ 6.167, -6.167,  10.334,  52.740, -36.398]
Wengert{4} => [-2.034,  2.034, -4.069, -24.398,  17.060]

		PolynomialSplineRegressor.N5Ck1._seg1_jack=Wengert{0} => [ 1.000,  0.000,  0.000,  0.000,  0.000]
Wengert{1} => [ 1.000,  0.000,  2.000,  0.000,  0.000]
Wengert{2} => [-6.132,  5.132, -8.265, -28.343,  19.338]
Wengert{3} => [ 6.167, -6.167,  10.334,  52.740, -36.398]
Wengert{4} => [-2.034,  2.034, -4.069, -24.398,  17.060]

		PolynomialSplineRegressor.N5Ck1._seg1_monotone=MONOTONIC    
		PolynomialSplineRegressor.N5Ck1._seg2_3_0=20.249999999999986
		PolynomialSplineRegressor.N5Ck1._seg2_6_0=14.000000000000014
		PolynomialSplineRegressor.N5Ck1._seg2_head_jack=Wengert{0} => [ 1.000,  0.000,  0.000,  0.000,  0.000]
Wengert{1} => [ 1.000,  0.000,  3.000,  0.000,  0.000]
Wengert{2} => [-6.132,  5.132, -12.397, -95.657,  65.266]
Wengert{3} => [ 6.167, -6.167,  15.501,  177.999, -122.844]
Wengert{4} => [-2.034,  2.034, -6.103, -82.342,  57.579]

		PolynomialSplineRegressor.N5Ck1._seg2_jack=Wengert{0} => [ 1.000,  0.000,  0.000,  0.000,  0.000]
Wengert{1} => [ 1.000,  0.000,  3.000,  0.000,  0.000]
Wengert{2} => [-6.132,  5.132, -12.397, -95.657,  65.266]
Wengert{3} => [ 6.167, -6.167,  15.501,  177.999, -122.844]
Wengert{4} => [-2.034,  2.034, -6.103, -82.342,  57.579]

		PolynomialSplineRegressor.N5Ck1._seg2_monotone=MONOTONIC    
		PolynomialSplineRegressor.N5Ck1._seg2_value_jack=Wengert{0} => [ 0.300,  0.700, -0.100, -4.941,  3.258]

		PolynomialSplineRegressor.N5Ck1.FinishTime=Fri Nov 02 23:28:21 EDT 2018
		PolynomialSplineRegressor.N5Ck1.ExecTime=262

		PolynomialSplineRegressor.N5Ck2.Success=true
		PolynomialSplineRegressor.N5Ck2._seg1_1_0=25.0
		PolynomialSplineRegressor.N5Ck2._seg1_3_0=20.25
		PolynomialSplineRegressor.N5Ck2._seg1_head_jack=Wengert{0} => [ 1.000,  0.000,  0.000,  0.000,  0.000]
Wengert{1} => [ 1.000,  0.000,  2.000,  0.000,  0.000]
Wengert{2} => [-1.000,  0.000,  2.000,  2.000,  0.000]
Wengert{3} => [-3.384,  3.384, -8.767, -3.722, -0.414]
Wengert{4} => [ 2.384, -2.384,  4.767,  1.722,  0.414]

		PolynomialSplineRegressor.N5Ck2._seg1_jack=Wengert{0} => [ 1.000,  0.000,  0.000,  0.000,  0.000]
Wengert{1} => [ 1.000,  0.000,  2.000,  0.000,  0.000]
Wengert{2} => [-1.000,  0.000,  2.000,  2.000,  0.000]
Wengert{3} => [-3.384,  3.384, -8.767, -3.722, -0.414]
Wengert{4} => [ 2.384, -2.384,  4.767,  1.722,  0.414]

		PolynomialSplineRegressor.N5Ck2._seg1_monotone=MONOTONIC    
		PolynomialSplineRegressor.N5Ck2._seg2_3_0=20.25
		PolynomialSplineRegressor.N5Ck2._seg2_6_0=14.0
		PolynomialSplineRegressor.N5Ck2._seg2_head_jack=Wengert{0} => [ 1.000,  0.000,  0.000,  0.000,  0.000]
Wengert{1} => [ 1.000,  0.000,  3.000,  0.000,  0.000]
Wengert{2} => [-1.000,  0.000,  3.000,  4.500,  0.000]
Wengert{3} => [-3.384,  3.384, -13.151, -8.374, -1.398]
Wengert{4} => [ 2.384, -2.384,  7.151,  3.874,  1.398]

		PolynomialSplineRegressor.N5Ck2._seg2_jack=Wengert{0} => [ 1.000,  0.000,  0.000,  0.000,  0.000]
Wengert{1} => [ 1.000,  0.000,  3.000,  0.000,  0.000]
Wengert{2} => [-1.000,  0.000,  3.000,  4.500,  0.000]
Wengert{3} => [-3.384,  3.384, -13.151, -8.374, -1.398]
Wengert{4} => [ 2.384, -2.384,  7.151,  3.874,  1.398]

		PolynomialSplineRegressor.N5Ck2._seg2_monotone=MONOTONIC    
		PolynomialSplineRegressor.N5Ck2._seg2_value_jack=Wengert{0} => [ 0.565,  0.435,  0.695,  0.232, -0.113]

		PolynomialSplineRegressor.N5Ck2.FinishTime=Fri Nov 02 23:28:21 EDT 2018
		PolynomialSplineRegressor.N5Ck2.ExecTime=205

		PolynomialSplineRegressor.N5Ck3.Success=true
		PolynomialSplineRegressor.N5Ck3._seg1_1_0=25.0
		PolynomialSplineRegressor.N5Ck3._seg1_3_0=20.25
		PolynomialSplineRegressor.N5Ck3._seg1_head_jack=Wengert{0} => [ 1.000,  0.000,  0.000,  0.000,  0.000]
Wengert{1} => [ 1.000,  0.000,  2.000,  0.000,  0.000]
Wengert{2} => [-1.000,  0.000,  2.000,  2.000,  0.000]
Wengert{3} => [ 0.002,  0.000, -2.000,  2.000,  1.333]
Wengert{4} => [-1.002,  1.000, -2.000, -4.000, -1.333]

		PolynomialSplineRegressor.N5Ck3._seg1_jack=Wengert{0} => [ 1.000,  0.000,  0.000,  0.000,  0.000]
Wengert{1} => [ 1.000,  0.000,  2.000,  0.000,  0.000]
Wengert{2} => [-1.000,  0.000,  2.000,  2.000,  0.000]
Wengert{3} => [ 0.002,  0.000, -2.000,  2.000,  1.333]
Wengert{4} => [-1.002,  1.000, -2.000, -4.000, -1.333]

		PolynomialSplineRegressor.N5Ck3._seg1_monotone=MONOTONIC    
		PolynomialSplineRegressor.N5Ck3._seg2_3_0=20.25
		PolynomialSplineRegressor.N5Ck3._seg2_6_0=14.0
		PolynomialSplineRegressor.N5Ck3._seg2_head_jack=Wengert{0} => [ 1.000,  0.000,  0.000,  0.000,  0.000]
Wengert{1} => [ 1.000,  0.000,  3.000,  0.000,  0.000]
Wengert{2} => [-1.000,  0.000,  3.000,  4.500,  0.000]
Wengert{3} => [ 0.002,  0.000, -3.000,  4.500,  4.500]
Wengert{4} => [-1.002,  1.000, -3.000, -9.000, -4.500]

		PolynomialSplineRegressor.N5Ck3._seg2_jack=Wengert{0} => [ 1.000,  0.000,  0.000,  0.000,  0.000]
Wengert{1} => [ 1.000,  0.000,  3.000,  0.000,  0.000]
Wengert{2} => [-1.000,  0.000,  3.000,  4.500,  0.000]
Wengert{3} => [ 0.002,  0.000, -3.000,  4.500,  4.500]
Wengert{4} => [-1.002,  1.000, -3.000, -9.000, -4.500]

		PolynomialSplineRegressor.N5Ck3._seg2_monotone=MONOTONIC    
		PolynomialSplineRegressor.N5Ck3._seg2_value_jack=Wengert{0} => [ 0.839,  0.162,  1.515,  1.273,  0.364]

		PolynomialSplineRegressor.N5Ck3.FinishTime=Fri Nov 02 23:28:21 EDT 2018
		PolynomialSplineRegressor.N5Ck3.ExecTime=163

		PolynomialSplineRegressor.N6Ck0.Success=true
		PolynomialSplineRegressor.N6Ck0._seg1_1_0=25.0
		PolynomialSplineRegressor.N6Ck0._seg1_3_0=20.249999999999996
		PolynomialSplineRegressor.N6Ck0._seg1_head_jack=Wengert{0} => [ 1.000,  0.000,  0.000,  0.000,  0.000,  0.000]
Wengert{1} => [-0.000,  1.000, -3.726, -3.696,  6.532, -1.783]
Wengert{2} => [-2.000,  1.000,  21.678, -51.052,  43.535, -13.107]
Wengert{3} => [ 1.000, -1.000, -43.631,  181.070, -201.329,  70.259]
Wengert{4} => [-0.000,  0.000,  37.003, -194.798,  243.545, -92.282]
Wengert{5} => [ 0.000, -0.000, -11.324,  68.476, -92.282,  36.913]

		PolynomialSplineRegressor.N6Ck0._seg1_jack=Wengert{0} => [ 1.000,  0.000,  0.000,  0.000,  0.000,  0.000]
Wengert{1} => [-0.000,  1.000, -3.726, -3.696,  6.532, -1.783]
Wengert{2} => [-2.000,  1.000,  21.678, -51.052,  43.535, -13.107]
Wengert{3} => [ 1.000, -1.000, -43.631,  181.070, -201.329,  70.259]
Wengert{4} => [-0.000,  0.000,  37.003, -194.798,  243.545, -92.282]
Wengert{5} => [ 0.000, -0.000, -11.324,  68.476, -92.282,  36.913]

		PolynomialSplineRegressor.N6Ck0._seg1_monotone=MONOTONIC    
		PolynomialSplineRegressor.N6Ck0._seg2_3_0=20.249999999999996
		PolynomialSplineRegressor.N6Ck0._seg2_6_0=14.0
		PolynomialSplineRegressor.N6Ck0._seg2_head_jack=Wengert{0} => [ 1.000,  0.000,  0.000,  0.000,  0.000,  0.000]
Wengert{1} => [-0.000,  1.000, -12.574, -12.475,  22.045, -6.018]
Wengert{2} => [-2.000,  1.000,  73.162, -172.302,  146.929, -44.237]
Wengert{3} => [ 1.000, -1.000, -147.254,  611.112, -679.487,  237.125]
Wengert{4} => [-0.000,  0.000,  124.884, -657.442,  821.963, -311.450]
Wengert{5} => [ 0.000, -0.000, -38.219,  231.107, -311.450,  124.580]

		PolynomialSplineRegressor.N6Ck0._seg2_jack=Wengert{0} => [ 1.000,  0.000,  0.000,  0.000,  0.000,  0.000]
Wengert{1} => [-0.000,  1.000, -12.574, -12.475,  22.045, -6.018]
Wengert{2} => [-2.000,  1.000,  73.162, -172.302,  146.929, -44.237]
Wengert{3} => [ 1.000, -1.000, -147.254,  611.112, -679.487,  237.125]
Wengert{4} => [-0.000,  0.000,  124.884, -657.442,  821.963, -311.450]
Wengert{5} => [ 0.000, -0.000, -38.219,  231.107, -311.450,  124.580]

		PolynomialSplineRegressor.N6Ck0._seg2_monotone=MONOTONIC    
		PolynomialSplineRegressor.N6Ck0._seg2_value_jack=Wengert{0} => [ 0.333,  0.667,  0.113, -2.664,  0.015,  1.204]

		PolynomialSplineRegressor.N6Ck0.FinishTime=Fri Nov 02 23:28:21 EDT 2018
		PolynomialSplineRegressor.N6Ck0.ExecTime=517

		PolynomialSplineRegressor.N6Ck1.Success=true
		PolynomialSplineRegressor.N6Ck1._seg1_1_0=25.0
		PolynomialSplineRegressor.N6Ck1._seg1_3_0=20.249999999999886
		PolynomialSplineRegressor.N6Ck1._seg1_head_jack=Wengert{0} => [ 1.000,  0.000,  0.000,  0.000,  0.000,  0.000]
Wengert{1} => [ 1.000,  0.000,  2.000,  0.000,  0.000,  0.000]
Wengert{2} => [-7.819,  6.819, -11.637, -72.559,  81.540, -23.482]
Wengert{3} => [ 12.711, -12.711,  23.422,  224.355, -277.822,  91.140]
Wengert{4} => [-9.932,  9.932, -19.864, -231.508,  308.418, -109.991]
Wengert{5} => [ 3.040, -3.040,  6.079,  79.711, -112.135,  42.332]

		PolynomialSplineRegressor.N6Ck1._seg1_jack=Wengert{0} => [ 1.000,  0.000,  0.000,  0.000,  0.000,  0.000]
Wengert{1} => [ 1.000,  0.000,  2.000,  0.000,  0.000,  0.000]
Wengert{2} => [-7.819,  6.819, -11.637, -72.559,  81.540, -23.482]
Wengert{3} => [ 12.711, -12.711,  23.422,  224.355, -277.822,  91.140]
Wengert{4} => [-9.932,  9.932, -19.864, -231.508,  308.418, -109.991]
Wengert{5} => [ 3.040, -3.040,  6.079,  79.711, -112.135,  42.332]

		PolynomialSplineRegressor.N6Ck1._seg1_monotone=MONOTONIC    
		PolynomialSplineRegressor.N6Ck1._seg2_3_0=20.249999999999886
		PolynomialSplineRegressor.N6Ck1._seg2_6_0=14.000000000000867
		PolynomialSplineRegressor.N6Ck1._seg2_head_jack=Wengert{0} => [ 1.000,  0.000,  0.000,  0.000,  0.000,  0.000]
Wengert{1} => [ 1.000,  0.000,  3.000,  0.000,  0.000,  0.000]
Wengert{2} => [-7.819,  6.819, -17.456, -244.885,  275.196, -79.251]
Wengert{3} => [ 12.711, -12.711,  35.133,  757.200, -937.650,  307.598]
Wengert{4} => [-9.932,  9.932, -29.796, -781.338,  1040.910, -371.218]
Wengert{5} => [ 3.040, -3.040,  9.119,  269.024, -378.456,  142.871]

		PolynomialSplineRegressor.N6Ck1._seg2_jack=Wengert{0} => [ 1.000,  0.000,  0.000,  0.000,  0.000,  0.000]
Wengert{1} => [ 1.000,  0.000,  3.000,  0.000,  0.000,  0.000]
Wengert{2} => [-7.819,  6.819, -17.456, -244.885,  275.196, -79.251]
Wengert{3} => [ 12.711, -12.711,  35.133,  757.200, -937.650,  307.598]
Wengert{4} => [-9.932,  9.932, -29.796, -781.338,  1040.910, -371.218]
Wengert{5} => [ 3.040, -3.040,  9.119,  269.024, -378.456,  142.871]

		PolynomialSplineRegressor.N6Ck1._seg2_monotone=MONOTONIC    
		PolynomialSplineRegressor.N6Ck1._seg2_value_jack=Wengert{0} => [ 0.324,  0.676, -0.027, -2.777,  0.214,  1.149]

		PolynomialSplineRegressor.N6Ck1.FinishTime=Fri Nov 02 23:28:21 EDT 2018
		PolynomialSplineRegressor.N6Ck1.ExecTime=451

		PolynomialSplineRegressor.N6Ck2.Success=true
		PolynomialSplineRegressor.N6Ck2._seg1_1_0=25.0
		PolynomialSplineRegressor.N6Ck2._seg1_3_0=20.25000000000064
		PolynomialSplineRegressor.N6Ck2._seg1_head_jack=Wengert{0} => [ 1.000,  0.000,  0.000,  0.000,  0.000,  0.000]
Wengert{1} => [ 1.000,  0.000,  2.000,  0.000,  0.000,  0.000]
Wengert{2} => [-1.000,  0.000,  2.000,  2.000,  0.000,  0.000]
Wengert{3} => [-8.372,  8.372, -18.745, -6.184, -25.697,  18.533]
Wengert{4} => [ 11.823, -11.823,  23.647,  6.381,  48.255, -35.069]
Wengert{5} => [-4.451,  4.451, -8.902, -2.197, -22.558,  16.536]

		PolynomialSplineRegressor.N6Ck2._seg1_jack=Wengert{0} => [ 1.000,  0.000,  0.000,  0.000,  0.000,  0.000]
Wengert{1} => [ 1.000,  0.000,  2.000,  0.000,  0.000,  0.000]
Wengert{2} => [-1.000,  0.000,  2.000,  2.000,  0.000,  0.000]
Wengert{3} => [-8.372,  8.372, -18.745, -6.184, -25.697,  18.533]
Wengert{4} => [ 11.823, -11.823,  23.647,  6.381,  48.255, -35.069]
Wengert{5} => [-4.451,  4.451, -8.902, -2.197, -22.558,  16.536]

		PolynomialSplineRegressor.N6Ck2._seg1_monotone=MONOTONIC    
		PolynomialSplineRegressor.N6Ck2._seg2_3_0=20.25000000000064
		PolynomialSplineRegressor.N6Ck2._seg2_6_0=14.0
		PolynomialSplineRegressor.N6Ck2._seg2_head_jack=Wengert{0} => [ 1.000,  0.000,  0.000,  0.000,  0.000,  0.000]
Wengert{1} => [ 1.000,  0.000,  3.000,  0.000,  0.000,  0.000]
Wengert{2} => [-1.000,  0.000,  3.000,  4.500,  0.000,  0.000]
Wengert{3} => [-8.372,  8.372, -28.117, -13.914, -86.727,  62.549]
Wengert{4} => [ 11.823, -11.823,  35.470,  14.358,  162.860, -118.357]
Wengert{5} => [-4.451,  4.451, -13.353, -4.944, -76.133,  55.808]

		PolynomialSplineRegressor.N6Ck2._seg2_jack=Wengert{0} => [ 1.000,  0.000,  0.000,  0.000,  0.000,  0.000]
Wengert{1} => [ 1.000,  0.000,  3.000,  0.000,  0.000,  0.000]
Wengert{2} => [-1.000,  0.000,  3.000,  4.500,  0.000,  0.000]
Wengert{3} => [-8.372,  8.372, -28.117, -13.914, -86.727,  62.549]
Wengert{4} => [ 11.823, -11.823,  35.470,  14.358,  162.860, -118.357]
Wengert{5} => [-4.451,  4.451, -13.353, -4.944, -76.133,  55.808]

		PolynomialSplineRegressor.N6Ck2._seg2_monotone=MONOTONIC    
		PolynomialSplineRegressor.N6Ck2._seg2_value_jack=Wengert{0} => [ 0.402,  0.598,  0.205,  0.051, -2.907,  2.048]

		PolynomialSplineRegressor.N6Ck2.FinishTime=Fri Nov 02 23:28:21 EDT 2018
		PolynomialSplineRegressor.N6Ck2.ExecTime=399

		PolynomialSplineRegressor.N6Ck3.Success=true
		PolynomialSplineRegressor.N6Ck3._seg1_1_0=25.0
		PolynomialSplineRegressor.N6Ck3._seg1_3_0=20.250000000000018
		PolynomialSplineRegressor.N6Ck3._seg1_head_jack=Wengert{0} => [ 1.000,  0.000,  0.000,  0.000,  0.000,  0.000]
Wengert{1} => [ 1.000,  0.000,  2.000,  0.000,  0.000,  0.000]
Wengert{2} => [-1.000,  0.000,  2.000,  2.000,  0.000,  0.000]
Wengert{3} => [ 0.002,  0.000, -2.000,  2.000,  1.333,  0.000]
Wengert{4} => [-3.903,  3.899, -7.797, -8.987, -2.504, -0.267]
Wengert{5} => [ 2.901, -2.899,  5.797,  4.987,  1.170,  0.267]

		PolynomialSplineRegressor.N6Ck3._seg1_jack=Wengert{0} => [ 1.000,  0.000,  0.000,  0.000,  0.000,  0.000]
Wengert{1} => [ 1.000,  0.000,  2.000,  0.000,  0.000,  0.000]
Wengert{2} => [-1.000,  0.000,  2.000,  2.000,  0.000,  0.000]
Wengert{3} => [ 0.002,  0.000, -2.000,  2.000,  1.333,  0.000]
Wengert{4} => [-3.903,  3.899, -7.797, -8.987, -2.504, -0.267]
Wengert{5} => [ 2.901, -2.899,  5.797,  4.987,  1.170,  0.267]

		PolynomialSplineRegressor.N6Ck3._seg1_monotone=MONOTONIC    
		PolynomialSplineRegressor.N6Ck3._seg2_3_0=20.250000000000018
		PolynomialSplineRegressor.N6Ck3._seg2_6_0=14.000000000000007
		PolynomialSplineRegressor.N6Ck3._seg2_head_jack=Wengert{0} => [ 1.000,  0.000,  0.000,  0.000,  0.000,  0.000]
Wengert{1} => [ 1.000,  0.000,  3.000,  0.000,  0.000,  0.000]
Wengert{2} => [-1.000,  0.000,  3.000,  4.500,  0.000,  0.000]
Wengert{3} => [ 0.002,  0.000, -3.000,  4.500,  4.500,  0.000]
Wengert{4} => [-3.903,  3.899, -11.696, -20.221, -8.450, -0.900]
Wengert{5} => [ 2.901, -2.899,  8.696,  11.221,  3.950,  0.900]

		PolynomialSplineRegressor.N6Ck3._seg2_jack=Wengert{0} => [ 1.000,  0.000,  0.000,  0.000,  0.000,  0.000]
Wengert{1} => [ 1.000,  0.000,  3.000,  0.000,  0.000,  0.000]
Wengert{2} => [-1.000,  0.000,  3.000,  4.500,  0.000,  0.000]
Wengert{3} => [ 0.002,  0.000, -3.000,  4.500,  4.500,  0.000]
Wengert{4} => [-3.903,  3.899, -11.696, -20.221, -8.450, -0.900]
Wengert{5} => [ 2.901, -2.899,  8.696,  11.221,  3.950,  0.900]

		PolynomialSplineRegressor.N6Ck3._seg2_monotone=MONOTONIC    
		PolynomialSplineRegressor.N6Ck3._seg2_value_jack=Wengert{0} => [ 0.682,  0.318,  1.047,  0.668,  0.151, -0.048]

		PolynomialSplineRegressor.N6Ck3.FinishTime=Fri Nov 02 23:28:21 EDT 2018
		PolynomialSplineRegressor.N6Ck3.ExecTime=356

		PolynomialSplineRegressor.N6Ck4.Success=true
		PolynomialSplineRegressor.N6Ck4._seg1_1_0=25.0
		PolynomialSplineRegressor.N6Ck4._seg1_3_0=20.250000000000455
		PolynomialSplineRegressor.N6Ck4._seg1_head_jack=Wengert{0} => [ 1.000,  0.000,  0.000,  0.000,  0.000,  0.000]
Wengert{1} => [ 1.000,  0.000,  2.000,  0.000,  0.000,  0.000]
Wengert{2} => [-1.000,  0.000,  2.000,  2.000,  0.000,  0.000]
Wengert{3} => [ 0.002,  0.000, -2.000,  2.000,  1.333,  0.000]
Wengert{4} => [-110.644,  0.000,  0.004, -2.000,  1.333,  0.667]
Wengert{5} => [ 109.642,  1.000, -2.004, -2.000, -2.667, -0.667]

		PolynomialSplineRegressor.N6Ck4._seg1_jack=Wengert{0} => [ 1.000,  0.000,  0.000,  0.000,  0.000,  0.000]
Wengert{1} => [ 1.000,  0.000,  2.000,  0.000,  0.000,  0.000]
Wengert{2} => [-1.000,  0.000,  2.000,  2.000,  0.000,  0.000]
Wengert{3} => [ 0.002,  0.000, -2.000,  2.000,  1.333,  0.000]
Wengert{4} => [-110.644,  0.000,  0.004, -2.000,  1.333,  0.667]
Wengert{5} => [ 109.642,  1.000, -2.004, -2.000, -2.667, -0.667]

		PolynomialSplineRegressor.N6Ck4._seg1_monotone=MONOTONIC    
		PolynomialSplineRegressor.N6Ck4._seg2_3_0=20.250000000000455
		PolynomialSplineRegressor.N6Ck4._seg2_6_0=14.000000000000455
		PolynomialSplineRegressor.N6Ck4._seg2_head_jack=Wengert{0} => [ 1.000,  0.000,  0.000,  0.000,  0.000,  0.000]
Wengert{1} => [ 1.000,  0.000,  3.000,  0.000,  0.000,  0.000]
Wengert{2} => [-1.000,  0.000,  3.000,  4.500,  0.000,  0.000]
Wengert{3} => [ 0.002,  0.000, -3.000,  4.500,  4.500,  0.000]
Wengert{4} => [-110.644,  0.000,  0.007, -4.500,  4.500,  3.375]
Wengert{5} => [ 109.642,  1.000, -3.007, -4.500, -9.000, -3.375]

		PolynomialSplineRegressor.N6Ck4._seg2_jack=Wengert{0} => [ 1.000,  0.000,  0.000,  0.000,  0.000,  0.000]
Wengert{1} => [ 1.000,  0.000,  3.000,  0.000,  0.000,  0.000]
Wengert{2} => [-1.000,  0.000,  3.000,  4.500,  0.000,  0.000]
Wengert{3} => [ 0.002,  0.000, -3.000,  4.500,  4.500,  0.000]
Wengert{4} => [-110.644,  0.000,  0.007, -4.500,  4.500,  3.375]
Wengert{5} => [ 109.642,  1.000, -3.007, -4.500, -9.000, -3.375]

		PolynomialSplineRegressor.N6Ck4._seg2_monotone=MONOTONIC    
		PolynomialSplineRegressor.N6Ck4._seg2_value_jack=Wengert{0} => [-5.068,  0.108,  1.677,  1.515,  0.848,  0.182]

		PolynomialSplineRegressor.N6Ck4.FinishTime=Fri Nov 02 23:28:21 EDT 2018
		PolynomialSplineRegressor.N6Ck4.ExecTime=345

		PolynomialSplineRegressor.N7Ck0.Success=true
		PolynomialSplineRegressor.N7Ck0._seg1_1_0=25.0
		PolynomialSplineRegressor.N7Ck0._seg1_3_0=20.249999999999563
		PolynomialSplineRegressor.N7Ck0._seg1_head_jack=Wengert{0} => [ 1.000,  0.000,  0.000,  0.000,  0.000,  0.000,  0.000]
Wengert{1} => [-0.000,  1.000, -3.617, -9.425,  22.905, -17.971,  5.396]
Wengert{2} => [-2.000,  1.000,  22.098, -73.131,  106.641, -75.500,  20.798]
Wengert{3} => [ 1.000, -1.000, -60.090,  1046.450, -2674.806,  2515.743, -815.161]
Wengert{4} => [-0.000,  0.000,  83.736, -2651.901,  7266.572, -7035.829,  2314.516]
Wengert{5} => [ 0.000, -0.000, -57.529,  2497.772, -7035.829,  6901.879, -2288.322]
Wengert{6} => [-0.000,  0.000,  15.401, -809.765,  2314.516, -2288.322,  762.774]

		PolynomialSplineRegressor.N7Ck0._seg1_jack=Wengert{0} => [ 1.000,  0.000,  0.000,  0.000,  0.000,  0.000,  0.000]
Wengert{1} => [-0.000,  1.000, -3.617, -9.425,  22.905, -17.971,  5.396]
Wengert{2} => [-2.000,  1.000,  22.098, -73.131,  106.641, -75.500,  20.798]
Wengert{3} => [ 1.000, -1.000, -60.090,  1046.450, -2674.806,  2515.743, -815.161]
Wengert{4} => [-0.000,  0.000,  83.736, -2651.901,  7266.572, -7035.829,  2314.516]
Wengert{5} => [ 0.000, -0.000, -57.529,  2497.772, -7035.829,  6901.879, -2288.322]
Wengert{6} => [-0.000,  0.000,  15.401, -809.765,  2314.516, -2288.322,  762.774]

		PolynomialSplineRegressor.N7Ck0._seg1_monotone=MONOTONIC    
		PolynomialSplineRegressor.N7Ck0._seg2_3_0=20.249999999999563
		PolynomialSplineRegressor.N7Ck0._seg2_6_0=13.999999999999392
		PolynomialSplineRegressor.N7Ck0._seg2_head_jack=Wengert{0} => [ 1.000,  0.000,  0.000,  0.000,  0.000,  0.000,  0.000]
Wengert{1} => [-0.000,  1.000, -12.206, -31.808,  77.305, -60.653,  18.212]
Wengert{2} => [-2.000,  1.000,  74.579, -246.818,  359.915, -254.812,  70.192]
Wengert{3} => [ 1.000, -1.000, -202.804,  3531.769, -9027.470,  8490.633, -2751.169]
Wengert{4} => [-0.000,  0.000,  282.609, -8950.165,  24524.682, -23745.922,  7811.491]
Wengert{5} => [ 0.000, -0.000, -194.159,  8429.980, -23745.922,  23293.841, -7723.087]
Wengert{6} => [-0.000,  0.000,  51.980, -2732.958,  7811.491, -7723.087,  2574.362]

		PolynomialSplineRegressor.N7Ck0._seg2_jack=Wengert{0} => [ 1.000,  0.000,  0.000,  0.000,  0.000,  0.000,  0.000]
Wengert{1} => [-0.000,  1.000, -12.206, -31.808,  77.305, -60.653,  18.212]
Wengert{2} => [-2.000,  1.000,  74.579, -246.818,  359.915, -254.812,  70.192]
Wengert{3} => [ 1.000, -1.000, -202.804,  3531.769, -9027.470,  8490.633, -2751.169]
Wengert{4} => [-0.000,  0.000,  282.609, -8950.165,  24524.682, -23745.922,  7811.491]
Wengert{5} => [ 0.000, -0.000, -194.159,  8429.980, -23745.922,  23293.841, -7723.087]
Wengert{6} => [-0.000,  0.000,  51.980, -2732.958,  7811.491, -7723.087,  2574.362]

		PolynomialSplineRegressor.N7Ck0._seg2_monotone=MONOTONIC    
		PolynomialSplineRegressor.N7Ck0._seg2_value_jack=Wengert{0} => [ 0.333,  0.667, -0.214,  14.567, -49.237,  49.897, -16.231]

		PolynomialSplineRegressor.N7Ck0.FinishTime=Fri Nov 02 23:28:21 EDT 2018
		PolynomialSplineRegressor.N7Ck0.ExecTime=827

		PolynomialSplineRegressor.N7Ck1.Success=true
		PolynomialSplineRegressor.N7Ck1._seg1_1_0=25.0
		PolynomialSplineRegressor.N7Ck1._seg1_3_0=20.249999999985732
		PolynomialSplineRegressor.N7Ck1._seg1_head_jack=Wengert{0} => [ 1.000,  0.000,  0.000,  0.000,  0.000,  0.000,  0.000]
Wengert{1} => [ 1.000,  0.000,  2.000,  0.000,  0.000,  0.000,  0.000]
Wengert{2} => [-8.110,  7.110, -12.220, -130.715,  246.591, -185.303,  53.767]
Wengert{3} => [ 17.615, -17.615,  33.229,  1203.038, -3055.370,  2814.330, -904.815]
Wengert{4} => [-23.153,  23.153, -46.305, -2870.107,  7796.893, -7451.914,  2439.450]
Wengert{5} => [ 15.906, -15.906,  31.813,  2647.685, -7400.171,  7187.738, -2374.155]
Wengert{6} => [-4.258,  4.258, -8.517, -849.900,  2412.057, -2364.852,  785.753]

		PolynomialSplineRegressor.N7Ck1._seg1_jack=Wengert{0} => [ 1.000,  0.000,  0.000,  0.000,  0.000,  0.000,  0.000]
Wengert{1} => [ 1.000,  0.000,  2.000,  0.000,  0.000,  0.000,  0.000]
Wengert{2} => [-8.110,  7.110, -12.220, -130.715,  246.591, -185.303,  53.767]
Wengert{3} => [ 17.615, -17.615,  33.229,  1203.038, -3055.370,  2814.330, -904.815]
Wengert{4} => [-23.153,  23.153, -46.305, -2870.107,  7796.893, -7451.914,  2439.450]
Wengert{5} => [ 15.906, -15.906,  31.813,  2647.685, -7400.171,  7187.738, -2374.155]
Wengert{6} => [-4.258,  4.258, -8.517, -849.900,  2412.057, -2364.852,  785.753]

		PolynomialSplineRegressor.N7Ck1._seg1_monotone=MONOTONIC    
		PolynomialSplineRegressor.N7Ck1._seg2_3_0=20.249999999985732
		PolynomialSplineRegressor.N7Ck1._seg2_6_0=14.000000000006366
		PolynomialSplineRegressor.N7Ck1._seg2_head_jack=Wengert{0} => [ 1.000,  0.000,  0.000,  0.000,  0.000,  0.000,  0.000]
Wengert{1} => [ 1.000,  0.000,  3.000,  0.000,  0.000,  0.000,  0.000]
Wengert{2} => [-8.110,  7.110, -18.330, -441.164,  832.244, -625.397,  181.464]
Wengert{3} => [ 17.615, -17.615,  49.844,  4060.252, -10311.873,  9498.364, -3053.752]
Wengert{4} => [-23.153,  23.153, -69.458, -9686.613,  26314.513, -25150.208,  8233.143]
Wengert{5} => [ 15.906, -15.906,  47.719,  8935.936, -24975.577,  24258.617, -8012.772]
Wengert{6} => [-4.258,  4.258, -12.775, -2868.412,  8140.692, -7981.376,  2651.916]

		PolynomialSplineRegressor.N7Ck1._seg2_jack=Wengert{0} => [ 1.000,  0.000,  0.000,  0.000,  0.000,  0.000,  0.000]
Wengert{1} => [ 1.000,  0.000,  3.000,  0.000,  0.000,  0.000,  0.000]
Wengert{2} => [-8.110,  7.110, -18.330, -441.164,  832.244, -625.397,  181.464]
Wengert{3} => [ 17.615, -17.615,  49.844,  4060.252, -10311.873,  9498.364, -3053.752]
Wengert{4} => [-23.153,  23.153, -69.458, -9686.613,  26314.513, -25150.208,  8233.143]
Wengert{5} => [ 15.906, -15.906,  47.719,  8935.936, -24975.577,  24258.617, -8012.772]
Wengert{6} => [-4.258,  4.258, -12.775, -2868.412,  8140.692, -7981.376,  2651.916]

		PolynomialSplineRegressor.N7Ck1._seg2_monotone=MONOTONIC    
		PolynomialSplineRegressor.N7Ck1._seg2_value_jack=Wengert{0} => [ 0.351,  0.649,  0.053,  15.125, -50.593,  50.962, -16.551]

		PolynomialSplineRegressor.N7Ck1.FinishTime=Fri Nov 02 23:28:21 EDT 2018
		PolynomialSplineRegressor.N7Ck1.ExecTime=887

		PolynomialSplineRegressor.N7Ck2.Success=true
		PolynomialSplineRegressor.N7Ck2._seg1_1_0=25.0
		PolynomialSplineRegressor.N7Ck2._seg1_3_0=20.25000000021339
		PolynomialSplineRegressor.N7Ck2._seg1_head_jack=Wengert{0} => [ 1.000,  0.000,  0.000,  0.000,  0.000,  0.000,  0.000]
Wengert{1} => [ 1.000,  0.000,  2.000,  0.000,  0.000,  0.000,  0.000]
Wengert{2} => [-1.000,  0.000,  2.000,  2.000,  0.000,  0.000,  0.000]
Wengert{3} => [-47.821,  47.821, -97.643, -18.407, -785.870,  1108.894, -409.969]
Wengert{4} => [ 132.959, -132.959,  265.919,  43.914,  2382.508, -3383.225,  1258.886]
Wengert{5} => [-128.107,  128.107, -256.215, -40.511, -2405.381,  3434.358, -1285.081]
Wengert{6} => [ 41.970, -41.970,  83.939,  13.004,  808.743, -1160.027,  436.163]

		PolynomialSplineRegressor.N7Ck2._seg1_jack=Wengert{0} => [ 1.000,  0.000,  0.000,  0.000,  0.000,  0.000,  0.000]
Wengert{1} => [ 1.000,  0.000,  2.000,  0.000,  0.000,  0.000,  0.000]
Wengert{2} => [-1.000,  0.000,  2.000,  2.000,  0.000,  0.000,  0.000]
Wengert{3} => [-47.821,  47.821, -97.643, -18.407, -785.870,  1108.894, -409.969]
Wengert{4} => [ 132.959, -132.959,  265.919,  43.914,  2382.508, -3383.225,  1258.886]
Wengert{5} => [-128.107,  128.107, -256.215, -40.511, -2405.381,  3434.358, -1285.081]
Wengert{6} => [ 41.970, -41.970,  83.939,  13.004,  808.743, -1160.027,  436.163]

		PolynomialSplineRegressor.N7Ck2._seg1_monotone=MONOTONIC    
		PolynomialSplineRegressor.N7Ck2._seg2_3_0=20.25000000021339
		PolynomialSplineRegressor.N7Ck2._seg2_6_0=14.000000000130285
		PolynomialSplineRegressor.N7Ck2._seg2_head_jack=Wengert{0} => [ 1.000,  0.000,  0.000,  0.000,  0.000,  0.000,  0.000]
Wengert{1} => [ 1.000,  0.000,  3.000,  0.000,  0.000,  0.000,  0.000]
Wengert{2} => [-1.000,  0.000,  3.000,  4.500,  0.000,  0.000,  0.000]
Wengert{3} => [-47.821,  47.821, -146.464, -41.416, -2652.311,  3742.517, -1383.646]
Wengert{4} => [ 132.959, -132.959,  398.878,  98.806,  8040.965, -11418.384,  4248.742]
Wengert{5} => [-128.107,  128.107, -384.322, -91.149, -8118.160,  11590.959, -4337.147]
Wengert{6} => [ 41.970, -41.970,  125.909,  29.259,  2729.507, -3915.091,  1472.051]

		PolynomialSplineRegressor.N7Ck2._seg2_jack=Wengert{0} => [ 1.000,  0.000,  0.000,  0.000,  0.000,  0.000,  0.000]
Wengert{1} => [ 1.000,  0.000,  3.000,  0.000,  0.000,  0.000,  0.000]
Wengert{2} => [-1.000,  0.000,  3.000,  4.500,  0.000,  0.000,  0.000]
Wengert{3} => [-47.821,  47.821, -146.464, -41.416, -2652.311,  3742.517, -1383.646]
Wengert{4} => [ 132.959, -132.959,  398.878,  98.806,  8040.965, -11418.384,  4248.742]
Wengert{5} => [-128.107,  128.107, -384.322, -91.149, -8118.160,  11590.959, -4337.147]
Wengert{6} => [ 41.970, -41.970,  125.909,  29.259,  2729.507, -3915.091,  1472.051]

		PolynomialSplineRegressor.N7Ck2._seg2_monotone=MONOTONIC    
		PolynomialSplineRegressor.N7Ck2._seg2_value_jack=Wengert{0} => [ 0.107,  0.893, -0.679, -0.154, -22.060,  29.520, -10.329]

		PolynomialSplineRegressor.N7Ck2.FinishTime=Fri Nov 02 23:28:21 EDT 2018
		PolynomialSplineRegressor.N7Ck2.ExecTime=653

		PolynomialSplineRegressor.N7Ck3.Success=true
		PolynomialSplineRegressor.N7Ck3._seg1_1_0=25.0
		PolynomialSplineRegressor.N7Ck3._seg1_3_0=20.250000000000014
		PolynomialSplineRegressor.N7Ck3._seg1_head_jack=Wengert{0} => [ 1.000,  0.000,  0.000,  0.000,  0.000,  0.000,  0.000]
Wengert{1} => [ 1.000,  0.000,  2.000,  0.000,  0.000,  0.000,  0.000]
Wengert{2} => [-1.000,  0.000,  2.000,  2.000,  0.000,  0.000,  0.000]
Wengert{3} => [ 0.002,  0.000, -2.000,  2.000,  1.333,  0.000,  0.000]
Wengert{4} => [-12.027,  12.020, -24.040, -17.954, -4.042, -21.411,  15.990]
Wengert{5} => [ 18.271, -18.264,  36.528,  21.951,  4.081,  40.270, -30.252]
Wengert{6} => [-7.246,  7.244, -14.487, -7.997, -1.372, -18.859,  14.262]

		PolynomialSplineRegressor.N7Ck3._seg1_jack=Wengert{0} => [ 1.000,  0.000,  0.000,  0.000,  0.000,  0.000,  0.000]
Wengert{1} => [ 1.000,  0.000,  2.000,  0.000,  0.000,  0.000,  0.000]
Wengert{2} => [-1.000,  0.000,  2.000,  2.000,  0.000,  0.000,  0.000]
Wengert{3} => [ 0.002,  0.000, -2.000,  2.000,  1.333,  0.000,  0.000]
Wengert{4} => [-12.027,  12.020, -24.040, -17.954, -4.042, -21.411,  15.990]
Wengert{5} => [ 18.271, -18.264,  36.528,  21.951,  4.081,  40.270, -30.252]
Wengert{6} => [-7.246,  7.244, -14.487, -7.997, -1.372, -18.859,  14.262]

		PolynomialSplineRegressor.N7Ck3._seg1_monotone=MONOTONIC    
		PolynomialSplineRegressor.N7Ck3._seg2_3_0=20.250000000000014
		PolynomialSplineRegressor.N7Ck3._seg2_6_0=14.0
		PolynomialSplineRegressor.N7Ck3._seg2_head_jack=Wengert{0} => [ 1.000,  0.000,  0.000,  0.000,  0.000,  0.000,  0.000]
Wengert{1} => [ 1.000,  0.000,  3.000,  0.000,  0.000,  0.000,  0.000]
Wengert{2} => [-1.000,  0.000,  3.000,  4.500,  0.000,  0.000,  0.000]
Wengert{3} => [ 0.002,  0.000, -3.000,  4.500,  4.500,  0.000,  0.000]
Wengert{4} => [-12.027,  12.020, -36.060, -40.396, -13.643, -72.262,  53.968]
Wengert{5} => [ 18.271, -18.264,  54.791,  49.389,  13.774,  135.911, -102.102]
Wengert{6} => [-7.246,  7.244, -21.731, -17.994, -4.631, -63.649,  48.134]

		PolynomialSplineRegressor.N7Ck3._seg2_jack=Wengert{0} => [ 1.000,  0.000,  0.000,  0.000,  0.000,  0.000,  0.000]
Wengert{1} => [ 1.000,  0.000,  3.000,  0.000,  0.000,  0.000,  0.000]
Wengert{2} => [-1.000,  0.000,  3.000,  4.500,  0.000,  0.000,  0.000]
Wengert{3} => [ 0.002,  0.000, -3.000,  4.500,  4.500,  0.000,  0.000]
Wengert{4} => [-12.027,  12.020, -36.060, -40.396, -13.643, -72.262,  53.968]
Wengert{5} => [ 18.271, -18.264,  54.791,  49.389,  13.774,  135.911, -102.102]
Wengert{6} => [-7.246,  7.244, -21.731, -17.994, -4.631, -63.649,  48.134]

		PolynomialSplineRegressor.N7Ck3._seg2_monotone=MONOTONIC    
		PolynomialSplineRegressor.N7Ck3._seg2_value_jack=Wengert{0} => [ 0.505,  0.495,  0.515,  0.228,  0.037, -1.607,  1.179]

		PolynomialSplineRegressor.N7Ck3.FinishTime=Fri Nov 02 23:28:21 EDT 2018
		PolynomialSplineRegressor.N7Ck3.ExecTime=594

		PolynomialSplineRegressor.N7Ck4.Success=true
		PolynomialSplineRegressor.N7Ck4._seg1_1_0=25.0
		PolynomialSplineRegressor.N7Ck4._seg1_3_0=20.250000000000455
		PolynomialSplineRegressor.N7Ck4._seg1_head_jack=Wengert{0} => [ 1.000,  0.000,  0.000,  0.000,  0.000,  0.000,  0.000]
Wengert{1} => [ 1.000,  0.000,  2.000,  0.000,  0.000,  0.000,  0.000]
Wengert{2} => [-1.000,  0.000,  2.000,  2.000,  0.000,  0.000,  0.000]
Wengert{3} => [ 0.002,  0.000, -2.000,  2.000,  1.333,  0.000,  0.000]
Wengert{4} => [-110.644,  0.000,  0.004, -2.000,  1.333,  0.667,  0.000]
Wengert{5} => [ 203.749,  4.344, -8.696, -8.055, -6.029, -1.254, -0.178]
Wengert{6} => [-94.108, -3.344,  6.691,  6.055,  3.363,  0.587,  0.178]

		PolynomialSplineRegressor.N7Ck4._seg1_jack=Wengert{0} => [ 1.000,  0.000,  0.000,  0.000,  0.000,  0.000,  0.000]
Wengert{1} => [ 1.000,  0.000,  2.000,  0.000,  0.000,  0.000,  0.000]
Wengert{2} => [-1.000,  0.000,  2.000,  2.000,  0.000,  0.000,  0.000]
Wengert{3} => [ 0.002,  0.000, -2.000,  2.000,  1.333,  0.000,  0.000]
Wengert{4} => [-110.644,  0.000,  0.004, -2.000,  1.333,  0.667,  0.000]
Wengert{5} => [ 203.749,  4.344, -8.696, -8.055, -6.029, -1.254, -0.178]
Wengert{6} => [-94.108, -3.344,  6.691,  6.055,  3.363,  0.587,  0.178]

		PolynomialSplineRegressor.N7Ck4._seg1_monotone=MONOTONIC    
		PolynomialSplineRegressor.N7Ck4._seg2_3_0=20.250000000000455
		PolynomialSplineRegressor.N7Ck4._seg2_6_0=13.999999999998636
		PolynomialSplineRegressor.N7Ck4._seg2_head_jack=Wengert{0} => [ 1.000,  0.000,  0.000,  0.000,  0.000,  0.000,  0.000]
Wengert{1} => [ 1.000,  0.000,  3.000,  0.000,  0.000,  0.000,  0.000]
Wengert{2} => [-1.000,  0.000,  3.000,  4.500,  0.000,  0.000,  0.000]
Wengert{3} => [ 0.002,  0.000, -3.000,  4.500,  4.500,  0.000,  0.000]
Wengert{4} => [-110.644,  0.000,  0.007, -4.500,  4.500,  3.375,  0.000]
Wengert{5} => [ 203.749,  4.344, -13.044, -18.123, -20.349, -6.348, -0.599]
Wengert{6} => [-94.108, -3.344,  10.037,  13.623,  11.349,  2.973,  0.599]

		PolynomialSplineRegressor.N7Ck4._seg2_jack=Wengert{0} => [ 1.000,  0.000,  0.000,  0.000,  0.000,  0.000,  0.000]
Wengert{1} => [ 1.000,  0.000,  3.000,  0.000,  0.000,  0.000,  0.000]
Wengert{2} => [-1.000,  0.000,  3.000,  4.500,  0.000,  0.000,  0.000]
Wengert{3} => [ 0.002,  0.000, -3.000,  4.500,  4.500,  0.000,  0.000]
Wengert{4} => [-110.644,  0.000,  0.007, -4.500,  4.500,  3.375,  0.000]
Wengert{5} => [ 203.749,  4.344, -13.044, -18.123, -20.349, -6.348, -0.599]
Wengert{6} => [-94.108, -3.344,  10.037,  13.623,  11.349,  2.973,  0.599]

		PolynomialSplineRegressor.N7Ck4._seg2_monotone=MONOTONIC    
		PolynomialSplineRegressor.N7Ck4._seg2_value_jack=Wengert{0} => [-1.688,  0.228,  1.317,  1.026,  0.441,  0.075, -0.022]

		PolynomialSplineRegressor.N7Ck4.FinishTime=Fri Nov 02 23:28:21 EDT 2018
		PolynomialSplineRegressor.N7Ck4.ExecTime=538

		PolynomialSplineRegressor.N7Ck5.Success=true
		PolynomialSplineRegressor.N7Ck5._seg1_1_0=25.0
		PolynomialSplineRegressor.N7Ck5._seg1_3_0=20.25000000745058
		PolynomialSplineRegressor.N7Ck5._seg1_head_jack=Wengert{0} => [ 1.000,  0.000,  0.000,  0.000,  0.000,  0.000,  0.000]
Wengert{1} => [ 1.000,  0.000,  2.000,  0.000,  0.000,  0.000,  0.000]
Wengert{2} => [-1.000,  0.000,  2.000,  2.000,  0.000,  0.000,  0.000]
Wengert{3} => [ 0.002,  0.000, -2.000,  2.000,  1.333,  0.000,  0.000]
Wengert{4} => [-110.644,  0.000,  0.004, -2.000,  1.333,  0.667,  0.000]
Wengert{5} => [ 2312735.336,  0.000, -221.288,  0.004, -1.333,  0.667,  0.267]
Wengert{6} => [-2312625.694,  1.000,  219.283, -2.004, -1.333, -1.333, -0.267]

		PolynomialSplineRegressor.N7Ck5._seg1_jack=Wengert{0} => [ 1.000,  0.000,  0.000,  0.000,  0.000,  0.000,  0.000]
Wengert{1} => [ 1.000,  0.000,  2.000,  0.000,  0.000,  0.000,  0.000]
Wengert{2} => [-1.000,  0.000,  2.000,  2.000,  0.000,  0.000,  0.000]
Wengert{3} => [ 0.002,  0.000, -2.000,  2.000,  1.333,  0.000,  0.000]
Wengert{4} => [-110.644,  0.000,  0.004, -2.000,  1.333,  0.667,  0.000]
Wengert{5} => [ 2312735.336,  0.000, -221.288,  0.004, -1.333,  0.667,  0.267]
Wengert{6} => [-2312625.694,  1.000,  219.283, -2.004, -1.333, -1.333, -0.267]

		PolynomialSplineRegressor.N7Ck5._seg1_monotone=MONOTONIC    
		PolynomialSplineRegressor.N7Ck5._seg2_3_0=20.25000000745058
		PolynomialSplineRegressor.N7Ck5._seg2_6_0=14.0
		PolynomialSplineRegressor.N7Ck5._seg2_head_jack=Wengert{0} => [ 1.000,  0.000,  0.000,  0.000,  0.000,  0.000,  0.000]
Wengert{1} => [ 1.000,  0.000,  3.000,  0.000,  0.000,  0.000,  0.000]
Wengert{2} => [-1.000,  0.000,  3.000,  4.500,  0.000,  0.000,  0.000]
Wengert{3} => [ 0.002,  0.000, -3.000,  4.500,  4.500,  0.000,  0.000]
Wengert{4} => [-110.644,  0.000,  0.007, -4.500,  4.500,  3.375,  0.000]
Wengert{5} => [ 2312735.336,  0.000, -331.931,  0.010, -4.500,  3.375,  2.025]
Wengert{6} => [-2312625.694,  1.000,  328.925, -4.510, -4.500, -6.750, -2.025]

		PolynomialSplineRegressor.N7Ck5._seg2_jack=Wengert{0} => [ 1.000,  0.000,  0.000,  0.000,  0.000,  0.000,  0.000]
Wengert{1} => [ 1.000,  0.000,  3.000,  0.000,  0.000,  0.000,  0.000]
Wengert{2} => [-1.000,  0.000,  3.000,  4.500,  0.000,  0.000,  0.000]
Wengert{3} => [ 0.002,  0.000, -3.000,  4.500,  4.500,  0.000,  0.000]
Wengert{4} => [-110.644,  0.000,  0.007, -4.500,  4.500,  3.375,  0.000]
Wengert{5} => [ 2312735.336,  0.000, -331.931,  0.010, -4.500,  3.375,  2.025]
Wengert{6} => [-2312625.694,  1.000,  328.925, -4.510, -4.500, -6.750, -2.025]

		PolynomialSplineRegressor.N7Ck5._seg2_monotone=MONOTONIC    
		PolynomialSplineRegressor.N7Ck5._seg2_value_jack=Wengert{0} => [ 83052.196,  0.072, -10.136,  1.677,  1.010,  0.424,  0.073]

		PolynomialSplineRegressor.N7Ck5.FinishTime=Fri Nov 02 23:28:21 EDT 2018
		PolynomialSplineRegressor.N7Ck5.ExecTime=492

		PolynomialSplineRegressor.ExpTension.Success=true
		PolynomialSplineRegressor.ExpTension._seg1_1_0=24.999999999999986
		PolynomialSplineRegressor.ExpTension._seg1_3_0=20.249999999999996
		PolynomialSplineRegressor.ExpTension._seg1_head_jack=Wengert{0} => [ 3.000,  0.000, -4.000, -4.000]
Wengert{1} => [ 6.216, -5.708,  25.814,  12.399]
Wengert{2} => [-3.608,  2.854, -9.907, -4.200]
Wengert{3} => [ 1.608, -2.854,  13.907,  8.200]

		PolynomialSplineRegressor.ExpTension._seg1_jack=Wengert{0} => [ 3.000,  0.000, -4.000, -4.000]
Wengert{1} => [ 6.216, -5.708,  25.814,  12.399]
Wengert{2} => [-3.608,  2.854, -9.907, -4.200]
Wengert{3} => [ 1.608, -2.854,  13.907,  8.200]

		PolynomialSplineRegressor.ExpTension._seg1_monotone=MONOTONIC    
		PolynomialSplineRegressor.ExpTension._seg2_3_0=20.24999999999997
		PolynomialSplineRegressor.ExpTension._seg2_6_0=13.999999999999961
		PolynomialSplineRegressor.ExpTension._seg2_head_jack=Wengert{0} => [ 3.000,  0.000, -6.000, -9.000]
Wengert{1} => [ 6.216, -5.708,  38.722,  27.898]
Wengert{2} => [-3.608,  2.854, -14.861, -9.449]
Wengert{3} => [ 1.608, -2.854,  20.861,  18.449]

		PolynomialSplineRegressor.ExpTension._seg2_jack=Wengert{0} => [ 3.000,  0.000, -6.000, -9.000]
Wengert{1} => [ 6.216, -5.708,  38.722,  27.898]
Wengert{2} => [-3.608,  2.854, -14.861, -9.449]
Wengert{3} => [ 1.608, -2.854,  20.861,  18.449]

		PolynomialSplineRegressor.ExpTension._seg2_monotone=MONOTONIC    
		PolynomialSplineRegressor.ExpTension._seg2_value_jack=Wengert{0} => [ 0.771,  0.236,  1.293,  0.545]

		PolynomialSplineRegressor.ExpTension.FinishTime=Fri Nov 02 23:28:21 EDT 2018
		PolynomialSplineRegressor.ExpTension.ExecTime=102

		PolynomialSplineRegressor.HyperTension.Success=true
		PolynomialSplineRegressor.HyperTension._seg1_1_0=24.999999999999993
		PolynomialSplineRegressor.HyperTension._seg1_3_0=20.249999999999996
		PolynomialSplineRegressor.HyperTension._seg1_head_jack=Wengert{0} => [ 3.000, -0.000, -4.000, -4.000]
Wengert{1} => [ 6.216, -5.708,  25.814,  12.399]
Wengert{2} => [-2.000,  0.000,  4.000,  4.000]
Wengert{3} => [-5.216,  5.708, -23.814, -12.399]

		PolynomialSplineRegressor.HyperTension._seg1_jack=Wengert{0} => [ 3.000, -0.000, -4.000, -4.000]
Wengert{1} => [ 6.216, -5.708,  25.814,  12.399]
Wengert{2} => [-2.000,  0.000,  4.000,  4.000]
Wengert{3} => [-5.216,  5.708, -23.814, -12.399]

		PolynomialSplineRegressor.HyperTension._seg1_monotone=MONOTONIC    
		PolynomialSplineRegressor.HyperTension._seg2_3_0=20.249999999999986
		PolynomialSplineRegressor.HyperTension._seg2_6_0=13.999999999999986
		PolynomialSplineRegressor.HyperTension._seg2_head_jack=Wengert{0} => [ 3.000, -0.000, -6.000, -9.000]
Wengert{1} => [ 6.216, -5.708,  38.722,  27.898]
Wengert{2} => [-2.000,  0.000,  6.000,  9.000]
Wengert{3} => [-5.216,  5.708, -35.722, -27.898]

		PolynomialSplineRegressor.HyperTension._seg2_jack=Wengert{0} => [ 3.000, -0.000, -6.000, -9.000]
Wengert{1} => [ 6.216, -5.708,  38.722,  27.898]
Wengert{2} => [-2.000,  0.000,  6.000,  9.000]
Wengert{3} => [-5.216,  5.708, -35.722, -27.898]

		PolynomialSplineRegressor.HyperTension._seg2_monotone=MONOTONIC    
		PolynomialSplineRegressor.HyperTension._seg2_value_jack=Wengert{0} => [ 0.771,  0.236,  1.293,  0.545]

		PolynomialSplineRegressor.HyperTension.FinishTime=Fri Nov 02 23:28:21 EDT 2018
		PolynomialSplineRegressor.HyperTension.ExecTime=71

		PolynomialSplineRegressor.KP.Success=true
		PolynomialSplineRegressor.KP._seg1_1_0=25.0
		PolynomialSplineRegressor.KP._seg1_3_0=20.25
		PolynomialSplineRegressor.KP._seg1_head_jack=Wengert{0} => [ 1.000,  0.000,  0.000,  0.000]
Wengert{1} => [ 0.000,  1.000,  0.000,  0.000]
Wengert{2} => [ 2.000, -1.000,  2.000,  0.000]
Wengert{3} => [ 3.000, -2.000,  6.000,  2.000]

		PolynomialSplineRegressor.KP._seg1_jack=Wengert{0} => [ 1.000,  0.000,  0.000,  0.000]
Wengert{1} => [ 0.000,  1.000,  0.000,  0.000]
Wengert{2} => [ 2.000, -1.000,  2.000,  0.000]
Wengert{3} => [ 3.000, -2.000,  6.000,  2.000]

		PolynomialSplineRegressor.KP._seg1_monotone=MONOTONIC    
		PolynomialSplineRegressor.KP._seg2_3_0=20.25
		PolynomialSplineRegressor.KP._seg2_6_0=14.0
		PolynomialSplineRegressor.KP._seg2_head_jack=Wengert{0} => [ 1.000,  0.000,  0.000,  0.000]
Wengert{1} => [ 0.000,  1.000,  0.000,  0.000]
Wengert{2} => [ 2.000, -1.000,  3.000,  0.000]
Wengert{3} => [ 3.000, -2.000,  9.000,  4.500]

		PolynomialSplineRegressor.KP._seg2_jack=Wengert{0} => [ 1.000,  0.000,  0.000,  0.000]
Wengert{1} => [ 0.000,  1.000,  0.000,  0.000]
Wengert{2} => [ 2.000, -1.000,  3.000,  0.000]
Wengert{3} => [ 3.000, -2.000,  9.000,  4.500]

		PolynomialSplineRegressor.KP._seg2_monotone=MONOTONIC    
		PolynomialSplineRegressor.KP._seg2_value_jack=Wengert{0} => [ 0.758,  0.242,  1.273,  0.545]

		PolynomialSplineRegressor.KP.FinishTime=Fri Nov 02 23:28:21 EDT 2018
		PolynomialSplineRegressor.KP.ExecTime=154

		PolynomialSplineRegressor.Bern_N4Ck2.Success=true
		PolynomialSplineRegressor.Bern_N4Ck2._seg1_1_0=25.0
		PolynomialSplineRegressor.Bern_N4Ck2._seg1_3_0=20.25
		PolynomialSplineRegressor.Bern_N4Ck2._seg1_head_jack=Wengert{0} => [ 6.000,  0.000,  0.000,  0.000]
Wengert{1} => [ 8.000,  0.000,  4.000,  0.000]
Wengert{2} => [ 8.000,  0.000,  12.000,  4.000]
Wengert{3} => [ 0.000,  6.000,  0.000,  0.000]

		PolynomialSplineRegressor.Bern_N4Ck2._seg1_jack=Wengert{0} => [ 6.000,  0.000,  0.000,  0.000]
Wengert{1} => [ 8.000,  0.000,  4.000,  0.000]
Wengert{2} => [ 8.000,  0.000,  12.000,  4.000]
Wengert{3} => [ 0.000,  6.000,  0.000,  0.000]

		PolynomialSplineRegressor.Bern_N4Ck2._seg1_monotone=MONOTONIC    
		PolynomialSplineRegressor.Bern_N4Ck2._seg2_3_0=20.25
		PolynomialSplineRegressor.Bern_N4Ck2._seg2_6_0=14.0
		PolynomialSplineRegressor.Bern_N4Ck2._seg2_head_jack=Wengert{0} => [ 6.000,  0.000,  0.000,  0.000]
Wengert{1} => [ 8.000,  0.000,  6.000,  0.000]
Wengert{2} => [ 8.000,  0.000,  18.000,  9.000]
Wengert{3} => [ 0.000,  6.000,  0.000,  0.000]

		PolynomialSplineRegressor.Bern_N4Ck2._seg2_jack=Wengert{0} => [ 6.000,  0.000,  0.000,  0.000]
Wengert{1} => [ 8.000,  0.000,  6.000,  0.000]
Wengert{2} => [ 8.000,  0.000,  18.000,  9.000]
Wengert{3} => [ 0.000,  6.000,  0.000,  0.000]

		PolynomialSplineRegressor.Bern_N4Ck2._seg2_monotone=MONOTONIC    
		PolynomialSplineRegressor.Bern_N4Ck2._seg2_value_jack=Wengert{0} => [ 0.758,  0.242,  1.273,  0.545]

		PolynomialSplineRegressor.Bern_N4Ck2.FinishTime=Fri Nov 02 23:28:21 EDT 2018
		PolynomialSplineRegressor.Bern_N4Ck2.ExecTime=190

		PolynomialSplineRegressor.Hermite_N4Ck1.Success=true
		PolynomialSplineRegressor.Hermite_N4Ck1._seg1_0_0=1.0
		PolynomialSplineRegressor.Hermite_N4Ck1._seg1_1_0=4.0
		PolynomialSplineRegressor.Hermite_N4Ck1._seg1_head_jack=Wengert{0} => [ 1.000,  0.000,  0.000,  0.000]
Wengert{1} => [ 1.000,  0.000,  1.000,  0.000]
Wengert{2} => [-5.000,  4.000, -2.000, -1.000]
Wengert{3} => [ 3.000, -3.000,  1.000,  1.000]

		PolynomialSplineRegressor.Hermite_N4Ck1._seg1_jack=Wengert{0} => [ 1.000,  0.000,  0.000,  0.000]
Wengert{1} => [ 1.000,  0.000,  1.000,  0.000]
Wengert{2} => [-5.000,  4.000, -2.000, -1.000]
Wengert{3} => [ 3.000, -3.000,  1.000,  1.000]

		PolynomialSplineRegressor.Hermite_N4Ck1._seg1_monotone=MONOTONIC    
		PolynomialSplineRegressor.Hermite_N4Ck1._seg2_1_0=4.0
		PolynomialSplineRegressor.Hermite_N4Ck1._seg2_2_0=14.0
		PolynomialSplineRegressor.Hermite_N4Ck1._seg2_head_jack=Wengert{0} => [ 1.000,  0.000,  0.000,  0.000]
Wengert{1} => [ 1.000,  0.000,  1.000,  0.000]
Wengert{2} => [-5.000,  4.000, -2.000, -1.000]
Wengert{3} => [ 3.000, -3.000,  1.000,  1.000]

		PolynomialSplineRegressor.Hermite_N4Ck1._seg2_jack=Wengert{0} => [ 1.000,  0.000,  0.000,  0.000]
Wengert{1} => [ 1.000,  0.000,  1.000,  0.000]
Wengert{2} => [-5.000,  4.000, -2.000, -1.000]
Wengert{3} => [ 3.000, -3.000,  1.000,  1.000]

		PolynomialSplineRegressor.Hermite_N4Ck1._seg2_monotone=MONOTONIC    
		PolynomialSplineRegressor.Hermite_N4Ck1._seg2_value_jack=Wengert{0} => [ 0.500,  0.500,  0.100, -0.100]

		PolynomialSplineRegressor.Hermite_N4Ck1.FinishTime=Fri Nov 02 23:28:21 EDT 2018
		PolynomialSplineRegressor.Hermite_N4Ck1.ExecTime=57

		PolynomialSplineRegressor.Hermite_Bessel_CatmullRom_Cardinal_N4Ck1.Success=true
		PolynomialSplineRegressor.Hermite_Bessel_CatmullRom_Cardinal_N4Ck1.hermite_bessel_catmullrom_cardinal_n4ck1_local_c1_bessel_hermite_0.0= 1.00 | MINIMA       
		PolynomialSplineRegressor.Hermite_Bessel_CatmullRom_Cardinal_N4Ck1.hermite_bessel_catmullrom_cardinal_n4ck1_local_c1_bessel_hermite_0.0_jack=Wengert{0} => [ 1.000,  0.000,  0.000,  0.000,  0.000]

		PolynomialSplineRegressor.Hermite_Bessel_CatmullRom_Cardinal_N4Ck1.hermite_bessel_catmullrom_cardinal_n4ck1_local_c1_bessel_hermite_0.5= 2.20 | MINIMA       
		PolynomialSplineRegressor.Hermite_Bessel_CatmullRom_Cardinal_N4Ck1.hermite_bessel_catmullrom_cardinal_n4ck1_local_c1_bessel_hermite_0.5_jack=Wengert{0} => [ 0.500,  0.500,  0.000,  0.000,  0.000]

		PolynomialSplineRegressor.Hermite_Bessel_CatmullRom_Cardinal_N4Ck1.hermite_bessel_catmullrom_cardinal_n4ck1_local_c1_bessel_hermite_1.0= 4.00 | MINIMA       
		PolynomialSplineRegressor.Hermite_Bessel_CatmullRom_Cardinal_N4Ck1.hermite_bessel_catmullrom_cardinal_n4ck1_local_c1_bessel_hermite_1.0_jack=Wengert{0} => [ 0.000,  1.000,  0.000,  0.000,  0.000]

		PolynomialSplineRegressor.Hermite_Bessel_CatmullRom_Cardinal_N4Ck1.hermite_bessel_catmullrom_cardinal_n4ck1_local_c1_bessel_hermite_1.5= 8.70 | MONOTONIC    
		PolynomialSplineRegressor.Hermite_Bessel_CatmullRom_Cardinal_N4Ck1.hermite_bessel_catmullrom_cardinal_n4ck1_local_c1_bessel_hermite_1.5_jack=Wengert{0} => [ 0.000,  0.500,  0.500,  0.000,  0.000]

		PolynomialSplineRegressor.Hermite_Bessel_CatmullRom_Cardinal_N4Ck1.hermite_bessel_catmullrom_cardinal_n4ck1_local_c1_bessel_hermite_2.0= 15.00 | MONOTONIC    
		PolynomialSplineRegressor.Hermite_Bessel_CatmullRom_Cardinal_N4Ck1.hermite_bessel_catmullrom_cardinal_n4ck1_local_c1_bessel_hermite_2.0_jack=Wengert{0} => [ 0.000,  0.000,  1.000,  0.000,  0.000]

		PolynomialSplineRegressor.Hermite_Bessel_CatmullRom_Cardinal_N4Ck1.hermite_bessel_catmullrom_cardinal_n4ck1_local_c1_bessel_hermite_2.5= 26.10 | MONOTONIC    
		PolynomialSplineRegressor.Hermite_Bessel_CatmullRom_Cardinal_N4Ck1.hermite_bessel_catmullrom_cardinal_n4ck1_local_c1_bessel_hermite_2.5_jack=Wengert{0} => [ 0.000,  0.000,  0.500,  0.500,  0.000]

		PolynomialSplineRegressor.Hermite_Bessel_CatmullRom_Cardinal_N4Ck1.hermite_bessel_catmullrom_cardinal_n4ck1_local_c1_bessel_hermite_3.0= 40.00 | MONOTONIC    
		PolynomialSplineRegressor.Hermite_Bessel_CatmullRom_Cardinal_N4Ck1.hermite_bessel_catmullrom_cardinal_n4ck1_local_c1_bessel_hermite_3.0_jack=Wengert{0} => [ 0.000,  0.000,  0.000,  1.000,  0.000]

		PolynomialSplineRegressor.Hermite_Bessel_CatmullRom_Cardinal_N4Ck1.hermite_bessel_catmullrom_cardinal_n4ck1_local_c1_bessel_hermite_3.5= 70.50 | MONOTONIC    
		PolynomialSplineRegressor.Hermite_Bessel_CatmullRom_Cardinal_N4Ck1.hermite_bessel_catmullrom_cardinal_n4ck1_local_c1_bessel_hermite_3.5_jack=Wengert{0} => [ 0.000,  0.000,  0.000,  0.500,  0.500]

		PolynomialSplineRegressor.Hermite_Bessel_CatmullRom_Cardinal_N4Ck1.hermite_bessel_catmullrom_cardinal_n4ck1_local_c1_bessel_hermite_4.0= 85.00 | MONOTONIC    
		PolynomialSplineRegressor.Hermite_Bessel_CatmullRom_Cardinal_N4Ck1.hermite_bessel_catmullrom_cardinal_n4ck1_local_c1_bessel_hermite_4.0_jack=Wengert{0} => [ 0.000,  0.000,  0.000,  0.000,  1.000]

		PolynomialSplineRegressor.Hermite_Bessel_CatmullRom_Cardinal_N4Ck1.hermite_bessel_catmullrom_cardinal_n4ck1_local_cardinal_knot_0.0= 0.00 | MONOTONIC    
		PolynomialSplineRegressor.Hermite_Bessel_CatmullRom_Cardinal_N4Ck1.hermite_bessel_catmullrom_cardinal_n4ck1_local_cardinal_knot_0.0_jack=Wengert{0} => [ 1.000,  0.000,  0.000,  0.000,  0.000,  0.000]

		PolynomialSplineRegressor.Hermite_Bessel_CatmullRom_Cardinal_N4Ck1.hermite_bessel_catmullrom_cardinal_n4ck1_local_cardinal_knot_0.5= 0.00 | MONOTONIC    
		PolynomialSplineRegressor.Hermite_Bessel_CatmullRom_Cardinal_N4Ck1.hermite_bessel_catmullrom_cardinal_n4ck1_local_cardinal_knot_0.5_jack=Wengert{0} => [ 0.500,  0.500,  0.000,  0.000,  0.000,  0.000]

		PolynomialSplineRegressor.Hermite_Bessel_CatmullRom_Cardinal_N4Ck1.hermite_bessel_catmullrom_cardinal_n4ck1_local_cardinal_knot_1.0= 0.00 | MONOTONIC    
		PolynomialSplineRegressor.Hermite_Bessel_CatmullRom_Cardinal_N4Ck1.hermite_bessel_catmullrom_cardinal_n4ck1_local_cardinal_knot_1.0_jack=Wengert{0} => [ 0.000,  1.000,  0.000,  0.000,  0.000,  0.000]

		PolynomialSplineRegressor.Hermite_Bessel_CatmullRom_Cardinal_N4Ck1.hermite_bessel_catmullrom_cardinal_n4ck1_local_cardinal_knot_1.5= 0.00 | MONOTONIC    
		PolynomialSplineRegressor.Hermite_Bessel_CatmullRom_Cardinal_N4Ck1.hermite_bessel_catmullrom_cardinal_n4ck1_local_cardinal_knot_1.5_jack=Wengert{0} => [ 0.000,  0.500,  0.500,  0.000,  0.000,  0.000]

		PolynomialSplineRegressor.Hermite_Bessel_CatmullRom_Cardinal_N4Ck1.hermite_bessel_catmullrom_cardinal_n4ck1_local_cardinal_knot_2.0= 0.00 | MONOTONIC    
		PolynomialSplineRegressor.Hermite_Bessel_CatmullRom_Cardinal_N4Ck1.hermite_bessel_catmullrom_cardinal_n4ck1_local_cardinal_knot_2.0_jack=Wengert{0} => [ 0.000,  0.000,  1.000,  0.000,  0.000,  0.000]

		PolynomialSplineRegressor.Hermite_Bessel_CatmullRom_Cardinal_N4Ck1.hermite_bessel_catmullrom_cardinal_n4ck1_local_cardinal_knot_2.5= 0.00 | MONOTONIC    
		PolynomialSplineRegressor.Hermite_Bessel_CatmullRom_Cardinal_N4Ck1.hermite_bessel_catmullrom_cardinal_n4ck1_local_cardinal_knot_2.5_jack=Wengert{0} => [ 0.000,  0.000,  0.000,  1.000,  0.000,  0.000]

		PolynomialSplineRegressor.Hermite_Bessel_CatmullRom_Cardinal_N4Ck1.hermite_bessel_catmullrom_cardinal_n4ck1_local_cardinal_knot_3.0= 0.00 | MONOTONIC    
		PolynomialSplineRegressor.Hermite_Bessel_CatmullRom_Cardinal_N4Ck1.hermite_bessel_catmullrom_cardinal_n4ck1_local_cardinal_knot_3.0_jack=Wengert{0} => [ 0.000,  0.000,  0.000,  0.000,  1.000,  0.000]

		PolynomialSplineRegressor.Hermite_Bessel_CatmullRom_Cardinal_N4Ck1.hermite_bessel_catmullrom_cardinal_n4ck1_local_cardinal_knot_3.5= 0.00 | MONOTONIC    
		PolynomialSplineRegressor.Hermite_Bessel_CatmullRom_Cardinal_N4Ck1.hermite_bessel_catmullrom_cardinal_n4ck1_local_cardinal_knot_3.5_jack=Wengert{0} => [ 0.000,  0.000,  0.000,  0.000,  0.500,  0.500]

		PolynomialSplineRegressor.Hermite_Bessel_CatmullRom_Cardinal_N4Ck1.hermite_bessel_catmullrom_cardinal_n4ck1_local_cardinal_knot_4.0= 0.00 | MONOTONIC    
		PolynomialSplineRegressor.Hermite_Bessel_CatmullRom_Cardinal_N4Ck1.hermite_bessel_catmullrom_cardinal_n4ck1_local_cardinal_knot_4.0_jack=Wengert{0} => [ 0.000,  0.000,  0.000,  0.000,  0.000,  1.000]

		PolynomialSplineRegressor.Hermite_Bessel_CatmullRom_Cardinal_N4Ck1.hermite_bessel_catmullrom_cardinal_n4ck1_local_catmull_rom_knot_0.0= 0.00 | MONOTONIC    
		PolynomialSplineRegressor.Hermite_Bessel_CatmullRom_Cardinal_N4Ck1.hermite_bessel_catmullrom_cardinal_n4ck1_local_catmull_rom_knot_0.0_jack=Wengert{0} => [ 1.000,  0.000,  0.000,  0.000,  0.000,  0.000]

		PolynomialSplineRegressor.Hermite_Bessel_CatmullRom_Cardinal_N4Ck1.hermite_bessel_catmullrom_cardinal_n4ck1_local_catmull_rom_knot_0.5= 0.00 | MONOTONIC    
		PolynomialSplineRegressor.Hermite_Bessel_CatmullRom_Cardinal_N4Ck1.hermite_bessel_catmullrom_cardinal_n4ck1_local_catmull_rom_knot_0.5_jack=Wengert{0} => [ 0.500,  0.500,  0.000,  0.000,  0.000,  0.000]

		PolynomialSplineRegressor.Hermite_Bessel_CatmullRom_Cardinal_N4Ck1.hermite_bessel_catmullrom_cardinal_n4ck1_local_catmull_rom_knot_1.0= 0.00 | MONOTONIC    
		PolynomialSplineRegressor.Hermite_Bessel_CatmullRom_Cardinal_N4Ck1.hermite_bessel_catmullrom_cardinal_n4ck1_local_catmull_rom_knot_1.0_jack=Wengert{0} => [ 0.000,  1.000,  0.000,  0.000,  0.000,  0.000]

		PolynomialSplineRegressor.Hermite_Bessel_CatmullRom_Cardinal_N4Ck1.hermite_bessel_catmullrom_cardinal_n4ck1_local_catmull_rom_knot_1.5= 0.00 | MONOTONIC    
		PolynomialSplineRegressor.Hermite_Bessel_CatmullRom_Cardinal_N4Ck1.hermite_bessel_catmullrom_cardinal_n4ck1_local_catmull_rom_knot_1.5_jack=Wengert{0} => [ 0.000,  0.500,  0.500,  0.000,  0.000,  0.000]

		PolynomialSplineRegressor.Hermite_Bessel_CatmullRom_Cardinal_N4Ck1.hermite_bessel_catmullrom_cardinal_n4ck1_local_catmull_rom_knot_2.0= 0.00 | MONOTONIC    
		PolynomialSplineRegressor.Hermite_Bessel_CatmullRom_Cardinal_N4Ck1.hermite_bessel_catmullrom_cardinal_n4ck1_local_catmull_rom_knot_2.0_jack=Wengert{0} => [ 0.000,  0.000,  1.000,  0.000,  0.000,  0.000]

		PolynomialSplineRegressor.Hermite_Bessel_CatmullRom_Cardinal_N4Ck1.hermite_bessel_catmullrom_cardinal_n4ck1_local_catmull_rom_knot_2.5= 0.00 | MONOTONIC    
		PolynomialSplineRegressor.Hermite_Bessel_CatmullRom_Cardinal_N4Ck1.hermite_bessel_catmullrom_cardinal_n4ck1_local_catmull_rom_knot_2.5_jack=Wengert{0} => [ 0.000,  0.000,  0.000,  1.000,  0.000,  0.000]

		PolynomialSplineRegressor.Hermite_Bessel_CatmullRom_Cardinal_N4Ck1.hermite_bessel_catmullrom_cardinal_n4ck1_local_catmull_rom_knot_3.0= 0.00 | MONOTONIC    
		PolynomialSplineRegressor.Hermite_Bessel_CatmullRom_Cardinal_N4Ck1.hermite_bessel_catmullrom_cardinal_n4ck1_local_catmull_rom_knot_3.0_jack=Wengert{0} => [ 0.000,  0.000,  0.000,  0.000,  1.000,  0.000]

		PolynomialSplineRegressor.Hermite_Bessel_CatmullRom_Cardinal_N4Ck1.hermite_bessel_catmullrom_cardinal_n4ck1_local_catmull_rom_knot_3.5= 0.00 | MONOTONIC    
		PolynomialSplineRegressor.Hermite_Bessel_CatmullRom_Cardinal_N4Ck1.hermite_bessel_catmullrom_cardinal_n4ck1_local_catmull_rom_knot_3.5_jack=Wengert{0} => [ 0.000,  0.000,  0.000,  0.000,  0.500,  0.500]

		PolynomialSplineRegressor.Hermite_Bessel_CatmullRom_Cardinal_N4Ck1.hermite_bessel_catmullrom_cardinal_n4ck1_local_catmull_rom_knot_4.0= 0.00 | MONOTONIC    
		PolynomialSplineRegressor.Hermite_Bessel_CatmullRom_Cardinal_N4Ck1.hermite_bessel_catmullrom_cardinal_n4ck1_local_catmull_rom_knot_4.0_jack=Wengert{0} => [ 0.000,  0.000,  0.000,  0.000,  0.000,  1.000]

		PolynomialSplineRegressor.Hermite_Bessel_CatmullRom_Cardinal_N4Ck1.hermite_bessel_catmullrom_cardinal_n4ck1_local_hermite_knot_0.0= 0.00 | MONOTONIC    
		PolynomialSplineRegressor.Hermite_Bessel_CatmullRom_Cardinal_N4Ck1.hermite_bessel_catmullrom_cardinal_n4ck1_local_hermite_knot_0.0_jack=Wengert{0} => [ 1.000,  0.000,  0.000,  0.000,  0.000,  0.000]

		PolynomialSplineRegressor.Hermite_Bessel_CatmullRom_Cardinal_N4Ck1.hermite_bessel_catmullrom_cardinal_n4ck1_local_hermite_knot_0.5= 0.00 | MONOTONIC    
		PolynomialSplineRegressor.Hermite_Bessel_CatmullRom_Cardinal_N4Ck1.hermite_bessel_catmullrom_cardinal_n4ck1_local_hermite_knot_0.5_jack=Wengert{0} => [ 0.500,  0.500,  0.000,  0.000,  0.000,  0.000]

		PolynomialSplineRegressor.Hermite_Bessel_CatmullRom_Cardinal_N4Ck1.hermite_bessel_catmullrom_cardinal_n4ck1_local_hermite_knot_1.0= 0.00 | MONOTONIC    
		PolynomialSplineRegressor.Hermite_Bessel_CatmullRom_Cardinal_N4Ck1.hermite_bessel_catmullrom_cardinal_n4ck1_local_hermite_knot_1.0_jack=Wengert{0} => [ 0.000,  1.000,  0.000,  0.000,  0.000,  0.000]

		PolynomialSplineRegressor.Hermite_Bessel_CatmullRom_Cardinal_N4Ck1.hermite_bessel_catmullrom_cardinal_n4ck1_local_hermite_knot_1.5= 0.00 | MONOTONIC    
		PolynomialSplineRegressor.Hermite_Bessel_CatmullRom_Cardinal_N4Ck1.hermite_bessel_catmullrom_cardinal_n4ck1_local_hermite_knot_1.5_jack=Wengert{0} => [ 0.000,  0.500,  0.500,  0.000,  0.000,  0.000]

		PolynomialSplineRegressor.Hermite_Bessel_CatmullRom_Cardinal_N4Ck1.hermite_bessel_catmullrom_cardinal_n4ck1_local_hermite_knot_2.0= 0.00 | MONOTONIC    
		PolynomialSplineRegressor.Hermite_Bessel_CatmullRom_Cardinal_N4Ck1.hermite_bessel_catmullrom_cardinal_n4ck1_local_hermite_knot_2.0_jack=Wengert{0} => [ 0.000,  0.000,  1.000,  0.000,  0.000,  0.000]

		PolynomialSplineRegressor.Hermite_Bessel_CatmullRom_Cardinal_N4Ck1.hermite_bessel_catmullrom_cardinal_n4ck1_local_hermite_knot_2.5= 27.50 | MONOTONIC    
		PolynomialSplineRegressor.Hermite_Bessel_CatmullRom_Cardinal_N4Ck1.hermite_bessel_catmullrom_cardinal_n4ck1_local_hermite_knot_2.5_jack=Wengert{0} => [ 0.000,  0.000,  0.000,  1.000,  0.000,  0.000]

		PolynomialSplineRegressor.Hermite_Bessel_CatmullRom_Cardinal_N4Ck1.hermite_bessel_catmullrom_cardinal_n4ck1_local_hermite_knot_3.0= 0.00 | MONOTONIC    
		PolynomialSplineRegressor.Hermite_Bessel_CatmullRom_Cardinal_N4Ck1.hermite_bessel_catmullrom_cardinal_n4ck1_local_hermite_knot_3.0_jack=Wengert{0} => [ 0.000,  0.000,  0.000,  0.000,  1.000,  0.000]

		PolynomialSplineRegressor.Hermite_Bessel_CatmullRom_Cardinal_N4Ck1.hermite_bessel_catmullrom_cardinal_n4ck1_local_hermite_knot_3.5= 0.00 | MONOTONIC    
		PolynomialSplineRegressor.Hermite_Bessel_CatmullRom_Cardinal_N4Ck1.hermite_bessel_catmullrom_cardinal_n4ck1_local_hermite_knot_3.5_jack=Wengert{0} => [ 0.000,  0.000,  0.000,  0.000,  0.500,  0.500]

		PolynomialSplineRegressor.Hermite_Bessel_CatmullRom_Cardinal_N4Ck1.hermite_bessel_catmullrom_cardinal_n4ck1_local_hermite_knot_4.0= 0.00 | MONOTONIC    
		PolynomialSplineRegressor.Hermite_Bessel_CatmullRom_Cardinal_N4Ck1.hermite_bessel_catmullrom_cardinal_n4ck1_local_hermite_knot_4.0_jack=Wengert{0} => [ 0.000,  0.000,  0.000,  0.000,  0.000,  1.000]

		PolynomialSplineRegressor.Hermite_Bessel_CatmullRom_Cardinal_N4Ck1.hermite_bessel_catmullrom_cardinal_n4ck1_local_no_knot_0.0= 0.00 | MONOTONIC    
		PolynomialSplineRegressor.Hermite_Bessel_CatmullRom_Cardinal_N4Ck1.hermite_bessel_catmullrom_cardinal_n4ck1_local_no_knot_0.0_jack=Wengert{0} => [ 0.000,  0.000,  0.000,  0.000,  0.000]

		PolynomialSplineRegressor.Hermite_Bessel_CatmullRom_Cardinal_N4Ck1.hermite_bessel_catmullrom_cardinal_n4ck1_local_no_knot_0.5= 0.00 | MONOTONIC    
		PolynomialSplineRegressor.Hermite_Bessel_CatmullRom_Cardinal_N4Ck1.hermite_bessel_catmullrom_cardinal_n4ck1_local_no_knot_0.5_jack=Wengert{0} => [ 0.000,  0.000,  0.000,  0.000,  0.000]

		PolynomialSplineRegressor.Hermite_Bessel_CatmullRom_Cardinal_N4Ck1.hermite_bessel_catmullrom_cardinal_n4ck1_local_no_knot_1.0= 0.00 | MONOTONIC    
		PolynomialSplineRegressor.Hermite_Bessel_CatmullRom_Cardinal_N4Ck1.hermite_bessel_catmullrom_cardinal_n4ck1_local_no_knot_1.0_jack=Wengert{0} => [ 0.000,  0.000,  0.000,  0.000,  0.000]

		PolynomialSplineRegressor.Hermite_Bessel_CatmullRom_Cardinal_N4Ck1.hermite_bessel_catmullrom_cardinal_n4ck1_local_no_knot_1.5= 0.00 | MONOTONIC    
		PolynomialSplineRegressor.Hermite_Bessel_CatmullRom_Cardinal_N4Ck1.hermite_bessel_catmullrom_cardinal_n4ck1_local_no_knot_1.5_jack=Wengert{0} => [ 0.000,  0.000,  0.000,  0.000,  0.000]

		PolynomialSplineRegressor.Hermite_Bessel_CatmullRom_Cardinal_N4Ck1.hermite_bessel_catmullrom_cardinal_n4ck1_local_no_knot_2.0= 0.00 | MONOTONIC    
		PolynomialSplineRegressor.Hermite_Bessel_CatmullRom_Cardinal_N4Ck1.hermite_bessel_catmullrom_cardinal_n4ck1_local_no_knot_2.0_jack=Wengert{0} => [ 0.000,  0.000,  0.000,  0.000,  0.000]

		PolynomialSplineRegressor.Hermite_Bessel_CatmullRom_Cardinal_N4Ck1.hermite_bessel_catmullrom_cardinal_n4ck1_local_no_knot_2.5= 0.00 | MONOTONIC    
		PolynomialSplineRegressor.Hermite_Bessel_CatmullRom_Cardinal_N4Ck1.hermite_bessel_catmullrom_cardinal_n4ck1_local_no_knot_2.5_jack=Wengert{0} => [ 0.000,  0.000,  0.000,  0.000,  0.000]

		PolynomialSplineRegressor.Hermite_Bessel_CatmullRom_Cardinal_N4Ck1.hermite_bessel_catmullrom_cardinal_n4ck1_local_no_knot_3.0= 0.00 | MONOTONIC    
		PolynomialSplineRegressor.Hermite_Bessel_CatmullRom_Cardinal_N4Ck1.hermite_bessel_catmullrom_cardinal_n4ck1_local_no_knot_3.0_jack=Wengert{0} => [ 0.000,  0.000,  0.000,  0.000,  0.000]

		PolynomialSplineRegressor.Hermite_Bessel_CatmullRom_Cardinal_N4Ck1.hermite_bessel_catmullrom_cardinal_n4ck1_local_no_knot_3.5= 0.00 | MONOTONIC    
		PolynomialSplineRegressor.Hermite_Bessel_CatmullRom_Cardinal_N4Ck1.hermite_bessel_catmullrom_cardinal_n4ck1_local_no_knot_3.5_jack=Wengert{0} => [ 0.000,  0.000,  0.000,  0.000,  0.000]

		PolynomialSplineRegressor.Hermite_Bessel_CatmullRom_Cardinal_N4Ck1.hermite_bessel_catmullrom_cardinal_n4ck1_local_no_knot_4.0= 0.00 | MONOTONIC    
		PolynomialSplineRegressor.Hermite_Bessel_CatmullRom_Cardinal_N4Ck1.hermite_bessel_catmullrom_cardinal_n4ck1_local_no_knot_4.0_jack=Wengert{0} => [ 0.000,  0.000,  0.000,  0.000,  0.000]

		PolynomialSplineRegressor.Hermite_Bessel_CatmullRom_Cardinal_N4Ck1.FinishTime=Fri Nov 02 23:28:21 EDT 2018
		PolynomialSplineRegressor.Hermite_Bessel_CatmullRom_Cardinal_N4Ck1.ExecTime=245

		PolynomialSplineRegressor.Lagrange_Polynomial_Stretch.Success=true
		PolynomialSplineRegressor.Lagrange_Polynomial_Stretch.lpsr_locallymonotone=true
		PolynomialSplineRegressor.Lagrange_Polynomial_Stretch.lpsr_sm=MONOTONIC    
		PolynomialSplineRegressor.Lagrange_Polynomial_Stretch.lpsr_value=2.16
		PolynomialSplineRegressor.Lagrange_Polynomial_Stretch.lpsr_wj=Wengert{0} => [-0.041,  0.896,  0.171, -0.026]

		PolynomialSplineRegressor.Lagrange_Polynomial_Stretch.FinishTime=Fri Nov 02 23:28:21 EDT 2018
		PolynomialSplineRegressor.Lagrange_Polynomial_Stretch.ExecTime=114
	PolynomialSplineRegressor=> 8607 (mu-s): 28 / 28 succeeded.
	PolynomialSplineRegressor ends at Fri Nov 02 23:28:21 EDT 2018

	PolynomialSplineRegressor starts at Fri Nov 02 23:28:21 EDT 2018

		PolynomialSplineRegressor.N2Ck0.Success=true
		PolynomialSplineRegressor.N2Ck0._seg1_1_0=25.0
		PolynomialSplineRegressor.N2Ck0._seg1_3_0=20.25
		PolynomialSplineRegressor.N2Ck0._seg1_head_jack=Wengert{0} => [ 1.000,  0.000]
Wengert{1} => [-1.000,  1.000]

		PolynomialSplineRegressor.N2Ck0._seg1_jack=Wengert{0} => [ 1.000,  0.000]
Wengert{1} => [-1.000,  1.000]

		PolynomialSplineRegressor.N2Ck0._seg1_monotone=MONOTONIC    
		PolynomialSplineRegressor.N2Ck0._seg2_3_0=20.25
		PolynomialSplineRegressor.N2Ck0._seg2_6_0=14.0
		PolynomialSplineRegressor.N2Ck0._seg2_head_jack=Wengert{0} => [ 1.000,  0.000]
Wengert{1} => [-1.000,  1.000]

		PolynomialSplineRegressor.N2Ck0._seg2_jack=Wengert{0} => [ 1.000,  0.000]
Wengert{1} => [-1.000,  1.000]

		PolynomialSplineRegressor.N2Ck0._seg2_monotone=MONOTONIC    
		PolynomialSplineRegressor.N2Ck0._seg2_value_jack=Wengert{0} => [ 0.273,  0.545]

		PolynomialSplineRegressor.N2Ck0.FinishTime=Fri Nov 02 23:28:21 EDT 2018
		PolynomialSplineRegressor.N2Ck0.ExecTime=30

		PolynomialSplineRegressor.N3Ck0.Success=true
		PolynomialSplineRegressor.N3Ck0._seg1_1_0=25.0
		PolynomialSplineRegressor.N3Ck0._seg1_3_0=20.249999999999993
		PolynomialSplineRegressor.N3Ck0._seg1_head_jack=Wengert{0} => [ 1.000,  0.000,  0.000]
Wengert{1} => [-0.973,  1.973, -1.110]
Wengert{2} => [-0.027, -0.973,  1.110]

		PolynomialSplineRegressor.N3Ck0._seg1_jack=Wengert{0} => [ 1.000,  0.000,  0.000]
Wengert{1} => [-0.973,  1.973, -1.110]
Wengert{2} => [-0.027, -0.973,  1.110]

		PolynomialSplineRegressor.N3Ck0._seg1_monotone=MONOTONIC    
		PolynomialSplineRegressor.N3Ck0._seg2_3_0=20.249999999999993
		PolynomialSplineRegressor.N3Ck0._seg2_6_0=14.0
		PolynomialSplineRegressor.N3Ck0._seg2_head_jack=Wengert{0} => [ 1.000,  0.000,  0.000]
Wengert{1} => [-0.973,  1.973, -3.747]
Wengert{2} => [-0.027, -0.973,  3.747]

		PolynomialSplineRegressor.N3Ck0._seg2_jack=Wengert{0} => [ 1.000,  0.000,  0.000]
Wengert{1} => [-0.973,  1.973, -3.747]
Wengert{2} => [-0.027, -0.973,  3.747]

		PolynomialSplineRegressor.N3Ck0._seg2_monotone=MONOTONIC    
		PolynomialSplineRegressor.N3Ck0._seg2_value_jack=Wengert{0} => [ 0.278,  0.722, -0.681]

		PolynomialSplineRegressor.N3Ck0.FinishTime=Fri Nov 02 23:28:21 EDT 2018
		PolynomialSplineRegressor.N3Ck0.ExecTime=101

		PolynomialSplineRegressor.N3Ck1.Success=true
		PolynomialSplineRegressor.N3Ck1._seg1_1_0=25.0
		PolynomialSplineRegressor.N3Ck1._seg1_3_0=20.25
		PolynomialSplineRegressor.N3Ck1._seg1_head_jack=Wengert{0} => [ 1.000,  0.000,  0.000]
Wengert{1} => [ 1.000,  0.000,  2.000]
Wengert{2} => [-2.000,  1.000, -2.000]

		PolynomialSplineRegressor.N3Ck1._seg1_jack=Wengert{0} => [ 1.000,  0.000,  0.000]
Wengert{1} => [ 1.000,  0.000,  2.000]
Wengert{2} => [-2.000,  1.000, -2.000]

		PolynomialSplineRegressor.N3Ck1._seg1_monotone=MONOTONIC    
		PolynomialSplineRegressor.N3Ck1._seg2_3_0=20.25
		PolynomialSplineRegressor.N3Ck1._seg2_6_0=14.0
		PolynomialSplineRegressor.N3Ck1._seg2_head_jack=Wengert{0} => [ 1.000,  0.000,  0.000]
Wengert{1} => [ 1.000,  0.000,  3.000]
Wengert{2} => [-2.000,  1.000, -3.000]

		PolynomialSplineRegressor.N3Ck1._seg2_jack=Wengert{0} => [ 1.000,  0.000,  0.000]
Wengert{1} => [ 1.000,  0.000,  3.000]
Wengert{2} => [-2.000,  1.000, -3.000]

		PolynomialSplineRegressor.N3Ck1._seg2_monotone=MONOTONIC    
		PolynomialSplineRegressor.N3Ck1._seg2_value_jack=Wengert{0} => [ 0.636,  0.364,  0.545]

		PolynomialSplineRegressor.N3Ck1.FinishTime=Fri Nov 02 23:28:21 EDT 2018
		PolynomialSplineRegressor.N3Ck1.ExecTime=53

		PolynomialSplineRegressor.N4Ck0.Success=true
		PolynomialSplineRegressor.N4Ck0._seg1_1_0=25.0
		PolynomialSplineRegressor.N4Ck0._seg1_3_0=20.24999999999999
		PolynomialSplineRegressor.N4Ck0._seg1_head_jack=Wengert{0} => [ 1.000,  0.000,  0.000,  0.000]
Wengert{1} => [ 0.000,  1.000, -5.677,  3.425]
Wengert{2} => [-2.000,  1.000,  10.368, -6.943]
Wengert{3} => [ 1.000, -1.000, -4.692,  3.519]

		PolynomialSplineRegressor.N4Ck0._seg1_jack=Wengert{0} => [ 1.000,  0.000,  0.000,  0.000]
Wengert{1} => [ 0.000,  1.000, -5.677,  3.425]
Wengert{2} => [-2.000,  1.000,  10.368, -6.943]
Wengert{3} => [ 1.000, -1.000, -4.692,  3.519]

		PolynomialSplineRegressor.N4Ck0._seg1_monotone=MONOTONIC    
		PolynomialSplineRegressor.N4Ck0._seg2_3_0=20.24999999999999
		PolynomialSplineRegressor.N4Ck0._seg2_6_0=14.000000000000004
		PolynomialSplineRegressor.N4Ck0._seg2_head_jack=Wengert{0} => [ 1.000,  0.000,  0.000,  0.000]
Wengert{1} => [-0.000,  1.000, -19.159,  11.559]
Wengert{2} => [-2.000,  1.000,  34.993, -23.434]
Wengert{3} => [ 1.000, -1.000, -15.834,  11.875]

		PolynomialSplineRegressor.N4Ck0._seg2_jack=Wengert{0} => [ 1.000,  0.000,  0.000,  0.000]
Wengert{1} => [-0.000,  1.000, -19.159,  11.559]
Wengert{2} => [-2.000,  1.000,  34.993, -23.434]
Wengert{3} => [ 1.000, -1.000, -15.834,  11.875]

		PolynomialSplineRegressor.N4Ck0._seg2_monotone=MONOTONIC    
		PolynomialSplineRegressor.N4Ck0._seg2_value_jack=Wengert{0} => [ 0.333,  0.667, -1.564,  0.662]

		PolynomialSplineRegressor.N4Ck0.FinishTime=Fri Nov 02 23:28:21 EDT 2018
		PolynomialSplineRegressor.N4Ck0.ExecTime=228

		PolynomialSplineRegressor.N4Ck1.Success=true
		PolynomialSplineRegressor.N4Ck1._seg1_1_0=25.0
		PolynomialSplineRegressor.N4Ck1._seg1_3_0=20.25
		PolynomialSplineRegressor.N4Ck1._seg1_head_jack=Wengert{0} => [ 1.000,  0.000,  0.000,  0.000]
Wengert{1} => [ 1.000,  0.000,  2.000,  0.000]
Wengert{2} => [-3.826,  2.826, -3.653, -0.688]
Wengert{3} => [ 1.826, -1.826,  1.653,  0.688]

		PolynomialSplineRegressor.N4Ck1._seg1_jack=Wengert{0} => [ 1.000,  0.000,  0.000,  0.000]
Wengert{1} => [ 1.000,  0.000,  2.000,  0.000]
Wengert{2} => [-3.826,  2.826, -3.653, -0.688]
Wengert{3} => [ 1.826, -1.826,  1.653,  0.688]

		PolynomialSplineRegressor.N4Ck1._seg1_monotone=MONOTONIC    
		PolynomialSplineRegressor.N4Ck1._seg2_3_0=20.25
		PolynomialSplineRegressor.N4Ck1._seg2_6_0=14.000000000000004
		PolynomialSplineRegressor.N4Ck1._seg2_head_jack=Wengert{0} => [ 1.000,  0.000,  0.000,  0.000]
Wengert{1} => [ 1.000,  0.000,  3.000,  0.000]
Wengert{2} => [-3.826,  2.826, -5.479, -2.323]
Wengert{3} => [ 1.826, -1.826,  2.479,  2.323]

		PolynomialSplineRegressor.N4Ck1._seg2_jack=Wengert{0} => [ 1.000,  0.000,  0.000,  0.000]
Wengert{1} => [ 1.000,  0.000,  3.000,  0.000]
Wengert{2} => [-3.826,  2.826, -5.479, -2.323]
Wengert{3} => [ 1.826, -1.826,  2.479,  2.323]

		PolynomialSplineRegressor.N4Ck1._seg2_monotone=MONOTONIC    
		PolynomialSplineRegressor.N4Ck1._seg2_value_jack=Wengert{0} => [ 0.415,  0.585,  0.245, -0.282]

		PolynomialSplineRegressor.N4Ck1.FinishTime=Fri Nov 02 23:28:21 EDT 2018
		PolynomialSplineRegressor.N4Ck1.ExecTime=131

		PolynomialSplineRegressor.N4Ck2.Success=true
		PolynomialSplineRegressor.N4Ck2._seg1_1_0=25.0
		PolynomialSplineRegressor.N4Ck2._seg1_3_0=20.25
		PolynomialSplineRegressor.N4Ck2._seg1_head_jack=Wengert{0} => [ 1.000,  0.000,  0.000,  0.000]
Wengert{1} => [ 1.000,  0.000,  2.000,  0.000]
Wengert{2} => [-1.000,  0.000,  2.000,  2.000]
Wengert{3} => [-1.000,  1.000, -4.000, -2.000]

		PolynomialSplineRegressor.N4Ck2._seg1_jack=Wengert{0} => [ 1.000,  0.000,  0.000,  0.000]
Wengert{1} => [ 1.000,  0.000,  2.000,  0.000]
Wengert{2} => [-1.000,  0.000,  2.000,  2.000]
Wengert{3} => [-1.000,  1.000, -4.000, -2.000]

		PolynomialSplineRegressor.N4Ck2._seg1_monotone=MONOTONIC    
		PolynomialSplineRegressor.N4Ck2._seg2_3_0=20.25
		PolynomialSplineRegressor.N4Ck2._seg2_6_0=14.0
		PolynomialSplineRegressor.N4Ck2._seg2_head_jack=Wengert{0} => [ 1.000,  0.000,  0.000,  0.000]
Wengert{1} => [ 1.000,  0.000,  3.000,  0.000]
Wengert{2} => [-1.000,  0.000,  3.000,  4.500]
Wengert{3} => [-1.000,  1.000, -6.000, -4.500]

		PolynomialSplineRegressor.N4Ck2._seg2_jack=Wengert{0} => [ 1.000,  0.000,  0.000,  0.000]
Wengert{1} => [ 1.000,  0.000,  3.000,  0.000]
Wengert{2} => [-1.000,  0.000,  3.000,  4.500]
Wengert{3} => [-1.000,  1.000, -6.000, -4.500]

		PolynomialSplineRegressor.N4Ck2._seg2_monotone=MONOTONIC    
		PolynomialSplineRegressor.N4Ck2._seg2_value_jack=Wengert{0} => [ 0.758,  0.242,  1.273,  0.545]

		PolynomialSplineRegressor.N4Ck2.FinishTime=Fri Nov 02 23:28:21 EDT 2018
		PolynomialSplineRegressor.N4Ck2.ExecTime=91

		PolynomialSplineRegressor.N5Ck0.Success=true
		PolynomialSplineRegressor.N5Ck0._seg1_1_0=25.0
		PolynomialSplineRegressor.N5Ck0._seg1_3_0=20.249999999999996
		PolynomialSplineRegressor.N5Ck0._seg1_head_jack=Wengert{0} => [ 1.000,  0.000,  0.000,  0.000,  0.000]
Wengert{1} => [ 0.000,  1.000, -4.273, -0.388,  2.074]
Wengert{2} => [-2.000,  1.000,  17.657, -26.737,  10.767]
Wengert{3} => [ 1.000, -1.000, -22.076,  50.733, -25.681]
Wengert{4} => [-0.000,  0.000,  8.692, -23.607,  12.841]

		PolynomialSplineRegressor.N5Ck0._seg1_jack=Wengert{0} => [ 1.000,  0.000,  0.000,  0.000,  0.000]
Wengert{1} => [ 0.000,  1.000, -4.273, -0.388,  2.074]
Wengert{2} => [-2.000,  1.000,  17.657, -26.737,  10.767]
Wengert{3} => [ 1.000, -1.000, -22.076,  50.733, -25.681]
Wengert{4} => [-0.000,  0.000,  8.692, -23.607,  12.841]

		PolynomialSplineRegressor.N5Ck0._seg1_monotone=MONOTONIC    
		PolynomialSplineRegressor.N5Ck0._seg2_3_0=20.249999999999996
		PolynomialSplineRegressor.N5Ck0._seg2_6_0=13.999999999999998
		PolynomialSplineRegressor.N5Ck0._seg2_head_jack=Wengert{0} => [ 1.000,  0.000,  0.000,  0.000,  0.000]
Wengert{1} => [-0.000,  1.000, -14.420, -1.311,  7.000]
Wengert{2} => [-2.000,  1.000,  59.591, -90.239,  36.337]
Wengert{3} => [ 1.000, -1.000, -74.508,  171.225, -86.675]
Wengert{4} => [ 0.000, -0.000,  29.337, -79.675,  43.337]

		PolynomialSplineRegressor.N5Ck0._seg2_jack=Wengert{0} => [ 1.000,  0.000,  0.000,  0.000,  0.000]
Wengert{1} => [-0.000,  1.000, -14.420, -1.311,  7.000]
Wengert{2} => [-2.000,  1.000,  59.591, -90.239,  36.337]
Wengert{3} => [ 1.000, -1.000, -74.508,  171.225, -86.675]
Wengert{4} => [ 0.000, -0.000,  29.337, -79.675,  43.337]

		PolynomialSplineRegressor.N5Ck0._seg2_monotone=MONOTONIC    
		PolynomialSplineRegressor.N5Ck0._seg2_value_jack=Wengert{0} => [ 0.333,  0.667,  0.483, -4.897,  3.024]

		PolynomialSplineRegressor.N5Ck0.FinishTime=Fri Nov 02 23:28:21 EDT 2018
		PolynomialSplineRegressor.N5Ck0.ExecTime=367

		PolynomialSplineRegressor.N5Ck1.Success=true
		PolynomialSplineRegressor.N5Ck1._seg1_1_0=25.0
		PolynomialSplineRegressor.N5Ck1._seg1_3_0=20.249999999999986
		PolynomialSplineRegressor.N5Ck1._seg1_head_jack=Wengert{0} => [ 1.000,  0.000,  0.000,  0.000,  0.000]
Wengert{1} => [ 1.000,  0.000,  2.000,  0.000,  0.000]
Wengert{2} => [-6.132,  5.132, -8.265, -28.343,  19.338]
Wengert{3} => [ 6.167, -6.167,  10.334,  52.740, -36.398]
Wengert{4} => [-2.034,  2.034, -4.069, -24.398,  17.060]

		PolynomialSplineRegressor.N5Ck1._seg1_jack=Wengert{0} => [ 1.000,  0.000,  0.000,  0.000,  0.000]
Wengert{1} => [ 1.000,  0.000,  2.000,  0.000,  0.000]
Wengert{2} => [-6.132,  5.132, -8.265, -28.343,  19.338]
Wengert{3} => [ 6.167, -6.167,  10.334,  52.740, -36.398]
Wengert{4} => [-2.034,  2.034, -4.069, -24.398,  17.060]

		PolynomialSplineRegressor.N5Ck1._seg1_monotone=MONOTONIC    
		PolynomialSplineRegressor.N5Ck1._seg2_3_0=20.249999999999986
		PolynomialSplineRegressor.N5Ck1._seg2_6_0=14.000000000000014
		PolynomialSplineRegressor.N5Ck1._seg2_head_jack=Wengert{0} => [ 1.000,  0.000,  0.000,  0.000,  0.000]
Wengert{1} => [ 1.000,  0.000,  3.000,  0.000,  0.000]
Wengert{2} => [-6.132,  5.132, -12.397, -95.657,  65.266]
Wengert{3} => [ 6.167, -6.167,  15.501,  177.999, -122.844]
Wengert{4} => [-2.034,  2.034, -6.103, -82.342,  57.579]

		PolynomialSplineRegressor.N5Ck1._seg2_jack=Wengert{0} => [ 1.000,  0.000,  0.000,  0.000,  0.000]
Wengert{1} => [ 1.000,  0.000,  3.000,  0.000,  0.000]
Wengert{2} => [-6.132,  5.132, -12.397, -95.657,  65.266]
Wengert{3} => [ 6.167, -6.167,  15.501,  177.999, -122.844]
Wengert{4} => [-2.034,  2.034, -6.103, -82.342,  57.579]

		PolynomialSplineRegressor.N5Ck1._seg2_monotone=MONOTONIC    
		PolynomialSplineRegressor.N5Ck1._seg2_value_jack=Wengert{0} => [ 0.300,  0.700, -0.100, -4.941,  3.258]

		PolynomialSplineRegressor.N5Ck1.FinishTime=Fri Nov 02 23:28:21 EDT 2018
		PolynomialSplineRegressor.N5Ck1.ExecTime=263

		PolynomialSplineRegressor.N5Ck2.Success=true
		PolynomialSplineRegressor.N5Ck2._seg1_1_0=25.0
		PolynomialSplineRegressor.N5Ck2._seg1_3_0=20.25
		PolynomialSplineRegressor.N5Ck2._seg1_head_jack=Wengert{0} => [ 1.000,  0.000,  0.000,  0.000,  0.000]
Wengert{1} => [ 1.000,  0.000,  2.000,  0.000,  0.000]
Wengert{2} => [-1.000,  0.000,  2.000,  2.000,  0.000]
Wengert{3} => [-3.384,  3.384, -8.767, -3.722, -0.414]
Wengert{4} => [ 2.384, -2.384,  4.767,  1.722,  0.414]

		PolynomialSplineRegressor.N5Ck2._seg1_jack=Wengert{0} => [ 1.000,  0.000,  0.000,  0.000,  0.000]
Wengert{1} => [ 1.000,  0.000,  2.000,  0.000,  0.000]
Wengert{2} => [-1.000,  0.000,  2.000,  2.000,  0.000]
Wengert{3} => [-3.384,  3.384, -8.767, -3.722, -0.414]
Wengert{4} => [ 2.384, -2.384,  4.767,  1.722,  0.414]

		PolynomialSplineRegressor.N5Ck2._seg1_monotone=MONOTONIC    
		PolynomialSplineRegressor.N5Ck2._seg2_3_0=20.25
		PolynomialSplineRegressor.N5Ck2._seg2_6_0=14.0
		PolynomialSplineRegressor.N5Ck2._seg2_head_jack=Wengert{0} => [ 1.000,  0.000,  0.000,  0.000,  0.000]
Wengert{1} => [ 1.000,  0.000,  3.000,  0.000,  0.000]
Wengert{2} => [-1.000,  0.000,  3.000,  4.500,  0.000]
Wengert{3} => [-3.384,  3.384, -13.151, -8.374, -1.398]
Wengert{4} => [ 2.384, -2.384,  7.151,  3.874,  1.398]

		PolynomialSplineRegressor.N5Ck2._seg2_jack=Wengert{0} => [ 1.000,  0.000,  0.000,  0.000,  0.000]
Wengert{1} => [ 1.000,  0.000,  3.000,  0.000,  0.000]
Wengert{2} => [-1.000,  0.000,  3.000,  4.500,  0.000]
Wengert{3} => [-3.384,  3.384, -13.151, -8.374, -1.398]
Wengert{4} => [ 2.384, -2.384,  7.151,  3.874,  1.398]

		PolynomialSplineRegressor.N5Ck2._seg2_monotone=MONOTONIC    
		PolynomialSplineRegressor.N5Ck2._seg2_value_jack=Wengert{0} => [ 0.565,  0.435,  0.695,  0.232, -0.113]

		PolynomialSplineRegressor.N5Ck2.FinishTime=Fri Nov 02 23:28:21 EDT 2018
		PolynomialSplineRegressor.N5Ck2.ExecTime=202

		PolynomialSplineRegressor.N5Ck3.Success=true
		PolynomialSplineRegressor.N5Ck3._seg1_1_0=25.0
		PolynomialSplineRegressor.N5Ck3._seg1_3_0=20.25
		PolynomialSplineRegressor.N5Ck3._seg1_head_jack=Wengert{0} => [ 1.000,  0.000,  0.000,  0.000,  0.000]
Wengert{1} => [ 1.000,  0.000,  2.000,  0.000,  0.000]
Wengert{2} => [-1.000,  0.000,  2.000,  2.000,  0.000]
Wengert{3} => [ 0.002,  0.000, -2.000,  2.000,  1.333]
Wengert{4} => [-1.002,  1.000, -2.000, -4.000, -1.333]

		PolynomialSplineRegressor.N5Ck3._seg1_jack=Wengert{0} => [ 1.000,  0.000,  0.000,  0.000,  0.000]
Wengert{1} => [ 1.000,  0.000,  2.000,  0.000,  0.000]
Wengert{2} => [-1.000,  0.000,  2.000,  2.000,  0.000]
Wengert{3} => [ 0.002,  0.000, -2.000,  2.000,  1.333]
Wengert{4} => [-1.002,  1.000, -2.000, -4.000, -1.333]

		PolynomialSplineRegressor.N5Ck3._seg1_monotone=MONOTONIC    
		PolynomialSplineRegressor.N5Ck3._seg2_3_0=20.25
		PolynomialSplineRegressor.N5Ck3._seg2_6_0=14.0
		PolynomialSplineRegressor.N5Ck3._seg2_head_jack=Wengert{0} => [ 1.000,  0.000,  0.000,  0.000,  0.000]
Wengert{1} => [ 1.000,  0.000,  3.000,  0.000,  0.000]
Wengert{2} => [-1.000,  0.000,  3.000,  4.500,  0.000]
Wengert{3} => [ 0.002,  0.000, -3.000,  4.500,  4.500]
Wengert{4} => [-1.002,  1.000, -3.000, -9.000, -4.500]

		PolynomialSplineRegressor.N5Ck3._seg2_jack=Wengert{0} => [ 1.000,  0.000,  0.000,  0.000,  0.000]
Wengert{1} => [ 1.000,  0.000,  3.000,  0.000,  0.000]
Wengert{2} => [-1.000,  0.000,  3.000,  4.500,  0.000]
Wengert{3} => [ 0.002,  0.000, -3.000,  4.500,  4.500]
Wengert{4} => [-1.002,  1.000, -3.000, -9.000, -4.500]

		PolynomialSplineRegressor.N5Ck3._seg2_monotone=MONOTONIC    
		PolynomialSplineRegressor.N5Ck3._seg2_value_jack=Wengert{0} => [ 0.839,  0.162,  1.515,  1.273,  0.364]

		PolynomialSplineRegressor.N5Ck3.FinishTime=Fri Nov 02 23:28:21 EDT 2018
		PolynomialSplineRegressor.N5Ck3.ExecTime=170

		PolynomialSplineRegressor.N6Ck0.Success=true
		PolynomialSplineRegressor.N6Ck0._seg1_1_0=25.0
		PolynomialSplineRegressor.N6Ck0._seg1_3_0=20.249999999999996
		PolynomialSplineRegressor.N6Ck0._seg1_head_jack=Wengert{0} => [ 1.000,  0.000,  0.000,  0.000,  0.000,  0.000]
Wengert{1} => [-0.000,  1.000, -3.726, -3.696,  6.532, -1.783]
Wengert{2} => [-2.000,  1.000,  21.678, -51.052,  43.535, -13.107]
Wengert{3} => [ 1.000, -1.000, -43.631,  181.070, -201.329,  70.259]
Wengert{4} => [-0.000,  0.000,  37.003, -194.798,  243.545, -92.282]
Wengert{5} => [ 0.000, -0.000, -11.324,  68.476, -92.282,  36.913]

		PolynomialSplineRegressor.N6Ck0._seg1_jack=Wengert{0} => [ 1.000,  0.000,  0.000,  0.000,  0.000,  0.000]
Wengert{1} => [-0.000,  1.000, -3.726, -3.696,  6.532, -1.783]
Wengert{2} => [-2.000,  1.000,  21.678, -51.052,  43.535, -13.107]
Wengert{3} => [ 1.000, -1.000, -43.631,  181.070, -201.329,  70.259]
Wengert{4} => [-0.000,  0.000,  37.003, -194.798,  243.545, -92.282]
Wengert{5} => [ 0.000, -0.000, -11.324,  68.476, -92.282,  36.913]

		PolynomialSplineRegressor.N6Ck0._seg1_monotone=MONOTONIC    
		PolynomialSplineRegressor.N6Ck0._seg2_3_0=20.249999999999996
		PolynomialSplineRegressor.N6Ck0._seg2_6_0=14.0
		PolynomialSplineRegressor.N6Ck0._seg2_head_jack=Wengert{0} => [ 1.000,  0.000,  0.000,  0.000,  0.000,  0.000]
Wengert{1} => [-0.000,  1.000, -12.574, -12.475,  22.045, -6.018]
Wengert{2} => [-2.000,  1.000,  73.162, -172.302,  146.929, -44.237]
Wengert{3} => [ 1.000, -1.000, -147.254,  611.112, -679.487,  237.125]
Wengert{4} => [-0.000,  0.000,  124.884, -657.442,  821.963, -311.450]
Wengert{5} => [ 0.000, -0.000, -38.219,  231.107, -311.450,  124.580]

		PolynomialSplineRegressor.N6Ck0._seg2_jack=Wengert{0} => [ 1.000,  0.000,  0.000,  0.000,  0.000,  0.000]
Wengert{1} => [-0.000,  1.000, -12.574, -12.475,  22.045, -6.018]
Wengert{2} => [-2.000,  1.000,  73.162, -172.302,  146.929, -44.237]
Wengert{3} => [ 1.000, -1.000, -147.254,  611.112, -679.487,  237.125]
Wengert{4} => [-0.000,  0.000,  124.884, -657.442,  821.963, -311.450]
Wengert{5} => [ 0.000, -0.000, -38.219,  231.107, -311.450,  124.580]

		PolynomialSplineRegressor.N6Ck0._seg2_monotone=MONOTONIC    
		PolynomialSplineRegressor.N6Ck0._seg2_value_jack=Wengert{0} => [ 0.333,  0.667,  0.113, -2.664,  0.015,  1.204]

		PolynomialSplineRegressor.N6Ck0.FinishTime=Fri Nov 02 23:28:21 EDT 2018
		PolynomialSplineRegressor.N6Ck0.ExecTime=520

		PolynomialSplineRegressor.N6Ck1.Success=true
		PolynomialSplineRegressor.N6Ck1._seg1_1_0=25.0
		PolynomialSplineRegressor.N6Ck1._seg1_3_0=20.249999999999886
		PolynomialSplineRegressor.N6Ck1._seg1_head_jack=Wengert{0} => [ 1.000,  0.000,  0.000,  0.000,  0.000,  0.000]
Wengert{1} => [ 1.000,  0.000,  2.000,  0.000,  0.000,  0.000]
Wengert{2} => [-7.819,  6.819, -11.637, -72.559,  81.540, -23.482]
Wengert{3} => [ 12.711, -12.711,  23.422,  224.355, -277.822,  91.140]
Wengert{4} => [-9.932,  9.932, -19.864, -231.508,  308.418, -109.991]
Wengert{5} => [ 3.040, -3.040,  6.079,  79.711, -112.135,  42.332]

		PolynomialSplineRegressor.N6Ck1._seg1_jack=Wengert{0} => [ 1.000,  0.000,  0.000,  0.000,  0.000,  0.000]
Wengert{1} => [ 1.000,  0.000,  2.000,  0.000,  0.000,  0.000]
Wengert{2} => [-7.819,  6.819, -11.637, -72.559,  81.540, -23.482]
Wengert{3} => [ 12.711, -12.711,  23.422,  224.355, -277.822,  91.140]
Wengert{4} => [-9.932,  9.932, -19.864, -231.508,  308.418, -109.991]
Wengert{5} => [ 3.040, -3.040,  6.079,  79.711, -112.135,  42.332]

		PolynomialSplineRegressor.N6Ck1._seg1_monotone=MONOTONIC    
		PolynomialSplineRegressor.N6Ck1._seg2_3_0=20.249999999999886
		PolynomialSplineRegressor.N6Ck1._seg2_6_0=14.000000000000867
		PolynomialSplineRegressor.N6Ck1._seg2_head_jack=Wengert{0} => [ 1.000,  0.000,  0.000,  0.000,  0.000,  0.000]
Wengert{1} => [ 1.000,  0.000,  3.000,  0.000,  0.000,  0.000]
Wengert{2} => [-7.819,  6.819, -17.456, -244.885,  275.196, -79.251]
Wengert{3} => [ 12.711, -12.711,  35.133,  757.200, -937.650,  307.598]
Wengert{4} => [-9.932,  9.932, -29.796, -781.338,  1040.910, -371.218]
Wengert{5} => [ 3.040, -3.040,  9.119,  269.024, -378.456,  142.871]

		PolynomialSplineRegressor.N6Ck1._seg2_jack=Wengert{0} => [ 1.000,  0.000,  0.000,  0.000,  0.000,  0.000]
Wengert{1} => [ 1.000,  0.000,  3.000,  0.000,  0.000,  0.000]
Wengert{2} => [-7.819,  6.819, -17.456, -244.885,  275.196, -79.251]
Wengert{3} => [ 12.711, -12.711,  35.133,  757.200, -937.650,  307.598]
Wengert{4} => [-9.932,  9.932, -29.796, -781.338,  1040.910, -371.218]
Wengert{5} => [ 3.040, -3.040,  9.119,  269.024, -378.456,  142.871]

		PolynomialSplineRegressor.N6Ck1._seg2_monotone=MONOTONIC    
		PolynomialSplineRegressor.N6Ck1._seg2_value_jack=Wengert{0} => [ 0.324,  0.676, -0.027, -2.777,  0.214,  1.149]

		PolynomialSplineRegressor.N6Ck1.FinishTime=Fri Nov 02 23:28:21 EDT 2018
		PolynomialSplineRegressor.N6Ck1.ExecTime=459

		PolynomialSplineRegressor.N6Ck2.Success=true
		PolynomialSplineRegressor.N6Ck2._seg1_1_0=25.0
		PolynomialSplineRegressor.N6Ck2._seg1_3_0=20.25000000000064
		PolynomialSplineRegressor.N6Ck2._seg1_head_jack=Wengert{0} => [ 1.000,  0.000,  0.000,  0.000,  0.000,  0.000]
Wengert{1} => [ 1.000,  0.000,  2.000,  0.000,  0.000,  0.000]
Wengert{2} => [-1.000,  0.000,  2.000,  2.000,  0.000,  0.000]
Wengert{3} => [-8.372,  8.372, -18.745, -6.184, -25.697,  18.533]
Wengert{4} => [ 11.823, -11.823,  23.647,  6.381,  48.255, -35.069]
Wengert{5} => [-4.451,  4.451, -8.902, -2.197, -22.558,  16.536]

		PolynomialSplineRegressor.N6Ck2._seg1_jack=Wengert{0} => [ 1.000,  0.000,  0.000,  0.000,  0.000,  0.000]
Wengert{1} => [ 1.000,  0.000,  2.000,  0.000,  0.000,  0.000]
Wengert{2} => [-1.000,  0.000,  2.000,  2.000,  0.000,  0.000]
Wengert{3} => [-8.372,  8.372, -18.745, -6.184, -25.697,  18.533]
Wengert{4} => [ 11.823, -11.823,  23.647,  6.381,  48.255, -35.069]
Wengert{5} => [-4.451,  4.451, -8.902, -2.197, -22.558,  16.536]

		PolynomialSplineRegressor.N6Ck2._seg1_monotone=MONOTONIC    
		PolynomialSplineRegressor.N6Ck2._seg2_3_0=20.25000000000064
		PolynomialSplineRegressor.N6Ck2._seg2_6_0=14.0
		PolynomialSplineRegressor.N6Ck2._seg2_head_jack=Wengert{0} => [ 1.000,  0.000,  0.000,  0.000,  0.000,  0.000]
Wengert{1} => [ 1.000,  0.000,  3.000,  0.000,  0.000,  0.000]
Wengert{2} => [-1.000,  0.000,  3.000,  4.500,  0.000,  0.000]
Wengert{3} => [-8.372,  8.372, -28.117, -13.914, -86.727,  62.549]
Wengert{4} => [ 11.823, -11.823,  35.470,  14.358,  162.860, -118.357]
Wengert{5} => [-4.451,  4.451, -13.353, -4.944, -76.133,  55.808]

		PolynomialSplineRegressor.N6Ck2._seg2_jack=Wengert{0} => [ 1.000,  0.000,  0.000,  0.000,  0.000,  0.000]
Wengert{1} => [ 1.000,  0.000,  3.000,  0.000,  0.000,  0.000]
Wengert{2} => [-1.000,  0.000,  3.000,  4.500,  0.000,  0.000]
Wengert{3} => [-8.372,  8.372, -28.117, -13.914, -86.727,  62.549]
Wengert{4} => [ 11.823, -11.823,  35.470,  14.358,  162.860, -118.357]
Wengert{5} => [-4.451,  4.451, -13.353, -4.944, -76.133,  55.808]

		PolynomialSplineRegressor.N6Ck2._seg2_monotone=MONOTONIC    
		PolynomialSplineRegressor.N6Ck2._seg2_value_jack=Wengert{0} => [ 0.402,  0.598,  0.205,  0.051, -2.907,  2.048]

		PolynomialSplineRegressor.N6Ck2.FinishTime=Fri Nov 02 23:28:21 EDT 2018
		PolynomialSplineRegressor.N6Ck2.ExecTime=416

		PolynomialSplineRegressor.N6Ck3.Success=true
		PolynomialSplineRegressor.N6Ck3._seg1_1_0=25.0
		PolynomialSplineRegressor.N6Ck3._seg1_3_0=20.250000000000018
		PolynomialSplineRegressor.N6Ck3._seg1_head_jack=Wengert{0} => [ 1.000,  0.000,  0.000,  0.000,  0.000,  0.000]
Wengert{1} => [ 1.000,  0.000,  2.000,  0.000,  0.000,  0.000]
Wengert{2} => [-1.000,  0.000,  2.000,  2.000,  0.000,  0.000]
Wengert{3} => [ 0.002,  0.000, -2.000,  2.000,  1.333,  0.000]
Wengert{4} => [-3.903,  3.899, -7.797, -8.987, -2.504, -0.267]
Wengert{5} => [ 2.901, -2.899,  5.797,  4.987,  1.170,  0.267]

		PolynomialSplineRegressor.N6Ck3._seg1_jack=Wengert{0} => [ 1.000,  0.000,  0.000,  0.000,  0.000,  0.000]
Wengert{1} => [ 1.000,  0.000,  2.000,  0.000,  0.000,  0.000]
Wengert{2} => [-1.000,  0.000,  2.000,  2.000,  0.000,  0.000]
Wengert{3} => [ 0.002,  0.000, -2.000,  2.000,  1.333,  0.000]
Wengert{4} => [-3.903,  3.899, -7.797, -8.987, -2.504, -0.267]
Wengert{5} => [ 2.901, -2.899,  5.797,  4.987,  1.170,  0.267]

		PolynomialSplineRegressor.N6Ck3._seg1_monotone=MONOTONIC    
		PolynomialSplineRegressor.N6Ck3._seg2_3_0=20.250000000000018
		PolynomialSplineRegressor.N6Ck3._seg2_6_0=14.000000000000014
		PolynomialSplineRegressor.N6Ck3._seg2_head_jack=Wengert{0} => [ 1.000,  0.000,  0.000,  0.000,  0.000,  0.000]
Wengert{1} => [ 1.000,  0.000,  3.000,  0.000,  0.000,  0.000]
Wengert{2} => [-1.000,  0.000,  3.000,  4.500,  0.000,  0.000]
Wengert{3} => [ 0.002,  0.000, -3.000,  4.500,  4.500,  0.000]
Wengert{4} => [-3.903,  3.899, -11.696, -20.221, -8.450, -0.900]
Wengert{5} => [ 2.901, -2.899,  8.696,  11.221,  3.950,  0.900]

		PolynomialSplineRegressor.N6Ck3._seg2_jack=Wengert{0} => [ 1.000,  0.000,  0.000,  0.000,  0.000,  0.000]
Wengert{1} => [ 1.000,  0.000,  3.000,  0.000,  0.000,  0.000]
Wengert{2} => [-1.000,  0.000,  3.000,  4.500,  0.000,  0.000]
Wengert{3} => [ 0.002,  0.000, -3.000,  4.500,  4.500,  0.000]
Wengert{4} => [-3.903,  3.899, -11.696, -20.221, -8.450, -0.900]
Wengert{5} => [ 2.901, -2.899,  8.696,  11.221,  3.950,  0.900]

		PolynomialSplineRegressor.N6Ck3._seg2_monotone=MONOTONIC    
		PolynomialSplineRegressor.N6Ck3._seg2_value_jack=Wengert{0} => [ 0.682,  0.318,  1.047,  0.668,  0.151, -0.048]

		PolynomialSplineRegressor.N6Ck3.FinishTime=Fri Nov 02 23:28:21 EDT 2018
		PolynomialSplineRegressor.N6Ck3.ExecTime=359

		PolynomialSplineRegressor.N6Ck4.Success=true
		PolynomialSplineRegressor.N6Ck4._seg1_1_0=25.0
		PolynomialSplineRegressor.N6Ck4._seg1_3_0=20.250000000000455
		PolynomialSplineRegressor.N6Ck4._seg1_head_jack=Wengert{0} => [ 1.000,  0.000,  0.000,  0.000,  0.000,  0.000]
Wengert{1} => [ 1.000,  0.000,  2.000,  0.000,  0.000,  0.000]
Wengert{2} => [-1.000,  0.000,  2.000,  2.000,  0.000,  0.000]
Wengert{3} => [ 0.002,  0.000, -2.000,  2.000,  1.333,  0.000]
Wengert{4} => [-110.644,  0.000,  0.004, -2.000,  1.333,  0.667]
Wengert{5} => [ 109.642,  1.000, -2.004, -2.000, -2.667, -0.667]

		PolynomialSplineRegressor.N6Ck4._seg1_jack=Wengert{0} => [ 1.000,  0.000,  0.000,  0.000,  0.000,  0.000]
Wengert{1} => [ 1.000,  0.000,  2.000,  0.000,  0.000,  0.000]
Wengert{2} => [-1.000,  0.000,  2.000,  2.000,  0.000,  0.000]
Wengert{3} => [ 0.002,  0.000, -2.000,  2.000,  1.333,  0.000]
Wengert{4} => [-110.644,  0.000,  0.004, -2.000,  1.333,  0.667]
Wengert{5} => [ 109.642,  1.000, -2.004, -2.000, -2.667, -0.667]

		PolynomialSplineRegressor.N6Ck4._seg1_monotone=MONOTONIC    
		PolynomialSplineRegressor.N6Ck4._seg2_3_0=20.250000000000455
		PolynomialSplineRegressor.N6Ck4._seg2_6_0=14.000000000000455
		PolynomialSplineRegressor.N6Ck4._seg2_head_jack=Wengert{0} => [ 1.000,  0.000,  0.000,  0.000,  0.000,  0.000]
Wengert{1} => [ 1.000,  0.000,  3.000,  0.000,  0.000,  0.000]
Wengert{2} => [-1.000,  0.000,  3.000,  4.500,  0.000,  0.000]
Wengert{3} => [ 0.002,  0.000, -3.000,  4.500,  4.500,  0.000]
Wengert{4} => [-110.644,  0.000,  0.007, -4.500,  4.500,  3.375]
Wengert{5} => [ 109.642,  1.000, -3.007, -4.500, -9.000, -3.375]

		PolynomialSplineRegressor.N6Ck4._seg2_jack=Wengert{0} => [ 1.000,  0.000,  0.000,  0.000,  0.000,  0.000]
Wengert{1} => [ 1.000,  0.000,  3.000,  0.000,  0.000,  0.000]
Wengert{2} => [-1.000,  0.000,  3.000,  4.500,  0.000,  0.000]
Wengert{3} => [ 0.002,  0.000, -3.000,  4.500,  4.500,  0.000]
Wengert{4} => [-110.644,  0.000,  0.007, -4.500,  4.500,  3.375]
Wengert{5} => [ 109.642,  1.000, -3.007, -4.500, -9.000, -3.375]

		PolynomialSplineRegressor.N6Ck4._seg2_monotone=MONOTONIC    
		PolynomialSplineRegressor.N6Ck4._seg2_value_jack=Wengert{0} => [-5.068,  0.108,  1.677,  1.515,  0.848,  0.182]

		PolynomialSplineRegressor.N6Ck4.FinishTime=Fri Nov 02 23:28:21 EDT 2018
		PolynomialSplineRegressor.N6Ck4.ExecTime=309

		PolynomialSplineRegressor.N7Ck0.Success=true
		PolynomialSplineRegressor.N7Ck0._seg1_1_0=25.0
		PolynomialSplineRegressor.N7Ck0._seg1_3_0=20.249999999999563
		PolynomialSplineRegressor.N7Ck0._seg1_head_jack=Wengert{0} => [ 1.000,  0.000,  0.000,  0.000,  0.000,  0.000,  0.000]
Wengert{1} => [-0.000,  1.000, -3.617, -9.425,  22.905, -17.971,  5.396]
Wengert{2} => [-2.000,  1.000,  22.098, -73.131,  106.641, -75.500,  20.798]
Wengert{3} => [ 1.000, -1.000, -60.090,  1046.450, -2674.806,  2515.743, -815.161]
Wengert{4} => [-0.000,  0.000,  83.736, -2651.901,  7266.572, -7035.829,  2314.516]
Wengert{5} => [ 0.000, -0.000, -57.529,  2497.772, -7035.829,  6901.879, -2288.322]
Wengert{6} => [-0.000,  0.000,  15.401, -809.765,  2314.516, -2288.322,  762.774]

		PolynomialSplineRegressor.N7Ck0._seg1_jack=Wengert{0} => [ 1.000,  0.000,  0.000,  0.000,  0.000,  0.000,  0.000]
Wengert{1} => [-0.000,  1.000, -3.617, -9.425,  22.905, -17.971,  5.396]
Wengert{2} => [-2.000,  1.000,  22.098, -73.131,  106.641, -75.500,  20.798]
Wengert{3} => [ 1.000, -1.000, -60.090,  1046.450, -2674.806,  2515.743, -815.161]
Wengert{4} => [-0.000,  0.000,  83.736, -2651.901,  7266.572, -7035.829,  2314.516]
Wengert{5} => [ 0.000, -0.000, -57.529,  2497.772, -7035.829,  6901.879, -2288.322]
Wengert{6} => [-0.000,  0.000,  15.401, -809.765,  2314.516, -2288.322,  762.774]

		PolynomialSplineRegressor.N7Ck0._seg1_monotone=MONOTONIC    
		PolynomialSplineRegressor.N7Ck0._seg2_3_0=20.249999999999563
		PolynomialSplineRegressor.N7Ck0._seg2_6_0=13.999999999999392
		PolynomialSplineRegressor.N7Ck0._seg2_head_jack=Wengert{0} => [ 1.000,  0.000,  0.000,  0.000,  0.000,  0.000,  0.000]
Wengert{1} => [-0.000,  1.000, -12.206, -31.808,  77.305, -60.653,  18.212]
Wengert{2} => [-2.000,  1.000,  74.579, -246.818,  359.915, -254.812,  70.192]
Wengert{3} => [ 1.000, -1.000, -202.804,  3531.769, -9027.470,  8490.633, -2751.169]
Wengert{4} => [-0.000,  0.000,  282.609, -8950.165,  24524.682, -23745.922,  7811.491]
Wengert{5} => [ 0.000, -0.000, -194.159,  8429.980, -23745.922,  23293.841, -7723.087]
Wengert{6} => [-0.000,  0.000,  51.980, -2732.958,  7811.491, -7723.087,  2574.362]

		PolynomialSplineRegressor.N7Ck0._seg2_jack=Wengert{0} => [ 1.000,  0.000,  0.000,  0.000,  0.000,  0.000,  0.000]
Wengert{1} => [-0.000,  1.000, -12.206, -31.808,  77.305, -60.653,  18.212]
Wengert{2} => [-2.000,  1.000,  74.579, -246.818,  359.915, -254.812,  70.192]
Wengert{3} => [ 1.000, -1.000, -202.804,  3531.769, -9027.470,  8490.633, -2751.169]
Wengert{4} => [-0.000,  0.000,  282.609, -8950.165,  24524.682, -23745.922,  7811.491]
Wengert{5} => [ 0.000, -0.000, -194.159,  8429.980, -23745.922,  23293.841, -7723.087]
Wengert{6} => [-0.000,  0.000,  51.980, -2732.958,  7811.491, -7723.087,  2574.362]

		PolynomialSplineRegressor.N7Ck0._seg2_monotone=MONOTONIC    
		PolynomialSplineRegressor.N7Ck0._seg2_value_jack=Wengert{0} => [ 0.333,  0.667, -0.214,  14.567, -49.237,  49.897, -16.231]

		PolynomialSplineRegressor.N7Ck0.FinishTime=Fri Nov 02 23:28:21 EDT 2018
		PolynomialSplineRegressor.N7Ck0.ExecTime=825

		PolynomialSplineRegressor.N7Ck1.Success=true
		PolynomialSplineRegressor.N7Ck1._seg1_1_0=25.0
		PolynomialSplineRegressor.N7Ck1._seg1_3_0=20.249999999985732
		PolynomialSplineRegressor.N7Ck1._seg1_head_jack=Wengert{0} => [ 1.000,  0.000,  0.000,  0.000,  0.000,  0.000,  0.000]
Wengert{1} => [ 1.000,  0.000,  2.000,  0.000,  0.000,  0.000,  0.000]
Wengert{2} => [-8.110,  7.110, -12.220, -130.715,  246.591, -185.303,  53.767]
Wengert{3} => [ 17.615, -17.615,  33.229,  1203.038, -3055.370,  2814.330, -904.815]
Wengert{4} => [-23.153,  23.153, -46.305, -2870.107,  7796.893, -7451.914,  2439.450]
Wengert{5} => [ 15.906, -15.906,  31.813,  2647.685, -7400.171,  7187.738, -2374.155]
Wengert{6} => [-4.258,  4.258, -8.517, -849.900,  2412.057, -2364.852,  785.753]

		PolynomialSplineRegressor.N7Ck1._seg1_jack=Wengert{0} => [ 1.000,  0.000,  0.000,  0.000,  0.000,  0.000,  0.000]
Wengert{1} => [ 1.000,  0.000,  2.000,  0.000,  0.000,  0.000,  0.000]
Wengert{2} => [-8.110,  7.110, -12.220, -130.715,  246.591, -185.303,  53.767]
Wengert{3} => [ 17.615, -17.615,  33.229,  1203.038, -3055.370,  2814.330, -904.815]
Wengert{4} => [-23.153,  23.153, -46.305, -2870.107,  7796.893, -7451.914,  2439.450]
Wengert{5} => [ 15.906, -15.906,  31.813,  2647.685, -7400.171,  7187.738, -2374.155]
Wengert{6} => [-4.258,  4.258, -8.517, -849.900,  2412.057, -2364.852,  785.753]

		PolynomialSplineRegressor.N7Ck1._seg1_monotone=MONOTONIC    
		PolynomialSplineRegressor.N7Ck1._seg2_3_0=20.249999999985732
		PolynomialSplineRegressor.N7Ck1._seg2_6_0=14.000000000006366
		PolynomialSplineRegressor.N7Ck1._seg2_head_jack=Wengert{0} => [ 1.000,  0.000,  0.000,  0.000,  0.000,  0.000,  0.000]
Wengert{1} => [ 1.000,  0.000,  3.000,  0.000,  0.000,  0.000,  0.000]
Wengert{2} => [-8.110,  7.110, -18.330, -441.164,  832.244, -625.397,  181.464]
Wengert{3} => [ 17.615, -17.615,  49.844,  4060.252, -10311.873,  9498.364, -3053.752]
Wengert{4} => [-23.153,  23.153, -69.458, -9686.613,  26314.513, -25150.208,  8233.143]
Wengert{5} => [ 15.906, -15.906,  47.719,  8935.936, -24975.577,  24258.617, -8012.772]
Wengert{6} => [-4.258,  4.258, -12.775, -2868.412,  8140.692, -7981.376,  2651.916]

		PolynomialSplineRegressor.N7Ck1._seg2_jack=Wengert{0} => [ 1.000,  0.000,  0.000,  0.000,  0.000,  0.000,  0.000]
Wengert{1} => [ 1.000,  0.000,  3.000,  0.000,  0.000,  0.000,  0.000]
Wengert{2} => [-8.110,  7.110, -18.330, -441.164,  832.244, -625.397,  181.464]
Wengert{3} => [ 17.615, -17.615,  49.844,  4060.252, -10311.873,  9498.364, -3053.752]
Wengert{4} => [-23.153,  23.153, -69.458, -9686.613,  26314.513, -25150.208,  8233.143]
Wengert{5} => [ 15.906, -15.906,  47.719,  8935.936, -24975.577,  24258.617, -8012.772]
Wengert{6} => [-4.258,  4.258, -12.775, -2868.412,  8140.692, -7981.376,  2651.916]

		PolynomialSplineRegressor.N7Ck1._seg2_monotone=MONOTONIC    
		PolynomialSplineRegressor.N7Ck1._seg2_value_jack=Wengert{0} => [ 0.351,  0.649,  0.053,  15.125, -50.593,  50.962, -16.551]

		PolynomialSplineRegressor.N7Ck1.FinishTime=Fri Nov 02 23:28:21 EDT 2018
		PolynomialSplineRegressor.N7Ck1.ExecTime=698

		PolynomialSplineRegressor.N7Ck2.Success=true
		PolynomialSplineRegressor.N7Ck2._seg1_1_0=25.0
		PolynomialSplineRegressor.N7Ck2._seg1_3_0=20.25000000021339
		PolynomialSplineRegressor.N7Ck2._seg1_head_jack=Wengert{0} => [ 1.000,  0.000,  0.000,  0.000,  0.000,  0.000,  0.000]
Wengert{1} => [ 1.000,  0.000,  2.000,  0.000,  0.000,  0.000,  0.000]
Wengert{2} => [-1.000,  0.000,  2.000,  2.000,  0.000,  0.000,  0.000]
Wengert{3} => [-47.821,  47.821, -97.643, -18.407, -785.870,  1108.894, -409.969]
Wengert{4} => [ 132.959, -132.959,  265.919,  43.914,  2382.508, -3383.225,  1258.886]
Wengert{5} => [-128.107,  128.107, -256.215, -40.511, -2405.381,  3434.358, -1285.081]
Wengert{6} => [ 41.970, -41.970,  83.939,  13.004,  808.743, -1160.027,  436.163]

		PolynomialSplineRegressor.N7Ck2._seg1_jack=Wengert{0} => [ 1.000,  0.000,  0.000,  0.000,  0.000,  0.000,  0.000]
Wengert{1} => [ 1.000,  0.000,  2.000,  0.000,  0.000,  0.000,  0.000]
Wengert{2} => [-1.000,  0.000,  2.000,  2.000,  0.000,  0.000,  0.000]
Wengert{3} => [-47.821,  47.821, -97.643, -18.407, -785.870,  1108.894, -409.969]
Wengert{4} => [ 132.959, -132.959,  265.919,  43.914,  2382.508, -3383.225,  1258.886]
Wengert{5} => [-128.107,  128.107, -256.215, -40.511, -2405.381,  3434.358, -1285.081]
Wengert{6} => [ 41.970, -41.970,  83.939,  13.004,  808.743, -1160.027,  436.163]

		PolynomialSplineRegressor.N7Ck2._seg1_monotone=MONOTONIC    
		PolynomialSplineRegressor.N7Ck2._seg2_3_0=20.25000000021339
		PolynomialSplineRegressor.N7Ck2._seg2_6_0=14.000000000130285
		PolynomialSplineRegressor.N7Ck2._seg2_head_jack=Wengert{0} => [ 1.000,  0.000,  0.000,  0.000,  0.000,  0.000,  0.000]
Wengert{1} => [ 1.000,  0.000,  3.000,  0.000,  0.000,  0.000,  0.000]
Wengert{2} => [-1.000,  0.000,  3.000,  4.500,  0.000,  0.000,  0.000]
Wengert{3} => [-47.821,  47.821, -146.464, -41.416, -2652.311,  3742.517, -1383.646]
Wengert{4} => [ 132.959, -132.959,  398.878,  98.806,  8040.965, -11418.384,  4248.742]
Wengert{5} => [-128.107,  128.107, -384.322, -91.149, -8118.160,  11590.959, -4337.147]
Wengert{6} => [ 41.970, -41.970,  125.909,  29.259,  2729.507, -3915.091,  1472.051]

		PolynomialSplineRegressor.N7Ck2._seg2_jack=Wengert{0} => [ 1.000,  0.000,  0.000,  0.000,  0.000,  0.000,  0.000]
Wengert{1} => [ 1.000,  0.000,  3.000,  0.000,  0.000,  0.000,  0.000]
Wengert{2} => [-1.000,  0.000,  3.000,  4.500,  0.000,  0.000,  0.000]
Wengert{3} => [-47.821,  47.821, -146.464, -41.416, -2652.311,  3742.517, -1383.646]
Wengert{4} => [ 132.959, -132.959,  398.878,  98.806,  8040.965, -11418.384,  4248.742]
Wengert{5} => [-128.107,  128.107, -384.322, -91.149, -8118.160,  11590.959, -4337.147]
Wengert{6} => [ 41.970, -41.970,  125.909,  29.259,  2729.507, -3915.091,  1472.051]

		PolynomialSplineRegressor.N7Ck2._seg2_monotone=MONOTONIC    
		PolynomialSplineRegressor.N7Ck2._seg2_value_jack=Wengert{0} => [ 0.107,  0.893, -0.679, -0.154, -22.060,  29.520, -10.329]

		PolynomialSplineRegressor.N7Ck2.FinishTime=Fri Nov 02 23:28:21 EDT 2018
		PolynomialSplineRegressor.N7Ck2.ExecTime=635

		PolynomialSplineRegressor.N7Ck3.Success=true
		PolynomialSplineRegressor.N7Ck3._seg1_1_0=25.0
		PolynomialSplineRegressor.N7Ck3._seg1_3_0=20.250000000000014
		PolynomialSplineRegressor.N7Ck3._seg1_head_jack=Wengert{0} => [ 1.000,  0.000,  0.000,  0.000,  0.000,  0.000,  0.000]
Wengert{1} => [ 1.000,  0.000,  2.000,  0.000,  0.000,  0.000,  0.000]
Wengert{2} => [-1.000,  0.000,  2.000,  2.000,  0.000,  0.000,  0.000]
Wengert{3} => [ 0.002,  0.000, -2.000,  2.000,  1.333,  0.000,  0.000]
Wengert{4} => [-12.027,  12.020, -24.040, -17.954, -4.042, -21.411,  15.990]
Wengert{5} => [ 18.271, -18.264,  36.528,  21.951,  4.081,  40.270, -30.252]
Wengert{6} => [-7.246,  7.244, -14.487, -7.997, -1.372, -18.859,  14.262]

		PolynomialSplineRegressor.N7Ck3._seg1_jack=Wengert{0} => [ 1.000,  0.000,  0.000,  0.000,  0.000,  0.000,  0.000]
Wengert{1} => [ 1.000,  0.000,  2.000,  0.000,  0.000,  0.000,  0.000]
Wengert{2} => [-1.000,  0.000,  2.000,  2.000,  0.000,  0.000,  0.000]
Wengert{3} => [ 0.002,  0.000, -2.000,  2.000,  1.333,  0.000,  0.000]
Wengert{4} => [-12.027,  12.020, -24.040, -17.954, -4.042, -21.411,  15.990]
Wengert{5} => [ 18.271, -18.264,  36.528,  21.951,  4.081,  40.270, -30.252]
Wengert{6} => [-7.246,  7.244, -14.487, -7.997, -1.372, -18.859,  14.262]

		PolynomialSplineRegressor.N7Ck3._seg1_monotone=MONOTONIC    
		PolynomialSplineRegressor.N7Ck3._seg2_3_0=20.250000000000014
		PolynomialSplineRegressor.N7Ck3._seg2_6_0=14.000000000000014
		PolynomialSplineRegressor.N7Ck3._seg2_head_jack=Wengert{0} => [ 1.000,  0.000,  0.000,  0.000,  0.000,  0.000,  0.000]
Wengert{1} => [ 1.000,  0.000,  3.000,  0.000,  0.000,  0.000,  0.000]
Wengert{2} => [-1.000,  0.000,  3.000,  4.500,  0.000,  0.000,  0.000]
Wengert{3} => [ 0.002,  0.000, -3.000,  4.500,  4.500,  0.000,  0.000]
Wengert{4} => [-12.027,  12.020, -36.060, -40.396, -13.643, -72.262,  53.968]
Wengert{5} => [ 18.271, -18.264,  54.791,  49.389,  13.774,  135.911, -102.102]
Wengert{6} => [-7.246,  7.244, -21.731, -17.994, -4.631, -63.649,  48.134]

		PolynomialSplineRegressor.N7Ck3._seg2_jack=Wengert{0} => [ 1.000,  0.000,  0.000,  0.000,  0.000,  0.000,  0.000]
Wengert{1} => [ 1.000,  0.000,  3.000,  0.000,  0.000,  0.000,  0.000]
Wengert{2} => [-1.000,  0.000,  3.000,  4.500,  0.000,  0.000,  0.000]
Wengert{3} => [ 0.002,  0.000, -3.000,  4.500,  4.500,  0.000,  0.000]
Wengert{4} => [-12.027,  12.020, -36.060, -40.396, -13.643, -72.262,  53.968]
Wengert{5} => [ 18.271, -18.264,  54.791,  49.389,  13.774,  135.911, -102.102]
Wengert{6} => [-7.246,  7.244, -21.731, -17.994, -4.631, -63.649,  48.134]

		PolynomialSplineRegressor.N7Ck3._seg2_monotone=MONOTONIC    
		PolynomialSplineRegressor.N7Ck3._seg2_value_jack=Wengert{0} => [ 0.505,  0.495,  0.515,  0.228,  0.037, -1.607,  1.179]

		PolynomialSplineRegressor.N7Ck3.FinishTime=Fri Nov 02 23:28:21 EDT 2018
		PolynomialSplineRegressor.N7Ck3.ExecTime=579

		PolynomialSplineRegressor.N7Ck4.Success=true
		PolynomialSplineRegressor.N7Ck4._seg1_1_0=25.0
		PolynomialSplineRegressor.N7Ck4._seg1_3_0=20.250000000000455
		PolynomialSplineRegressor.N7Ck4._seg1_head_jack=Wengert{0} => [ 1.000,  0.000,  0.000,  0.000,  0.000,  0.000,  0.000]
Wengert{1} => [ 1.000,  0.000,  2.000,  0.000,  0.000,  0.000,  0.000]
Wengert{2} => [-1.000,  0.000,  2.000,  2.000,  0.000,  0.000,  0.000]
Wengert{3} => [ 0.002,  0.000, -2.000,  2.000,  1.333,  0.000,  0.000]
Wengert{4} => [-110.644,  0.000,  0.004, -2.000,  1.333,  0.667,  0.000]
Wengert{5} => [ 203.749,  4.344, -8.696, -8.055, -6.029, -1.254, -0.178]
Wengert{6} => [-94.108, -3.344,  6.691,  6.055,  3.363,  0.587,  0.178]

		PolynomialSplineRegressor.N7Ck4._seg1_jack=Wengert{0} => [ 1.000,  0.000,  0.000,  0.000,  0.000,  0.000,  0.000]
Wengert{1} => [ 1.000,  0.000,  2.000,  0.000,  0.000,  0.000,  0.000]
Wengert{2} => [-1.000,  0.000,  2.000,  2.000,  0.000,  0.000,  0.000]
Wengert{3} => [ 0.002,  0.000, -2.000,  2.000,  1.333,  0.000,  0.000]
Wengert{4} => [-110.644,  0.000,  0.004, -2.000,  1.333,  0.667,  0.000]
Wengert{5} => [ 203.749,  4.344, -8.696, -8.055, -6.029, -1.254, -0.178]
Wengert{6} => [-94.108, -3.344,  6.691,  6.055,  3.363,  0.587,  0.178]

		PolynomialSplineRegressor.N7Ck4._seg1_monotone=MONOTONIC    
		PolynomialSplineRegressor.N7Ck4._seg2_3_0=20.250000000000455
		PolynomialSplineRegressor.N7Ck4._seg2_6_0=13.999999999998636
		PolynomialSplineRegressor.N7Ck4._seg2_head_jack=Wengert{0} => [ 1.000,  0.000,  0.000,  0.000,  0.000,  0.000,  0.000]
Wengert{1} => [ 1.000,  0.000,  3.000,  0.000,  0.000,  0.000,  0.000]
Wengert{2} => [-1.000,  0.000,  3.000,  4.500,  0.000,  0.000,  0.000]
Wengert{3} => [ 0.002,  0.000, -3.000,  4.500,  4.500,  0.000,  0.000]
Wengert{4} => [-110.644,  0.000,  0.007, -4.500,  4.500,  3.375,  0.000]
Wengert{5} => [ 203.749,  4.344, -13.044, -18.123, -20.349, -6.348, -0.599]
Wengert{6} => [-94.108, -3.344,  10.037,  13.623,  11.349,  2.973,  0.599]

		PolynomialSplineRegressor.N7Ck4._seg2_jack=Wengert{0} => [ 1.000,  0.000,  0.000,  0.000,  0.000,  0.000,  0.000]
Wengert{1} => [ 1.000,  0.000,  3.000,  0.000,  0.000,  0.000,  0.000]
Wengert{2} => [-1.000,  0.000,  3.000,  4.500,  0.000,  0.000,  0.000]
Wengert{3} => [ 0.002,  0.000, -3.000,  4.500,  4.500,  0.000,  0.000]
Wengert{4} => [-110.644,  0.000,  0.007, -4.500,  4.500,  3.375,  0.000]
Wengert{5} => [ 203.749,  4.344, -13.044, -18.123, -20.349, -6.348, -0.599]
Wengert{6} => [-94.108, -3.344,  10.037,  13.623,  11.349,  2.973,  0.599]

		PolynomialSplineRegressor.N7Ck4._seg2_monotone=MONOTONIC    
		PolynomialSplineRegressor.N7Ck4._seg2_value_jack=Wengert{0} => [-1.688,  0.228,  1.317,  1.026,  0.441,  0.075, -0.022]

		PolynomialSplineRegressor.N7Ck4.FinishTime=Fri Nov 02 23:28:21 EDT 2018
		PolynomialSplineRegressor.N7Ck4.ExecTime=550

		PolynomialSplineRegressor.N7Ck5.Success=true
		PolynomialSplineRegressor.N7Ck5._seg1_1_0=25.0
		PolynomialSplineRegressor.N7Ck5._seg1_3_0=20.25000000745058
		PolynomialSplineRegressor.N7Ck5._seg1_head_jack=Wengert{0} => [ 1.000,  0.000,  0.000,  0.000,  0.000,  0.000,  0.000]
Wengert{1} => [ 1.000,  0.000,  2.000,  0.000,  0.000,  0.000,  0.000]
Wengert{2} => [-1.000,  0.000,  2.000,  2.000,  0.000,  0.000,  0.000]
Wengert{3} => [ 0.002,  0.000, -2.000,  2.000,  1.333,  0.000,  0.000]
Wengert{4} => [-110.644,  0.000,  0.004, -2.000,  1.333,  0.667,  0.000]
Wengert{5} => [ 2312735.336,  0.000, -221.288,  0.004, -1.333,  0.667,  0.267]
Wengert{6} => [-2312625.694,  1.000,  219.283, -2.004, -1.333, -1.333, -0.267]

		PolynomialSplineRegressor.N7Ck5._seg1_jack=Wengert{0} => [ 1.000,  0.000,  0.000,  0.000,  0.000,  0.000,  0.000]
Wengert{1} => [ 1.000,  0.000,  2.000,  0.000,  0.000,  0.000,  0.000]
Wengert{2} => [-1.000,  0.000,  2.000,  2.000,  0.000,  0.000,  0.000]
Wengert{3} => [ 0.002,  0.000, -2.000,  2.000,  1.333,  0.000,  0.000]
Wengert{4} => [-110.644,  0.000,  0.004, -2.000,  1.333,  0.667,  0.000]
Wengert{5} => [ 2312735.336,  0.000, -221.288,  0.004, -1.333,  0.667,  0.267]
Wengert{6} => [-2312625.694,  1.000,  219.283, -2.004, -1.333, -1.333, -0.267]

		PolynomialSplineRegressor.N7Ck5._seg1_monotone=MONOTONIC    
		PolynomialSplineRegressor.N7Ck5._seg2_3_0=20.25000000745058
		PolynomialSplineRegressor.N7Ck5._seg2_6_0=14.0
		PolynomialSplineRegressor.N7Ck5._seg2_head_jack=Wengert{0} => [ 1.000,  0.000,  0.000,  0.000,  0.000,  0.000,  0.000]
Wengert{1} => [ 1.000,  0.000,  3.000,  0.000,  0.000,  0.000,  0.000]
Wengert{2} => [-1.000,  0.000,  3.000,  4.500,  0.000,  0.000,  0.000]
Wengert{3} => [ 0.002,  0.000, -3.000,  4.500,  4.500,  0.000,  0.000]
Wengert{4} => [-110.644,  0.000,  0.007, -4.500,  4.500,  3.375,  0.000]
Wengert{5} => [ 2312735.336,  0.000, -331.931,  0.010, -4.500,  3.375,  2.025]
Wengert{6} => [-2312625.694,  1.000,  328.925, -4.510, -4.500, -6.750, -2.025]

		PolynomialSplineRegressor.N7Ck5._seg2_jack=Wengert{0} => [ 1.000,  0.000,  0.000,  0.000,  0.000,  0.000,  0.000]
Wengert{1} => [ 1.000,  0.000,  3.000,  0.000,  0.000,  0.000,  0.000]
Wengert{2} => [-1.000,  0.000,  3.000,  4.500,  0.000,  0.000,  0.000]
Wengert{3} => [ 0.002,  0.000, -3.000,  4.500,  4.500,  0.000,  0.000]
Wengert{4} => [-110.644,  0.000,  0.007, -4.500,  4.500,  3.375,  0.000]
Wengert{5} => [ 2312735.336,  0.000, -331.931,  0.010, -4.500,  3.375,  2.025]
Wengert{6} => [-2312625.694,  1.000,  328.925, -4.510, -4.500, -6.750, -2.025]

		PolynomialSplineRegressor.N7Ck5._seg2_monotone=MONOTONIC    
		PolynomialSplineRegressor.N7Ck5._seg2_value_jack=Wengert{0} => [ 83052.196,  0.072, -10.136,  1.677,  1.010,  0.424,  0.073]

		PolynomialSplineRegressor.N7Ck5.FinishTime=Fri Nov 02 23:28:21 EDT 2018
		PolynomialSplineRegressor.N7Ck5.ExecTime=479

		PolynomialSplineRegressor.ExpTension.Success=true
		PolynomialSplineRegressor.ExpTension._seg1_1_0=24.999999999999986
		PolynomialSplineRegressor.ExpTension._seg1_3_0=20.249999999999996
		PolynomialSplineRegressor.ExpTension._seg1_head_jack=Wengert{0} => [ 3.000,  0.000, -4.000, -4.000]
Wengert{1} => [ 6.216, -5.708,  25.814,  12.399]
Wengert{2} => [-3.608,  2.854, -9.907, -4.200]
Wengert{3} => [ 1.608, -2.854,  13.907,  8.200]

		PolynomialSplineRegressor.ExpTension._seg1_jack=Wengert{0} => [ 3.000,  0.000, -4.000, -4.000]
Wengert{1} => [ 6.216, -5.708,  25.814,  12.399]
Wengert{2} => [-3.608,  2.854, -9.907, -4.200]
Wengert{3} => [ 1.608, -2.854,  13.907,  8.200]

		PolynomialSplineRegressor.ExpTension._seg1_monotone=MONOTONIC    
		PolynomialSplineRegressor.ExpTension._seg2_3_0=20.24999999999997
		PolynomialSplineRegressor.ExpTension._seg2_6_0=13.99999999999995
		PolynomialSplineRegressor.ExpTension._seg2_head_jack=Wengert{0} => [ 3.000,  0.000, -6.000, -9.000]
Wengert{1} => [ 6.216, -5.708,  38.722,  27.898]
Wengert{2} => [-3.608,  2.854, -14.861, -9.449]
Wengert{3} => [ 1.608, -2.854,  20.861,  18.449]

		PolynomialSplineRegressor.ExpTension._seg2_jack=Wengert{0} => [ 3.000,  0.000, -6.000, -9.000]
Wengert{1} => [ 6.216, -5.708,  38.722,  27.898]
Wengert{2} => [-3.608,  2.854, -14.861, -9.449]
Wengert{3} => [ 1.608, -2.854,  20.861,  18.449]

		PolynomialSplineRegressor.ExpTension._seg2_monotone=MONOTONIC    
		PolynomialSplineRegressor.ExpTension._seg2_value_jack=Wengert{0} => [ 0.771,  0.236,  1.293,  0.545]

		PolynomialSplineRegressor.ExpTension.FinishTime=Fri Nov 02 23:28:21 EDT 2018
		PolynomialSplineRegressor.ExpTension.ExecTime=111

		PolynomialSplineRegressor.HyperTension.Success=true
		PolynomialSplineRegressor.HyperTension._seg1_1_0=24.999999999999993
		PolynomialSplineRegressor.HyperTension._seg1_3_0=20.249999999999996
		PolynomialSplineRegressor.HyperTension._seg1_head_jack=Wengert{0} => [ 3.000, -0.000, -4.000, -4.000]
Wengert{1} => [ 6.216, -5.708,  25.814,  12.399]
Wengert{2} => [-2.000,  0.000,  4.000,  4.000]
Wengert{3} => [-5.216,  5.708, -23.814, -12.399]

		PolynomialSplineRegressor.HyperTension._seg1_jack=Wengert{0} => [ 3.000, -0.000, -4.000, -4.000]
Wengert{1} => [ 6.216, -5.708,  25.814,  12.399]
Wengert{2} => [-2.000,  0.000,  4.000,  4.000]
Wengert{3} => [-5.216,  5.708, -23.814, -12.399]

		PolynomialSplineRegressor.HyperTension._seg1_monotone=MONOTONIC    
		PolynomialSplineRegressor.HyperTension._seg2_3_0=20.249999999999986
		PolynomialSplineRegressor.HyperTension._seg2_6_0=13.999999999999975
		PolynomialSplineRegressor.HyperTension._seg2_head_jack=Wengert{0} => [ 3.000, -0.000, -6.000, -9.000]
Wengert{1} => [ 6.216, -5.708,  38.722,  27.898]
Wengert{2} => [-2.000,  0.000,  6.000,  9.000]
Wengert{3} => [-5.216,  5.708, -35.722, -27.898]

		PolynomialSplineRegressor.HyperTension._seg2_jack=Wengert{0} => [ 3.000, -0.000, -6.000, -9.000]
Wengert{1} => [ 6.216, -5.708,  38.722,  27.898]
Wengert{2} => [-2.000,  0.000,  6.000,  9.000]
Wengert{3} => [-5.216,  5.708, -35.722, -27.898]

		PolynomialSplineRegressor.HyperTension._seg2_monotone=MONOTONIC    
		PolynomialSplineRegressor.HyperTension._seg2_value_jack=Wengert{0} => [ 0.771,  0.236,  1.293,  0.545]

		PolynomialSplineRegressor.HyperTension.FinishTime=Fri Nov 02 23:28:21 EDT 2018
		PolynomialSplineRegressor.HyperTension.ExecTime=207

		PolynomialSplineRegressor.KP.Success=true
		PolynomialSplineRegressor.KP._seg1_1_0=25.0
		PolynomialSplineRegressor.KP._seg1_3_0=20.25
		PolynomialSplineRegressor.KP._seg1_head_jack=Wengert{0} => [ 1.000,  0.000,  0.000,  0.000]
Wengert{1} => [ 0.000,  1.000,  0.000,  0.000]
Wengert{2} => [ 2.000, -1.000,  2.000,  0.000]
Wengert{3} => [ 3.000, -2.000,  6.000,  2.000]

		PolynomialSplineRegressor.KP._seg1_jack=Wengert{0} => [ 1.000,  0.000,  0.000,  0.000]
Wengert{1} => [ 0.000,  1.000,  0.000,  0.000]
Wengert{2} => [ 2.000, -1.000,  2.000,  0.000]
Wengert{3} => [ 3.000, -2.000,  6.000,  2.000]

		PolynomialSplineRegressor.KP._seg1_monotone=MONOTONIC    
		PolynomialSplineRegressor.KP._seg2_3_0=20.25
		PolynomialSplineRegressor.KP._seg2_6_0=14.0
		PolynomialSplineRegressor.KP._seg2_head_jack=Wengert{0} => [ 1.000,  0.000,  0.000,  0.000]
Wengert{1} => [ 0.000,  1.000,  0.000,  0.000]
Wengert{2} => [ 2.000, -1.000,  3.000,  0.000]
Wengert{3} => [ 3.000, -2.000,  9.000,  4.500]

		PolynomialSplineRegressor.KP._seg2_jack=Wengert{0} => [ 1.000,  0.000,  0.000,  0.000]
Wengert{1} => [ 0.000,  1.000,  0.000,  0.000]
Wengert{2} => [ 2.000, -1.000,  3.000,  0.000]
Wengert{3} => [ 3.000, -2.000,  9.000,  4.500]

		PolynomialSplineRegressor.KP._seg2_monotone=MONOTONIC    
		PolynomialSplineRegressor.KP._seg2_value_jack=Wengert{0} => [ 0.758,  0.242,  1.273,  0.545]

		PolynomialSplineRegressor.KP.FinishTime=Fri Nov 02 23:28:21 EDT 2018
		PolynomialSplineRegressor.KP.ExecTime=158

		PolynomialSplineRegressor.Bern_N4Ck2.Success=true
		PolynomialSplineRegressor.Bern_N4Ck2._seg1_1_0=25.0
		PolynomialSplineRegressor.Bern_N4Ck2._seg1_3_0=20.25
		PolynomialSplineRegressor.Bern_N4Ck2._seg1_head_jack=Wengert{0} => [ 6.000,  0.000,  0.000,  0.000]
Wengert{1} => [ 8.000,  0.000,  4.000,  0.000]
Wengert{2} => [ 8.000,  0.000,  12.000,  4.000]
Wengert{3} => [ 0.000,  6.000,  0.000,  0.000]

		PolynomialSplineRegressor.Bern_N4Ck2._seg1_jack=Wengert{0} => [ 6.000,  0.000,  0.000,  0.000]
Wengert{1} => [ 8.000,  0.000,  4.000,  0.000]
Wengert{2} => [ 8.000,  0.000,  12.000,  4.000]
Wengert{3} => [ 0.000,  6.000,  0.000,  0.000]

		PolynomialSplineRegressor.Bern_N4Ck2._seg1_monotone=MONOTONIC    
		PolynomialSplineRegressor.Bern_N4Ck2._seg2_3_0=20.25
		PolynomialSplineRegressor.Bern_N4Ck2._seg2_6_0=14.0
		PolynomialSplineRegressor.Bern_N4Ck2._seg2_head_jack=Wengert{0} => [ 6.000,  0.000,  0.000,  0.000]
Wengert{1} => [ 8.000,  0.000,  6.000,  0.000]
Wengert{2} => [ 8.000,  0.000,  18.000,  9.000]
Wengert{3} => [ 0.000,  6.000,  0.000,  0.000]

		PolynomialSplineRegressor.Bern_N4Ck2._seg2_jack=Wengert{0} => [ 6.000,  0.000,  0.000,  0.000]
Wengert{1} => [ 8.000,  0.000,  6.000,  0.000]
Wengert{2} => [ 8.000,  0.000,  18.000,  9.000]
Wengert{3} => [ 0.000,  6.000,  0.000,  0.000]

		PolynomialSplineRegressor.Bern_N4Ck2._seg2_monotone=MONOTONIC    
		PolynomialSplineRegressor.Bern_N4Ck2._seg2_value_jack=Wengert{0} => [ 0.758,  0.242,  1.273,  0.545]

		PolynomialSplineRegressor.Bern_N4Ck2.FinishTime=Fri Nov 02 23:28:21 EDT 2018
		PolynomialSplineRegressor.Bern_N4Ck2.ExecTime=186

		PolynomialSplineRegressor.Hermite_N4Ck1.Success=true
		PolynomialSplineRegressor.Hermite_N4Ck1._seg1_0_0=1.0
		PolynomialSplineRegressor.Hermite_N4Ck1._seg1_1_0=4.0
		PolynomialSplineRegressor.Hermite_N4Ck1._seg1_head_jack=Wengert{0} => [ 1.000,  0.000,  0.000,  0.000]
Wengert{1} => [ 1.000,  0.000,  1.000,  0.000]
Wengert{2} => [-5.000,  4.000, -2.000, -1.000]
Wengert{3} => [ 3.000, -3.000,  1.000,  1.000]

		PolynomialSplineRegressor.Hermite_N4Ck1._seg1_jack=Wengert{0} => [ 1.000,  0.000,  0.000,  0.000]
Wengert{1} => [ 1.000,  0.000,  1.000,  0.000]
Wengert{2} => [-5.000,  4.000, -2.000, -1.000]
Wengert{3} => [ 3.000, -3.000,  1.000,  1.000]

		PolynomialSplineRegressor.Hermite_N4Ck1._seg1_monotone=MONOTONIC    
		PolynomialSplineRegressor.Hermite_N4Ck1._seg2_1_0=4.0
		PolynomialSplineRegressor.Hermite_N4Ck1._seg2_2_0=14.0
		PolynomialSplineRegressor.Hermite_N4Ck1._seg2_head_jack=Wengert{0} => [ 1.000,  0.000,  0.000,  0.000]
Wengert{1} => [ 1.000,  0.000,  1.000,  0.000]
Wengert{2} => [-5.000,  4.000, -2.000, -1.000]
Wengert{3} => [ 3.000, -3.000,  1.000,  1.000]

		PolynomialSplineRegressor.Hermite_N4Ck1._seg2_jack=Wengert{0} => [ 1.000,  0.000,  0.000,  0.000]
Wengert{1} => [ 1.000,  0.000,  1.000,  0.000]
Wengert{2} => [-5.000,  4.000, -2.000, -1.000]
Wengert{3} => [ 3.000, -3.000,  1.000,  1.000]

		PolynomialSplineRegressor.Hermite_N4Ck1._seg2_monotone=MONOTONIC    
		PolynomialSplineRegressor.Hermite_N4Ck1._seg2_value_jack=Wengert{0} => [ 0.500,  0.500,  0.100, -0.100]

		PolynomialSplineRegressor.Hermite_N4Ck1.FinishTime=Fri Nov 02 23:28:21 EDT 2018
		PolynomialSplineRegressor.Hermite_N4Ck1.ExecTime=57

		PolynomialSplineRegressor.Hermite_Bessel_CatmullRom_Cardinal_N4Ck1.Success=true
		PolynomialSplineRegressor.Hermite_Bessel_CatmullRom_Cardinal_N4Ck1.hermite_bessel_catmullrom_cardinal_n4ck1_local_c1_bessel_hermite_0.0= 1.00 | MINIMA       
		PolynomialSplineRegressor.Hermite_Bessel_CatmullRom_Cardinal_N4Ck1.hermite_bessel_catmullrom_cardinal_n4ck1_local_c1_bessel_hermite_0.0_jack=Wengert{0} => [ 1.000,  0.000,  0.000,  0.000,  0.000]

		PolynomialSplineRegressor.Hermite_Bessel_CatmullRom_Cardinal_N4Ck1.hermite_bessel_catmullrom_cardinal_n4ck1_local_c1_bessel_hermite_0.5= 2.20 | MINIMA       
		PolynomialSplineRegressor.Hermite_Bessel_CatmullRom_Cardinal_N4Ck1.hermite_bessel_catmullrom_cardinal_n4ck1_local_c1_bessel_hermite_0.5_jack=Wengert{0} => [ 0.500,  0.500,  0.000,  0.000,  0.000]

		PolynomialSplineRegressor.Hermite_Bessel_CatmullRom_Cardinal_N4Ck1.hermite_bessel_catmullrom_cardinal_n4ck1_local_c1_bessel_hermite_1.0= 4.00 | MINIMA       
		PolynomialSplineRegressor.Hermite_Bessel_CatmullRom_Cardinal_N4Ck1.hermite_bessel_catmullrom_cardinal_n4ck1_local_c1_bessel_hermite_1.0_jack=Wengert{0} => [ 0.000,  1.000,  0.000,  0.000,  0.000]

		PolynomialSplineRegressor.Hermite_Bessel_CatmullRom_Cardinal_N4Ck1.hermite_bessel_catmullrom_cardinal_n4ck1_local_c1_bessel_hermite_1.5= 8.70 | MONOTONIC    
		PolynomialSplineRegressor.Hermite_Bessel_CatmullRom_Cardinal_N4Ck1.hermite_bessel_catmullrom_cardinal_n4ck1_local_c1_bessel_hermite_1.5_jack=Wengert{0} => [ 0.000,  0.500,  0.500,  0.000,  0.000]

		PolynomialSplineRegressor.Hermite_Bessel_CatmullRom_Cardinal_N4Ck1.hermite_bessel_catmullrom_cardinal_n4ck1_local_c1_bessel_hermite_2.0= 15.00 | MONOTONIC    
		PolynomialSplineRegressor.Hermite_Bessel_CatmullRom_Cardinal_N4Ck1.hermite_bessel_catmullrom_cardinal_n4ck1_local_c1_bessel_hermite_2.0_jack=Wengert{0} => [ 0.000,  0.000,  1.000,  0.000,  0.000]

		PolynomialSplineRegressor.Hermite_Bessel_CatmullRom_Cardinal_N4Ck1.hermite_bessel_catmullrom_cardinal_n4ck1_local_c1_bessel_hermite_2.5= 26.10 | MONOTONIC    
		PolynomialSplineRegressor.Hermite_Bessel_CatmullRom_Cardinal_N4Ck1.hermite_bessel_catmullrom_cardinal_n4ck1_local_c1_bessel_hermite_2.5_jack=Wengert{0} => [ 0.000,  0.000,  0.500,  0.500,  0.000]

		PolynomialSplineRegressor.Hermite_Bessel_CatmullRom_Cardinal_N4Ck1.hermite_bessel_catmullrom_cardinal_n4ck1_local_c1_bessel_hermite_3.0= 40.00 | MONOTONIC    
		PolynomialSplineRegressor.Hermite_Bessel_CatmullRom_Cardinal_N4Ck1.hermite_bessel_catmullrom_cardinal_n4ck1_local_c1_bessel_hermite_3.0_jack=Wengert{0} => [ 0.000,  0.000,  0.000,  1.000,  0.000]

		PolynomialSplineRegressor.Hermite_Bessel_CatmullRom_Cardinal_N4Ck1.hermite_bessel_catmullrom_cardinal_n4ck1_local_c1_bessel_hermite_3.5= 70.50 | MONOTONIC    
		PolynomialSplineRegressor.Hermite_Bessel_CatmullRom_Cardinal_N4Ck1.hermite_bessel_catmullrom_cardinal_n4ck1_local_c1_bessel_hermite_3.5_jack=Wengert{0} => [ 0.000,  0.000,  0.000,  0.500,  0.500]

		PolynomialSplineRegressor.Hermite_Bessel_CatmullRom_Cardinal_N4Ck1.hermite_bessel_catmullrom_cardinal_n4ck1_local_c1_bessel_hermite_4.0= 85.00 | MONOTONIC    
		PolynomialSplineRegressor.Hermite_Bessel_CatmullRom_Cardinal_N4Ck1.hermite_bessel_catmullrom_cardinal_n4ck1_local_c1_bessel_hermite_4.0_jack=Wengert{0} => [ 0.000,  0.000,  0.000,  0.000,  1.000]

		PolynomialSplineRegressor.Hermite_Bessel_CatmullRom_Cardinal_N4Ck1.hermite_bessel_catmullrom_cardinal_n4ck1_local_cardinal_knot_0.0= 0.00 | MONOTONIC    
		PolynomialSplineRegressor.Hermite_Bessel_CatmullRom_Cardinal_N4Ck1.hermite_bessel_catmullrom_cardinal_n4ck1_local_cardinal_knot_0.0_jack=Wengert{0} => [ 1.000,  0.000,  0.000,  0.000,  0.000,  0.000]

		PolynomialSplineRegressor.Hermite_Bessel_CatmullRom_Cardinal_N4Ck1.hermite_bessel_catmullrom_cardinal_n4ck1_local_cardinal_knot_0.5= 0.00 | MONOTONIC    
		PolynomialSplineRegressor.Hermite_Bessel_CatmullRom_Cardinal_N4Ck1.hermite_bessel_catmullrom_cardinal_n4ck1_local_cardinal_knot_0.5_jack=Wengert{0} => [ 0.500,  0.500,  0.000,  0.000,  0.000,  0.000]

		PolynomialSplineRegressor.Hermite_Bessel_CatmullRom_Cardinal_N4Ck1.hermite_bessel_catmullrom_cardinal_n4ck1_local_cardinal_knot_1.0= 0.00 | MONOTONIC    
		PolynomialSplineRegressor.Hermite_Bessel_CatmullRom_Cardinal_N4Ck1.hermite_bessel_catmullrom_cardinal_n4ck1_local_cardinal_knot_1.0_jack=Wengert{0} => [ 0.000,  1.000,  0.000,  0.000,  0.000,  0.000]

		PolynomialSplineRegressor.Hermite_Bessel_CatmullRom_Cardinal_N4Ck1.hermite_bessel_catmullrom_cardinal_n4ck1_local_cardinal_knot_1.5= 0.00 | MONOTONIC    
		PolynomialSplineRegressor.Hermite_Bessel_CatmullRom_Cardinal_N4Ck1.hermite_bessel_catmullrom_cardinal_n4ck1_local_cardinal_knot_1.5_jack=Wengert{0} => [ 0.000,  0.500,  0.500,  0.000,  0.000,  0.000]

		PolynomialSplineRegressor.Hermite_Bessel_CatmullRom_Cardinal_N4Ck1.hermite_bessel_catmullrom_cardinal_n4ck1_local_cardinal_knot_2.0= 0.00 | MONOTONIC    
		PolynomialSplineRegressor.Hermite_Bessel_CatmullRom_Cardinal_N4Ck1.hermite_bessel_catmullrom_cardinal_n4ck1_local_cardinal_knot_2.0_jack=Wengert{0} => [ 0.000,  0.000,  1.000,  0.000,  0.000,  0.000]

		PolynomialSplineRegressor.Hermite_Bessel_CatmullRom_Cardinal_N4Ck1.hermite_bessel_catmullrom_cardinal_n4ck1_local_cardinal_knot_2.5= 0.00 | MONOTONIC    
		PolynomialSplineRegressor.Hermite_Bessel_CatmullRom_Cardinal_N4Ck1.hermite_bessel_catmullrom_cardinal_n4ck1_local_cardinal_knot_2.5_jack=Wengert{0} => [ 0.000,  0.000,  0.000,  1.000,  0.000,  0.000]

		PolynomialSplineRegressor.Hermite_Bessel_CatmullRom_Cardinal_N4Ck1.hermite_bessel_catmullrom_cardinal_n4ck1_local_cardinal_knot_3.0= 0.00 | MONOTONIC    
		PolynomialSplineRegressor.Hermite_Bessel_CatmullRom_Cardinal_N4Ck1.hermite_bessel_catmullrom_cardinal_n4ck1_local_cardinal_knot_3.0_jack=Wengert{0} => [ 0.000,  0.000,  0.000,  0.000,  1.000,  0.000]

		PolynomialSplineRegressor.Hermite_Bessel_CatmullRom_Cardinal_N4Ck1.hermite_bessel_catmullrom_cardinal_n4ck1_local_cardinal_knot_3.5= 0.00 | MONOTONIC    
		PolynomialSplineRegressor.Hermite_Bessel_CatmullRom_Cardinal_N4Ck1.hermite_bessel_catmullrom_cardinal_n4ck1_local_cardinal_knot_3.5_jack=Wengert{0} => [ 0.000,  0.000,  0.000,  0.000,  0.500,  0.500]

		PolynomialSplineRegressor.Hermite_Bessel_CatmullRom_Cardinal_N4Ck1.hermite_bessel_catmullrom_cardinal_n4ck1_local_cardinal_knot_4.0= 0.00 | MONOTONIC    
		PolynomialSplineRegressor.Hermite_Bessel_CatmullRom_Cardinal_N4Ck1.hermite_bessel_catmullrom_cardinal_n4ck1_local_cardinal_knot_4.0_jack=Wengert{0} => [ 0.000,  0.000,  0.000,  0.000,  0.000,  1.000]

		PolynomialSplineRegressor.Hermite_Bessel_CatmullRom_Cardinal_N4Ck1.hermite_bessel_catmullrom_cardinal_n4ck1_local_catmull_rom_knot_0.0= 0.00 | MONOTONIC    
		PolynomialSplineRegressor.Hermite_Bessel_CatmullRom_Cardinal_N4Ck1.hermite_bessel_catmullrom_cardinal_n4ck1_local_catmull_rom_knot_0.0_jack=Wengert{0} => [ 1.000,  0.000,  0.000,  0.000,  0.000,  0.000]

		PolynomialSplineRegressor.Hermite_Bessel_CatmullRom_Cardinal_N4Ck1.hermite_bessel_catmullrom_cardinal_n4ck1_local_catmull_rom_knot_0.5= 0.00 | MONOTONIC    
		PolynomialSplineRegressor.Hermite_Bessel_CatmullRom_Cardinal_N4Ck1.hermite_bessel_catmullrom_cardinal_n4ck1_local_catmull_rom_knot_0.5_jack=Wengert{0} => [ 0.500,  0.500,  0.000,  0.000,  0.000,  0.000]

		PolynomialSplineRegressor.Hermite_Bessel_CatmullRom_Cardinal_N4Ck1.hermite_bessel_catmullrom_cardinal_n4ck1_local_catmull_rom_knot_1.0= 0.00 | MONOTONIC    
		PolynomialSplineRegressor.Hermite_Bessel_CatmullRom_Cardinal_N4Ck1.hermite_bessel_catmullrom_cardinal_n4ck1_local_catmull_rom_knot_1.0_jack=Wengert{0} => [ 0.000,  1.000,  0.000,  0.000,  0.000,  0.000]

		PolynomialSplineRegressor.Hermite_Bessel_CatmullRom_Cardinal_N4Ck1.hermite_bessel_catmullrom_cardinal_n4ck1_local_catmull_rom_knot_1.5= 0.00 | MONOTONIC    
		PolynomialSplineRegressor.Hermite_Bessel_CatmullRom_Cardinal_N4Ck1.hermite_bessel_catmullrom_cardinal_n4ck1_local_catmull_rom_knot_1.5_jack=Wengert{0} => [ 0.000,  0.500,  0.500,  0.000,  0.000,  0.000]

		PolynomialSplineRegressor.Hermite_Bessel_CatmullRom_Cardinal_N4Ck1.hermite_bessel_catmullrom_cardinal_n4ck1_local_catmull_rom_knot_2.0= 0.00 | MONOTONIC    
		PolynomialSplineRegressor.Hermite_Bessel_CatmullRom_Cardinal_N4Ck1.hermite_bessel_catmullrom_cardinal_n4ck1_local_catmull_rom_knot_2.0_jack=Wengert{0} => [ 0.000,  0.000,  1.000,  0.000,  0.000,  0.000]

		PolynomialSplineRegressor.Hermite_Bessel_CatmullRom_Cardinal_N4Ck1.hermite_bessel_catmullrom_cardinal_n4ck1_local_catmull_rom_knot_2.5= 0.00 | MONOTONIC    
		PolynomialSplineRegressor.Hermite_Bessel_CatmullRom_Cardinal_N4Ck1.hermite_bessel_catmullrom_cardinal_n4ck1_local_catmull_rom_knot_2.5_jack=Wengert{0} => [ 0.000,  0.000,  0.000,  1.000,  0.000,  0.000]

		PolynomialSplineRegressor.Hermite_Bessel_CatmullRom_Cardinal_N4Ck1.hermite_bessel_catmullrom_cardinal_n4ck1_local_catmull_rom_knot_3.0= 0.00 | MONOTONIC    
		PolynomialSplineRegressor.Hermite_Bessel_CatmullRom_Cardinal_N4Ck1.hermite_bessel_catmullrom_cardinal_n4ck1_local_catmull_rom_knot_3.0_jack=Wengert{0} => [ 0.000,  0.000,  0.000,  0.000,  1.000,  0.000]

		PolynomialSplineRegressor.Hermite_Bessel_CatmullRom_Cardinal_N4Ck1.hermite_bessel_catmullrom_cardinal_n4ck1_local_catmull_rom_knot_3.5= 0.00 | MONOTONIC    
		PolynomialSplineRegressor.Hermite_Bessel_CatmullRom_Cardinal_N4Ck1.hermite_bessel_catmullrom_cardinal_n4ck1_local_catmull_rom_knot_3.5_jack=Wengert{0} => [ 0.000,  0.000,  0.000,  0.000,  0.500,  0.500]

		PolynomialSplineRegressor.Hermite_Bessel_CatmullRom_Cardinal_N4Ck1.hermite_bessel_catmullrom_cardinal_n4ck1_local_catmull_rom_knot_4.0= 0.00 | MONOTONIC    
		PolynomialSplineRegressor.Hermite_Bessel_CatmullRom_Cardinal_N4Ck1.hermite_bessel_catmullrom_cardinal_n4ck1_local_catmull_rom_knot_4.0_jack=Wengert{0} => [ 0.000,  0.000,  0.000,  0.000,  0.000,  1.000]

		PolynomialSplineRegressor.Hermite_Bessel_CatmullRom_Cardinal_N4Ck1.hermite_bessel_catmullrom_cardinal_n4ck1_local_hermite_knot_0.0= 0.00 | MONOTONIC    
		PolynomialSplineRegressor.Hermite_Bessel_CatmullRom_Cardinal_N4Ck1.hermite_bessel_catmullrom_cardinal_n4ck1_local_hermite_knot_0.0_jack=Wengert{0} => [ 1.000,  0.000,  0.000,  0.000,  0.000,  0.000]

		PolynomialSplineRegressor.Hermite_Bessel_CatmullRom_Cardinal_N4Ck1.hermite_bessel_catmullrom_cardinal_n4ck1_local_hermite_knot_0.5= 0.00 | MONOTONIC    
		PolynomialSplineRegressor.Hermite_Bessel_CatmullRom_Cardinal_N4Ck1.hermite_bessel_catmullrom_cardinal_n4ck1_local_hermite_knot_0.5_jack=Wengert{0} => [ 0.500,  0.500,  0.000,  0.000,  0.000,  0.000]

		PolynomialSplineRegressor.Hermite_Bessel_CatmullRom_Cardinal_N4Ck1.hermite_bessel_catmullrom_cardinal_n4ck1_local_hermite_knot_1.0= 0.00 | MONOTONIC    
		PolynomialSplineRegressor.Hermite_Bessel_CatmullRom_Cardinal_N4Ck1.hermite_bessel_catmullrom_cardinal_n4ck1_local_hermite_knot_1.0_jack=Wengert{0} => [ 0.000,  1.000,  0.000,  0.000,  0.000,  0.000]

		PolynomialSplineRegressor.Hermite_Bessel_CatmullRom_Cardinal_N4Ck1.hermite_bessel_catmullrom_cardinal_n4ck1_local_hermite_knot_1.5= 0.00 | MONOTONIC    
		PolynomialSplineRegressor.Hermite_Bessel_CatmullRom_Cardinal_N4Ck1.hermite_bessel_catmullrom_cardinal_n4ck1_local_hermite_knot_1.5_jack=Wengert{0} => [ 0.000,  0.500,  0.500,  0.000,  0.000,  0.000]

		PolynomialSplineRegressor.Hermite_Bessel_CatmullRom_Cardinal_N4Ck1.hermite_bessel_catmullrom_cardinal_n4ck1_local_hermite_knot_2.0= 0.00 | MONOTONIC    
		PolynomialSplineRegressor.Hermite_Bessel_CatmullRom_Cardinal_N4Ck1.hermite_bessel_catmullrom_cardinal_n4ck1_local_hermite_knot_2.0_jack=Wengert{0} => [ 0.000,  0.000,  1.000,  0.000,  0.000,  0.000]

		PolynomialSplineRegressor.Hermite_Bessel_CatmullRom_Cardinal_N4Ck1.hermite_bessel_catmullrom_cardinal_n4ck1_local_hermite_knot_2.5= 27.50 | MONOTONIC    
		PolynomialSplineRegressor.Hermite_Bessel_CatmullRom_Cardinal_N4Ck1.hermite_bessel_catmullrom_cardinal_n4ck1_local_hermite_knot_2.5_jack=Wengert{0} => [ 0.000,  0.000,  0.000,  1.000,  0.000,  0.000]

		PolynomialSplineRegressor.Hermite_Bessel_CatmullRom_Cardinal_N4Ck1.hermite_bessel_catmullrom_cardinal_n4ck1_local_hermite_knot_3.0= 0.00 | MONOTONIC    
		PolynomialSplineRegressor.Hermite_Bessel_CatmullRom_Cardinal_N4Ck1.hermite_bessel_catmullrom_cardinal_n4ck1_local_hermite_knot_3.0_jack=Wengert{0} => [ 0.000,  0.000,  0.000,  0.000,  1.000,  0.000]

		PolynomialSplineRegressor.Hermite_Bessel_CatmullRom_Cardinal_N4Ck1.hermite_bessel_catmullrom_cardinal_n4ck1_local_hermite_knot_3.5= 0.00 | MONOTONIC    
		PolynomialSplineRegressor.Hermite_Bessel_CatmullRom_Cardinal_N4Ck1.hermite_bessel_catmullrom_cardinal_n4ck1_local_hermite_knot_3.5_jack=Wengert{0} => [ 0.000,  0.000,  0.000,  0.000,  0.500,  0.500]

		PolynomialSplineRegressor.Hermite_Bessel_CatmullRom_Cardinal_N4Ck1.hermite_bessel_catmullrom_cardinal_n4ck1_local_hermite_knot_4.0= 0.00 | MONOTONIC    
		PolynomialSplineRegressor.Hermite_Bessel_CatmullRom_Cardinal_N4Ck1.hermite_bessel_catmullrom_cardinal_n4ck1_local_hermite_knot_4.0_jack=Wengert{0} => [ 0.000,  0.000,  0.000,  0.000,  0.000,  1.000]

		PolynomialSplineRegressor.Hermite_Bessel_CatmullRom_Cardinal_N4Ck1.hermite_bessel_catmullrom_cardinal_n4ck1_local_no_knot_0.0= 0.00 | MONOTONIC    
		PolynomialSplineRegressor.Hermite_Bessel_CatmullRom_Cardinal_N4Ck1.hermite_bessel_catmullrom_cardinal_n4ck1_local_no_knot_0.0_jack=Wengert{0} => [ 0.000,  0.000,  0.000,  0.000,  0.000]

		PolynomialSplineRegressor.Hermite_Bessel_CatmullRom_Cardinal_N4Ck1.hermite_bessel_catmullrom_cardinal_n4ck1_local_no_knot_0.5= 0.00 | MONOTONIC    
		PolynomialSplineRegressor.Hermite_Bessel_CatmullRom_Cardinal_N4Ck1.hermite_bessel_catmullrom_cardinal_n4ck1_local_no_knot_0.5_jack=Wengert{0} => [ 0.000,  0.000,  0.000,  0.000,  0.000]

		PolynomialSplineRegressor.Hermite_Bessel_CatmullRom_Cardinal_N4Ck1.hermite_bessel_catmullrom_cardinal_n4ck1_local_no_knot_1.0= 0.00 | MONOTONIC    
		PolynomialSplineRegressor.Hermite_Bessel_CatmullRom_Cardinal_N4Ck1.hermite_bessel_catmullrom_cardinal_n4ck1_local_no_knot_1.0_jack=Wengert{0} => [ 0.000,  0.000,  0.000,  0.000,  0.000]

		PolynomialSplineRegressor.Hermite_Bessel_CatmullRom_Cardinal_N4Ck1.hermite_bessel_catmullrom_cardinal_n4ck1_local_no_knot_1.5= 0.00 | MONOTONIC    
		PolynomialSplineRegressor.Hermite_Bessel_CatmullRom_Cardinal_N4Ck1.hermite_bessel_catmullrom_cardinal_n4ck1_local_no_knot_1.5_jack=Wengert{0} => [ 0.000,  0.000,  0.000,  0.000,  0.000]

		PolynomialSplineRegressor.Hermite_Bessel_CatmullRom_Cardinal_N4Ck1.hermite_bessel_catmullrom_cardinal_n4ck1_local_no_knot_2.0= 0.00 | MONOTONIC    
		PolynomialSplineRegressor.Hermite_Bessel_CatmullRom_Cardinal_N4Ck1.hermite_bessel_catmullrom_cardinal_n4ck1_local_no_knot_2.0_jack=Wengert{0} => [ 0.000,  0.000,  0.000,  0.000,  0.000]

		PolynomialSplineRegressor.Hermite_Bessel_CatmullRom_Cardinal_N4Ck1.hermite_bessel_catmullrom_cardinal_n4ck1_local_no_knot_2.5= 0.00 | MONOTONIC    
		PolynomialSplineRegressor.Hermite_Bessel_CatmullRom_Cardinal_N4Ck1.hermite_bessel_catmullrom_cardinal_n4ck1_local_no_knot_2.5_jack=Wengert{0} => [ 0.000,  0.000,  0.000,  0.000,  0.000]

		PolynomialSplineRegressor.Hermite_Bessel_CatmullRom_Cardinal_N4Ck1.hermite_bessel_catmullrom_cardinal_n4ck1_local_no_knot_3.0= 0.00 | MONOTONIC    
		PolynomialSplineRegressor.Hermite_Bessel_CatmullRom_Cardinal_N4Ck1.hermite_bessel_catmullrom_cardinal_n4ck1_local_no_knot_3.0_jack=Wengert{0} => [ 0.000,  0.000,  0.000,  0.000,  0.000]

		PolynomialSplineRegressor.Hermite_Bessel_CatmullRom_Cardinal_N4Ck1.hermite_bessel_catmullrom_cardinal_n4ck1_local_no_knot_3.5= 0.00 | MONOTONIC    
		PolynomialSplineRegressor.Hermite_Bessel_CatmullRom_Cardinal_N4Ck1.hermite_bessel_catmullrom_cardinal_n4ck1_local_no_knot_3.5_jack=Wengert{0} => [ 0.000,  0.000,  0.000,  0.000,  0.000]

		PolynomialSplineRegressor.Hermite_Bessel_CatmullRom_Cardinal_N4Ck1.hermite_bessel_catmullrom_cardinal_n4ck1_local_no_knot_4.0= 0.00 | MONOTONIC    
		PolynomialSplineRegressor.Hermite_Bessel_CatmullRom_Cardinal_N4Ck1.hermite_bessel_catmullrom_cardinal_n4ck1_local_no_knot_4.0_jack=Wengert{0} => [ 0.000,  0.000,  0.000,  0.000,  0.000]

		PolynomialSplineRegressor.Hermite_Bessel_CatmullRom_Cardinal_N4Ck1.FinishTime=Fri Nov 02 23:28:21 EDT 2018
		PolynomialSplineRegressor.Hermite_Bessel_CatmullRom_Cardinal_N4Ck1.ExecTime=242

		PolynomialSplineRegressor.Lagrange_Polynomial_Stretch.Success=true
		PolynomialSplineRegressor.Lagrange_Polynomial_Stretch.lpsr_locallymonotone=true
		PolynomialSplineRegressor.Lagrange_Polynomial_Stretch.lpsr_sm=MONOTONIC    
		PolynomialSplineRegressor.Lagrange_Polynomial_Stretch.lpsr_value=2.16
		PolynomialSplineRegressor.Lagrange_Polynomial_Stretch.lpsr_wj=Wengert{0} => [-0.041,  0.896,  0.171, -0.026]

		PolynomialSplineRegressor.Lagrange_Polynomial_Stretch.FinishTime=Fri Nov 02 23:28:21 EDT 2018
		PolynomialSplineRegressor.Lagrange_Polynomial_Stretch.ExecTime=72
	PolynomialSplineRegressor=> 8498 (mu-s): 28 / 28 succeeded.
	PolynomialSplineRegressor ends at Fri Nov 02 23:28:21 EDT 2018

	PolynomialSplineRegressor starts at Fri Nov 02 23:28:21 EDT 2018

		PolynomialSplineRegressor.N2Ck0.Success=true
		PolynomialSplineRegressor.N2Ck0._seg1_1_0=25.0
		PolynomialSplineRegressor.N2Ck0._seg1_3_0=20.25
		PolynomialSplineRegressor.N2Ck0._seg1_head_jack=Wengert{0} => [ 1.000,  0.000]
Wengert{1} => [-1.000,  1.000]

		PolynomialSplineRegressor.N2Ck0._seg1_jack=Wengert{0} => [ 1.000,  0.000]
Wengert{1} => [-1.000,  1.000]

		PolynomialSplineRegressor.N2Ck0._seg1_monotone=MONOTONIC    
		PolynomialSplineRegressor.N2Ck0._seg2_3_0=20.25
		PolynomialSplineRegressor.N2Ck0._seg2_6_0=14.0
		PolynomialSplineRegressor.N2Ck0._seg2_head_jack=Wengert{0} => [ 1.000,  0.000]
Wengert{1} => [-1.000,  1.000]

		PolynomialSplineRegressor.N2Ck0._seg2_jack=Wengert{0} => [ 1.000,  0.000]
Wengert{1} => [-1.000,  1.000]

		PolynomialSplineRegressor.N2Ck0._seg2_monotone=MONOTONIC    
		PolynomialSplineRegressor.N2Ck0._seg2_value_jack=Wengert{0} => [ 0.273,  0.545]

		PolynomialSplineRegressor.N2Ck0.FinishTime=Fri Nov 02 23:28:21 EDT 2018
		PolynomialSplineRegressor.N2Ck0.ExecTime=24

		PolynomialSplineRegressor.N3Ck0.Success=true
		PolynomialSplineRegressor.N3Ck0._seg1_1_0=25.0
		PolynomialSplineRegressor.N3Ck0._seg1_3_0=20.249999999999993
		PolynomialSplineRegressor.N3Ck0._seg1_head_jack=Wengert{0} => [ 1.000,  0.000,  0.000]
Wengert{1} => [-0.973,  1.973, -1.110]
Wengert{2} => [-0.027, -0.973,  1.110]

		PolynomialSplineRegressor.N3Ck0._seg1_jack=Wengert{0} => [ 1.000,  0.000,  0.000]
Wengert{1} => [-0.973,  1.973, -1.110]
Wengert{2} => [-0.027, -0.973,  1.110]

		PolynomialSplineRegressor.N3Ck0._seg1_monotone=MONOTONIC    
		PolynomialSplineRegressor.N3Ck0._seg2_3_0=20.249999999999993
		PolynomialSplineRegressor.N3Ck0._seg2_6_0=14.0
		PolynomialSplineRegressor.N3Ck0._seg2_head_jack=Wengert{0} => [ 1.000,  0.000,  0.000]
Wengert{1} => [-0.973,  1.973, -3.747]
Wengert{2} => [-0.027, -0.973,  3.747]

		PolynomialSplineRegressor.N3Ck0._seg2_jack=Wengert{0} => [ 1.000,  0.000,  0.000]
Wengert{1} => [-0.973,  1.973, -3.747]
Wengert{2} => [-0.027, -0.973,  3.747]

		PolynomialSplineRegressor.N3Ck0._seg2_monotone=MONOTONIC    
		PolynomialSplineRegressor.N3Ck0._seg2_value_jack=Wengert{0} => [ 0.278,  0.722, -0.681]

		PolynomialSplineRegressor.N3Ck0.FinishTime=Fri Nov 02 23:28:21 EDT 2018
		PolynomialSplineRegressor.N3Ck0.ExecTime=82

		PolynomialSplineRegressor.N3Ck1.Success=true
		PolynomialSplineRegressor.N3Ck1._seg1_1_0=25.0
		PolynomialSplineRegressor.N3Ck1._seg1_3_0=20.25
		PolynomialSplineRegressor.N3Ck1._seg1_head_jack=Wengert{0} => [ 1.000,  0.000,  0.000]
Wengert{1} => [ 1.000,  0.000,  2.000]
Wengert{2} => [-2.000,  1.000, -2.000]

		PolynomialSplineRegressor.N3Ck1._seg1_jack=Wengert{0} => [ 1.000,  0.000,  0.000]
Wengert{1} => [ 1.000,  0.000,  2.000]
Wengert{2} => [-2.000,  1.000, -2.000]

		PolynomialSplineRegressor.N3Ck1._seg1_monotone=MONOTONIC    
		PolynomialSplineRegressor.N3Ck1._seg2_3_0=20.25
		PolynomialSplineRegressor.N3Ck1._seg2_6_0=14.0
		PolynomialSplineRegressor.N3Ck1._seg2_head_jack=Wengert{0} => [ 1.000,  0.000,  0.000]
Wengert{1} => [ 1.000,  0.000,  3.000]
Wengert{2} => [-2.000,  1.000, -3.000]

		PolynomialSplineRegressor.N3Ck1._seg2_jack=Wengert{0} => [ 1.000,  0.000,  0.000]
Wengert{1} => [ 1.000,  0.000,  3.000]
Wengert{2} => [-2.000,  1.000, -3.000]

		PolynomialSplineRegressor.N3Ck1._seg2_monotone=MONOTONIC    
		PolynomialSplineRegressor.N3Ck1._seg2_value_jack=Wengert{0} => [ 0.636,  0.364,  0.545]

		PolynomialSplineRegressor.N3Ck1.FinishTime=Fri Nov 02 23:28:21 EDT 2018
		PolynomialSplineRegressor.N3Ck1.ExecTime=42

		PolynomialSplineRegressor.N4Ck0.Success=true
		PolynomialSplineRegressor.N4Ck0._seg1_1_0=25.0
		PolynomialSplineRegressor.N4Ck0._seg1_3_0=20.24999999999999
		PolynomialSplineRegressor.N4Ck0._seg1_head_jack=Wengert{0} => [ 1.000,  0.000,  0.000,  0.000]
Wengert{1} => [ 0.000,  1.000, -5.677,  3.425]
Wengert{2} => [-2.000,  1.000,  10.368, -6.943]
Wengert{3} => [ 1.000, -1.000, -4.692,  3.519]

		PolynomialSplineRegressor.N4Ck0._seg1_jack=Wengert{0} => [ 1.000,  0.000,  0.000,  0.000]
Wengert{1} => [ 0.000,  1.000, -5.677,  3.425]
Wengert{2} => [-2.000,  1.000,  10.368, -6.943]
Wengert{3} => [ 1.000, -1.000, -4.692,  3.519]

		PolynomialSplineRegressor.N4Ck0._seg1_monotone=MONOTONIC    
		PolynomialSplineRegressor.N4Ck0._seg2_3_0=20.24999999999999
		PolynomialSplineRegressor.N4Ck0._seg2_6_0=14.000000000000004
		PolynomialSplineRegressor.N4Ck0._seg2_head_jack=Wengert{0} => [ 1.000,  0.000,  0.000,  0.000]
Wengert{1} => [-0.000,  1.000, -19.159,  11.559]
Wengert{2} => [-2.000,  1.000,  34.993, -23.434]
Wengert{3} => [ 1.000, -1.000, -15.834,  11.875]

		PolynomialSplineRegressor.N4Ck0._seg2_jack=Wengert{0} => [ 1.000,  0.000,  0.000,  0.000]
Wengert{1} => [-0.000,  1.000, -19.159,  11.559]
Wengert{2} => [-2.000,  1.000,  34.993, -23.434]
Wengert{3} => [ 1.000, -1.000, -15.834,  11.875]

		PolynomialSplineRegressor.N4Ck0._seg2_monotone=MONOTONIC    
		PolynomialSplineRegressor.N4Ck0._seg2_value_jack=Wengert{0} => [ 0.333,  0.667, -1.564,  0.662]

		PolynomialSplineRegressor.N4Ck0.FinishTime=Fri Nov 02 23:28:21 EDT 2018
		PolynomialSplineRegressor.N4Ck0.ExecTime=211

		PolynomialSplineRegressor.N4Ck1.Success=true
		PolynomialSplineRegressor.N4Ck1._seg1_1_0=25.0
		PolynomialSplineRegressor.N4Ck1._seg1_3_0=20.25
		PolynomialSplineRegressor.N4Ck1._seg1_head_jack=Wengert{0} => [ 1.000,  0.000,  0.000,  0.000]
Wengert{1} => [ 1.000,  0.000,  2.000,  0.000]
Wengert{2} => [-3.826,  2.826, -3.653, -0.688]
Wengert{3} => [ 1.826, -1.826,  1.653,  0.688]

		PolynomialSplineRegressor.N4Ck1._seg1_jack=Wengert{0} => [ 1.000,  0.000,  0.000,  0.000]
Wengert{1} => [ 1.000,  0.000,  2.000,  0.000]
Wengert{2} => [-3.826,  2.826, -3.653, -0.688]
Wengert{3} => [ 1.826, -1.826,  1.653,  0.688]

		PolynomialSplineRegressor.N4Ck1._seg1_monotone=MONOTONIC    
		PolynomialSplineRegressor.N4Ck1._seg2_3_0=20.25
		PolynomialSplineRegressor.N4Ck1._seg2_6_0=14.000000000000004
		PolynomialSplineRegressor.N4Ck1._seg2_head_jack=Wengert{0} => [ 1.000,  0.000,  0.000,  0.000]
Wengert{1} => [ 1.000,  0.000,  3.000,  0.000]
Wengert{2} => [-3.826,  2.826, -5.479, -2.323]
Wengert{3} => [ 1.826, -1.826,  2.479,  2.323]

		PolynomialSplineRegressor.N4Ck1._seg2_jack=Wengert{0} => [ 1.000,  0.000,  0.000,  0.000]
Wengert{1} => [ 1.000,  0.000,  3.000,  0.000]
Wengert{2} => [-3.826,  2.826, -5.479, -2.323]
Wengert{3} => [ 1.826, -1.826,  2.479,  2.323]

		PolynomialSplineRegressor.N4Ck1._seg2_monotone=MONOTONIC    
		PolynomialSplineRegressor.N4Ck1._seg2_value_jack=Wengert{0} => [ 0.415,  0.585,  0.245, -0.282]

		PolynomialSplineRegressor.N4Ck1.FinishTime=Fri Nov 02 23:28:21 EDT 2018
		PolynomialSplineRegressor.N4Ck1.ExecTime=162

		PolynomialSplineRegressor.N4Ck2.Success=true
		PolynomialSplineRegressor.N4Ck2._seg1_1_0=25.0
		PolynomialSplineRegressor.N4Ck2._seg1_3_0=20.25
		PolynomialSplineRegressor.N4Ck2._seg1_head_jack=Wengert{0} => [ 1.000,  0.000,  0.000,  0.000]
Wengert{1} => [ 1.000,  0.000,  2.000,  0.000]
Wengert{2} => [-1.000,  0.000,  2.000,  2.000]
Wengert{3} => [-1.000,  1.000, -4.000, -2.000]

		PolynomialSplineRegressor.N4Ck2._seg1_jack=Wengert{0} => [ 1.000,  0.000,  0.000,  0.000]
Wengert{1} => [ 1.000,  0.000,  2.000,  0.000]
Wengert{2} => [-1.000,  0.000,  2.000,  2.000]
Wengert{3} => [-1.000,  1.000, -4.000, -2.000]

		PolynomialSplineRegressor.N4Ck2._seg1_monotone=MONOTONIC    
		PolynomialSplineRegressor.N4Ck2._seg2_3_0=20.25
		PolynomialSplineRegressor.N4Ck2._seg2_6_0=14.0
		PolynomialSplineRegressor.N4Ck2._seg2_head_jack=Wengert{0} => [ 1.000,  0.000,  0.000,  0.000]
Wengert{1} => [ 1.000,  0.000,  3.000,  0.000]
Wengert{2} => [-1.000,  0.000,  3.000,  4.500]
Wengert{3} => [-1.000,  1.000, -6.000, -4.500]

		PolynomialSplineRegressor.N4Ck2._seg2_jack=Wengert{0} => [ 1.000,  0.000,  0.000,  0.000]
Wengert{1} => [ 1.000,  0.000,  3.000,  0.000]
Wengert{2} => [-1.000,  0.000,  3.000,  4.500]
Wengert{3} => [-1.000,  1.000, -6.000, -4.500]

		PolynomialSplineRegressor.N4Ck2._seg2_monotone=MONOTONIC    
		PolynomialSplineRegressor.N4Ck2._seg2_value_jack=Wengert{0} => [ 0.758,  0.242,  1.273,  0.545]

		PolynomialSplineRegressor.N4Ck2.FinishTime=Fri Nov 02 23:28:21 EDT 2018
		PolynomialSplineRegressor.N4Ck2.ExecTime=78

		PolynomialSplineRegressor.N5Ck0.Success=true
		PolynomialSplineRegressor.N5Ck0._seg1_1_0=25.0
		PolynomialSplineRegressor.N5Ck0._seg1_3_0=20.249999999999996
		PolynomialSplineRegressor.N5Ck0._seg1_head_jack=Wengert{0} => [ 1.000,  0.000,  0.000,  0.000,  0.000]
Wengert{1} => [ 0.000,  1.000, -4.273, -0.388,  2.074]
Wengert{2} => [-2.000,  1.000,  17.657, -26.737,  10.767]
Wengert{3} => [ 1.000, -1.000, -22.076,  50.733, -25.681]
Wengert{4} => [-0.000,  0.000,  8.692, -23.607,  12.841]

		PolynomialSplineRegressor.N5Ck0._seg1_jack=Wengert{0} => [ 1.000,  0.000,  0.000,  0.000,  0.000]
Wengert{1} => [ 0.000,  1.000, -4.273, -0.388,  2.074]
Wengert{2} => [-2.000,  1.000,  17.657, -26.737,  10.767]
Wengert{3} => [ 1.000, -1.000, -22.076,  50.733, -25.681]
Wengert{4} => [-0.000,  0.000,  8.692, -23.607,  12.841]

		PolynomialSplineRegressor.N5Ck0._seg1_monotone=MONOTONIC    
		PolynomialSplineRegressor.N5Ck0._seg2_3_0=20.249999999999996
		PolynomialSplineRegressor.N5Ck0._seg2_6_0=13.999999999999998
		PolynomialSplineRegressor.N5Ck0._seg2_head_jack=Wengert{0} => [ 1.000,  0.000,  0.000,  0.000,  0.000]
Wengert{1} => [-0.000,  1.000, -14.420, -1.311,  7.000]
Wengert{2} => [-2.000,  1.000,  59.591, -90.239,  36.337]
Wengert{3} => [ 1.000, -1.000, -74.508,  171.225, -86.675]
Wengert{4} => [ 0.000, -0.000,  29.337, -79.675,  43.337]

		PolynomialSplineRegressor.N5Ck0._seg2_jack=Wengert{0} => [ 1.000,  0.000,  0.000,  0.000,  0.000]
Wengert{1} => [-0.000,  1.000, -14.420, -1.311,  7.000]
Wengert{2} => [-2.000,  1.000,  59.591, -90.239,  36.337]
Wengert{3} => [ 1.000, -1.000, -74.508,  171.225, -86.675]
Wengert{4} => [ 0.000, -0.000,  29.337, -79.675,  43.337]

		PolynomialSplineRegressor.N5Ck0._seg2_monotone=MONOTONIC    
		PolynomialSplineRegressor.N5Ck0._seg2_value_jack=Wengert{0} => [ 0.333,  0.667,  0.483, -4.897,  3.024]

		PolynomialSplineRegressor.N5Ck0.FinishTime=Fri Nov 02 23:28:21 EDT 2018
		PolynomialSplineRegressor.N5Ck0.ExecTime=370

		PolynomialSplineRegressor.N5Ck1.Success=true
		PolynomialSplineRegressor.N5Ck1._seg1_1_0=25.0
		PolynomialSplineRegressor.N5Ck1._seg1_3_0=20.249999999999986
		PolynomialSplineRegressor.N5Ck1._seg1_head_jack=Wengert{0} => [ 1.000,  0.000,  0.000,  0.000,  0.000]
Wengert{1} => [ 1.000,  0.000,  2.000,  0.000,  0.000]
Wengert{2} => [-6.132,  5.132, -8.265, -28.343,  19.338]
Wengert{3} => [ 6.167, -6.167,  10.334,  52.740, -36.398]
Wengert{4} => [-2.034,  2.034, -4.069, -24.398,  17.060]

		PolynomialSplineRegressor.N5Ck1._seg1_jack=Wengert{0} => [ 1.000,  0.000,  0.000,  0.000,  0.000]
Wengert{1} => [ 1.000,  0.000,  2.000,  0.000,  0.000]
Wengert{2} => [-6.132,  5.132, -8.265, -28.343,  19.338]
Wengert{3} => [ 6.167, -6.167,  10.334,  52.740, -36.398]
Wengert{4} => [-2.034,  2.034, -4.069, -24.398,  17.060]

		PolynomialSplineRegressor.N5Ck1._seg1_monotone=MONOTONIC    
		PolynomialSplineRegressor.N5Ck1._seg2_3_0=20.249999999999986
		PolynomialSplineRegressor.N5Ck1._seg2_6_0=14.000000000000014
		PolynomialSplineRegressor.N5Ck1._seg2_head_jack=Wengert{0} => [ 1.000,  0.000,  0.000,  0.000,  0.000]
Wengert{1} => [ 1.000,  0.000,  3.000,  0.000,  0.000]
Wengert{2} => [-6.132,  5.132, -12.397, -95.657,  65.266]
Wengert{3} => [ 6.167, -6.167,  15.501,  177.999, -122.844]
Wengert{4} => [-2.034,  2.034, -6.103, -82.342,  57.579]

		PolynomialSplineRegressor.N5Ck1._seg2_jack=Wengert{0} => [ 1.000,  0.000,  0.000,  0.000,  0.000]
Wengert{1} => [ 1.000,  0.000,  3.000,  0.000,  0.000]
Wengert{2} => [-6.132,  5.132, -12.397, -95.657,  65.266]
Wengert{3} => [ 6.167, -6.167,  15.501,  177.999, -122.844]
Wengert{4} => [-2.034,  2.034, -6.103, -82.342,  57.579]

		PolynomialSplineRegressor.N5Ck1._seg2_monotone=MONOTONIC    
		PolynomialSplineRegressor.N5Ck1._seg2_value_jack=Wengert{0} => [ 0.300,  0.700, -0.100, -4.941,  3.258]

		PolynomialSplineRegressor.N5Ck1.FinishTime=Fri Nov 02 23:28:21 EDT 2018
		PolynomialSplineRegressor.N5Ck1.ExecTime=264

		PolynomialSplineRegressor.N5Ck2.Success=true
		PolynomialSplineRegressor.N5Ck2._seg1_1_0=25.0
		PolynomialSplineRegressor.N5Ck2._seg1_3_0=20.25
		PolynomialSplineRegressor.N5Ck2._seg1_head_jack=Wengert{0} => [ 1.000,  0.000,  0.000,  0.000,  0.000]
Wengert{1} => [ 1.000,  0.000,  2.000,  0.000,  0.000]
Wengert{2} => [-1.000,  0.000,  2.000,  2.000,  0.000]
Wengert{3} => [-3.384,  3.384, -8.767, -3.722, -0.414]
Wengert{4} => [ 2.384, -2.384,  4.767,  1.722,  0.414]

		PolynomialSplineRegressor.N5Ck2._seg1_jack=Wengert{0} => [ 1.000,  0.000,  0.000,  0.000,  0.000]
Wengert{1} => [ 1.000,  0.000,  2.000,  0.000,  0.000]
Wengert{2} => [-1.000,  0.000,  2.000,  2.000,  0.000]
Wengert{3} => [-3.384,  3.384, -8.767, -3.722, -0.414]
Wengert{4} => [ 2.384, -2.384,  4.767,  1.722,  0.414]

		PolynomialSplineRegressor.N5Ck2._seg1_monotone=MONOTONIC    
		PolynomialSplineRegressor.N5Ck2._seg2_3_0=20.25
		PolynomialSplineRegressor.N5Ck2._seg2_6_0=14.0
		PolynomialSplineRegressor.N5Ck2._seg2_head_jack=Wengert{0} => [ 1.000,  0.000,  0.000,  0.000,  0.000]
Wengert{1} => [ 1.000,  0.000,  3.000,  0.000,  0.000]
Wengert{2} => [-1.000,  0.000,  3.000,  4.500,  0.000]
Wengert{3} => [-3.384,  3.384, -13.151, -8.374, -1.398]
Wengert{4} => [ 2.384, -2.384,  7.151,  3.874,  1.398]

		PolynomialSplineRegressor.N5Ck2._seg2_jack=Wengert{0} => [ 1.000,  0.000,  0.000,  0.000,  0.000]
Wengert{1} => [ 1.000,  0.000,  3.000,  0.000,  0.000]
Wengert{2} => [-1.000,  0.000,  3.000,  4.500,  0.000]
Wengert{3} => [-3.384,  3.384, -13.151, -8.374, -1.398]
Wengert{4} => [ 2.384, -2.384,  7.151,  3.874,  1.398]

		PolynomialSplineRegressor.N5Ck2._seg2_monotone=MONOTONIC    
		PolynomialSplineRegressor.N5Ck2._seg2_value_jack=Wengert{0} => [ 0.565,  0.435,  0.695,  0.232, -0.113]

		PolynomialSplineRegressor.N5Ck2.FinishTime=Fri Nov 02 23:28:21 EDT 2018
		PolynomialSplineRegressor.N5Ck2.ExecTime=202

		PolynomialSplineRegressor.N5Ck3.Success=true
		PolynomialSplineRegressor.N5Ck3._seg1_1_0=25.0
		PolynomialSplineRegressor.N5Ck3._seg1_3_0=20.25
		PolynomialSplineRegressor.N5Ck3._seg1_head_jack=Wengert{0} => [ 1.000,  0.000,  0.000,  0.000,  0.000]
Wengert{1} => [ 1.000,  0.000,  2.000,  0.000,  0.000]
Wengert{2} => [-1.000,  0.000,  2.000,  2.000,  0.000]
Wengert{3} => [ 0.002,  0.000, -2.000,  2.000,  1.333]
Wengert{4} => [-1.002,  1.000, -2.000, -4.000, -1.333]

		PolynomialSplineRegressor.N5Ck3._seg1_jack=Wengert{0} => [ 1.000,  0.000,  0.000,  0.000,  0.000]
Wengert{1} => [ 1.000,  0.000,  2.000,  0.000,  0.000]
Wengert{2} => [-1.000,  0.000,  2.000,  2.000,  0.000]
Wengert{3} => [ 0.002,  0.000, -2.000,  2.000,  1.333]
Wengert{4} => [-1.002,  1.000, -2.000, -4.000, -1.333]

		PolynomialSplineRegressor.N5Ck3._seg1_monotone=MONOTONIC    
		PolynomialSplineRegressor.N5Ck3._seg2_3_0=20.25
		PolynomialSplineRegressor.N5Ck3._seg2_6_0=14.0
		PolynomialSplineRegressor.N5Ck3._seg2_head_jack=Wengert{0} => [ 1.000,  0.000,  0.000,  0.000,  0.000]
Wengert{1} => [ 1.000,  0.000,  3.000,  0.000,  0.000]
Wengert{2} => [-1.000,  0.000,  3.000,  4.500,  0.000]
Wengert{3} => [ 0.002,  0.000, -3.000,  4.500,  4.500]
Wengert{4} => [-1.002,  1.000, -3.000, -9.000, -4.500]

		PolynomialSplineRegressor.N5Ck3._seg2_jack=Wengert{0} => [ 1.000,  0.000,  0.000,  0.000,  0.000]
Wengert{1} => [ 1.000,  0.000,  3.000,  0.000,  0.000]
Wengert{2} => [-1.000,  0.000,  3.000,  4.500,  0.000]
Wengert{3} => [ 0.002,  0.000, -3.000,  4.500,  4.500]
Wengert{4} => [-1.002,  1.000, -3.000, -9.000, -4.500]

		PolynomialSplineRegressor.N5Ck3._seg2_monotone=MONOTONIC    
		PolynomialSplineRegressor.N5Ck3._seg2_value_jack=Wengert{0} => [ 0.839,  0.162,  1.515,  1.273,  0.364]

		PolynomialSplineRegressor.N5Ck3.FinishTime=Fri Nov 02 23:28:21 EDT 2018
		PolynomialSplineRegressor.N5Ck3.ExecTime=171

		PolynomialSplineRegressor.N6Ck0.Success=true
		PolynomialSplineRegressor.N6Ck0._seg1_1_0=25.0
		PolynomialSplineRegressor.N6Ck0._seg1_3_0=20.249999999999996
		PolynomialSplineRegressor.N6Ck0._seg1_head_jack=Wengert{0} => [ 1.000,  0.000,  0.000,  0.000,  0.000,  0.000]
Wengert{1} => [-0.000,  1.000, -3.726, -3.696,  6.532, -1.783]
Wengert{2} => [-2.000,  1.000,  21.678, -51.052,  43.535, -13.107]
Wengert{3} => [ 1.000, -1.000, -43.631,  181.070, -201.329,  70.259]
Wengert{4} => [-0.000,  0.000,  37.003, -194.798,  243.545, -92.282]
Wengert{5} => [ 0.000, -0.000, -11.324,  68.476, -92.282,  36.913]

		PolynomialSplineRegressor.N6Ck0._seg1_jack=Wengert{0} => [ 1.000,  0.000,  0.000,  0.000,  0.000,  0.000]
Wengert{1} => [-0.000,  1.000, -3.726, -3.696,  6.532, -1.783]
Wengert{2} => [-2.000,  1.000,  21.678, -51.052,  43.535, -13.107]
Wengert{3} => [ 1.000, -1.000, -43.631,  181.070, -201.329,  70.259]
Wengert{4} => [-0.000,  0.000,  37.003, -194.798,  243.545, -92.282]
Wengert{5} => [ 0.000, -0.000, -11.324,  68.476, -92.282,  36.913]

		PolynomialSplineRegressor.N6Ck0._seg1_monotone=MONOTONIC    
		PolynomialSplineRegressor.N6Ck0._seg2_3_0=20.249999999999996
		PolynomialSplineRegressor.N6Ck0._seg2_6_0=14.0
		PolynomialSplineRegressor.N6Ck0._seg2_head_jack=Wengert{0} => [ 1.000,  0.000,  0.000,  0.000,  0.000,  0.000]
Wengert{1} => [-0.000,  1.000, -12.574, -12.475,  22.045, -6.018]
Wengert{2} => [-2.000,  1.000,  73.162, -172.302,  146.929, -44.237]
Wengert{3} => [ 1.000, -1.000, -147.254,  611.112, -679.487,  237.125]
Wengert{4} => [-0.000,  0.000,  124.884, -657.442,  821.963, -311.450]
Wengert{5} => [ 0.000, -0.000, -38.219,  231.107, -311.450,  124.580]

		PolynomialSplineRegressor.N6Ck0._seg2_jack=Wengert{0} => [ 1.000,  0.000,  0.000,  0.000,  0.000,  0.000]
Wengert{1} => [-0.000,  1.000, -12.574, -12.475,  22.045, -6.018]
Wengert{2} => [-2.000,  1.000,  73.162, -172.302,  146.929, -44.237]
Wengert{3} => [ 1.000, -1.000, -147.254,  611.112, -679.487,  237.125]
Wengert{4} => [-0.000,  0.000,  124.884, -657.442,  821.963, -311.450]
Wengert{5} => [ 0.000, -0.000, -38.219,  231.107, -311.450,  124.580]

		PolynomialSplineRegressor.N6Ck0._seg2_monotone=MONOTONIC    
		PolynomialSplineRegressor.N6Ck0._seg2_value_jack=Wengert{0} => [ 0.333,  0.667,  0.113, -2.664,  0.015,  1.204]

		PolynomialSplineRegressor.N6Ck0.FinishTime=Fri Nov 02 23:28:21 EDT 2018
		PolynomialSplineRegressor.N6Ck0.ExecTime=520

		PolynomialSplineRegressor.N6Ck1.Success=true
		PolynomialSplineRegressor.N6Ck1._seg1_1_0=25.0
		PolynomialSplineRegressor.N6Ck1._seg1_3_0=20.249999999999886
		PolynomialSplineRegressor.N6Ck1._seg1_head_jack=Wengert{0} => [ 1.000,  0.000,  0.000,  0.000,  0.000,  0.000]
Wengert{1} => [ 1.000,  0.000,  2.000,  0.000,  0.000,  0.000]
Wengert{2} => [-7.819,  6.819, -11.637, -72.559,  81.540, -23.482]
Wengert{3} => [ 12.711, -12.711,  23.422,  224.355, -277.822,  91.140]
Wengert{4} => [-9.932,  9.932, -19.864, -231.508,  308.418, -109.991]
Wengert{5} => [ 3.040, -3.040,  6.079,  79.711, -112.135,  42.332]

		PolynomialSplineRegressor.N6Ck1._seg1_jack=Wengert{0} => [ 1.000,  0.000,  0.000,  0.000,  0.000,  0.000]
Wengert{1} => [ 1.000,  0.000,  2.000,  0.000,  0.000,  0.000]
Wengert{2} => [-7.819,  6.819, -11.637, -72.559,  81.540, -23.482]
Wengert{3} => [ 12.711, -12.711,  23.422,  224.355, -277.822,  91.140]
Wengert{4} => [-9.932,  9.932, -19.864, -231.508,  308.418, -109.991]
Wengert{5} => [ 3.040, -3.040,  6.079,  79.711, -112.135,  42.332]

		PolynomialSplineRegressor.N6Ck1._seg1_monotone=MONOTONIC    
		PolynomialSplineRegressor.N6Ck1._seg2_3_0=20.249999999999886
		PolynomialSplineRegressor.N6Ck1._seg2_6_0=14.000000000000867
		PolynomialSplineRegressor.N6Ck1._seg2_head_jack=Wengert{0} => [ 1.000,  0.000,  0.000,  0.000,  0.000,  0.000]
Wengert{1} => [ 1.000,  0.000,  3.000,  0.000,  0.000,  0.000]
Wengert{2} => [-7.819,  6.819, -17.456, -244.885,  275.196, -79.251]
Wengert{3} => [ 12.711, -12.711,  35.133,  757.200, -937.650,  307.598]
Wengert{4} => [-9.932,  9.932, -29.796, -781.338,  1040.910, -371.218]
Wengert{5} => [ 3.040, -3.040,  9.119,  269.024, -378.456,  142.871]

		PolynomialSplineRegressor.N6Ck1._seg2_jack=Wengert{0} => [ 1.000,  0.000,  0.000,  0.000,  0.000,  0.000]
Wengert{1} => [ 1.000,  0.000,  3.000,  0.000,  0.000,  0.000]
Wengert{2} => [-7.819,  6.819, -17.456, -244.885,  275.196, -79.251]
Wengert{3} => [ 12.711, -12.711,  35.133,  757.200, -937.650,  307.598]
Wengert{4} => [-9.932,  9.932, -29.796, -781.338,  1040.910, -371.218]
Wengert{5} => [ 3.040, -3.040,  9.119,  269.024, -378.456,  142.871]

		PolynomialSplineRegressor.N6Ck1._seg2_monotone=MONOTONIC    
		PolynomialSplineRegressor.N6Ck1._seg2_value_jack=Wengert{0} => [ 0.324,  0.676, -0.027, -2.777,  0.214,  1.149]

		PolynomialSplineRegressor.N6Ck1.FinishTime=Fri Nov 02 23:28:21 EDT 2018
		PolynomialSplineRegressor.N6Ck1.ExecTime=460

		PolynomialSplineRegressor.N6Ck2.Success=true
		PolynomialSplineRegressor.N6Ck2._seg1_1_0=25.0
		PolynomialSplineRegressor.N6Ck2._seg1_3_0=20.25000000000064
		PolynomialSplineRegressor.N6Ck2._seg1_head_jack=Wengert{0} => [ 1.000,  0.000,  0.000,  0.000,  0.000,  0.000]
Wengert{1} => [ 1.000,  0.000,  2.000,  0.000,  0.000,  0.000]
Wengert{2} => [-1.000,  0.000,  2.000,  2.000,  0.000,  0.000]
Wengert{3} => [-8.372,  8.372, -18.745, -6.184, -25.697,  18.533]
Wengert{4} => [ 11.823, -11.823,  23.647,  6.381,  48.255, -35.069]
Wengert{5} => [-4.451,  4.451, -8.902, -2.197, -22.558,  16.536]

		PolynomialSplineRegressor.N6Ck2._seg1_jack=Wengert{0} => [ 1.000,  0.000,  0.000,  0.000,  0.000,  0.000]
Wengert{1} => [ 1.000,  0.000,  2.000,  0.000,  0.000,  0.000]
Wengert{2} => [-1.000,  0.000,  2.000,  2.000,  0.000,  0.000]
Wengert{3} => [-8.372,  8.372, -18.745, -6.184, -25.697,  18.533]
Wengert{4} => [ 11.823, -11.823,  23.647,  6.381,  48.255, -35.069]
Wengert{5} => [-4.451,  4.451, -8.902, -2.197, -22.558,  16.536]

		PolynomialSplineRegressor.N6Ck2._seg1_monotone=MONOTONIC    
		PolynomialSplineRegressor.N6Ck2._seg2_3_0=20.25000000000064
		PolynomialSplineRegressor.N6Ck2._seg2_6_0=14.0
		PolynomialSplineRegressor.N6Ck2._seg2_head_jack=Wengert{0} => [ 1.000,  0.000,  0.000,  0.000,  0.000,  0.000]
Wengert{1} => [ 1.000,  0.000,  3.000,  0.000,  0.000,  0.000]
Wengert{2} => [-1.000,  0.000,  3.000,  4.500,  0.000,  0.000]
Wengert{3} => [-8.372,  8.372, -28.117, -13.914, -86.727,  62.549]
Wengert{4} => [ 11.823, -11.823,  35.470,  14.358,  162.860, -118.357]
Wengert{5} => [-4.451,  4.451, -13.353, -4.944, -76.133,  55.808]

		PolynomialSplineRegressor.N6Ck2._seg2_jack=Wengert{0} => [ 1.000,  0.000,  0.000,  0.000,  0.000,  0.000]
Wengert{1} => [ 1.000,  0.000,  3.000,  0.000,  0.000,  0.000]
Wengert{2} => [-1.000,  0.000,  3.000,  4.500,  0.000,  0.000]
Wengert{3} => [-8.372,  8.372, -28.117, -13.914, -86.727,  62.549]
Wengert{4} => [ 11.823, -11.823,  35.470,  14.358,  162.860, -118.357]
Wengert{5} => [-4.451,  4.451, -13.353, -4.944, -76.133,  55.808]

		PolynomialSplineRegressor.N6Ck2._seg2_monotone=MONOTONIC    
		PolynomialSplineRegressor.N6Ck2._seg2_value_jack=Wengert{0} => [ 0.402,  0.598,  0.205,  0.051, -2.907,  2.048]

		PolynomialSplineRegressor.N6Ck2.FinishTime=Fri Nov 02 23:28:21 EDT 2018
		PolynomialSplineRegressor.N6Ck2.ExecTime=417

		PolynomialSplineRegressor.N6Ck3.Success=true
		PolynomialSplineRegressor.N6Ck3._seg1_1_0=25.0
		PolynomialSplineRegressor.N6Ck3._seg1_3_0=20.250000000000018
		PolynomialSplineRegressor.N6Ck3._seg1_head_jack=Wengert{0} => [ 1.000,  0.000,  0.000,  0.000,  0.000,  0.000]
Wengert{1} => [ 1.000,  0.000,  2.000,  0.000,  0.000,  0.000]
Wengert{2} => [-1.000,  0.000,  2.000,  2.000,  0.000,  0.000]
Wengert{3} => [ 0.002,  0.000, -2.000,  2.000,  1.333,  0.000]
Wengert{4} => [-3.903,  3.899, -7.797, -8.987, -2.504, -0.267]
Wengert{5} => [ 2.901, -2.899,  5.797,  4.987,  1.170,  0.267]

		PolynomialSplineRegressor.N6Ck3._seg1_jack=Wengert{0} => [ 1.000,  0.000,  0.000,  0.000,  0.000,  0.000]
Wengert{1} => [ 1.000,  0.000,  2.000,  0.000,  0.000,  0.000]
Wengert{2} => [-1.000,  0.000,  2.000,  2.000,  0.000,  0.000]
Wengert{3} => [ 0.002,  0.000, -2.000,  2.000,  1.333,  0.000]
Wengert{4} => [-3.903,  3.899, -7.797, -8.987, -2.504, -0.267]
Wengert{5} => [ 2.901, -2.899,  5.797,  4.987,  1.170,  0.267]

		PolynomialSplineRegressor.N6Ck3._seg1_monotone=MONOTONIC    
		PolynomialSplineRegressor.N6Ck3._seg2_3_0=20.250000000000018
		PolynomialSplineRegressor.N6Ck3._seg2_6_0=14.00000000000001
		PolynomialSplineRegressor.N6Ck3._seg2_head_jack=Wengert{0} => [ 1.000,  0.000,  0.000,  0.000,  0.000,  0.000]
Wengert{1} => [ 1.000,  0.000,  3.000,  0.000,  0.000,  0.000]
Wengert{2} => [-1.000,  0.000,  3.000,  4.500,  0.000,  0.000]
Wengert{3} => [ 0.002,  0.000, -3.000,  4.500,  4.500,  0.000]
Wengert{4} => [-3.903,  3.899, -11.696, -20.221, -8.450, -0.900]
Wengert{5} => [ 2.901, -2.899,  8.696,  11.221,  3.950,  0.900]

		PolynomialSplineRegressor.N6Ck3._seg2_jack=Wengert{0} => [ 1.000,  0.000,  0.000,  0.000,  0.000,  0.000]
Wengert{1} => [ 1.000,  0.000,  3.000,  0.000,  0.000,  0.000]
Wengert{2} => [-1.000,  0.000,  3.000,  4.500,  0.000,  0.000]
Wengert{3} => [ 0.002,  0.000, -3.000,  4.500,  4.500,  0.000]
Wengert{4} => [-3.903,  3.899, -11.696, -20.221, -8.450, -0.900]
Wengert{5} => [ 2.901, -2.899,  8.696,  11.221,  3.950,  0.900]

		PolynomialSplineRegressor.N6Ck3._seg2_monotone=MONOTONIC    
		PolynomialSplineRegressor.N6Ck3._seg2_value_jack=Wengert{0} => [ 0.682,  0.318,  1.047,  0.668,  0.151, -0.048]

		PolynomialSplineRegressor.N6Ck3.FinishTime=Fri Nov 02 23:28:21 EDT 2018
		PolynomialSplineRegressor.N6Ck3.ExecTime=356

		PolynomialSplineRegressor.N6Ck4.Success=true
		PolynomialSplineRegressor.N6Ck4._seg1_1_0=25.0
		PolynomialSplineRegressor.N6Ck4._seg1_3_0=20.250000000000455
		PolynomialSplineRegressor.N6Ck4._seg1_head_jack=Wengert{0} => [ 1.000,  0.000,  0.000,  0.000,  0.000,  0.000]
Wengert{1} => [ 1.000,  0.000,  2.000,  0.000,  0.000,  0.000]
Wengert{2} => [-1.000,  0.000,  2.000,  2.000,  0.000,  0.000]
Wengert{3} => [ 0.002,  0.000, -2.000,  2.000,  1.333,  0.000]
Wengert{4} => [-110.644,  0.000,  0.004, -2.000,  1.333,  0.667]
Wengert{5} => [ 109.642,  1.000, -2.004, -2.000, -2.667, -0.667]

		PolynomialSplineRegressor.N6Ck4._seg1_jack=Wengert{0} => [ 1.000,  0.000,  0.000,  0.000,  0.000,  0.000]
Wengert{1} => [ 1.000,  0.000,  2.000,  0.000,  0.000,  0.000]
Wengert{2} => [-1.000,  0.000,  2.000,  2.000,  0.000,  0.000]
Wengert{3} => [ 0.002,  0.000, -2.000,  2.000,  1.333,  0.000]
Wengert{4} => [-110.644,  0.000,  0.004, -2.000,  1.333,  0.667]
Wengert{5} => [ 109.642,  1.000, -2.004, -2.000, -2.667, -0.667]

		PolynomialSplineRegressor.N6Ck4._seg1_monotone=MONOTONIC    
		PolynomialSplineRegressor.N6Ck4._seg2_3_0=20.250000000000455
		PolynomialSplineRegressor.N6Ck4._seg2_6_0=14.000000000000455
		PolynomialSplineRegressor.N6Ck4._seg2_head_jack=Wengert{0} => [ 1.000,  0.000,  0.000,  0.000,  0.000,  0.000]
Wengert{1} => [ 1.000,  0.000,  3.000,  0.000,  0.000,  0.000]
Wengert{2} => [-1.000,  0.000,  3.000,  4.500,  0.000,  0.000]
Wengert{3} => [ 0.002,  0.000, -3.000,  4.500,  4.500,  0.000]
Wengert{4} => [-110.644,  0.000,  0.007, -4.500,  4.500,  3.375]
Wengert{5} => [ 109.642,  1.000, -3.007, -4.500, -9.000, -3.375]

		PolynomialSplineRegressor.N6Ck4._seg2_jack=Wengert{0} => [ 1.000,  0.000,  0.000,  0.000,  0.000,  0.000]
Wengert{1} => [ 1.000,  0.000,  3.000,  0.000,  0.000,  0.000]
Wengert{2} => [-1.000,  0.000,  3.000,  4.500,  0.000,  0.000]
Wengert{3} => [ 0.002,  0.000, -3.000,  4.500,  4.500,  0.000]
Wengert{4} => [-110.644,  0.000,  0.007, -4.500,  4.500,  3.375]
Wengert{5} => [ 109.642,  1.000, -3.007, -4.500, -9.000, -3.375]

		PolynomialSplineRegressor.N6Ck4._seg2_monotone=MONOTONIC    
		PolynomialSplineRegressor.N6Ck4._seg2_value_jack=Wengert{0} => [-5.068,  0.108,  1.677,  1.515,  0.848,  0.182]

		PolynomialSplineRegressor.N6Ck4.FinishTime=Fri Nov 02 23:28:21 EDT 2018
		PolynomialSplineRegressor.N6Ck4.ExecTime=311

		PolynomialSplineRegressor.N7Ck0.Success=true
		PolynomialSplineRegressor.N7Ck0._seg1_1_0=25.0
		PolynomialSplineRegressor.N7Ck0._seg1_3_0=20.249999999999563
		PolynomialSplineRegressor.N7Ck0._seg1_head_jack=Wengert{0} => [ 1.000,  0.000,  0.000,  0.000,  0.000,  0.000,  0.000]
Wengert{1} => [-0.000,  1.000, -3.617, -9.425,  22.905, -17.971,  5.396]
Wengert{2} => [-2.000,  1.000,  22.098, -73.131,  106.641, -75.500,  20.798]
Wengert{3} => [ 1.000, -1.000, -60.090,  1046.450, -2674.806,  2515.743, -815.161]
Wengert{4} => [-0.000,  0.000,  83.736, -2651.901,  7266.572, -7035.829,  2314.516]
Wengert{5} => [ 0.000, -0.000, -57.529,  2497.772, -7035.829,  6901.879, -2288.322]
Wengert{6} => [-0.000,  0.000,  15.401, -809.765,  2314.516, -2288.322,  762.774]

		PolynomialSplineRegressor.N7Ck0._seg1_jack=Wengert{0} => [ 1.000,  0.000,  0.000,  0.000,  0.000,  0.000,  0.000]
Wengert{1} => [-0.000,  1.000, -3.617, -9.425,  22.905, -17.971,  5.396]
Wengert{2} => [-2.000,  1.000,  22.098, -73.131,  106.641, -75.500,  20.798]
Wengert{3} => [ 1.000, -1.000, -60.090,  1046.450, -2674.806,  2515.743, -815.161]
Wengert{4} => [-0.000,  0.000,  83.736, -2651.901,  7266.572, -7035.829,  2314.516]
Wengert{5} => [ 0.000, -0.000, -57.529,  2497.772, -7035.829,  6901.879, -2288.322]
Wengert{6} => [-0.000,  0.000,  15.401, -809.765,  2314.516, -2288.322,  762.774]

		PolynomialSplineRegressor.N7Ck0._seg1_monotone=MONOTONIC    
		PolynomialSplineRegressor.N7Ck0._seg2_3_0=20.249999999999563
		PolynomialSplineRegressor.N7Ck0._seg2_6_0=13.999999999999392
		PolynomialSplineRegressor.N7Ck0._seg2_head_jack=Wengert{0} => [ 1.000,  0.000,  0.000,  0.000,  0.000,  0.000,  0.000]
Wengert{1} => [-0.000,  1.000, -12.206, -31.808,  77.305, -60.653,  18.212]
Wengert{2} => [-2.000,  1.000,  74.579, -246.818,  359.915, -254.812,  70.192]
Wengert{3} => [ 1.000, -1.000, -202.804,  3531.769, -9027.470,  8490.633, -2751.169]
Wengert{4} => [-0.000,  0.000,  282.609, -8950.165,  24524.682, -23745.922,  7811.491]
Wengert{5} => [ 0.000, -0.000, -194.159,  8429.980, -23745.922,  23293.841, -7723.087]
Wengert{6} => [-0.000,  0.000,  51.980, -2732.958,  7811.491, -7723.087,  2574.362]

		PolynomialSplineRegressor.N7Ck0._seg2_jack=Wengert{0} => [ 1.000,  0.000,  0.000,  0.000,  0.000,  0.000,  0.000]
Wengert{1} => [-0.000,  1.000, -12.206, -31.808,  77.305, -60.653,  18.212]
Wengert{2} => [-2.000,  1.000,  74.579, -246.818,  359.915, -254.812,  70.192]
Wengert{3} => [ 1.000, -1.000, -202.804,  3531.769, -9027.470,  8490.633, -2751.169]
Wengert{4} => [-0.000,  0.000,  282.609, -8950.165,  24524.682, -23745.922,  7811.491]
Wengert{5} => [ 0.000, -0.000, -194.159,  8429.980, -23745.922,  23293.841, -7723.087]
Wengert{6} => [-0.000,  0.000,  51.980, -2732.958,  7811.491, -7723.087,  2574.362]

		PolynomialSplineRegressor.N7Ck0._seg2_monotone=MONOTONIC    
		PolynomialSplineRegressor.N7Ck0._seg2_value_jack=Wengert{0} => [ 0.333,  0.667, -0.214,  14.567, -49.237,  49.897, -16.231]

		PolynomialSplineRegressor.N7Ck0.FinishTime=Fri Nov 02 23:28:21 EDT 2018
		PolynomialSplineRegressor.N7Ck0.ExecTime=809

		PolynomialSplineRegressor.N7Ck1.Success=true
		PolynomialSplineRegressor.N7Ck1._seg1_1_0=25.0
		PolynomialSplineRegressor.N7Ck1._seg1_3_0=20.249999999985732
		PolynomialSplineRegressor.N7Ck1._seg1_head_jack=Wengert{0} => [ 1.000,  0.000,  0.000,  0.000,  0.000,  0.000,  0.000]
Wengert{1} => [ 1.000,  0.000,  2.000,  0.000,  0.000,  0.000,  0.000]
Wengert{2} => [-8.110,  7.110, -12.220, -130.715,  246.591, -185.303,  53.767]
Wengert{3} => [ 17.615, -17.615,  33.229,  1203.038, -3055.370,  2814.330, -904.815]
Wengert{4} => [-23.153,  23.153, -46.305, -2870.107,  7796.893, -7451.914,  2439.450]
Wengert{5} => [ 15.906, -15.906,  31.813,  2647.685, -7400.171,  7187.738, -2374.155]
Wengert{6} => [-4.258,  4.258, -8.517, -849.900,  2412.057, -2364.852,  785.753]

		PolynomialSplineRegressor.N7Ck1._seg1_jack=Wengert{0} => [ 1.000,  0.000,  0.000,  0.000,  0.000,  0.000,  0.000]
Wengert{1} => [ 1.000,  0.000,  2.000,  0.000,  0.000,  0.000,  0.000]
Wengert{2} => [-8.110,  7.110, -12.220, -130.715,  246.591, -185.303,  53.767]
Wengert{3} => [ 17.615, -17.615,  33.229,  1203.038, -3055.370,  2814.330, -904.815]
Wengert{4} => [-23.153,  23.153, -46.305, -2870.107,  7796.893, -7451.914,  2439.450]
Wengert{5} => [ 15.906, -15.906,  31.813,  2647.685, -7400.171,  7187.738, -2374.155]
Wengert{6} => [-4.258,  4.258, -8.517, -849.900,  2412.057, -2364.852,  785.753]

		PolynomialSplineRegressor.N7Ck1._seg1_monotone=MONOTONIC    
		PolynomialSplineRegressor.N7Ck1._seg2_3_0=20.249999999985732
		PolynomialSplineRegressor.N7Ck1._seg2_6_0=14.000000000006366
		PolynomialSplineRegressor.N7Ck1._seg2_head_jack=Wengert{0} => [ 1.000,  0.000,  0.000,  0.000,  0.000,  0.000,  0.000]
Wengert{1} => [ 1.000,  0.000,  3.000,  0.000,  0.000,  0.000,  0.000]
Wengert{2} => [-8.110,  7.110, -18.330, -441.164,  832.244, -625.397,  181.464]
Wengert{3} => [ 17.615, -17.615,  49.844,  4060.252, -10311.873,  9498.364, -3053.752]
Wengert{4} => [-23.153,  23.153, -69.458, -9686.613,  26314.513, -25150.208,  8233.143]
Wengert{5} => [ 15.906, -15.906,  47.719,  8935.936, -24975.577,  24258.617, -8012.772]
Wengert{6} => [-4.258,  4.258, -12.775, -2868.412,  8140.692, -7981.376,  2651.916]

		PolynomialSplineRegressor.N7Ck1._seg2_jack=Wengert{0} => [ 1.000,  0.000,  0.000,  0.000,  0.000,  0.000,  0.000]
Wengert{1} => [ 1.000,  0.000,  3.000,  0.000,  0.000,  0.000,  0.000]
Wengert{2} => [-8.110,  7.110, -18.330, -441.164,  832.244, -625.397,  181.464]
Wengert{3} => [ 17.615, -17.615,  49.844,  4060.252, -10311.873,  9498.364, -3053.752]
Wengert{4} => [-23.153,  23.153, -69.458, -9686.613,  26314.513, -25150.208,  8233.143]
Wengert{5} => [ 15.906, -15.906,  47.719,  8935.936, -24975.577,  24258.617, -8012.772]
Wengert{6} => [-4.258,  4.258, -12.775, -2868.412,  8140.692, -7981.376,  2651.916]

		PolynomialSplineRegressor.N7Ck1._seg2_monotone=MONOTONIC    
		PolynomialSplineRegressor.N7Ck1._seg2_value_jack=Wengert{0} => [ 0.351,  0.649,  0.053,  15.125, -50.593,  50.962, -16.551]

		PolynomialSplineRegressor.N7Ck1.FinishTime=Fri Nov 02 23:28:21 EDT 2018
		PolynomialSplineRegressor.N7Ck1.ExecTime=833

		PolynomialSplineRegressor.N7Ck2.Success=true
		PolynomialSplineRegressor.N7Ck2._seg1_1_0=25.0
		PolynomialSplineRegressor.N7Ck2._seg1_3_0=20.25000000021339
		PolynomialSplineRegressor.N7Ck2._seg1_head_jack=Wengert{0} => [ 1.000,  0.000,  0.000,  0.000,  0.000,  0.000,  0.000]
Wengert{1} => [ 1.000,  0.000,  2.000,  0.000,  0.000,  0.000,  0.000]
Wengert{2} => [-1.000,  0.000,  2.000,  2.000,  0.000,  0.000,  0.000]
Wengert{3} => [-47.821,  47.821, -97.643, -18.407, -785.870,  1108.894, -409.969]
Wengert{4} => [ 132.959, -132.959,  265.919,  43.914,  2382.508, -3383.225,  1258.886]
Wengert{5} => [-128.107,  128.107, -256.215, -40.511, -2405.381,  3434.358, -1285.081]
Wengert{6} => [ 41.970, -41.970,  83.939,  13.004,  808.743, -1160.027,  436.163]

		PolynomialSplineRegressor.N7Ck2._seg1_jack=Wengert{0} => [ 1.000,  0.000,  0.000,  0.000,  0.000,  0.000,  0.000]
Wengert{1} => [ 1.000,  0.000,  2.000,  0.000,  0.000,  0.000,  0.000]
Wengert{2} => [-1.000,  0.000,  2.000,  2.000,  0.000,  0.000,  0.000]
Wengert{3} => [-47.821,  47.821, -97.643, -18.407, -785.870,  1108.894, -409.969]
Wengert{4} => [ 132.959, -132.959,  265.919,  43.914,  2382.508, -3383.225,  1258.886]
Wengert{5} => [-128.107,  128.107, -256.215, -40.511, -2405.381,  3434.358, -1285.081]
Wengert{6} => [ 41.970, -41.970,  83.939,  13.004,  808.743, -1160.027,  436.163]

		PolynomialSplineRegressor.N7Ck2._seg1_monotone=MONOTONIC    
		PolynomialSplineRegressor.N7Ck2._seg2_3_0=20.25000000021339
		PolynomialSplineRegressor.N7Ck2._seg2_6_0=14.000000000130285
		PolynomialSplineRegressor.N7Ck2._seg2_head_jack=Wengert{0} => [ 1.000,  0.000,  0.000,  0.000,  0.000,  0.000,  0.000]
Wengert{1} => [ 1.000,  0.000,  3.000,  0.000,  0.000,  0.000,  0.000]
Wengert{2} => [-1.000,  0.000,  3.000,  4.500,  0.000,  0.000,  0.000]
Wengert{3} => [-47.821,  47.821, -146.464, -41.416, -2652.311,  3742.517, -1383.646]
Wengert{4} => [ 132.959, -132.959,  398.878,  98.806,  8040.965, -11418.384,  4248.742]
Wengert{5} => [-128.107,  128.107, -384.322, -91.149, -8118.160,  11590.959, -4337.147]
Wengert{6} => [ 41.970, -41.970,  125.909,  29.259,  2729.507, -3915.091,  1472.051]

		PolynomialSplineRegressor.N7Ck2._seg2_jack=Wengert{0} => [ 1.000,  0.000,  0.000,  0.000,  0.000,  0.000,  0.000]
Wengert{1} => [ 1.000,  0.000,  3.000,  0.000,  0.000,  0.000,  0.000]
Wengert{2} => [-1.000,  0.000,  3.000,  4.500,  0.000,  0.000,  0.000]
Wengert{3} => [-47.821,  47.821, -146.464, -41.416, -2652.311,  3742.517, -1383.646]
Wengert{4} => [ 132.959, -132.959,  398.878,  98.806,  8040.965, -11418.384,  4248.742]
Wengert{5} => [-128.107,  128.107, -384.322, -91.149, -8118.160,  11590.959, -4337.147]
Wengert{6} => [ 41.970, -41.970,  125.909,  29.259,  2729.507, -3915.091,  1472.051]

		PolynomialSplineRegressor.N7Ck2._seg2_monotone=MONOTONIC    
		PolynomialSplineRegressor.N7Ck2._seg2_value_jack=Wengert{0} => [ 0.107,  0.893, -0.679, -0.154, -22.060,  29.520, -10.329]

		PolynomialSplineRegressor.N7Ck2.FinishTime=Fri Nov 02 23:28:21 EDT 2018
		PolynomialSplineRegressor.N7Ck2.ExecTime=760

		PolynomialSplineRegressor.N7Ck3.Success=true
		PolynomialSplineRegressor.N7Ck3._seg1_1_0=25.0
		PolynomialSplineRegressor.N7Ck3._seg1_3_0=20.250000000000014
		PolynomialSplineRegressor.N7Ck3._seg1_head_jack=Wengert{0} => [ 1.000,  0.000,  0.000,  0.000,  0.000,  0.000,  0.000]
Wengert{1} => [ 1.000,  0.000,  2.000,  0.000,  0.000,  0.000,  0.000]
Wengert{2} => [-1.000,  0.000,  2.000,  2.000,  0.000,  0.000,  0.000]
Wengert{3} => [ 0.002,  0.000, -2.000,  2.000,  1.333,  0.000,  0.000]
Wengert{4} => [-12.027,  12.020, -24.040, -17.954, -4.042, -21.411,  15.990]
Wengert{5} => [ 18.271, -18.264,  36.528,  21.951,  4.081,  40.270, -30.252]
Wengert{6} => [-7.246,  7.244, -14.487, -7.997, -1.372, -18.859,  14.262]

		PolynomialSplineRegressor.N7Ck3._seg1_jack=Wengert{0} => [ 1.000,  0.000,  0.000,  0.000,  0.000,  0.000,  0.000]
Wengert{1} => [ 1.000,  0.000,  2.000,  0.000,  0.000,  0.000,  0.000]
Wengert{2} => [-1.000,  0.000,  2.000,  2.000,  0.000,  0.000,  0.000]
Wengert{3} => [ 0.002,  0.000, -2.000,  2.000,  1.333,  0.000,  0.000]
Wengert{4} => [-12.027,  12.020, -24.040, -17.954, -4.042, -21.411,  15.990]
Wengert{5} => [ 18.271, -18.264,  36.528,  21.951,  4.081,  40.270, -30.252]
Wengert{6} => [-7.246,  7.244, -14.487, -7.997, -1.372, -18.859,  14.262]

		PolynomialSplineRegressor.N7Ck3._seg1_monotone=MONOTONIC    
		PolynomialSplineRegressor.N7Ck3._seg2_3_0=20.250000000000014
		PolynomialSplineRegressor.N7Ck3._seg2_6_0=14.000000000000014
		PolynomialSplineRegressor.N7Ck3._seg2_head_jack=Wengert{0} => [ 1.000,  0.000,  0.000,  0.000,  0.000,  0.000,  0.000]
Wengert{1} => [ 1.000,  0.000,  3.000,  0.000,  0.000,  0.000,  0.000]
Wengert{2} => [-1.000,  0.000,  3.000,  4.500,  0.000,  0.000,  0.000]
Wengert{3} => [ 0.002,  0.000, -3.000,  4.500,  4.500,  0.000,  0.000]
Wengert{4} => [-12.027,  12.020, -36.060, -40.396, -13.643, -72.262,  53.968]
Wengert{5} => [ 18.271, -18.264,  54.791,  49.389,  13.774,  135.911, -102.102]
Wengert{6} => [-7.246,  7.244, -21.731, -17.994, -4.631, -63.649,  48.134]

		PolynomialSplineRegressor.N7Ck3._seg2_jack=Wengert{0} => [ 1.000,  0.000,  0.000,  0.000,  0.000,  0.000,  0.000]
Wengert{1} => [ 1.000,  0.000,  3.000,  0.000,  0.000,  0.000,  0.000]
Wengert{2} => [-1.000,  0.000,  3.000,  4.500,  0.000,  0.000,  0.000]
Wengert{3} => [ 0.002,  0.000, -3.000,  4.500,  4.500,  0.000,  0.000]
Wengert{4} => [-12.027,  12.020, -36.060, -40.396, -13.643, -72.262,  53.968]
Wengert{5} => [ 18.271, -18.264,  54.791,  49.389,  13.774,  135.911, -102.102]
Wengert{6} => [-7.246,  7.244, -21.731, -17.994, -4.631, -63.649,  48.134]

		PolynomialSplineRegressor.N7Ck3._seg2_monotone=MONOTONIC    
		PolynomialSplineRegressor.N7Ck3._seg2_value_jack=Wengert{0} => [ 0.505,  0.495,  0.515,  0.228,  0.037, -1.607,  1.179]

		PolynomialSplineRegressor.N7Ck3.FinishTime=Fri Nov 02 23:28:21 EDT 2018
		PolynomialSplineRegressor.N7Ck3.ExecTime=715

		PolynomialSplineRegressor.N7Ck4.Success=true
		PolynomialSplineRegressor.N7Ck4._seg1_1_0=25.0
		PolynomialSplineRegressor.N7Ck4._seg1_3_0=20.250000000000455
		PolynomialSplineRegressor.N7Ck4._seg1_head_jack=Wengert{0} => [ 1.000,  0.000,  0.000,  0.000,  0.000,  0.000,  0.000]
Wengert{1} => [ 1.000,  0.000,  2.000,  0.000,  0.000,  0.000,  0.000]
Wengert{2} => [-1.000,  0.000,  2.000,  2.000,  0.000,  0.000,  0.000]
Wengert{3} => [ 0.002,  0.000, -2.000,  2.000,  1.333,  0.000,  0.000]
Wengert{4} => [-110.644,  0.000,  0.004, -2.000,  1.333,  0.667,  0.000]
Wengert{5} => [ 203.749,  4.344, -8.696, -8.055, -6.029, -1.254, -0.178]
Wengert{6} => [-94.108, -3.344,  6.691,  6.055,  3.363,  0.587,  0.178]

		PolynomialSplineRegressor.N7Ck4._seg1_jack=Wengert{0} => [ 1.000,  0.000,  0.000,  0.000,  0.000,  0.000,  0.000]
Wengert{1} => [ 1.000,  0.000,  2.000,  0.000,  0.000,  0.000,  0.000]
Wengert{2} => [-1.000,  0.000,  2.000,  2.000,  0.000,  0.000,  0.000]
Wengert{3} => [ 0.002,  0.000, -2.000,  2.000,  1.333,  0.000,  0.000]
Wengert{4} => [-110.644,  0.000,  0.004, -2.000,  1.333,  0.667,  0.000]
Wengert{5} => [ 203.749,  4.344, -8.696, -8.055, -6.029, -1.254, -0.178]
Wengert{6} => [-94.108, -3.344,  6.691,  6.055,  3.363,  0.587,  0.178]

		PolynomialSplineRegressor.N7Ck4._seg1_monotone=MONOTONIC    
		PolynomialSplineRegressor.N7Ck4._seg2_3_0=20.250000000000455
		PolynomialSplineRegressor.N7Ck4._seg2_6_0=13.999999999998408
		PolynomialSplineRegressor.N7Ck4._seg2_head_jack=Wengert{0} => [ 1.000,  0.000,  0.000,  0.000,  0.000,  0.000,  0.000]
Wengert{1} => [ 1.000,  0.000,  3.000,  0.000,  0.000,  0.000,  0.000]
Wengert{2} => [-1.000,  0.000,  3.000,  4.500,  0.000,  0.000,  0.000]
Wengert{3} => [ 0.002,  0.000, -3.000,  4.500,  4.500,  0.000,  0.000]
Wengert{4} => [-110.644,  0.000,  0.007, -4.500,  4.500,  3.375,  0.000]
Wengert{5} => [ 203.749,  4.344, -13.044, -18.123, -20.349, -6.348, -0.599]
Wengert{6} => [-94.108, -3.344,  10.037,  13.623,  11.349,  2.973,  0.599]

		PolynomialSplineRegressor.N7Ck4._seg2_jack=Wengert{0} => [ 1.000,  0.000,  0.000,  0.000,  0.000,  0.000,  0.000]
Wengert{1} => [ 1.000,  0.000,  3.000,  0.000,  0.000,  0.000,  0.000]
Wengert{2} => [-1.000,  0.000,  3.000,  4.500,  0.000,  0.000,  0.000]
Wengert{3} => [ 0.002,  0.000, -3.000,  4.500,  4.500,  0.000,  0.000]
Wengert{4} => [-110.644,  0.000,  0.007, -4.500,  4.500,  3.375,  0.000]
Wengert{5} => [ 203.749,  4.344, -13.044, -18.123, -20.349, -6.348, -0.599]
Wengert{6} => [-94.108, -3.344,  10.037,  13.623,  11.349,  2.973,  0.599]

		PolynomialSplineRegressor.N7Ck4._seg2_monotone=MONOTONIC    
		PolynomialSplineRegressor.N7Ck4._seg2_value_jack=Wengert{0} => [-1.688,  0.228,  1.317,  1.026,  0.441,  0.075, -0.022]

		PolynomialSplineRegressor.N7Ck4.FinishTime=Fri Nov 02 23:28:21 EDT 2018
		PolynomialSplineRegressor.N7Ck4.ExecTime=631

		PolynomialSplineRegressor.N7Ck5.Success=true
		PolynomialSplineRegressor.N7Ck5._seg1_1_0=25.0
		PolynomialSplineRegressor.N7Ck5._seg1_3_0=20.25000000745058
		PolynomialSplineRegressor.N7Ck5._seg1_head_jack=Wengert{0} => [ 1.000,  0.000,  0.000,  0.000,  0.000,  0.000,  0.000]
Wengert{1} => [ 1.000,  0.000,  2.000,  0.000,  0.000,  0.000,  0.000]
Wengert{2} => [-1.000,  0.000,  2.000,  2.000,  0.000,  0.000,  0.000]
Wengert{3} => [ 0.002,  0.000, -2.000,  2.000,  1.333,  0.000,  0.000]
Wengert{4} => [-110.644,  0.000,  0.004, -2.000,  1.333,  0.667,  0.000]
Wengert{5} => [ 2312735.336,  0.000, -221.288,  0.004, -1.333,  0.667,  0.267]
Wengert{6} => [-2312625.694,  1.000,  219.283, -2.004, -1.333, -1.333, -0.267]

		PolynomialSplineRegressor.N7Ck5._seg1_jack=Wengert{0} => [ 1.000,  0.000,  0.000,  0.000,  0.000,  0.000,  0.000]
Wengert{1} => [ 1.000,  0.000,  2.000,  0.000,  0.000,  0.000,  0.000]
Wengert{2} => [-1.000,  0.000,  2.000,  2.000,  0.000,  0.000,  0.000]
Wengert{3} => [ 0.002,  0.000, -2.000,  2.000,  1.333,  0.000,  0.000]
Wengert{4} => [-110.644,  0.000,  0.004, -2.000,  1.333,  0.667,  0.000]
Wengert{5} => [ 2312735.336,  0.000, -221.288,  0.004, -1.333,  0.667,  0.267]
Wengert{6} => [-2312625.694,  1.000,  219.283, -2.004, -1.333, -1.333, -0.267]

		PolynomialSplineRegressor.N7Ck5._seg1_monotone=MONOTONIC    
		PolynomialSplineRegressor.N7Ck5._seg2_3_0=20.25000000745058
		PolynomialSplineRegressor.N7Ck5._seg2_6_0=14.0
		PolynomialSplineRegressor.N7Ck5._seg2_head_jack=Wengert{0} => [ 1.000,  0.000,  0.000,  0.000,  0.000,  0.000,  0.000]
Wengert{1} => [ 1.000,  0.000,  3.000,  0.000,  0.000,  0.000,  0.000]
Wengert{2} => [-1.000,  0.000,  3.000,  4.500,  0.000,  0.000,  0.000]
Wengert{3} => [ 0.002,  0.000, -3.000,  4.500,  4.500,  0.000,  0.000]
Wengert{4} => [-110.644,  0.000,  0.007, -4.500,  4.500,  3.375,  0.000]
Wengert{5} => [ 2312735.336,  0.000, -331.931,  0.010, -4.500,  3.375,  2.025]
Wengert{6} => [-2312625.694,  1.000,  328.925, -4.510, -4.500, -6.750, -2.025]

		PolynomialSplineRegressor.N7Ck5._seg2_jack=Wengert{0} => [ 1.000,  0.000,  0.000,  0.000,  0.000,  0.000,  0.000]
Wengert{1} => [ 1.000,  0.000,  3.000,  0.000,  0.000,  0.000,  0.000]
Wengert{2} => [-1.000,  0.000,  3.000,  4.500,  0.000,  0.000,  0.000]
Wengert{3} => [ 0.002,  0.000, -3.000,  4.500,  4.500,  0.000,  0.000]
Wengert{4} => [-110.644,  0.000,  0.007, -4.500,  4.500,  3.375,  0.000]
Wengert{5} => [ 2312735.336,  0.000, -331.931,  0.010, -4.500,  3.375,  2.025]
Wengert{6} => [-2312625.694,  1.000,  328.925, -4.510, -4.500, -6.750, -2.025]

		PolynomialSplineRegressor.N7Ck5._seg2_monotone=MONOTONIC    
		PolynomialSplineRegressor.N7Ck5._seg2_value_jack=Wengert{0} => [ 83052.196,  0.072, -10.136,  1.677,  1.010,  0.424,  0.073]

		PolynomialSplineRegressor.N7Ck5.FinishTime=Fri Nov 02 23:28:21 EDT 2018
		PolynomialSplineRegressor.N7Ck5.ExecTime=495

		PolynomialSplineRegressor.ExpTension.Success=true
		PolynomialSplineRegressor.ExpTension._seg1_1_0=24.999999999999986
		PolynomialSplineRegressor.ExpTension._seg1_3_0=20.249999999999996
		PolynomialSplineRegressor.ExpTension._seg1_head_jack=Wengert{0} => [ 3.000,  0.000, -4.000, -4.000]
Wengert{1} => [ 6.216, -5.708,  25.814,  12.399]
Wengert{2} => [-3.608,  2.854, -9.907, -4.200]
Wengert{3} => [ 1.608, -2.854,  13.907,  8.200]

		PolynomialSplineRegressor.ExpTension._seg1_jack=Wengert{0} => [ 3.000,  0.000, -4.000, -4.000]
Wengert{1} => [ 6.216, -5.708,  25.814,  12.399]
Wengert{2} => [-3.608,  2.854, -9.907, -4.200]
Wengert{3} => [ 1.608, -2.854,  13.907,  8.200]

		PolynomialSplineRegressor.ExpTension._seg1_monotone=MONOTONIC    
		PolynomialSplineRegressor.ExpTension._seg2_3_0=20.249999999999975
		PolynomialSplineRegressor.ExpTension._seg2_6_0=13.99999999999996
		PolynomialSplineRegressor.ExpTension._seg2_head_jack=Wengert{0} => [ 3.000,  0.000, -6.000, -9.000]
Wengert{1} => [ 6.216, -5.708,  38.722,  27.898]
Wengert{2} => [-3.608,  2.854, -14.861, -9.449]
Wengert{3} => [ 1.608, -2.854,  20.861,  18.449]

		PolynomialSplineRegressor.ExpTension._seg2_jack=Wengert{0} => [ 3.000,  0.000, -6.000, -9.000]
Wengert{1} => [ 6.216, -5.708,  38.722,  27.898]
Wengert{2} => [-3.608,  2.854, -14.861, -9.449]
Wengert{3} => [ 1.608, -2.854,  20.861,  18.449]

		PolynomialSplineRegressor.ExpTension._seg2_monotone=MONOTONIC    
		PolynomialSplineRegressor.ExpTension._seg2_value_jack=Wengert{0} => [ 0.771,  0.236,  1.293,  0.545]

		PolynomialSplineRegressor.ExpTension.FinishTime=Fri Nov 02 23:28:21 EDT 2018
		PolynomialSplineRegressor.ExpTension.ExecTime=132

		PolynomialSplineRegressor.HyperTension.Success=true
		PolynomialSplineRegressor.HyperTension._seg1_1_0=24.999999999999993
		PolynomialSplineRegressor.HyperTension._seg1_3_0=20.249999999999996
		PolynomialSplineRegressor.HyperTension._seg1_head_jack=Wengert{0} => [ 3.000, -0.000, -4.000, -4.000]
Wengert{1} => [ 6.216, -5.708,  25.814,  12.399]
Wengert{2} => [-2.000,  0.000,  4.000,  4.000]
Wengert{3} => [-5.216,  5.708, -23.814, -12.399]

		PolynomialSplineRegressor.HyperTension._seg1_jack=Wengert{0} => [ 3.000, -0.000, -4.000, -4.000]
Wengert{1} => [ 6.216, -5.708,  25.814,  12.399]
Wengert{2} => [-2.000,  0.000,  4.000,  4.000]
Wengert{3} => [-5.216,  5.708, -23.814, -12.399]

		PolynomialSplineRegressor.HyperTension._seg1_monotone=MONOTONIC    
		PolynomialSplineRegressor.HyperTension._seg2_3_0=20.249999999999986
		PolynomialSplineRegressor.HyperTension._seg2_6_0=13.999999999999982
		PolynomialSplineRegressor.HyperTension._seg2_head_jack=Wengert{0} => [ 3.000, -0.000, -6.000, -9.000]
Wengert{1} => [ 6.216, -5.708,  38.722,  27.898]
Wengert{2} => [-2.000,  0.000,  6.000,  9.000]
Wengert{3} => [-5.216,  5.708, -35.722, -27.898]

		PolynomialSplineRegressor.HyperTension._seg2_jack=Wengert{0} => [ 3.000, -0.000, -6.000, -9.000]
Wengert{1} => [ 6.216, -5.708,  38.722,  27.898]
Wengert{2} => [-2.000,  0.000,  6.000,  9.000]
Wengert{3} => [-5.216,  5.708, -35.722, -27.898]

		PolynomialSplineRegressor.HyperTension._seg2_monotone=MONOTONIC    
		PolynomialSplineRegressor.HyperTension._seg2_value_jack=Wengert{0} => [ 0.771,  0.236,  1.293,  0.545]

		PolynomialSplineRegressor.HyperTension.FinishTime=Fri Nov 02 23:28:21 EDT 2018
		PolynomialSplineRegressor.HyperTension.ExecTime=142

		PolynomialSplineRegressor.KP.Success=true
		PolynomialSplineRegressor.KP._seg1_1_0=25.0
		PolynomialSplineRegressor.KP._seg1_3_0=20.25
		PolynomialSplineRegressor.KP._seg1_head_jack=Wengert{0} => [ 1.000,  0.000,  0.000,  0.000]
Wengert{1} => [ 0.000,  1.000,  0.000,  0.000]
Wengert{2} => [ 2.000, -1.000,  2.000,  0.000]
Wengert{3} => [ 3.000, -2.000,  6.000,  2.000]

		PolynomialSplineRegressor.KP._seg1_jack=Wengert{0} => [ 1.000,  0.000,  0.000,  0.000]
Wengert{1} => [ 0.000,  1.000,  0.000,  0.000]
Wengert{2} => [ 2.000, -1.000,  2.000,  0.000]
Wengert{3} => [ 3.000, -2.000,  6.000,  2.000]

		PolynomialSplineRegressor.KP._seg1_monotone=MONOTONIC    
		PolynomialSplineRegressor.KP._seg2_3_0=20.25
		PolynomialSplineRegressor.KP._seg2_6_0=14.0
		PolynomialSplineRegressor.KP._seg2_head_jack=Wengert{0} => [ 1.000,  0.000,  0.000,  0.000]
Wengert{1} => [ 0.000,  1.000,  0.000,  0.000]
Wengert{2} => [ 2.000, -1.000,  3.000,  0.000]
Wengert{3} => [ 3.000, -2.000,  9.000,  4.500]

		PolynomialSplineRegressor.KP._seg2_jack=Wengert{0} => [ 1.000,  0.000,  0.000,  0.000]
Wengert{1} => [ 0.000,  1.000,  0.000,  0.000]
Wengert{2} => [ 2.000, -1.000,  3.000,  0.000]
Wengert{3} => [ 3.000, -2.000,  9.000,  4.500]

		PolynomialSplineRegressor.KP._seg2_monotone=MONOTONIC    
		PolynomialSplineRegressor.KP._seg2_value_jack=Wengert{0} => [ 0.758,  0.242,  1.273,  0.545]

		PolynomialSplineRegressor.KP.FinishTime=Fri Nov 02 23:28:21 EDT 2018
		PolynomialSplineRegressor.KP.ExecTime=200

		PolynomialSplineRegressor.Bern_N4Ck2.Success=true
		PolynomialSplineRegressor.Bern_N4Ck2._seg1_1_0=25.0
		PolynomialSplineRegressor.Bern_N4Ck2._seg1_3_0=20.25
		PolynomialSplineRegressor.Bern_N4Ck2._seg1_head_jack=Wengert{0} => [ 6.000,  0.000,  0.000,  0.000]
Wengert{1} => [ 8.000,  0.000,  4.000,  0.000]
Wengert{2} => [ 8.000,  0.000,  12.000,  4.000]
Wengert{3} => [ 0.000,  6.000,  0.000,  0.000]

		PolynomialSplineRegressor.Bern_N4Ck2._seg1_jack=Wengert{0} => [ 6.000,  0.000,  0.000,  0.000]
Wengert{1} => [ 8.000,  0.000,  4.000,  0.000]
Wengert{2} => [ 8.000,  0.000,  12.000,  4.000]
Wengert{3} => [ 0.000,  6.000,  0.000,  0.000]

		PolynomialSplineRegressor.Bern_N4Ck2._seg1_monotone=MONOTONIC    
		PolynomialSplineRegressor.Bern_N4Ck2._seg2_3_0=20.25
		PolynomialSplineRegressor.Bern_N4Ck2._seg2_6_0=14.0
		PolynomialSplineRegressor.Bern_N4Ck2._seg2_head_jack=Wengert{0} => [ 6.000,  0.000,  0.000,  0.000]
Wengert{1} => [ 8.000,  0.000,  6.000,  0.000]
Wengert{2} => [ 8.000,  0.000,  18.000,  9.000]
Wengert{3} => [ 0.000,  6.000,  0.000,  0.000]

		PolynomialSplineRegressor.Bern_N4Ck2._seg2_jack=Wengert{0} => [ 6.000,  0.000,  0.000,  0.000]
Wengert{1} => [ 8.000,  0.000,  6.000,  0.000]
Wengert{2} => [ 8.000,  0.000,  18.000,  9.000]
Wengert{3} => [ 0.000,  6.000,  0.000,  0.000]

		PolynomialSplineRegressor.Bern_N4Ck2._seg2_monotone=MONOTONIC    
		PolynomialSplineRegressor.Bern_N4Ck2._seg2_value_jack=Wengert{0} => [ 0.758,  0.242,  1.273,  0.545]

		PolynomialSplineRegressor.Bern_N4Ck2.FinishTime=Fri Nov 02 23:28:21 EDT 2018
		PolynomialSplineRegressor.Bern_N4Ck2.ExecTime=307

		PolynomialSplineRegressor.Hermite_N4Ck1.Success=true
		PolynomialSplineRegressor.Hermite_N4Ck1._seg1_0_0=1.0
		PolynomialSplineRegressor.Hermite_N4Ck1._seg1_1_0=4.0
		PolynomialSplineRegressor.Hermite_N4Ck1._seg1_head_jack=Wengert{0} => [ 1.000,  0.000,  0.000,  0.000]
Wengert{1} => [ 1.000,  0.000,  1.000,  0.000]
Wengert{2} => [-5.000,  4.000, -2.000, -1.000]
Wengert{3} => [ 3.000, -3.000,  1.000,  1.000]

		PolynomialSplineRegressor.Hermite_N4Ck1._seg1_jack=Wengert{0} => [ 1.000,  0.000,  0.000,  0.000]
Wengert{1} => [ 1.000,  0.000,  1.000,  0.000]
Wengert{2} => [-5.000,  4.000, -2.000, -1.000]
Wengert{3} => [ 3.000, -3.000,  1.000,  1.000]

		PolynomialSplineRegressor.Hermite_N4Ck1._seg1_monotone=MONOTONIC    
		PolynomialSplineRegressor.Hermite_N4Ck1._seg2_1_0=4.0
		PolynomialSplineRegressor.Hermite_N4Ck1._seg2_2_0=14.0
		PolynomialSplineRegressor.Hermite_N4Ck1._seg2_head_jack=Wengert{0} => [ 1.000,  0.000,  0.000,  0.000]
Wengert{1} => [ 1.000,  0.000,  1.000,  0.000]
Wengert{2} => [-5.000,  4.000, -2.000, -1.000]
Wengert{3} => [ 3.000, -3.000,  1.000,  1.000]

		PolynomialSplineRegressor.Hermite_N4Ck1._seg2_jack=Wengert{0} => [ 1.000,  0.000,  0.000,  0.000]
Wengert{1} => [ 1.000,  0.000,  1.000,  0.000]
Wengert{2} => [-5.000,  4.000, -2.000, -1.000]
Wengert{3} => [ 3.000, -3.000,  1.000,  1.000]

		PolynomialSplineRegressor.Hermite_N4Ck1._seg2_monotone=MONOTONIC    
		PolynomialSplineRegressor.Hermite_N4Ck1._seg2_value_jack=Wengert{0} => [ 0.500,  0.500,  0.100, -0.100]

		PolynomialSplineRegressor.Hermite_N4Ck1.FinishTime=Fri Nov 02 23:28:21 EDT 2018
		PolynomialSplineRegressor.Hermite_N4Ck1.ExecTime=111

		PolynomialSplineRegressor.Hermite_Bessel_CatmullRom_Cardinal_N4Ck1.Success=true
		PolynomialSplineRegressor.Hermite_Bessel_CatmullRom_Cardinal_N4Ck1.hermite_bessel_catmullrom_cardinal_n4ck1_local_c1_bessel_hermite_0.0= 1.00 | MINIMA       
		PolynomialSplineRegressor.Hermite_Bessel_CatmullRom_Cardinal_N4Ck1.hermite_bessel_catmullrom_cardinal_n4ck1_local_c1_bessel_hermite_0.0_jack=Wengert{0} => [ 1.000,  0.000,  0.000,  0.000,  0.000]

		PolynomialSplineRegressor.Hermite_Bessel_CatmullRom_Cardinal_N4Ck1.hermite_bessel_catmullrom_cardinal_n4ck1_local_c1_bessel_hermite_0.5= 2.20 | MINIMA       
		PolynomialSplineRegressor.Hermite_Bessel_CatmullRom_Cardinal_N4Ck1.hermite_bessel_catmullrom_cardinal_n4ck1_local_c1_bessel_hermite_0.5_jack=Wengert{0} => [ 0.500,  0.500,  0.000,  0.000,  0.000]

		PolynomialSplineRegressor.Hermite_Bessel_CatmullRom_Cardinal_N4Ck1.hermite_bessel_catmullrom_cardinal_n4ck1_local_c1_bessel_hermite_1.0= 4.00 | MINIMA       
		PolynomialSplineRegressor.Hermite_Bessel_CatmullRom_Cardinal_N4Ck1.hermite_bessel_catmullrom_cardinal_n4ck1_local_c1_bessel_hermite_1.0_jack=Wengert{0} => [ 0.000,  1.000,  0.000,  0.000,  0.000]

		PolynomialSplineRegressor.Hermite_Bessel_CatmullRom_Cardinal_N4Ck1.hermite_bessel_catmullrom_cardinal_n4ck1_local_c1_bessel_hermite_1.5= 8.70 | MONOTONIC    
		PolynomialSplineRegressor.Hermite_Bessel_CatmullRom_Cardinal_N4Ck1.hermite_bessel_catmullrom_cardinal_n4ck1_local_c1_bessel_hermite_1.5_jack=Wengert{0} => [ 0.000,  0.500,  0.500,  0.000,  0.000]

		PolynomialSplineRegressor.Hermite_Bessel_CatmullRom_Cardinal_N4Ck1.hermite_bessel_catmullrom_cardinal_n4ck1_local_c1_bessel_hermite_2.0= 15.00 | MONOTONIC    
		PolynomialSplineRegressor.Hermite_Bessel_CatmullRom_Cardinal_N4Ck1.hermite_bessel_catmullrom_cardinal_n4ck1_local_c1_bessel_hermite_2.0_jack=Wengert{0} => [ 0.000,  0.000,  1.000,  0.000,  0.000]

		PolynomialSplineRegressor.Hermite_Bessel_CatmullRom_Cardinal_N4Ck1.hermite_bessel_catmullrom_cardinal_n4ck1_local_c1_bessel_hermite_2.5= 26.10 | MONOTONIC    
		PolynomialSplineRegressor.Hermite_Bessel_CatmullRom_Cardinal_N4Ck1.hermite_bessel_catmullrom_cardinal_n4ck1_local_c1_bessel_hermite_2.5_jack=Wengert{0} => [ 0.000,  0.000,  0.500,  0.500,  0.000]

		PolynomialSplineRegressor.Hermite_Bessel_CatmullRom_Cardinal_N4Ck1.hermite_bessel_catmullrom_cardinal_n4ck1_local_c1_bessel_hermite_3.0= 40.00 | MONOTONIC    
		PolynomialSplineRegressor.Hermite_Bessel_CatmullRom_Cardinal_N4Ck1.hermite_bessel_catmullrom_cardinal_n4ck1_local_c1_bessel_hermite_3.0_jack=Wengert{0} => [ 0.000,  0.000,  0.000,  1.000,  0.000]

		PolynomialSplineRegressor.Hermite_Bessel_CatmullRom_Cardinal_N4Ck1.hermite_bessel_catmullrom_cardinal_n4ck1_local_c1_bessel_hermite_3.5= 70.50 | MONOTONIC    
		PolynomialSplineRegressor.Hermite_Bessel_CatmullRom_Cardinal_N4Ck1.hermite_bessel_catmullrom_cardinal_n4ck1_local_c1_bessel_hermite_3.5_jack=Wengert{0} => [ 0.000,  0.000,  0.000,  0.500,  0.500]

		PolynomialSplineRegressor.Hermite_Bessel_CatmullRom_Cardinal_N4Ck1.hermite_bessel_catmullrom_cardinal_n4ck1_local_c1_bessel_hermite_4.0= 85.00 | MONOTONIC    
		PolynomialSplineRegressor.Hermite_Bessel_CatmullRom_Cardinal_N4Ck1.hermite_bessel_catmullrom_cardinal_n4ck1_local_c1_bessel_hermite_4.0_jack=Wengert{0} => [ 0.000,  0.000,  0.000,  0.000,  1.000]

		PolynomialSplineRegressor.Hermite_Bessel_CatmullRom_Cardinal_N4Ck1.hermite_bessel_catmullrom_cardinal_n4ck1_local_cardinal_knot_0.0= 0.00 | MONOTONIC    
		PolynomialSplineRegressor.Hermite_Bessel_CatmullRom_Cardinal_N4Ck1.hermite_bessel_catmullrom_cardinal_n4ck1_local_cardinal_knot_0.0_jack=Wengert{0} => [ 1.000,  0.000,  0.000,  0.000,  0.000,  0.000]

		PolynomialSplineRegressor.Hermite_Bessel_CatmullRom_Cardinal_N4Ck1.hermite_bessel_catmullrom_cardinal_n4ck1_local_cardinal_knot_0.5= 0.00 | MONOTONIC    
		PolynomialSplineRegressor.Hermite_Bessel_CatmullRom_Cardinal_N4Ck1.hermite_bessel_catmullrom_cardinal_n4ck1_local_cardinal_knot_0.5_jack=Wengert{0} => [ 0.500,  0.500,  0.000,  0.000,  0.000,  0.000]

		PolynomialSplineRegressor.Hermite_Bessel_CatmullRom_Cardinal_N4Ck1.hermite_bessel_catmullrom_cardinal_n4ck1_local_cardinal_knot_1.0= 0.00 | MONOTONIC    
		PolynomialSplineRegressor.Hermite_Bessel_CatmullRom_Cardinal_N4Ck1.hermite_bessel_catmullrom_cardinal_n4ck1_local_cardinal_knot_1.0_jack=Wengert{0} => [ 0.000,  1.000,  0.000,  0.000,  0.000,  0.000]

		PolynomialSplineRegressor.Hermite_Bessel_CatmullRom_Cardinal_N4Ck1.hermite_bessel_catmullrom_cardinal_n4ck1_local_cardinal_knot_1.5= 0.00 | MONOTONIC    
		PolynomialSplineRegressor.Hermite_Bessel_CatmullRom_Cardinal_N4Ck1.hermite_bessel_catmullrom_cardinal_n4ck1_local_cardinal_knot_1.5_jack=Wengert{0} => [ 0.000,  0.500,  0.500,  0.000,  0.000,  0.000]

		PolynomialSplineRegressor.Hermite_Bessel_CatmullRom_Cardinal_N4Ck1.hermite_bessel_catmullrom_cardinal_n4ck1_local_cardinal_knot_2.0= 0.00 | MONOTONIC    
		PolynomialSplineRegressor.Hermite_Bessel_CatmullRom_Cardinal_N4Ck1.hermite_bessel_catmullrom_cardinal_n4ck1_local_cardinal_knot_2.0_jack=Wengert{0} => [ 0.000,  0.000,  1.000,  0.000,  0.000,  0.000]

		PolynomialSplineRegressor.Hermite_Bessel_CatmullRom_Cardinal_N4Ck1.hermite_bessel_catmullrom_cardinal_n4ck1_local_cardinal_knot_2.5= 0.00 | MONOTONIC    
		PolynomialSplineRegressor.Hermite_Bessel_CatmullRom_Cardinal_N4Ck1.hermite_bessel_catmullrom_cardinal_n4ck1_local_cardinal_knot_2.5_jack=Wengert{0} => [ 0.000,  0.000,  0.000,  1.000,  0.000,  0.000]

		PolynomialSplineRegressor.Hermite_Bessel_CatmullRom_Cardinal_N4Ck1.hermite_bessel_catmullrom_cardinal_n4ck1_local_cardinal_knot_3.0= 0.00 | MONOTONIC    
		PolynomialSplineRegressor.Hermite_Bessel_CatmullRom_Cardinal_N4Ck1.hermite_bessel_catmullrom_cardinal_n4ck1_local_cardinal_knot_3.0_jack=Wengert{0} => [ 0.000,  0.000,  0.000,  0.000,  1.000,  0.000]

		PolynomialSplineRegressor.Hermite_Bessel_CatmullRom_Cardinal_N4Ck1.hermite_bessel_catmullrom_cardinal_n4ck1_local_cardinal_knot_3.5= 0.00 | MONOTONIC    
		PolynomialSplineRegressor.Hermite_Bessel_CatmullRom_Cardinal_N4Ck1.hermite_bessel_catmullrom_cardinal_n4ck1_local_cardinal_knot_3.5_jack=Wengert{0} => [ 0.000,  0.000,  0.000,  0.000,  0.500,  0.500]

		PolynomialSplineRegressor.Hermite_Bessel_CatmullRom_Cardinal_N4Ck1.hermite_bessel_catmullrom_cardinal_n4ck1_local_cardinal_knot_4.0= 0.00 | MONOTONIC    
		PolynomialSplineRegressor.Hermite_Bessel_CatmullRom_Cardinal_N4Ck1.hermite_bessel_catmullrom_cardinal_n4ck1_local_cardinal_knot_4.0_jack=Wengert{0} => [ 0.000,  0.000,  0.000,  0.000,  0.000,  1.000]

		PolynomialSplineRegressor.Hermite_Bessel_CatmullRom_Cardinal_N4Ck1.hermite_bessel_catmullrom_cardinal_n4ck1_local_catmull_rom_knot_0.0= 0.00 | MONOTONIC    
		PolynomialSplineRegressor.Hermite_Bessel_CatmullRom_Cardinal_N4Ck1.hermite_bessel_catmullrom_cardinal_n4ck1_local_catmull_rom_knot_0.0_jack=Wengert{0} => [ 1.000,  0.000,  0.000,  0.000,  0.000,  0.000]

		PolynomialSplineRegressor.Hermite_Bessel_CatmullRom_Cardinal_N4Ck1.hermite_bessel_catmullrom_cardinal_n4ck1_local_catmull_rom_knot_0.5= 0.00 | MONOTONIC    
		PolynomialSplineRegressor.Hermite_Bessel_CatmullRom_Cardinal_N4Ck1.hermite_bessel_catmullrom_cardinal_n4ck1_local_catmull_rom_knot_0.5_jack=Wengert{0} => [ 0.500,  0.500,  0.000,  0.000,  0.000,  0.000]

		PolynomialSplineRegressor.Hermite_Bessel_CatmullRom_Cardinal_N4Ck1.hermite_bessel_catmullrom_cardinal_n4ck1_local_catmull_rom_knot_1.0= 0.00 | MONOTONIC    
		PolynomialSplineRegressor.Hermite_Bessel_CatmullRom_Cardinal_N4Ck1.hermite_bessel_catmullrom_cardinal_n4ck1_local_catmull_rom_knot_1.0_jack=Wengert{0} => [ 0.000,  1.000,  0.000,  0.000,  0.000,  0.000]

		PolynomialSplineRegressor.Hermite_Bessel_CatmullRom_Cardinal_N4Ck1.hermite_bessel_catmullrom_cardinal_n4ck1_local_catmull_rom_knot_1.5= 0.00 | MONOTONIC    
		PolynomialSplineRegressor.Hermite_Bessel_CatmullRom_Cardinal_N4Ck1.hermite_bessel_catmullrom_cardinal_n4ck1_local_catmull_rom_knot_1.5_jack=Wengert{0} => [ 0.000,  0.500,  0.500,  0.000,  0.000,  0.000]

		PolynomialSplineRegressor.Hermite_Bessel_CatmullRom_Cardinal_N4Ck1.hermite_bessel_catmullrom_cardinal_n4ck1_local_catmull_rom_knot_2.0= 0.00 | MONOTONIC    
		PolynomialSplineRegressor.Hermite_Bessel_CatmullRom_Cardinal_N4Ck1.hermite_bessel_catmullrom_cardinal_n4ck1_local_catmull_rom_knot_2.0_jack=Wengert{0} => [ 0.000,  0.000,  1.000,  0.000,  0.000,  0.000]

		PolynomialSplineRegressor.Hermite_Bessel_CatmullRom_Cardinal_N4Ck1.hermite_bessel_catmullrom_cardinal_n4ck1_local_catmull_rom_knot_2.5= 0.00 | MONOTONIC    
		PolynomialSplineRegressor.Hermite_Bessel_CatmullRom_Cardinal_N4Ck1.hermite_bessel_catmullrom_cardinal_n4ck1_local_catmull_rom_knot_2.5_jack=Wengert{0} => [ 0.000,  0.000,  0.000,  1.000,  0.000,  0.000]

		PolynomialSplineRegressor.Hermite_Bessel_CatmullRom_Cardinal_N4Ck1.hermite_bessel_catmullrom_cardinal_n4ck1_local_catmull_rom_knot_3.0= 0.00 | MONOTONIC    
		PolynomialSplineRegressor.Hermite_Bessel_CatmullRom_Cardinal_N4Ck1.hermite_bessel_catmullrom_cardinal_n4ck1_local_catmull_rom_knot_3.0_jack=Wengert{0} => [ 0.000,  0.000,  0.000,  0.000,  1.000,  0.000]

		PolynomialSplineRegressor.Hermite_Bessel_CatmullRom_Cardinal_N4Ck1.hermite_bessel_catmullrom_cardinal_n4ck1_local_catmull_rom_knot_3.5= 0.00 | MONOTONIC    
		PolynomialSplineRegressor.Hermite_Bessel_CatmullRom_Cardinal_N4Ck1.hermite_bessel_catmullrom_cardinal_n4ck1_local_catmull_rom_knot_3.5_jack=Wengert{0} => [ 0.000,  0.000,  0.000,  0.000,  0.500,  0.500]

		PolynomialSplineRegressor.Hermite_Bessel_CatmullRom_Cardinal_N4Ck1.hermite_bessel_catmullrom_cardinal_n4ck1_local_catmull_rom_knot_4.0= 0.00 | MONOTONIC    
		PolynomialSplineRegressor.Hermite_Bessel_CatmullRom_Cardinal_N4Ck1.hermite_bessel_catmullrom_cardinal_n4ck1_local_catmull_rom_knot_4.0_jack=Wengert{0} => [ 0.000,  0.000,  0.000,  0.000,  0.000,  1.000]

		PolynomialSplineRegressor.Hermite_Bessel_CatmullRom_Cardinal_N4Ck1.hermite_bessel_catmullrom_cardinal_n4ck1_local_hermite_knot_0.0= 0.00 | MONOTONIC    
		PolynomialSplineRegressor.Hermite_Bessel_CatmullRom_Cardinal_N4Ck1.hermite_bessel_catmullrom_cardinal_n4ck1_local_hermite_knot_0.0_jack=Wengert{0} => [ 1.000,  0.000,  0.000,  0.000,  0.000,  0.000]

		PolynomialSplineRegressor.Hermite_Bessel_CatmullRom_Cardinal_N4Ck1.hermite_bessel_catmullrom_cardinal_n4ck1_local_hermite_knot_0.5= 0.00 | MONOTONIC    
		PolynomialSplineRegressor.Hermite_Bessel_CatmullRom_Cardinal_N4Ck1.hermite_bessel_catmullrom_cardinal_n4ck1_local_hermite_knot_0.5_jack=Wengert{0} => [ 0.500,  0.500,  0.000,  0.000,  0.000,  0.000]

		PolynomialSplineRegressor.Hermite_Bessel_CatmullRom_Cardinal_N4Ck1.hermite_bessel_catmullrom_cardinal_n4ck1_local_hermite_knot_1.0= 0.00 | MONOTONIC    
		PolynomialSplineRegressor.Hermite_Bessel_CatmullRom_Cardinal_N4Ck1.hermite_bessel_catmullrom_cardinal_n4ck1_local_hermite_knot_1.0_jack=Wengert{0} => [ 0.000,  1.000,  0.000,  0.000,  0.000,  0.000]

		PolynomialSplineRegressor.Hermite_Bessel_CatmullRom_Cardinal_N4Ck1.hermite_bessel_catmullrom_cardinal_n4ck1_local_hermite_knot_1.5= 0.00 | MONOTONIC    
		PolynomialSplineRegressor.Hermite_Bessel_CatmullRom_Cardinal_N4Ck1.hermite_bessel_catmullrom_cardinal_n4ck1_local_hermite_knot_1.5_jack=Wengert{0} => [ 0.000,  0.500,  0.500,  0.000,  0.000,  0.000]

		PolynomialSplineRegressor.Hermite_Bessel_CatmullRom_Cardinal_N4Ck1.hermite_bessel_catmullrom_cardinal_n4ck1_local_hermite_knot_2.0= 0.00 | MONOTONIC    
		PolynomialSplineRegressor.Hermite_Bessel_CatmullRom_Cardinal_N4Ck1.hermite_bessel_catmullrom_cardinal_n4ck1_local_hermite_knot_2.0_jack=Wengert{0} => [ 0.000,  0.000,  1.000,  0.000,  0.000,  0.000]

		PolynomialSplineRegressor.Hermite_Bessel_CatmullRom_Cardinal_N4Ck1.hermite_bessel_catmullrom_cardinal_n4ck1_local_hermite_knot_2.5= 27.50 | MONOTONIC    
		PolynomialSplineRegressor.Hermite_Bessel_CatmullRom_Cardinal_N4Ck1.hermite_bessel_catmullrom_cardinal_n4ck1_local_hermite_knot_2.5_jack=Wengert{0} => [ 0.000,  0.000,  0.000,  1.000,  0.000,  0.000]

		PolynomialSplineRegressor.Hermite_Bessel_CatmullRom_Cardinal_N4Ck1.hermite_bessel_catmullrom_cardinal_n4ck1_local_hermite_knot_3.0= 0.00 | MONOTONIC    
		PolynomialSplineRegressor.Hermite_Bessel_CatmullRom_Cardinal_N4Ck1.hermite_bessel_catmullrom_cardinal_n4ck1_local_hermite_knot_3.0_jack=Wengert{0} => [ 0.000,  0.000,  0.000,  0.000,  1.000,  0.000]

		PolynomialSplineRegressor.Hermite_Bessel_CatmullRom_Cardinal_N4Ck1.hermite_bessel_catmullrom_cardinal_n4ck1_local_hermite_knot_3.5= 0.00 | MONOTONIC    
		PolynomialSplineRegressor.Hermite_Bessel_CatmullRom_Cardinal_N4Ck1.hermite_bessel_catmullrom_cardinal_n4ck1_local_hermite_knot_3.5_jack=Wengert{0} => [ 0.000,  0.000,  0.000,  0.000,  0.500,  0.500]

		PolynomialSplineRegressor.Hermite_Bessel_CatmullRom_Cardinal_N4Ck1.hermite_bessel_catmullrom_cardinal_n4ck1_local_hermite_knot_4.0= 0.00 | MONOTONIC    
		PolynomialSplineRegressor.Hermite_Bessel_CatmullRom_Cardinal_N4Ck1.hermite_bessel_catmullrom_cardinal_n4ck1_local_hermite_knot_4.0_jack=Wengert{0} => [ 0.000,  0.000,  0.000,  0.000,  0.000,  1.000]

		PolynomialSplineRegressor.Hermite_Bessel_CatmullRom_Cardinal_N4Ck1.hermite_bessel_catmullrom_cardinal_n4ck1_local_no_knot_0.0= 0.00 | MONOTONIC    
		PolynomialSplineRegressor.Hermite_Bessel_CatmullRom_Cardinal_N4Ck1.hermite_bessel_catmullrom_cardinal_n4ck1_local_no_knot_0.0_jack=Wengert{0} => [ 0.000,  0.000,  0.000,  0.000,  0.000]

		PolynomialSplineRegressor.Hermite_Bessel_CatmullRom_Cardinal_N4Ck1.hermite_bessel_catmullrom_cardinal_n4ck1_local_no_knot_0.5= 0.00 | MONOTONIC    
		PolynomialSplineRegressor.Hermite_Bessel_CatmullRom_Cardinal_N4Ck1.hermite_bessel_catmullrom_cardinal_n4ck1_local_no_knot_0.5_jack=Wengert{0} => [ 0.000,  0.000,  0.000,  0.000,  0.000]

		PolynomialSplineRegressor.Hermite_Bessel_CatmullRom_Cardinal_N4Ck1.hermite_bessel_catmullrom_cardinal_n4ck1_local_no_knot_1.0= 0.00 | MONOTONIC    
		PolynomialSplineRegressor.Hermite_Bessel_CatmullRom_Cardinal_N4Ck1.hermite_bessel_catmullrom_cardinal_n4ck1_local_no_knot_1.0_jack=Wengert{0} => [ 0.000,  0.000,  0.000,  0.000,  0.000]

		PolynomialSplineRegressor.Hermite_Bessel_CatmullRom_Cardinal_N4Ck1.hermite_bessel_catmullrom_cardinal_n4ck1_local_no_knot_1.5= 0.00 | MONOTONIC    
		PolynomialSplineRegressor.Hermite_Bessel_CatmullRom_Cardinal_N4Ck1.hermite_bessel_catmullrom_cardinal_n4ck1_local_no_knot_1.5_jack=Wengert{0} => [ 0.000,  0.000,  0.000,  0.000,  0.000]

		PolynomialSplineRegressor.Hermite_Bessel_CatmullRom_Cardinal_N4Ck1.hermite_bessel_catmullrom_cardinal_n4ck1_local_no_knot_2.0= 0.00 | MONOTONIC    
		PolynomialSplineRegressor.Hermite_Bessel_CatmullRom_Cardinal_N4Ck1.hermite_bessel_catmullrom_cardinal_n4ck1_local_no_knot_2.0_jack=Wengert{0} => [ 0.000,  0.000,  0.000,  0.000,  0.000]

		PolynomialSplineRegressor.Hermite_Bessel_CatmullRom_Cardinal_N4Ck1.hermite_bessel_catmullrom_cardinal_n4ck1_local_no_knot_2.5= 0.00 | MONOTONIC    
		PolynomialSplineRegressor.Hermite_Bessel_CatmullRom_Cardinal_N4Ck1.hermite_bessel_catmullrom_cardinal_n4ck1_local_no_knot_2.5_jack=Wengert{0} => [ 0.000,  0.000,  0.000,  0.000,  0.000]

		PolynomialSplineRegressor.Hermite_Bessel_CatmullRom_Cardinal_N4Ck1.hermite_bessel_catmullrom_cardinal_n4ck1_local_no_knot_3.0= 0.00 | MONOTONIC    
		PolynomialSplineRegressor.Hermite_Bessel_CatmullRom_Cardinal_N4Ck1.hermite_bessel_catmullrom_cardinal_n4ck1_local_no_knot_3.0_jack=Wengert{0} => [ 0.000,  0.000,  0.000,  0.000,  0.000]

		PolynomialSplineRegressor.Hermite_Bessel_CatmullRom_Cardinal_N4Ck1.hermite_bessel_catmullrom_cardinal_n4ck1_local_no_knot_3.5= 0.00 | MONOTONIC    
		PolynomialSplineRegressor.Hermite_Bessel_CatmullRom_Cardinal_N4Ck1.hermite_bessel_catmullrom_cardinal_n4ck1_local_no_knot_3.5_jack=Wengert{0} => [ 0.000,  0.000,  0.000,  0.000,  0.000]

		PolynomialSplineRegressor.Hermite_Bessel_CatmullRom_Cardinal_N4Ck1.hermite_bessel_catmullrom_cardinal_n4ck1_local_no_knot_4.0= 0.00 | MONOTONIC    
		PolynomialSplineRegressor.Hermite_Bessel_CatmullRom_Cardinal_N4Ck1.hermite_bessel_catmullrom_cardinal_n4ck1_local_no_knot_4.0_jack=Wengert{0} => [ 0.000,  0.000,  0.000,  0.000,  0.000]

		PolynomialSplineRegressor.Hermite_Bessel_CatmullRom_Cardinal_N4Ck1.FinishTime=Fri Nov 02 23:28:21 EDT 2018
		PolynomialSplineRegressor.Hermite_Bessel_CatmullRom_Cardinal_N4Ck1.ExecTime=293

		PolynomialSplineRegressor.Lagrange_Polynomial_Stretch.Success=true
		PolynomialSplineRegressor.Lagrange_Polynomial_Stretch.lpsr_locallymonotone=true
		PolynomialSplineRegressor.Lagrange_Polynomial_Stretch.lpsr_sm=MONOTONIC    
		PolynomialSplineRegressor.Lagrange_Polynomial_Stretch.lpsr_value=2.16
		PolynomialSplineRegressor.Lagrange_Polynomial_Stretch.lpsr_wj=Wengert{0} => [-0.041,  0.896,  0.171, -0.026]

		PolynomialSplineRegressor.Lagrange_Polynomial_Stretch.FinishTime=Fri Nov 02 23:28:21 EDT 2018
		PolynomialSplineRegressor.Lagrange_Polynomial_Stretch.ExecTime=75
	PolynomialSplineRegressor=> 9173 (mu-s): 28 / 28 succeeded.
	PolynomialSplineRegressor ends at Fri Nov 02 23:28:21 EDT 2018

	PolynomialSplineRegressor starts at Fri Nov 02 23:28:21 EDT 2018

		PolynomialSplineRegressor.N2Ck0.Success=true
		PolynomialSplineRegressor.N2Ck0._seg1_1_0=25.0
		PolynomialSplineRegressor.N2Ck0._seg1_3_0=20.25
		PolynomialSplineRegressor.N2Ck0._seg1_head_jack=Wengert{0} => [ 1.000,  0.000]
Wengert{1} => [-1.000,  1.000]

		PolynomialSplineRegressor.N2Ck0._seg1_jack=Wengert{0} => [ 1.000,  0.000]
Wengert{1} => [-1.000,  1.000]

		PolynomialSplineRegressor.N2Ck0._seg1_monotone=MONOTONIC    
		PolynomialSplineRegressor.N2Ck0._seg2_3_0=20.25
		PolynomialSplineRegressor.N2Ck0._seg2_6_0=14.0
		PolynomialSplineRegressor.N2Ck0._seg2_head_jack=Wengert{0} => [ 1.000,  0.000]
Wengert{1} => [-1.000,  1.000]

		PolynomialSplineRegressor.N2Ck0._seg2_jack=Wengert{0} => [ 1.000,  0.000]
Wengert{1} => [-1.000,  1.000]

		PolynomialSplineRegressor.N2Ck0._seg2_monotone=MONOTONIC    
		PolynomialSplineRegressor.N2Ck0._seg2_value_jack=Wengert{0} => [ 0.273,  0.545]

		PolynomialSplineRegressor.N2Ck0.FinishTime=Fri Nov 02 23:28:21 EDT 2018
		PolynomialSplineRegressor.N2Ck0.ExecTime=32

		PolynomialSplineRegressor.N3Ck0.Success=true
		PolynomialSplineRegressor.N3Ck0._seg1_1_0=25.0
		PolynomialSplineRegressor.N3Ck0._seg1_3_0=20.249999999999993
		PolynomialSplineRegressor.N3Ck0._seg1_head_jack=Wengert{0} => [ 1.000,  0.000,  0.000]
Wengert{1} => [-0.973,  1.973, -1.110]
Wengert{2} => [-0.027, -0.973,  1.110]

		PolynomialSplineRegressor.N3Ck0._seg1_jack=Wengert{0} => [ 1.000,  0.000,  0.000]
Wengert{1} => [-0.973,  1.973, -1.110]
Wengert{2} => [-0.027, -0.973,  1.110]

		PolynomialSplineRegressor.N3Ck0._seg1_monotone=MONOTONIC    
		PolynomialSplineRegressor.N3Ck0._seg2_3_0=20.249999999999993
		PolynomialSplineRegressor.N3Ck0._seg2_6_0=14.0
		PolynomialSplineRegressor.N3Ck0._seg2_head_jack=Wengert{0} => [ 1.000,  0.000,  0.000]
Wengert{1} => [-0.973,  1.973, -3.747]
Wengert{2} => [-0.027, -0.973,  3.747]

		PolynomialSplineRegressor.N3Ck0._seg2_jack=Wengert{0} => [ 1.000,  0.000,  0.000]
Wengert{1} => [-0.973,  1.973, -3.747]
Wengert{2} => [-0.027, -0.973,  3.747]

		PolynomialSplineRegressor.N3Ck0._seg2_monotone=MONOTONIC    
		PolynomialSplineRegressor.N3Ck0._seg2_value_jack=Wengert{0} => [ 0.278,  0.722, -0.681]

		PolynomialSplineRegressor.N3Ck0.FinishTime=Fri Nov 02 23:28:21 EDT 2018
		PolynomialSplineRegressor.N3Ck0.ExecTime=91

		PolynomialSplineRegressor.N3Ck1.Success=true
		PolynomialSplineRegressor.N3Ck1._seg1_1_0=25.0
		PolynomialSplineRegressor.N3Ck1._seg1_3_0=20.25
		PolynomialSplineRegressor.N3Ck1._seg1_head_jack=Wengert{0} => [ 1.000,  0.000,  0.000]
Wengert{1} => [ 1.000,  0.000,  2.000]
Wengert{2} => [-2.000,  1.000, -2.000]

		PolynomialSplineRegressor.N3Ck1._seg1_jack=Wengert{0} => [ 1.000,  0.000,  0.000]
Wengert{1} => [ 1.000,  0.000,  2.000]
Wengert{2} => [-2.000,  1.000, -2.000]

		PolynomialSplineRegressor.N3Ck1._seg1_monotone=MONOTONIC    
		PolynomialSplineRegressor.N3Ck1._seg2_3_0=20.25
		PolynomialSplineRegressor.N3Ck1._seg2_6_0=14.0
		PolynomialSplineRegressor.N3Ck1._seg2_head_jack=Wengert{0} => [ 1.000,  0.000,  0.000]
Wengert{1} => [ 1.000,  0.000,  3.000]
Wengert{2} => [-2.000,  1.000, -3.000]

		PolynomialSplineRegressor.N3Ck1._seg2_jack=Wengert{0} => [ 1.000,  0.000,  0.000]
Wengert{1} => [ 1.000,  0.000,  3.000]
Wengert{2} => [-2.000,  1.000, -3.000]

		PolynomialSplineRegressor.N3Ck1._seg2_monotone=MONOTONIC    
		PolynomialSplineRegressor.N3Ck1._seg2_value_jack=Wengert{0} => [ 0.636,  0.364,  0.545]

		PolynomialSplineRegressor.N3Ck1.FinishTime=Fri Nov 02 23:28:21 EDT 2018
		PolynomialSplineRegressor.N3Ck1.ExecTime=51

		PolynomialSplineRegressor.N4Ck0.Success=true
		PolynomialSplineRegressor.N4Ck0._seg1_1_0=25.0
		PolynomialSplineRegressor.N4Ck0._seg1_3_0=20.24999999999999
		PolynomialSplineRegressor.N4Ck0._seg1_head_jack=Wengert{0} => [ 1.000,  0.000,  0.000,  0.000]
Wengert{1} => [ 0.000,  1.000, -5.677,  3.425]
Wengert{2} => [-2.000,  1.000,  10.368, -6.943]
Wengert{3} => [ 1.000, -1.000, -4.692,  3.519]

		PolynomialSplineRegressor.N4Ck0._seg1_jack=Wengert{0} => [ 1.000,  0.000,  0.000,  0.000]
Wengert{1} => [ 0.000,  1.000, -5.677,  3.425]
Wengert{2} => [-2.000,  1.000,  10.368, -6.943]
Wengert{3} => [ 1.000, -1.000, -4.692,  3.519]

		PolynomialSplineRegressor.N4Ck0._seg1_monotone=MONOTONIC    
		PolynomialSplineRegressor.N4Ck0._seg2_3_0=20.24999999999999
		PolynomialSplineRegressor.N4Ck0._seg2_6_0=14.000000000000004
		PolynomialSplineRegressor.N4Ck0._seg2_head_jack=Wengert{0} => [ 1.000,  0.000,  0.000,  0.000]
Wengert{1} => [-0.000,  1.000, -19.159,  11.559]
Wengert{2} => [-2.000,  1.000,  34.993, -23.434]
Wengert{3} => [ 1.000, -1.000, -15.834,  11.875]

		PolynomialSplineRegressor.N4Ck0._seg2_jack=Wengert{0} => [ 1.000,  0.000,  0.000,  0.000]
Wengert{1} => [-0.000,  1.000, -19.159,  11.559]
Wengert{2} => [-2.000,  1.000,  34.993, -23.434]
Wengert{3} => [ 1.000, -1.000, -15.834,  11.875]

		PolynomialSplineRegressor.N4Ck0._seg2_monotone=MONOTONIC    
		PolynomialSplineRegressor.N4Ck0._seg2_value_jack=Wengert{0} => [ 0.333,  0.667, -1.564,  0.662]

		PolynomialSplineRegressor.N4Ck0.FinishTime=Fri Nov 02 23:28:21 EDT 2018
		PolynomialSplineRegressor.N4Ck0.ExecTime=210

		PolynomialSplineRegressor.N4Ck1.Success=true
		PolynomialSplineRegressor.N4Ck1._seg1_1_0=25.0
		PolynomialSplineRegressor.N4Ck1._seg1_3_0=20.25
		PolynomialSplineRegressor.N4Ck1._seg1_head_jack=Wengert{0} => [ 1.000,  0.000,  0.000,  0.000]
Wengert{1} => [ 1.000,  0.000,  2.000,  0.000]
Wengert{2} => [-3.826,  2.826, -3.653, -0.688]
Wengert{3} => [ 1.826, -1.826,  1.653,  0.688]

		PolynomialSplineRegressor.N4Ck1._seg1_jack=Wengert{0} => [ 1.000,  0.000,  0.000,  0.000]
Wengert{1} => [ 1.000,  0.000,  2.000,  0.000]
Wengert{2} => [-3.826,  2.826, -3.653, -0.688]
Wengert{3} => [ 1.826, -1.826,  1.653,  0.688]

		PolynomialSplineRegressor.N4Ck1._seg1_monotone=MONOTONIC    
		PolynomialSplineRegressor.N4Ck1._seg2_3_0=20.25
		PolynomialSplineRegressor.N4Ck1._seg2_6_0=14.000000000000004
		PolynomialSplineRegressor.N4Ck1._seg2_head_jack=Wengert{0} => [ 1.000,  0.000,  0.000,  0.000]
Wengert{1} => [ 1.000,  0.000,  3.000,  0.000]
Wengert{2} => [-3.826,  2.826, -5.479, -2.323]
Wengert{3} => [ 1.826, -1.826,  2.479,  2.323]

		PolynomialSplineRegressor.N4Ck1._seg2_jack=Wengert{0} => [ 1.000,  0.000,  0.000,  0.000]
Wengert{1} => [ 1.000,  0.000,  3.000,  0.000]
Wengert{2} => [-3.826,  2.826, -5.479, -2.323]
Wengert{3} => [ 1.826, -1.826,  2.479,  2.323]

		PolynomialSplineRegressor.N4Ck1._seg2_monotone=MONOTONIC    
		PolynomialSplineRegressor.N4Ck1._seg2_value_jack=Wengert{0} => [ 0.415,  0.585,  0.245, -0.282]

		PolynomialSplineRegressor.N4Ck1.FinishTime=Fri Nov 02 23:28:21 EDT 2018
		PolynomialSplineRegressor.N4Ck1.ExecTime=166

		PolynomialSplineRegressor.N4Ck2.Success=true
		PolynomialSplineRegressor.N4Ck2._seg1_1_0=25.0
		PolynomialSplineRegressor.N4Ck2._seg1_3_0=20.25
		PolynomialSplineRegressor.N4Ck2._seg1_head_jack=Wengert{0} => [ 1.000,  0.000,  0.000,  0.000]
Wengert{1} => [ 1.000,  0.000,  2.000,  0.000]
Wengert{2} => [-1.000,  0.000,  2.000,  2.000]
Wengert{3} => [-1.000,  1.000, -4.000, -2.000]

		PolynomialSplineRegressor.N4Ck2._seg1_jack=Wengert{0} => [ 1.000,  0.000,  0.000,  0.000]
Wengert{1} => [ 1.000,  0.000,  2.000,  0.000]
Wengert{2} => [-1.000,  0.000,  2.000,  2.000]
Wengert{3} => [-1.000,  1.000, -4.000, -2.000]

		PolynomialSplineRegressor.N4Ck2._seg1_monotone=MONOTONIC    
		PolynomialSplineRegressor.N4Ck2._seg2_3_0=20.25
		PolynomialSplineRegressor.N4Ck2._seg2_6_0=14.0
		PolynomialSplineRegressor.N4Ck2._seg2_head_jack=Wengert{0} => [ 1.000,  0.000,  0.000,  0.000]
Wengert{1} => [ 1.000,  0.000,  3.000,  0.000]
Wengert{2} => [-1.000,  0.000,  3.000,  4.500]
Wengert{3} => [-1.000,  1.000, -6.000, -4.500]

		PolynomialSplineRegressor.N4Ck2._seg2_jack=Wengert{0} => [ 1.000,  0.000,  0.000,  0.000]
Wengert{1} => [ 1.000,  0.000,  3.000,  0.000]
Wengert{2} => [-1.000,  0.000,  3.000,  4.500]
Wengert{3} => [-1.000,  1.000, -6.000, -4.500]

		PolynomialSplineRegressor.N4Ck2._seg2_monotone=MONOTONIC    
		PolynomialSplineRegressor.N4Ck2._seg2_value_jack=Wengert{0} => [ 0.758,  0.242,  1.273,  0.545]

		PolynomialSplineRegressor.N4Ck2.FinishTime=Fri Nov 02 23:28:21 EDT 2018
		PolynomialSplineRegressor.N4Ck2.ExecTime=1449

		PolynomialSplineRegressor.N5Ck0.Success=true
		PolynomialSplineRegressor.N5Ck0._seg1_1_0=25.0
		PolynomialSplineRegressor.N5Ck0._seg1_3_0=20.249999999999996
		PolynomialSplineRegressor.N5Ck0._seg1_head_jack=Wengert{0} => [ 1.000,  0.000,  0.000,  0.000,  0.000]
Wengert{1} => [ 0.000,  1.000, -4.273, -0.388,  2.074]
Wengert{2} => [-2.000,  1.000,  17.657, -26.737,  10.767]
Wengert{3} => [ 1.000, -1.000, -22.076,  50.733, -25.681]
Wengert{4} => [-0.000,  0.000,  8.692, -23.607,  12.841]

		PolynomialSplineRegressor.N5Ck0._seg1_jack=Wengert{0} => [ 1.000,  0.000,  0.000,  0.000,  0.000]
Wengert{1} => [ 0.000,  1.000, -4.273, -0.388,  2.074]
Wengert{2} => [-2.000,  1.000,  17.657, -26.737,  10.767]
Wengert{3} => [ 1.000, -1.000, -22.076,  50.733, -25.681]
Wengert{4} => [-0.000,  0.000,  8.692, -23.607,  12.841]

		PolynomialSplineRegressor.N5Ck0._seg1_monotone=MONOTONIC    
		PolynomialSplineRegressor.N5Ck0._seg2_3_0=20.249999999999996
		PolynomialSplineRegressor.N5Ck0._seg2_6_0=13.999999999999998
		PolynomialSplineRegressor.N5Ck0._seg2_head_jack=Wengert{0} => [ 1.000,  0.000,  0.000,  0.000,  0.000]
Wengert{1} => [-0.000,  1.000, -14.420, -1.311,  7.000]
Wengert{2} => [-2.000,  1.000,  59.591, -90.239,  36.337]
Wengert{3} => [ 1.000, -1.000, -74.508,  171.225, -86.675]
Wengert{4} => [ 0.000, -0.000,  29.337, -79.675,  43.337]

		PolynomialSplineRegressor.N5Ck0._seg2_jack=Wengert{0} => [ 1.000,  0.000,  0.000,  0.000,  0.000]
Wengert{1} => [-0.000,  1.000, -14.420, -1.311,  7.000]
Wengert{2} => [-2.000,  1.000,  59.591, -90.239,  36.337]
Wengert{3} => [ 1.000, -1.000, -74.508,  171.225, -86.675]
Wengert{4} => [ 0.000, -0.000,  29.337, -79.675,  43.337]

		PolynomialSplineRegressor.N5Ck0._seg2_monotone=MONOTONIC    
		PolynomialSplineRegressor.N5Ck0._seg2_value_jack=Wengert{0} => [ 0.333,  0.667,  0.483, -4.897,  3.024]

		PolynomialSplineRegressor.N5Ck0.FinishTime=Fri Nov 02 23:28:21 EDT 2018
		PolynomialSplineRegressor.N5Ck0.ExecTime=424

		PolynomialSplineRegressor.N5Ck1.Success=true
		PolynomialSplineRegressor.N5Ck1._seg1_1_0=25.0
		PolynomialSplineRegressor.N5Ck1._seg1_3_0=20.249999999999986
		PolynomialSplineRegressor.N5Ck1._seg1_head_jack=Wengert{0} => [ 1.000,  0.000,  0.000,  0.000,  0.000]
Wengert{1} => [ 1.000,  0.000,  2.000,  0.000,  0.000]
Wengert{2} => [-6.132,  5.132, -8.265, -28.343,  19.338]
Wengert{3} => [ 6.167, -6.167,  10.334,  52.740, -36.398]
Wengert{4} => [-2.034,  2.034, -4.069, -24.398,  17.060]

		PolynomialSplineRegressor.N5Ck1._seg1_jack=Wengert{0} => [ 1.000,  0.000,  0.000,  0.000,  0.000]
Wengert{1} => [ 1.000,  0.000,  2.000,  0.000,  0.000]
Wengert{2} => [-6.132,  5.132, -8.265, -28.343,  19.338]
Wengert{3} => [ 6.167, -6.167,  10.334,  52.740, -36.398]
Wengert{4} => [-2.034,  2.034, -4.069, -24.398,  17.060]

		PolynomialSplineRegressor.N5Ck1._seg1_monotone=MONOTONIC    
		PolynomialSplineRegressor.N5Ck1._seg2_3_0=20.249999999999986
		PolynomialSplineRegressor.N5Ck1._seg2_6_0=14.000000000000014
		PolynomialSplineRegressor.N5Ck1._seg2_head_jack=Wengert{0} => [ 1.000,  0.000,  0.000,  0.000,  0.000]
Wengert{1} => [ 1.000,  0.000,  3.000,  0.000,  0.000]
Wengert{2} => [-6.132,  5.132, -12.397, -95.657,  65.266]
Wengert{3} => [ 6.167, -6.167,  15.501,  177.999, -122.844]
Wengert{4} => [-2.034,  2.034, -6.103, -82.342,  57.579]

		PolynomialSplineRegressor.N5Ck1._seg2_jack=Wengert{0} => [ 1.000,  0.000,  0.000,  0.000,  0.000]
Wengert{1} => [ 1.000,  0.000,  3.000,  0.000,  0.000]
Wengert{2} => [-6.132,  5.132, -12.397, -95.657,  65.266]
Wengert{3} => [ 6.167, -6.167,  15.501,  177.999, -122.844]
Wengert{4} => [-2.034,  2.034, -6.103, -82.342,  57.579]

		PolynomialSplineRegressor.N5Ck1._seg2_monotone=MONOTONIC    
		PolynomialSplineRegressor.N5Ck1._seg2_value_jack=Wengert{0} => [ 0.300,  0.700, -0.100, -4.941,  3.258]

		PolynomialSplineRegressor.N5Ck1.FinishTime=Fri Nov 02 23:28:21 EDT 2018
		PolynomialSplineRegressor.N5Ck1.ExecTime=340

		PolynomialSplineRegressor.N5Ck2.Success=true
		PolynomialSplineRegressor.N5Ck2._seg1_1_0=25.0
		PolynomialSplineRegressor.N5Ck2._seg1_3_0=20.25
		PolynomialSplineRegressor.N5Ck2._seg1_head_jack=Wengert{0} => [ 1.000,  0.000,  0.000,  0.000,  0.000]
Wengert{1} => [ 1.000,  0.000,  2.000,  0.000,  0.000]
Wengert{2} => [-1.000,  0.000,  2.000,  2.000,  0.000]
Wengert{3} => [-3.384,  3.384, -8.767, -3.722, -0.414]
Wengert{4} => [ 2.384, -2.384,  4.767,  1.722,  0.414]

		PolynomialSplineRegressor.N5Ck2._seg1_jack=Wengert{0} => [ 1.000,  0.000,  0.000,  0.000,  0.000]
Wengert{1} => [ 1.000,  0.000,  2.000,  0.000,  0.000]
Wengert{2} => [-1.000,  0.000,  2.000,  2.000,  0.000]
Wengert{3} => [-3.384,  3.384, -8.767, -3.722, -0.414]
Wengert{4} => [ 2.384, -2.384,  4.767,  1.722,  0.414]

		PolynomialSplineRegressor.N5Ck2._seg1_monotone=MONOTONIC    
		PolynomialSplineRegressor.N5Ck2._seg2_3_0=20.25
		PolynomialSplineRegressor.N5Ck2._seg2_6_0=14.0
		PolynomialSplineRegressor.N5Ck2._seg2_head_jack=Wengert{0} => [ 1.000,  0.000,  0.000,  0.000,  0.000]
Wengert{1} => [ 1.000,  0.000,  3.000,  0.000,  0.000]
Wengert{2} => [-1.000,  0.000,  3.000,  4.500,  0.000]
Wengert{3} => [-3.384,  3.384, -13.151, -8.374, -1.398]
Wengert{4} => [ 2.384, -2.384,  7.151,  3.874,  1.398]

		PolynomialSplineRegressor.N5Ck2._seg2_jack=Wengert{0} => [ 1.000,  0.000,  0.000,  0.000,  0.000]
Wengert{1} => [ 1.000,  0.000,  3.000,  0.000,  0.000]
Wengert{2} => [-1.000,  0.000,  3.000,  4.500,  0.000]
Wengert{3} => [-3.384,  3.384, -13.151, -8.374, -1.398]
Wengert{4} => [ 2.384, -2.384,  7.151,  3.874,  1.398]

		PolynomialSplineRegressor.N5Ck2._seg2_monotone=MONOTONIC    
		PolynomialSplineRegressor.N5Ck2._seg2_value_jack=Wengert{0} => [ 0.565,  0.435,  0.695,  0.232, -0.113]

		PolynomialSplineRegressor.N5Ck2.FinishTime=Fri Nov 02 23:28:22 EDT 2018
		PolynomialSplineRegressor.N5Ck2.ExecTime=558

		PolynomialSplineRegressor.N5Ck3.Success=true
		PolynomialSplineRegressor.N5Ck3._seg1_1_0=25.0
		PolynomialSplineRegressor.N5Ck3._seg1_3_0=20.25
		PolynomialSplineRegressor.N5Ck3._seg1_head_jack=Wengert{0} => [ 1.000,  0.000,  0.000,  0.000,  0.000]
Wengert{1} => [ 1.000,  0.000,  2.000,  0.000,  0.000]
Wengert{2} => [-1.000,  0.000,  2.000,  2.000,  0.000]
Wengert{3} => [ 0.002,  0.000, -2.000,  2.000,  1.333]
Wengert{4} => [-1.002,  1.000, -2.000, -4.000, -1.333]

		PolynomialSplineRegressor.N5Ck3._seg1_jack=Wengert{0} => [ 1.000,  0.000,  0.000,  0.000,  0.000]
Wengert{1} => [ 1.000,  0.000,  2.000,  0.000,  0.000]
Wengert{2} => [-1.000,  0.000,  2.000,  2.000,  0.000]
Wengert{3} => [ 0.002,  0.000, -2.000,  2.000,  1.333]
Wengert{4} => [-1.002,  1.000, -2.000, -4.000, -1.333]

		PolynomialSplineRegressor.N5Ck3._seg1_monotone=MONOTONIC    
		PolynomialSplineRegressor.N5Ck3._seg2_3_0=20.25
		PolynomialSplineRegressor.N5Ck3._seg2_6_0=14.0
		PolynomialSplineRegressor.N5Ck3._seg2_head_jack=Wengert{0} => [ 1.000,  0.000,  0.000,  0.000,  0.000]
Wengert{1} => [ 1.000,  0.000,  3.000,  0.000,  0.000]
Wengert{2} => [-1.000,  0.000,  3.000,  4.500,  0.000]
Wengert{3} => [ 0.002,  0.000, -3.000,  4.500,  4.500]
Wengert{4} => [-1.002,  1.000, -3.000, -9.000, -4.500]

		PolynomialSplineRegressor.N5Ck3._seg2_jack=Wengert{0} => [ 1.000,  0.000,  0.000,  0.000,  0.000]
Wengert{1} => [ 1.000,  0.000,  3.000,  0.000,  0.000]
Wengert{2} => [-1.000,  0.000,  3.000,  4.500,  0.000]
Wengert{3} => [ 0.002,  0.000, -3.000,  4.500,  4.500]
Wengert{4} => [-1.002,  1.000, -3.000, -9.000, -4.500]

		PolynomialSplineRegressor.N5Ck3._seg2_monotone=MONOTONIC    
		PolynomialSplineRegressor.N5Ck3._seg2_value_jack=Wengert{0} => [ 0.839,  0.162,  1.515,  1.273,  0.364]

		PolynomialSplineRegressor.N5Ck3.FinishTime=Fri Nov 02 23:28:22 EDT 2018
		PolynomialSplineRegressor.N5Ck3.ExecTime=1112

		PolynomialSplineRegressor.N6Ck0.Success=true
		PolynomialSplineRegressor.N6Ck0._seg1_1_0=25.0
		PolynomialSplineRegressor.N6Ck0._seg1_3_0=20.249999999999996
		PolynomialSplineRegressor.N6Ck0._seg1_head_jack=Wengert{0} => [ 1.000,  0.000,  0.000,  0.000,  0.000,  0.000]
Wengert{1} => [-0.000,  1.000, -3.726, -3.696,  6.532, -1.783]
Wengert{2} => [-2.000,  1.000,  21.678, -51.052,  43.535, -13.107]
Wengert{3} => [ 1.000, -1.000, -43.631,  181.070, -201.329,  70.259]
Wengert{4} => [-0.000,  0.000,  37.003, -194.798,  243.545, -92.282]
Wengert{5} => [ 0.000, -0.000, -11.324,  68.476, -92.282,  36.913]

		PolynomialSplineRegressor.N6Ck0._seg1_jack=Wengert{0} => [ 1.000,  0.000,  0.000,  0.000,  0.000,  0.000]
Wengert{1} => [-0.000,  1.000, -3.726, -3.696,  6.532, -1.783]
Wengert{2} => [-2.000,  1.000,  21.678, -51.052,  43.535, -13.107]
Wengert{3} => [ 1.000, -1.000, -43.631,  181.070, -201.329,  70.259]
Wengert{4} => [-0.000,  0.000,  37.003, -194.798,  243.545, -92.282]
Wengert{5} => [ 0.000, -0.000, -11.324,  68.476, -92.282,  36.913]

		PolynomialSplineRegressor.N6Ck0._seg1_monotone=MONOTONIC    
		PolynomialSplineRegressor.N6Ck0._seg2_3_0=20.249999999999996
		PolynomialSplineRegressor.N6Ck0._seg2_6_0=14.0
		PolynomialSplineRegressor.N6Ck0._seg2_head_jack=Wengert{0} => [ 1.000,  0.000,  0.000,  0.000,  0.000,  0.000]
Wengert{1} => [-0.000,  1.000, -12.574, -12.475,  22.045, -6.018]
Wengert{2} => [-2.000,  1.000,  73.162, -172.302,  146.929, -44.237]
Wengert{3} => [ 1.000, -1.000, -147.254,  611.112, -679.487,  237.125]
Wengert{4} => [-0.000,  0.000,  124.884, -657.442,  821.963, -311.450]
Wengert{5} => [ 0.000, -0.000, -38.219,  231.107, -311.450,  124.580]

		PolynomialSplineRegressor.N6Ck0._seg2_jack=Wengert{0} => [ 1.000,  0.000,  0.000,  0.000,  0.000,  0.000]
Wengert{1} => [-0.000,  1.000, -12.574, -12.475,  22.045, -6.018]
Wengert{2} => [-2.000,  1.000,  73.162, -172.302,  146.929, -44.237]
Wengert{3} => [ 1.000, -1.000, -147.254,  611.112, -679.487,  237.125]
Wengert{4} => [-0.000,  0.000,  124.884, -657.442,  821.963, -311.450]
Wengert{5} => [ 0.000, -0.000, -38.219,  231.107, -311.450,  124.580]

		PolynomialSplineRegressor.N6Ck0._seg2_monotone=MONOTONIC    
		PolynomialSplineRegressor.N6Ck0._seg2_value_jack=Wengert{0} => [ 0.333,  0.667,  0.113, -2.664,  0.015,  1.204]

		PolynomialSplineRegressor.N6Ck0.FinishTime=Fri Nov 02 23:28:22 EDT 2018
		PolynomialSplineRegressor.N6Ck0.ExecTime=713

		PolynomialSplineRegressor.N6Ck1.Success=true
		PolynomialSplineRegressor.N6Ck1._seg1_1_0=25.0
		PolynomialSplineRegressor.N6Ck1._seg1_3_0=20.249999999999886
		PolynomialSplineRegressor.N6Ck1._seg1_head_jack=Wengert{0} => [ 1.000,  0.000,  0.000,  0.000,  0.000,  0.000]
Wengert{1} => [ 1.000,  0.000,  2.000,  0.000,  0.000,  0.000]
Wengert{2} => [-7.819,  6.819, -11.637, -72.559,  81.540, -23.482]
Wengert{3} => [ 12.711, -12.711,  23.422,  224.355, -277.822,  91.140]
Wengert{4} => [-9.932,  9.932, -19.864, -231.508,  308.418, -109.991]
Wengert{5} => [ 3.040, -3.040,  6.079,  79.711, -112.135,  42.332]

		PolynomialSplineRegressor.N6Ck1._seg1_jack=Wengert{0} => [ 1.000,  0.000,  0.000,  0.000,  0.000,  0.000]
Wengert{1} => [ 1.000,  0.000,  2.000,  0.000,  0.000,  0.000]
Wengert{2} => [-7.819,  6.819, -11.637, -72.559,  81.540, -23.482]
Wengert{3} => [ 12.711, -12.711,  23.422,  224.355, -277.822,  91.140]
Wengert{4} => [-9.932,  9.932, -19.864, -231.508,  308.418, -109.991]
Wengert{5} => [ 3.040, -3.040,  6.079,  79.711, -112.135,  42.332]

		PolynomialSplineRegressor.N6Ck1._seg1_monotone=MONOTONIC    
		PolynomialSplineRegressor.N6Ck1._seg2_3_0=20.249999999999886
		PolynomialSplineRegressor.N6Ck1._seg2_6_0=14.000000000000867
		PolynomialSplineRegressor.N6Ck1._seg2_head_jack=Wengert{0} => [ 1.000,  0.000,  0.000,  0.000,  0.000,  0.000]
Wengert{1} => [ 1.000,  0.000,  3.000,  0.000,  0.000,  0.000]
Wengert{2} => [-7.819,  6.819, -17.456, -244.885,  275.196, -79.251]
Wengert{3} => [ 12.711, -12.711,  35.133,  757.200, -937.650,  307.598]
Wengert{4} => [-9.932,  9.932, -29.796, -781.338,  1040.910, -371.218]
Wengert{5} => [ 3.040, -3.040,  9.119,  269.024, -378.456,  142.871]

		PolynomialSplineRegressor.N6Ck1._seg2_jack=Wengert{0} => [ 1.000,  0.000,  0.000,  0.000,  0.000,  0.000]
Wengert{1} => [ 1.000,  0.000,  3.000,  0.000,  0.000,  0.000]
Wengert{2} => [-7.819,  6.819, -17.456, -244.885,  275.196, -79.251]
Wengert{3} => [ 12.711, -12.711,  35.133,  757.200, -937.650,  307.598]
Wengert{4} => [-9.932,  9.932, -29.796, -781.338,  1040.910, -371.218]
Wengert{5} => [ 3.040, -3.040,  9.119,  269.024, -378.456,  142.871]

		PolynomialSplineRegressor.N6Ck1._seg2_monotone=MONOTONIC    
		PolynomialSplineRegressor.N6Ck1._seg2_value_jack=Wengert{0} => [ 0.324,  0.676, -0.027, -2.777,  0.214,  1.149]

		PolynomialSplineRegressor.N6Ck1.FinishTime=Fri Nov 02 23:28:22 EDT 2018
		PolynomialSplineRegressor.N6Ck1.ExecTime=606

		PolynomialSplineRegressor.N6Ck2.Success=true
		PolynomialSplineRegressor.N6Ck2._seg1_1_0=25.0
		PolynomialSplineRegressor.N6Ck2._seg1_3_0=20.25000000000064
		PolynomialSplineRegressor.N6Ck2._seg1_head_jack=Wengert{0} => [ 1.000,  0.000,  0.000,  0.000,  0.000,  0.000]
Wengert{1} => [ 1.000,  0.000,  2.000,  0.000,  0.000,  0.000]
Wengert{2} => [-1.000,  0.000,  2.000,  2.000,  0.000,  0.000]
Wengert{3} => [-8.372,  8.372, -18.745, -6.184, -25.697,  18.533]
Wengert{4} => [ 11.823, -11.823,  23.647,  6.381,  48.255, -35.069]
Wengert{5} => [-4.451,  4.451, -8.902, -2.197, -22.558,  16.536]

		PolynomialSplineRegressor.N6Ck2._seg1_jack=Wengert{0} => [ 1.000,  0.000,  0.000,  0.000,  0.000,  0.000]
Wengert{1} => [ 1.000,  0.000,  2.000,  0.000,  0.000,  0.000]
Wengert{2} => [-1.000,  0.000,  2.000,  2.000,  0.000,  0.000]
Wengert{3} => [-8.372,  8.372, -18.745, -6.184, -25.697,  18.533]
Wengert{4} => [ 11.823, -11.823,  23.647,  6.381,  48.255, -35.069]
Wengert{5} => [-4.451,  4.451, -8.902, -2.197, -22.558,  16.536]

		PolynomialSplineRegressor.N6Ck2._seg1_monotone=MONOTONIC    
		PolynomialSplineRegressor.N6Ck2._seg2_3_0=20.25000000000064
		PolynomialSplineRegressor.N6Ck2._seg2_6_0=14.0
		PolynomialSplineRegressor.N6Ck2._seg2_head_jack=Wengert{0} => [ 1.000,  0.000,  0.000,  0.000,  0.000,  0.000]
Wengert{1} => [ 1.000,  0.000,  3.000,  0.000,  0.000,  0.000]
Wengert{2} => [-1.000,  0.000,  3.000,  4.500,  0.000,  0.000]
Wengert{3} => [-8.372,  8.372, -28.117, -13.914, -86.727,  62.549]
Wengert{4} => [ 11.823, -11.823,  35.470,  14.358,  162.860, -118.357]
Wengert{5} => [-4.451,  4.451, -13.353, -4.944, -76.133,  55.808]

		PolynomialSplineRegressor.N6Ck2._seg2_jack=Wengert{0} => [ 1.000,  0.000,  0.000,  0.000,  0.000,  0.000]
Wengert{1} => [ 1.000,  0.000,  3.000,  0.000,  0.000,  0.000]
Wengert{2} => [-1.000,  0.000,  3.000,  4.500,  0.000,  0.000]
Wengert{3} => [-8.372,  8.372, -28.117, -13.914, -86.727,  62.549]
Wengert{4} => [ 11.823, -11.823,  35.470,  14.358,  162.860, -118.357]
Wengert{5} => [-4.451,  4.451, -13.353, -4.944, -76.133,  55.808]

		PolynomialSplineRegressor.N6Ck2._seg2_monotone=MONOTONIC    
		PolynomialSplineRegressor.N6Ck2._seg2_value_jack=Wengert{0} => [ 0.402,  0.598,  0.205,  0.051, -2.907,  2.048]

		PolynomialSplineRegressor.N6Ck2.FinishTime=Fri Nov 02 23:28:22 EDT 2018
		PolynomialSplineRegressor.N6Ck2.ExecTime=528

		PolynomialSplineRegressor.N6Ck3.Success=true
		PolynomialSplineRegressor.N6Ck3._seg1_1_0=25.0
		PolynomialSplineRegressor.N6Ck3._seg1_3_0=20.250000000000018
		PolynomialSplineRegressor.N6Ck3._seg1_head_jack=Wengert{0} => [ 1.000,  0.000,  0.000,  0.000,  0.000,  0.000]
Wengert{1} => [ 1.000,  0.000,  2.000,  0.000,  0.000,  0.000]
Wengert{2} => [-1.000,  0.000,  2.000,  2.000,  0.000,  0.000]
Wengert{3} => [ 0.002,  0.000, -2.000,  2.000,  1.333,  0.000]
Wengert{4} => [-3.903,  3.899, -7.797, -8.987, -2.504, -0.267]
Wengert{5} => [ 2.901, -2.899,  5.797,  4.987,  1.170,  0.267]

		PolynomialSplineRegressor.N6Ck3._seg1_jack=Wengert{0} => [ 1.000,  0.000,  0.000,  0.000,  0.000,  0.000]
Wengert{1} => [ 1.000,  0.000,  2.000,  0.000,  0.000,  0.000]
Wengert{2} => [-1.000,  0.000,  2.000,  2.000,  0.000,  0.000]
Wengert{3} => [ 0.002,  0.000, -2.000,  2.000,  1.333,  0.000]
Wengert{4} => [-3.903,  3.899, -7.797, -8.987, -2.504, -0.267]
Wengert{5} => [ 2.901, -2.899,  5.797,  4.987,  1.170,  0.267]

		PolynomialSplineRegressor.N6Ck3._seg1_monotone=MONOTONIC    
		PolynomialSplineRegressor.N6Ck3._seg2_3_0=20.250000000000018
		PolynomialSplineRegressor.N6Ck3._seg2_6_0=14.00000000000001
		PolynomialSplineRegressor.N6Ck3._seg2_head_jack=Wengert{0} => [ 1.000,  0.000,  0.000,  0.000,  0.000,  0.000]
Wengert{1} => [ 1.000,  0.000,  3.000,  0.000,  0.000,  0.000]
Wengert{2} => [-1.000,  0.000,  3.000,  4.500,  0.000,  0.000]
Wengert{3} => [ 0.002,  0.000, -3.000,  4.500,  4.500,  0.000]
Wengert{4} => [-3.903,  3.899, -11.696, -20.221, -8.450, -0.900]
Wengert{5} => [ 2.901, -2.899,  8.696,  11.221,  3.950,  0.900]

		PolynomialSplineRegressor.N6Ck3._seg2_jack=Wengert{0} => [ 1.000,  0.000,  0.000,  0.000,  0.000,  0.000]
Wengert{1} => [ 1.000,  0.000,  3.000,  0.000,  0.000,  0.000]
Wengert{2} => [-1.000,  0.000,  3.000,  4.500,  0.000,  0.000]
Wengert{3} => [ 0.002,  0.000, -3.000,  4.500,  4.500,  0.000]
Wengert{4} => [-3.903,  3.899, -11.696, -20.221, -8.450, -0.900]
Wengert{5} => [ 2.901, -2.899,  8.696,  11.221,  3.950,  0.900]

		PolynomialSplineRegressor.N6Ck3._seg2_monotone=MONOTONIC    
		PolynomialSplineRegressor.N6Ck3._seg2_value_jack=Wengert{0} => [ 0.682,  0.318,  1.047,  0.668,  0.151, -0.048]

		PolynomialSplineRegressor.N6Ck3.FinishTime=Fri Nov 02 23:28:22 EDT 2018
		PolynomialSplineRegressor.N6Ck3.ExecTime=488

		PolynomialSplineRegressor.N6Ck4.Success=true
		PolynomialSplineRegressor.N6Ck4._seg1_1_0=25.0
		PolynomialSplineRegressor.N6Ck4._seg1_3_0=20.250000000000455
		PolynomialSplineRegressor.N6Ck4._seg1_head_jack=Wengert{0} => [ 1.000,  0.000,  0.000,  0.000,  0.000,  0.000]
Wengert{1} => [ 1.000,  0.000,  2.000,  0.000,  0.000,  0.000]
Wengert{2} => [-1.000,  0.000,  2.000,  2.000,  0.000,  0.000]
Wengert{3} => [ 0.002,  0.000, -2.000,  2.000,  1.333,  0.000]
Wengert{4} => [-110.644,  0.000,  0.004, -2.000,  1.333,  0.667]
Wengert{5} => [ 109.642,  1.000, -2.004, -2.000, -2.667, -0.667]

		PolynomialSplineRegressor.N6Ck4._seg1_jack=Wengert{0} => [ 1.000,  0.000,  0.000,  0.000,  0.000,  0.000]
Wengert{1} => [ 1.000,  0.000,  2.000,  0.000,  0.000,  0.000]
Wengert{2} => [-1.000,  0.000,  2.000,  2.000,  0.000,  0.000]
Wengert{3} => [ 0.002,  0.000, -2.000,  2.000,  1.333,  0.000]
Wengert{4} => [-110.644,  0.000,  0.004, -2.000,  1.333,  0.667]
Wengert{5} => [ 109.642,  1.000, -2.004, -2.000, -2.667, -0.667]

		PolynomialSplineRegressor.N6Ck4._seg1_monotone=MONOTONIC    
		PolynomialSplineRegressor.N6Ck4._seg2_3_0=20.250000000000455
		PolynomialSplineRegressor.N6Ck4._seg2_6_0=14.000000000000455
		PolynomialSplineRegressor.N6Ck4._seg2_head_jack=Wengert{0} => [ 1.000,  0.000,  0.000,  0.000,  0.000,  0.000]
Wengert{1} => [ 1.000,  0.000,  3.000,  0.000,  0.000,  0.000]
Wengert{2} => [-1.000,  0.000,  3.000,  4.500,  0.000,  0.000]
Wengert{3} => [ 0.002,  0.000, -3.000,  4.500,  4.500,  0.000]
Wengert{4} => [-110.644,  0.000,  0.007, -4.500,  4.500,  3.375]
Wengert{5} => [ 109.642,  1.000, -3.007, -4.500, -9.000, -3.375]

		PolynomialSplineRegressor.N6Ck4._seg2_jack=Wengert{0} => [ 1.000,  0.000,  0.000,  0.000,  0.000,  0.000]
Wengert{1} => [ 1.000,  0.000,  3.000,  0.000,  0.000,  0.000]
Wengert{2} => [-1.000,  0.000,  3.000,  4.500,  0.000,  0.000]
Wengert{3} => [ 0.002,  0.000, -3.000,  4.500,  4.500,  0.000]
Wengert{4} => [-110.644,  0.000,  0.007, -4.500,  4.500,  3.375]
Wengert{5} => [ 109.642,  1.000, -3.007, -4.500, -9.000, -3.375]

		PolynomialSplineRegressor.N6Ck4._seg2_monotone=MONOTONIC    
		PolynomialSplineRegressor.N6Ck4._seg2_value_jack=Wengert{0} => [-5.068,  0.108,  1.677,  1.515,  0.848,  0.182]

		PolynomialSplineRegressor.N6Ck4.FinishTime=Fri Nov 02 23:28:22 EDT 2018
		PolynomialSplineRegressor.N6Ck4.ExecTime=434

		PolynomialSplineRegressor.N7Ck0.Success=true
		PolynomialSplineRegressor.N7Ck0._seg1_1_0=25.0
		PolynomialSplineRegressor.N7Ck0._seg1_3_0=20.249999999999563
		PolynomialSplineRegressor.N7Ck0._seg1_head_jack=Wengert{0} => [ 1.000,  0.000,  0.000,  0.000,  0.000,  0.000,  0.000]
Wengert{1} => [-0.000,  1.000, -3.617, -9.425,  22.905, -17.971,  5.396]
Wengert{2} => [-2.000,  1.000,  22.098, -73.131,  106.641, -75.500,  20.798]
Wengert{3} => [ 1.000, -1.000, -60.090,  1046.450, -2674.806,  2515.743, -815.161]
Wengert{4} => [-0.000,  0.000,  83.736, -2651.901,  7266.572, -7035.829,  2314.516]
Wengert{5} => [ 0.000, -0.000, -57.529,  2497.772, -7035.829,  6901.879, -2288.322]
Wengert{6} => [-0.000,  0.000,  15.401, -809.765,  2314.516, -2288.322,  762.774]

		PolynomialSplineRegressor.N7Ck0._seg1_jack=Wengert{0} => [ 1.000,  0.000,  0.000,  0.000,  0.000,  0.000,  0.000]
Wengert{1} => [-0.000,  1.000, -3.617, -9.425,  22.905, -17.971,  5.396]
Wengert{2} => [-2.000,  1.000,  22.098, -73.131,  106.641, -75.500,  20.798]
Wengert{3} => [ 1.000, -1.000, -60.090,  1046.450, -2674.806,  2515.743, -815.161]
Wengert{4} => [-0.000,  0.000,  83.736, -2651.901,  7266.572, -7035.829,  2314.516]
Wengert{5} => [ 0.000, -0.000, -57.529,  2497.772, -7035.829,  6901.879, -2288.322]
Wengert{6} => [-0.000,  0.000,  15.401, -809.765,  2314.516, -2288.322,  762.774]

		PolynomialSplineRegressor.N7Ck0._seg1_monotone=MONOTONIC    
		PolynomialSplineRegressor.N7Ck0._seg2_3_0=20.249999999999563
		PolynomialSplineRegressor.N7Ck0._seg2_6_0=13.999999999999392
		PolynomialSplineRegressor.N7Ck0._seg2_head_jack=Wengert{0} => [ 1.000,  0.000,  0.000,  0.000,  0.000,  0.000,  0.000]
Wengert{1} => [-0.000,  1.000, -12.206, -31.808,  77.305, -60.653,  18.212]
Wengert{2} => [-2.000,  1.000,  74.579, -246.818,  359.915, -254.812,  70.192]
Wengert{3} => [ 1.000, -1.000, -202.804,  3531.769, -9027.470,  8490.633, -2751.169]
Wengert{4} => [-0.000,  0.000,  282.609, -8950.165,  24524.682, -23745.922,  7811.491]
Wengert{5} => [ 0.000, -0.000, -194.159,  8429.980, -23745.922,  23293.841, -7723.087]
Wengert{6} => [-0.000,  0.000,  51.980, -2732.958,  7811.491, -7723.087,  2574.362]

		PolynomialSplineRegressor.N7Ck0._seg2_jack=Wengert{0} => [ 1.000,  0.000,  0.000,  0.000,  0.000,  0.000,  0.000]
Wengert{1} => [-0.000,  1.000, -12.206, -31.808,  77.305, -60.653,  18.212]
Wengert{2} => [-2.000,  1.000,  74.579, -246.818,  359.915, -254.812,  70.192]
Wengert{3} => [ 1.000, -1.000, -202.804,  3531.769, -9027.470,  8490.633, -2751.169]
Wengert{4} => [-0.000,  0.000,  282.609, -8950.165,  24524.682, -23745.922,  7811.491]
Wengert{5} => [ 0.000, -0.000, -194.159,  8429.980, -23745.922,  23293.841, -7723.087]
Wengert{6} => [-0.000,  0.000,  51.980, -2732.958,  7811.491, -7723.087,  2574.362]

		PolynomialSplineRegressor.N7Ck0._seg2_monotone=MONOTONIC    
		PolynomialSplineRegressor.N7Ck0._seg2_value_jack=Wengert{0} => [ 0.333,  0.667, -0.214,  14.567, -49.237,  49.897, -16.231]

		PolynomialSplineRegressor.N7Ck0.FinishTime=Fri Nov 02 23:28:22 EDT 2018
		PolynomialSplineRegressor.N7Ck0.ExecTime=814

		PolynomialSplineRegressor.N7Ck1.Success=true
		PolynomialSplineRegressor.N7Ck1._seg1_1_0=25.0
		PolynomialSplineRegressor.N7Ck1._seg1_3_0=20.249999999985732
		PolynomialSplineRegressor.N7Ck1._seg1_head_jack=Wengert{0} => [ 1.000,  0.000,  0.000,  0.000,  0.000,  0.000,  0.000]
Wengert{1} => [ 1.000,  0.000,  2.000,  0.000,  0.000,  0.000,  0.000]
Wengert{2} => [-8.110,  7.110, -12.220, -130.715,  246.591, -185.303,  53.767]
Wengert{3} => [ 17.615, -17.615,  33.229,  1203.038, -3055.370,  2814.330, -904.815]
Wengert{4} => [-23.153,  23.153, -46.305, -2870.107,  7796.893, -7451.914,  2439.450]
Wengert{5} => [ 15.906, -15.906,  31.813,  2647.685, -7400.171,  7187.738, -2374.155]
Wengert{6} => [-4.258,  4.258, -8.517, -849.900,  2412.057, -2364.852,  785.753]

		PolynomialSplineRegressor.N7Ck1._seg1_jack=Wengert{0} => [ 1.000,  0.000,  0.000,  0.000,  0.000,  0.000,  0.000]
Wengert{1} => [ 1.000,  0.000,  2.000,  0.000,  0.000,  0.000,  0.000]
Wengert{2} => [-8.110,  7.110, -12.220, -130.715,  246.591, -185.303,  53.767]
Wengert{3} => [ 17.615, -17.615,  33.229,  1203.038, -3055.370,  2814.330, -904.815]
Wengert{4} => [-23.153,  23.153, -46.305, -2870.107,  7796.893, -7451.914,  2439.450]
Wengert{5} => [ 15.906, -15.906,  31.813,  2647.685, -7400.171,  7187.738, -2374.155]
Wengert{6} => [-4.258,  4.258, -8.517, -849.900,  2412.057, -2364.852,  785.753]

		PolynomialSplineRegressor.N7Ck1._seg1_monotone=MONOTONIC    
		PolynomialSplineRegressor.N7Ck1._seg2_3_0=20.249999999985732
		PolynomialSplineRegressor.N7Ck1._seg2_6_0=14.000000000006366
		PolynomialSplineRegressor.N7Ck1._seg2_head_jack=Wengert{0} => [ 1.000,  0.000,  0.000,  0.000,  0.000,  0.000,  0.000]
Wengert{1} => [ 1.000,  0.000,  3.000,  0.000,  0.000,  0.000,  0.000]
Wengert{2} => [-8.110,  7.110, -18.330, -441.164,  832.244, -625.397,  181.464]
Wengert{3} => [ 17.615, -17.615,  49.844,  4060.252, -10311.873,  9498.364, -3053.752]
Wengert{4} => [-23.153,  23.153, -69.458, -9686.613,  26314.513, -25150.208,  8233.143]
Wengert{5} => [ 15.906, -15.906,  47.719,  8935.936, -24975.577,  24258.617, -8012.772]
Wengert{6} => [-4.258,  4.258, -12.775, -2868.412,  8140.692, -7981.376,  2651.916]

		PolynomialSplineRegressor.N7Ck1._seg2_jack=Wengert{0} => [ 1.000,  0.000,  0.000,  0.000,  0.000,  0.000,  0.000]
Wengert{1} => [ 1.000,  0.000,  3.000,  0.000,  0.000,  0.000,  0.000]
Wengert{2} => [-8.110,  7.110, -18.330, -441.164,  832.244, -625.397,  181.464]
Wengert{3} => [ 17.615, -17.615,  49.844,  4060.252, -10311.873,  9498.364, -3053.752]
Wengert{4} => [-23.153,  23.153, -69.458, -9686.613,  26314.513, -25150.208,  8233.143]
Wengert{5} => [ 15.906, -15.906,  47.719,  8935.936, -24975.577,  24258.617, -8012.772]
Wengert{6} => [-4.258,  4.258, -12.775, -2868.412,  8140.692, -7981.376,  2651.916]

		PolynomialSplineRegressor.N7Ck1._seg2_monotone=MONOTONIC    
		PolynomialSplineRegressor.N7Ck1._seg2_value_jack=Wengert{0} => [ 0.351,  0.649,  0.053,  15.125, -50.593,  50.962, -16.551]

		PolynomialSplineRegressor.N7Ck1.FinishTime=Fri Nov 02 23:28:22 EDT 2018
		PolynomialSplineRegressor.N7Ck1.ExecTime=723

		PolynomialSplineRegressor.N7Ck2.Success=true
		PolynomialSplineRegressor.N7Ck2._seg1_1_0=25.0
		PolynomialSplineRegressor.N7Ck2._seg1_3_0=20.25000000021339
		PolynomialSplineRegressor.N7Ck2._seg1_head_jack=Wengert{0} => [ 1.000,  0.000,  0.000,  0.000,  0.000,  0.000,  0.000]
Wengert{1} => [ 1.000,  0.000,  2.000,  0.000,  0.000,  0.000,  0.000]
Wengert{2} => [-1.000,  0.000,  2.000,  2.000,  0.000,  0.000,  0.000]
Wengert{3} => [-47.821,  47.821, -97.643, -18.407, -785.870,  1108.894, -409.969]
Wengert{4} => [ 132.959, -132.959,  265.919,  43.914,  2382.508, -3383.225,  1258.886]
Wengert{5} => [-128.107,  128.107, -256.215, -40.511, -2405.381,  3434.358, -1285.081]
Wengert{6} => [ 41.970, -41.970,  83.939,  13.004,  808.743, -1160.027,  436.163]

		PolynomialSplineRegressor.N7Ck2._seg1_jack=Wengert{0} => [ 1.000,  0.000,  0.000,  0.000,  0.000,  0.000,  0.000]
Wengert{1} => [ 1.000,  0.000,  2.000,  0.000,  0.000,  0.000,  0.000]
Wengert{2} => [-1.000,  0.000,  2.000,  2.000,  0.000,  0.000,  0.000]
Wengert{3} => [-47.821,  47.821, -97.643, -18.407, -785.870,  1108.894, -409.969]
Wengert{4} => [ 132.959, -132.959,  265.919,  43.914,  2382.508, -3383.225,  1258.886]
Wengert{5} => [-128.107,  128.107, -256.215, -40.511, -2405.381,  3434.358, -1285.081]
Wengert{6} => [ 41.970, -41.970,  83.939,  13.004,  808.743, -1160.027,  436.163]

		PolynomialSplineRegressor.N7Ck2._seg1_monotone=MONOTONIC    
		PolynomialSplineRegressor.N7Ck2._seg2_3_0=20.25000000021339
		PolynomialSplineRegressor.N7Ck2._seg2_6_0=14.000000000130285
		PolynomialSplineRegressor.N7Ck2._seg2_head_jack=Wengert{0} => [ 1.000,  0.000,  0.000,  0.000,  0.000,  0.000,  0.000]
Wengert{1} => [ 1.000,  0.000,  3.000,  0.000,  0.000,  0.000,  0.000]
Wengert{2} => [-1.000,  0.000,  3.000,  4.500,  0.000,  0.000,  0.000]
Wengert{3} => [-47.821,  47.821, -146.464, -41.416, -2652.311,  3742.517, -1383.646]
Wengert{4} => [ 132.959, -132.959,  398.878,  98.806,  8040.965, -11418.384,  4248.742]
Wengert{5} => [-128.107,  128.107, -384.322, -91.149, -8118.160,  11590.959, -4337.147]
Wengert{6} => [ 41.970, -41.970,  125.909,  29.259,  2729.507, -3915.091,  1472.051]

		PolynomialSplineRegressor.N7Ck2._seg2_jack=Wengert{0} => [ 1.000,  0.000,  0.000,  0.000,  0.000,  0.000,  0.000]
Wengert{1} => [ 1.000,  0.000,  3.000,  0.000,  0.000,  0.000,  0.000]
Wengert{2} => [-1.000,  0.000,  3.000,  4.500,  0.000,  0.000,  0.000]
Wengert{3} => [-47.821,  47.821, -146.464, -41.416, -2652.311,  3742.517, -1383.646]
Wengert{4} => [ 132.959, -132.959,  398.878,  98.806,  8040.965, -11418.384,  4248.742]
Wengert{5} => [-128.107,  128.107, -384.322, -91.149, -8118.160,  11590.959, -4337.147]
Wengert{6} => [ 41.970, -41.970,  125.909,  29.259,  2729.507, -3915.091,  1472.051]

		PolynomialSplineRegressor.N7Ck2._seg2_monotone=MONOTONIC    
		PolynomialSplineRegressor.N7Ck2._seg2_value_jack=Wengert{0} => [ 0.107,  0.893, -0.679, -0.154, -22.060,  29.520, -10.329]

		PolynomialSplineRegressor.N7Ck2.FinishTime=Fri Nov 02 23:28:22 EDT 2018
		PolynomialSplineRegressor.N7Ck2.ExecTime=644

		PolynomialSplineRegressor.N7Ck3.Success=true
		PolynomialSplineRegressor.N7Ck3._seg1_1_0=25.0
		PolynomialSplineRegressor.N7Ck3._seg1_3_0=20.250000000000014
		PolynomialSplineRegressor.N7Ck3._seg1_head_jack=Wengert{0} => [ 1.000,  0.000,  0.000,  0.000,  0.000,  0.000,  0.000]
Wengert{1} => [ 1.000,  0.000,  2.000,  0.000,  0.000,  0.000,  0.000]
Wengert{2} => [-1.000,  0.000,  2.000,  2.000,  0.000,  0.000,  0.000]
Wengert{3} => [ 0.002,  0.000, -2.000,  2.000,  1.333,  0.000,  0.000]
Wengert{4} => [-12.027,  12.020, -24.040, -17.954, -4.042, -21.411,  15.990]
Wengert{5} => [ 18.271, -18.264,  36.528,  21.951,  4.081,  40.270, -30.252]
Wengert{6} => [-7.246,  7.244, -14.487, -7.997, -1.372, -18.859,  14.262]

		PolynomialSplineRegressor.N7Ck3._seg1_jack=Wengert{0} => [ 1.000,  0.000,  0.000,  0.000,  0.000,  0.000,  0.000]
Wengert{1} => [ 1.000,  0.000,  2.000,  0.000,  0.000,  0.000,  0.000]
Wengert{2} => [-1.000,  0.000,  2.000,  2.000,  0.000,  0.000,  0.000]
Wengert{3} => [ 0.002,  0.000, -2.000,  2.000,  1.333,  0.000,  0.000]
Wengert{4} => [-12.027,  12.020, -24.040, -17.954, -4.042, -21.411,  15.990]
Wengert{5} => [ 18.271, -18.264,  36.528,  21.951,  4.081,  40.270, -30.252]
Wengert{6} => [-7.246,  7.244, -14.487, -7.997, -1.372, -18.859,  14.262]

		PolynomialSplineRegressor.N7Ck3._seg1_monotone=MONOTONIC    
		PolynomialSplineRegressor.N7Ck3._seg2_3_0=20.250000000000014
		PolynomialSplineRegressor.N7Ck3._seg2_6_0=14.000000000000014
		PolynomialSplineRegressor.N7Ck3._seg2_head_jack=Wengert{0} => [ 1.000,  0.000,  0.000,  0.000,  0.000,  0.000,  0.000]
Wengert{1} => [ 1.000,  0.000,  3.000,  0.000,  0.000,  0.000,  0.000]
Wengert{2} => [-1.000,  0.000,  3.000,  4.500,  0.000,  0.000,  0.000]
Wengert{3} => [ 0.002,  0.000, -3.000,  4.500,  4.500,  0.000,  0.000]
Wengert{4} => [-12.027,  12.020, -36.060, -40.396, -13.643, -72.262,  53.968]
Wengert{5} => [ 18.271, -18.264,  54.791,  49.389,  13.774,  135.911, -102.102]
Wengert{6} => [-7.246,  7.244, -21.731, -17.994, -4.631, -63.649,  48.134]

		PolynomialSplineRegressor.N7Ck3._seg2_jack=Wengert{0} => [ 1.000,  0.000,  0.000,  0.000,  0.000,  0.000,  0.000]
Wengert{1} => [ 1.000,  0.000,  3.000,  0.000,  0.000,  0.000,  0.000]
Wengert{2} => [-1.000,  0.000,  3.000,  4.500,  0.000,  0.000,  0.000]
Wengert{3} => [ 0.002,  0.000, -3.000,  4.500,  4.500,  0.000,  0.000]
Wengert{4} => [-12.027,  12.020, -36.060, -40.396, -13.643, -72.262,  53.968]
Wengert{5} => [ 18.271, -18.264,  54.791,  49.389,  13.774,  135.911, -102.102]
Wengert{6} => [-7.246,  7.244, -21.731, -17.994, -4.631, -63.649,  48.134]

		PolynomialSplineRegressor.N7Ck3._seg2_monotone=MONOTONIC    
		PolynomialSplineRegressor.N7Ck3._seg2_value_jack=Wengert{0} => [ 0.505,  0.495,  0.515,  0.228,  0.037, -1.607,  1.179]

		PolynomialSplineRegressor.N7Ck3.FinishTime=Fri Nov 02 23:28:22 EDT 2018
		PolynomialSplineRegressor.N7Ck3.ExecTime=591

		PolynomialSplineRegressor.N7Ck4.Success=true
		PolynomialSplineRegressor.N7Ck4._seg1_1_0=25.0
		PolynomialSplineRegressor.N7Ck4._seg1_3_0=20.250000000000455
		PolynomialSplineRegressor.N7Ck4._seg1_head_jack=Wengert{0} => [ 1.000,  0.000,  0.000,  0.000,  0.000,  0.000,  0.000]
Wengert{1} => [ 1.000,  0.000,  2.000,  0.000,  0.000,  0.000,  0.000]
Wengert{2} => [-1.000,  0.000,  2.000,  2.000,  0.000,  0.000,  0.000]
Wengert{3} => [ 0.002,  0.000, -2.000,  2.000,  1.333,  0.000,  0.000]
Wengert{4} => [-110.644,  0.000,  0.004, -2.000,  1.333,  0.667,  0.000]
Wengert{5} => [ 203.749,  4.344, -8.696, -8.055, -6.029, -1.254, -0.178]
Wengert{6} => [-94.108, -3.344,  6.691,  6.055,  3.363,  0.587,  0.178]

		PolynomialSplineRegressor.N7Ck4._seg1_jack=Wengert{0} => [ 1.000,  0.000,  0.000,  0.000,  0.000,  0.000,  0.000]
Wengert{1} => [ 1.000,  0.000,  2.000,  0.000,  0.000,  0.000,  0.000]
Wengert{2} => [-1.000,  0.000,  2.000,  2.000,  0.000,  0.000,  0.000]
Wengert{3} => [ 0.002,  0.000, -2.000,  2.000,  1.333,  0.000,  0.000]
Wengert{4} => [-110.644,  0.000,  0.004, -2.000,  1.333,  0.667,  0.000]
Wengert{5} => [ 203.749,  4.344, -8.696, -8.055, -6.029, -1.254, -0.178]
Wengert{6} => [-94.108, -3.344,  6.691,  6.055,  3.363,  0.587,  0.178]

		PolynomialSplineRegressor.N7Ck4._seg1_monotone=MONOTONIC    
		PolynomialSplineRegressor.N7Ck4._seg2_3_0=20.250000000000455
		PolynomialSplineRegressor.N7Ck4._seg2_6_0=13.99999999999909
		PolynomialSplineRegressor.N7Ck4._seg2_head_jack=Wengert{0} => [ 1.000,  0.000,  0.000,  0.000,  0.000,  0.000,  0.000]
Wengert{1} => [ 1.000,  0.000,  3.000,  0.000,  0.000,  0.000,  0.000]
Wengert{2} => [-1.000,  0.000,  3.000,  4.500,  0.000,  0.000,  0.000]
Wengert{3} => [ 0.002,  0.000, -3.000,  4.500,  4.500,  0.000,  0.000]
Wengert{4} => [-110.644,  0.000,  0.007, -4.500,  4.500,  3.375,  0.000]
Wengert{5} => [ 203.749,  4.344, -13.044, -18.123, -20.349, -6.348, -0.599]
Wengert{6} => [-94.108, -3.344,  10.037,  13.623,  11.349,  2.973,  0.599]

		PolynomialSplineRegressor.N7Ck4._seg2_jack=Wengert{0} => [ 1.000,  0.000,  0.000,  0.000,  0.000,  0.000,  0.000]
Wengert{1} => [ 1.000,  0.000,  3.000,  0.000,  0.000,  0.000,  0.000]
Wengert{2} => [-1.000,  0.000,  3.000,  4.500,  0.000,  0.000,  0.000]
Wengert{3} => [ 0.002,  0.000, -3.000,  4.500,  4.500,  0.000,  0.000]
Wengert{4} => [-110.644,  0.000,  0.007, -4.500,  4.500,  3.375,  0.000]
Wengert{5} => [ 203.749,  4.344, -13.044, -18.123, -20.349, -6.348, -0.599]
Wengert{6} => [-94.108, -3.344,  10.037,  13.623,  11.349,  2.973,  0.599]

		PolynomialSplineRegressor.N7Ck4._seg2_monotone=MONOTONIC    
		PolynomialSplineRegressor.N7Ck4._seg2_value_jack=Wengert{0} => [-1.688,  0.228,  1.317,  1.026,  0.441,  0.075, -0.022]

		PolynomialSplineRegressor.N7Ck4.FinishTime=Fri Nov 02 23:28:22 EDT 2018
		PolynomialSplineRegressor.N7Ck4.ExecTime=532

		PolynomialSplineRegressor.N7Ck5.Success=true
		PolynomialSplineRegressor.N7Ck5._seg1_1_0=25.0
		PolynomialSplineRegressor.N7Ck5._seg1_3_0=20.25000000745058
		PolynomialSplineRegressor.N7Ck5._seg1_head_jack=Wengert{0} => [ 1.000,  0.000,  0.000,  0.000,  0.000,  0.000,  0.000]
Wengert{1} => [ 1.000,  0.000,  2.000,  0.000,  0.000,  0.000,  0.000]
Wengert{2} => [-1.000,  0.000,  2.000,  2.000,  0.000,  0.000,  0.000]
Wengert{3} => [ 0.002,  0.000, -2.000,  2.000,  1.333,  0.000,  0.000]
Wengert{4} => [-110.644,  0.000,  0.004, -2.000,  1.333,  0.667,  0.000]
Wengert{5} => [ 2312735.336,  0.000, -221.288,  0.004, -1.333,  0.667,  0.267]
Wengert{6} => [-2312625.694,  1.000,  219.283, -2.004, -1.333, -1.333, -0.267]

		PolynomialSplineRegressor.N7Ck5._seg1_jack=Wengert{0} => [ 1.000,  0.000,  0.000,  0.000,  0.000,  0.000,  0.000]
Wengert{1} => [ 1.000,  0.000,  2.000,  0.000,  0.000,  0.000,  0.000]
Wengert{2} => [-1.000,  0.000,  2.000,  2.000,  0.000,  0.000,  0.000]
Wengert{3} => [ 0.002,  0.000, -2.000,  2.000,  1.333,  0.000,  0.000]
Wengert{4} => [-110.644,  0.000,  0.004, -2.000,  1.333,  0.667,  0.000]
Wengert{5} => [ 2312735.336,  0.000, -221.288,  0.004, -1.333,  0.667,  0.267]
Wengert{6} => [-2312625.694,  1.000,  219.283, -2.004, -1.333, -1.333, -0.267]

		PolynomialSplineRegressor.N7Ck5._seg1_monotone=MONOTONIC    
		PolynomialSplineRegressor.N7Ck5._seg2_3_0=20.25000000745058
		PolynomialSplineRegressor.N7Ck5._seg2_6_0=14.0
		PolynomialSplineRegressor.N7Ck5._seg2_head_jack=Wengert{0} => [ 1.000,  0.000,  0.000,  0.000,  0.000,  0.000,  0.000]
Wengert{1} => [ 1.000,  0.000,  3.000,  0.000,  0.000,  0.000,  0.000]
Wengert{2} => [-1.000,  0.000,  3.000,  4.500,  0.000,  0.000,  0.000]
Wengert{3} => [ 0.002,  0.000, -3.000,  4.500,  4.500,  0.000,  0.000]
Wengert{4} => [-110.644,  0.000,  0.007, -4.500,  4.500,  3.375,  0.000]
Wengert{5} => [ 2312735.336,  0.000, -331.931,  0.010, -4.500,  3.375,  2.025]
Wengert{6} => [-2312625.694,  1.000,  328.925, -4.510, -4.500, -6.750, -2.025]

		PolynomialSplineRegressor.N7Ck5._seg2_jack=Wengert{0} => [ 1.000,  0.000,  0.000,  0.000,  0.000,  0.000,  0.000]
Wengert{1} => [ 1.000,  0.000,  3.000,  0.000,  0.000,  0.000,  0.000]
Wengert{2} => [-1.000,  0.000,  3.000,  4.500,  0.000,  0.000,  0.000]
Wengert{3} => [ 0.002,  0.000, -3.000,  4.500,  4.500,  0.000,  0.000]
Wengert{4} => [-110.644,  0.000,  0.007, -4.500,  4.500,  3.375,  0.000]
Wengert{5} => [ 2312735.336,  0.000, -331.931,  0.010, -4.500,  3.375,  2.025]
Wengert{6} => [-2312625.694,  1.000,  328.925, -4.510, -4.500, -6.750, -2.025]

		PolynomialSplineRegressor.N7Ck5._seg2_monotone=MONOTONIC    
		PolynomialSplineRegressor.N7Ck5._seg2_value_jack=Wengert{0} => [ 83052.196,  0.072, -10.136,  1.677,  1.010,  0.424,  0.073]

		PolynomialSplineRegressor.N7Ck5.FinishTime=Fri Nov 02 23:28:22 EDT 2018
		PolynomialSplineRegressor.N7Ck5.ExecTime=492

		PolynomialSplineRegressor.ExpTension.Success=true
		PolynomialSplineRegressor.ExpTension._seg1_1_0=24.999999999999986
		PolynomialSplineRegressor.ExpTension._seg1_3_0=20.249999999999996
		PolynomialSplineRegressor.ExpTension._seg1_head_jack=Wengert{0} => [ 3.000,  0.000, -4.000, -4.000]
Wengert{1} => [ 6.216, -5.708,  25.814,  12.399]
Wengert{2} => [-3.608,  2.854, -9.907, -4.200]
Wengert{3} => [ 1.608, -2.854,  13.907,  8.200]

		PolynomialSplineRegressor.ExpTension._seg1_jack=Wengert{0} => [ 3.000,  0.000, -4.000, -4.000]
Wengert{1} => [ 6.216, -5.708,  25.814,  12.399]
Wengert{2} => [-3.608,  2.854, -9.907, -4.200]
Wengert{3} => [ 1.608, -2.854,  13.907,  8.200]

		PolynomialSplineRegressor.ExpTension._seg1_monotone=MONOTONIC    
		PolynomialSplineRegressor.ExpTension._seg2_3_0=20.24999999999997
		PolynomialSplineRegressor.ExpTension._seg2_6_0=13.999999999999968
		PolynomialSplineRegressor.ExpTension._seg2_head_jack=Wengert{0} => [ 3.000,  0.000, -6.000, -9.000]
Wengert{1} => [ 6.216, -5.708,  38.722,  27.898]
Wengert{2} => [-3.608,  2.854, -14.861, -9.449]
Wengert{3} => [ 1.608, -2.854,  20.861,  18.449]

		PolynomialSplineRegressor.ExpTension._seg2_jack=Wengert{0} => [ 3.000,  0.000, -6.000, -9.000]
Wengert{1} => [ 6.216, -5.708,  38.722,  27.898]
Wengert{2} => [-3.608,  2.854, -14.861, -9.449]
Wengert{3} => [ 1.608, -2.854,  20.861,  18.449]

		PolynomialSplineRegressor.ExpTension._seg2_monotone=MONOTONIC    
		PolynomialSplineRegressor.ExpTension._seg2_value_jack=Wengert{0} => [ 0.771,  0.236,  1.293,  0.545]

		PolynomialSplineRegressor.ExpTension.FinishTime=Fri Nov 02 23:28:22 EDT 2018
		PolynomialSplineRegressor.ExpTension.ExecTime=53

		PolynomialSplineRegressor.HyperTension.Success=true
		PolynomialSplineRegressor.HyperTension._seg1_1_0=24.999999999999993
		PolynomialSplineRegressor.HyperTension._seg1_3_0=20.249999999999996
		PolynomialSplineRegressor.HyperTension._seg1_head_jack=Wengert{0} => [ 3.000, -0.000, -4.000, -4.000]
Wengert{1} => [ 6.216, -5.708,  25.814,  12.399]
Wengert{2} => [-2.000,  0.000,  4.000,  4.000]
Wengert{3} => [-5.216,  5.708, -23.814, -12.399]

		PolynomialSplineRegressor.HyperTension._seg1_jack=Wengert{0} => [ 3.000, -0.000, -4.000, -4.000]
Wengert{1} => [ 6.216, -5.708,  25.814,  12.399]
Wengert{2} => [-2.000,  0.000,  4.000,  4.000]
Wengert{3} => [-5.216,  5.708, -23.814, -12.399]

		PolynomialSplineRegressor.HyperTension._seg1_monotone=MONOTONIC    
		PolynomialSplineRegressor.HyperTension._seg2_3_0=20.249999999999986
		PolynomialSplineRegressor.HyperTension._seg2_6_0=13.999999999999964
		PolynomialSplineRegressor.HyperTension._seg2_head_jack=Wengert{0} => [ 3.000, -0.000, -6.000, -9.000]
Wengert{1} => [ 6.216, -5.708,  38.722,  27.898]
Wengert{2} => [-2.000,  0.000,  6.000,  9.000]
Wengert{3} => [-5.216,  5.708, -35.722, -27.898]

		PolynomialSplineRegressor.HyperTension._seg2_jack=Wengert{0} => [ 3.000, -0.000, -6.000, -9.000]
Wengert{1} => [ 6.216, -5.708,  38.722,  27.898]
Wengert{2} => [-2.000,  0.000,  6.000,  9.000]
Wengert{3} => [-5.216,  5.708, -35.722, -27.898]

		PolynomialSplineRegressor.HyperTension._seg2_monotone=MONOTONIC    
		PolynomialSplineRegressor.HyperTension._seg2_value_jack=Wengert{0} => [ 0.771,  0.236,  1.293,  0.545]

		PolynomialSplineRegressor.HyperTension.FinishTime=Fri Nov 02 23:28:22 EDT 2018
		PolynomialSplineRegressor.HyperTension.ExecTime=66

		PolynomialSplineRegressor.KP.Success=true
		PolynomialSplineRegressor.KP._seg1_1_0=25.0
		PolynomialSplineRegressor.KP._seg1_3_0=20.25
		PolynomialSplineRegressor.KP._seg1_head_jack=Wengert{0} => [ 1.000,  0.000,  0.000,  0.000]
Wengert{1} => [ 0.000,  1.000,  0.000,  0.000]
Wengert{2} => [ 2.000, -1.000,  2.000,  0.000]
Wengert{3} => [ 3.000, -2.000,  6.000,  2.000]

		PolynomialSplineRegressor.KP._seg1_jack=Wengert{0} => [ 1.000,  0.000,  0.000,  0.000]
Wengert{1} => [ 0.000,  1.000,  0.000,  0.000]
Wengert{2} => [ 2.000, -1.000,  2.000,  0.000]
Wengert{3} => [ 3.000, -2.000,  6.000,  2.000]

		PolynomialSplineRegressor.KP._seg1_monotone=MONOTONIC    
		PolynomialSplineRegressor.KP._seg2_3_0=20.25
		PolynomialSplineRegressor.KP._seg2_6_0=14.0
		PolynomialSplineRegressor.KP._seg2_head_jack=Wengert{0} => [ 1.000,  0.000,  0.000,  0.000]
Wengert{1} => [ 0.000,  1.000,  0.000,  0.000]
Wengert{2} => [ 2.000, -1.000,  3.000,  0.000]
Wengert{3} => [ 3.000, -2.000,  9.000,  4.500]

		PolynomialSplineRegressor.KP._seg2_jack=Wengert{0} => [ 1.000,  0.000,  0.000,  0.000]
Wengert{1} => [ 0.000,  1.000,  0.000,  0.000]
Wengert{2} => [ 2.000, -1.000,  3.000,  0.000]
Wengert{3} => [ 3.000, -2.000,  9.000,  4.500]

		PolynomialSplineRegressor.KP._seg2_monotone=MONOTONIC    
		PolynomialSplineRegressor.KP._seg2_value_jack=Wengert{0} => [ 0.758,  0.242,  1.273,  0.545]

		PolynomialSplineRegressor.KP.FinishTime=Fri Nov 02 23:28:22 EDT 2018
		PolynomialSplineRegressor.KP.ExecTime=150

		PolynomialSplineRegressor.Bern_N4Ck2.Success=true
		PolynomialSplineRegressor.Bern_N4Ck2._seg1_1_0=25.0
		PolynomialSplineRegressor.Bern_N4Ck2._seg1_3_0=20.25
		PolynomialSplineRegressor.Bern_N4Ck2._seg1_head_jack=Wengert{0} => [ 6.000,  0.000,  0.000,  0.000]
Wengert{1} => [ 8.000,  0.000,  4.000,  0.000]
Wengert{2} => [ 8.000,  0.000,  12.000,  4.000]
Wengert{3} => [ 0.000,  6.000,  0.000,  0.000]

		PolynomialSplineRegressor.Bern_N4Ck2._seg1_jack=Wengert{0} => [ 6.000,  0.000,  0.000,  0.000]
Wengert{1} => [ 8.000,  0.000,  4.000,  0.000]
Wengert{2} => [ 8.000,  0.000,  12.000,  4.000]
Wengert{3} => [ 0.000,  6.000,  0.000,  0.000]

		PolynomialSplineRegressor.Bern_N4Ck2._seg1_monotone=MONOTONIC    
		PolynomialSplineRegressor.Bern_N4Ck2._seg2_3_0=20.25
		PolynomialSplineRegressor.Bern_N4Ck2._seg2_6_0=14.0
		PolynomialSplineRegressor.Bern_N4Ck2._seg2_head_jack=Wengert{0} => [ 6.000,  0.000,  0.000,  0.000]
Wengert{1} => [ 8.000,  0.000,  6.000,  0.000]
Wengert{2} => [ 8.000,  0.000,  18.000,  9.000]
Wengert{3} => [ 0.000,  6.000,  0.000,  0.000]

		PolynomialSplineRegressor.Bern_N4Ck2._seg2_jack=Wengert{0} => [ 6.000,  0.000,  0.000,  0.000]
Wengert{1} => [ 8.000,  0.000,  6.000,  0.000]
Wengert{2} => [ 8.000,  0.000,  18.000,  9.000]
Wengert{3} => [ 0.000,  6.000,  0.000,  0.000]

		PolynomialSplineRegressor.Bern_N4Ck2._seg2_monotone=MONOTONIC    
		PolynomialSplineRegressor.Bern_N4Ck2._seg2_value_jack=Wengert{0} => [ 0.758,  0.242,  1.273,  0.545]

		PolynomialSplineRegressor.Bern_N4Ck2.FinishTime=Fri Nov 02 23:28:22 EDT 2018
		PolynomialSplineRegressor.Bern_N4Ck2.ExecTime=180

		PolynomialSplineRegressor.Hermite_N4Ck1.Success=true
		PolynomialSplineRegressor.Hermite_N4Ck1._seg1_0_0=1.0
		PolynomialSplineRegressor.Hermite_N4Ck1._seg1_1_0=4.0
		PolynomialSplineRegressor.Hermite_N4Ck1._seg1_head_jack=Wengert{0} => [ 1.000,  0.000,  0.000,  0.000]
Wengert{1} => [ 1.000,  0.000,  1.000,  0.000]
Wengert{2} => [-5.000,  4.000, -2.000, -1.000]
Wengert{3} => [ 3.000, -3.000,  1.000,  1.000]

		PolynomialSplineRegressor.Hermite_N4Ck1._seg1_jack=Wengert{0} => [ 1.000,  0.000,  0.000,  0.000]
Wengert{1} => [ 1.000,  0.000,  1.000,  0.000]
Wengert{2} => [-5.000,  4.000, -2.000, -1.000]
Wengert{3} => [ 3.000, -3.000,  1.000,  1.000]

		PolynomialSplineRegressor.Hermite_N4Ck1._seg1_monotone=MONOTONIC    
		PolynomialSplineRegressor.Hermite_N4Ck1._seg2_1_0=4.0
		PolynomialSplineRegressor.Hermite_N4Ck1._seg2_2_0=14.0
		PolynomialSplineRegressor.Hermite_N4Ck1._seg2_head_jack=Wengert{0} => [ 1.000,  0.000,  0.000,  0.000]
Wengert{1} => [ 1.000,  0.000,  1.000,  0.000]
Wengert{2} => [-5.000,  4.000, -2.000, -1.000]
Wengert{3} => [ 3.000, -3.000,  1.000,  1.000]

		PolynomialSplineRegressor.Hermite_N4Ck1._seg2_jack=Wengert{0} => [ 1.000,  0.000,  0.000,  0.000]
Wengert{1} => [ 1.000,  0.000,  1.000,  0.000]
Wengert{2} => [-5.000,  4.000, -2.000, -1.000]
Wengert{3} => [ 3.000, -3.000,  1.000,  1.000]

		PolynomialSplineRegressor.Hermite_N4Ck1._seg2_monotone=MONOTONIC    
		PolynomialSplineRegressor.Hermite_N4Ck1._seg2_value_jack=Wengert{0} => [ 0.500,  0.500,  0.100, -0.100]

		PolynomialSplineRegressor.Hermite_N4Ck1.FinishTime=Fri Nov 02 23:28:22 EDT 2018
		PolynomialSplineRegressor.Hermite_N4Ck1.ExecTime=58

		PolynomialSplineRegressor.Hermite_Bessel_CatmullRom_Cardinal_N4Ck1.Success=true
		PolynomialSplineRegressor.Hermite_Bessel_CatmullRom_Cardinal_N4Ck1.hermite_bessel_catmullrom_cardinal_n4ck1_local_c1_bessel_hermite_0.0= 1.00 | MINIMA       
		PolynomialSplineRegressor.Hermite_Bessel_CatmullRom_Cardinal_N4Ck1.hermite_bessel_catmullrom_cardinal_n4ck1_local_c1_bessel_hermite_0.0_jack=Wengert{0} => [ 1.000,  0.000,  0.000,  0.000,  0.000]

		PolynomialSplineRegressor.Hermite_Bessel_CatmullRom_Cardinal_N4Ck1.hermite_bessel_catmullrom_cardinal_n4ck1_local_c1_bessel_hermite_0.5= 2.20 | MINIMA       
		PolynomialSplineRegressor.Hermite_Bessel_CatmullRom_Cardinal_N4Ck1.hermite_bessel_catmullrom_cardinal_n4ck1_local_c1_bessel_hermite_0.5_jack=Wengert{0} => [ 0.500,  0.500,  0.000,  0.000,  0.000]

		PolynomialSplineRegressor.Hermite_Bessel_CatmullRom_Cardinal_N4Ck1.hermite_bessel_catmullrom_cardinal_n4ck1_local_c1_bessel_hermite_1.0= 4.00 | MINIMA       
		PolynomialSplineRegressor.Hermite_Bessel_CatmullRom_Cardinal_N4Ck1.hermite_bessel_catmullrom_cardinal_n4ck1_local_c1_bessel_hermite_1.0_jack=Wengert{0} => [ 0.000,  1.000,  0.000,  0.000,  0.000]

		PolynomialSplineRegressor.Hermite_Bessel_CatmullRom_Cardinal_N4Ck1.hermite_bessel_catmullrom_cardinal_n4ck1_local_c1_bessel_hermite_1.5= 8.70 | MONOTONIC    
		PolynomialSplineRegressor.Hermite_Bessel_CatmullRom_Cardinal_N4Ck1.hermite_bessel_catmullrom_cardinal_n4ck1_local_c1_bessel_hermite_1.5_jack=Wengert{0} => [ 0.000,  0.500,  0.500,  0.000,  0.000]

		PolynomialSplineRegressor.Hermite_Bessel_CatmullRom_Cardinal_N4Ck1.hermite_bessel_catmullrom_cardinal_n4ck1_local_c1_bessel_hermite_2.0= 15.00 | MONOTONIC    
		PolynomialSplineRegressor.Hermite_Bessel_CatmullRom_Cardinal_N4Ck1.hermite_bessel_catmullrom_cardinal_n4ck1_local_c1_bessel_hermite_2.0_jack=Wengert{0} => [ 0.000,  0.000,  1.000,  0.000,  0.000]

		PolynomialSplineRegressor.Hermite_Bessel_CatmullRom_Cardinal_N4Ck1.hermite_bessel_catmullrom_cardinal_n4ck1_local_c1_bessel_hermite_2.5= 26.10 | MONOTONIC    
		PolynomialSplineRegressor.Hermite_Bessel_CatmullRom_Cardinal_N4Ck1.hermite_bessel_catmullrom_cardinal_n4ck1_local_c1_bessel_hermite_2.5_jack=Wengert{0} => [ 0.000,  0.000,  0.500,  0.500,  0.000]

		PolynomialSplineRegressor.Hermite_Bessel_CatmullRom_Cardinal_N4Ck1.hermite_bessel_catmullrom_cardinal_n4ck1_local_c1_bessel_hermite_3.0= 40.00 | MONOTONIC    
		PolynomialSplineRegressor.Hermite_Bessel_CatmullRom_Cardinal_N4Ck1.hermite_bessel_catmullrom_cardinal_n4ck1_local_c1_bessel_hermite_3.0_jack=Wengert{0} => [ 0.000,  0.000,  0.000,  1.000,  0.000]

		PolynomialSplineRegressor.Hermite_Bessel_CatmullRom_Cardinal_N4Ck1.hermite_bessel_catmullrom_cardinal_n4ck1_local_c1_bessel_hermite_3.5= 70.50 | MONOTONIC    
		PolynomialSplineRegressor.Hermite_Bessel_CatmullRom_Cardinal_N4Ck1.hermite_bessel_catmullrom_cardinal_n4ck1_local_c1_bessel_hermite_3.5_jack=Wengert{0} => [ 0.000,  0.000,  0.000,  0.500,  0.500]

		PolynomialSplineRegressor.Hermite_Bessel_CatmullRom_Cardinal_N4Ck1.hermite_bessel_catmullrom_cardinal_n4ck1_local_c1_bessel_hermite_4.0= 85.00 | MONOTONIC    
		PolynomialSplineRegressor.Hermite_Bessel_CatmullRom_Cardinal_N4Ck1.hermite_bessel_catmullrom_cardinal_n4ck1_local_c1_bessel_hermite_4.0_jack=Wengert{0} => [ 0.000,  0.000,  0.000,  0.000,  1.000]

		PolynomialSplineRegressor.Hermite_Bessel_CatmullRom_Cardinal_N4Ck1.hermite_bessel_catmullrom_cardinal_n4ck1_local_cardinal_knot_0.0= 0.00 | MONOTONIC    
		PolynomialSplineRegressor.Hermite_Bessel_CatmullRom_Cardinal_N4Ck1.hermite_bessel_catmullrom_cardinal_n4ck1_local_cardinal_knot_0.0_jack=Wengert{0} => [ 1.000,  0.000,  0.000,  0.000,  0.000,  0.000]

		PolynomialSplineRegressor.Hermite_Bessel_CatmullRom_Cardinal_N4Ck1.hermite_bessel_catmullrom_cardinal_n4ck1_local_cardinal_knot_0.5= 0.00 | MONOTONIC    
		PolynomialSplineRegressor.Hermite_Bessel_CatmullRom_Cardinal_N4Ck1.hermite_bessel_catmullrom_cardinal_n4ck1_local_cardinal_knot_0.5_jack=Wengert{0} => [ 0.500,  0.500,  0.000,  0.000,  0.000,  0.000]

		PolynomialSplineRegressor.Hermite_Bessel_CatmullRom_Cardinal_N4Ck1.hermite_bessel_catmullrom_cardinal_n4ck1_local_cardinal_knot_1.0= 0.00 | MONOTONIC    
		PolynomialSplineRegressor.Hermite_Bessel_CatmullRom_Cardinal_N4Ck1.hermite_bessel_catmullrom_cardinal_n4ck1_local_cardinal_knot_1.0_jack=Wengert{0} => [ 0.000,  1.000,  0.000,  0.000,  0.000,  0.000]

		PolynomialSplineRegressor.Hermite_Bessel_CatmullRom_Cardinal_N4Ck1.hermite_bessel_catmullrom_cardinal_n4ck1_local_cardinal_knot_1.5= 0.00 | MONOTONIC    
		PolynomialSplineRegressor.Hermite_Bessel_CatmullRom_Cardinal_N4Ck1.hermite_bessel_catmullrom_cardinal_n4ck1_local_cardinal_knot_1.5_jack=Wengert{0} => [ 0.000,  0.500,  0.500,  0.000,  0.000,  0.000]

		PolynomialSplineRegressor.Hermite_Bessel_CatmullRom_Cardinal_N4Ck1.hermite_bessel_catmullrom_cardinal_n4ck1_local_cardinal_knot_2.0= 0.00 | MONOTONIC    
		PolynomialSplineRegressor.Hermite_Bessel_CatmullRom_Cardinal_N4Ck1.hermite_bessel_catmullrom_cardinal_n4ck1_local_cardinal_knot_2.0_jack=Wengert{0} => [ 0.000,  0.000,  1.000,  0.000,  0.000,  0.000]

		PolynomialSplineRegressor.Hermite_Bessel_CatmullRom_Cardinal_N4Ck1.hermite_bessel_catmullrom_cardinal_n4ck1_local_cardinal_knot_2.5= 0.00 | MONOTONIC    
		PolynomialSplineRegressor.Hermite_Bessel_CatmullRom_Cardinal_N4Ck1.hermite_bessel_catmullrom_cardinal_n4ck1_local_cardinal_knot_2.5_jack=Wengert{0} => [ 0.000,  0.000,  0.000,  1.000,  0.000,  0.000]

		PolynomialSplineRegressor.Hermite_Bessel_CatmullRom_Cardinal_N4Ck1.hermite_bessel_catmullrom_cardinal_n4ck1_local_cardinal_knot_3.0= 0.00 | MONOTONIC    
		PolynomialSplineRegressor.Hermite_Bessel_CatmullRom_Cardinal_N4Ck1.hermite_bessel_catmullrom_cardinal_n4ck1_local_cardinal_knot_3.0_jack=Wengert{0} => [ 0.000,  0.000,  0.000,  0.000,  1.000,  0.000]

		PolynomialSplineRegressor.Hermite_Bessel_CatmullRom_Cardinal_N4Ck1.hermite_bessel_catmullrom_cardinal_n4ck1_local_cardinal_knot_3.5= 0.00 | MONOTONIC    
		PolynomialSplineRegressor.Hermite_Bessel_CatmullRom_Cardinal_N4Ck1.hermite_bessel_catmullrom_cardinal_n4ck1_local_cardinal_knot_3.5_jack=Wengert{0} => [ 0.000,  0.000,  0.000,  0.000,  0.500,  0.500]

		PolynomialSplineRegressor.Hermite_Bessel_CatmullRom_Cardinal_N4Ck1.hermite_bessel_catmullrom_cardinal_n4ck1_local_cardinal_knot_4.0= 0.00 | MONOTONIC    
		PolynomialSplineRegressor.Hermite_Bessel_CatmullRom_Cardinal_N4Ck1.hermite_bessel_catmullrom_cardinal_n4ck1_local_cardinal_knot_4.0_jack=Wengert{0} => [ 0.000,  0.000,  0.000,  0.000,  0.000,  1.000]

		PolynomialSplineRegressor.Hermite_Bessel_CatmullRom_Cardinal_N4Ck1.hermite_bessel_catmullrom_cardinal_n4ck1_local_catmull_rom_knot_0.0= 0.00 | MONOTONIC    
		PolynomialSplineRegressor.Hermite_Bessel_CatmullRom_Cardinal_N4Ck1.hermite_bessel_catmullrom_cardinal_n4ck1_local_catmull_rom_knot_0.0_jack=Wengert{0} => [ 1.000,  0.000,  0.000,  0.000,  0.000,  0.000]

		PolynomialSplineRegressor.Hermite_Bessel_CatmullRom_Cardinal_N4Ck1.hermite_bessel_catmullrom_cardinal_n4ck1_local_catmull_rom_knot_0.5= 0.00 | MONOTONIC    
		PolynomialSplineRegressor.Hermite_Bessel_CatmullRom_Cardinal_N4Ck1.hermite_bessel_catmullrom_cardinal_n4ck1_local_catmull_rom_knot_0.5_jack=Wengert{0} => [ 0.500,  0.500,  0.000,  0.000,  0.000,  0.000]

		PolynomialSplineRegressor.Hermite_Bessel_CatmullRom_Cardinal_N4Ck1.hermite_bessel_catmullrom_cardinal_n4ck1_local_catmull_rom_knot_1.0= 0.00 | MONOTONIC    
		PolynomialSplineRegressor.Hermite_Bessel_CatmullRom_Cardinal_N4Ck1.hermite_bessel_catmullrom_cardinal_n4ck1_local_catmull_rom_knot_1.0_jack=Wengert{0} => [ 0.000,  1.000,  0.000,  0.000,  0.000,  0.000]

		PolynomialSplineRegressor.Hermite_Bessel_CatmullRom_Cardinal_N4Ck1.hermite_bessel_catmullrom_cardinal_n4ck1_local_catmull_rom_knot_1.5= 0.00 | MONOTONIC    
		PolynomialSplineRegressor.Hermite_Bessel_CatmullRom_Cardinal_N4Ck1.hermite_bessel_catmullrom_cardinal_n4ck1_local_catmull_rom_knot_1.5_jack=Wengert{0} => [ 0.000,  0.500,  0.500,  0.000,  0.000,  0.000]

		PolynomialSplineRegressor.Hermite_Bessel_CatmullRom_Cardinal_N4Ck1.hermite_bessel_catmullrom_cardinal_n4ck1_local_catmull_rom_knot_2.0= 0.00 | MONOTONIC    
		PolynomialSplineRegressor.Hermite_Bessel_CatmullRom_Cardinal_N4Ck1.hermite_bessel_catmullrom_cardinal_n4ck1_local_catmull_rom_knot_2.0_jack=Wengert{0} => [ 0.000,  0.000,  1.000,  0.000,  0.000,  0.000]

		PolynomialSplineRegressor.Hermite_Bessel_CatmullRom_Cardinal_N4Ck1.hermite_bessel_catmullrom_cardinal_n4ck1_local_catmull_rom_knot_2.5= 0.00 | MONOTONIC    
		PolynomialSplineRegressor.Hermite_Bessel_CatmullRom_Cardinal_N4Ck1.hermite_bessel_catmullrom_cardinal_n4ck1_local_catmull_rom_knot_2.5_jack=Wengert{0} => [ 0.000,  0.000,  0.000,  1.000,  0.000,  0.000]

		PolynomialSplineRegressor.Hermite_Bessel_CatmullRom_Cardinal_N4Ck1.hermite_bessel_catmullrom_cardinal_n4ck1_local_catmull_rom_knot_3.0= 0.00 | MONOTONIC    
		PolynomialSplineRegressor.Hermite_Bessel_CatmullRom_Cardinal_N4Ck1.hermite_bessel_catmullrom_cardinal_n4ck1_local_catmull_rom_knot_3.0_jack=Wengert{0} => [ 0.000,  0.000,  0.000,  0.000,  1.000,  0.000]

		PolynomialSplineRegressor.Hermite_Bessel_CatmullRom_Cardinal_N4Ck1.hermite_bessel_catmullrom_cardinal_n4ck1_local_catmull_rom_knot_3.5= 0.00 | MONOTONIC    
		PolynomialSplineRegressor.Hermite_Bessel_CatmullRom_Cardinal_N4Ck1.hermite_bessel_catmullrom_cardinal_n4ck1_local_catmull_rom_knot_3.5_jack=Wengert{0} => [ 0.000,  0.000,  0.000,  0.000,  0.500,  0.500]

		PolynomialSplineRegressor.Hermite_Bessel_CatmullRom_Cardinal_N4Ck1.hermite_bessel_catmullrom_cardinal_n4ck1_local_catmull_rom_knot_4.0= 0.00 | MONOTONIC    
		PolynomialSplineRegressor.Hermite_Bessel_CatmullRom_Cardinal_N4Ck1.hermite_bessel_catmullrom_cardinal_n4ck1_local_catmull_rom_knot_4.0_jack=Wengert{0} => [ 0.000,  0.000,  0.000,  0.000,  0.000,  1.000]

		PolynomialSplineRegressor.Hermite_Bessel_CatmullRom_Cardinal_N4Ck1.hermite_bessel_catmullrom_cardinal_n4ck1_local_hermite_knot_0.0= 0.00 | MONOTONIC    
		PolynomialSplineRegressor.Hermite_Bessel_CatmullRom_Cardinal_N4Ck1.hermite_bessel_catmullrom_cardinal_n4ck1_local_hermite_knot_0.0_jack=Wengert{0} => [ 1.000,  0.000,  0.000,  0.000,  0.000,  0.000]

		PolynomialSplineRegressor.Hermite_Bessel_CatmullRom_Cardinal_N4Ck1.hermite_bessel_catmullrom_cardinal_n4ck1_local_hermite_knot_0.5= 0.00 | MONOTONIC    
		PolynomialSplineRegressor.Hermite_Bessel_CatmullRom_Cardinal_N4Ck1.hermite_bessel_catmullrom_cardinal_n4ck1_local_hermite_knot_0.5_jack=Wengert{0} => [ 0.500,  0.500,  0.000,  0.000,  0.000,  0.000]

		PolynomialSplineRegressor.Hermite_Bessel_CatmullRom_Cardinal_N4Ck1.hermite_bessel_catmullrom_cardinal_n4ck1_local_hermite_knot_1.0= 0.00 | MONOTONIC    
		PolynomialSplineRegressor.Hermite_Bessel_CatmullRom_Cardinal_N4Ck1.hermite_bessel_catmullrom_cardinal_n4ck1_local_hermite_knot_1.0_jack=Wengert{0} => [ 0.000,  1.000,  0.000,  0.000,  0.000,  0.000]

		PolynomialSplineRegressor.Hermite_Bessel_CatmullRom_Cardinal_N4Ck1.hermite_bessel_catmullrom_cardinal_n4ck1_local_hermite_knot_1.5= 0.00 | MONOTONIC    
		PolynomialSplineRegressor.Hermite_Bessel_CatmullRom_Cardinal_N4Ck1.hermite_bessel_catmullrom_cardinal_n4ck1_local_hermite_knot_1.5_jack=Wengert{0} => [ 0.000,  0.500,  0.500,  0.000,  0.000,  0.000]

		PolynomialSplineRegressor.Hermite_Bessel_CatmullRom_Cardinal_N4Ck1.hermite_bessel_catmullrom_cardinal_n4ck1_local_hermite_knot_2.0= 0.00 | MONOTONIC    
		PolynomialSplineRegressor.Hermite_Bessel_CatmullRom_Cardinal_N4Ck1.hermite_bessel_catmullrom_cardinal_n4ck1_local_hermite_knot_2.0_jack=Wengert{0} => [ 0.000,  0.000,  1.000,  0.000,  0.000,  0.000]

		PolynomialSplineRegressor.Hermite_Bessel_CatmullRom_Cardinal_N4Ck1.hermite_bessel_catmullrom_cardinal_n4ck1_local_hermite_knot_2.5= 27.50 | MONOTONIC    
		PolynomialSplineRegressor.Hermite_Bessel_CatmullRom_Cardinal_N4Ck1.hermite_bessel_catmullrom_cardinal_n4ck1_local_hermite_knot_2.5_jack=Wengert{0} => [ 0.000,  0.000,  0.000,  1.000,  0.000,  0.000]

		PolynomialSplineRegressor.Hermite_Bessel_CatmullRom_Cardinal_N4Ck1.hermite_bessel_catmullrom_cardinal_n4ck1_local_hermite_knot_3.0= 0.00 | MONOTONIC    
		PolynomialSplineRegressor.Hermite_Bessel_CatmullRom_Cardinal_N4Ck1.hermite_bessel_catmullrom_cardinal_n4ck1_local_hermite_knot_3.0_jack=Wengert{0} => [ 0.000,  0.000,  0.000,  0.000,  1.000,  0.000]

		PolynomialSplineRegressor.Hermite_Bessel_CatmullRom_Cardinal_N4Ck1.hermite_bessel_catmullrom_cardinal_n4ck1_local_hermite_knot_3.5= 0.00 | MONOTONIC    
		PolynomialSplineRegressor.Hermite_Bessel_CatmullRom_Cardinal_N4Ck1.hermite_bessel_catmullrom_cardinal_n4ck1_local_hermite_knot_3.5_jack=Wengert{0} => [ 0.000,  0.000,  0.000,  0.000,  0.500,  0.500]

		PolynomialSplineRegressor.Hermite_Bessel_CatmullRom_Cardinal_N4Ck1.hermite_bessel_catmullrom_cardinal_n4ck1_local_hermite_knot_4.0= 0.00 | MONOTONIC    
		PolynomialSplineRegressor.Hermite_Bessel_CatmullRom_Cardinal_N4Ck1.hermite_bessel_catmullrom_cardinal_n4ck1_local_hermite_knot_4.0_jack=Wengert{0} => [ 0.000,  0.000,  0.000,  0.000,  0.000,  1.000]

		PolynomialSplineRegressor.Hermite_Bessel_CatmullRom_Cardinal_N4Ck1.hermite_bessel_catmullrom_cardinal_n4ck1_local_no_knot_0.0= 0.00 | MONOTONIC    
		PolynomialSplineRegressor.Hermite_Bessel_CatmullRom_Cardinal_N4Ck1.hermite_bessel_catmullrom_cardinal_n4ck1_local_no_knot_0.0_jack=Wengert{0} => [ 0.000,  0.000,  0.000,  0.000,  0.000]

		PolynomialSplineRegressor.Hermite_Bessel_CatmullRom_Cardinal_N4Ck1.hermite_bessel_catmullrom_cardinal_n4ck1_local_no_knot_0.5= 0.00 | MONOTONIC    
		PolynomialSplineRegressor.Hermite_Bessel_CatmullRom_Cardinal_N4Ck1.hermite_bessel_catmullrom_cardinal_n4ck1_local_no_knot_0.5_jack=Wengert{0} => [ 0.000,  0.000,  0.000,  0.000,  0.000]

		PolynomialSplineRegressor.Hermite_Bessel_CatmullRom_Cardinal_N4Ck1.hermite_bessel_catmullrom_cardinal_n4ck1_local_no_knot_1.0= 0.00 | MONOTONIC    
		PolynomialSplineRegressor.Hermite_Bessel_CatmullRom_Cardinal_N4Ck1.hermite_bessel_catmullrom_cardinal_n4ck1_local_no_knot_1.0_jack=Wengert{0} => [ 0.000,  0.000,  0.000,  0.000,  0.000]

		PolynomialSplineRegressor.Hermite_Bessel_CatmullRom_Cardinal_N4Ck1.hermite_bessel_catmullrom_cardinal_n4ck1_local_no_knot_1.5= 0.00 | MONOTONIC    
		PolynomialSplineRegressor.Hermite_Bessel_CatmullRom_Cardinal_N4Ck1.hermite_bessel_catmullrom_cardinal_n4ck1_local_no_knot_1.5_jack=Wengert{0} => [ 0.000,  0.000,  0.000,  0.000,  0.000]

		PolynomialSplineRegressor.Hermite_Bessel_CatmullRom_Cardinal_N4Ck1.hermite_bessel_catmullrom_cardinal_n4ck1_local_no_knot_2.0= 0.00 | MONOTONIC    
		PolynomialSplineRegressor.Hermite_Bessel_CatmullRom_Cardinal_N4Ck1.hermite_bessel_catmullrom_cardinal_n4ck1_local_no_knot_2.0_jack=Wengert{0} => [ 0.000,  0.000,  0.000,  0.000,  0.000]

		PolynomialSplineRegressor.Hermite_Bessel_CatmullRom_Cardinal_N4Ck1.hermite_bessel_catmullrom_cardinal_n4ck1_local_no_knot_2.5= 0.00 | MONOTONIC    
		PolynomialSplineRegressor.Hermite_Bessel_CatmullRom_Cardinal_N4Ck1.hermite_bessel_catmullrom_cardinal_n4ck1_local_no_knot_2.5_jack=Wengert{0} => [ 0.000,  0.000,  0.000,  0.000,  0.000]

		PolynomialSplineRegressor.Hermite_Bessel_CatmullRom_Cardinal_N4Ck1.hermite_bessel_catmullrom_cardinal_n4ck1_local_no_knot_3.0= 0.00 | MONOTONIC    
		PolynomialSplineRegressor.Hermite_Bessel_CatmullRom_Cardinal_N4Ck1.hermite_bessel_catmullrom_cardinal_n4ck1_local_no_knot_3.0_jack=Wengert{0} => [ 0.000,  0.000,  0.000,  0.000,  0.000]

		PolynomialSplineRegressor.Hermite_Bessel_CatmullRom_Cardinal_N4Ck1.hermite_bessel_catmullrom_cardinal_n4ck1_local_no_knot_3.5= 0.00 | MONOTONIC    
		PolynomialSplineRegressor.Hermite_Bessel_CatmullRom_Cardinal_N4Ck1.hermite_bessel_catmullrom_cardinal_n4ck1_local_no_knot_3.5_jack=Wengert{0} => [ 0.000,  0.000,  0.000,  0.000,  0.000]

		PolynomialSplineRegressor.Hermite_Bessel_CatmullRom_Cardinal_N4Ck1.hermite_bessel_catmullrom_cardinal_n4ck1_local_no_knot_4.0= 0.00 | MONOTONIC    
		PolynomialSplineRegressor.Hermite_Bessel_CatmullRom_Cardinal_N4Ck1.hermite_bessel_catmullrom_cardinal_n4ck1_local_no_knot_4.0_jack=Wengert{0} => [ 0.000,  0.000,  0.000,  0.000,  0.000]

		PolynomialSplineRegressor.Hermite_Bessel_CatmullRom_Cardinal_N4Ck1.FinishTime=Fri Nov 02 23:28:22 EDT 2018
		PolynomialSplineRegressor.Hermite_Bessel_CatmullRom_Cardinal_N4Ck1.ExecTime=237

		PolynomialSplineRegressor.Lagrange_Polynomial_Stretch.Success=true
		PolynomialSplineRegressor.Lagrange_Polynomial_Stretch.lpsr_locallymonotone=true
		PolynomialSplineRegressor.Lagrange_Polynomial_Stretch.lpsr_sm=MONOTONIC    
		PolynomialSplineRegressor.Lagrange_Polynomial_Stretch.lpsr_value=2.16
		PolynomialSplineRegressor.Lagrange_Polynomial_Stretch.lpsr_wj=Wengert{0} => [-0.041,  0.896,  0.171, -0.026]

		PolynomialSplineRegressor.Lagrange_Polynomial_Stretch.FinishTime=Fri Nov 02 23:28:22 EDT 2018
		PolynomialSplineRegressor.Lagrange_Polynomial_Stretch.ExecTime=47
	PolynomialSplineRegressor=> 11789 (mu-s): 28 / 28 succeeded.
	PolynomialSplineRegressor ends at Fri Nov 02 23:28:22 EDT 2018

	PolynomialSplineRegressor starts at Fri Nov 02 23:28:22 EDT 2018

		PolynomialSplineRegressor.N2Ck0.Success=true
		PolynomialSplineRegressor.N2Ck0._seg1_1_0=25.0
		PolynomialSplineRegressor.N2Ck0._seg1_3_0=20.25
		PolynomialSplineRegressor.N2Ck0._seg1_head_jack=Wengert{0} => [ 1.000,  0.000]
Wengert{1} => [-1.000,  1.000]

		PolynomialSplineRegressor.N2Ck0._seg1_jack=Wengert{0} => [ 1.000,  0.000]
Wengert{1} => [-1.000,  1.000]

		PolynomialSplineRegressor.N2Ck0._seg1_monotone=MONOTONIC    
		PolynomialSplineRegressor.N2Ck0._seg2_3_0=20.25
		PolynomialSplineRegressor.N2Ck0._seg2_6_0=14.0
		PolynomialSplineRegressor.N2Ck0._seg2_head_jack=Wengert{0} => [ 1.000,  0.000]
Wengert{1} => [-1.000,  1.000]

		PolynomialSplineRegressor.N2Ck0._seg2_jack=Wengert{0} => [ 1.000,  0.000]
Wengert{1} => [-1.000,  1.000]

		PolynomialSplineRegressor.N2Ck0._seg2_monotone=MONOTONIC    
		PolynomialSplineRegressor.N2Ck0._seg2_value_jack=Wengert{0} => [ 0.273,  0.545]

		PolynomialSplineRegressor.N2Ck0.FinishTime=Fri Nov 02 23:28:22 EDT 2018
		PolynomialSplineRegressor.N2Ck0.ExecTime=17

		PolynomialSplineRegressor.N3Ck0.Success=true
		PolynomialSplineRegressor.N3Ck0._seg1_1_0=25.0
		PolynomialSplineRegressor.N3Ck0._seg1_3_0=20.249999999999993
		PolynomialSplineRegressor.N3Ck0._seg1_head_jack=Wengert{0} => [ 1.000,  0.000,  0.000]
Wengert{1} => [-0.973,  1.973, -1.110]
Wengert{2} => [-0.027, -0.973,  1.110]

		PolynomialSplineRegressor.N3Ck0._seg1_jack=Wengert{0} => [ 1.000,  0.000,  0.000]
Wengert{1} => [-0.973,  1.973, -1.110]
Wengert{2} => [-0.027, -0.973,  1.110]

		PolynomialSplineRegressor.N3Ck0._seg1_monotone=MONOTONIC    
		PolynomialSplineRegressor.N3Ck0._seg2_3_0=20.249999999999993
		PolynomialSplineRegressor.N3Ck0._seg2_6_0=14.0
		PolynomialSplineRegressor.N3Ck0._seg2_head_jack=Wengert{0} => [ 1.000,  0.000,  0.000]
Wengert{1} => [-0.973,  1.973, -3.747]
Wengert{2} => [-0.027, -0.973,  3.747]

		PolynomialSplineRegressor.N3Ck0._seg2_jack=Wengert{0} => [ 1.000,  0.000,  0.000]
Wengert{1} => [-0.973,  1.973, -3.747]
Wengert{2} => [-0.027, -0.973,  3.747]

		PolynomialSplineRegressor.N3Ck0._seg2_monotone=MONOTONIC    
		PolynomialSplineRegressor.N3Ck0._seg2_value_jack=Wengert{0} => [ 0.278,  0.722, -0.681]

		PolynomialSplineRegressor.N3Ck0.FinishTime=Fri Nov 02 23:28:22 EDT 2018
		PolynomialSplineRegressor.N3Ck0.ExecTime=100

		PolynomialSplineRegressor.N3Ck1.Success=true
		PolynomialSplineRegressor.N3Ck1._seg1_1_0=25.0
		PolynomialSplineRegressor.N3Ck1._seg1_3_0=20.25
		PolynomialSplineRegressor.N3Ck1._seg1_head_jack=Wengert{0} => [ 1.000,  0.000,  0.000]
Wengert{1} => [ 1.000,  0.000,  2.000]
Wengert{2} => [-2.000,  1.000, -2.000]

		PolynomialSplineRegressor.N3Ck1._seg1_jack=Wengert{0} => [ 1.000,  0.000,  0.000]
Wengert{1} => [ 1.000,  0.000,  2.000]
Wengert{2} => [-2.000,  1.000, -2.000]

		PolynomialSplineRegressor.N3Ck1._seg1_monotone=MONOTONIC    
		PolynomialSplineRegressor.N3Ck1._seg2_3_0=20.25
		PolynomialSplineRegressor.N3Ck1._seg2_6_0=14.0
		PolynomialSplineRegressor.N3Ck1._seg2_head_jack=Wengert{0} => [ 1.000,  0.000,  0.000]
Wengert{1} => [ 1.000,  0.000,  3.000]
Wengert{2} => [-2.000,  1.000, -3.000]

		PolynomialSplineRegressor.N3Ck1._seg2_jack=Wengert{0} => [ 1.000,  0.000,  0.000]
Wengert{1} => [ 1.000,  0.000,  3.000]
Wengert{2} => [-2.000,  1.000, -3.000]

		PolynomialSplineRegressor.N3Ck1._seg2_monotone=MONOTONIC    
		PolynomialSplineRegressor.N3Ck1._seg2_value_jack=Wengert{0} => [ 0.636,  0.364,  0.545]

		PolynomialSplineRegressor.N3Ck1.FinishTime=Fri Nov 02 23:28:22 EDT 2018
		PolynomialSplineRegressor.N3Ck1.ExecTime=208

		PolynomialSplineRegressor.N4Ck0.Success=true
		PolynomialSplineRegressor.N4Ck0._seg1_1_0=25.0
		PolynomialSplineRegressor.N4Ck0._seg1_3_0=20.24999999999999
		PolynomialSplineRegressor.N4Ck0._seg1_head_jack=Wengert{0} => [ 1.000,  0.000,  0.000,  0.000]
Wengert{1} => [ 0.000,  1.000, -5.677,  3.425]
Wengert{2} => [-2.000,  1.000,  10.368, -6.943]
Wengert{3} => [ 1.000, -1.000, -4.692,  3.519]

		PolynomialSplineRegressor.N4Ck0._seg1_jack=Wengert{0} => [ 1.000,  0.000,  0.000,  0.000]
Wengert{1} => [ 0.000,  1.000, -5.677,  3.425]
Wengert{2} => [-2.000,  1.000,  10.368, -6.943]
Wengert{3} => [ 1.000, -1.000, -4.692,  3.519]

		PolynomialSplineRegressor.N4Ck0._seg1_monotone=MONOTONIC    
		PolynomialSplineRegressor.N4Ck0._seg2_3_0=20.24999999999999
		PolynomialSplineRegressor.N4Ck0._seg2_6_0=14.000000000000004
		PolynomialSplineRegressor.N4Ck0._seg2_head_jack=Wengert{0} => [ 1.000,  0.000,  0.000,  0.000]
Wengert{1} => [-0.000,  1.000, -19.159,  11.559]
Wengert{2} => [-2.000,  1.000,  34.993, -23.434]
Wengert{3} => [ 1.000, -1.000, -15.834,  11.875]

		PolynomialSplineRegressor.N4Ck0._seg2_jack=Wengert{0} => [ 1.000,  0.000,  0.000,  0.000]
Wengert{1} => [-0.000,  1.000, -19.159,  11.559]
Wengert{2} => [-2.000,  1.000,  34.993, -23.434]
Wengert{3} => [ 1.000, -1.000, -15.834,  11.875]

		PolynomialSplineRegressor.N4Ck0._seg2_monotone=MONOTONIC    
		PolynomialSplineRegressor.N4Ck0._seg2_value_jack=Wengert{0} => [ 0.333,  0.667, -1.564,  0.662]

		PolynomialSplineRegressor.N4Ck0.FinishTime=Fri Nov 02 23:28:22 EDT 2018
		PolynomialSplineRegressor.N4Ck0.ExecTime=334

		PolynomialSplineRegressor.N4Ck1.Success=true
		PolynomialSplineRegressor.N4Ck1._seg1_1_0=25.0
		PolynomialSplineRegressor.N4Ck1._seg1_3_0=20.25
		PolynomialSplineRegressor.N4Ck1._seg1_head_jack=Wengert{0} => [ 1.000,  0.000,  0.000,  0.000]
Wengert{1} => [ 1.000,  0.000,  2.000,  0.000]
Wengert{2} => [-3.826,  2.826, -3.653, -0.688]
Wengert{3} => [ 1.826, -1.826,  1.653,  0.688]

		PolynomialSplineRegressor.N4Ck1._seg1_jack=Wengert{0} => [ 1.000,  0.000,  0.000,  0.000]
Wengert{1} => [ 1.000,  0.000,  2.000,  0.000]
Wengert{2} => [-3.826,  2.826, -3.653, -0.688]
Wengert{3} => [ 1.826, -1.826,  1.653,  0.688]

		PolynomialSplineRegressor.N4Ck1._seg1_monotone=MONOTONIC    
		PolynomialSplineRegressor.N4Ck1._seg2_3_0=20.25
		PolynomialSplineRegressor.N4Ck1._seg2_6_0=14.000000000000004
		PolynomialSplineRegressor.N4Ck1._seg2_head_jack=Wengert{0} => [ 1.000,  0.000,  0.000,  0.000]
Wengert{1} => [ 1.000,  0.000,  3.000,  0.000]
Wengert{2} => [-3.826,  2.826, -5.479, -2.323]
Wengert{3} => [ 1.826, -1.826,  2.479,  2.323]

		PolynomialSplineRegressor.N4Ck1._seg2_jack=Wengert{0} => [ 1.000,  0.000,  0.000,  0.000]
Wengert{1} => [ 1.000,  0.000,  3.000,  0.000]
Wengert{2} => [-3.826,  2.826, -5.479, -2.323]
Wengert{3} => [ 1.826, -1.826,  2.479,  2.323]

		PolynomialSplineRegressor.N4Ck1._seg2_monotone=MONOTONIC    
		PolynomialSplineRegressor.N4Ck1._seg2_value_jack=Wengert{0} => [ 0.415,  0.585,  0.245, -0.282]

		PolynomialSplineRegressor.N4Ck1.FinishTime=Fri Nov 02 23:28:22 EDT 2018
		PolynomialSplineRegressor.N4Ck1.ExecTime=175

		PolynomialSplineRegressor.N4Ck2.Success=true
		PolynomialSplineRegressor.N4Ck2._seg1_1_0=25.0
		PolynomialSplineRegressor.N4Ck2._seg1_3_0=20.25
		PolynomialSplineRegressor.N4Ck2._seg1_head_jack=Wengert{0} => [ 1.000,  0.000,  0.000,  0.000]
Wengert{1} => [ 1.000,  0.000,  2.000,  0.000]
Wengert{2} => [-1.000,  0.000,  2.000,  2.000]
Wengert{3} => [-1.000,  1.000, -4.000, -2.000]

		PolynomialSplineRegressor.N4Ck2._seg1_jack=Wengert{0} => [ 1.000,  0.000,  0.000,  0.000]
Wengert{1} => [ 1.000,  0.000,  2.000,  0.000]
Wengert{2} => [-1.000,  0.000,  2.000,  2.000]
Wengert{3} => [-1.000,  1.000, -4.000, -2.000]

		PolynomialSplineRegressor.N4Ck2._seg1_monotone=MONOTONIC    
		PolynomialSplineRegressor.N4Ck2._seg2_3_0=20.25
		PolynomialSplineRegressor.N4Ck2._seg2_6_0=14.0
		PolynomialSplineRegressor.N4Ck2._seg2_head_jack=Wengert{0} => [ 1.000,  0.000,  0.000,  0.000]
Wengert{1} => [ 1.000,  0.000,  3.000,  0.000]
Wengert{2} => [-1.000,  0.000,  3.000,  4.500]
Wengert{3} => [-1.000,  1.000, -6.000, -4.500]

		PolynomialSplineRegressor.N4Ck2._seg2_jack=Wengert{0} => [ 1.000,  0.000,  0.000,  0.000]
Wengert{1} => [ 1.000,  0.000,  3.000,  0.000]
Wengert{2} => [-1.000,  0.000,  3.000,  4.500]
Wengert{3} => [-1.000,  1.000, -6.000, -4.500]

		PolynomialSplineRegressor.N4Ck2._seg2_monotone=MONOTONIC    
		PolynomialSplineRegressor.N4Ck2._seg2_value_jack=Wengert{0} => [ 0.758,  0.242,  1.273,  0.545]

		PolynomialSplineRegressor.N4Ck2.FinishTime=Fri Nov 02 23:28:22 EDT 2018
		PolynomialSplineRegressor.N4Ck2.ExecTime=109

		PolynomialSplineRegressor.N5Ck0.Success=true
		PolynomialSplineRegressor.N5Ck0._seg1_1_0=25.0
		PolynomialSplineRegressor.N5Ck0._seg1_3_0=20.249999999999996
		PolynomialSplineRegressor.N5Ck0._seg1_head_jack=Wengert{0} => [ 1.000,  0.000,  0.000,  0.000,  0.000]
Wengert{1} => [ 0.000,  1.000, -4.273, -0.388,  2.074]
Wengert{2} => [-2.000,  1.000,  17.657, -26.737,  10.767]
Wengert{3} => [ 1.000, -1.000, -22.076,  50.733, -25.681]
Wengert{4} => [-0.000,  0.000,  8.692, -23.607,  12.841]

		PolynomialSplineRegressor.N5Ck0._seg1_jack=Wengert{0} => [ 1.000,  0.000,  0.000,  0.000,  0.000]
Wengert{1} => [ 0.000,  1.000, -4.273, -0.388,  2.074]
Wengert{2} => [-2.000,  1.000,  17.657, -26.737,  10.767]
Wengert{3} => [ 1.000, -1.000, -22.076,  50.733, -25.681]
Wengert{4} => [-0.000,  0.000,  8.692, -23.607,  12.841]

		PolynomialSplineRegressor.N5Ck0._seg1_monotone=MONOTONIC    
		PolynomialSplineRegressor.N5Ck0._seg2_3_0=20.249999999999996
		PolynomialSplineRegressor.N5Ck0._seg2_6_0=13.999999999999998
		PolynomialSplineRegressor.N5Ck0._seg2_head_jack=Wengert{0} => [ 1.000,  0.000,  0.000,  0.000,  0.000]
Wengert{1} => [-0.000,  1.000, -14.420, -1.311,  7.000]
Wengert{2} => [-2.000,  1.000,  59.591, -90.239,  36.337]
Wengert{3} => [ 1.000, -1.000, -74.508,  171.225, -86.675]
Wengert{4} => [ 0.000, -0.000,  29.337, -79.675,  43.337]

		PolynomialSplineRegressor.N5Ck0._seg2_jack=Wengert{0} => [ 1.000,  0.000,  0.000,  0.000,  0.000]
Wengert{1} => [-0.000,  1.000, -14.420, -1.311,  7.000]
Wengert{2} => [-2.000,  1.000,  59.591, -90.239,  36.337]
Wengert{3} => [ 1.000, -1.000, -74.508,  171.225, -86.675]
Wengert{4} => [ 0.000, -0.000,  29.337, -79.675,  43.337]

		PolynomialSplineRegressor.N5Ck0._seg2_monotone=MONOTONIC    
		PolynomialSplineRegressor.N5Ck0._seg2_value_jack=Wengert{0} => [ 0.333,  0.667,  0.483, -4.897,  3.024]

		PolynomialSplineRegressor.N5Ck0.FinishTime=Fri Nov 02 23:28:22 EDT 2018
		PolynomialSplineRegressor.N5Ck0.ExecTime=433

		PolynomialSplineRegressor.N5Ck1.Success=true
		PolynomialSplineRegressor.N5Ck1._seg1_1_0=25.0
		PolynomialSplineRegressor.N5Ck1._seg1_3_0=20.249999999999986
		PolynomialSplineRegressor.N5Ck1._seg1_head_jack=Wengert{0} => [ 1.000,  0.000,  0.000,  0.000,  0.000]
Wengert{1} => [ 1.000,  0.000,  2.000,  0.000,  0.000]
Wengert{2} => [-6.132,  5.132, -8.265, -28.343,  19.338]
Wengert{3} => [ 6.167, -6.167,  10.334,  52.740, -36.398]
Wengert{4} => [-2.034,  2.034, -4.069, -24.398,  17.060]

		PolynomialSplineRegressor.N5Ck1._seg1_jack=Wengert{0} => [ 1.000,  0.000,  0.000,  0.000,  0.000]
Wengert{1} => [ 1.000,  0.000,  2.000,  0.000,  0.000]
Wengert{2} => [-6.132,  5.132, -8.265, -28.343,  19.338]
Wengert{3} => [ 6.167, -6.167,  10.334,  52.740, -36.398]
Wengert{4} => [-2.034,  2.034, -4.069, -24.398,  17.060]

		PolynomialSplineRegressor.N5Ck1._seg1_monotone=MONOTONIC    
		PolynomialSplineRegressor.N5Ck1._seg2_3_0=20.249999999999986
		PolynomialSplineRegressor.N5Ck1._seg2_6_0=14.000000000000014
		PolynomialSplineRegressor.N5Ck1._seg2_head_jack=Wengert{0} => [ 1.000,  0.000,  0.000,  0.000,  0.000]
Wengert{1} => [ 1.000,  0.000,  3.000,  0.000,  0.000]
Wengert{2} => [-6.132,  5.132, -12.397, -95.657,  65.266]
Wengert{3} => [ 6.167, -6.167,  15.501,  177.999, -122.844]
Wengert{4} => [-2.034,  2.034, -6.103, -82.342,  57.579]

		PolynomialSplineRegressor.N5Ck1._seg2_jack=Wengert{0} => [ 1.000,  0.000,  0.000,  0.000,  0.000]
Wengert{1} => [ 1.000,  0.000,  3.000,  0.000,  0.000]
Wengert{2} => [-6.132,  5.132, -12.397, -95.657,  65.266]
Wengert{3} => [ 6.167, -6.167,  15.501,  177.999, -122.844]
Wengert{4} => [-2.034,  2.034, -6.103, -82.342,  57.579]

		PolynomialSplineRegressor.N5Ck1._seg2_monotone=MONOTONIC    
		PolynomialSplineRegressor.N5Ck1._seg2_value_jack=Wengert{0} => [ 0.300,  0.700, -0.100, -4.941,  3.258]

		PolynomialSplineRegressor.N5Ck1.FinishTime=Fri Nov 02 23:28:22 EDT 2018
		PolynomialSplineRegressor.N5Ck1.ExecTime=334

		PolynomialSplineRegressor.N5Ck2.Success=true
		PolynomialSplineRegressor.N5Ck2._seg1_1_0=25.0
		PolynomialSplineRegressor.N5Ck2._seg1_3_0=20.25
		PolynomialSplineRegressor.N5Ck2._seg1_head_jack=Wengert{0} => [ 1.000,  0.000,  0.000,  0.000,  0.000]
Wengert{1} => [ 1.000,  0.000,  2.000,  0.000,  0.000]
Wengert{2} => [-1.000,  0.000,  2.000,  2.000,  0.000]
Wengert{3} => [-3.384,  3.384, -8.767, -3.722, -0.414]
Wengert{4} => [ 2.384, -2.384,  4.767,  1.722,  0.414]

		PolynomialSplineRegressor.N5Ck2._seg1_jack=Wengert{0} => [ 1.000,  0.000,  0.000,  0.000,  0.000]
Wengert{1} => [ 1.000,  0.000,  2.000,  0.000,  0.000]
Wengert{2} => [-1.000,  0.000,  2.000,  2.000,  0.000]
Wengert{3} => [-3.384,  3.384, -8.767, -3.722, -0.414]
Wengert{4} => [ 2.384, -2.384,  4.767,  1.722,  0.414]

		PolynomialSplineRegressor.N5Ck2._seg1_monotone=MONOTONIC    
		PolynomialSplineRegressor.N5Ck2._seg2_3_0=20.25
		PolynomialSplineRegressor.N5Ck2._seg2_6_0=14.0
		PolynomialSplineRegressor.N5Ck2._seg2_head_jack=Wengert{0} => [ 1.000,  0.000,  0.000,  0.000,  0.000]
Wengert{1} => [ 1.000,  0.000,  3.000,  0.000,  0.000]
Wengert{2} => [-1.000,  0.000,  3.000,  4.500,  0.000]
Wengert{3} => [-3.384,  3.384, -13.151, -8.374, -1.398]
Wengert{4} => [ 2.384, -2.384,  7.151,  3.874,  1.398]

		PolynomialSplineRegressor.N5Ck2._seg2_jack=Wengert{0} => [ 1.000,  0.000,  0.000,  0.000,  0.000]
Wengert{1} => [ 1.000,  0.000,  3.000,  0.000,  0.000]
Wengert{2} => [-1.000,  0.000,  3.000,  4.500,  0.000]
Wengert{3} => [-3.384,  3.384, -13.151, -8.374, -1.398]
Wengert{4} => [ 2.384, -2.384,  7.151,  3.874,  1.398]

		PolynomialSplineRegressor.N5Ck2._seg2_monotone=MONOTONIC    
		PolynomialSplineRegressor.N5Ck2._seg2_value_jack=Wengert{0} => [ 0.565,  0.435,  0.695,  0.232, -0.113]

		PolynomialSplineRegressor.N5Ck2.FinishTime=Fri Nov 02 23:28:22 EDT 2018
		PolynomialSplineRegressor.N5Ck2.ExecTime=328

		PolynomialSplineRegressor.N5Ck3.Success=true
		PolynomialSplineRegressor.N5Ck3._seg1_1_0=25.0
		PolynomialSplineRegressor.N5Ck3._seg1_3_0=20.25
		PolynomialSplineRegressor.N5Ck3._seg1_head_jack=Wengert{0} => [ 1.000,  0.000,  0.000,  0.000,  0.000]
Wengert{1} => [ 1.000,  0.000,  2.000,  0.000,  0.000]
Wengert{2} => [-1.000,  0.000,  2.000,  2.000,  0.000]
Wengert{3} => [ 0.002,  0.000, -2.000,  2.000,  1.333]
Wengert{4} => [-1.002,  1.000, -2.000, -4.000, -1.333]

		PolynomialSplineRegressor.N5Ck3._seg1_jack=Wengert{0} => [ 1.000,  0.000,  0.000,  0.000,  0.000]
Wengert{1} => [ 1.000,  0.000,  2.000,  0.000,  0.000]
Wengert{2} => [-1.000,  0.000,  2.000,  2.000,  0.000]
Wengert{3} => [ 0.002,  0.000, -2.000,  2.000,  1.333]
Wengert{4} => [-1.002,  1.000, -2.000, -4.000, -1.333]

		PolynomialSplineRegressor.N5Ck3._seg1_monotone=MONOTONIC    
		PolynomialSplineRegressor.N5Ck3._seg2_3_0=20.25
		PolynomialSplineRegressor.N5Ck3._seg2_6_0=13.999999999999998
		PolynomialSplineRegressor.N5Ck3._seg2_head_jack=Wengert{0} => [ 1.000,  0.000,  0.000,  0.000,  0.000]
Wengert{1} => [ 1.000,  0.000,  3.000,  0.000,  0.000]
Wengert{2} => [-1.000,  0.000,  3.000,  4.500,  0.000]
Wengert{3} => [ 0.002,  0.000, -3.000,  4.500,  4.500]
Wengert{4} => [-1.002,  1.000, -3.000, -9.000, -4.500]

		PolynomialSplineRegressor.N5Ck3._seg2_jack=Wengert{0} => [ 1.000,  0.000,  0.000,  0.000,  0.000]
Wengert{1} => [ 1.000,  0.000,  3.000,  0.000,  0.000]
Wengert{2} => [-1.000,  0.000,  3.000,  4.500,  0.000]
Wengert{3} => [ 0.002,  0.000, -3.000,  4.500,  4.500]
Wengert{4} => [-1.002,  1.000, -3.000, -9.000, -4.500]

		PolynomialSplineRegressor.N5Ck3._seg2_monotone=MONOTONIC    
		PolynomialSplineRegressor.N5Ck3._seg2_value_jack=Wengert{0} => [ 0.839,  0.162,  1.515,  1.273,  0.364]

		PolynomialSplineRegressor.N5Ck3.FinishTime=Fri Nov 02 23:28:22 EDT 2018
		PolynomialSplineRegressor.N5Ck3.ExecTime=222

		PolynomialSplineRegressor.N6Ck0.Success=true
		PolynomialSplineRegressor.N6Ck0._seg1_1_0=25.0
		PolynomialSplineRegressor.N6Ck0._seg1_3_0=20.249999999999996
		PolynomialSplineRegressor.N6Ck0._seg1_head_jack=Wengert{0} => [ 1.000,  0.000,  0.000,  0.000,  0.000,  0.000]
Wengert{1} => [-0.000,  1.000, -3.726, -3.696,  6.532, -1.783]
Wengert{2} => [-2.000,  1.000,  21.678, -51.052,  43.535, -13.107]
Wengert{3} => [ 1.000, -1.000, -43.631,  181.070, -201.329,  70.259]
Wengert{4} => [-0.000,  0.000,  37.003, -194.798,  243.545, -92.282]
Wengert{5} => [ 0.000, -0.000, -11.324,  68.476, -92.282,  36.913]

		PolynomialSplineRegressor.N6Ck0._seg1_jack=Wengert{0} => [ 1.000,  0.000,  0.000,  0.000,  0.000,  0.000]
Wengert{1} => [-0.000,  1.000, -3.726, -3.696,  6.532, -1.783]
Wengert{2} => [-2.000,  1.000,  21.678, -51.052,  43.535, -13.107]
Wengert{3} => [ 1.000, -1.000, -43.631,  181.070, -201.329,  70.259]
Wengert{4} => [-0.000,  0.000,  37.003, -194.798,  243.545, -92.282]
Wengert{5} => [ 0.000, -0.000, -11.324,  68.476, -92.282,  36.913]

		PolynomialSplineRegressor.N6Ck0._seg1_monotone=MONOTONIC    
		PolynomialSplineRegressor.N6Ck0._seg2_3_0=20.249999999999996
		PolynomialSplineRegressor.N6Ck0._seg2_6_0=14.0
		PolynomialSplineRegressor.N6Ck0._seg2_head_jack=Wengert{0} => [ 1.000,  0.000,  0.000,  0.000,  0.000,  0.000]
Wengert{1} => [-0.000,  1.000, -12.574, -12.475,  22.045, -6.018]
Wengert{2} => [-2.000,  1.000,  73.162, -172.302,  146.929, -44.237]
Wengert{3} => [ 1.000, -1.000, -147.254,  611.112, -679.487,  237.125]
Wengert{4} => [-0.000,  0.000,  124.884, -657.442,  821.963, -311.450]
Wengert{5} => [ 0.000, -0.000, -38.219,  231.107, -311.450,  124.580]

		PolynomialSplineRegressor.N6Ck0._seg2_jack=Wengert{0} => [ 1.000,  0.000,  0.000,  0.000,  0.000,  0.000]
Wengert{1} => [-0.000,  1.000, -12.574, -12.475,  22.045, -6.018]
Wengert{2} => [-2.000,  1.000,  73.162, -172.302,  146.929, -44.237]
Wengert{3} => [ 1.000, -1.000, -147.254,  611.112, -679.487,  237.125]
Wengert{4} => [-0.000,  0.000,  124.884, -657.442,  821.963, -311.450]
Wengert{5} => [ 0.000, -0.000, -38.219,  231.107, -311.450,  124.580]

		PolynomialSplineRegressor.N6Ck0._seg2_monotone=MONOTONIC    
		PolynomialSplineRegressor.N6Ck0._seg2_value_jack=Wengert{0} => [ 0.333,  0.667,  0.113, -2.664,  0.015,  1.204]

		PolynomialSplineRegressor.N6Ck0.FinishTime=Fri Nov 02 23:28:22 EDT 2018
		PolynomialSplineRegressor.N6Ck0.ExecTime=609

		PolynomialSplineRegressor.N6Ck1.Success=true
		PolynomialSplineRegressor.N6Ck1._seg1_1_0=25.0
		PolynomialSplineRegressor.N6Ck1._seg1_3_0=20.249999999999886
		PolynomialSplineRegressor.N6Ck1._seg1_head_jack=Wengert{0} => [ 1.000,  0.000,  0.000,  0.000,  0.000,  0.000]
Wengert{1} => [ 1.000,  0.000,  2.000,  0.000,  0.000,  0.000]
Wengert{2} => [-7.819,  6.819, -11.637, -72.559,  81.540, -23.482]
Wengert{3} => [ 12.711, -12.711,  23.422,  224.355, -277.822,  91.140]
Wengert{4} => [-9.932,  9.932, -19.864, -231.508,  308.418, -109.991]
Wengert{5} => [ 3.040, -3.040,  6.079,  79.711, -112.135,  42.332]

		PolynomialSplineRegressor.N6Ck1._seg1_jack=Wengert{0} => [ 1.000,  0.000,  0.000,  0.000,  0.000,  0.000]
Wengert{1} => [ 1.000,  0.000,  2.000,  0.000,  0.000,  0.000]
Wengert{2} => [-7.819,  6.819, -11.637, -72.559,  81.540, -23.482]
Wengert{3} => [ 12.711, -12.711,  23.422,  224.355, -277.822,  91.140]
Wengert{4} => [-9.932,  9.932, -19.864, -231.508,  308.418, -109.991]
Wengert{5} => [ 3.040, -3.040,  6.079,  79.711, -112.135,  42.332]

		PolynomialSplineRegressor.N6Ck1._seg1_monotone=MONOTONIC    
		PolynomialSplineRegressor.N6Ck1._seg2_3_0=20.249999999999886
		PolynomialSplineRegressor.N6Ck1._seg2_6_0=14.000000000000867
		PolynomialSplineRegressor.N6Ck1._seg2_head_jack=Wengert{0} => [ 1.000,  0.000,  0.000,  0.000,  0.000,  0.000]
Wengert{1} => [ 1.000,  0.000,  3.000,  0.000,  0.000,  0.000]
Wengert{2} => [-7.819,  6.819, -17.456, -244.885,  275.196, -79.251]
Wengert{3} => [ 12.711, -12.711,  35.133,  757.200, -937.650,  307.598]
Wengert{4} => [-9.932,  9.932, -29.796, -781.338,  1040.910, -371.218]
Wengert{5} => [ 3.040, -3.040,  9.119,  269.024, -378.456,  142.871]

		PolynomialSplineRegressor.N6Ck1._seg2_jack=Wengert{0} => [ 1.000,  0.000,  0.000,  0.000,  0.000,  0.000]
Wengert{1} => [ 1.000,  0.000,  3.000,  0.000,  0.000,  0.000]
Wengert{2} => [-7.819,  6.819, -17.456, -244.885,  275.196, -79.251]
Wengert{3} => [ 12.711, -12.711,  35.133,  757.200, -937.650,  307.598]
Wengert{4} => [-9.932,  9.932, -29.796, -781.338,  1040.910, -371.218]
Wengert{5} => [ 3.040, -3.040,  9.119,  269.024, -378.456,  142.871]

		PolynomialSplineRegressor.N6Ck1._seg2_monotone=MONOTONIC    
		PolynomialSplineRegressor.N6Ck1._seg2_value_jack=Wengert{0} => [ 0.324,  0.676, -0.027, -2.777,  0.214,  1.149]

		PolynomialSplineRegressor.N6Ck1.FinishTime=Fri Nov 02 23:28:22 EDT 2018
		PolynomialSplineRegressor.N6Ck1.ExecTime=617

		PolynomialSplineRegressor.N6Ck2.Success=true
		PolynomialSplineRegressor.N6Ck2._seg1_1_0=25.0
		PolynomialSplineRegressor.N6Ck2._seg1_3_0=20.25000000000064
		PolynomialSplineRegressor.N6Ck2._seg1_head_jack=Wengert{0} => [ 1.000,  0.000,  0.000,  0.000,  0.000,  0.000]
Wengert{1} => [ 1.000,  0.000,  2.000,  0.000,  0.000,  0.000]
Wengert{2} => [-1.000,  0.000,  2.000,  2.000,  0.000,  0.000]
Wengert{3} => [-8.372,  8.372, -18.745, -6.184, -25.697,  18.533]
Wengert{4} => [ 11.823, -11.823,  23.647,  6.381,  48.255, -35.069]
Wengert{5} => [-4.451,  4.451, -8.902, -2.197, -22.558,  16.536]

		PolynomialSplineRegressor.N6Ck2._seg1_jack=Wengert{0} => [ 1.000,  0.000,  0.000,  0.000,  0.000,  0.000]
Wengert{1} => [ 1.000,  0.000,  2.000,  0.000,  0.000,  0.000]
Wengert{2} => [-1.000,  0.000,  2.000,  2.000,  0.000,  0.000]
Wengert{3} => [-8.372,  8.372, -18.745, -6.184, -25.697,  18.533]
Wengert{4} => [ 11.823, -11.823,  23.647,  6.381,  48.255, -35.069]
Wengert{5} => [-4.451,  4.451, -8.902, -2.197, -22.558,  16.536]

		PolynomialSplineRegressor.N6Ck2._seg1_monotone=MONOTONIC    
		PolynomialSplineRegressor.N6Ck2._seg2_3_0=20.25000000000064
		PolynomialSplineRegressor.N6Ck2._seg2_6_0=14.0
		PolynomialSplineRegressor.N6Ck2._seg2_head_jack=Wengert{0} => [ 1.000,  0.000,  0.000,  0.000,  0.000,  0.000]
Wengert{1} => [ 1.000,  0.000,  3.000,  0.000,  0.000,  0.000]
Wengert{2} => [-1.000,  0.000,  3.000,  4.500,  0.000,  0.000]
Wengert{3} => [-8.372,  8.372, -28.117, -13.914, -86.727,  62.549]
Wengert{4} => [ 11.823, -11.823,  35.470,  14.358,  162.860, -118.357]
Wengert{5} => [-4.451,  4.451, -13.353, -4.944, -76.133,  55.808]

		PolynomialSplineRegressor.N6Ck2._seg2_jack=Wengert{0} => [ 1.000,  0.000,  0.000,  0.000,  0.000,  0.000]
Wengert{1} => [ 1.000,  0.000,  3.000,  0.000,  0.000,  0.000]
Wengert{2} => [-1.000,  0.000,  3.000,  4.500,  0.000,  0.000]
Wengert{3} => [-8.372,  8.372, -28.117, -13.914, -86.727,  62.549]
Wengert{4} => [ 11.823, -11.823,  35.470,  14.358,  162.860, -118.357]
Wengert{5} => [-4.451,  4.451, -13.353, -4.944, -76.133,  55.808]

		PolynomialSplineRegressor.N6Ck2._seg2_monotone=MONOTONIC    
		PolynomialSplineRegressor.N6Ck2._seg2_value_jack=Wengert{0} => [ 0.402,  0.598,  0.205,  0.051, -2.907,  2.048]

		PolynomialSplineRegressor.N6Ck2.FinishTime=Fri Nov 02 23:28:22 EDT 2018
		PolynomialSplineRegressor.N6Ck2.ExecTime=504

		PolynomialSplineRegressor.N6Ck3.Success=true
		PolynomialSplineRegressor.N6Ck3._seg1_1_0=25.0
		PolynomialSplineRegressor.N6Ck3._seg1_3_0=20.250000000000018
		PolynomialSplineRegressor.N6Ck3._seg1_head_jack=Wengert{0} => [ 1.000,  0.000,  0.000,  0.000,  0.000,  0.000]
Wengert{1} => [ 1.000,  0.000,  2.000,  0.000,  0.000,  0.000]
Wengert{2} => [-1.000,  0.000,  2.000,  2.000,  0.000,  0.000]
Wengert{3} => [ 0.002,  0.000, -2.000,  2.000,  1.333,  0.000]
Wengert{4} => [-3.903,  3.899, -7.797, -8.987, -2.504, -0.267]
Wengert{5} => [ 2.901, -2.899,  5.797,  4.987,  1.170,  0.267]

		PolynomialSplineRegressor.N6Ck3._seg1_jack=Wengert{0} => [ 1.000,  0.000,  0.000,  0.000,  0.000,  0.000]
Wengert{1} => [ 1.000,  0.000,  2.000,  0.000,  0.000,  0.000]
Wengert{2} => [-1.000,  0.000,  2.000,  2.000,  0.000,  0.000]
Wengert{3} => [ 0.002,  0.000, -2.000,  2.000,  1.333,  0.000]
Wengert{4} => [-3.903,  3.899, -7.797, -8.987, -2.504, -0.267]
Wengert{5} => [ 2.901, -2.899,  5.797,  4.987,  1.170,  0.267]

		PolynomialSplineRegressor.N6Ck3._seg1_monotone=MONOTONIC    
		PolynomialSplineRegressor.N6Ck3._seg2_3_0=20.250000000000018
		PolynomialSplineRegressor.N6Ck3._seg2_6_0=14.00000000000001
		PolynomialSplineRegressor.N6Ck3._seg2_head_jack=Wengert{0} => [ 1.000,  0.000,  0.000,  0.000,  0.000,  0.000]
Wengert{1} => [ 1.000,  0.000,  3.000,  0.000,  0.000,  0.000]
Wengert{2} => [-1.000,  0.000,  3.000,  4.500,  0.000,  0.000]
Wengert{3} => [ 0.002,  0.000, -3.000,  4.500,  4.500,  0.000]
Wengert{4} => [-3.903,  3.899, -11.696, -20.221, -8.450, -0.900]
Wengert{5} => [ 2.901, -2.899,  8.696,  11.221,  3.950,  0.900]

		PolynomialSplineRegressor.N6Ck3._seg2_jack=Wengert{0} => [ 1.000,  0.000,  0.000,  0.000,  0.000,  0.000]
Wengert{1} => [ 1.000,  0.000,  3.000,  0.000,  0.000,  0.000]
Wengert{2} => [-1.000,  0.000,  3.000,  4.500,  0.000,  0.000]
Wengert{3} => [ 0.002,  0.000, -3.000,  4.500,  4.500,  0.000]
Wengert{4} => [-3.903,  3.899, -11.696, -20.221, -8.450, -0.900]
Wengert{5} => [ 2.901, -2.899,  8.696,  11.221,  3.950,  0.900]

		PolynomialSplineRegressor.N6Ck3._seg2_monotone=MONOTONIC    
		PolynomialSplineRegressor.N6Ck3._seg2_value_jack=Wengert{0} => [ 0.682,  0.318,  1.047,  0.668,  0.151, -0.048]

		PolynomialSplineRegressor.N6Ck3.FinishTime=Fri Nov 02 23:28:22 EDT 2018
		PolynomialSplineRegressor.N6Ck3.ExecTime=427

		PolynomialSplineRegressor.N6Ck4.Success=true
		PolynomialSplineRegressor.N6Ck4._seg1_1_0=25.0
		PolynomialSplineRegressor.N6Ck4._seg1_3_0=20.250000000000455
		PolynomialSplineRegressor.N6Ck4._seg1_head_jack=Wengert{0} => [ 1.000,  0.000,  0.000,  0.000,  0.000,  0.000]
Wengert{1} => [ 1.000,  0.000,  2.000,  0.000,  0.000,  0.000]
Wengert{2} => [-1.000,  0.000,  2.000,  2.000,  0.000,  0.000]
Wengert{3} => [ 0.002,  0.000, -2.000,  2.000,  1.333,  0.000]
Wengert{4} => [-110.644,  0.000,  0.004, -2.000,  1.333,  0.667]
Wengert{5} => [ 109.642,  1.000, -2.004, -2.000, -2.667, -0.667]

		PolynomialSplineRegressor.N6Ck4._seg1_jack=Wengert{0} => [ 1.000,  0.000,  0.000,  0.000,  0.000,  0.000]
Wengert{1} => [ 1.000,  0.000,  2.000,  0.000,  0.000,  0.000]
Wengert{2} => [-1.000,  0.000,  2.000,  2.000,  0.000,  0.000]
Wengert{3} => [ 0.002,  0.000, -2.000,  2.000,  1.333,  0.000]
Wengert{4} => [-110.644,  0.000,  0.004, -2.000,  1.333,  0.667]
Wengert{5} => [ 109.642,  1.000, -2.004, -2.000, -2.667, -0.667]

		PolynomialSplineRegressor.N6Ck4._seg1_monotone=MONOTONIC    
		PolynomialSplineRegressor.N6Ck4._seg2_3_0=20.250000000000455
		PolynomialSplineRegressor.N6Ck4._seg2_6_0=14.0
		PolynomialSplineRegressor.N6Ck4._seg2_head_jack=Wengert{0} => [ 1.000,  0.000,  0.000,  0.000,  0.000,  0.000]
Wengert{1} => [ 1.000,  0.000,  3.000,  0.000,  0.000,  0.000]
Wengert{2} => [-1.000,  0.000,  3.000,  4.500,  0.000,  0.000]
Wengert{3} => [ 0.002,  0.000, -3.000,  4.500,  4.500,  0.000]
Wengert{4} => [-110.644,  0.000,  0.007, -4.500,  4.500,  3.375]
Wengert{5} => [ 109.642,  1.000, -3.007, -4.500, -9.000, -3.375]

		PolynomialSplineRegressor.N6Ck4._seg2_jack=Wengert{0} => [ 1.000,  0.000,  0.000,  0.000,  0.000,  0.000]
Wengert{1} => [ 1.000,  0.000,  3.000,  0.000,  0.000,  0.000]
Wengert{2} => [-1.000,  0.000,  3.000,  4.500,  0.000,  0.000]
Wengert{3} => [ 0.002,  0.000, -3.000,  4.500,  4.500,  0.000]
Wengert{4} => [-110.644,  0.000,  0.007, -4.500,  4.500,  3.375]
Wengert{5} => [ 109.642,  1.000, -3.007, -4.500, -9.000, -3.375]

		PolynomialSplineRegressor.N6Ck4._seg2_monotone=MONOTONIC    
		PolynomialSplineRegressor.N6Ck4._seg2_value_jack=Wengert{0} => [-5.068,  0.108,  1.677,  1.515,  0.848,  0.182]

		PolynomialSplineRegressor.N6Ck4.FinishTime=Fri Nov 02 23:28:22 EDT 2018
		PolynomialSplineRegressor.N6Ck4.ExecTime=340

		PolynomialSplineRegressor.N7Ck0.Success=true
		PolynomialSplineRegressor.N7Ck0._seg1_1_0=25.0
		PolynomialSplineRegressor.N7Ck0._seg1_3_0=20.249999999999563
		PolynomialSplineRegressor.N7Ck0._seg1_head_jack=Wengert{0} => [ 1.000,  0.000,  0.000,  0.000,  0.000,  0.000,  0.000]
Wengert{1} => [-0.000,  1.000, -3.617, -9.425,  22.905, -17.971,  5.396]
Wengert{2} => [-2.000,  1.000,  22.098, -73.131,  106.641, -75.500,  20.798]
Wengert{3} => [ 1.000, -1.000, -60.090,  1046.450, -2674.806,  2515.743, -815.161]
Wengert{4} => [-0.000,  0.000,  83.736, -2651.901,  7266.572, -7035.829,  2314.516]
Wengert{5} => [ 0.000, -0.000, -57.529,  2497.772, -7035.829,  6901.879, -2288.322]
Wengert{6} => [-0.000,  0.000,  15.401, -809.765,  2314.516, -2288.322,  762.774]

		PolynomialSplineRegressor.N7Ck0._seg1_jack=Wengert{0} => [ 1.000,  0.000,  0.000,  0.000,  0.000,  0.000,  0.000]
Wengert{1} => [-0.000,  1.000, -3.617, -9.425,  22.905, -17.971,  5.396]
Wengert{2} => [-2.000,  1.000,  22.098, -73.131,  106.641, -75.500,  20.798]
Wengert{3} => [ 1.000, -1.000, -60.090,  1046.450, -2674.806,  2515.743, -815.161]
Wengert{4} => [-0.000,  0.000,  83.736, -2651.901,  7266.572, -7035.829,  2314.516]
Wengert{5} => [ 0.000, -0.000, -57.529,  2497.772, -7035.829,  6901.879, -2288.322]
Wengert{6} => [-0.000,  0.000,  15.401, -809.765,  2314.516, -2288.322,  762.774]

		PolynomialSplineRegressor.N7Ck0._seg1_monotone=MONOTONIC    
		PolynomialSplineRegressor.N7Ck0._seg2_3_0=20.249999999999563
		PolynomialSplineRegressor.N7Ck0._seg2_6_0=13.999999999999392
		PolynomialSplineRegressor.N7Ck0._seg2_head_jack=Wengert{0} => [ 1.000,  0.000,  0.000,  0.000,  0.000,  0.000,  0.000]
Wengert{1} => [-0.000,  1.000, -12.206, -31.808,  77.305, -60.653,  18.212]
Wengert{2} => [-2.000,  1.000,  74.579, -246.818,  359.915, -254.812,  70.192]
Wengert{3} => [ 1.000, -1.000, -202.804,  3531.769, -9027.470,  8490.633, -2751.169]
Wengert{4} => [-0.000,  0.000,  282.609, -8950.165,  24524.682, -23745.922,  7811.491]
Wengert{5} => [ 0.000, -0.000, -194.159,  8429.980, -23745.922,  23293.841, -7723.087]
Wengert{6} => [-0.000,  0.000,  51.980, -2732.958,  7811.491, -7723.087,  2574.362]

		PolynomialSplineRegressor.N7Ck0._seg2_jack=Wengert{0} => [ 1.000,  0.000,  0.000,  0.000,  0.000,  0.000,  0.000]
Wengert{1} => [-0.000,  1.000, -12.206, -31.808,  77.305, -60.653,  18.212]
Wengert{2} => [-2.000,  1.000,  74.579, -246.818,  359.915, -254.812,  70.192]
Wengert{3} => [ 1.000, -1.000, -202.804,  3531.769, -9027.470,  8490.633, -2751.169]
Wengert{4} => [-0.000,  0.000,  282.609, -8950.165,  24524.682, -23745.922,  7811.491]
Wengert{5} => [ 0.000, -0.000, -194.159,  8429.980, -23745.922,  23293.841, -7723.087]
Wengert{6} => [-0.000,  0.000,  51.980, -2732.958,  7811.491, -7723.087,  2574.362]

		PolynomialSplineRegressor.N7Ck0._seg2_monotone=MONOTONIC    
		PolynomialSplineRegressor.N7Ck0._seg2_value_jack=Wengert{0} => [ 0.333,  0.667, -0.214,  14.567, -49.237,  49.897, -16.231]

		PolynomialSplineRegressor.N7Ck0.FinishTime=Fri Nov 02 23:28:22 EDT 2018
		PolynomialSplineRegressor.N7Ck0.ExecTime=800

		PolynomialSplineRegressor.N7Ck1.Success=true
		PolynomialSplineRegressor.N7Ck1._seg1_1_0=25.0
		PolynomialSplineRegressor.N7Ck1._seg1_3_0=20.249999999985732
		PolynomialSplineRegressor.N7Ck1._seg1_head_jack=Wengert{0} => [ 1.000,  0.000,  0.000,  0.000,  0.000,  0.000,  0.000]
Wengert{1} => [ 1.000,  0.000,  2.000,  0.000,  0.000,  0.000,  0.000]
Wengert{2} => [-8.110,  7.110, -12.220, -130.715,  246.591, -185.303,  53.767]
Wengert{3} => [ 17.615, -17.615,  33.229,  1203.038, -3055.370,  2814.330, -904.815]
Wengert{4} => [-23.153,  23.153, -46.305, -2870.107,  7796.893, -7451.914,  2439.450]
Wengert{5} => [ 15.906, -15.906,  31.813,  2647.685, -7400.171,  7187.738, -2374.155]
Wengert{6} => [-4.258,  4.258, -8.517, -849.900,  2412.057, -2364.852,  785.753]

		PolynomialSplineRegressor.N7Ck1._seg1_jack=Wengert{0} => [ 1.000,  0.000,  0.000,  0.000,  0.000,  0.000,  0.000]
Wengert{1} => [ 1.000,  0.000,  2.000,  0.000,  0.000,  0.000,  0.000]
Wengert{2} => [-8.110,  7.110, -12.220, -130.715,  246.591, -185.303,  53.767]
Wengert{3} => [ 17.615, -17.615,  33.229,  1203.038, -3055.370,  2814.330, -904.815]
Wengert{4} => [-23.153,  23.153, -46.305, -2870.107,  7796.893, -7451.914,  2439.450]
Wengert{5} => [ 15.906, -15.906,  31.813,  2647.685, -7400.171,  7187.738, -2374.155]
Wengert{6} => [-4.258,  4.258, -8.517, -849.900,  2412.057, -2364.852,  785.753]

		PolynomialSplineRegressor.N7Ck1._seg1_monotone=MONOTONIC    
		PolynomialSplineRegressor.N7Ck1._seg2_3_0=20.249999999985732
		PolynomialSplineRegressor.N7Ck1._seg2_6_0=14.000000000006366
		PolynomialSplineRegressor.N7Ck1._seg2_head_jack=Wengert{0} => [ 1.000,  0.000,  0.000,  0.000,  0.000,  0.000,  0.000]
Wengert{1} => [ 1.000,  0.000,  3.000,  0.000,  0.000,  0.000,  0.000]
Wengert{2} => [-8.110,  7.110, -18.330, -441.164,  832.244, -625.397,  181.464]
Wengert{3} => [ 17.615, -17.615,  49.844,  4060.252, -10311.873,  9498.364, -3053.752]
Wengert{4} => [-23.153,  23.153, -69.458, -9686.613,  26314.513, -25150.208,  8233.143]
Wengert{5} => [ 15.906, -15.906,  47.719,  8935.936, -24975.577,  24258.617, -8012.772]
Wengert{6} => [-4.258,  4.258, -12.775, -2868.412,  8140.692, -7981.376,  2651.916]

		PolynomialSplineRegressor.N7Ck1._seg2_jack=Wengert{0} => [ 1.000,  0.000,  0.000,  0.000,  0.000,  0.000,  0.000]
Wengert{1} => [ 1.000,  0.000,  3.000,  0.000,  0.000,  0.000,  0.000]
Wengert{2} => [-8.110,  7.110, -18.330, -441.164,  832.244, -625.397,  181.464]
Wengert{3} => [ 17.615, -17.615,  49.844,  4060.252, -10311.873,  9498.364, -3053.752]
Wengert{4} => [-23.153,  23.153, -69.458, -9686.613,  26314.513, -25150.208,  8233.143]
Wengert{5} => [ 15.906, -15.906,  47.719,  8935.936, -24975.577,  24258.617, -8012.772]
Wengert{6} => [-4.258,  4.258, -12.775, -2868.412,  8140.692, -7981.376,  2651.916]

		PolynomialSplineRegressor.N7Ck1._seg2_monotone=MONOTONIC    
		PolynomialSplineRegressor.N7Ck1._seg2_value_jack=Wengert{0} => [ 0.351,  0.649,  0.053,  15.125, -50.593,  50.962, -16.551]

		PolynomialSplineRegressor.N7Ck1.FinishTime=Fri Nov 02 23:28:22 EDT 2018
		PolynomialSplineRegressor.N7Ck1.ExecTime=720

		PolynomialSplineRegressor.N7Ck2.Success=true
		PolynomialSplineRegressor.N7Ck2._seg1_1_0=25.0
		PolynomialSplineRegressor.N7Ck2._seg1_3_0=20.25000000021339
		PolynomialSplineRegressor.N7Ck2._seg1_head_jack=Wengert{0} => [ 1.000,  0.000,  0.000,  0.000,  0.000,  0.000,  0.000]
Wengert{1} => [ 1.000,  0.000,  2.000,  0.000,  0.000,  0.000,  0.000]
Wengert{2} => [-1.000,  0.000,  2.000,  2.000,  0.000,  0.000,  0.000]
Wengert{3} => [-47.821,  47.821, -97.643, -18.407, -785.870,  1108.894, -409.969]
Wengert{4} => [ 132.959, -132.959,  265.919,  43.914,  2382.508, -3383.225,  1258.886]
Wengert{5} => [-128.107,  128.107, -256.215, -40.511, -2405.381,  3434.358, -1285.081]
Wengert{6} => [ 41.970, -41.970,  83.939,  13.004,  808.743, -1160.027,  436.163]

		PolynomialSplineRegressor.N7Ck2._seg1_jack=Wengert{0} => [ 1.000,  0.000,  0.000,  0.000,  0.000,  0.000,  0.000]
Wengert{1} => [ 1.000,  0.000,  2.000,  0.000,  0.000,  0.000,  0.000]
Wengert{2} => [-1.000,  0.000,  2.000,  2.000,  0.000,  0.000,  0.000]
Wengert{3} => [-47.821,  47.821, -97.643, -18.407, -785.870,  1108.894, -409.969]
Wengert{4} => [ 132.959, -132.959,  265.919,  43.914,  2382.508, -3383.225,  1258.886]
Wengert{5} => [-128.107,  128.107, -256.215, -40.511, -2405.381,  3434.358, -1285.081]
Wengert{6} => [ 41.970, -41.970,  83.939,  13.004,  808.743, -1160.027,  436.163]

		PolynomialSplineRegressor.N7Ck2._seg1_monotone=MONOTONIC    
		PolynomialSplineRegressor.N7Ck2._seg2_3_0=20.25000000021339
		PolynomialSplineRegressor.N7Ck2._seg2_6_0=14.000000000130285
		PolynomialSplineRegressor.N7Ck2._seg2_head_jack=Wengert{0} => [ 1.000,  0.000,  0.000,  0.000,  0.000,  0.000,  0.000]
Wengert{1} => [ 1.000,  0.000,  3.000,  0.000,  0.000,  0.000,  0.000]
Wengert{2} => [-1.000,  0.000,  3.000,  4.500,  0.000,  0.000,  0.000]
Wengert{3} => [-47.821,  47.821, -146.464, -41.416, -2652.311,  3742.517, -1383.646]
Wengert{4} => [ 132.959, -132.959,  398.878,  98.806,  8040.965, -11418.384,  4248.742]
Wengert{5} => [-128.107,  128.107, -384.322, -91.149, -8118.160,  11590.959, -4337.147]
Wengert{6} => [ 41.970, -41.970,  125.909,  29.259,  2729.507, -3915.091,  1472.051]

		PolynomialSplineRegressor.N7Ck2._seg2_jack=Wengert{0} => [ 1.000,  0.000,  0.000,  0.000,  0.000,  0.000,  0.000]
Wengert{1} => [ 1.000,  0.000,  3.000,  0.000,  0.000,  0.000,  0.000]
Wengert{2} => [-1.000,  0.000,  3.000,  4.500,  0.000,  0.000,  0.000]
Wengert{3} => [-47.821,  47.821, -146.464, -41.416, -2652.311,  3742.517, -1383.646]
Wengert{4} => [ 132.959, -132.959,  398.878,  98.806,  8040.965, -11418.384,  4248.742]
Wengert{5} => [-128.107,  128.107, -384.322, -91.149, -8118.160,  11590.959, -4337.147]
Wengert{6} => [ 41.970, -41.970,  125.909,  29.259,  2729.507, -3915.091,  1472.051]

		PolynomialSplineRegressor.N7Ck2._seg2_monotone=MONOTONIC    
		PolynomialSplineRegressor.N7Ck2._seg2_value_jack=Wengert{0} => [ 0.107,  0.893, -0.679, -0.154, -22.060,  29.520, -10.329]

		PolynomialSplineRegressor.N7Ck2.FinishTime=Fri Nov 02 23:28:22 EDT 2018
		PolynomialSplineRegressor.N7Ck2.ExecTime=666

		PolynomialSplineRegressor.N7Ck3.Success=true
		PolynomialSplineRegressor.N7Ck3._seg1_1_0=25.0
		PolynomialSplineRegressor.N7Ck3._seg1_3_0=20.250000000000014
		PolynomialSplineRegressor.N7Ck3._seg1_head_jack=Wengert{0} => [ 1.000,  0.000,  0.000,  0.000,  0.000,  0.000,  0.000]
Wengert{1} => [ 1.000,  0.000,  2.000,  0.000,  0.000,  0.000,  0.000]
Wengert{2} => [-1.000,  0.000,  2.000,  2.000,  0.000,  0.000,  0.000]
Wengert{3} => [ 0.002,  0.000, -2.000,  2.000,  1.333,  0.000,  0.000]
Wengert{4} => [-12.027,  12.020, -24.040, -17.954, -4.042, -21.411,  15.990]
Wengert{5} => [ 18.271, -18.264,  36.528,  21.951,  4.081,  40.270, -30.252]
Wengert{6} => [-7.246,  7.244, -14.487, -7.997, -1.372, -18.859,  14.262]

		PolynomialSplineRegressor.N7Ck3._seg1_jack=Wengert{0} => [ 1.000,  0.000,  0.000,  0.000,  0.000,  0.000,  0.000]
Wengert{1} => [ 1.000,  0.000,  2.000,  0.000,  0.000,  0.000,  0.000]
Wengert{2} => [-1.000,  0.000,  2.000,  2.000,  0.000,  0.000,  0.000]
Wengert{3} => [ 0.002,  0.000, -2.000,  2.000,  1.333,  0.000,  0.000]
Wengert{4} => [-12.027,  12.020, -24.040, -17.954, -4.042, -21.411,  15.990]
Wengert{5} => [ 18.271, -18.264,  36.528,  21.951,  4.081,  40.270, -30.252]
Wengert{6} => [-7.246,  7.244, -14.487, -7.997, -1.372, -18.859,  14.262]

		PolynomialSplineRegressor.N7Ck3._seg1_monotone=MONOTONIC    
		PolynomialSplineRegressor.N7Ck3._seg2_3_0=20.250000000000014
		PolynomialSplineRegressor.N7Ck3._seg2_6_0=14.000000000000014
		PolynomialSplineRegressor.N7Ck3._seg2_head_jack=Wengert{0} => [ 1.000,  0.000,  0.000,  0.000,  0.000,  0.000,  0.000]
Wengert{1} => [ 1.000,  0.000,  3.000,  0.000,  0.000,  0.000,  0.000]
Wengert{2} => [-1.000,  0.000,  3.000,  4.500,  0.000,  0.000,  0.000]
Wengert{3} => [ 0.002,  0.000, -3.000,  4.500,  4.500,  0.000,  0.000]
Wengert{4} => [-12.027,  12.020, -36.060, -40.396, -13.643, -72.262,  53.968]
Wengert{5} => [ 18.271, -18.264,  54.791,  49.389,  13.774,  135.911, -102.102]
Wengert{6} => [-7.246,  7.244, -21.731, -17.994, -4.631, -63.649,  48.134]

		PolynomialSplineRegressor.N7Ck3._seg2_jack=Wengert{0} => [ 1.000,  0.000,  0.000,  0.000,  0.000,  0.000,  0.000]
Wengert{1} => [ 1.000,  0.000,  3.000,  0.000,  0.000,  0.000,  0.000]
Wengert{2} => [-1.000,  0.000,  3.000,  4.500,  0.000,  0.000,  0.000]
Wengert{3} => [ 0.002,  0.000, -3.000,  4.500,  4.500,  0.000,  0.000]
Wengert{4} => [-12.027,  12.020, -36.060, -40.396, -13.643, -72.262,  53.968]
Wengert{5} => [ 18.271, -18.264,  54.791,  49.389,  13.774,  135.911, -102.102]
Wengert{6} => [-7.246,  7.244, -21.731, -17.994, -4.631, -63.649,  48.134]

		PolynomialSplineRegressor.N7Ck3._seg2_monotone=MONOTONIC    
		PolynomialSplineRegressor.N7Ck3._seg2_value_jack=Wengert{0} => [ 0.505,  0.495,  0.515,  0.228,  0.037, -1.607,  1.179]

		PolynomialSplineRegressor.N7Ck3.FinishTime=Fri Nov 02 23:28:22 EDT 2018
		PolynomialSplineRegressor.N7Ck3.ExecTime=623

		PolynomialSplineRegressor.N7Ck4.Success=true
		PolynomialSplineRegressor.N7Ck4._seg1_1_0=25.0
		PolynomialSplineRegressor.N7Ck4._seg1_3_0=20.250000000000455
		PolynomialSplineRegressor.N7Ck4._seg1_head_jack=Wengert{0} => [ 1.000,  0.000,  0.000,  0.000,  0.000,  0.000,  0.000]
Wengert{1} => [ 1.000,  0.000,  2.000,  0.000,  0.000,  0.000,  0.000]
Wengert{2} => [-1.000,  0.000,  2.000,  2.000,  0.000,  0.000,  0.000]
Wengert{3} => [ 0.002,  0.000, -2.000,  2.000,  1.333,  0.000,  0.000]
Wengert{4} => [-110.644,  0.000,  0.004, -2.000,  1.333,  0.667,  0.000]
Wengert{5} => [ 203.749,  4.344, -8.696, -8.055, -6.029, -1.254, -0.178]
Wengert{6} => [-94.108, -3.344,  6.691,  6.055,  3.363,  0.587,  0.178]

		PolynomialSplineRegressor.N7Ck4._seg1_jack=Wengert{0} => [ 1.000,  0.000,  0.000,  0.000,  0.000,  0.000,  0.000]
Wengert{1} => [ 1.000,  0.000,  2.000,  0.000,  0.000,  0.000,  0.000]
Wengert{2} => [-1.000,  0.000,  2.000,  2.000,  0.000,  0.000,  0.000]
Wengert{3} => [ 0.002,  0.000, -2.000,  2.000,  1.333,  0.000,  0.000]
Wengert{4} => [-110.644,  0.000,  0.004, -2.000,  1.333,  0.667,  0.000]
Wengert{5} => [ 203.749,  4.344, -8.696, -8.055, -6.029, -1.254, -0.178]
Wengert{6} => [-94.108, -3.344,  6.691,  6.055,  3.363,  0.587,  0.178]

		PolynomialSplineRegressor.N7Ck4._seg1_monotone=MONOTONIC    
		PolynomialSplineRegressor.N7Ck4._seg2_3_0=20.250000000000455
		PolynomialSplineRegressor.N7Ck4._seg2_6_0=13.999999999997499
		PolynomialSplineRegressor.N7Ck4._seg2_head_jack=Wengert{0} => [ 1.000,  0.000,  0.000,  0.000,  0.000,  0.000,  0.000]
Wengert{1} => [ 1.000,  0.000,  3.000,  0.000,  0.000,  0.000,  0.000]
Wengert{2} => [-1.000,  0.000,  3.000,  4.500,  0.000,  0.000,  0.000]
Wengert{3} => [ 0.002,  0.000, -3.000,  4.500,  4.500,  0.000,  0.000]
Wengert{4} => [-110.644,  0.000,  0.007, -4.500,  4.500,  3.375,  0.000]
Wengert{5} => [ 203.749,  4.344, -13.044, -18.123, -20.349, -6.348, -0.599]
Wengert{6} => [-94.108, -3.344,  10.037,  13.623,  11.349,  2.973,  0.599]

		PolynomialSplineRegressor.N7Ck4._seg2_jack=Wengert{0} => [ 1.000,  0.000,  0.000,  0.000,  0.000,  0.000,  0.000]
Wengert{1} => [ 1.000,  0.000,  3.000,  0.000,  0.000,  0.000,  0.000]
Wengert{2} => [-1.000,  0.000,  3.000,  4.500,  0.000,  0.000,  0.000]
Wengert{3} => [ 0.002,  0.000, -3.000,  4.500,  4.500,  0.000,  0.000]
Wengert{4} => [-110.644,  0.000,  0.007, -4.500,  4.500,  3.375,  0.000]
Wengert{5} => [ 203.749,  4.344, -13.044, -18.123, -20.349, -6.348, -0.599]
Wengert{6} => [-94.108, -3.344,  10.037,  13.623,  11.349,  2.973,  0.599]

		PolynomialSplineRegressor.N7Ck4._seg2_monotone=MONOTONIC    
		PolynomialSplineRegressor.N7Ck4._seg2_value_jack=Wengert{0} => [-1.688,  0.228,  1.317,  1.026,  0.441,  0.075, -0.022]

		PolynomialSplineRegressor.N7Ck4.FinishTime=Fri Nov 02 23:28:22 EDT 2018
		PolynomialSplineRegressor.N7Ck4.ExecTime=560

		PolynomialSplineRegressor.N7Ck5.Success=true
		PolynomialSplineRegressor.N7Ck5._seg1_1_0=25.0
		PolynomialSplineRegressor.N7Ck5._seg1_3_0=20.25000000745058
		PolynomialSplineRegressor.N7Ck5._seg1_head_jack=Wengert{0} => [ 1.000,  0.000,  0.000,  0.000,  0.000,  0.000,  0.000]
Wengert{1} => [ 1.000,  0.000,  2.000,  0.000,  0.000,  0.000,  0.000]
Wengert{2} => [-1.000,  0.000,  2.000,  2.000,  0.000,  0.000,  0.000]
Wengert{3} => [ 0.002,  0.000, -2.000,  2.000,  1.333,  0.000,  0.000]
Wengert{4} => [-110.644,  0.000,  0.004, -2.000,  1.333,  0.667,  0.000]
Wengert{5} => [ 2312735.336,  0.000, -221.288,  0.004, -1.333,  0.667,  0.267]
Wengert{6} => [-2312625.694,  1.000,  219.283, -2.004, -1.333, -1.333, -0.267]

		PolynomialSplineRegressor.N7Ck5._seg1_jack=Wengert{0} => [ 1.000,  0.000,  0.000,  0.000,  0.000,  0.000,  0.000]
Wengert{1} => [ 1.000,  0.000,  2.000,  0.000,  0.000,  0.000,  0.000]
Wengert{2} => [-1.000,  0.000,  2.000,  2.000,  0.000,  0.000,  0.000]
Wengert{3} => [ 0.002,  0.000, -2.000,  2.000,  1.333,  0.000,  0.000]
Wengert{4} => [-110.644,  0.000,  0.004, -2.000,  1.333,  0.667,  0.000]
Wengert{5} => [ 2312735.336,  0.000, -221.288,  0.004, -1.333,  0.667,  0.267]
Wengert{6} => [-2312625.694,  1.000,  219.283, -2.004, -1.333, -1.333, -0.267]

		PolynomialSplineRegressor.N7Ck5._seg1_monotone=MONOTONIC    
		PolynomialSplineRegressor.N7Ck5._seg2_3_0=20.25000000745058
		PolynomialSplineRegressor.N7Ck5._seg2_6_0=14.0
		PolynomialSplineRegressor.N7Ck5._seg2_head_jack=Wengert{0} => [ 1.000,  0.000,  0.000,  0.000,  0.000,  0.000,  0.000]
Wengert{1} => [ 1.000,  0.000,  3.000,  0.000,  0.000,  0.000,  0.000]
Wengert{2} => [-1.000,  0.000,  3.000,  4.500,  0.000,  0.000,  0.000]
Wengert{3} => [ 0.002,  0.000, -3.000,  4.500,  4.500,  0.000,  0.000]
Wengert{4} => [-110.644,  0.000,  0.007, -4.500,  4.500,  3.375,  0.000]
Wengert{5} => [ 2312735.336,  0.000, -331.931,  0.010, -4.500,  3.375,  2.025]
Wengert{6} => [-2312625.694,  1.000,  328.925, -4.510, -4.500, -6.750, -2.025]

		PolynomialSplineRegressor.N7Ck5._seg2_jack=Wengert{0} => [ 1.000,  0.000,  0.000,  0.000,  0.000,  0.000,  0.000]
Wengert{1} => [ 1.000,  0.000,  3.000,  0.000,  0.000,  0.000,  0.000]
Wengert{2} => [-1.000,  0.000,  3.000,  4.500,  0.000,  0.000,  0.000]
Wengert{3} => [ 0.002,  0.000, -3.000,  4.500,  4.500,  0.000,  0.000]
Wengert{4} => [-110.644,  0.000,  0.007, -4.500,  4.500,  3.375,  0.000]
Wengert{5} => [ 2312735.336,  0.000, -331.931,  0.010, -4.500,  3.375,  2.025]
Wengert{6} => [-2312625.694,  1.000,  328.925, -4.510, -4.500, -6.750, -2.025]

		PolynomialSplineRegressor.N7Ck5._seg2_monotone=MONOTONIC    
		PolynomialSplineRegressor.N7Ck5._seg2_value_jack=Wengert{0} => [ 83052.196,  0.072, -10.136,  1.677,  1.010,  0.424,  0.073]

		PolynomialSplineRegressor.N7Ck5.FinishTime=Fri Nov 02 23:28:22 EDT 2018
		PolynomialSplineRegressor.N7Ck5.ExecTime=525

		PolynomialSplineRegressor.ExpTension.Success=true
		PolynomialSplineRegressor.ExpTension._seg1_1_0=24.999999999999986
		PolynomialSplineRegressor.ExpTension._seg1_3_0=20.249999999999996
		PolynomialSplineRegressor.ExpTension._seg1_head_jack=Wengert{0} => [ 3.000,  0.000, -4.000, -4.000]
Wengert{1} => [ 6.216, -5.708,  25.814,  12.399]
Wengert{2} => [-3.608,  2.854, -9.907, -4.200]
Wengert{3} => [ 1.608, -2.854,  13.907,  8.200]

		PolynomialSplineRegressor.ExpTension._seg1_jack=Wengert{0} => [ 3.000,  0.000, -4.000, -4.000]
Wengert{1} => [ 6.216, -5.708,  25.814,  12.399]
Wengert{2} => [-3.608,  2.854, -9.907, -4.200]
Wengert{3} => [ 1.608, -2.854,  13.907,  8.200]

		PolynomialSplineRegressor.ExpTension._seg1_monotone=MONOTONIC    
		PolynomialSplineRegressor.ExpTension._seg2_3_0=20.24999999999997
		PolynomialSplineRegressor.ExpTension._seg2_6_0=13.999999999999936
		PolynomialSplineRegressor.ExpTension._seg2_head_jack=Wengert{0} => [ 3.000,  0.000, -6.000, -9.000]
Wengert{1} => [ 6.216, -5.708,  38.722,  27.898]
Wengert{2} => [-3.608,  2.854, -14.861, -9.449]
Wengert{3} => [ 1.608, -2.854,  20.861,  18.449]

		PolynomialSplineRegressor.ExpTension._seg2_jack=Wengert{0} => [ 3.000,  0.000, -6.000, -9.000]
Wengert{1} => [ 6.216, -5.708,  38.722,  27.898]
Wengert{2} => [-3.608,  2.854, -14.861, -9.449]
Wengert{3} => [ 1.608, -2.854,  20.861,  18.449]

		PolynomialSplineRegressor.ExpTension._seg2_monotone=MONOTONIC    
		PolynomialSplineRegressor.ExpTension._seg2_value_jack=Wengert{0} => [ 0.771,  0.236,  1.293,  0.545]

		PolynomialSplineRegressor.ExpTension.FinishTime=Fri Nov 02 23:28:22 EDT 2018
		PolynomialSplineRegressor.ExpTension.ExecTime=60

		PolynomialSplineRegressor.HyperTension.Success=true
		PolynomialSplineRegressor.HyperTension._seg1_1_0=24.999999999999993
		PolynomialSplineRegressor.HyperTension._seg1_3_0=20.249999999999996
		PolynomialSplineRegressor.HyperTension._seg1_head_jack=Wengert{0} => [ 3.000, -0.000, -4.000, -4.000]
Wengert{1} => [ 6.216, -5.708,  25.814,  12.399]
Wengert{2} => [-2.000,  0.000,  4.000,  4.000]
Wengert{3} => [-5.216,  5.708, -23.814, -12.399]

		PolynomialSplineRegressor.HyperTension._seg1_jack=Wengert{0} => [ 3.000, -0.000, -4.000, -4.000]
Wengert{1} => [ 6.216, -5.708,  25.814,  12.399]
Wengert{2} => [-2.000,  0.000,  4.000,  4.000]
Wengert{3} => [-5.216,  5.708, -23.814, -12.399]

		PolynomialSplineRegressor.HyperTension._seg1_monotone=MONOTONIC    
		PolynomialSplineRegressor.HyperTension._seg2_3_0=20.249999999999986
		PolynomialSplineRegressor.HyperTension._seg2_6_0=13.999999999999986
		PolynomialSplineRegressor.HyperTension._seg2_head_jack=Wengert{0} => [ 3.000, -0.000, -6.000, -9.000]
Wengert{1} => [ 6.216, -5.708,  38.722,  27.898]
Wengert{2} => [-2.000,  0.000,  6.000,  9.000]
Wengert{3} => [-5.216,  5.708, -35.722, -27.898]

		PolynomialSplineRegressor.HyperTension._seg2_jack=Wengert{0} => [ 3.000, -0.000, -6.000, -9.000]
Wengert{1} => [ 6.216, -5.708,  38.722,  27.898]
Wengert{2} => [-2.000,  0.000,  6.000,  9.000]
Wengert{3} => [-5.216,  5.708, -35.722, -27.898]

		PolynomialSplineRegressor.HyperTension._seg2_monotone=MONOTONIC    
		PolynomialSplineRegressor.HyperTension._seg2_value_jack=Wengert{0} => [ 0.771,  0.236,  1.293,  0.545]

		PolynomialSplineRegressor.HyperTension.FinishTime=Fri Nov 02 23:28:22 EDT 2018
		PolynomialSplineRegressor.HyperTension.ExecTime=78

		PolynomialSplineRegressor.KP.Success=true
		PolynomialSplineRegressor.KP._seg1_1_0=25.0
		PolynomialSplineRegressor.KP._seg1_3_0=20.25
		PolynomialSplineRegressor.KP._seg1_head_jack=Wengert{0} => [ 1.000,  0.000,  0.000,  0.000]
Wengert{1} => [ 0.000,  1.000,  0.000,  0.000]
Wengert{2} => [ 2.000, -1.000,  2.000,  0.000]
Wengert{3} => [ 3.000, -2.000,  6.000,  2.000]

		PolynomialSplineRegressor.KP._seg1_jack=Wengert{0} => [ 1.000,  0.000,  0.000,  0.000]
Wengert{1} => [ 0.000,  1.000,  0.000,  0.000]
Wengert{2} => [ 2.000, -1.000,  2.000,  0.000]
Wengert{3} => [ 3.000, -2.000,  6.000,  2.000]

		PolynomialSplineRegressor.KP._seg1_monotone=MONOTONIC    
		PolynomialSplineRegressor.KP._seg2_3_0=20.25
		PolynomialSplineRegressor.KP._seg2_6_0=14.0
		PolynomialSplineRegressor.KP._seg2_head_jack=Wengert{0} => [ 1.000,  0.000,  0.000,  0.000]
Wengert{1} => [ 0.000,  1.000,  0.000,  0.000]
Wengert{2} => [ 2.000, -1.000,  3.000,  0.000]
Wengert{3} => [ 3.000, -2.000,  9.000,  4.500]

		PolynomialSplineRegressor.KP._seg2_jack=Wengert{0} => [ 1.000,  0.000,  0.000,  0.000]
Wengert{1} => [ 0.000,  1.000,  0.000,  0.000]
Wengert{2} => [ 2.000, -1.000,  3.000,  0.000]
Wengert{3} => [ 3.000, -2.000,  9.000,  4.500]

		PolynomialSplineRegressor.KP._seg2_monotone=MONOTONIC    
		PolynomialSplineRegressor.KP._seg2_value_jack=Wengert{0} => [ 0.758,  0.242,  1.273,  0.545]

		PolynomialSplineRegressor.KP.FinishTime=Fri Nov 02 23:28:22 EDT 2018
		PolynomialSplineRegressor.KP.ExecTime=121

		PolynomialSplineRegressor.Bern_N4Ck2.Success=true
		PolynomialSplineRegressor.Bern_N4Ck2._seg1_1_0=25.0
		PolynomialSplineRegressor.Bern_N4Ck2._seg1_3_0=20.25
		PolynomialSplineRegressor.Bern_N4Ck2._seg1_head_jack=Wengert{0} => [ 6.000,  0.000,  0.000,  0.000]
Wengert{1} => [ 8.000,  0.000,  4.000,  0.000]
Wengert{2} => [ 8.000,  0.000,  12.000,  4.000]
Wengert{3} => [ 0.000,  6.000,  0.000,  0.000]

		PolynomialSplineRegressor.Bern_N4Ck2._seg1_jack=Wengert{0} => [ 6.000,  0.000,  0.000,  0.000]
Wengert{1} => [ 8.000,  0.000,  4.000,  0.000]
Wengert{2} => [ 8.000,  0.000,  12.000,  4.000]
Wengert{3} => [ 0.000,  6.000,  0.000,  0.000]

		PolynomialSplineRegressor.Bern_N4Ck2._seg1_monotone=MONOTONIC    
		PolynomialSplineRegressor.Bern_N4Ck2._seg2_3_0=20.25
		PolynomialSplineRegressor.Bern_N4Ck2._seg2_6_0=14.0
		PolynomialSplineRegressor.Bern_N4Ck2._seg2_head_jack=Wengert{0} => [ 6.000,  0.000,  0.000,  0.000]
Wengert{1} => [ 8.000,  0.000,  6.000,  0.000]
Wengert{2} => [ 8.000,  0.000,  18.000,  9.000]
Wengert{3} => [ 0.000,  6.000,  0.000,  0.000]

		PolynomialSplineRegressor.Bern_N4Ck2._seg2_jack=Wengert{0} => [ 6.000,  0.000,  0.000,  0.000]
Wengert{1} => [ 8.000,  0.000,  6.000,  0.000]
Wengert{2} => [ 8.000,  0.000,  18.000,  9.000]
Wengert{3} => [ 0.000,  6.000,  0.000,  0.000]

		PolynomialSplineRegressor.Bern_N4Ck2._seg2_monotone=MONOTONIC    
		PolynomialSplineRegressor.Bern_N4Ck2._seg2_value_jack=Wengert{0} => [ 0.758,  0.242,  1.273,  0.545]

		PolynomialSplineRegressor.Bern_N4Ck2.FinishTime=Fri Nov 02 23:28:22 EDT 2018
		PolynomialSplineRegressor.Bern_N4Ck2.ExecTime=255

		PolynomialSplineRegressor.Hermite_N4Ck1.Success=true
		PolynomialSplineRegressor.Hermite_N4Ck1._seg1_0_0=1.0
		PolynomialSplineRegressor.Hermite_N4Ck1._seg1_1_0=4.0
		PolynomialSplineRegressor.Hermite_N4Ck1._seg1_head_jack=Wengert{0} => [ 1.000,  0.000,  0.000,  0.000]
Wengert{1} => [ 1.000,  0.000,  1.000,  0.000]
Wengert{2} => [-5.000,  4.000, -2.000, -1.000]
Wengert{3} => [ 3.000, -3.000,  1.000,  1.000]

		PolynomialSplineRegressor.Hermite_N4Ck1._seg1_jack=Wengert{0} => [ 1.000,  0.000,  0.000,  0.000]
Wengert{1} => [ 1.000,  0.000,  1.000,  0.000]
Wengert{2} => [-5.000,  4.000, -2.000, -1.000]
Wengert{3} => [ 3.000, -3.000,  1.000,  1.000]

		PolynomialSplineRegressor.Hermite_N4Ck1._seg1_monotone=MONOTONIC    
		PolynomialSplineRegressor.Hermite_N4Ck1._seg2_1_0=4.0
		PolynomialSplineRegressor.Hermite_N4Ck1._seg2_2_0=14.0
		PolynomialSplineRegressor.Hermite_N4Ck1._seg2_head_jack=Wengert{0} => [ 1.000,  0.000,  0.000,  0.000]
Wengert{1} => [ 1.000,  0.000,  1.000,  0.000]
Wengert{2} => [-5.000,  4.000, -2.000, -1.000]
Wengert{3} => [ 3.000, -3.000,  1.000,  1.000]

		PolynomialSplineRegressor.Hermite_N4Ck1._seg2_jack=Wengert{0} => [ 1.000,  0.000,  0.000,  0.000]
Wengert{1} => [ 1.000,  0.000,  1.000,  0.000]
Wengert{2} => [-5.000,  4.000, -2.000, -1.000]
Wengert{3} => [ 3.000, -3.000,  1.000,  1.000]

		PolynomialSplineRegressor.Hermite_N4Ck1._seg2_monotone=MONOTONIC    
		PolynomialSplineRegressor.Hermite_N4Ck1._seg2_value_jack=Wengert{0} => [ 0.500,  0.500,  0.100, -0.100]

		PolynomialSplineRegressor.Hermite_N4Ck1.FinishTime=Fri Nov 02 23:28:22 EDT 2018
		PolynomialSplineRegressor.Hermite_N4Ck1.ExecTime=101

		PolynomialSplineRegressor.Hermite_Bessel_CatmullRom_Cardinal_N4Ck1.Success=true
		PolynomialSplineRegressor.Hermite_Bessel_CatmullRom_Cardinal_N4Ck1.hermite_bessel_catmullrom_cardinal_n4ck1_local_c1_bessel_hermite_0.0= 1.00 | MINIMA       
		PolynomialSplineRegressor.Hermite_Bessel_CatmullRom_Cardinal_N4Ck1.hermite_bessel_catmullrom_cardinal_n4ck1_local_c1_bessel_hermite_0.0_jack=Wengert{0} => [ 1.000,  0.000,  0.000,  0.000,  0.000]

		PolynomialSplineRegressor.Hermite_Bessel_CatmullRom_Cardinal_N4Ck1.hermite_bessel_catmullrom_cardinal_n4ck1_local_c1_bessel_hermite_0.5= 2.20 | MINIMA       
		PolynomialSplineRegressor.Hermite_Bessel_CatmullRom_Cardinal_N4Ck1.hermite_bessel_catmullrom_cardinal_n4ck1_local_c1_bessel_hermite_0.5_jack=Wengert{0} => [ 0.500,  0.500,  0.000,  0.000,  0.000]

		PolynomialSplineRegressor.Hermite_Bessel_CatmullRom_Cardinal_N4Ck1.hermite_bessel_catmullrom_cardinal_n4ck1_local_c1_bessel_hermite_1.0= 4.00 | MINIMA       
		PolynomialSplineRegressor.Hermite_Bessel_CatmullRom_Cardinal_N4Ck1.hermite_bessel_catmullrom_cardinal_n4ck1_local_c1_bessel_hermite_1.0_jack=Wengert{0} => [ 0.000,  1.000,  0.000,  0.000,  0.000]

		PolynomialSplineRegressor.Hermite_Bessel_CatmullRom_Cardinal_N4Ck1.hermite_bessel_catmullrom_cardinal_n4ck1_local_c1_bessel_hermite_1.5= 8.70 | MONOTONIC    
		PolynomialSplineRegressor.Hermite_Bessel_CatmullRom_Cardinal_N4Ck1.hermite_bessel_catmullrom_cardinal_n4ck1_local_c1_bessel_hermite_1.5_jack=Wengert{0} => [ 0.000,  0.500,  0.500,  0.000,  0.000]

		PolynomialSplineRegressor.Hermite_Bessel_CatmullRom_Cardinal_N4Ck1.hermite_bessel_catmullrom_cardinal_n4ck1_local_c1_bessel_hermite_2.0= 15.00 | MONOTONIC    
		PolynomialSplineRegressor.Hermite_Bessel_CatmullRom_Cardinal_N4Ck1.hermite_bessel_catmullrom_cardinal_n4ck1_local_c1_bessel_hermite_2.0_jack=Wengert{0} => [ 0.000,  0.000,  1.000,  0.000,  0.000]

		PolynomialSplineRegressor.Hermite_Bessel_CatmullRom_Cardinal_N4Ck1.hermite_bessel_catmullrom_cardinal_n4ck1_local_c1_bessel_hermite_2.5= 26.10 | MONOTONIC    
		PolynomialSplineRegressor.Hermite_Bessel_CatmullRom_Cardinal_N4Ck1.hermite_bessel_catmullrom_cardinal_n4ck1_local_c1_bessel_hermite_2.5_jack=Wengert{0} => [ 0.000,  0.000,  0.500,  0.500,  0.000]

		PolynomialSplineRegressor.Hermite_Bessel_CatmullRom_Cardinal_N4Ck1.hermite_bessel_catmullrom_cardinal_n4ck1_local_c1_bessel_hermite_3.0= 40.00 | MONOTONIC    
		PolynomialSplineRegressor.Hermite_Bessel_CatmullRom_Cardinal_N4Ck1.hermite_bessel_catmullrom_cardinal_n4ck1_local_c1_bessel_hermite_3.0_jack=Wengert{0} => [ 0.000,  0.000,  0.000,  1.000,  0.000]

		PolynomialSplineRegressor.Hermite_Bessel_CatmullRom_Cardinal_N4Ck1.hermite_bessel_catmullrom_cardinal_n4ck1_local_c1_bessel_hermite_3.5= 70.50 | MONOTONIC    
		PolynomialSplineRegressor.Hermite_Bessel_CatmullRom_Cardinal_N4Ck1.hermite_bessel_catmullrom_cardinal_n4ck1_local_c1_bessel_hermite_3.5_jack=Wengert{0} => [ 0.000,  0.000,  0.000,  0.500,  0.500]

		PolynomialSplineRegressor.Hermite_Bessel_CatmullRom_Cardinal_N4Ck1.hermite_bessel_catmullrom_cardinal_n4ck1_local_c1_bessel_hermite_4.0= 85.00 | MONOTONIC    
		PolynomialSplineRegressor.Hermite_Bessel_CatmullRom_Cardinal_N4Ck1.hermite_bessel_catmullrom_cardinal_n4ck1_local_c1_bessel_hermite_4.0_jack=Wengert{0} => [ 0.000,  0.000,  0.000,  0.000,  1.000]

		PolynomialSplineRegressor.Hermite_Bessel_CatmullRom_Cardinal_N4Ck1.hermite_bessel_catmullrom_cardinal_n4ck1_local_cardinal_knot_0.0= 0.00 | MONOTONIC    
		PolynomialSplineRegressor.Hermite_Bessel_CatmullRom_Cardinal_N4Ck1.hermite_bessel_catmullrom_cardinal_n4ck1_local_cardinal_knot_0.0_jack=Wengert{0} => [ 1.000,  0.000,  0.000,  0.000,  0.000,  0.000]

		PolynomialSplineRegressor.Hermite_Bessel_CatmullRom_Cardinal_N4Ck1.hermite_bessel_catmullrom_cardinal_n4ck1_local_cardinal_knot_0.5= 0.00 | MONOTONIC    
		PolynomialSplineRegressor.Hermite_Bessel_CatmullRom_Cardinal_N4Ck1.hermite_bessel_catmullrom_cardinal_n4ck1_local_cardinal_knot_0.5_jack=Wengert{0} => [ 0.500,  0.500,  0.000,  0.000,  0.000,  0.000]

		PolynomialSplineRegressor.Hermite_Bessel_CatmullRom_Cardinal_N4Ck1.hermite_bessel_catmullrom_cardinal_n4ck1_local_cardinal_knot_1.0= 0.00 | MONOTONIC    
		PolynomialSplineRegressor.Hermite_Bessel_CatmullRom_Cardinal_N4Ck1.hermite_bessel_catmullrom_cardinal_n4ck1_local_cardinal_knot_1.0_jack=Wengert{0} => [ 0.000,  1.000,  0.000,  0.000,  0.000,  0.000]

		PolynomialSplineRegressor.Hermite_Bessel_CatmullRom_Cardinal_N4Ck1.hermite_bessel_catmullrom_cardinal_n4ck1_local_cardinal_knot_1.5= 0.00 | MONOTONIC    
		PolynomialSplineRegressor.Hermite_Bessel_CatmullRom_Cardinal_N4Ck1.hermite_bessel_catmullrom_cardinal_n4ck1_local_cardinal_knot_1.5_jack=Wengert{0} => [ 0.000,  0.500,  0.500,  0.000,  0.000,  0.000]

		PolynomialSplineRegressor.Hermite_Bessel_CatmullRom_Cardinal_N4Ck1.hermite_bessel_catmullrom_cardinal_n4ck1_local_cardinal_knot_2.0= 0.00 | MONOTONIC    
		PolynomialSplineRegressor.Hermite_Bessel_CatmullRom_Cardinal_N4Ck1.hermite_bessel_catmullrom_cardinal_n4ck1_local_cardinal_knot_2.0_jack=Wengert{0} => [ 0.000,  0.000,  1.000,  0.000,  0.000,  0.000]

		PolynomialSplineRegressor.Hermite_Bessel_CatmullRom_Cardinal_N4Ck1.hermite_bessel_catmullrom_cardinal_n4ck1_local_cardinal_knot_2.5= 0.00 | MONOTONIC    
		PolynomialSplineRegressor.Hermite_Bessel_CatmullRom_Cardinal_N4Ck1.hermite_bessel_catmullrom_cardinal_n4ck1_local_cardinal_knot_2.5_jack=Wengert{0} => [ 0.000,  0.000,  0.000,  1.000,  0.000,  0.000]

		PolynomialSplineRegressor.Hermite_Bessel_CatmullRom_Cardinal_N4Ck1.hermite_bessel_catmullrom_cardinal_n4ck1_local_cardinal_knot_3.0= 0.00 | MONOTONIC    
		PolynomialSplineRegressor.Hermite_Bessel_CatmullRom_Cardinal_N4Ck1.hermite_bessel_catmullrom_cardinal_n4ck1_local_cardinal_knot_3.0_jack=Wengert{0} => [ 0.000,  0.000,  0.000,  0.000,  1.000,  0.000]

		PolynomialSplineRegressor.Hermite_Bessel_CatmullRom_Cardinal_N4Ck1.hermite_bessel_catmullrom_cardinal_n4ck1_local_cardinal_knot_3.5= 0.00 | MONOTONIC    
		PolynomialSplineRegressor.Hermite_Bessel_CatmullRom_Cardinal_N4Ck1.hermite_bessel_catmullrom_cardinal_n4ck1_local_cardinal_knot_3.5_jack=Wengert{0} => [ 0.000,  0.000,  0.000,  0.000,  0.500,  0.500]

		PolynomialSplineRegressor.Hermite_Bessel_CatmullRom_Cardinal_N4Ck1.hermite_bessel_catmullrom_cardinal_n4ck1_local_cardinal_knot_4.0= 0.00 | MONOTONIC    
		PolynomialSplineRegressor.Hermite_Bessel_CatmullRom_Cardinal_N4Ck1.hermite_bessel_catmullrom_cardinal_n4ck1_local_cardinal_knot_4.0_jack=Wengert{0} => [ 0.000,  0.000,  0.000,  0.000,  0.000,  1.000]

		PolynomialSplineRegressor.Hermite_Bessel_CatmullRom_Cardinal_N4Ck1.hermite_bessel_catmullrom_cardinal_n4ck1_local_catmull_rom_knot_0.0= 0.00 | MONOTONIC    
		PolynomialSplineRegressor.Hermite_Bessel_CatmullRom_Cardinal_N4Ck1.hermite_bessel_catmullrom_cardinal_n4ck1_local_catmull_rom_knot_0.0_jack=Wengert{0} => [ 1.000,  0.000,  0.000,  0.000,  0.000,  0.000]

		PolynomialSplineRegressor.Hermite_Bessel_CatmullRom_Cardinal_N4Ck1.hermite_bessel_catmullrom_cardinal_n4ck1_local_catmull_rom_knot_0.5= 0.00 | MONOTONIC    
		PolynomialSplineRegressor.Hermite_Bessel_CatmullRom_Cardinal_N4Ck1.hermite_bessel_catmullrom_cardinal_n4ck1_local_catmull_rom_knot_0.5_jack=Wengert{0} => [ 0.500,  0.500,  0.000,  0.000,  0.000,  0.000]

		PolynomialSplineRegressor.Hermite_Bessel_CatmullRom_Cardinal_N4Ck1.hermite_bessel_catmullrom_cardinal_n4ck1_local_catmull_rom_knot_1.0= 0.00 | MONOTONIC    
		PolynomialSplineRegressor.Hermite_Bessel_CatmullRom_Cardinal_N4Ck1.hermite_bessel_catmullrom_cardinal_n4ck1_local_catmull_rom_knot_1.0_jack=Wengert{0} => [ 0.000,  1.000,  0.000,  0.000,  0.000,  0.000]

		PolynomialSplineRegressor.Hermite_Bessel_CatmullRom_Cardinal_N4Ck1.hermite_bessel_catmullrom_cardinal_n4ck1_local_catmull_rom_knot_1.5= 0.00 | MONOTONIC    
		PolynomialSplineRegressor.Hermite_Bessel_CatmullRom_Cardinal_N4Ck1.hermite_bessel_catmullrom_cardinal_n4ck1_local_catmull_rom_knot_1.5_jack=Wengert{0} => [ 0.000,  0.500,  0.500,  0.000,  0.000,  0.000]

		PolynomialSplineRegressor.Hermite_Bessel_CatmullRom_Cardinal_N4Ck1.hermite_bessel_catmullrom_cardinal_n4ck1_local_catmull_rom_knot_2.0= 0.00 | MONOTONIC    
		PolynomialSplineRegressor.Hermite_Bessel_CatmullRom_Cardinal_N4Ck1.hermite_bessel_catmullrom_cardinal_n4ck1_local_catmull_rom_knot_2.0_jack=Wengert{0} => [ 0.000,  0.000,  1.000,  0.000,  0.000,  0.000]

		PolynomialSplineRegressor.Hermite_Bessel_CatmullRom_Cardinal_N4Ck1.hermite_bessel_catmullrom_cardinal_n4ck1_local_catmull_rom_knot_2.5= 0.00 | MONOTONIC    
		PolynomialSplineRegressor.Hermite_Bessel_CatmullRom_Cardinal_N4Ck1.hermite_bessel_catmullrom_cardinal_n4ck1_local_catmull_rom_knot_2.5_jack=Wengert{0} => [ 0.000,  0.000,  0.000,  1.000,  0.000,  0.000]

		PolynomialSplineRegressor.Hermite_Bessel_CatmullRom_Cardinal_N4Ck1.hermite_bessel_catmullrom_cardinal_n4ck1_local_catmull_rom_knot_3.0= 0.00 | MONOTONIC    
		PolynomialSplineRegressor.Hermite_Bessel_CatmullRom_Cardinal_N4Ck1.hermite_bessel_catmullrom_cardinal_n4ck1_local_catmull_rom_knot_3.0_jack=Wengert{0} => [ 0.000,  0.000,  0.000,  0.000,  1.000,  0.000]

		PolynomialSplineRegressor.Hermite_Bessel_CatmullRom_Cardinal_N4Ck1.hermite_bessel_catmullrom_cardinal_n4ck1_local_catmull_rom_knot_3.5= 0.00 | MONOTONIC    
		PolynomialSplineRegressor.Hermite_Bessel_CatmullRom_Cardinal_N4Ck1.hermite_bessel_catmullrom_cardinal_n4ck1_local_catmull_rom_knot_3.5_jack=Wengert{0} => [ 0.000,  0.000,  0.000,  0.000,  0.500,  0.500]

		PolynomialSplineRegressor.Hermite_Bessel_CatmullRom_Cardinal_N4Ck1.hermite_bessel_catmullrom_cardinal_n4ck1_local_catmull_rom_knot_4.0= 0.00 | MONOTONIC    
		PolynomialSplineRegressor.Hermite_Bessel_CatmullRom_Cardinal_N4Ck1.hermite_bessel_catmullrom_cardinal_n4ck1_local_catmull_rom_knot_4.0_jack=Wengert{0} => [ 0.000,  0.000,  0.000,  0.000,  0.000,  1.000]

		PolynomialSplineRegressor.Hermite_Bessel_CatmullRom_Cardinal_N4Ck1.hermite_bessel_catmullrom_cardinal_n4ck1_local_hermite_knot_0.0= 0.00 | MONOTONIC    
		PolynomialSplineRegressor.Hermite_Bessel_CatmullRom_Cardinal_N4Ck1.hermite_bessel_catmullrom_cardinal_n4ck1_local_hermite_knot_0.0_jack=Wengert{0} => [ 1.000,  0.000,  0.000,  0.000,  0.000,  0.000]

		PolynomialSplineRegressor.Hermite_Bessel_CatmullRom_Cardinal_N4Ck1.hermite_bessel_catmullrom_cardinal_n4ck1_local_hermite_knot_0.5= 0.00 | MONOTONIC    
		PolynomialSplineRegressor.Hermite_Bessel_CatmullRom_Cardinal_N4Ck1.hermite_bessel_catmullrom_cardinal_n4ck1_local_hermite_knot_0.5_jack=Wengert{0} => [ 0.500,  0.500,  0.000,  0.000,  0.000,  0.000]

		PolynomialSplineRegressor.Hermite_Bessel_CatmullRom_Cardinal_N4Ck1.hermite_bessel_catmullrom_cardinal_n4ck1_local_hermite_knot_1.0= 0.00 | MONOTONIC    
		PolynomialSplineRegressor.Hermite_Bessel_CatmullRom_Cardinal_N4Ck1.hermite_bessel_catmullrom_cardinal_n4ck1_local_hermite_knot_1.0_jack=Wengert{0} => [ 0.000,  1.000,  0.000,  0.000,  0.000,  0.000]

		PolynomialSplineRegressor.Hermite_Bessel_CatmullRom_Cardinal_N4Ck1.hermite_bessel_catmullrom_cardinal_n4ck1_local_hermite_knot_1.5= 0.00 | MONOTONIC    
		PolynomialSplineRegressor.Hermite_Bessel_CatmullRom_Cardinal_N4Ck1.hermite_bessel_catmullrom_cardinal_n4ck1_local_hermite_knot_1.5_jack=Wengert{0} => [ 0.000,  0.500,  0.500,  0.000,  0.000,  0.000]

		PolynomialSplineRegressor.Hermite_Bessel_CatmullRom_Cardinal_N4Ck1.hermite_bessel_catmullrom_cardinal_n4ck1_local_hermite_knot_2.0= 0.00 | MONOTONIC    
		PolynomialSplineRegressor.Hermite_Bessel_CatmullRom_Cardinal_N4Ck1.hermite_bessel_catmullrom_cardinal_n4ck1_local_hermite_knot_2.0_jack=Wengert{0} => [ 0.000,  0.000,  1.000,  0.000,  0.000,  0.000]

		PolynomialSplineRegressor.Hermite_Bessel_CatmullRom_Cardinal_N4Ck1.hermite_bessel_catmullrom_cardinal_n4ck1_local_hermite_knot_2.5= 27.50 | MONOTONIC    
		PolynomialSplineRegressor.Hermite_Bessel_CatmullRom_Cardinal_N4Ck1.hermite_bessel_catmullrom_cardinal_n4ck1_local_hermite_knot_2.5_jack=Wengert{0} => [ 0.000,  0.000,  0.000,  1.000,  0.000,  0.000]

		PolynomialSplineRegressor.Hermite_Bessel_CatmullRom_Cardinal_N4Ck1.hermite_bessel_catmullrom_cardinal_n4ck1_local_hermite_knot_3.0= 0.00 | MONOTONIC    
		PolynomialSplineRegressor.Hermite_Bessel_CatmullRom_Cardinal_N4Ck1.hermite_bessel_catmullrom_cardinal_n4ck1_local_hermite_knot_3.0_jack=Wengert{0} => [ 0.000,  0.000,  0.000,  0.000,  1.000,  0.000]

		PolynomialSplineRegressor.Hermite_Bessel_CatmullRom_Cardinal_N4Ck1.hermite_bessel_catmullrom_cardinal_n4ck1_local_hermite_knot_3.5= 0.00 | MONOTONIC    
		PolynomialSplineRegressor.Hermite_Bessel_CatmullRom_Cardinal_N4Ck1.hermite_bessel_catmullrom_cardinal_n4ck1_local_hermite_knot_3.5_jack=Wengert{0} => [ 0.000,  0.000,  0.000,  0.000,  0.500,  0.500]

		PolynomialSplineRegressor.Hermite_Bessel_CatmullRom_Cardinal_N4Ck1.hermite_bessel_catmullrom_cardinal_n4ck1_local_hermite_knot_4.0= 0.00 | MONOTONIC    
		PolynomialSplineRegressor.Hermite_Bessel_CatmullRom_Cardinal_N4Ck1.hermite_bessel_catmullrom_cardinal_n4ck1_local_hermite_knot_4.0_jack=Wengert{0} => [ 0.000,  0.000,  0.000,  0.000,  0.000,  1.000]

		PolynomialSplineRegressor.Hermite_Bessel_CatmullRom_Cardinal_N4Ck1.hermite_bessel_catmullrom_cardinal_n4ck1_local_no_knot_0.0= 0.00 | MONOTONIC    
		PolynomialSplineRegressor.Hermite_Bessel_CatmullRom_Cardinal_N4Ck1.hermite_bessel_catmullrom_cardinal_n4ck1_local_no_knot_0.0_jack=Wengert{0} => [ 0.000,  0.000,  0.000,  0.000,  0.000]

		PolynomialSplineRegressor.Hermite_Bessel_CatmullRom_Cardinal_N4Ck1.hermite_bessel_catmullrom_cardinal_n4ck1_local_no_knot_0.5= 0.00 | MONOTONIC    
		PolynomialSplineRegressor.Hermite_Bessel_CatmullRom_Cardinal_N4Ck1.hermite_bessel_catmullrom_cardinal_n4ck1_local_no_knot_0.5_jack=Wengert{0} => [ 0.000,  0.000,  0.000,  0.000,  0.000]

		PolynomialSplineRegressor.Hermite_Bessel_CatmullRom_Cardinal_N4Ck1.hermite_bessel_catmullrom_cardinal_n4ck1_local_no_knot_1.0= 0.00 | MONOTONIC    
		PolynomialSplineRegressor.Hermite_Bessel_CatmullRom_Cardinal_N4Ck1.hermite_bessel_catmullrom_cardinal_n4ck1_local_no_knot_1.0_jack=Wengert{0} => [ 0.000,  0.000,  0.000,  0.000,  0.000]

		PolynomialSplineRegressor.Hermite_Bessel_CatmullRom_Cardinal_N4Ck1.hermite_bessel_catmullrom_cardinal_n4ck1_local_no_knot_1.5= 0.00 | MONOTONIC    
		PolynomialSplineRegressor.Hermite_Bessel_CatmullRom_Cardinal_N4Ck1.hermite_bessel_catmullrom_cardinal_n4ck1_local_no_knot_1.5_jack=Wengert{0} => [ 0.000,  0.000,  0.000,  0.000,  0.000]

		PolynomialSplineRegressor.Hermite_Bessel_CatmullRom_Cardinal_N4Ck1.hermite_bessel_catmullrom_cardinal_n4ck1_local_no_knot_2.0= 0.00 | MONOTONIC    
		PolynomialSplineRegressor.Hermite_Bessel_CatmullRom_Cardinal_N4Ck1.hermite_bessel_catmullrom_cardinal_n4ck1_local_no_knot_2.0_jack=Wengert{0} => [ 0.000,  0.000,  0.000,  0.000,  0.000]

		PolynomialSplineRegressor.Hermite_Bessel_CatmullRom_Cardinal_N4Ck1.hermite_bessel_catmullrom_cardinal_n4ck1_local_no_knot_2.5= 0.00 | MONOTONIC    
		PolynomialSplineRegressor.Hermite_Bessel_CatmullRom_Cardinal_N4Ck1.hermite_bessel_catmullrom_cardinal_n4ck1_local_no_knot_2.5_jack=Wengert{0} => [ 0.000,  0.000,  0.000,  0.000,  0.000]

		PolynomialSplineRegressor.Hermite_Bessel_CatmullRom_Cardinal_N4Ck1.hermite_bessel_catmullrom_cardinal_n4ck1_local_no_knot_3.0= 0.00 | MONOTONIC    
		PolynomialSplineRegressor.Hermite_Bessel_CatmullRom_Cardinal_N4Ck1.hermite_bessel_catmullrom_cardinal_n4ck1_local_no_knot_3.0_jack=Wengert{0} => [ 0.000,  0.000,  0.000,  0.000,  0.000]

		PolynomialSplineRegressor.Hermite_Bessel_CatmullRom_Cardinal_N4Ck1.hermite_bessel_catmullrom_cardinal_n4ck1_local_no_knot_3.5= 0.00 | MONOTONIC    
		PolynomialSplineRegressor.Hermite_Bessel_CatmullRom_Cardinal_N4Ck1.hermite_bessel_catmullrom_cardinal_n4ck1_local_no_knot_3.5_jack=Wengert{0} => [ 0.000,  0.000,  0.000,  0.000,  0.000]

		PolynomialSplineRegressor.Hermite_Bessel_CatmullRom_Cardinal_N4Ck1.hermite_bessel_catmullrom_cardinal_n4ck1_local_no_knot_4.0= 0.00 | MONOTONIC    
		PolynomialSplineRegressor.Hermite_Bessel_CatmullRom_Cardinal_N4Ck1.hermite_bessel_catmullrom_cardinal_n4ck1_local_no_knot_4.0_jack=Wengert{0} => [ 0.000,  0.000,  0.000,  0.000,  0.000]

		PolynomialSplineRegressor.Hermite_Bessel_CatmullRom_Cardinal_N4Ck1.FinishTime=Fri Nov 02 23:28:22 EDT 2018
		PolynomialSplineRegressor.Hermite_Bessel_CatmullRom_Cardinal_N4Ck1.ExecTime=268

		PolynomialSplineRegressor.Lagrange_Polynomial_Stretch.Success=true
		PolynomialSplineRegressor.Lagrange_Polynomial_Stretch.lpsr_locallymonotone=true
		PolynomialSplineRegressor.Lagrange_Polynomial_Stretch.lpsr_sm=MONOTONIC    
		PolynomialSplineRegressor.Lagrange_Polynomial_Stretch.lpsr_value=2.16
		PolynomialSplineRegressor.Lagrange_Polynomial_Stretch.lpsr_wj=Wengert{0} => [-0.041,  0.896,  0.171, -0.026]

		PolynomialSplineRegressor.Lagrange_Polynomial_Stretch.FinishTime=Fri Nov 02 23:28:22 EDT 2018
		PolynomialSplineRegressor.Lagrange_Polynomial_Stretch.ExecTime=46
	PolynomialSplineRegressor=> 9580 (mu-s): 28 / 28 succeeded.
	PolynomialSplineRegressor ends at Fri Nov 02 23:28:22 EDT 2018


--------
Stats for polynomialsplineregressor.bern_n4ck2
--------
	polynomialsplineregressor.bern_n4ck2.Stat.NumRuns=12
	polynomialsplineregressor.bern_n4ck2.Stat.ExecTimeMean=280
	polynomialsplineregressor.bern_n4ck2.Stat.ExecTimeMaximum=681
	polynomialsplineregressor.bern_n4ck2.Stat.ExecTimeMinimum=180
	polynomialsplineregressor.bern_n4ck2.Stat.ExecTimeVariance=113
	polynomialsplineregressor.bern_n4ck2.Stat.InitializationDelay=401
	polynomialsplineregressor.bern_n4ck2.Stat.ExecTimeList=[681, 612, 253, 282, 311, 241, 269, 190, 186, 307, 180, 255]


--------
Stats for polynomialsplineregressor.exptension
--------
	polynomialsplineregressor.exptension.Stat.NumRuns=12
	polynomialsplineregressor.exptension.Stat.ExecTimeMean=110
	polynomialsplineregressor.exptension.Stat.ExecTimeMaximum=228
	polynomialsplineregressor.exptension.Stat.ExecTimeMinimum=53
	polynomialsplineregressor.exptension.Stat.ExecTimeVariance=40
	polynomialsplineregressor.exptension.Stat.InitializationDelay=118
	polynomialsplineregressor.exptension.Stat.ExecTimeList=[228, 149, 91, 176, 175, 92, 75, 102, 111, 132, 53, 60]


--------
Stats for polynomialsplineregressor.hermite_bessel_catmullrom_cardinal_n4ck1
--------
	polynomialsplineregressor.hermite_bessel_catmullrom_cardinal_n4ck1.Stat.NumRuns=8
	polynomialsplineregressor.hermite_bessel_catmullrom_cardinal_n4ck1.Stat.ExecTimeMean=272
	polynomialsplineregressor.hermite_bessel_catmullrom_cardinal_n4ck1.Stat.ExecTimeMaximum=21748
	polynomialsplineregressor.hermite_bessel_catmullrom_cardinal_n4ck1.Stat.ExecTimeMinimum=237
	polynomialsplineregressor.hermite_bessel_catmullrom_cardinal_n4ck1.Stat.ExecTimeVariance=30
	polynomialsplineregressor.hermite_bessel_catmullrom_cardinal_n4ck1.Stat.InitializationDelay=21476
	polynomialsplineregressor.hermite_bessel_catmullrom_cardinal_n4ck1.Stat.ExecTimeList=[21748, 302, 321, 245, 242, 293, 237, 268]


--------
Stats for polynomialsplineregressor.hermite_n4ck1
--------
	polynomialsplineregressor.hermite_n4ck1.Stat.NumRuns=12
	polynomialsplineregressor.hermite_n4ck1.Stat.ExecTimeMean=84
	polynomialsplineregressor.hermite_n4ck1.Stat.ExecTimeMaximum=149
	polynomialsplineregressor.hermite_n4ck1.Stat.ExecTimeMinimum=57
	polynomialsplineregressor.hermite_n4ck1.Stat.ExecTimeVariance=28
	polynomialsplineregressor.hermite_n4ck1.Stat.InitializationDelay=65
	polynomialsplineregressor.hermite_n4ck1.Stat.ExecTimeList=[149, 94, 92, 95, 148, 58, 58, 57, 57, 111, 58, 101]


--------
Stats for polynomialsplineregressor.hypertension
--------
	polynomialsplineregressor.hypertension.Stat.NumRuns=12
	polynomialsplineregressor.hypertension.Stat.ExecTimeMean=154
	polynomialsplineregressor.hypertension.Stat.ExecTimeMaximum=391
	polynomialsplineregressor.hypertension.Stat.ExecTimeMinimum=66
	polynomialsplineregressor.hypertension.Stat.ExecTimeVariance=85
	polynomialsplineregressor.hypertension.Stat.InitializationDelay=43
	polynomialsplineregressor.hypertension.Stat.ExecTimeList=[197, 169, 154, 391, 168, 123, 134, 71, 207, 142, 66, 78]


--------
Stats for polynomialsplineregressor.kp
--------
	polynomialsplineregressor.kp.Stat.NumRuns=12
	polynomialsplineregressor.kp.Stat.ExecTimeMean=194
	polynomialsplineregressor.kp.Stat.ExecTimeMaximum=315
	polynomialsplineregressor.kp.Stat.ExecTimeMinimum=121
	polynomialsplineregressor.kp.Stat.ExecTimeVariance=55
	polynomialsplineregressor.kp.Stat.InitializationDelay=119
	polynomialsplineregressor.kp.Stat.ExecTimeList=[313, 275, 181, 223, 315, 159, 199, 154, 158, 200, 150, 121]


--------
Stats for polynomialsplineregressor.lagrange_polynomial_stretch
--------
	polynomialsplineregressor.lagrange_polynomial_stretch.Stat.NumRuns=12
	polynomialsplineregressor.lagrange_polynomial_stretch.Stat.ExecTimeMean=86
	polynomialsplineregressor.lagrange_polynomial_stretch.Stat.ExecTimeMaximum=283
	polynomialsplineregressor.lagrange_polynomial_stretch.Stat.ExecTimeMinimum=46
	polynomialsplineregressor.lagrange_polynomial_stretch.Stat.ExecTimeVariance=41
	polynomialsplineregressor.lagrange_polynomial_stretch.Stat.InitializationDelay=197
	polynomialsplineregressor.lagrange_polynomial_stretch.Stat.ExecTimeList=[283, 79, 132, 92, 188, 55, 53, 114, 72, 75, 47, 46]


--------
Stats for polynomialsplineregressor.n2ck0
--------
	polynomialsplineregressor.n2ck0.Stat.NumRuns=12
	polynomialsplineregressor.n2ck0.Stat.ExecTimeMean=44
	polynomialsplineregressor.n2ck0.Stat.ExecTimeMaximum=226
	polynomialsplineregressor.n2ck0.Stat.ExecTimeMinimum=17
	polynomialsplineregressor.n2ck0.Stat.ExecTimeVariance=57
	polynomialsplineregressor.n2ck0.Stat.InitializationDelay=20
	polynomialsplineregressor.n2ck0.Stat.ExecTimeList=[64, 33, 30, 22, 30, 226, 22, 21, 30, 24, 32, 17]


--------
Stats for polynomialsplineregressor.n3ck0
--------
	polynomialsplineregressor.n3ck0.Stat.NumRuns=12
	polynomialsplineregressor.n3ck0.Stat.ExecTimeMean=105
	polynomialsplineregressor.n3ck0.Stat.ExecTimeMaximum=440
	polynomialsplineregressor.n3ck0.Stat.ExecTimeMinimum=81
	polynomialsplineregressor.n3ck0.Stat.ExecTimeVariance=20
	polynomialsplineregressor.n3ck0.Stat.InitializationDelay=335
	polynomialsplineregressor.n3ck0.Stat.ExecTimeList=[440, 130, 154, 81, 101, 123, 95, 102, 101, 82, 91, 100]


--------
Stats for polynomialsplineregressor.n3ck1
--------
	polynomialsplineregressor.n3ck1.Stat.NumRuns=12
	polynomialsplineregressor.n3ck1.Stat.ExecTimeMean=77
	polynomialsplineregressor.n3ck1.Stat.ExecTimeMaximum=231
	polynomialsplineregressor.n3ck1.Stat.ExecTimeMinimum=42
	polynomialsplineregressor.n3ck1.Stat.ExecTimeVariance=46
	polynomialsplineregressor.n3ck1.Stat.InitializationDelay=154
	polynomialsplineregressor.n3ck1.Stat.ExecTimeList=[231, 114, 46, 60, 60, 96, 64, 54, 53, 42, 51, 208]


--------
Stats for polynomialsplineregressor.n4ck0
--------
	polynomialsplineregressor.n4ck0.Stat.NumRuns=12
	polynomialsplineregressor.n4ck0.Stat.ExecTimeMean=240
	polynomialsplineregressor.n4ck0.Stat.ExecTimeMaximum=623
	polynomialsplineregressor.n4ck0.Stat.ExecTimeMinimum=201
	polynomialsplineregressor.n4ck0.Stat.ExecTimeVariance=40
	polynomialsplineregressor.n4ck0.Stat.InitializationDelay=383
	polynomialsplineregressor.n4ck0.Stat.ExecTimeList=[623, 307, 201, 251, 228, 215, 230, 228, 228, 211, 210, 334]


--------
Stats for polynomialsplineregressor.n4ck1
--------
	polynomialsplineregressor.n4ck1.Stat.NumRuns=12
	polynomialsplineregressor.n4ck1.Stat.ExecTimeMean=198
	polynomialsplineregressor.n4ck1.Stat.ExecTimeMaximum=468
	polynomialsplineregressor.n4ck1.Stat.ExecTimeMinimum=131
	polynomialsplineregressor.n4ck1.Stat.ExecTimeVariance=68
	polynomialsplineregressor.n4ck1.Stat.InitializationDelay=270
	polynomialsplineregressor.n4ck1.Stat.ExecTimeList=[468, 354, 232, 134, 174, 311, 184, 163, 131, 162, 166, 175]


--------
Stats for polynomialsplineregressor.n4ck2
--------
	polynomialsplineregressor.n4ck2.Stat.NumRuns=12
	polynomialsplineregressor.n4ck2.Stat.ExecTimeMean=232
	polynomialsplineregressor.n4ck2.Stat.ExecTimeMaximum=1449
	polynomialsplineregressor.n4ck2.Stat.ExecTimeMinimum=77
	polynomialsplineregressor.n4ck2.Stat.ExecTimeVariance=387
	polynomialsplineregressor.n4ck2.Stat.InitializationDelay=50
	polynomialsplineregressor.n4ck2.Stat.ExecTimeList=[282, 250, 128, 87, 112, 101, 79, 77, 91, 78, 1449, 109]


--------
Stats for polynomialsplineregressor.n5ck0
--------
	polynomialsplineregressor.n5ck0.Stat.NumRuns=12
	polynomialsplineregressor.n5ck0.Stat.ExecTimeMean=401
	polynomialsplineregressor.n5ck0.Stat.ExecTimeMaximum=885
	polynomialsplineregressor.n5ck0.Stat.ExecTimeMinimum=332
	polynomialsplineregressor.n5ck0.Stat.ExecTimeVariance=89
	polynomialsplineregressor.n5ck0.Stat.InitializationDelay=484
	polynomialsplineregressor.n5ck0.Stat.ExecTimeList=[885, 666, 356, 347, 411, 370, 332, 340, 367, 370, 424, 433]


--------
Stats for polynomialsplineregressor.n5ck1
--------
	polynomialsplineregressor.n5ck1.Stat.NumRuns=12
	polynomialsplineregressor.n5ck1.Stat.ExecTimeMean=323
	polynomialsplineregressor.n5ck1.Stat.ExecTimeMaximum=572
	polynomialsplineregressor.n5ck1.Stat.ExecTimeMinimum=262
	polynomialsplineregressor.n5ck1.Stat.ExecTimeVariance=84
	polynomialsplineregressor.n5ck1.Stat.InitializationDelay=228
	polynomialsplineregressor.n5ck1.Stat.ExecTimeList=[551, 572, 332, 291, 336, 306, 263, 262, 263, 264, 340, 334]


--------
Stats for polynomialsplineregressor.n5ck2
--------
	polynomialsplineregressor.n5ck2.Stat.NumRuns=12
	polynomialsplineregressor.n5ck2.Stat.ExecTimeMean=295
	polynomialsplineregressor.n5ck2.Stat.ExecTimeMaximum=558
	polynomialsplineregressor.n5ck2.Stat.ExecTimeMinimum=202
	polynomialsplineregressor.n5ck2.Stat.ExecTimeVariance=110
	polynomialsplineregressor.n5ck2.Stat.InitializationDelay=96
	polynomialsplineregressor.n5ck2.Stat.ExecTimeList=[391, 458, 268, 205, 313, 253, 259, 205, 202, 202, 558, 328]


--------
Stats for polynomialsplineregressor.n5ck3
--------
	polynomialsplineregressor.n5ck3.Stat.NumRuns=12
	polynomialsplineregressor.n5ck3.Stat.ExecTimeMean=295
	polynomialsplineregressor.n5ck3.Stat.ExecTimeMaximum=1112
	polynomialsplineregressor.n5ck3.Stat.ExecTimeMinimum=163
	polynomialsplineregressor.n5ck3.Stat.ExecTimeVariance=264
	polynomialsplineregressor.n5ck3.Stat.InitializationDelay=-12
	polynomialsplineregressor.n5ck3.Stat.ExecTimeList=[283, 385, 237, 183, 224, 216, 171, 163, 170, 171, 1112, 222]


--------
Stats for polynomialsplineregressor.n6ck0
--------
	polynomialsplineregressor.n6ck0.Stat.NumRuns=12
	polynomialsplineregressor.n6ck0.Stat.ExecTimeMean=618
	polynomialsplineregressor.n6ck0.Stat.ExecTimeMaximum=1032
	polynomialsplineregressor.n6ck0.Stat.ExecTimeMinimum=517
	polynomialsplineregressor.n6ck0.Stat.ExecTimeVariance=145
	polynomialsplineregressor.n6ck0.Stat.InitializationDelay=91
	polynomialsplineregressor.n6ck0.Stat.ExecTimeList=[709, 1032, 592, 544, 670, 567, 518, 517, 520, 520, 713, 609]


--------
Stats for polynomialsplineregressor.n6ck1
--------
	polynomialsplineregressor.n6ck1.Stat.NumRuns=12
	polynomialsplineregressor.n6ck1.Stat.ExecTimeMean=558
	polynomialsplineregressor.n6ck1.Stat.ExecTimeMaximum=939
	polynomialsplineregressor.n6ck1.Stat.ExecTimeMinimum=451
	polynomialsplineregressor.n6ck1.Stat.ExecTimeVariance=137
	polynomialsplineregressor.n6ck1.Stat.InitializationDelay=159
	polynomialsplineregressor.n6ck1.Stat.ExecTimeList=[717, 939, 474, 514, 635, 531, 458, 451, 459, 460, 606, 617]


--------
Stats for polynomialsplineregressor.n6ck2
--------
	polynomialsplineregressor.n6ck2.Stat.NumRuns=12
	polynomialsplineregressor.n6ck2.Stat.ExecTimeMean=483
	polynomialsplineregressor.n6ck2.Stat.ExecTimeMaximum=848
	polynomialsplineregressor.n6ck2.Stat.ExecTimeMinimum=399
	polynomialsplineregressor.n6ck2.Stat.ExecTimeVariance=122
	polynomialsplineregressor.n6ck2.Stat.InitializationDelay=107
	polynomialsplineregressor.n6ck2.Stat.ExecTimeList=[590, 848, 431, 450, 499, 418, 410, 399, 416, 417, 528, 504]


--------
Stats for polynomialsplineregressor.n6ck3
--------
	polynomialsplineregressor.n6ck3.Stat.NumRuns=12
	polynomialsplineregressor.n6ck3.Stat.ExecTimeMean=416
	polynomialsplineregressor.n6ck3.Stat.ExecTimeMaximum=691
	polynomialsplineregressor.n6ck3.Stat.ExecTimeMinimum=356
	polynomialsplineregressor.n6ck3.Stat.ExecTimeVariance=88
	polynomialsplineregressor.n6ck3.Stat.InitializationDelay=275
	polynomialsplineregressor.n6ck3.Stat.ExecTimeList=[691, 662, 369, 394, 444, 363, 359, 356, 359, 356, 488, 427]


--------
Stats for polynomialsplineregressor.n6ck4
--------
	polynomialsplineregressor.n6ck4.Stat.NumRuns=12
	polynomialsplineregressor.n6ck4.Stat.ExecTimeMean=367
	polynomialsplineregressor.n6ck4.Stat.ExecTimeMaximum=590
	polynomialsplineregressor.n6ck4.Stat.ExecTimeMinimum=309
	polynomialsplineregressor.n6ck4.Stat.ExecTimeVariance=77
	polynomialsplineregressor.n6ck4.Stat.InitializationDelay=223
	polynomialsplineregressor.n6ck4.Stat.ExecTimeList=[590, 576, 318, 401, 385, 314, 313, 345, 309, 311, 434, 340]


--------
Stats for polynomialsplineregressor.n7ck0
--------
	polynomialsplineregressor.n7ck0.Stat.NumRuns=12
	polynomialsplineregressor.n7ck0.Stat.ExecTimeMean=893
	polynomialsplineregressor.n7ck0.Stat.ExecTimeMaximum=1582
	polynomialsplineregressor.n7ck0.Stat.ExecTimeMinimum=779
	polynomialsplineregressor.n7ck0.Stat.ExecTimeVariance=225
	polynomialsplineregressor.n7ck0.Stat.InitializationDelay=238
	polynomialsplineregressor.n7ck0.Stat.ExecTimeList=[1131, 1582, 780, 826, 1007, 781, 779, 827, 825, 809, 814, 800]


--------
Stats for polynomialsplineregressor.n7ck1
--------
	polynomialsplineregressor.n7ck1.Stat.NumRuns=12
	polynomialsplineregressor.n7ck1.Stat.ExecTimeMean=824
	polynomialsplineregressor.n7ck1.Stat.ExecTimeMaximum=1378
	polynomialsplineregressor.n7ck1.Stat.ExecTimeMinimum=698
	polynomialsplineregressor.n7ck1.Stat.ExecTimeVariance=190
	polynomialsplineregressor.n7ck1.Stat.InitializationDelay=98
	polynomialsplineregressor.n7ck1.Stat.ExecTimeList=[922, 1378, 726, 740, 926, 704, 729, 887, 698, 833, 723, 720]


--------
Stats for polynomialsplineregressor.n7ck2
--------
	polynomialsplineregressor.n7ck2.Stat.NumRuns=12
	polynomialsplineregressor.n7ck2.Stat.ExecTimeMean=732
	polynomialsplineregressor.n7ck2.Stat.ExecTimeMaximum=1242
	polynomialsplineregressor.n7ck2.Stat.ExecTimeMinimum=635
	polynomialsplineregressor.n7ck2.Stat.ExecTimeVariance=168
	polynomialsplineregressor.n7ck2.Stat.InitializationDelay=99
	polynomialsplineregressor.n7ck2.Stat.ExecTimeList=[831, 1242, 667, 681, 801, 637, 667, 653, 635, 760, 644, 666]


--------
Stats for polynomialsplineregressor.n7ck3
--------
	polynomialsplineregressor.n7ck3.Stat.NumRuns=12
	polynomialsplineregressor.n7ck3.Stat.ExecTimeMean=682
	polynomialsplineregressor.n7ck3.Stat.ExecTimeMaximum=1108
	polynomialsplineregressor.n7ck3.Stat.ExecTimeMinimum=579
	polynomialsplineregressor.n7ck3.Stat.ExecTimeVariance=147
	polynomialsplineregressor.n7ck3.Stat.InitializationDelay=385
	polynomialsplineregressor.n7ck3.Stat.ExecTimeList=[1067, 1108, 637, 772, 700, 594, 594, 594, 579, 715, 591, 623]


--------
Stats for polynomialsplineregressor.n7ck4
--------
	polynomialsplineregressor.n7ck4.Stat.NumRuns=12
	polynomialsplineregressor.n7ck4.Stat.ExecTimeMean=809
	polynomialsplineregressor.n7ck4.Stat.ExecTimeMaximum=3119
	polynomialsplineregressor.n7ck4.Stat.ExecTimeMinimum=532
	polynomialsplineregressor.n7ck4.Stat.ExecTimeVariance=731
	polynomialsplineregressor.n7ck4.Stat.InitializationDelay=93
	polynomialsplineregressor.n7ck4.Stat.ExecTimeList=[902, 3119, 545, 670, 658, 537, 567, 538, 550, 631, 532, 560]


--------
Stats for polynomialsplineregressor.n7ck5
--------
	polynomialsplineregressor.n7ck5.Stat.NumRuns=12
	polynomialsplineregressor.n7ck5.Stat.ExecTimeMean=557
	polynomialsplineregressor.n7ck5.Stat.ExecTimeMaximum=835
	polynomialsplineregressor.n7ck5.Stat.ExecTimeMinimum=479
	polynomialsplineregressor.n7ck5.Stat.ExecTimeVariance=89
	polynomialsplineregressor.n7ck5.Stat.InitializationDelay=278
	polynomialsplineregressor.n7ck5.Stat.ExecTimeList=[835, 704, 578, 644, 732, 492, 494, 492, 479, 495, 492, 525]

]]></system-out>
  <system-err><![CDATA[]]></system-err>
</testsuite>
