<?xml version="1.0" encoding="UTF-8"?>
<testsuite name="org.drip.coverage.sequence.Statistics" tests="1" skipped="0" failures="0" errors="0" timestamp="2019-08-23T22:16:31" hostname="LAPTOP-2MU6A8KE" time="9.279">
  <properties/>
  <testcase name="codeCoverageTest" classname="org.drip.coverage.sequence.Statistics" time="9.279"/>
  <system-out><![CDATA[
	|-----------------------------------------------------------------|
	|    Copyright (C) 2011-2019 (DRIP, DROP)
	|-----------------------------------------------------------------|
	|    Build Version  => 4.19.0 multi mode
	|    Build JVM (TM) => 1.8.0_112
	|    Build Snap     => Thu Jul 04 22:11:11 EST 2019
	|    Start Time     => Fri Aug 23 18:16:31 EDT 2019
	|    Setup Time     => Fri Aug 23 18:16:31 EDT 2019
	|    Setup Duration => 0 ms
	|-----------------------------------------------------------------|


	||-------------------------------------------||
	||                R^1 METRICS                ||
	||-------------------------------------------||
	||    L -> R:                                ||
	||            - Mean                         ||
	||            - Error                        ||
	||            - Variance                     ||
	||            - Standard Deviation           ||
	||-------------------------------------------||
	||  0.00795 |  0.79823 |  1.00077 |  1.00038 ||
	|| -0.00142 |  0.79612 |  0.99246 |  0.99622 ||
	||  0.00543 |  0.79252 |  0.98664 |  0.99330 ||
	||  0.00455 |  0.79610 |  0.99534 |  0.99767 ||
	||  0.00012 |  0.79758 |  0.99970 |  0.99985 ||
	||  0.00628 |  0.79602 |  0.99164 |  0.99581 ||
	||  0.00250 |  0.79585 |  0.99561 |  0.99780 ||
	||  0.00396 |  0.79660 |  0.99705 |  0.99852 ||
	|| -0.00206 |  0.79762 |  0.99865 |  0.99933 ||
	||-------------------------------------------||

	||------------------------------------------------------------------------------------------||
	||                                     INPUT CORRELATION                                    ||
	||------------------------------------------------------------------------------------------||
	||  1.00000 | 0.16100 | 0.24500 | 0.35200 | 0.25900 | 0.16600 | 0.00300 | 0.03800 | 0.11400 ||
	||  0.16100 | 1.00000 | 0.00000 | 0.00000 | 0.00000 | 0.00000 | 0.00000 | 0.00000 | 0.00000 ||
	||  0.24500 | 0.00000 | 1.00000 | 0.00000 | 0.00000 | 0.00000 | 0.00000 | 0.00000 | 0.00000 ||
	||  0.35200 | 0.00000 | 0.00000 | 1.00000 | 0.00000 | 0.00000 | 0.00000 | 0.00000 | 0.00000 ||
	||  0.25900 | 0.00000 | 0.00000 | 0.00000 | 1.00000 | 0.00000 | 0.00000 | 0.00000 | 0.00000 ||
	||  0.16600 | 0.00000 | 0.00000 | 0.00000 | 0.00000 | 1.00000 | 0.00000 | 0.00000 | 0.00000 ||
	||  0.00300 | 0.00000 | 0.00000 | 0.00000 | 0.00000 | 0.00000 | 1.00000 | 0.00000 | 0.00000 ||
	||  0.03800 | 0.00000 | 0.00000 | 0.00000 | 0.00000 | 0.00000 | 0.00000 | 1.00000 | 0.00000 ||
	||  0.11400 | 0.00000 | 0.00000 | 0.00000 | 0.00000 | 0.00000 | 0.00000 | 0.00000 | 1.00000 ||
	||------------------------------------------------------------------------------------------||

	||------------------------------------------------------------------------------------------||
	||                                    OUTPUT CORRELATION                                    ||
	||------------------------------------------------------------------------------------------||
	||  1.00000 | 0.16213 | 0.24184 | 0.35414 | 0.25497 | 0.16099 | 0.00934 | 0.03312 | 0.11379 ||
	||  0.16213 | 1.00000 |-0.00344 |-0.00146 |-0.00639 |-0.00559 |-0.00210 |-0.00046 | 0.00379 ||
	||  0.24184 |-0.00344 | 1.00000 | 0.00107 |-0.00066 |-0.00562 |-0.00329 |-0.00095 |-0.00099 ||
	||  0.35414 |-0.00146 | 0.00107 | 1.00000 | 0.00157 |-0.00228 | 0.00625 |-0.00748 |-0.00106 ||
	||  0.25497 |-0.00639 |-0.00066 | 0.00157 | 1.00000 |-0.01067 |-0.00140 |-0.00132 |-0.00009 ||
	||  0.16099 |-0.00559 |-0.00562 |-0.00228 |-0.01067 | 1.00000 | 0.00789 | 0.00721 | 0.00277 ||
	||  0.00934 |-0.00210 |-0.00329 | 0.00625 |-0.00140 | 0.00789 | 1.00000 | 0.00107 |-0.00530 ||
	||  0.03312 |-0.00046 |-0.00095 |-0.00748 |-0.00132 | 0.00721 | 0.00107 | 1.00000 | 0.00474 ||
	||  0.11379 | 0.00379 |-0.00099 |-0.00106 |-0.00009 | 0.00277 |-0.00530 | 0.00474 | 1.00000 ||
	||------------------------------------------------------------------------------------------||

	||------------------------------------------------------------------------------------------||
	||                                    OUTPUT COVARIANCE                                     ||
	||------------------------------------------------------------------------------------------||
	||  1.00077 | 0.16158 | 0.24031 | 0.35345 | 0.25503 | 0.16037 | 0.00933 | 0.03308 | 0.11375 ||
	||  0.16158 | 0.99246 |-0.00340 |-0.00145 |-0.00636 |-0.00554 |-0.00209 |-0.00046 | 0.00377 ||
	||  0.24031 |-0.00340 | 0.98664 | 0.00106 |-0.00066 |-0.00556 |-0.00326 |-0.00095 |-0.00099 ||
	||  0.35345 |-0.00145 | 0.00106 | 0.99534 | 0.00156 |-0.00226 | 0.00622 |-0.00746 |-0.00106 ||
	||  0.25503 |-0.00636 |-0.00066 | 0.00156 | 0.99970 |-0.01063 |-0.00140 |-0.00132 |-0.00009 ||
	||  0.16037 |-0.00554 |-0.00556 |-0.00226 |-0.01063 | 0.99164 | 0.00784 | 0.00717 | 0.00276 ||
	||  0.00933 |-0.00209 |-0.00326 | 0.00622 |-0.00140 | 0.00784 | 0.99561 | 0.00106 |-0.00528 ||
	||  0.03308 |-0.00046 |-0.00095 |-0.00746 |-0.00132 | 0.00717 | 0.00106 | 0.99705 | 0.00473 ||
	||  0.11375 | 0.00377 |-0.00099 |-0.00106 |-0.00009 | 0.00276 |-0.00528 | 0.00473 | 0.99865 ||
	||------------------------------------------------------------------------------------------||


	|-----------------------------------------------------------------|
	|    Copyright (C) 2011-2019 (DRIP, DROP)
	|-----------------------------------------------------------------|
	|    Build Version  => 4.19.0 multi mode
	|    Build JVM (TM) => 1.8.0_112
	|    Build Snap     => Thu Jul 04 22:11:11 EST 2019
	|    Start Time     => Fri Aug 23 18:16:34 EDT 2019
	|    Setup Time     => Fri Aug 23 18:16:34 EDT 2019
	|    Setup Duration => 0 ms
	|-----------------------------------------------------------------|


	||-------------------------------------------||
	||                R^1 METRICS                ||
	||-------------------------------------------||
	||    L -> R:                                ||
	||            - Mean                         ||
	||            - Error                        ||
	||            - Variance                     ||
	||            - Standard Deviation           ||
	||-------------------------------------------||
	||  0.00626 |  0.80369 |  1.01425 |  1.00710 ||
	||  0.00415 |  0.79427 |  0.99116 |  0.99557 ||
	||  0.00004 |  0.79881 |  1.00278 |  1.00139 ||
	||  0.00255 |  0.80035 |  1.00868 |  1.00433 ||
	||  0.00540 |  0.79763 |  0.99892 |  0.99946 ||
	|| -0.00402 |  0.79524 |  0.99233 |  0.99616 ||
	||  0.00360 |  0.79747 |  1.00083 |  1.00042 ||
	||  0.00424 |  0.79426 |  0.99382 |  0.99691 ||
	||  0.00262 |  0.79520 |  0.99130 |  0.99564 ||
	||-------------------------------------------||

	||------------------------------------------------------------------------------------------||
	||                                     INPUT CORRELATION                                    ||
	||------------------------------------------------------------------------------------------||
	||  1.00000 | 0.16100 | 0.24500 | 0.35200 | 0.25900 | 0.16600 | 0.00300 | 0.03800 | 0.11400 ||
	||  0.16100 | 1.00000 | 0.00000 | 0.00000 | 0.00000 | 0.00000 | 0.00000 | 0.00000 | 0.00000 ||
	||  0.24500 | 0.00000 | 1.00000 | 0.00000 | 0.00000 | 0.00000 | 0.00000 | 0.00000 | 0.00000 ||
	||  0.35200 | 0.00000 | 0.00000 | 1.00000 | 0.00000 | 0.00000 | 0.00000 | 0.00000 | 0.00000 ||
	||  0.25900 | 0.00000 | 0.00000 | 0.00000 | 1.00000 | 0.00000 | 0.00000 | 0.00000 | 0.00000 ||
	||  0.16600 | 0.00000 | 0.00000 | 0.00000 | 0.00000 | 1.00000 | 0.00000 | 0.00000 | 0.00000 ||
	||  0.00300 | 0.00000 | 0.00000 | 0.00000 | 0.00000 | 0.00000 | 1.00000 | 0.00000 | 0.00000 ||
	||  0.03800 | 0.00000 | 0.00000 | 0.00000 | 0.00000 | 0.00000 | 0.00000 | 1.00000 | 0.00000 ||
	||  0.11400 | 0.00000 | 0.00000 | 0.00000 | 0.00000 | 0.00000 | 0.00000 | 0.00000 | 1.00000 ||
	||------------------------------------------------------------------------------------------||

	||------------------------------------------------------------------------------------------||
	||                                    OUTPUT CORRELATION                                    ||
	||------------------------------------------------------------------------------------------||
	||  1.00000 | 0.16903 | 0.25318 | 0.34964 | 0.26436 | 0.16716 | 0.01136 | 0.03757 | 0.11382 ||
	||  0.16903 | 1.00000 | 0.00501 | 0.00350 | 0.00156 | 0.00532 |-0.00029 |-0.00604 | 0.00721 ||
	||  0.25318 | 0.00501 | 1.00000 | 0.00647 | 0.01067 | 0.00748 |-0.00606 | 0.00073 | 0.00013 ||
	||  0.34964 | 0.00350 | 0.00647 | 1.00000 | 0.00365 |-0.00198 | 0.00421 | 0.00689 |-0.00019 ||
	||  0.26436 | 0.00156 | 0.01067 | 0.00365 | 1.00000 | 0.00147 | 0.00688 | 0.00338 | 0.00324 ||
	||  0.16716 | 0.00532 | 0.00748 |-0.00198 | 0.00147 | 1.00000 |-0.00026 |-0.00667 |-0.00336 ||
	||  0.01136 |-0.00029 |-0.00606 | 0.00421 | 0.00688 |-0.00026 | 1.00000 | 0.00483 |-0.00780 ||
	||  0.03757 |-0.00604 | 0.00073 | 0.00689 | 0.00338 |-0.00667 | 0.00483 | 1.00000 |-0.00089 ||
	||  0.11382 | 0.00721 | 0.00013 |-0.00019 | 0.00324 |-0.00336 |-0.00780 |-0.00089 | 1.00000 ||
	||------------------------------------------------------------------------------------------||

	||------------------------------------------------------------------------------------------||
	||                                    OUTPUT COVARIANCE                                     ||
	||------------------------------------------------------------------------------------------||
	||  1.01425 | 0.16948 | 0.25533 | 0.35365 | 0.26610 | 0.16770 | 0.01144 | 0.03772 | 0.11413 ||
	||  0.16948 | 0.99116 | 0.00499 | 0.00350 | 0.00155 | 0.00528 |-0.00029 |-0.00599 | 0.00715 ||
	||  0.25533 | 0.00499 | 1.00278 | 0.00650 | 0.01068 | 0.00746 |-0.00607 | 0.00073 | 0.00013 ||
	||  0.35365 | 0.00350 | 0.00650 | 1.00868 | 0.00366 |-0.00198 | 0.00423 | 0.00690 |-0.00019 ||
	||  0.26610 | 0.00155 | 0.01068 | 0.00366 | 0.99892 | 0.00146 | 0.00688 | 0.00337 | 0.00323 ||
	||  0.16770 | 0.00528 | 0.00746 |-0.00198 | 0.00146 | 0.99233 |-0.00026 |-0.00662 |-0.00333 ||
	||  0.01144 |-0.00029 |-0.00607 | 0.00423 | 0.00688 |-0.00026 | 1.00083 | 0.00482 |-0.00777 ||
	||  0.03772 |-0.00599 | 0.00073 | 0.00690 | 0.00337 |-0.00662 | 0.00482 | 0.99382 |-0.00089 ||
	||  0.11413 | 0.00715 | 0.00013 |-0.00019 | 0.00323 |-0.00333 |-0.00777 |-0.00089 | 0.99130 ||
	||------------------------------------------------------------------------------------------||


	|-----------------------------------------------------------------|
	|    Copyright (C) 2011-2019 (DRIP, DROP)
	|-----------------------------------------------------------------|
	|    Build Version  => 4.19.0 multi mode
	|    Build JVM (TM) => 1.8.0_112
	|    Build Snap     => Thu Jul 04 22:11:11 EST 2019
	|    Start Time     => Fri Aug 23 18:16:36 EDT 2019
	|    Setup Time     => Fri Aug 23 18:16:36 EDT 2019
	|    Setup Duration => 0 ms
	|-----------------------------------------------------------------|


	||-------------------------------------------||
	||                R^1 METRICS                ||
	||-------------------------------------------||
	||    L -> R:                                ||
	||            - Mean                         ||
	||            - Error                        ||
	||            - Variance                     ||
	||            - Standard Deviation           ||
	||-------------------------------------------||
	|| -0.00509 |  0.79669 |  0.99997 |  0.99999 ||
	|| -0.00006 |  0.79665 |  1.00000 |  1.00000 ||
	|| -0.00045 |  0.79737 |  1.00000 |  1.00000 ||
	|| -0.00421 |  0.79963 |  0.99998 |  0.99999 ||
	||  0.00094 |  0.79815 |  1.00000 |  1.00000 ||
	|| -0.00328 |  0.79852 |  0.99999 |  0.99999 ||
	|| -0.00432 |  0.79798 |  0.99998 |  0.99999 ||
	|| -0.00104 |  0.79771 |  1.00000 |  1.00000 ||
	||  0.00473 |  0.79821 |  0.99998 |  0.99999 ||
	||-------------------------------------------||

	||------------------------------------------------------------------------------------------||
	||                                     INPUT CORRELATION                                    ||
	||------------------------------------------------------------------------------------------||
	||  1.00000 | 0.16100 | 0.24500 | 0.35200 | 0.25900 | 0.16600 | 0.00300 | 0.03800 | 0.11400 ||
	||  0.16100 | 1.00000 | 0.00000 | 0.00000 | 0.00000 | 0.00000 | 0.00000 | 0.00000 | 0.00000 ||
	||  0.24500 | 0.00000 | 1.00000 | 0.00000 | 0.00000 | 0.00000 | 0.00000 | 0.00000 | 0.00000 ||
	||  0.35200 | 0.00000 | 0.00000 | 1.00000 | 0.00000 | 0.00000 | 0.00000 | 0.00000 | 0.00000 ||
	||  0.25900 | 0.00000 | 0.00000 | 0.00000 | 1.00000 | 0.00000 | 0.00000 | 0.00000 | 0.00000 ||
	||  0.16600 | 0.00000 | 0.00000 | 0.00000 | 0.00000 | 1.00000 | 0.00000 | 0.00000 | 0.00000 ||
	||  0.00300 | 0.00000 | 0.00000 | 0.00000 | 0.00000 | 0.00000 | 1.00000 | 0.00000 | 0.00000 ||
	||  0.03800 | 0.00000 | 0.00000 | 0.00000 | 0.00000 | 0.00000 | 0.00000 | 1.00000 | 0.00000 ||
	||  0.11400 | 0.00000 | 0.00000 | 0.00000 | 0.00000 | 0.00000 | 0.00000 | 0.00000 | 1.00000 ||
	||------------------------------------------------------------------------------------------||

	||------------------------------------------------------------------------------------------||
	||                                    OUTPUT CORRELATION                                    ||
	||------------------------------------------------------------------------------------------||
	||  1.00000 | 0.16368 | 0.24470 | 0.35171 | 0.25542 | 0.17403 | 0.00397 | 0.03194 | 0.11410 ||
	||  0.16368 | 1.00000 | 0.00099 | 0.00512 | 0.00190 |-0.00238 | 0.00122 |-0.00263 |-0.00074 ||
	||  0.24470 | 0.00099 | 1.00000 |-0.00054 | 0.00288 | 0.00551 | 0.00646 | 0.00383 | 0.00078 ||
	||  0.35171 | 0.00512 |-0.00054 | 1.00000 |-0.00452 | 0.00045 |-0.00228 | 0.00299 |-0.00649 ||
	||  0.25542 | 0.00190 | 0.00288 |-0.00452 | 1.00000 |-0.00359 |-0.00377 | 0.00519 |-0.00412 ||
	||  0.17403 |-0.00238 | 0.00551 | 0.00045 |-0.00359 | 1.00000 | 0.00589 |-0.00157 |-0.00316 ||
	||  0.00397 | 0.00122 | 0.00646 |-0.00228 |-0.00377 | 0.00589 | 1.00000 |-0.00723 | 0.00834 ||
	||  0.03194 |-0.00263 | 0.00383 | 0.00299 | 0.00519 |-0.00157 |-0.00723 | 1.00000 |-0.00153 ||
	||  0.11410 |-0.00074 | 0.00078 |-0.00649 |-0.00412 |-0.00316 | 0.00834 |-0.00153 | 1.00000 ||
	||------------------------------------------------------------------------------------------||

	||------------------------------------------------------------------------------------------||
	||                                    OUTPUT COVARIANCE                                     ||
	||------------------------------------------------------------------------------------------||
	||  0.99997 | 0.16368 | 0.24470 | 0.35170 | 0.25542 | 0.17403 | 0.00397 | 0.03194 | 0.11410 ||
	||  0.16368 | 1.00000 | 0.00099 | 0.00512 | 0.00190 |-0.00238 | 0.00122 |-0.00263 |-0.00074 ||
	||  0.24470 | 0.00099 | 1.00000 |-0.00054 | 0.00288 | 0.00551 | 0.00646 | 0.00383 | 0.00078 ||
	||  0.35170 | 0.00512 |-0.00054 | 0.99998 |-0.00452 | 0.00045 |-0.00228 | 0.00299 |-0.00649 ||
	||  0.25542 | 0.00190 | 0.00288 |-0.00452 | 1.00000 |-0.00359 |-0.00377 | 0.00519 |-0.00412 ||
	||  0.17403 |-0.00238 | 0.00551 | 0.00045 |-0.00359 | 0.99999 | 0.00589 |-0.00157 |-0.00316 ||
	||  0.00397 | 0.00122 | 0.00646 |-0.00228 |-0.00377 | 0.00589 | 0.99998 |-0.00723 | 0.00834 ||
	||  0.03194 |-0.00263 | 0.00383 | 0.00299 | 0.00519 |-0.00157 |-0.00723 | 1.00000 |-0.00153 ||
	||  0.11410 |-0.00074 | 0.00078 |-0.00649 |-0.00412 |-0.00316 | 0.00834 |-0.00153 | 0.99998 ||
	||------------------------------------------------------------------------------------------||


	|-----------------------------------------------------------------|
	|    Copyright (C) 2011-2019 (DRIP, DROP)
	|-----------------------------------------------------------------|
	|    Build Version  => 4.19.0 multi mode
	|    Build JVM (TM) => 1.8.0_112
	|    Build Snap     => Thu Jul 04 22:11:11 EST 2019
	|    Start Time     => Fri Aug 23 18:16:38 EDT 2019
	|    Setup Time     => Fri Aug 23 18:16:38 EDT 2019
	|    Setup Duration => 0 ms
	|-----------------------------------------------------------------|


	||-------------------------------------------||
	||                R^1 METRICS                ||
	||-------------------------------------------||
	||    L -> R:                                ||
	||            - Mean                         ||
	||            - Error                        ||
	||            - Variance                     ||
	||            - Standard Deviation           ||
	||-------------------------------------------||
	||  0.00034 |  0.79828 |  0.99998 |  0.99999 ||
	|| -0.00289 |  0.79772 |  0.99997 |  0.99999 ||
	||  0.00351 |  0.79662 |  0.99997 |  0.99998 ||
	||  0.00011 |  0.79882 |  0.99998 |  0.99999 ||
	|| -0.00641 |  0.79881 |  0.99994 |  0.99997 ||
	|| -0.00143 |  0.79849 |  0.99998 |  0.99999 ||
	||  0.00250 |  0.79773 |  0.99997 |  0.99999 ||
	|| -0.00267 |  0.79909 |  0.99997 |  0.99999 ||
	|| -0.00238 |  0.79670 |  0.99997 |  0.99999 ||
	||-------------------------------------------||

	||------------------------------------------------------------------------------------------||
	||                                     INPUT CORRELATION                                    ||
	||------------------------------------------------------------------------------------------||
	||  1.00000 | 0.16100 | 0.24500 | 0.35200 | 0.25900 | 0.16600 | 0.00300 | 0.03800 | 0.11400 ||
	||  0.16100 | 1.00000 | 0.00000 | 0.00000 | 0.00000 | 0.00000 | 0.00000 | 0.00000 | 0.00000 ||
	||  0.24500 | 0.00000 | 1.00000 | 0.00000 | 0.00000 | 0.00000 | 0.00000 | 0.00000 | 0.00000 ||
	||  0.35200 | 0.00000 | 0.00000 | 1.00000 | 0.00000 | 0.00000 | 0.00000 | 0.00000 | 0.00000 ||
	||  0.25900 | 0.00000 | 0.00000 | 0.00000 | 1.00000 | 0.00000 | 0.00000 | 0.00000 | 0.00000 ||
	||  0.16600 | 0.00000 | 0.00000 | 0.00000 | 0.00000 | 1.00000 | 0.00000 | 0.00000 | 0.00000 ||
	||  0.00300 | 0.00000 | 0.00000 | 0.00000 | 0.00000 | 0.00000 | 1.00000 | 0.00000 | 0.00000 ||
	||  0.03800 | 0.00000 | 0.00000 | 0.00000 | 0.00000 | 0.00000 | 0.00000 | 1.00000 | 0.00000 ||
	||  0.11400 | 0.00000 | 0.00000 | 0.00000 | 0.00000 | 0.00000 | 0.00000 | 0.00000 | 1.00000 ||
	||------------------------------------------------------------------------------------------||

	||------------------------------------------------------------------------------------------||
	||                                    OUTPUT CORRELATION                                    ||
	||------------------------------------------------------------------------------------------||
	||  1.00000 | 0.16368 | 0.24444 | 0.35044 | 0.25799 | 0.16846 |-0.00014 | 0.04291 | 0.11500 ||
	||  0.16368 | 1.00000 | 0.00311 |-0.00369 |-0.00305 | 0.00829 | 0.00656 | 0.00690 |-0.01063 ||
	||  0.24444 | 0.00311 | 1.00000 |-0.00328 |-0.00327 | 0.00721 |-0.00360 |-0.00771 |-0.00544 ||
	||  0.35044 |-0.00369 |-0.00328 | 1.00000 | 0.00047 | 0.00338 | 0.00074 | 0.00737 | 0.00097 ||
	||  0.25799 |-0.00305 |-0.00327 | 0.00047 | 1.00000 | 0.00565 |-0.00401 | 0.00678 | 0.00202 ||
	||  0.16846 | 0.00829 | 0.00721 | 0.00338 | 0.00565 | 1.00000 | 0.00446 |-0.00078 |-0.00057 ||
	|| -0.00014 | 0.00656 |-0.00360 | 0.00074 |-0.00401 | 0.00446 | 1.00000 |-0.00220 | 0.00702 ||
	||  0.04291 | 0.00690 |-0.00771 | 0.00737 | 0.00678 |-0.00078 |-0.00220 | 1.00000 | 0.00283 ||
	||  0.11500 |-0.01063 |-0.00544 | 0.00097 | 0.00202 |-0.00057 | 0.00702 | 0.00283 | 1.00000 ||
	||------------------------------------------------------------------------------------------||

	||------------------------------------------------------------------------------------------||
	||                                    OUTPUT COVARIANCE                                     ||
	||------------------------------------------------------------------------------------------||
	||  0.99998 | 0.16367 | 0.24443 | 0.35043 | 0.25798 | 0.16845 |-0.00014 | 0.04291 | 0.11500 ||
	||  0.16367 | 0.99997 | 0.00311 |-0.00369 |-0.00305 | 0.00829 | 0.00656 | 0.00690 |-0.01063 ||
	||  0.24443 | 0.00311 | 0.99997 |-0.00328 |-0.00327 | 0.00721 |-0.00360 |-0.00771 |-0.00544 ||
	||  0.35043 |-0.00369 |-0.00328 | 0.99998 | 0.00047 | 0.00338 | 0.00074 | 0.00737 | 0.00097 ||
	||  0.25798 |-0.00305 |-0.00327 | 0.00047 | 0.99994 | 0.00565 |-0.00401 | 0.00678 | 0.00202 ||
	||  0.16845 | 0.00829 | 0.00721 | 0.00338 | 0.00565 | 0.99998 | 0.00446 |-0.00078 |-0.00057 ||
	|| -0.00014 | 0.00656 |-0.00360 | 0.00074 |-0.00401 | 0.00446 | 0.99997 |-0.00220 | 0.00702 ||
	||  0.04291 | 0.00690 |-0.00771 | 0.00737 | 0.00678 |-0.00078 |-0.00220 | 0.99997 | 0.00283 ||
	||  0.11500 |-0.01063 |-0.00544 | 0.00097 | 0.00202 |-0.00057 | 0.00702 | 0.00283 | 0.99997 ||
	||------------------------------------------------------------------------------------------||

]]></system-out>
  <system-err><![CDATA[]]></system-err>
</testsuite>
