<?xml version="1.0" encoding="UTF-8"?>
<testsuite name="org.drip.coverage.product.XCCY" tests="1" skipped="0" failures="0" errors="0" timestamp="2018-11-03T03:07:55" hostname="LAPTOP-2MU6A8KE" time="0.069">
  <properties/>
  <testcase name="codeCoverageTest" classname="org.drip.coverage.product.XCCY" time="0.069"/>
  <system-out><![CDATA[
	|-----------------------------------------------------------------|
	|    Copyright (C) 2011-2018 (DRIP)
	|-----------------------------------------------------------------|
	|    Build Version  => 3.86.0 multi mode
	|    Build JVM (TM) => 1.8.0_112
	|    Build Snap     => Fri Nov 02 21:22:20 EST 2018
	|    Start Time     => Fri Nov 02 23:07:55 EDT 2018
	|    Setup Time     => Fri Nov 02 23:07:55 EDT 2018
	|    Setup Duration => 0 ms
	|-----------------------------------------------------------------|


	--------------------------------------------------------------------------------------------------------
		L -> R:
			Reference Currency
			Reference Tenor
			Quote Basis on Reference
			Derived Currency
			Derived Tenor
			Quote Basis on Derived
			Fixing Setting Type
			Spot Lag in Business Days
	--------------------------------------------------------------------------------------------------------
		[USD | 3M | false] [AUD | 3M | true] 4 2 false
		[USD | 3M | false] [CAD | 3M | true] 4 2 false
		[USD | 3M | false] [CHF | 3M | true] 4 2 false
		[USD | 3M | true] [CLP | 3M | false] 4 2 false
		[USD | 3M | false] [DKK | 3M | true] 4 2 false
		[USD | 3M | false] [EUR | 3M | true] 4 2 false
		[USD | 3M | false] [GBP | 3M | true] 4 2 false
		[USD | 3M | false] [JPY | 3M | true] 4 2 false
		[USD | 3M | true] [MXN | 3M | false] 4 2 false
		[USD | 3M | false] [NOK | 3M | true] 4 2 false
		[USD | 3M | false] [PLN | 3M | true] 4 2 false
		[USD | 3M | false] [SEK | 3M | true] 4 2 false
	--------------------------------------------------------------------------------------------------------

	|-----------------------------------------------------------------|
	|    Copyright (C) 2011-2018 (DRIP)
	|-----------------------------------------------------------------|
	|    Build Version  => 3.86.0 multi mode
	|    Build JVM (TM) => 1.8.0_112
	|    Build Snap     => Fri Nov 02 21:22:20 EST 2018
	|    Start Time     => Fri Nov 02 23:07:55 EDT 2018
	|    Setup Time     => Fri Nov 02 23:07:55 EDT 2018
	|    Setup Duration => 0 ms
	|-----------------------------------------------------------------|

	---------------------------------------------------------
		CROSS-CURRENCY FLOAT-FLOAT COMPONENT RUNS
	---------------------------------------------------------
	L -> R:
		Cross Currency Swap Name
		Float-Float Effective
		Float-Float Maturity
		Price
		Derived Stream Par Basis Spread
		Reference Stream Par Basis Spread
		Annualized Derived Stream Duration
		Annualized Reference Stream Duration
	------------------------------------------------------------------------------------------------------------------
	| AUD_USD_OTC::FLOATFLOAT::2Y  [06-NOV-2018 -> 06-NOV-2020]  =>   99.92  |  -4.22  |   4.19  |  -1.97  |   1.99  |
	| CAD_USD_OTC::FLOATFLOAT::2Y  [06-NOV-2018 -> 06-NOV-2020]  =>   99.92  |  -4.22  |   4.19  |  -1.97  |   1.99  |
	| CHF_USD_OTC::FLOATFLOAT::2Y  [06-NOV-2018 -> 06-NOV-2020]  =>   99.86  |  -6.94  |   7.00  |  -2.00  |   1.99  |
	| CLP_USD_OTC::FLOATFLOAT::2Y  [06-NOV-2018 -> 06-NOV-2020]  =>   99.98  |  -0.97  |   0.97  |  -2.00  |   1.99  |
	| DKK_USD_OTC::FLOATFLOAT::2Y  [06-NOV-2018 -> 06-NOV-2020]  =>   99.86  |  -6.94  |   7.00  |  -2.00  |   1.99  |
	| EUR_USD_OTC::FLOATFLOAT::2Y  [06-NOV-2018 -> 06-NOV-2020]  =>   99.86  |  -6.94  |   7.00  |  -2.00  |   1.99  |
	| GBP_USD_OTC::FLOATFLOAT::2Y  [06-NOV-2018 -> 06-NOV-2020]  =>   99.92  |  -4.22  |   4.19  |  -1.97  |   1.99  |
	| JPY_USD_OTC::FLOATFLOAT::2Y  [06-NOV-2018 -> 06-NOV-2020]  =>   99.86  |  -6.94  |   6.99  |  -2.00  |   1.99  |
	| MXN_USD_OTC::FLOATFLOAT::2Y  [06-NOV-2018 -> 06-NOV-2020]  =>   99.98  |  -0.97  |   0.97  |  -2.00  |   1.99  |
	| NOK_USD_OTC::FLOATFLOAT::2Y  [06-NOV-2018 -> 06-NOV-2020]  =>   99.86  |  -6.94  |   7.00  |  -2.00  |   1.99  |
	| PLN_USD_OTC::FLOATFLOAT::2Y  [06-NOV-2018 -> 06-NOV-2020]  =>   99.92  |  -4.22  |   4.19  |  -1.97  |   1.99  |
	| SEK_USD_OTC::FLOATFLOAT::2Y  [06-NOV-2018 -> 06-NOV-2020]  =>   99.86  |  -6.94  |   7.00  |  -2.00  |   1.99  |
	------------------------------------------------------------------------------------------------------------------
]]></system-out>
  <system-err><![CDATA[]]></system-err>
</testsuite>
