<?xml version="1.0" encoding="UTF-8"?>
<testsuite name="org.drip.coverage.product.FloatFloat" tests="1" skipped="0" failures="0" errors="0" timestamp="2018-11-03T03:27:41" hostname="LAPTOP-2MU6A8KE" time="4.334">
  <properties/>
  <testcase name="codeCoverageTest" classname="org.drip.coverage.product.FloatFloat" time="4.334"/>
  <system-out><![CDATA[
	|-----------------------------------------------------------------|
	|    Copyright (C) 2011-2018 (DRIP)
	|-----------------------------------------------------------------|
	|    Build Version  => 3.86.0 multi mode
	|    Build JVM (TM) => 1.8.0_112
	|    Build Snap     => Fri Nov 02 21:22:20 EST 2018
	|    Start Time     => Fri Nov 02 23:27:41 EDT 2018
	|    Setup Time     => Fri Nov 02 23:27:41 EDT 2018
	|    Setup Duration => 0 ms
	|-----------------------------------------------------------------|


	--------------------------------------------------------------------------------------------------------
		L -> R:
			Currency
			Reference Tenor
			Spot Lag
			Basis on Derived Stream
			Basis on Derived Component
			Derived Stream Compounded To Reference Stream
			Component Pair
	--------------------------------------------------------------------------------------------------------
		AUD => 6M | 1 | true | false | true | false
		CAD => 6M | 0 | true | false | true | false
		CHF => 6M | 2 | true | false | true | false
		CNY => 6M | 2 | true | false | true | false
		DKK => 6M | 2 | true | false | true | false
		EUR => 6M | 2 | false | true | false | true
		GBP => 6M | 0 | true | false | true | false
		HKD => 6M | 0 | true | false | true | false
		INR => 6M | 2 | true | false | true | false
		JPY => 6M | 2 | true | false | true | false
		NOK => 6M | 2 | true | false | true | false
		NZD => 6M | 0 | true | false | true | false
		PLN => 6M | 2 | true | false | true | false
		SEK => 6M | 2 | true | false | true | false
		SGD => 6M | 2 | true | false | true | false
		USD => 6M | 2 | true | false | true | false
		ZAR => 6M | 0 | true | false | true | false
	--------------------------------------------------------------------------------------------------------

	|-----------------------------------------------------------------|
	|    Copyright (C) 2011-2018 (DRIP)
	|-----------------------------------------------------------------|
	|    Build Version  => 3.86.0 multi mode
	|    Build JVM (TM) => 1.8.0_112
	|    Build Snap     => Fri Nov 02 21:22:20 EST 2018
	|    Start Time     => Fri Nov 02 23:27:41 EDT 2018
	|    Setup Time     => Fri Nov 02 23:27:41 EDT 2018
	|    Setup Duration => 0 ms
	|-----------------------------------------------------------------|


------------------------------------------------------------
-------------------    3M-6M Basis Swap    -----------------
------------------------------------------------------------
 SPL =>              n=4               |         |         |
---------------------------------------|  LOG DF |  LIBOR  |
 MSR =>  RECALC  |  REFEREN |  DERIVED |         |         |
------------------------------------------------------------
 1Y =>  -00.04  |  -18.60  |   18.60  |   0.19  |   0.18  |  
 2Y =>   01.02  |  -12.71  |   12.70  |   1.01  |   0.99  |  
 3Y =>   02.04  |  -09.71  |   09.70  |   2.16  |   2.12  |  
 4Y =>   02.75  |  -08.01  |   08.00  |   2.81  |   2.76  |  
 5Y =>   03.26  |  -06.71  |   06.70  |   3.29  |   3.23  |  
 6Y =>   03.39  |  -05.81  |   05.80  |   3.45  |   3.39  |  
 7Y =>   03.66  |  -05.11  |   05.10  |   3.64  |   3.58  |  
 8Y =>   03.78  |  -04.61  |   04.60  |   3.83  |   3.77  |  
 9Y =>   04.06  |  -04.21  |   04.20  |   4.02  |   3.95  |  
 10Y =>   03.93  |  -03.81  |   03.80  |   4.20  |   4.13  |  
 11Y =>   02.07  |  -03.51  |   03.50  |   2.70  |   2.65  |  
 12Y =>   03.26  |  -03.31  |   03.30  |   2.70  |   2.65  |  
 15Y =>   01.21  |  -02.81  |   02.80  |   2.70  |   2.65  |  
 20Y =>   04.74  |  -02.21  |   02.20  |   2.70  |   2.65  |  
 25Y =>   00.61  |  -02.01  |   02.00  |   2.70  |   2.65  |  
 30Y =>   04.68  |  -01.81  |   01.80  |   2.70  |   2.65  |  
------------------------------------------------------------


	| AUD  [05-NOV-2018 -> 05-NOV-2028]  =>  -3.81  |   3.80  |
	---------------------------------------------------------
	L -> R:
		Currency
		Float-Float Effective
		Float-Float Maturity
		Reference Stream Par Basis Spread
		Derived Stream Par Basis Spread
	---------------------------------------------------------
		FLOAT-FLOAT SINGLE COMPONENT RUNS
	---------------------------------------------------------
	| AUD  [05-NOV-2018 -> 05-NOV-2028]  =>  -3.81  |   3.80  |
	| CAD  [02-NOV-2018 -> 02-NOV-2028]  =>  -3.81  |   3.80  |
	| CHF  [06-NOV-2018 -> 06-NOV-2028]  =>  -3.81  |   3.80  |
	| CNY  [06-NOV-2018 -> 06-NOV-2028]  =>  -3.81  |   3.80  |
	| DKK  [06-NOV-2018 -> 06-NOV-2028]  =>  -3.81  |   3.80  |
	| GBP  [02-NOV-2018 -> 02-NOV-2028]  =>  -3.81  |   3.80  |
	| HKD  [02-NOV-2018 -> 02-NOV-2028]  =>  -3.81  |   3.80  |
	| INR  [06-NOV-2018 -> 06-NOV-2028]  =>  -3.81  |   3.80  |
	| JPY  [06-NOV-2018 -> 06-NOV-2028]  =>  -3.81  |   3.80  |
	| NOK  [06-NOV-2018 -> 06-NOV-2028]  =>  -3.81  |   3.80  |
	| NZD  [02-NOV-2018 -> 02-NOV-2028]  =>  -3.81  |   3.80  |
	| PLN  [06-NOV-2018 -> 06-NOV-2028]  =>  -3.81  |   3.80  |
	| SEK  [06-NOV-2018 -> 06-NOV-2028]  =>  -3.81  |   3.80  |
	| SGD  [07-NOV-2018 -> 07-NOV-2028]  =>  -3.81  |   3.80  |
	| USD  [06-NOV-2018 -> 06-NOV-2028]  =>  -3.81  |   3.80  |
	| ZAR  [02-NOV-2018 -> 02-NOV-2028]  =>  -3.81  |   3.80  |

	----------------------------------------------------------------
	----------------------------------------------------------------
	----------------------------------------------------------------
	     FIX-FLOAT COMPONENT PAIR QUOTE RECOVERY
	----------------------------------------------------------------
	[06-NOV-2018 - 06-NOV-2019] = -18.33 |  18.60 |  18.60 |  0.2297% |  0.1874%
	[06-NOV-2018 - 06-NOV-2020] = -12.49 |  12.70 |  12.70 |  1.1551% |  0.9990%
	[06-NOV-2018 - 06-NOV-2021] = -9.52 |  9.70 |  9.70 |  2.0682% |  2.1133%
	[06-NOV-2018 - 06-NOV-2022] = -7.84 |  8.00 |  8.00 |  2.7375% |  2.7544%
	[06-NOV-2018 - 06-NOV-2023] = -6.56 |  6.70 |  6.70 |  3.2126% |  3.2124%
	[06-NOV-2018 - 06-NOV-2024] = -5.67 |  5.80 |  5.80 |  3.2128% |  3.3619%
	[06-NOV-2018 - 06-NOV-2025] = -4.98 |  5.10 |  5.10 |  3.7657% |  3.5514%
	[06-NOV-2018 - 06-NOV-2026] = -4.49 |  4.60 |  4.60 |  3.3593% |  3.7353%
	[06-NOV-2018 - 06-NOV-2027] = -4.10 |  4.20 |  4.20 |  4.5382% |  3.9145%
	[06-NOV-2018 - 06-NOV-2028] = -3.71 |  3.80 |  3.80 |  3.0191% |  4.0896%
	[06-NOV-2018 - 06-NOV-2029] = -3.42 |  3.50 |  3.50 |  2.6418% |  2.6258%
	[06-NOV-2018 - 06-NOV-2030] = -3.22 |  3.30 |  3.30 |  2.6759% |  2.6258%
	[06-NOV-2018 - 06-NOV-2033] = -2.73 |  2.80 |  2.80 |  2.9278% |  2.6258%
	[06-NOV-2018 - 06-NOV-2038] = -2.15 |  2.20 |  2.20 |  2.7073% |  2.6258%
	[06-NOV-2018 - 06-NOV-2043] = -1.95 |  2.00 |  2.00 |  3.0480% |  2.6258%
	[06-NOV-2018 - 06-NOV-2048] = -1.76 |  1.80 |  1.80 |  1.9601% |  2.6258%
	---------------------------------------------------------

	---------------------------------------------------------
		FIX-FLOAT COMPONENT PAIR RUNS
	---------------------------------------------------------
	L -> R:
		Currency
		Float-Float Effective
		Float-Float Maturity
		Derived Component Derived Stream Par Basis Spread
		Derived Component Reference Stream Par Basis Spread
	---------------------------------------------------------
	| EUR  [06-NOV-2018 -> 06-NOV-2019]  =>  -18.33  |   18.60  |
	| EUR  [06-NOV-2018 -> 06-NOV-2020]  =>  -12.49  |   12.70  |
	| EUR  [06-NOV-2018 -> 06-NOV-2021]  =>  -9.52  |   9.70  |
	| EUR  [06-NOV-2018 -> 06-NOV-2022]  =>  -7.84  |   8.00  |
	| EUR  [06-NOV-2018 -> 06-NOV-2023]  =>  -6.56  |   6.70  |
	| EUR  [06-NOV-2018 -> 06-NOV-2024]  =>  -5.67  |   5.80  |
	| EUR  [06-NOV-2018 -> 06-NOV-2025]  =>  -4.98  |   5.10  |
	| EUR  [06-NOV-2018 -> 06-NOV-2026]  =>  -4.49  |   4.60  |
	| EUR  [06-NOV-2018 -> 06-NOV-2027]  =>  -4.10  |   4.20  |
	| EUR  [06-NOV-2018 -> 06-NOV-2029]  =>  -3.42  |   3.50  |
	| EUR  [06-NOV-2018 -> 06-NOV-2030]  =>  -3.22  |   3.30  |
	| EUR  [06-NOV-2018 -> 06-NOV-2033]  =>  -2.73  |   2.80  |
	| EUR  [06-NOV-2018 -> 06-NOV-2038]  =>  -2.15  |   2.20  |
	| EUR  [06-NOV-2018 -> 06-NOV-2043]  =>  -1.95  |   2.00  |
	| EUR  [06-NOV-2018 -> 06-NOV-2048]  =>  -1.76  |   1.80  |
	---------------------------------------------------------
]]></system-out>
  <system-err><![CDATA[]]></system-err>
</testsuite>
