<?xml version="1.0" encoding="UTF-8"?>
<testsuite name="org.drip.coverage.state.Govvie" tests="1" skipped="0" failures="0" errors="0" timestamp="2018-11-03T03:11:19" hostname="LAPTOP-2MU6A8KE" time="0.473">
  <properties/>
  <testcase name="codeCoverageTest" classname="org.drip.coverage.state.Govvie" time="0.473"/>
  <system-out><![CDATA[
	|-----------------------------------------------------------------|
	|    Copyright (C) 2011-2018 (DRIP)
	|-----------------------------------------------------------------|
	|    Build Version  => 3.86.0 multi mode
	|    Build JVM (TM) => 1.8.0_112
	|    Build Snap     => Fri Nov 02 21:22:20 EST 2018
	|    Start Time     => Fri Nov 02 23:11:19 EDT 2018
	|    Setup Time     => Fri Nov 02 23:11:19 EDT 2018
	|    Setup Duration => 0 ms
	|-----------------------------------------------------------------|

Zero[2Y]: 0.019837000000000014; Yield[2Y]: 0.02
Zero[3Y]: 0.024896335317017945; Yield[3Y]: 0.025
Zero[5Y]: 0.030020528397792345; Yield[5Y]: 0.03
Zero[7Y]: 0.03261062718539768; Yield[7Y]: 0.0325
Zero[10Y]: 0.038157975202916763; Yield[10Y]: 0.0375
Zero[30Y]: 0.040558595719837345; Yield[30Y]: 0.04

----

	Price[TSY2YON]:  100.000
	Yield[TSY2YON]:  2.000
	Price[TSY3YON]:  100.000
	Yield[TSY3YON]:  2.500
	Price[TSY5YON]:  100.000
	Yield[TSY5YON]:  3.000
	Price[TSY7YON]:  100.000
	Yield[TSY7YON]:  3.250
	Price[TSY10YON]:  100.001
	Yield[TSY10YON]:  3.750
	Price[TSY30YON]:  100.002
	Yield[TSY30YON]:  4.000
CalcYield[2Y]: 0.0; Input[2Y]: 0.02
CalcYield[3Y]: 0.0; Input[3Y]: 0.025
CalcYield[5Y]: 0.0; Input[5Y]: 0.03
CalcYield[7Y]: 0.0; Input[7Y]: 0.0325
CalcYield[10Y]: 0.0; Input[10Y]: 0.0375
CalcYield[30Y]: 0.0; Input[30Y]: 0.04

Off-The-Run Price[10Y]: 1.0000077488912473

Off-The-Run Yield[10Y]: 0.03749999996882107
	Time => 425.440211 ms

	|-----------------------------------------------------------------|
	|    Copyright (C) 2011-2018 (DRIP)
	|-----------------------------------------------------------------|
	|    Build Version  => 3.86.0 multi mode
	|    Build JVM (TM) => 1.8.0_112
	|    Build Snap     => Fri Nov 02 21:22:20 EST 2018
	|    Start Time     => Fri Nov 02 23:11:20 EDT 2018
	|    Setup Time     => Fri Nov 02 23:11:20 EDT 2018
	|    Setup Duration => 0 ms
	|-----------------------------------------------------------------|


	[02-NOV-2019] =>  1.13% |  1.13% |  1.13% || 
	[02-NOV-2020] =>  1.21% |  1.21% |  1.21% || 
	[02-NOV-2021] =>  1.27% |  1.27% |  1.27% || 
	[02-NOV-2023] =>  1.37% |  1.37% |  1.37% || 
	[02-NOV-2025] =>  1.45% |  1.45% |  1.45% || 
	[02-NOV-2028] =>  1.54% |  1.54% |  1.54% || 
	[02-NOV-2048] =>  1.98% |  1.98% |  1.98% || 
]]></system-out>
  <system-err><![CDATA[]]></system-err>
</testsuite>
