<?xml version="1.0" encoding="UTF-8"?>
<testsuite name="org.drip.coverage.product.CapFloor" tests="1" skipped="0" failures="0" errors="0" timestamp="2018-11-03T02:54:08" hostname="LAPTOP-2MU6A8KE" time="4.725">
  <properties/>
  <testcase name="codeCoverageTest" classname="org.drip.coverage.product.CapFloor" time="4.725"/>
  <system-out><![CDATA[
	|-----------------------------------------------------------------|
	|    Copyright (C) 2011-2018 (DRIP)
	|-----------------------------------------------------------------|
	|    Build Version  => 3.86.0 multi mode
	|    Build JVM (TM) => 1.8.0_112
	|    Build Snap     => Fri Nov 02 21:22:20 EST 2018
	|    Start Time     => Fri Nov 02 22:54:08 EDT 2018
	|    Setup Time     => Fri Nov 02 22:54:08 EDT 2018
	|    Setup Duration => 0 ms
	|-----------------------------------------------------------------|



	-------------------------------------------------------------
	Cap ATM Price     :  2.74%
	Floor ATM Price   :  3.00%
	-------------------------------------------------------------
	atmfairpremium => 0.026404170618472434
	calctime => 0.022053695
	flatvolatility => 0.5000001179933549
	price => 0.0368213941744775
	pv => 0.0368213941744775
	upfront => 0.0368213941744775
	-------------------------------------------------------------
	-------------------------------------------------------------
	atmfairpremium => 0.026404170618472434
	calctime => 0.014768667000000001
	flatvolatility => 0.5000001179933549
	price => 0.014850966574788248
	pv => 0.014850966574788248
	upfront => 0.014850966574788248
	-------------------------------------------------------------
	-------------------------------------------------------------
	Price Implied Cap Volatility         :  50.00%
	Price Implied ATM Cap Volatility     :  50.00%
	Price Implied FRA Floor Volatility   :  50.00%
	Price Implied ATM Floor Volatility   :  50.00%

	|-----------------------------------------------------------------|
	|    Copyright (C) 2011-2018 (DRIP)
	|-----------------------------------------------------------------|
	|    Build Version  => 3.86.0 multi mode
	|    Build JVM (TM) => 1.8.0_112
	|    Build Snap     => Fri Nov 02 21:22:20 EST 2018
	|    Start Time     => Fri Nov 02 22:54:09 EDT 2018
	|    Setup Time     => Fri Nov 02 22:54:09 EDT 2018
	|    Setup Duration => 0 ms
	|-----------------------------------------------------------------|

	Printing the Cap/Floor Output in Order (Left -> Right):
		Cap Price
		Cap Flat Price Vol (%)
		Floor Price
		Floor Flat Price Vol (%)
	-------------------------------------------------------------
	-------------------------------------------------------------
	[ 10%, 10%,-99%] = 0.0206 |  10.0% |  0.0009 |  10.0% || 
	[ 10%, 10%,-50%] = 0.0217 |  10.0% |  0.0008 |  10.0% || 
	[ 10%, 10%, 00%] = 0.0227 |  10.0% |  0.0008 |  10.0% || 
	[ 10%, 10%, 50%] = 0.0238 |  10.0% |  0.0007 |  10.0% || 
	[ 10%, 10%, 99%] = 0.0249 |  10.0% |  0.0007 |  10.0% || 
	[ 10%, 15%,-99%] = 0.0196 |  10.0% |  0.0009 |  10.0% || 
	[ 10%, 15%,-50%] = 0.0211 |  10.0% |  0.0009 |  10.0% || 
	[ 10%, 15%, 00%] = 0.0227 |  10.0% |  0.0008 |  10.0% || 
	[ 10%, 15%, 50%] = 0.0244 |  10.0% |  0.0007 |  10.0% || 
	[ 10%, 15%, 99%] = 0.0261 |  10.0% |  0.0007 |  10.0% || 
	[ 10%, 20%,-99%] = 0.0186 |  10.0% |  0.0010 |  10.0% || 
	[ 10%, 20%,-50%] = 0.0206 |  10.0% |  0.0009 |  10.0% || 
	[ 10%, 20%, 00%] = 0.0227 |  10.0% |  0.0008 |  10.0% || 
	[ 10%, 20%, 50%] = 0.0250 |  10.0% |  0.0007 |  10.0% || 
	[ 10%, 20%, 99%] = 0.0272 |  10.0% |  0.0006 |  10.0% || 
	[ 10%, 25%,-99%] = 0.0176 |  10.0% |  0.0011 |  10.0% || 
	[ 10%, 25%,-50%] = 0.0201 |  10.0% |  0.0009 |  10.0% || 
	[ 10%, 25%, 00%] = 0.0227 |  10.0% |  0.0008 |  10.0% || 
	[ 10%, 25%, 50%] = 0.0255 |  10.0% |  0.0007 |  10.0% || 
	[ 10%, 25%, 99%] = 0.0284 |  10.0% |  0.0006 |  10.0% || 
	[ 10%, 30%,-99%] = 0.0167 |  10.0% |  0.0012 |  10.0% || 
	[ 10%, 30%,-50%] = 0.0196 |  10.0% |  0.0009 |  10.0% || 
	[ 10%, 30%, 00%] = 0.0227 |  10.0% |  0.0008 |  10.0% || 
	[ 10%, 30%, 50%] = 0.0261 |  10.0% |  0.0007 |  10.0% || 
	[ 10%, 30%, 99%] = 0.0296 |  10.0% |  0.0006 |  10.0% || 
	[ 20%, 10%,-99%] = 0.0213 |  20.0% |  0.0037 |  20.0% || 
	[ 20%, 10%,-50%] = 0.0231 |  20.0% |  0.0034 |  20.0% || 
	[ 20%, 10%, 00%] = 0.0250 |  20.0% |  0.0030 |  20.0% || 
	[ 20%, 10%, 50%] = 0.0270 |  20.0% |  0.0028 |  20.0% || 
	[ 20%, 10%, 99%] = 0.0291 |  20.0% |  0.0025 |  20.0% || 
	[ 20%, 15%,-99%] = 0.0196 |  20.0% |  0.0041 |  20.0% || 
	[ 20%, 15%,-50%] = 0.0222 |  20.0% |  0.0035 |  20.0% || 
	[ 20%, 15%, 00%] = 0.0250 |  20.0% |  0.0030 |  20.0% || 
	[ 20%, 15%, 50%] = 0.0281 |  20.0% |  0.0026 |  20.0% || 
	[ 20%, 15%, 99%] = 0.0313 |  20.0% |  0.0023 |  20.0% || 
	[ 20%, 20%,-99%] = 0.0179 |  20.0% |  0.0045 |  20.0% || 
	[ 20%, 20%,-50%] = 0.0213 |  20.0% |  0.0037 |  20.0% || 
	[ 20%, 20%, 00%] = 0.0250 |  20.0% |  0.0030 |  20.0% || 
	[ 20%, 20%, 50%] = 0.0291 |  20.0% |  0.0025 |  20.0% || 
	[ 20%, 20%, 99%] = 0.0336 |  20.0% |  0.0021 |  20.0% || 
	[ 20%, 25%,-99%] = 0.0164 |  20.0% |  0.0049 |  20.0% || 
	[ 20%, 25%,-50%] = 0.0204 |  20.0% |  0.0039 |  20.0% || 
	[ 20%, 25%, 00%] = 0.0250 |  20.0% |  0.0030 |  20.0% || 
	[ 20%, 25%, 50%] = 0.0302 |  20.0% |  0.0024 |  20.0% || 
	[ 20%, 25%, 99%] = 0.0359 |  20.0% |  0.0019 |  20.0% || 
	[ 20%, 30%,-99%] = 0.0149 |  20.0% |  0.0054 |  20.0% || 
	[ 20%, 30%,-50%] = 0.0195 |  20.0% |  0.0041 |  20.0% || 
	[ 20%, 30%, 00%] = 0.0250 |  20.0% |  0.0030 |  20.0% || 
	[ 20%, 30%, 50%] = 0.0314 |  20.0% |  0.0023 |  20.0% || 
	[ 20%, 30%, 99%] = 0.0384 |  20.0% |  0.0017 |  20.0% || 
	[ 30%, 10%,-99%] = 0.0234 |  30.0% |  0.0079 |  30.0% || 
	[ 30%, 10%,-50%] = 0.0259 |  30.0% |  0.0073 |  30.0% || 
	[ 30%, 10%, 00%] = 0.0286 |  30.0% |  0.0066 |  30.0% || 
	[ 30%, 10%, 50%] = 0.0315 |  30.0% |  0.0060 |  30.0% || 
	[ 30%, 10%, 99%] = 0.0345 |  30.0% |  0.0055 |  30.0% || 
	[ 30%, 15%,-99%] = 0.0212 |  30.0% |  0.0087 |  30.0% || 
	[ 30%, 15%,-50%] = 0.0246 |  30.0% |  0.0076 |  30.0% || 
	[ 30%, 15%, 00%] = 0.0286 |  30.0% |  0.0066 |  30.0% || 
	[ 30%, 15%, 50%] = 0.0330 |  30.0% |  0.0057 |  30.0% || 
	[ 30%, 15%, 99%] = 0.0377 |  30.0% |  0.0049 |  30.0% || 
	[ 30%, 20%,-99%] = 0.0190 |  30.0% |  0.0095 |  30.0% || 
	[ 30%, 20%,-50%] = 0.0234 |  30.0% |  0.0080 |  30.0% || 
	[ 30%, 20%, 00%] = 0.0286 |  30.0% |  0.0066 |  30.0% || 
	[ 30%, 20%, 50%] = 0.0345 |  30.0% |  0.0054 |  30.0% || 
	[ 30%, 20%, 99%] = 0.0412 |  30.0% |  0.0045 |  30.0% || 
	[ 30%, 25%,-99%] = 0.0171 |  30.0% |  0.0103 |  30.0% || 
	[ 30%, 25%,-50%] = 0.0222 |  30.0% |  0.0083 |  30.0% || 
	[ 30%, 25%, 00%] = 0.0286 |  30.0% |  0.0066 |  30.0% || 
	[ 30%, 25%, 50%] = 0.0361 |  30.0% |  0.0052 |  30.0% || 
	[ 30%, 25%, 99%] = 0.0448 |  30.0% |  0.0041 |  30.0% || 
	[ 30%, 30%,-99%] = 0.0153 |  30.0% |  0.0112 |  30.0% || 
	[ 30%, 30%,-50%] = 0.0211 |  30.0% |  0.0087 |  30.0% || 
	[ 30%, 30%, 00%] = 0.0286 |  30.0% |  0.0066 |  30.0% || 
	[ 30%, 30%, 50%] = 0.0378 |  30.0% |  0.0049 |  30.0% || 
	[ 30%, 30%, 99%] = 0.0487 |  30.0% |  0.0037 |  30.0% || 
	[ 40%, 10%,-99%] = 0.0261 |  40.0% |  0.0126 |  40.0% || 
	[ 40%, 10%,-50%] = 0.0292 |  40.0% |  0.0116 |  40.0% || 
	[ 40%, 10%, 00%] = 0.0326 |  40.0% |  0.0107 |  40.0% || 
	[ 40%, 10%, 50%] = 0.0364 |  40.0% |  0.0098 |  40.0% || 
	[ 40%, 10%, 99%] = 0.0404 |  40.0% |  0.0089 |  40.0% || 
	[ 40%, 15%,-99%] = 0.0232 |  40.0% |  0.0137 |  40.0% || 
	[ 40%, 15%,-50%] = 0.0276 |  40.0% |  0.0121 |  40.0% || 
	[ 40%, 15%, 00%] = 0.0326 |  40.0% |  0.0107 |  40.0% || 
	[ 40%, 15%, 50%] = 0.0384 |  40.0% |  0.0093 |  40.0% || 
	[ 40%, 15%, 99%] = 0.0448 |  40.0% |  0.0081 |  40.0% || 
	[ 40%, 20%,-99%] = 0.0206 |  40.0% |  0.0148 |  40.0% || 
	[ 40%, 20%,-50%] = 0.0260 |  40.0% |  0.0126 |  40.0% || 
	[ 40%, 20%, 00%] = 0.0326 |  40.0% |  0.0107 |  40.0% || 
	[ 40%, 20%, 50%] = 0.0405 |  40.0% |  0.0089 |  40.0% || 
	[ 40%, 20%, 99%] = 0.0496 |  40.0% |  0.0074 |  40.0% || 
	[ 40%, 25%,-99%] = 0.0183 |  40.0% |  0.0159 |  40.0% || 
	[ 40%, 25%,-50%] = 0.0246 |  40.0% |  0.0132 |  40.0% || 
	[ 40%, 25%, 00%] = 0.0326 |  40.0% |  0.0107 |  40.0% || 
	[ 40%, 25%, 50%] = 0.0427 |  40.0% |  0.0085 |  40.0% || 
	[ 40%, 25%, 99%] = 0.0547 |  40.0% |  0.0067 |  40.0% || 
	[ 40%, 30%,-99%] = 0.0162 |  40.0% |  0.0171 |  40.0% || 
	[ 40%, 30%,-50%] = 0.0231 |  40.0% |  0.0137 |  40.0% || 
	[ 40%, 30%, 00%] = 0.0326 |  40.0% |  0.0107 |  40.0% || 
	[ 40%, 30%, 50%] = 0.0449 |  40.0% |  0.0081 |  40.0% || 
	[ 40%, 30%, 99%] = 0.0603 |  40.0% |  0.0061 |  40.0% || 
	[ 50%, 10%,-99%] = 0.0288 |  50.0% |  0.0173 |  50.0% || 
	[ 50%, 10%,-50%] = 0.0326 |  50.0% |  0.0161 |  50.0% || 
	[ 50%, 10%, 00%] = 0.0368 |  50.0% |  0.0149 |  50.0% || 
	[ 50%, 10%, 50%] = 0.0415 |  50.0% |  0.0137 |  50.0% || 
	[ 50%, 10%, 99%] = 0.0466 |  50.0% |  0.0126 |  50.0% || 
	[ 50%, 15%,-99%] = 0.0254 |  50.0% |  0.0186 |  50.0% || 
	[ 50%, 15%,-50%] = 0.0306 |  50.0% |  0.0167 |  50.0% || 
	[ 50%, 15%, 00%] = 0.0368 |  50.0% |  0.0149 |  50.0% || 
	[ 50%, 15%, 50%] = 0.0441 |  50.0% |  0.0131 |  50.0% || 
	[ 50%, 15%, 99%] = 0.0523 |  50.0% |  0.0116 |  50.0% || 
	[ 50%, 20%,-99%] = 0.0223 |  50.0% |  0.0199 |  50.0% || 
	[ 50%, 20%,-50%] = 0.0287 |  50.0% |  0.0173 |  50.0% || 
	[ 50%, 20%, 00%] = 0.0368 |  50.0% |  0.0149 |  50.0% || 
	[ 50%, 20%, 50%] = 0.0468 |  50.0% |  0.0126 |  50.0% || 
	[ 50%, 20%, 99%] = 0.0586 |  50.0% |  0.0106 |  50.0% || 
	[ 50%, 25%,-99%] = 0.0196 |  50.0% |  0.0213 |  50.0% || 
	[ 50%, 25%,-50%] = 0.0270 |  50.0% |  0.0180 |  50.0% || 
	[ 50%, 25%, 00%] = 0.0368 |  50.0% |  0.0149 |  50.0% || 
	[ 50%, 25%, 50%] = 0.0496 |  50.0% |  0.0120 |  50.0% || 
	[ 50%, 25%, 99%] = 0.0654 |  50.0% |  0.0096 |  50.0% || 
	[ 50%, 30%,-99%] = 0.0172 |  50.0% |  0.0227 |  50.0% || 
	[ 50%, 30%,-50%] = 0.0253 |  50.0% |  0.0186 |  50.0% || 
	[ 50%, 30%, 00%] = 0.0368 |  50.0% |  0.0149 |  50.0% || 
	[ 50%, 30%, 50%] = 0.0525 |  50.0% |  0.0115 |  50.0% || 
	[ 50%, 30%, 99%] = 0.0729 |  50.0% |  0.0088 |  50.0% || 
	-------------------------------------------------------------
	-------------------------------------------------------------

	|-----------------------------------------------------------------|
	|    Copyright (C) 2011-2018 (DRIP)
	|-----------------------------------------------------------------|
	|    Build Version  => 3.86.0 multi mode
	|    Build JVM (TM) => 1.8.0_112
	|    Build Snap     => Fri Nov 02 21:22:20 EST 2018
	|    Start Time     => Fri Nov 02 22:54:12 EDT 2018
	|    Setup Time     => Fri Nov 02 22:54:12 EDT 2018
	|    Setup Duration => 0 ms
	|-----------------------------------------------------------------|

	---------------------------------------------------
	---------------------------------------------------
	Cap  03-FEB-1995 |  7.14% | 7.35% | 7.88% | 15.50% | 11 ||
	Cap  03-FEB-1995 |  8.07% | 8.26% | 8.39% | 17.75% | 105 ||
	Cap  03-FEB-1995 |  8.35% | 8.55% | 8.64% | 18.00% | 165 ||
	Cap  03-FEB-1995 |  8.45% | 8.65% | 8.69% | 17.75% | 213 ||
	Cap  03-FEB-1995 |  8.56% | 8.77% | 8.79% | 17.75% | 257 ||
	Cap  03-FEB-1995 |  8.69% | 8.91% | 8.90% | 16.50% | 278 ||
	Cap  03-FEB-1995 |  8.70% | 8.92% | 8.89% | 15.50% | 247 ||
	---------------------------------------------------
	---------------------------------------------------
	Cap  03-FEB-1995 |  7.14% | 7.35% | 7.88% | 15.50% | 284 ||
	Cap  03-FEB-1995 |  8.07% | 8.26% | 8.39% | 17.75% | 1069 ||
	Cap  03-FEB-1995 |  8.35% | 8.55% | 8.64% | 18.00% | 1965 ||
	Cap  03-FEB-1995 |  8.45% | 8.65% | 8.69% | 17.75% | 2890 ||
	Cap  03-FEB-1995 |  8.56% | 8.77% | 8.79% | 17.75% | 3880 ||
	Cap  03-FEB-1995 |  8.69% | 8.91% | 8.90% | 16.50% | 5463 ||
	Cap  03-FEB-1995 |  8.70% | 8.92% | 8.89% | 15.50% | 7632 ||


	---------------------------------------------------
	-----  CALIBRATED FORWARD VOLATILITY NODES --------
	---------------------------------------------------

	03-FEB-1995 =>  15.50%  | 15.50%  ||
	03-MAY-1995 =>  15.50%  | 15.50%  ||
	03-AUG-1995 =>  17.93%  | 18.27%  ||
	03-NOV-1995 =>  17.93%  | 18.27%  ||
	05-FEB-1996 =>  17.93%  | 18.27%  ||
	03-MAY-1996 =>  17.93%  | 18.27%  ||
	05-AUG-1996 =>  18.04%  | 17.99%  ||
	04-NOV-1996 =>  18.04%  | 17.99%  ||
	03-FEB-1997 =>  18.04%  | 17.99%  ||
	05-MAY-1997 =>  18.04%  | 17.99%  ||
	04-AUG-1997 =>  17.45%  | 17.43%  ||
	03-NOV-1997 =>  17.45%  | 17.43%  ||
	03-FEB-1998 =>  17.45%  | 17.43%  ||
	05-MAY-1998 =>  17.45%  | 17.43%  ||
	03-AUG-1998 =>  17.80%  | 17.79%  ||
	03-NOV-1998 =>  17.80%  | 17.79%  ||
	03-FEB-1999 =>  17.80%  | 17.79%  ||
	04-MAY-1999 =>  17.80%  | 17.79%  ||
	03-AUG-1999 =>  13.67%  | 14.45%  ||
	03-NOV-1999 =>  13.67%  | 14.45%  ||
	03-FEB-2000 =>  13.67%  | 14.45%  ||
	03-MAY-2000 =>  13.67%  | 14.45%  ||
	03-AUG-2000 =>  13.67%  | 14.45%  ||
	03-NOV-2000 =>  13.67%  | 14.45%  ||
	05-FEB-2001 =>  13.67%  | 14.45%  ||
	03-MAY-2001 =>  13.67%  | 14.45%  ||
	03-AUG-2001 =>  13.67%  | 13.80%  ||
	---------------------------------------------------
	---------------------------------------------------

	|-----------------------------------------------------------------|
	|    Copyright (C) 2011-2018 (DRIP)
	|-----------------------------------------------------------------|
	|    Build Version  => 3.86.0 multi mode
	|    Build JVM (TM) => 1.8.0_112
	|    Build Snap     => Fri Nov 02 21:22:20 EST 2018
	|    Start Time     => Fri Nov 02 22:54:12 EDT 2018
	|    Setup Time     => Fri Nov 02 22:54:12 EDT 2018
	|    Setup Duration => 0 ms
	|-----------------------------------------------------------------|

	Cap  03-FEB-1995 |  7.14% | 7.35% | 7.88% | 15.50% | 11 ||
	Cap  03-FEB-1995 |  8.07% | 8.26% | 8.39% | 17.75% | 105 ||
	Cap  03-FEB-1995 |  8.35% | 8.55% | 8.64% | 18.00% | 165 ||
	Cap  03-FEB-1995 |  8.45% | 8.65% | 8.69% | 17.75% | 213 ||
	Cap  03-FEB-1995 |  8.56% | 8.77% | 8.79% | 17.75% | 257 ||
	Cap  03-FEB-1995 |  8.69% | 8.91% | 8.90% | 16.50% | 278 ||
	Cap  03-FEB-1995 |  8.70% | 8.92% | 8.89% | 15.50% | 247 ||


	---------------------------------------------------
	-----  CALIBRATED FORWARD VOLATILITY NODES --------
	---------------------------------------------------

	03-FEB-1995 =>  15.50%  ||
	03-MAY-1995 =>  15.50%  ||
	03-AUG-1995 =>  17.93%  ||
	03-NOV-1995 =>  17.93%  ||
	05-FEB-1996 =>  17.93%  ||
	03-MAY-1996 =>  17.93%  ||
	05-AUG-1996 =>  18.04%  ||
	04-NOV-1996 =>  18.04%  ||
	03-FEB-1997 =>  18.04%  ||
	05-MAY-1997 =>  18.04%  ||
	04-AUG-1997 =>  17.45%  ||
	03-NOV-1997 =>  17.45%  ||
	03-FEB-1998 =>  17.45%  ||
	05-MAY-1998 =>  17.45%  ||
	03-AUG-1998 =>  17.80%  ||
	03-NOV-1998 =>  17.80%  ||
	03-FEB-1999 =>  17.80%  ||
	04-MAY-1999 =>  17.80%  ||
	03-AUG-1999 =>  13.67%  ||
	03-NOV-1999 =>  13.67%  ||
	03-FEB-2000 =>  13.67%  ||
	03-MAY-2000 =>  13.67%  ||
	03-AUG-2000 =>  13.67%  ||
	03-NOV-2000 =>  13.67%  ||
	05-FEB-2001 =>  13.67%  ||
	03-MAY-2001 =>  13.67%  ||
	03-AUG-2001 =>  13.67%  ||
	---------------------------------------------------
	---------------------------------------------------------------
	Cap ATM Volatility  03-FEB-1995 |  00.27% | 07.14% | 13.14% ||
	Cap ATM Volatility  03-FEB-1995 |  01.00% | 08.07% | 10.48% ||
	Cap ATM Volatility  03-FEB-1995 |  01.85% | 08.35% | 16.63% ||
	Cap ATM Volatility  03-FEB-1995 |  02.67% | 08.45% | 18.98% ||
	Cap ATM Volatility  03-FEB-1995 |  03.60% | 08.56% | 20.75% ||
	Cap ATM Volatility  03-FEB-1995 |  05.11% | 08.69% | 22.31% ||
	Cap ATM Volatility  03-FEB-1995 |  07.03% | 08.70% | 24.67% ||
	---------------------------------------------------------------
	---------------------------------------------------------------
]]></system-out>
  <system-err><![CDATA[]]></system-err>
</testsuite>
