<?xml version="1.0" encoding="UTF-8"?>
<testsuite name="org.drip.coverage.execution.Trend" tests="1" skipped="0" failures="0" errors="0" timestamp="2019-08-23T22:14:13" hostname="LAPTOP-2MU6A8KE" time="0.203">
  <properties/>
  <testcase name="codeCoverageTest" classname="org.drip.coverage.execution.Trend" time="0.203"/>
  <system-out><![CDATA[
	|-----------------------------------------------------------------|
	|    Copyright (C) 2011-2019 (DRIP, DROP)
	|-----------------------------------------------------------------|
	|    Build Version  => 4.19.0 multi mode
	|    Build JVM (TM) => 1.8.0_112
	|    Build Snap     => Thu Jul 04 22:11:11 EST 2019
	|    Start Time     => Fri Aug 23 18:14:13 EDT 2019
	|    Setup Time     => Fri Aug 23 18:14:13 EDT 2019
	|    Setup Duration => 0 ms
	|-----------------------------------------------------------------|


	|-------------------------------------------------------------------------------------------||
	|                     BAYESIAN GAIN INPUT DRIFT DISTRIBUTION DEPENDENCE                     ||
	|-------------------------------------------------------------------------------------------||
	|                                                                                           ||
	|        Inputs L -> R:                                                                     ||
	|             - Alpha Bar                                                                   ||
	|             - Sigma                                                                       ||
	|             - Nu                                                                          ||
	|                                                                                           ||
	|-------------------------------------------------------------------------------------------||
	|                                                                                           ||
	|        Outputs L -> R:                                                                    ||
	|                                                                                           ||
	|             - Phase #1 Outstanding Holdings                                               ||
	|             - Phase #2 Outstanding Holdings                                               ||
	|             - Phase #1 Instantaneous Trade Rate                                           ||
	|             - Phase #2 Instantaneous Trade Rate                                           ||
	|             - Phase #1 Drift Expectation Estimate                                         ||
	|             - Phase #2 Drift Expectation Estimate                                         ||
	|             - Phase #1 Drift Volatility Estimate                                          ||
	|             - Phase #2 Drift Volatility Estimate                                          ||
	|                                                                                           ||
	|-------------------------------------------------------------------------------------------||
	|[ 0.2, 0.5, 0.5] => -0.201 |  1.103 ||  2.402 | -0.206 ||  0.225 |  0.110 ||  017% |  012% || 
	|[ 0.2, 0.5, 1.7] =>  0.028 |  0.723 ||  1.945 |  0.554 || -0.031 |  0.279 ||  024% |  023% || 
	|[ 0.2, 0.5, 2.9] => -0.226 |  1.103 ||  2.452 | -0.207 ||  0.253 |  0.137 ||  025% |  024% || 
	|[ 0.2, 1.0, 0.5] => -0.885 |  1.589 ||  3.770 | -1.178 ||  0.991 |  0.332 ||  033% |  020% || 
	|[ 0.2, 1.0, 1.7] => -0.862 |  1.893 ||  3.725 | -1.787 ||  0.966 | -0.035 ||  085% |  074% || 
	|[ 0.2, 1.0, 2.9] => -0.474 |  1.330 ||  2.947 | -0.660 ||  0.531 |  0.161 ||  094% |  089% || 
	|[ 0.2, 2.0, 0.5] =>  0.211 | -0.508 ||  1.578 |  3.016 || -0.236 |  1.452 ||  044% |  024% || 
	|[ 0.2, 2.0, 1.7] => -1.843 |  1.960 ||  5.686 | -1.919 ||  2.064 |  0.990 ||  236% |  168% || 
	|[ 0.2, 2.0, 2.9] => -0.510 |  1.122 ||  3.019 | -0.244 ||  0.571 |  0.434 ||  323% |  271% || 
	|[ 0.7, 0.5, 0.5] => -0.282 |  0.988 ||  2.563 |  0.024 ||  0.316 |  0.329 ||  017% |  012% || 
	|[ 0.7, 0.5, 1.7] => -0.640 |  1.126 ||  3.281 | -0.253 ||  0.717 |  0.576 ||  024% |  023% || 
	|[ 0.7, 0.5, 2.9] => -0.576 |  0.896 ||  3.153 |  0.208 ||  0.646 |  0.762 ||  025% |  024% || 
	|[ 0.7, 1.0, 0.5] => -1.998 |  1.996 ||  5.997 | -1.993 ||  2.238 |  1.122 ||  033% |  020% || 
	|[ 0.7, 1.0, 1.7] => -0.373 |  1.171 ||  2.746 | -0.343 ||  0.418 |  0.226 ||  085% |  074% || 
	|[ 0.7, 1.0, 2.9] => -0.055 | -0.026 ||  2.111 |  2.052 ||  0.062 |  1.211 ||  094% |  089% || 
	|[ 0.7, 2.0, 0.5] =>  1.165 |  0.107 || -0.330 |  1.785 || -1.305 | -0.305 ||  044% |  024% || 
	|[ 0.7, 2.0, 1.7] => -1.806 |  1.526 ||  5.613 | -1.052 ||  2.023 |  1.434 ||  236% |  168% || 
	|[ 0.7, 2.0, 2.9] => -0.873 |  0.047 ||  3.745 |  1.907 ||  0.977 |  2.045 ||  323% |  271% || 
	|[ 1.2, 0.5, 0.5] => -0.875 |  1.143 ||  3.750 | -0.285 ||  0.980 |  0.820 ||  017% |  012% || 
	|[ 1.2, 0.5, 1.7] => -1.002 |  1.071 ||  4.003 | -0.142 ||  1.122 |  1.042 ||  024% |  023% || 
	|[ 1.2, 0.5, 2.9] => -1.025 |  0.989 ||  4.050 |  0.023 ||  1.148 |  1.161 ||  025% |  024% || 
	|[ 1.2, 1.0, 0.5] => -0.884 |  0.940 ||  3.767 |  0.119 ||  0.990 |  1.057 ||  033% |  020% || 
	|[ 1.2, 1.0, 1.7] => -1.421 |  1.908 ||  4.842 | -1.816 ||  1.592 |  0.574 ||  085% |  074% || 
	|[ 1.2, 1.0, 2.9] => -0.989 |  1.167 ||  3.979 | -0.333 ||  1.108 |  0.922 ||  094% |  089% || 
	|[ 1.2, 2.0, 0.5] => -0.916 |  1.699 ||  3.833 | -1.398 ||  1.026 |  0.243 ||  044% |  024% || 
	|[ 1.2, 2.0, 1.7] =>  0.144 | -0.685 ||  1.712 |  3.371 || -0.161 |  1.726 ||  236% |  168% || 
	|[ 1.2, 2.0, 2.9] => -0.826 |  0.991 ||  3.651 |  0.017 ||  0.925 |  0.935 ||  323% |  271% || 
	|-------------------------------------------------------------------------------------------||

	|-----------------------------------------------------------------|
	|    Copyright (C) 2011-2019 (DRIP, DROP)
	|-----------------------------------------------------------------|
	|    Build Version  => 4.19.0 multi mode
	|    Build JVM (TM) => 1.8.0_112
	|    Build Snap     => Thu Jul 04 22:11:11 EST 2019
	|    Start Time     => Fri Aug 23 18:14:14 EDT 2019
	|    Setup Time     => Fri Aug 23 18:14:14 EDT 2019
	|    Setup Duration => 0 ms
	|-----------------------------------------------------------------|


	|-------------------------------------------------------------------------------------------||
	|                     BAYESIAN GAIN INPUT DRIFT DISTRIBUTION DEPENDENCE                     ||
	|-------------------------------------------------------------------------------------------||
	|                                                                                           ||
	|        Inputs L -> R:                                                                     ||
	|             - Alpha Bar                                                                   ||
	|             - Sigma                                                                       ||
	|             - Nu                                                                          ||
	|                                                                                           ||
	|-------------------------------------------------------------------------------------------||
	|                                                                                           ||
	|        Outputs L -> R:                                                                    ||
	|                                                                                           ||
	|             - Phase #1 Transaction Cost Expectation                                       ||
	|             - Phase #1 Transaction Cost Variance                                          ||
	|             - Phase #1 Static Transaction Cost                                            ||
	|             - Phase #1 Transaction Cost Gain                                              ||
	|             - Phase #2 Transaction Cost Expectation                                       ||
	|             - Phase #2 Transaction Cost Variance                                          ||
	|             - Phase #2 Static Transaction Cost                                            ||
	|             - Phase #2 Transaction Cost Gain                                              ||
	|                                                                                           ||
	|-------------------------------------------------------------------------------------------||
	|[ 0.2, 0.5, 0.5] =>  0.178 |  0.039 |  0.177 |  0.001 || -0.027 |  0.003 | -0.028 |  0.001 ||
	|[ 0.2, 0.5, 1.7] =>  0.178 |  0.449 |  0.178 |  0.000 || -0.003 |  0.014 | -0.003 |  0.000 ||
	|[ 0.2, 0.5, 2.9] =>  0.171 |  1.325 |  0.171 |  0.000 || -0.003 |  0.031 | -0.003 |  0.000 ||
	|[ 0.2, 1.0, 0.5] => -0.085 |  0.060 | -0.096 |  0.011 ||  0.284 |  0.010 |  0.273 |  0.011 ||
	|[ 0.2, 1.0, 1.7] =>  0.153 |  0.472 |  0.152 |  0.002 || -0.037 |  0.040 | -0.039 |  0.002 ||
	|[ 0.2, 1.0, 2.9] =>  0.270 |  1.085 |  0.269 |  0.001 ||  0.048 |  0.326 |  0.047 |  0.001 ||
	|[ 0.2, 2.0, 0.5] =>  0.399 |  0.031 |  0.285 |  0.113 ||  0.249 |  0.007 |  0.136 |  0.113 ||
	|[ 0.2, 2.0, 1.7] =>  0.287 |  0.375 |  0.267 |  0.020 ||  0.008 |  0.157 | -0.012 |  0.020 ||
	|[ 0.2, 2.0, 2.9] =>  0.115 |  1.484 |  0.107 |  0.008 ||  0.015 |  0.007 |  0.007 |  0.008 ||
	|[ 0.7, 0.5, 0.5] =>  0.266 |  0.033 |  0.265 |  0.001 ||  0.003 |  0.012 |  0.002 |  0.001 ||
	|[ 0.7, 0.5, 1.7] =>  0.323 |  0.329 |  0.323 |  0.000 || -0.067 |  0.394 | -0.067 |  0.000 ||
	|[ 0.7, 0.5, 2.9] =>  0.274 |  1.072 |  0.274 |  0.000 || -0.063 |  0.650 | -0.063 |  0.000 ||
	|[ 0.7, 1.0, 0.5] =>  0.347 |  0.028 |  0.336 |  0.011 ||  0.116 |  0.026 |  0.105 |  0.011 ||
	|[ 0.7, 1.0, 1.7] =>  0.354 |  0.306 |  0.352 |  0.002 || -0.223 |  0.679 | -0.225 |  0.002 ||
	|[ 0.7, 1.0, 2.9] =>  0.283 |  1.052 |  0.283 |  0.001 || -0.150 |  0.951 | -0.150 |  0.001 ||
	|[ 0.7, 2.0, 0.5] =>  0.074 |  0.055 | -0.040 |  0.113 ||  0.273 |  0.007 |  0.160 |  0.113 ||
	|[ 0.7, 2.0, 1.7] => -0.171 |  0.775 | -0.191 |  0.020 ||  0.557 |  0.192 |  0.536 |  0.020 ||
	|[ 0.7, 2.0, 2.9] =>  0.440 |  0.714 |  0.431 |  0.008 ||  0.514 |  1.895 |  0.506 |  0.008 ||
	|[ 1.2, 0.5, 0.5] =>  0.372 |  0.025 |  0.371 |  0.001 || -0.090 |  0.058 | -0.091 |  0.001 ||
	|[ 1.2, 0.5, 1.7] =>  0.394 |  0.274 |  0.393 |  0.000 || -0.165 |  0.892 | -0.165 |  0.000 ||
	|[ 1.2, 0.5, 2.9] =>  0.377 |  0.833 |  0.377 |  0.000 || -0.255 |  2.490 | -0.255 |  0.000 ||
	|[ 1.2, 1.0, 0.5] =>  0.199 |  0.038 |  0.188 |  0.011 || -0.031 |  0.005 | -0.042 |  0.011 ||
	|[ 1.2, 1.0, 1.7] =>  0.313 |  0.338 |  0.312 |  0.002 || -0.111 |  0.391 | -0.113 |  0.002 ||
	|[ 1.2, 1.0, 2.9] =>  0.365 |  0.860 |  0.365 |  0.001 || -0.158 |  2.014 | -0.158 |  0.001 ||
	|[ 1.2, 2.0, 0.5] =>  0.347 |  0.035 |  0.234 |  0.113 ||  0.150 |  0.004 |  0.036 |  0.113 ||
	|[ 1.2, 2.0, 1.7] =>  0.233 |  0.420 |  0.213 |  0.020 ||  0.050 |  0.020 |  0.029 |  0.020 ||
	|[ 1.2, 2.0, 2.9] =>  0.297 |  1.038 |  0.289 |  0.008 || -0.285 |  1.388 | -0.293 |  0.008 ||
	|-------------------------------------------------------------------------------------------||

	|-----------------------------------------------------------------|
	|    Copyright (C) 2011-2019 (DRIP, DROP)
	|-----------------------------------------------------------------|
	|    Build Version  => 4.19.0 multi mode
	|    Build JVM (TM) => 1.8.0_112
	|    Build Snap     => Thu Jul 04 22:11:11 EST 2019
	|    Start Time     => Fri Aug 23 18:14:14 EDT 2019
	|    Setup Time     => Fri Aug 23 18:14:14 EDT 2019
	|    Setup Duration => 0 ms
	|-----------------------------------------------------------------|


	|-----------------------------------------------------------------------||
	|  L -> R                                                               ||
	|-----------------------------------------------------------------------||
	|    - Time                                                             ||
	|    - Realized Drift                                                   ||
	|    - Realized Price Change                                            ||
	|    - Estimated Drift                                                  ||
	|    - Unconstrained Trade Rate                                         ||
	|    - Unconstrained Holdings                                           ||
	|    - Transaction Cost                                                 ||
	|    - Transaction Cost Gain                                            ||
	|-----------------------------------------------------------------------||
	|  0.02 =>  2.125 |  0.294 |  0.823 |  3.902 |  0.922 |  0.285 |  0.026 ||
	|  0.04 =>  1.343 |  0.225 |  0.786 |  3.656 |  0.849 |  0.247 |  0.024 ||
	|  0.06 =>  0.214 | -0.107 |  0.635 |  3.036 |  0.788 |  0.207 |  0.022 ||
	|  0.08 => -0.398 | -0.487 |  0.467 |  2.391 |  0.740 |  0.166 |  0.020 ||
	|  0.10 =>  2.095 | -0.062 |  0.644 |  2.892 |  0.682 |  0.167 |  0.019 ||
	|  0.12 => -1.777 |  0.415 |  0.840 |  3.414 |  0.614 |  0.146 |  0.017 ||
	|  0.14 =>  1.366 | -1.178 |  0.166 |  1.225 |  0.590 |  0.069 |  0.016 ||
	|  0.16 => -1.967 | -1.783 | -0.086 |  0.444 |  0.581 |  0.006 |  0.014 ||
	|  0.18 =>  0.097 |  1.061 |  1.085 |  3.885 |  0.503 |  0.094 |  0.013 ||
	|  0.20 =>  0.885 | -1.730 | -0.063 |  0.448 |  0.494 |  0.009 |  0.012 ||
	|  0.22 =>  2.155 | -0.200 |  0.557 |  2.184 |  0.450 |  0.085 |  0.011 ||
	|  0.24 => -0.509 | -0.054 |  0.611 |  2.250 |  0.405 |  0.075 |  0.010 ||
	|  0.26 =>  1.124 |  1.189 |  1.101 |  3.458 |  0.336 |  0.034 |  0.009 ||
	|  0.28 =>  1.215 | -0.856 |  0.284 |  1.198 |  0.312 |  0.036 |  0.008 ||
	|  0.30 =>  3.549 |  0.331 |  0.747 |  2.314 |  0.266 |  0.034 |  0.007 ||
	|  0.32 =>  2.136 | -0.988 |  0.228 |  0.946 |  0.247 |  0.023 |  0.006 ||
	|  0.34 => -1.070 |  0.224 |  0.694 |  2.011 |  0.207 |  0.022 |  0.006 ||
	|  0.36 =>  0.510 | -0.713 |  0.330 |  1.078 |  0.185 |  0.018 |  0.005 ||
	|  0.38 => -1.009 | -1.025 |  0.209 |  0.762 |  0.170 |  0.013 |  0.004 ||
	|  0.40 =>  1.555 |  0.981 |  0.965 |  2.350 |  0.123 | -0.007 |  0.004 ||
	|  0.42 =>  1.851 | -0.552 |  0.383 |  1.006 |  0.103 |  0.007 |  0.003 ||
	|  0.44 =>  0.923 |  0.777 |  0.874 |  1.933 |  0.064 | -0.013 |  0.003 ||
	|  0.46 =>  0.841 | -0.716 |  0.317 |  0.730 |  0.050 |  0.001 |  0.003 ||
	|  0.48 =>  2.737 |  1.347 |  1.071 |  2.084 |  0.008 | -0.034 |  0.002 ||
	|  0.50 =>  1.777 | -1.580 | -0.002 |  0.013 |  0.008 |  0.000 |  0.002 ||
	|  0.52 =>  0.343 |  0.500 |  0.749 |  1.300 | -0.018 | -0.017 |  0.002 ||
	|  0.54 =>  1.835 |  0.582 |  0.773 |  1.230 | -0.043 | -0.020 |  0.001 ||
	|  0.56 => -0.061 |  0.255 |  0.651 |  0.926 | -0.061 | -0.017 |  0.001 ||
	|  0.58 =>  1.415 |  1.479 |  1.079 |  1.472 | -0.091 | -0.039 |  0.001 ||
	|  0.60 =>  2.023 |  1.137 |  0.952 |  1.132 | -0.113 | -0.033 |  0.001 ||
	|  0.62 =>  0.035 |  0.250 |  0.636 |  0.564 | -0.125 | -0.018 |  0.001 ||
	|  0.64 =>  1.388 |  1.351 |  1.013 |  0.955 | -0.144 | -0.034 |  0.001 ||
	|  0.66 =>  0.516 | -0.195 |  0.474 |  0.153 | -0.147 | -0.010 |  0.000 ||
	|  0.68 =>  0.732 |  0.708 |  0.779 |  0.432 | -0.156 | -0.020 |  0.000 ||
	|  0.70 =>  1.233 | -0.966 |  0.206 | -0.297 | -0.150 |  0.000 |  0.000 ||
	|  0.72 => -0.277 | -0.967 |  0.205 | -0.330 | -0.143 |  0.001 |  0.000 ||
	|  0.74 =>  1.361 |  0.723 |  0.769 |  0.164 | -0.146 | -0.012 |  0.000 ||
	|  0.76 =>  0.883 | -1.617 | -0.014 | -0.621 | -0.134 |  0.006 |  0.000 ||
	|  0.78 =>  0.559 | -0.080 |  0.493 | -0.221 | -0.129 | -0.002 |  0.000 ||
	|  0.80 => -0.357 |  2.135 |  1.216 |  0.222 | -0.134 | -0.013 |  0.000 ||
	|  0.82 =>  0.593 | -1.435 |  0.045 | -0.714 | -0.120 |  0.006 |  0.000 ||
	|  0.84 => -1.533 | -1.725 | -0.049 | -0.775 | -0.104 |  0.007 |  0.000 ||
	|  0.86 => -0.035 |  1.227 |  0.901 | -0.293 | -0.098 | -0.002 |  0.000 ||
	|  0.88 =>  0.453 | -0.116 |  0.466 | -0.619 | -0.086 |  0.003 |  0.000 ||
	|  0.90 =>  0.391 | -1.111 |  0.147 | -0.806 | -0.070 |  0.005 |  0.000 ||
	|  0.92 => -1.205 |  0.657 |  0.704 | -0.670 | -0.056 |  0.002 |  0.000 ||
	|  0.94 =>  0.203 |  0.169 |  0.547 | -0.821 | -0.040 |  0.003 |  0.000 ||
	|  0.96 =>  0.520 | -0.653 |  0.287 | -0.956 | -0.021 |  0.003 |  0.000 ||
	|  0.98 =>  0.501 |  1.769 |  1.035 | -0.964 | -0.001 |  0.001 |  0.000 ||
	|-----------------------------------------------------------------------||

	|-----------------------------------------------------------------|
	|    Copyright (C) 2011-2019 (DRIP, DROP)
	|-----------------------------------------------------------------|
	|    Build Version  => 4.19.0 multi mode
	|    Build JVM (TM) => 1.8.0_112
	|    Build Snap     => Thu Jul 04 22:11:11 EST 2019
	|    Start Time     => Fri Aug 23 18:14:14 EDT 2019
	|    Setup Time     => Fri Aug 23 18:14:14 EDT 2019
	|    Setup Duration => 0 ms
	|-----------------------------------------------------------------|


	|--------------------------------------------------||
	|  L -> R                                          ||
	|--------------------------------------------------||
	|    - Time                                        ||
	|    - Realized Drift                              ||
	|    - Realized Price Volatility Swing             ||
	|    - Realized Price                              ||
	|    - MAP Drift Estimate                          ||
	|    - Posterior Drift Volatility                  ||
	|--------------------------------------------------||
	|  0.04 =>  1.16 | -0.28 |  099.77 |  0.59 |  0.98 ||
	|  0.08 =>  1.19 |  0.04 |  099.86 |  0.71 |  0.97 ||
	|  0.12 =>  0.68 | -0.32 |  099.56 |  0.54 |  0.95 ||
	|  0.16 =>  0.33 |  0.73 |  100.31 |  0.96 |  0.93 ||
	|  0.20 =>  1.78 | -1.11 |  099.26 |  0.22 |  0.92 ||
	|  0.24 =>  2.57 | -0.20 |  099.16 |  0.59 |  0.90 ||
	|  0.28 =>  0.87 | -0.38 |  098.82 |  0.48 |  0.89 ||
	|  0.32 =>  0.49 |  0.59 |  099.43 |  0.85 |  0.88 ||
	|  0.36 =>  0.65 |  0.51 |  099.97 |  0.81 |  0.86 ||
	|  0.40 => -1.62 | -0.67 |  099.23 |  0.32 |  0.85 ||
	|  0.44 =>  0.07 | -0.46 |  098.77 |  0.42 |  0.84 ||
	|  0.48 =>  1.24 | -2.20 |  096.62 | -0.21 |  0.82 ||
	|  0.52 =>  1.64 |  1.24 |  097.93 |  1.04 |  0.81 ||
	|  0.56 =>  1.50 |  0.79 |  098.78 |  0.86 |  0.80 ||
	|  0.60 =>  0.50 |  1.36 |  100.16 |  1.04 |  0.79 ||
	|  0.64 =>  1.71 | -0.13 |  100.09 |  0.52 |  0.78 ||
	|  0.68 =>  0.75 |  0.18 |  100.30 |  0.61 |  0.77 ||
	|  0.72 =>  1.40 | -4.71 |  095.65 | -1.04 |  0.76 ||
	|  0.76 => -0.95 | -0.06 |  095.55 |  0.49 |  0.75 ||
	|  0.80 =>  0.52 |  1.33 |  096.90 |  0.96 |  0.74 ||
	|  0.84 =>  0.57 |  0.03 |  096.96 |  0.53 |  0.73 ||
	|  0.88 =>  2.12 |  1.37 |  098.41 |  0.97 |  0.72 ||
	|  0.92 => -0.32 | -2.17 |  096.23 | -0.19 |  0.71 ||
	|  0.96 => -1.35 | -1.94 |  094.24 | -0.13 |  0.70 ||
	|  1.00 => -0.96 | -2.02 |  092.19 | -0.15 |  0.69 ||
	|--------------------------------------------------||

	|-----------------------------------------------------------------|
	|    Copyright (C) 2011-2019 (DRIP, DROP)
	|-----------------------------------------------------------------|
	|    Build Version  => 4.19.0 multi mode
	|    Build JVM (TM) => 1.8.0_112
	|    Build Snap     => Thu Jul 04 22:11:11 EST 2019
	|    Start Time     => Fri Aug 23 18:14:14 EDT 2019
	|    Setup Time     => Fri Aug 23 18:14:14 EDT 2019
	|    Setup Duration => 0 ms
	|-----------------------------------------------------------------|


	|-----------------------------------------------------------------------||
	|  L -> R                                                               ||
	|-----------------------------------------------------------------------||
	|    - Time                                                             ||
	|    - Trade Start Time                                                 ||
	|    - Trade Finish Time                                                ||
	|    - Critical Trade Rate                                              ||
	|    - Constrained Trade Rate                                           ||
	|    - Unconstrained Trade Rate                                         ||
	|    - Constrained Holdings                                             ||
	|    - Unconstrained Holdings                                           ||
	|-----------------------------------------------------------------------||
	|  0.02 =>  0.000 |  0.575 |  0.280 |  3.477 |  3.983 |  0.930 |  0.920 ||
	|  0.04 =>  0.000 |  0.548 |  0.261 |  3.395 |  3.931 |  0.863 |  0.842 ||
	|  0.06 =>  0.000 |  0.515 |  0.242 |  3.351 |  3.954 |  0.796 |  0.763 ||
	|  0.08 =>  0.000 |  0.530 |  0.223 |  3.001 |  3.432 |  0.736 |  0.694 ||
	|  0.10 =>  0.000 |  0.443 |  0.206 |  3.322 |  4.148 |  0.669 |  0.611 ||
	|  0.12 =>  0.000 |  0.484 |  0.187 |  2.767 |  3.212 |  0.614 |  0.547 ||
	|  0.14 =>  0.000 |  0.477 |  0.172 |  2.572 |  2.954 |  0.562 |  0.488 ||
	|  0.16 =>  0.000 |  0.542 |  0.157 |  2.076 |  2.190 |  0.521 |  0.444 ||
	|  0.18 =>  0.000 |  0.475 |  0.146 |  2.194 |  2.436 |  0.477 |  0.395 ||
	|  0.20 =>  0.000 |  0.371 |  0.134 |  2.568 |  3.259 |  0.426 |  0.330 ||
	|  0.22 =>  0.000 |  0.335 |  0.119 |  2.538 |  3.375 |  0.375 |  0.263 ||
	|  0.24 =>  0.000 |  0.284 |  0.105 |  2.643 |  3.887 |  0.322 |  0.185 ||
	|  0.26 =>  0.000 |  0.338 |  0.090 |  1.905 |  2.334 |  0.284 |  0.138 ||
	|  0.28 =>  0.000 |  0.417 |  0.079 |  1.363 |  1.369 |  0.257 |  0.111 ||
	|  0.30 =>  0.000 |  0.233 |  0.072 |  2.207 |  3.479 |  0.212 |  0.041 ||
	|  0.32 =>  0.000 |  0.436 |  0.059 |  0.975 |  0.821 |  0.193 |  0.025 ||
	|  0.34 =>  0.000 |  1.000 |  0.054 |  0.000 | -0.135 |  0.193 |  0.027 ||
	|  0.36 =>  0.000 |  0.240 |  0.054 |  1.610 |  2.192 |  0.161 | -0.016 ||
	|  0.38 =>  0.000 |  0.226 |  0.045 |  1.421 |  1.920 |  0.132 | -0.055 ||
	|  0.40 =>  0.000 |  0.228 |  0.037 |  1.159 |  1.432 |  0.109 | -0.083 ||
	|  0.42 =>  0.000 |  0.291 |  0.031 |  0.750 |  0.603 |  0.094 | -0.096 ||
	|  0.44 =>  0.000 |  0.700 |  0.026 |  0.269 | -0.063 |  0.089 | -0.094 ||
	|  0.46 =>  0.000 |  1.000 |  0.025 |  0.000 | -0.343 |  0.089 | -0.087 ||
	|  0.48 =>  0.000 |  0.181 |  0.025 |  0.982 |  1.245 |  0.069 | -0.112 ||
	|  0.50 =>  0.000 |  0.192 |  0.019 |  0.720 |  0.712 |  0.055 | -0.127 ||
	|  0.52 =>  0.000 |  0.187 |  0.015 |  0.585 |  0.487 |  0.043 | -0.136 ||
	|  0.54 =>  0.000 |  0.110 |  0.012 |  0.785 |  1.351 |  0.027 | -0.163 ||
	|  0.56 =>  0.000 |  0.224 |  0.008 |  0.244 | -0.131 |  0.022 | -0.161 ||
	|  0.58 =>  0.000 |  1.000 |  0.006 |  0.000 | -0.937 |  0.022 | -0.142 ||
	|  0.60 =>  0.000 |  0.097 |  0.006 |  0.461 |  0.591 |  0.013 | -0.154 ||
	|  0.62 =>  0.000 |  0.087 |  0.004 |  0.304 |  0.261 |  0.007 | -0.159 ||
	|  0.64 =>  0.000 |  0.053 |  0.002 |  0.271 |  0.483 |  0.002 | -0.169 ||
	|  0.66 =>  0.000 |  0.020 |  0.000 |  0.172 |  0.958 |  0.000 | -0.188 ||
	|  0.68 =>  0.000 |  0.000 |  0.000 |  0.000 | -0.027 |  0.000 | -0.187 ||
	|  0.70 =>  0.000 |  0.000 |  0.000 |  0.000 | -0.286 |  0.000 | -0.182 ||
	|  0.72 =>  0.000 |  0.000 |  0.000 |  0.000 | -0.122 |  0.000 | -0.179 ||
	|  0.74 =>  0.000 |  0.000 |  0.000 |  0.000 | -0.662 |  0.000 | -0.166 ||
	|  0.76 =>  0.000 |  0.000 |  0.000 |  0.000 |  0.261 |  0.000 | -0.171 ||
	|  0.78 =>  0.000 |  0.000 |  0.000 |  0.000 | -0.313 |  0.000 | -0.165 ||
	|  0.80 =>  0.000 |  0.000 |  0.000 |  0.000 | -0.810 |  0.000 | -0.149 ||
	|  0.82 =>  0.000 |  0.000 |  0.000 |  0.000 | -0.505 |  0.000 | -0.139 ||
	|  0.84 =>  0.000 |  1.000 |  0.000 |  0.000 | -1.014 |  0.000 | -0.118 ||
	|  0.86 =>  0.000 |  1.000 |  0.000 |  0.000 | -0.939 |  0.000 | -0.099 ||
	|  0.88 =>  0.000 |  0.000 |  0.000 |  0.000 | -0.475 |  0.000 | -0.090 ||
	|  0.90 =>  0.000 |  0.000 |  0.000 |  0.000 | -0.799 |  0.000 | -0.074 ||
	|  0.92 =>  0.000 |  0.000 |  0.000 |  0.000 | -0.697 |  0.000 | -0.060 ||
	|  0.94 =>  0.000 |  1.000 |  0.000 |  0.000 | -1.035 |  0.000 | -0.039 ||
	|  0.96 =>  0.000 |  0.000 |  0.000 |  0.000 | -0.887 |  0.000 | -0.022 ||
	|  0.98 =>  0.000 |  0.000 |  0.000 |  0.000 | -1.009 |  0.000 | -0.001 ||
	|-----------------------------------------------------------------------||

	|-----------------------------------------------------------------|
	|    Copyright (C) 2011-2019 (DRIP, DROP)
	|-----------------------------------------------------------------|
	|    Build Version  => 4.19.0 multi mode
	|    Build JVM (TM) => 1.8.0_112
	|    Build Snap     => Thu Jul 04 22:11:11 EST 2019
	|    Start Time     => Fri Aug 23 18:14:14 EDT 2019
	|    Setup Time     => Fri Aug 23 18:14:14 EDT 2019
	|    Setup Duration => 0 ms
	|-----------------------------------------------------------------|


	|--------------------------------------------------------------------------------||
	|  L -> R                                                                        ||
	|--------------------------------------------------------------------------------||
	|    - Time                                                                      ||
	|    - Constrained Trade Rate Low Drift                                          ||
	|    - Constrained Trade Rate Mid Drift                                          ||
	|    - Constrained Trade Rate High Drift                                         ||
	|    - Unconstrained Trade Rate                                                  ||
	|    - Constrained Holdings Low Drift                                            ||
	|    - Constrained Holdings Mid Drift                                            ||
	|    - Constrained Holdings High Drift                                           ||
	|    - Unconstrained Holdings                                                    ||
	|--------------------------------------------------------------------------------||
	|  0.02 => -1.174 |  3.246 |  4.621 |  3.602 |  1.023 |  0.935 |  0.908 |  0.928 ||
	|  0.04 =>  0.862 |  2.401 |  4.336 |  2.446 |  1.006 |  0.887 |  0.821 |  0.879 ||
	|  0.06 => -0.649 |  2.854 |  3.727 |  3.093 |  1.019 |  0.830 |  0.746 |  0.817 ||
	|  0.08 =>  1.252 |  3.406 |  3.856 |  4.102 |  0.994 |  0.762 |  0.669 |  0.735 ||
	|  0.10 =>  3.582 |  3.299 |  3.897 |  4.030 |  0.923 |  0.696 |  0.591 |  0.655 ||
	|  0.12 => -0.439 |  2.775 |  3.699 |  3.179 |  0.931 |  0.640 |  0.517 |  0.591 ||
	|  0.14 => -1.756 |  3.191 |  2.717 |  4.107 |  0.966 |  0.577 |  0.463 |  0.509 ||
	|  0.16 => -0.950 |  2.502 |  3.014 |  2.885 |  0.985 |  0.527 |  0.403 |  0.451 ||
	|  0.18 => -2.338 |  1.753 |  2.783 |  1.747 |  1.032 |  0.491 |  0.347 |  0.416 ||
	|  0.20 =>  0.000 |  1.637 |  2.732 |  1.610 |  1.032 |  0.459 |  0.292 |  0.384 ||
	|  0.22 => -1.611 |  2.294 |  2.455 |  2.729 |  1.064 |  0.413 |  0.243 |  0.329 ||
	|  0.24 => -1.472 |  2.469 |  2.254 |  3.239 |  1.094 |  0.363 |  0.198 |  0.265 ||
	|  0.26 => -0.293 |  2.074 |  2.219 |  2.548 |  1.100 |  0.322 |  0.154 |  0.214 ||
	|  0.28 =>  3.301 |  1.513 |  1.657 |  1.576 |  1.034 |  0.292 |  0.121 |  0.182 ||
	|  0.30 =>  3.354 |  1.280 |  1.400 |  1.243 |  0.967 |  0.266 |  0.093 |  0.157 ||
	|  0.32 => -1.438 |  2.065 |  1.488 |  2.955 |  0.995 |  0.225 |  0.063 |  0.098 ||
	|  0.34 =>  3.427 |  1.300 |  0.828 |  1.389 |  0.927 |  0.199 |  0.046 |  0.070 ||
	|  0.36 =>  0.000 |  0.587 |  1.161 |  0.387 |  0.927 |  0.187 |  0.023 |  0.063 ||
	|  0.38 =>  2.443 |  1.214 |  0.641 |  1.322 |  0.878 |  0.163 |  0.010 |  0.036 ||
	|  0.40 =>  2.024 |  1.151 |  0.472 |  1.280 |  0.838 |  0.140 |  0.001 |  0.011 ||
	|  0.42 =>  0.000 |  1.501 |  0.083 |  2.354 |  0.838 |  0.110 |  0.000 | -0.036 ||
	|  0.44 => -2.167 |  1.046 |  0.000 |  1.331 |  0.881 |  0.089 |  0.000 | -0.063 ||
	|  0.46 =>  2.016 |  0.512 |  0.000 |  0.282 |  0.841 |  0.079 |  0.000 | -0.069 ||
	|  0.48 =>  2.817 |  0.824 |  0.000 |  0.990 |  0.784 |  0.062 |  0.000 | -0.089 ||
	|  0.50 =>  2.063 |  0.385 |  0.000 |  0.121 |  0.743 |  0.054 |  0.000 | -0.091 ||
	|  0.52 => -0.473 |  0.898 |  0.000 |  1.589 |  0.752 |  0.036 |  0.000 | -0.123 ||
	|  0.54 => -1.511 |  0.604 |  0.000 |  0.883 |  0.783 |  0.024 |  0.000 | -0.140 ||
	|  0.56 =>  1.862 |  0.528 |  0.000 |  0.939 |  0.745 |  0.014 |  0.000 | -0.159 ||
	|  0.58 =>  2.998 |  0.303 |  0.000 |  0.319 |  0.685 |  0.008 |  0.000 | -0.166 ||
	|  0.60 =>  0.000 |  0.309 |  0.000 |  0.813 |  0.685 |  0.002 |  0.000 | -0.182 ||
	|  0.62 =>  3.590 |  0.104 |  0.000 |  0.164 |  0.614 |  0.000 |  0.000 | -0.185 ||
	|  0.64 =>  1.776 |  0.000 |  0.000 |  0.380 |  0.578 |  0.000 |  0.000 | -0.193 ||
	|  0.66 =>  2.296 |  0.000 |  0.000 |  0.306 |  0.532 |  0.000 |  0.000 | -0.199 ||
	|  0.68 =>  0.000 |  0.000 |  0.000 |  0.918 |  0.532 |  0.000 |  0.000 | -0.217 ||
	|  0.70 => -1.190 |  0.000 |  0.000 |  0.126 |  0.556 |  0.000 |  0.000 | -0.220 ||
	|  0.72 =>  0.000 |  0.000 |  0.000 | -0.628 |  0.556 |  0.000 |  0.000 | -0.207 ||
	|  0.74 =>  0.000 |  0.000 |  0.000 | -0.668 |  0.556 |  0.000 |  0.000 | -0.194 ||
	|  0.76 =>  1.136 |  0.000 |  0.000 |  0.242 |  0.533 |  0.000 |  0.000 | -0.199 ||
	|  0.78 =>  0.000 |  0.000 |  0.000 | -0.893 |  0.533 |  0.000 |  0.000 | -0.181 ||
	|  0.80 =>  2.147 |  0.000 |  0.000 | -1.073 |  0.490 |  0.000 |  0.000 | -0.159 ||
	|  0.82 =>  1.839 |  0.000 |  0.000 | -0.700 |  0.453 |  0.000 |  0.000 | -0.145 ||
	|  0.84 =>  0.000 |  0.000 |  0.000 | -0.828 |  0.453 |  0.000 |  0.000 | -0.129 ||
	|  0.86 =>  1.775 |  0.000 |  0.000 | -0.884 |  0.418 |  0.000 |  0.000 | -0.111 ||
	|  0.88 =>  1.354 |  0.000 |  0.000 | -0.451 |  0.391 |  0.000 |  0.000 | -0.102 ||
	|  0.90 =>  0.000 |  0.000 |  0.000 | -0.739 |  0.391 |  0.000 |  0.000 | -0.087 ||
	|  0.92 =>  0.000 |  0.000 |  0.000 | -1.104 |  0.391 |  0.000 |  0.000 | -0.065 ||
	|  0.94 =>  2.033 |  0.000 |  0.000 | -0.950 |  0.350 |  0.000 |  0.000 | -0.046 ||
	|  0.96 =>  0.000 |  0.000 |  0.000 | -1.040 |  0.350 |  0.000 |  0.000 | -0.025 ||
	|  0.98 =>  0.000 |  0.000 |  0.000 | -1.238 |  0.350 |  0.000 |  0.000 | -0.001 ||
	|--------------------------------------------------------------------------------||
]]></system-out>
  <system-err><![CDATA[]]></system-err>
</testsuite>
