<?xml version="1.0" encoding="UTF-8"?>
<testsuite name="org.drip.coverage.service.Service" tests="1" skipped="0" failures="0" errors="0" timestamp="2019-08-23T22:15:17" hostname="LAPTOP-2MU6A8KE" time="7.233">
  <properties/>
  <testcase name="codeCoverageTest" classname="org.drip.coverage.service.Service" time="7.233"/>
  <system-out><![CDATA[
	|-----------------------------------------------------------------|
	|    Copyright (C) 2011-2019 (DRIP, DROP)
	|-----------------------------------------------------------------|
	|    Build Version  => 4.19.0 multi mode
	|    Build JVM (TM) => 1.8.0_112
	|    Build Snap     => Thu Jul 04 22:11:11 EST 2019
	|    Start Time     => Fri Aug 23 18:15:17 EDT 2019
	|    Setup Time     => Fri Aug 23 18:15:17 EDT 2019
	|    Setup Duration => 0 ms
	|-----------------------------------------------------------------|


	|---------------- JSON REQUEST -----------------|

{"Parameters":{"ProjectionExcessReturnsCovariance":[[7.5E-4,-5.3E-4,-3.3E-4],[-5.3E-4,0.00195,0.0011],[-3.3E-4,0.0011,0.00217]],"AssetEquilibriumWeight":[0.2535,0.1343,0.1265,0.1375,0.0733,0.2749],"Delta":2.6,"AssetSet":["ASSET 1","ASSET 2","ASSET 3","ASSET 4","ASSET 5","ASSET 6"],"Tau":1.0,"AssetSpaceViewProjection":[[0.0,0.0,-1.0,0.0,1.0,0.0],[0.0,1.0,0.0,0.0,-1.0,0.0],[-1.0,1.0,1.0,0.0,0.0,-1.0]],"ProjectionExpectedExcessReturns":[2.0E-4,3.0E-4,1.0E-4],"AssetExcessReturnsCovariance":[[0.00273,0.00208,0.00159,4.9E-4,0.00117,7.1E-4],[0.00208,0.00277,0.0013,4.6E-4,0.00111,5.6E-4],[0.00159,0.0013,0.00146,6.4E-4,0.00105,5.2E-4],[4.9E-4,4.6E-4,6.4E-4,6.1E-4,6.6E-4,3.7E-4],[0.00117,0.00111,0.00105,6.6E-4,0.00139,6.6E-4],[7.1E-4,5.6E-4,5.2E-4,3.7E-4,6.6E-4,7.0E-4]],"RiskFreeRate":0.0},"API":"BLACKLITTERMAN::BAYESIANMETRICS"}

	|---------------- JSON RESPONSE ----------------|


	|-----------------------------------------------------------------|
	|    Copyright (C) 2011-2019 (DRIP, DROP)
	|-----------------------------------------------------------------|
	|    Build Version  => 4.19.0 multi mode
	|    Build JVM (TM) => 1.8.0_112
	|    Build Snap     => Thu Jul 04 22:11:11 EST 2019
	|    Start Time     => Fri Aug 23 18:15:17 EDT 2019
	|    Setup Time     => Fri Aug 23 18:15:17 EDT 2019
	|    Setup Duration => 0 ms
	|-----------------------------------------------------------------|

{"PriorExpectedExcessReturn":[0.0039542074,0.0035419748,0.0027826708,0.0013023894000000003,0.0024766664000000003,0.0015929056000000001],"ScopingExpectedExcessReturns":[0.0039542074,0.0035419748,0.0027826708,0.0013023894000000003,0.0024766664000000003,0.0015929056000000001],"Delta":2.6,"PosteriorExpectedExcessReturn":[0.003754767961519179,0.003242238901220117,0.002612519478523445,0.0013069419983213332,0.0025591430386038955,0.0016603859556911975],"ScopingExcessReturnsCovariance":[[0.00273,0.00208,0.00159,4.9E-4,0.00117,7.1E-4],[0.00208,0.00277,0.0013,4.6E-4,0.00111,5.6E-4],[0.00159,0.0013,0.00146,6.4E-4,0.00105,5.2E-4],[4.9E-4,4.6E-4,6.4E-4,6.1E-4,6.6E-4,3.7E-4],[0.00117,0.00111,0.00105,6.6E-4,0.00139,6.6E-4],[7.1E-4,5.6E-4,5.2E-4,3.7E-4,6.6E-4,7.0E-4]],"Tau":1.0,"ViewScopingProjectionLoading":[[0.0,0.0,-1.0,0.0,1.0,0.0],[0.0,1.0,0.0,0.0,-1.0,0.0],[-1.0,1.0,1.0,0.0,0.0,-1.0]],"ProjectionExpectedExcessReturns":[2.0E-4,3.0E-4,1.0E-4],"JointExcessReturnsCovariance":[[0.002465246269404386,0.0017761461874425803,0.0015294393703199837,5.649529459917212E-4,0.0013199095028163508,7.241393555825859E-4],[0.001776146187442581,0.0019235608242410018,0.0011873892447101845,4.959248413336439E-4,0.00109158032684193,6.217295486151142E-4],[0.0015294393703199835,0.0011873892447101838,0.0012686902490072803,5.871012294954459E-4,0.00106289385006085,6.010583741062264E-4],[5.649529459917209E-4,4.959248413336433E-4,5.871012294954456E-4,5.588873170519883E-4,5.965346891281458E-4,3.985208735890489E-4],[0.0013199095028163508,0.0010915803268419292,0.0010628938500608501,5.965346891281461E-4,0.001232089396153166,6.714913157075008E-4],[7.241393555825859E-4,6.217295486151137E-4,6.010583741062264E-4,3.985208735890492E-4,6.714913157075008E-4,6.636630354316406E-4]],"PosteriorExcessReturnsCovariance":[[0.005195246269404386,0.00385614618744258,0.0031194393703199838,0.0010549529459917212,0.002489909502816351,0.001434139355582586],[0.003856146187442581,0.004693560824241001,0.0024873892447101844,9.55924841333644E-4,0.00220158032684193,0.0011817295486151141],[0.0031194393703199838,0.002487389244710184,0.0027286902490072803,0.001227101229495446,0.00211289385006085,0.0011210583741062263],[0.0010549529459917208,9.559248413336433E-4,0.0012271012294954456,0.0011688873170519884,0.0012565346891281457,7.685208735890489E-4],[0.002489909502816351,0.0022015803268419292,0.00211289385006085,0.0012565346891281462,0.002622089396153166,0.0013314913157075007],[0.001434139355582586,0.0011817295486151137,0.0011210583741062263,7.685208735890492E-4,0.0013314913157075007,0.0013636630354316405]],"RiskFreeRate":0.0,"ScopingSet":["ASSET 1","ASSET 2","ASSET 3","ASSET 4","ASSET 5","ASSET 6"]}

	|-----------------------------------------------------------------|
	|    Copyright (C) 2011-2019 (DRIP, DROP)
	|-----------------------------------------------------------------|
	|    Build Version  => 4.19.0 multi mode
	|    Build JVM (TM) => 1.8.0_112
	|    Build Snap     => Thu Jul 04 22:11:11 EST 2019
	|    Start Time     => Fri Aug 23 18:15:17 EDT 2019
	|    Setup Time     => Fri Aug 23 18:15:17 EDT 2019
	|    Setup Duration => 0 ms
	|-----------------------------------------------------------------|


	|---------------- JSON REQUEST -----------------|

{"Parameters":{"FixFloatQuote":[0.012484,0.014987,0.017036,0.018624,0.019868,0.020921,0.021788,0.02253,0.023145,0.023685,0.024153,0.024562,0.025389,0.026118,0.026368,0.026432,0.026339,0.026122],"FixFloatTenor":["01Y","02Y","03Y","04Y","05Y","06Y","07Y","08Y","09Y","10Y","11Y","12Y","15Y","20Y","25Y","30Y","40Y","50Y"],"CDSTenor":["06M","01Y","02Y","03Y","04Y","05Y","07Y","10Y"],"BondCleanPrice":0.38239,"FuturesQuote":[0.0107,0.01235,0.0136],"DepositTenor":["2D"],"BondEffectiveDate":"12-APR-2012","CDSQuote":[60.0,68.0,88.0,102.0,121.0,138.0,168.0,188.0],"BondMaturityDate":"12-APR-2027","BondFrequency":2,"BondName":"  PDVSA  5.3750 12-APR-2027 ","DepositQuote":[0.0103456],"ReferenceEntity":"DRIP","Currency":"USD","SpotDate":"09-MAY-2017","BondCoupon":0.05375,"BondDayCount":"30\/360","BondValueNotional":1000000.0},"API":"BOND::CASHFLOWS"}

	|---------------- JSON RESPONSE ----------------|


	|-----------------------------------------------------------------|
	|    Copyright (C) 2011-2019 (DRIP, DROP)
	|-----------------------------------------------------------------|
	|    Build Version  => 4.19.0 multi mode
	|    Build JVM (TM) => 1.8.0_112
	|    Build Snap     => Thu Jul 04 22:11:11 EST 2019
	|    Start Time     => Fri Aug 23 18:15:17 EDT 2019
	|    Setup Time     => Fri Aug 23 18:15:17 EDT 2019
	|    Setup Duration => 0 ms
	|-----------------------------------------------------------------|

{"BondName":"  PDVSA  5.3750 12-APR-2027 ","CashFlow":[{"StartDate":"12-APR-2012","CouponRate":0.05375,"CouponDCF":0.5,"PayDate":"12-OCT-2012","CouponAmount":53750.0,"FixingDate":"12-OCT-2012","PayDiscountFactor":1.0,"SurvivalFactor":1.0,"EndDate":"12-OCT-2012","BaseNotional":1000000.0},{"StartDate":"12-OCT-2012","CouponRate":0.05375,"CouponDCF":0.5,"PayDate":"12-APR-2013","CouponAmount":53750.0,"FixingDate":"12-APR-2013","PayDiscountFactor":1.0,"SurvivalFactor":1.0,"EndDate":"12-APR-2013","BaseNotional":1000000.0},{"StartDate":"12-APR-2013","CouponRate":0.05375,"CouponDCF":0.5,"PayDate":"12-OCT-2013","CouponAmount":53750.0,"FixingDate":"12-OCT-2013","PayDiscountFactor":1.0,"SurvivalFactor":1.0,"EndDate":"12-OCT-2013","BaseNotional":1000000.0},{"StartDate":"12-OCT-2013","CouponRate":0.05375,"CouponDCF":0.5,"PayDate":"12-APR-2014","CouponAmount":53750.0,"FixingDate":"12-APR-2014","PayDiscountFactor":1.0,"SurvivalFactor":1.0,"EndDate":"12-APR-2014","BaseNotional":1000000.0},{"StartDate":"12-APR-2014","CouponRate":0.05375,"CouponDCF":0.5,"PayDate":"12-OCT-2014","CouponAmount":53750.0,"FixingDate":"12-OCT-2014","PayDiscountFactor":1.0,"SurvivalFactor":1.0,"EndDate":"12-OCT-2014","BaseNotional":1000000.0},{"StartDate":"12-OCT-2014","CouponRate":0.05375,"CouponDCF":0.5,"PayDate":"12-APR-2015","CouponAmount":53750.0,"FixingDate":"12-APR-2015","PayDiscountFactor":1.0,"SurvivalFactor":1.0,"EndDate":"12-APR-2015","BaseNotional":1000000.0},{"StartDate":"12-APR-2015","CouponRate":0.05375,"CouponDCF":0.5,"PayDate":"12-OCT-2015","CouponAmount":53750.0,"FixingDate":"12-OCT-2015","PayDiscountFactor":1.0,"SurvivalFactor":1.0,"EndDate":"12-OCT-2015","BaseNotional":1000000.0},{"StartDate":"12-OCT-2015","CouponRate":0.05375,"CouponDCF":0.5,"PayDate":"12-APR-2016","CouponAmount":53750.0,"FixingDate":"12-APR-2016","PayDiscountFactor":1.0,"SurvivalFactor":1.0,"EndDate":"12-APR-2016","BaseNotional":1000000.0},{"StartDate":"12-APR-2016","CouponRate":0.05375,"CouponDCF":0.5,"PayDate":"12-OCT-2016","CouponAmount":53750.0,"FixingDate":"12-OCT-2016","PayDiscountFactor":1.0,"SurvivalFactor":1.0,"EndDate":"12-OCT-2016","BaseNotional":1000000.0},{"StartDate":"12-OCT-2016","CouponRate":0.05375,"CouponDCF":0.5,"PayDate":"12-APR-2017","CouponAmount":53750.0,"FixingDate":"12-APR-2017","PayDiscountFactor":1.0,"SurvivalFactor":1.0,"EndDate":"12-APR-2017","BaseNotional":1000000.0},{"StartDate":"12-APR-2017","CouponRate":0.05375,"CouponDCF":0.5,"PayDate":"12-OCT-2017","CouponAmount":53750.0,"FixingDate":"12-OCT-2017","PayDiscountFactor":0.9953645091612788,"SurvivalFactor":0.9957538406698502,"EndDate":"12-OCT-2017","BaseNotional":1000000.0},{"StartDate":"12-OCT-2017","CouponRate":0.05375,"CouponDCF":0.5,"PayDate":"12-APR-2018","CouponAmount":53750.0,"FixingDate":"12-APR-2018","PayDiscountFactor":0.9887045961237015,"SurvivalFactor":0.9898828383188467,"EndDate":"12-APR-2018","BaseNotional":1000000.0},{"StartDate":"12-APR-2018","CouponRate":0.05375,"CouponDCF":0.5,"PayDate":"12-OCT-2018","CouponAmount":53750.0,"FixingDate":"12-OCT-2018","PayDiscountFactor":0.9809250900539132,"SurvivalFactor":0.9817632311547906,"EndDate":"12-OCT-2018","BaseNotional":1000000.0},{"StartDate":"12-OCT-2018","CouponRate":0.05375,"CouponDCF":0.5,"PayDate":"12-APR-2019","CouponAmount":53750.0,"FixingDate":"12-APR-2019","PayDiscountFactor":0.9719834990129254,"SurvivalFactor":0.9727535712119703,"EndDate":"12-APR-2019","BaseNotional":1000000.0},{"StartDate":"12-APR-2019","CouponRate":0.05375,"CouponDCF":0.5,"PayDate":"12-OCT-2019","CouponAmount":53750.0,"FixingDate":"12-OCT-2019","PayDiscountFactor":0.9622145888007354,"SurvivalFactor":0.9626776648215272,"EndDate":"12-OCT-2019","BaseNotional":1000000.0},{"StartDate":"12-OCT-2019","CouponRate":0.05375,"CouponDCF":0.5,"PayDate":"12-APR-2020","CouponAmount":53750.0,"FixingDate":"12-APR-2020","PayDiscountFactor":0.9518621856051172,"SurvivalFactor":0.9520477731746122,"EndDate":"12-APR-2020","BaseNotional":1000000.0},{"StartDate":"12-APR-2020","CouponRate":0.05375,"CouponDCF":0.5,"PayDate":"12-OCT-2020","CouponAmount":53750.0,"FixingDate":"12-OCT-2020","PayDiscountFactor":0.9410342892743359,"SurvivalFactor":0.9389612701414571,"EndDate":"12-OCT-2020","BaseNotional":1000000.0},{"StartDate":"12-OCT-2020","CouponRate":0.05375,"CouponDCF":0.5,"PayDate":"12-APR-2021","CouponAmount":53750.0,"FixingDate":"12-APR-2021","PayDiscountFactor":0.9299354586656547,"SurvivalFactor":0.9245997970233183,"EndDate":"12-APR-2021","BaseNotional":1000000.0},{"StartDate":"12-APR-2021","CouponRate":0.05375,"CouponDCF":0.5,"PayDate":"12-OCT-2021","CouponAmount":53750.0,"FixingDate":"12-OCT-2021","PayDiscountFactor":0.918580160916608,"SurvivalFactor":0.908882988164134,"EndDate":"12-OCT-2021","BaseNotional":1000000.0},{"StartDate":"12-OCT-2021","CouponRate":0.05375,"CouponDCF":0.5,"PayDate":"12-APR-2022","CouponAmount":53750.0,"FixingDate":"12-APR-2022","PayDiscountFactor":0.9071009493169423,"SurvivalFactor":0.8926317947746235,"EndDate":"12-APR-2022","BaseNotional":1000000.0},{"StartDate":"12-APR-2022","CouponRate":0.05375,"CouponDCF":0.5,"PayDate":"12-OCT-2022","CouponAmount":53750.0,"FixingDate":"12-OCT-2022","PayDiscountFactor":0.8953480821787576,"SurvivalFactor":0.8745672744826022,"EndDate":"12-OCT-2022","BaseNotional":1000000.0},{"StartDate":"12-OCT-2022","CouponRate":0.05375,"CouponDCF":0.5,"PayDate":"12-APR-2023","CouponAmount":53750.0,"FixingDate":"12-APR-2023","PayDiscountFactor":0.8835465127879156,"SurvivalFactor":0.8557765537625138,"EndDate":"12-APR-2023","BaseNotional":1000000.0},{"StartDate":"12-APR-2023","CouponRate":0.05375,"CouponDCF":0.5,"PayDate":"12-OCT-2023","CouponAmount":53750.0,"FixingDate":"12-OCT-2023","PayDiscountFactor":0.871690137490146,"SurvivalFactor":0.8372896372251262,"EndDate":"12-OCT-2023","BaseNotional":1000000.0},{"StartDate":"12-OCT-2023","CouponRate":0.05375,"CouponDCF":0.5,"PayDate":"12-APR-2024","CouponAmount":53750.0,"FixingDate":"12-APR-2024","PayDiscountFactor":0.8598273919940219,"SurvivalFactor":0.8192020843785967,"EndDate":"12-APR-2024","BaseNotional":1000000.0},{"StartDate":"12-APR-2024","CouponRate":0.05375,"CouponDCF":0.5,"PayDate":"12-OCT-2024","CouponAmount":53750.0,"FixingDate":"12-OCT-2024","PayDiscountFactor":0.8479051014568119,"SurvivalFactor":0.8018386350291162,"EndDate":"12-OCT-2024","BaseNotional":1000000.0},{"StartDate":"12-OCT-2024","CouponRate":0.05375,"CouponDCF":0.5,"PayDate":"12-APR-2025","CouponAmount":53750.0,"FixingDate":"12-APR-2025","PayDiscountFactor":0.8360584637033237,"SurvivalFactor":0.7851316063214966,"EndDate":"12-APR-2025","BaseNotional":1000000.0},{"StartDate":"12-APR-2025","CouponRate":0.05375,"CouponDCF":0.5,"PayDate":"12-OCT-2025","CouponAmount":53750.0,"FixingDate":"12-OCT-2025","PayDiscountFactor":0.8242573844336752,"SurvivalFactor":0.7686837475094151,"EndDate":"12-OCT-2025","BaseNotional":1000000.0},{"StartDate":"12-OCT-2025","CouponRate":0.05375,"CouponDCF":0.5,"PayDate":"12-APR-2026","CouponAmount":53750.0,"FixingDate":"12-APR-2026","PayDiscountFactor":0.8126085984078911,"SurvivalFactor":0.7526675306851234,"EndDate":"12-APR-2026","BaseNotional":1000000.0},{"StartDate":"12-APR-2026","CouponRate":0.05375,"CouponDCF":0.5,"PayDate":"12-OCT-2026","CouponAmount":53750.0,"FixingDate":"12-OCT-2026","PayDiscountFactor":0.8009277576696916,"SurvivalFactor":0.7368997674496722,"EndDate":"12-OCT-2026","BaseNotional":1000000.0},{"StartDate":"12-OCT-2026","CouponRate":0.05375,"CouponDCF":0.5,"PayDate":"12-APR-2027","CouponAmount":53750.0,"FixingDate":"12-APR-2027","PayDiscountFactor":0.7893812410228065,"SurvivalFactor":0.7215457984195157,"EndDate":"12-APR-2027","BaseNotional":1000000.0}]}

	|-----------------------------------------------------------------|
	|    Copyright (C) 2011-2019 (DRIP, DROP)
	|-----------------------------------------------------------------|
	|    Build Version  => 4.19.0 multi mode
	|    Build JVM (TM) => 1.8.0_112
	|    Build Snap     => Thu Jul 04 22:11:11 EST 2019
	|    Start Time     => Fri Aug 23 18:15:20 EDT 2019
	|    Setup Time     => Fri Aug 23 18:15:20 EDT 2019
	|    Setup Duration => 0 ms
	|-----------------------------------------------------------------|


	|---------------- JSON REQUEST -----------------|

{"Parameters":{"FixFloatQuote":[0.012484,0.014987,0.017036,0.018624,0.019868,0.020921,0.021788,0.02253,0.023145,0.023685,0.024153,0.024562,0.025389,0.026118,0.026368,0.026432,0.026339,0.026122],"FixFloatTenor":["01Y","02Y","03Y","04Y","05Y","06Y","07Y","08Y","09Y","10Y","11Y","12Y","15Y","20Y","25Y","30Y","40Y","50Y"],"TreasuryTenor":["1Y","2Y","3Y","5Y","7Y","10Y","20Y","30Y"],"BondCleanPrice":0.38239,"FuturesQuote":[0.0107,0.01235,0.0136],"TreasuryCode":"UST","DepositTenor":["2D"],"TreasuryYield":[0.0083,0.0122,0.0149,0.0193,0.0227,0.0248,0.028,0.0308],"BondEffectiveDate":"12-APR-2012","BondMaturityDate":"12-APR-2027","BondFrequency":2,"BondName":"  PDVSA  5.3750 12-APR-2027 ","DepositQuote":[0.0103456],"Currency":"USD","SpotDate":"09-MAY-2017","BondCoupon":0.05375,"BondDayCount":"30\/360"},"API":"BOND::CURVEMETRICS"}

	|---------------- JSON RESPONSE ----------------|


	|-----------------------------------------------------------------|
	|    Copyright (C) 2011-2019 (DRIP, DROP)
	|-----------------------------------------------------------------|
	|    Build Version  => 4.19.0 multi mode
	|    Build JVM (TM) => 1.8.0_112
	|    Build Snap     => Thu Jul 04 22:11:11 EST 2019
	|    Start Time     => Fri Aug 23 18:15:20 EDT 2019
	|    Setup Time     => Fri Aug 23 18:15:20 EDT 2019
	|    Setup Duration => 0 ms
	|-----------------------------------------------------------------|

{"BondGSpread":0.173605690867094,"BondName":"  PDVSA  5.3750 12-APR-2027 ","BondASW":0.0988432208202698,"BondZSpread":0.17585338390321964,"BondFirstCouponDate":"12-OCT-2012","BondCleanPrice":0.38239,"BondTreasurySpread":0.173605690867094,"BondEffectiveDate":"12-APR-2012","BondISpread":0.17471033902182495,"BondTreasuryBenchmark":"10YON","BondMaturityDate":"12-APR-2027","BondOAS":0.17360568987750127}

	|-----------------------------------------------------------------|
	|    Copyright (C) 2011-2019 (DRIP, DROP)
	|-----------------------------------------------------------------|
	|    Build Version  => 4.19.0 multi mode
	|    Build JVM (TM) => 1.8.0_112
	|    Build Snap     => Thu Jul 04 22:11:11 EST 2019
	|    Start Time     => Fri Aug 23 18:15:20 EDT 2019
	|    Setup Time     => Fri Aug 23 18:15:20 EDT 2019
	|    Finish Time    => Fri Aug 23 18:15:21 EDT 2019
	|    Setup Duration => 0 ms
	|    Run Duration   => 504 ms
	|-----------------------------------------------------------------|


	|-----------------------------------------------------------------|
	|    Copyright (C) 2011-2019 (DRIP, DROP)
	|-----------------------------------------------------------------|
	|    Build Version  => 4.19.0 multi mode
	|    Build JVM (TM) => 1.8.0_112
	|    Build Snap     => Thu Jul 04 22:11:11 EST 2019
	|    Start Time     => Fri Aug 23 18:15:21 EDT 2019
	|    Setup Time     => Fri Aug 23 18:15:21 EDT 2019
	|    Setup Duration => 0 ms
	|-----------------------------------------------------------------|


	|---------------- JSON REQUEST -----------------|

{"Parameters":{"FixFloatQuote":[0.012484,0.014987,0.017036,0.018624,0.019868,0.020921,0.021788,0.02253,0.023145,0.023685,0.024153,0.024562,0.025389,0.026118,0.026368,0.026432,0.026339,0.026122],"FixFloatTenor":["01Y","02Y","03Y","04Y","05Y","06Y","07Y","08Y","09Y","10Y","11Y","12Y","15Y","20Y","25Y","30Y","40Y","50Y"],"BondCleanPrice":0.38239,"FuturesQuote":[0.0107,0.01235,0.0136],"DepositTenor":["2D"],"BondEffectiveDate":"12-APR-2012","BondMaturityDate":"12-APR-2027","BondFrequency":2,"BondName":"  PDVSA  5.3750 12-APR-2027 ","DepositQuote":[0.0103456],"Currency":"USD","SpotDate":"09-MAY-2017","BondCoupon":0.05375,"BondDayCount":"30\/360"},"API":"BOND::SECULARMETRICS"}

	|---------------- JSON RESPONSE ----------------|


	|-----------------------------------------------------------------|
	|    Copyright (C) 2011-2019 (DRIP, DROP)
	|-----------------------------------------------------------------|
	|    Build Version  => 4.19.0 multi mode
	|    Build JVM (TM) => 1.8.0_112
	|    Build Snap     => Thu Jul 04 22:11:11 EST 2019
	|    Start Time     => Fri Aug 23 18:15:21 EDT 2019
	|    Setup Time     => Fri Aug 23 18:15:21 EDT 2019
	|    Setup Duration => 0 ms
	|-----------------------------------------------------------------|

{"BondDV01":2.1643777775604,"BondFirstCouponDate":"12-OCT-2012","BondCleanPrice":0.38239,"BondEffectiveDate":"12-APR-2012","BondMaturityDate":"12-APR-2027","BondModifiedDuration":5.601049840894071,"BondYield01":2.1643777775604,"BondName":"  PDVSA  5.3750 12-APR-2027 ","BondBasis":1750.4048209565385,"BondDirtyPrice":0.38642125,"BondAccrued":0.0040312499999999975,"BondYield":0.19835391004517616,"BondConvexity":0.45825922761340754,"BondMacaulayDuration":6.159062666705718}

	|-----------------------------------------------------------------|
	|    Copyright (C) 2011-2019 (DRIP, DROP)
	|-----------------------------------------------------------------|
	|    Build Version  => 4.19.0 multi mode
	|    Build JVM (TM) => 1.8.0_112
	|    Build Snap     => Thu Jul 04 22:11:11 EST 2019
	|    Start Time     => Fri Aug 23 18:15:21 EDT 2019
	|    Setup Time     => Fri Aug 23 18:15:21 EDT 2019
	|    Finish Time    => Fri Aug 23 18:15:21 EDT 2019
	|    Setup Duration => 0 ms
	|    Run Duration   => 197 ms
	|-----------------------------------------------------------------|


	|-----------------------------------------------------------------|
	|    Copyright (C) 2011-2019 (DRIP, DROP)
	|-----------------------------------------------------------------|
	|    Build Version  => 4.19.0 multi mode
	|    Build JVM (TM) => 1.8.0_112
	|    Build Snap     => Thu Jul 04 22:11:11 EST 2019
	|    Start Time     => Fri Aug 23 18:15:21 EDT 2019
	|    Setup Time     => Fri Aug 23 18:15:21 EDT 2019
	|    Setup Duration => 0 ms
	|-----------------------------------------------------------------|


	|---------------- JSON REQUEST -----------------|

{"Parameters":{"TOK::UpperBound":0.4,"HYG::LowerBound":0.05,"LQD::UpperBound":0.6,"GSG::UpperBound":0.15,"BWX::LowerBound":0.03,"AssetSet":["TOK","EWJ","HYG","LQD","EMD","GSG","BWX"],"EWJ::UpperBound":0.4,"EMD::LowerBound":0.05,"BWX::UpperBound":0.5,"HYG::UpperBound":0.3,"TOK::LowerBound":0.05,"AssetExpectedReturns":[0.008355,0.007207,0.006279,0.002466,0.004472,0.006821,0.00157],"AssetReturnsCovariance":[[0.002733,0.002083,0.001593,4.88E-4,0.001172,0.002312,7.1E-4],[0.002083,0.002768,0.001302,4.57E-4,0.001105,0.001647,5.63E-4],[0.001593,0.001302,0.001463,6.39E-4,0.00105,0.00111,5.19E-4],[4.88E-4,4.57E-4,6.39E-4,6.08E-4,6.63E-4,4.2E-5,3.7E-4],[0.001172,0.001105,0.00105,6.63E-4,0.001389,8.25E-4,6.61E-4],[0.002312,0.001647,0.00111,4.2E-5,8.25E-4,0.005211,7.49E-4],[7.1E-4,5.63E-4,5.19E-4,3.7E-4,6.61E-4,7.49E-4,7.03E-4]],"EWJ::LowerBound":0.05,"EMD::UpperBound":0.35,"LQD::LowerBound":0.1,"GSG::LowerBound":0.05},"API":"PORTFOLIOALLOCATION::BUDGETCONSTRAINEDMEANVARIANCE"}

	|---------------- JSON RESPONSE ----------------|


	|-----------------------------------------------------------------|
	|    Copyright (C) 2011-2019 (DRIP, DROP)
	|-----------------------------------------------------------------|
	|    Build Version  => 4.19.0 multi mode
	|    Build JVM (TM) => 1.8.0_112
	|    Build Snap     => Thu Jul 04 22:11:11 EST 2019
	|    Start Time     => Fri Aug 23 18:15:21 EDT 2019
	|    Setup Time     => Fri Aug 23 18:15:21 EDT 2019
	|    Setup Duration => 0 ms
	|-----------------------------------------------------------------|

	B  14.05 |  14.05 |  12.60 |  20.11 |  13.44 |  12.79 |  12.96 |  7186518.73 |
	A  14.05 |  14.05 |  12.60 |  20.11 |  13.44 |  12.79 |  12.96 |  7186518.73 |
	B  15.47 |  15.47 |  13.67 |  22.20 |  14.65 |  03.61 |  14.92 |  5250106.42 |
	A  15.47 |  15.47 |  13.67 |  22.20 |  14.65 |  05.00 |  14.92 |  5250106.42 |
	B  14.66 |  14.66 |  13.12 |  21.11 |  13.97 |  08.60 |  13.88 |  6330676.52 |
	A  14.66 |  14.66 |  13.12 |  21.11 |  13.97 |  08.60 |  13.88 |  6330676.52 |
	B  14.56 |  14.56 |  13.05 |  21.00 |  13.88 |  09.19 |  13.77 |  6525949.54 |
	A  14.56 |  14.56 |  13.05 |  21.00 |  13.88 |  09.19 |  13.77 |  6525949.54 |
	B  14.56 |  14.56 |  13.05 |  20.99 |  13.88 |  09.20 |  13.76 |  6531605.91 |
	A  14.56 |  14.56 |  13.05 |  20.99 |  13.88 |  09.20 |  13.76 |  6531605.91 |
	B  14.56 |  14.56 |  13.05 |  20.99 |  13.88 |  09.20 |  13.76 |  3265804.96 |
	A  14.56 |  14.56 |  13.05 |  20.99 |  13.88 |  09.20 |  13.76 |  3265804.96 |
	B  14.56 |  14.56 |  13.05 |  20.99 |  13.88 |  09.20 |  13.76 |  1632902.81 |
	A  14.56 |  14.56 |  13.05 |  20.99 |  13.88 |  09.20 |  13.76 |  1632902.81 |
	B  14.56 |  14.56 |  13.05 |  20.99 |  13.88 |  09.20 |  13.76 |  816451.45 |
	A  14.56 |  14.56 |  13.05 |  20.99 |  13.88 |  09.20 |  13.76 |  816451.45 |
	B  14.56 |  14.56 |  13.05 |  20.99 |  13.88 |  09.20 |  13.76 |  408225.67 |
	A  14.56 |  14.56 |  13.05 |  20.99 |  13.88 |  09.20 |  13.76 |  408225.67 |
	B  14.56 |  14.56 |  13.05 |  20.99 |  13.88 |  09.20 |  13.76 |  204112.78 |
	A  14.56 |  14.56 |  13.05 |  20.99 |  13.88 |  09.20 |  13.76 |  204112.78 |
	B  14.56 |  14.56 |  13.05 |  20.99 |  13.88 |  09.20 |  13.76 |  102056.34 |
	A  14.56 |  14.56 |  13.05 |  20.99 |  13.88 |  09.20 |  13.76 |  102056.34 |
	B  14.56 |  14.56 |  13.05 |  20.99 |  13.88 |  09.20 |  13.76 |  51028.12 |
	A  14.56 |  14.56 |  13.05 |  20.99 |  13.88 |  09.20 |  13.76 |  51028.12 |
	B  14.56 |  14.56 |  13.05 |  20.99 |  13.88 |  09.20 |  13.76 |  25514.01 |
	A  14.56 |  14.56 |  13.05 |  20.99 |  13.88 |  09.20 |  13.76 |  25514.01 |
	B  14.56 |  14.56 |  13.05 |  20.99 |  13.88 |  09.20 |  13.76 |  12756.96 |
	A  14.56 |  14.56 |  13.05 |  20.99 |  13.88 |  09.20 |  13.76 |  12756.96 |
	B  14.56 |  14.56 |  13.05 |  20.99 |  13.88 |  09.20 |  13.76 |  6378.43 |
	A  14.56 |  14.56 |  13.05 |  20.99 |  13.88 |  09.20 |  13.76 |  6378.43 |
	B  14.56 |  14.56 |  13.05 |  20.99 |  13.88 |  09.20 |  13.76 |  3189.17 |
	A  14.56 |  14.56 |  13.05 |  20.99 |  13.88 |  09.20 |  13.76 |  3189.17 |
	B  14.56 |  14.56 |  13.05 |  20.99 |  13.88 |  09.20 |  13.76 |  1594.54 |
	A  14.56 |  14.56 |  13.05 |  20.99 |  13.88 |  09.20 |  13.76 |  1594.54 |
	B  14.56 |  14.56 |  13.05 |  20.99 |  13.88 |  09.20 |  13.76 |  797.22 |
	A  14.56 |  14.56 |  13.05 |  20.99 |  13.88 |  09.20 |  13.76 |  797.22 |
	B  14.56 |  14.56 |  13.05 |  21.00 |  13.88 |  09.20 |  13.76 |  398.56 |
	A  14.56 |  14.56 |  13.05 |  21.00 |  13.88 |  09.20 |  13.76 |  398.56 |
	B  14.56 |  14.56 |  13.05 |  21.00 |  13.88 |  09.20 |  13.76 |  199.23 |
	A  14.56 |  14.56 |  13.05 |  21.00 |  13.88 |  09.20 |  13.76 |  199.23 |
	B  14.56 |  14.56 |  13.04 |  21.00 |  13.88 |  09.20 |  13.76 |  99.57 |
	A  14.56 |  14.56 |  13.04 |  21.00 |  13.88 |  09.20 |  13.76 |  99.57 |
	B  14.55 |  14.56 |  13.04 |  21.00 |  13.88 |  09.20 |  13.77 |  49.74 |
	A  14.55 |  14.56 |  13.04 |  21.00 |  13.88 |  09.20 |  13.77 |  49.74 |
	B  14.55 |  14.55 |  13.04 |  21.00 |  13.88 |  09.20 |  13.77 |  24.82 |
	A  14.55 |  14.55 |  13.04 |  21.00 |  13.88 |  09.20 |  13.77 |  24.82 |
	B  14.54 |  14.55 |  13.04 |  21.01 |  13.88 |  09.20 |  13.78 |  12.36 |
	A  14.54 |  14.55 |  13.04 |  21.01 |  13.88 |  09.20 |  13.78 |  12.36 |
	B  14.53 |  14.54 |  13.04 |  21.03 |  13.88 |  09.20 |  13.79 |  06.13 |
	A  14.53 |  14.54 |  13.04 |  21.03 |  13.88 |  09.20 |  13.79 |  06.13 |
	B  14.50 |  14.51 |  13.04 |  21.07 |  13.87 |  09.20 |  13.82 |  03.02 |
	A  14.50 |  14.51 |  13.04 |  21.07 |  13.87 |  09.20 |  13.82 |  03.02 |
	B  14.44 |  14.47 |  13.03 |  21.14 |  13.87 |  09.19 |  13.87 |  01.46 |
	A  14.44 |  14.47 |  13.03 |  21.14 |  13.87 |  09.19 |  13.87 |  01.46 |
	B  14.32 |  14.38 |  13.01 |  21.28 |  13.87 |  09.17 |  13.97 |  00.68 |
	A  14.32 |  14.38 |  13.01 |  21.28 |  13.87 |  09.17 |  13.97 |  00.68 |
	B  14.09 |  14.20 |  12.97 |  21.56 |  13.85 |  09.14 |  14.18 |  00.30 |
	A  14.09 |  14.20 |  12.97 |  21.56 |  13.85 |  09.14 |  14.18 |  00.30 |
	B  13.65 |  13.86 |  12.88 |  22.12 |  13.81 |  09.08 |  14.59 |  00.10 |
	A  13.65 |  13.86 |  12.88 |  22.12 |  13.81 |  09.08 |  14.59 |  00.10 |
	B  12.86 |  13.22 |  12.69 |  23.24 |  13.67 |  08.96 |  15.35 |  00.01 |
	A  12.86 |  13.22 |  12.69 |  23.24 |  13.67 |  08.96 |  15.35 |  00.01 |
	B  12.24 |  12.69 |  12.46 |  24.31 |  13.46 |  08.84 |  16.00 |  00.01 |
	A  12.24 |  12.69 |  12.46 |  24.31 |  13.46 |  08.84 |  16.00 |  00.01 |
	B  12.25 |  12.69 |  12.46 |  24.30 |  13.46 |  08.84 |  16.00 |  00.01 |
	A  12.25 |  12.69 |  12.46 |  24.30 |  13.46 |  08.84 |  16.00 |  00.01 |
	B  11.34 |  11.91 |  12.12 |  25.87 |  13.14 |  08.67 |  16.94 | -00.03 |
	A  11.34 |  11.91 |  12.12 |  25.87 |  13.14 |  08.67 |  16.94 | -00.03 |
	B  10.79 |  11.39 |  11.75 |  27.24 |  12.73 |  08.52 |  17.57 | -00.03 |
	A  10.79 |  11.39 |  11.75 |  27.24 |  12.73 |  08.52 |  17.57 | -00.03 |
	B  10.79 |  11.39 |  11.76 |  27.21 |  12.75 |  08.52 |  17.58 | -00.03 |
	A  10.79 |  11.39 |  11.76 |  27.21 |  12.75 |  08.52 |  17.58 | -00.03 |
	B  09.63 |  10.31 |  11.08 |  29.88 |  11.99 |  08.22 |  18.88 | -00.05 |
	A  09.63 |  10.31 |  11.08 |  29.88 |  11.99 |  08.22 |  18.88 | -00.05 |
	B  09.16 |  09.80 |  10.53 |  31.73 |  11.33 |  08.02 |  19.43 | -00.05 |
	A  09.16 |  09.80 |  10.53 |  31.73 |  11.33 |  08.02 |  19.43 | -00.05 |
	B  09.16 |  09.81 |  10.55 |  31.66 |  11.35 |  08.02 |  19.45 | -00.05 |
	A  09.16 |  09.81 |  10.55 |  31.66 |  11.35 |  08.02 |  19.45 | -00.05 |
	B  08.02 |  08.64 |  09.51 |  35.33 |  10.11 |  07.59 |  20.80 | -00.05 |
	A  08.02 |  08.64 |  09.51 |  35.33 |  10.11 |  07.59 |  20.80 | -00.05 |
	B  07.73 |  08.29 |  09.00 |  36.98 |  09.49 |  07.38 |  21.14 | -00.05 |
	A  07.73 |  08.29 |  09.00 |  36.98 |  09.49 |  07.38 |  21.14 | -00.05 |
	B  07.72 |  08.29 |  09.00 |  36.94 |  09.50 |  07.38 |  21.16 | -00.05 |
	A  07.72 |  08.29 |  09.00 |  36.94 |  09.50 |  07.38 |  21.16 | -00.05 |
	B  06.82 |  07.28 |  07.88 |  40.72 |  08.16 |  06.90 |  22.25 | -00.05 |
	A  06.82 |  07.28 |  07.88 |  40.72 |  08.16 |  06.90 |  22.25 | -00.05 |
	B  06.66 |  07.08 |  07.56 |  41.76 |  07.80 |  06.72 |  22.42 | -00.05 |
	A  06.66 |  07.08 |  07.56 |  41.76 |  07.80 |  06.72 |  22.42 | -00.05 |
	B  06.03 |  06.33 |  06.64 |  44.84 |  06.73 |  06.27 |  23.16 | -00.05 |
	A  06.03 |  06.33 |  06.64 |  44.84 |  06.73 |  06.27 |  23.16 | -00.05 |
	B  05.95 |  06.22 |  06.49 |  45.41 |  06.59 |  06.15 |  23.19 | -00.05 |
	A  05.95 |  06.22 |  06.49 |  45.41 |  06.59 |  06.15 |  23.19 | -00.05 |
	B  05.55 |  05.73 |  05.87 |  47.62 |  05.89 |  05.78 |  23.56 | -00.05 |
	A  05.55 |  05.73 |  05.87 |  47.62 |  05.89 |  05.78 |  23.56 | -00.05 |
	B  05.52 |  05.68 |  05.81 |  47.93 |  05.85 |  05.71 |  23.51 | -00.05 |
	A  05.52 |  05.68 |  05.81 |  47.93 |  05.85 |  05.71 |  23.51 | -00.05 |
	B  05.29 |  05.38 |  05.44 |  49.39 |  05.45 |  05.44 |  23.61 | -00.05 |
	A  05.29 |  05.38 |  05.44 |  49.39 |  05.45 |  05.44 |  23.61 | -00.05 |
	B  05.27 |  05.36 |  05.42 |  49.55 |  05.44 |  05.41 |  23.54 | -00.05 |
	A  05.27 |  05.36 |  05.42 |  49.55 |  05.44 |  05.41 |  23.54 | -00.05 |
	B  05.15 |  05.19 |  05.22 |  50.46 |  05.23 |  05.24 |  23.52 | -00.05 |
	A  05.15 |  05.19 |  05.22 |  50.46 |  05.23 |  05.24 |  23.52 | -00.05 |
	B  05.07 |  05.10 |  05.11 |  51.06 |  05.11 |  05.12 |  23.42 | -00.05 |
	A  05.07 |  05.10 |  05.11 |  51.06 |  05.11 |  05.12 |  23.42 | -00.05 |
	B  05.04 |  05.05 |  05.06 |  51.39 |  05.06 |  05.06 |  23.35 | -00.05 |
	A  05.04 |  05.05 |  05.06 |  51.39 |  05.06 |  05.06 |  23.35 | -00.05 |
	B  05.02 |  05.02 |  05.03 |  51.56 |  05.03 |  05.03 |  23.31 | -00.05 |
	A  05.02 |  05.02 |  05.03 |  51.56 |  05.03 |  05.03 |  23.31 | -00.05 |
	B  05.01 |  05.01 |  05.01 |  51.65 |  05.01 |  05.02 |  23.29 | -00.05 |
	A  05.01 |  05.01 |  05.01 |  51.65 |  05.01 |  05.02 |  23.29 | -00.05 |
	B  05.00 |  05.01 |  05.01 |  51.69 |  05.01 |  05.01 |  23.28 | -00.05 |
	A  05.00 |  05.01 |  05.01 |  51.69 |  05.01 |  05.01 |  23.28 | -00.05 |
	B  05.00 |  05.00 |  05.00 |  51.71 |  05.00 |  05.00 |  23.27 | -00.05 |
	A  05.00 |  05.00 |  05.00 |  51.71 |  05.00 |  05.00 |  23.27 | -00.05 |
	B  05.00 |  05.00 |  05.00 |  51.72 |  05.00 |  05.00 |  23.27 | -00.05 |
	A  05.00 |  05.00 |  05.00 |  51.72 |  05.00 |  05.00 |  23.27 | -00.05 |
	B  05.00 |  05.00 |  05.00 |  51.73 |  05.00 |  05.00 |  23.27 | -00.05 |
	A  05.00 |  05.00 |  05.00 |  51.73 |  05.00 |  05.00 |  23.27 | -00.05 |
	B  05.00 |  05.00 |  05.00 |  51.73 |  05.00 |  05.00 |  23.27 | -00.05 |
	A  05.00 |  05.00 |  05.00 |  51.73 |  05.00 |  05.00 |  23.27 | -00.05 |
	B  05.00 |  05.00 |  05.00 |  51.73 |  05.00 |  05.00 |  23.27 | -00.05 |
	A  05.00 |  05.00 |  05.00 |  51.73 |  05.00 |  05.00 |  23.27 | -00.05 |
	B  05.00 |  05.00 |  05.00 |  51.73 |  05.00 |  05.00 |  23.27 | -00.05 |
	A  05.00 |  05.00 |  05.00 |  51.73 |  05.00 |  05.00 |  23.27 | -00.05 |
	B  05.00 |  05.00 |  05.00 |  51.73 |  05.00 |  05.00 |  23.27 | -00.05 |
	A  05.00 |  05.00 |  05.00 |  51.73 |  05.00 |  05.00 |  23.27 | -00.05 |
	B  05.00 |  05.00 |  05.00 |  51.73 |  05.00 |  05.00 |  23.27 | -00.05 |
	A  05.00 |  05.00 |  05.00 |  51.73 |  05.00 |  05.00 |  23.27 | -00.05 |
	B  05.00 |  05.00 |  05.00 |  51.73 |  05.00 |  05.00 |  23.27 | -00.05 |
	A  05.00 |  05.00 |  05.00 |  51.73 |  05.00 |  05.00 |  23.27 | -00.05 |
	B  05.00 |  05.00 |  05.00 |  51.73 |  05.00 |  05.00 |  23.27 | -00.05 |
	A  05.00 |  05.00 |  05.00 |  51.73 |  05.00 |  05.00 |  23.27 | -00.05 |
	B  05.00 |  05.00 |  05.00 |  51.73 |  05.00 |  05.00 |  23.27 | -00.05 |
	A  05.00 |  05.00 |  05.00 |  51.73 |  05.00 |  05.00 |  23.27 | -00.05 |
	B  05.00 |  05.00 |  05.00 |  51.73 |  05.00 |  05.00 |  23.27 | -00.05 |
	A  05.00 |  05.00 |  05.00 |  51.73 |  05.00 |  05.00 |  23.27 | -00.05 |
	B  05.00 |  05.00 |  05.00 |  51.73 |  05.00 |  05.00 |  23.27 | -00.05 |
	A  05.00 |  05.00 |  05.00 |  51.73 |  05.00 |  05.00 |  23.27 | -00.05 |
	B  05.00 |  05.00 |  05.00 |  51.73 |  05.00 |  05.00 |  23.27 | -00.05 |
	A  05.00 |  05.00 |  05.00 |  51.73 |  05.00 |  05.00 |  23.27 | -00.05 |
	B  05.00 |  05.00 |  05.00 |  51.73 |  05.00 |  05.00 |  23.27 | -00.05 |
	A  05.00 |  05.00 |  05.00 |  51.73 |  05.00 |  05.00 |  23.27 | -00.05 |
	B  05.00 |  05.00 |  05.00 |  51.73 |  05.00 |  05.00 |  23.27 | -00.05 |
	A  05.00 |  05.00 |  05.00 |  51.73 |  05.00 |  05.00 |  23.27 | -00.05 |
	B  05.00 |  05.00 |  05.00 |  51.73 |  05.00 |  05.00 |  23.27 | -00.05 |
	A  05.00 |  05.00 |  05.00 |  51.73 |  05.00 |  05.00 |  23.27 | -00.05 |
	B  05.00 |  05.00 |  05.00 |  51.73 |  05.00 |  05.00 |  23.27 | -00.05 |
	A  05.00 |  05.00 |  05.00 |  51.73 |  05.00 |  05.00 |  23.27 | -00.05 |
	B  05.00 |  05.00 |  05.00 |  51.73 |  05.00 |  05.00 |  23.27 | -00.05 |
	A  05.00 |  05.00 |  05.00 |  51.73 |  05.00 |  05.00 |  23.27 | -00.05 |
	B  05.00 |  05.00 |  05.00 |  51.73 |  05.00 |  05.00 |  23.27 | -00.05 |
	A  05.00 |  05.00 |  05.00 |  51.73 |  05.00 |  05.00 |  23.27 | -00.05 |
	B  05.00 |  05.00 |  05.00 |  51.73 |  05.00 |  05.00 |  23.27 | -00.05 |
	A  05.00 |  05.00 |  05.00 |  51.73 |  05.00 |  05.00 |  23.27 | -00.05 |
	B  05.00 |  05.00 |  05.00 |  51.73 |  05.00 |  05.00 |  23.27 | -00.05 |
	A  05.00 |  05.00 |  05.00 |  51.73 |  05.00 |  05.00 |  23.27 | -00.05 |
	B  05.00 |  05.00 |  05.00 |  51.73 |  05.00 |  05.00 |  23.27 | -00.05 |
	A  05.00 |  05.00 |  05.00 |  51.73 |  05.00 |  05.00 |  23.27 | -00.05 |
	B  05.00 |  05.00 |  05.00 |  51.73 |  05.00 |  05.00 |  23.27 | -00.05 |
	A  05.00 |  05.00 |  05.00 |  51.73 |  05.00 |  05.00 |  23.27 | -00.05 |
	B  05.00 |  05.00 |  05.00 |  51.73 |  05.00 |  05.00 |  23.27 | -00.05 |
	A  05.00 |  05.00 |  05.00 |  51.73 |  05.00 |  05.00 |  23.27 | -00.05 |
	B  05.00 |  05.00 |  05.00 |  51.73 |  05.00 |  05.00 |  23.27 | -00.05 |
	A  05.00 |  05.00 |  05.00 |  51.73 |  05.00 |  05.00 |  23.27 | -00.05 |
	B  05.00 |  05.00 |  05.00 |  51.73 |  05.00 |  05.00 |  23.27 | -00.05 |
	A  05.00 |  05.00 |  05.00 |  51.73 |  05.00 |  05.00 |  23.27 | -00.05 |
	B  05.00 |  05.00 |  05.00 |  51.73 |  05.00 |  05.00 |  23.27 | -00.05 |
	A  05.00 |  05.00 |  05.00 |  51.73 |  05.00 |  05.00 |  23.27 | -00.05 |
	B  05.00 |  05.00 |  05.00 |  51.73 |  05.00 |  05.00 |  23.27 | -00.05 |
	A  05.00 |  05.00 |  05.00 |  51.73 |  05.00 |  05.00 |  23.27 | -00.05 |
	B  05.00 |  05.00 |  05.00 |  51.73 |  05.00 |  05.00 |  23.27 | -00.05 |
	A  05.00 |  05.00 |  05.00 |  51.73 |  05.00 |  05.00 |  23.27 | -00.05 |
{"LQD::UpperBound":0.6,"GSG::UpperBound":0.15,"EWJ::UpperBound":0.4,"AssetExpectedReturns":[0.008355,0.007207,0.006279,0.002466,0.004472,0.006821,0.00157],"AssetReturnsCovariance":[[0.002733,0.002083,0.001593,4.88E-4,0.001172,0.002312,7.1E-4],[0.002083,0.002768,0.001302,4.57E-4,0.001105,0.001647,5.63E-4],[0.001593,0.001302,0.001463,6.39E-4,0.00105,0.00111,5.19E-4],[4.88E-4,4.57E-4,6.39E-4,6.08E-4,6.63E-4,4.2E-5,3.7E-4],[0.001172,0.001105,0.00105,6.63E-4,0.001389,8.25E-4,6.61E-4],[0.002312,0.001647,0.00111,4.2E-5,8.25E-4,0.005211,7.49E-4],[7.1E-4,5.63E-4,5.19E-4,3.7E-4,6.61E-4,7.49E-4,7.03E-4]],"BWX::WEIGHT":0.23266199649746855,"GSG::WEIGHT":0.05000000000007174,"PortfolioNotional":0.9999999999999999,"TOK::UpperBound":0.4,"HYG::LowerBound":0.05,"EWJ::WEIGHT":0.05000000000005693,"BWX::LowerBound":0.03,"AssetSet":["TOK","EWJ","HYG","LQD","EMD","GSG","BWX"],"EMD::LowerBound":0.05,"HYG::WEIGHT":0.050000000000064625,"BWX::UpperBound":0.5,"PortfolioExpectedReturn":0.0032977348511394793,"EMD::WEIGHT":0.05000000000006547,"HYG::UpperBound":0.3,"TOK::LowerBound":0.05,"PortfolioStandardDeviation":0.024241923474953332,"LQD::WEIGHT":0.5173380035022299,"EWJ::LowerBound":0.05,"EMD::UpperBound":0.35,"TOK::WEIGHT":0.05000000000004265,"LQD::LowerBound":0.1,"GSG::LowerBound":0.05}

	|-----------------------------------------------------------------|
	|    Copyright (C) 2011-2019 (DRIP, DROP)
	|-----------------------------------------------------------------|
	|    Build Version  => 4.19.0 multi mode
	|    Build JVM (TM) => 1.8.0_112
	|    Build Snap     => Thu Jul 04 22:11:11 EST 2019
	|    Start Time     => Fri Aug 23 18:15:21 EDT 2019
	|    Setup Time     => Fri Aug 23 18:15:21 EDT 2019
	|    Setup Duration => 0 ms
	|-----------------------------------------------------------------|


	|---------------- JSON REQUEST -----------------|

{"Parameters":{"FixFloatQuote":[0.0166,0.0206,0.0241,0.0269,0.0292,0.0311,0.0326,0.034,0.0351,0.0375,0.0393,0.0402,0.0407,0.0409,0.0409],"FixFloatTenor":["04Y","05Y","06Y","07Y","08Y","09Y","10Y","11Y","12Y","15Y","20Y","25Y","30Y","40Y","50Y"],"DepositQuote":[0.0017,0.0017,0.0018,0.002,0.0023],"ReferenceEntity":"DRIP","CDSTenor":["06M","01Y","02Y","03Y","04Y","05Y","07Y","10Y"],"Currency":"USD","FuturesQuote":[0.0027,0.0032,0.0041,0.0054,0.0077,0.0104,0.0134,0.016],"SpotDate":"23-AUG-2019","DepositTenor":["04D","07D","14D","30D","60D"],"CDSCoupon":0.01,"CDSQuote":[60.0,68.0,88.0,102.0,121.0,138.0,168.0,188.0],"CDSMaturity":"05Y"},"API":"CREDITDEFAULTSWAP::CURVEMETRICS"}

	|---------------- JSON RESPONSE ----------------|


	|-----------------------------------------------------------------|
	|    Copyright (C) 2011-2019 (DRIP, DROP)
	|-----------------------------------------------------------------|
	|    Build Version  => 4.19.0 multi mode
	|    Build JVM (TM) => 1.8.0_112
	|    Build Snap     => Thu Jul 04 22:11:11 EST 2019
	|    Start Time     => Fri Aug 23 18:15:21 EDT 2019
	|    Setup Time     => Fri Aug 23 18:15:21 EDT 2019
	|    Setup Duration => 0 ms
	|-----------------------------------------------------------------|

{"dirtydv01":4.841650752779995E-4,"dirtyprice":-59.98272860074438,"pv":-0.01599827286007444,"faircalctime":0.0041734020000000005,"cumulativecouponamount":0.0017777777777777779,"dirtycouponpv":4.841650752779995E-6,"fairfairpremium":137.9999999989512,"price":-77.37403294857046,"fairaccrualdays":64.0,"fairlossnorecpv":0.10735796731312405,"cleanpv":-0.017737403294857047,"fairdv01":4.841650752779995E-4,"faircleandv01":4.6677377093017335E-4,"fairdirtydv01":4.841650752779995E-4,"accrualdays":64.0,"lossoninstantaneousdefault":0.6,"faircleanpv":-0.017737403294857047,"parspread":137.9999999989512,"CouponFlow":[{"StartDate":"20-JUN-2019","ReferenceRate":0.0,"CouponDCF":0.25,"PayDate":"20-SEP-2019","PayDiscountFactor":0.9998548465564415,"CreditLabel":"DRIP::USD::SENIOR","FundingLabel":"USD","EndDate":"20-SEP-2019","SurvivalProbability":0.9992323050441079,"BaseNotional":1.0,"Tenor":"3M"},{"StartDate":"20-SEP-2019","ReferenceRate":0.0,"CouponDCF":0.25,"PayDate":"20-DEC-2019","PayDiscountFactor":0.9991623836813364,"CreditLabel":"DRIP::USD::SENIOR","FundingLabel":"USD","EndDate":"20-DEC-2019","SurvivalProbability":0.9967413643312302,"BaseNotional":1.0,"Tenor":"3M"},{"StartDate":"20-DEC-2019","ReferenceRate":0.0,"CouponDCF":0.25,"PayDate":"20-MAR-2020","PayDiscountFactor":0.9983436777777617,"CreditLabel":"DRIP::USD::SENIOR","FundingLabel":"USD","EndDate":"20-MAR-2020","SurvivalProbability":0.9942566331710299,"BaseNotional":1.0,"Tenor":"3M"},{"StartDate":"20-MAR-2020","ReferenceRate":0.0,"CouponDCF":0.25,"PayDate":"22-JUN-2020","PayDiscountFactor":0.997258844975131,"CreditLabel":"DRIP::USD::SENIOR","FundingLabel":"USD","EndDate":"22-JUN-2020","SurvivalProbability":0.9909911769117136,"BaseNotional":1.0,"Tenor":"3M"},{"StartDate":"22-JUN-2020","ReferenceRate":0.0,"CouponDCF":0.25,"PayDate":"21-SEP-2020","PayDiscountFactor":0.9958668173734802,"CreditLabel":"DRIP::USD::SENIOR","FundingLabel":"USD","EndDate":"21-SEP-2020","SurvivalProbability":0.9878251494458676,"BaseNotional":1.0,"Tenor":"3M"},{"StartDate":"21-SEP-2020","ReferenceRate":0.0,"CouponDCF":0.25,"PayDate":"21-DEC-2020","PayDiscountFactor":0.9938893303613988,"CreditLabel":"DRIP::USD::SENIOR","FundingLabel":"USD","EndDate":"21-DEC-2020","SurvivalProbability":0.9833240227267692,"BaseNotional":1.0,"Tenor":"3M"},{"StartDate":"21-DEC-2020","ReferenceRate":0.0,"CouponDCF":0.25,"PayDate":"22-MAR-2021","PayDiscountFactor":0.9912317300098904,"CreditLabel":"DRIP::USD::SENIOR","FundingLabel":"USD","EndDate":"22-MAR-2021","SurvivalProbability":0.9788434058537229,"BaseNotional":1.0,"Tenor":"3M"},{"StartDate":"22-MAR-2021","ReferenceRate":0.0,"CouponDCF":0.25,"PayDate":"21-JUN-2021","PayDiscountFactor":0.9878311428369309,"CreditLabel":"DRIP::USD::SENIOR","FundingLabel":"USD","EndDate":"21-JUN-2021","SurvivalProbability":0.974383205371509,"BaseNotional":1.0,"Tenor":"3M"},{"StartDate":"21-JUN-2021","ReferenceRate":0.0,"CouponDCF":0.25,"PayDate":"20-SEP-2021","PayDiscountFactor":0.97725045776523,"CreditLabel":"DRIP::USD::SENIOR","FundingLabel":"USD","EndDate":"20-SEP-2021","SurvivalProbability":0.9699433282507466,"BaseNotional":1.0,"Tenor":"3M"},{"StartDate":"20-SEP-2021","ReferenceRate":0.0,"CouponDCF":0.25,"PayDate":"20-DEC-2021","PayDiscountFactor":0.9734006674052732,"CreditLabel":"DRIP::USD::SENIOR","FundingLabel":"USD","EndDate":"20-DEC-2021","SurvivalProbability":0.9646133558667838,"BaseNotional":1.0,"Tenor":"3M"},{"StartDate":"20-DEC-2021","ReferenceRate":0.0,"CouponDCF":0.25,"PayDate":"21-MAR-2022","PayDiscountFactor":0.9691700537066078,"CreditLabel":"DRIP::USD::SENIOR","FundingLabel":"USD","EndDate":"21-MAR-2022","SurvivalProbability":0.959312672416294,"BaseNotional":1.0,"Tenor":"3M"},{"StartDate":"21-MAR-2022","ReferenceRate":0.0,"CouponDCF":0.25,"PayDate":"20-JUN-2022","PayDiscountFactor":0.9645178461706192,"CreditLabel":"DRIP::USD::SENIOR","FundingLabel":"USD","EndDate":"20-JUN-2022","SurvivalProbability":0.9540411169525478,"BaseNotional":1.0,"Tenor":"3M"},{"StartDate":"20-JUN-2022","ReferenceRate":0.0,"CouponDCF":0.25,"PayDate":"20-SEP-2022","PayDiscountFactor":0.9593443500184315,"CreditLabel":"DRIP::USD::SENIOR","FundingLabel":"USD","EndDate":"20-SEP-2022","SurvivalProbability":0.9487410788810986,"BaseNotional":1.0,"Tenor":"3M"},{"StartDate":"20-SEP-2022","ReferenceRate":0.0,"CouponDCF":0.25,"PayDate":"20-DEC-2022","PayDiscountFactor":0.9537208878823088,"CreditLabel":"DRIP::USD::SENIOR","FundingLabel":"USD","EndDate":"20-DEC-2022","SurvivalProbability":0.941491548385516,"BaseNotional":1.0,"Tenor":"3M"},{"StartDate":"20-DEC-2022","ReferenceRate":0.0,"CouponDCF":0.25,"PayDate":"20-MAR-2023","PayDiscountFactor":0.9476239555525676,"CreditLabel":"DRIP::USD::SENIOR","FundingLabel":"USD","EndDate":"20-MAR-2023","SurvivalProbability":0.9343761700154768,"BaseNotional":1.0,"Tenor":"3M"},{"StartDate":"20-MAR-2023","ReferenceRate":0.0,"CouponDCF":0.25,"PayDate":"20-JUN-2023","PayDiscountFactor":0.9408001330295749,"CreditLabel":"DRIP::USD::SENIOR","FundingLabel":"USD","EndDate":"20-JUN-2023","SurvivalProbability":0.9271582496782867,"BaseNotional":1.0,"Tenor":"3M"},{"StartDate":"20-JUN-2023","ReferenceRate":0.0,"CouponDCF":0.25,"PayDate":"20-SEP-2023","PayDiscountFactor":0.9333370778915542,"CreditLabel":"DRIP::USD::SENIOR","FundingLabel":"USD","EndDate":"20-SEP-2023","SurvivalProbability":0.9199960867283953,"BaseNotional":1.0,"Tenor":"3M"},{"StartDate":"20-SEP-2023","ReferenceRate":0.0,"CouponDCF":0.25,"PayDate":"20-DEC-2023","PayDiscountFactor":0.9253377989217517,"CreditLabel":"DRIP::USD::SENIOR","FundingLabel":"USD","EndDate":"20-DEC-2023","SurvivalProbability":0.9117629447509449,"BaseNotional":1.0,"Tenor":"3M"},{"StartDate":"20-DEC-2023","ReferenceRate":0.0,"CouponDCF":0.25,"PayDate":"20-MAR-2024","PayDiscountFactor":0.9168345099984442,"CreditLabel":"DRIP::USD::SENIOR","FundingLabel":"USD","EndDate":"20-MAR-2024","SurvivalProbability":0.90360348202909,"BaseNotional":1.0,"Tenor":"3M"},{"StartDate":"20-MAR-2024","ReferenceRate":0.0,"CouponDCF":0.25,"PayDate":"20-JUN-2024","PayDiscountFactor":0.9078484288874967,"CreditLabel":"DRIP::USD::SENIOR","FundingLabel":"USD","EndDate":"20-JUN-2024","SurvivalProbability":0.8954285803687271,"BaseNotional":1.0,"Tenor":"3M"},{"StartDate":"20-JUN-2024","ReferenceRate":0.0,"CouponDCF":0.25,"PayDate":"20-SEP-2024","PayDiscountFactor":0.8985947520601704,"CreditLabel":"DRIP::USD::SENIOR","FundingLabel":"USD","EndDate":"20-SEP-2024","SurvivalProbability":0.8873276370523565,"BaseNotional":1.0,"Tenor":"3M"}],"explossnorec":0.11267236294764345,"exploss":0.06760341776858626,"fairdirtyprice":-59.98272860074438,"fairlossoninstantaneousdefault":0.6,"dv01":4.841650752779995E-4,"fairpv":-0.01599827286007444,"fairlosspv":0.06441478038787438,"fairupfront":-0.017737403294857047,"dirtypv":-0.01599827286007444,"upfront":-0.017737403294857047,"fairprice":-77.37403294857046,"cleanprice":-77.37403294857046,"cleandv01":4.6677377093017335E-4,"accrued01":1.739130434782609E-5,"fairdirtypv":-0.01599827286007444,"fairparspread":137.9999999989512,"fairexploss":0.06760341776858626,"fairaccrued":1.739130434782609E-7,"faircleanprice":-77.37403294857046,"calctime":0.0041734020000000005,"faircleancouponpv":4.667737709301734E-6,"LossFlow":[{"StartDate":"23-AUG-2019","EffectiveRecovery":0.39999999999999997,"EffectiveNotional":1.0,"EffectiveDF":0.9998190636652201,"EffectiveAccrual":0.18206521739130438,"EndSurvival":0.9998080209841884,"StartSurvival":1.0,"EndDate":"30-AUG-2019"},{"StartDate":"30-AUG-2019","EffectiveRecovery":0.39999999999999997,"EffectiveNotional":1.0,"EffectiveDF":0.9997756790733151,"EffectiveAccrual":0.20108695652173914,"EndSurvival":0.9996160788243194,"StartSurvival":0.9998080209841884,"EndDate":"06-SEP-2019"},{"StartDate":"06-SEP-2019","EffectiveRecovery":0.39999999999999997,"EffectiveNotional":1.0,"EffectiveDF":0.9997301413526775,"EffectiveAccrual":0.22010869565217395,"EndSurvival":0.9994241735133172,"StartSurvival":0.9996160788243194,"EndDate":"13-SEP-2019"},{"StartDate":"13-SEP-2019","EffectiveRecovery":0.39999999999999997,"EffectiveNotional":1.0,"EffectiveDF":0.9996824475825244,"EffectiveAccrual":0.2391304347826087,"EndSurvival":0.9992323050441079,"StartSurvival":0.9994241735133172,"EndDate":"20-SEP-2019"},{"StartDate":"20-SEP-2019","EffectiveRecovery":0.39999999999999997,"EffectiveNotional":1.0,"EffectiveDF":0.9996329295795916,"EffectiveAccrual":0.008241758241758242,"EndSurvival":0.9990404734096183,"StartSurvival":0.9992323050441079,"EndDate":"27-SEP-2019"},{"StartDate":"27-SEP-2019","EffectiveRecovery":0.39999999999999997,"EffectiveNotional":1.0,"EffectiveDF":0.999581962904483,"EffectiveAccrual":0.027472527472527472,"EndSurvival":0.9988486786027773,"StartSurvival":0.9990404734096183,"EndDate":"04-OCT-2019"},{"StartDate":"04-OCT-2019","EffectiveRecovery":0.39999999999999997,"EffectiveNotional":1.0,"EffectiveDF":0.9995299231388739,"EffectiveAccrual":0.046703296703296704,"EndSurvival":0.9986569206165143,"StartSurvival":0.9988486786027773,"EndDate":"11-OCT-2019"},{"StartDate":"11-OCT-2019","EffectiveRecovery":0.39999999999999997,"EffectiveNotional":1.0,"EffectiveDF":0.9994771858644391,"EffectiveAccrual":0.06593406593406594,"EndSurvival":0.998465199443761,"StartSurvival":0.9986569206165143,"EndDate":"18-OCT-2019"},{"StartDate":"18-OCT-2019","EffectiveRecovery":0.39999999999999997,"EffectiveNotional":1.0,"EffectiveDF":0.9994015077952706,"EffectiveAccrual":0.08516483516483517,"EndSurvival":0.9982735150774497,"StartSurvival":0.998465199443761,"EndDate":"25-OCT-2019"},{"StartDate":"25-OCT-2019","EffectiveRecovery":0.39999999999999997,"EffectiveNotional":1.0,"EffectiveDF":0.9993315835159259,"EffectiveAccrual":0.1043956043956044,"EndSurvival":0.9980818675105143,"StartSurvival":0.9982735150774497,"EndDate":"01-NOV-2019"},{"StartDate":"01-NOV-2019","EffectiveRecovery":0.39999999999999997,"EffectiveNotional":1.0,"EffectiveDF":0.9992787764324584,"EffectiveAccrual":0.12362637362637363,"EndSurvival":0.9978902567358903,"StartSurvival":0.9980818675105143,"EndDate":"08-NOV-2019"},{"StartDate":"08-NOV-2019","EffectiveRecovery":0.39999999999999997,"EffectiveNotional":1.0,"EffectiveDF":0.9992250142488917,"EffectiveAccrual":0.14285714285714285,"EndSurvival":0.9976986827465142,"StartSurvival":0.9978902567358903,"EndDate":"15-NOV-2019"},{"StartDate":"15-NOV-2019","EffectiveRecovery":0.39999999999999997,"EffectiveNotional":1.0,"EffectiveDF":0.9991702353530854,"EffectiveAccrual":0.1620879120879121,"EndSurvival":0.997507145535324,"StartSurvival":0.9976986827465142,"EndDate":"22-NOV-2019"},{"StartDate":"22-NOV-2019","EffectiveRecovery":0.39999999999999997,"EffectiveNotional":1.0,"EffectiveDF":0.999114398581479,"EffectiveAccrual":0.1813186813186813,"EndSurvival":0.9973156450952592,"StartSurvival":0.997507145535324,"EndDate":"29-NOV-2019"},{"StartDate":"29-NOV-2019","EffectiveRecovery":0.39999999999999997,"EffectiveNotional":1.0,"EffectiveDF":0.9990574804567421,"EffectiveAccrual":0.20054945054945056,"EndSurvival":0.9971241814192603,"StartSurvival":0.9973156450952592,"EndDate":"06-DEC-2019"},{"StartDate":"06-DEC-2019","EffectiveRecovery":0.39999999999999997,"EffectiveNotional":1.0,"EffectiveDF":0.9989994590783745,"EffectiveAccrual":0.21978021978021978,"EndSurvival":0.9969327545002694,"StartSurvival":0.9971241814192603,"EndDate":"13-DEC-2019"},{"StartDate":"13-DEC-2019","EffectiveRecovery":0.39999999999999997,"EffectiveNotional":1.0,"EffectiveDF":0.9989403125458759,"EffectiveAccrual":0.23901098901098902,"EndSurvival":0.9967413643312302,"StartSurvival":0.9969327545002694,"EndDate":"20-DEC-2019"},{"StartDate":"20-DEC-2019","EffectiveRecovery":0.39999999999999997,"EffectiveNotional":1.0,"EffectiveDF":0.9988800189587461,"EffectiveAccrual":0.008241758241758242,"EndSurvival":0.9965500109050872,"StartSurvival":0.9967413643312302,"EndDate":"27-DEC-2019"},{"StartDate":"27-DEC-2019","EffectiveRecovery":0.39999999999999997,"EffectiveNotional":1.0,"EffectiveDF":0.998818556416484,"EffectiveAccrual":0.027472527472527472,"EndSurvival":0.9963586942147866,"StartSurvival":0.9965500109050872,"EndDate":"03-JAN-2020"},{"StartDate":"03-JAN-2020","EffectiveRecovery":0.39999999999999997,"EffectiveNotional":1.0,"EffectiveDF":0.9987559030185895,"EffectiveAccrual":0.046703296703296704,"EndSurvival":0.9961674142532759,"StartSurvival":0.9963586942147866,"EndDate":"10-JAN-2020"},{"StartDate":"10-JAN-2020","EffectiveRecovery":0.39999999999999997,"EffectiveNotional":1.0,"EffectiveDF":0.9986920368645623,"EffectiveAccrual":0.06593406593406594,"EndSurvival":0.995976171013504,"StartSurvival":0.9961674142532759,"EndDate":"17-JAN-2020"},{"StartDate":"17-JAN-2020","EffectiveRecovery":0.39999999999999997,"EffectiveNotional":1.0,"EffectiveDF":0.998626936053902,"EffectiveAccrual":0.08516483516483517,"EndSurvival":0.9957849644884211,"StartSurvival":0.995976171013504,"EndDate":"24-JAN-2020"},{"StartDate":"24-JAN-2020","EffectiveRecovery":0.39999999999999997,"EffectiveNotional":1.0,"EffectiveDF":0.9985605786861077,"EffectiveAccrual":0.1043956043956044,"EndSurvival":0.9955937946709786,"StartSurvival":0.9957849644884211,"EndDate":"31-JAN-2020"},{"StartDate":"31-JAN-2020","EffectiveRecovery":0.39999999999999997,"EffectiveNotional":1.0,"EffectiveDF":0.9984929428606795,"EffectiveAccrual":0.12362637362637363,"EndSurvival":0.9954026615541296,"StartSurvival":0.9955937946709786,"EndDate":"07-FEB-2020"},{"StartDate":"07-FEB-2020","EffectiveRecovery":0.39999999999999997,"EffectiveNotional":1.0,"EffectiveDF":0.9984240066771499,"EffectiveAccrual":0.14285714285714285,"EndSurvival":0.9952115651308282,"StartSurvival":0.9954026615541296,"EndDate":"14-FEB-2020"},{"StartDate":"14-FEB-2020","EffectiveRecovery":0.39999999999999997,"EffectiveNotional":1.0,"EffectiveDF":0.9983537483041253,"EffectiveAccrual":0.1620879120879121,"EndSurvival":0.9950205053940301,"StartSurvival":0.9952115651308282,"EndDate":"21-FEB-2020"},{"StartDate":"21-FEB-2020","EffectiveRecovery":0.39999999999999997,"EffectiveNotional":1.0,"EffectiveDF":0.9982821464387769,"EffectiveAccrual":0.1813186813186813,"EndSurvival":0.9948294823366922,"StartSurvival":0.9950205053940301,"EndDate":"28-FEB-2020"},{"StartDate":"28-FEB-2020","EffectiveRecovery":0.39999999999999997,"EffectiveNotional":1.0,"EffectiveDF":0.9982091802354381,"EffectiveAccrual":0.20054945054945056,"EndSurvival":0.9946384959517729,"StartSurvival":0.9948294823366922,"EndDate":"06-MAR-2020"},{"StartDate":"06-MAR-2020","EffectiveRecovery":0.39999999999999997,"EffectiveNotional":1.0,"EffectiveDF":0.9981348288892014,"EffectiveAccrual":0.21978021978021978,"EndSurvival":0.9944475462322317,"StartSurvival":0.9946384959517729,"EndDate":"13-MAR-2020"},{"StartDate":"13-MAR-2020","EffectiveRecovery":0.39999999999999997,"EffectiveNotional":1.0,"EffectiveDF":0.9980590715951585,"EffectiveAccrual":0.23901098901098902,"EndSurvival":0.9942566331710299,"StartSurvival":0.9944475462322317,"EndDate":"20-MAR-2020"},{"StartDate":"20-MAR-2020","EffectiveRecovery":0.39999999999999997,"EffectiveNotional":1.0,"EffectiveDF":0.9979818875484019,"EffectiveAccrual":0.007978723404255319,"EndSurvival":0.9940130905248896,"StartSurvival":0.9942566331710299,"EndDate":"27-MAR-2020"},{"StartDate":"27-MAR-2020","EffectiveRecovery":0.39999999999999997,"EffectiveNotional":1.0,"EffectiveDF":0.9979032559440236,"EffectiveAccrual":0.02659574468085106,"EndSurvival":0.9937696075343941,"StartSurvival":0.9940130905248896,"EndDate":"03-APR-2020"},{"StartDate":"03-APR-2020","EffectiveRecovery":0.39999999999999997,"EffectiveNotional":1.0,"EffectiveDF":0.9978231559771158,"EffectiveAccrual":0.045212765957446804,"EndSurvival":0.9935261841849308,"StartSurvival":0.9937696075343941,"EndDate":"10-APR-2020"},{"StartDate":"10-APR-2020","EffectiveRecovery":0.39999999999999997,"EffectiveNotional":1.0,"EffectiveDF":0.997741566842771,"EffectiveAccrual":0.06382978723404255,"EndSurvival":0.9932828204618904,"StartSurvival":0.9935261841849308,"EndDate":"17-APR-2020"},{"StartDate":"17-APR-2020","EffectiveRecovery":0.39999999999999997,"EffectiveNotional":1.0,"EffectiveDF":0.9976584677360808,"EffectiveAccrual":0.08244680851063829,"EndSurvival":0.9930395163506678,"StartSurvival":0.9932828204618904,"EndDate":"24-APR-2020"},{"StartDate":"24-APR-2020","EffectiveRecovery":0.39999999999999997,"EffectiveNotional":1.0,"EffectiveDF":0.9975738378521378,"EffectiveAccrual":0.10106382978723404,"EndSurvival":0.9927962718366607,"StartSurvival":0.9930395163506678,"EndDate":"01-MAY-2020"},{"StartDate":"01-MAY-2020","EffectiveRecovery":0.39999999999999997,"EffectiveNotional":1.0,"EffectiveDF":0.9974876563860342,"EffectiveAccrual":0.11968085106382978,"EndSurvival":0.9925530869052713,"StartSurvival":0.9927962718366607,"EndDate":"08-MAY-2020"},{"StartDate":"08-MAY-2020","EffectiveRecovery":0.39999999999999997,"EffectiveNotional":1.0,"EffectiveDF":0.9973999025328619,"EffectiveAccrual":0.1382978723404255,"EndSurvival":0.9923099615419044,"StartSurvival":0.9925530869052713,"EndDate":"15-MAY-2020"},{"StartDate":"15-MAY-2020","EffectiveRecovery":0.39999999999999997,"EffectiveNotional":1.0,"EffectiveDF":0.9973105503560958,"EffectiveAccrual":0.15691489361702127,"EndSurvival":0.9920668957319692,"StartSurvival":0.9923099615419044,"EndDate":"22-MAY-2020"},{"StartDate":"22-MAY-2020","EffectiveRecovery":0.39999999999999997,"EffectiveNotional":1.0,"EffectiveDF":0.9972195163613158,"EffectiveAccrual":0.175531914893617,"EndSurvival":0.9918238894608778,"StartSurvival":0.9920668957319692,"EndDate":"29-MAY-2020"},{"StartDate":"29-MAY-2020","EffectiveRecovery":0.39999999999999997,"EffectiveNotional":1.0,"EffectiveDF":0.9971266505064502,"EffectiveAccrual":0.19414893617021275,"EndSurvival":0.9915809427140465,"StartSurvival":0.9918238894608778,"EndDate":"05-JUN-2020"},{"StartDate":"05-JUN-2020","EffectiveRecovery":0.39999999999999997,"EffectiveNotional":1.0,"EffectiveDF":0.9970317940529069,"EffectiveAccrual":0.21276595744680848,"EndSurvival":0.9913380554768947,"StartSurvival":0.9915809427140465,"EndDate":"12-JUN-2020"},{"StartDate":"12-JUN-2020","EffectiveRecovery":0.39999999999999997,"EffectiveNotional":1.0,"EffectiveDF":0.9969347882579049,"EffectiveAccrual":0.23138297872340424,"EndSurvival":0.9910952277348455,"StartSurvival":0.9913380554768947,"EndDate":"19-JUN-2020"},{"StartDate":"19-JUN-2020","EffectiveRecovery":0.4,"EffectiveNotional":1.0,"EffectiveDF":0.9968641933832607,"EffectiveAccrual":0.24468085106382975,"EndSurvival":0.9909911769117136,"StartSurvival":0.9910952277348455,"EndDate":"22-JUN-2020"},{"StartDate":"22-JUN-2020","EffectiveRecovery":0.39999999999999997,"EffectiveNotional":1.0,"EffectiveDF":0.9967921653925703,"EffectiveAccrual":0.008241758241758242,"EndSurvival":0.9907484341373889,"StartSurvival":0.9909911769117136,"EndDate":"29-JUN-2020"},{"StartDate":"29-JUN-2020","EffectiveRecovery":0.39999999999999997,"EffectiveNotional":1.0,"EffectiveDF":0.9966892788799994,"EffectiveAccrual":0.027472527472527472,"EndSurvival":0.9905057508227807,"StartSurvival":0.9907484341373889,"EndDate":"06-JUL-2020"},{"StartDate":"06-JUL-2020","EffectiveRecovery":0.39999999999999997,"EffectiveNotional":1.0,"EffectiveDF":0.9965836987650062,"EffectiveAccrual":0.046703296703296704,"EndSurvival":0.9902631269533244,"StartSurvival":0.9905057508227807,"EndDate":"13-JUL-2020"},{"StartDate":"13-JUL-2020","EffectiveRecovery":0.39999999999999997,"EffectiveNotional":1.0,"EffectiveDF":0.9964752663048103,"EffectiveAccrual":0.06593406593406594,"EndSurvival":0.990020562514459,"StartSurvival":0.9902631269533244,"EndDate":"20-JUL-2020"},{"StartDate":"20-JUL-2020","EffectiveRecovery":0.39999999999999997,"EffectiveNotional":1.0,"EffectiveDF":0.9963638227566305,"EffectiveAccrual":0.08516483516483517,"EndSurvival":0.9897780574916271,"StartSurvival":0.990020562514459,"EndDate":"27-JUL-2020"},{"StartDate":"27-JUL-2020","EffectiveRecovery":0.39999999999999997,"EffectiveNotional":1.0,"EffectiveDF":0.9962492093776857,"EffectiveAccrual":0.1043956043956044,"EndSurvival":0.9895356118702745,"StartSurvival":0.9897780574916271,"EndDate":"03-AUG-2020"},{"StartDate":"03-AUG-2020","EffectiveRecovery":0.39999999999999997,"EffectiveNotional":1.0,"EffectiveDF":0.9961312674251952,"EffectiveAccrual":0.12362637362637363,"EndSurvival":0.989293225635851,"StartSurvival":0.9895356118702745,"EndDate":"10-AUG-2020"},{"StartDate":"10-AUG-2020","EffectiveRecovery":0.39999999999999997,"EffectiveNotional":1.0,"EffectiveDF":0.9960098381984351,"EffectiveAccrual":0.14285714285714285,"EndSurvival":0.9890508987738098,"StartSurvival":0.989293225635851,"EndDate":"17-AUG-2020"},{"StartDate":"17-AUG-2020","EffectiveRecovery":0.39999999999999997,"EffectiveNotional":1.0,"EffectiveDF":0.9958847767915838,"EffectiveAccrual":0.1620879120879121,"EndSurvival":0.9888086312696077,"StartSurvival":0.9890508987738098,"EndDate":"24-AUG-2020"},{"StartDate":"24-AUG-2020","EffectiveRecovery":0.39999999999999997,"EffectiveNotional":1.0,"EffectiveDF":0.9957560123034179,"EffectiveAccrual":0.1813186813186813,"EndSurvival":0.9885664231087049,"StartSurvival":0.9888086312696077,"EndDate":"31-AUG-2020"},{"StartDate":"31-AUG-2020","EffectiveRecovery":0.39999999999999997,"EffectiveNotional":1.0,"EffectiveDF":0.9956235216774694,"EffectiveAccrual":0.20054945054945056,"EndSurvival":0.9883242742765654,"StartSurvival":0.9885664231087049,"EndDate":"07-SEP-2020"},{"StartDate":"07-SEP-2020","EffectiveRecovery":0.39999999999999997,"EffectiveNotional":1.0,"EffectiveDF":0.995487284658308,"EffectiveAccrual":0.21978021978021978,"EndSurvival":0.9880821847586567,"StartSurvival":0.9883242742765654,"EndDate":"14-SEP-2020"},{"StartDate":"14-SEP-2020","EffectiveRecovery":0.39999999999999997,"EffectiveNotional":1.0,"EffectiveDF":0.995347280990504,"EffectiveAccrual":0.23901098901098902,"EndSurvival":0.9878251494458676,"StartSurvival":0.9880821847586567,"EndDate":"21-SEP-2020"},{"StartDate":"21-SEP-2020","EffectiveRecovery":0.39999999999999997,"EffectiveNotional":1.0,"EffectiveDF":0.9952034904186269,"EffectiveAccrual":0.008241758241758242,"EndSurvival":0.9874781786348089,"StartSurvival":0.9878251494458676,"EndDate":"28-SEP-2020"},{"StartDate":"28-SEP-2020","EffectiveRecovery":0.39999999999999997,"EffectiveNotional":1.0,"EffectiveDF":0.9950558926872471,"EffectiveAccrual":0.027472527472527472,"EndSurvival":0.9871313296962737,"StartSurvival":0.9874781786348089,"EndDate":"05-OCT-2020"},{"StartDate":"05-OCT-2020","EffectiveRecovery":0.39999999999999997,"EffectiveNotional":1.0,"EffectiveDF":0.9949044675409342,"EffectiveAccrual":0.046703296703296704,"EndSurvival":0.9867846025874546,"StartSurvival":0.9871313296962737,"EndDate":"12-OCT-2020"},{"StartDate":"12-OCT-2020","EffectiveRecovery":0.39999999999999997,"EffectiveNotional":1.0,"EffectiveDF":0.9947491947242583,"EffectiveAccrual":0.06593406593406594,"EndSurvival":0.9864379972655593,"StartSurvival":0.9867846025874546,"EndDate":"19-OCT-2020"},{"StartDate":"19-OCT-2020","EffectiveRecovery":0.39999999999999997,"EffectiveNotional":1.0,"EffectiveDF":0.994590053981789,"EffectiveAccrual":0.08516483516483517,"EndSurvival":0.9860915136878103,"StartSurvival":0.9864379972655593,"EndDate":"26-OCT-2020"},{"StartDate":"26-OCT-2020","EffectiveRecovery":0.39999999999999997,"EffectiveNotional":1.0,"EffectiveDF":0.9944270250580967,"EffectiveAccrual":0.1043956043956044,"EndSurvival":0.9857451518114456,"StartSurvival":0.9860915136878103,"EndDate":"02-NOV-2020"},{"StartDate":"02-NOV-2020","EffectiveRecovery":0.39999999999999997,"EffectiveNotional":1.0,"EffectiveDF":0.9942600876977508,"EffectiveAccrual":0.12362637362637363,"EndSurvival":0.9853989115937177,"StartSurvival":0.9857451518114456,"EndDate":"09-NOV-2020"},{"StartDate":"09-NOV-2020","EffectiveRecovery":0.39999999999999997,"EffectiveNotional":1.0,"EffectiveDF":0.9940892216392677,"EffectiveAccrual":0.14285714285714285,"EndSurvival":0.9850527929918945,"StartSurvival":0.9853989115937177,"EndDate":"16-NOV-2020"},{"StartDate":"16-NOV-2020","EffectiveRecovery":0.39999999999999997,"EffectiveNotional":1.0,"EffectiveDF":0.9939144046355012,"EffectiveAccrual":0.1620879120879121,"EndSurvival":0.9847067959632586,"StartSurvival":0.9850527929918945,"EndDate":"23-NOV-2020"},{"StartDate":"23-NOV-2020","EffectiveRecovery":0.39999999999999997,"EffectiveNotional":1.0,"EffectiveDF":0.9937356037869529,"EffectiveAccrual":0.1813186813186813,"EndSurvival":0.9843609204651079,"StartSurvival":0.9847067959632586,"EndDate":"30-NOV-2020"},{"StartDate":"30-NOV-2020","EffectiveRecovery":0.39999999999999997,"EffectiveNotional":1.0,"EffectiveDF":0.9935527793072676,"EffectiveAccrual":0.20054945054945056,"EndSurvival":0.9840151664547552,"StartSurvival":0.9843609204651079,"EndDate":"07-DEC-2020"},{"StartDate":"07-DEC-2020","EffectiveRecovery":0.39999999999999997,"EffectiveNotional":1.0,"EffectiveDF":0.9933658910069024,"EffectiveAccrual":0.21978021978021978,"EndSurvival":0.983669533889528,"StartSurvival":0.9840151664547552,"EndDate":"14-DEC-2020"},{"StartDate":"14-DEC-2020","EffectiveRecovery":0.39999999999999997,"EffectiveNotional":1.0,"EffectiveDF":0.9931748986963154,"EffectiveAccrual":0.23901098901098902,"EndSurvival":0.9833240227267692,"StartSurvival":0.983669533889528,"EndDate":"21-DEC-2020"},{"StartDate":"21-DEC-2020","EffectiveRecovery":0.39999999999999997,"EffectiveNotional":1.0,"EffectiveDF":0.9929797621859642,"EffectiveAccrual":0.008241758241758242,"EndSurvival":0.9829786329238366,"StartSurvival":0.9833240227267692,"EndDate":"28-DEC-2020"},{"StartDate":"28-DEC-2020","EffectiveRecovery":0.39999999999999997,"EffectiveNotional":1.0,"EffectiveDF":0.9927804412863064,"EffectiveAccrual":0.027472527472527472,"EndSurvival":0.9826333644381028,"StartSurvival":0.9829786329238366,"EndDate":"04-JAN-2021"},{"StartDate":"04-JAN-2021","EffectiveRecovery":0.39999999999999997,"EffectiveNotional":1.0,"EffectiveDF":0.9925768958078,"EffectiveAccrual":0.046703296703296704,"EndSurvival":0.9822882172269555,"StartSurvival":0.9826333644381028,"EndDate":"11-JAN-2021"},{"StartDate":"11-JAN-2021","EffectiveRecovery":0.39999999999999997,"EffectiveNotional":1.0,"EffectiveDF":0.9923690855609028,"EffectiveAccrual":0.06593406593406594,"EndSurvival":0.9819431912477973,"StartSurvival":0.9822882172269555,"EndDate":"18-JAN-2021"},{"StartDate":"18-JAN-2021","EffectiveRecovery":0.39999999999999997,"EffectiveNotional":1.0,"EffectiveDF":0.9921569703560723,"EffectiveAccrual":0.08516483516483517,"EndSurvival":0.9815982864580458,"StartSurvival":0.9819431912477973,"EndDate":"25-JAN-2021"},{"StartDate":"25-JAN-2021","EffectiveRecovery":0.39999999999999997,"EffectiveNotional":1.0,"EffectiveDF":0.9919405100037665,"EffectiveAccrual":0.1043956043956044,"EndSurvival":0.9812535028151337,"StartSurvival":0.9815982864580458,"EndDate":"01-FEB-2021"},{"StartDate":"01-FEB-2021","EffectiveRecovery":0.39999999999999997,"EffectiveNotional":1.0,"EffectiveDF":0.9917196643144428,"EffectiveAccrual":0.12362637362637363,"EndSurvival":0.9809088402765084,"StartSurvival":0.9812535028151337,"EndDate":"08-FEB-2021"},{"StartDate":"08-FEB-2021","EffectiveRecovery":0.39999999999999997,"EffectiveNotional":1.0,"EffectiveDF":0.9914943931567117,"EffectiveAccrual":0.14285714285714285,"EndSurvival":0.9805642987996324,"StartSurvival":0.9809088402765084,"EndDate":"15-FEB-2021"},{"StartDate":"15-FEB-2021","EffectiveRecovery":0.39999999999999997,"EffectiveNotional":1.0,"EffectiveDF":0.9912646626796502,"EffectiveAccrual":0.1620879120879121,"EndSurvival":0.980219878341983,"StartSurvival":0.9805642987996324,"EndDate":"22-FEB-2021"},{"StartDate":"22-FEB-2021","EffectiveRecovery":0.39999999999999997,"EffectiveNotional":1.0,"EffectiveDF":0.9910304631901649,"EffectiveAccrual":0.1813186813186813,"EndSurvival":0.9798755788610526,"StartSurvival":0.980219878341983,"EndDate":"01-MAR-2021"},{"StartDate":"01-MAR-2021","EffectiveRecovery":0.39999999999999997,"EffectiveNotional":1.0,"EffectiveDF":0.9907917966308246,"EffectiveAccrual":0.20054945054945056,"EndSurvival":0.9795314003143485,"StartSurvival":0.9798755788610526,"EndDate":"08-MAR-2021"},{"StartDate":"08-MAR-2021","EffectiveRecovery":0.39999999999999997,"EffectiveNotional":1.0,"EffectiveDF":0.99054866536419,"EffectiveAccrual":0.21978021978021978,"EndSurvival":0.9791873426593929,"StartSurvival":0.9795314003143485,"EndDate":"15-MAR-2021"},{"StartDate":"15-MAR-2021","EffectiveRecovery":0.39999999999999997,"EffectiveNotional":1.0,"EffectiveDF":0.99030107175282,"EffectiveAccrual":0.23901098901098902,"EndSurvival":0.9788434058537229,"StartSurvival":0.9791873426593929,"EndDate":"22-MAR-2021"},{"StartDate":"22-MAR-2021","EffectiveRecovery":0.39999999999999997,"EffectiveNotional":1.0,"EffectiveDF":0.9900490181592747,"EffectiveAccrual":0.008241758241758242,"EndSurvival":0.9784995898548904,"StartSurvival":0.9788434058537229,"EndDate":"29-MAR-2021"},{"StartDate":"29-MAR-2021","EffectiveRecovery":0.39999999999999997,"EffectiveNotional":1.0,"EffectiveDF":0.9897925069461134,"EffectiveAccrual":0.027472527472527472,"EndSurvival":0.9781558946204625,"StartSurvival":0.9784995898548904,"EndDate":"05-APR-2021"},{"StartDate":"05-APR-2021","EffectiveRecovery":0.39999999999999997,"EffectiveNotional":1.0,"EffectiveDF":0.9895315404758962,"EffectiveAccrual":0.046703296703296704,"EndSurvival":0.977812320108021,"StartSurvival":0.9781558946204625,"EndDate":"12-APR-2021"},{"StartDate":"12-APR-2021","EffectiveRecovery":0.39999999999999997,"EffectiveNotional":1.0,"EffectiveDF":0.9892661211111827,"EffectiveAccrual":0.06593406593406594,"EndSurvival":0.9774688662751627,"StartSurvival":0.977812320108021,"EndDate":"19-APR-2021"},{"StartDate":"19-APR-2021","EffectiveRecovery":0.39999999999999997,"EffectiveNotional":1.0,"EffectiveDF":0.9889962512145325,"EffectiveAccrual":0.08516483516483517,"EndSurvival":0.9771255330794991,"StartSurvival":0.9774688662751627,"EndDate":"26-APR-2021"},{"StartDate":"26-APR-2021","EffectiveRecovery":0.39999999999999997,"EffectiveNotional":1.0,"EffectiveDF":0.9887219331485054,"EffectiveAccrual":0.1043956043956044,"EndSurvival":0.9767823204786568,"StartSurvival":0.9771255330794991,"EndDate":"03-MAY-2021"},{"StartDate":"03-MAY-2021","EffectiveRecovery":0.39999999999999997,"EffectiveNotional":1.0,"EffectiveDF":0.9884431692756611,"EffectiveAccrual":0.12362637362637363,"EndSurvival":0.9764392284302772,"StartSurvival":0.9767823204786568,"EndDate":"10-MAY-2021"},{"StartDate":"10-MAY-2021","EffectiveRecovery":0.39999999999999997,"EffectiveNotional":1.0,"EffectiveDF":0.9881599620604465,"EffectiveAccrual":0.14285714285714285,"EndSurvival":0.9760962568920165,"StartSurvival":0.9764392284302772,"EndDate":"17-MAY-2021"},{"StartDate":"17-MAY-2021","EffectiveRecovery":0.39999999999999997,"EffectiveNotional":1.0,"EffectiveDF":0.9878723473863399,"EffectiveAccrual":0.1620879120879121,"EndSurvival":0.975753405821546,"StartSurvival":0.9760962568920165,"EndDate":"24-MAY-2021"},{"StartDate":"24-MAY-2021","EffectiveRecovery":0.39999999999999997,"EffectiveNotional":1.0,"EffectiveDF":0.987580540417696,"EffectiveAccrual":0.1813186813186813,"EndSurvival":0.9754106751765518,"StartSurvival":0.975753405821546,"EndDate":"31-MAY-2021"},{"StartDate":"31-MAY-2021","EffectiveRecovery":0.39999999999999997,"EffectiveNotional":1.0,"EffectiveDF":0.9872848722258517,"EffectiveAccrual":0.20054945054945056,"EndSurvival":0.9750680649147345,"StartSurvival":0.9754106751765518,"EndDate":"07-JUN-2021"},{"StartDate":"07-JUN-2021","EffectiveRecovery":0.39999999999999997,"EffectiveNotional":1.0,"EffectiveDF":0.9869856806678365,"EffectiveAccrual":0.21978021978021978,"EndSurvival":0.9747255749938101,"StartSurvival":0.9750680649147345,"EndDate":"14-JUN-2021"},{"StartDate":"14-JUN-2021","EffectiveRecovery":0.39999999999999997,"EffectiveNotional":1.0,"EffectiveDF":0.9866833036006808,"EffectiveAccrual":0.23901098901098902,"EndSurvival":0.974383205371509,"StartSurvival":0.9747255749938101,"EndDate":"21-JUN-2021"},{"StartDate":"21-JUN-2021","EffectiveRecovery":0.39999999999999997,"EffectiveNotional":1.0,"EffectiveDF":0.9863780788814148,"EffectiveAccrual":0.008241758241758242,"EndSurvival":0.9740409560055768,"StartSurvival":0.974383205371509,"EndDate":"28-JUN-2021"},{"StartDate":"28-JUN-2021","EffectiveRecovery":0.39999999999999997,"EffectiveNotional":1.0,"EffectiveDF":0.9860703443670682,"EffectiveAccrual":0.027472527472527472,"EndSurvival":0.9736988268537737,"StartSurvival":0.9740409560055768,"EndDate":"05-JUL-2021"},{"StartDate":"05-JUL-2021","EffectiveRecovery":0.39999999999999997,"EffectiveNotional":1.0,"EffectiveDF":0.9857604379146713,"EffectiveAccrual":0.046703296703296704,"EndSurvival":0.973356817873875,"StartSurvival":0.9736988268537737,"EndDate":"12-JUL-2021"},{"StartDate":"12-JUL-2021","EffectiveRecovery":0.39999999999999997,"EffectiveNotional":1.0,"EffectiveDF":0.985448697381254,"EffectiveAccrual":0.06593406593406594,"EndSurvival":0.9730149290236704,"StartSurvival":0.973356817873875,"EndDate":"19-JUL-2021"},{"StartDate":"19-JUL-2021","EffectiveRecovery":0.39999999999999997,"EffectiveNotional":1.0,"EffectiveDF":0.9851354606238464,"EffectiveAccrual":0.08516483516483517,"EndSurvival":0.9726731602609647,"StartSurvival":0.9730149290236704,"EndDate":"26-JUL-2021"},{"StartDate":"26-JUL-2021","EffectiveRecovery":0.39999999999999997,"EffectiveNotional":1.0,"EffectiveDF":0.9848210654994788,"EffectiveAccrual":0.1043956043956044,"EndSurvival":0.9723315115435778,"StartSurvival":0.9726731602609647,"EndDate":"02-AUG-2021"},{"StartDate":"02-AUG-2021","EffectiveRecovery":0.39999999999999997,"EffectiveNotional":1.0,"EffectiveDF":0.984505849865181,"EffectiveAccrual":0.12362637362637363,"EndSurvival":0.9719899828293439,"StartSurvival":0.9723315115435778,"EndDate":"09-AUG-2021"},{"StartDate":"09-AUG-2021","EffectiveRecovery":0.39999999999999997,"EffectiveNotional":1.0,"EffectiveDF":0.9837777713180841,"EffectiveAccrual":0.14285714285714285,"EndSurvival":0.9716485740761122,"StartSurvival":0.9719899828293439,"EndDate":"16-AUG-2021"},{"StartDate":"16-AUG-2021","EffectiveRecovery":0.39999999999999997,"EffectiveNotional":1.0,"EffectiveDF":0.9777033762107714,"EffectiveAccrual":0.1620879120879121,"EndSurvival":0.9713072852417467,"StartSurvival":0.9716485740761122,"EndDate":"23-AUG-2021"},{"StartDate":"23-AUG-2021","EffectiveRecovery":0.39999999999999997,"EffectiveNotional":1.0,"EffectiveDF":0.9770074290713898,"EffectiveAccrual":0.1813186813186813,"EndSurvival":0.9709661162841264,"StartSurvival":0.9713072852417467,"EndDate":"30-AUG-2021"},{"StartDate":"30-AUG-2021","EffectiveRecovery":0.39999999999999997,"EffectiveNotional":1.0,"EffectiveDF":0.9767221433300646,"EffectiveAccrual":0.20054945054945056,"EndSurvival":0.9706250671611449,"StartSurvival":0.9709661162841264,"EndDate":"06-SEP-2021"},{"StartDate":"06-SEP-2021","EffectiveRecovery":0.39999999999999997,"EffectiveNotional":1.0,"EffectiveDF":0.976434810978106,"EffectiveAccrual":0.21978021978021978,"EndSurvival":0.9702841378307105,"StartSurvival":0.9706250671611449,"EndDate":"13-SEP-2021"},{"StartDate":"13-SEP-2021","EffectiveRecovery":0.39999999999999997,"EffectiveNotional":1.0,"EffectiveDF":0.976145413458164,"EffectiveAccrual":0.23901098901098902,"EndSurvival":0.9699433282507466,"StartSurvival":0.9702841378307105,"EndDate":"20-SEP-2021"},{"StartDate":"20-SEP-2021","EffectiveRecovery":0.39999999999999997,"EffectiveNotional":1.0,"EffectiveDF":0.9758539322128879,"EffectiveAccrual":0.008241758241758242,"EndSurvival":0.9695322868536175,"StartSurvival":0.9699433282507466,"EndDate":"27-SEP-2021"},{"StartDate":"27-SEP-2021","EffectiveRecovery":0.39999999999999997,"EffectiveNotional":1.0,"EffectiveDF":0.9755603486849275,"EffectiveAccrual":0.027472527472527472,"EndSurvival":0.9691214196471089,"StartSurvival":0.9695322868536175,"EndDate":"04-OCT-2021"},{"StartDate":"04-OCT-2021","EffectiveRecovery":0.39999999999999997,"EffectiveNotional":1.0,"EffectiveDF":0.9752646443169327,"EffectiveAccrual":0.046703296703296704,"EndSurvival":0.9687107265574024,"StartSurvival":0.9691214196471089,"EndDate":"11-OCT-2021"},{"StartDate":"11-OCT-2021","EffectiveRecovery":0.39999999999999997,"EffectiveNotional":1.0,"EffectiveDF":0.9749668005515526,"EffectiveAccrual":0.06593406593406594,"EndSurvival":0.9683002075107111,"StartSurvival":0.9687107265574024,"EndDate":"18-OCT-2021"},{"StartDate":"18-OCT-2021","EffectiveRecovery":0.39999999999999997,"EffectiveNotional":1.0,"EffectiveDF":0.9746667988314377,"EffectiveAccrual":0.08516483516483517,"EndSurvival":0.9678898624332792,"StartSurvival":0.9683002075107111,"EndDate":"25-OCT-2021"},{"StartDate":"25-OCT-2021","EffectiveRecovery":0.39999999999999997,"EffectiveNotional":1.0,"EffectiveDF":0.9743646205992373,"EffectiveAccrual":0.1043956043956044,"EndSurvival":0.9674796912513823,"StartSurvival":0.9678898624332792,"EndDate":"01-NOV-2021"},{"StartDate":"01-NOV-2021","EffectiveRecovery":0.39999999999999997,"EffectiveNotional":1.0,"EffectiveDF":0.974060247297601,"EffectiveAccrual":0.12362637362637363,"EndSurvival":0.9670696938913271,"StartSurvival":0.9674796912513823,"EndDate":"08-NOV-2021"},{"StartDate":"08-NOV-2021","EffectiveRecovery":0.39999999999999997,"EffectiveNotional":1.0,"EffectiveDF":0.9737536603691785,"EffectiveAccrual":0.14285714285714285,"EndSurvival":0.9666598702794517,"StartSurvival":0.9670696938913271,"EndDate":"15-NOV-2021"},{"StartDate":"15-NOV-2021","EffectiveRecovery":0.39999999999999997,"EffectiveNotional":1.0,"EffectiveDF":0.9734448412566197,"EffectiveAccrual":0.1620879120879121,"EndSurvival":0.966250220342125,"StartSurvival":0.9666598702794517,"EndDate":"22-NOV-2021"},{"StartDate":"22-NOV-2021","EffectiveRecovery":0.39999999999999997,"EffectiveNotional":1.0,"EffectiveDF":0.9731337714025742,"EffectiveAccrual":0.1813186813186813,"EndSurvival":0.9658407440057477,"StartSurvival":0.966250220342125,"EndDate":"29-NOV-2021"},{"StartDate":"29-NOV-2021","EffectiveRecovery":0.39999999999999997,"EffectiveNotional":1.0,"EffectiveDF":0.9728204322496917,"EffectiveAccrual":0.20054945054945056,"EndSurvival":0.9654314411967514,"StartSurvival":0.9658407440057477,"EndDate":"06-DEC-2021"},{"StartDate":"06-DEC-2021","EffectiveRecovery":0.39999999999999997,"EffectiveNotional":1.0,"EffectiveDF":0.972504805240622,"EffectiveAccrual":0.21978021978021978,"EndSurvival":0.9650223118415987,"StartSurvival":0.9654314411967514,"EndDate":"13-DEC-2021"},{"StartDate":"13-DEC-2021","EffectiveRecovery":0.39999999999999997,"EffectiveNotional":1.0,"EffectiveDF":0.9721868718180146,"EffectiveAccrual":0.23901098901098902,"EndSurvival":0.9646133558667838,"StartSurvival":0.9650223118415987,"EndDate":"20-DEC-2021"},{"StartDate":"20-DEC-2021","EffectiveRecovery":0.39999999999999997,"EffectiveNotional":1.0,"EffectiveDF":0.9718666134245193,"EffectiveAccrual":0.008241758241758242,"EndSurvival":0.9642045731988315,"StartSurvival":0.9646133558667838,"EndDate":"27-DEC-2021"},{"StartDate":"27-DEC-2021","EffectiveRecovery":0.39999999999999997,"EffectiveNotional":1.0,"EffectiveDF":0.9715440115027859,"EffectiveAccrual":0.027472527472527472,"EndSurvival":0.9637959637642982,"StartSurvival":0.9642045731988315,"EndDate":"03-JAN-2022"},{"StartDate":"03-JAN-2022","EffectiveRecovery":0.39999999999999997,"EffectiveNotional":1.0,"EffectiveDF":0.9712190474954638,"EffectiveAccrual":0.046703296703296704,"EndSurvival":0.9633875274897712,"StartSurvival":0.9637959637642982,"EndDate":"10-JAN-2022"},{"StartDate":"10-JAN-2022","EffectiveRecovery":0.39999999999999997,"EffectiveNotional":1.0,"EffectiveDF":0.9708917028452031,"EffectiveAccrual":0.06593406593406594,"EndSurvival":0.962979264301869,"StartSurvival":0.9633875274897712,"EndDate":"17-JAN-2022"},{"StartDate":"17-JAN-2022","EffectiveRecovery":0.39999999999999997,"EffectiveNotional":1.0,"EffectiveDF":0.9705619589946533,"EffectiveAccrual":0.08516483516483517,"EndSurvival":0.9625711741272411,"StartSurvival":0.962979264301869,"EndDate":"24-JAN-2022"},{"StartDate":"24-JAN-2022","EffectiveRecovery":0.39999999999999997,"EffectiveNotional":1.0,"EffectiveDF":0.9702297973864639,"EffectiveAccrual":0.1043956043956044,"EndSurvival":0.9621632568925683,"StartSurvival":0.9625711741272411,"EndDate":"31-JAN-2022"},{"StartDate":"31-JAN-2022","EffectiveRecovery":0.39999999999999997,"EffectiveNotional":1.0,"EffectiveDF":0.969895199463285,"EffectiveAccrual":0.12362637362637363,"EndSurvival":0.9617555125245622,"StartSurvival":0.9621632568925683,"EndDate":"07-FEB-2022"},{"StartDate":"07-FEB-2022","EffectiveRecovery":0.39999999999999997,"EffectiveNotional":1.0,"EffectiveDF":0.9695581466677657,"EffectiveAccrual":0.14285714285714285,"EndSurvival":0.9613479409499655,"StartSurvival":0.9617555125245622,"EndDate":"14-FEB-2022"},{"StartDate":"14-FEB-2022","EffectiveRecovery":0.39999999999999997,"EffectiveNotional":1.0,"EffectiveDF":0.9692186204425564,"EffectiveAccrual":0.1620879120879121,"EndSurvival":0.9609405420955521,"StartSurvival":0.9613479409499655,"EndDate":"21-FEB-2022"},{"StartDate":"21-FEB-2022","EffectiveRecovery":0.39999999999999997,"EffectiveNotional":1.0,"EffectiveDF":0.9688766022303064,"EffectiveAccrual":0.1813186813186813,"EndSurvival":0.960533315888127,"StartSurvival":0.9609405420955521,"EndDate":"28-FEB-2022"},{"StartDate":"28-FEB-2022","EffectiveRecovery":0.39999999999999997,"EffectiveNotional":1.0,"EffectiveDF":0.9685320734736654,"EffectiveAccrual":0.20054945054945056,"EndSurvival":0.9601262622545258,"StartSurvival":0.960533315888127,"EndDate":"07-MAR-2022"},{"StartDate":"07-MAR-2022","EffectiveRecovery":0.39999999999999997,"EffectiveNotional":1.0,"EffectiveDF":0.9681850156152831,"EffectiveAccrual":0.21978021978021978,"EndSurvival":0.9597193811216155,"StartSurvival":0.9601262622545258,"EndDate":"14-MAR-2022"},{"StartDate":"14-MAR-2022","EffectiveRecovery":0.39999999999999997,"EffectiveNotional":1.0,"EffectiveDF":0.9678354100978095,"EffectiveAccrual":0.23901098901098902,"EndSurvival":0.959312672416294,"StartSurvival":0.9597193811216155,"EndDate":"21-MAR-2022"},{"StartDate":"21-MAR-2022","EffectiveRecovery":0.39999999999999997,"EffectiveNotional":1.0,"EffectiveDF":0.9674832383638938,"EffectiveAccrual":0.008241758241758242,"EndSurvival":0.9589061360654901,"StartSurvival":0.959312672416294,"EndDate":"28-MAR-2022"},{"StartDate":"28-MAR-2022","EffectiveRecovery":0.39999999999999997,"EffectiveNotional":1.0,"EffectiveDF":0.9671284818561862,"EffectiveAccrual":0.027472527472527472,"EndSurvival":0.9584997719961637,"StartSurvival":0.9589061360654901,"EndDate":"04-APR-2022"},{"StartDate":"04-APR-2022","EffectiveRecovery":0.39999999999999997,"EffectiveNotional":1.0,"EffectiveDF":0.9667711220173362,"EffectiveAccrual":0.046703296703296704,"EndSurvival":0.9580935801353054,"StartSurvival":0.9584997719961637,"EndDate":"11-APR-2022"},{"StartDate":"11-APR-2022","EffectiveRecovery":0.39999999999999997,"EffectiveNotional":1.0,"EffectiveDF":0.9664111402899933,"EffectiveAccrual":0.06593406593406594,"EndSurvival":0.9576875604099371,"StartSurvival":0.9580935801353054,"EndDate":"18-APR-2022"},{"StartDate":"18-APR-2022","EffectiveRecovery":0.39999999999999997,"EffectiveNotional":1.0,"EffectiveDF":0.9660485181168074,"EffectiveAccrual":0.08516483516483517,"EndSurvival":0.9572817127471114,"StartSurvival":0.9576875604099371,"EndDate":"25-APR-2022"},{"StartDate":"25-APR-2022","EffectiveRecovery":0.39999999999999997,"EffectiveNotional":1.0,"EffectiveDF":0.9656832369404282,"EffectiveAccrual":0.1043956043956044,"EndSurvival":0.9568760370739117,"StartSurvival":0.9572817127471114,"EndDate":"02-MAY-2022"},{"StartDate":"02-MAY-2022","EffectiveRecovery":0.39999999999999997,"EffectiveNotional":1.0,"EffectiveDF":0.9653152782035052,"EffectiveAccrual":0.12362637362637363,"EndSurvival":0.9564705333174525,"StartSurvival":0.9568760370739117,"EndDate":"09-MAY-2022"},{"StartDate":"09-MAY-2022","EffectiveRecovery":0.39999999999999997,"EffectiveNotional":1.0,"EffectiveDF":0.9649446233486882,"EffectiveAccrual":0.14285714285714285,"EndSurvival":0.9560652014048792,"StartSurvival":0.9564705333174525,"EndDate":"16-MAY-2022"},{"StartDate":"16-MAY-2022","EffectiveRecovery":0.39999999999999997,"EffectiveNotional":1.0,"EffectiveDF":0.9645712538186271,"EffectiveAccrual":0.1620879120879121,"EndSurvival":0.9556600412633679,"StartSurvival":0.9560652014048792,"EndDate":"23-MAY-2022"},{"StartDate":"23-MAY-2022","EffectiveRecovery":0.39999999999999997,"EffectiveNotional":1.0,"EffectiveDF":0.9641951510559713,"EffectiveAccrual":0.1813186813186813,"EndSurvival":0.9552550528201258,"StartSurvival":0.9556600412633679,"EndDate":"30-MAY-2022"},{"StartDate":"30-MAY-2022","EffectiveRecovery":0.39999999999999997,"EffectiveNotional":1.0,"EffectiveDF":0.9638162965033709,"EffectiveAccrual":0.20054945054945056,"EndSurvival":0.9548502360023908,"StartSurvival":0.9552550528201258,"EndDate":"06-JUN-2022"},{"StartDate":"06-JUN-2022","EffectiveRecovery":0.39999999999999997,"EffectiveNotional":1.0,"EffectiveDF":0.9634346716034751,"EffectiveAccrual":0.21978021978021978,"EndSurvival":0.9544455907374316,"StartSurvival":0.9548502360023908,"EndDate":"13-JUN-2022"},{"StartDate":"13-JUN-2022","EffectiveRecovery":0.39999999999999997,"EffectiveNotional":1.0,"EffectiveDF":0.9630502577989339,"EffectiveAccrual":0.23901098901098902,"EndSurvival":0.9540411169525478,"StartSurvival":0.9544455907374316,"EndDate":"20-JUN-2022"},{"StartDate":"20-JUN-2022","EffectiveRecovery":0.39999999999999997,"EffectiveNotional":1.0,"EffectiveDF":0.9626630365323969,"EffectiveAccrual":0.008152173913043478,"EndSurvival":0.9536368145750697,"StartSurvival":0.9540411169525478,"EndDate":"27-JUN-2022"},{"StartDate":"27-JUN-2022","EffectiveRecovery":0.39999999999999997,"EffectiveNotional":1.0,"EffectiveDF":0.9622729892465138,"EffectiveAccrual":0.02717391304347826,"EndSurvival":0.9532326835323586,"StartSurvival":0.9536368145750697,"EndDate":"04-JUL-2022"},{"StartDate":"04-JUL-2022","EffectiveRecovery":0.39999999999999997,"EffectiveNotional":1.0,"EffectiveDF":0.9618800973839345,"EffectiveAccrual":0.04619565217391305,"EndSurvival":0.9528287237518064,"StartSurvival":0.9532326835323586,"EndDate":"11-JUL-2022"},{"StartDate":"11-JUL-2022","EffectiveRecovery":0.39999999999999997,"EffectiveNotional":1.0,"EffectiveDF":0.9614843423873085,"EffectiveAccrual":0.06521739130434782,"EndSurvival":0.9524249351608358,"StartSurvival":0.9528287237518064,"EndDate":"18-JUL-2022"},{"StartDate":"18-JUL-2022","EffectiveRecovery":0.39999999999999997,"EffectiveNotional":1.0,"EffectiveDF":0.9610857056992852,"EffectiveAccrual":0.08423913043478261,"EndSurvival":0.9520213176869005,"StartSurvival":0.9524249351608358,"EndDate":"25-JUL-2022"},{"StartDate":"25-JUL-2022","EffectiveRecovery":0.39999999999999997,"EffectiveNotional":1.0,"EffectiveDF":0.9606841687625151,"EffectiveAccrual":0.1032608695652174,"EndSurvival":0.9516178712574844,"StartSurvival":0.9520213176869005,"EndDate":"01-AUG-2022"},{"StartDate":"01-AUG-2022","EffectiveRecovery":0.39999999999999997,"EffectiveNotional":1.0,"EffectiveDF":0.9602797130196471,"EffectiveAccrual":0.12228260869565219,"EndSurvival":0.9512145958001027,"StartSurvival":0.9516178712574844,"EndDate":"08-AUG-2022"},{"StartDate":"08-AUG-2022","EffectiveRecovery":0.39999999999999997,"EffectiveNotional":1.0,"EffectiveDF":0.9598723199133312,"EffectiveAccrual":0.14130434782608695,"EndSurvival":0.9508114912423009,"StartSurvival":0.9512145958001027,"EndDate":"15-AUG-2022"},{"StartDate":"15-AUG-2022","EffectiveRecovery":0.39999999999999997,"EffectiveNotional":1.0,"EffectiveDF":0.9594619708862172,"EffectiveAccrual":0.16032608695652176,"EndSurvival":0.9504085575116556,"StartSurvival":0.9508114912423009,"EndDate":"22-AUG-2022"},{"StartDate":"22-AUG-2022","EffectiveRecovery":0.39999999999999997,"EffectiveNotional":1.0,"EffectiveDF":0.9590486473809549,"EffectiveAccrual":0.1793478260869565,"EndSurvival":0.9500057945357737,"StartSurvival":0.9504085575116556,"EndDate":"29-AUG-2022"},{"StartDate":"29-AUG-2022","EffectiveRecovery":0.39999999999999997,"EffectiveNotional":1.0,"EffectiveDF":0.9586323308401936,"EffectiveAccrual":0.19836956521739132,"EndSurvival":0.9496032022422931,"StartSurvival":0.9500057945357737,"EndDate":"05-SEP-2022"},{"StartDate":"05-SEP-2022","EffectiveRecovery":0.39999999999999997,"EffectiveNotional":1.0,"EffectiveDF":0.9582130027065832,"EffectiveAccrual":0.21739130434782608,"EndSurvival":0.9492007805588821,"StartSurvival":0.9496032022422931,"EndDate":"12-SEP-2022"},{"StartDate":"12-SEP-2022","EffectiveRecovery":0.39999999999999997,"EffectiveNotional":1.0,"EffectiveDF":0.9577906444227734,"EffectiveAccrual":0.2364130434782609,"EndSurvival":0.9487985294132399,"StartSurvival":0.9492007805588821,"EndDate":"19-SEP-2022"},{"StartDate":"19-SEP-2022","EffectiveRecovery":0.4,"EffectiveNotional":1.0,"EffectiveDF":0.957548085302155,"EffectiveAccrual":0.2472826086956522,"EndSurvival":0.9487410788810986,"StartSurvival":0.9487985294132399,"EndDate":"20-SEP-2022"},{"StartDate":"20-SEP-2022","EffectiveRecovery":0.39999999999999997,"EffectiveNotional":1.0,"EffectiveDF":0.9573042150479298,"EffectiveAccrual":0.008241758241758242,"EndSurvival":0.9481814463085952,"StartSurvival":0.9487410788810986,"EndDate":"27-SEP-2022"},{"StartDate":"27-SEP-2022","EffectiveRecovery":0.39999999999999997,"EffectiveNotional":1.0,"EffectiveDF":0.9568753010960845,"EffectiveAccrual":0.027472527472527472,"EndSurvival":0.9476221438457743,"StartSurvival":0.9481814463085952,"EndDate":"04-OCT-2022"},{"StartDate":"04-OCT-2022","EffectiveRecovery":0.39999999999999997,"EffectiveNotional":1.0,"EffectiveDF":0.956443298670939,"EffectiveAccrual":0.046703296703296704,"EndSurvival":0.9470631712979143,"StartSurvival":0.9476221438457743,"EndDate":"11-OCT-2022"},{"StartDate":"11-OCT-2022","EffectiveRecovery":0.39999999999999997,"EffectiveNotional":1.0,"EffectiveDF":0.9560081892151426,"EffectiveAccrual":0.06593406593406594,"EndSurvival":0.9465045284704089,"StartSurvival":0.9470631712979143,"EndDate":"18-OCT-2022"},{"StartDate":"18-OCT-2022","EffectiveRecovery":0.39999999999999997,"EffectiveNotional":1.0,"EffectiveDF":0.9555699541713455,"EffectiveAccrual":0.08516483516483517,"EndSurvival":0.9459462151687664,"StartSurvival":0.9465045284704089,"EndDate":"25-OCT-2022"},{"StartDate":"25-OCT-2022","EffectiveRecovery":0.39999999999999997,"EffectiveNotional":1.0,"EffectiveDF":0.9551285749821969,"EffectiveAccrual":0.1043956043956044,"EndSurvival":0.9453882311986098,"StartSurvival":0.9459462151687664,"EndDate":"01-NOV-2022"},{"StartDate":"01-NOV-2022","EffectiveRecovery":0.39999999999999997,"EffectiveNotional":1.0,"EffectiveDF":0.9546840330903469,"EffectiveAccrual":0.12362637362637363,"EndSurvival":0.9448305763656769,"StartSurvival":0.9453882311986098,"EndDate":"08-NOV-2022"},{"StartDate":"08-NOV-2022","EffectiveRecovery":0.39999999999999997,"EffectiveNotional":1.0,"EffectiveDF":0.9542363099384451,"EffectiveAccrual":0.14285714285714285,"EndSurvival":0.9442732504758199,"StartSurvival":0.9448305763656769,"EndDate":"15-NOV-2022"},{"StartDate":"15-NOV-2022","EffectiveRecovery":0.39999999999999997,"EffectiveNotional":1.0,"EffectiveDF":0.9537853869691408,"EffectiveAccrual":0.1620879120879121,"EndSurvival":0.9437162533350055,"StartSurvival":0.9442732504758199,"EndDate":"22-NOV-2022"},{"StartDate":"22-NOV-2022","EffectiveRecovery":0.39999999999999997,"EffectiveNotional":1.0,"EffectiveDF":0.9533312456250845,"EffectiveAccrual":0.1813186813186813,"EndSurvival":0.9431595847493152,"StartSurvival":0.9437162533350055,"EndDate":"29-NOV-2022"},{"StartDate":"29-NOV-2022","EffectiveRecovery":0.39999999999999997,"EffectiveNotional":1.0,"EffectiveDF":0.9528738673489252,"EffectiveAccrual":0.20054945054945056,"EndSurvival":0.9426032445249444,"StartSurvival":0.9431595847493152,"EndDate":"06-DEC-2022"},{"StartDate":"06-DEC-2022","EffectiveRecovery":0.39999999999999997,"EffectiveNotional":1.0,"EffectiveDF":0.9524132335833129,"EffectiveAccrual":0.21978021978021978,"EndSurvival":0.9420472324682033,"StartSurvival":0.9426032445249444,"EndDate":"13-DEC-2022"},{"StartDate":"13-DEC-2022","EffectiveRecovery":0.39999999999999997,"EffectiveNotional":1.0,"EffectiveDF":0.9519493257708971,"EffectiveAccrual":0.23901098901098902,"EndSurvival":0.941491548385516,"StartSurvival":0.9420472324682033,"EndDate":"20-DEC-2022"},{"StartDate":"20-DEC-2022","EffectiveRecovery":0.39999999999999997,"EffectiveNotional":1.0,"EffectiveDF":0.9514821253543275,"EffectiveAccrual":0.008333333333333333,"EndSurvival":0.9409361920834208,"StartSurvival":0.941491548385516,"EndDate":"27-DEC-2022"},{"StartDate":"27-DEC-2022","EffectiveRecovery":0.39999999999999997,"EffectiveNotional":1.0,"EffectiveDF":0.9510116137762543,"EffectiveAccrual":0.027777777777777776,"EndSurvival":0.9403811633685704,"StartSurvival":0.9409361920834208,"EndDate":"03-JAN-2023"},{"StartDate":"03-JAN-2023","EffectiveRecovery":0.39999999999999997,"EffectiveNotional":1.0,"EffectiveDF":0.9505377724793267,"EffectiveAccrual":0.04722222222222222,"EndSurvival":0.9398264620477313,"StartSurvival":0.9403811633685704,"EndDate":"10-JAN-2023"},{"StartDate":"10-JAN-2023","EffectiveRecovery":0.39999999999999997,"EffectiveNotional":1.0,"EffectiveDF":0.9500605829061943,"EffectiveAccrual":0.06666666666666667,"EndSurvival":0.939272087927784,"StartSurvival":0.9398264620477313,"EndDate":"17-JAN-2023"},{"StartDate":"17-JAN-2023","EffectiveRecovery":0.39999999999999997,"EffectiveNotional":1.0,"EffectiveDF":0.9495800264995072,"EffectiveAccrual":0.08611111111111111,"EndSurvival":0.9387180408157232,"StartSurvival":0.939272087927784,"EndDate":"24-JAN-2023"},{"StartDate":"24-JAN-2023","EffectiveRecovery":0.39999999999999997,"EffectiveNotional":1.0,"EffectiveDF":0.9490960847019148,"EffectiveAccrual":0.10555555555555556,"EndSurvival":0.938164320518657,"StartSurvival":0.9387180408157232,"EndDate":"31-JAN-2023"},{"StartDate":"31-JAN-2023","EffectiveRecovery":0.39999999999999997,"EffectiveNotional":1.0,"EffectiveDF":0.9486087389560669,"EffectiveAccrual":0.125,"EndSurvival":0.9376109268438074,"StartSurvival":0.938164320518657,"EndDate":"07-FEB-2023"},{"StartDate":"07-FEB-2023","EffectiveRecovery":0.39999999999999997,"EffectiveNotional":1.0,"EffectiveDF":0.9481179707046135,"EffectiveAccrual":0.14444444444444443,"EndSurvival":0.9370578595985104,"StartSurvival":0.9376109268438074,"EndDate":"14-FEB-2023"},{"StartDate":"14-FEB-2023","EffectiveRecovery":0.39999999999999997,"EffectiveNotional":1.0,"EffectiveDF":0.9476237613902035,"EffectiveAccrual":0.1638888888888889,"EndSurvival":0.9365051185902155,"StartSurvival":0.9370578595985104,"EndDate":"21-FEB-2023"},{"StartDate":"21-FEB-2023","EffectiveRecovery":0.39999999999999997,"EffectiveNotional":1.0,"EffectiveDF":0.9471260924554875,"EffectiveAccrual":0.18333333333333332,"EndSurvival":0.9359527036264855,"StartSurvival":0.9365051185902155,"EndDate":"28-FEB-2023"},{"StartDate":"28-FEB-2023","EffectiveRecovery":0.39999999999999997,"EffectiveNotional":1.0,"EffectiveDF":0.9466249453431145,"EffectiveAccrual":0.20277777777777778,"EndSurvival":0.9354006145149972,"StartSurvival":0.9359527036264855,"EndDate":"07-MAR-2023"},{"StartDate":"07-MAR-2023","EffectiveRecovery":0.39999999999999997,"EffectiveNotional":1.0,"EffectiveDF":0.9461203014957347,"EffectiveAccrual":0.2222222222222222,"EndSurvival":0.9348488510635404,"StartSurvival":0.9354006145149972,"EndDate":"14-MAR-2023"},{"StartDate":"14-MAR-2023","EffectiveRecovery":0.39999999999999997,"EffectiveNotional":1.0,"EffectiveDF":0.9456486014693155,"EffectiveAccrual":0.24166666666666667,"EndSurvival":0.9343761700154768,"StartSurvival":0.9348488510635404,"EndDate":"20-MAR-2023"},{"StartDate":"20-MAR-2023","EffectiveRecovery":0.39999999999999997,"EffectiveNotional":1.0,"EffectiveDF":0.9451737654265301,"EffectiveAccrual":0.008152173913043478,"EndSurvival":0.9338250108516633,"StartSurvival":0.9343761700154768,"EndDate":"27-MAR-2023"},{"StartDate":"27-MAR-2023","EffectiveRecovery":0.39999999999999997,"EffectiveNotional":1.0,"EffectiveDF":0.9446590286529142,"EffectiveAccrual":0.02717391304347826,"EndSurvival":0.9332741767993344,"StartSurvival":0.9338250108516633,"EndDate":"03-APR-2023"},{"StartDate":"03-APR-2023","EffectiveRecovery":0.39999999999999997,"EffectiveNotional":1.0,"EffectiveDF":0.9441407235659403,"EffectiveAccrual":0.04619565217391305,"EndSurvival":0.9327236676667172,"StartSurvival":0.9332741767993344,"EndDate":"10-APR-2023"},{"StartDate":"10-APR-2023","EffectiveRecovery":0.39999999999999997,"EffectiveNotional":1.0,"EffectiveDF":0.9436188316082575,"EffectiveAccrual":0.06521739130434782,"EndSurvival":0.9321734832621517,"StartSurvival":0.9327236676667172,"EndDate":"17-APR-2023"},{"StartDate":"17-APR-2023","EffectiveRecovery":0.39999999999999997,"EffectiveNotional":1.0,"EffectiveDF":0.9430933342225164,"EffectiveAccrual":0.08423913043478261,"EndSurvival":0.9316236233940909,"StartSurvival":0.9321734832621517,"EndDate":"24-APR-2023"},{"StartDate":"24-APR-2023","EffectiveRecovery":0.39999999999999997,"EffectiveNotional":1.0,"EffectiveDF":0.942564212851366,"EffectiveAccrual":0.1032608695652174,"EndSurvival":0.931074087871101,"StartSurvival":0.9316236233940909,"EndDate":"01-MAY-2023"},{"StartDate":"01-MAY-2023","EffectiveRecovery":0.39999999999999997,"EffectiveNotional":1.0,"EffectiveDF":0.9420314489374563,"EffectiveAccrual":0.12228260869565219,"EndSurvival":0.930524876501861,"StartSurvival":0.931074087871101,"EndDate":"08-MAY-2023"},{"StartDate":"08-MAY-2023","EffectiveRecovery":0.39999999999999997,"EffectiveNotional":1.0,"EffectiveDF":0.941495023923437,"EffectiveAccrual":0.14130434782608695,"EndSurvival":0.9299759890951629,"StartSurvival":0.930524876501861,"EndDate":"15-MAY-2023"},{"StartDate":"15-MAY-2023","EffectiveRecovery":0.39999999999999997,"EffectiveNotional":1.0,"EffectiveDF":0.9409549192519575,"EffectiveAccrual":0.16032608695652176,"EndSurvival":0.9294274254599111,"StartSurvival":0.9299759890951629,"EndDate":"22-MAY-2023"},{"StartDate":"22-MAY-2023","EffectiveRecovery":0.39999999999999997,"EffectiveNotional":1.0,"EffectiveDF":0.9404111163656677,"EffectiveAccrual":0.1793478260869565,"EndSurvival":0.9288791854051232,"StartSurvival":0.9294274254599111,"EndDate":"29-MAY-2023"},{"StartDate":"29-MAY-2023","EffectiveRecovery":0.39999999999999997,"EffectiveNotional":1.0,"EffectiveDF":0.9398635967072174,"EffectiveAccrual":0.19836956521739132,"EndSurvival":0.9283312687399292,"StartSurvival":0.9288791854051232,"EndDate":"05-JUN-2023"},{"StartDate":"05-JUN-2023","EffectiveRecovery":0.39999999999999997,"EffectiveNotional":1.0,"EffectiveDF":0.9393123417192563,"EffectiveAccrual":0.21739130434782608,"EndSurvival":0.9277836752735718,"StartSurvival":0.9283312687399292,"EndDate":"12-JUN-2023"},{"StartDate":"12-JUN-2023","EffectiveRecovery":0.39999999999999997,"EffectiveNotional":1.0,"EffectiveDF":0.9387573328444341,"EffectiveAccrual":0.2364130434782609,"EndSurvival":0.9272364048154059,"StartSurvival":0.9277836752735718,"EndDate":"19-JUN-2023"},{"StartDate":"19-JUN-2023","EffectiveRecovery":0.4,"EffectiveNotional":1.0,"EffectiveDF":0.9384386853684432,"EffectiveAccrual":0.2472826086956522,"EndSurvival":0.9271582496782867,"StartSurvival":0.9272364048154059,"EndDate":"20-JUN-2023"},{"StartDate":"20-JUN-2023","EffectiveRecovery":0.39999999999999997,"EffectiveNotional":1.0,"EffectiveDF":0.9381184165859902,"EffectiveAccrual":0.008152173913043478,"EndSurvival":0.9266113481390417,"StartSurvival":0.9271582496782867,"EndDate":"27-JUN-2023"},{"StartDate":"27-JUN-2023","EffectiveRecovery":0.39999999999999997,"EffectiveNotional":1.0,"EffectiveDF":0.9375553011788571,"EffectiveAccrual":0.02717391304347826,"EndSurvival":0.926064769199842,"StartSurvival":0.9266113481390417,"EndDate":"04-JUL-2023"},{"StartDate":"04-JUL-2023","EffectiveRecovery":0.39999999999999997,"EffectiveNotional":1.0,"EffectiveDF":0.9369883735617619,"EffectiveAccrual":0.04619565217391305,"EndSurvival":0.9255185126703965,"StartSurvival":0.926064769199842,"EndDate":"11-JUL-2023"},{"StartDate":"11-JUL-2023","EffectiveRecovery":0.39999999999999997,"EffectiveNotional":1.0,"EffectiveDF":0.936417615177354,"EffectiveAccrual":0.06521739130434782,"EndSurvival":0.9249725783605255,"StartSurvival":0.9255185126703965,"EndDate":"18-JUL-2023"},{"StartDate":"18-JUL-2023","EffectiveRecovery":0.39999999999999997,"EffectiveNotional":1.0,"EffectiveDF":0.9358430074682835,"EffectiveAccrual":0.08423913043478261,"EndSurvival":0.924426966080162,"StartSurvival":0.9249725783605255,"EndDate":"25-JUL-2023"},{"StartDate":"25-JUL-2023","EffectiveRecovery":0.39999999999999997,"EffectiveNotional":1.0,"EffectiveDF":0.9352645326019565,"EffectiveAccrual":0.1032608695652174,"EndSurvival":0.9238816756393505,"StartSurvival":0.924426966080162,"EndDate":"01-AUG-2023"},{"StartDate":"01-AUG-2023","EffectiveRecovery":0.39999999999999997,"EffectiveNotional":1.0,"EffectiveDF":0.9346821928248797,"EffectiveAccrual":0.12228260869565219,"EndSurvival":0.9233367068482484,"StartSurvival":0.9238816756393505,"EndDate":"08-AUG-2023"},{"StartDate":"08-AUG-2023","EffectiveRecovery":0.39999999999999997,"EffectiveNotional":1.0,"EffectiveDF":0.9340960320715552,"EffectiveAccrual":0.14130434782608695,"EndSurvival":0.9227920595171245,"StartSurvival":0.9233367068482484,"EndDate":"15-AUG-2023"},{"StartDate":"15-AUG-2023","EffectiveRecovery":0.39999999999999997,"EffectiveNotional":1.0,"EffectiveDF":0.933506105114382,"EffectiveAccrual":0.16032608695652176,"EndSurvival":0.9222477334563596,"StartSurvival":0.9227920595171245,"EndDate":"22-AUG-2023"},{"StartDate":"22-AUG-2023","EffectiveRecovery":0.39999999999999997,"EffectiveNotional":1.0,"EffectiveDF":0.9329124668261104,"EffectiveAccrual":0.1793478260869565,"EndSurvival":0.9217037284764463,"StartSurvival":0.9222477334563596,"EndDate":"29-AUG-2023"},{"StartDate":"29-AUG-2023","EffectiveRecovery":0.39999999999999997,"EffectiveNotional":1.0,"EffectiveDF":0.9323151720794906,"EffectiveAccrual":0.19836956521739132,"EndSurvival":0.9211600443879893,"StartSurvival":0.9217037284764463,"EndDate":"05-SEP-2023"},{"StartDate":"05-SEP-2023","EffectiveRecovery":0.39999999999999997,"EffectiveNotional":1.0,"EffectiveDF":0.9317142757472727,"EffectiveAccrual":0.21739130434782608,"EndSurvival":0.9206166810017047,"StartSurvival":0.9211600443879893,"EndDate":"12-SEP-2023"},{"StartDate":"12-SEP-2023","EffectiveRecovery":0.39999999999999997,"EffectiveNotional":1.0,"EffectiveDF":0.9311098327022069,"EffectiveAccrual":0.2364130434782609,"EndSurvival":0.9200736381284204,"StartSurvival":0.9206166810017047,"EndDate":"19-SEP-2023"},{"StartDate":"19-SEP-2023","EffectiveRecovery":0.4,"EffectiveNotional":1.0,"EffectiveDF":0.9307630419472968,"EffectiveAccrual":0.2472826086956522,"EndSurvival":0.9199960867283953,"StartSurvival":0.9200736381284204,"EndDate":"20-SEP-2023"},{"StartDate":"20-SEP-2023","EffectiveRecovery":0.39999999999999997,"EffectiveNotional":1.0,"EffectiveDF":0.9304147681277123,"EffectiveAccrual":0.008241758241758242,"EndSurvival":0.9193601371783611,"StartSurvival":0.9199960867283953,"EndDate":"27-SEP-2023"},{"StartDate":"27-SEP-2023","EffectiveRecovery":0.39999999999999997,"EffectiveNotional":1.0,"EffectiveDF":0.9298029097592743,"EffectiveAccrual":0.027472527472527472,"EndSurvival":0.9187246272300124,"StartSurvival":0.9193601371783611,"EndDate":"04-OCT-2023"},{"StartDate":"04-OCT-2023","EffectiveRecovery":0.39999999999999997,"EffectiveNotional":1.0,"EffectiveDF":0.9291876771352036,"EffectiveAccrual":0.046703296703296704,"EndSurvival":0.9180895565794731,"StartSurvival":0.9187246272300124,"EndDate":"11-OCT-2023"},{"StartDate":"11-OCT-2023","EffectiveRecovery":0.39999999999999997,"EffectiveNotional":1.0,"EffectiveDF":0.9285691251282501,"EffectiveAccrual":0.06593406593406594,"EndSurvival":0.9174549249230777,"StartSurvival":0.9180895565794731,"EndDate":"18-OCT-2023"},{"StartDate":"18-OCT-2023","EffectiveRecovery":0.39999999999999997,"EffectiveNotional":1.0,"EffectiveDF":0.9279473086111641,"EffectiveAccrual":0.08516483516483517,"EndSurvival":0.9168207319573703,"StartSurvival":0.9174549249230777,"EndDate":"25-OCT-2023"},{"StartDate":"25-OCT-2023","EffectiveRecovery":0.39999999999999997,"EffectiveNotional":1.0,"EffectiveDF":0.927322282456696,"EffectiveAccrual":0.1043956043956044,"EndSurvival":0.9161869773791051,"StartSurvival":0.9168207319573703,"EndDate":"01-NOV-2023"},{"StartDate":"01-NOV-2023","EffectiveRecovery":0.39999999999999997,"EffectiveNotional":1.0,"EffectiveDF":0.9266941015375956,"EffectiveAccrual":0.12362637362637363,"EndSurvival":0.9155536608852456,"StartSurvival":0.9161869773791051,"EndDate":"08-NOV-2023"},{"StartDate":"08-NOV-2023","EffectiveRecovery":0.39999999999999997,"EffectiveNotional":1.0,"EffectiveDF":0.9260628207266134,"EffectiveAccrual":0.14285714285714285,"EndSurvival":0.9149207821729648,"StartSurvival":0.9155536608852456,"EndDate":"15-NOV-2023"},{"StartDate":"15-NOV-2023","EffectiveRecovery":0.39999999999999997,"EffectiveNotional":1.0,"EffectiveDF":0.9254284948964995,"EffectiveAccrual":0.1620879120879121,"EndSurvival":0.9142883409396452,"StartSurvival":0.9149207821729648,"EndDate":"22-NOV-2023"},{"StartDate":"22-NOV-2023","EffectiveRecovery":0.39999999999999997,"EffectiveNotional":1.0,"EffectiveDF":0.924791178920004,"EffectiveAccrual":0.1813186813186813,"EndSurvival":0.9136563368828783,"StartSurvival":0.9142883409396452,"EndDate":"29-NOV-2023"},{"StartDate":"29-NOV-2023","EffectiveRecovery":0.39999999999999997,"EffectiveNotional":1.0,"EffectiveDF":0.9241509276698772,"EffectiveAccrual":0.20054945054945056,"EndSurvival":0.9130247697004648,"StartSurvival":0.9136563368828783,"EndDate":"06-DEC-2023"},{"StartDate":"06-DEC-2023","EffectiveRecovery":0.39999999999999997,"EffectiveNotional":1.0,"EffectiveDF":0.9235077960188696,"EffectiveAccrual":0.21978021978021978,"EndSurvival":0.9123936390904143,"StartSurvival":0.9130247697004648,"EndDate":"13-DEC-2023"},{"StartDate":"13-DEC-2023","EffectiveRecovery":0.39999999999999997,"EffectiveNotional":1.0,"EffectiveDF":0.9228618388397306,"EffectiveAccrual":0.23901098901098902,"EndSurvival":0.9117629447509449,"StartSurvival":0.9123936390904143,"EndDate":"20-DEC-2023"},{"StartDate":"20-DEC-2023","EffectiveRecovery":0.39999999999999997,"EffectiveNotional":1.0,"EffectiveDF":0.9222131110052113,"EffectiveAccrual":0.008241758241758242,"EndSurvival":0.9111326863804837,"StartSurvival":0.9117629447509449,"EndDate":"27-DEC-2023"},{"StartDate":"27-DEC-2023","EffectiveRecovery":0.39999999999999997,"EffectiveNotional":1.0,"EffectiveDF":0.9215616673880613,"EffectiveAccrual":0.027472527472527472,"EndSurvival":0.910502863677666,"StartSurvival":0.9111326863804837,"EndDate":"03-JAN-2024"},{"StartDate":"03-JAN-2024","EffectiveRecovery":0.39999999999999997,"EffectiveNotional":1.0,"EffectiveDF":0.920907562861031,"EffectiveAccrual":0.046703296703296704,"EndSurvival":0.9098734763413354,"StartSurvival":0.910502863677666,"EndDate":"10-JAN-2024"},{"StartDate":"10-JAN-2024","EffectiveRecovery":0.39999999999999997,"EffectiveNotional":1.0,"EffectiveDF":0.9202508522968706,"EffectiveAccrual":0.06593406593406594,"EndSurvival":0.9092445240705438,"StartSurvival":0.9098734763413354,"EndDate":"17-JAN-2024"},{"StartDate":"17-JAN-2024","EffectiveRecovery":0.39999999999999997,"EffectiveNotional":1.0,"EffectiveDF":0.9195915905683304,"EffectiveAccrual":0.08516483516483517,"EndSurvival":0.908616006564551,"StartSurvival":0.9092445240705438,"EndDate":"24-JAN-2024"},{"StartDate":"24-JAN-2024","EffectiveRecovery":0.39999999999999997,"EffectiveNotional":1.0,"EffectiveDF":0.9189298325481603,"EffectiveAccrual":0.1043956043956044,"EndSurvival":0.9079879235228249,"StartSurvival":0.908616006564551,"EndDate":"31-JAN-2024"},{"StartDate":"31-JAN-2024","EffectiveRecovery":0.39999999999999997,"EffectiveNotional":1.0,"EffectiveDF":0.9182656331091108,"EffectiveAccrual":0.12362637362637363,"EndSurvival":0.9073602746450409,"StartSurvival":0.9079879235228249,"EndDate":"07-FEB-2024"},{"StartDate":"07-FEB-2024","EffectiveRecovery":0.39999999999999997,"EffectiveNotional":1.0,"EffectiveDF":0.9175990471239319,"EffectiveAccrual":0.14285714285714285,"EndSurvival":0.9067330596310821,"StartSurvival":0.9073602746450409,"EndDate":"14-FEB-2024"},{"StartDate":"14-FEB-2024","EffectiveRecovery":0.39999999999999997,"EffectiveNotional":1.0,"EffectiveDF":0.9169301294653741,"EffectiveAccrual":0.1620879120879121,"EndSurvival":0.9061062781810392,"StartSurvival":0.9067330596310821,"EndDate":"21-FEB-2024"},{"StartDate":"21-FEB-2024","EffectiveRecovery":0.39999999999999997,"EffectiveNotional":1.0,"EffectiveDF":0.9162589350061872,"EffectiveAccrual":0.1813186813186813,"EndSurvival":0.90547992999521,"StartSurvival":0.9061062781810392,"EndDate":"28-FEB-2024"},{"StartDate":"28-FEB-2024","EffectiveRecovery":0.39999999999999997,"EffectiveNotional":1.0,"EffectiveDF":0.9155855186191217,"EffectiveAccrual":0.20054945054945056,"EndSurvival":0.9048540147740995,"StartSurvival":0.90547992999521,"EndDate":"06-MAR-2024"},{"StartDate":"06-MAR-2024","EffectiveRecovery":0.39999999999999997,"EffectiveNotional":1.0,"EffectiveDF":0.9149099351769275,"EffectiveAccrual":0.21978021978021978,"EndSurvival":0.9042285322184199,"StartSurvival":0.9048540147740995,"EndDate":"13-MAR-2024"},{"StartDate":"13-MAR-2024","EffectiveRecovery":0.39999999999999997,"EffectiveNotional":1.0,"EffectiveDF":0.9142322395523551,"EffectiveAccrual":0.23901098901098902,"EndSurvival":0.90360348202909,"StartSurvival":0.9042285322184199,"EndDate":"20-MAR-2024"},{"StartDate":"20-MAR-2024","EffectiveRecovery":0.39999999999999997,"EffectiveNotional":1.0,"EffectiveDF":0.9135524866181545,"EffectiveAccrual":0.008152173913043478,"EndSurvival":0.9029788639072357,"StartSurvival":0.90360348202909,"EndDate":"27-MAR-2024"},{"StartDate":"27-MAR-2024","EffectiveRecovery":0.39999999999999997,"EffectiveNotional":1.0,"EffectiveDF":0.9128707312470762,"EffectiveAccrual":0.02717391304347826,"EndSurvival":0.9023546775541892,"StartSurvival":0.9029788639072357,"EndDate":"03-APR-2024"},{"StartDate":"03-APR-2024","EffectiveRecovery":0.39999999999999997,"EffectiveNotional":1.0,"EffectiveDF":0.9121870283118702,"EffectiveAccrual":0.04619565217391305,"EndSurvival":0.9017309226714891,"StartSurvival":0.9023546775541892,"EndDate":"10-APR-2024"},{"StartDate":"10-APR-2024","EffectiveRecovery":0.39999999999999997,"EffectiveNotional":1.0,"EffectiveDF":0.9115014326852864,"EffectiveAccrual":0.06521739130434782,"EndSurvival":0.9011075989608807,"StartSurvival":0.9017309226714891,"EndDate":"17-APR-2024"},{"StartDate":"17-APR-2024","EffectiveRecovery":0.39999999999999997,"EffectiveNotional":1.0,"EffectiveDF":0.9108139992400752,"EffectiveAccrual":0.08423913043478261,"EndSurvival":0.9004847061243152,"StartSurvival":0.9011075989608807,"EndDate":"24-APR-2024"},{"StartDate":"24-APR-2024","EffectiveRecovery":0.39999999999999997,"EffectiveNotional":1.0,"EffectiveDF":0.9101247828489873,"EffectiveAccrual":0.1032608695652174,"EndSurvival":0.8998622438639496,"StartSurvival":0.9004847061243152,"EndDate":"01-MAY-2024"},{"StartDate":"01-MAY-2024","EffectiveRecovery":0.39999999999999997,"EffectiveNotional":1.0,"EffectiveDF":0.9094338383847723,"EffectiveAccrual":0.12228260869565219,"EndSurvival":0.8992402118821474,"StartSurvival":0.8998622438639496,"EndDate":"08-MAY-2024"},{"StartDate":"08-MAY-2024","EffectiveRecovery":0.39999999999999997,"EffectiveNotional":1.0,"EffectiveDF":0.9087412207201805,"EffectiveAccrual":0.14130434782608695,"EndSurvival":0.8986186098814773,"StartSurvival":0.8992402118821474,"EndDate":"15-MAY-2024"},{"StartDate":"15-MAY-2024","EffectiveRecovery":0.39999999999999997,"EffectiveNotional":1.0,"EffectiveDF":0.9080469847279622,"EffectiveAccrual":0.16032608695652176,"EndSurvival":0.8979974375647138,"StartSurvival":0.8986186098814773,"EndDate":"22-MAY-2024"},{"StartDate":"22-MAY-2024","EffectiveRecovery":0.39999999999999997,"EffectiveNotional":1.0,"EffectiveDF":0.9073511852808676,"EffectiveAccrual":0.1793478260869565,"EndSurvival":0.897376694634837,"StartSurvival":0.8979974375647138,"EndDate":"29-MAY-2024"},{"StartDate":"29-MAY-2024","EffectiveRecovery":0.39999999999999997,"EffectiveNotional":1.0,"EffectiveDF":0.9066538772516467,"EffectiveAccrual":0.19836956521739132,"EndSurvival":0.896756380795032,"StartSurvival":0.897376694634837,"EndDate":"05-JUN-2024"},{"StartDate":"05-JUN-2024","EffectiveRecovery":0.39999999999999997,"EffectiveNotional":1.0,"EffectiveDF":0.9059551155130501,"EffectiveAccrual":0.21739130434782608,"EndSurvival":0.8961364957486891,"StartSurvival":0.896756380795032,"EndDate":"12-JUN-2024"},{"StartDate":"12-JUN-2024","EffectiveRecovery":0.39999999999999997,"EffectiveNotional":1.0,"EffectiveDF":0.9052549549378278,"EffectiveAccrual":0.2364130434782609,"EndSurvival":0.8955170391994042,"StartSurvival":0.8961364957486891,"EndDate":"19-JUN-2024"},{"StartDate":"19-JUN-2024","EffectiveRecovery":0.4,"EffectiveNotional":1.0,"EffectiveDF":0.9048543232184674,"EffectiveAccrual":0.2472826086956522,"EndSurvival":0.8954285803687271,"StartSurvival":0.8955170391994042,"EndDate":"20-JUN-2024"},{"StartDate":"20-JUN-2024","EffectiveRecovery":0.39999999999999997,"EffectiveNotional":1.0,"EffectiveDF":0.9044531289528135,"EffectiveAccrual":0.008152173913043478,"EndSurvival":0.8948096131676837,"StartSurvival":0.8954285803687271,"EndDate":"27-JUN-2024"},{"StartDate":"27-JUN-2024","EffectiveRecovery":0.39999999999999997,"EffectiveNotional":1.0,"EffectiveDF":0.9037501556461233,"EffectiveAccrual":0.02717391304347826,"EndSurvival":0.8941910738292352,"StartSurvival":0.8948096131676837,"EndDate":"04-JUL-2024"},{"StartDate":"04-JUL-2024","EffectiveRecovery":0.39999999999999997,"EffectiveNotional":1.0,"EffectiveDF":0.9030459559600224,"EffectiveAccrual":0.04619565217391305,"EndSurvival":0.8935729620576206,"StartSurvival":0.8941910738292352,"EndDate":"11-JUL-2024"},{"StartDate":"11-JUL-2024","EffectiveRecovery":0.39999999999999997,"EffectiveNotional":1.0,"EffectiveDF":0.9023405847672608,"EffectiveAccrual":0.06521739130434782,"EndSurvival":0.8929552775572832,"StartSurvival":0.8935729620576206,"EndDate":"18-JUL-2024"},{"StartDate":"18-JUL-2024","EffectiveRecovery":0.39999999999999997,"EffectiveNotional":1.0,"EffectiveDF":0.9016340969405888,"EffectiveAccrual":0.08423913043478261,"EndSurvival":0.8923380200328708,"StartSurvival":0.8929552775572832,"EndDate":"25-JUL-2024"},{"StartDate":"25-JUL-2024","EffectiveRecovery":0.39999999999999997,"EffectiveNotional":1.0,"EffectiveDF":0.9009265469987291,"EffectiveAccrual":0.1032608695652174,"EndSurvival":0.891721189189235,"StartSurvival":0.8923380200328708,"EndDate":"01-AUG-2024"},{"StartDate":"01-AUG-2024","EffectiveRecovery":0.39999999999999997,"EffectiveNotional":1.0,"EffectiveDF":0.9002179796522091,"EffectiveAccrual":0.12228260869565219,"EndSurvival":0.891104784731432,"StartSurvival":0.891721189189235,"EndDate":"08-AUG-2024"},{"StartDate":"08-AUG-2024","EffectiveRecovery":0.39999999999999997,"EffectiveNotional":1.0,"EffectiveDF":0.8995084192478943,"EffectiveAccrual":0.14130434782608695,"EndSurvival":0.8904888063647213,"StartSurvival":0.891104784731432,"EndDate":"15-AUG-2024"},{"StartDate":"15-AUG-2024","EffectiveRecovery":0.39999999999999997,"EffectiveNotional":1.0,"EffectiveDF":0.8987978848385785,"EffectiveAccrual":0.16032608695652176,"EndSurvival":0.8898732537945664,"StartSurvival":0.8904888063647213,"EndDate":"22-AUG-2024"},{"StartDate":"22-AUG-2024","EffectiveRecovery":0.39999999999999997,"EffectiveNotional":1.0,"EffectiveDF":0.8980863954280357,"EffectiveAccrual":0.1793478260869565,"EndSurvival":0.8892581267266345,"StartSurvival":0.8898732537945664,"EndDate":"29-AUG-2024"},{"StartDate":"29-AUG-2024","EffectiveRecovery":0.39999999999999997,"EffectiveNotional":1.0,"EffectiveDF":0.8973739700200398,"EffectiveAccrual":0.19836956521739132,"EndSurvival":0.8886434248667961,"StartSurvival":0.8892581267266345,"EndDate":"05-SEP-2024"},{"StartDate":"05-SEP-2024","EffectiveRecovery":0.39999999999999997,"EffectiveNotional":1.0,"EffectiveDF":0.8966606276183655,"EffectiveAccrual":0.21739130434782608,"EndSurvival":0.8880291479211252,"StartSurvival":0.8886434248667961,"EndDate":"12-SEP-2024"},{"StartDate":"12-SEP-2024","EffectiveRecovery":0.39999999999999997,"EffectiveNotional":1.0,"EffectiveDF":0.8959463872267863,"EffectiveAccrual":0.2364130434782609,"EndSurvival":0.8874152955958986,"StartSurvival":0.8880291479211252,"EndDate":"19-SEP-2024"},{"StartDate":"19-SEP-2024","EffectiveRecovery":0.4,"EffectiveNotional":1.0,"EffectiveDF":0.8955378982866198,"EffectiveAccrual":0.2472826086956522,"EndSurvival":0.8873276370523565,"StartSurvival":0.8874152955958986,"EndDate":"20-SEP-2024"}],"losspv":0.06441478038787438,"cleancouponpv":4.667737709301734E-6,"accrued":1.739130434782609E-7,"lossnorecpv":0.10735796731312405,"fairexplossnorec":0.11267236294764345,"fairaccrued01":1.739130434782609E-5,"fairdirtycouponpv":4.841650752779995E-6,"fairpremium":137.9999999989512}

	|-----------------------------------------------------------------|
	|    Copyright (C) 2011-2019 (DRIP, DROP)
	|-----------------------------------------------------------------|
	|    Build Version  => 4.19.0 multi mode
	|    Build JVM (TM) => 1.8.0_112
	|    Build Snap     => Thu Jul 04 22:11:11 EST 2019
	|    Start Time     => Fri Aug 23 18:15:23 EDT 2019
	|    Setup Time     => Fri Aug 23 18:15:23 EDT 2019
	|    Setup Duration => 0 ms
	|-----------------------------------------------------------------|


	|---------------- JSON REQUEST -----------------|

{"Parameters":{"FixFloatQuote":[0.0166,0.0206,0.0241,0.0269,0.0292,0.0311,0.0326,0.034,0.0351,0.0375,0.0393,0.0402,0.0407,0.0409,0.0409],"FixFloatTenor":["04Y","05Y","06Y","07Y","08Y","09Y","10Y","11Y","12Y","15Y","20Y","25Y","30Y","40Y","50Y"],"DepositQuote":[0.0017,0.0017,0.0018,0.002,0.0023],"ReferenceEntity":"DRIP","CDSTenor":["06M","01Y","02Y","03Y","04Y","05Y","07Y","10Y"],"Currency":"USD","FuturesQuote":[0.0027,0.0032,0.0041,0.0054,0.0077,0.0104,0.0134,0.016],"SpotDate":"23-AUG-2019","DepositTenor":["04D","07D","14D","30D","60D"],"CDSQuote":[60.0,68.0,88.0,102.0,121.0,138.0,168.0,188.0]},"API":"CREDITSTATE"}

	|---------------- JSON RESPONSE ----------------|


	|-----------------------------------------------------------------|
	|    Copyright (C) 2011-2019 (DRIP, DROP)
	|-----------------------------------------------------------------|
	|    Build Version  => 4.19.0 multi mode
	|    Build JVM (TM) => 1.8.0_112
	|    Build Snap     => Thu Jul 04 22:11:11 EST 2019
	|    Start Time     => Fri Aug 23 18:15:23 EDT 2019
	|    Setup Time     => Fri Aug 23 18:15:23 EDT 2019
	|    Setup Duration => 0 ms
	|-----------------------------------------------------------------|

{"ReferenceEntity":"DRIP","Currency":"USD","SpotDate":"23-AUG-2019","CDSMetrics":[{"InstrumentQuote":60.0,"CalibrationMeasure":"FairPremium","MaturityTenor":"06M","ReferenceEntity":"DRIP::USD::SENIOR","InstrumentType":"CDS","Recovery":0.4,"SurvivalProbability":0.9949659236351537},{"InstrumentQuote":68.0,"CalibrationMeasure":"FairPremium","MaturityTenor":"01Y","ReferenceEntity":"DRIP::USD::SENIOR","InstrumentType":"CDS","Recovery":0.4,"SurvivalProbability":0.9888432372794629},{"InstrumentQuote":88.0,"CalibrationMeasure":"FairPremium","MaturityTenor":"02Y","ReferenceEntity":"DRIP::USD::SENIOR","InstrumentType":"CDS","Recovery":0.4,"SurvivalProbability":0.9713072852417467},{"InstrumentQuote":102.0,"CalibrationMeasure":"FairPremium","MaturityTenor":"03Y","ReferenceEntity":"DRIP::USD::SENIOR","InstrumentType":"CDS","Recovery":0.4,"SurvivalProbability":0.9503510094909873},{"InstrumentQuote":121.0,"CalibrationMeasure":"FairPremium","MaturityTenor":"04Y","ReferenceEntity":"DRIP::USD::SENIOR","InstrumentType":"CDS","Recovery":0.4,"SurvivalProbability":0.9221699988056363},{"InstrumentQuote":138.0,"CalibrationMeasure":"FairPremium","MaturityTenor":"05Y","ReferenceEntity":"DRIP::USD::SENIOR","InstrumentType":"CDS","Recovery":0.4,"SurvivalProbability":0.8897853524548535},{"InstrumentQuote":168.0,"CalibrationMeasure":"FairPremium","MaturityTenor":"07Y","ReferenceEntity":"DRIP::USD::SENIOR","InstrumentType":"CDS","Recovery":0.4,"SurvivalProbability":0.8153943491056196},{"InstrumentQuote":188.0,"CalibrationMeasure":"FairPremium","MaturityTenor":"10Y","ReferenceEntity":"DRIP::USD::SENIOR","InstrumentType":"CDS","Recovery":0.4,"SurvivalProbability":0.7167635707619915}],"CreditLabel":"DRIP::USD::SENIOR","FundingLabel":"USD"}

	|-----------------------------------------------------------------|
	|    Copyright (C) 2011-2019 (DRIP, DROP)
	|-----------------------------------------------------------------|
	|    Build Version  => 4.19.0 multi mode
	|    Build JVM (TM) => 1.8.0_112
	|    Build Snap     => Thu Jul 04 22:11:11 EST 2019
	|    Start Time     => Fri Aug 23 18:15:24 EDT 2019
	|    Setup Time     => Fri Aug 23 18:15:24 EDT 2019
	|    Setup Duration => 0 ms
	|-----------------------------------------------------------------|


	|-----------------------------------------|

	|-----------------------------------------------------------------|
	|    Copyright (C) 2011-2019 (DRIP, DROP)
	|-----------------------------------------------------------------|
	|    Build Version  => 4.19.0 multi mode
	|    Build JVM (TM) => 1.8.0_112
	|    Build Snap     => Thu Jul 04 22:11:11 EST 2019
	|    Start Time     => Fri Aug 23 18:15:24 EDT 2019
	|    Setup Time     => Fri Aug 23 18:15:24 EDT 2019
	|    Setup Duration => 0 ms
	|-----------------------------------------------------------------|

	| Adjusted[27-MAR-2016 + 0] = 28-MAR-2016 |

	|-----------------------------------------------------------------|
	|    Copyright (C) 2011-2019 (DRIP, DROP)
	|-----------------------------------------------------------------|
	|    Build Version  => 4.19.0 multi mode
	|    Build JVM (TM) => 1.8.0_112
	|    Build Snap     => Thu Jul 04 22:11:11 EST 2019
	|    Start Time     => Fri Aug 23 18:15:24 EDT 2019
	|    Setup Time     => Fri Aug 23 18:15:24 EDT 2019
	|    Setup Duration => 0 ms
	|-----------------------------------------------------------------|

	| Adjusted[27-MAR-2016 + 1] = 28-MAR-2016 |

	|-----------------------------------------------------------------|
	|    Copyright (C) 2011-2019 (DRIP, DROP)
	|-----------------------------------------------------------------|
	|    Build Version  => 4.19.0 multi mode
	|    Build JVM (TM) => 1.8.0_112
	|    Build Snap     => Thu Jul 04 22:11:11 EST 2019
	|    Start Time     => Fri Aug 23 18:15:24 EDT 2019
	|    Setup Time     => Fri Aug 23 18:15:24 EDT 2019
	|    Setup Duration => 0 ms
	|-----------------------------------------------------------------|

	| Adjusted[27-MAR-2016 + 2] = 29-MAR-2016 |

	|-----------------------------------------------------------------|
	|    Copyright (C) 2011-2019 (DRIP, DROP)
	|-----------------------------------------------------------------|
	|    Build Version  => 4.19.0 multi mode
	|    Build JVM (TM) => 1.8.0_112
	|    Build Snap     => Thu Jul 04 22:11:11 EST 2019
	|    Start Time     => Fri Aug 23 18:15:24 EDT 2019
	|    Setup Time     => Fri Aug 23 18:15:24 EDT 2019
	|    Setup Duration => 0 ms
	|-----------------------------------------------------------------|

	| Adjusted[27-MAR-2016 + 3] = 30-MAR-2016 |

	|-----------------------------------------------------------------|
	|    Copyright (C) 2011-2019 (DRIP, DROP)
	|-----------------------------------------------------------------|
	|    Build Version  => 4.19.0 multi mode
	|    Build JVM (TM) => 1.8.0_112
	|    Build Snap     => Thu Jul 04 22:11:11 EST 2019
	|    Start Time     => Fri Aug 23 18:15:24 EDT 2019
	|    Setup Time     => Fri Aug 23 18:15:24 EDT 2019
	|    Setup Duration => 0 ms
	|-----------------------------------------------------------------|

	| Adjusted[27-MAR-2016 + 4] = 31-MAR-2016 |

	|-----------------------------------------------------------------|
	|    Copyright (C) 2011-2019 (DRIP, DROP)
	|-----------------------------------------------------------------|
	|    Build Version  => 4.19.0 multi mode
	|    Build JVM (TM) => 1.8.0_112
	|    Build Snap     => Thu Jul 04 22:11:11 EST 2019
	|    Start Time     => Fri Aug 23 18:15:24 EDT 2019
	|    Setup Time     => Fri Aug 23 18:15:24 EDT 2019
	|    Setup Duration => 0 ms
	|-----------------------------------------------------------------|

	| Adjusted[27-MAR-2016 + 5] = 01-APR-2016 |

	|-----------------------------------------------------------------|
	|    Copyright (C) 2011-2019 (DRIP, DROP)
	|-----------------------------------------------------------------|
	|    Build Version  => 4.19.0 multi mode
	|    Build JVM (TM) => 1.8.0_112
	|    Build Snap     => Thu Jul 04 22:11:11 EST 2019
	|    Start Time     => Fri Aug 23 18:15:24 EDT 2019
	|    Setup Time     => Fri Aug 23 18:15:24 EDT 2019
	|    Setup Duration => 0 ms
	|-----------------------------------------------------------------|

	| Adjusted[27-MAR-2016 + 6] = 04-APR-2016 |

	|-----------------------------------------------------------------|
	|    Copyright (C) 2011-2019 (DRIP, DROP)
	|-----------------------------------------------------------------|
	|    Build Version  => 4.19.0 multi mode
	|    Build JVM (TM) => 1.8.0_112
	|    Build Snap     => Thu Jul 04 22:11:11 EST 2019
	|    Start Time     => Fri Aug 23 18:15:24 EDT 2019
	|    Setup Time     => Fri Aug 23 18:15:24 EDT 2019
	|    Setup Duration => 0 ms
	|-----------------------------------------------------------------|

	| Adjusted[27-MAR-2016 + 7] = 05-APR-2016 |

	|-----------------------------------------------------------------|
	|    Copyright (C) 2011-2019 (DRIP, DROP)
	|-----------------------------------------------------------------|
	|    Build Version  => 4.19.0 multi mode
	|    Build JVM (TM) => 1.8.0_112
	|    Build Snap     => Thu Jul 04 22:11:11 EST 2019
	|    Start Time     => Fri Aug 23 18:15:24 EDT 2019
	|    Setup Time     => Fri Aug 23 18:15:24 EDT 2019
	|    Setup Duration => 0 ms
	|-----------------------------------------------------------------|

	| Adjusted[27-MAR-2016 + 8] = 06-APR-2016 |

	|-----------------------------------------------------------------|
	|    Copyright (C) 2011-2019 (DRIP, DROP)
	|-----------------------------------------------------------------|
	|    Build Version  => 4.19.0 multi mode
	|    Build JVM (TM) => 1.8.0_112
	|    Build Snap     => Thu Jul 04 22:11:11 EST 2019
	|    Start Time     => Fri Aug 23 18:15:24 EDT 2019
	|    Setup Time     => Fri Aug 23 18:15:24 EDT 2019
	|    Setup Duration => 0 ms
	|-----------------------------------------------------------------|

	| Adjusted[27-MAR-2016 + 9] = 07-APR-2016 |
	|-----------------------------------------|


	|-------------------------------------------|

	|-----------------------------------------------------------------|
	|    Copyright (C) 2011-2019 (DRIP, DROP)
	|-----------------------------------------------------------------|
	|    Build Version  => 4.19.0 multi mode
	|    Build JVM (TM) => 1.8.0_112
	|    Build Snap     => Thu Jul 04 22:11:11 EST 2019
	|    Start Time     => Fri Aug 23 18:15:24 EDT 2019
	|    Setup Time     => Fri Aug 23 18:15:24 EDT 2019
	|    Setup Duration => 0 ms
	|-----------------------------------------------------------------|

	| Unadjusted[27-MAR-2016 + 0] = 27-MAR-2016 |

	|-----------------------------------------------------------------|
	|    Copyright (C) 2011-2019 (DRIP, DROP)
	|-----------------------------------------------------------------|
	|    Build Version  => 4.19.0 multi mode
	|    Build JVM (TM) => 1.8.0_112
	|    Build Snap     => Thu Jul 04 22:11:11 EST 2019
	|    Start Time     => Fri Aug 23 18:15:24 EDT 2019
	|    Setup Time     => Fri Aug 23 18:15:24 EDT 2019
	|    Setup Duration => 0 ms
	|-----------------------------------------------------------------|

	| Unadjusted[27-MAR-2016 + 1] = 28-MAR-2016 |

	|-----------------------------------------------------------------|
	|    Copyright (C) 2011-2019 (DRIP, DROP)
	|-----------------------------------------------------------------|
	|    Build Version  => 4.19.0 multi mode
	|    Build JVM (TM) => 1.8.0_112
	|    Build Snap     => Thu Jul 04 22:11:11 EST 2019
	|    Start Time     => Fri Aug 23 18:15:24 EDT 2019
	|    Setup Time     => Fri Aug 23 18:15:24 EDT 2019
	|    Setup Duration => 0 ms
	|-----------------------------------------------------------------|

	| Unadjusted[27-MAR-2016 + 2] = 29-MAR-2016 |

	|-----------------------------------------------------------------|
	|    Copyright (C) 2011-2019 (DRIP, DROP)
	|-----------------------------------------------------------------|
	|    Build Version  => 4.19.0 multi mode
	|    Build JVM (TM) => 1.8.0_112
	|    Build Snap     => Thu Jul 04 22:11:11 EST 2019
	|    Start Time     => Fri Aug 23 18:15:24 EDT 2019
	|    Setup Time     => Fri Aug 23 18:15:24 EDT 2019
	|    Setup Duration => 0 ms
	|-----------------------------------------------------------------|

	| Unadjusted[27-MAR-2016 + 3] = 30-MAR-2016 |

	|-----------------------------------------------------------------|
	|    Copyright (C) 2011-2019 (DRIP, DROP)
	|-----------------------------------------------------------------|
	|    Build Version  => 4.19.0 multi mode
	|    Build JVM (TM) => 1.8.0_112
	|    Build Snap     => Thu Jul 04 22:11:11 EST 2019
	|    Start Time     => Fri Aug 23 18:15:24 EDT 2019
	|    Setup Time     => Fri Aug 23 18:15:24 EDT 2019
	|    Setup Duration => 0 ms
	|-----------------------------------------------------------------|

	| Unadjusted[27-MAR-2016 + 4] = 31-MAR-2016 |

	|-----------------------------------------------------------------|
	|    Copyright (C) 2011-2019 (DRIP, DROP)
	|-----------------------------------------------------------------|
	|    Build Version  => 4.19.0 multi mode
	|    Build JVM (TM) => 1.8.0_112
	|    Build Snap     => Thu Jul 04 22:11:11 EST 2019
	|    Start Time     => Fri Aug 23 18:15:24 EDT 2019
	|    Setup Time     => Fri Aug 23 18:15:24 EDT 2019
	|    Setup Duration => 0 ms
	|-----------------------------------------------------------------|

	| Unadjusted[27-MAR-2016 + 5] = 01-APR-2016 |

	|-----------------------------------------------------------------|
	|    Copyright (C) 2011-2019 (DRIP, DROP)
	|-----------------------------------------------------------------|
	|    Build Version  => 4.19.0 multi mode
	|    Build JVM (TM) => 1.8.0_112
	|    Build Snap     => Thu Jul 04 22:11:11 EST 2019
	|    Start Time     => Fri Aug 23 18:15:24 EDT 2019
	|    Setup Time     => Fri Aug 23 18:15:24 EDT 2019
	|    Setup Duration => 0 ms
	|-----------------------------------------------------------------|

	| Unadjusted[27-MAR-2016 + 6] = 02-APR-2016 |

	|-----------------------------------------------------------------|
	|    Copyright (C) 2011-2019 (DRIP, DROP)
	|-----------------------------------------------------------------|
	|    Build Version  => 4.19.0 multi mode
	|    Build JVM (TM) => 1.8.0_112
	|    Build Snap     => Thu Jul 04 22:11:11 EST 2019
	|    Start Time     => Fri Aug 23 18:15:24 EDT 2019
	|    Setup Time     => Fri Aug 23 18:15:24 EDT 2019
	|    Setup Duration => 0 ms
	|-----------------------------------------------------------------|

	| Unadjusted[27-MAR-2016 + 7] = 03-APR-2016 |

	|-----------------------------------------------------------------|
	|    Copyright (C) 2011-2019 (DRIP, DROP)
	|-----------------------------------------------------------------|
	|    Build Version  => 4.19.0 multi mode
	|    Build JVM (TM) => 1.8.0_112
	|    Build Snap     => Thu Jul 04 22:11:11 EST 2019
	|    Start Time     => Fri Aug 23 18:15:24 EDT 2019
	|    Setup Time     => Fri Aug 23 18:15:24 EDT 2019
	|    Setup Duration => 0 ms
	|-----------------------------------------------------------------|

	| Unadjusted[27-MAR-2016 + 8] = 04-APR-2016 |

	|-----------------------------------------------------------------|
	|    Copyright (C) 2011-2019 (DRIP, DROP)
	|-----------------------------------------------------------------|
	|    Build Version  => 4.19.0 multi mode
	|    Build JVM (TM) => 1.8.0_112
	|    Build Snap     => Thu Jul 04 22:11:11 EST 2019
	|    Start Time     => Fri Aug 23 18:15:24 EDT 2019
	|    Setup Time     => Fri Aug 23 18:15:24 EDT 2019
	|    Setup Duration => 0 ms
	|-----------------------------------------------------------------|

	| Unadjusted[27-MAR-2016 + 9] = 05-APR-2016 |
	|-------------------------------------------|


	|---------------------------------|

	|-----------------------------------------------------------------|
	|    Copyright (C) 2011-2019 (DRIP, DROP)
	|-----------------------------------------------------------------|
	|    Build Version  => 4.19.0 multi mode
	|    Build JVM (TM) => 1.8.0_112
	|    Build Snap     => Thu Jul 04 22:11:11 EST 2019
	|    Start Time     => Fri Aug 23 18:15:24 EDT 2019
	|    Setup Time     => Fri Aug 23 18:15:24 EDT 2019
	|    Setup Duration => 0 ms
	|-----------------------------------------------------------------|

	| Is 27-MAR-2016 a Holiday? true |

	|-----------------------------------------------------------------|
	|    Copyright (C) 2011-2019 (DRIP, DROP)
	|-----------------------------------------------------------------|
	|    Build Version  => 4.19.0 multi mode
	|    Build JVM (TM) => 1.8.0_112
	|    Build Snap     => Thu Jul 04 22:11:11 EST 2019
	|    Start Time     => Fri Aug 23 18:15:24 EDT 2019
	|    Setup Time     => Fri Aug 23 18:15:24 EDT 2019
	|    Setup Duration => 0 ms
	|-----------------------------------------------------------------|

	| Is 28-MAR-2016 a Holiday? false |

	|-----------------------------------------------------------------|
	|    Copyright (C) 2011-2019 (DRIP, DROP)
	|-----------------------------------------------------------------|
	|    Build Version  => 4.19.0 multi mode
	|    Build JVM (TM) => 1.8.0_112
	|    Build Snap     => Thu Jul 04 22:11:11 EST 2019
	|    Start Time     => Fri Aug 23 18:15:24 EDT 2019
	|    Setup Time     => Fri Aug 23 18:15:24 EDT 2019
	|    Setup Duration => 0 ms
	|-----------------------------------------------------------------|

	| Is 29-MAR-2016 a Holiday? false |

	|-----------------------------------------------------------------|
	|    Copyright (C) 2011-2019 (DRIP, DROP)
	|-----------------------------------------------------------------|
	|    Build Version  => 4.19.0 multi mode
	|    Build JVM (TM) => 1.8.0_112
	|    Build Snap     => Thu Jul 04 22:11:11 EST 2019
	|    Start Time     => Fri Aug 23 18:15:24 EDT 2019
	|    Setup Time     => Fri Aug 23 18:15:24 EDT 2019
	|    Setup Duration => 0 ms
	|-----------------------------------------------------------------|

	| Is 30-MAR-2016 a Holiday? false |

	|-----------------------------------------------------------------|
	|    Copyright (C) 2011-2019 (DRIP, DROP)
	|-----------------------------------------------------------------|
	|    Build Version  => 4.19.0 multi mode
	|    Build JVM (TM) => 1.8.0_112
	|    Build Snap     => Thu Jul 04 22:11:11 EST 2019
	|    Start Time     => Fri Aug 23 18:15:24 EDT 2019
	|    Setup Time     => Fri Aug 23 18:15:24 EDT 2019
	|    Setup Duration => 0 ms
	|-----------------------------------------------------------------|

	| Is 31-MAR-2016 a Holiday? false |

	|-----------------------------------------------------------------|
	|    Copyright (C) 2011-2019 (DRIP, DROP)
	|-----------------------------------------------------------------|
	|    Build Version  => 4.19.0 multi mode
	|    Build JVM (TM) => 1.8.0_112
	|    Build Snap     => Thu Jul 04 22:11:11 EST 2019
	|    Start Time     => Fri Aug 23 18:15:24 EDT 2019
	|    Setup Time     => Fri Aug 23 18:15:24 EDT 2019
	|    Setup Duration => 0 ms
	|-----------------------------------------------------------------|

	| Is 01-APR-2016 a Holiday? false |

	|-----------------------------------------------------------------|
	|    Copyright (C) 2011-2019 (DRIP, DROP)
	|-----------------------------------------------------------------|
	|    Build Version  => 4.19.0 multi mode
	|    Build JVM (TM) => 1.8.0_112
	|    Build Snap     => Thu Jul 04 22:11:11 EST 2019
	|    Start Time     => Fri Aug 23 18:15:24 EDT 2019
	|    Setup Time     => Fri Aug 23 18:15:24 EDT 2019
	|    Setup Duration => 0 ms
	|-----------------------------------------------------------------|

	| Is 02-APR-2016 a Holiday? true |

	|-----------------------------------------------------------------|
	|    Copyright (C) 2011-2019 (DRIP, DROP)
	|-----------------------------------------------------------------|
	|    Build Version  => 4.19.0 multi mode
	|    Build JVM (TM) => 1.8.0_112
	|    Build Snap     => Thu Jul 04 22:11:11 EST 2019
	|    Start Time     => Fri Aug 23 18:15:24 EDT 2019
	|    Setup Time     => Fri Aug 23 18:15:24 EDT 2019
	|    Setup Duration => 0 ms
	|-----------------------------------------------------------------|

	| Is 03-APR-2016 a Holiday? true |

	|-----------------------------------------------------------------|
	|    Copyright (C) 2011-2019 (DRIP, DROP)
	|-----------------------------------------------------------------|
	|    Build Version  => 4.19.0 multi mode
	|    Build JVM (TM) => 1.8.0_112
	|    Build Snap     => Thu Jul 04 22:11:11 EST 2019
	|    Start Time     => Fri Aug 23 18:15:24 EDT 2019
	|    Setup Time     => Fri Aug 23 18:15:24 EDT 2019
	|    Setup Duration => 0 ms
	|-----------------------------------------------------------------|

	| Is 04-APR-2016 a Holiday? false |

	|-----------------------------------------------------------------|
	|    Copyright (C) 2011-2019 (DRIP, DROP)
	|-----------------------------------------------------------------|
	|    Build Version  => 4.19.0 multi mode
	|    Build JVM (TM) => 1.8.0_112
	|    Build Snap     => Thu Jul 04 22:11:11 EST 2019
	|    Start Time     => Fri Aug 23 18:15:24 EDT 2019
	|    Setup Time     => Fri Aug 23 18:15:24 EDT 2019
	|    Setup Duration => 0 ms
	|-----------------------------------------------------------------|

	| Is 05-APR-2016 a Holiday? false |
	|---------------------------------|

	|-----------------------------------------------------------------|
	|    Copyright (C) 2011-2019 (DRIP, DROP)
	|-----------------------------------------------------------------|
	|    Build Version  => 4.19.0 multi mode
	|    Build JVM (TM) => 1.8.0_112
	|    Build Snap     => Thu Jul 04 22:11:11 EST 2019
	|    Start Time     => Fri Aug 23 18:15:24 EDT 2019
	|    Setup Time     => Fri Aug 23 18:15:24 EDT 2019
	|    Setup Duration => 0 ms
	|-----------------------------------------------------------------|


	|---------------- JSON REQUEST -----------------|

{"Parameters":{"DepositMaturity":"06Y","FixFloatQuote":[0.0166,0.0206,0.0241,0.0269,0.0292,0.0311,0.0326,0.034,0.0351,0.0375,0.0393,0.0402,0.0407,0.0409,0.0409],"FixFloatTenor":["04Y","05Y","06Y","07Y","08Y","09Y","10Y","11Y","12Y","15Y","20Y","25Y","30Y","40Y","50Y"],"DepositQuote":[0.0013,0.0017,0.0017,0.0018,0.002,0.0023],"Currency":"USD","FuturesQuote":[0.0027,0.0032,0.0041,0.0054,0.0077,0.0104,0.0134,0.016],"SpotDate":"23-AUG-2019","DepositTenor":["01D","04D","07D","14D","30D","60D"]},"API":"DEPOSIT::CURVEMETRICS"}

	|---------------- JSON RESPONSE ----------------|


	|-----------------------------------------------------------------|
	|    Copyright (C) 2011-2019 (DRIP, DROP)
	|-----------------------------------------------------------------|
	|    Build Version  => 4.19.0 multi mode
	|    Build JVM (TM) => 1.8.0_112
	|    Build Snap     => Thu Jul 04 22:11:11 EST 2019
	|    Start Time     => Fri Aug 23 18:15:24 EDT 2019
	|    Setup Time     => Fri Aug 23 18:15:24 EDT 2019
	|    Setup Duration => 0 ms
	|-----------------------------------------------------------------|

{"creditfundingconvexityadjustedprice":113.6603225345119,"creditfxconvexityadjustedcleanpv":0.13660322534511912,"resetrate":null,"creditforwardconvexityadjustmentpremium":0.0,"fundingfxconvexityadjustedprice":113.6603225345119,"unadjustedpv":0.13660322534511912,"pv":0.13660322534511912,"compoundingadjustmentfactor":1.0,"fundingfxconvexityadjusteddv01":5.261923676646691E-4,"creditfundingconvexityadjustedparrate":0.025960700637180922,"creditfundingconvexityadjustmentfactor":1.0,"fundingfxconvexityadjustedcleanprice":113.6603225345119,"cumulativeconvexityadjustmentfactor":1.0,"creditforwardconvexityadjustedfairpremium":0.025960700637180922,"price":113.6603225345119,"creditforwardconvexityadjustedpv":0.13660322534511912,"creditfundingconvexityadjusteddv01":5.261923676646691E-4,"creditfxconvexityadjusteddirtydv01":5.261923676646691E-4,"cleanpv":0.13660322534511912,"forwardfundingconvexityadjustedrate":0.025960700637180922,"unadjustedparrate":0.025960700637180922,"forwardfundingconvexityadjustedcleandv01":5.261923676646691E-4,"unadjustedprice":113.6603225345119,"compoundingadjustedfairpremium":0.025960700637180922,"compoundingadjusteddirtyprice":113.6603225345119,"compoundingadjustmentpremiumupfront":0.0,"forwardfxconvexityadjustmentpremium":0.0,"forwardfxconvexityadjustedcleanpv":0.13660322534511912,"unadjustedupfront":0.13660322534511912,"cumulativeconvexityadjusteddirtyprice":113.6603225345119,"cumulativeconvexityadjustedpv":0.13660322534511912,"creditfundingconvexityadjustedupfront":0.13660322534511912,"forwardfxconvexityadjusteddirtyprice":113.6603225345119,"cumulativeconvexityadjustedcleandv01":5.261923676646691E-4,"cumulativeconvexityadjustmentpremium":0.0,"fundingfxconvexityadjusteddirtydv01":5.261923676646691E-4,"dv01":5.261923676646691E-4,"compoundingadjustedupfront":0.13660322534511912,"forwardfundingconvexityadjusteddirtydv01":5.261923676646691E-4,"forwardfundingconvexityadjustedcleanpv":0.13660322534511912,"fundingfxconvexityadjustedrate":0.025960700637180922,"unadjustedfairpremium":0.025960700637180922,"fundingfxconvexityadjusteddirtyprice":113.6603225345119,"upfront":0.13660322534511912,"fundingfxconvexityadjustedupfront":0.13660322534511912,"forwardfxconvexityadjustedprice":113.6603225345119,"forwardfundingconvexityadjustedpv":0.13660322534511912,"creditfxconvexityadjustedcleanprice":113.6603225345119,"fundingfxconvexityadjusteddirtypv":0.13660322534511912,"fundingfxconvexityadjustmentpremium":0.0,"compoundingadjusteddirtypv":0.13660322534511912,"cumulativeconvexityadjustedfairpremium":0.025960700637180922,"creditfxconvexityadjustmentpremium":0.0,"compoundingadjustedpv":0.13660322534511912,"creditforwardconvexityadjustedupfront":0.13660322534511912,"creditfundingconvexityadjustmentpremiumupfront":0.0,"accrued01":0.0,"forwardfxconvexityadjusteddirtypv":0.13660322534511912,"compoundingadjustedparrate":0.025960700637180922,"fundingfxconvexityadjustedfairpremium":0.025960700637180922,"compoundingadjustedrate":0.025960700637180922,"creditfundingconvexityadjustedcleanprice":113.6603225345119,"totalcoupon":0.02596070063718092,"creditfundingconvexityadjusteddirtydv01":5.261923676646691E-4,"creditforwardconvexityadjusteddv01":5.261923676646691E-4,"cumulativeconvexityadjustedcleanpv":0.13660322534511912,"forwardfxconvexityadjustmentfactor":1.0,"forwardfundingconvexityadjusteddv01":5.261923676646691E-4,"forwardfxconvexityadjustedparrate":0.025960700637180922,"unadjusteddirtypv":0.13660322534511912,"creditforwardconvexityadjustmentpremiumupfront":0.0,"creditforwardconvexityadjustedrate":0.025960700637180922,"creditfundingconvexityadjustedfairpremium":0.025960700637180922,"creditfxconvexityadjustedprice":113.6603225345119,"compoundingadjustedcleanprice":113.6603225345119,"creditfxconvexityadjustedcleandv01":5.261923676646691E-4,"creditfxconvexityadjustmentpremiumupfront":0.0,"forwardfundingconvexityadjustmentfactor":1.0,"unadjusteddirtydv01":5.261923676646691E-4,"compoundingadjusteddirtydv01":5.261923676646691E-4,"creditforwardconvexityadjustmentfactor":1.0,"fundingfxconvexityadjustedparrate":0.025960700637180922,"dirtydv01":5.261923676646691E-4,"dirtyprice":113.6603225345119,"cumulativeconvexityadjustedrate":0.025960700637180922,"cumulativeconvexityadjustmentpremiumupfront":0.0,"fixing01":0.0,"creditfxconvexityadjustmentfactor":1.0,"cumulativecouponamount":0.0,"creditforwardconvexityadjusteddirtyprice":113.6603225345119,"forwardfundingconvexityadjustedparrate":0.025960700637180922,"forwardfxconvexityadjustedpv":0.13660322534511912,"fundingfxconvexityadjustedpv":0.13660322534511912,"cv01":5.261923676646691E-4,"fundingfxconvexityadjustedcleandv01":5.261923676646691E-4,"fundingfxconvexityadjustmentfactor":1.0,"creditfundingconvexityadjusteddirtypv":0.13660322534511912,"creditforwardconvexityadjustedcleanpv":0.13660322534511912,"cumulativeconvexityadjustedprice":113.6603225345119,"fundingfxconvexityadjustedcleanpv":0.13660322534511912,"forwardfxconvexityadjustedcleandv01":5.261923676646691E-4,"forwardfxconvexityadjustedcleanprice":113.6603225345119,"cumulativeconvexityadjusteddirtypv":0.13660322534511912,"forwardfxconvexityadjustedupfront":0.13660322534511912,"creditfundingconvexityadjustedpv":0.13660322534511912,"cumulativeconvexityadjusteddirtydv01":5.261923676646691E-4,"creditforwardconvexityadjustedprice":113.6603225345119,"creditfxconvexityadjustedpv":0.13660322534511912,"forwardfundingconvexityadjustmentpremium":0.0,"forwardfxconvexityadjustedrate":0.025960700637180922,"creditfundingconvexityadjustedcleanpv":0.13660322534511912,"FloatingCashFlow":[{"StartDate":"23-AUG-2019","ReferenceRate":0.02596070063718092,"CouponDCF":6.094444444444444,"PayDate":"25-AUG-2025","ForwardLabel":"USD-LIBOR-3M","FixingDate":"25-AUG-2025","PayDiscountFactor":0.8633967746548808,"FundingLabel":"USD","EndDate":"25-AUG-2025","BaseNotional":1.0,"Tenor":"3M"}],"creditfxconvexityadjusteddirtyprice":113.6603225345119,"compoundingadjustedcleanpv":0.13660322534511912,"forwardfxconvexityadjusteddirtydv01":5.261923676646691E-4,"forwardrate":0.025960700637180922,"unadjustedcleanprice":113.6603225345119,"creditforwardconvexityadjusteddirtydv01":5.261923676646691E-4,"forwardfxconvexityadjustedfairpremium":0.025960700637180922,"forwardfundingconvexityadjustedupfront":0.13660322534511912,"creditfxconvexityadjustedfairpremium":0.025960700637180922,"creditfundingconvexityadjusteddirtyprice":113.6603225345119,"unadjustedcleanpv":0.13660322534511912,"creditforwardconvexityadjustedparrate":0.025960700637180922,"forwardfundingconvexityadjusteddirtyprice":113.6603225345119,"parrate":0.025960700637180922,"creditfxconvexityadjustedupfront":0.13660322534511912,"fundingfxconvexityadjustmentpremiumupfront":0.0,"dirtypv":0.13660322534511912,"creditfxconvexityadjustedrate":0.025960700637180922,"creditfxconvexityadjusteddirtypv":0.13660322534511912,"creditforwardconvexityadjustedcleandv01":5.261923676646691E-4,"unadjustedcleandv01":5.261923676646691E-4,"creditfxconvexityadjustedparrate":0.025960700637180922,"cumulativecoupondcf":0.0,"cumulativeconvexityadjusteddv01":5.261923676646691E-4,"cleanprice":113.6603225345119,"creditforwardconvexityadjusteddirtypv":0.13660322534511912,"cleandv01":5.261923676646691E-4,"rate":0.025960700637180922,"compoundingadjustedcleandv01":5.261923676646691E-4,"forwardfundingconvexityadjustedcleanprice":113.6603225345119,"resetdate":-2.147483648E9,"creditfundingconvexityadjustmentpremium":0.0,"creditforwardconvexityadjustedcleanprice":113.6603225345119,"unadjusteddirtyprice":113.6603225345119,"compoundingadjustmentpremium":0.0,"calctime":2.92625E-4,"cumulativeconvexityadjustedparrate":0.025960700637180922,"cumulativeconvexityadjustedupfront":0.13660322534511912,"forwardfxconvexityadjustmentpremiumupfront":0.0,"cumulativeconvexityadjustedcleanprice":113.6603225345119,"forwardfundingconvexityadjustmentpremiumupfront":0.0,"forwardfundingconvexityadjusteddirtypv":0.13660322534511912,"accrualcoupon":null,"unadjustedrate":0.025960700637180922,"compoundingadjustedprice":113.6603225345119,"creditfundingconvexityadjustedrate":0.025960700637180922,"accrued":0.0,"forwardfundingconvexityadjustedfairpremium":0.025960700637180922,"creditfundingconvexityadjustedcleandv01":5.261923676646691E-4,"fairpremium":0.025960700637180922,"forwardfundingconvexityadjustedprice":113.6603225345119,"creditfxconvexityadjusteddv01":5.261923676646691E-4,"forwardfxconvexityadjusteddv01":5.261923676646691E-4}

	|-----------------------------------------------------------------|
	|    Copyright (C) 2011-2019 (DRIP, DROP)
	|-----------------------------------------------------------------|
	|    Build Version  => 4.19.0 multi mode
	|    Build JVM (TM) => 1.8.0_112
	|    Build Snap     => Thu Jul 04 22:11:11 EST 2019
	|    Start Time     => Fri Aug 23 18:15:24 EDT 2019
	|    Setup Time     => Fri Aug 23 18:15:24 EDT 2019
	|    Setup Duration => 0 ms
	|-----------------------------------------------------------------|


	|---------------- JSON REQUEST -----------------|

{"Parameters":{"CouponRate":0.1189,"ServiceFeeRate":0.0,"PayFrequency":12,"BeginPrincipalFactor":1.0,"Currency":"USD","DayCount":"Act\/365","SettleDate":"01-DEC-2015","NumPayment":48,"FixedMonthlyAmount":3941.98,"BondNotional":147544.28,"Name":"FPMG 11.89 2019","EffectiveDate":"22-OCT-2015"},"API":"FIXEDASSETBACKED::SECULARMETRICS"}

	|---------------- JSON RESPONSE ----------------|


	|-----------------------------------------------------------------|
	|    Copyright (C) 2011-2019 (DRIP, DROP)
	|-----------------------------------------------------------------|
	|    Build Version  => 4.19.0 multi mode
	|    Build JVM (TM) => 1.8.0_112
	|    Build Snap     => Thu Jul 04 22:11:11 EST 2019
	|    Start Time     => Fri Aug 23 18:15:24 EDT 2019
	|    Setup Time     => Fri Aug 23 18:15:24 EDT 2019
	|    Setup Duration => 0 ms
	|-----------------------------------------------------------------|

{"AccrualDays":-9,"Risk":1.764975740563557E-4,"PreviousCouponDate":"22-NOV-2015","Accrued":425.37868970736565,"CurrentPrincipal":145092.25468945754,"ModifiedDuration":1.7599017805771134E-4,"DV01":26.04120748589168,"CouponFlow":[{"CouponRate":0.11889999999999906,"AccrualDays":31.0,"BeginPrincipal":145092.25468945754,"DiscountFactor":0.9901888785285793,"FeeRate":0.0,"CouponAmount":1489.9546894575224,"PrincipalFactor":1.0,"TotalAmount":3941.9799999999836,"SurvivalFactor":1.0,"EndDate":"22-NOV-2015","StartDate":"22-OCT-2015","AccrualFraction":0.08493150684931507,"PayDate":"22-NOV-2015","EndPrincipal":145092.25468945754,"Notional":145092.25468945754,"PrincipalAmount":2452.0253105424613,"FeeAmount":0.0},{"CouponRate":0.11889999999999994,"AccrualDays":30.0,"BeginPrincipal":142568.20365514874,"DiscountFactor":0.9804740151616855,"FeeRate":0.0,"CouponAmount":1417.9289656912185,"PrincipalFactor":0.9833810886430673,"TotalAmount":3941.980000000016,"SurvivalFactor":1.0,"EndDate":"22-DEC-2015","StartDate":"22-NOV-2015","AccrualFraction":0.0821917808219178,"PayDate":"22-DEC-2015","EndPrincipal":142568.20365514874,"Notional":142568.20365514874,"PrincipalAmount":2524.051034308797,"FeeAmount":0.0},{"CouponRate":0.11889999999999906,"AccrualDays":31.0,"BeginPrincipal":140065.9281533748,"DiscountFactor":0.9708544654993626,"FeeRate":0.0,"CouponAmount":1439.7044982260509,"PrincipalFactor":0.9662740138428189,"TotalAmount":3941.979999999984,"SurvivalFactor":1.0,"EndDate":"22-JAN-2016","StartDate":"22-DEC-2015","AccrualFraction":0.08493150684931507,"PayDate":"22-JAN-2016","EndPrincipal":140065.9281533748,"Notional":140065.9281533748,"PrincipalAmount":2502.2755017739332,"FeeAmount":0.0},{"CouponRate":0.11889999999999906,"AccrualDays":31.0,"BeginPrincipal":137538.38378236257,"DiscountFactor":0.9613292944072771,"FeeRate":0.0,"CouponAmount":1414.4356289877262,"PrincipalFactor":0.9493145254656759,"TotalAmount":3941.979999999975,"SurvivalFactor":1.0,"EndDate":"22-FEB-2016","StartDate":"22-JAN-2016","AccrualFraction":0.08493150684931507,"PayDate":"22-FEB-2016","EndPrincipal":137538.38378236257,"Notional":137538.38378236257,"PrincipalAmount":2527.544371012249,"FeeAmount":0.0},{"CouponRate":0.11890000000000085,"AccrualDays":29.000000000000004,"BeginPrincipal":134895.7081689926,"DiscountFactor":0.951897575925812,"FeeRate":0.0,"CouponAmount":1299.3043866300486,"PrincipalFactor":0.9321837741345348,"TotalAmount":3941.9800000000023,"SurvivalFactor":1.0,"EndDate":"22-MAR-2016","StartDate":"22-FEB-2016","AccrualFraction":0.07945205479452055,"PayDate":"22-MAR-2016","EndPrincipal":134895.7081689926,"Notional":134895.7081689926,"PrincipalAmount":2642.6756133699537,"FeeAmount":0.0},{"CouponRate":0.11889999999999906,"AccrualDays":31.0,"BeginPrincipal":132315.95307512983,"DiscountFactor":0.942558393180053,"FeeRate":0.0,"CouponAmount":1362.2249061372215,"PrincipalFactor":0.9142727062614193,"TotalAmount":3941.979999999996,"SurvivalFactor":1.0,"EndDate":"22-APR-2016","StartDate":"22-MAR-2016","AccrualFraction":0.08493150684931507,"PayDate":"22-APR-2016","EndPrincipal":132315.95307512983,"Notional":132315.95307512983,"PrincipalAmount":2579.7550938627746,"FeeAmount":0.0},{"CouponRate":0.11889999999999994,"AccrualDays":30.0,"BeginPrincipal":129667.0443206613,"DiscountFactor":0.9333108382906563,"FeeRate":0.0,"CouponAmount":1293.0712455314733,"PrincipalFactor":0.8967880901593056,"TotalAmount":3941.980000000004,"SurvivalFactor":1.0,"EndDate":"22-MAY-2016","StartDate":"22-APR-2016","AccrualFraction":0.0821917808219178,"PayDate":"22-MAY-2016","EndPrincipal":129667.0443206613,"Notional":129667.0443206613,"PrincipalAmount":2648.908754468531,"FeeAmount":0.0},{"CouponRate":0.11889999999999906,"AccrualDays":31.0,"BeginPrincipal":127034.48831699425,"DiscountFactor":0.9241540122855931,"FeeRate":0.0,"CouponAmount":1309.4239963329362,"PrincipalFactor":0.8788347763848338,"TotalAmount":3941.979999999984,"SurvivalFactor":1.0,"EndDate":"22-JUN-2016","StartDate":"22-MAY-2016","AccrualFraction":0.08493150684931507,"PayDate":"22-JUN-2016","EndPrincipal":127034.48831699425,"Notional":127034.48831699425,"PrincipalAmount":2632.5560036670477,"FeeAmount":0.0},{"CouponRate":0.11889999999999994,"AccrualDays":30.0,"BeginPrincipal":124333.9659055606,"DiscountFactor":0.9150870250127583,"FeeRate":0.0,"CouponAmount":1241.4575885663514,"PrincipalFactor":0.8609922954450979,"TotalAmount":3941.9799999999996,"SurvivalFactor":1.0,"EndDate":"22-JUL-2016","StartDate":"22-JUN-2016","AccrualFraction":0.0821917808219178,"PayDate":"22-JUL-2016","EndPrincipal":124333.9659055606,"Notional":124333.9659055606,"PrincipalAmount":2700.522411433648,"FeeAmount":0.0},{"CouponRate":0.11889999999999906,"AccrualDays":31.0,"BeginPrincipal":121647.55457660528,"DiscountFactor":0.9061089950534371,"FeeRate":0.0,"CouponAmount":1255.5686710446635,"PrincipalFactor":0.8426891635891314,"TotalAmount":3941.9799999999827,"SurvivalFactor":1.0,"EndDate":"22-AUG-2016","StartDate":"22-JUL-2016","AccrualFraction":0.08493150684931507,"PayDate":"22-AUG-2016","EndPrincipal":121647.55457660528,"Notional":121647.55457660528,"PrincipalAmount":2686.4113289553193,"FeeAmount":0.0},{"CouponRate":0.11889999999999906,"AccrualDays":31.0,"BeginPrincipal":118934.01490924614,"DiscountFactor":0.8972190496366209,"FeeRate":0.0,"CouponAmount":1228.440332640838,"PrincipalFactor":0.8244816713776046,"TotalAmount":3941.9799999999786,"SurvivalFactor":1.0,"EndDate":"22-SEP-2016","StartDate":"22-AUG-2016","AccrualFraction":0.08493150684931507,"PayDate":"22-SEP-2016","EndPrincipal":118934.01490924614,"Notional":118934.01490924614,"PrincipalAmount":2713.539667359141,"FeeAmount":0.0},{"CouponRate":0.11889999999999994,"AccrualDays":30.0,"BeginPrincipal":116154.32978919485,"DiscountFactor":0.8884163245541633,"FeeRate":0.0,"CouponAmount":1162.2948799487142,"PrincipalFactor":0.8060903134248657,"TotalAmount":3941.9800000000096,"SurvivalFactor":1.0,"EndDate":"22-OCT-2016","StartDate":"22-SEP-2016","AccrualFraction":0.0821917808219178,"PayDate":"22-OCT-2016","EndPrincipal":116154.32978919485,"Notional":116154.32978919485,"PrincipalAmount":2779.685120051295,"FeeAmount":0.0},{"CouponRate":0.11889999999999906,"AccrualDays":31.0,"BeginPrincipal":113385.3175814414,"DiscountFactor":0.8796999640767692,"FeeRate":0.0,"CouponAmount":1172.9677922465476,"PrincipalFactor":0.7872506463089918,"TotalAmount":3941.98,"SurvivalFactor":1.0,"EndDate":"22-NOV-2016","StartDate":"22-OCT-2016","AccrualFraction":0.08493150684931507,"PayDate":"22-NOV-2016","EndPrincipal":113385.3175814414,"Notional":113385.3175814414,"PrincipalAmount":2769.0122077534525,"FeeAmount":0.0},{"CouponRate":0.11889999999999994,"AccrualDays":30.0,"BeginPrincipal":110551.4072466825,"DiscountFactor":0.8710691208708076,"FeeRate":0.0,"CouponAmount":1108.0696652410993,"PrincipalFactor":0.7684833162047447,"TotalAmount":3941.979999999993,"SurvivalFactor":1.0,"EndDate":"22-DEC-2016","StartDate":"22-NOV-2016","AccrualFraction":0.0821917808219178,"PayDate":"22-DEC-2016","EndPrincipal":110551.4072466825,"Notional":110551.4072466825,"PrincipalAmount":2833.910334758894,"FeeAmount":0.0},{"CouponRate":0.11889999999999906,"AccrualDays":31.0,"BeginPrincipal":107725.81473153332,"DiscountFactor":0.8625229559159404,"FeeRate":0.0,"CouponAmount":1116.3874848508049,"PrincipalFactor":0.7492761308448047,"TotalAmount":3941.9799999999846,"SurvivalFactor":1.0,"EndDate":"22-JAN-2017","StartDate":"22-DEC-2016","AccrualFraction":0.08493150684931507,"PayDate":"22-JAN-2017","EndPrincipal":107725.81473153332,"Notional":107725.81473153332,"PrincipalAmount":2825.5925151491797,"FeeAmount":0.0},{"CouponRate":0.11889999999999906,"AccrualDays":31.0,"BeginPrincipal":104871.68837679074,"DiscountFactor":0.8540606384235603,"FeeRate":0.0,"CouponAmount":1087.8536452574124,"PrincipalFactor":0.7301253205582305,"TotalAmount":3941.9799999999886,"SurvivalFactor":1.0,"EndDate":"22-FEB-2017","StartDate":"22-JAN-2017","AccrualFraction":0.08493150684931507,"PayDate":"22-FEB-2017","EndPrincipal":104871.68837679074,"Notional":104871.68837679074,"PrincipalAmount":2854.126354742576,"FeeAmount":0.0},{"CouponRate":0.11889999999999896,"AccrualDays":28.0,"BeginPrincipal":101886.25310266475,"DiscountFactor":0.8456813457560276,"FeeRate":0.0,"CouponAmount":956.5447258739965,"PrincipalFactor":0.710781118568546,"TotalAmount":3941.98,"SurvivalFactor":1.0,"EndDate":"22-MAR-2017","StartDate":"22-FEB-2017","AccrualFraction":0.07671232876712329,"PayDate":"22-MAR-2017","EndPrincipal":101886.25310266475,"Notional":101886.25310266475,"PrincipalAmount":2985.4352741260036,"FeeAmount":0.0},{"CouponRate":0.11889999999999906,"AccrualDays":31.0,"BeginPrincipal":98973.15677474998,"DiscountFactor":0.8373842633467006,"FeeRate":0.0,"CouponAmount":1028.88367208523,"PrincipalFactor":0.6905469537867869,"TotalAmount":3941.979999999996,"SurvivalFactor":1.0,"EndDate":"22-APR-2017","StartDate":"22-MAR-2017","AccrualFraction":0.08493150684931507,"PayDate":"22-APR-2017","EndPrincipal":98973.15677474998,"Notional":98973.15677474998,"PrincipalAmount":2913.096327914766,"FeeAmount":0.0},{"CouponRate":0.11889999999999994,"AccrualDays":30.0,"BeginPrincipal":95998.40211780624,"DiscountFactor":0.8291685846207499,"FeeRate":0.0,"CouponAmount":967.2253430562547,"PrincipalFactor":0.6708030753530396,"TotalAmount":3941.9799999999973,"SurvivalFactor":1.0,"EndDate":"22-MAY-2017","StartDate":"22-APR-2017","AccrualFraction":0.0821917808219178,"PayDate":"22-MAY-2017","EndPrincipal":95998.40211780624,"Notional":95998.40211780624,"PrincipalAmount":2974.7546569437427,"FeeAmount":0.0},{"CouponRate":0.11889999999999906,"AccrualDays":31.0,"BeginPrincipal":93025.84817360356,"DiscountFactor":0.8210335109167497,"FeeRate":0.0,"CouponAmount":969.4260557973128,"PrincipalFactor":0.6506412998037351,"TotalAmount":3941.979999999987,"SurvivalFactor":1.0,"EndDate":"22-JUN-2017","StartDate":"22-MAY-2017","AccrualFraction":0.08493150684931507,"PayDate":"22-JUN-2017","EndPrincipal":93025.84817360356,"Notional":93025.84817360356,"PrincipalAmount":2972.553944202674,"FeeAmount":0.0},{"CouponRate":0.11889999999999994,"AccrualDays":30.0,"BeginPrincipal":89992.97283233026,"DiscountFactor":0.8129782514090385,"FeeRate":0.0,"CouponAmount":909.1046587266951,"PrincipalFactor":0.6304944398630944,"TotalAmount":3941.979999999998,"SurvivalFactor":1.0,"EndDate":"22-JUL-2017","StartDate":"22-JUN-2017","AccrualFraction":0.0821917808219178,"PayDate":"22-JUL-2017","EndPrincipal":89992.97283233026,"Notional":89992.97283233026,"PrincipalAmount":3032.875341273303,"FeeAmount":0.0},{"CouponRate":0.11889999999999906,"AccrualDays":31.0,"BeginPrincipal":86959.77392428282,"DiscountFactor":0.8050020230308411,"FeeRate":0.0,"CouponAmount":908.7810919525575,"PrincipalFactor":0.6099387440321662,"TotalAmount":3941.9799999999914,"SurvivalFactor":1.0,"EndDate":"22-AUG-2017","StartDate":"22-JUL-2017","AccrualFraction":0.08493150684931507,"PayDate":"22-AUG-2017","EndPrincipal":86959.77392428282,"Notional":86959.77392428282,"PrincipalAmount":3033.1989080474336,"FeeAmount":0.0},{"CouponRate":0.11889999999999906,"AccrualDays":31.0,"BeginPrincipal":83895.9446933445,"DiscountFactor":0.7971040503981461,"FeeRate":0.0,"CouponAmount":878.1507690616754,"PrincipalFactor":0.5893808551865435,"TotalAmount":3941.9800000000027,"SurvivalFactor":1.0,"EndDate":"22-SEP-2017","StartDate":"22-AUG-2017","AccrualFraction":0.08493150684931507,"PayDate":"22-SEP-2017","EndPrincipal":83895.9446933445,"Notional":83895.9446933445,"PrincipalAmount":3063.8292309383273,"FeeAmount":0.0},{"CouponRate":0.11889999999999994,"AccrualDays":30.0,"BeginPrincipal":80773.84643230659,"DiscountFactor":0.7892835657343285,"FeeRate":0.0,"CouponAmount":819.8817389620812,"PrincipalFactor":0.5686153654573698,"TotalAmount":3941.9799999999977,"SurvivalFactor":1.0,"EndDate":"22-OCT-2017","StartDate":"22-SEP-2017","AccrualFraction":0.0821917808219178,"PayDate":"22-OCT-2017","EndPrincipal":80773.84643230659,"Notional":80773.84643230659,"PrincipalAmount":3122.0982610379165,"FeeAmount":0.0},{"CouponRate":0.11889999999999906,"AccrualDays":31.0,"BeginPrincipal":77647.54950234725,"DiscountFactor":0.7815398087955129,"FeeRate":0.0,"CouponAmount":815.6830700406477,"PrincipalFactor":0.5474549500143725,"TotalAmount":3941.9799999999836,"SurvivalFactor":1.0,"EndDate":"22-NOV-2017","StartDate":"22-OCT-2017","AccrualFraction":0.08493150684931507,"PayDate":"22-NOV-2017","EndPrincipal":77647.54950234725,"Notional":77647.54950234725,"PrincipalAmount":3126.296929959336,"FeeAmount":0.0},{"CouponRate":0.11889999999999994,"AccrualDays":30.0,"BeginPrincipal":74464.3881573469,"DiscountFactor":0.7738720267966691,"FeeRate":0.0,"CouponAmount":758.8186549996506,"PrincipalFactor":0.5262660775622562,"TotalAmount":3941.9799999999996,"SurvivalFactor":1.0,"EndDate":"22-DEC-2017","StartDate":"22-NOV-2017","AccrualFraction":0.0821917808219178,"PayDate":"22-DEC-2017","EndPrincipal":74464.3881573469,"Notional":74464.3881573469,"PrincipalAmount":3183.1613450003492,"FeeAmount":0.0},{"CouponRate":0.11889999999999906,"AccrualDays":31.0,"BeginPrincipal":71274.37607052269,"DiscountFactor":0.7662794743384325,"FeeRate":0.0,"CouponAmount":751.9679131757883,"PrincipalFactor":0.5046917993523496,"TotalAmount":3941.979999999996,"SurvivalFactor":1.0,"EndDate":"22-JAN-2018","StartDate":"22-DEC-2017","AccrualFraction":0.08493150684931507,"PayDate":"22-JAN-2018","EndPrincipal":71274.37607052269,"Notional":71274.37607052269,"PrincipalAmount":3190.0120868242075,"FeeAmount":0.0},{"CouponRate":0.11889999999999906,"AccrualDays":31.0,"BeginPrincipal":68052.15010547705,"DiscountFactor":0.7587614133346416,"FeeRate":0.0,"CouponAmount":719.7540349543492,"PrincipalFactor":0.48307108937413695,"TotalAmount":3941.9799999999864,"SurvivalFactor":1.0,"EndDate":"22-FEB-2018","StartDate":"22-JAN-2018","AccrualFraction":0.08493150684931507,"PayDate":"22-FEB-2018","EndPrincipal":68052.15010547705,"Notional":68052.15010547705,"PrincipalAmount":3222.225965045637,"FeeAmount":0.0},{"CouponRate":0.11889999999999896,"AccrualDays":28.0,"BeginPrincipal":64730.88029213774,"DiscountFactor":0.7513171129405886,"FeeRate":0.0,"CouponAmount":620.710186660691,"PrincipalFactor":0.4612320457660375,"TotalAmount":3941.98,"SurvivalFactor":1.0,"EndDate":"22-MAR-2018","StartDate":"22-FEB-2018","AccrualFraction":0.07671232876712329,"PayDate":"22-MAR-2018","EndPrincipal":64730.88029213774,"Notional":64730.88029213774,"PrincipalAmount":3321.269813339309,"FeeAmount":0.0},{"CouponRate":0.11889999999999906,"AccrualDays":31.0,"BeginPrincipal":61442.57577616183,"DiscountFactor":0.7439458494819713,"FeeRate":0.0,"CouponAmount":653.6754840240785,"PrincipalFactor":0.4387217199618836,"TotalAmount":3941.9799999999905,"SurvivalFactor":1.0,"EndDate":"22-APR-2018","StartDate":"22-MAR-2018","AccrualFraction":0.08493150684931507,"PayDate":"22-APR-2018","EndPrincipal":61442.57577616183,"Notional":61442.57577616183,"PrincipalAmount":3288.304515975912,"FeeAmount":0.0},{"CouponRate":0.11889999999999994,"AccrualDays":30.0,"BeginPrincipal":58101.04966052777,"DiscountFactor":0.7366469063845444,"FeeRate":0.0,"CouponAmount":600.4538843659427,"PrincipalFactor":0.41643482062579334,"TotalAmount":3941.979999999994,"SurvivalFactor":1.0,"EndDate":"22-MAY-2018","StartDate":"22-APR-2018","AccrualFraction":0.0821917808219178,"PayDate":"22-MAY-2018","EndPrincipal":58101.04966052777,"Notional":58101.04966052777,"PrincipalAmount":3341.5261156340516,"FeeAmount":0.0},{"CouponRate":0.11889999999999906,"AccrualDays":31.0,"BeginPrincipal":54745.794753524315,"DiscountFactor":0.7294195741044593,"FeeRate":0.0,"CouponAmount":586.7250929965415,"PrincipalFactor":0.393787205173442,"TotalAmount":3941.98,"SurvivalFactor":1.0,"EndDate":"22-JUN-2018","StartDate":"22-MAY-2018","AccrualFraction":0.08493150684931507,"PayDate":"22-JUN-2018","EndPrincipal":54745.794753524315,"Notional":54745.794753524315,"PrincipalAmount":3355.2549070034584,"FeeAmount":0.0},{"CouponRate":0.11889999999999994,"AccrualDays":30.0,"BeginPrincipal":51338.82365732109,"DiscountFactor":0.7222631500592885,"FeeRate":0.0,"CouponAmount":535.0089037967701,"PrincipalFactor":0.37104654110294427,"TotalAmount":3941.979999999996,"SurvivalFactor":1.0,"EndDate":"22-JUL-2018","StartDate":"22-JUN-2018","AccrualFraction":0.0821917808219178,"PayDate":"22-JUL-2018","EndPrincipal":51338.82365732109,"Notional":51338.82365732109,"PrincipalAmount":3406.971096203226,"FeeAmount":0.0},{"CouponRate":0.11889999999999906,"AccrualDays":31.0,"BeginPrincipal":47915.281383673195,"DiscountFactor":0.7151769385597259,"FeeRate":0.0,"CouponAmount":518.437726352105,"PrincipalFactor":0.3479553640257765,"TotalAmount":3941.980000000002,"SurvivalFactor":1.0,"EndDate":"22-AUG-2018","StartDate":"22-JUL-2018","AccrualFraction":0.08493150684931507,"PayDate":"22-AUG-2018","EndPrincipal":47915.281383673195,"Notional":47915.281383673195,"PrincipalAmount":3423.5422736478968,"FeeAmount":0.0},{"CouponRate":0.11889999999999906,"AccrualDays":31.0,"BeginPrincipal":44457.166960802184,"DiscountFactor":0.7081602507419575,"FeeRate":0.0,"CouponAmount":483.8655771289853,"PrincipalFactor":0.32475187369970016,"TotalAmount":3941.979999999996,"SurvivalFactor":1.0,"EndDate":"22-SEP-2018","StartDate":"22-AUG-2018","AccrualFraction":0.08493150684931507,"PayDate":"22-SEP-2018","EndPrincipal":44457.166960802184,"Notional":44457.166960802184,"PrincipalAmount":3458.1144228710104,"FeeAmount":0.0},{"CouponRate":0.11889999999999994,"AccrualDays":30.0,"BeginPrincipal":40949.64919244378,"DiscountFactor":0.7012124045006964,"FeeRate":0.0,"CouponAmount":434.4622316415926,"PrincipalFactor":0.3013140662640543,"TotalAmount":3941.9800000000005,"SurvivalFactor":1.0,"EndDate":"22-OCT-2018","StartDate":"22-SEP-2018","AccrualFraction":0.0821917808219178,"PayDate":"22-OCT-2018","EndPrincipal":40949.64919244378,"Notional":40949.64919244378,"PrincipalAmount":3507.517768358408,"FeeAmount":0.0},{"CouponRate":0.11889999999999906,"AccrualDays":31.0,"BeginPrincipal":37421.19333479564,"DiscountFactor":0.6943327244228731,"FeeRate":0.0,"CouponAmount":413.52414235185563,"PrincipalFactor":0.2775414214122281,"TotalAmount":3941.9799999999946,"SurvivalFactor":1.0,"EndDate":"22-NOV-2018","StartDate":"22-OCT-2018","AccrualFraction":0.08493150684931507,"PayDate":"22-NOV-2018","EndPrincipal":37421.19333479564,"Notional":37421.19333479564,"PrincipalAmount":3528.455857648139,"FeeAmount":0.0},{"CouponRate":0.11889999999999994,"AccrualDays":30.0,"BeginPrincipal":33844.91579130308,"DiscountFactor":0.6875205417219777,"FeeRate":0.0,"CouponAmount":365.702456507441,"PrincipalFactor":0.25362686601470175,"TotalAmount":3941.980000000001,"SurvivalFactor":1.0,"EndDate":"22-DEC-2018","StartDate":"22-NOV-2018","AccrualFraction":0.0821917808219178,"PayDate":"22-DEC-2018","EndPrincipal":33844.91579130308,"Notional":33844.91579130308,"PrincipalAmount":3576.2775434925597,"FeeAmount":0.0},{"CouponRate":0.11889999999999906,"AccrualDays":31.0,"BeginPrincipal":30244.713805317228,"DiscountFactor":0.6807751941730464,"FeeRate":0.0,"CouponAmount":341.7780140141453,"PrincipalFactor":0.22938819309906883,"TotalAmount":3941.9799999999946,"SurvivalFactor":1.0,"EndDate":"22-JAN-2019","StartDate":"22-DEC-2018","AccrualFraction":0.08493150684931507,"PayDate":"22-JAN-2019","EndPrincipal":30244.713805317228,"Notional":30244.713805317228,"PrincipalAmount":3600.201985985849,"FeeAmount":0.0},{"CouponRate":0.11889999999999906,"AccrualDays":31.0,"BeginPrincipal":26608.155697413167,"DiscountFactor":0.6740960260482847,"FeeRate":0.0,"CouponAmount":305.4218920959395,"PrincipalFactor":0.20498736925157132,"TotalAmount":3941.9799999999996,"SurvivalFactor":1.0,"EndDate":"22-FEB-2019","StartDate":"22-JAN-2019","AccrualFraction":0.08493150684931507,"PayDate":"22-FEB-2019","EndPrincipal":26608.155697413167,"Notional":26608.155697413167,"PrincipalAmount":3636.5581079040603,"FeeAmount":0.0},{"CouponRate":0.11889999999999896,"AccrualDays":28.0,"BeginPrincipal":22908.87123699626,"DiscountFactor":0.6674823880533229,"FeeRate":0.0,"CouponAmount":242.6955395830881,"PrincipalFactor":0.18034013719415737,"TotalAmount":3941.9799999999973,"SurvivalFactor":1.0,"EndDate":"22-MAR-2019","StartDate":"22-FEB-2019","AccrualFraction":0.07671232876712329,"PayDate":"22-MAR-2019","EndPrincipal":22908.87123699626,"Notional":22908.87123699626,"PrincipalAmount":3699.284460416909,"FeeAmount":0.0},{"CouponRate":0.11889999999999906,"AccrualDays":31.0,"BeginPrincipal":19198.23317807145,"DiscountFactor":0.6609336372640977,"FeeRate":0.0,"CouponAmount":231.34194107518863,"PrincipalFactor":0.15526776935707884,"TotalAmount":3941.98,"SurvivalFactor":1.0,"EndDate":"22-APR-2019","StartDate":"22-MAR-2019","AccrualFraction":0.08493150684931507,"PayDate":"22-APR-2019","EndPrincipal":19198.23317807145,"Notional":19198.23317807145,"PrincipalAmount":3710.6380589248115,"FeeAmount":0.0},{"CouponRate":0.11889999999999994,"AccrualDays":30.0,"BeginPrincipal":15443.869884225369,"DiscountFactor":0.6544491370643517,"FeeRate":0.0,"CouponAmount":187.61670615392003,"PrincipalFactor":0.13011845107157965,"TotalAmount":3941.979999999999,"SurvivalFactor":1.0,"EndDate":"22-MAY-2019","StartDate":"22-APR-2019","AccrualFraction":0.0821917808219178,"PayDate":"22-MAY-2019","EndPrincipal":15443.869884225369,"Notional":15443.869884225369,"PrincipalAmount":3754.363293846079,"FeeAmount":0.0},{"CouponRate":0.11889999999999906,"AccrualDays":31.0,"BeginPrincipal":11657.847582872673,"DiscountFactor":0.6480282570837469,"FeeRate":0.0,"CouponAmount":155.95769864730366,"PrincipalFactor":0.10467277948169437,"TotalAmount":3941.979999999999,"SurvivalFactor":1.0,"EndDate":"22-JUN-2019","StartDate":"22-MAY-2019","AccrualFraction":0.08493150684931507,"PayDate":"22-JUN-2019","EndPrincipal":11657.847582872673,"Notional":11657.847582872673,"PrincipalAmount":3786.0223013526956,"FeeAmount":0.0},{"CouponRate":0.11889999999999994,"AccrualDays":30.0,"BeginPrincipal":7829.795096100363,"DiscountFactor":0.6416703731365853,"FeeRate":0.0,"CouponAmount":113.92751322768987,"PrincipalFactor":0.07901253496830019,"TotalAmount":3941.9800000000014,"SurvivalFactor":1.0,"EndDate":"22-JUL-2019","StartDate":"22-JUN-2019","AccrualFraction":0.0821917808219178,"PayDate":"22-JUL-2019","EndPrincipal":7829.795096100363,"Notional":7829.795096100363,"PrincipalAmount":3828.0524867723116,"FeeAmount":0.0},{"CouponRate":0.11889999999999906,"AccrualDays":31.0,"BeginPrincipal":3966.883155674928,"DiscountFactor":0.6353748671611303,"FeeRate":0.0,"CouponAmount":79.06805957456464,"PrincipalFactor":0.05306742556268777,"TotalAmount":3941.979999999999,"SurvivalFactor":1.0,"EndDate":"22-AUG-2019","StartDate":"22-JUL-2019","AccrualFraction":0.08493150684931507,"PayDate":"22-AUG-2019","EndPrincipal":3966.883155674928,"Notional":3966.883155674928,"PrincipalAmount":3862.9119404254343,"FeeAmount":0.0},{"CouponRate":0.11889999999999906,"AccrualDays":31.0,"BeginPrincipal":64.96215464342686,"DiscountFactor":0.6291411271595246,"FeeRate":0.0,"CouponAmount":40.05899896849891,"PrincipalFactor":0.026886051805430397,"TotalAmount":3941.9800000000005,"SurvivalFactor":1.0,"EndDate":"22-SEP-2019","StartDate":"22-AUG-2019","AccrualFraction":0.08493150684931507,"PayDate":"22-SEP-2019","EndPrincipal":64.96215464342686,"Notional":64.96215464342686,"PrincipalAmount":3901.9210010315014,"FeeAmount":0.0},{"CouponRate":0.11889999999999994,"AccrualDays":30.0,"BeginPrincipal":0.0,"DiscountFactor":0.622968547138296,"FeeRate":0.0,"CouponAmount":0.6348493304468589,"PrincipalFactor":4.402892110993856E-4,"TotalAmount":65.59700397387371,"SurvivalFactor":1.0,"EndDate":"22-OCT-2019","StartDate":"22-SEP-2019","AccrualFraction":0.0821917808219178,"PayDate":"22-OCT-2019","EndPrincipal":0.0,"Notional":0.0,"PrincipalAmount":64.96215464342686,"FeeAmount":0.0}],"NPV":145517.6333791649,"Total":145517.6333791649,"Yield01":1.764975740563557E-4,"Yield":0.12879856560312272,"Convexity":4.429388280786994E-8,"Y01":1.764975740563557E-4,"CleanPrice":100.0,"Face":147544.28,"SettleDate":"01-DEC-2015","Notional":147544.28}

	|-----------------------------------------------------------------|
	|    Copyright (C) 2011-2019 (DRIP, DROP)
	|-----------------------------------------------------------------|
	|    Build Version  => 4.19.0 multi mode
	|    Build JVM (TM) => 1.8.0_112
	|    Build Snap     => Thu Jul 04 22:11:11 EST 2019
	|    Start Time     => Fri Aug 23 18:15:24 EDT 2019
	|    Setup Time     => Fri Aug 23 18:15:24 EDT 2019
	|    Setup Duration => 0 ms
	|-----------------------------------------------------------------|


	|---------------- JSON REQUEST -----------------|

{"Parameters":{"FixFloatQuote":[0.0166,0.0206,0.0241,0.0269,0.0292,0.0311,0.0326,0.034,0.0351,0.0375,0.0393,0.0402,0.0407,0.0409,0.0409],"FixFloatTenor":["04Y","05Y","06Y","07Y","08Y","09Y","10Y","11Y","12Y","15Y","20Y","25Y","30Y","40Y","50Y"],"FixFloatMaturity":"05Y","DepositQuote":[0.0013,0.0017,0.0017,0.0018,0.002,0.0023],"Currency":"USD","FuturesQuote":[0.0027,0.0032,0.0041,0.0054,0.0077,0.0104,0.0134,0.016],"SpotDate":"23-AUG-2019","FixFloatCoupon":0.0206,"DepositTenor":["01D","04D","07D","14D","30D","60D"]},"API":"FIXFLOAT::SECULARMETRICS"}

	|---------------- JSON RESPONSE ----------------|


	|-----------------------------------------------------------------|
	|    Copyright (C) 2011-2019 (DRIP, DROP)
	|-----------------------------------------------------------------|
	|    Build Version  => 4.19.0 multi mode
	|    Build JVM (TM) => 1.8.0_112
	|    Build Snap     => Thu Jul 04 22:11:11 EST 2019
	|    Start Time     => Fri Aug 23 18:15:24 EDT 2019
	|    Setup Time     => Fri Aug 23 18:15:24 EDT 2019
	|    Setup Duration => 0 ms
	|-----------------------------------------------------------------|

{"floatstream::usd::usd-libor-3m::{27-aug-2019->27-aug-2024}@creditfxconvexityadjustedupfront":-0.09895343728056338,"floatstream::usd::usd-libor-3m::{27-aug-2019->27-aug-2024}@forwardfxconvexityadjustedupfront":-0.09895343728056338,"fixedstream::usd\/usd::6::{27-aug-2019->27-aug-2024}@forwardfxconvexityadjusteddv01":4.803564916532193E-4,"floatstream::usd::usd-libor-3m::{27-aug-2019->27-aug-2024}@creditfxconvexityadjusteddirtydv01":-4.888035725187487E-4,"floatstream::usd::usd-libor-3m::{27-aug-2019->27-aug-2024}@creditfundingconvexityadjustmentfactor":1.0,"floatstream::usd::usd-libor-3m::{27-aug-2019->27-aug-2024}@creditforwardconvexityadjusteddirtydv01":-4.888035725187487E-4,"cleanfloatingpv":-0.09895343728056338,"fixedstream::usd\/usd::6::{27-aug-2019->27-aug-2024}@dirtydv01":4.803564916532193E-4,"fixedstream::usd\/usd::6::{27-aug-2019->27-aug-2024}@unadjusteddirtyprice":109.89534372805629,"floatstream::usd::usd-libor-3m::{27-aug-2019->27-aug-2024}@creditfundingconvexityadjustmentpremium":0.0,"floatstream::usd::usd-libor-3m::{27-aug-2019->27-aug-2024}@fundingfxconvexityadjustmentpremium":0.0,"floatstream::usd::usd-libor-3m::{27-aug-2019->27-aug-2024}@compoundingadjustedpv":-0.09895343728056338,"floatstream::usd::usd-libor-3m::{27-aug-2019->27-aug-2024}@fundingfxconvexityadjustedprice":109.89534372805633,"floatstream::usd::usd-libor-3m::{27-aug-2019->27-aug-2024}@totalcoupon":0.41206188286487044,"fixedstream::usd\/usd::6::{27-aug-2019->27-aug-2024}@cumulativeconvexityadjustedupfront":0.09895343728056295,"fixedstream::usd\/usd::6::{27-aug-2019->27-aug-2024}@compoundingadjustedupfront":0.09895343728056295,"fixedstream::usd\/usd::6::{27-aug-2019->27-aug-2024}@creditfundingconvexityadjustedcleanpv":0.09895343728056295,"fixedstream::usd\/usd::6::{27-aug-2019->27-aug-2024}@creditfxconvexityadjusteddirtydv01":4.803564916532193E-4,"fixedstream::usd\/usd::6::{27-aug-2019->27-aug-2024}@fundingfxconvexityadjustedparrate":0.020599999999999955,"fixedstream::usd\/usd::6::{27-aug-2019->27-aug-2024}@unadjusteddirtydv01":4.803564916532193E-4,"floatstream::usd::usd-libor-3m::{27-aug-2019->27-aug-2024}@unadjustedfairpremium":0.020244008604656406,"floatstream::usd::usd-libor-3m::{27-aug-2019->27-aug-2024}@unadjustedprice":109.89534372805633,"fixedstream::usd\/usd::6::{27-aug-2019->27-aug-2024}@creditforwardconvexityadjustedcleanprice":109.89534372805629,"fixedstream::usd\/usd::6::{27-aug-2019->27-aug-2024}@unadjustedcleandv01":4.803564916532193E-4,"floatstream::usd::usd-libor-3m::{27-aug-2019->27-aug-2024}@dirtyprice":109.89534372805633,"floatstream::usd::usd-libor-3m::{27-aug-2019->27-aug-2024}@creditfxconvexityadjusteddirtyprice":109.89534372805633,"floatstream::usd::usd-libor-3m::{27-aug-2019->27-aug-2024}@forwardfundingconvexityadjustedcleanpv":-0.09895343728056338,"fixedstream::usd\/usd::6::{27-aug-2019->27-aug-2024}@forwardfundingconvexityadjustedfairpremium":0.020599999999999955,"floatstream::usd::usd-libor-3m::{27-aug-2019->27-aug-2024}@unadjusteddirtydv01":-4.888035725187487E-4,"fixedstream::usd\/usd::6::{27-aug-2019->27-aug-2024}@compoundingadjustedcleanprice":109.89534372805629,"fixedstream::usd\/usd::6::{27-aug-2019->27-aug-2024}@forwardfxconvexityadjustedupfront":0.09895343728056295,"floatdv01":-4.888035725187487E-4,"fixedstream::usd\/usd::6::{27-aug-2019->27-aug-2024}@parrate":0.020599999999999955,"floatstream::usd::usd-libor-3m::{27-aug-2019->27-aug-2024}@forwardfxconvexityadjustmentpremiumupfront":-0.0,"fixedstream::usd\/usd::6::{27-aug-2019->27-aug-2024}@accrued01":0.0,"floatstream::usd::usd-libor-3m::{27-aug-2019->27-aug-2024}@cumulativeconvexityadjustmentfactor":1.0,"floatstream::usd::usd-libor-3m::{27-aug-2019->27-aug-2024}@cumulativeconvexityadjustmentpremium":0.0,"floatstream::usd::usd-libor-3m::{27-aug-2019->27-aug-2024}@creditfundingconvexityadjustedcleanpv":-0.09895343728056338,"floatstream::usd::usd-libor-3m::{27-aug-2019->27-aug-2024}@creditfundingconvexityadjusteddv01":-4.888035725187487E-4,"floatstream::usd::usd-libor-3m::{27-aug-2019->27-aug-2024}@forwardfundingconvexityadjustmentpremiumupfront":-0.0,"floatstream::usd::usd-libor-3m::{27-aug-2019->27-aug-2024}@creditforwardconvexityadjustedcleandv01":-4.888035725187487E-4,"fixedstream::usd\/usd::6::{27-aug-2019->27-aug-2024}@accrualcoupon":null,"fixedstream::usd\/usd::6::{27-aug-2019->27-aug-2024}@creditforwardconvexityadjustedprice":109.89534372805629,"fixedstream::usd\/usd::6::{27-aug-2019->27-aug-2024}@creditforwardconvexityadjustedrate":0.020599999999999955,"fixedstream::usd\/usd::6::{27-aug-2019->27-aug-2024}@compoundingadjustmentfactor":1.0,"floatstream::usd::usd-libor-3m::{27-aug-2019->27-aug-2024}@unadjustedcleandv01":-4.888035725187487E-4,"floatstream::usd::usd-libor-3m::{27-aug-2019->27-aug-2024}@forwardfundingconvexityadjustedpv":-0.09895343728056338,"fixedstream::usd\/usd::6::{27-aug-2019->27-aug-2024}@creditforwardconvexityadjustmentfactor":1.0,"fixedstream::usd\/usd::6::{27-aug-2019->27-aug-2024}@fundingfxconvexityadjustmentpremium":0.0,"fixedstream::usd\/usd::6::{27-aug-2019->27-aug-2024}@creditfxconvexityadjusteddirtyprice":109.89534372805629,"fixedstream::usd\/usd::6::{27-aug-2019->27-aug-2024}@forwardfundingconvexityadjustedpv":0.09895343728056295,"fixedstream::usd\/usd::6::{27-aug-2019->27-aug-2024}@creditforwardconvexityadjustmentpremium":0.0,"floatstream::usd::usd-libor-3m::{27-aug-2019->27-aug-2024}@creditfxconvexityadjustedpv":-0.09895343728056338,"fixedstream::usd\/usd::6::{27-aug-2019->27-aug-2024}@cumulativeconvexityadjustedrate":0.020599999999999955,"floatstream::usd::usd-libor-3m::{27-aug-2019->27-aug-2024}@fundingfxconvexityadjustmentfactor":1.0,"fixedstream::usd\/usd::6::{27-aug-2019->27-aug-2024}@accrued":0.0,"floatstream::usd::usd-libor-3m::{27-aug-2019->27-aug-2024}@cumulativeconvexityadjustedupfront":-0.09895343728056338,"derivedresetdate":-2.147483648E9,"dirtyprice":99.99999999999996,"floatstream::usd::usd-libor-3m::{27-aug-2019->27-aug-2024}@creditfundingconvexityadjustedupfront":-0.09895343728056338,"floatstream::usd::usd-libor-3m::{27-aug-2019->27-aug-2024}@forwardfxconvexityadjusteddirtypv":-0.09895343728056338,"floatstream::usd::usd-libor-3m::{27-aug-2019->27-aug-2024}@cumulativeconvexityadjustedcleanpv":-0.09895343728056338,"derivedaccrued":0.0,"floatstream::usd::usd-libor-3m::{27-aug-2019->27-aug-2024}@forwardfundingconvexityadjustedcleanprice":109.89534372805633,"cumulativecouponamount":0.0,"floatstream::usd::usd-libor-3m::{27-aug-2019->27-aug-2024}@creditfxconvexityadjusteddirtypv":-0.09895343728056338,"floatstream::usd::usd-libor-3m::{27-aug-2019->27-aug-2024}@forwardfundingconvexityadjustedprice":109.89534372805633,"fixedstream::usd\/usd::6::{27-aug-2019->27-aug-2024}@creditfxconvexityadjustedcleandv01":4.803564916532193E-4,"fixedstream::usd\/usd::6::{27-aug-2019->27-aug-2024}@creditfxconvexityadjustedrate":0.020599999999999955,"floatstream::usd::usd-libor-3m::{27-aug-2019->27-aug-2024}@forwardfundingconvexityadjustedupfront":-0.09895343728056338,"floatstream::usd::usd-libor-3m::{27-aug-2019->27-aug-2024}@fundingfxconvexityadjustedpv":-0.09895343728056338,"fixedstream::usd\/usd::6::{27-aug-2019->27-aug-2024}@forwardfxconvexityadjustedpv":0.09895343728056295,"floatstream::usd::usd-libor-3m::{27-aug-2019->27-aug-2024}@cumulativeconvexityadjusteddv01":-4.888035725187487E-4,"fixedstream::usd\/usd::6::{27-aug-2019->27-aug-2024}@compoundingadjustedprice":109.89534372805629,"floatstream::usd::usd-libor-3m::{27-aug-2019->27-aug-2024}@fundingfxconvexityadjusteddirtyprice":109.89534372805633,"fixedstream::usd\/usd::6::{27-aug-2019->27-aug-2024}@cumulativeconvexityadjustmentfactor":1.0,"referencedv01":4.803564916532193E-4,"cleanfixeddv01":4.803564916532193E-4,"fixedstream::usd\/usd::6::{27-aug-2019->27-aug-2024}@cumulativeconvexityadjustmentpremiumupfront":0.0,"floatstream::usd::usd-libor-3m::{27-aug-2019->27-aug-2024}@forwardfxconvexityadjustedcleanprice":109.89534372805633,"fixedstream::usd\/usd::6::{27-aug-2019->27-aug-2024}@totalcoupon":0.20599999999999952,"fixedstream::usd\/usd::6::{27-aug-2019->27-aug-2024}@cumulativeconvexityadjusteddirtypv":0.09895343728056295,"floatstream::usd::usd-libor-3m::{27-aug-2019->27-aug-2024}@unadjustedcleanprice":109.89534372805633,"floatstream::usd::usd-libor-3m::{27-aug-2019->27-aug-2024}@cleanpv":-0.09895343728056338,"floatstream::usd::usd-libor-3m::{27-aug-2019->27-aug-2024}@forwardfxconvexityadjustedcleanpv":-0.09895343728056338,"floatstream::usd::usd-libor-3m::{27-aug-2019->27-aug-2024}@forwardfxconvexityadjustmentfactor":1.0,"cumulativecoupondcf":0.0,"floatstream::usd::usd-libor-3m::{27-aug-2019->27-aug-2024}@cumulativeconvexityadjusteddirtypv":-0.09895343728056338,"floatstream::usd::usd-libor-3m::{27-aug-2019->27-aug-2024}@unadjustedrate":0.020244008604656406,"referencedirtypv":0.09895343728056295,"floatstream::usd::usd-libor-3m::{27-aug-2019->27-aug-2024}@forwardfundingconvexityadjustedcleandv01":-4.888035725187487E-4,"fixedstream::usd\/usd::6::{27-aug-2019->27-aug-2024}@creditfundingconvexityadjustedupfront":0.09895343728056295,"floatstream::usd::usd-libor-3m::{27-aug-2019->27-aug-2024}@creditforwardconvexityadjustedpv":-0.09895343728056338,"rate":0.020600000000000045,"fixedstream::usd\/usd::6::{27-aug-2019->27-aug-2024}@creditfxconvexityadjustedparrate":0.020599999999999955,"floatstream::usd::usd-libor-3m::{27-aug-2019->27-aug-2024}@creditfxconvexityadjustmentfactor":1.0,"referencecumulativecoupondcf":0.0,"fixedstream::usd\/usd::6::{27-aug-2019->27-aug-2024}@creditfundingconvexityadjusteddv01":4.803564916532193E-4,"floatstream::usd::usd-libor-3m::{27-aug-2019->27-aug-2024}@fundingfxconvexityadjustedcleanpv":-0.09895343728056338,"fixedstream::usd\/usd::6::{27-aug-2019->27-aug-2024}@forwardfundingconvexityadjusteddirtypv":0.09895343728056295,"floatstream::usd::usd-libor-3m::{27-aug-2019->27-aug-2024}@cumulativecoupondcf":0.0,"floatstream::usd::usd-libor-3m::{27-aug-2019->27-aug-2024}@creditfxconvexityadjustedcleandv01":-4.888035725187487E-4,"fixedstream::usd\/usd::6::{27-aug-2019->27-aug-2024}@cleanprice":109.89534372805629,"floatstream::usd::usd-libor-3m::{27-aug-2019->27-aug-2024}@creditforwardconvexityadjustedparrate":0.020244008604656406,"fixedstream::usd\/usd::6::{27-aug-2019->27-aug-2024}@creditforwardconvexityadjustedparrate":0.020599999999999955,"floatstream::usd::usd-libor-3m::{27-aug-2019->27-aug-2024}@creditforwardconvexityadjustedrate":0.020244008604656406,"floatstream::usd::usd-libor-3m::{27-aug-2019->27-aug-2024}@resetdate":-2.147483648E9,"fairpremium":0.020600000000000045,"fixedstream::usd\/usd::6::{27-aug-2019->27-aug-2024}@cv01":4.803564916532193E-4,"floatstream::usd::usd-libor-3m::{27-aug-2019->27-aug-2024}@cumulativeconvexityadjustedcleandv01":-4.888035725187487E-4,"floatstream::usd::usd-libor-3m::{27-aug-2019->27-aug-2024}@cumulativeconvexityadjustedpv":-0.09895343728056338,"floatstream::usd::usd-libor-3m::{27-aug-2019->27-aug-2024}@compoundingadjustedcleanprice":109.89534372805633,"fixedstream::usd\/usd::6::{27-aug-2019->27-aug-2024}@fixing01":0.0,"fixedstream::usd\/usd::6::{27-aug-2019->27-aug-2024}@forwardfundingconvexityadjustedcleanprice":109.89534372805629,"fixedstream::usd\/usd::6::{27-aug-2019->27-aug-2024}@price":109.89534372805629,"fixedstream::usd\/usd::6::{27-aug-2019->27-aug-2024}@compoundingadjustedpv":0.09895343728056295,"fixedstream::usd\/usd::6::{27-aug-2019->27-aug-2024}@forwardfxconvexityadjustedcleandv01":4.803564916532193E-4,"floatstream::usd::usd-libor-3m::{27-aug-2019->27-aug-2024}@forwardfxconvexityadjusteddv01":-4.888035725187487E-4,"cleanpv":-4.3021142204224816E-16,"fixedstream::usd\/usd::6::{27-aug-2019->27-aug-2024}@pv":0.09895343728056295,"referencecleandv01":4.803564916532193E-4,"fixedstream::usd\/usd::6::{27-aug-2019->27-aug-2024}@calctime":1.34041E-4,"floatstream::usd::usd-libor-3m::{27-aug-2019->27-aug-2024}@compoundingadjusteddirtydv01":-4.888035725187487E-4,"fixedstream::usd\/usd::6::{27-aug-2019->27-aug-2024}@forwardfxconvexityadjustmentpremiumupfront":0.0,"floatstream::usd::usd-libor-3m::{27-aug-2019->27-aug-2024}@resetrate":null,"fixedstream::usd\/usd::6::{27-aug-2019->27-aug-2024}@compoundingadjustedrate":0.020599999999999955,"floatstream::usd::usd-libor-3m::{27-aug-2019->27-aug-2024}@price":109.89534372805633,"floatstream::usd::usd-libor-3m::{27-aug-2019->27-aug-2024}@forwardfundingconvexityadjustedfairpremium":0.020244008604656406,"dirtyfloatingpv":-0.09895343728056338,"floatstream::usd::usd-libor-3m::{27-aug-2019->27-aug-2024}@fundingfxconvexityadjustedrate":0.020244008604656406,"fixedstream::usd\/usd::6::{27-aug-2019->27-aug-2024}@forwardfundingconvexityadjustedrate":0.020599999999999955,"fixedstream::usd\/usd::6::{27-aug-2019->27-aug-2024}@fundingfxconvexityadjustedcleandv01":4.803564916532193E-4,"floatstream::usd::usd-libor-3m::{27-aug-2019->27-aug-2024}@creditfxconvexityadjusteddv01":-4.888035725187487E-4,"fixedstream::usd\/usd::6::{27-aug-2019->27-aug-2024}@compoundingadjusteddirtypv":0.09895343728056295,"fixedstream::usd\/usd::6::{27-aug-2019->27-aug-2024}@creditforwardconvexityadjusteddv01":4.803564916532193E-4,"fixedstream::usd\/usd::6::{27-aug-2019->27-aug-2024}@cumulativeconvexityadjustedcleanpv":0.09895343728056295,"fixedstream::usd\/usd::6::{27-aug-2019->27-aug-2024}@forwardfundingconvexityadjustedcleandv01":4.803564916532193E-4,"floatstream::usd::usd-libor-3m::{27-aug-2019->27-aug-2024}@forwardfundingconvexityadjusteddirtypv":-0.09895343728056338,"fixedstream::usd\/usd::6::{27-aug-2019->27-aug-2024}@cumulativeconvexityadjusteddirtydv01":4.803564916532193E-4,"fixedstream::usd\/usd::6::{27-aug-2019->27-aug-2024}@creditfundingconvexityadjusteddirtyprice":109.89534372805629,"fixedstream::usd\/usd::6::{27-aug-2019->27-aug-2024}@cumulativecoupondcf":0.0,"floatstream::usd::usd-libor-3m::{27-aug-2019->27-aug-2024}@creditfundingconvexityadjustedrate":0.020244008604656406,"floatstream::usd::usd-libor-3m::{27-aug-2019->27-aug-2024}@unadjustedupfront":-0.09895343728056338,"fixedstream::usd\/usd::6::{27-aug-2019->27-aug-2024}@creditfundingconvexityadjustmentpremiumupfront":0.0,"parfixedcoupon":0.020600000000000045,"floatstream::usd::usd-libor-3m::{27-aug-2019->27-aug-2024}@forwardfundingconvexityadjustmentpremium":0.0,"floatstream::usd::usd-libor-3m::{27-aug-2019->27-aug-2024}@compoundingadjustmentfactor":1.0,"fixedstream::usd\/usd::6::{27-aug-2019->27-aug-2024}@rate":0.020599999999999955,"fixedstream::usd\/usd::6::{27-aug-2019->27-aug-2024}@creditforwardconvexityadjustedcleandv01":4.803564916532193E-4,"fixedstream::usd\/usd::6::{27-aug-2019->27-aug-2024}@cumulativeconvexityadjustedprice":109.89534372805629,"floatstream::usd::usd-libor-3m::{27-aug-2019->27-aug-2024}@creditfxconvexityadjustedfairpremium":0.020244008604656406,"fixedstream::usd\/usd::6::{27-aug-2019->27-aug-2024}@forwardfxconvexityadjusteddirtyprice":109.89534372805629,"referencecumulativeconvexityadjustmentpremium":0.0,"fixedstream::usd\/usd::6::{27-aug-2019->27-aug-2024}@fundingfxconvexityadjusteddirtypv":0.09895343728056295,"floatstream::usd::usd-libor-3m::{27-aug-2019->27-aug-2024}@creditforwardconvexityadjusteddirtyprice":109.89534372805633,"referencepv":0.09895343728056295,"floatstream::usd::usd-libor-3m::{27-aug-2019->27-aug-2024}@fundingfxconvexityadjusteddirtydv01":-4.888035725187487E-4,"dirtyfixeddv01":4.803564916532193E-4,"fixedstream::usd\/usd::6::{27-aug-2019->27-aug-2024}@compoundingadjustedcleanpv":0.09895343728056295,"floatstream::usd::usd-libor-3m::{27-aug-2019->27-aug-2024}@forwardfundingconvexityadjustedparrate":0.020244008604656406,"floatstream::usd::usd-libor-3m::{27-aug-2019->27-aug-2024}@fundingfxconvexityadjustedparrate":0.020244008604656406,"fixedstream::usd\/usd::6::{27-aug-2019->27-aug-2024}@resetdate":-2.147483648E9,"floatstream::usd::usd-libor-3m::{27-aug-2019->27-aug-2024}@forwardfundingconvexityadjustmentfactor":1.0,"referencecumulativecouponamount":0.0,"FixedCashFlow":[{"StartDate":"27-AUG-2019","ReferenceRate":0.02059999999999995,"CouponDCF":0.5,"PayDate":"27-FEB-2020","FixingDate":"27-FEB-2020","PayDiscountFactor":0.9985603995150935,"FundingLabel":"USD","EndDate":"27-FEB-2020","BaseNotional":1.0,"Tenor":"6M"},{"StartDate":"27-FEB-2020","ReferenceRate":0.02059999999999995,"CouponDCF":0.5,"PayDate":"27-AUG-2020","FixingDate":"27-AUG-2020","PayDiscountFactor":0.9962986649021067,"FundingLabel":"USD","EndDate":"27-AUG-2020","BaseNotional":1.0,"Tenor":"6M"},{"StartDate":"27-AUG-2020","ReferenceRate":0.02059999999999995,"CouponDCF":0.5,"PayDate":"27-FEB-2021","FixingDate":"27-FEB-2021","PayDiscountFactor":0.9919717018920662,"FundingLabel":"USD","EndDate":"27-FEB-2021","BaseNotional":1.0,"Tenor":"6M"},{"StartDate":"27-FEB-2021","ReferenceRate":0.02059999999999995,"CouponDCF":0.5,"PayDate":"27-AUG-2021","FixingDate":"27-AUG-2021","PayDiscountFactor":0.9849108000395258,"FundingLabel":"USD","EndDate":"27-AUG-2021","BaseNotional":1.0,"Tenor":"6M"},{"StartDate":"27-AUG-2021","ReferenceRate":0.02059999999999995,"CouponDCF":0.5,"PayDate":"27-FEB-2022","FixingDate":"27-FEB-2022","PayDiscountFactor":0.9702320403181929,"FundingLabel":"USD","EndDate":"27-FEB-2022","BaseNotional":1.0,"Tenor":"6M"},{"StartDate":"27-FEB-2022","ReferenceRate":0.02059999999999995,"CouponDCF":0.5,"PayDate":"27-AUG-2022","FixingDate":"27-AUG-2022","PayDiscountFactor":0.9607442415399415,"FundingLabel":"USD","EndDate":"27-AUG-2022","BaseNotional":1.0,"Tenor":"6M"},{"StartDate":"27-AUG-2022","ReferenceRate":0.02059999999999995,"CouponDCF":0.5,"PayDate":"27-FEB-2023","FixingDate":"27-FEB-2023","PayDiscountFactor":0.9490988265311265,"FundingLabel":"USD","EndDate":"27-FEB-2023","BaseNotional":1.0,"Tenor":"6M"},{"StartDate":"27-FEB-2023","ReferenceRate":0.02059999999999995,"CouponDCF":0.5,"PayDate":"27-AUG-2023","FixingDate":"27-AUG-2023","PayDiscountFactor":0.9353502603818534,"FundingLabel":"USD","EndDate":"27-AUG-2023","BaseNotional":1.0,"Tenor":"6M"},{"StartDate":"27-AUG-2023","ReferenceRate":0.02059999999999995,"CouponDCF":0.5,"PayDate":"27-FEB-2024","FixingDate":"27-FEB-2024","PayDiscountFactor":0.9189325892816935,"FundingLabel":"USD","EndDate":"27-FEB-2024","BaseNotional":1.0,"Tenor":"6M"},{"StartDate":"27-FEB-2024","ReferenceRate":0.02059999999999995,"CouponDCF":0.5,"PayDate":"27-AUG-2024","FixingDate":"27-AUG-2024","PayDiscountFactor":0.9010303086627853,"FundingLabel":"USD","EndDate":"27-AUG-2024","BaseNotional":1.0,"Tenor":"6M"}],"fixedstream::usd\/usd::6::{27-aug-2019->27-aug-2024}@forwardfxconvexityadjustedprice":109.89534372805629,"derivedcleandv01":-4.888035725187487E-4,"derivedresetrate":null,"parrate":0.020600000000000045,"floatstream::usd::usd-libor-3m::{27-aug-2019->27-aug-2024}@creditforwardconvexityadjustedprice":109.89534372805633,"fixedstream::usd\/usd::6::{27-aug-2019->27-aug-2024}@upfront":0.09895343728056295,"fixedstream::usd\/usd::6::{27-aug-2019->27-aug-2024}@fundingfxconvexityadjusteddirtyprice":109.89534372805629,"floatstream::usd::usd-libor-3m::{27-aug-2019->27-aug-2024}@creditforwardconvexityadjustedupfront":-0.09895343728056338,"floatstream::usd::usd-libor-3m::{27-aug-2019->27-aug-2024}@cumulativeconvexityadjusteddirtyprice":109.89534372805633,"fixedstream::usd\/usd::6::{27-aug-2019->27-aug-2024}@forwardfxconvexityadjustmentpremium":0.0,"fixedstream::usd\/usd::6::{27-aug-2019->27-aug-2024}@creditfxconvexityadjusteddirtypv":0.09895343728056295,"fixedstream::usd\/usd::6::{27-aug-2019->27-aug-2024}@unadjustedcleanprice":109.89534372805629,"fixedstream::usd\/usd::6::{27-aug-2019->27-aug-2024}@compoundingadjustedcleandv01":4.803564916532193E-4,"resetdate":-2.147483648E9,"fixedstream::usd\/usd::6::{27-aug-2019->27-aug-2024}@unadjustedupfront":0.09895343728056295,"floatstream::usd::usd-libor-3m::{27-aug-2019->27-aug-2024}@creditfundingconvexityadjustedpv":-0.09895343728056338,"swaprate":0.020600000000000045,"fixedaccrued":0.0,"referenceaccrued":0.0,"fixedstream::usd\/usd::6::{27-aug-2019->27-aug-2024}@cumulativeconvexityadjusteddirtyprice":109.89534372805629,"floatstream::usd::usd-libor-3m::{27-aug-2019->27-aug-2024}@forwardfxconvexityadjustedpv":-0.09895343728056338,"derivedcumulativeconvexityadjustmentpremium":-0.0,"fixedstream::usd\/usd::6::{27-aug-2019->27-aug-2024}@creditfundingconvexityadjusteddirtydv01":4.803564916532193E-4,"fixedstream::usd\/usd::6::{27-aug-2019->27-aug-2024}@creditfxconvexityadjustmentfactor":1.0,"fixedstream::usd\/usd::6::{27-aug-2019->27-aug-2024}@unadjustedfairpremium":0.020599999999999955,"derivedaccrued01":0.0,"fixedstream::usd\/usd::6::{27-aug-2019->27-aug-2024}@creditforwardconvexityadjusteddirtyprice":109.89534372805629,"floatstream::usd::usd-libor-3m::{27-aug-2019->27-aug-2024}@creditfundingconvexityadjusteddirtyprice":109.89534372805633,"fixedstream::usd\/usd::6::{27-aug-2019->27-aug-2024}@cumulativeconvexityadjustedpv":0.09895343728056295,"floatstream::usd::usd-libor-3m::{27-aug-2019->27-aug-2024}@accrued":0.0,"fixedstream::usd\/usd::6::{27-aug-2019->27-aug-2024}@fundingfxconvexityadjustedcleanpv":0.09895343728056295,"fixedstream::usd\/usd::6::{27-aug-2019->27-aug-2024}@cumulativeconvexityadjustedparrate":0.020599999999999955,"floatstream::usd::usd-libor-3m::{27-aug-2019->27-aug-2024}@creditfxconvexityadjustmentpremium":0.0,"derivedfixing01":0.0,"deriveddv01":-4.888035725187487E-4,"resetrate":null,"floatstream::usd::usd-libor-3m::{27-aug-2019->27-aug-2024}@creditfxconvexityadjustedparrate":0.020244008604656406,"floatstream::usd::usd-libor-3m::{27-aug-2019->27-aug-2024}@dirtypv":-0.09895343728056338,"fixedstream::usd\/usd::6::{27-aug-2019->27-aug-2024}@creditfxconvexityadjustedcleanpv":0.09895343728056295,"floatstream::usd::usd-libor-3m::{27-aug-2019->27-aug-2024}@forwardfxconvexityadjustedparrate":0.020244008604656406,"floatstream::usd::usd-libor-3m::{27-aug-2019->27-aug-2024}@fundingfxconvexityadjustedcleanprice":109.89534372805633,"pv":-4.3021142204224816E-16,"floatstream::usd::usd-libor-3m::{27-aug-2019->27-aug-2024}@forwardfxconvexityadjustedfairpremium":0.020244008604656406,"fixedstream::usd\/usd::6::{27-aug-2019->27-aug-2024}@creditfundingconvexityadjustmentfactor":1.0,"derivedpv":-0.09895343728056338,"floatstream::usd::usd-libor-3m::{27-aug-2019->27-aug-2024}@fundingfxconvexityadjusteddv01":-4.888035725187487E-4,"fixedstream::usd\/usd::6::{27-aug-2019->27-aug-2024}@fundingfxconvexityadjustedrate":0.020599999999999955,"fixedstream::usd\/usd::6::{27-aug-2019->27-aug-2024}@fundingfxconvexityadjustedprice":109.89534372805629,"floatstream::usd::usd-libor-3m::{27-aug-2019->27-aug-2024}@creditfxconvexityadjustmentpremiumupfront":-0.0,"floatstream::usd::usd-libor-3m::{27-aug-2019->27-aug-2024}@compoundingadjustedfairpremium":0.020244008604656406,"fixedstream::usd\/usd::6::{27-aug-2019->27-aug-2024}@creditforwardconvexityadjustedupfront":0.09895343728056295,"floatstream::usd::usd-libor-3m::{27-aug-2019->27-aug-2024}@compoundingadjustedcleanpv":-0.09895343728056338,"deriveddirtydv01":-4.888035725187487E-4,"floatstream::usd::usd-libor-3m::{27-aug-2019->27-aug-2024}@creditforwardconvexityadjustmentpremiumupfront":-0.0,"cumulativeconvexityadjustmentpremium":0.0,"fixedstream::usd\/usd::6::{27-aug-2019->27-aug-2024}@compoundingadjustedparrate":0.020599999999999955,"fixedstream::usd\/usd::6::{27-aug-2019->27-aug-2024}@forwardfundingconvexityadjustedcleanpv":0.09895343728056295,"fixedstream::usd\/usd::6::{27-aug-2019->27-aug-2024}@forwardfundingconvexityadjustmentfactor":1.0,"upfront":-4.3021142204224816E-16,"fixedstream::usd\/usd::6::{27-aug-2019->27-aug-2024}@creditforwardconvexityadjustmentpremiumupfront":0.0,"fixedstream::usd\/usd::6::{27-aug-2019->27-aug-2024}@creditfxconvexityadjusteddv01":4.803564916532193E-4,"fixedstream::usd\/usd::6::{27-aug-2019->27-aug-2024}@cumulativeconvexityadjustedfairpremium":0.020599999999999955,"derivedcleanpv":-0.09895343728056338,"fixedstream::usd\/usd::6::{27-aug-2019->27-aug-2024}@forwardfxconvexityadjustedparrate":0.020599999999999955,"fixedstream::usd\/usd::6::{27-aug-2019->27-aug-2024}@creditfundingconvexityadjustmentpremium":0.0,"fixedstream::usd\/usd::6::{27-aug-2019->27-aug-2024}@creditfxconvexityadjustmentpremium":0.0,"floatstream::usd::usd-libor-3m::{27-aug-2019->27-aug-2024}@cumulativeconvexityadjustedparrate":0.020244008604656406,"floatstream::usd::usd-libor-3m::{27-aug-2019->27-aug-2024}@forwardfundingconvexityadjusteddv01":-4.888035725187487E-4,"fixedstream::usd\/usd::6::{27-aug-2019->27-aug-2024}@creditfxconvexityadjustedprice":109.89534372805629,"dirtyfixedpv":0.09895343728056295,"floatstream::usd::usd-libor-3m::{27-aug-2019->27-aug-2024}@accrued01":0.0,"floatstream::usd::usd-libor-3m::{27-aug-2019->27-aug-2024}@fundingfxconvexityadjustedupfront":-0.09895343728056338,"fixedstream::usd\/usd::6::{27-aug-2019->27-aug-2024}@cumulativeconvexityadjusteddv01":4.803564916532193E-4,"fixedstream::usd\/usd::6::{27-aug-2019->27-aug-2024}@forwardfundingconvexityadjustmentpremium":0.0,"floatstream::usd::usd-libor-3m::{27-aug-2019->27-aug-2024}@creditforwardconvexityadjustmentpremium":0.0,"floatstream::usd::usd-libor-3m::{27-aug-2019->27-aug-2024}@compoundingadjustmentpremiumupfront":-0.0,"referenceaccrued01":0.0,"fixedstream::usd\/usd::6::{27-aug-2019->27-aug-2024}@creditfxconvexityadjustedcleanprice":109.89534372805629,"floatstream::usd::usd-libor-3m::{27-aug-2019->27-aug-2024}@cv01":-4.888035725187487E-4,"fixedstream::usd\/usd::6::{27-aug-2019->27-aug-2024}@creditfxconvexityadjustedpv":0.09895343728056295,"fixedstream::usd\/usd::6::{27-aug-2019->27-aug-2024}@fundingfxconvexityadjustedupfront":0.09895343728056295,"fixedstream::usd\/usd::6::{27-aug-2019->27-aug-2024}@dirtypv":0.09895343728056295,"fixedstream::usd\/usd::6::{27-aug-2019->27-aug-2024}@dirtyprice":109.89534372805629,"floatstream::usd::usd-libor-3m::{27-aug-2019->27-aug-2024}@compoundingadjustedcleandv01":-4.888035725187487E-4,"floatstream::usd::usd-libor-3m::{27-aug-2019->27-aug-2024}@upfront":-0.09895343728056338,"floatstream::usd::usd-libor-3m::{27-aug-2019->27-aug-2024}@creditfxconvexityadjustedcleanprice":109.89534372805633,"fixing01":0.0,"fixedstream::usd\/usd::6::{27-aug-2019->27-aug-2024}@forwardfundingconvexityadjustmentpremiumupfront":0.0,"fixedstream::usd\/usd::6::{27-aug-2019->27-aug-2024}@resetrate":null,"floatstream::usd::usd-libor-3m::{27-aug-2019->27-aug-2024}@dirtydv01":-4.888035725187487E-4,"floatstream::usd::usd-libor-3m::{27-aug-2019->27-aug-2024}@unadjustedparrate":0.020244008604656406,"floatstream::usd::usd-libor-3m::{27-aug-2019->27-aug-2024}@forwardfxconvexityadjusteddirtydv01":-4.888035725187487E-4,"fixedstream::usd\/usd::6::{27-aug-2019->27-aug-2024}@compoundingadjusteddirtyprice":109.89534372805629,"fixedstream::usd\/usd::6::{27-aug-2019->27-aug-2024}@forwardfundingconvexityadjustedupfront":0.09895343728056295,"floataccrued":0.0,"floatstream::usd::usd-libor-3m::{27-aug-2019->27-aug-2024}@compoundingadjustedupfront":-0.09895343728056338,"fixedstream::usd\/usd::6::{27-aug-2019->27-aug-2024}@unadjustedprice":109.89534372805629,"derivedcumulativeconvexityadjustmentfactor":1.0,"floatstream::usd::usd-libor-3m::{27-aug-2019->27-aug-2024}@cumulativeconvexityadjustmentpremiumupfront":-0.0,"floatstream::usd::usd-libor-3m::{27-aug-2019->27-aug-2024}@unadjustedpv":-0.09895343728056338,"FloatingCashFlow":[{"StartDate":"27-AUG-2019","ReferenceRate":0.0025250674343568276,"CouponDCF":0.25555555555555554,"PayDate":"27-NOV-2019","ForwardLabel":"USD-LIBOR-3M","FixingDate":"27-NOV-2019","PayDiscountFactor":0.999338877551364,"FundingLabel":"USD","EndDate":"27-NOV-2019","BaseNotional":-1.0,"Tenor":"3M"},{"StartDate":"27-NOV-2019","ReferenceRate":0.003050610062523105,"CouponDCF":0.25555555555555554,"PayDate":"27-FEB-2020","ForwardLabel":"USD-LIBOR-3M","FixingDate":"27-FEB-2020","PayDiscountFactor":0.9985603995150935,"FundingLabel":"USD","EndDate":"27-FEB-2020","BaseNotional":-1.0,"Tenor":"3M"},{"StartDate":"27-FEB-2020","ReferenceRate":0.0039075713218066355,"CouponDCF":0.25,"PayDate":"27-MAY-2020","ForwardLabel":"USD-LIBOR-3M","FixingDate":"27-MAY-2020","PayDiscountFactor":0.9975858650357802,"FundingLabel":"USD","EndDate":"27-MAY-2020","BaseNotional":-1.0,"Tenor":"3M"},{"StartDate":"27-MAY-2020","ReferenceRate":0.005055582493209506,"CouponDCF":0.25555555555555554,"PayDate":"27-AUG-2020","ForwardLabel":"USD-LIBOR-3M","FixingDate":"27-AUG-2020","PayDiscountFactor":0.9962986649021067,"FundingLabel":"USD","EndDate":"27-AUG-2020","BaseNotional":-1.0,"Tenor":"3M"},{"StartDate":"27-AUG-2020","ReferenceRate":0.007179759181075839,"CouponDCF":0.25555555555555554,"PayDate":"27-NOV-2020","ForwardLabel":"USD-LIBOR-3M","FixingDate":"27-NOV-2020","PayDiscountFactor":0.9944739768542159,"FundingLabel":"USD","EndDate":"27-NOV-2020","BaseNotional":-1.0,"Tenor":"3M"},{"StartDate":"27-NOV-2020","ReferenceRate":0.009870756093928179,"CouponDCF":0.25555555555555554,"PayDate":"27-FEB-2021","ForwardLabel":"USD-LIBOR-3M","FixingDate":"27-FEB-2021","PayDiscountFactor":0.9919717018920662,"FundingLabel":"USD","EndDate":"27-FEB-2021","BaseNotional":-1.0,"Tenor":"3M"},{"StartDate":"27-FEB-2021","ReferenceRate":0.012810324388648604,"CouponDCF":0.24722222222222223,"PayDate":"27-MAY-2021","ForwardLabel":"USD-LIBOR-3M","FixingDate":"27-MAY-2021","PayDiscountFactor":0.9888400485605143,"FundingLabel":"USD","EndDate":"27-MAY-2021","BaseNotional":-1.0,"Tenor":"3M"},{"StartDate":"27-MAY-2021","ReferenceRate":0.015610875927955297,"CouponDCF":0.25555555555555554,"PayDate":"27-AUG-2021","ForwardLabel":"USD-LIBOR-3M","FixingDate":"27-AUG-2021","PayDiscountFactor":0.9849108000395258,"FundingLabel":"USD","EndDate":"27-AUG-2021","BaseNotional":-1.0,"Tenor":"3M"},{"StartDate":"27-AUG-2021","ReferenceRate":0.04216923054931714,"CouponDCF":0.25555555555555554,"PayDate":"27-NOV-2021","ForwardLabel":"USD-LIBOR-3M","FixingDate":"27-NOV-2021","PayDiscountFactor":0.974409991699973,"FundingLabel":"USD","EndDate":"27-NOV-2021","BaseNotional":-1.0,"Tenor":"3M"},{"StartDate":"27-NOV-2021","ReferenceRate":0.016850098458513558,"CouponDCF":0.25555555555555554,"PayDate":"27-FEB-2022","ForwardLabel":"USD-LIBOR-3M","FixingDate":"27-FEB-2022","PayDiscountFactor":0.9702320403181929,"FundingLabel":"USD","EndDate":"27-FEB-2022","BaseNotional":-1.0,"Tenor":"3M"},{"StartDate":"27-FEB-2022","ReferenceRate":0.01860311940830889,"CouponDCF":0.24722222222222223,"PayDate":"27-MAY-2022","ForwardLabel":"USD-LIBOR-3M","FixingDate":"27-MAY-2022","PayDiscountFactor":0.9657902699220482,"FundingLabel":"USD","EndDate":"27-MAY-2022","BaseNotional":-1.0,"Tenor":"3M"},{"StartDate":"27-MAY-2022","ReferenceRate":0.020552117408554532,"CouponDCF":0.25555555555555554,"PayDate":"27-AUG-2022","ForwardLabel":"USD-LIBOR-3M","FixingDate":"27-AUG-2022","PayDiscountFactor":0.9607442415399415,"FundingLabel":"USD","EndDate":"27-AUG-2022","BaseNotional":-1.0,"Tenor":"3M"},{"StartDate":"27-AUG-2022","ReferenceRate":0.02273515483341576,"CouponDCF":0.25555555555555554,"PayDate":"27-NOV-2022","ForwardLabel":"USD-LIBOR-3M","FixingDate":"27-NOV-2022","PayDiscountFactor":0.9551944708025689,"FundingLabel":"USD","EndDate":"27-NOV-2022","BaseNotional":-1.0,"Tenor":"3M"},{"StartDate":"27-NOV-2022","ReferenceRate":0.02513175698398533,"CouponDCF":0.25555555555555554,"PayDate":"27-FEB-2023","ForwardLabel":"USD-LIBOR-3M","FixingDate":"27-FEB-2023","PayDiscountFactor":0.9490988265311265,"FundingLabel":"USD","EndDate":"27-FEB-2023","BaseNotional":-1.0,"Tenor":"3M"},{"StartDate":"27-FEB-2023","ReferenceRate":0.027703103369934555,"CouponDCF":0.24722222222222223,"PayDate":"27-MAY-2023","ForwardLabel":"USD-LIBOR-3M","FixingDate":"27-MAY-2023","PayDiscountFactor":0.9426428328265536,"FundingLabel":"USD","EndDate":"27-MAY-2023","BaseNotional":-1.0,"Tenor":"3M"},{"StartDate":"27-MAY-2023","ReferenceRate":0.030508520982106838,"CouponDCF":0.25555555555555554,"PayDate":"27-AUG-2023","ForwardLabel":"USD-LIBOR-3M","FixingDate":"27-AUG-2023","PayDiscountFactor":0.9353502603818534,"FundingLabel":"USD","EndDate":"27-AUG-2023","BaseNotional":-1.0,"Tenor":"3M"},{"StartDate":"27-AUG-2023","ReferenceRate":0.03348304187317078,"CouponDCF":0.25555555555555554,"PayDate":"27-NOV-2023","ForwardLabel":"USD-LIBOR-3M","FixingDate":"27-NOV-2023","PayDiscountFactor":0.9274145802908494,"FundingLabel":"USD","EndDate":"27-NOV-2023","BaseNotional":-1.0,"Tenor":"3M"},{"StartDate":"27-NOV-2023","ReferenceRate":0.03611842695337291,"CouponDCF":0.25555555555555554,"PayDate":"27-FEB-2024","ForwardLabel":"USD-LIBOR-3M","FixingDate":"27-FEB-2024","PayDiscountFactor":0.9189325892816935,"FundingLabel":"USD","EndDate":"27-FEB-2024","BaseNotional":-1.0,"Tenor":"3M"},{"StartDate":"27-FEB-2024","ReferenceRate":0.03826104421592902,"CouponDCF":0.25,"PayDate":"27-MAY-2024","ForwardLabel":"USD-LIBOR-3M","FixingDate":"27-MAY-2024","PayDiscountFactor":0.9102260395948366,"FundingLabel":"USD","EndDate":"27-MAY-2024","BaseNotional":-1.0,"Tenor":"3M"},{"StartDate":"27-MAY-2024","ReferenceRate":0.03993572092475712,"CouponDCF":0.25555555555555554,"PayDate":"27-AUG-2024","ForwardLabel":"USD-LIBOR-3M","FixingDate":"27-AUG-2024","PayDiscountFactor":0.9010303086627853,"FundingLabel":"USD","EndDate":"27-AUG-2024","BaseNotional":-1.0,"Tenor":"3M"}],"referenceparbasisspread":8.956086354982123E-13,"calibfloatingpv":0.09895343728056327,"floatstream::usd::usd-libor-3m::{27-aug-2019->27-aug-2024}@creditfundingconvexityadjustedcleandv01":-4.888035725187487E-4,"fixedstream::usd\/usd::6::{27-aug-2019->27-aug-2024}@forwardfundingconvexityadjusteddv01":4.803564916532193E-4,"fixedstream::usd\/usd::6::{27-aug-2019->27-aug-2024}@creditfundingconvexityadjustedpv":0.09895343728056295,"referencecleanpv":0.09895343728056295,"referencedirtydv01":4.803564916532193E-4,"dirtypv":-4.3021142204224816E-16,"floatstream::usd::usd-libor-3m::{27-aug-2019->27-aug-2024}@cleandv01":-4.888035725187487E-4,"fixedstream::usd\/usd::6::{27-aug-2019->27-aug-2024}@cumulativeconvexityadjustmentpremium":0.0,"fixedstream::usd\/usd::6::{27-aug-2019->27-aug-2024}@unadjustedparrate":0.020599999999999955,"floatstream::usd::usd-libor-3m::{27-aug-2019->27-aug-2024}@creditfundingconvexityadjustedprice":109.89534372805633,"floatstream::usd::usd-libor-3m::{27-aug-2019->27-aug-2024}@forwardfxconvexityadjustedprice":109.89534372805633,"cleanprice":99.99999999999996,"floatstream::usd::usd-libor-3m::{27-aug-2019->27-aug-2024}@dv01":-4.888035725187487E-4,"fixedstream::usd\/usd::6::{27-aug-2019->27-aug-2024}@creditfundingconvexityadjustedprice":109.89534372805629,"cleanfloatingdv01":-4.888035725187487E-4,"floatstream::usd::usd-libor-3m::{27-aug-2019->27-aug-2024}@fundingfxconvexityadjusteddirtypv":-0.09895343728056338,"floatstream::usd::usd-libor-3m::{27-aug-2019->27-aug-2024}@unadjusteddirtyprice":109.89534372805633,"floatstream::usd::usd-libor-3m::{27-aug-2019->27-aug-2024}@compoundingadjustedrate":0.020244008604656406,"floatstream::usd::usd-libor-3m::{27-aug-2019->27-aug-2024}@creditfundingconvexityadjusteddirtydv01":-4.888035725187487E-4,"floatstream::usd::usd-libor-3m::{27-aug-2019->27-aug-2024}@forwardfxconvexityadjustedcleandv01":-4.888035725187487E-4,"fixedaccrued01":0.0,"fixedstream::usd\/usd::6::{27-aug-2019->27-aug-2024}@compoundingadjustmentpremium":0.0,"floatstream::usd::usd-libor-3m::{27-aug-2019->27-aug-2024}@creditfundingconvexityadjusteddirtypv":-0.09895343728056338,"fixedstream::usd\/usd::6::{27-aug-2019->27-aug-2024}@creditfundingconvexityadjustedcleanprice":109.89534372805629,"floatstream::usd::usd-libor-3m::{27-aug-2019->27-aug-2024}@creditforwardconvexityadjustedcleanpv":-0.09895343728056338,"fixedstream::usd\/usd::6::{27-aug-2019->27-aug-2024}@creditforwardconvexityadjustedpv":0.09895343728056295,"floatstream::usd::usd-libor-3m::{27-aug-2019->27-aug-2024}@forwardfxconvexityadjusteddirtyprice":109.89534372805633,"floatstream::usd::usd-libor-3m::{27-aug-2019->27-aug-2024}@cumulativecouponamount":0.0,"fixedstream::usd\/usd::6::{27-aug-2019->27-aug-2024}@cleanpv":0.09895343728056295,"fixedstream::usd\/usd::6::{27-aug-2019->27-aug-2024}@compoundingadjustedfairpremium":0.020599999999999955,"initialnotional":1.0,"fixedstream::usd\/usd::6::{27-aug-2019->27-aug-2024}@cumulativecouponamount":0.0,"fixeddv01":4.803564916532193E-4,"floatstream::usd::usd-libor-3m::{27-aug-2019->27-aug-2024}@creditforwardconvexityadjustedfairpremium":0.020244008604656406,"price":99.99999999999996,"floatstream::usd::usd-libor-3m::{27-aug-2019->27-aug-2024}@creditfundingconvexityadjustedfairpremium":0.020244008604656406,"floatstream::usd::usd-libor-3m::{27-aug-2019->27-aug-2024}@rate":0.020244008604656406,"fixedstream::usd\/usd::6::{27-aug-2019->27-aug-2024}@creditfxconvexityadjustedfairpremium":0.020599999999999955,"fixedstream::usd\/usd::6::{27-aug-2019->27-aug-2024}@forwardfxconvexityadjustedcleanprice":109.89534372805629,"floatstream::usd::usd-libor-3m::{27-aug-2019->27-aug-2024}@cumulativeconvexityadjustedprice":109.89534372805633,"floatstream::usd::usd-libor-3m::{27-aug-2019->27-aug-2024}@fixing01":0.0,"floatstream::usd::usd-libor-3m::{27-aug-2019->27-aug-2024}@unadjusteddirtypv":-0.09895343728056338,"floatstream::usd::usd-libor-3m::{27-aug-2019->27-aug-2024}@calctime":1.80862E-4,"fixedstream::usd\/usd::6::{27-aug-2019->27-aug-2024}@unadjusteddirtypv":0.09895343728056295,"fixedstream::usd\/usd::6::{27-aug-2019->27-aug-2024}@creditfundingconvexityadjustedcleandv01":4.803564916532193E-4,"fixedstream::usd\/usd::6::{27-aug-2019->27-aug-2024}@creditfundingconvexityadjustedparrate":0.020599999999999955,"fixedstream::usd\/usd::6::{27-aug-2019->27-aug-2024}@cumulativeconvexityadjustedcleanprice":109.89534372805629,"deriveddirtypv":-0.09895343728056338,"fixedstream::usd\/usd::6::{27-aug-2019->27-aug-2024}@fundingfxconvexityadjusteddv01":4.803564916532193E-4,"floatstream::usd::usd-libor-3m::{27-aug-2019->27-aug-2024}@fairpremium":0.020244008604656406,"floatstream::usd::usd-libor-3m::{27-aug-2019->27-aug-2024}@fundingfxconvexityadjustedcleandv01":-4.888035725187487E-4,"floataccrued01":0.0,"fixedstream::usd\/usd::6::{27-aug-2019->27-aug-2024}@creditfxconvexityadjustedupfront":0.09895343728056295,"floatstream::usd::usd-libor-3m::{27-aug-2019->27-aug-2024}@forwardfundingconvexityadjusteddirtyprice":109.89534372805633,"fixedstream::usd\/usd::6::{27-aug-2019->27-aug-2024}@forwardfundingconvexityadjusteddirtyprice":109.89534372805629,"fixedstream::usd\/usd::6::{27-aug-2019->27-aug-2024}@creditforwardconvexityadjustedcleanpv":0.09895343728056295,"fixedstream::usd\/usd::6::{27-aug-2019->27-aug-2024}@forwardfxconvexityadjustedrate":0.020599999999999955,"floatstream::usd::usd-libor-3m::{27-aug-2019->27-aug-2024}@compoundingadjustedprice":109.89534372805633,"fixedstream::usd\/usd::6::{27-aug-2019->27-aug-2024}@dv01":4.803564916532193E-4,"fixedstream::usd\/usd::6::{27-aug-2019->27-aug-2024}@unadjustedrate":0.020599999999999955,"floatstream::usd::usd-libor-3m::{27-aug-2019->27-aug-2024}@fundingfxconvexityadjustedfairpremium":0.020244008604656406,"fixedstream::usd\/usd::6::{27-aug-2019->27-aug-2024}@forwardfxconvexityadjustmentfactor":1.0,"fixedstream::usd\/usd::6::{27-aug-2019->27-aug-2024}@forwardfundingconvexityadjustedprice":109.89534372805629,"fixedstream::usd\/usd::6::{27-aug-2019->27-aug-2024}@forwardfxconvexityadjusteddirtydv01":4.803564916532193E-4,"derivedparbasisspread":-8.801315011373958E-13,"floatstream::usd::usd-libor-3m::{27-aug-2019->27-aug-2024}@forwardfundingconvexityadjusteddirtydv01":-4.888035725187487E-4,"fixedstream::usd\/usd::6::{27-aug-2019->27-aug-2024}@creditfundingconvexityadjusteddirtypv":0.09895343728056295,"floatstream::usd::usd-libor-3m::{27-aug-2019->27-aug-2024}@forwardfundingconvexityadjustedrate":0.020244008604656406,"fixedstream::usd\/usd::6::{27-aug-2019->27-aug-2024}@unadjustedpv":0.09895343728056295,"fixedstream::usd\/usd::6::{27-aug-2019->27-aug-2024}@fundingfxconvexityadjustmentpremiumupfront":0.0,"floatstream::usd::usd-libor-3m::{27-aug-2019->27-aug-2024}@compoundingadjusteddirtypv":-0.09895343728056338,"fixedstream::usd\/usd::6::{27-aug-2019->27-aug-2024}@compoundingadjusteddirtydv01":4.803564916532193E-4,"floatstream::usd::usd-libor-3m::{27-aug-2019->27-aug-2024}@creditfxconvexityadjustedcleanpv":-0.09895343728056338,"floatstream::usd::usd-libor-3m::{27-aug-2019->27-aug-2024}@pv":-0.09895343728056338,"calibswaprate":0.020600000000000018,"floatstream::usd::usd-libor-3m::{27-aug-2019->27-aug-2024}@creditfundingconvexityadjustmentpremiumupfront":-0.0,"fixedstream::usd\/usd::6::{27-aug-2019->27-aug-2024}@fundingfxconvexityadjustmentfactor":1.0,"dirtyfloatingdv01":-4.888035725187487E-4,"fixedstream::usd\/usd::6::{27-aug-2019->27-aug-2024}@forwardfxconvexityadjustedcleanpv":0.09895343728056295,"fixedstream::usd\/usd::6::{27-aug-2019->27-aug-2024}@fundingfxconvexityadjustedcleanprice":109.89534372805629,"fixedstream::usd\/usd::6::{27-aug-2019->27-aug-2024}@fundingfxconvexityadjustedfairpremium":0.020599999999999955,"floatstream::usd::usd-libor-3m::{27-aug-2019->27-aug-2024}@creditfxconvexityadjustedrate":0.020244008604656406,"floatstream::usd::usd-libor-3m::{27-aug-2019->27-aug-2024}@parrate":0.020244008604656406,"floatstream::usd::usd-libor-3m::{27-aug-2019->27-aug-2024}@creditfundingconvexityadjustedparrate":0.020244008604656406,"fixedstream::usd\/usd::6::{27-aug-2019->27-aug-2024}@unadjustedcleanpv":0.09895343728056295,"fixedstream::usd\/usd::6::{27-aug-2019->27-aug-2024}@compoundingadjustmentpremiumupfront":0.0,"fixedstream::usd\/usd::6::{27-aug-2019->27-aug-2024}@creditforwardconvexityadjustedfairpremium":0.020599999999999955,"fixedstream::usd\/usd::6::{27-aug-2019->27-aug-2024}@creditfxconvexityadjustmentpremiumupfront":0.0,"fixedstream::usd\/usd::6::{27-aug-2019->27-aug-2024}@fundingfxconvexityadjustedpv":0.09895343728056295,"fixedstream::usd\/usd::6::{27-aug-2019->27-aug-2024}@creditfundingconvexityadjustedfairpremium":0.020599999999999955,"floatstream::usd::usd-libor-3m::{27-aug-2019->27-aug-2024}@compoundingadjustedparrate":0.020244008604656406,"fixedstream::usd\/usd::6::{27-aug-2019->27-aug-2024}@forwardfundingconvexityadjustedparrate":0.020599999999999955,"derivedcumulativecoupondcf":0.0,"floatstream::usd::usd-libor-3m::{27-aug-2019->27-aug-2024}@cumulativeconvexityadjustedcleanprice":109.89534372805633,"floatstream::usd::usd-libor-3m::{27-aug-2019->27-aug-2024}@cumulativeconvexityadjustedrate":0.020244008604656406,"floatstream::usd::usd-libor-3m::{27-aug-2019->27-aug-2024}@creditfundingconvexityadjustedcleanprice":109.89534372805633,"fixedstream::usd\/usd::6::{27-aug-2019->27-aug-2024}@creditforwardconvexityadjusteddirtypv":0.09895343728056295,"fixedstream::usd\/usd::6::{27-aug-2019->27-aug-2024}@cumulativeconvexityadjustedcleandv01":4.803564916532193E-4,"floatstream::usd::usd-libor-3m::{27-aug-2019->27-aug-2024}@forwardfxconvexityadjustedrate":0.020244008604656406,"floatstream::usd::usd-libor-3m::{27-aug-2019->27-aug-2024}@creditforwardconvexityadjusteddv01":-4.888035725187487E-4,"fixedstream::usd\/usd::6::{27-aug-2019->27-aug-2024}@creditforwardconvexityadjusteddirtydv01":4.803564916532193E-4,"fixedstream::usd\/usd::6::{27-aug-2019->27-aug-2024}@forwardfxconvexityadjusteddirtypv":0.09895343728056295,"floatstream::usd::usd-libor-3m::{27-aug-2019->27-aug-2024}@cleanprice":109.89534372805633,"floatstream::usd::usd-libor-3m::{27-aug-2019->27-aug-2024}@creditforwardconvexityadjustedcleanprice":109.89534372805633,"referencecumulativeconvexityadjustmentfactor":1.0,"floatstream::usd::usd-libor-3m::{27-aug-2019->27-aug-2024}@creditfxconvexityadjustedprice":109.89534372805633,"floatstream::usd::usd-libor-3m::{27-aug-2019->27-aug-2024}@cumulativeconvexityadjustedfairpremium":0.020244008604656406,"floatstream::usd::usd-libor-3m::{27-aug-2019->27-aug-2024}@compoundingadjustmentpremium":0.0,"floatstream::usd::usd-libor-3m::{27-aug-2019->27-aug-2024}@creditforwardconvexityadjusteddirtypv":-0.09895343728056338,"fixedstream::usd\/usd::6::{27-aug-2019->27-aug-2024}@fairpremium":0.020599999999999955,"fixedstream::usd\/usd::6::{27-aug-2019->27-aug-2024}@creditfundingconvexityadjustedrate":0.020599999999999955,"floatstream::usd::usd-libor-3m::{27-aug-2019->27-aug-2024}@creditforwardconvexityadjustmentfactor":1.0,"floatstream::usd::usd-libor-3m::{27-aug-2019->27-aug-2024}@forwardfxconvexityadjustmentpremium":0.0,"floatstream::usd::usd-libor-3m::{27-aug-2019->27-aug-2024}@fundingfxconvexityadjustmentpremiumupfront":-0.0,"calctime":6.1961E-4,"derivedcumulativecouponamount":0.0,"fixedstream::usd\/usd::6::{27-aug-2019->27-aug-2024}@cleandv01":4.803564916532193E-4,"floatstream::usd::usd-libor-3m::{27-aug-2019->27-aug-2024}@compoundingadjusteddirtyprice":109.89534372805633,"floatstream::usd::usd-libor-3m::{27-aug-2019->27-aug-2024}@accrualcoupon":null,"floatstream::usd::usd-libor-3m::{27-aug-2019->27-aug-2024}@cumulativeconvexityadjusteddirtydv01":-4.888035725187487E-4,"fixedstream::usd\/usd::6::{27-aug-2019->27-aug-2024}@forwardfundingconvexityadjusteddirtydv01":4.803564916532193E-4,"accrued":0.0,"fixedstream::usd\/usd::6::{27-aug-2019->27-aug-2024}@fundingfxconvexityadjusteddirtydv01":4.803564916532193E-4,"parswaprate":0.020600000000000045,"floatstream::usd::usd-libor-3m::{27-aug-2019->27-aug-2024}@unadjustedcleanpv":-0.09895343728056338,"fixedstream::usd\/usd::6::{27-aug-2019->27-aug-2024}@forwardfxconvexityadjustedfairpremium":0.020599999999999955}

	|-----------------------------------------------------------------|
	|    Copyright (C) 2011-2019 (DRIP, DROP)
	|-----------------------------------------------------------------|
	|    Build Version  => 4.19.0 multi mode
	|    Build JVM (TM) => 1.8.0_112
	|    Build Snap     => Thu Jul 04 22:11:11 EST 2019
	|    Start Time     => Fri Aug 23 18:15:24 EDT 2019
	|    Setup Time     => Fri Aug 23 18:15:24 EDT 2019
	|    Setup Duration => 0 ms
	|-----------------------------------------------------------------|


	|---------------- JSON REQUEST -----------------|

{"Parameters":{"FixFloatQuote":[0.0166,0.0206,0.0241,0.0269,0.0292,0.0311,0.0326,0.034,0.0351,0.0375,0.0393,0.0402,0.0407,0.0409,0.0409],"FixFloatTenor":["04Y","05Y","06Y","07Y","08Y","09Y","10Y","11Y","12Y","15Y","20Y","25Y","30Y","40Y","50Y"],"DepositQuote":[0.0013,0.0017,0.0017,0.0018,0.002,0.0023],"Currency":"USD","FuturesQuote":[0.0027,0.0032,0.0041,0.0054,0.0077,0.0104,0.0134,0.016],"SpotDate":"23-AUG-2019","DepositTenor":["01D","04D","07D","14D","30D","60D"],"FuturesEffectiveTenor":"02Y"},"API":"FORWARDRATEFUTURES::CURVEMETRICS"}

	|---------------- JSON RESPONSE ----------------|


	|-----------------------------------------------------------------|
	|    Copyright (C) 2011-2019 (DRIP, DROP)
	|-----------------------------------------------------------------|
	|    Build Version  => 4.19.0 multi mode
	|    Build JVM (TM) => 1.8.0_112
	|    Build Snap     => Thu Jul 04 22:11:11 EST 2019
	|    Start Time     => Fri Aug 23 18:15:24 EDT 2019
	|    Setup Time     => Fri Aug 23 18:15:24 EDT 2019
	|    Setup Duration => 0 ms
	|-----------------------------------------------------------------|

{"creditfundingconvexityadjustedprice":101.04308579660129,"creditfxconvexityadjustedcleanpv":0.010430857966012818,"resetrate":null,"creditforwardconvexityadjustmentpremium":0.0,"fundingfxconvexityadjustedprice":101.04308579660129,"unadjustedpv":0.010430857966012818,"pv":0.010430857966012818,"compoundingadjustmentfactor":1.0,"fundingfxconvexityadjusteddv01":2.4611043222656376E-5,"creditfundingconvexityadjustedparrate":0.04238283550861593,"creditfundingconvexityadjustmentfactor":1.0,"fundingfxconvexityadjustedcleanprice":101.04308579660129,"cumulativeconvexityadjustmentfactor":1.0,"creditforwardconvexityadjustedfairpremium":0.04238283550861593,"price":101.04308579660129,"creditforwardconvexityadjustedpv":0.010430857966012818,"creditfundingconvexityadjusteddv01":2.4611043222656376E-5,"creditfxconvexityadjusteddirtydv01":2.4611043222656376E-5,"cleanpv":0.010430857966012818,"forwardfundingconvexityadjustedrate":0.04238283550861593,"unadjustedparrate":0.04238283550861593,"forwardfundingconvexityadjustedcleandv01":2.4611043222656376E-5,"unadjustedprice":101.04308579660129,"compoundingadjustedfairpremium":0.04238283550861593,"compoundingadjusteddirtyprice":101.04308579660129,"compoundingadjustmentpremiumupfront":0.0,"forwardfxconvexityadjustmentpremium":0.0,"forwardfxconvexityadjustedcleanpv":0.010430857966012818,"unadjustedupfront":0.010430857966012818,"cumulativeconvexityadjusteddirtyprice":101.04308579660129,"cumulativeconvexityadjustedpv":0.010430857966012818,"creditfundingconvexityadjustedupfront":0.010430857966012818,"forwardfxconvexityadjusteddirtyprice":101.04308579660129,"cumulativeconvexityadjustedcleandv01":2.4611043222656376E-5,"cumulativeconvexityadjustmentpremium":0.0,"fundingfxconvexityadjusteddirtydv01":2.4611043222656376E-5,"dv01":2.4611043222656376E-5,"compoundingadjustedupfront":0.010430857966012818,"forwardfundingconvexityadjusteddirtydv01":2.4611043222656376E-5,"forwardfundingconvexityadjustedcleanpv":0.010430857966012818,"fundingfxconvexityadjustedrate":0.04238283550861593,"unadjustedfairpremium":0.04238283550861593,"fundingfxconvexityadjusteddirtyprice":101.04308579660129,"upfront":0.010430857966012818,"fundingfxconvexityadjustedupfront":0.010430857966012818,"forwardfxconvexityadjustedprice":101.04308579660129,"forwardfundingconvexityadjustedpv":0.010430857966012818,"creditfxconvexityadjustedcleanprice":101.04308579660129,"fundingfxconvexityadjusteddirtypv":0.010430857966012818,"fundingfxconvexityadjustmentpremium":0.0,"compoundingadjusteddirtypv":0.010430857966012818,"cumulativeconvexityadjustedfairpremium":0.04238283550861593,"creditfxconvexityadjustmentpremium":0.0,"compoundingadjustedpv":0.010430857966012818,"creditforwardconvexityadjustedupfront":0.010430857966012818,"creditfundingconvexityadjustmentpremiumupfront":0.0,"accrued01":0.0,"forwardfxconvexityadjusteddirtypv":0.010430857966012818,"compoundingadjustedparrate":0.04238283550861593,"fundingfxconvexityadjustedfairpremium":0.04238283550861593,"compoundingadjustedrate":0.04238283550861593,"creditfundingconvexityadjustedcleanprice":101.04308579660129,"totalcoupon":0.04238283550861592,"creditfundingconvexityadjusteddirtydv01":2.4611043222656376E-5,"creditforwardconvexityadjusteddv01":2.4611043222656376E-5,"cumulativeconvexityadjustedcleanpv":0.010430857966012818,"forwardfxconvexityadjustmentfactor":1.0,"forwardfundingconvexityadjusteddv01":2.4611043222656376E-5,"forwardfxconvexityadjustedparrate":0.04238283550861593,"unadjusteddirtypv":0.010430857966012818,"creditforwardconvexityadjustmentpremiumupfront":0.0,"creditforwardconvexityadjustedrate":0.04238283550861593,"creditfundingconvexityadjustedfairpremium":0.04238283550861593,"creditfxconvexityadjustedprice":101.04308579660129,"compoundingadjustedcleanprice":101.04308579660129,"creditfxconvexityadjustedcleandv01":2.4611043222656376E-5,"creditfxconvexityadjustmentpremiumupfront":0.0,"forwardfundingconvexityadjustmentfactor":1.0,"unadjusteddirtydv01":2.4611043222656376E-5,"compoundingadjusteddirtydv01":2.4611043222656376E-5,"creditforwardconvexityadjustmentfactor":1.0,"fundingfxconvexityadjustedparrate":0.04238283550861593,"dirtydv01":2.4611043222656376E-5,"dirtyprice":101.04308579660129,"cumulativeconvexityadjustedrate":0.04238283550861593,"cumulativeconvexityadjustmentpremiumupfront":0.0,"fixing01":0.0,"creditfxconvexityadjustmentfactor":1.0,"cumulativecouponamount":0.0,"creditforwardconvexityadjusteddirtyprice":101.04308579660129,"forwardfundingconvexityadjustedparrate":0.04238283550861593,"forwardfxconvexityadjustedpv":0.010430857966012818,"fundingfxconvexityadjustedpv":0.010430857966012818,"cv01":2.4611043222656376E-5,"fundingfxconvexityadjustedcleandv01":2.4611043222656376E-5,"fundingfxconvexityadjustmentfactor":1.0,"creditfundingconvexityadjusteddirtypv":0.010430857966012818,"creditforwardconvexityadjustedcleanpv":0.010430857966012818,"cumulativeconvexityadjustedprice":101.04308579660129,"fundingfxconvexityadjustedcleanpv":0.010430857966012818,"forwardfxconvexityadjustedcleandv01":2.4611043222656376E-5,"forwardfxconvexityadjustedcleanprice":101.04308579660129,"cumulativeconvexityadjusteddirtypv":0.010430857966012818,"forwardfxconvexityadjustedupfront":0.010430857966012818,"creditfundingconvexityadjustedpv":0.010430857966012818,"cumulativeconvexityadjusteddirtydv01":2.4611043222656376E-5,"creditforwardconvexityadjustedprice":101.04308579660129,"creditfxconvexityadjustedpv":0.010430857966012818,"forwardfundingconvexityadjustmentpremium":0.0,"forwardfxconvexityadjustedrate":0.04238283550861593,"creditfundingconvexityadjustedcleanpv":0.010430857966012818,"FloatingCashFlow":[{"StartDate":"15-SEP-2021","ReferenceRate":0.04238283550861592,"CouponDCF":0.25277777777777777,"PayDate":"15-DEC-2021","ForwardLabel":"USD-LIBOR-3M","FixingDate":"15-DEC-2021","PayDiscountFactor":0.9736236879292631,"FundingLabel":"USD","EndDate":"15-DEC-2021","BaseNotional":1.0,"Tenor":"3M"}],"creditfxconvexityadjusteddirtyprice":101.04308579660129,"compoundingadjustedcleanpv":0.010430857966012818,"forwardfxconvexityadjusteddirtydv01":2.4611043222656376E-5,"forwardrate":0.04238283550861593,"unadjustedcleanprice":101.04308579660129,"creditforwardconvexityadjusteddirtydv01":2.4611043222656376E-5,"forwardfxconvexityadjustedfairpremium":0.04238283550861593,"forwardfundingconvexityadjustedupfront":0.010430857966012818,"creditfxconvexityadjustedfairpremium":0.04238283550861593,"creditfundingconvexityadjusteddirtyprice":101.04308579660129,"unadjustedcleanpv":0.010430857966012818,"creditforwardconvexityadjustedparrate":0.04238283550861593,"forwardfundingconvexityadjusteddirtyprice":101.04308579660129,"parrate":0.04238283550861593,"creditfxconvexityadjustedupfront":0.010430857966012818,"fundingfxconvexityadjustmentpremiumupfront":0.0,"dirtypv":0.010430857966012818,"creditfxconvexityadjustedrate":0.04238283550861593,"creditfxconvexityadjusteddirtypv":0.010430857966012818,"creditforwardconvexityadjustedcleandv01":2.4611043222656376E-5,"unadjustedcleandv01":2.4611043222656376E-5,"creditfxconvexityadjustedparrate":0.04238283550861593,"cumulativecoupondcf":0.0,"cumulativeconvexityadjusteddv01":2.4611043222656376E-5,"cleanprice":101.04308579660129,"creditforwardconvexityadjusteddirtypv":0.010430857966012818,"cleandv01":2.4611043222656376E-5,"rate":0.04238283550861593,"compoundingadjustedcleandv01":2.4611043222656376E-5,"forwardfundingconvexityadjustedcleanprice":101.04308579660129,"resetdate":-2.147483648E9,"creditfundingconvexityadjustmentpremium":0.0,"creditforwardconvexityadjustedcleanprice":101.04308579660129,"unadjusteddirtyprice":101.04308579660129,"compoundingadjustmentpremium":0.0,"calctime":1.49145E-4,"cumulativeconvexityadjustedparrate":0.04238283550861593,"cumulativeconvexityadjustedupfront":0.010430857966012818,"forwardfxconvexityadjustmentpremiumupfront":0.0,"cumulativeconvexityadjustedcleanprice":101.04308579660129,"forwardfundingconvexityadjustmentpremiumupfront":0.0,"forwardfundingconvexityadjusteddirtypv":0.010430857966012818,"accrualcoupon":null,"unadjustedrate":0.04238283550861593,"compoundingadjustedprice":101.04308579660129,"creditfundingconvexityadjustedrate":0.04238283550861593,"accrued":0.0,"forwardfundingconvexityadjustedfairpremium":0.04238283550861593,"creditfundingconvexityadjustedcleandv01":2.4611043222656376E-5,"fairpremium":0.04238283550861593,"forwardfundingconvexityadjustedprice":101.04308579660129,"creditfxconvexityadjusteddv01":2.4611043222656376E-5,"forwardfxconvexityadjusteddv01":2.4611043222656376E-5}

	|-----------------------------------------------------------------|
	|    Copyright (C) 2011-2019 (DRIP, DROP)
	|-----------------------------------------------------------------|
	|    Build Version  => 4.19.0 multi mode
	|    Build JVM (TM) => 1.8.0_112
	|    Build Snap     => Thu Jul 04 22:11:11 EST 2019
	|    Start Time     => Fri Aug 23 18:15:24 EDT 2019
	|    Setup Time     => Fri Aug 23 18:15:24 EDT 2019
	|    Setup Duration => 0 ms
	|-----------------------------------------------------------------|


	|---------------- JSON REQUEST -----------------|

{"Parameters":{"FixFloatQuote":[0.0166,0.0206,0.0241,0.0269,0.0292,0.0311,0.0326,0.034,0.0351,0.0375,0.0393,0.0402,0.0407,0.0409,0.0409],"FixFloatTenor":["04Y","05Y","06Y","07Y","08Y","09Y","10Y","11Y","12Y","15Y","20Y","25Y","30Y","40Y","50Y"],"DepositQuote":[0.0013,0.0017,0.0017,0.0018,0.002,0.0023],"Currency":"USD","FuturesQuote":[0.0027,0.0032,0.0041,0.0054,0.0077,0.0104,0.0134,0.016],"SpotDate":"23-AUG-2019","DepositTenor":["01D","04D","07D","14D","30D","60D"]},"API":"FUNDINGSTATE"}

	|---------------- JSON RESPONSE ----------------|


	|-----------------------------------------------------------------|
	|    Copyright (C) 2011-2019 (DRIP, DROP)
	|-----------------------------------------------------------------|
	|    Build Version  => 4.19.0 multi mode
	|    Build JVM (TM) => 1.8.0_112
	|    Build Snap     => Thu Jul 04 22:11:11 EST 2019
	|    Start Time     => Fri Aug 23 18:15:24 EDT 2019
	|    Setup Time     => Fri Aug 23 18:15:24 EDT 2019
	|    Setup Duration => 0 ms
	|-----------------------------------------------------------------|

{"DepositMetrics":[{"DiscountFactor":0.999996957246607,"InstrumentQuote":0.0013,"CalibrationMeasure":"ForwardRate","MaturityTenor":"01D","InstrumentType":"DEPOSIT"},{"DiscountFactor":0.9999837459433486,"InstrumentQuote":0.0017,"CalibrationMeasure":"ForwardRate","MaturityTenor":"04D","InstrumentType":"DEPOSIT"},{"DiscountFactor":0.9999661753040163,"InstrumentQuote":0.0017,"CalibrationMeasure":"ForwardRate","MaturityTenor":"07D","InstrumentType":"DEPOSIT"},{"DiscountFactor":0.9999337017555519,"InstrumentQuote":0.0018,"CalibrationMeasure":"ForwardRate","MaturityTenor":"14D","InstrumentType":"DEPOSIT"},{"DiscountFactor":0.9998424878670148,"InstrumentQuote":0.002,"CalibrationMeasure":"ForwardRate","MaturityTenor":"30D","InstrumentType":"DEPOSIT"},{"DiscountFactor":0.9996477423103709,"InstrumentQuote":0.0023,"CalibrationMeasure":"ForwardRate","MaturityTenor":"60D","InstrumentType":"DEPOSIT"}],"Currency":"USD","SpotDate":"23-AUG-2019","FuturesMetrics":[{"DiscountFactor":0.9993685820182071,"InstrumentQuote":0.0027,"CalibrationMeasure":"ForwardRate","InstrumentType":"FUTURES"},{"DiscountFactor":0.9985984711466385,"InstrumentQuote":0.0032,"CalibrationMeasure":"ForwardRate","InstrumentType":"FUTURES"},{"DiscountFactor":0.9976342872397603,"InstrumentQuote":0.0041,"CalibrationMeasure":"ForwardRate","InstrumentType":"FUTURES"},{"DiscountFactor":0.9963637547373262,"InstrumentQuote":0.0054,"CalibrationMeasure":"ForwardRate","InstrumentType":"FUTURES"},{"DiscountFactor":0.9945669761815794,"InstrumentQuote":0.0077,"CalibrationMeasure":"ForwardRate","InstrumentType":"FUTURES"},{"DiscountFactor":0.9920955697832182,"InstrumentQuote":0.0104,"CalibrationMeasure":"ForwardRate","InstrumentType":"FUTURES"},{"DiscountFactor":0.9889962572579458,"InstrumentQuote":0.0134,"CalibrationMeasure":"ForwardRate","InstrumentType":"FUTURES"},{"DiscountFactor":0.9850904297263193,"InstrumentQuote":0.016,"CalibrationMeasure":"ForwardRate","InstrumentType":"FUTURES"}],"FundingLabel":"USD","FixFloatMetrics":[{"DiscountFactor":0.9356809745485435,"InstrumentQuote":0.0166,"CalibrationMeasure":"SwapRate","MaturityTenor":"04Y","InstrumentType":"FIXFLOAT"},{"DiscountFactor":0.9014346687185384,"InstrumentQuote":0.0206,"CalibrationMeasure":"SwapRate","MaturityTenor":"05Y","InstrumentType":"FIXFLOAT"},{"DiscountFactor":0.8636067708501484,"InstrumentQuote":0.0241,"CalibrationMeasure":"SwapRate","MaturityTenor":"06Y","InstrumentType":"FIXFLOAT"},{"DiscountFactor":0.8252692617375236,"InstrumentQuote":0.0269,"CalibrationMeasure":"SwapRate","MaturityTenor":"07Y","InstrumentType":"FIXFLOAT"},{"DiscountFactor":0.7870458992013051,"InstrumentQuote":0.0292,"CalibrationMeasure":"SwapRate","MaturityTenor":"08Y","InstrumentType":"FIXFLOAT"},{"DiscountFactor":0.7495593985688834,"InstrumentQuote":0.0311,"CalibrationMeasure":"SwapRate","MaturityTenor":"09Y","InstrumentType":"FIXFLOAT"},{"DiscountFactor":0.7139073570647227,"InstrumentQuote":0.0326,"CalibrationMeasure":"SwapRate","MaturityTenor":"10Y","InstrumentType":"FIXFLOAT"},{"DiscountFactor":0.6782485796219571,"InstrumentQuote":0.034,"CalibrationMeasure":"SwapRate","MaturityTenor":"11Y","InstrumentType":"FIXFLOAT"},{"DiscountFactor":0.6448930188109698,"InstrumentQuote":0.0351,"CalibrationMeasure":"SwapRate","MaturityTenor":"12Y","InstrumentType":"FIXFLOAT"},{"DiscountFactor":0.5541198448945671,"InstrumentQuote":0.0375,"CalibrationMeasure":"SwapRate","MaturityTenor":"15Y","InstrumentType":"FIXFLOAT"},{"DiscountFactor":0.43705184231973937,"InstrumentQuote":0.0393,"CalibrationMeasure":"SwapRate","MaturityTenor":"20Y","InstrumentType":"FIXFLOAT"},{"DiscountFactor":0.3466505238310782,"InstrumentQuote":0.0402,"CalibrationMeasure":"SwapRate","MaturityTenor":"25Y","InstrumentType":"FIXFLOAT"},{"DiscountFactor":0.2761729457270516,"InstrumentQuote":0.0407,"CalibrationMeasure":"SwapRate","MaturityTenor":"30Y","InstrumentType":"FIXFLOAT"},{"DiscountFactor":0.18167890247704357,"InstrumentQuote":0.0409,"CalibrationMeasure":"SwapRate","MaturityTenor":"40Y","InstrumentType":"FIXFLOAT"},{"DiscountFactor":0.12099041014495658,"InstrumentQuote":0.0409,"CalibrationMeasure":"SwapRate","MaturityTenor":"50Y","InstrumentType":"FIXFLOAT"}]}

	|-----------------------------------------------------------------|
	|    Copyright (C) 2011-2019 (DRIP, DROP)
	|-----------------------------------------------------------------|
	|    Build Version  => 4.19.0 multi mode
	|    Build JVM (TM) => 1.8.0_112
	|    Build Snap     => Thu Jul 04 22:11:11 EST 2019
	|    Start Time     => Fri Aug 23 18:15:24 EDT 2019
	|    Setup Time     => Fri Aug 23 18:15:24 EDT 2019
	|    Setup Duration => 0 ms
	|-----------------------------------------------------------------|


	|---------------- JSON REQUEST -----------------|

{"Parameters":{"CouponRate":0.1189,"ServiceFeeRate":0.0,"CPR":0.01,"BeginPrincipalFactor":1.0,"FixedMonthlyAmount":3941.98,"Name":"FPMG 11.89 2019","PayFrequency":12,"Currency":"USD","DayCount":"Act\/365","SettleDate":"01-DEC-2015","NumPayment":48,"BondNotional":147544.28,"EffectiveDate":"22-OCT-2015"},"API":"PREPAYASSETBACKED::SECULARMETRICS"}

	|---------------- JSON RESPONSE ----------------|


	|-----------------------------------------------------------------|
	|    Copyright (C) 2011-2019 (DRIP, DROP)
	|-----------------------------------------------------------------|
	|    Build Version  => 4.19.0 multi mode
	|    Build JVM (TM) => 1.8.0_112
	|    Build Snap     => Thu Jul 04 22:11:11 EST 2019
	|    Start Time     => Fri Aug 23 18:15:24 EDT 2019
	|    Setup Time     => Fri Aug 23 18:15:24 EDT 2019
	|    Setup Duration => 0 ms
	|-----------------------------------------------------------------|

{"AccrualDays":-9,"Risk":1.3398663734509597E-4,"PreviousCouponDate":"22-NOV-2015","Accrued":421.0530148024889,"CurrentPrincipal":143616.81188945755,"ModifiedDuration":1.3360522139549283E-4,"DV01":19.768961936703295,"CouponFlow":[{"CouponRate":0.11889999999999906,"AccrualDays":31.0,"BeginPrincipal":143616.81188945755,"DiscountFactor":0.9901888785285793,"FeeRate":0.0,"CouponAmount":1489.9546894575224,"PrincipalFactor":1.0,"TotalAmount":5417.422799999968,"SurvivalFactor":1.0,"EndDate":"22-NOV-2015","StartDate":"22-OCT-2015","AccrualFraction":0.08493150684931507,"PayDate":"22-NOV-2015","EndPrincipal":143616.81188945755,"Notional":143616.81188945755,"PrincipalAmount":3927.468110542446,"FeeAmount":0.0},{"CouponRate":0.11889999999999994,"AccrualDays":30.0,"BeginPrincipal":139642.1738199046,"DiscountFactor":0.9804740151616855,"FeeRate":0.0,"CouponAmount":1403.5100493416296,"PrincipalFactor":0.9733810886430674,"TotalAmount":5378.148118894583,"SurvivalFactor":1.0,"EndDate":"22-DEC-2015","StartDate":"22-NOV-2015","AccrualFraction":0.0821917808219178,"PayDate":"22-DEC-2015","EndPrincipal":139642.1738199046,"Notional":139642.1738199046,"PrincipalAmount":3974.6380695529533,"FeeAmount":0.0},{"CouponRate":0.11889999999999906,"AccrualDays":31.0,"BeginPrincipal":135713.9284885077,"DiscountFactor":0.9708544654993626,"FeeRate":0.0,"CouponAmount":1410.1564068021432,"PrincipalFactor":0.9464424769289911,"TotalAmount":5338.401738199051,"SurvivalFactor":1.0,"EndDate":"22-JAN-2016","StartDate":"22-DEC-2015","AccrualFraction":0.08493150684931507,"PayDate":"22-JAN-2016","EndPrincipal":135713.9284885077,"Notional":135713.9284885077,"PrincipalAmount":3928.245331396907,"FeeAmount":0.0},{"CouponRate":0.11889999999999906,"AccrualDays":31.0,"BeginPrincipal":131785.29678996725,"DiscountFactor":0.9613292944072771,"FeeRate":0.0,"CouponAmount":1370.4875863446207,"PrincipalFactor":0.9198182978595151,"TotalAmount":5299.119284885065,"SurvivalFactor":1.0,"EndDate":"22-FEB-2016","StartDate":"22-JAN-2016","AccrualFraction":0.08493150684931507,"PayDate":"22-FEB-2016","EndPrincipal":131785.29678996725,"Notional":131785.29678996725,"PrincipalAmount":3928.6316985404446,"FeeAmount":0.0},{"CouponRate":0.11890000000000085,"AccrualDays":29.000000000000004,"BeginPrincipal":127770.41966278398,"DiscountFactor":0.951897575925812,"FeeRate":0.0,"CouponAmount":1244.9558407164093,"PrincipalFactor":0.893191500137906,"TotalAmount":5259.832967899676,"SurvivalFactor":1.0,"EndDate":"22-MAR-2016","StartDate":"22-FEB-2016","AccrualFraction":0.07945205479452055,"PayDate":"22-MAR-2016","EndPrincipal":127770.41966278398,"Notional":127770.41966278398,"PrincipalAmount":4014.8771271832666,"FeeAmount":0.0},{"CouponRate":0.11889999999999906,"AccrualDays":31.0,"BeginPrincipal":123841.0066711837,"DiscountFactor":0.942558393180053,"FeeRate":0.0,"CouponAmount":1290.271205027539,"PrincipalFactor":0.8659801631265135,"TotalAmount":5219.684196627824,"SurvivalFactor":1.0,"EndDate":"22-APR-2016","StartDate":"22-MAR-2016","AccrualFraction":0.08493150684931507,"PayDate":"22-APR-2016","EndPrincipal":123841.0066711837,"Notional":123841.0066711837,"PrincipalAmount":3929.4129916002857,"FeeAmount":0.0},{"CouponRate":0.11889999999999994,"AccrualDays":30.0,"BeginPrincipal":119870.8655655571,"DiscountFactor":0.9333108382906563,"FeeRate":0.0,"CouponAmount":1210.2489610852383,"PrincipalFactor":0.8393480700924746,"TotalAmount":5180.390066711829,"SurvivalFactor":1.0,"EndDate":"22-MAY-2016","StartDate":"22-APR-2016","AccrualFraction":0.0821917808219178,"PayDate":"22-MAY-2016","EndPrincipal":119870.8655655571,"Notional":119870.8655655571,"PrincipalAmount":3970.14110562659,"FeeAmount":0.0},{"CouponRate":0.11889999999999906,"AccrualDays":31.0,"BeginPrincipal":115940.67560411547,"DiscountFactor":0.9241540122855931,"FeeRate":0.0,"CouponAmount":1210.4986942139271,"PrincipalFactor":0.812439937119603,"TotalAmount":5140.688655655556,"SurvivalFactor":1.0,"EndDate":"22-JUN-2016","StartDate":"22-MAY-2016","AccrualFraction":0.08493150684931507,"PayDate":"22-JUN-2016","EndPrincipal":115940.67560411547,"Notional":115940.67560411547,"PrincipalAmount":3930.1899614416293,"FeeAmount":0.0},{"CouponRate":0.11889999999999994,"AccrualDays":30.0,"BeginPrincipal":111972.33101212878,"DiscountFactor":0.9150870250127583,"FeeRate":0.0,"CouponAmount":1133.0421640544648,"PrincipalFactor":0.7858025780742939,"TotalAmount":5101.386756041165,"SurvivalFactor":1.0,"EndDate":"22-JUL-2016","StartDate":"22-JUN-2016","AccrualFraction":0.0821917808219178,"PayDate":"22-JUL-2016","EndPrincipal":111972.33101212878,"Notional":111972.33101212878,"PrincipalAmount":3968.344591986701,"FeeAmount":0.0},{"CouponRate":0.11889999999999906,"AccrualDays":31.0,"BeginPrincipal":108041.36418112421,"DiscountFactor":0.9061089950534371,"FeeRate":0.0,"CouponAmount":1130.7364791167183,"PrincipalFactor":0.7589066211996072,"TotalAmount":5061.7033101212855,"SurvivalFactor":1.0,"EndDate":"22-AUG-2016","StartDate":"22-JUL-2016","AccrualFraction":0.08493150684931507,"PayDate":"22-AUG-2016","EndPrincipal":108041.36418112421,"Notional":108041.36418112421,"PrincipalAmount":3930.9668310045677,"FeeAmount":0.0},{"CouponRate":0.11889999999999906,"AccrualDays":31.0,"BeginPrincipal":104110.01071529984,"DiscountFactor":0.8972190496366209,"FeeRate":0.0,"CouponAmount":1091.0401759868562,"PrincipalFactor":0.7322639968226773,"TotalAmount":5022.393641811221,"SurvivalFactor":1.0,"EndDate":"22-SEP-2016","StartDate":"22-AUG-2016","AccrualFraction":0.08493150684931507,"PayDate":"22-SEP-2016","EndPrincipal":104110.01071529984,"Notional":104110.01071529984,"PrincipalAmount":3931.353465824365,"FeeAmount":0.0},{"CouponRate":0.11889999999999994,"AccrualDays":30.0,"BeginPrincipal":100144.35638409609,"DiscountFactor":0.8884163245541633,"FeeRate":0.0,"CouponAmount":1017.4257759492447,"PrincipalFactor":0.7056187519794047,"TotalAmount":4983.080107153004,"SurvivalFactor":1.0,"EndDate":"22-OCT-2016","StartDate":"22-SEP-2016","AccrualFraction":0.0821917808219178,"PayDate":"22-OCT-2016","EndPrincipal":100144.35638409609,"Notional":100144.35638409609,"PrincipalAmount":3965.6543312037597,"FeeAmount":0.0},{"CouponRate":0.11889999999999906,"AccrualDays":31.0,"BeginPrincipal":96212.22619887469,"DiscountFactor":0.8796999640767692,"FeeRate":0.0,"CouponAmount":1011.2933786195529,"PrincipalFactor":0.6787410286870903,"TotalAmount":4943.423563840946,"SurvivalFactor":1.0,"EndDate":"22-NOV-2016","StartDate":"22-OCT-2016","AccrualFraction":0.08493150684931507,"PayDate":"22-NOV-2016","EndPrincipal":96212.22619887469,"Notional":96212.22619887469,"PrincipalAmount":3932.1301852213937,"FeeAmount":0.0},{"CouponRate":0.11889999999999994,"AccrualDays":30.0,"BeginPrincipal":92248.36780223221,"DiscountFactor":0.8710691208708076,"FeeRate":0.0,"CouponAmount":940.2438653462625,"PrincipalFactor":0.6520905195299654,"TotalAmount":4904.102261988735,"SurvivalFactor":1.0,"EndDate":"22-DEC-2016","StartDate":"22-NOV-2016","AccrualFraction":0.0821917808219178,"PayDate":"22-DEC-2016","EndPrincipal":92248.36780223221,"Notional":92248.36780223221,"PrincipalAmount":3963.8583966424726,"FeeAmount":0.0},{"CouponRate":0.11889999999999906,"AccrualDays":31.0,"BeginPrincipal":88315.46099785989,"DiscountFactor":0.8625229559159404,"FeeRate":0.0,"CouponAmount":931.5568736499864,"PrincipalFactor":0.6252249684110575,"TotalAmount":4864.463678022307,"SurvivalFactor":1.0,"EndDate":"22-JAN-2017","StartDate":"22-DEC-2016","AccrualFraction":0.08493150684931507,"PayDate":"22-JAN-2017","EndPrincipal":88315.46099785989,"Notional":88315.46099785989,"PrincipalAmount":3932.906804372321,"FeeAmount":0.0},{"CouponRate":0.11889999999999906,"AccrualDays":31.0,"BeginPrincipal":84382.16736785941,"DiscountFactor":0.8540606384235603,"FeeRate":0.0,"CouponAmount":891.8409799781075,"PrincipalFactor":0.5985691956195109,"TotalAmount":4825.134609978599,"SurvivalFactor":1.0,"EndDate":"22-FEB-2017","StartDate":"22-JAN-2017","AccrualFraction":0.08493150684931507,"PayDate":"22-FEB-2017","EndPrincipal":84382.16736785941,"Notional":84382.16736785941,"PrincipalAmount":3933.2936300004912,"FeeAmount":0.0},{"CouponRate":0.11889999999999896,"AccrualDays":28.0,"BeginPrincipal":80366.02353418377,"DiscountFactor":0.8456813457560276,"FeeRate":0.0,"CouponAmount":769.6578400029455,"PrincipalFactor":0.5719108010683939,"TotalAmount":4785.801673678576,"SurvivalFactor":1.0,"EndDate":"22-MAR-2017","StartDate":"22-FEB-2017","AccrualFraction":0.07671232876712329,"PayDate":"22-MAR-2017","EndPrincipal":80366.02353418377,"Notional":80366.02353418377,"PrincipalAmount":4016.1438336756305,"FeeAmount":0.0},{"CouponRate":0.11889999999999906,"AccrualDays":31.0,"BeginPrincipal":76431.94802800535,"DiscountFactor":0.8373842633467006,"FeeRate":0.0,"CouponAmount":811.5647291634126,"PrincipalFactor":0.5446908787937003,"TotalAmount":4745.640235341829,"SurvivalFactor":1.0,"EndDate":"22-APR-2017","StartDate":"22-MAR-2017","AccrualFraction":0.08493150684931507,"PayDate":"22-APR-2017","EndPrincipal":76431.94802800535,"Notional":76431.94802800535,"PrincipalAmount":3934.075506178416,"FeeAmount":0.0},{"CouponRate":0.11889999999999994,"AccrualDays":30.0,"BeginPrincipal":72472.58761242639,"DiscountFactor":0.8291685846207499,"FeeRate":0.0,"CouponAmount":746.939064701082,"PrincipalFactor":0.5180271849779968,"TotalAmount":4706.2994802800495,"SurvivalFactor":1.0,"EndDate":"22-MAY-2017","StartDate":"22-APR-2017","AccrualFraction":0.0821917808219178,"PayDate":"22-MAY-2017","EndPrincipal":72472.58761242639,"Notional":72472.58761242639,"PrincipalAmount":3959.360415578967,"FeeAmount":0.0},{"CouponRate":0.11889999999999906,"AccrualDays":31.0,"BeginPrincipal":68537.7357381669,"DiscountFactor":0.8210335109167497,"FeeRate":0.0,"CouponAmount":731.854001864768,"PrincipalFactor":0.4911921194940691,"TotalAmount":4666.705876124259,"SurvivalFactor":1.0,"EndDate":"22-JUN-2017","StartDate":"22-MAY-2017","AccrualFraction":0.08493150684931507,"PayDate":"22-JUN-2017","EndPrincipal":68537.7357381669,"Notional":68537.7357381669,"PrincipalAmount":3934.8518742594906,"FeeAmount":0.0},{"CouponRate":0.11889999999999994,"AccrualDays":30.0,"BeginPrincipal":64580.17044483466,"DiscountFactor":0.8129782514090385,"FeeRate":0.0,"CouponAmount":669.792064049428,"PrincipalFactor":0.46452316374560165,"TotalAmount":4627.357357381667,"SurvivalFactor":1.0,"EndDate":"22-JUL-2017","StartDate":"22-JUN-2017","AccrualFraction":0.0821917808219178,"PayDate":"22-JUL-2017","EndPrincipal":64580.17044483466,"Notional":64580.17044483466,"PrincipalAmount":3957.565293332239,"FeeAmount":0.0},{"CouponRate":0.11889999999999906,"AccrualDays":31.0,"BeginPrincipal":60644.54230269485,"DiscountFactor":0.8050020230308411,"FeeRate":0.0,"CouponAmount":652.1535623085321,"PrincipalFactor":0.4377002649295158,"TotalAmount":4587.781704448345,"SurvivalFactor":1.0,"EndDate":"22-AUG-2017","StartDate":"22-JUL-2017","AccrualFraction":0.08493150684931507,"PayDate":"22-AUG-2017","EndPrincipal":60644.54230269485,"Notional":60644.54230269485,"PrincipalAmount":3935.628142139813,"FeeAmount":0.0},{"CouponRate":0.11889999999999906,"AccrualDays":31.0,"BeginPrincipal":56708.527067266536,"DiscountFactor":0.7971040503981461,"FeeRate":0.0,"CouponAmount":612.4101875986332,"PrincipalFactor":0.4110260479274076,"TotalAmount":4548.425423026946,"SurvivalFactor":1.0,"EndDate":"22-SEP-2017","StartDate":"22-AUG-2017","AccrualFraction":0.08493150684931507,"PayDate":"22-SEP-2017","EndPrincipal":56708.527067266536,"Notional":56708.527067266536,"PrincipalAmount":3936.015235428313,"FeeAmount":0.0},{"CouponRate":0.11889999999999994,"AccrualDays":30.0,"BeginPrincipal":52753.65170357727,"DiscountFactor":0.7892835657343285,"FeeRate":0.0,"CouponAmount":554.1899069833962,"PrincipalFactor":0.38434920735162714,"TotalAmount":4509.065270672656,"SurvivalFactor":1.0,"EndDate":"22-OCT-2017","StartDate":"22-SEP-2017","AccrualFraction":0.0821917808219178,"PayDate":"22-OCT-2017","EndPrincipal":52753.65170357727,"Notional":52753.65170357727,"PrincipalAmount":3954.87536368926,"FeeAmount":0.0},{"CouponRate":0.11889999999999906,"AccrualDays":31.0,"BeginPrincipal":48816.860350416064,"DiscountFactor":0.7815398087955129,"FeeRate":0.0,"CouponAmount":532.7251638745587,"PrincipalFactor":0.35754453987357065,"TotalAmount":4469.51651703577,"SurvivalFactor":1.0,"EndDate":"22-NOV-2017","StartDate":"22-OCT-2017","AccrualFraction":0.08493150684931507,"PayDate":"22-NOV-2017","EndPrincipal":48816.860350416064,"Notional":48816.860350416064,"PrincipalAmount":3936.7913531612116,"FeeAmount":0.0},{"CouponRate":0.11889999999999994,"AccrualDays":30.0,"BeginPrincipal":44863.779530117194,"DiscountFactor":0.7738720267966691,"FeeRate":0.0,"CouponAmount":477.06778320529855,"PrincipalFactor":0.3308624390617926,"TotalAmount":4430.148603504163,"SurvivalFactor":1.0,"EndDate":"22-DEC-2017","StartDate":"22-NOV-2017","AccrualFraction":0.0821917808219178,"PayDate":"22-DEC-2017","EndPrincipal":44863.779530117194,"Notional":44863.779530117194,"PrincipalAmount":3953.080820298864,"FeeAmount":0.0},{"CouponRate":0.11889999999999906,"AccrualDays":31.0,"BeginPrincipal":40926.212159391536,"DiscountFactor":0.7662794743384325,"FeeRate":0.0,"CouponAmount":453.0504245755005,"PrincipalFactor":0.30406993432830604,"TotalAmount":4390.617795301161,"SurvivalFactor":1.0,"EndDate":"22-JAN-2018","StartDate":"22-DEC-2017","AccrualFraction":0.08493150684931507,"PayDate":"22-JAN-2018","EndPrincipal":40926.212159391536,"Notional":40926.212159391536,"PrincipalAmount":3937.567370725661,"FeeAmount":0.0},{"CouponRate":0.11889999999999906,"AccrualDays":31.0,"BeginPrincipal":36988.25750464228,"DiscountFactor":0.7587614133346416,"FeeRate":0.0,"CouponAmount":413.2874668446577,"PrincipalFactor":0.27738257395943466,"TotalAmount":4351.242121593913,"SurvivalFactor":1.0,"EndDate":"22-FEB-2018","StartDate":"22-JAN-2018","AccrualFraction":0.08493150684931507,"PayDate":"22-FEB-2018","EndPrincipal":36988.25750464228,"Notional":36988.25750464228,"PrincipalAmount":3937.954654749255,"FeeAmount":0.0},{"CouponRate":0.11889999999999896,"AccrualDays":28.0,"BeginPrincipal":33013.76837311491,"DiscountFactor":0.7513171129405886,"FeeRate":0.0,"CouponAmount":337.3734435190521,"PrincipalFactor":0.25069258872415984,"TotalAmount":4311.862575046423,"SurvivalFactor":1.0,"EndDate":"22-MAR-2018","StartDate":"22-FEB-2018","AccrualFraction":0.07671232876712329,"PayDate":"22-MAR-2018","EndPrincipal":33013.76837311491,"Notional":33013.76837311491,"PrincipalAmount":3974.4891315273717,"FeeAmount":0.0},{"CouponRate":0.11889999999999906,"AccrualDays":31.0,"BeginPrincipal":29075.035480743936,"DiscountFactor":0.7439458494819713,"FeeRate":0.0,"CouponAmount":333.3847913601734,"PrincipalFactor":0.22375498645637032,"TotalAmount":4272.117683731147,"SurvivalFactor":1.0,"EndDate":"22-APR-2018","StartDate":"22-MAR-2018","AccrualFraction":0.08493150684931507,"PayDate":"22-APR-2018","EndPrincipal":29075.035480743936,"Notional":29075.035480743936,"PrincipalAmount":3938.7328923709733,"FeeAmount":0.0},{"CouponRate":0.11889999999999994,"AccrualDays":30.0,"BeginPrincipal":25126.443897333247,"DiscountFactor":0.7366469063845444,"FeeRate":0.0,"CouponAmount":284.13877139674946,"PrincipalFactor":0.19705972661728355,"TotalAmount":4232.730354807439,"SurvivalFactor":1.0,"EndDate":"22-MAY-2018","StartDate":"22-APR-2018","AccrualFraction":0.0821917808219178,"PayDate":"22-MAY-2018","EndPrincipal":25126.443897333247,"Notional":25126.443897333247,"PrincipalAmount":3948.591583410689,"FeeAmount":0.0},{"CouponRate":0.11889999999999906,"AccrualDays":31.0,"BeginPrincipal":21186.93523797959,"DiscountFactor":0.7294195741044593,"FeeRate":0.0,"CouponAmount":253.7357796196709,"PrincipalFactor":0.17029764825402413,"TotalAmount":4193.244438973329,"SurvivalFactor":1.0,"EndDate":"22-JUN-2018","StartDate":"22-MAY-2018","AccrualFraction":0.08493150684931507,"PayDate":"22-JUN-2018","EndPrincipal":21186.93523797959,"Notional":21186.93523797959,"PrincipalAmount":3939.508659353658,"FeeAmount":0.0},{"CouponRate":0.11889999999999994,"AccrualDays":30.0,"BeginPrincipal":17240.13738695287,"DiscountFactor":0.7222631500592885,"FeeRate":0.0,"CouponAmount":207.05150135307716,"PrincipalFactor":0.14359713055619364,"TotalAmount":4153.849352379799,"SurvivalFactor":1.0,"EndDate":"22-JUL-2018","StartDate":"22-JUN-2018","AccrualFraction":0.0821917808219178,"PayDate":"22-JUL-2018","EndPrincipal":17240.13738695287,"Notional":17240.13738695287,"PrincipalAmount":3946.7978510267217,"FeeAmount":0.0},{"CouponRate":0.11889999999999906,"AccrualDays":31.0,"BeginPrincipal":13299.853060739695,"DiscountFactor":0.7151769385597259,"FeeRate":0.0,"CouponAmount":174.09704765635362,"PrincipalFactor":0.11684720944080562,"TotalAmount":4114.381373869527,"SurvivalFactor":1.0,"EndDate":"22-AUG-2018","StartDate":"22-JUL-2018","AccrualFraction":0.08493150684931507,"PayDate":"22-AUG-2018","EndPrincipal":13299.853060739695,"Notional":13299.853060739695,"PrincipalAmount":3940.2843262131732,"FeeAmount":0.0},{"CouponRate":0.11889999999999906,"AccrualDays":31.0,"BeginPrincipal":9359.181183273615,"DiscountFactor":0.7081602507419575,"FeeRate":0.0,"CouponAmount":134.30665314131522,"PrincipalFactor":0.09014143456282883,"TotalAmount":4074.9785306073945,"SurvivalFactor":1.0,"EndDate":"22-SEP-2018","StartDate":"22-AUG-2018","AccrualFraction":0.08493150684931507,"PayDate":"22-SEP-2018","EndPrincipal":9359.181183273615,"Notional":9359.181183273615,"PrincipalAmount":3940.6718774660794,"FeeAmount":0.0},{"CouponRate":0.11889999999999994,"AccrualDays":30.0,"BeginPrincipal":5415.07293111413,"DiscountFactor":0.7012124045006964,"FeeRate":0.0,"CouponAmount":91.46355967325195,"PrincipalFactor":0.06343303300726816,"TotalAmount":4035.571811832737,"SurvivalFactor":1.0,"EndDate":"22-OCT-2018","StartDate":"22-SEP-2018","AccrualFraction":0.0821917808219178,"PayDate":"22-OCT-2018","EndPrincipal":5415.07293111413,"Notional":5415.07293111413,"PrincipalAmount":3944.108252159485,"FeeAmount":0.0},{"CouponRate":0.11889999999999906,"AccrualDays":31.0,"BeginPrincipal":1473.625536917492,"DiscountFactor":0.6943327244228731,"FeeRate":0.0,"CouponAmount":54.68333511450251,"PrincipalFactor":0.03670134098803512,"TotalAmount":3996.130729311141,"SurvivalFactor":1.0,"EndDate":"22-NOV-2018","StartDate":"22-OCT-2018","AccrualFraction":0.08493150684931507,"PayDate":"22-NOV-2018","EndPrincipal":1473.625536917492,"Notional":1473.625536917492,"PrincipalAmount":3941.4473941966385,"FeeAmount":0.0},{"CouponRate":0.11889999999999994,"AccrualDays":30.0,"BeginPrincipal":0.0,"DiscountFactor":0.6875205417219777,"FeeRate":0.0,"CouponAmount":14.401156959410113,"PrincipalFactor":0.009987683269846124,"TotalAmount":1488.026693876902,"SurvivalFactor":1.0,"EndDate":"22-DEC-2018","StartDate":"22-NOV-2018","AccrualFraction":0.0821917808219178,"PayDate":"22-DEC-2018","EndPrincipal":0.0,"Notional":0.0,"PrincipalAmount":1473.625536917492,"FeeAmount":0.0}],"NPV":144037.86490426003,"Total":144037.86490426003,"Yield01":1.3398663734509597E-4,"Yield":0.1397010161994567,"Convexity":2.65065182054099E-8,"Y01":1.3398663734509597E-4,"CleanPrice":100.0,"Face":147544.28,"SettleDate":"01-DEC-2015","Notional":147544.28}

	|-----------------------------------------------------------------|
	|    Copyright (C) 2011-2019 (DRIP, DROP)
	|-----------------------------------------------------------------|
	|    Build Version  => 4.19.0 multi mode
	|    Build JVM (TM) => 1.8.0_112
	|    Build Snap     => Thu Jul 04 22:11:11 EST 2019
	|    Start Time     => Fri Aug 23 18:15:24 EDT 2019
	|    Setup Time     => Fri Aug 23 18:15:24 EDT 2019
	|    Setup Duration => 0 ms
	|-----------------------------------------------------------------|


	|---------------- JSON REQUEST -----------------|

{"Parameters":{"TOK::UpperBound":0.4,"HYG::LowerBound":0.05,"LQD::UpperBound":0.6,"GSG::UpperBound":0.15,"BWX::LowerBound":0.03,"AssetSet":["TOK","EWJ","HYG","LQD","EMD","GSG","BWX"],"EWJ::UpperBound":0.4,"EMD::LowerBound":0.05,"BWX::UpperBound":0.5,"HYG::UpperBound":0.3,"TOK::LowerBound":0.05,"AssetReturnsCovariance":[[0.002733,0.002083,0.001593,4.88E-4,0.001172,0.002312,7.1E-4],[0.002083,0.002768,0.001302,4.57E-4,0.001105,0.001647,5.63E-4],[0.001593,0.001302,0.001463,6.39E-4,0.00105,0.00111,5.19E-4],[4.88E-4,4.57E-4,6.39E-4,6.08E-4,6.63E-4,4.2E-5,3.7E-4],[0.001172,0.001105,0.00105,6.63E-4,0.001389,8.25E-4,6.61E-4],[0.002312,0.001647,0.00111,4.2E-5,8.25E-4,0.005211,7.49E-4],[7.1E-4,5.63E-4,5.19E-4,3.7E-4,6.61E-4,7.49E-4,7.03E-4]],"EWJ::LowerBound":0.05,"EMD::UpperBound":0.35,"PortfolioDesignReturn":0.005262,"LQD::LowerBound":0.1,"GSG::LowerBound":0.05,"AssetReturnsMean":[0.008355,0.007207,0.006279,0.002466,0.004472,0.006821,0.00157]},"API":"PORTFOLIOALLOCATION::RETURNSCONSTRAINEDMEANVARIANCE"}

	|---------------- JSON RESPONSE ----------------|


	|-----------------------------------------------------------------|
	|    Copyright (C) 2011-2019 (DRIP, DROP)
	|-----------------------------------------------------------------|
	|    Build Version  => 4.19.0 multi mode
	|    Build JVM (TM) => 1.8.0_112
	|    Build Snap     => Thu Jul 04 22:11:11 EST 2019
	|    Start Time     => Fri Aug 23 18:15:24 EDT 2019
	|    Setup Time     => Fri Aug 23 18:15:24 EDT 2019
	|    Setup Duration => 0 ms
	|-----------------------------------------------------------------|

	B  15.07 |  14.72 |  12.93 |  19.31 |  13.30 |  12.80 |  11.88 |  9310983.35 | -426864230.86 |
	A  15.07 |  14.72 |  12.93 |  19.31 |  13.30 |  12.80 |  11.88 |  9310983.35 | -426864230.86 |
	B  18.11 |  17.07 |  14.20 |  19.80 |  14.21 |  04.63 |  11.99 |  9874915.49 | -883683529.79 |
	A  18.11 |  17.07 |  14.20 |  19.80 |  14.21 |  05.00 |  11.99 |  9874915.49 | -883683529.79 |
	B  16.55 |  15.84 |  13.55 |  19.55 |  13.74 |  08.84 |  11.93 |  9576878.36 | -642025333.10 |
	A  16.55 |  15.84 |  13.55 |  19.55 |  13.74 |  08.84 |  11.93 |  9576878.36 | -642025333.10 |
	B  16.39 |  15.71 |  13.46 |  19.52 |  13.67 |  09.31 |  11.94 |  9494004.57 | -592905208.93 |
	A  16.39 |  15.71 |  13.46 |  19.52 |  13.67 |  09.31 |  11.94 |  9494004.57 | -592905208.93 |
	B  16.38 |  15.70 |  13.46 |  19.52 |  13.67 |  09.33 |  11.94 |  9491724.04 | -591479202.22 |
	A  16.38 |  15.70 |  13.46 |  19.52 |  13.67 |  09.33 |  11.94 |  9491724.04 | -591479202.22 |
	B  16.38 |  15.70 |  13.46 |  19.52 |  13.67 |  09.33 |  11.94 |  4745852.64 | -295737586.61 |
	A  16.38 |  15.70 |  13.46 |  19.52 |  13.67 |  09.33 |  11.94 |  4745852.64 | -295737586.61 |
	B  16.38 |  15.70 |  13.46 |  19.52 |  13.67 |  09.33 |  11.94 |  2372930.53 | -147869450.22 |
	A  16.38 |  15.70 |  13.46 |  19.52 |  13.67 |  09.33 |  11.94 |  2372930.53 | -147869450.22 |
	B  16.38 |  15.70 |  13.46 |  19.52 |  13.67 |  09.33 |  11.94 |  1186464.60 | -73934650.28 |
	A  16.38 |  15.70 |  13.46 |  19.52 |  13.67 |  09.33 |  11.94 |  1186464.60 | -73934650.28 |
	B  16.38 |  15.70 |  13.46 |  19.52 |  13.67 |  09.33 |  11.94 |  593232.64 | -36967384.84 |
	A  16.38 |  15.70 |  13.46 |  19.52 |  13.67 |  09.33 |  11.94 |  593232.64 | -36967384.84 |
	B  16.38 |  15.70 |  13.46 |  19.52 |  13.67 |  09.33 |  11.94 |  296616.31 | -18483700.48 |
	A  16.38 |  15.70 |  13.46 |  19.52 |  13.67 |  09.33 |  11.94 |  296616.31 | -18483700.48 |
	B  16.38 |  15.70 |  13.46 |  19.52 |  13.67 |  09.33 |  11.94 |  148308.12 | -9241856.19 |
	A  16.38 |  15.70 |  13.46 |  19.52 |  13.67 |  09.33 |  11.94 |  148308.12 | -9241856.19 |
	B  16.38 |  15.70 |  13.46 |  19.52 |  13.67 |  09.33 |  11.94 |  74154.06 | -4620936.95 |
	A  16.38 |  15.70 |  13.46 |  19.52 |  13.67 |  09.33 |  11.94 |  74154.06 | -4620936.95 |
	B  16.38 |  15.70 |  13.46 |  19.52 |  13.67 |  09.33 |  11.94 |  37077.02 | -2310476.28 |
	A  16.38 |  15.70 |  13.46 |  19.52 |  13.67 |  09.33 |  11.94 |  37077.02 | -2310476.28 |
	B  16.38 |  15.70 |  13.46 |  19.52 |  13.67 |  09.33 |  11.94 |  18538.50 | -1155245.99 |
	A  16.38 |  15.70 |  13.46 |  19.52 |  13.67 |  09.33 |  11.94 |  18538.50 | -1155245.99 |
	B  16.38 |  15.70 |  13.46 |  19.52 |  13.67 |  09.33 |  11.94 |  9269.24 | -577630.88 |
	A  16.38 |  15.70 |  13.46 |  19.52 |  13.67 |  09.33 |  11.94 |  9269.24 | -577630.88 |
	B  16.38 |  15.70 |  13.46 |  19.52 |  13.67 |  09.33 |  11.94 |  4634.61 | -288823.32 |
	A  16.38 |  15.70 |  13.46 |  19.52 |  13.67 |  09.33 |  11.94 |  4634.61 | -288823.32 |
	B  16.38 |  15.70 |  13.46 |  19.52 |  13.67 |  09.33 |  11.94 |  2317.29 | -144419.54 |
	A  16.38 |  15.70 |  13.46 |  19.52 |  13.67 |  09.33 |  11.94 |  2317.29 | -144419.54 |
	B  16.38 |  15.70 |  13.46 |  19.52 |  13.67 |  09.33 |  11.94 |  1158.63 | -72217.65 |
	A  16.38 |  15.70 |  13.46 |  19.52 |  13.67 |  09.33 |  11.94 |  1158.63 | -72217.65 |
	B  16.38 |  15.70 |  13.46 |  19.52 |  13.67 |  09.33 |  11.94 |  579.31 | -36116.70 |
	A  16.38 |  15.70 |  13.46 |  19.52 |  13.67 |  09.33 |  11.94 |  579.31 | -36116.70 |
	B  16.38 |  15.70 |  13.46 |  19.52 |  13.67 |  09.33 |  11.94 |  289.64 | -18066.23 |
	A  16.38 |  15.70 |  13.46 |  19.52 |  13.67 |  09.33 |  11.94 |  289.64 | -18066.23 |
	B  16.38 |  15.70 |  13.46 |  19.52 |  13.67 |  09.33 |  11.94 |  144.81 | -9040.99 |
	A  16.38 |  15.70 |  13.46 |  19.52 |  13.67 |  09.33 |  11.94 |  144.81 | -9040.99 |
	B  16.38 |  15.70 |  13.46 |  19.52 |  13.67 |  09.33 |  11.94 |  72.39 | -4528.37 |
	A  16.38 |  15.70 |  13.46 |  19.52 |  13.67 |  09.33 |  11.94 |  72.39 | -4528.37 |
	B  16.38 |  15.70 |  13.46 |  19.52 |  13.67 |  09.33 |  11.93 |  36.18 | -2272.06 |
	A  16.38 |  15.70 |  13.46 |  19.52 |  13.67 |  09.33 |  11.93 |  36.18 | -2272.06 |
	B  16.38 |  15.70 |  13.46 |  19.52 |  13.67 |  09.33 |  11.93 |  18.08 | -1143.91 |
	A  16.38 |  15.70 |  13.46 |  19.52 |  13.67 |  09.33 |  11.93 |  18.08 | -1143.91 |
	B  16.38 |  15.70 |  13.46 |  19.53 |  13.67 |  09.33 |  11.93 |  09.03 | -579.83 |
	A  16.38 |  15.70 |  13.46 |  19.53 |  13.67 |  09.33 |  11.93 |  09.03 | -579.83 |
	B  16.38 |  15.70 |  13.47 |  19.54 |  13.67 |  09.33 |  11.92 |  04.50 | -297.79 |
	A  16.38 |  15.70 |  13.47 |  19.54 |  13.67 |  09.33 |  11.92 |  04.50 | -297.79 |
	B  16.38 |  15.69 |  13.48 |  19.55 |  13.66 |  09.32 |  11.91 |  02.24 | -156.78 |
	A  16.38 |  15.69 |  13.48 |  19.55 |  13.66 |  09.32 |  11.91 |  02.24 | -156.78 |
	B  16.39 |  15.68 |  13.50 |  19.58 |  13.65 |  09.32 |  11.89 |  01.11 | -86.27 |
	A  16.39 |  15.68 |  13.50 |  19.58 |  13.65 |  09.32 |  11.89 |  01.11 | -86.27 |
	B  16.39 |  15.65 |  13.54 |  19.64 |  13.64 |  09.31 |  11.84 |  00.54 | -51.02 |
	A  16.39 |  15.65 |  13.54 |  19.64 |  13.64 |  09.31 |  11.84 |  00.54 | -51.02 |
	B  16.39 |  15.60 |  13.61 |  19.76 |  13.60 |  09.28 |  11.75 |  00.26 | -33.39 |
	A  16.39 |  15.60 |  13.61 |  19.76 |  13.60 |  09.28 |  11.75 |  00.26 | -33.39 |
	B  16.39 |  15.51 |  13.77 |  20.00 |  13.53 |  09.24 |  11.56 |  00.12 | -24.59 |
	A  16.39 |  15.51 |  13.77 |  20.00 |  13.53 |  09.24 |  11.56 |  00.12 | -24.59 |
	B  16.40 |  15.33 |  14.08 |  20.47 |  13.38 |  09.15 |  11.20 |  00.05 | -20.21 |
	A  16.40 |  15.33 |  14.08 |  20.47 |  13.38 |  09.15 |  11.20 |  00.05 | -20.21 |
	B  16.42 |  14.99 |  14.67 |  21.38 |  13.05 |  08.99 |  10.50 |  00.01 | -18.05 |
	A  16.42 |  14.99 |  14.67 |  21.38 |  13.05 |  08.99 |  10.50 |  00.01 | -18.05 |
	B  16.43 |  14.71 |  15.20 |  22.20 |  12.69 |  08.87 |  09.91 |  00.01 | -18.09 |
	A  16.43 |  14.71 |  15.20 |  22.20 |  12.69 |  08.87 |  09.91 |  00.01 | -18.09 |
	B  16.43 |  14.71 |  15.19 |  22.19 |  12.70 |  08.87 |  09.92 |  00.01 | -18.08 |
	A  16.43 |  14.71 |  15.19 |  22.19 |  12.70 |  08.87 |  09.92 |  00.01 | -18.08 |
	B  16.45 |  14.30 |  15.97 |  23.38 |  12.17 |  08.68 |  09.06 | -00.00 | -17.03 |
	A  16.45 |  14.30 |  15.97 |  23.38 |  12.17 |  08.68 |  09.06 | -00.00 | -17.03 |
	B  16.46 |  14.00 |  16.58 |  24.24 |  11.69 |  08.54 |  08.49 | -00.00 | -17.06 |
	A  16.46 |  14.00 |  16.58 |  24.24 |  11.69 |  08.54 |  08.49 | -00.00 | -17.06 |
	B  16.46 |  14.00 |  16.57 |  24.22 |  11.70 |  08.54 |  08.50 | -00.00 | -17.05 |
	A  16.46 |  14.00 |  16.57 |  24.22 |  11.70 |  08.54 |  08.50 | -00.00 | -17.05 |
	B  16.49 |  13.41 |  17.80 |  25.93 |  10.77 |  08.27 |  07.33 | -00.01 | -16.55 |
	A  16.49 |  13.41 |  17.80 |  25.93 |  10.77 |  08.27 |  07.33 | -00.01 | -16.55 |
	B  16.49 |  13.09 |  18.55 |  26.72 |  10.18 |  08.12 |  06.84 | -00.01 | -16.54 |
	A  16.49 |  13.09 |  18.55 |  26.72 |  10.18 |  08.12 |  06.84 | -00.01 | -16.54 |
	B  16.50 |  13.09 |  18.54 |  26.71 |  10.19 |  08.12 |  06.85 | -00.01 | -16.54 |
	A  16.50 |  13.09 |  18.54 |  26.71 |  10.19 |  08.12 |  06.85 | -00.01 | -16.54 |
	B  16.52 |  12.39 |  20.12 |  28.51 |  08.98 |  07.80 |  05.69 | -00.01 | -16.27 |
	A  16.52 |  12.39 |  20.12 |  28.51 |  08.98 |  07.80 |  05.69 | -00.01 | -16.27 |
	B  16.50 |  12.13 |  20.82 |  28.97 |  08.52 |  07.66 |  05.41 | -00.01 | -16.23 |
	A  16.50 |  12.13 |  20.82 |  28.97 |  08.52 |  07.66 |  05.41 | -00.01 | -16.23 |
	B  16.50 |  12.12 |  20.81 |  28.97 |  08.53 |  07.65 |  05.41 | -00.01 | -16.23 |
	A  16.50 |  12.12 |  20.81 |  28.97 |  08.53 |  07.65 |  05.41 | -00.01 | -16.23 |
	B  16.48 |  11.45 |  22.45 |  30.38 |  07.39 |  07.31 |  04.53 | -00.01 | -16.05 |
	A  16.48 |  11.45 |  22.45 |  30.38 |  07.39 |  07.31 |  04.53 | -00.01 | -16.05 |
	B  16.45 |  11.27 |  22.96 |  30.56 |  07.15 |  07.20 |  04.41 | -00.01 | -16.01 |
	A  16.45 |  11.27 |  22.96 |  30.56 |  07.15 |  07.20 |  04.41 | -00.01 | -16.01 |
	B  16.39 |  10.72 |  24.40 |  31.46 |  06.31 |  06.89 |  03.83 | -00.01 | -15.87 |
	A  16.39 |  10.72 |  24.40 |  31.46 |  06.31 |  06.89 |  03.83 | -00.01 | -15.87 |
	B  16.35 |  10.61 |  24.74 |  31.51 |  06.21 |  06.81 |  03.78 | -00.01 | -15.84 |
	A  16.35 |  10.61 |  24.74 |  31.51 |  06.21 |  06.81 |  03.78 | -00.01 | -15.84 |
	B  16.26 |  10.20 |  25.87 |  32.00 |  05.68 |  06.55 |  03.44 | -00.02 | -15.73 |
	A  16.26 |  10.20 |  25.87 |  32.00 |  05.68 |  06.55 |  03.44 | -00.02 | -15.73 |
	B  16.21 |  10.15 |  26.10 |  31.99 |  05.64 |  06.49 |  03.42 | -00.02 | -15.71 |
	A  16.21 |  10.15 |  26.10 |  31.99 |  05.64 |  06.49 |  03.42 | -00.02 | -15.71 |
	B  16.09 |  09.88 |  26.96 |  32.22 |  05.34 |  06.29 |  03.23 | -00.02 | -15.62 |
	A  16.09 |  09.88 |  26.96 |  32.22 |  05.34 |  06.29 |  03.23 | -00.02 | -15.62 |
	B  16.04 |  09.85 |  27.11 |  32.19 |  05.33 |  06.25 |  03.22 | -00.02 | -15.61 |
	A  16.04 |  09.85 |  27.11 |  32.19 |  05.33 |  06.25 |  03.22 | -00.02 | -15.61 |
	B  15.92 |  09.68 |  27.73 |  32.27 |  05.17 |  06.11 |  03.12 | -00.02 | -15.55 |
	A  15.92 |  09.68 |  27.73 |  32.27 |  05.17 |  06.11 |  03.12 | -00.02 | -15.55 |
	B  15.77 |  09.58 |  28.26 |  32.25 |  05.09 |  06.00 |  03.06 | -00.02 | -15.50 |
	A  15.77 |  09.58 |  28.26 |  32.25 |  05.09 |  06.00 |  03.06 | -00.02 | -15.50 |
	B  15.62 |  09.51 |  28.66 |  32.20 |  05.04 |  05.93 |  03.03 | -00.02 | -15.46 |
	A  15.62 |  09.51 |  28.66 |  32.20 |  05.04 |  05.93 |  03.03 | -00.02 | -15.46 |
	B  15.50 |  09.48 |  28.94 |  32.15 |  05.02 |  05.90 |  03.01 | -00.02 | -15.44 |
	A  15.50 |  09.48 |  28.94 |  32.15 |  05.02 |  05.90 |  03.01 | -00.02 | -15.44 |
	B  15.40 |  09.46 |  29.13 |  32.11 |  05.01 |  05.88 |  03.01 | -00.02 | -15.42 |
	A  15.40 |  09.46 |  29.13 |  32.11 |  05.01 |  05.88 |  03.01 | -00.02 | -15.42 |
	B  15.33 |  09.45 |  29.26 |  32.07 |  05.01 |  05.88 |  03.00 | -00.02 | -15.41 |
	A  15.33 |  09.45 |  29.26 |  32.07 |  05.01 |  05.88 |  03.00 | -00.02 | -15.41 |
	B  15.28 |  09.44 |  29.35 |  32.05 |  05.00 |  05.87 |  03.00 | -00.02 | -15.40 |
	A  15.28 |  09.44 |  29.35 |  32.05 |  05.00 |  05.87 |  03.00 | -00.02 | -15.40 |
	B  15.26 |  09.44 |  29.39 |  32.03 |  05.00 |  05.87 |  03.00 | -00.02 | -15.40 |
	A  15.26 |  09.44 |  29.39 |  32.03 |  05.00 |  05.87 |  03.00 | -00.02 | -15.40 |
	B  15.24 |  09.44 |  29.42 |  32.03 |  05.00 |  05.87 |  03.00 | -00.02 | -15.40 |
	A  15.24 |  09.44 |  29.42 |  32.03 |  05.00 |  05.87 |  03.00 | -00.02 | -15.40 |
	B  15.23 |  09.44 |  29.43 |  32.02 |  05.00 |  05.87 |  03.00 | -00.02 | -15.40 |
	A  15.23 |  09.44 |  29.43 |  32.02 |  05.00 |  05.87 |  03.00 | -00.02 | -15.40 |
	B  15.23 |  09.44 |  29.44 |  32.02 |  05.00 |  05.87 |  03.00 | -00.02 | -15.40 |
	A  15.23 |  09.44 |  29.44 |  32.02 |  05.00 |  05.87 |  03.00 | -00.02 | -15.40 |
	B  15.23 |  09.44 |  29.44 |  32.02 |  05.00 |  05.87 |  03.00 | -00.02 | -15.40 |
	A  15.23 |  09.44 |  29.44 |  32.02 |  05.00 |  05.87 |  03.00 | -00.02 | -15.40 |
	B  15.23 |  09.44 |  29.44 |  32.02 |  05.00 |  05.87 |  03.00 | -00.02 | -15.40 |
	A  15.23 |  09.44 |  29.44 |  32.02 |  05.00 |  05.87 |  03.00 | -00.02 | -15.40 |
	B  15.23 |  09.44 |  29.44 |  32.02 |  05.00 |  05.87 |  03.00 | -00.02 | -15.40 |
	A  15.23 |  09.44 |  29.44 |  32.02 |  05.00 |  05.87 |  03.00 | -00.02 | -15.40 |
	B  15.23 |  09.44 |  29.44 |  32.02 |  05.00 |  05.87 |  03.00 | -00.02 | -15.40 |
	A  15.23 |  09.44 |  29.44 |  32.02 |  05.00 |  05.87 |  03.00 | -00.02 | -15.40 |
	B  15.23 |  09.44 |  29.44 |  32.02 |  05.00 |  05.87 |  03.00 | -00.02 | -15.40 |
	A  15.23 |  09.44 |  29.44 |  32.02 |  05.00 |  05.87 |  03.00 | -00.02 | -15.40 |
	B  15.23 |  09.44 |  29.44 |  32.02 |  05.00 |  05.87 |  03.00 | -00.02 | -15.40 |
	A  15.23 |  09.44 |  29.44 |  32.02 |  05.00 |  05.87 |  03.00 | -00.02 | -15.40 |
	B  15.23 |  09.44 |  29.44 |  32.02 |  05.00 |  05.87 |  03.00 | -00.02 | -15.40 |
	A  15.23 |  09.44 |  29.44 |  32.02 |  05.00 |  05.87 |  03.00 | -00.02 | -15.40 |
	B  15.23 |  09.44 |  29.44 |  32.02 |  05.00 |  05.87 |  03.00 | -00.02 | -15.40 |
	A  15.23 |  09.44 |  29.44 |  32.02 |  05.00 |  05.87 |  03.00 | -00.02 | -15.40 |
	B  15.23 |  09.44 |  29.44 |  32.02 |  05.00 |  05.87 |  03.00 | -00.02 | -15.40 |
	A  15.23 |  09.44 |  29.44 |  32.02 |  05.00 |  05.87 |  03.00 | -00.02 | -15.40 |
	B  15.23 |  09.44 |  29.44 |  32.02 |  05.00 |  05.87 |  03.00 | -00.02 | -15.40 |
	A  15.23 |  09.44 |  29.44 |  32.02 |  05.00 |  05.87 |  03.00 | -00.02 | -15.40 |
	B  15.23 |  09.44 |  29.44 |  32.02 |  05.00 |  05.87 |  03.00 | -00.02 | -15.40 |
	A  15.23 |  09.44 |  29.44 |  32.02 |  05.00 |  05.87 |  03.00 | -00.02 | -15.40 |
	B  15.23 |  09.44 |  29.44 |  32.02 |  05.00 |  05.87 |  03.00 | -00.02 | -15.40 |
	A  15.23 |  09.44 |  29.44 |  32.02 |  05.00 |  05.87 |  03.00 | -00.02 | -15.40 |
	B  15.23 |  09.44 |  29.44 |  32.02 |  05.00 |  05.87 |  03.00 | -00.02 | -15.40 |
	A  15.23 |  09.44 |  29.44 |  32.02 |  05.00 |  05.87 |  03.00 | -00.02 | -15.40 |
	B  15.23 |  09.44 |  29.44 |  32.02 |  05.00 |  05.87 |  03.00 | -00.02 | -15.40 |
	A  15.23 |  09.44 |  29.44 |  32.02 |  05.00 |  05.87 |  03.00 | -00.02 | -15.40 |
	B  15.23 |  09.44 |  29.44 |  32.02 |  05.00 |  05.87 |  03.00 | -00.02 | -15.40 |
	A  15.23 |  09.44 |  29.44 |  32.02 |  05.00 |  05.87 |  03.00 | -00.02 | -15.40 |
	B  15.23 |  09.44 |  29.44 |  32.02 |  05.00 |  05.87 |  03.00 | -00.02 | -15.40 |
	A  15.23 |  09.44 |  29.44 |  32.02 |  05.00 |  05.87 |  03.00 | -00.02 | -15.40 |
	B  15.23 |  09.44 |  29.44 |  32.02 |  05.00 |  05.87 |  03.00 | -00.02 | -15.40 |
	A  15.23 |  09.44 |  29.44 |  32.02 |  05.00 |  05.87 |  03.00 | -00.02 | -15.40 |
	B  15.23 |  09.44 |  29.44 |  32.02 |  05.00 |  05.87 |  03.00 | -00.02 | -15.40 |
	A  15.23 |  09.44 |  29.44 |  32.02 |  05.00 |  05.87 |  03.00 | -00.02 | -15.40 |
	B  15.23 |  09.44 |  29.44 |  32.02 |  05.00 |  05.87 |  03.00 | -00.02 | -15.40 |
	A  15.23 |  09.44 |  29.44 |  32.02 |  05.00 |  05.87 |  03.00 | -00.02 | -15.40 |
	B  15.23 |  09.44 |  29.44 |  32.02 |  05.00 |  05.87 |  03.00 | -00.02 | -15.40 |
	A  15.23 |  09.44 |  29.44 |  32.02 |  05.00 |  05.87 |  03.00 | -00.02 | -15.40 |
	B  15.23 |  09.44 |  29.44 |  32.02 |  05.00 |  05.87 |  03.00 | -00.02 | -15.40 |
	A  15.23 |  09.44 |  29.44 |  32.02 |  05.00 |  05.87 |  03.00 | -00.02 | -15.40 |
	B  15.23 |  09.44 |  29.44 |  32.02 |  05.00 |  05.87 |  03.00 | -00.02 | -15.40 |
	A  15.23 |  09.44 |  29.44 |  32.02 |  05.00 |  05.87 |  03.00 | -00.02 | -15.40 |
	B  15.23 |  09.44 |  29.44 |  32.02 |  05.00 |  05.87 |  03.00 | -00.02 | -15.40 |
	A  15.23 |  09.44 |  29.44 |  32.02 |  05.00 |  05.87 |  03.00 | -00.02 | -15.40 |
{"LQD::UpperBound":0.6,"GSG::UpperBound":0.15,"EWJ::UpperBound":0.4,"AssetReturnsCovariance":[[0.002733,0.002083,0.001593,4.88E-4,0.001172,0.002312,7.1E-4],[0.002083,0.002768,0.001302,4.57E-4,0.001105,0.001647,5.63E-4],[0.001593,0.001302,0.001463,6.39E-4,0.00105,0.00111,5.19E-4],[4.88E-4,4.57E-4,6.39E-4,6.08E-4,6.63E-4,4.2E-5,3.7E-4],[0.001172,0.001105,0.00105,6.63E-4,0.001389,8.25E-4,6.61E-4],[0.002312,0.001647,0.00111,4.2E-5,8.25E-4,0.005211,7.49E-4],[7.1E-4,5.63E-4,5.19E-4,3.7E-4,6.61E-4,7.49E-4,7.03E-4]],"BWX::WEIGHT":0.03000000000013927,"GSG::WEIGHT":0.05873072203190665,"PortfolioNotional":1.0,"TOK::UpperBound":0.4,"HYG::LowerBound":0.05,"EWJ::WEIGHT":0.09436756487008523,"BWX::LowerBound":0.03,"AssetSet":["TOK","EWJ","HYG","LQD","EMD","GSG","BWX"],"EMD::LowerBound":0.05,"HYG::WEIGHT":0.2944380153643077,"BWX::UpperBound":0.5,"PortfolioExpectedReturn":0.005262,"EMD::WEIGHT":0.050000000000196804,"HYG::UpperBound":0.3,"TOK::LowerBound":0.05,"PortfolioStandardDeviation":0.031391503603803314,"LQD::WEIGHT":0.3201935452596681,"EWJ::LowerBound":0.05,"EMD::UpperBound":0.35,"TOK::WEIGHT":0.15227015247369624,"PortfolioDesignReturn":0.005262,"LQD::LowerBound":0.1,"GSG::LowerBound":0.05,"AssetReturnsMean":[0.008355,0.007207,0.006279,0.002466,0.004472,0.006821,0.00157]}

	|-----------------------------------------------------------------|
	|    Copyright (C) 2011-2019 (DRIP, DROP)
	|-----------------------------------------------------------------|
	|    Build Version  => 4.19.0 multi mode
	|    Build JVM (TM) => 1.8.0_112
	|    Build Snap     => Thu Jul 04 22:11:11 EST 2019
	|    Start Time     => Fri Aug 23 18:15:25 EDT 2019
	|    Setup Time     => Fri Aug 23 18:15:25 EDT 2019
	|    Setup Duration => 0 ms
	|-----------------------------------------------------------------|


	|---------------- JSON REQUEST -----------------|

{"Parameters":{"Coupon":0.1,"TreasuryCode":"MBONO","MaturityDate":"20-NOV-2036","SettleDate":"30-MAR-2016","CleanPrice":1.35213,"Notional":1.0E8,"EffectiveDate":"20-NOV-2011"},"API":"TREASURYBOND::SECULARMETRICS"}

	|---------------- JSON RESPONSE ----------------|


	|-----------------------------------------------------------------|
	|    Copyright (C) 2011-2019 (DRIP, DROP)
	|-----------------------------------------------------------------|
	|    Build Version  => 4.19.0 multi mode
	|    Build JVM (TM) => 1.8.0_112
	|    Build Snap     => Thu Jul 04 22:11:11 EST 2019
	|    Start Time     => Fri Aug 23 18:15:25 EDT 2019
	|    Setup Time     => Fri Aug 23 18:15:25 EDT 2019
	|    Setup Duration => 0 ms
	|-----------------------------------------------------------------|

{"AccrualDays":131,"Risk":0.0013839598827962707,"PreviousCouponDate":"20-NOV-2015","Accrued":3598901.098901102,"CurrentPrincipal":1.0E8,"ModifiedDuration":9.97003597047885E-4,"DV01":138395.98827962708,"CouponFlow":[{"CouponRate":0.10000000000000009,"StartDate":"20-NOV-2011","AccrualDays":181,"AccrualFraction":0.5,"PayDate":"20-MAY-2012","CouponAmount":5000000.000000005,"YieldDF":0.9993084985637253,"EndDate":"20-MAY-2012"},{"CouponRate":0.10000000000000009,"StartDate":"20-MAY-2012","AccrualDays":185,"AccrualFraction":0.5054945054945055,"PayDate":"20-NOV-2012","CouponAmount":5054945.054945059,"YieldDF":0.9986098842944381,"EndDate":"20-NOV-2012"},{"CouponRate":0.10000000000000009,"StartDate":"20-NOV-2012","AccrualDays":180,"AccrualFraction":0.49725274725274726,"PayDate":"20-MAY-2013","CouponAmount":4972527.472527477,"YieldDF":0.9979231369969908,"EndDate":"20-MAY-2013"},{"CouponRate":0.10000000000000009,"StartDate":"20-MAY-2013","AccrualDays":184,"AccrualFraction":0.5054945054945055,"PayDate":"20-NOV-2013","CouponAmount":5054945.054945059,"YieldDF":0.9972254912307834,"EndDate":"20-NOV-2013"},{"CouponRate":0.10000000000000009,"StartDate":"20-NOV-2013","AccrualDays":180,"AccrualFraction":0.49725274725274726,"PayDate":"20-MAY-2014","CouponAmount":4972527.472527477,"YieldDF":0.996539695984993,"EndDate":"20-MAY-2014"},{"CouponRate":0.10000000000000009,"StartDate":"20-MAY-2014","AccrualDays":184,"AccrualFraction":0.5054945054945055,"PayDate":"20-NOV-2014","CouponAmount":5054945.054945059,"YieldDF":0.9958430173792103,"EndDate":"20-NOV-2014"},{"CouponRate":0.10000000000000009,"StartDate":"20-NOV-2014","AccrualDays":180,"AccrualFraction":0.49725274725274726,"PayDate":"20-MAY-2015","CouponAmount":4972527.472527477,"YieldDF":0.9951581728652286,"EndDate":"20-MAY-2015"},{"CouponRate":0.10000000000000009,"StartDate":"20-MAY-2015","AccrualDays":184,"AccrualFraction":0.5054945054945055,"PayDate":"20-NOV-2015","CouponAmount":5054945.054945059,"YieldDF":0.9944624600790762,"EndDate":"20-NOV-2015"},{"CouponRate":0.10000000000000009,"StartDate":"20-NOV-2015","AccrualDays":181,"AccrualFraction":0.5,"PayDate":"20-MAY-2016","CouponAmount":5000000.000000005,"YieldDF":0.9937747878596103,"EndDate":"20-MAY-2016"},{"CouponRate":0.10000000000000009,"StartDate":"20-MAY-2016","AccrualDays":185,"AccrualFraction":0.5054945054945055,"PayDate":"20-NOV-2016","CouponAmount":5054945.054945059,"YieldDF":0.9930800421947286,"EndDate":"20-NOV-2016"},{"CouponRate":0.10000000000000009,"StartDate":"20-NOV-2016","AccrualDays":180,"AccrualFraction":0.49725274725274726,"PayDate":"20-MAY-2017","CouponAmount":4972527.472527477,"YieldDF":0.9923970977878565,"EndDate":"20-MAY-2017"},{"CouponRate":0.10000000000000009,"StartDate":"20-MAY-2017","AccrualDays":184,"AccrualFraction":0.5054945054945055,"PayDate":"20-NOV-2017","CouponAmount":5054945.054945059,"YieldDF":0.9917033152629301,"EndDate":"20-NOV-2017"},{"CouponRate":0.10000000000000009,"StartDate":"20-NOV-2017","AccrualDays":180,"AccrualFraction":0.49725274725274726,"PayDate":"20-MAY-2018","CouponAmount":4972527.472527477,"YieldDF":0.9910213176356909,"EndDate":"20-MAY-2018"},{"CouponRate":0.10000000000000009,"StartDate":"20-MAY-2018","AccrualDays":184,"AccrualFraction":0.5054945054945055,"PayDate":"20-NOV-2018","CouponAmount":5054945.054945059,"YieldDF":0.9903284969154997,"EndDate":"20-NOV-2018"},{"CouponRate":0.10000000000000009,"StartDate":"20-NOV-2018","AccrualDays":180,"AccrualFraction":0.49725274725274726,"PayDate":"20-MAY-2019","CouponAmount":4972527.472527477,"YieldDF":0.9896474447553537,"EndDate":"20-MAY-2019"},{"CouponRate":0.10000000000000009,"StartDate":"20-MAY-2019","AccrualDays":184,"AccrualFraction":0.5054945054945055,"PayDate":"20-NOV-2019","CouponAmount":5054945.054945059,"YieldDF":0.9889555845065283,"EndDate":"20-NOV-2019"},{"CouponRate":0.10000000000000009,"StartDate":"20-NOV-2019","AccrualDays":181,"AccrualFraction":0.5,"PayDate":"20-MAY-2020","CouponAmount":5000000.000000005,"YieldDF":0.9882717202994301,"EndDate":"20-MAY-2020"},{"CouponRate":0.10000000000000009,"StartDate":"20-MAY-2020","AccrualDays":185,"AccrualFraction":0.5054945054945055,"PayDate":"20-NOV-2020","CouponAmount":5054945.054945059,"YieldDF":0.9875808218164026,"EndDate":"20-NOV-2020"},{"CouponRate":0.10000000000000009,"StartDate":"20-NOV-2020","AccrualDays":180,"AccrualFraction":0.49725274725274726,"PayDate":"20-MAY-2021","CouponAmount":4972527.472527477,"YieldDF":0.9869016592414472,"EndDate":"20-MAY-2021"},{"CouponRate":0.10000000000000009,"StartDate":"20-MAY-2021","AccrualDays":184,"AccrualFraction":0.5054945054945055,"PayDate":"20-NOV-2021","CouponAmount":5054945.054945059,"YieldDF":0.9862117185649492,"EndDate":"20-NOV-2021"},{"CouponRate":0.10000000000000009,"StartDate":"20-NOV-2021","AccrualDays":180,"AccrualFraction":0.49725274725274726,"PayDate":"20-MAY-2022","CouponAmount":4972527.472527477,"YieldDF":0.9855334975267969,"EndDate":"20-MAY-2022"},{"CouponRate":0.10000000000000009,"StartDate":"20-MAY-2022","AccrualDays":184,"AccrualFraction":0.5054945054945055,"PayDate":"20-NOV-2022","CouponAmount":5054945.054945059,"YieldDF":0.9848445133290017,"EndDate":"20-NOV-2022"},{"CouponRate":0.10000000000000009,"StartDate":"20-NOV-2022","AccrualDays":180,"AccrualFraction":0.49725274725274726,"PayDate":"20-MAY-2023","CouponAmount":4972527.472527477,"YieldDF":0.9841672325223808,"EndDate":"20-MAY-2023"},{"CouponRate":0.10000000000000009,"StartDate":"20-MAY-2023","AccrualDays":184,"AccrualFraction":0.5054945054945055,"PayDate":"20-NOV-2023","CouponAmount":5054945.054945059,"YieldDF":0.9834792034773029,"EndDate":"20-NOV-2023"},{"CouponRate":0.10000000000000009,"StartDate":"20-NOV-2023","AccrualDays":181,"AccrualFraction":0.5,"PayDate":"20-MAY-2024","CouponAmount":5000000.000000005,"YieldDF":0.9827991261955521,"EndDate":"20-MAY-2024"},{"CouponRate":0.10000000000000009,"StartDate":"20-MAY-2024","AccrualDays":185,"AccrualFraction":0.5054945054945055,"PayDate":"20-NOV-2024","CouponAmount":5054945.054945059,"YieldDF":0.9821120535904556,"EndDate":"20-NOV-2024"},{"CouponRate":0.10000000000000009,"StartDate":"20-NOV-2024","AccrualDays":180,"AccrualFraction":0.49725274725274726,"PayDate":"20-MAY-2025","CouponAmount":4972527.472527477,"YieldDF":0.9814366519053719,"EndDate":"20-MAY-2025"},{"CouponRate":0.10000000000000009,"StartDate":"20-MAY-2025","AccrualDays":184,"AccrualFraction":0.5054945054945055,"PayDate":"20-NOV-2025","CouponAmount":5054945.054945059,"YieldDF":0.9807505318029129,"EndDate":"20-NOV-2025"},{"CouponRate":0.10000000000000009,"StartDate":"20-NOV-2025","AccrualDays":180,"AccrualFraction":0.49725274725274726,"PayDate":"20-MAY-2026","CouponAmount":4972527.472527477,"YieldDF":0.9800760664408346,"EndDate":"20-MAY-2026"},{"CouponRate":0.10000000000000009,"StartDate":"20-MAY-2026","AccrualDays":184,"AccrualFraction":0.5054945054945055,"PayDate":"20-NOV-2026","CouponAmount":5054945.054945059,"YieldDF":0.9793908975205396,"EndDate":"20-NOV-2026"},{"CouponRate":0.10000000000000009,"StartDate":"20-NOV-2026","AccrualDays":180,"AccrualFraction":0.49725274725274726,"PayDate":"20-MAY-2027","CouponAmount":4972527.472527477,"YieldDF":0.9787173671834231,"EndDate":"20-MAY-2027"},{"CouponRate":0.10000000000000009,"StartDate":"20-MAY-2027","AccrualDays":184,"AccrualFraction":0.5054945054945055,"PayDate":"20-NOV-2027","CouponAmount":5054945.054945059,"YieldDF":0.978033148126649,"EndDate":"20-NOV-2027"},{"CouponRate":0.10000000000000009,"StartDate":"20-NOV-2027","AccrualDays":181,"AccrualFraction":0.5,"PayDate":"20-MAY-2028","CouponAmount":5000000.000000005,"YieldDF":0.9773568367999952,"EndDate":"20-MAY-2028"},{"CouponRate":0.10000000000000009,"StartDate":"20-MAY-2028","AccrualDays":185,"AccrualFraction":0.5054945054945055,"PayDate":"20-NOV-2028","CouponAmount":5054945.054945059,"YieldDF":0.976673568886878,"EndDate":"20-NOV-2028"},{"CouponRate":0.10000000000000009,"StartDate":"20-NOV-2028","AccrualDays":180,"AccrualFraction":0.49725274725274726,"PayDate":"20-MAY-2029","CouponAmount":4972527.472527477,"YieldDF":0.9760019072655881,"EndDate":"20-MAY-2029"},{"CouponRate":0.10000000000000009,"StartDate":"20-MAY-2029","AccrualDays":184,"AccrualFraction":0.5054945054945055,"PayDate":"20-NOV-2029","CouponAmount":5054945.054945059,"YieldDF":0.9753195865805872,"EndDate":"20-NOV-2029"},{"CouponRate":0.10000000000000009,"StartDate":"20-NOV-2029","AccrualDays":180,"AccrualFraction":0.49725274725274726,"PayDate":"20-MAY-2030","CouponAmount":4972527.472527477,"YieldDF":0.9746488560973765,"EndDate":"20-MAY-2030"},{"CouponRate":0.10000000000000009,"StartDate":"20-MAY-2030","AccrualDays":184,"AccrualFraction":0.5054945054945055,"PayDate":"20-NOV-2030","CouponAmount":5054945.054945059,"YieldDF":0.9739674813273302,"EndDate":"20-NOV-2030"},{"CouponRate":0.10000000000000009,"StartDate":"20-NOV-2030","AccrualDays":180,"AccrualFraction":0.49725274725274726,"PayDate":"20-MAY-2031","CouponAmount":4972527.472527477,"YieldDF":0.9732976806913434,"EndDate":"20-MAY-2031"},{"CouponRate":0.10000000000000009,"StartDate":"20-MAY-2031","AccrualDays":184,"AccrualFraction":0.5054945054945055,"PayDate":"20-NOV-2031","CouponAmount":5054945.054945059,"YieldDF":0.9726172505249109,"EndDate":"20-NOV-2031"},{"CouponRate":0.10000000000000009,"StartDate":"20-NOV-2031","AccrualDays":181,"AccrualFraction":0.5,"PayDate":"20-MAY-2032","CouponAmount":5000000.000000005,"YieldDF":0.9719446842992274,"EndDate":"20-MAY-2032"},{"CouponRate":0.10000000000000009,"StartDate":"20-MAY-2032","AccrualDays":185,"AccrualFraction":0.5054945054945055,"PayDate":"20-NOV-2032","CouponAmount":5054945.054945059,"YieldDF":0.9712652000094558,"EndDate":"20-NOV-2032"},{"CouponRate":0.10000000000000009,"StartDate":"20-NOV-2032","AccrualDays":180,"AccrualFraction":0.49725274725274726,"PayDate":"20-MAY-2033","CouponAmount":4972527.472527477,"YieldDF":0.9705972577412071,"EndDate":"20-MAY-2033"},{"CouponRate":0.10000000000000009,"StartDate":"20-MAY-2033","AccrualDays":184,"AccrualFraction":0.5054945054945055,"PayDate":"20-NOV-2033","CouponAmount":5054945.054945059,"YieldDF":0.9699187154342382,"EndDate":"20-NOV-2033"},{"CouponRate":0.10000000000000009,"StartDate":"20-NOV-2033","AccrualDays":180,"AccrualFraction":0.49725274725274726,"PayDate":"20-MAY-2034","CouponAmount":4972527.472527477,"YieldDF":0.9692516991478546,"EndDate":"20-MAY-2034"},{"CouponRate":0.10000000000000009,"StartDate":"20-MAY-2034","AccrualDays":184,"AccrualFraction":0.5054945054945055,"PayDate":"20-NOV-2034","CouponAmount":5054945.054945059,"YieldDF":0.9685740975177985,"EndDate":"20-NOV-2034"},{"CouponRate":0.10000000000000009,"StartDate":"20-NOV-2034","AccrualDays":180,"AccrualFraction":0.49725274725274726,"PayDate":"20-MAY-2035","CouponAmount":4972527.472527477,"YieldDF":0.9679080059295726,"EndDate":"20-MAY-2035"},{"CouponRate":0.10000000000000009,"StartDate":"20-MAY-2035","AccrualDays":184,"AccrualFraction":0.5054945054945055,"PayDate":"20-NOV-2035","CouponAmount":5054945.054945059,"YieldDF":0.9672313436723501,"EndDate":"20-NOV-2035"},{"CouponRate":0.10000000000000009,"StartDate":"20-NOV-2035","AccrualDays":181,"AccrualFraction":0.5,"PayDate":"20-MAY-2036","CouponAmount":5000000.000000005,"YieldDF":0.9665625018089908,"EndDate":"20-MAY-2036"},{"CouponRate":0.10000000000000009,"StartDate":"20-MAY-2036","AccrualDays":185,"AccrualFraction":0.5054945054945055,"PayDate":"20-NOV-2036","CouponAmount":5054945.054945059,"YieldDF":0.9658867801905995,"EndDate":"20-NOV-2036"}],"NPV":1.0359890109890111E8,"Total":1.0359890109890111E8,"Yield":0.0680318630755704,"Convexity":1.5238475139902444E-6,"CleanPrice":135.213,"Face":1.0E8,"SettleDate":"30-MAR-2016","Notional":1.0E8}
]]></system-out>
  <system-err><![CDATA[]]></system-err>
</testsuite>
