<?xml version="1.0" encoding="UTF-8"?>
<testsuite name="org.drip.coverage.execution.Almgren2012" tests="1" skipped="0" failures="1" errors="0" timestamp="2019-08-23T22:14:13" hostname="LAPTOP-2MU6A8KE" time="0.078">
  <properties/>
  <testcase name="codeCoverageTest" classname="org.drip.coverage.execution.Almgren2012" time="0.078">
    <failure message="java.lang.NullPointerException" type="java.lang.NullPointerException">java.lang.NullPointerException
	at org.drip.sample.almgren2012.AdaptiveZeroInitialHoldings.main(AdaptiveZeroInitialHoldings.java:184)
	at org.drip.coverage.execution.Almgren2012.codeCoverageTest(Almgren2012.java:75)
	at sun.reflect.NativeMethodAccessorImpl.invoke0(Native Method)
	at sun.reflect.NativeMethodAccessorImpl.invoke(NativeMethodAccessorImpl.java:62)
	at sun.reflect.DelegatingMethodAccessorImpl.invoke(DelegatingMethodAccessorImpl.java:43)
	at java.lang.reflect.Method.invoke(Method.java:498)
	at org.junit.runners.model.FrameworkMethod$1.runReflectiveCall(FrameworkMethod.java:50)
	at org.junit.internal.runners.model.ReflectiveCallable.run(ReflectiveCallable.java:12)
	at org.junit.runners.model.FrameworkMethod.invokeExplosively(FrameworkMethod.java:47)
	at org.junit.internal.runners.statements.InvokeMethod.evaluate(InvokeMethod.java:17)
	at org.junit.runners.ParentRunner.runLeaf(ParentRunner.java:325)
	at org.junit.runners.BlockJUnit4ClassRunner.runChild(BlockJUnit4ClassRunner.java:78)
	at org.junit.runners.BlockJUnit4ClassRunner.runChild(BlockJUnit4ClassRunner.java:57)
	at org.junit.runners.ParentRunner$3.run(ParentRunner.java:290)
	at org.junit.runners.ParentRunner$1.schedule(ParentRunner.java:71)
	at org.junit.runners.ParentRunner.runChildren(ParentRunner.java:288)
	at org.junit.runners.ParentRunner.access$000(ParentRunner.java:58)
	at org.junit.runners.ParentRunner$2.evaluate(ParentRunner.java:268)
	at org.junit.runners.ParentRunner.run(ParentRunner.java:363)
	at org.gradle.api.internal.tasks.testing.junit.JUnitTestClassExecuter.runTestClass(JUnitTestClassExecuter.java:114)
	at org.gradle.api.internal.tasks.testing.junit.JUnitTestClassExecuter.execute(JUnitTestClassExecuter.java:57)
	at org.gradle.api.internal.tasks.testing.junit.JUnitTestClassProcessor.processTestClass(JUnitTestClassProcessor.java:66)
	at org.gradle.api.internal.tasks.testing.SuiteTestClassProcessor.processTestClass(SuiteTestClassProcessor.java:51)
	at sun.reflect.NativeMethodAccessorImpl.invoke0(Native Method)
	at sun.reflect.NativeMethodAccessorImpl.invoke(NativeMethodAccessorImpl.java:62)
	at sun.reflect.DelegatingMethodAccessorImpl.invoke(DelegatingMethodAccessorImpl.java:43)
	at java.lang.reflect.Method.invoke(Method.java:498)
	at org.gradle.internal.dispatch.ReflectionDispatch.dispatch(ReflectionDispatch.java:35)
	at org.gradle.internal.dispatch.ReflectionDispatch.dispatch(ReflectionDispatch.java:24)
	at org.gradle.internal.dispatch.ContextClassLoaderDispatch.dispatch(ContextClassLoaderDispatch.java:32)
	at org.gradle.internal.dispatch.ProxyDispatchAdapter$DispatchingInvocationHandler.invoke(ProxyDispatchAdapter.java:93)
	at com.sun.proxy.$Proxy2.processTestClass(Unknown Source)
	at org.gradle.api.internal.tasks.testing.worker.TestWorker.processTestClass(TestWorker.java:109)
	at sun.reflect.NativeMethodAccessorImpl.invoke0(Native Method)
	at sun.reflect.NativeMethodAccessorImpl.invoke(NativeMethodAccessorImpl.java:62)
	at sun.reflect.DelegatingMethodAccessorImpl.invoke(DelegatingMethodAccessorImpl.java:43)
	at java.lang.reflect.Method.invoke(Method.java:498)
	at org.gradle.internal.dispatch.ReflectionDispatch.dispatch(ReflectionDispatch.java:35)
	at org.gradle.internal.dispatch.ReflectionDispatch.dispatch(ReflectionDispatch.java:24)
	at org.gradle.internal.remote.internal.hub.MessageHubBackedObjectConnection$DispatchWrapper.dispatch(MessageHubBackedObjectConnection.java:147)
	at org.gradle.internal.remote.internal.hub.MessageHubBackedObjectConnection$DispatchWrapper.dispatch(MessageHubBackedObjectConnection.java:129)
	at org.gradle.internal.remote.internal.hub.MessageHub$Handler.run(MessageHub.java:404)
	at org.gradle.internal.concurrent.ExecutorPolicy$CatchAndRecordFailures.onExecute(ExecutorPolicy.java:63)
	at org.gradle.internal.concurrent.StoppableExecutorImpl$1.run(StoppableExecutorImpl.java:46)
	at java.util.concurrent.ThreadPoolExecutor.runWorker(ThreadPoolExecutor.java:1142)
	at java.util.concurrent.ThreadPoolExecutor$Worker.run(ThreadPoolExecutor.java:617)
	at java.lang.Thread.run(Thread.java:745)
</failure>
  </testcase>
  <system-out><![CDATA[
	|-----------------------------------------------------------------|
	|    Copyright (C) 2011-2019 (DRIP, DROP)
	|-----------------------------------------------------------------|
	|    Build Version  => 4.19.0 multi mode
	|    Build JVM (TM) => 1.8.0_112
	|    Build Snap     => Thu Jul 04 22:11:11 EST 2019
	|    Start Time     => Fri Aug 23 18:14:13 EDT 2019
	|    Setup Time     => Fri Aug 23 18:14:13 EDT 2019
	|    Setup Duration => 0 ms
	|-----------------------------------------------------------------|


	||-----------------------------------------------------------------------------||
	||                     ADAPTIVE OPTIMAL TRAJECTORY HOLDINGS                    ||
	||-----------------------------------------------------------------------------||
	||     L -> R:                                                                 ||
	||             - Time                                                          ||
	||             - Non Dimensional Risk Aversion => 0.10                         ||
	||             - Non Dimensional Risk Aversion => 0.20                         ||
	||             - Non Dimensional Risk Aversion => 0.30                         ||
	||             - Non Dimensional Risk Aversion => 0.40                         ||
	||             - Non Dimensional Risk Aversion => 0.60                         ||
	||             - Non Dimensional Risk Aversion => 0.80                         ||
	||             - Non Dimensional Risk Aversion => 1.00                         ||
	||-----------------------------------------------------------------------------||
	||  0.00 |  1.0000 |  1.0000 |  1.0000 |  1.0000 |  1.0000 |  1.0000 |  1.0000 ||
	||  0.20 |  0.9948 |  0.9895 |  0.9819 |  0.9724 |  0.9477 |  0.9159 |  0.8768 ||
	||  0.40 |  0.9853 |  0.9658 |  0.9362 |  0.8980 |  0.7997 |  0.6777 |  0.5400 ||
	||  0.60 |  0.9655 |  0.9105 |  0.8288 |  0.7283 |  0.5006 |  0.2835 |  0.1193 ||
	||  0.80 |  0.9500 |  0.8671 |  0.7501 |  0.6170 |  0.3594 |  0.1686 |  0.0582 ||
	||  1.00 |  0.9421 |  0.8454 |  0.7130 |  0.5684 |  0.3089 |  0.1354 |  0.0438 ||
	||  1.20 |  0.8929 |  0.7087 |  0.4937 |  0.3065 |  0.0828 |  0.0050 | -0.0088 ||
	||  1.40 |  0.8486 |  0.6028 |  0.3611 |  0.1894 |  0.0342 |  0.0010 | -0.0000 ||
	||  1.60 |  0.8209 |  0.5444 |  0.2997 |  0.1441 |  0.0217 |  0.0005 | -0.0000 ||
	||  1.80 |  0.7967 |  0.4977 |  0.2557 |  0.1148 |  0.0150 |  0.0003 | -0.0000 ||
	||  2.00 |  0.7794 |  0.4667 |  0.2288 |  0.0982 |  0.0117 |  0.0002 | -0.0000 ||
	||  2.20 |  0.7560 |  0.4273 |  0.1968 |  0.0794 |  0.0083 |  0.0001 | -0.0000 ||
	||  2.40 |  0.7130 |  0.3612 |  0.1476 |  0.0526 |  0.0041 |  0.0000 | -0.0000 ||
	||  2.60 |  0.6408 |  0.2667 |  0.0870 |  0.0237 |  0.0007 | -0.0000 |  0.0000 ||
	||  2.80 |  0.5565 |  0.1807 |  0.0438 |  0.0079 |  0.0000 |  0.0000 | -0.0000 ||
	||  3.00 |  0.5084 |  0.1433 |  0.0299 |  0.0046 |  0.0000 |  0.0000 |  0.0000 ||
	||  3.20 |  0.4843 |  0.1273 |  0.0248 |  0.0035 |  0.0000 |  0.0000 |  0.0000 ||
	||  3.40 |  0.4727 |  0.1202 |  0.0227 |  0.0031 |  0.0000 |  0.0000 |  0.0000 ||
	||  3.60 |  0.4613 |  0.1135 |  0.0208 |  0.0028 |  0.0000 |  0.0000 |  0.0000 ||
	||  3.80 |  0.4508 |  0.1076 |  0.0191 |  0.0025 |  0.0000 |  0.0000 |  0.0000 ||
	||  4.00 |  0.4437 |  0.1037 |  0.0181 |  0.0023 |  0.0000 |  0.0000 |  0.0000 ||
	||  4.20 |  0.4383 |  0.1008 |  0.0173 |  0.0022 |  0.0000 |  0.0000 |  0.0000 ||
	||  4.40 |  0.4359 |  0.0995 |  0.0170 |  0.0021 |  0.0000 |  0.0000 |  0.0000 ||
	||  4.60 |  0.4331 |  0.0981 |  0.0166 |  0.0021 |  0.0000 |  0.0000 |  0.0000 ||
	||  4.80 |  0.4286 |  0.0958 |  0.0160 |  0.0020 |  0.0000 |  0.0000 |  0.0000 ||
	||  5.00 |  0.4201 |  0.0916 |  0.0150 |  0.0018 |  0.0000 |  0.0000 |  0.0000 ||
	||  5.20 |  0.4141 |  0.0886 |  0.0142 |  0.0017 |  0.0000 |  0.0000 |  0.0000 ||
	||  5.40 |  0.4124 |  0.0878 |  0.0140 |  0.0016 |  0.0000 |  0.0000 |  0.0000 ||
	||  5.60 |  0.4103 |  0.0868 |  0.0138 |  0.0016 |  0.0000 |  0.0000 |  0.0000 ||
	||  5.80 |  0.4068 |  0.0851 |  0.0134 |  0.0015 |  0.0000 |  0.0000 |  0.0000 ||
	||  6.00 |  0.4027 |  0.0833 |  0.0130 |  0.0015 |  0.0000 |  0.0000 |  0.0000 ||
	||  6.20 |  0.3966 |  0.0805 |  0.0123 |  0.0014 |  0.0000 |  0.0000 |  0.0000 ||
	||  6.40 |  0.3876 |  0.0765 |  0.0114 |  0.0012 |  0.0000 |  0.0000 |  0.0000 ||
	||  6.60 |  0.3802 |  0.0733 |  0.0107 |  0.0011 |  0.0000 |  0.0000 |  0.0000 ||
	||  6.80 |  0.3750 |  0.0711 |  0.0102 |  0.0011 |  0.0000 |  0.0000 |  0.0000 ||
	||  7.00 |  0.3676 |  0.0680 |  0.0095 |  0.0010 |  0.0000 |  0.0000 |  0.0000 ||
	||  7.20 |  0.3550 |  0.0630 |  0.0085 |  0.0008 |  0.0000 |  0.0000 |  0.0000 ||
	||  7.40 |  0.3500 |  0.0611 |  0.0081 |  0.0008 |  0.0000 |  0.0000 |  0.0000 ||
	||  7.60 |  0.3455 |  0.0594 |  0.0077 |  0.0007 |  0.0000 |  0.0000 |  0.0000 ||
	||  7.80 |  0.3370 |  0.0562 |  0.0071 |  0.0007 |  0.0000 |  0.0000 |  0.0000 ||
	||  8.00 |  0.3315 |  0.0543 |  0.0068 |  0.0006 |  0.0000 |  0.0000 |  0.0000 ||
	||  8.20 |  0.3231 |  0.0513 |  0.0062 |  0.0005 |  0.0000 |  0.0000 |  0.0000 ||
	||  8.40 |  0.3195 |  0.0502 |  0.0060 |  0.0005 |  0.0000 |  0.0000 |  0.0000 ||
	||  8.60 |  0.3127 |  0.0479 |  0.0056 |  0.0005 |  0.0000 |  0.0000 |  0.0000 ||
	||  8.80 |  0.2996 |  0.0437 |  0.0048 |  0.0004 |  0.0000 |  0.0000 |  0.0000 ||
	||  9.00 |  0.2855 |  0.0394 |  0.0041 |  0.0003 |  0.0000 |  0.0000 |  0.0000 ||
	||  9.20 |  0.2777 |  0.0371 |  0.0038 |  0.0003 |  0.0000 |  0.0000 |  0.0000 ||
	||  9.40 |  0.2717 |  0.0354 |  0.0035 |  0.0003 |  0.0000 |  0.0000 |  0.0000 ||
	||  9.60 |  0.2543 |  0.0307 |  0.0028 |  0.0002 |  0.0000 |  0.0000 |  0.0000 ||
	||  9.80 |  0.2305 |  0.0248 |  0.0020 |  0.0001 |  0.0000 |  0.0000 |  0.0000 ||
	||-----------------------------------------------------------------------------||

	|-----------------------------------------------------------------|
	|    Copyright (C) 2011-2019 (DRIP, DROP)
	|-----------------------------------------------------------------|
	|    Build Version  => 4.19.0 multi mode
	|    Build JVM (TM) => 1.8.0_112
	|    Build Snap     => Thu Jul 04 22:11:11 EST 2019
	|    Start Time     => Fri Aug 23 18:14:13 EDT 2019
	|    Setup Time     => Fri Aug 23 18:14:13 EDT 2019
	|    Finish Time    => Fri Aug 23 18:14:13 EDT 2019
	|    Setup Duration => 0 ms
	|    Run Duration   => 47 ms
	|-----------------------------------------------------------------|


	|-----------------------------------------------------------------|
	|    Copyright (C) 2011-2019 (DRIP, DROP)
	|-----------------------------------------------------------------|
	|    Build Version  => 4.19.0 multi mode
	|    Build JVM (TM) => 1.8.0_112
	|    Build Snap     => Thu Jul 04 22:11:11 EST 2019
	|    Start Time     => Fri Aug 23 18:14:13 EDT 2019
	|    Setup Time     => Fri Aug 23 18:14:13 EDT 2019
	|    Setup Duration => 0 ms
	|-----------------------------------------------------------------|


	||-----------------------------------------------------------------------------||
	||                    ADAPTIVE OPTIMAL TRAJECTORY TRADE RATE                   ||
	||-----------------------------------------------------------------------------||
	||     L -> R:                                                                 ||
	||             - Time                                                          ||
	||             - Non Dimensional Risk Aversion => 0.10                         ||
	||             - Non Dimensional Risk Aversion => 0.20                         ||
	||             - Non Dimensional Risk Aversion => 0.30                         ||
	||             - Non Dimensional Risk Aversion => 0.40                         ||
	||             - Non Dimensional Risk Aversion => 0.60                         ||
	||             - Non Dimensional Risk Aversion => 0.80                         ||
	||             - Non Dimensional Risk Aversion => 1.00                         ||
	||-----------------------------------------------------------------------------||
	||  0.00 |  0.0000 |  0.0000 |  0.0000 |  0.0000 |  0.0000 |  0.0000 |  0.0000 ||
	||  0.20 |  0.0340 |  0.0678 |  0.1171 |  0.1791 |  0.3385 |  0.5446 |  0.7974 ||
	||  0.40 |  0.0270 |  0.0601 |  0.1094 |  0.1717 |  0.3273 |  0.5118 |  0.7074 ||
	||  0.60 |  0.0337 |  0.0808 |  0.1503 |  0.2361 |  0.4358 |  0.6393 |  0.8083 ||
	||  0.80 |  0.0197 |  0.0488 |  0.0905 |  0.1396 |  0.2423 |  0.3251 |  0.3684 ||
	||  1.00 |  0.0227 |  0.0574 |  0.1061 |  0.1615 |  0.2676 |  0.3377 |  0.3576 ||
	||  1.20 |  0.0392 |  0.1020 |  0.1874 |  0.2796 |  0.4351 |  0.5091 |  0.4996 ||
	||  1.40 |  0.0328 |  0.0860 |  0.1546 |  0.2226 |  0.3164 |  0.3347 |  0.2977 ||
	||  1.60 |  0.0318 |  0.0838 |  0.1475 |  0.2059 |  0.2712 |  0.2657 |  0.2206 ||
	||  1.80 |  0.0200 |  0.0525 |  0.0904 |  0.1226 |  0.1513 |  0.1391 |  0.1091 ||
	||  2.00 |  0.0228 |  0.0599 |  0.1015 |  0.1349 |  0.1592 |  0.1408 |  0.1070 ||
	||  2.20 |  0.0155 |  0.0406 |  0.0677 |  0.0881 |  0.0995 |  0.0847 |  0.0622 ||
	||  2.40 |  0.0213 |  0.0555 |  0.0914 |  0.1169 |  0.1278 |  0.1058 |  0.0761 ||
	||  2.60 |  0.0387 |  0.1006 |  0.1623 |  0.2026 |  0.2115 |  0.1689 |  0.1178 ||
	||  2.80 |  0.0391 |  0.1003 |  0.1569 |  0.1890 |  0.1844 |  0.1390 |  0.0920 ||
	||  3.00 |  0.0600 |  0.1517 |  0.2292 |  0.2656 |  0.2418 |  0.1724 |  0.1086 ||
	||  3.20 |  0.1141 |  0.2806 |  0.4008 |  0.4380 |  0.3604 |  0.2364 |  0.1375 ||
	||  3.40 |  0.0495 |  0.1154 |  0.1525 |  0.1536 |  0.1079 |  0.0601 |  0.0289 ||
	||  3.60 |  0.0408 |  0.0926 |  0.1181 |  0.1149 |  0.0761 |  0.0402 |  0.0183 ||
	||  3.80 |  0.0446 |  0.0990 |  0.1224 |  0.1157 |  0.0731 |  0.0370 |  0.0162 ||
	||  4.00 |  0.0488 |  0.1055 |  0.1261 |  0.1157 |  0.0697 |  0.0338 |  0.0141 ||
	||  4.20 |  0.0244 |  0.0514 |  0.0595 |  0.0531 |  0.0304 |  0.0140 |  0.0056 ||
	||  4.40 |  0.0169 |  0.0351 |  0.0400 |  0.0351 |  0.0196 |  0.0089 |  0.0035 ||
	||  4.60 |  0.0077 |  0.0159 |  0.0179 |  0.0156 |  0.0086 |  0.0038 |  0.0015 ||
	||  4.80 |  0.0152 |  0.0311 |  0.0349 |  0.0302 |  0.0165 |  0.0073 |  0.0028 ||
	||  5.00 |  0.0246 |  0.0499 |  0.0552 |  0.0474 |  0.0255 |  0.0111 |  0.0042 ||
	||  5.20 |  0.0233 |  0.0467 |  0.0508 |  0.0430 |  0.0226 |  0.0097 |  0.0036 ||
	||  5.40 |  0.0558 |  0.1095 |  0.1169 |  0.0974 |  0.0501 |  0.0210 |  0.0075 ||
	||  5.60 |  0.0574 |  0.1090 |  0.1123 |  0.0908 |  0.0443 |  0.0176 |  0.0060 ||
	||  5.80 |  0.0626 |  0.1148 |  0.1141 |  0.0895 |  0.0414 |  0.0156 |  0.0050 ||
	||  6.00 |  0.0842 |  0.1485 |  0.1419 |  0.1077 |  0.0470 |  0.0167 |  0.0051 ||
	||  6.20 |  0.0845 |  0.1418 |  0.1290 |  0.0939 |  0.0378 |  0.0124 |  0.0034 ||
	||  6.40 |  0.1565 |  0.2478 |  0.2137 |  0.1490 |  0.0555 |  0.0167 |  0.0042 ||
	||  6.60 |  0.0466 |  0.0681 |  0.0542 |  0.0350 |  0.0111 |  0.0027 |  0.0005 ||
	||  6.80 |  0.0511 |  0.0725 |  0.0563 |  0.0356 |  0.0108 |  0.0026 |  0.0005 ||
	||  7.00 |  0.0174 |  0.0240 |  0.0182 |  0.0113 |  0.0033 |  0.0007 |  0.0001 ||
	||  7.20 |  0.0263 |  0.0358 |  0.0269 |  0.0165 |  0.0047 |  0.0011 |  0.0002 ||
	||  7.40 |  0.0250 |  0.0335 |  0.0248 |  0.0151 |  0.0042 |  0.0009 |  0.0002 ||
	||  7.60 |  0.0218 |  0.0288 |  0.0211 |  0.0127 |  0.0035 |  0.0007 |  0.0001 ||
	||  7.80 |  0.0244 |  0.0318 |  0.0230 |  0.0137 |  0.0037 |  0.0008 |  0.0001 ||
	||  8.00 |  0.0353 |  0.0454 |  0.0324 |  0.0191 |  0.0051 |  0.0010 |  0.0002 ||
	||  8.20 |  0.0431 |  0.0541 |  0.0380 |  0.0220 |  0.0057 |  0.0011 |  0.0002 ||
	||  8.40 |  0.0454 |  0.0556 |  0.0382 |  0.0218 |  0.0054 |  0.0010 |  0.0002 ||
	||  8.60 |  0.0599 |  0.0713 |  0.0479 |  0.0268 |  0.0064 |  0.0012 |  0.0002 ||
	||  8.80 |  0.0744 |  0.0854 |  0.0558 |  0.0303 |  0.0069 |  0.0012 |  0.0002 ||
	||  9.00 |  0.0567 |  0.0624 |  0.0393 |  0.0207 |  0.0044 |  0.0007 |  0.0001 ||
	||  9.20 |  0.0677 |  0.0720 |  0.0441 |  0.0227 |  0.0046 |  0.0007 |  0.0001 ||
	||  9.40 |  0.0520 |  0.0533 |  0.0317 |  0.0158 |  0.0030 |  0.0004 |  0.0000 ||
	||  9.60 |  0.0859 |  0.0850 |  0.0493 |  0.0240 |  0.0044 |  0.0006 |  0.0001 ||
	||  9.80 |  0.0345 |  0.0326 |  0.0181 |  0.0085 |  0.0014 |  0.0002 |  0.0000 ||
	||-----------------------------------------------------------------------------||

	|-----------------------------------------------------------------|
	|    Copyright (C) 2011-2019 (DRIP, DROP)
	|-----------------------------------------------------------------|
	|    Build Version  => 4.19.0 multi mode
	|    Build JVM (TM) => 1.8.0_112
	|    Build Snap     => Thu Jul 04 22:11:11 EST 2019
	|    Start Time     => Fri Aug 23 18:14:13 EDT 2019
	|    Setup Time     => Fri Aug 23 18:14:13 EDT 2019
	|    Finish Time    => Fri Aug 23 18:14:13 EDT 2019
	|    Setup Duration => 0 ms
	|    Run Duration   => 5 ms
	|-----------------------------------------------------------------|


	|-----------------------------------------------------------------|
	|    Copyright (C) 2011-2019 (DRIP, DROP)
	|-----------------------------------------------------------------|
	|    Build Version  => 4.19.0 multi mode
	|    Build JVM (TM) => 1.8.0_112
	|    Build Snap     => Thu Jul 04 22:11:11 EST 2019
	|    Start Time     => Fri Aug 23 18:14:13 EDT 2019
	|    Setup Time     => Fri Aug 23 18:14:13 EDT 2019
	|    Setup Duration => 0 ms
	|-----------------------------------------------------------------|

]]></system-out>
  <system-err><![CDATA[java.lang.Exception: NonDimensionalCost Constructor => Invalid Inputs
	at org.drip.execution.hjb.NonDimensionalCost.<init>(NonDimensionalCost.java:130)
	at org.drip.execution.hjb.NonDimensionalCostSystemic.<init>(NonDimensionalCostSystemic.java:209)
	at org.drip.execution.hjb.NonDimensionalCostEvolverSystemic.evolve(NonDimensionalCostEvolverSystemic.java:221)
	at org.drip.execution.adaptive.CoordinatedVariationTrajectoryGenerator.adaptive(CoordinatedVariationTrajectoryGenerator.java:351)
	at org.drip.sample.almgren2012.AdaptiveZeroInitialHoldings.main(AdaptiveZeroInitialHoldings.java:184)
	at org.drip.coverage.execution.Almgren2012.codeCoverageTest(Almgren2012.java:75)
	at sun.reflect.NativeMethodAccessorImpl.invoke0(Native Method)
	at sun.reflect.NativeMethodAccessorImpl.invoke(NativeMethodAccessorImpl.java:62)
	at sun.reflect.DelegatingMethodAccessorImpl.invoke(DelegatingMethodAccessorImpl.java:43)
	at java.lang.reflect.Method.invoke(Method.java:498)
	at org.junit.runners.model.FrameworkMethod$1.runReflectiveCall(FrameworkMethod.java:50)
	at org.junit.internal.runners.model.ReflectiveCallable.run(ReflectiveCallable.java:12)
	at org.junit.runners.model.FrameworkMethod.invokeExplosively(FrameworkMethod.java:47)
	at org.junit.internal.runners.statements.InvokeMethod.evaluate(InvokeMethod.java:17)
	at org.junit.runners.ParentRunner.runLeaf(ParentRunner.java:325)
	at org.junit.runners.BlockJUnit4ClassRunner.runChild(BlockJUnit4ClassRunner.java:78)
	at org.junit.runners.BlockJUnit4ClassRunner.runChild(BlockJUnit4ClassRunner.java:57)
	at org.junit.runners.ParentRunner$3.run(ParentRunner.java:290)
	at org.junit.runners.ParentRunner$1.schedule(ParentRunner.java:71)
	at org.junit.runners.ParentRunner.runChildren(ParentRunner.java:288)
	at org.junit.runners.ParentRunner.access$000(ParentRunner.java:58)
	at org.junit.runners.ParentRunner$2.evaluate(ParentRunner.java:268)
	at org.junit.runners.ParentRunner.run(ParentRunner.java:363)
	at org.gradle.api.internal.tasks.testing.junit.JUnitTestClassExecuter.runTestClass(JUnitTestClassExecuter.java:114)
	at org.gradle.api.internal.tasks.testing.junit.JUnitTestClassExecuter.execute(JUnitTestClassExecuter.java:57)
	at org.gradle.api.internal.tasks.testing.junit.JUnitTestClassProcessor.processTestClass(JUnitTestClassProcessor.java:66)
	at org.gradle.api.internal.tasks.testing.SuiteTestClassProcessor.processTestClass(SuiteTestClassProcessor.java:51)
	at sun.reflect.NativeMethodAccessorImpl.invoke0(Native Method)
	at sun.reflect.NativeMethodAccessorImpl.invoke(NativeMethodAccessorImpl.java:62)
	at sun.reflect.DelegatingMethodAccessorImpl.invoke(DelegatingMethodAccessorImpl.java:43)
	at java.lang.reflect.Method.invoke(Method.java:498)
	at org.gradle.internal.dispatch.ReflectionDispatch.dispatch(ReflectionDispatch.java:35)
	at org.gradle.internal.dispatch.ReflectionDispatch.dispatch(ReflectionDispatch.java:24)
	at org.gradle.internal.dispatch.ContextClassLoaderDispatch.dispatch(ContextClassLoaderDispatch.java:32)
	at org.gradle.internal.dispatch.ProxyDispatchAdapter$DispatchingInvocationHandler.invoke(ProxyDispatchAdapter.java:93)
	at com.sun.proxy.$Proxy2.processTestClass(Unknown Source)
	at org.gradle.api.internal.tasks.testing.worker.TestWorker.processTestClass(TestWorker.java:109)
	at sun.reflect.NativeMethodAccessorImpl.invoke0(Native Method)
	at sun.reflect.NativeMethodAccessorImpl.invoke(NativeMethodAccessorImpl.java:62)
	at sun.reflect.DelegatingMethodAccessorImpl.invoke(DelegatingMethodAccessorImpl.java:43)
	at java.lang.reflect.Method.invoke(Method.java:498)
	at org.gradle.internal.dispatch.ReflectionDispatch.dispatch(ReflectionDispatch.java:35)
	at org.gradle.internal.dispatch.ReflectionDispatch.dispatch(ReflectionDispatch.java:24)
	at org.gradle.internal.remote.internal.hub.MessageHubBackedObjectConnection$DispatchWrapper.dispatch(MessageHubBackedObjectConnection.java:147)
	at org.gradle.internal.remote.internal.hub.MessageHubBackedObjectConnection$DispatchWrapper.dispatch(MessageHubBackedObjectConnection.java:129)
	at org.gradle.internal.remote.internal.hub.MessageHub$Handler.run(MessageHub.java:404)
	at org.gradle.internal.concurrent.ExecutorPolicy$CatchAndRecordFailures.onExecute(ExecutorPolicy.java:63)
	at org.gradle.internal.concurrent.StoppableExecutorImpl$1.run(StoppableExecutorImpl.java:46)
	at java.util.concurrent.ThreadPoolExecutor.runWorker(ThreadPoolExecutor.java:1142)
	at java.util.concurrent.ThreadPoolExecutor$Worker.run(ThreadPoolExecutor.java:617)
	at java.lang.Thread.run(Thread.java:745)
]]></system-err>
</testsuite>
