<?xml version="1.0" encoding="UTF-8"?>
<testsuite name="org.drip.coverage.measure.GovvieMC" tests="1" skipped="0" failures="0" errors="0" timestamp="2019-08-23T22:14:14" hostname="LAPTOP-2MU6A8KE" time="8.763">
  <properties/>
  <testcase name="codeCoverageTest" classname="org.drip.coverage.measure.GovvieMC" time="8.763"/>
  <system-out><![CDATA[
	|-----------------------------------------------------------------|
	|    Copyright (C) 2011-2019 (DRIP, DROP)
	|-----------------------------------------------------------------|
	|    Build Version  => 4.19.0 multi mode
	|    Build JVM (TM) => 1.8.0_112
	|    Build Snap     => Thu Jul 04 22:11:11 EST 2019
	|    Start Time     => Fri Aug 23 18:14:14 EDT 2019
	|    Setup Time     => Fri Aug 23 18:14:14 EDT 2019
	|    Setup Duration => 0 ms
	|-----------------------------------------------------------------|


	||------------------------------------------------------------------------------------------------------------------------------------------------||
	|| ## | 01-DEC-2020 | 01-DEC-2022 | 01-DEC-2024 | 01-DEC-2026 | 01-DEC-2028 | 01-DEC-2030 | 01-DEC-2032 | 01-DEC-2034 | 01-DEC-2036 | 01-DEC-2038 ||
	||------------------------------------------------------------------------------------------------------------------------------------------------||
	|| 01 |    1.989%   |    1.726%   |    2.019%   |    1.396%   |    1.030%   |    0.777%   |    0.957%   |    1.091%   |    1.236%   |    1.254%   ||
	|| 02 |    1.989%   |    2.134%   |    2.299%   |    2.203%   |    2.355%   |    2.656%   |    2.947%   |    2.320%   |    2.525%   |    1.928%   ||
	|| 03 |    1.989%   |    1.747%   |    2.072%   |    2.291%   |    2.443%   |    3.817%   |    4.729%   |    3.900%   |    4.749%   |    4.764%   ||
	|| 04 |    1.989%   |    1.738%   |    1.882%   |    1.571%   |    1.370%   |    1.350%   |    1.510%   |    1.113%   |    1.277%   |    1.037%   ||
	|| 05 |    1.989%   |    2.184%   |    2.221%   |    1.820%   |    1.701%   |    2.030%   |    3.207%   |    3.772%   |    3.518%   |    5.701%   ||
	|| 06 |    1.989%   |    2.022%   |    1.825%   |    1.776%   |    1.635%   |    1.732%   |    1.692%   |    1.412%   |    1.365%   |    0.562%   ||
	|| 07 |    1.989%   |    1.703%   |    1.641%   |    1.224%   |    0.878%   |    1.273%   |    0.781%   |    0.670%   |    0.481%   |    0.680%   ||
	|| 08 |    1.989%   |    1.937%   |    2.063%   |    2.468%   |    1.767%   |    1.975%   |    3.272%   |    3.238%   |    3.062%   |    3.810%   ||
	|| 09 |    1.989%   |    2.333%   |    1.560%   |    1.935%   |    2.362%   |    3.214%   |    3.006%   |    3.259%   |    4.378%   |    6.603%   ||
	|| 10 |    1.989%   |    2.134%   |    2.345%   |    2.725%   |    3.848%   |    4.336%   |    4.133%   |    5.211%   |    4.956%   |    3.116%   ||
	|| 11 |    1.989%   |    2.096%   |    1.606%   |    1.726%   |    1.512%   |    1.126%   |    1.245%   |    1.367%   |    1.908%   |    1.704%   ||
	|| 12 |    1.989%   |    2.268%   |    2.295%   |    1.930%   |    2.469%   |    1.533%   |    1.168%   |    0.552%   |    0.354%   |    0.219%   ||
	|| 13 |    1.989%   |    2.401%   |    2.619%   |    1.920%   |    2.031%   |    1.907%   |    1.755%   |    0.830%   |    0.737%   |    0.691%   ||
	|| 14 |    1.989%   |    2.248%   |    2.194%   |    2.650%   |    3.555%   |    2.466%   |    2.476%   |    0.766%   |    0.722%   |    0.602%   ||
	|| 15 |    1.989%   |    1.946%   |    2.121%   |    2.323%   |    2.108%   |    2.165%   |    2.689%   |    2.142%   |    2.449%   |    0.848%   ||
	|| 16 |    1.989%   |    1.972%   |    2.023%   |    2.403%   |    2.421%   |    2.120%   |    2.029%   |    1.819%   |    1.457%   |    1.382%   ||
	|| 17 |    1.989%   |    2.201%   |    2.647%   |    1.873%   |    2.048%   |    1.555%   |    2.212%   |    2.885%   |    2.275%   |    2.018%   ||
	|| 18 |    1.989%   |    2.226%   |    2.311%   |    2.476%   |    2.904%   |    2.761%   |    3.064%   |    2.772%   |    2.530%   |    2.575%   ||
	|| 19 |    1.989%   |    2.040%   |    1.491%   |    1.474%   |    1.193%   |    1.142%   |    1.530%   |    1.523%   |    1.588%   |    2.400%   ||
	|| 20 |    1.989%   |    1.874%   |    1.746%   |    1.540%   |    1.364%   |    1.643%   |    0.977%   |    0.342%   |    0.362%   |    0.409%   ||
	|| 21 |    1.989%   |    2.082%   |    2.260%   |    1.363%   |    1.093%   |    1.167%   |    1.242%   |    0.983%   |    1.054%   |    0.852%   ||
	|| 22 |    1.989%   |    1.960%   |    1.913%   |    1.958%   |    2.808%   |    3.549%   |    4.523%   |    2.747%   |    2.115%   |    2.624%   ||
	|| 23 |    1.989%   |    1.998%   |    1.770%   |    1.530%   |    1.548%   |    1.887%   |    1.527%   |    1.068%   |    1.427%   |    2.821%   ||
	|| 24 |    1.989%   |    2.159%   |    1.935%   |    2.541%   |    2.510%   |    3.293%   |    4.491%   |    4.754%   |    3.811%   |    2.821%   ||
	|| 25 |    1.989%   |    1.920%   |    2.422%   |    2.432%   |    3.814%   |    3.582%   |    4.888%   |    4.749%   |    4.000%   |    3.325%   ||
	|| 26 |    1.989%   |    1.832%   |    1.632%   |    1.755%   |    2.162%   |    2.523%   |    1.857%   |    0.469%   |    0.545%   |    0.779%   ||
	|| 27 |    1.989%   |    1.920%   |    1.995%   |    2.047%   |    2.607%   |    3.280%   |    3.923%   |    2.872%   |    1.813%   |    1.920%   ||
	|| 28 |    1.989%   |    1.989%   |    1.759%   |    2.311%   |    2.756%   |    3.083%   |    2.000%   |    1.927%   |    2.482%   |    2.599%   ||
	|| 29 |    1.989%   |    1.955%   |    1.771%   |    1.896%   |    1.480%   |    1.708%   |    1.672%   |    1.401%   |    1.052%   |    0.870%   ||
	|| 30 |    1.989%   |    1.846%   |    1.970%   |    1.708%   |    1.056%   |    0.657%   |    0.609%   |    0.212%   |    0.322%   |    0.174%   ||
	|| 31 |    1.989%   |    1.732%   |    1.919%   |    2.287%   |    2.116%   |    2.233%   |    2.847%   |    2.832%   |    3.866%   |    5.241%   ||
	|| 32 |    1.989%   |    2.122%   |    2.017%   |    1.887%   |    1.892%   |    1.383%   |    1.507%   |    1.640%   |    2.020%   |    1.997%   ||
	|| 33 |    1.989%   |    2.192%   |    2.150%   |    2.515%   |    1.692%   |    1.384%   |    1.583%   |    1.673%   |    1.786%   |    1.244%   ||
	|| 34 |    1.989%   |    2.334%   |    2.389%   |    1.958%   |    1.402%   |    1.246%   |    1.067%   |    1.117%   |    1.491%   |    1.865%   ||
	|| 35 |    1.989%   |    1.586%   |    1.351%   |    1.490%   |    1.368%   |    1.214%   |    0.923%   |    1.073%   |    1.076%   |    0.226%   ||
	|| 36 |    1.989%   |    2.133%   |    2.243%   |    2.050%   |    2.017%   |    1.597%   |    1.984%   |    1.971%   |    2.326%   |    1.591%   ||
	|| 37 |    1.989%   |    1.967%   |    1.728%   |    2.014%   |    2.375%   |    3.032%   |    3.054%   |    3.992%   |    3.095%   |   -0.037%   ||
	|| 38 |    1.989%   |    1.929%   |    2.132%   |    2.641%   |    2.180%   |    1.894%   |    2.218%   |    1.682%   |    1.966%   |    0.859%   ||
	|| 39 |    1.989%   |    1.794%   |    2.188%   |    2.655%   |    2.265%   |    2.221%   |    2.733%   |    2.971%   |    4.309%   |    3.438%   ||
	|| 40 |    1.989%   |    1.911%   |    2.343%   |    2.719%   |    2.734%   |    2.045%   |    1.460%   |    1.600%   |    2.146%   |    3.575%   ||
	|| 41 |    1.989%   |    2.145%   |    2.572%   |    3.050%   |    2.052%   |    1.936%   |    2.052%   |    1.936%   |    1.874%   |    1.687%   ||
	|| 42 |    1.989%   |    2.048%   |    1.934%   |    1.922%   |    1.999%   |    1.163%   |    1.744%   |    1.322%   |    1.215%   |    1.305%   ||
	|| 43 |    1.989%   |    2.031%   |    2.041%   |    1.531%   |    1.786%   |    2.817%   |    3.192%   |    2.982%   |    2.664%   |    2.076%   ||
	|| 44 |    1.989%   |    1.787%   |    1.639%   |    1.496%   |    1.594%   |    0.957%   |    1.140%   |    1.261%   |    1.048%   |    1.320%   ||
	|| 45 |    1.989%   |    1.539%   |    1.557%   |    1.552%   |    1.706%   |    1.998%   |    2.334%   |    2.102%   |    2.441%   |    2.708%   ||
	|| 46 |    1.989%   |    1.939%   |    2.124%   |    2.593%   |    3.567%   |    4.198%   |    4.584%   |    4.319%   |    1.834%   |    1.723%   ||
	|| 47 |    1.989%   |    1.837%   |    1.803%   |    1.865%   |    1.711%   |    1.973%   |    2.220%   |    2.537%   |    1.525%   |    1.681%   ||
	|| 48 |    1.989%   |    1.660%   |    1.864%   |    2.158%   |    2.288%   |    1.661%   |    1.789%   |    1.188%   |    1.063%   |    1.079%   ||
	|| 49 |    1.989%   |    1.894%   |    2.061%   |    2.235%   |    2.079%   |    2.611%   |    1.903%   |    1.757%   |    1.339%   |    1.524%   ||
	|| 50 |    1.989%   |    1.958%   |    2.325%   |    2.287%   |    1.786%   |    0.996%   |    1.353%   |    1.404%   |    1.043%   |    0.869%   ||
	||------------------------------------------------------------------------------------------------------------------------------------------------||


	|-----------------------------------------------------------------|
	|    Copyright (C) 2011-2019 (DRIP, DROP)
	|-----------------------------------------------------------------|
	|    Build Version  => 4.19.0 multi mode
	|    Build JVM (TM) => 1.8.0_112
	|    Build Snap     => Thu Jul 04 22:11:11 EST 2019
	|    Start Time     => Fri Aug 23 18:14:14 EDT 2019
	|    Setup Time     => Fri Aug 23 18:14:14 EDT 2019
	|    Finish Time    => Fri Aug 23 18:14:14 EDT 2019
	|    Setup Duration => 0 ms
	|    Run Duration   => 129 ms
	|-----------------------------------------------------------------|


	|-----------------------------------------------------------------|
	|    Copyright (C) 2011-2019 (DRIP, DROP)
	|-----------------------------------------------------------------|
	|    Build Version  => 4.19.0 multi mode
	|    Build JVM (TM) => 1.8.0_112
	|    Build Snap     => Thu Jul 04 22:11:11 EST 2019
	|    Start Time     => Fri Aug 23 18:14:14 EDT 2019
	|    Setup Time     => Fri Aug 23 18:14:14 EDT 2019
	|    Setup Duration => 0 ms
	|-----------------------------------------------------------------|


	||-------------------------------------------------------------------------------||
	||                          FORWARD EXERCISE INDICATOR                           ||
	||-------------------------------------------------------------------------------||
	|| N | N | N | N | N | N | N | N | N | N | N | N | N | N | N | N | N | N | N | N ||
	|| N | N | N | N | N | N | N | N | N | N | N | N | N | N | N | N | N | N | N | N ||
	|| N | N | N | N | N | N | N | N | N | N | N | N | N | N | N | N | N | N | N | N ||
	|| Y | Y | Y | Y | Y | Y | Y | Y | Y | Y | Y | Y | Y | Y | Y | Y | Y | Y | Y | Y ||
	|| Y | Y | Y | Y | Y | Y | Y | Y | Y | Y | Y | Y | Y | Y | Y | Y | Y | Y | Y | Y ||
	|| Y | Y | Y | Y | Y | Y | Y | Y | Y | Y | Y | Y | Y | Y | Y | Y | Y | Y | Y | Y ||
	|| N | N | N | N | N | N | N | N | N | N | N | N | N | N | N | N | N | N | N | N ||
	|| N | N | N | N | N | N | N | N | N | N | N | N | N | N | N | N | N | N | N | N ||
	|| Y | Y | Y | Y | Y | Y | Y | Y | Y | Y | Y | Y | Y | Y | Y | Y | Y | Y | Y | Y ||
	|| N | N | N | N | N | N | N | N | N | N | N | N | N | N | N | N | N | N | N | N ||
	|| N | N | N | N | N | N | N | N | N | N | N | N | N | N | N | N | N | N | N | N ||
	|| N | N | N | N | N | N | N | N | N | N | N | N | N | N | N | N | N | N | N | N ||
	|| Y | Y | Y | Y | Y | Y | Y | Y | Y | Y | Y | Y | Y | Y | Y | Y | Y | Y | Y | Y ||
	|| Y | Y | Y | Y | Y | Y | Y | Y | Y | Y | Y | Y | Y | Y | Y | Y | Y | Y | Y | Y ||
	|| N | N | N | N | N | N | N | N | N | N | N | N | N | N | N | N | N | N | N | N ||
	|| Y | Y | Y | Y | Y | Y | Y | Y | Y | Y | Y | Y | Y | Y | Y | Y | Y | Y | Y | Y ||
	|| N | N | N | N | N | N | N | N | N | N | N | N | N | N | N | N | N | N | N | N ||
	|| N | N | N | N | N | N | N | N | N | N | N | N | N | N | N | N | N | N | N | N ||
	|| N | N | N | N | N | N | N | N | N | N | N | N | N | N | N | N | N | N | N | N ||
	|| N | N | N | N | N | N | N | N | N | N | N | N | N | N | N | N | N | N | N | N ||
	|| Y | Y | Y | Y | Y | Y | Y | Y | Y | Y | Y | Y | Y | Y | Y | Y | Y | Y | Y | Y ||
	|| Y | Y | Y | Y | Y | Y | Y | Y | Y | Y | Y | Y | Y | Y | Y | Y | Y | Y | Y | Y ||
	|| N | N | N | N | N | N | N | N | N | N | N | N | N | N | N | N | N | N | N | N ||
	|| N | N | N | N | N | N | N | N | N | N | N | N | N | N | N | N | N | N | N | N ||
	|| Y | Y | Y | Y | Y | Y | Y | Y | Y | Y | Y | Y | Y | Y | Y | Y | Y | Y | Y | Y ||
	|| Y | Y | Y | Y | Y | Y | Y | Y | Y | Y | Y | Y | Y | Y | Y | Y | Y | Y | Y | Y ||
	|| Y | Y | Y | Y | Y | Y | Y | Y | Y | Y | Y | Y | Y | Y | Y | Y | Y | Y | Y | Y ||
	|| N | N | N | N | N | N | N | N | N | N | N | N | N | N | N | N | N | N | N | N ||
	|| N | N | N | N | N | N | N | N | N | N | N | N | N | N | N | N | N | N | N | N ||
	|| Y | Y | Y | Y | Y | Y | Y | Y | Y | Y | Y | Y | Y | Y | Y | Y | Y | Y | Y | Y ||
	|| N | N | N | N | N | N | N | N | N | N | N | N | N | N | N | N | N | N | N | N ||
	|| N | N | N | N | N | N | N | N | N | N | N | N | N | N | N | N | N | N | N | N ||
	|| N | N | N | N | N | N | N | N | N | N | N | N | N | N | N | N | N | N | N | N ||
	|| Y | Y | Y | Y | Y | Y | Y | Y | Y | Y | Y | Y | Y | Y | Y | Y | Y | Y | Y | Y ||
	|| N | N | N | N | N | N | N | N | N | N | N | N | N | N | N | N | N | N | N | N ||
	|| N | N | N | N | N | N | N | N | N | N | N | N | N | N | N | N | N | N | N | N ||
	|| N | N | N | N | N | N | N | N | N | N | N | N | N | N | N | N | N | N | N | N ||
	|| N | N | N | N | N | N | N | N | N | N | N | N | N | N | N | N | N | N | N | N ||
	|| N | N | N | N | N | N | N | N | N | N | N | N | N | N | N | N | N | N | N | N ||
	|| N | N | N | N | N | N | N | N | N | N | N | N | N | N | N | N | N | N | N | N ||
	|| N | N | N | N | N | N | N | N | N | N | N | N | N | N | N | N | N | N | N | N ||
	|| N | N | N | N | N | N | N | N | N | N | N | N | N | N | N | N | N | N | N | N ||
	|| N | N | N | N | N | N | N | N | N | N | N | N | N | N | N | N | N | N | N | N ||
	|| Y | Y | Y | Y | Y | Y | Y | Y | Y | Y | Y | Y | Y | Y | Y | Y | Y | Y | Y | Y ||
	|| N | N | N | N | N | N | N | N | N | N | N | N | N | N | N | N | N | N | N | N ||
	|| N | N | N | N | N | N | N | N | N | N | N | N | N | N | N | N | N | N | N | N ||
	|| N | N | N | N | N | N | N | N | N | N | N | N | N | N | N | N | N | N | N | N ||
	|| N | N | N | N | N | N | N | N | N | N | N | N | N | N | N | N | N | N | N | N ||
	|| N | N | N | N | N | N | N | N | N | N | N | N | N | N | N | N | N | N | N | N ||
	|| N | N | N | N | N | N | N | N | N | N | N | N | N | N | N | N | N | N | N | N ||
	||-------------------------------------------------------------------------------||


	|-----------------------------------------------------------------|
	|    Copyright (C) 2011-2019 (DRIP, DROP)
	|-----------------------------------------------------------------|
	|    Build Version  => 4.19.0 multi mode
	|    Build JVM (TM) => 1.8.0_112
	|    Build Snap     => Thu Jul 04 22:11:11 EST 2019
	|    Start Time     => Fri Aug 23 18:14:14 EDT 2019
	|    Setup Time     => Fri Aug 23 18:14:14 EDT 2019
	|    Finish Time    => Fri Aug 23 18:14:16 EDT 2019
	|    Setup Duration => 0 ms
	|    Run Duration   => 1 s 784 ms
	|-----------------------------------------------------------------|


	|-----------------------------------------------------------------|
	|    Copyright (C) 2011-2019 (DRIP, DROP)
	|-----------------------------------------------------------------|
	|    Build Version  => 4.19.0 multi mode
	|    Build JVM (TM) => 1.8.0_112
	|    Build Snap     => Thu Jul 04 22:11:11 EST 2019
	|    Start Time     => Fri Aug 23 18:14:16 EDT 2019
	|    Setup Time     => Fri Aug 23 18:14:16 EDT 2019
	|    Setup Duration => 0 ms
	|-----------------------------------------------------------------|


	||-----------------------------------------------------------------------------------------------------------------------------------------------------------------------------------||
	||                                                                                FORWARD BOND PRICE                                                                                 ||
	||-----------------------------------------------------------------------------------------------------------------------------------------------------------------------------------||
	|| 098.35 | 098.38 | 098.42 | 098.47 | 098.52 | 098.59 | 098.63 | 098.69 | 098.76 | 098.83 | 098.94 | 099.00 | 099.07 | 099.16 | 099.26 | 099.36 | 099.51 | 099.59 | 099.72 | 099.85 ||
	|| 101.01 | 100.97 | 100.94 | 100.91 | 100.88 | 100.87 | 100.81 | 100.78 | 100.74 | 100.70 | 100.69 | 100.62 | 100.55 | 100.50 | 100.44 | 100.38 | 100.35 | 100.24 | 100.17 | 100.09 ||
	|| 094.68 | 094.79 | 094.92 | 095.07 | 095.23 | 095.41 | 095.58 | 095.77 | 095.98 | 096.20 | 096.48 | 096.71 | 096.97 | 097.26 | 097.58 | 097.91 | 098.31 | 098.66 | 099.08 | 099.52 ||
	|| 100.60 | 100.56 | 100.55 | 100.53 | 100.51 | 100.51 | 100.47 | 100.45 | 100.43 | 100.40 | 100.42 | 100.37 | 100.32 | 100.29 | 100.26 | 100.22 | 100.22 | 100.14 | 100.10 | 100.05 ||
	|| 102.84 | 102.75 | 102.67 | 102.58 | 102.50 | 102.42 | 102.30 | 102.20 | 102.08 | 101.96 | 101.87 | 101.72 | 101.55 | 101.40 | 101.23 | 101.06 | 100.91 | 100.67 | 100.46 | 100.24 ||
	|| 099.61 | 099.61 | 099.62 | 099.63 | 099.64 | 099.67 | 099.67 | 099.68 | 099.70 | 099.72 | 099.77 | 099.77 | 099.77 | 099.80 | 099.82 | 099.85 | 099.91 | 099.90 | 099.93 | 099.97 ||
	|| 100.65 | 100.61 | 100.60 | 100.58 | 100.56 | 100.56 | 100.52 | 100.49 | 100.47 | 100.44 | 100.45 | 100.40 | 100.35 | 100.32 | 100.28 | 100.24 | 100.23 | 100.15 | 100.10 | 100.05 ||
	|| 096.61 | 096.68 | 096.77 | 096.86 | 096.96 | 097.09 | 097.19 | 097.31 | 097.45 | 097.59 | 097.78 | 097.93 | 098.08 | 098.27 | 098.47 | 098.68 | 098.95 | 099.16 | 099.42 | 099.70 ||
	|| 097.97 | 098.00 | 098.06 | 098.11 | 098.18 | 098.26 | 098.31 | 098.39 | 098.47 | 098.55 | 098.68 | 098.76 | 098.85 | 098.96 | 099.08 | 099.21 | 099.39 | 099.50 | 099.65 | 099.82 ||
	|| 098.20 | 098.23 | 098.27 | 098.33 | 098.38 | 098.46 | 098.50 | 098.57 | 098.64 | 098.72 | 098.84 | 098.91 | 098.98 | 099.08 | 099.19 | 099.30 | 099.46 | 099.55 | 099.69 | 099.84 ||
	|| 098.82 | 098.83 | 098.86 | 098.90 | 098.93 | 098.99 | 099.01 | 099.06 | 099.11 | 099.16 | 099.25 | 099.29 | 099.33 | 099.40 | 099.47 | 099.54 | 099.66 | 099.71 | 099.80 | 099.90 ||
	|| 097.30 | 097.35 | 097.42 | 097.50 | 097.58 | 097.68 | 097.76 | 097.86 | 097.97 | 098.08 | 098.24 | 098.35 | 098.47 | 098.62 | 098.78 | 098.95 | 099.17 | 099.33 | 099.54 | 099.76 ||
	|| 098.97 | 098.98 | 099.00 | 099.03 | 099.07 | 099.12 | 099.14 | 099.17 | 099.22 | 099.26 | 099.35 | 099.38 | 099.41 | 099.47 | 099.53 | 099.60 | 099.71 | 099.74 | 099.82 | 099.91 ||
	|| 096.90 | 096.95 | 097.04 | 097.12 | 097.22 | 097.34 | 097.42 | 097.54 | 097.66 | 097.79 | 097.97 | 098.10 | 098.24 | 098.41 | 098.60 | 098.79 | 099.04 | 099.23 | 099.47 | 099.73 ||
	|| 097.01 | 097.06 | 097.14 | 097.23 | 097.32 | 097.43 | 097.52 | 097.63 | 097.74 | 097.87 | 098.04 | 098.17 | 098.31 | 098.47 | 098.65 | 098.84 | 099.08 | 099.26 | 099.49 | 099.74 ||
	|| 100.57 | 100.54 | 100.52 | 100.51 | 100.49 | 100.49 | 100.45 | 100.43 | 100.41 | 100.39 | 100.40 | 100.35 | 100.31 | 100.28 | 100.24 | 100.21 | 100.21 | 100.13 | 100.09 | 100.05 ||
	|| 102.63 | 102.54 | 102.47 | 102.39 | 102.31 | 102.24 | 102.13 | 102.03 | 101.93 | 101.82 | 101.74 | 101.59 | 101.44 | 101.30 | 101.14 | 100.98 | 100.84 | 100.62 | 100.43 | 100.22 ||
	|| 104.18 | 104.06 | 103.94 | 103.81 | 103.68 | 103.56 | 103.39 | 103.24 | 103.07 | 102.89 | 102.73 | 102.51 | 102.28 | 102.05 | 101.81 | 101.55 | 101.31 | 100.99 | 100.68 | 100.35 ||
	|| 094.41 | 094.53 | 094.67 | 094.82 | 094.99 | 095.18 | 095.35 | 095.56 | 095.77 | 096.01 | 096.30 | 096.54 | 096.81 | 097.12 | 097.45 | 097.81 | 098.23 | 098.59 | 099.03 | 099.50 ||
	|| 096.32 | 096.39 | 096.49 | 096.59 | 096.70 | 096.84 | 096.95 | 097.08 | 097.23 | 097.38 | 097.59 | 097.74 | 097.92 | 098.12 | 098.34 | 098.57 | 098.86 | 099.08 | 099.37 | 099.67 ||
	|| 100.60 | 100.56 | 100.55 | 100.53 | 100.51 | 100.51 | 100.47 | 100.45 | 100.43 | 100.40 | 100.41 | 100.37 | 100.32 | 100.29 | 100.25 | 100.22 | 100.22 | 100.14 | 100.10 | 100.05 ||
	|| 100.87 | 100.83 | 100.81 | 100.78 | 100.76 | 100.75 | 100.70 | 100.67 | 100.63 | 100.60 | 100.59 | 100.54 | 100.47 | 100.43 | 100.38 | 100.32 | 100.30 | 100.21 | 100.14 | 100.07 ||
	|| 094.67 | 094.78 | 094.92 | 095.07 | 095.22 | 095.41 | 095.57 | 095.77 | 095.97 | 096.20 | 096.47 | 096.71 | 096.97 | 097.26 | 097.57 | 097.91 | 098.31 | 098.66 | 099.08 | 099.52 ||
	|| 097.25 | 097.30 | 097.38 | 097.45 | 097.54 | 097.64 | 097.72 | 097.82 | 097.93 | 098.05 | 098.21 | 098.32 | 098.45 | 098.60 | 098.76 | 098.93 | 099.16 | 099.32 | 099.53 | 099.76 ||
	|| 100.76 | 100.72 | 100.70 | 100.68 | 100.66 | 100.65 | 100.61 | 100.58 | 100.55 | 100.52 | 100.52 | 100.47 | 100.41 | 100.37 | 100.33 | 100.28 | 100.27 | 100.18 | 100.12 | 100.06 ||
	|| 100.20 | 100.18 | 100.17 | 100.17 | 100.16 | 100.17 | 100.15 | 100.14 | 100.14 | 100.13 | 100.16 | 100.13 | 100.10 | 100.09 | 100.08 | 100.07 | 100.09 | 100.04 | 100.03 | 100.02 ||
	|| 098.13 | 098.16 | 098.21 | 098.26 | 098.32 | 098.40 | 098.44 | 098.51 | 098.59 | 098.67 | 098.79 | 098.86 | 098.94 | 099.04 | 099.16 | 099.27 | 099.44 | 099.54 | 099.68 | 099.83 ||
	|| 100.59 | 100.56 | 100.54 | 100.53 | 100.51 | 100.51 | 100.47 | 100.45 | 100.43 | 100.40 | 100.41 | 100.37 | 100.32 | 100.29 | 100.25 | 100.22 | 100.22 | 100.14 | 100.10 | 100.05 ||
	|| 101.64 | 101.58 | 101.54 | 101.49 | 101.44 | 101.40 | 101.33 | 101.27 | 101.20 | 101.13 | 101.10 | 101.00 | 100.90 | 100.81 | 100.71 | 100.61 | 100.54 | 100.39 | 100.27 | 100.14 ||
	|| 094.39 | 094.51 | 094.65 | 094.80 | 094.97 | 095.17 | 095.34 | 095.54 | 095.76 | 095.99 | 096.28 | 096.53 | 096.80 | 097.11 | 097.44 | 097.80 | 098.22 | 098.59 | 099.03 | 099.50 ||
	|| 100.25 | 100.23 | 100.22 | 100.21 | 100.21 | 100.22 | 100.19 | 100.18 | 100.17 | 100.16 | 100.19 | 100.16 | 100.13 | 100.12 | 100.10 | 100.09 | 100.11 | 100.06 | 100.04 | 100.02 ||
	|| 103.36 | 103.26 | 103.16 | 103.07 | 102.96 | 102.87 | 102.73 | 102.60 | 102.47 | 102.32 | 102.21 | 102.03 | 101.84 | 101.65 | 101.46 | 101.25 | 101.07 | 100.80 | 100.55 | 100.28 ||
	|| 095.49 | 095.58 | 095.69 | 095.82 | 095.95 | 096.12 | 096.25 | 096.42 | 096.59 | 096.78 | 097.02 | 097.22 | 097.44 | 097.68 | 097.95 | 098.24 | 098.58 | 098.87 | 099.22 | 099.60 ||
	|| 100.20 | 100.18 | 100.18 | 100.17 | 100.16 | 100.18 | 100.15 | 100.15 | 100.14 | 100.13 | 100.16 | 100.13 | 100.10 | 100.09 | 100.08 | 100.07 | 100.10 | 100.05 | 100.03 | 100.02 ||
	|| 098.10 | 098.13 | 098.18 | 098.24 | 098.30 | 098.38 | 098.42 | 098.49 | 098.57 | 098.65 | 098.77 | 098.85 | 098.93 | 099.03 | 099.14 | 099.26 | 099.43 | 099.53 | 099.68 | 099.83 ||
	|| 101.20 | 101.15 | 101.12 | 101.08 | 101.04 | 101.02 | 100.96 | 100.92 | 100.87 | 100.82 | 100.81 | 100.73 | 100.65 | 100.59 | 100.52 | 100.45 | 100.40 | 100.28 | 100.20 | 100.10 ||
	|| 101.06 | 101.02 | 100.99 | 100.96 | 100.93 | 100.91 | 100.86 | 100.82 | 100.77 | 100.73 | 100.72 | 100.65 | 100.58 | 100.52 | 100.46 | 100.40 | 100.36 | 100.25 | 100.17 | 100.09 ||
	|| 097.92 | 097.95 | 098.01 | 098.07 | 098.13 | 098.22 | 098.27 | 098.35 | 098.43 | 098.52 | 098.65 | 098.73 | 098.82 | 098.94 | 099.06 | 099.19 | 099.37 | 099.48 | 099.64 | 099.82 ||
	|| 095.53 | 095.62 | 095.73 | 095.86 | 095.99 | 096.15 | 096.29 | 096.45 | 096.62 | 096.81 | 097.05 | 097.25 | 097.46 | 097.71 | 097.97 | 098.25 | 098.59 | 098.88 | 099.23 | 099.60 ||
	|| 098.51 | 098.53 | 098.57 | 098.61 | 098.66 | 098.72 | 098.76 | 098.81 | 098.87 | 098.94 | 099.04 | 099.10 | 099.15 | 099.24 | 099.33 | 099.42 | 099.56 | 099.63 | 099.75 | 099.87 ||
	|| 097.83 | 097.87 | 097.93 | 097.99 | 098.05 | 098.14 | 098.20 | 098.28 | 098.37 | 098.46 | 098.59 | 098.68 | 098.77 | 098.89 | 099.02 | 099.16 | 099.34 | 099.46 | 099.63 | 099.81 ||
	|| 096.74 | 096.80 | 096.88 | 096.98 | 097.07 | 097.20 | 097.29 | 097.41 | 097.54 | 097.68 | 097.86 | 098.00 | 098.15 | 098.33 | 098.52 | 098.73 | 098.99 | 099.19 | 099.44 | 099.71 ||
	|| 099.55 | 099.54 | 099.55 | 099.57 | 099.58 | 099.62 | 099.61 | 099.63 | 099.65 | 099.67 | 099.73 | 099.73 | 099.74 | 099.76 | 099.79 | 099.82 | 099.89 | 099.89 | 099.92 | 099.96 ||
	|| 101.14 | 101.10 | 101.07 | 101.03 | 101.00 | 100.98 | 100.92 | 100.88 | 100.83 | 100.79 | 100.77 | 100.70 | 100.62 | 100.56 | 100.50 | 100.43 | 100.39 | 100.27 | 100.19 | 100.10 ||
	|| 092.98 | 093.13 | 093.31 | 093.50 | 093.70 | 093.94 | 094.16 | 094.41 | 094.68 | 094.97 | 095.32 | 095.64 | 095.98 | 096.37 | 096.78 | 097.23 | 097.75 | 098.22 | 098.77 | 099.36 ||
	|| 098.11 | 098.14 | 098.19 | 098.24 | 098.30 | 098.38 | 098.43 | 098.50 | 098.57 | 098.65 | 098.78 | 098.85 | 098.93 | 099.03 | 099.15 | 099.27 | 099.43 | 099.53 | 099.68 | 099.83 ||
	|| 103.12 | 103.03 | 102.94 | 102.85 | 102.75 | 102.66 | 102.54 | 102.42 | 102.29 | 102.16 | 102.06 | 101.89 | 101.71 | 101.54 | 101.36 | 101.16 | 101.00 | 100.74 | 100.51 | 100.26 ||
	|| 099.54 | 099.54 | 099.55 | 099.56 | 099.58 | 099.61 | 099.61 | 099.63 | 099.65 | 099.67 | 099.72 | 099.73 | 099.73 | 099.76 | 099.79 | 099.82 | 099.89 | 099.88 | 099.92 | 099.96 ||
	|| 094.40 | 094.52 | 094.66 | 094.81 | 094.98 | 095.17 | 095.34 | 095.55 | 095.77 | 096.00 | 096.29 | 096.54 | 096.81 | 097.12 | 097.45 | 097.80 | 098.22 | 098.59 | 099.03 | 099.50 ||
	|| 099.26 | 099.26 | 099.28 | 099.30 | 099.32 | 099.37 | 099.38 | 099.40 | 099.43 | 099.47 | 099.54 | 099.56 | 099.58 | 099.62 | 099.66 | 099.71 | 099.80 | 099.81 | 099.87 | 099.93 ||
	||-----------------------------------------------------------------------------------------------------------------------------------------------------------------------------------||


	|-----------------------------------------------------------------|
	|    Copyright (C) 2011-2019 (DRIP, DROP)
	|-----------------------------------------------------------------|
	|    Build Version  => 4.19.0 multi mode
	|    Build JVM (TM) => 1.8.0_112
	|    Build Snap     => Thu Jul 04 22:11:11 EST 2019
	|    Start Time     => Fri Aug 23 18:14:16 EDT 2019
	|    Setup Time     => Fri Aug 23 18:14:16 EDT 2019
	|    Finish Time    => Fri Aug 23 18:14:17 EDT 2019
	|    Setup Duration => 0 ms
	|    Run Duration   => 1 s 480 ms
	|-----------------------------------------------------------------|


	|-----------------------------------------------------------------|
	|    Copyright (C) 2011-2019 (DRIP, DROP)
	|-----------------------------------------------------------------|
	|    Build Version  => 4.19.0 multi mode
	|    Build JVM (TM) => 1.8.0_112
	|    Build Snap     => Thu Jul 04 22:11:11 EST 2019
	|    Start Time     => Fri Aug 23 18:14:17 EDT 2019
	|    Setup Time     => Fri Aug 23 18:14:17 EDT 2019
	|    Setup Duration => 0 ms
	|-----------------------------------------------------------------|


	||-------------------------------------------------------||
	|| 1.10% | 1.50% | 1.70% | 2.00% | 2.30% | 2.70% | 4.00% ||
	|| 1.14% | 1.62% | 1.76% | 1.73% | 2.67% | 2.63% | 3.46% ||
	|| 0.96% | 1.69% | 1.55% | 2.25% | 2.14% | 2.54% | 4.05% ||
	|| 1.12% | 1.26% | 1.62% | 2.06% | 2.19% | 3.16% | 4.36% ||
	|| 1.20% | 1.35% | 1.90% | 2.18% | 2.26% | 2.98% | 3.40% ||
	|| 1.19% | 1.56% | 1.65% | 2.51% | 2.36% | 2.55% | 3.88% ||
	|| 1.09% | 1.51% | 1.84% | 2.10% | 2.72% | 2.81% | 4.19% ||
	|| 0.89% | 1.59% | 1.73% | 2.17% | 2.37% | 2.79% | 3.56% ||
	|| 1.25% | 1.45% | 1.48% | 2.23% | 2.14% | 2.65% | 4.38% ||
	|| 1.15% | 1.36% | 1.51% | 1.86% | 2.33% | 2.48% | 4.26% ||
	|| 1.09% | 1.60% | 1.43% | 1.81% | 2.60% | 2.90% | 3.61% ||
	|| 1.41% | 1.35% | 2.11% | 2.00% | 2.52% | 2.51% | 4.07% ||
	|| 0.93% | 1.37% | 1.58% | 1.96% | 2.01% | 2.31% | 3.99% ||
	|| 1.43% | 1.60% | 1.45% | 1.79% | 1.83% | 3.17% | 4.28% ||
	|| 1.10% | 1.59% | 1.59% | 2.14% | 2.30% | 2.94% | 4.84% ||
	|| 1.04% | 1.61% | 1.98% | 2.01% | 2.36% | 2.36% | 4.29% ||
	|| 1.00% | 1.37% | 1.69% | 1.90% | 2.29% | 2.65% | 4.75% ||
	|| 1.24% | 1.64% | 1.67% | 2.09% | 2.12% | 3.10% | 4.27% ||
	|| 1.29% | 1.49% | 1.64% | 2.17% | 2.08% | 2.82% | 3.32% ||
	|| 1.16% | 1.60% | 1.60% | 2.32% | 2.14% | 2.21% | 3.98% ||
	|| 1.36% | 1.50% | 1.41% | 1.83% | 2.59% | 2.46% | 3.36% ||
	|| 1.14% | 1.67% | 1.73% | 1.91% | 2.37% | 2.98% | 3.89% ||
	|| 0.97% | 1.26% | 1.70% | 1.86% | 2.41% | 2.78% | 3.51% ||
	|| 1.11% | 1.47% | 1.92% | 2.01% | 1.77% | 2.65% | 4.06% ||
	|| 1.09% | 1.62% | 1.62% | 2.04% | 2.11% | 2.38% | 3.72% ||
	|| 1.21% | 1.62% | 1.21% | 2.12% | 2.46% | 2.51% | 4.55% ||
	|| 1.15% | 1.70% | 1.71% | 2.00% | 2.53% | 2.90% | 3.94% ||
	|| 0.92% | 1.62% | 1.70% | 2.14% | 2.10% | 2.55% | 3.48% ||
	|| 1.22% | 1.63% | 1.57% | 1.90% | 2.64% | 2.74% | 3.47% ||
	|| 1.33% | 1.86% | 1.83% | 1.91% | 2.47% | 2.41% | 3.83% ||
	|| 0.92% | 1.55% | 2.37% | 2.25% | 2.62% | 2.47% | 3.93% ||
	|| 1.00% | 1.44% | 1.87% | 1.83% | 2.27% | 2.84% | 4.08% ||
	|| 1.16% | 1.61% | 1.80% | 1.91% | 2.98% | 2.90% | 4.19% ||
	|| 0.98% | 1.52% | 1.83% | 1.77% | 2.72% | 2.58% | 3.79% ||
	|| 1.26% | 1.94% | 1.36% | 2.20% | 3.18% | 2.30% | 3.54% ||
	|| 1.14% | 1.46% | 1.69% | 1.87% | 2.54% | 2.81% | 3.98% ||
	|| 1.04% | 1.62% | 1.57% | 2.09% | 2.26% | 2.53% | 3.47% ||
	|| 1.12% | 1.51% | 1.55% | 2.21% | 2.29% | 2.51% | 3.55% ||
	|| 1.04% | 1.60% | 1.70% | 2.25% | 2.33% | 2.55% | 3.54% ||
	|| 1.29% | 1.39% | 1.75% | 2.04% | 2.42% | 2.52% | 4.21% ||
	|| 1.31% | 1.62% | 1.80% | 2.14% | 2.07% | 3.05% | 4.55% ||
	|| 1.07% | 1.68% | 1.48% | 2.16% | 2.23% | 2.97% | 3.72% ||
	|| 1.29% | 1.62% | 1.54% | 1.73% | 2.28% | 3.19% | 4.08% ||
	|| 1.02% | 1.64% | 1.32% | 2.20% | 2.65% | 2.45% | 3.57% ||
	|| 1.03% | 1.65% | 1.76% | 2.05% | 2.11% | 2.94% | 4.75% ||
	|| 1.13% | 1.34% | 1.96% | 2.31% | 2.42% | 2.48% | 4.18% ||
	|| 1.02% | 1.96% | 1.67% | 2.06% | 2.35% | 2.95% | 4.41% ||
	|| 1.05% | 1.66% | 1.70% | 1.67% | 2.69% | 2.83% | 3.89% ||
	|| 1.14% | 1.33% | 1.79% | 1.86% | 2.48% | 2.57% | 4.14% ||
	|| 1.15% | 1.74% | 1.65% | 1.80% | 2.23% | 2.98% | 3.81% ||
	|| 0.89% | 1.58% | 1.85% | 1.96% | 2.70% | 2.67% | 4.16% ||
	||-------------------------------------------------------||


	|-----------------------------------------------------------------|
	|    Copyright (C) 2011-2019 (DRIP, DROP)
	|-----------------------------------------------------------------|
	|    Build Version  => 4.19.0 multi mode
	|    Build JVM (TM) => 1.8.0_112
	|    Build Snap     => Thu Jul 04 22:11:11 EST 2019
	|    Start Time     => Fri Aug 23 18:14:17 EDT 2019
	|    Setup Time     => Fri Aug 23 18:14:17 EDT 2019
	|    Finish Time    => Fri Aug 23 18:14:17 EDT 2019
	|    Setup Duration => 0 ms
	|    Run Duration   => 3 ms
	|-----------------------------------------------------------------|


	|-----------------------------------------------------------------|
	|    Copyright (C) 2011-2019 (DRIP, DROP)
	|-----------------------------------------------------------------|
	|    Build Version  => 4.19.0 multi mode
	|    Build JVM (TM) => 1.8.0_112
	|    Build Snap     => Thu Jul 04 22:11:11 EST 2019
	|    Start Time     => Fri Aug 23 18:14:17 EDT 2019
	|    Setup Time     => Fri Aug 23 18:14:17 EDT 2019
	|    Setup Duration => 0 ms
	|-----------------------------------------------------------------|


	||-------------------------------------------------------------------------------||
	||                          FORWARD EXERCISE INDICATOR                           ||
	||-------------------------------------------------------------------------------||
	|| N | Y | Y | Y | Y | Y | Y | Y | Y | Y | Y | N | N | N | Y | Y | Y | Y | Y | Y ||
	|| N | N | Y | Y | Y | Y | Y | Y | Y | Y | Y | Y | Y | Y | Y | Y | Y | Y | Y | N ||
	|| N | Y | Y | Y | Y | Y | Y | Y | Y | Y | Y | Y | Y | Y | Y | Y | Y | Y | Y | N ||
	|| N | N | Y | Y | Y | Y | Y | Y | Y | Y | Y | Y | Y | Y | Y | Y | Y | Y | Y | Y ||
	|| N | Y | N | N | Y | Y | Y | Y | Y | Y | Y | Y | Y | Y | Y | Y | Y | Y | Y | Y ||
	|| N | Y | Y | Y | Y | Y | Y | Y | Y | Y | Y | N | N | N | Y | Y | Y | Y | Y | Y ||
	|| N | Y | N | N | N | N | N | N | N | N | N | N | N | Y | Y | Y | Y | Y | Y | Y ||
	|| N | N | N | Y | Y | Y | Y | Y | Y | Y | Y | Y | Y | Y | Y | Y | Y | Y | Y | Y ||
	|| N | Y | Y | Y | Y | Y | Y | Y | Y | Y | Y | Y | Y | Y | Y | Y | Y | Y | Y | Y ||
	|| N | N | Y | Y | N | N | Y | Y | Y | Y | Y | Y | Y | Y | N | N | N | Y | N | N ||
	|| N | Y | Y | Y | Y | N | N | Y | Y | Y | Y | Y | Y | Y | Y | Y | Y | Y | Y | Y ||
	|| N | Y | Y | Y | Y | Y | Y | Y | Y | Y | Y | Y | N | N | N | N | N | N | N | Y ||
	|| N | N | Y | Y | Y | Y | Y | Y | Y | Y | Y | Y | Y | Y | Y | Y | Y | Y | Y | Y ||
	|| N | N | Y | Y | Y | Y | Y | Y | Y | Y | Y | N | N | N | N | N | N | Y | Y | Y ||
	|| N | Y | Y | N | Y | Y | Y | Y | Y | Y | Y | Y | Y | Y | Y | Y | Y | Y | Y | Y ||
	|| N | N | N | Y | Y | N | Y | Y | Y | Y | Y | Y | Y | Y | Y | Y | Y | Y | Y | Y ||
	|| N | N | N | Y | N | N | N | N | N | N | N | N | N | Y | Y | Y | Y | Y | Y | Y ||
	|| N | N | Y | Y | Y | Y | Y | Y | Y | Y | Y | Y | Y | Y | Y | Y | Y | Y | Y | Y ||
	|| N | N | N | N | N | Y | Y | Y | Y | Y | Y | Y | Y | Y | Y | Y | Y | Y | Y | Y ||
	|| N | N | N | N | N | N | N | N | N | Y | Y | Y | Y | Y | Y | N | Y | Y | Y | Y ||
	|| N | N | Y | Y | Y | Y | Y | Y | Y | Y | Y | Y | N | N | N | N | N | Y | Y | Y ||
	|| N | Y | Y | Y | Y | Y | Y | Y | Y | Y | Y | N | Y | Y | Y | Y | Y | Y | Y | Y ||
	|| N | Y | Y | Y | N | N | N | N | Y | Y | N | N | N | N | Y | Y | Y | Y | Y | Y ||
	|| N | Y | N | N | N | N | Y | Y | Y | Y | Y | Y | Y | Y | Y | Y | Y | Y | N | N ||
	|| N | N | N | N | N | Y | N | N | N | N | N | Y | Y | Y | Y | Y | Y | Y | Y | Y ||
	|| N | Y | Y | Y | Y | Y | Y | Y | Y | Y | Y | Y | Y | Y | Y | Y | Y | Y | Y | Y ||
	|| N | Y | Y | Y | N | N | N | N | N | N | N | N | N | Y | Y | Y | Y | Y | Y | N ||
	|| N | Y | Y | Y | Y | Y | Y | Y | Y | Y | Y | Y | Y | N | Y | Y | Y | Y | Y | N ||
	|| N | Y | Y | Y | Y | Y | Y | Y | Y | Y | Y | Y | Y | Y | Y | Y | Y | Y | Y | Y ||
	|| N | Y | Y | Y | N | N | Y | N | N | Y | Y | Y | Y | Y | Y | Y | Y | Y | Y | Y ||
	|| N | Y | Y | Y | N | N | N | N | Y | Y | N | N | N | N | Y | Y | Y | Y | Y | Y ||
	|| N | N | N | Y | Y | Y | Y | Y | Y | Y | Y | Y | Y | Y | Y | Y | Y | Y | Y | Y ||
	|| N | Y | Y | Y | Y | Y | Y | Y | Y | N | N | N | N | Y | Y | Y | Y | Y | Y | Y ||
	|| N | Y | Y | N | Y | Y | Y | Y | Y | Y | Y | Y | Y | Y | Y | Y | Y | Y | Y | Y ||
	|| N | Y | Y | Y | Y | Y | Y | Y | Y | Y | Y | Y | Y | Y | Y | Y | Y | Y | Y | Y ||
	|| N | Y | Y | Y | Y | Y | Y | Y | Y | Y | Y | Y | Y | Y | Y | Y | Y | Y | Y | Y ||
	|| N | N | Y | Y | Y | Y | Y | Y | Y | Y | Y | Y | Y | Y | Y | Y | Y | Y | Y | Y ||
	|| N | Y | Y | Y | Y | N | N | N | N | N | Y | Y | Y | Y | Y | Y | Y | Y | Y | Y ||
	|| N | Y | N | N | N | N | N | N | N | N | N | N | N | N | N | N | N | N | N | Y ||
	|| N | N | N | N | Y | Y | Y | Y | Y | Y | Y | Y | Y | Y | Y | Y | Y | Y | Y | Y ||
	|| N | Y | Y | Y | Y | Y | N | N | Y | Y | Y | Y | Y | Y | Y | Y | Y | Y | Y | Y ||
	|| N | N | N | N | N | N | N | N | N | N | Y | N | Y | Y | Y | Y | N | N | Y | Y ||
	|| N | N | Y | Y | Y | Y | Y | Y | Y | Y | Y | Y | Y | Y | Y | Y | Y | Y | Y | Y ||
	|| N | Y | Y | Y | Y | Y | Y | N | Y | Y | Y | Y | Y | N | N | Y | Y | Y | Y | Y ||
	|| N | N | N | N | Y | N | Y | Y | Y | Y | Y | Y | Y | Y | Y | Y | Y | Y | Y | Y ||
	|| N | Y | Y | Y | Y | Y | N | N | N | N | N | N | N | N | N | N | N | Y | Y | Y ||
	|| N | Y | Y | Y | Y | Y | Y | Y | Y | Y | Y | Y | Y | Y | Y | Y | Y | Y | Y | Y ||
	|| N | Y | Y | Y | Y | Y | Y | Y | N | N | N | N | N | N | N | N | Y | Y | Y | Y ||
	|| N | Y | Y | Y | Y | Y | Y | Y | Y | Y | Y | Y | Y | Y | N | N | N | N | N | Y ||
	|| N | N | N | N | N | N | N | N | Y | Y | Y | Y | Y | Y | Y | Y | Y | Y | Y | Y ||
	||-------------------------------------------------------------------------------||


	|-----------------------------------------------------------------|
	|    Copyright (C) 2011-2019 (DRIP, DROP)
	|-----------------------------------------------------------------|
	|    Build Version  => 4.19.0 multi mode
	|    Build JVM (TM) => 1.8.0_112
	|    Build Snap     => Thu Jul 04 22:11:11 EST 2019
	|    Start Time     => Fri Aug 23 18:14:17 EDT 2019
	|    Setup Time     => Fri Aug 23 18:14:17 EDT 2019
	|    Finish Time    => Fri Aug 23 18:14:18 EDT 2019
	|    Setup Duration => 0 ms
	|    Run Duration   => 782 ms
	|-----------------------------------------------------------------|


	|-----------------------------------------------------------------|
	|    Copyright (C) 2011-2019 (DRIP, DROP)
	|-----------------------------------------------------------------|
	|    Build Version  => 4.19.0 multi mode
	|    Build JVM (TM) => 1.8.0_112
	|    Build Snap     => Thu Jul 04 22:11:11 EST 2019
	|    Start Time     => Fri Aug 23 18:14:18 EDT 2019
	|    Setup Time     => Fri Aug 23 18:14:18 EDT 2019
	|    Setup Duration => 0 ms
	|-----------------------------------------------------------------|



	||---------------------------------------------------------------------------||
	||                        PATH-WISE EXERCISE METRICS                         ||
	||---------------------------------------------------------------------------||
	||    L -> R:                                                                ||
	||        Path Number                                                        ||
	||        Optimal Exercise Index                                             ||
	||        Optimal Exercise Date                                              ||
	||        Optimal Exercise Price                                             ||
	||        Optimal Exercise Value                                             ||
	||        Optimal Exercise OAS                                               ||
	||        Optimal Exercise OAS Gap                                           ||
	||        Optimal Exercise Duration                                          ||
	||        Optimal Exercise Convexity                                         ||
	||---------------------------------------------------------------------------||
	||  00 =>  19 | 01-DEC-2025 |  100.00 |  13.4 |  291 | -007 |  06.55 |  0.54 ||
	||  01 =>  17 | 01-DEC-2036 |  100.00 |  04.1 |  302 |  004 |  11.13 |  1.77 ||
	||  02 =>  10 | 01-DEC-2029 |  100.00 |  09.5 |  303 |  004 |  08.57 |  0.96 ||
	||  03 =>  03 | 01-DEC-2022 |  100.00 |  08.0 |  275 | -023 |  04.68 |  0.27 ||
	||  04 =>  06 | 01-DEC-2025 |  100.00 |  10.4 |  291 | -007 |  06.55 |  0.54 ||
	||  05 =>  04 | 01-DEC-2023 |  100.00 |  11.3 |  280 | -019 |  05.34 |  0.35 ||
	||  06 =>  05 | 01-DEC-2024 |  100.00 |  09.4 |  286 | -013 |  05.96 |  0.44 ||
	||  07 =>  07 | 01-DEC-2026 |  100.00 |  15.7 |  294 | -005 |  07.10 |  0.64 ||
	||  08 =>  13 | 01-DEC-2032 |  100.00 |  09.4 |  305 |  007 |  09.80 |  1.31 ||
	||  09 =>  05 | 01-DEC-2024 |  100.00 |  08.0 |  286 | -013 |  05.96 |  0.44 ||
	||  10 =>  10 | 01-DEC-2029 |  100.00 |  06.9 |  303 |  004 |  08.57 |  0.96 ||
	||  11 =>  11 | 01-DEC-2030 |  100.00 |  13.5 |  304 |  006 |  09.00 |  1.08 ||
	||  12 =>  04 | 01-DEC-2023 |  100.00 |  13.8 |  280 | -019 |  05.34 |  0.35 ||
	||  13 =>  10 | 01-DEC-2029 |  100.00 |  12.9 |  303 |  004 |  08.57 |  0.96 ||
	||  14 =>  04 | 01-DEC-2023 |  100.00 |  10.5 |  280 | -019 |  05.34 |  0.35 ||
	||  15 =>  02 | 01-DEC-2021 |  100.00 |  09.5 |  263 | -036 |  03.97 |  0.19 ||
	||  16 =>  07 | 01-DEC-2026 |  100.00 |  07.9 |  294 | -005 |  07.10 |  0.64 ||
	||  17 =>  07 | 01-DEC-2026 |  100.00 |  11.1 |  294 | -005 |  07.10 |  0.64 ||
	||  18 =>  14 | 01-DEC-2033 |  100.00 |  05.3 |  305 |  006 |  10.16 |  1.42 ||
	||  19 =>  16 | 01-DEC-2035 |  100.00 |  07.1 |  304 |  005 |  10.83 |  1.65 ||
	||  20 =>  11 | 01-DEC-2030 |  100.00 |  07.0 |  304 |  006 |  09.00 |  1.08 ||
	||  21 =>  04 | 01-DEC-2023 |  100.00 |  13.8 |  280 | -019 |  05.34 |  0.35 ||
	||  22 =>  07 | 01-DEC-2026 |  100.00 |  10.0 |  294 | -005 |  07.10 |  0.64 ||
	||  23 =>  11 | 01-DEC-2030 |  100.00 |  09.7 |  304 |  006 |  09.00 |  1.08 ||
	||  24 =>  12 | 01-DEC-2031 |  100.00 |  10.0 |  305 |  006 |  09.41 |  1.19 ||
	||  25 =>  06 | 01-DEC-2025 |  100.00 |  09.6 |  291 | -007 |  06.55 |  0.54 ||
	||  26 =>  06 | 01-DEC-2025 |  100.00 |  09.6 |  291 | -007 |  06.55 |  0.54 ||
	||  27 =>  05 | 01-DEC-2024 |  100.00 |  20.1 |  286 | -013 |  05.96 |  0.44 ||
	||  28 =>  07 | 01-DEC-2026 |  100.00 |  14.0 |  294 | -005 |  07.10 |  0.64 ||
	||  29 =>  16 | 01-DEC-2035 |  100.00 |  05.4 |  304 |  005 |  10.83 |  1.65 ||
	||  30 =>  12 | 01-DEC-2031 |  100.00 |  13.4 |  305 |  006 |  09.41 |  1.19 ||
	||  31 =>  12 | 01-DEC-2031 |  100.00 |  03.1 |  305 |  006 |  09.41 |  1.19 ||
	||  32 =>  12 | 01-DEC-2031 |  100.00 |  09.1 |  305 |  006 |  09.41 |  1.19 ||
	||  33 =>  07 | 01-DEC-2026 |  100.00 |  07.8 |  294 | -005 |  07.10 |  0.64 ||
	||  34 =>  12 | 01-DEC-2031 |  100.00 |  12.3 |  305 |  006 |  09.41 |  1.19 ||
	||  35 =>  12 | 01-DEC-2031 |  100.00 |  09.2 |  305 |  006 |  09.41 |  1.19 ||
	||  36 =>  11 | 01-DEC-2030 |  100.00 |  14.4 |  304 |  006 |  09.00 |  1.08 ||
	||  37 =>  07 | 01-DEC-2026 |  100.00 |  12.9 |  294 | -005 |  07.10 |  0.64 ||
	||  38 =>  12 | 01-DEC-2031 |  100.00 |  08.3 |  305 |  006 |  09.41 |  1.19 ||
	||  39 =>  08 | 01-DEC-2027 |  100.00 |  13.2 |  298 | -001 |  07.62 |  0.74 ||
	||  40 =>  02 | 01-DEC-2021 |  100.00 |  03.5 |  263 | -036 |  03.97 |  0.19 ||
	||  41 =>  08 | 01-DEC-2027 |  100.00 |  07.9 |  298 | -001 |  07.62 |  0.74 ||
	||  42 =>  02 | 01-DEC-2021 |  100.00 |  06.8 |  263 | -036 |  03.97 |  0.19 ||
	||  43 =>  10 | 01-DEC-2029 |  100.00 |  07.5 |  303 |  004 |  08.57 |  0.96 ||
	||  44 =>  09 | 01-DEC-2028 |  100.00 |  06.0 |  301 |  002 |  08.11 |  0.85 ||
	||  45 =>  12 | 01-DEC-2031 |  100.00 |  09.4 |  305 |  006 |  09.41 |  1.19 ||
	||  46 =>  15 | 01-DEC-2034 |  100.00 |  07.6 |  304 |  006 |  10.50 |  1.54 ||
	||  47 =>  09 | 01-DEC-2028 |  100.00 |  07.4 |  301 |  002 |  08.11 |  0.85 ||
	||  48 =>  10 | 01-DEC-2029 |  100.00 |  07.7 |  303 |  004 |  08.57 |  0.96 ||
	||  49 =>  02 | 01-DEC-2021 |  100.00 |  04.8 |  263 | -036 |  03.97 |  0.19 ||
	||---------------------------------------------------------------------------||

	||-------------------------------------------------------------||
	||        Optimal Exercise Price                               ||
	||        Optimal Exercise Value                               ||
	||        Optimal Exercise OAS                                 ||
	||        Optimal Exercise OAS Gap                             ||
	||        Optimal Exercise Duration                            ||
	||        Optimal Exercise Convexity                           ||
	||-------------------------------------------------------------||
	|| AVERAGE =>  100.00 |  09.6 |  294.5 | -004 |  07.69 |  0.83 ||
	||  ERROR  =>  000.00 |  02.6 |  009.7 |  010 |  01.65 |  0.36 ||
	|| MAXIMUM =>  100.00 |  20.1 |  305.3 |  007 |  11.13 |  1.77 ||
	|| MINIMUM =>  100.00 |  03.1 |  262.9 | -036 |  03.97 |  0.19 ||
	||-------------------------------------------------------------||


	|-----------------------------------------------------------------|
	|    Copyright (C) 2011-2019 (DRIP, DROP)
	|-----------------------------------------------------------------|
	|    Build Version  => 4.19.0 multi mode
	|    Build JVM (TM) => 1.8.0_112
	|    Build Snap     => Thu Jul 04 22:11:11 EST 2019
	|    Start Time     => Fri Aug 23 18:14:18 EDT 2019
	|    Setup Time     => Fri Aug 23 18:14:18 EDT 2019
	|    Finish Time    => Fri Aug 23 18:14:21 EDT 2019
	|    Setup Duration => 0 ms
	|    Run Duration   => 3 s 93 ms
	|-----------------------------------------------------------------|


	|-----------------------------------------------------------------|
	|    Copyright (C) 2011-2019 (DRIP, DROP)
	|-----------------------------------------------------------------|
	|    Build Version  => 4.19.0 multi mode
	|    Build JVM (TM) => 1.8.0_112
	|    Build Snap     => Thu Jul 04 22:11:11 EST 2019
	|    Start Time     => Fri Aug 23 18:14:21 EDT 2019
	|    Setup Time     => Fri Aug 23 18:14:21 EDT 2019
	|    Setup Duration => 0 ms
	|-----------------------------------------------------------------|


	||-----------------------------------------------------------------------------------------------------------------------||
	||                                              FORWARD EXERCISE INDICATOR                                               ||
	||-----------------------------------------------------------------------------------------------------------------------||
	|| -00 |  01 |  13 |  16 |  16 |  17 |  12 |  14 |  17 |  15 |  15 |  12 |  11 |  10 |  09 |  08 |  06 |  03 |  01 |  01 ||
	|| -00 | -01 | -03 | -03 | -03 | -05 | -00 | -01 | -00 |  05 | -01 | -05 | -14 | -19 | -18 | -04 | -01 |  01 |  01 |  00 ||
	|| -00 |  02 |  08 |  13 |  12 |  10 |  06 |  08 |  10 |  05 |  01 | -01 | -02 |  08 |  08 |  08 |  06 |  05 |  03 |  02 ||
	|| -00 | -03 | -06 | -09 | -01 | -01 |  01 | -04 | -01 | -05 | -08 | -05 |  01 |  01 |  02 |  07 |  06 |  05 |  03 |  01 ||
	|| -00 |  00 |  06 |  03 |  04 | -01 |  01 |  02 |  05 |  04 |  02 |  05 |  07 |  06 |  05 |  04 |  04 |  03 | -01 | -01 ||
	|| -00 |  04 | -01 |  03 |  09 |  04 |  10 |  08 |  04 |  04 |  06 |  03 |  03 | -02 |  01 |  03 |  01 | -02 | -00 |  02 ||
	|| -00 |  05 | -01 | -01 | -00 |  00 |  00 | -04 | -03 | -04 |  00 |  01 |  08 |  07 |  06 |  05 |  04 |  04 |  03 |  01 ||
	|| -00 | -02 |  08 |  11 |  11 |  10 |  11 |  13 |  08 |  09 |  08 |  11 |  11 |  10 |  08 |  05 |  05 |  02 |  04 |  02 ||
	|| -00 | -00 | -03 | -01 | -04 | -02 | -03 | -04 | -04 |  05 |  07 |  08 |  06 |  05 |  06 |  07 |  06 |  05 |  04 |  02 ||
	|| -00 | -02 | -02 | -11 | -12 | -06 | -05 |  04 |  09 |  09 |  09 |  05 |  08 |  10 |  09 |  08 |  06 |  04 |  02 |  01 ||
	|| -00 | -01 | -05 |  01 |  05 |  02 | -04 |  03 |  01 |  00 | -00 |  00 |  04 |  03 |  07 |  05 |  02 |  02 |  02 |  02 ||
	|| -00 | -01 |  00 | -00 | -06 | -05 |  01 |  02 |  02 |  04 |  04 |  06 |  08 |  09 |  06 |  05 |  05 |  04 |  03 |  02 ||
	|| -00 |  01 |  00 |  05 |  08 |  07 |  11 |  05 |  06 |  07 |  06 |  04 | -01 |  03 |  05 |  05 |  03 |  02 |  03 |  01 ||
	|| -00 |  03 | -01 |  07 |  08 |  07 |  11 |  04 |  05 |  00 | -03 | -03 | -02 | -11 | -17 | -11 | -03 |  04 |  03 |  02 ||
	|| -00 |  04 |  04 |  06 |  01 | -02 | -08 | -05 | -06 | -08 | -03 | -00 | -00 | -03 | -01 | -00 | -05 | -03 | -03 | -03 ||
	|| -00 |  00 | -03 | -10 | -15 | -09 | -10 | -07 | -04 |  10 |  10 |  07 |  04 |  08 |  07 |  07 |  05 |  03 |  03 |  02 ||
	|| -00 | -01 |  01 | -06 |  01 |  07 |  12 |  08 |  11 |  12 |  13 |  11 |  12 |  09 |  08 |  08 |  07 |  05 |  03 |  02 ||
	|| -00 |  04 |  03 |  09 |  14 |  13 |  13 |  11 |  10 |  07 |  07 |  04 |  04 |  05 |  06 |  06 |  05 |  03 |  02 |  01 ||
	|| -00 | -01 | -08 | -05 | -05 | -03 | -05 | -00 |  02 |  05 |  08 |  11 |  12 |  09 |  08 |  08 |  07 |  06 |  04 |  02 ||
	|| -00 |  00 |  00 |  01 |  01 |  04 |  05 |  03 |  02 |  01 |  02 |  08 |  09 |  09 |  07 |  07 |  06 |  05 |  03 |  02 ||
	|| -00 |  01 | -05 | -10 | -11 | -13 | -16 | -12 | -01 | -04 | -02 |  00 |  01 |  04 |  06 |  07 |  05 |  03 |  02 |  02 ||
	|| -00 |  08 |  10 |  12 |  04 |  03 |  04 |  03 |  04 |  03 |  01 |  02 |  07 |  08 |  07 |  04 |  03 |  03 |  02 |  01 ||
	|| -00 | -05 | -10 | -06 |  02 | -05 | -02 | -00 |  05 |  04 |  04 |  01 | -00 |  01 | -01 | -05 | -03 | -01 |  00 |  01 ||
	|| -00 |  02 |  06 |  03 |  05 |  02 |  05 |  09 |  08 |  09 |  07 |  08 |  07 |  04 |  03 | -02 | -01 |  04 |  02 |  01 ||
	|| -00 | -02 | -02 | -04 | -08 | -02 | -02 |  03 |  02 |  08 |  11 |  13 |  12 |  10 |  07 |  04 |  02 |  01 |  02 |  02 ||
	|| -00 |  05 |  05 |  07 |  03 |  03 |  04 |  02 |  01 |  04 |  07 |  07 |  05 |  02 |  03 |  03 |  03 |  01 |  02 |  00 ||
	|| -00 | -03 |  03 |  05 |  08 |  08 |  06 |  12 |  10 |  06 |  05 | -01 | -06 | -13 | -12 | -18 | -18 |  05 |  03 |  02 ||
	|| -00 |  07 |  05 |  09 |  08 |  08 |  13 |  11 |  13 |  11 |  08 |  07 |  09 |  09 |  08 |  05 |  06 |  05 |  03 |  02 ||
	|| -00 |  01 |  05 |  04 |  03 |  04 |  09 |  10 |  10 |  08 |  04 | -00 | -02 | -01 |  07 |  09 |  07 |  05 |  03 |  01 ||
	|| -00 |  00 |  10 |  10 |  07 |  02 | -03 |  01 |  01 | -02 |  02 |  05 |  04 |  04 |  07 |  08 |  06 |  04 |  03 |  01 ||
	|| -00 |  01 |  07 |  06 |  11 |  08 |  06 |  10 |  06 |  07 |  09 |  11 |  12 |  11 |  10 |  08 |  06 |  04 |  03 |  01 ||
	|| -00 | -06 | -08 | -10 | -12 | -06 | -10 | -09 | -10 | -00 |  05 |  08 |  07 |  07 |  04 |  03 |  06 |  05 |  04 |  02 ||
	|| -00 |  00 |  09 |  09 |  03 |  07 |  05 |  02 |  01 | -01 |  00 |  05 |  08 |  06 |  03 |  03 |  05 |  04 |  02 |  01 ||
	|| -00 |  04 |  03 |  03 |  01 |  03 |  02 |  03 |  05 |  08 |  09 |  08 |  07 |  06 |  03 |  02 |  01 |  03 |  00 |  00 ||
	|| -00 |  05 |  01 | -00 |  01 |  03 |  11 |  12 |  10 |  10 |  09 |  10 |  10 |  09 |  08 |  07 |  07 |  05 |  03 |  01 ||
	|| -00 |  06 |  04 | -03 | -08 | -12 |  00 | -05 |  01 |  00 |  05 |  04 |  02 | -00 | -04 | -06 | -00 | -00 |  00 |  01 ||
	|| -00 | -01 | -05 | -06 |  03 |  00 | -01 |  07 |  05 |  11 |  09 |  08 |  05 |  04 |  02 |  05 |  02 |  02 |  02 |  02 ||
	|| -00 | -03 | -03 | -00 | -05 | -05 | -07 | -04 | -05 | -03 |  03 |  05 |  05 |  05 |  02 |  02 | -00 |  00 | -01 | -01 ||
	|| -00 |  08 |  05 |  05 |  00 |  05 |  06 |  14 |  14 |  12 |  11 |  09 |  07 |  07 |  06 |  06 |  05 |  04 |  03 |  01 ||
	|| -00 |  04 |  07 |  09 |  07 |  11 |  10 |  08 |  06 |  07 |  08 |  08 |  07 |  05 |  04 |  02 |  02 |  00 |  00 |  00 ||
	|| -00 |  03 |  05 |  07 |  06 |  11 |  09 |  09 |  05 |  05 |  00 |  00 |  05 |  02 |  03 |  05 |  04 |  04 |  02 |  01 ||
	|| -00 |  01 |  07 |  06 |  08 |  07 |  10 |  08 |  11 |  07 |  09 |  08 |  10 |  06 |  06 |  05 |  01 |  02 |  03 |  02 ||
	|| -00 |  02 | -02 | -05 | -07 |  03 | -00 | -01 |  02 |  01 |  01 |  01 |  04 |  04 |  06 |  06 |  06 |  05 |  03 |  02 ||
	|| -00 | -06 | -07 | -06 | -00 | -06 | -15 | -21 | -20 | -13 | -03 | -02 | -01 |  04 |  04 |  03 |  03 |  04 |  02 |  02 ||
	|| -00 |  04 |  04 |  07 | -02 | -04 |  01 | -02 |  02 |  13 |  13 |  12 |  11 |  09 |  08 |  06 |  04 |  03 |  02 |  02 ||
	|| -00 |  02 |  08 | -00 |  06 |  09 |  11 |  15 |  11 |  07 |  06 |  05 |  05 |  02 |  02 | -01 | -07 | -03 | -02 | -01 ||
	|| -00 |  01 | -07 | -12 | -11 | -11 | -11 | -07 | -07 | -10 | -07 | -03 |  09 |  08 |  08 |  06 |  05 |  05 |  04 |  02 ||
	|| -00 | -03 | -07 | -07 | -05 | -07 | -07 | -06 | -07 | -04 |  01 | -01 | -09 | -04 | -01 | -04 |  12 |  11 |  05 |  02 ||
	|| -00 | -03 | -12 | -16 | -10 | -14 | -16 | -13 | -11 | -11 | -07 | -03 |  01 |  07 |  05 |  06 |  06 |  04 |  03 |  02 ||
	|| -00 | -02 |  02 |  01 | -04 | -11 | -06 | -11 | -09 | -11 | -04 | -00 |  03 |  05 |  07 |  07 |  05 |  03 |  02 |  01 ||
	||-----------------------------------------------------------------------------------------------------------------------||


	|-----------------------------------------------------------------|
	|    Copyright (C) 2011-2019 (DRIP, DROP)
	|-----------------------------------------------------------------|
	|    Build Version  => 4.19.0 multi mode
	|    Build JVM (TM) => 1.8.0_112
	|    Build Snap     => Thu Jul 04 22:11:11 EST 2019
	|    Start Time     => Fri Aug 23 18:14:21 EDT 2019
	|    Setup Time     => Fri Aug 23 18:14:21 EDT 2019
	|    Finish Time    => Fri Aug 23 18:14:22 EDT 2019
	|    Setup Duration => 0 ms
	|    Run Duration   => 732 ms
	|-----------------------------------------------------------------|


	|-----------------------------------------------------------------|
	|    Copyright (C) 2011-2019 (DRIP, DROP)
	|-----------------------------------------------------------------|
	|    Build Version  => 4.19.0 multi mode
	|    Build JVM (TM) => 1.8.0_112
	|    Build Snap     => Thu Jul 04 22:11:11 EST 2019
	|    Start Time     => Fri Aug 23 18:14:22 EDT 2019
	|    Setup Time     => Fri Aug 23 18:14:22 EDT 2019
	|    Setup Duration => 0 ms
	|-----------------------------------------------------------------|


	||------------------------------------------------------------------------------------------------------------------------------------------------||
	|| ## | 24-MAR-2017 | 24-MAR-2018 | 24-MAR-2019 | 24-MAR-2020 | 24-MAR-2021 | 24-MAR-2022 | 24-MAR-2023 | 24-MAR-2024 | 24-MAR-2025 | 24-MAR-2026 ||
	||------------------------------------------------------------------------------------------------------------------------------------------------||
	|| 01 |    1.989%   |    2.205%   |    2.516%   |    2.691%   |    2.617%   |    2.564%   |    2.695%   |    2.488%   |    2.340%   |    2.248%   ||
	|| 02 |    1.989%   |    2.122%   |    2.086%   |    1.949%   |    1.951%   |    2.081%   |    2.204%   |    2.339%   |    2.235%   |    2.449%   ||
	|| 03 |    1.989%   |    1.779%   |    1.849%   |    1.657%   |    1.681%   |    1.806%   |    1.891%   |    1.911%   |    1.677%   |    1.621%   ||
	|| 04 |    1.989%   |    2.120%   |    2.058%   |    2.140%   |    1.949%   |    1.858%   |    1.725%   |    1.585%   |    1.758%   |    1.699%   ||
	|| 05 |    1.989%   |    1.785%   |    1.778%   |    1.846%   |    1.791%   |    1.813%   |    1.722%   |    1.655%   |    1.713%   |    1.771%   ||
	|| 06 |    1.989%   |    2.195%   |    2.272%   |    2.414%   |    2.248%   |    2.212%   |    1.988%   |    1.976%   |    1.886%   |    1.688%   ||
	|| 07 |    1.989%   |    2.143%   |    2.215%   |    2.333%   |    2.511%   |    2.421%   |    2.414%   |    2.365%   |    2.304%   |    2.619%   ||
	|| 08 |    1.989%   |    2.152%   |    2.411%   |    2.609%   |    2.550%   |    2.519%   |    2.898%   |    3.141%   |    3.392%   |    3.520%   ||
	|| 09 |    1.989%   |    1.886%   |    1.912%   |    1.886%   |    2.097%   |    2.193%   |    2.042%   |    2.362%   |    2.328%   |    2.201%   ||
	|| 10 |    1.989%   |    2.139%   |    2.173%   |    1.966%   |    2.155%   |    2.040%   |    1.915%   |    2.208%   |    2.122%   |    2.120%   ||
	|| 11 |    1.989%   |    2.092%   |    2.161%   |    2.068%   |    2.232%   |    1.992%   |    2.024%   |    1.851%   |    1.956%   |    1.909%   ||
	|| 12 |    1.989%   |    1.783%   |    1.753%   |    1.782%   |    1.878%   |    1.948%   |    2.098%   |    2.007%   |    2.006%   |    2.201%   ||
	|| 13 |    1.989%   |    1.910%   |    2.008%   |    1.824%   |    1.949%   |    1.977%   |    1.972%   |    1.886%   |    1.879%   |    1.877%   ||
	|| 14 |    1.989%   |    2.141%   |    1.966%   |    2.027%   |    2.159%   |    2.476%   |    2.580%   |    2.904%   |    3.083%   |    2.656%   ||
	|| 15 |    1.989%   |    2.002%   |    1.879%   |    1.941%   |    1.885%   |    1.835%   |    1.829%   |    1.692%   |    1.671%   |    1.741%   ||
	|| 16 |    1.989%   |    2.138%   |    1.918%   |    1.816%   |    1.764%   |    1.869%   |    1.761%   |    1.787%   |    1.759%   |    1.794%   ||
	|| 17 |    1.989%   |    1.903%   |    1.841%   |    1.694%   |    1.592%   |    1.541%   |    1.553%   |    1.514%   |    1.227%   |    1.227%   ||
	|| 18 |    1.989%   |    1.969%   |    1.727%   |    1.784%   |    1.669%   |    1.628%   |    1.544%   |    1.597%   |    1.585%   |    1.428%   ||
	|| 19 |    1.989%   |    2.147%   |    2.181%   |    2.089%   |    1.939%   |    1.948%   |    1.872%   |    1.826%   |    1.849%   |    1.923%   ||
	|| 20 |    1.989%   |    1.991%   |    2.081%   |    2.076%   |    2.264%   |    2.402%   |    2.352%   |    2.341%   |    2.291%   |    2.241%   ||
	|| 21 |    1.989%   |    1.754%   |    1.933%   |    1.706%   |    1.746%   |    1.867%   |    1.843%   |    1.887%   |    1.932%   |    1.719%   ||
	|| 22 |    1.989%   |    1.879%   |    1.930%   |    2.099%   |    2.065%   |    2.097%   |    2.067%   |    2.067%   |    1.872%   |    1.712%   ||
	|| 23 |    1.989%   |    2.084%   |    2.102%   |    1.913%   |    1.697%   |    1.832%   |    1.835%   |    1.777%   |    1.748%   |    1.659%   ||
	|| 24 |    1.989%   |    1.903%   |    1.859%   |    1.955%   |    2.051%   |    1.948%   |    2.171%   |    2.150%   |    2.369%   |    2.116%   ||
	|| 25 |    1.989%   |    2.008%   |    1.960%   |    1.949%   |    2.213%   |    2.259%   |    2.510%   |    2.493%   |    2.551%   |    2.538%   ||
	|| 26 |    1.989%   |    2.002%   |    1.899%   |    1.987%   |    1.897%   |    1.965%   |    1.912%   |    1.923%   |    2.091%   |    2.220%   ||
	|| 27 |    1.989%   |    1.958%   |    1.917%   |    1.848%   |    2.007%   |    1.746%   |    1.659%   |    1.611%   |    1.619%   |    1.503%   ||
	|| 28 |    1.989%   |    2.149%   |    1.937%   |    2.047%   |    2.142%   |    2.164%   |    2.317%   |    2.414%   |    2.385%   |    2.442%   ||
	|| 29 |    1.989%   |    1.892%   |    1.870%   |    1.731%   |    1.820%   |    1.688%   |    1.653%   |    1.589%   |    1.537%   |    1.577%   ||
	|| 30 |    1.989%   |    2.115%   |    2.282%   |    2.262%   |    2.209%   |    2.258%   |    2.174%   |    1.953%   |    1.792%   |    1.604%   ||
	|| 31 |    1.989%   |    1.938%   |    1.881%   |    1.736%   |    1.727%   |    1.743%   |    1.658%   |    1.515%   |    1.608%   |    1.470%   ||
	|| 32 |    1.989%   |    1.955%   |    2.146%   |    2.019%   |    1.811%   |    1.665%   |    1.714%   |    1.469%   |    1.503%   |    1.600%   ||
	|| 33 |    1.989%   |    2.012%   |    2.121%   |    2.218%   |    2.277%   |    2.075%   |    1.729%   |    1.669%   |    1.638%   |    1.538%   ||
	|| 34 |    1.989%   |    1.984%   |    1.823%   |    1.763%   |    1.791%   |    1.986%   |    2.012%   |    2.028%   |    2.048%   |    2.033%   ||
	|| 35 |    1.989%   |    2.191%   |    2.067%   |    2.052%   |    1.905%   |    1.851%   |    1.910%   |    1.962%   |    2.034%   |    2.183%   ||
	|| 36 |    1.989%   |    2.045%   |    2.010%   |    2.291%   |    2.663%   |    2.666%   |    2.984%   |    3.387%   |    3.572%   |    3.646%   ||
	|| 37 |    1.989%   |    1.875%   |    1.702%   |    1.674%   |    1.611%   |    1.543%   |    1.617%   |    1.609%   |    1.675%   |    1.739%   ||
	|| 38 |    1.989%   |    2.011%   |    1.965%   |    1.902%   |    2.048%   |    1.891%   |    2.060%   |    2.025%   |    2.149%   |    2.334%   ||
	|| 39 |    1.989%   |    2.109%   |    2.017%   |    1.933%   |    2.005%   |    2.030%   |    2.166%   |    2.112%   |    2.193%   |    2.043%   ||
	|| 40 |    1.989%   |    1.847%   |    1.868%   |    1.927%   |    2.093%   |    2.139%   |    2.220%   |    2.201%   |    2.553%   |    2.488%   ||
	|| 41 |    1.989%   |    2.001%   |    1.984%   |    1.988%   |    1.968%   |    1.870%   |    1.875%   |    1.862%   |    1.962%   |    1.746%   ||
	|| 42 |    1.989%   |    1.853%   |    2.038%   |    2.042%   |    1.997%   |    2.256%   |    2.186%   |    1.859%   |    1.816%   |    1.784%   ||
	|| 43 |    1.989%   |    2.087%   |    1.835%   |    1.966%   |    1.895%   |    1.901%   |    2.021%   |    1.933%   |    1.929%   |    1.844%   ||
	|| 44 |    1.989%   |    1.783%   |    1.747%   |    1.888%   |    2.059%   |    2.079%   |    2.124%   |    2.072%   |    2.155%   |    2.188%   ||
	|| 45 |    1.989%   |    1.936%   |    2.071%   |    2.244%   |    2.289%   |    2.544%   |    2.590%   |    2.345%   |    2.344%   |    2.452%   ||
	|| 46 |    1.989%   |    2.014%   |    2.023%   |    2.116%   |    2.258%   |    1.973%   |    2.017%   |    1.994%   |    1.961%   |    1.979%   ||
	|| 47 |    1.989%   |    2.249%   |    2.306%   |    2.271%   |    2.436%   |    2.260%   |    2.391%   |    2.190%   |    2.014%   |    1.921%   ||
	|| 48 |    1.989%   |    1.852%   |    1.983%   |    1.866%   |    1.844%   |    1.898%   |    1.825%   |    1.749%   |    1.917%   |    1.861%   ||
	|| 49 |    1.989%   |    2.020%   |    2.191%   |    2.186%   |    2.417%   |    2.424%   |    2.473%   |    2.378%   |    2.418%   |    2.360%   ||
	|| 50 |    1.989%   |    1.992%   |    1.967%   |    2.058%   |    2.038%   |    1.977%   |    1.981%   |    1.979%   |    2.038%   |    2.100%   ||
	||------------------------------------------------------------------------------------------------------------------------------------------------||


	|-----------------------------------------------------------------|
	|    Copyright (C) 2011-2019 (DRIP, DROP)
	|-----------------------------------------------------------------|
	|    Build Version  => 4.19.0 multi mode
	|    Build JVM (TM) => 1.8.0_112
	|    Build Snap     => Thu Jul 04 22:11:11 EST 2019
	|    Start Time     => Fri Aug 23 18:14:22 EDT 2019
	|    Setup Time     => Fri Aug 23 18:14:22 EDT 2019
	|    Finish Time    => Fri Aug 23 18:14:22 EDT 2019
	|    Setup Duration => 0 ms
	|    Run Duration   => 27 ms
	|-----------------------------------------------------------------|


	|-----------------------------------------------------------------|
	|    Copyright (C) 2011-2019 (DRIP, DROP)
	|-----------------------------------------------------------------|
	|    Build Version  => 4.19.0 multi mode
	|    Build JVM (TM) => 1.8.0_112
	|    Build Snap     => Thu Jul 04 22:11:11 EST 2019
	|    Start Time     => Fri Aug 23 18:14:22 EDT 2019
	|    Setup Time     => Fri Aug 23 18:14:22 EDT 2019
	|    Setup Duration => 0 ms
	|-----------------------------------------------------------------|


	||-----------------------------------------------------------------------------------------------------------------------------------------------------------------------------------||
	||                                                                                FORWARD BOND PRICE                                                                                 ||
	||-----------------------------------------------------------------------------------------------------------------------------------------------------------------------------------||
	|| 099.70 | 100.96 | 100.89 | 104.69 | 104.83 | 102.36 | 104.45 | 101.66 | 100.80 | 102.58 | 108.38 | 113.56 | 114.39 | 113.55 | 112.15 | 110.84 | 108.57 | 108.36 | 105.34 | 102.80 ||
	|| 099.70 | 101.68 | 107.30 | 110.72 | 102.97 | 098.24 | 099.82 | 096.03 | 091.84 | 102.12 | 106.17 | 107.10 | 113.06 | 115.54 | 114.03 | 113.56 | 111.84 | 109.03 | 106.32 | 103.26 ||
	|| 099.70 | 104.40 | 105.90 | 110.30 | 110.85 | 111.87 | 116.41 | 113.63 | 116.39 | 109.94 | 112.36 | 107.23 | 107.74 | 112.18 | 110.32 | 109.64 | 107.42 | 105.66 | 104.16 | 103.26 ||
	|| 099.70 | 098.92 | 100.47 | 105.55 | 109.93 | 108.32 | 105.76 | 106.54 | 100.18 | 111.58 | 112.50 | 112.04 | 114.44 | 110.10 | 110.50 | 107.82 | 104.76 | 103.08 | 104.80 | 103.11 ||
	|| 099.70 | 098.64 | 101.92 | 102.74 | 096.56 | 093.11 | 092.33 | 091.10 | 090.23 | 096.94 | 097.38 | 101.01 | 102.35 | 109.30 | 111.29 | 112.39 | 111.63 | 108.49 | 105.95 | 102.77 ||
	|| 099.70 | 096.83 | 096.73 | 094.28 | 093.79 | 095.76 | 097.75 | 101.76 | 097.69 | 096.18 | 097.53 | 102.57 | 106.18 | 112.15 | 114.24 | 113.10 | 111.27 | 108.54 | 105.85 | 103.10 ||
	|| 099.70 | 099.39 | 101.85 | 093.69 | 098.95 | 103.42 | 095.88 | 093.11 | 098.16 | 103.50 | 100.39 | 114.53 | 119.95 | 117.64 | 115.94 | 113.16 | 110.53 | 108.21 | 105.61 | 102.59 ||
	|| 099.70 | 101.23 | 097.72 | 084.38 | 089.25 | 096.62 | 101.16 | 102.91 | 111.12 | 109.81 | 109.26 | 112.27 | 110.38 | 108.35 | 103.30 | 099.01 | 100.70 | 096.63 | 095.67 | 099.47 ||
	|| 099.70 | 100.07 | 099.03 | 096.55 | 097.36 | 099.82 | 108.38 | 104.83 | 100.48 | 094.81 | 097.88 | 094.73 | 106.32 | 107.93 | 112.45 | 108.64 | 104.54 | 105.27 | 104.19 | 102.73 ||
	|| 099.70 | 096.53 | 093.01 | 091.52 | 090.69 | 101.84 | 104.46 | 109.92 | 115.27 | 113.80 | 111.89 | 119.50 | 120.21 | 118.48 | 116.55 | 113.52 | 112.41 | 109.94 | 106.75 | 103.42 ||
	|| 099.70 | 098.70 | 106.26 | 103.09 | 103.72 | 104.07 | 105.94 | 103.41 | 096.45 | 104.48 | 104.73 | 108.37 | 112.62 | 111.82 | 111.28 | 112.74 | 109.90 | 106.85 | 104.40 | 101.64 ||
	|| 099.70 | 100.24 | 102.80 | 105.93 | 101.14 | 091.86 | 090.88 | 086.74 | 100.83 | 094.33 | 094.84 | 105.81 | 108.13 | 105.35 | 104.51 | 103.08 | 098.05 | 096.57 | 097.14 | 100.53 ||
	|| 099.70 | 101.56 | 100.62 | 100.21 | 102.59 | 102.64 | 112.61 | 111.05 | 116.03 | 121.03 | 120.41 | 117.76 | 117.54 | 115.55 | 113.48 | 109.52 | 109.45 | 106.39 | 103.80 | 102.57 ||
	|| 099.70 | 103.10 | 097.70 | 102.98 | 100.96 | 096.45 | 096.16 | 096.87 | 095.50 | 090.42 | 106.29 | 109.17 | 117.29 | 115.68 | 113.92 | 113.73 | 111.07 | 108.65 | 106.15 | 103.38 ||
	|| 099.70 | 094.53 | 102.49 | 100.71 | 099.27 | 090.50 | 096.63 | 098.80 | 106.16 | 100.98 | 100.44 | 115.45 | 118.65 | 116.11 | 113.01 | 113.31 | 109.03 | 105.90 | 105.52 | 103.40 ||
	|| 099.70 | 103.74 | 104.39 | 110.53 | 113.61 | 110.47 | 105.00 | 109.69 | 108.97 | 111.89 | 109.46 | 112.99 | 112.30 | 107.55 | 110.87 | 109.63 | 108.88 | 106.71 | 105.21 | 103.39 ||
	|| 099.70 | 094.72 | 103.61 | 106.18 | 109.01 | 107.23 | 107.81 | 110.90 | 116.99 | 118.46 | 118.04 | 115.96 | 117.52 | 115.01 | 113.97 | 111.27 | 109.09 | 105.91 | 104.89 | 102.16 ||
	|| 099.70 | 104.90 | 104.09 | 102.44 | 096.78 | 100.96 | 097.41 | 094.82 | 089.65 | 095.39 | 099.55 | 096.68 | 099.58 | 092.50 | 097.75 | 097.39 | 102.08 | 107.71 | 104.40 | 102.43 ||
	|| 099.70 | 098.31 | 097.85 | 107.64 | 106.37 | 110.23 | 108.27 | 111.46 | 114.07 | 109.40 | 104.09 | 100.27 | 096.39 | 097.64 | 101.75 | 100.11 | 094.85 | 107.37 | 105.53 | 102.96 ||
	|| 099.70 | 095.67 | 090.27 | 090.61 | 082.99 | 099.63 | 106.64 | 107.47 | 105.12 | 104.69 | 105.96 | 113.93 | 120.92 | 119.76 | 116.55 | 113.80 | 110.56 | 107.17 | 105.43 | 102.79 ||
	|| 099.70 | 107.49 | 110.32 | 113.86 | 113.82 | 114.71 | 111.31 | 114.29 | 115.27 | 116.97 | 119.34 | 117.34 | 118.28 | 117.25 | 113.99 | 111.25 | 110.50 | 108.77 | 105.77 | 103.14 ||
	|| 099.70 | 102.22 | 103.99 | 106.06 | 103.57 | 119.90 | 116.75 | 120.20 | 116.80 | 114.61 | 112.90 | 113.93 | 113.79 | 114.94 | 115.42 | 114.66 | 112.34 | 109.97 | 106.79 | 103.46 ||
	|| 099.70 | 105.56 | 099.57 | 100.21 | 100.86 | 093.05 | 103.08 | 105.92 | 108.18 | 111.21 | 112.37 | 115.08 | 115.72 | 112.37 | 112.54 | 110.79 | 111.62 | 108.94 | 106.26 | 103.19 ||
	|| 099.70 | 106.38 | 106.85 | 107.35 | 105.58 | 106.39 | 108.81 | 113.55 | 116.38 | 118.82 | 118.05 | 116.61 | 113.66 | 113.94 | 112.69 | 111.02 | 108.43 | 107.00 | 104.31 | 102.60 ||
	|| 099.70 | 103.76 | 096.90 | 099.92 | 103.62 | 094.87 | 095.71 | 097.72 | 098.35 | 095.16 | 097.31 | 092.57 | 093.19 | 093.62 | 098.87 | 094.81 | 098.04 | 103.31 | 102.40 | 102.23 ||
	|| 099.70 | 098.28 | 095.64 | 097.52 | 109.31 | 107.59 | 109.60 | 112.40 | 107.74 | 114.38 | 118.38 | 119.26 | 119.88 | 116.38 | 113.87 | 113.21 | 110.98 | 108.37 | 106.18 | 103.31 ||
	|| 099.70 | 098.58 | 091.53 | 091.41 | 089.68 | 097.15 | 100.48 | 093.55 | 097.02 | 090.66 | 081.51 | 086.60 | 084.02 | 092.66 | 105.26 | 109.08 | 106.66 | 102.13 | 101.85 | 102.15 ||
	|| 099.70 | 099.54 | 098.17 | 096.83 | 099.41 | 105.38 | 108.60 | 105.77 | 106.63 | 109.09 | 112.46 | 111.81 | 110.88 | 108.94 | 106.57 | 105.01 | 106.26 | 102.54 | 099.23 | 100.14 ||
	|| 099.70 | 097.71 | 095.37 | 107.48 | 106.46 | 114.74 | 116.57 | 113.23 | 111.07 | 114.34 | 107.13 | 106.29 | 109.44 | 108.42 | 108.70 | 106.11 | 113.13 | 110.76 | 108.26 | 104.19 ||
	|| 099.70 | 104.88 | 113.90 | 120.08 | 117.26 | 123.68 | 122.81 | 120.82 | 120.31 | 120.48 | 120.59 | 118.69 | 117.78 | 115.45 | 111.69 | 108.80 | 104.41 | 101.59 | 102.89 | 100.46 ||
	|| 099.70 | 097.78 | 100.63 | 102.34 | 104.18 | 100.15 | 103.07 | 111.55 | 117.28 | 112.30 | 112.13 | 109.75 | 115.44 | 111.36 | 110.99 | 105.67 | 106.76 | 100.51 | 101.53 | 101.54 ||
	|| 099.70 | 100.82 | 092.36 | 095.24 | 094.48 | 110.10 | 109.54 | 105.56 | 107.26 | 111.41 | 108.64 | 108.15 | 106.10 | 105.69 | 102.18 | 098.77 | 090.67 | 085.68 | 094.84 | 099.03 ||
	|| 099.70 | 099.08 | 101.65 | 098.75 | 103.38 | 102.68 | 109.90 | 113.28 | 111.52 | 111.36 | 110.74 | 112.96 | 110.14 | 109.06 | 110.05 | 112.06 | 109.34 | 105.14 | 102.00 | 100.31 ||
	|| 099.70 | 093.05 | 082.50 | 085.50 | 093.60 | 098.54 | 103.69 | 107.77 | 106.54 | 099.49 | 099.04 | 106.45 | 102.37 | 094.22 | 090.06 | 088.63 | 101.83 | 106.54 | 105.67 | 103.31 ||
	|| 099.70 | 092.46 | 094.02 | 098.53 | 086.88 | 077.96 | 072.49 | 076.94 | 072.82 | 076.81 | 080.83 | 081.05 | 090.29 | 098.52 | 100.31 | 108.22 | 108.22 | 106.12 | 104.85 | 102.98 ||
	|| 099.70 | 094.45 | 103.32 | 108.92 | 107.51 | 105.50 | 112.00 | 109.32 | 112.35 | 113.43 | 114.49 | 112.61 | 110.71 | 111.67 | 109.00 | 108.61 | 108.66 | 107.85 | 105.78 | 103.12 ||
	|| 099.70 | 102.28 | 110.41 | 115.84 | 114.59 | 109.28 | 114.27 | 109.43 | 106.00 | 112.28 | 117.64 | 122.27 | 121.78 | 119.69 | 117.30 | 115.06 | 112.24 | 109.58 | 106.45 | 103.03 ||
	|| 099.70 | 100.38 | 100.41 | 103.52 | 099.34 | 097.70 | 097.79 | 108.26 | 107.61 | 100.58 | 101.83 | 097.64 | 096.23 | 100.50 | 102.30 | 100.61 | 101.37 | 098.63 | 100.02 | 099.50 ||
	|| 099.70 | 096.07 | 105.57 | 103.17 | 098.44 | 092.61 | 092.02 | 086.76 | 104.49 | 102.76 | 103.43 | 091.74 | 103.65 | 107.03 | 106.21 | 109.00 | 109.80 | 109.32 | 106.41 | 103.25 ||
	|| 099.70 | 097.43 | 100.01 | 103.58 | 103.12 | 106.20 | 102.83 | 104.15 | 102.74 | 104.82 | 105.81 | 107.32 | 109.58 | 105.95 | 103.22 | 099.60 | 096.94 | 100.89 | 102.51 | 102.78 ||
	|| 099.70 | 103.77 | 109.45 | 112.18 | 113.97 | 112.69 | 107.06 | 110.49 | 106.96 | 110.21 | 105.26 | 105.69 | 107.53 | 108.59 | 106.62 | 101.32 | 108.20 | 108.34 | 105.82 | 102.99 ||
	|| 099.70 | 098.89 | 100.97 | 100.27 | 101.35 | 099.30 | 098.91 | 098.33 | 098.29 | 095.96 | 093.81 | 099.97 | 102.54 | 107.68 | 101.58 | 103.26 | 106.74 | 107.76 | 104.92 | 102.54 ||
	|| 099.70 | 102.13 | 093.93 | 096.02 | 106.44 | 111.36 | 109.07 | 101.48 | 101.98 | 102.37 | 109.10 | 099.96 | 099.34 | 093.91 | 090.32 | 088.56 | 101.33 | 106.84 | 105.51 | 103.25 ||
	|| 099.70 | 096.02 | 098.81 | 103.30 | 103.39 | 098.78 | 110.37 | 107.76 | 109.08 | 109.66 | 110.88 | 114.88 | 113.06 | 112.33 | 111.16 | 111.26 | 109.33 | 106.84 | 104.85 | 102.61 ||
	|| 099.70 | 098.71 | 104.56 | 112.82 | 115.78 | 113.93 | 112.78 | 105.36 | 105.81 | 102.23 | 101.64 | 099.05 | 100.80 | 110.98 | 109.73 | 110.11 | 106.79 | 106.66 | 104.19 | 102.46 ||
	|| 099.70 | 099.64 | 099.80 | 094.56 | 096.31 | 099.04 | 103.16 | 102.38 | 111.39 | 110.57 | 104.01 | 103.07 | 102.94 | 100.64 | 100.36 | 102.36 | 103.94 | 102.73 | 102.54 | 100.84 ||
	|| 099.70 | 107.12 | 101.00 | 103.06 | 103.82 | 107.02 | 116.00 | 112.65 | 119.80 | 119.74 | 120.67 | 121.65 | 119.60 | 117.34 | 114.74 | 112.50 | 111.78 | 109.56 | 106.49 | 103.34 ||
	|| 099.70 | 102.23 | 108.80 | 109.63 | 101.61 | 100.97 | 105.38 | 106.17 | 103.34 | 103.55 | 101.46 | 108.61 | 111.16 | 108.19 | 111.23 | 110.48 | 110.43 | 108.66 | 105.85 | 102.92 ||
	|| 099.70 | 100.82 | 102.40 | 101.20 | 102.50 | 105.22 | 103.68 | 108.81 | 109.63 | 107.77 | 108.84 | 113.89 | 111.88 | 111.71 | 109.36 | 111.40 | 108.81 | 106.46 | 106.19 | 103.58 ||
	|| 099.70 | 094.99 | 093.55 | 090.33 | 096.40 | 087.76 | 088.74 | 088.39 | 094.19 | 106.75 | 103.05 | 109.12 | 111.45 | 105.86 | 101.61 | 102.87 | 103.85 | 103.83 | 103.68 | 101.86 ||
	||-----------------------------------------------------------------------------------------------------------------------------------------------------------------------------------||


	|-----------------------------------------------------------------|
	|    Copyright (C) 2011-2019 (DRIP, DROP)
	|-----------------------------------------------------------------|
	|    Build Version  => 4.19.0 multi mode
	|    Build JVM (TM) => 1.8.0_112
	|    Build Snap     => Thu Jul 04 22:11:11 EST 2019
	|    Start Time     => Fri Aug 23 18:14:22 EDT 2019
	|    Setup Time     => Fri Aug 23 18:14:22 EDT 2019
	|    Finish Time    => Fri Aug 23 18:14:23 EDT 2019
	|    Setup Duration => 0 ms
	|    Run Duration   => 664 ms
	|-----------------------------------------------------------------|


	|-----------------------------------------------------------------|
	|    Copyright (C) 2011-2019 (DRIP, DROP)
	|-----------------------------------------------------------------|
	|    Build Version  => 4.19.0 multi mode
	|    Build JVM (TM) => 1.8.0_112
	|    Build Snap     => Thu Jul 04 22:11:11 EST 2019
	|    Start Time     => Fri Aug 23 18:14:23 EDT 2019
	|    Setup Time     => Fri Aug 23 18:14:23 EDT 2019
	|    Setup Duration => 0 ms
	|-----------------------------------------------------------------|


	||------------------------------------------------------------------------------------------------------------------------------------------------------------------------||
	|| TENOR  |   01Y   |   02Y   |   03Y   |   05Y   |   07Y   |   10Y   |   20Y   |   30Y   |   01Y   |   02Y   |   03Y   |   05Y   |   07Y   |   10Y   |   20Y   |   30Y   ||
	||------------------------------------------------------------------------------------------------------------------------------------------------------------------------||
	||  000 =>   0.835% |  1.630% |  2.061% |  2.714% |  3.299% |  3.227% |  4.293% |  5.297% |  0.830% |  1.220% |  1.490% |  1.930% |  2.270% |  2.480% |  2.800% |  3.080% ||
	||  001 =>   0.835% |  1.630% |  2.061% |  2.714% |  3.299% |  3.227% |  4.293% |  5.297% |  0.835% |  1.233% |  1.508% |  1.989% |  2.363% |  2.622% |  3.456% |  4.067% ||
	||  001 =>   0.835% |  1.630% |  2.061% |  2.714% |  3.299% |  3.227% |  4.293% |  5.297% |  0.835% |  1.233% |  1.508% |  1.989% |  2.363% |  2.622% |  3.456% |  4.067% ||
	||  001 =>   0.835% |  1.630% |  2.061% |  2.714% |  3.299% |  3.227% |  4.293% |  5.297% |  0.835% |  1.233% |  1.508% |  1.989% |  2.363% |  2.622% |  3.456% |  4.067% ||
	||  001 =>   0.835% |  1.630% |  2.061% |  2.714% |  3.299% |  3.227% |  4.293% |  5.297% |  0.835% |  1.233% |  1.508% |  1.989% |  2.363% |  2.622% |  3.456% |  4.067% ||
	||  001 =>   0.835% |  1.630% |  2.061% |  2.714% |  3.299% |  3.227% |  4.293% |  5.297% |  0.835% |  1.233% |  1.508% |  1.989% |  2.363% |  2.622% |  3.456% |  4.067% ||
	||  001 =>   0.835% |  1.630% |  2.061% |  2.714% |  3.299% |  3.227% |  4.293% |  5.297% |  0.835% |  1.233% |  1.508% |  1.989% |  2.363% |  2.622% |  3.456% |  4.067% ||
	||  001 =>   0.835% |  1.630% |  2.061% |  2.714% |  3.299% |  3.227% |  4.293% |  5.297% |  0.835% |  1.233% |  1.508% |  1.989% |  2.363% |  2.622% |  3.456% |  4.067% ||
	||  001 =>   0.835% |  1.630% |  2.061% |  2.714% |  3.299% |  3.227% |  4.293% |  5.297% |  0.835% |  1.233% |  1.508% |  1.989% |  2.363% |  2.622% |  3.456% |  4.067% ||
	||  001 =>   0.835% |  1.630% |  2.061% |  2.714% |  3.299% |  3.227% |  4.293% |  5.297% |  0.835% |  1.233% |  1.508% |  1.989% |  2.363% |  2.622% |  3.456% |  4.067% ||
	||  001 =>   0.835% |  1.630% |  2.061% |  2.714% |  3.299% |  3.227% |  4.293% |  5.297% |  0.835% |  1.233% |  1.508% |  1.989% |  2.363% |  2.622% |  3.456% |  4.067% ||
	||  001 =>   0.835% |  1.630% |  2.061% |  2.714% |  3.299% |  3.227% |  4.293% |  5.297% |  0.835% |  1.233% |  1.508% |  1.989% |  2.363% |  2.622% |  3.456% |  4.067% ||
	||  001 =>   0.835% |  1.630% |  2.061% |  2.714% |  3.299% |  3.227% |  4.293% |  5.297% |  0.835% |  1.233% |  1.508% |  1.989% |  2.363% |  2.622% |  3.456% |  4.067% ||
	||  001 =>   0.835% |  1.630% |  2.061% |  2.714% |  3.299% |  3.227% |  4.293% |  5.297% |  0.835% |  1.233% |  1.508% |  1.989% |  2.363% |  2.622% |  3.456% |  4.067% ||
	||  001 =>   0.835% |  1.630% |  2.061% |  2.714% |  3.299% |  3.227% |  4.293% |  5.297% |  0.835% |  1.233% |  1.508% |  1.989% |  2.363% |  2.622% |  3.456% |  4.067% ||
	||  001 =>   0.835% |  1.630% |  2.061% |  2.714% |  3.299% |  3.227% |  4.293% |  5.297% |  0.835% |  1.233% |  1.508% |  1.989% |  2.363% |  2.622% |  3.456% |  4.067% ||
	||  001 =>   0.835% |  1.630% |  2.061% |  2.714% |  3.299% |  3.227% |  4.293% |  5.297% |  0.835% |  1.233% |  1.508% |  1.989% |  2.363% |  2.622% |  3.456% |  4.067% ||
	||  001 =>   0.835% |  1.630% |  2.061% |  2.714% |  3.299% |  3.227% |  4.293% |  5.297% |  0.835% |  1.233% |  1.508% |  1.989% |  2.363% |  2.622% |  3.456% |  4.067% ||
	||  001 =>   0.835% |  1.630% |  2.061% |  2.714% |  3.299% |  3.227% |  4.293% |  5.297% |  0.835% |  1.233% |  1.508% |  1.989% |  2.363% |  2.622% |  3.456% |  4.067% ||
	||  001 =>   0.835% |  1.630% |  2.061% |  2.714% |  3.299% |  3.227% |  4.293% |  5.297% |  0.835% |  1.233% |  1.508% |  1.989% |  2.363% |  2.622% |  3.456% |  4.067% ||
	||  001 =>   0.835% |  1.630% |  2.061% |  2.714% |  3.299% |  3.227% |  4.293% |  5.297% |  0.835% |  1.233% |  1.508% |  1.989% |  2.363% |  2.622% |  3.456% |  4.067% ||
	||  001 =>   0.835% |  1.630% |  2.061% |  2.714% |  3.299% |  3.227% |  4.293% |  5.297% |  0.835% |  1.233% |  1.508% |  1.989% |  2.363% |  2.622% |  3.456% |  4.067% ||
	||  001 =>   0.835% |  1.630% |  2.061% |  2.714% |  3.299% |  3.227% |  4.293% |  5.297% |  0.835% |  1.233% |  1.508% |  1.989% |  2.363% |  2.622% |  3.456% |  4.067% ||
	||  001 =>   0.835% |  1.630% |  2.061% |  2.714% |  3.299% |  3.227% |  4.293% |  5.297% |  0.835% |  1.233% |  1.508% |  1.989% |  2.363% |  2.622% |  3.456% |  4.067% ||
	||  001 =>   0.835% |  1.630% |  2.061% |  2.714% |  3.299% |  3.227% |  4.293% |  5.297% |  0.835% |  1.233% |  1.508% |  1.989% |  2.363% |  2.622% |  3.456% |  4.067% ||
	||  001 =>   0.835% |  1.630% |  2.061% |  2.714% |  3.299% |  3.227% |  4.293% |  5.297% |  0.835% |  1.233% |  1.508% |  1.989% |  2.363% |  2.622% |  3.456% |  4.067% ||
	||  001 =>   0.835% |  1.630% |  2.061% |  2.714% |  3.299% |  3.227% |  4.293% |  5.297% |  0.835% |  1.233% |  1.508% |  1.989% |  2.363% |  2.622% |  3.456% |  4.067% ||
	||  001 =>   0.835% |  1.630% |  2.061% |  2.714% |  3.299% |  3.227% |  4.293% |  5.297% |  0.835% |  1.233% |  1.508% |  1.989% |  2.363% |  2.622% |  3.456% |  4.067% ||
	||  001 =>   0.835% |  1.630% |  2.061% |  2.714% |  3.299% |  3.227% |  4.293% |  5.297% |  0.835% |  1.233% |  1.508% |  1.989% |  2.363% |  2.622% |  3.456% |  4.067% ||
	||  001 =>   0.835% |  1.630% |  2.061% |  2.714% |  3.299% |  3.227% |  4.293% |  5.297% |  0.835% |  1.233% |  1.508% |  1.989% |  2.363% |  2.622% |  3.456% |  4.067% ||
	||  001 =>   0.835% |  1.630% |  2.061% |  2.714% |  3.299% |  3.227% |  4.293% |  5.297% |  0.835% |  1.233% |  1.508% |  1.989% |  2.363% |  2.622% |  3.456% |  4.067% ||
	||  001 =>   0.835% |  1.630% |  2.061% |  2.714% |  3.299% |  3.227% |  4.293% |  5.297% |  0.835% |  1.233% |  1.508% |  1.989% |  2.363% |  2.622% |  3.456% |  4.067% ||
	||  001 =>   0.835% |  1.630% |  2.061% |  2.714% |  3.299% |  3.227% |  4.293% |  5.297% |  0.835% |  1.233% |  1.508% |  1.989% |  2.363% |  2.622% |  3.456% |  4.067% ||
	||  001 =>   0.835% |  1.630% |  2.061% |  2.714% |  3.299% |  3.227% |  4.293% |  5.297% |  0.835% |  1.233% |  1.508% |  1.989% |  2.363% |  2.622% |  3.456% |  4.067% ||
	||  001 =>   0.835% |  1.630% |  2.061% |  2.714% |  3.299% |  3.227% |  4.293% |  5.297% |  0.835% |  1.233% |  1.508% |  1.989% |  2.363% |  2.622% |  3.456% |  4.067% ||
	||  001 =>   0.835% |  1.630% |  2.061% |  2.714% |  3.299% |  3.227% |  4.293% |  5.297% |  0.835% |  1.233% |  1.508% |  1.989% |  2.363% |  2.622% |  3.456% |  4.067% ||
	||  001 =>   0.835% |  1.630% |  2.061% |  2.714% |  3.299% |  3.227% |  4.293% |  5.297% |  0.835% |  1.233% |  1.508% |  1.989% |  2.363% |  2.622% |  3.456% |  4.067% ||
	||  001 =>   0.835% |  1.630% |  2.061% |  2.714% |  3.299% |  3.227% |  4.293% |  5.297% |  0.835% |  1.233% |  1.508% |  1.989% |  2.363% |  2.622% |  3.456% |  4.067% ||
	||  001 =>   0.835% |  1.630% |  2.061% |  2.714% |  3.299% |  3.227% |  4.293% |  5.297% |  0.835% |  1.233% |  1.508% |  1.989% |  2.363% |  2.622% |  3.456% |  4.067% ||
	||  001 =>   0.835% |  1.630% |  2.061% |  2.714% |  3.299% |  3.227% |  4.293% |  5.297% |  0.835% |  1.233% |  1.508% |  1.989% |  2.363% |  2.622% |  3.456% |  4.067% ||
	||  001 =>   0.835% |  1.630% |  2.061% |  2.714% |  3.299% |  3.227% |  4.293% |  5.297% |  0.835% |  1.233% |  1.508% |  1.989% |  2.363% |  2.622% |  3.456% |  4.067% ||
	||  001 =>   0.835% |  1.630% |  2.061% |  2.714% |  3.299% |  3.227% |  4.293% |  5.297% |  0.835% |  1.233% |  1.508% |  1.989% |  2.363% |  2.622% |  3.456% |  4.067% ||
	||  001 =>   0.835% |  1.630% |  2.061% |  2.714% |  3.299% |  3.227% |  4.293% |  5.297% |  0.835% |  1.233% |  1.508% |  1.989% |  2.363% |  2.622% |  3.456% |  4.067% ||
	||  001 =>   0.835% |  1.630% |  2.061% |  2.714% |  3.299% |  3.227% |  4.293% |  5.297% |  0.835% |  1.233% |  1.508% |  1.989% |  2.363% |  2.622% |  3.456% |  4.067% ||
	||  001 =>   0.835% |  1.630% |  2.061% |  2.714% |  3.299% |  3.227% |  4.293% |  5.297% |  0.835% |  1.233% |  1.508% |  1.989% |  2.363% |  2.622% |  3.456% |  4.067% ||
	||  001 =>   0.835% |  1.630% |  2.061% |  2.714% |  3.299% |  3.227% |  4.293% |  5.297% |  0.835% |  1.233% |  1.508% |  1.989% |  2.363% |  2.622% |  3.456% |  4.067% ||
	||  001 =>   0.835% |  1.630% |  2.061% |  2.714% |  3.299% |  3.227% |  4.293% |  5.297% |  0.835% |  1.233% |  1.508% |  1.989% |  2.363% |  2.622% |  3.456% |  4.067% ||
	||  001 =>   0.835% |  1.630% |  2.061% |  2.714% |  3.299% |  3.227% |  4.293% |  5.297% |  0.835% |  1.233% |  1.508% |  1.989% |  2.363% |  2.622% |  3.456% |  4.067% ||
	||  001 =>   0.835% |  1.630% |  2.061% |  2.714% |  3.299% |  3.227% |  4.293% |  5.297% |  0.835% |  1.233% |  1.508% |  1.989% |  2.363% |  2.622% |  3.456% |  4.067% ||
	||  001 =>   0.835% |  1.630% |  2.061% |  2.714% |  3.299% |  3.227% |  4.293% |  5.297% |  0.835% |  1.233% |  1.508% |  1.989% |  2.363% |  2.622% |  3.456% |  4.067% ||
	||  001 =>   0.835% |  1.630% |  2.061% |  2.714% |  3.299% |  3.227% |  4.293% |  5.297% |  0.835% |  1.233% |  1.508% |  1.989% |  2.363% |  2.622% |  3.456% |  4.067% ||
	||------------------------------------------------------------------------------------------------------------------------------------------------------------------------||


	|-----------------------------------------------------------------|
	|    Copyright (C) 2011-2019 (DRIP, DROP)
	|-----------------------------------------------------------------|
	|    Build Version  => 4.19.0 multi mode
	|    Build JVM (TM) => 1.8.0_112
	|    Build Snap     => Thu Jul 04 22:11:11 EST 2019
	|    Start Time     => Fri Aug 23 18:14:23 EDT 2019
	|    Setup Time     => Fri Aug 23 18:14:23 EDT 2019
	|    Finish Time    => Fri Aug 23 18:14:23 EDT 2019
	|    Setup Duration => 0 ms
	|    Run Duration   => 8 ms
	|-----------------------------------------------------------------|


	|-----------------------------------------------------------------|
	|    Copyright (C) 2011-2019 (DRIP, DROP)
	|-----------------------------------------------------------------|
	|    Build Version  => 4.19.0 multi mode
	|    Build JVM (TM) => 1.8.0_112
	|    Build Snap     => Thu Jul 04 22:11:11 EST 2019
	|    Start Time     => Fri Aug 23 18:14:23 EDT 2019
	|    Setup Time     => Fri Aug 23 18:14:23 EDT 2019
	|    Setup Duration => 0 ms
	|-----------------------------------------------------------------|

	[ 000] =>  0.830% | 1.220% | 1.490% | 1.930% | 2.270% | 2.480% | 2.800% | 3.080% ||
	[ 001] =>  0.798% | 1.173% | 1.432% | 1.855% | 2.182% | 2.384% | 2.691% | 2.960% ||
	[ 002] =>  0.767% | 1.127% | 1.377% | 1.783% | 2.098% | 2.292% | 2.587% | 2.846% ||
	[ 003] =>  0.822% | 1.208% | 1.475% | 1.910% | 2.247% | 2.455% | 2.772% | 3.049% ||
	[ 004] =>  0.747% | 1.098% | 1.340% | 1.736% | 2.042% | 2.231% | 2.519% | 2.771% ||
	[ 005] =>  0.806% | 1.185% | 1.448% | 1.875% | 2.205% | 2.409% | 2.720% | 2.992% ||
	[ 006] =>  0.883% | 1.298% | 1.585% | 2.053% | 2.415% | 2.638% | 2.979% | 3.277% ||
	[ 007] =>  0.866% | 1.273% | 1.555% | 2.014% | 2.369% | 2.588% | 2.922% | 3.214% ||
	[ 008] =>  0.904% | 1.328% | 1.622% | 2.101% | 2.472% | 2.700% | 3.049% | 3.353% ||
	[ 009] =>  0.806% | 1.185% | 1.447% | 1.874% | 2.204% | 2.408% | 2.719% | 2.990% ||
	[ 010] =>  0.973% | 1.429% | 1.746% | 2.261% | 2.660% | 2.906% | 3.281% | 3.609% ||
	[ 011] =>  0.774% | 1.137% | 1.389% | 1.799% | 2.116% | 2.311% | 2.609% | 2.870% ||
	[ 012] =>  0.746% | 1.096% | 1.339% | 1.734% | 2.039% | 2.228% | 2.516% | 2.767% ||
	[ 013] =>  0.807% | 1.187% | 1.449% | 1.877% | 2.208% | 2.412% | 2.724% | 2.996% ||
	[ 014] =>  0.910% | 1.338% | 1.634% | 2.117% | 2.490% | 2.720% | 3.071% | 3.378% ||
	[ 015] =>  1.030% | 1.514% | 1.850% | 2.396% | 2.818% | 3.078% | 3.476% | 3.823% ||
	[ 016] =>  0.792% | 1.164% | 1.422% | 1.842% | 2.167% | 2.367% | 2.672% | 2.940% ||
	[ 017] =>  0.704% | 1.035% | 1.265% | 1.638% | 1.927% | 2.105% | 2.376% | 2.614% ||
	[ 018] =>  0.732% | 1.076% | 1.315% | 1.703% | 2.003% | 2.188% | 2.470% | 2.717% ||
	[ 019] =>  0.885% | 1.301% | 1.589% | 2.058% | 2.420% | 2.644% | 2.985% | 3.284% ||
	[ 020] =>  0.826% | 1.214% | 1.483% | 1.921% | 2.259% | 2.468% | 2.786% | 3.065% ||
	[ 021] =>  0.826% | 1.215% | 1.483% | 1.922% | 2.260% | 2.469% | 2.788% | 3.067% ||
	[ 022] =>  0.845% | 1.242% | 1.517% | 1.965% | 2.312% | 2.525% | 2.851% | 3.136% ||
	[ 023] =>  0.870% | 1.279% | 1.562% | 2.023% | 2.380% | 2.600% | 2.936% | 3.229% ||
	[ 024] =>  0.855% | 1.257% | 1.535% | 1.988% | 2.338% | 2.555% | 2.884% | 3.173% ||
	[ 025] =>  0.880% | 1.294% | 1.580% | 2.046% | 2.407% | 2.629% | 2.969% | 3.266% ||
	[ 026] =>  0.685% | 1.007% | 1.230% | 1.593% | 1.874% | 2.047% | 2.311% | 2.542% ||
	[ 027] =>  0.841% | 1.236% | 1.510% | 1.956% | 2.301% | 2.513% | 2.838% | 3.121% ||
	[ 028] =>  0.958% | 1.408% | 1.720% | 2.228% | 2.621% | 2.863% | 3.232% | 3.556% ||
	[ 029] =>  0.868% | 1.275% | 1.557% | 2.017% | 2.373% | 2.592% | 2.927% | 3.219% ||
	[ 030] =>  0.898% | 1.320% | 1.612% | 2.087% | 2.455% | 2.682% | 3.028% | 3.331% ||
	[ 031] =>  0.865% | 1.271% | 1.553% | 2.011% | 2.366% | 2.584% | 2.918% | 3.210% ||
	[ 032] =>  0.760% | 1.118% | 1.365% | 1.768% | 2.080% | 2.272% | 2.565% | 2.822% ||
	[ 033] =>  0.826% | 1.214% | 1.483% | 1.921% | 2.259% | 2.468% | 2.787% | 3.065% ||
	[ 034] =>  0.965% | 1.418% | 1.732% | 2.243% | 2.638% | 2.882% | 3.254% | 3.579% ||
	[ 035] =>  0.881% | 1.295% | 1.581% | 2.048% | 2.409% | 2.632% | 2.972% | 3.269% ||
	[ 036] =>  0.784% | 1.152% | 1.407% | 1.823% | 2.144% | 2.342% | 2.645% | 2.909% ||
	[ 037] =>  0.940% | 1.381% | 1.687% | 2.185% | 2.570% | 2.808% | 3.170% | 3.488% ||
	[ 038] =>  0.763% | 1.121% | 1.369% | 1.773% | 2.085% | 2.278% | 2.572% | 2.830% ||
	[ 039] =>  0.972% | 1.429% | 1.745% | 2.261% | 2.659% | 2.905% | 3.280% | 3.608% ||
	[ 040] =>  0.818% | 1.202% | 1.468% | 1.902% | 2.237% | 2.444% | 2.759% | 3.035% ||
	[ 041] =>  0.542% | 0.797% | 0.973% | 1.261% | 1.483% | 1.620% | 1.829% | 2.012% ||
	[ 042] =>  0.814% | 1.197% | 1.462% | 1.894% | 2.227% | 2.433% | 2.747% | 3.022% ||
	[ 043] =>  0.800% | 1.176% | 1.436% | 1.860% | 2.188% | 2.390% | 2.698% | 2.968% ||
	[ 044] =>  0.754% | 1.108% | 1.353% | 1.753% | 2.062% | 2.253% | 2.543% | 2.798% ||
	[ 045] =>  0.856% | 1.258% | 1.536% | 1.990% | 2.340% | 2.557% | 2.886% | 3.175% ||
	[ 046] =>  0.870% | 1.278% | 1.561% | 2.022% | 2.378% | 2.598% | 2.933% | 3.227% ||
	[ 047] =>  0.608% | 0.894% | 1.092% | 1.414% | 1.664% | 1.817% | 2.052% | 2.257% ||
	[ 048] =>  0.678% | 0.997% | 1.217% | 1.577% | 1.854% | 2.026% | 2.287% | 2.516% ||
	[ 049] =>  0.987% | 1.451% | 1.772% | 2.296% | 2.700% | 2.950% | 3.330% | 3.663% ||
	[ 050] =>  0.876% | 1.288% | 1.573% | 2.038% | 2.397% | 2.619% | 2.957% | 3.252% ||

	|-----------------------------------------------------------------|
	|    Copyright (C) 2011-2019 (DRIP, DROP)
	|-----------------------------------------------------------------|
	|    Build Version  => 4.19.0 multi mode
	|    Build JVM (TM) => 1.8.0_112
	|    Build Snap     => Thu Jul 04 22:11:11 EST 2019
	|    Start Time     => Fri Aug 23 18:14:23 EDT 2019
	|    Setup Time     => Fri Aug 23 18:14:23 EDT 2019
	|    Finish Time    => Fri Aug 23 18:14:23 EDT 2019
	|    Setup Duration => 0 ms
	|    Run Duration   => 20 ms
	|-----------------------------------------------------------------|

]]></system-out>
  <system-err><![CDATA[]]></system-err>
</testsuite>
