<?xml version="1.0" encoding="UTF-8"?>
<testsuite name="org.drip.coverage.quant.Matrix" tests="1" skipped="0" failures="0" errors="0" timestamp="2018-11-03T03:28:05" hostname="LAPTOP-2MU6A8KE" time="0.248">
  <properties/>
  <testcase name="codeCoverageTest" classname="org.drip.coverage.quant.Matrix" time="0.248"/>
  <system-out><![CDATA[
	|-----------------------------------------------------------------|
	|    Copyright (C) 2011-2018 (DRIP)
	|-----------------------------------------------------------------|
	|    Build Version  => 3.86.0 multi mode
	|    Build JVM (TM) => 1.8.0_112
	|    Build Snap     => Fri Nov 02 21:22:20 EST 2018
	|    Start Time     => Fri Nov 02 23:28:05 EDT 2018
	|    Setup Time     => Fri Nov 02 23:28:05 EDT 2018
	|    Setup Duration => 0 ms
	|-----------------------------------------------------------------|


	------------------------------------------------------------------------------------------------------
		SOURCE[0][0] =  1.000000  |  CHOLESKY[0][0] =  1.000000  |  ORIGINAL[0][0] =  1.000000
		SOURCE[0][1] =  0.300000  |  CHOLESKY[0][1] =  0.000000  |  ORIGINAL[0][1] =  0.300000
		SOURCE[0][2] =  0.000000  |  CHOLESKY[0][2] =  0.000000  |  ORIGINAL[0][2] =  0.000000
		SOURCE[1][0] =  0.300000  |  CHOLESKY[1][0] =  0.300000  |  ORIGINAL[1][0] =  0.300000
		SOURCE[1][1] =  1.000000  |  CHOLESKY[1][1] =  0.953939  |  ORIGINAL[1][1] =  1.000000
		SOURCE[1][2] =  0.100000  |  CHOLESKY[1][2] =  0.000000  |  ORIGINAL[1][2] =  0.100000
		SOURCE[2][0] =  0.000000  |  CHOLESKY[2][0] =  0.000000  |  ORIGINAL[2][0] =  0.000000
		SOURCE[2][1] =  0.100000  |  CHOLESKY[2][1] =  0.104828  |  ORIGINAL[2][1] =  0.100000
		SOURCE[2][2] =  1.000000  |  CHOLESKY[2][2] =  0.994490  |  ORIGINAL[2][2] =  1.000000
	------------------------------------------------------------------------------------------------------

	|-----------------------------------------------------------------|
	|    Copyright (C) 2011-2018 (DRIP)
	|-----------------------------------------------------------------|
	|    Build Version  => 3.86.0 multi mode
	|    Build JVM (TM) => 1.8.0_112
	|    Build Snap     => Fri Nov 02 21:22:20 EST 2018
	|    Start Time     => Fri Nov 02 23:28:05 EDT 2018
	|    Setup Time     => Fri Nov 02 23:28:05 EDT 2018
	|    Setup Duration => 0 ms
	|-----------------------------------------------------------------|


	|----------------------------------------|
	|----------- 0.3370 |||  0.0255 ---------|
	|----------------------------------------|
	[ 0.6620] =>  0.7051 | -0.7071 |  0.0533 | 
	[ 1.0000] =>  0.0754 |  0.0000 | -0.9972 | 
	[ 1.3380] =>  0.7051 |  0.7071 |  0.0534 | 
	[ 1.3380] =>  0.7051 |  0.7071 |  0.0534 | 
	|----------------------------------------|

	|----------------------------------------|
	|----------- 0.3344 |||  0.3227 ---------|
	|----------------------------------------|
	[ 0.5353] =>  0.5088 | -0.7071 |  0.4910 | 
	[ 1.0000] =>  0.6944 |  0.0000 | -0.7196 | 
	[ 1.4647] =>  0.5088 |  0.7071 |  0.4910 | 
	[ 1.4647] =>  0.5088 |  0.7071 |  0.4910 | 
	|----------------------------------------|

	|----------------------------------------|
	|----------- 0.2120 |||  0.2181 ---------|
	|----------------------------------------|
	[ 0.6959] =>  0.4929 | -0.7071 |  0.5070 | 
	[ 1.0000] =>  0.7170 |  0.0000 | -0.6971 | 
	[ 1.3041] =>  0.4929 |  0.7071 |  0.5070 | 
	[ 1.3041] =>  0.4929 |  0.7071 |  0.5070 | 
	|----------------------------------------|

	|----------------------------------------|
	|----------- 0.1283 |||  0.3979 ---------|
	|----------------------------------------|
	[ 0.5819] =>  0.2169 | -0.7071 |  0.6730 | 
	[ 1.0000] =>  0.9518 |  0.0000 | -0.3067 | 
	[ 1.4181] =>  0.2169 |  0.7071 |  0.6730 | 
	[ 1.4181] =>  0.2169 |  0.7071 |  0.6730 | 
	|----------------------------------------|

	|----------------------------------------|
	|----------- 0.2822 |||  0.1243 ---------|
	|----------------------------------------|
	[ 0.6917] =>  0.6471 | -0.7071 |  0.2851 | 
	[ 1.0000] =>  0.4032 |  0.0000 | -0.9151 | 
	[ 1.3083] =>  0.6471 |  0.7071 |  0.2851 | 
	[ 1.3083] =>  0.6471 |  0.7071 |  0.2851 | 
	|----------------------------------------|

	|----------------------------------------|
	|----------- 0.1480 |||  0.2804 ---------|
	|----------------------------------------|
	[ 0.6829] =>  0.3301 | -0.7071 |  0.6254 | 
	[ 1.0000] =>  0.8844 |  0.0000 | -0.4668 | 
	[ 1.3171] =>  0.3300 |  0.7071 |  0.6254 | 
	[ 1.3171] =>  0.3300 |  0.7071 |  0.6254 | 
	|----------------------------------------|

	|----------------------------------------|
	|----------- 0.2399 |||  0.0859 ---------|
	|----------------------------------------|
	[ 0.7452] =>  0.6657 | -0.7071 |  0.2383 | 
	[ 1.0000] =>  0.3370 |  0.0000 | -0.9415 | 
	[ 1.2548] =>  0.6657 |  0.7071 |  0.2383 | 
	[ 1.2548] =>  0.6657 |  0.7071 |  0.2383 | 
	|----------------------------------------|

	|-----------------------------------------------------------------|
	|    Copyright (C) 2011-2018 (DRIP)
	|-----------------------------------------------------------------|
	|    Build Version  => 3.86.0 multi mode
	|    Build JVM (TM) => 1.8.0_112
	|    Build Snap     => Fri Nov 02 21:22:20 EST 2018
	|    Start Time     => Fri Nov 02 23:28:05 EDT 2018
	|    Setup Time     => Fri Nov 02 23:28:05 EDT 2018
	|    Setup Duration => 0 ms
	|-----------------------------------------------------------------|

ORTHOGONAL =>  3.000000 | 1.000000 | 4.000000 | 9.000000 |
ORTHOGONAL =>  1.102804 | 1.700935 | 4.803738 |-2.691589 |
ORTHOGONAL => -1.408252 | 6.590662 |-1.727470 | 0.504886 |
ORTHOGONAL =>  3.857057 | 0.497043 |-1.451367 |-0.695861 |
ORTHOGONAL TEST:  0.0
ORTHONORMAL =>  0.290021 | 0.096674 | 0.386695 | 0.870063 |
ORTHONORMAL =>  0.187945 | 0.289881 | 0.818675 |-0.458713 |
ORTHONORMAL => -0.201882 | 0.944816 |-0.247644 | 0.072379 |
ORTHONORMAL =>  0.916410 | 0.118094 |-0.344835 |-0.165332 |
ORTHONORMAL TEST:  0.0
--- TESTS FOR #A---
---------------------------------
	SOURCE#A[0][0] =  1.000000  |  INVERSE#A[0][0] =  98.333333  |  PRODUCT#A[0][0] =  1.000000
	SOURCE#A[0][1] =  2.000000  |  INVERSE#A[0][1] = -199.333333  |  PRODUCT#A[0][1] =  0.000000
	SOURCE#A[0][2] =  3.000000  |  INVERSE#A[0][2] =  100.000000  |  PRODUCT#A[0][2] =  0.000000
	SOURCE#A[1][0] =  4.000000  |  INVERSE#A[1][0] = -198.666667  |  PRODUCT#A[1][0] =  0.000000
	SOURCE#A[1][1] =  5.000000  |  INVERSE#A[1][1] =  399.666667  |  PRODUCT#A[1][1] =  1.000000
	SOURCE#A[1][2] =  6.000000  |  INVERSE#A[1][2] = -200.000000  |  PRODUCT#A[1][2] =  0.000000
	SOURCE#A[2][0] =  7.000000  |  INVERSE#A[2][0] =  100.000000  |  PRODUCT#A[2][0] = -0.000000
	SOURCE#A[2][1] =  8.000000  |  INVERSE#A[2][1] = -200.000000  |  PRODUCT#A[2][1] =  0.000000
	SOURCE#A[2][2] =  9.010000  |  INVERSE#A[2][2] =  100.000000  |  PRODUCT#A[2][2] =  1.000000
---------------------------------


--- TESTS FOR #B---
---------------------------------
	SOURCE#B[0][0] =  0.166700  |  INVERSE#B[0][0] =  5.998800  |  PRODUCT#B[0][0] =  1.000000
	SOURCE#B[0][1] =  0.000000  |  INVERSE#B[0][1] =  0.000000  |  PRODUCT#B[0][1] =  0.000000
	SOURCE#B[0][2] =  0.000000  |  INVERSE#B[0][2] =  0.000000  |  PRODUCT#B[0][2] =  0.000000
	SOURCE#B[0][3] =  0.000000  |  INVERSE#B[0][3] =  0.000000  |  PRODUCT#B[0][3] =  0.000000
	SOURCE#B[1][0] =  0.000000  |  INVERSE#B[1][0] =  7.998800  |  PRODUCT#B[1][0] =  0.000000
	SOURCE#B[1][1] =  0.000000  |  INVERSE#B[1][1] =  0.000000  |  PRODUCT#B[1][1] =  1.000000
	SOURCE#B[1][2] =  0.000000  |  INVERSE#B[1][2] =  2.000000  |  PRODUCT#B[1][2] =  0.000000
	SOURCE#B[1][3] =  0.166700  |  INVERSE#B[1][3] =  0.000000  |  PRODUCT#B[1][3] =  0.000000
	SOURCE#B[2][0] = -0.666700  |  INVERSE#B[2][0] =  7.999400  |  PRODUCT#B[2][0] = -0.000000
	SOURCE#B[2][1] =  0.500000  |  INVERSE#B[2][1] =  0.000000  |  PRODUCT#B[2][1] =  0.000000
	SOURCE#B[2][2] =  0.000000  |  INVERSE#B[2][2] =  6.000000  |  PRODUCT#B[2][2] =  1.000000
	SOURCE#B[2][3] =  0.000000  |  INVERSE#B[2][3] =  1.000000  |  PRODUCT#B[2][3] =  0.000000
	SOURCE#B[3][0] =  2.666700  |  INVERSE#B[3][0] =  0.000000  |  PRODUCT#B[3][0] =  0.000000
	SOURCE#B[3][1] = -3.000000  |  INVERSE#B[3][1] =  5.998800  |  PRODUCT#B[3][1] =  0.000000
	SOURCE#B[3][2] =  1.000000  |  INVERSE#B[3][2] =  0.000000  |  PRODUCT#B[3][2] =  0.000000
	SOURCE#B[3][3] =  0.000000  |  INVERSE#B[3][3] =  0.000000  |  PRODUCT#B[3][3] =  1.000000
---------------------------------


--- TESTS FOR #C---
---------------------------------
	SOURCE#C[0][0] =  1.000000  |  INVERSE#C[0][0] =  1.000000  |  PRODUCT#C[0][0] =  1.000000
	SOURCE#C[0][1] =  0.000000  |  INVERSE#C[0][1] =  0.000000  |  PRODUCT#C[0][1] =  0.000000
	SOURCE#C[0][2] =  0.000000  |  INVERSE#C[0][2] =  0.000000  |  PRODUCT#C[0][2] =  0.000000
	SOURCE#C[0][3] =  0.000000  |  INVERSE#C[0][3] =  0.000000  |  PRODUCT#C[0][3] =  0.000000
	SOURCE#C[1][0] =  1.000000  |  INVERSE#C[1][0] =  0.000000  |  PRODUCT#C[1][0] =  0.000000
	SOURCE#C[1][1] =  1.000000  |  INVERSE#C[1][1] =  0.000000  |  PRODUCT#C[1][1] =  1.000000
	SOURCE#C[1][2] =  1.000000  |  INVERSE#C[1][2] =  1.000000  |  PRODUCT#C[1][2] =  0.000000
	SOURCE#C[1][3] =  1.000000  |  INVERSE#C[1][3] =  0.000000  |  PRODUCT#C[1][3] =  0.000000
	SOURCE#C[2][0] =  0.000000  |  INVERSE#C[2][0] =  0.000000  |  PRODUCT#C[2][0] =  0.000000
	SOURCE#C[2][1] =  1.000000  |  INVERSE#C[2][1] =  0.000000  |  PRODUCT#C[2][1] =  0.000000
	SOURCE#C[2][2] =  0.000000  |  INVERSE#C[2][2] =  0.000000  |  PRODUCT#C[2][2] =  1.000000
	SOURCE#C[2][3] =  0.000000  |  INVERSE#C[2][3] =  0.500000  |  PRODUCT#C[2][3] =  0.000000
	SOURCE#C[3][0] =  0.000000  |  INVERSE#C[3][0] = -1.000000  |  PRODUCT#C[3][0] =  0.000000
	SOURCE#C[3][1] =  0.000000  |  INVERSE#C[3][1] =  1.000000  |  PRODUCT#C[3][1] =  0.000000
	SOURCE#C[3][2] =  2.000000  |  INVERSE#C[3][2] = -1.000000  |  PRODUCT#C[3][2] =  0.000000
	SOURCE#C[3][3] =  0.000000  |  INVERSE#C[3][3] = -0.500000  |  PRODUCT#C[3][3] =  1.000000
---------------------------------


--- TESTS FOR #D---
---------------------------------
	SOURCE#D[0][0] =  0.000000  |  INVERSE#D[0][0] = -2.000000  |  PRODUCT#D[0][0] =  1.000000
	SOURCE#D[0][1] =  1.000000  |  INVERSE#D[0][1] =  1.000000  |  PRODUCT#D[0][1] =  0.000000
	SOURCE#D[1][0] =  1.000000  |  INVERSE#D[1][0] =  1.000000  |  PRODUCT#D[1][0] =  0.000000
	SOURCE#D[1][1] =  2.000000  |  INVERSE#D[1][1] =  0.000000  |  PRODUCT#D[1][1] =  1.000000
---------------------------------


--- TESTS FOR #E---
---------------------------------
	SOURCE#E[0][0] =  0.000000  |  INVERSE#E[0][0] =  0.000000  |  PRODUCT#E[0][0] =  1.000000
	SOURCE#E[0][1] =  1.000000  |  INVERSE#E[0][1] =  1.000000  |  PRODUCT#E[0][1] =  0.000000
	SOURCE#E[1][0] =  1.000000  |  INVERSE#E[1][0] =  1.000000  |  PRODUCT#E[1][0] =  0.000000
	SOURCE#E[1][1] =  0.000000  |  INVERSE#E[1][1] =  0.000000  |  PRODUCT#E[1][1] =  1.000000
---------------------------------


--- TESTS FOR #F---
---------------------------------
	SOURCE#F[0][0] =  1.000000  |  INVERSE#F[0][0] =  1.000000  |  PRODUCT#F[0][0] =  1.000000
	SOURCE#F[0][1] =  0.000000  |  INVERSE#F[0][1] =  0.000000  |  PRODUCT#F[0][1] =  0.000000
	SOURCE#F[0][2] =  0.000000  |  INVERSE#F[0][2] =  0.000000  |  PRODUCT#F[0][2] =  0.000000
	SOURCE#F[0][3] =  0.000000  |  INVERSE#F[0][3] =  0.000000  |  PRODUCT#F[0][3] =  0.000000
	SOURCE#F[1][0] =  1.000000  |  INVERSE#F[1][0] =  1.000000  |  PRODUCT#F[1][0] =  0.000000
	SOURCE#F[1][1] =  1.000000  |  INVERSE#F[1][1] =  0.000000  |  PRODUCT#F[1][1] =  1.000000
	SOURCE#F[1][2] =  1.000000  |  INVERSE#F[1][2] =  1.000000  |  PRODUCT#F[1][2] =  0.000000
	SOURCE#F[1][3] =  1.000000  |  INVERSE#F[1][3] =  0.000000  |  PRODUCT#F[1][3] =  0.000000
	SOURCE#F[2][0] = -1.000000  |  INVERSE#F[2][0] = -5.000000  |  PRODUCT#F[2][0] =  0.000000
	SOURCE#F[2][1] =  1.000000  |  INVERSE#F[2][1] =  4.000000  |  PRODUCT#F[2][1] =  0.000000
	SOURCE#F[2][2] =  0.000000  |  INVERSE#F[2][2] = -2.000000  |  PRODUCT#F[2][2] =  1.000000
	SOURCE#F[2][3] =  0.000000  |  INVERSE#F[2][3] = -1.000000  |  PRODUCT#F[2][3] =  0.000000
	SOURCE#F[3][0] =  1.000000  |  INVERSE#F[3][0] =  3.000000  |  PRODUCT#F[3][0] =  0.000000
	SOURCE#F[3][1] =  2.000000  |  INVERSE#F[3][1] = -3.000000  |  PRODUCT#F[3][1] =  0.000000
	SOURCE#F[3][2] =  3.000000  |  INVERSE#F[3][2] =  1.000000  |  PRODUCT#F[3][2] =  0.000000
	SOURCE#F[3][3] =  4.000000  |  INVERSE#F[3][3] =  1.000000  |  PRODUCT#F[3][3] =  1.000000
---------------------------------


--- TESTS FOR #G---
---------------------------------
	SOURCE#G[0][0] =  0.000000  |  INVERSE#G[0][0] = -0.430882  |  PRODUCT#G[0][0] =  1.000000
	SOURCE#G[0][1] =  1.000000  |  INVERSE#G[0][1] = -58.899358  |  PRODUCT#G[0][1] =  0.000000
	SOURCE#G[0][2] =  0.000000  |  INVERSE#G[0][2] =  29.412730  |  PRODUCT#G[0][2] =  0.000000
	SOURCE#G[0][3] =  0.000000  |  INVERSE#G[0][3] = -14.708111  |  PRODUCT#G[0][3] =  0.000000
	SOURCE#G[1][0] =  0.000000  |  INVERSE#G[1][0] =  1.000000  |  PRODUCT#G[1][0] =  0.000000
	SOURCE#G[1][1] =  0.000000  |  INVERSE#G[1][1] =  0.000000  |  PRODUCT#G[1][1] =  1.000000
	SOURCE#G[1][2] =  2.000000  |  INVERSE#G[1][2] =  0.000000  |  PRODUCT#G[1][2] =  0.000000
	SOURCE#G[1][3] =  0.000000  |  INVERSE#G[1][3] =  0.000000  |  PRODUCT#G[1][3] =  0.000000
	SOURCE#G[2][0] =  0.043400  |  INVERSE#G[2][0] =  0.000000  |  PRODUCT#G[2][0] = -0.000000
	SOURCE#G[2][1] =  0.018800  |  INVERSE#G[2][1] =  0.500000  |  PRODUCT#G[2][1] =  0.000000
	SOURCE#G[2][2] =  16.008300  |  INVERSE#G[2][2] =  0.000000  |  PRODUCT#G[2][2] =  1.000000
	SOURCE#G[2][3] =  24.003700  |  INVERSE#G[2][3] =  0.000000  |  PRODUCT#G[2][3] =  0.000000
	SOURCE#G[3][0] =  0.018800  |  INVERSE#G[3][0] = -0.000004  |  PRODUCT#G[3][0] = -0.000000
	SOURCE#G[3][1] =  0.008300  |  INVERSE#G[3][1] = -0.226962  |  PRODUCT#G[3][1] = -0.000000
	SOURCE#G[3][2] =  24.003700  |  INVERSE#G[3][2] = -0.011520  |  PRODUCT#G[3][2] = -0.000000
	SOURCE#G[3][3] =  48.001700  |  INVERSE#G[3][3] =  0.026593  |  PRODUCT#G[3][3] =  1.000000
---------------------------------


	COEFF[0][0] =  1.000000
	COEFF[0][1] =  0.500000
	COEFF[0][2] =  0.333000
	COEFF[0][3] =  0.000000
	COEFF[0][4] =  0.000000
	COEFF[0][5] =  0.000000
	COEFF[1][0] =  0.000000
	COEFF[1][1] =  0.000000
	COEFF[1][2] =  0.000000
	COEFF[1][3] =  1.000000
	COEFF[1][4] =  0.500000
	COEFF[1][5] =  0.333000
	COEFF[2][0] =  1.000000
	COEFF[2][1] =  1.000000
	COEFF[2][2] =  1.000000
	COEFF[2][3] = -1.000000
	COEFF[2][4] =  0.000000
	COEFF[2][5] =  0.000000
	COEFF[3][0] =  0.000000
	COEFF[3][1] =  0.500000
	COEFF[3][2] =  2.000000
	COEFF[3][3] =  0.000000
	COEFF[3][4] = -0.500000
	COEFF[3][5] =  0.000000
	COEFF[4][0] =  0.000000
	COEFF[4][1] =  1.000000
	COEFF[4][2] =  0.000000
	COEFF[4][3] =  0.000000
	COEFF[4][4] =  0.000000
	COEFF[4][5] =  0.000000
	COEFF[5][0] =  0.000000
	COEFF[5][1] =  0.000000
	COEFF[5][2] =  0.000000
	COEFF[5][3] =  0.000000
	COEFF[5][4] =  1.000000
	COEFF[5][5] =  0.000000
GaussianElimination[0] =  .020000
GaussianElimination[1] =  -.000000
GaussianElimination[2] =  -.000000
GaussianElimination[3] =  .020000
GaussianElimination[4] =  -.000000
GaussianElimination[5] =  .018018
RHS[0]: 0.02
RHS[1]: 0.026000000000000002
RHS[2]: 0.0
RHS[3]: 0.0
RHS[4]: 0.0
RHS[5]: 0.0

	|-----------------------------------------------------------------|
	|    Copyright (C) 2011-2018 (DRIP)
	|-----------------------------------------------------------------|
	|    Build Version  => 3.86.0 multi mode
	|    Build JVM (TM) => 1.8.0_112
	|    Build Snap     => Fri Nov 02 21:22:20 EST 2018
	|    Start Time     => Fri Nov 02 23:28:05 EDT 2018
	|    Setup Time     => Fri Nov 02 23:28:05 EDT 2018
	|    Setup Duration => 0 ms
	|-----------------------------------------------------------------|

	[0] =>  1.8035 |  0.5975 |  0.5214 | 
	[1] =>  0.3181 |  2.4946 |  0.9403 | 
	[2] => -0.7750 |  3.2837 |  1.6203 | 
	[3] =>  1.8433 |  1.3652 | -1.1384 | 
	[4] =>  1.8256 |  0.4045 |  1.2027 | 
	[5] => -0.2981 |  0.6210 | -0.5254 | 
	[6] =>  0.0556 |  1.0049 |  0.5634 | 
	[7] => -0.7184 |  0.1413 | -0.9099 | 
	[8] =>  0.1249 |  1.3443 |  2.2362 | 
	[9] =>  0.6542 |  0.7699 |  1.7866 | 
	[10] =>  1.6383 |  0.1263 |  0.9206 | 
	[11] => -0.0945 | -0.3216 | -0.0612 | 
	[12] =>  0.6688 | -2.6914 | -0.5716 | 
	[13] => -0.6812 |  0.3091 |  0.2801 | 
	[14] =>  1.2980 |  1.8644 |  0.5583 | 
	[15] =>  0.5617 |  0.8172 | -0.1767 | 
	[16] =>  1.4846 | -0.5274 |  0.5467 | 
	[17] =>  0.5364 |  0.8562 |  1.1926 | 
	[18] =>  0.3186 | -1.3127 | -1.5287 | 
	[19] =>  0.6597 | -0.3426 |  0.8349 | 
	[20] => -0.4760 | -0.4929 | -1.6391 | 
	[21] =>  0.8800 | -0.0411 | -0.4345 | 
	[22] =>  0.8383 | -0.6627 |  0.9332 | 
	[23] =>  0.7513 |  0.2451 |  1.4042 | 
	[24] => -0.4263 | -1.2752 | -0.9733 | 
	[25] =>  1.5765 |  0.1646 |  0.0760 | 
	[26] =>  1.5873 | -0.9082 | -0.4439 | 
	[27] =>  0.1106 |  0.2726 | -0.4102 | 
	[28] =>  0.0608 | -0.6610 | -1.2526 | 
	[29] =>  0.0338 |  0.5939 | -2.0621 | 
	[30] => -1.2510 | -0.1831 | -0.1619 | 
	[31] =>  0.1752 | -1.2251 | -0.7624 | 
	[32] => -0.1842 | -3.1628 | -0.3985 | 
	[33] =>  0.2687 |  0.2735 | -0.4137 | 
	[34] =>  2.1846 | -0.0168 |  0.3728 | 
	[35] =>  1.9607 |  1.2448 | -0.2844 | 
	[36] =>  1.1164 | -0.9785 | -2.5562 | 
	[37] =>  1.0101 |  0.7359 | -1.6256 | 
	[38] => -1.0489 | -0.2421 | -0.8093 | 
	[39] =>  0.9287 | -0.5041 | -0.6759 | 
	[40] =>  0.8870 | -0.3432 | -0.2767 | 
	[41] =>  1.2395 |  3.6898 | -0.8263 | 
	[42] =>  1.7335 |  0.8256 | -0.2179 | 
	[43] =>  0.4191 | -0.1406 |  0.4711 | 
	[44] => -0.5090 |  0.3910 |  0.0297 | 
	[45] =>  0.7479 |  0.2505 | -0.0484 | 
	[46] =>  0.6461 |  0.5975 | -0.4921 | 
	[47] =>  0.5096 | -1.1764 |  0.5081 | 
	[48] =>  0.1023 | -0.6200 |  0.2456 | 
	[49] =>  0.8069 |  0.3950 | -2.7297 | 
	[50] => -0.1143 |  1.2073 | -0.2886 | 
	[51] =>  0.7188 |  0.4986 | -0.0708 | 
	[52] => -2.0203 | -0.5104 |  1.1899 | 
	[53] => -0.9225 | -0.4718 | -0.4655 | 
	[54] => -0.6810 | -0.9180 |  0.1393 | 
	[55] =>  0.1986 |  1.4109 |  1.1735 | 
	[56] => -0.1981 | -2.0659 | -0.7303 | 
	[57] =>  0.5589 | -0.9313 |  0.1772 | 
	[58] => -0.3084 |  1.0147 |  1.3236 | 
	[59] =>  1.6085 |  1.1935 |  0.9090 | 
	[60] =>  0.9129 | -0.8450 | -1.5977 | 
	[61] => -0.2688 |  0.6612 |  1.3894 | 
	[62] =>  0.3204 | -0.5974 | -1.8506 | 
	[63] => -0.1861 |  1.2755 | -0.0810 | 
	[64] =>  0.4085 | -0.4450 | -1.1946 | 
	[65] => -0.7528 | -1.2033 |  1.8826 | 
	[66] =>  1.7876 |  1.4933 |  1.6184 | 
	[67] =>  1.8243 | -0.2942 | -0.0880 | 
	[68] =>  0.5164 | -0.6536 | -0.5249 | 
	[69] =>  0.8690 |  1.1252 | -0.8129 | 
	[70] =>  1.7853 |  0.8748 | -1.3971 | 
	[71] =>  0.0571 | -0.1039 |  2.4584 | 
	[72] => -0.8583 | -1.2943 | -0.6900 | 
	[73] => -0.2804 |  0.7859 | -1.3077 | 
	[74] => -0.0191 | -0.9123 | -0.9140 | 
	[75] => -0.0111 | -0.9992 |  1.9095 | 
	[76] =>  0.1904 |  0.0094 |  1.5038 | 
	[77] =>  1.5190 | -0.0567 | -1.4856 | 
	[78] => -0.8949 |  1.1751 |  1.9891 | 
	[79] => -0.0353 |  0.2641 |  0.6033 | 
	[80] =>  0.6222 |  0.6606 | -0.0794 | 
	[81] =>  0.2802 |  0.2371 | -0.2370 | 
	[82] => -0.6570 |  0.9010 |  0.3558 | 
	[83] =>  0.9811 |  1.0662 |  1.4354 | 
	[84] =>  0.6483 |  1.7562 |  0.3537 | 
	[85] =>  0.6575 | -0.9714 | -0.1727 | 
	[86] => -1.2446 | -2.6190 |  0.3917 | 
	[87] => -0.6253 | -0.6055 |  0.3588 | 
	[88] =>  1.5039 | -0.1439 |  0.4557 | 
	[89] =>  0.4250 | -0.0830 |  1.1445 | 
	[90] =>  0.4015 | -1.2735 | -0.1926 | 
	[91] =>  0.4734 |  1.2017 |  1.5454 | 
	[92] =>  0.0615 |  0.6630 |  1.5667 | 
	[93] =>  0.5501 | -1.0968 | -0.2252 | 
	[94] =>  0.2713 |  0.1639 | -0.8650 | 
	[95] => -1.5186 | -0.8958 |  0.0597 | 
	[96] => -0.8273 | -0.4061 |  1.0135 | 
	[97] => -0.2197 | -0.8840 |  1.9238 | 
	[98] => -1.1870 | -1.1295 | -1.7407 | 
	[99] =>  0.5093 |  0.8096 | -1.5645 | 

	|-----------------------------------------------------------------|
	|    Copyright (C) 2011-2018 (DRIP)
	|-----------------------------------------------------------------|
	|    Build Version  => 3.86.0 multi mode
	|    Build JVM (TM) => 1.8.0_112
	|    Build Snap     => Fri Nov 02 21:22:20 EST 2018
	|    Start Time     => Fri Nov 02 23:28:05 EDT 2018
	|    Setup Time     => Fri Nov 02 23:28:05 EDT 2018
	|    Setup Duration => 0 ms
	|-----------------------------------------------------------------|

	{ 0.2041 || 0.1221} => [ 1.1846] =>  0.8685 |  0.4815 |  0.1176 | 
	{ 0.3387 || 0.3379} => [ 1.4780] =>  0.5227 |  0.7064 |  0.4773 | 
	{ 0.4776 || 0.4211} => [ 1.6185] =>  0.4108 |  0.6974 |  0.5873 | 
	{ 0.4483 || 0.0348} => [ 1.4471] =>  0.7418 |  0.6690 |  0.0465 | 
	{ 0.1161 || 0.1999} => [ 1.1762] =>  0.7100 |  0.6538 |  0.2615 | 
	{ 0.4418 || 0.1650} => [ 1.4709] =>  0.6861 |  0.6909 |  0.2280 | 
	{ 0.2635 || 0.1662} => [ 1.2796] =>  0.7899 |  0.5819 |  0.1934 | 
	{ 0.2814 || 0.3839} => [ 1.4754] =>  0.4419 |  0.7115 |  0.5463 | 
	{ 0.2041 || 0.2328} => [ 1.2771] =>  0.6945 |  0.6522 |  0.3036 | 
	{ 0.4367 || 0.2902} => [ 1.5237] =>  0.5662 |  0.7129 |  0.4138 | 
	{ 0.4292 || 0.0354} => [ 1.4259] =>  0.7558 |  0.6531 |  0.0463 | 
	{ 0.4799 || 0.0554} => [ 1.4828] =>  0.7147 |  0.6952 |  0.0770 | 
	{ 0.4091 || 0.1040} => [ 1.4161] =>  0.7471 |  0.6508 |  0.1353 | 
	{ 0.1035 || 0.3153} => [ 1.3058] =>  0.3695 |  0.7860 |  0.4956 | 
	{ 0.1316 || 0.3557} => [ 1.3653] =>  0.3492 |  0.7635 |  0.5432 | 
	{ 0.3412 || 0.3186} => [ 1.4657] =>  0.5510 |  0.7038 |  0.4484 | 
	{ 0.3786 || 0.3588} => [ 1.5212] =>  0.4921 |  0.7073 |  0.5076 | 
	{ 0.1948 || 0.4230} => [ 1.4646] =>  0.3243 |  0.7222 |  0.6110 | 
	{ 0.2707 || 0.3546} => [ 1.4432] =>  0.4851 |  0.7133 |  0.5058 | 
	{ 0.1816 || 0.1448} => [ 1.1775] =>  0.8504 |  0.5053 |  0.1464 | 
	{ 0.3037 || 0.3395} => [ 1.4536] =>  0.5180 |  0.7077 |  0.4805 | 
	{ 0.0219 || 0.0962} => [ 1.0375] =>  0.7420 |  0.6584 |  0.1266 | 
	{ 0.4388 || 0.0796} => [ 1.4430] =>  0.7367 |  0.6678 |  0.1063 | 
	{ 0.2789 || 0.2906} => [ 1.3936] =>  0.5964 |  0.6939 |  0.4033 | 
	{ 0.2827 || 0.2726} => [ 1.3816] =>  0.6268 |  0.6841 |  0.3730 | 
	{ 0.2498 || 0.4565} => [ 1.5200] =>  0.3224 |  0.6991 |  0.6383 | 
	{ 0.0159 || 0.1779} => [ 1.1131] =>  0.2285 |  0.9172 |  0.3263 | 
	{ 0.2810 || 0.1753} => [ 1.3050] =>  0.7705 |  0.6015 |  0.2109 | 
	{ 0.4802 || 0.4052} => [ 1.6122] =>  0.4272 |  0.7024 |  0.5692 | 
	{ 0.4476 || 0.3529} => [ 1.5652] =>  0.4904 |  0.7120 |  0.5025 | 
	{ 0.2407 || 0.1933} => [ 1.2760] =>  0.7623 |  0.6037 |  0.2334 | 
	{ 0.1926 || 0.2413} => [ 1.2761] =>  0.6729 |  0.6662 |  0.3216 | 
	{ 0.4735 || 0.4086} => [ 1.6101] =>  0.4244 |  0.7011 |  0.5730 | 
	{ 0.0703 || 0.4481} => [ 1.4514] =>  0.1262 |  0.7388 |  0.6621 | 
	{ 0.2120 || 0.1647} => [ 1.2237] =>  0.8131 |  0.5529 |  0.1821 | 
	{ 0.1754 || 0.1128} => [ 1.1482] =>  0.8914 |  0.4421 |  0.0997 | 
	{ 0.3047 || 0.3981} => [ 1.5013] =>  0.4285 |  0.7069 |  0.5628 | 
	{ 0.1681 || 0.1829} => [ 1.1979] =>  0.7879 |  0.5784 |  0.2115 | 
	{ 0.4009 || 0.4332} => [ 1.5822] =>  0.3988 |  0.6931 |  0.6005 | 
	{ 0.0240 || 0.4904} => [ 1.4909] =>  0.0355 |  0.7135 |  0.6998 | 
	{ 0.3791 || 0.0368} => [ 1.3672] =>  0.7933 |  0.6071 |  0.0447 | 
	{ 0.2499 || 0.1188} => [ 1.2344] =>  0.8462 |  0.5185 |  0.1232 | 
	{ 0.3792 || 0.1924} => [ 1.4197] =>  0.6995 |  0.6670 |  0.2566 | 
	{ 0.3032 || 0.3483} => [ 1.4603] =>  0.5039 |  0.7088 |  0.4937 | 
	{ 0.4806 || 0.3210} => [ 1.5719] =>  0.5179 |  0.7199 |  0.4622 | 
	{ 0.3479 || 0.2864} => [ 1.4482] =>  0.5966 |  0.6964 |  0.3989 | 
	{ 0.0933 || 0.4388} => [ 1.4460] =>  0.1717 |  0.7404 |  0.6498 | 
	{ 0.2584 || 0.1221} => [ 1.2463] =>  0.8381 |  0.5299 |  0.1294 | 
	{ 0.2936 || 0.2671} => [ 1.3865] =>  0.6350 |  0.6814 |  0.3640 | 
	{ 0.4576 || 0.2912} => [ 1.5406] =>  0.5578 |  0.7172 |  0.4177 | 

	|-----------------------------------------------------------------|
	|    Copyright (C) 2011-2018 (DRIP)
	|-----------------------------------------------------------------|
	|    Build Version  => 3.86.0 multi mode
	|    Build JVM (TM) => 1.8.0_112
	|    Build Snap     => Fri Nov 02 21:22:20 EST 2018
	|    Start Time     => Fri Nov 02 23:28:05 EDT 2018
	|    Setup Time     => Fri Nov 02 23:28:05 EDT 2018
	|    Setup Duration => 0 ms
	|-----------------------------------------------------------------|

Initial R:    =>  0.000000 | 0.000000 | 0.000000 |
Initial R:    =>  0.000000 | 0.000000 | 0.000000 |
Initial R:    =>  0.000000 |-0.000000 | 0.000000 |

Initial Q:    =>  0.995037 | 0.099504 | 0.000000 |
Initial Q:    => -0.092193 | 0.921931 | 0.376222 |
Initial Q:    =>  0.037436 |-0.374355 | 0.926529 |

Inverse Q:    =>  0.995037 |-0.092193 | 0.037436 |
Inverse Q:    =>  0.099504 | 0.921931 |-0.374355 |
Inverse Q:    => -0.000000 | 0.376222 | 0.926529 |

Transpose Q:  =>  0.995037 |-0.092193 | 0.037436 |
Transpose Q:  =>  0.099504 | 0.921931 |-0.374355 |
Transpose Q:  =>  0.000000 | 0.376222 | 0.926529 |

]]></system-out>
  <system-err><![CDATA[]]></system-err>
</testsuite>
