<?xml version="1.0" encoding="UTF-8"?>
<testsuite name="org.drip.coverage.template.IRS" tests="1" skipped="0" failures="0" errors="0" timestamp="2018-11-03T03:11:28" hostname="LAPTOP-2MU6A8KE" time="2.499">
  <properties/>
  <testcase name="codeCoverageTest" classname="org.drip.coverage.template.IRS" time="2.499"/>
  <system-out><![CDATA[
	|-----------------------------------------------------------------|
	|    Copyright (C) 2011-2018 (DRIP)
	|-----------------------------------------------------------------|
	|    Build Version  => 3.86.0 multi mode
	|    Build JVM (TM) => 1.8.0_112
	|    Build Snap     => Fri Nov 02 21:22:20 EST 2018
	|    Start Time     => Fri Nov 02 23:11:28 EDT 2018
	|    Setup Time     => Fri Nov 02 23:11:28 EDT 2018
	|    Setup Duration => 0 ms
	|-----------------------------------------------------------------|

	 | accrued => 0.0 ||
	 | calctime => 5.391840000000001E-4 ||
	 | calibfloatingpv => 0.0990312851812748 ||
	 | calibswaprate => 0.020599999999999983 ||
	 | cleanfixeddv01 => 4.8073439408385867E-4 ||
	 | cleanfloatingdv01 => -4.8073439408385867E-4 ||
	 | cleanfloatingpv => -0.09903128518127474 ||
	 | cleanprice => 99.99999999999999 ||
	 | cleanpv => -1.5265566588595902E-16 ||
	 | cumulativeconvexityadjustmentpremium => 0.0 ||
	 | cumulativecouponamount => 0.0 ||
	 | cumulativecoupondcf => 0.0 ||
	 | derivedaccrued => 0.0 ||
	 | derivedaccrued01 => 0.0 ||
	 | derivedcleandv01 => -4.8073439408385867E-4 ||
	 | derivedcleanpv => -0.09903128518127474 ||
	 | derivedcumulativeconvexityadjustmentfactor => 1.0 ||
	 | derivedcumulativeconvexityadjustmentpremium => -0.0 ||
	 | derivedcumulativecouponamount => 0.0 ||
	 | derivedcumulativecoupondcf => 0.0 ||
	 | deriveddirtydv01 => -4.8073439408385867E-4 ||
	 | deriveddirtypv => -0.09903128518127474 ||
	 | deriveddv01 => -4.8073439408385867E-4 ||
	 | derivedfixing01 => 0.0 ||
	 | derivedparbasisspread => -3.175467945805641E-13 ||
	 | derivedpv => -0.09903128518127474 ||
	 | derivedresetdate => -2.147483648E9 ||
	 | derivedresetrate => NaN ||
	 | dirtyfixeddv01 => 4.8073439408385867E-4 ||
	 | dirtyfixedpv => 0.09903128518127459 ||
	 | dirtyfloatingdv01 => -4.8073439408385867E-4 ||
	 | dirtyfloatingpv => -0.09903128518127474 ||
	 | dirtyprice => 99.99999999999999 ||
	 | dirtypv => -1.5265566588595902E-16 ||
	 | fairpremium => 0.020599999999999972 ||
	 | fixedaccrued => 0.0 ||
	 | fixedaccrued01 => 0.0 ||
	 | fixeddv01 => 4.8073439408385867E-4 ||
	 | fixedstream::aud/aud::6::{05-nov-2018->05-nov-2023}@accrualcoupon => NaN ||
	 | fixedstream::aud/aud::6::{05-nov-2018->05-nov-2023}@accrued => 0.0 ||
	 | fixedstream::aud/aud::6::{05-nov-2018->05-nov-2023}@accrued01 => 0.0 ||
	 | fixedstream::aud/aud::6::{05-nov-2018->05-nov-2023}@calctime => 8.9486E-5 ||
	 | fixedstream::aud/aud::6::{05-nov-2018->05-nov-2023}@cleandv01 => 4.8073439408385867E-4 ||
	 | fixedstream::aud/aud::6::{05-nov-2018->05-nov-2023}@cleanprice => 109.90312851812747 ||
	 | fixedstream::aud/aud::6::{05-nov-2018->05-nov-2023}@cleanpv => 0.09903128518127459 ||
	 | fixedstream::aud/aud::6::{05-nov-2018->05-nov-2023}@compoundingadjustedcleandv01 => 4.8073439408385867E-4 ||
	 | fixedstream::aud/aud::6::{05-nov-2018->05-nov-2023}@compoundingadjustedcleanprice => 109.90312851812747 ||
	 | fixedstream::aud/aud::6::{05-nov-2018->05-nov-2023}@compoundingadjustedcleanpv => 0.09903128518127459 ||
	 | fixedstream::aud/aud::6::{05-nov-2018->05-nov-2023}@compoundingadjusteddirtydv01 => 4.8073439408385867E-4 ||
	 | fixedstream::aud/aud::6::{05-nov-2018->05-nov-2023}@compoundingadjusteddirtyprice => 109.90312851812747 ||
	 | fixedstream::aud/aud::6::{05-nov-2018->05-nov-2023}@compoundingadjusteddirtypv => 0.09903128518127459 ||
	 | fixedstream::aud/aud::6::{05-nov-2018->05-nov-2023}@compoundingadjustedfairpremium => 0.020599999999999938 ||
	 | fixedstream::aud/aud::6::{05-nov-2018->05-nov-2023}@compoundingadjustedparrate => 0.020599999999999938 ||
	 | fixedstream::aud/aud::6::{05-nov-2018->05-nov-2023}@compoundingadjustedprice => 109.90312851812747 ||
	 | fixedstream::aud/aud::6::{05-nov-2018->05-nov-2023}@compoundingadjustedpv => 0.09903128518127459 ||
	 | fixedstream::aud/aud::6::{05-nov-2018->05-nov-2023}@compoundingadjustedrate => 0.020599999999999938 ||
	 | fixedstream::aud/aud::6::{05-nov-2018->05-nov-2023}@compoundingadjustedupfront => 0.09903128518127459 ||
	 | fixedstream::aud/aud::6::{05-nov-2018->05-nov-2023}@compoundingadjustmentfactor => 1.0 ||
	 | fixedstream::aud/aud::6::{05-nov-2018->05-nov-2023}@compoundingadjustmentpremium => 0.0 ||
	 | fixedstream::aud/aud::6::{05-nov-2018->05-nov-2023}@compoundingadjustmentpremiumupfront => 0.0 ||
	 | fixedstream::aud/aud::6::{05-nov-2018->05-nov-2023}@creditforwardconvexityadjustedcleandv01 => 4.8073439408385867E-4 ||
	 | fixedstream::aud/aud::6::{05-nov-2018->05-nov-2023}@creditforwardconvexityadjustedcleanprice => 109.90312851812747 ||
	 | fixedstream::aud/aud::6::{05-nov-2018->05-nov-2023}@creditforwardconvexityadjustedcleanpv => 0.09903128518127459 ||
	 | fixedstream::aud/aud::6::{05-nov-2018->05-nov-2023}@creditforwardconvexityadjusteddirtydv01 => 4.8073439408385867E-4 ||
	 | fixedstream::aud/aud::6::{05-nov-2018->05-nov-2023}@creditforwardconvexityadjusteddirtyprice => 109.90312851812747 ||
	 | fixedstream::aud/aud::6::{05-nov-2018->05-nov-2023}@creditforwardconvexityadjusteddirtypv => 0.09903128518127459 ||
	 | fixedstream::aud/aud::6::{05-nov-2018->05-nov-2023}@creditforwardconvexityadjusteddv01 => 4.8073439408385867E-4 ||
	 | fixedstream::aud/aud::6::{05-nov-2018->05-nov-2023}@creditforwardconvexityadjustedfairpremium => 0.020599999999999938 ||
	 | fixedstream::aud/aud::6::{05-nov-2018->05-nov-2023}@creditforwardconvexityadjustedparrate => 0.020599999999999938 ||
	 | fixedstream::aud/aud::6::{05-nov-2018->05-nov-2023}@creditforwardconvexityadjustedprice => 109.90312851812747 ||
	 | fixedstream::aud/aud::6::{05-nov-2018->05-nov-2023}@creditforwardconvexityadjustedpv => 0.09903128518127459 ||
	 | fixedstream::aud/aud::6::{05-nov-2018->05-nov-2023}@creditforwardconvexityadjustedrate => 0.020599999999999938 ||
	 | fixedstream::aud/aud::6::{05-nov-2018->05-nov-2023}@creditforwardconvexityadjustedupfront => 0.09903128518127459 ||
	 | fixedstream::aud/aud::6::{05-nov-2018->05-nov-2023}@creditforwardconvexityadjustmentfactor => 1.0 ||
	 | fixedstream::aud/aud::6::{05-nov-2018->05-nov-2023}@creditforwardconvexityadjustmentpremium => 0.0 ||
	 | fixedstream::aud/aud::6::{05-nov-2018->05-nov-2023}@creditforwardconvexityadjustmentpremiumupfront => 0.0 ||
	 | fixedstream::aud/aud::6::{05-nov-2018->05-nov-2023}@creditfundingconvexityadjustedcleandv01 => 4.8073439408385867E-4 ||
	 | fixedstream::aud/aud::6::{05-nov-2018->05-nov-2023}@creditfundingconvexityadjustedcleanprice => 109.90312851812747 ||
	 | fixedstream::aud/aud::6::{05-nov-2018->05-nov-2023}@creditfundingconvexityadjustedcleanpv => 0.09903128518127459 ||
	 | fixedstream::aud/aud::6::{05-nov-2018->05-nov-2023}@creditfundingconvexityadjusteddirtydv01 => 4.8073439408385867E-4 ||
	 | fixedstream::aud/aud::6::{05-nov-2018->05-nov-2023}@creditfundingconvexityadjusteddirtyprice => 109.90312851812747 ||
	 | fixedstream::aud/aud::6::{05-nov-2018->05-nov-2023}@creditfundingconvexityadjusteddirtypv => 0.09903128518127459 ||
	 | fixedstream::aud/aud::6::{05-nov-2018->05-nov-2023}@creditfundingconvexityadjusteddv01 => 4.8073439408385867E-4 ||
	 | fixedstream::aud/aud::6::{05-nov-2018->05-nov-2023}@creditfundingconvexityadjustedfairpremium => 0.020599999999999938 ||
	 | fixedstream::aud/aud::6::{05-nov-2018->05-nov-2023}@creditfundingconvexityadjustedparrate => 0.020599999999999938 ||
	 | fixedstream::aud/aud::6::{05-nov-2018->05-nov-2023}@creditfundingconvexityadjustedprice => 109.90312851812747 ||
	 | fixedstream::aud/aud::6::{05-nov-2018->05-nov-2023}@creditfundingconvexityadjustedpv => 0.09903128518127459 ||
	 | fixedstream::aud/aud::6::{05-nov-2018->05-nov-2023}@creditfundingconvexityadjustedrate => 0.020599999999999938 ||
	 | fixedstream::aud/aud::6::{05-nov-2018->05-nov-2023}@creditfundingconvexityadjustedupfront => 0.09903128518127459 ||
	 | fixedstream::aud/aud::6::{05-nov-2018->05-nov-2023}@creditfundingconvexityadjustmentfactor => 1.0 ||
	 | fixedstream::aud/aud::6::{05-nov-2018->05-nov-2023}@creditfundingconvexityadjustmentpremium => 0.0 ||
	 | fixedstream::aud/aud::6::{05-nov-2018->05-nov-2023}@creditfundingconvexityadjustmentpremiumupfront => 0.0 ||
	 | fixedstream::aud/aud::6::{05-nov-2018->05-nov-2023}@creditfxconvexityadjustedcleandv01 => 4.8073439408385867E-4 ||
	 | fixedstream::aud/aud::6::{05-nov-2018->05-nov-2023}@creditfxconvexityadjustedcleanprice => 109.90312851812747 ||
	 | fixedstream::aud/aud::6::{05-nov-2018->05-nov-2023}@creditfxconvexityadjustedcleanpv => 0.09903128518127459 ||
	 | fixedstream::aud/aud::6::{05-nov-2018->05-nov-2023}@creditfxconvexityadjusteddirtydv01 => 4.8073439408385867E-4 ||
	 | fixedstream::aud/aud::6::{05-nov-2018->05-nov-2023}@creditfxconvexityadjusteddirtyprice => 109.90312851812747 ||
	 | fixedstream::aud/aud::6::{05-nov-2018->05-nov-2023}@creditfxconvexityadjusteddirtypv => 0.09903128518127459 ||
	 | fixedstream::aud/aud::6::{05-nov-2018->05-nov-2023}@creditfxconvexityadjusteddv01 => 4.8073439408385867E-4 ||
	 | fixedstream::aud/aud::6::{05-nov-2018->05-nov-2023}@creditfxconvexityadjustedfairpremium => 0.020599999999999938 ||
	 | fixedstream::aud/aud::6::{05-nov-2018->05-nov-2023}@creditfxconvexityadjustedparrate => 0.020599999999999938 ||
	 | fixedstream::aud/aud::6::{05-nov-2018->05-nov-2023}@creditfxconvexityadjustedprice => 109.90312851812747 ||
	 | fixedstream::aud/aud::6::{05-nov-2018->05-nov-2023}@creditfxconvexityadjustedpv => 0.09903128518127459 ||
	 | fixedstream::aud/aud::6::{05-nov-2018->05-nov-2023}@creditfxconvexityadjustedrate => 0.020599999999999938 ||
	 | fixedstream::aud/aud::6::{05-nov-2018->05-nov-2023}@creditfxconvexityadjustedupfront => 0.09903128518127459 ||
	 | fixedstream::aud/aud::6::{05-nov-2018->05-nov-2023}@creditfxconvexityadjustmentfactor => 1.0 ||
	 | fixedstream::aud/aud::6::{05-nov-2018->05-nov-2023}@creditfxconvexityadjustmentpremium => 0.0 ||
	 | fixedstream::aud/aud::6::{05-nov-2018->05-nov-2023}@creditfxconvexityadjustmentpremiumupfront => 0.0 ||
	 | fixedstream::aud/aud::6::{05-nov-2018->05-nov-2023}@cumulativeconvexityadjustedcleandv01 => 4.8073439408385867E-4 ||
	 | fixedstream::aud/aud::6::{05-nov-2018->05-nov-2023}@cumulativeconvexityadjustedcleanprice => 109.90312851812747 ||
	 | fixedstream::aud/aud::6::{05-nov-2018->05-nov-2023}@cumulativeconvexityadjustedcleanpv => 0.09903128518127459 ||
	 | fixedstream::aud/aud::6::{05-nov-2018->05-nov-2023}@cumulativeconvexityadjusteddirtydv01 => 4.8073439408385867E-4 ||
	 | fixedstream::aud/aud::6::{05-nov-2018->05-nov-2023}@cumulativeconvexityadjusteddirtyprice => 109.90312851812747 ||
	 | fixedstream::aud/aud::6::{05-nov-2018->05-nov-2023}@cumulativeconvexityadjusteddirtypv => 0.09903128518127459 ||
	 | fixedstream::aud/aud::6::{05-nov-2018->05-nov-2023}@cumulativeconvexityadjusteddv01 => 4.8073439408385867E-4 ||
	 | fixedstream::aud/aud::6::{05-nov-2018->05-nov-2023}@cumulativeconvexityadjustedfairpremium => 0.020599999999999938 ||
	 | fixedstream::aud/aud::6::{05-nov-2018->05-nov-2023}@cumulativeconvexityadjustedparrate => 0.020599999999999938 ||
	 | fixedstream::aud/aud::6::{05-nov-2018->05-nov-2023}@cumulativeconvexityadjustedprice => 109.90312851812747 ||
	 | fixedstream::aud/aud::6::{05-nov-2018->05-nov-2023}@cumulativeconvexityadjustedpv => 0.09903128518127459 ||
	 | fixedstream::aud/aud::6::{05-nov-2018->05-nov-2023}@cumulativeconvexityadjustedrate => 0.020599999999999938 ||
	 | fixedstream::aud/aud::6::{05-nov-2018->05-nov-2023}@cumulativeconvexityadjustedupfront => 0.09903128518127459 ||
	 | fixedstream::aud/aud::6::{05-nov-2018->05-nov-2023}@cumulativeconvexityadjustmentfactor => 1.0 ||
	 | fixedstream::aud/aud::6::{05-nov-2018->05-nov-2023}@cumulativeconvexityadjustmentpremium => 0.0 ||
	 | fixedstream::aud/aud::6::{05-nov-2018->05-nov-2023}@cumulativeconvexityadjustmentpremiumupfront => 0.0 ||
	 | fixedstream::aud/aud::6::{05-nov-2018->05-nov-2023}@cumulativecouponamount => 0.0 ||
	 | fixedstream::aud/aud::6::{05-nov-2018->05-nov-2023}@cumulativecoupondcf => 0.0 ||
	 | fixedstream::aud/aud::6::{05-nov-2018->05-nov-2023}@cv01 => 4.8073439408385867E-4 ||
	 | fixedstream::aud/aud::6::{05-nov-2018->05-nov-2023}@dirtydv01 => 4.8073439408385867E-4 ||
	 | fixedstream::aud/aud::6::{05-nov-2018->05-nov-2023}@dirtyprice => 109.90312851812747 ||
	 | fixedstream::aud/aud::6::{05-nov-2018->05-nov-2023}@dirtypv => 0.09903128518127459 ||
	 | fixedstream::aud/aud::6::{05-nov-2018->05-nov-2023}@dv01 => 4.8073439408385867E-4 ||
	 | fixedstream::aud/aud::6::{05-nov-2018->05-nov-2023}@fairpremium => 0.020599999999999938 ||
	 | fixedstream::aud/aud::6::{05-nov-2018->05-nov-2023}@fixing01 => 0.0 ||
	 | fixedstream::aud/aud::6::{05-nov-2018->05-nov-2023}@forwardfundingconvexityadjustedcleandv01 => 4.8073439408385867E-4 ||
	 | fixedstream::aud/aud::6::{05-nov-2018->05-nov-2023}@forwardfundingconvexityadjustedcleanprice => 109.90312851812747 ||
	 | fixedstream::aud/aud::6::{05-nov-2018->05-nov-2023}@forwardfundingconvexityadjustedcleanpv => 0.09903128518127459 ||
	 | fixedstream::aud/aud::6::{05-nov-2018->05-nov-2023}@forwardfundingconvexityadjusteddirtydv01 => 4.8073439408385867E-4 ||
	 | fixedstream::aud/aud::6::{05-nov-2018->05-nov-2023}@forwardfundingconvexityadjusteddirtyprice => 109.90312851812747 ||
	 | fixedstream::aud/aud::6::{05-nov-2018->05-nov-2023}@forwardfundingconvexityadjusteddirtypv => 0.09903128518127459 ||
	 | fixedstream::aud/aud::6::{05-nov-2018->05-nov-2023}@forwardfundingconvexityadjusteddv01 => 4.8073439408385867E-4 ||
	 | fixedstream::aud/aud::6::{05-nov-2018->05-nov-2023}@forwardfundingconvexityadjustedfairpremium => 0.020599999999999938 ||
	 | fixedstream::aud/aud::6::{05-nov-2018->05-nov-2023}@forwardfundingconvexityadjustedparrate => 0.020599999999999938 ||
	 | fixedstream::aud/aud::6::{05-nov-2018->05-nov-2023}@forwardfundingconvexityadjustedprice => 109.90312851812747 ||
	 | fixedstream::aud/aud::6::{05-nov-2018->05-nov-2023}@forwardfundingconvexityadjustedpv => 0.09903128518127459 ||
	 | fixedstream::aud/aud::6::{05-nov-2018->05-nov-2023}@forwardfundingconvexityadjustedrate => 0.020599999999999938 ||
	 | fixedstream::aud/aud::6::{05-nov-2018->05-nov-2023}@forwardfundingconvexityadjustedupfront => 0.09903128518127459 ||
	 | fixedstream::aud/aud::6::{05-nov-2018->05-nov-2023}@forwardfundingconvexityadjustmentfactor => 1.0 ||
	 | fixedstream::aud/aud::6::{05-nov-2018->05-nov-2023}@forwardfundingconvexityadjustmentpremium => 0.0 ||
	 | fixedstream::aud/aud::6::{05-nov-2018->05-nov-2023}@forwardfundingconvexityadjustmentpremiumupfront => 0.0 ||
	 | fixedstream::aud/aud::6::{05-nov-2018->05-nov-2023}@forwardfxconvexityadjustedcleandv01 => 4.8073439408385867E-4 ||
	 | fixedstream::aud/aud::6::{05-nov-2018->05-nov-2023}@forwardfxconvexityadjustedcleanprice => 109.90312851812747 ||
	 | fixedstream::aud/aud::6::{05-nov-2018->05-nov-2023}@forwardfxconvexityadjustedcleanpv => 0.09903128518127459 ||
	 | fixedstream::aud/aud::6::{05-nov-2018->05-nov-2023}@forwardfxconvexityadjusteddirtydv01 => 4.8073439408385867E-4 ||
	 | fixedstream::aud/aud::6::{05-nov-2018->05-nov-2023}@forwardfxconvexityadjusteddirtyprice => 109.90312851812747 ||
	 | fixedstream::aud/aud::6::{05-nov-2018->05-nov-2023}@forwardfxconvexityadjusteddirtypv => 0.09903128518127459 ||
	 | fixedstream::aud/aud::6::{05-nov-2018->05-nov-2023}@forwardfxconvexityadjusteddv01 => 4.8073439408385867E-4 ||
	 | fixedstream::aud/aud::6::{05-nov-2018->05-nov-2023}@forwardfxconvexityadjustedfairpremium => 0.020599999999999938 ||
	 | fixedstream::aud/aud::6::{05-nov-2018->05-nov-2023}@forwardfxconvexityadjustedparrate => 0.020599999999999938 ||
	 | fixedstream::aud/aud::6::{05-nov-2018->05-nov-2023}@forwardfxconvexityadjustedprice => 109.90312851812747 ||
	 | fixedstream::aud/aud::6::{05-nov-2018->05-nov-2023}@forwardfxconvexityadjustedpv => 0.09903128518127459 ||
	 | fixedstream::aud/aud::6::{05-nov-2018->05-nov-2023}@forwardfxconvexityadjustedrate => 0.020599999999999938 ||
	 | fixedstream::aud/aud::6::{05-nov-2018->05-nov-2023}@forwardfxconvexityadjustedupfront => 0.09903128518127459 ||
	 | fixedstream::aud/aud::6::{05-nov-2018->05-nov-2023}@forwardfxconvexityadjustmentfactor => 1.0 ||
	 | fixedstream::aud/aud::6::{05-nov-2018->05-nov-2023}@forwardfxconvexityadjustmentpremium => 0.0 ||
	 | fixedstream::aud/aud::6::{05-nov-2018->05-nov-2023}@forwardfxconvexityadjustmentpremiumupfront => 0.0 ||
	 | fixedstream::aud/aud::6::{05-nov-2018->05-nov-2023}@fundingfxconvexityadjustedcleandv01 => 4.8073439408385867E-4 ||
	 | fixedstream::aud/aud::6::{05-nov-2018->05-nov-2023}@fundingfxconvexityadjustedcleanprice => 109.90312851812747 ||
	 | fixedstream::aud/aud::6::{05-nov-2018->05-nov-2023}@fundingfxconvexityadjustedcleanpv => 0.09903128518127459 ||
	 | fixedstream::aud/aud::6::{05-nov-2018->05-nov-2023}@fundingfxconvexityadjusteddirtydv01 => 4.8073439408385867E-4 ||
	 | fixedstream::aud/aud::6::{05-nov-2018->05-nov-2023}@fundingfxconvexityadjusteddirtyprice => 109.90312851812747 ||
	 | fixedstream::aud/aud::6::{05-nov-2018->05-nov-2023}@fundingfxconvexityadjusteddirtypv => 0.09903128518127459 ||
	 | fixedstream::aud/aud::6::{05-nov-2018->05-nov-2023}@fundingfxconvexityadjusteddv01 => 4.8073439408385867E-4 ||
	 | fixedstream::aud/aud::6::{05-nov-2018->05-nov-2023}@fundingfxconvexityadjustedfairpremium => 0.020599999999999938 ||
	 | fixedstream::aud/aud::6::{05-nov-2018->05-nov-2023}@fundingfxconvexityadjustedparrate => 0.020599999999999938 ||
	 | fixedstream::aud/aud::6::{05-nov-2018->05-nov-2023}@fundingfxconvexityadjustedprice => 109.90312851812747 ||
	 | fixedstream::aud/aud::6::{05-nov-2018->05-nov-2023}@fundingfxconvexityadjustedpv => 0.09903128518127459 ||
	 | fixedstream::aud/aud::6::{05-nov-2018->05-nov-2023}@fundingfxconvexityadjustedrate => 0.020599999999999938 ||
	 | fixedstream::aud/aud::6::{05-nov-2018->05-nov-2023}@fundingfxconvexityadjustedupfront => 0.09903128518127459 ||
	 | fixedstream::aud/aud::6::{05-nov-2018->05-nov-2023}@fundingfxconvexityadjustmentfactor => 1.0 ||
	 | fixedstream::aud/aud::6::{05-nov-2018->05-nov-2023}@fundingfxconvexityadjustmentpremium => 0.0 ||
	 | fixedstream::aud/aud::6::{05-nov-2018->05-nov-2023}@fundingfxconvexityadjustmentpremiumupfront => 0.0 ||
	 | fixedstream::aud/aud::6::{05-nov-2018->05-nov-2023}@parrate => 0.020599999999999938 ||
	 | fixedstream::aud/aud::6::{05-nov-2018->05-nov-2023}@price => 109.90312851812747 ||
	 | fixedstream::aud/aud::6::{05-nov-2018->05-nov-2023}@pv => 0.09903128518127459 ||
	 | fixedstream::aud/aud::6::{05-nov-2018->05-nov-2023}@rate => 0.020599999999999938 ||
	 | fixedstream::aud/aud::6::{05-nov-2018->05-nov-2023}@resetdate => -2.147483648E9 ||
	 | fixedstream::aud/aud::6::{05-nov-2018->05-nov-2023}@resetrate => NaN ||
	 | fixedstream::aud/aud::6::{05-nov-2018->05-nov-2023}@totalcoupon => 0.20599999999999938 ||
	 | fixedstream::aud/aud::6::{05-nov-2018->05-nov-2023}@unadjustedcleandv01 => 4.8073439408385867E-4 ||
	 | fixedstream::aud/aud::6::{05-nov-2018->05-nov-2023}@unadjustedcleanprice => 109.90312851812747 ||
	 | fixedstream::aud/aud::6::{05-nov-2018->05-nov-2023}@unadjustedcleanpv => 0.09903128518127459 ||
	 | fixedstream::aud/aud::6::{05-nov-2018->05-nov-2023}@unadjusteddirtydv01 => 4.8073439408385867E-4 ||
	 | fixedstream::aud/aud::6::{05-nov-2018->05-nov-2023}@unadjusteddirtyprice => 109.90312851812747 ||
	 | fixedstream::aud/aud::6::{05-nov-2018->05-nov-2023}@unadjusteddirtypv => 0.09903128518127459 ||
	 | fixedstream::aud/aud::6::{05-nov-2018->05-nov-2023}@unadjustedfairpremium => 0.020599999999999938 ||
	 | fixedstream::aud/aud::6::{05-nov-2018->05-nov-2023}@unadjustedparrate => 0.020599999999999938 ||
	 | fixedstream::aud/aud::6::{05-nov-2018->05-nov-2023}@unadjustedprice => 109.90312851812747 ||
	 | fixedstream::aud/aud::6::{05-nov-2018->05-nov-2023}@unadjustedpv => 0.09903128518127459 ||
	 | fixedstream::aud/aud::6::{05-nov-2018->05-nov-2023}@unadjustedrate => 0.020599999999999938 ||
	 | fixedstream::aud/aud::6::{05-nov-2018->05-nov-2023}@unadjustedupfront => 0.09903128518127459 ||
	 | fixedstream::aud/aud::6::{05-nov-2018->05-nov-2023}@upfront => 0.09903128518127459 ||
	 | fixing01 => 0.0 ||
	 | floataccrued => 0.0 ||
	 | floataccrued01 => 0.0 ||
	 | floatdv01 => -4.8073439408385867E-4 ||
	 | floatstream::aud::aud-bbsw-6m::{05-nov-2018->05-nov-2023}@accrualcoupon => NaN ||
	 | floatstream::aud::aud-bbsw-6m::{05-nov-2018->05-nov-2023}@accrued => 0.0 ||
	 | floatstream::aud::aud-bbsw-6m::{05-nov-2018->05-nov-2023}@accrued01 => 0.0 ||
	 | floatstream::aud::aud-bbsw-6m::{05-nov-2018->05-nov-2023}@calctime => 1.11008E-4 ||
	 | floatstream::aud::aud-bbsw-6m::{05-nov-2018->05-nov-2023}@cleandv01 => -4.8073439408385867E-4 ||
	 | floatstream::aud::aud-bbsw-6m::{05-nov-2018->05-nov-2023}@cleanprice => 109.90312851812747 ||
	 | floatstream::aud::aud-bbsw-6m::{05-nov-2018->05-nov-2023}@cleanpv => -0.09903128518127474 ||
	 | floatstream::aud::aud-bbsw-6m::{05-nov-2018->05-nov-2023}@compoundingadjustedcleandv01 => -4.8073439408385867E-4 ||
	 | floatstream::aud::aud-bbsw-6m::{05-nov-2018->05-nov-2023}@compoundingadjustedcleanprice => 109.90312851812747 ||
	 | floatstream::aud::aud-bbsw-6m::{05-nov-2018->05-nov-2023}@compoundingadjustedcleanpv => -0.09903128518127474 ||
	 | floatstream::aud::aud-bbsw-6m::{05-nov-2018->05-nov-2023}@compoundingadjusteddirtydv01 => -4.8073439408385867E-4 ||
	 | floatstream::aud::aud-bbsw-6m::{05-nov-2018->05-nov-2023}@compoundingadjusteddirtyprice => 109.90312851812747 ||
	 | floatstream::aud::aud-bbsw-6m::{05-nov-2018->05-nov-2023}@compoundingadjusteddirtypv => -0.09903128518127474 ||
	 | floatstream::aud::aud-bbsw-6m::{05-nov-2018->05-nov-2023}@compoundingadjustedfairpremium => 0.020599999999999972 ||
	 | floatstream::aud::aud-bbsw-6m::{05-nov-2018->05-nov-2023}@compoundingadjustedparrate => 0.020599999999999972 ||
	 | floatstream::aud::aud-bbsw-6m::{05-nov-2018->05-nov-2023}@compoundingadjustedprice => 109.90312851812747 ||
	 | floatstream::aud::aud-bbsw-6m::{05-nov-2018->05-nov-2023}@compoundingadjustedpv => -0.09903128518127474 ||
	 | floatstream::aud::aud-bbsw-6m::{05-nov-2018->05-nov-2023}@compoundingadjustedrate => 0.020599999999999972 ||
	 | floatstream::aud::aud-bbsw-6m::{05-nov-2018->05-nov-2023}@compoundingadjustedupfront => -0.09903128518127474 ||
	 | floatstream::aud::aud-bbsw-6m::{05-nov-2018->05-nov-2023}@compoundingadjustmentfactor => 1.0 ||
	 | floatstream::aud::aud-bbsw-6m::{05-nov-2018->05-nov-2023}@compoundingadjustmentpremium => 0.0 ||
	 | floatstream::aud::aud-bbsw-6m::{05-nov-2018->05-nov-2023}@compoundingadjustmentpremiumupfront => -0.0 ||
	 | floatstream::aud::aud-bbsw-6m::{05-nov-2018->05-nov-2023}@creditforwardconvexityadjustedcleandv01 => -4.8073439408385867E-4 ||
	 | floatstream::aud::aud-bbsw-6m::{05-nov-2018->05-nov-2023}@creditforwardconvexityadjustedcleanprice => 109.90312851812747 ||
	 | floatstream::aud::aud-bbsw-6m::{05-nov-2018->05-nov-2023}@creditforwardconvexityadjustedcleanpv => -0.09903128518127474 ||
	 | floatstream::aud::aud-bbsw-6m::{05-nov-2018->05-nov-2023}@creditforwardconvexityadjusteddirtydv01 => -4.8073439408385867E-4 ||
	 | floatstream::aud::aud-bbsw-6m::{05-nov-2018->05-nov-2023}@creditforwardconvexityadjusteddirtyprice => 109.90312851812747 ||
	 | floatstream::aud::aud-bbsw-6m::{05-nov-2018->05-nov-2023}@creditforwardconvexityadjusteddirtypv => -0.09903128518127474 ||
	 | floatstream::aud::aud-bbsw-6m::{05-nov-2018->05-nov-2023}@creditforwardconvexityadjusteddv01 => -4.8073439408385867E-4 ||
	 | floatstream::aud::aud-bbsw-6m::{05-nov-2018->05-nov-2023}@creditforwardconvexityadjustedfairpremium => 0.020599999999999972 ||
	 | floatstream::aud::aud-bbsw-6m::{05-nov-2018->05-nov-2023}@creditforwardconvexityadjustedparrate => 0.020599999999999972 ||
	 | floatstream::aud::aud-bbsw-6m::{05-nov-2018->05-nov-2023}@creditforwardconvexityadjustedprice => 109.90312851812747 ||
	 | floatstream::aud::aud-bbsw-6m::{05-nov-2018->05-nov-2023}@creditforwardconvexityadjustedpv => -0.09903128518127474 ||
	 | floatstream::aud::aud-bbsw-6m::{05-nov-2018->05-nov-2023}@creditforwardconvexityadjustedrate => 0.020599999999999972 ||
	 | floatstream::aud::aud-bbsw-6m::{05-nov-2018->05-nov-2023}@creditforwardconvexityadjustedupfront => -0.09903128518127474 ||
	 | floatstream::aud::aud-bbsw-6m::{05-nov-2018->05-nov-2023}@creditforwardconvexityadjustmentfactor => 1.0 ||
	 | floatstream::aud::aud-bbsw-6m::{05-nov-2018->05-nov-2023}@creditforwardconvexityadjustmentpremium => 0.0 ||
	 | floatstream::aud::aud-bbsw-6m::{05-nov-2018->05-nov-2023}@creditforwardconvexityadjustmentpremiumupfront => -0.0 ||
	 | floatstream::aud::aud-bbsw-6m::{05-nov-2018->05-nov-2023}@creditfundingconvexityadjustedcleandv01 => -4.8073439408385867E-4 ||
	 | floatstream::aud::aud-bbsw-6m::{05-nov-2018->05-nov-2023}@creditfundingconvexityadjustedcleanprice => 109.90312851812747 ||
	 | floatstream::aud::aud-bbsw-6m::{05-nov-2018->05-nov-2023}@creditfundingconvexityadjustedcleanpv => -0.09903128518127474 ||
	 | floatstream::aud::aud-bbsw-6m::{05-nov-2018->05-nov-2023}@creditfundingconvexityadjusteddirtydv01 => -4.8073439408385867E-4 ||
	 | floatstream::aud::aud-bbsw-6m::{05-nov-2018->05-nov-2023}@creditfundingconvexityadjusteddirtyprice => 109.90312851812747 ||
	 | floatstream::aud::aud-bbsw-6m::{05-nov-2018->05-nov-2023}@creditfundingconvexityadjusteddirtypv => -0.09903128518127474 ||
	 | floatstream::aud::aud-bbsw-6m::{05-nov-2018->05-nov-2023}@creditfundingconvexityadjusteddv01 => -4.8073439408385867E-4 ||
	 | floatstream::aud::aud-bbsw-6m::{05-nov-2018->05-nov-2023}@creditfundingconvexityadjustedfairpremium => 0.020599999999999972 ||
	 | floatstream::aud::aud-bbsw-6m::{05-nov-2018->05-nov-2023}@creditfundingconvexityadjustedparrate => 0.020599999999999972 ||
	 | floatstream::aud::aud-bbsw-6m::{05-nov-2018->05-nov-2023}@creditfundingconvexityadjustedprice => 109.90312851812747 ||
	 | floatstream::aud::aud-bbsw-6m::{05-nov-2018->05-nov-2023}@creditfundingconvexityadjustedpv => -0.09903128518127474 ||
	 | floatstream::aud::aud-bbsw-6m::{05-nov-2018->05-nov-2023}@creditfundingconvexityadjustedrate => 0.020599999999999972 ||
	 | floatstream::aud::aud-bbsw-6m::{05-nov-2018->05-nov-2023}@creditfundingconvexityadjustedupfront => -0.09903128518127474 ||
	 | floatstream::aud::aud-bbsw-6m::{05-nov-2018->05-nov-2023}@creditfundingconvexityadjustmentfactor => 1.0 ||
	 | floatstream::aud::aud-bbsw-6m::{05-nov-2018->05-nov-2023}@creditfundingconvexityadjustmentpremium => 0.0 ||
	 | floatstream::aud::aud-bbsw-6m::{05-nov-2018->05-nov-2023}@creditfundingconvexityadjustmentpremiumupfront => -0.0 ||
	 | floatstream::aud::aud-bbsw-6m::{05-nov-2018->05-nov-2023}@creditfxconvexityadjustedcleandv01 => -4.8073439408385867E-4 ||
	 | floatstream::aud::aud-bbsw-6m::{05-nov-2018->05-nov-2023}@creditfxconvexityadjustedcleanprice => 109.90312851812747 ||
	 | floatstream::aud::aud-bbsw-6m::{05-nov-2018->05-nov-2023}@creditfxconvexityadjustedcleanpv => -0.09903128518127474 ||
	 | floatstream::aud::aud-bbsw-6m::{05-nov-2018->05-nov-2023}@creditfxconvexityadjusteddirtydv01 => -4.8073439408385867E-4 ||
	 | floatstream::aud::aud-bbsw-6m::{05-nov-2018->05-nov-2023}@creditfxconvexityadjusteddirtyprice => 109.90312851812747 ||
	 | floatstream::aud::aud-bbsw-6m::{05-nov-2018->05-nov-2023}@creditfxconvexityadjusteddirtypv => -0.09903128518127474 ||
	 | floatstream::aud::aud-bbsw-6m::{05-nov-2018->05-nov-2023}@creditfxconvexityadjusteddv01 => -4.8073439408385867E-4 ||
	 | floatstream::aud::aud-bbsw-6m::{05-nov-2018->05-nov-2023}@creditfxconvexityadjustedfairpremium => 0.020599999999999972 ||
	 | floatstream::aud::aud-bbsw-6m::{05-nov-2018->05-nov-2023}@creditfxconvexityadjustedparrate => 0.020599999999999972 ||
	 | floatstream::aud::aud-bbsw-6m::{05-nov-2018->05-nov-2023}@creditfxconvexityadjustedprice => 109.90312851812747 ||
	 | floatstream::aud::aud-bbsw-6m::{05-nov-2018->05-nov-2023}@creditfxconvexityadjustedpv => -0.09903128518127474 ||
	 | floatstream::aud::aud-bbsw-6m::{05-nov-2018->05-nov-2023}@creditfxconvexityadjustedrate => 0.020599999999999972 ||
	 | floatstream::aud::aud-bbsw-6m::{05-nov-2018->05-nov-2023}@creditfxconvexityadjustedupfront => -0.09903128518127474 ||
	 | floatstream::aud::aud-bbsw-6m::{05-nov-2018->05-nov-2023}@creditfxconvexityadjustmentfactor => 1.0 ||
	 | floatstream::aud::aud-bbsw-6m::{05-nov-2018->05-nov-2023}@creditfxconvexityadjustmentpremium => 0.0 ||
	 | floatstream::aud::aud-bbsw-6m::{05-nov-2018->05-nov-2023}@creditfxconvexityadjustmentpremiumupfront => -0.0 ||
	 | floatstream::aud::aud-bbsw-6m::{05-nov-2018->05-nov-2023}@cumulativeconvexityadjustedcleandv01 => -4.8073439408385867E-4 ||
	 | floatstream::aud::aud-bbsw-6m::{05-nov-2018->05-nov-2023}@cumulativeconvexityadjustedcleanprice => 109.90312851812747 ||
	 | floatstream::aud::aud-bbsw-6m::{05-nov-2018->05-nov-2023}@cumulativeconvexityadjustedcleanpv => -0.09903128518127474 ||
	 | floatstream::aud::aud-bbsw-6m::{05-nov-2018->05-nov-2023}@cumulativeconvexityadjusteddirtydv01 => -4.8073439408385867E-4 ||
	 | floatstream::aud::aud-bbsw-6m::{05-nov-2018->05-nov-2023}@cumulativeconvexityadjusteddirtyprice => 109.90312851812747 ||
	 | floatstream::aud::aud-bbsw-6m::{05-nov-2018->05-nov-2023}@cumulativeconvexityadjusteddirtypv => -0.09903128518127474 ||
	 | floatstream::aud::aud-bbsw-6m::{05-nov-2018->05-nov-2023}@cumulativeconvexityadjusteddv01 => -4.8073439408385867E-4 ||
	 | floatstream::aud::aud-bbsw-6m::{05-nov-2018->05-nov-2023}@cumulativeconvexityadjustedfairpremium => 0.020599999999999972 ||
	 | floatstream::aud::aud-bbsw-6m::{05-nov-2018->05-nov-2023}@cumulativeconvexityadjustedparrate => 0.020599999999999972 ||
	 | floatstream::aud::aud-bbsw-6m::{05-nov-2018->05-nov-2023}@cumulativeconvexityadjustedprice => 109.90312851812747 ||
	 | floatstream::aud::aud-bbsw-6m::{05-nov-2018->05-nov-2023}@cumulativeconvexityadjustedpv => -0.09903128518127474 ||
	 | floatstream::aud::aud-bbsw-6m::{05-nov-2018->05-nov-2023}@cumulativeconvexityadjustedrate => 0.020599999999999972 ||
	 | floatstream::aud::aud-bbsw-6m::{05-nov-2018->05-nov-2023}@cumulativeconvexityadjustedupfront => -0.09903128518127474 ||
	 | floatstream::aud::aud-bbsw-6m::{05-nov-2018->05-nov-2023}@cumulativeconvexityadjustmentfactor => 1.0 ||
	 | floatstream::aud::aud-bbsw-6m::{05-nov-2018->05-nov-2023}@cumulativeconvexityadjustmentpremium => 0.0 ||
	 | floatstream::aud::aud-bbsw-6m::{05-nov-2018->05-nov-2023}@cumulativeconvexityadjustmentpremiumupfront => -0.0 ||
	 | floatstream::aud::aud-bbsw-6m::{05-nov-2018->05-nov-2023}@cumulativecouponamount => 0.0 ||
	 | floatstream::aud::aud-bbsw-6m::{05-nov-2018->05-nov-2023}@cumulativecoupondcf => 0.0 ||
	 | floatstream::aud::aud-bbsw-6m::{05-nov-2018->05-nov-2023}@cv01 => -4.8073439408385867E-4 ||
	 | floatstream::aud::aud-bbsw-6m::{05-nov-2018->05-nov-2023}@dirtydv01 => -4.8073439408385867E-4 ||
	 | floatstream::aud::aud-bbsw-6m::{05-nov-2018->05-nov-2023}@dirtyprice => 109.90312851812747 ||
	 | floatstream::aud::aud-bbsw-6m::{05-nov-2018->05-nov-2023}@dirtypv => -0.09903128518127474 ||
	 | floatstream::aud::aud-bbsw-6m::{05-nov-2018->05-nov-2023}@dv01 => -4.8073439408385867E-4 ||
	 | floatstream::aud::aud-bbsw-6m::{05-nov-2018->05-nov-2023}@fairpremium => 0.020599999999999972 ||
	 | floatstream::aud::aud-bbsw-6m::{05-nov-2018->05-nov-2023}@fixing01 => 0.0 ||
	 | floatstream::aud::aud-bbsw-6m::{05-nov-2018->05-nov-2023}@forwardfundingconvexityadjustedcleandv01 => -4.8073439408385867E-4 ||
	 | floatstream::aud::aud-bbsw-6m::{05-nov-2018->05-nov-2023}@forwardfundingconvexityadjustedcleanprice => 109.90312851812747 ||
	 | floatstream::aud::aud-bbsw-6m::{05-nov-2018->05-nov-2023}@forwardfundingconvexityadjustedcleanpv => -0.09903128518127474 ||
	 | floatstream::aud::aud-bbsw-6m::{05-nov-2018->05-nov-2023}@forwardfundingconvexityadjusteddirtydv01 => -4.8073439408385867E-4 ||
	 | floatstream::aud::aud-bbsw-6m::{05-nov-2018->05-nov-2023}@forwardfundingconvexityadjusteddirtyprice => 109.90312851812747 ||
	 | floatstream::aud::aud-bbsw-6m::{05-nov-2018->05-nov-2023}@forwardfundingconvexityadjusteddirtypv => -0.09903128518127474 ||
	 | floatstream::aud::aud-bbsw-6m::{05-nov-2018->05-nov-2023}@forwardfundingconvexityadjusteddv01 => -4.8073439408385867E-4 ||
	 | floatstream::aud::aud-bbsw-6m::{05-nov-2018->05-nov-2023}@forwardfundingconvexityadjustedfairpremium => 0.020599999999999972 ||
	 | floatstream::aud::aud-bbsw-6m::{05-nov-2018->05-nov-2023}@forwardfundingconvexityadjustedparrate => 0.020599999999999972 ||
	 | floatstream::aud::aud-bbsw-6m::{05-nov-2018->05-nov-2023}@forwardfundingconvexityadjustedprice => 109.90312851812747 ||
	 | floatstream::aud::aud-bbsw-6m::{05-nov-2018->05-nov-2023}@forwardfundingconvexityadjustedpv => -0.09903128518127474 ||
	 | floatstream::aud::aud-bbsw-6m::{05-nov-2018->05-nov-2023}@forwardfundingconvexityadjustedrate => 0.020599999999999972 ||
	 | floatstream::aud::aud-bbsw-6m::{05-nov-2018->05-nov-2023}@forwardfundingconvexityadjustedupfront => -0.09903128518127474 ||
	 | floatstream::aud::aud-bbsw-6m::{05-nov-2018->05-nov-2023}@forwardfundingconvexityadjustmentfactor => 1.0 ||
	 | floatstream::aud::aud-bbsw-6m::{05-nov-2018->05-nov-2023}@forwardfundingconvexityadjustmentpremium => 0.0 ||
	 | floatstream::aud::aud-bbsw-6m::{05-nov-2018->05-nov-2023}@forwardfundingconvexityadjustmentpremiumupfront => -0.0 ||
	 | floatstream::aud::aud-bbsw-6m::{05-nov-2018->05-nov-2023}@forwardfxconvexityadjustedcleandv01 => -4.8073439408385867E-4 ||
	 | floatstream::aud::aud-bbsw-6m::{05-nov-2018->05-nov-2023}@forwardfxconvexityadjustedcleanprice => 109.90312851812747 ||
	 | floatstream::aud::aud-bbsw-6m::{05-nov-2018->05-nov-2023}@forwardfxconvexityadjustedcleanpv => -0.09903128518127474 ||
	 | floatstream::aud::aud-bbsw-6m::{05-nov-2018->05-nov-2023}@forwardfxconvexityadjusteddirtydv01 => -4.8073439408385867E-4 ||
	 | floatstream::aud::aud-bbsw-6m::{05-nov-2018->05-nov-2023}@forwardfxconvexityadjusteddirtyprice => 109.90312851812747 ||
	 | floatstream::aud::aud-bbsw-6m::{05-nov-2018->05-nov-2023}@forwardfxconvexityadjusteddirtypv => -0.09903128518127474 ||
	 | floatstream::aud::aud-bbsw-6m::{05-nov-2018->05-nov-2023}@forwardfxconvexityadjusteddv01 => -4.8073439408385867E-4 ||
	 | floatstream::aud::aud-bbsw-6m::{05-nov-2018->05-nov-2023}@forwardfxconvexityadjustedfairpremium => 0.020599999999999972 ||
	 | floatstream::aud::aud-bbsw-6m::{05-nov-2018->05-nov-2023}@forwardfxconvexityadjustedparrate => 0.020599999999999972 ||
	 | floatstream::aud::aud-bbsw-6m::{05-nov-2018->05-nov-2023}@forwardfxconvexityadjustedprice => 109.90312851812747 ||
	 | floatstream::aud::aud-bbsw-6m::{05-nov-2018->05-nov-2023}@forwardfxconvexityadjustedpv => -0.09903128518127474 ||
	 | floatstream::aud::aud-bbsw-6m::{05-nov-2018->05-nov-2023}@forwardfxconvexityadjustedrate => 0.020599999999999972 ||
	 | floatstream::aud::aud-bbsw-6m::{05-nov-2018->05-nov-2023}@forwardfxconvexityadjustedupfront => -0.09903128518127474 ||
	 | floatstream::aud::aud-bbsw-6m::{05-nov-2018->05-nov-2023}@forwardfxconvexityadjustmentfactor => 1.0 ||
	 | floatstream::aud::aud-bbsw-6m::{05-nov-2018->05-nov-2023}@forwardfxconvexityadjustmentpremium => 0.0 ||
	 | floatstream::aud::aud-bbsw-6m::{05-nov-2018->05-nov-2023}@forwardfxconvexityadjustmentpremiumupfront => -0.0 ||
	 | floatstream::aud::aud-bbsw-6m::{05-nov-2018->05-nov-2023}@fundingfxconvexityadjustedcleandv01 => -4.8073439408385867E-4 ||
	 | floatstream::aud::aud-bbsw-6m::{05-nov-2018->05-nov-2023}@fundingfxconvexityadjustedcleanprice => 109.90312851812747 ||
	 | floatstream::aud::aud-bbsw-6m::{05-nov-2018->05-nov-2023}@fundingfxconvexityadjustedcleanpv => -0.09903128518127474 ||
	 | floatstream::aud::aud-bbsw-6m::{05-nov-2018->05-nov-2023}@fundingfxconvexityadjusteddirtydv01 => -4.8073439408385867E-4 ||
	 | floatstream::aud::aud-bbsw-6m::{05-nov-2018->05-nov-2023}@fundingfxconvexityadjusteddirtyprice => 109.90312851812747 ||
	 | floatstream::aud::aud-bbsw-6m::{05-nov-2018->05-nov-2023}@fundingfxconvexityadjusteddirtypv => -0.09903128518127474 ||
	 | floatstream::aud::aud-bbsw-6m::{05-nov-2018->05-nov-2023}@fundingfxconvexityadjusteddv01 => -4.8073439408385867E-4 ||
	 | floatstream::aud::aud-bbsw-6m::{05-nov-2018->05-nov-2023}@fundingfxconvexityadjustedfairpremium => 0.020599999999999972 ||
	 | floatstream::aud::aud-bbsw-6m::{05-nov-2018->05-nov-2023}@fundingfxconvexityadjustedparrate => 0.020599999999999972 ||
	 | floatstream::aud::aud-bbsw-6m::{05-nov-2018->05-nov-2023}@fundingfxconvexityadjustedprice => 109.90312851812747 ||
	 | floatstream::aud::aud-bbsw-6m::{05-nov-2018->05-nov-2023}@fundingfxconvexityadjustedpv => -0.09903128518127474 ||
	 | floatstream::aud::aud-bbsw-6m::{05-nov-2018->05-nov-2023}@fundingfxconvexityadjustedrate => 0.020599999999999972 ||
	 | floatstream::aud::aud-bbsw-6m::{05-nov-2018->05-nov-2023}@fundingfxconvexityadjustedupfront => -0.09903128518127474 ||
	 | floatstream::aud::aud-bbsw-6m::{05-nov-2018->05-nov-2023}@fundingfxconvexityadjustmentfactor => 1.0 ||
	 | floatstream::aud::aud-bbsw-6m::{05-nov-2018->05-nov-2023}@fundingfxconvexityadjustmentpremium => 0.0 ||
	 | floatstream::aud::aud-bbsw-6m::{05-nov-2018->05-nov-2023}@fundingfxconvexityadjustmentpremiumupfront => -0.0 ||
	 | floatstream::aud::aud-bbsw-6m::{05-nov-2018->05-nov-2023}@parrate => 0.020599999999999972 ||
	 | floatstream::aud::aud-bbsw-6m::{05-nov-2018->05-nov-2023}@price => 109.90312851812747 ||
	 | floatstream::aud::aud-bbsw-6m::{05-nov-2018->05-nov-2023}@pv => -0.09903128518127474 ||
	 | floatstream::aud::aud-bbsw-6m::{05-nov-2018->05-nov-2023}@rate => 0.020599999999999972 ||
	 | floatstream::aud::aud-bbsw-6m::{05-nov-2018->05-nov-2023}@resetdate => -2.147483648E9 ||
	 | floatstream::aud::aud-bbsw-6m::{05-nov-2018->05-nov-2023}@resetrate => NaN ||
	 | floatstream::aud::aud-bbsw-6m::{05-nov-2018->05-nov-2023}@totalcoupon => 0.20998554393755012 ||
	 | floatstream::aud::aud-bbsw-6m::{05-nov-2018->05-nov-2023}@unadjustedcleandv01 => -4.8073439408385867E-4 ||
	 | floatstream::aud::aud-bbsw-6m::{05-nov-2018->05-nov-2023}@unadjustedcleanprice => 109.90312851812747 ||
	 | floatstream::aud::aud-bbsw-6m::{05-nov-2018->05-nov-2023}@unadjustedcleanpv => -0.09903128518127474 ||
	 | floatstream::aud::aud-bbsw-6m::{05-nov-2018->05-nov-2023}@unadjusteddirtydv01 => -4.8073439408385867E-4 ||
	 | floatstream::aud::aud-bbsw-6m::{05-nov-2018->05-nov-2023}@unadjusteddirtyprice => 109.90312851812747 ||
	 | floatstream::aud::aud-bbsw-6m::{05-nov-2018->05-nov-2023}@unadjusteddirtypv => -0.09903128518127474 ||
	 | floatstream::aud::aud-bbsw-6m::{05-nov-2018->05-nov-2023}@unadjustedfairpremium => 0.020599999999999972 ||
	 | floatstream::aud::aud-bbsw-6m::{05-nov-2018->05-nov-2023}@unadjustedparrate => 0.020599999999999972 ||
	 | floatstream::aud::aud-bbsw-6m::{05-nov-2018->05-nov-2023}@unadjustedprice => 109.90312851812747 ||
	 | floatstream::aud::aud-bbsw-6m::{05-nov-2018->05-nov-2023}@unadjustedpv => -0.09903128518127474 ||
	 | floatstream::aud::aud-bbsw-6m::{05-nov-2018->05-nov-2023}@unadjustedrate => 0.020599999999999972 ||
	 | floatstream::aud::aud-bbsw-6m::{05-nov-2018->05-nov-2023}@unadjustedupfront => -0.09903128518127474 ||
	 | floatstream::aud::aud-bbsw-6m::{05-nov-2018->05-nov-2023}@upfront => -0.09903128518127474 ||
	 | initialnotional => 1.0 ||
	 | parfixedcoupon => 0.020599999999999972 ||
	 | parrate => 0.020599999999999972 ||
	 | parswaprate => 0.020599999999999972 ||
	 | price => 99.99999999999999 ||
	 | pv => -1.5265566588595902E-16 ||
	 | rate => 0.020599999999999972 ||
	 | referenceaccrued => 0.0 ||
	 | referenceaccrued01 => 0.0 ||
	 | referencecleandv01 => 4.8073439408385867E-4 ||
	 | referencecleanpv => 0.09903128518127459 ||
	 | referencecumulativeconvexityadjustmentfactor => 1.0 ||
	 | referencecumulativeconvexityadjustmentpremium => 0.0 ||
	 | referencecumulativecouponamount => 0.0 ||
	 | referencecumulativecoupondcf => 0.0 ||
	 | referencedirtydv01 => 4.8073439408385867E-4 ||
	 | referencedirtypv => 0.09903128518127459 ||
	 | referencedv01 => 4.8073439408385867E-4 ||
	 | referenceparbasisspread => 3.175467945805641E-13 ||
	 | referencepv => 0.09903128518127459 ||
	 | resetdate => -2.147483648E9 ||
	 | resetrate => NaN ||
	 | swaprate => 0.020599999999999972 ||
	 | upfront => -1.5265566588595902E-16 ||
	 |------------------------------||


		|----------------------------------------------------------------------------------------------------------------------||
		|    Floating Stream Cash Flow Details                                                                                 ||
		|    -------- ------ ---- ---- -------                                                                                 ||
		|               Start Date                                                                                             ||
		|               End Date                                                                                               ||
		|               Pay Date                                                                                               ||
		|               FX Fixing Date                                                                                         ||
		|               Base Notional                                                                                          ||
		|               Period DCF                                                                                             ||
		|               Tenor                                                                                                  ||
		|               Funding Label                                                                                          ||
		|               Forward Label                                                                                          ||
		|               Pay Discount Factor                                                                                    ||
		|               Coupon Rate                                                                                            ||
		|----------------------------------------------------------------------------------------------------------------------||
		| [05-NOV-2018 - 05-MAY-2019] => 05-MAY-2019 | 05-MAY-2019 | -1.0000 |  0.4959 | 6M | AUD | AUD-BBSW-6M |  0.9987 |  0.26% ||
		| [05-MAY-2019 - 05-NOV-2019] => 05-NOV-2019 | 05-NOV-2019 | -1.0000 |  0.5041 | 6M | AUD | AUD-BBSW-6M |  0.9966 |  0.42% ||
		| [05-NOV-2019 - 05-MAY-2020] => 05-MAY-2020 | 05-MAY-2020 | -1.0000 |  0.4986 | 6M | AUD | AUD-BBSW-6M |  0.9927 |  0.79% ||
		| [05-MAY-2020 - 05-NOV-2020] => 05-NOV-2020 | 05-NOV-2020 | -1.0000 |  0.5041 | 6M | AUD | AUD-BBSW-6M |  0.9859 |  1.36% ||
		| [05-NOV-2020 - 05-MAY-2021] => 05-MAY-2021 | 05-MAY-2021 | -1.0000 |  0.4959 | 6M | AUD | AUD-BBSW-6M |  0.9704 |  3.22% ||
		| [05-MAY-2021 - 05-NOV-2021] => 05-NOV-2021 | 05-NOV-2021 | -1.0000 |  0.5041 | 6M | AUD | AUD-BBSW-6M |  0.9608 |  1.99% ||
		| [05-NOV-2021 - 05-MAY-2022] => 05-MAY-2022 | 05-MAY-2022 | -1.0000 |  0.4959 | 6M | AUD | AUD-BBSW-6M |  0.9493 |  2.44% ||
		| [05-MAY-2022 - 05-NOV-2022] => 05-NOV-2022 | 05-NOV-2022 | -1.0000 |  0.5041 | 6M | AUD | AUD-BBSW-6M |  0.9353 |  2.97% ||
		| [05-NOV-2022 - 05-MAY-2023] => 05-MAY-2023 | 05-MAY-2023 | -1.0000 |  0.4959 | 6M | AUD | AUD-BBSW-6M |  0.9191 |  3.56% ||
		| [05-MAY-2023 - 05-NOV-2023] => 05-NOV-2023 | 05-NOV-2023 | -1.0000 |  0.5041 | 6M | AUD | AUD-BBSW-6M |  0.9010 |  3.99% ||
		|----------------------------------------------------------------------------------------------------------------------||


		|--------------------------------------------------------------------------------------------------------||
		|    Fixed Stream Cash Flow Details                                                                      ||
		|    ----- ------ ---- ---- -------                                                                      ||
		|               Start Date                                                                               ||
		|               End Date                                                                                 ||
		|               Pay Date                                                                                 ||
		|               FX Fixing Date                                                                           ||
		|               Base Notional                                                                            ||
		|               Period DCF                                                                               ||
		|               Tenor                                                                                    ||
		|               Funding Label                                                                            ||
		|               Pay Discount Factor                                                                      ||
		|               Coupon Rate                                                                              ||
		|--------------------------------------------------------------------------------------------------------||
		| [05-NOV-2018 - 05-MAY-2019] => 05-MAY-2019 | 05-MAY-2019 |  1.0000 |  0.4959 | 6M | AUD |  0.9987 |  2.06% ||
		| [05-MAY-2019 - 05-NOV-2019] => 05-NOV-2019 | 05-NOV-2019 |  1.0000 |  0.5041 | 6M | AUD |  0.9966 |  2.06% ||
		| [05-NOV-2019 - 05-MAY-2020] => 05-MAY-2020 | 05-MAY-2020 |  1.0000 |  0.4986 | 6M | AUD |  0.9927 |  2.06% ||
		| [05-MAY-2020 - 05-NOV-2020] => 05-NOV-2020 | 05-NOV-2020 |  1.0000 |  0.5041 | 6M | AUD |  0.9859 |  2.06% ||
		| [05-NOV-2020 - 05-MAY-2021] => 05-MAY-2021 | 05-MAY-2021 |  1.0000 |  0.4959 | 6M | AUD |  0.9704 |  2.06% ||
		| [05-MAY-2021 - 05-NOV-2021] => 05-NOV-2021 | 05-NOV-2021 |  1.0000 |  0.5041 | 6M | AUD |  0.9608 |  2.06% ||
		| [05-NOV-2021 - 05-MAY-2022] => 05-MAY-2022 | 05-MAY-2022 |  1.0000 |  0.4959 | 6M | AUD |  0.9493 |  2.06% ||
		| [05-MAY-2022 - 05-NOV-2022] => 05-NOV-2022 | 05-NOV-2022 |  1.0000 |  0.5041 | 6M | AUD |  0.9353 |  2.06% ||
		| [05-NOV-2022 - 05-MAY-2023] => 05-MAY-2023 | 05-MAY-2023 |  1.0000 |  0.4959 | 6M | AUD |  0.9191 |  2.06% ||
		| [05-MAY-2023 - 05-NOV-2023] => 05-NOV-2023 | 05-NOV-2023 |  1.0000 |  0.5041 | 6M | AUD |  0.9010 |  2.06% ||
		|--------------------------------------------------------------------------------------------------------||

	|-----------------------------------------------------------------|
	|    Copyright (C) 2011-2018 (DRIP)
	|-----------------------------------------------------------------|
	|    Build Version  => 3.86.0 multi mode
	|    Build JVM (TM) => 1.8.0_112
	|    Build Snap     => Fri Nov 02 21:22:20 EST 2018
	|    Start Time     => Fri Nov 02 23:11:28 EDT 2018
	|    Setup Time     => Fri Nov 02 23:11:28 EDT 2018
	|    Setup Duration => 0 ms
	|-----------------------------------------------------------------|

	 | accrued => 0.0 ||
	 | calctime => 3.5115E-4 ||
	 | calibfloatingpv => 0.09903511612015992 ||
	 | calibswaprate => 0.020600000000000007 ||
	 | cleanfixeddv01 => 4.807529908745625E-4 ||
	 | cleanfloatingdv01 => -4.807529908745625E-4 ||
	 | cleanfloatingpv => -0.09903511612016022 ||
	 | cleanprice => 99.99999999999993 ||
	 | cleanpv => -6.800116025829084E-16 ||
	 | cumulativeconvexityadjustmentpremium => 0.0 ||
	 | cumulativecouponamount => 0.0 ||
	 | cumulativecoupondcf => 0.0 ||
	 | derivedaccrued => 0.0 ||
	 | derivedaccrued01 => 0.0 ||
	 | derivedcleandv01 => -4.807529908745625E-4 ||
	 | derivedcleanpv => -0.09903511612016022 ||
	 | derivedcumulativeconvexityadjustmentfactor => 1.0 ||
	 | derivedcumulativeconvexityadjustmentpremium => -0.0 ||
	 | derivedcumulativecouponamount => 0.0 ||
	 | derivedcumulativecoupondcf => 0.0 ||
	 | deriveddirtydv01 => -4.807529908745625E-4 ||
	 | deriveddirtypv => -0.09903511612016022 ||
	 | deriveddv01 => -4.807529908745625E-4 ||
	 | derivedfixing01 => 0.0 ||
	 | derivedparbasisspread => -1.4144719127921895E-12 ||
	 | derivedpv => -0.09903511612016022 ||
	 | derivedresetdate => -2.147483648E9 ||
	 | derivedresetrate => NaN ||
	 | dirtyfixeddv01 => 4.807529908745625E-4 ||
	 | dirtyfixedpv => 0.09903511612015954 ||
	 | dirtyfloatingdv01 => -4.807529908745625E-4 ||
	 | dirtyfloatingpv => -0.09903511612016022 ||
	 | dirtyprice => 99.99999999999993 ||
	 | dirtypv => -6.800116025829084E-16 ||
	 | fairpremium => 0.020600000000000073 ||
	 | fixedaccrued => 0.0 ||
	 | fixedaccrued01 => 0.0 ||
	 | fixeddv01 => 4.807529908745625E-4 ||
	 | fixedstream::cad/cad::6::{02-nov-2018->02-nov-2023}@accrualcoupon => NaN ||
	 | fixedstream::cad/cad::6::{02-nov-2018->02-nov-2023}@accrued => 0.0 ||
	 | fixedstream::cad/cad::6::{02-nov-2018->02-nov-2023}@accrued01 => 0.0 ||
	 | fixedstream::cad/cad::6::{02-nov-2018->02-nov-2023}@calctime => 6.230000000000001E-5 ||
	 | fixedstream::cad/cad::6::{02-nov-2018->02-nov-2023}@cleandv01 => 4.807529908745625E-4 ||
	 | fixedstream::cad/cad::6::{02-nov-2018->02-nov-2023}@cleanprice => 109.90351161201595 ||
	 | fixedstream::cad/cad::6::{02-nov-2018->02-nov-2023}@cleanpv => 0.09903511612015954 ||
	 | fixedstream::cad/cad::6::{02-nov-2018->02-nov-2023}@compoundingadjustedcleandv01 => 4.807529908745625E-4 ||
	 | fixedstream::cad/cad::6::{02-nov-2018->02-nov-2023}@compoundingadjustedcleanprice => 109.90351161201595 ||
	 | fixedstream::cad/cad::6::{02-nov-2018->02-nov-2023}@compoundingadjustedcleanpv => 0.09903511612015954 ||
	 | fixedstream::cad/cad::6::{02-nov-2018->02-nov-2023}@compoundingadjusteddirtydv01 => 4.807529908745625E-4 ||
	 | fixedstream::cad/cad::6::{02-nov-2018->02-nov-2023}@compoundingadjusteddirtyprice => 109.90351161201595 ||
	 | fixedstream::cad/cad::6::{02-nov-2018->02-nov-2023}@compoundingadjusteddirtypv => 0.09903511612015954 ||
	 | fixedstream::cad/cad::6::{02-nov-2018->02-nov-2023}@compoundingadjustedfairpremium => 0.02059999999999993 ||
	 | fixedstream::cad/cad::6::{02-nov-2018->02-nov-2023}@compoundingadjustedparrate => 0.02059999999999993 ||
	 | fixedstream::cad/cad::6::{02-nov-2018->02-nov-2023}@compoundingadjustedprice => 109.90351161201595 ||
	 | fixedstream::cad/cad::6::{02-nov-2018->02-nov-2023}@compoundingadjustedpv => 0.09903511612015954 ||
	 | fixedstream::cad/cad::6::{02-nov-2018->02-nov-2023}@compoundingadjustedrate => 0.02059999999999993 ||
	 | fixedstream::cad/cad::6::{02-nov-2018->02-nov-2023}@compoundingadjustedupfront => 0.09903511612015954 ||
	 | fixedstream::cad/cad::6::{02-nov-2018->02-nov-2023}@compoundingadjustmentfactor => 1.0 ||
	 | fixedstream::cad/cad::6::{02-nov-2018->02-nov-2023}@compoundingadjustmentpremium => 0.0 ||
	 | fixedstream::cad/cad::6::{02-nov-2018->02-nov-2023}@compoundingadjustmentpremiumupfront => 0.0 ||
	 | fixedstream::cad/cad::6::{02-nov-2018->02-nov-2023}@creditforwardconvexityadjustedcleandv01 => 4.807529908745625E-4 ||
	 | fixedstream::cad/cad::6::{02-nov-2018->02-nov-2023}@creditforwardconvexityadjustedcleanprice => 109.90351161201595 ||
	 | fixedstream::cad/cad::6::{02-nov-2018->02-nov-2023}@creditforwardconvexityadjustedcleanpv => 0.09903511612015954 ||
	 | fixedstream::cad/cad::6::{02-nov-2018->02-nov-2023}@creditforwardconvexityadjusteddirtydv01 => 4.807529908745625E-4 ||
	 | fixedstream::cad/cad::6::{02-nov-2018->02-nov-2023}@creditforwardconvexityadjusteddirtyprice => 109.90351161201595 ||
	 | fixedstream::cad/cad::6::{02-nov-2018->02-nov-2023}@creditforwardconvexityadjusteddirtypv => 0.09903511612015954 ||
	 | fixedstream::cad/cad::6::{02-nov-2018->02-nov-2023}@creditforwardconvexityadjusteddv01 => 4.807529908745625E-4 ||
	 | fixedstream::cad/cad::6::{02-nov-2018->02-nov-2023}@creditforwardconvexityadjustedfairpremium => 0.02059999999999993 ||
	 | fixedstream::cad/cad::6::{02-nov-2018->02-nov-2023}@creditforwardconvexityadjustedparrate => 0.02059999999999993 ||
	 | fixedstream::cad/cad::6::{02-nov-2018->02-nov-2023}@creditforwardconvexityadjustedprice => 109.90351161201595 ||
	 | fixedstream::cad/cad::6::{02-nov-2018->02-nov-2023}@creditforwardconvexityadjustedpv => 0.09903511612015954 ||
	 | fixedstream::cad/cad::6::{02-nov-2018->02-nov-2023}@creditforwardconvexityadjustedrate => 0.02059999999999993 ||
	 | fixedstream::cad/cad::6::{02-nov-2018->02-nov-2023}@creditforwardconvexityadjustedupfront => 0.09903511612015954 ||
	 | fixedstream::cad/cad::6::{02-nov-2018->02-nov-2023}@creditforwardconvexityadjustmentfactor => 1.0 ||
	 | fixedstream::cad/cad::6::{02-nov-2018->02-nov-2023}@creditforwardconvexityadjustmentpremium => 0.0 ||
	 | fixedstream::cad/cad::6::{02-nov-2018->02-nov-2023}@creditforwardconvexityadjustmentpremiumupfront => 0.0 ||
	 | fixedstream::cad/cad::6::{02-nov-2018->02-nov-2023}@creditfundingconvexityadjustedcleandv01 => 4.807529908745625E-4 ||
	 | fixedstream::cad/cad::6::{02-nov-2018->02-nov-2023}@creditfundingconvexityadjustedcleanprice => 109.90351161201595 ||
	 | fixedstream::cad/cad::6::{02-nov-2018->02-nov-2023}@creditfundingconvexityadjustedcleanpv => 0.09903511612015954 ||
	 | fixedstream::cad/cad::6::{02-nov-2018->02-nov-2023}@creditfundingconvexityadjusteddirtydv01 => 4.807529908745625E-4 ||
	 | fixedstream::cad/cad::6::{02-nov-2018->02-nov-2023}@creditfundingconvexityadjusteddirtyprice => 109.90351161201595 ||
	 | fixedstream::cad/cad::6::{02-nov-2018->02-nov-2023}@creditfundingconvexityadjusteddirtypv => 0.09903511612015954 ||
	 | fixedstream::cad/cad::6::{02-nov-2018->02-nov-2023}@creditfundingconvexityadjusteddv01 => 4.807529908745625E-4 ||
	 | fixedstream::cad/cad::6::{02-nov-2018->02-nov-2023}@creditfundingconvexityadjustedfairpremium => 0.02059999999999993 ||
	 | fixedstream::cad/cad::6::{02-nov-2018->02-nov-2023}@creditfundingconvexityadjustedparrate => 0.02059999999999993 ||
	 | fixedstream::cad/cad::6::{02-nov-2018->02-nov-2023}@creditfundingconvexityadjustedprice => 109.90351161201595 ||
	 | fixedstream::cad/cad::6::{02-nov-2018->02-nov-2023}@creditfundingconvexityadjustedpv => 0.09903511612015954 ||
	 | fixedstream::cad/cad::6::{02-nov-2018->02-nov-2023}@creditfundingconvexityadjustedrate => 0.02059999999999993 ||
	 | fixedstream::cad/cad::6::{02-nov-2018->02-nov-2023}@creditfundingconvexityadjustedupfront => 0.09903511612015954 ||
	 | fixedstream::cad/cad::6::{02-nov-2018->02-nov-2023}@creditfundingconvexityadjustmentfactor => 1.0 ||
	 | fixedstream::cad/cad::6::{02-nov-2018->02-nov-2023}@creditfundingconvexityadjustmentpremium => 0.0 ||
	 | fixedstream::cad/cad::6::{02-nov-2018->02-nov-2023}@creditfundingconvexityadjustmentpremiumupfront => 0.0 ||
	 | fixedstream::cad/cad::6::{02-nov-2018->02-nov-2023}@creditfxconvexityadjustedcleandv01 => 4.807529908745625E-4 ||
	 | fixedstream::cad/cad::6::{02-nov-2018->02-nov-2023}@creditfxconvexityadjustedcleanprice => 109.90351161201595 ||
	 | fixedstream::cad/cad::6::{02-nov-2018->02-nov-2023}@creditfxconvexityadjustedcleanpv => 0.09903511612015954 ||
	 | fixedstream::cad/cad::6::{02-nov-2018->02-nov-2023}@creditfxconvexityadjusteddirtydv01 => 4.807529908745625E-4 ||
	 | fixedstream::cad/cad::6::{02-nov-2018->02-nov-2023}@creditfxconvexityadjusteddirtyprice => 109.90351161201595 ||
	 | fixedstream::cad/cad::6::{02-nov-2018->02-nov-2023}@creditfxconvexityadjusteddirtypv => 0.09903511612015954 ||
	 | fixedstream::cad/cad::6::{02-nov-2018->02-nov-2023}@creditfxconvexityadjusteddv01 => 4.807529908745625E-4 ||
	 | fixedstream::cad/cad::6::{02-nov-2018->02-nov-2023}@creditfxconvexityadjustedfairpremium => 0.02059999999999993 ||
	 | fixedstream::cad/cad::6::{02-nov-2018->02-nov-2023}@creditfxconvexityadjustedparrate => 0.02059999999999993 ||
	 | fixedstream::cad/cad::6::{02-nov-2018->02-nov-2023}@creditfxconvexityadjustedprice => 109.90351161201595 ||
	 | fixedstream::cad/cad::6::{02-nov-2018->02-nov-2023}@creditfxconvexityadjustedpv => 0.09903511612015954 ||
	 | fixedstream::cad/cad::6::{02-nov-2018->02-nov-2023}@creditfxconvexityadjustedrate => 0.02059999999999993 ||
	 | fixedstream::cad/cad::6::{02-nov-2018->02-nov-2023}@creditfxconvexityadjustedupfront => 0.09903511612015954 ||
	 | fixedstream::cad/cad::6::{02-nov-2018->02-nov-2023}@creditfxconvexityadjustmentfactor => 1.0 ||
	 | fixedstream::cad/cad::6::{02-nov-2018->02-nov-2023}@creditfxconvexityadjustmentpremium => 0.0 ||
	 | fixedstream::cad/cad::6::{02-nov-2018->02-nov-2023}@creditfxconvexityadjustmentpremiumupfront => 0.0 ||
	 | fixedstream::cad/cad::6::{02-nov-2018->02-nov-2023}@cumulativeconvexityadjustedcleandv01 => 4.807529908745625E-4 ||
	 | fixedstream::cad/cad::6::{02-nov-2018->02-nov-2023}@cumulativeconvexityadjustedcleanprice => 109.90351161201595 ||
	 | fixedstream::cad/cad::6::{02-nov-2018->02-nov-2023}@cumulativeconvexityadjustedcleanpv => 0.09903511612015954 ||
	 | fixedstream::cad/cad::6::{02-nov-2018->02-nov-2023}@cumulativeconvexityadjusteddirtydv01 => 4.807529908745625E-4 ||
	 | fixedstream::cad/cad::6::{02-nov-2018->02-nov-2023}@cumulativeconvexityadjusteddirtyprice => 109.90351161201595 ||
	 | fixedstream::cad/cad::6::{02-nov-2018->02-nov-2023}@cumulativeconvexityadjusteddirtypv => 0.09903511612015954 ||
	 | fixedstream::cad/cad::6::{02-nov-2018->02-nov-2023}@cumulativeconvexityadjusteddv01 => 4.807529908745625E-4 ||
	 | fixedstream::cad/cad::6::{02-nov-2018->02-nov-2023}@cumulativeconvexityadjustedfairpremium => 0.02059999999999993 ||
	 | fixedstream::cad/cad::6::{02-nov-2018->02-nov-2023}@cumulativeconvexityadjustedparrate => 0.02059999999999993 ||
	 | fixedstream::cad/cad::6::{02-nov-2018->02-nov-2023}@cumulativeconvexityadjustedprice => 109.90351161201595 ||
	 | fixedstream::cad/cad::6::{02-nov-2018->02-nov-2023}@cumulativeconvexityadjustedpv => 0.09903511612015954 ||
	 | fixedstream::cad/cad::6::{02-nov-2018->02-nov-2023}@cumulativeconvexityadjustedrate => 0.02059999999999993 ||
	 | fixedstream::cad/cad::6::{02-nov-2018->02-nov-2023}@cumulativeconvexityadjustedupfront => 0.09903511612015954 ||
	 | fixedstream::cad/cad::6::{02-nov-2018->02-nov-2023}@cumulativeconvexityadjustmentfactor => 1.0 ||
	 | fixedstream::cad/cad::6::{02-nov-2018->02-nov-2023}@cumulativeconvexityadjustmentpremium => 0.0 ||
	 | fixedstream::cad/cad::6::{02-nov-2018->02-nov-2023}@cumulativeconvexityadjustmentpremiumupfront => 0.0 ||
	 | fixedstream::cad/cad::6::{02-nov-2018->02-nov-2023}@cumulativecouponamount => 0.0 ||
	 | fixedstream::cad/cad::6::{02-nov-2018->02-nov-2023}@cumulativecoupondcf => 0.0 ||
	 | fixedstream::cad/cad::6::{02-nov-2018->02-nov-2023}@cv01 => 4.807529908745625E-4 ||
	 | fixedstream::cad/cad::6::{02-nov-2018->02-nov-2023}@dirtydv01 => 4.807529908745625E-4 ||
	 | fixedstream::cad/cad::6::{02-nov-2018->02-nov-2023}@dirtyprice => 109.90351161201595 ||
	 | fixedstream::cad/cad::6::{02-nov-2018->02-nov-2023}@dirtypv => 0.09903511612015954 ||
	 | fixedstream::cad/cad::6::{02-nov-2018->02-nov-2023}@dv01 => 4.807529908745625E-4 ||
	 | fixedstream::cad/cad::6::{02-nov-2018->02-nov-2023}@fairpremium => 0.02059999999999993 ||
	 | fixedstream::cad/cad::6::{02-nov-2018->02-nov-2023}@fixing01 => 0.0 ||
	 | fixedstream::cad/cad::6::{02-nov-2018->02-nov-2023}@forwardfundingconvexityadjustedcleandv01 => 4.807529908745625E-4 ||
	 | fixedstream::cad/cad::6::{02-nov-2018->02-nov-2023}@forwardfundingconvexityadjustedcleanprice => 109.90351161201595 ||
	 | fixedstream::cad/cad::6::{02-nov-2018->02-nov-2023}@forwardfundingconvexityadjustedcleanpv => 0.09903511612015954 ||
	 | fixedstream::cad/cad::6::{02-nov-2018->02-nov-2023}@forwardfundingconvexityadjusteddirtydv01 => 4.807529908745625E-4 ||
	 | fixedstream::cad/cad::6::{02-nov-2018->02-nov-2023}@forwardfundingconvexityadjusteddirtyprice => 109.90351161201595 ||
	 | fixedstream::cad/cad::6::{02-nov-2018->02-nov-2023}@forwardfundingconvexityadjusteddirtypv => 0.09903511612015954 ||
	 | fixedstream::cad/cad::6::{02-nov-2018->02-nov-2023}@forwardfundingconvexityadjusteddv01 => 4.807529908745625E-4 ||
	 | fixedstream::cad/cad::6::{02-nov-2018->02-nov-2023}@forwardfundingconvexityadjustedfairpremium => 0.02059999999999993 ||
	 | fixedstream::cad/cad::6::{02-nov-2018->02-nov-2023}@forwardfundingconvexityadjustedparrate => 0.02059999999999993 ||
	 | fixedstream::cad/cad::6::{02-nov-2018->02-nov-2023}@forwardfundingconvexityadjustedprice => 109.90351161201595 ||
	 | fixedstream::cad/cad::6::{02-nov-2018->02-nov-2023}@forwardfundingconvexityadjustedpv => 0.09903511612015954 ||
	 | fixedstream::cad/cad::6::{02-nov-2018->02-nov-2023}@forwardfundingconvexityadjustedrate => 0.02059999999999993 ||
	 | fixedstream::cad/cad::6::{02-nov-2018->02-nov-2023}@forwardfundingconvexityadjustedupfront => 0.09903511612015954 ||
	 | fixedstream::cad/cad::6::{02-nov-2018->02-nov-2023}@forwardfundingconvexityadjustmentfactor => 1.0 ||
	 | fixedstream::cad/cad::6::{02-nov-2018->02-nov-2023}@forwardfundingconvexityadjustmentpremium => 0.0 ||
	 | fixedstream::cad/cad::6::{02-nov-2018->02-nov-2023}@forwardfundingconvexityadjustmentpremiumupfront => 0.0 ||
	 | fixedstream::cad/cad::6::{02-nov-2018->02-nov-2023}@forwardfxconvexityadjustedcleandv01 => 4.807529908745625E-4 ||
	 | fixedstream::cad/cad::6::{02-nov-2018->02-nov-2023}@forwardfxconvexityadjustedcleanprice => 109.90351161201595 ||
	 | fixedstream::cad/cad::6::{02-nov-2018->02-nov-2023}@forwardfxconvexityadjustedcleanpv => 0.09903511612015954 ||
	 | fixedstream::cad/cad::6::{02-nov-2018->02-nov-2023}@forwardfxconvexityadjusteddirtydv01 => 4.807529908745625E-4 ||
	 | fixedstream::cad/cad::6::{02-nov-2018->02-nov-2023}@forwardfxconvexityadjusteddirtyprice => 109.90351161201595 ||
	 | fixedstream::cad/cad::6::{02-nov-2018->02-nov-2023}@forwardfxconvexityadjusteddirtypv => 0.09903511612015954 ||
	 | fixedstream::cad/cad::6::{02-nov-2018->02-nov-2023}@forwardfxconvexityadjusteddv01 => 4.807529908745625E-4 ||
	 | fixedstream::cad/cad::6::{02-nov-2018->02-nov-2023}@forwardfxconvexityadjustedfairpremium => 0.02059999999999993 ||
	 | fixedstream::cad/cad::6::{02-nov-2018->02-nov-2023}@forwardfxconvexityadjustedparrate => 0.02059999999999993 ||
	 | fixedstream::cad/cad::6::{02-nov-2018->02-nov-2023}@forwardfxconvexityadjustedprice => 109.90351161201595 ||
	 | fixedstream::cad/cad::6::{02-nov-2018->02-nov-2023}@forwardfxconvexityadjustedpv => 0.09903511612015954 ||
	 | fixedstream::cad/cad::6::{02-nov-2018->02-nov-2023}@forwardfxconvexityadjustedrate => 0.02059999999999993 ||
	 | fixedstream::cad/cad::6::{02-nov-2018->02-nov-2023}@forwardfxconvexityadjustedupfront => 0.09903511612015954 ||
	 | fixedstream::cad/cad::6::{02-nov-2018->02-nov-2023}@forwardfxconvexityadjustmentfactor => 1.0 ||
	 | fixedstream::cad/cad::6::{02-nov-2018->02-nov-2023}@forwardfxconvexityadjustmentpremium => 0.0 ||
	 | fixedstream::cad/cad::6::{02-nov-2018->02-nov-2023}@forwardfxconvexityadjustmentpremiumupfront => 0.0 ||
	 | fixedstream::cad/cad::6::{02-nov-2018->02-nov-2023}@fundingfxconvexityadjustedcleandv01 => 4.807529908745625E-4 ||
	 | fixedstream::cad/cad::6::{02-nov-2018->02-nov-2023}@fundingfxconvexityadjustedcleanprice => 109.90351161201595 ||
	 | fixedstream::cad/cad::6::{02-nov-2018->02-nov-2023}@fundingfxconvexityadjustedcleanpv => 0.09903511612015954 ||
	 | fixedstream::cad/cad::6::{02-nov-2018->02-nov-2023}@fundingfxconvexityadjusteddirtydv01 => 4.807529908745625E-4 ||
	 | fixedstream::cad/cad::6::{02-nov-2018->02-nov-2023}@fundingfxconvexityadjusteddirtyprice => 109.90351161201595 ||
	 | fixedstream::cad/cad::6::{02-nov-2018->02-nov-2023}@fundingfxconvexityadjusteddirtypv => 0.09903511612015954 ||
	 | fixedstream::cad/cad::6::{02-nov-2018->02-nov-2023}@fundingfxconvexityadjusteddv01 => 4.807529908745625E-4 ||
	 | fixedstream::cad/cad::6::{02-nov-2018->02-nov-2023}@fundingfxconvexityadjustedfairpremium => 0.02059999999999993 ||
	 | fixedstream::cad/cad::6::{02-nov-2018->02-nov-2023}@fundingfxconvexityadjustedparrate => 0.02059999999999993 ||
	 | fixedstream::cad/cad::6::{02-nov-2018->02-nov-2023}@fundingfxconvexityadjustedprice => 109.90351161201595 ||
	 | fixedstream::cad/cad::6::{02-nov-2018->02-nov-2023}@fundingfxconvexityadjustedpv => 0.09903511612015954 ||
	 | fixedstream::cad/cad::6::{02-nov-2018->02-nov-2023}@fundingfxconvexityadjustedrate => 0.02059999999999993 ||
	 | fixedstream::cad/cad::6::{02-nov-2018->02-nov-2023}@fundingfxconvexityadjustedupfront => 0.09903511612015954 ||
	 | fixedstream::cad/cad::6::{02-nov-2018->02-nov-2023}@fundingfxconvexityadjustmentfactor => 1.0 ||
	 | fixedstream::cad/cad::6::{02-nov-2018->02-nov-2023}@fundingfxconvexityadjustmentpremium => 0.0 ||
	 | fixedstream::cad/cad::6::{02-nov-2018->02-nov-2023}@fundingfxconvexityadjustmentpremiumupfront => 0.0 ||
	 | fixedstream::cad/cad::6::{02-nov-2018->02-nov-2023}@parrate => 0.02059999999999993 ||
	 | fixedstream::cad/cad::6::{02-nov-2018->02-nov-2023}@price => 109.90351161201595 ||
	 | fixedstream::cad/cad::6::{02-nov-2018->02-nov-2023}@pv => 0.09903511612015954 ||
	 | fixedstream::cad/cad::6::{02-nov-2018->02-nov-2023}@rate => 0.02059999999999993 ||
	 | fixedstream::cad/cad::6::{02-nov-2018->02-nov-2023}@resetdate => -2.147483648E9 ||
	 | fixedstream::cad/cad::6::{02-nov-2018->02-nov-2023}@resetrate => NaN ||
	 | fixedstream::cad/cad::6::{02-nov-2018->02-nov-2023}@totalcoupon => 0.20599999999999938 ||
	 | fixedstream::cad/cad::6::{02-nov-2018->02-nov-2023}@unadjustedcleandv01 => 4.807529908745625E-4 ||
	 | fixedstream::cad/cad::6::{02-nov-2018->02-nov-2023}@unadjustedcleanprice => 109.90351161201595 ||
	 | fixedstream::cad/cad::6::{02-nov-2018->02-nov-2023}@unadjustedcleanpv => 0.09903511612015954 ||
	 | fixedstream::cad/cad::6::{02-nov-2018->02-nov-2023}@unadjusteddirtydv01 => 4.807529908745625E-4 ||
	 | fixedstream::cad/cad::6::{02-nov-2018->02-nov-2023}@unadjusteddirtyprice => 109.90351161201595 ||
	 | fixedstream::cad/cad::6::{02-nov-2018->02-nov-2023}@unadjusteddirtypv => 0.09903511612015954 ||
	 | fixedstream::cad/cad::6::{02-nov-2018->02-nov-2023}@unadjustedfairpremium => 0.02059999999999993 ||
	 | fixedstream::cad/cad::6::{02-nov-2018->02-nov-2023}@unadjustedparrate => 0.02059999999999993 ||
	 | fixedstream::cad/cad::6::{02-nov-2018->02-nov-2023}@unadjustedprice => 109.90351161201595 ||
	 | fixedstream::cad/cad::6::{02-nov-2018->02-nov-2023}@unadjustedpv => 0.09903511612015954 ||
	 | fixedstream::cad/cad::6::{02-nov-2018->02-nov-2023}@unadjustedrate => 0.02059999999999993 ||
	 | fixedstream::cad/cad::6::{02-nov-2018->02-nov-2023}@unadjustedupfront => 0.09903511612015954 ||
	 | fixedstream::cad/cad::6::{02-nov-2018->02-nov-2023}@upfront => 0.09903511612015954 ||
	 | fixing01 => 0.0 ||
	 | floataccrued => 0.0 ||
	 | floataccrued01 => 0.0 ||
	 | floatdv01 => -4.807529908745625E-4 ||
	 | floatstream::cad::cad-cdor-3m::{02-nov-2018->02-nov-2023}@accrualcoupon => NaN ||
	 | floatstream::cad::cad-cdor-3m::{02-nov-2018->02-nov-2023}@accrued => 0.0 ||
	 | floatstream::cad::cad-cdor-3m::{02-nov-2018->02-nov-2023}@accrued01 => 0.0 ||
	 | floatstream::cad::cad-cdor-3m::{02-nov-2018->02-nov-2023}@calctime => 8.269000000000001E-5 ||
	 | floatstream::cad::cad-cdor-3m::{02-nov-2018->02-nov-2023}@cleandv01 => -4.807529908745625E-4 ||
	 | floatstream::cad::cad-cdor-3m::{02-nov-2018->02-nov-2023}@cleanprice => 109.90351161201602 ||
	 | floatstream::cad::cad-cdor-3m::{02-nov-2018->02-nov-2023}@cleanpv => -0.09903511612016022 ||
	 | floatstream::cad::cad-cdor-3m::{02-nov-2018->02-nov-2023}@compoundingadjustedcleandv01 => -4.807529908745625E-4 ||
	 | floatstream::cad::cad-cdor-3m::{02-nov-2018->02-nov-2023}@compoundingadjustedcleanprice => 109.90351161201602 ||
	 | floatstream::cad::cad-cdor-3m::{02-nov-2018->02-nov-2023}@compoundingadjustedcleanpv => -0.09903511612016022 ||
	 | floatstream::cad::cad-cdor-3m::{02-nov-2018->02-nov-2023}@compoundingadjusteddirtydv01 => -4.807529908745625E-4 ||
	 | floatstream::cad::cad-cdor-3m::{02-nov-2018->02-nov-2023}@compoundingadjusteddirtyprice => 109.90351161201602 ||
	 | floatstream::cad::cad-cdor-3m::{02-nov-2018->02-nov-2023}@compoundingadjusteddirtypv => -0.09903511612016022 ||
	 | floatstream::cad::cad-cdor-3m::{02-nov-2018->02-nov-2023}@compoundingadjustedfairpremium => 0.020600000000000073 ||
	 | floatstream::cad::cad-cdor-3m::{02-nov-2018->02-nov-2023}@compoundingadjustedparrate => 0.020600000000000073 ||
	 | floatstream::cad::cad-cdor-3m::{02-nov-2018->02-nov-2023}@compoundingadjustedprice => 109.90351161201602 ||
	 | floatstream::cad::cad-cdor-3m::{02-nov-2018->02-nov-2023}@compoundingadjustedpv => -0.09903511612016022 ||
	 | floatstream::cad::cad-cdor-3m::{02-nov-2018->02-nov-2023}@compoundingadjustedrate => 0.020600000000000073 ||
	 | floatstream::cad::cad-cdor-3m::{02-nov-2018->02-nov-2023}@compoundingadjustedupfront => -0.09903511612016022 ||
	 | floatstream::cad::cad-cdor-3m::{02-nov-2018->02-nov-2023}@compoundingadjustmentfactor => 1.0 ||
	 | floatstream::cad::cad-cdor-3m::{02-nov-2018->02-nov-2023}@compoundingadjustmentpremium => 0.0 ||
	 | floatstream::cad::cad-cdor-3m::{02-nov-2018->02-nov-2023}@compoundingadjustmentpremiumupfront => -0.0 ||
	 | floatstream::cad::cad-cdor-3m::{02-nov-2018->02-nov-2023}@creditforwardconvexityadjustedcleandv01 => -4.807529908745625E-4 ||
	 | floatstream::cad::cad-cdor-3m::{02-nov-2018->02-nov-2023}@creditforwardconvexityadjustedcleanprice => 109.90351161201602 ||
	 | floatstream::cad::cad-cdor-3m::{02-nov-2018->02-nov-2023}@creditforwardconvexityadjustedcleanpv => -0.09903511612016022 ||
	 | floatstream::cad::cad-cdor-3m::{02-nov-2018->02-nov-2023}@creditforwardconvexityadjusteddirtydv01 => -4.807529908745625E-4 ||
	 | floatstream::cad::cad-cdor-3m::{02-nov-2018->02-nov-2023}@creditforwardconvexityadjusteddirtyprice => 109.90351161201602 ||
	 | floatstream::cad::cad-cdor-3m::{02-nov-2018->02-nov-2023}@creditforwardconvexityadjusteddirtypv => -0.09903511612016022 ||
	 | floatstream::cad::cad-cdor-3m::{02-nov-2018->02-nov-2023}@creditforwardconvexityadjusteddv01 => -4.807529908745625E-4 ||
	 | floatstream::cad::cad-cdor-3m::{02-nov-2018->02-nov-2023}@creditforwardconvexityadjustedfairpremium => 0.020600000000000073 ||
	 | floatstream::cad::cad-cdor-3m::{02-nov-2018->02-nov-2023}@creditforwardconvexityadjustedparrate => 0.020600000000000073 ||
	 | floatstream::cad::cad-cdor-3m::{02-nov-2018->02-nov-2023}@creditforwardconvexityadjustedprice => 109.90351161201602 ||
	 | floatstream::cad::cad-cdor-3m::{02-nov-2018->02-nov-2023}@creditforwardconvexityadjustedpv => -0.09903511612016022 ||
	 | floatstream::cad::cad-cdor-3m::{02-nov-2018->02-nov-2023}@creditforwardconvexityadjustedrate => 0.020600000000000073 ||
	 | floatstream::cad::cad-cdor-3m::{02-nov-2018->02-nov-2023}@creditforwardconvexityadjustedupfront => -0.09903511612016022 ||
	 | floatstream::cad::cad-cdor-3m::{02-nov-2018->02-nov-2023}@creditforwardconvexityadjustmentfactor => 1.0 ||
	 | floatstream::cad::cad-cdor-3m::{02-nov-2018->02-nov-2023}@creditforwardconvexityadjustmentpremium => 0.0 ||
	 | floatstream::cad::cad-cdor-3m::{02-nov-2018->02-nov-2023}@creditforwardconvexityadjustmentpremiumupfront => -0.0 ||
	 | floatstream::cad::cad-cdor-3m::{02-nov-2018->02-nov-2023}@creditfundingconvexityadjustedcleandv01 => -4.807529908745625E-4 ||
	 | floatstream::cad::cad-cdor-3m::{02-nov-2018->02-nov-2023}@creditfundingconvexityadjustedcleanprice => 109.90351161201602 ||
	 | floatstream::cad::cad-cdor-3m::{02-nov-2018->02-nov-2023}@creditfundingconvexityadjustedcleanpv => -0.09903511612016022 ||
	 | floatstream::cad::cad-cdor-3m::{02-nov-2018->02-nov-2023}@creditfundingconvexityadjusteddirtydv01 => -4.807529908745625E-4 ||
	 | floatstream::cad::cad-cdor-3m::{02-nov-2018->02-nov-2023}@creditfundingconvexityadjusteddirtyprice => 109.90351161201602 ||
	 | floatstream::cad::cad-cdor-3m::{02-nov-2018->02-nov-2023}@creditfundingconvexityadjusteddirtypv => -0.09903511612016022 ||
	 | floatstream::cad::cad-cdor-3m::{02-nov-2018->02-nov-2023}@creditfundingconvexityadjusteddv01 => -4.807529908745625E-4 ||
	 | floatstream::cad::cad-cdor-3m::{02-nov-2018->02-nov-2023}@creditfundingconvexityadjustedfairpremium => 0.020600000000000073 ||
	 | floatstream::cad::cad-cdor-3m::{02-nov-2018->02-nov-2023}@creditfundingconvexityadjustedparrate => 0.020600000000000073 ||
	 | floatstream::cad::cad-cdor-3m::{02-nov-2018->02-nov-2023}@creditfundingconvexityadjustedprice => 109.90351161201602 ||
	 | floatstream::cad::cad-cdor-3m::{02-nov-2018->02-nov-2023}@creditfundingconvexityadjustedpv => -0.09903511612016022 ||
	 | floatstream::cad::cad-cdor-3m::{02-nov-2018->02-nov-2023}@creditfundingconvexityadjustedrate => 0.020600000000000073 ||
	 | floatstream::cad::cad-cdor-3m::{02-nov-2018->02-nov-2023}@creditfundingconvexityadjustedupfront => -0.09903511612016022 ||
	 | floatstream::cad::cad-cdor-3m::{02-nov-2018->02-nov-2023}@creditfundingconvexityadjustmentfactor => 1.0 ||
	 | floatstream::cad::cad-cdor-3m::{02-nov-2018->02-nov-2023}@creditfundingconvexityadjustmentpremium => 0.0 ||
	 | floatstream::cad::cad-cdor-3m::{02-nov-2018->02-nov-2023}@creditfundingconvexityadjustmentpremiumupfront => -0.0 ||
	 | floatstream::cad::cad-cdor-3m::{02-nov-2018->02-nov-2023}@creditfxconvexityadjustedcleandv01 => -4.807529908745625E-4 ||
	 | floatstream::cad::cad-cdor-3m::{02-nov-2018->02-nov-2023}@creditfxconvexityadjustedcleanprice => 109.90351161201602 ||
	 | floatstream::cad::cad-cdor-3m::{02-nov-2018->02-nov-2023}@creditfxconvexityadjustedcleanpv => -0.09903511612016022 ||
	 | floatstream::cad::cad-cdor-3m::{02-nov-2018->02-nov-2023}@creditfxconvexityadjusteddirtydv01 => -4.807529908745625E-4 ||
	 | floatstream::cad::cad-cdor-3m::{02-nov-2018->02-nov-2023}@creditfxconvexityadjusteddirtyprice => 109.90351161201602 ||
	 | floatstream::cad::cad-cdor-3m::{02-nov-2018->02-nov-2023}@creditfxconvexityadjusteddirtypv => -0.09903511612016022 ||
	 | floatstream::cad::cad-cdor-3m::{02-nov-2018->02-nov-2023}@creditfxconvexityadjusteddv01 => -4.807529908745625E-4 ||
	 | floatstream::cad::cad-cdor-3m::{02-nov-2018->02-nov-2023}@creditfxconvexityadjustedfairpremium => 0.020600000000000073 ||
	 | floatstream::cad::cad-cdor-3m::{02-nov-2018->02-nov-2023}@creditfxconvexityadjustedparrate => 0.020600000000000073 ||
	 | floatstream::cad::cad-cdor-3m::{02-nov-2018->02-nov-2023}@creditfxconvexityadjustedprice => 109.90351161201602 ||
	 | floatstream::cad::cad-cdor-3m::{02-nov-2018->02-nov-2023}@creditfxconvexityadjustedpv => -0.09903511612016022 ||
	 | floatstream::cad::cad-cdor-3m::{02-nov-2018->02-nov-2023}@creditfxconvexityadjustedrate => 0.020600000000000073 ||
	 | floatstream::cad::cad-cdor-3m::{02-nov-2018->02-nov-2023}@creditfxconvexityadjustedupfront => -0.09903511612016022 ||
	 | floatstream::cad::cad-cdor-3m::{02-nov-2018->02-nov-2023}@creditfxconvexityadjustmentfactor => 1.0 ||
	 | floatstream::cad::cad-cdor-3m::{02-nov-2018->02-nov-2023}@creditfxconvexityadjustmentpremium => 0.0 ||
	 | floatstream::cad::cad-cdor-3m::{02-nov-2018->02-nov-2023}@creditfxconvexityadjustmentpremiumupfront => -0.0 ||
	 | floatstream::cad::cad-cdor-3m::{02-nov-2018->02-nov-2023}@cumulativeconvexityadjustedcleandv01 => -4.807529908745625E-4 ||
	 | floatstream::cad::cad-cdor-3m::{02-nov-2018->02-nov-2023}@cumulativeconvexityadjustedcleanprice => 109.90351161201602 ||
	 | floatstream::cad::cad-cdor-3m::{02-nov-2018->02-nov-2023}@cumulativeconvexityadjustedcleanpv => -0.09903511612016022 ||
	 | floatstream::cad::cad-cdor-3m::{02-nov-2018->02-nov-2023}@cumulativeconvexityadjusteddirtydv01 => -4.807529908745625E-4 ||
	 | floatstream::cad::cad-cdor-3m::{02-nov-2018->02-nov-2023}@cumulativeconvexityadjusteddirtyprice => 109.90351161201602 ||
	 | floatstream::cad::cad-cdor-3m::{02-nov-2018->02-nov-2023}@cumulativeconvexityadjusteddirtypv => -0.09903511612016022 ||
	 | floatstream::cad::cad-cdor-3m::{02-nov-2018->02-nov-2023}@cumulativeconvexityadjusteddv01 => -4.807529908745625E-4 ||
	 | floatstream::cad::cad-cdor-3m::{02-nov-2018->02-nov-2023}@cumulativeconvexityadjustedfairpremium => 0.020600000000000073 ||
	 | floatstream::cad::cad-cdor-3m::{02-nov-2018->02-nov-2023}@cumulativeconvexityadjustedparrate => 0.020600000000000073 ||
	 | floatstream::cad::cad-cdor-3m::{02-nov-2018->02-nov-2023}@cumulativeconvexityadjustedprice => 109.90351161201602 ||
	 | floatstream::cad::cad-cdor-3m::{02-nov-2018->02-nov-2023}@cumulativeconvexityadjustedpv => -0.09903511612016022 ||
	 | floatstream::cad::cad-cdor-3m::{02-nov-2018->02-nov-2023}@cumulativeconvexityadjustedrate => 0.020600000000000073 ||
	 | floatstream::cad::cad-cdor-3m::{02-nov-2018->02-nov-2023}@cumulativeconvexityadjustedupfront => -0.09903511612016022 ||
	 | floatstream::cad::cad-cdor-3m::{02-nov-2018->02-nov-2023}@cumulativeconvexityadjustmentfactor => 1.0 ||
	 | floatstream::cad::cad-cdor-3m::{02-nov-2018->02-nov-2023}@cumulativeconvexityadjustmentpremium => 0.0 ||
	 | floatstream::cad::cad-cdor-3m::{02-nov-2018->02-nov-2023}@cumulativeconvexityadjustmentpremiumupfront => -0.0 ||
	 | floatstream::cad::cad-cdor-3m::{02-nov-2018->02-nov-2023}@cumulativecouponamount => 0.0 ||
	 | floatstream::cad::cad-cdor-3m::{02-nov-2018->02-nov-2023}@cumulativecoupondcf => 0.0 ||
	 | floatstream::cad::cad-cdor-3m::{02-nov-2018->02-nov-2023}@cv01 => -4.807529908745625E-4 ||
	 | floatstream::cad::cad-cdor-3m::{02-nov-2018->02-nov-2023}@dirtydv01 => -4.807529908745625E-4 ||
	 | floatstream::cad::cad-cdor-3m::{02-nov-2018->02-nov-2023}@dirtyprice => 109.90351161201602 ||
	 | floatstream::cad::cad-cdor-3m::{02-nov-2018->02-nov-2023}@dirtypv => -0.09903511612016022 ||
	 | floatstream::cad::cad-cdor-3m::{02-nov-2018->02-nov-2023}@dv01 => -4.807529908745625E-4 ||
	 | floatstream::cad::cad-cdor-3m::{02-nov-2018->02-nov-2023}@fairpremium => 0.020600000000000073 ||
	 | floatstream::cad::cad-cdor-3m::{02-nov-2018->02-nov-2023}@fixing01 => 0.0 ||
	 | floatstream::cad::cad-cdor-3m::{02-nov-2018->02-nov-2023}@forwardfundingconvexityadjustedcleandv01 => -4.807529908745625E-4 ||
	 | floatstream::cad::cad-cdor-3m::{02-nov-2018->02-nov-2023}@forwardfundingconvexityadjustedcleanprice => 109.90351161201602 ||
	 | floatstream::cad::cad-cdor-3m::{02-nov-2018->02-nov-2023}@forwardfundingconvexityadjustedcleanpv => -0.09903511612016022 ||
	 | floatstream::cad::cad-cdor-3m::{02-nov-2018->02-nov-2023}@forwardfundingconvexityadjusteddirtydv01 => -4.807529908745625E-4 ||
	 | floatstream::cad::cad-cdor-3m::{02-nov-2018->02-nov-2023}@forwardfundingconvexityadjusteddirtyprice => 109.90351161201602 ||
	 | floatstream::cad::cad-cdor-3m::{02-nov-2018->02-nov-2023}@forwardfundingconvexityadjusteddirtypv => -0.09903511612016022 ||
	 | floatstream::cad::cad-cdor-3m::{02-nov-2018->02-nov-2023}@forwardfundingconvexityadjusteddv01 => -4.807529908745625E-4 ||
	 | floatstream::cad::cad-cdor-3m::{02-nov-2018->02-nov-2023}@forwardfundingconvexityadjustedfairpremium => 0.020600000000000073 ||
	 | floatstream::cad::cad-cdor-3m::{02-nov-2018->02-nov-2023}@forwardfundingconvexityadjustedparrate => 0.020600000000000073 ||
	 | floatstream::cad::cad-cdor-3m::{02-nov-2018->02-nov-2023}@forwardfundingconvexityadjustedprice => 109.90351161201602 ||
	 | floatstream::cad::cad-cdor-3m::{02-nov-2018->02-nov-2023}@forwardfundingconvexityadjustedpv => -0.09903511612016022 ||
	 | floatstream::cad::cad-cdor-3m::{02-nov-2018->02-nov-2023}@forwardfundingconvexityadjustedrate => 0.020600000000000073 ||
	 | floatstream::cad::cad-cdor-3m::{02-nov-2018->02-nov-2023}@forwardfundingconvexityadjustedupfront => -0.09903511612016022 ||
	 | floatstream::cad::cad-cdor-3m::{02-nov-2018->02-nov-2023}@forwardfundingconvexityadjustmentfactor => 1.0 ||
	 | floatstream::cad::cad-cdor-3m::{02-nov-2018->02-nov-2023}@forwardfundingconvexityadjustmentpremium => 0.0 ||
	 | floatstream::cad::cad-cdor-3m::{02-nov-2018->02-nov-2023}@forwardfundingconvexityadjustmentpremiumupfront => -0.0 ||
	 | floatstream::cad::cad-cdor-3m::{02-nov-2018->02-nov-2023}@forwardfxconvexityadjustedcleandv01 => -4.807529908745625E-4 ||
	 | floatstream::cad::cad-cdor-3m::{02-nov-2018->02-nov-2023}@forwardfxconvexityadjustedcleanprice => 109.90351161201602 ||
	 | floatstream::cad::cad-cdor-3m::{02-nov-2018->02-nov-2023}@forwardfxconvexityadjustedcleanpv => -0.09903511612016022 ||
	 | floatstream::cad::cad-cdor-3m::{02-nov-2018->02-nov-2023}@forwardfxconvexityadjusteddirtydv01 => -4.807529908745625E-4 ||
	 | floatstream::cad::cad-cdor-3m::{02-nov-2018->02-nov-2023}@forwardfxconvexityadjusteddirtyprice => 109.90351161201602 ||
	 | floatstream::cad::cad-cdor-3m::{02-nov-2018->02-nov-2023}@forwardfxconvexityadjusteddirtypv => -0.09903511612016022 ||
	 | floatstream::cad::cad-cdor-3m::{02-nov-2018->02-nov-2023}@forwardfxconvexityadjusteddv01 => -4.807529908745625E-4 ||
	 | floatstream::cad::cad-cdor-3m::{02-nov-2018->02-nov-2023}@forwardfxconvexityadjustedfairpremium => 0.020600000000000073 ||
	 | floatstream::cad::cad-cdor-3m::{02-nov-2018->02-nov-2023}@forwardfxconvexityadjustedparrate => 0.020600000000000073 ||
	 | floatstream::cad::cad-cdor-3m::{02-nov-2018->02-nov-2023}@forwardfxconvexityadjustedprice => 109.90351161201602 ||
	 | floatstream::cad::cad-cdor-3m::{02-nov-2018->02-nov-2023}@forwardfxconvexityadjustedpv => -0.09903511612016022 ||
	 | floatstream::cad::cad-cdor-3m::{02-nov-2018->02-nov-2023}@forwardfxconvexityadjustedrate => 0.020600000000000073 ||
	 | floatstream::cad::cad-cdor-3m::{02-nov-2018->02-nov-2023}@forwardfxconvexityadjustedupfront => -0.09903511612016022 ||
	 | floatstream::cad::cad-cdor-3m::{02-nov-2018->02-nov-2023}@forwardfxconvexityadjustmentfactor => 1.0 ||
	 | floatstream::cad::cad-cdor-3m::{02-nov-2018->02-nov-2023}@forwardfxconvexityadjustmentpremium => 0.0 ||
	 | floatstream::cad::cad-cdor-3m::{02-nov-2018->02-nov-2023}@forwardfxconvexityadjustmentpremiumupfront => -0.0 ||
	 | floatstream::cad::cad-cdor-3m::{02-nov-2018->02-nov-2023}@fundingfxconvexityadjustedcleandv01 => -4.807529908745625E-4 ||
	 | floatstream::cad::cad-cdor-3m::{02-nov-2018->02-nov-2023}@fundingfxconvexityadjustedcleanprice => 109.90351161201602 ||
	 | floatstream::cad::cad-cdor-3m::{02-nov-2018->02-nov-2023}@fundingfxconvexityadjustedcleanpv => -0.09903511612016022 ||
	 | floatstream::cad::cad-cdor-3m::{02-nov-2018->02-nov-2023}@fundingfxconvexityadjusteddirtydv01 => -4.807529908745625E-4 ||
	 | floatstream::cad::cad-cdor-3m::{02-nov-2018->02-nov-2023}@fundingfxconvexityadjusteddirtyprice => 109.90351161201602 ||
	 | floatstream::cad::cad-cdor-3m::{02-nov-2018->02-nov-2023}@fundingfxconvexityadjusteddirtypv => -0.09903511612016022 ||
	 | floatstream::cad::cad-cdor-3m::{02-nov-2018->02-nov-2023}@fundingfxconvexityadjusteddv01 => -4.807529908745625E-4 ||
	 | floatstream::cad::cad-cdor-3m::{02-nov-2018->02-nov-2023}@fundingfxconvexityadjustedfairpremium => 0.020600000000000073 ||
	 | floatstream::cad::cad-cdor-3m::{02-nov-2018->02-nov-2023}@fundingfxconvexityadjustedparrate => 0.020600000000000073 ||
	 | floatstream::cad::cad-cdor-3m::{02-nov-2018->02-nov-2023}@fundingfxconvexityadjustedprice => 109.90351161201602 ||
	 | floatstream::cad::cad-cdor-3m::{02-nov-2018->02-nov-2023}@fundingfxconvexityadjustedpv => -0.09903511612016022 ||
	 | floatstream::cad::cad-cdor-3m::{02-nov-2018->02-nov-2023}@fundingfxconvexityadjustedrate => 0.020600000000000073 ||
	 | floatstream::cad::cad-cdor-3m::{02-nov-2018->02-nov-2023}@fundingfxconvexityadjustedupfront => -0.09903511612016022 ||
	 | floatstream::cad::cad-cdor-3m::{02-nov-2018->02-nov-2023}@fundingfxconvexityadjustmentfactor => 1.0 ||
	 | floatstream::cad::cad-cdor-3m::{02-nov-2018->02-nov-2023}@fundingfxconvexityadjustmentpremium => 0.0 ||
	 | floatstream::cad::cad-cdor-3m::{02-nov-2018->02-nov-2023}@fundingfxconvexityadjustmentpremiumupfront => -0.0 ||
	 | floatstream::cad::cad-cdor-3m::{02-nov-2018->02-nov-2023}@parrate => 0.020600000000000073 ||
	 | floatstream::cad::cad-cdor-3m::{02-nov-2018->02-nov-2023}@price => 109.90351161201602 ||
	 | floatstream::cad::cad-cdor-3m::{02-nov-2018->02-nov-2023}@pv => -0.09903511612016022 ||
	 | floatstream::cad::cad-cdor-3m::{02-nov-2018->02-nov-2023}@rate => 0.020600000000000073 ||
	 | floatstream::cad::cad-cdor-3m::{02-nov-2018->02-nov-2023}@resetdate => -2.147483648E9 ||
	 | floatstream::cad::cad-cdor-3m::{02-nov-2018->02-nov-2023}@resetrate => NaN ||
	 | floatstream::cad::cad-cdor-3m::{02-nov-2018->02-nov-2023}@totalcoupon => 0.2099963810303947 ||
	 | floatstream::cad::cad-cdor-3m::{02-nov-2018->02-nov-2023}@unadjustedcleandv01 => -4.807529908745625E-4 ||
	 | floatstream::cad::cad-cdor-3m::{02-nov-2018->02-nov-2023}@unadjustedcleanprice => 109.90351161201602 ||
	 | floatstream::cad::cad-cdor-3m::{02-nov-2018->02-nov-2023}@unadjustedcleanpv => -0.09903511612016022 ||
	 | floatstream::cad::cad-cdor-3m::{02-nov-2018->02-nov-2023}@unadjusteddirtydv01 => -4.807529908745625E-4 ||
	 | floatstream::cad::cad-cdor-3m::{02-nov-2018->02-nov-2023}@unadjusteddirtyprice => 109.90351161201602 ||
	 | floatstream::cad::cad-cdor-3m::{02-nov-2018->02-nov-2023}@unadjusteddirtypv => -0.09903511612016022 ||
	 | floatstream::cad::cad-cdor-3m::{02-nov-2018->02-nov-2023}@unadjustedfairpremium => 0.020600000000000073 ||
	 | floatstream::cad::cad-cdor-3m::{02-nov-2018->02-nov-2023}@unadjustedparrate => 0.020600000000000073 ||
	 | floatstream::cad::cad-cdor-3m::{02-nov-2018->02-nov-2023}@unadjustedprice => 109.90351161201602 ||
	 | floatstream::cad::cad-cdor-3m::{02-nov-2018->02-nov-2023}@unadjustedpv => -0.09903511612016022 ||
	 | floatstream::cad::cad-cdor-3m::{02-nov-2018->02-nov-2023}@unadjustedrate => 0.020600000000000073 ||
	 | floatstream::cad::cad-cdor-3m::{02-nov-2018->02-nov-2023}@unadjustedupfront => -0.09903511612016022 ||
	 | floatstream::cad::cad-cdor-3m::{02-nov-2018->02-nov-2023}@upfront => -0.09903511612016022 ||
	 | initialnotional => 1.0 ||
	 | parfixedcoupon => 0.020600000000000073 ||
	 | parrate => 0.020600000000000073 ||
	 | parswaprate => 0.020600000000000073 ||
	 | price => 99.99999999999993 ||
	 | pv => -6.800116025829084E-16 ||
	 | rate => 0.020600000000000073 ||
	 | referenceaccrued => 0.0 ||
	 | referenceaccrued01 => 0.0 ||
	 | referencecleandv01 => 4.807529908745625E-4 ||
	 | referencecleanpv => 0.09903511612015954 ||
	 | referencecumulativeconvexityadjustmentfactor => 1.0 ||
	 | referencecumulativeconvexityadjustmentpremium => 0.0 ||
	 | referencecumulativecouponamount => 0.0 ||
	 | referencecumulativecoupondcf => 0.0 ||
	 | referencedirtydv01 => 4.807529908745625E-4 ||
	 | referencedirtypv => 0.09903511612015954 ||
	 | referencedv01 => 4.807529908745625E-4 ||
	 | referenceparbasisspread => 1.4144719127921895E-12 ||
	 | referencepv => 0.09903511612015954 ||
	 | resetdate => -2.147483648E9 ||
	 | resetrate => NaN ||
	 | swaprate => 0.020600000000000073 ||
	 | upfront => -6.800116025829084E-16 ||
	 |------------------------------||


		|----------------------------------------------------------------------------------------------------------------------||
		|    Floating Stream Cash Flow Details                                                                                 ||
		|    -------- ------ ---- ---- -------                                                                                 ||
		|               Start Date                                                                                             ||
		|               End Date                                                                                               ||
		|               Pay Date                                                                                               ||
		|               FX Fixing Date                                                                                         ||
		|               Base Notional                                                                                          ||
		|               Period DCF                                                                                             ||
		|               Tenor                                                                                                  ||
		|               Funding Label                                                                                          ||
		|               Forward Label                                                                                          ||
		|               Pay Discount Factor                                                                                    ||
		|               Coupon Rate                                                                                            ||
		|----------------------------------------------------------------------------------------------------------------------||
		| [02-NOV-2018 - 02-MAY-2019] => 02-MAY-2019 | 02-MAY-2019 | -1.0000 |  0.4959 | 6M | CAD | CAD-CDOR-3M |  0.9987 |  0.26% ||
		| [02-MAY-2019 - 02-NOV-2019] => 02-NOV-2019 | 02-NOV-2019 | -1.0000 |  0.5041 | 6M | CAD | CAD-CDOR-3M |  0.9966 |  0.42% ||
		| [02-NOV-2019 - 02-MAY-2020] => 02-MAY-2020 | 02-MAY-2020 | -1.0000 |  0.4986 | 6M | CAD | CAD-CDOR-3M |  0.9927 |  0.78% ||
		| [02-MAY-2020 - 02-NOV-2020] => 02-NOV-2020 | 02-NOV-2020 | -1.0000 |  0.5041 | 6M | CAD | CAD-CDOR-3M |  0.9861 |  1.35% ||
		| [02-NOV-2020 - 02-MAY-2021] => 02-MAY-2021 | 02-MAY-2021 | -1.0000 |  0.4959 | 6M | CAD | CAD-CDOR-3M |  0.9704 |  3.24% ||
		| [02-MAY-2021 - 02-NOV-2021] => 02-NOV-2021 | 02-NOV-2021 | -1.0000 |  0.5041 | 6M | CAD | CAD-CDOR-3M |  0.9608 |  1.99% ||
		| [02-NOV-2021 - 02-MAY-2022] => 02-MAY-2022 | 02-MAY-2022 | -1.0000 |  0.4959 | 6M | CAD | CAD-CDOR-3M |  0.9493 |  2.44% ||
		| [02-MAY-2022 - 02-NOV-2022] => 02-NOV-2022 | 02-NOV-2022 | -1.0000 |  0.5041 | 6M | CAD | CAD-CDOR-3M |  0.9353 |  2.97% ||
		| [02-NOV-2022 - 02-MAY-2023] => 02-MAY-2023 | 02-MAY-2023 | -1.0000 |  0.4959 | 6M | CAD | CAD-CDOR-3M |  0.9191 |  3.56% ||
		| [02-MAY-2023 - 02-NOV-2023] => 02-NOV-2023 | 02-NOV-2023 | -1.0000 |  0.5041 | 6M | CAD | CAD-CDOR-3M |  0.9010 |  3.99% ||
		|----------------------------------------------------------------------------------------------------------------------||


		|--------------------------------------------------------------------------------------------------------||
		|    Fixed Stream Cash Flow Details                                                                      ||
		|    ----- ------ ---- ---- -------                                                                      ||
		|               Start Date                                                                               ||
		|               End Date                                                                                 ||
		|               Pay Date                                                                                 ||
		|               FX Fixing Date                                                                           ||
		|               Base Notional                                                                            ||
		|               Period DCF                                                                               ||
		|               Tenor                                                                                    ||
		|               Funding Label                                                                            ||
		|               Pay Discount Factor                                                                      ||
		|               Coupon Rate                                                                              ||
		|--------------------------------------------------------------------------------------------------------||
		| [02-NOV-2018 - 02-MAY-2019] => 02-MAY-2019 | 02-MAY-2019 |  1.0000 |  0.4959 | 6M | CAD |  0.9987 |  2.06% ||
		| [02-MAY-2019 - 02-NOV-2019] => 02-NOV-2019 | 02-NOV-2019 |  1.0000 |  0.5041 | 6M | CAD |  0.9966 |  2.06% ||
		| [02-NOV-2019 - 02-MAY-2020] => 02-MAY-2020 | 02-MAY-2020 |  1.0000 |  0.4986 | 6M | CAD |  0.9927 |  2.06% ||
		| [02-MAY-2020 - 02-NOV-2020] => 02-NOV-2020 | 02-NOV-2020 |  1.0000 |  0.5041 | 6M | CAD |  0.9861 |  2.06% ||
		| [02-NOV-2020 - 02-MAY-2021] => 02-MAY-2021 | 02-MAY-2021 |  1.0000 |  0.4959 | 6M | CAD |  0.9704 |  2.06% ||
		| [02-MAY-2021 - 02-NOV-2021] => 02-NOV-2021 | 02-NOV-2021 |  1.0000 |  0.5041 | 6M | CAD |  0.9608 |  2.06% ||
		| [02-NOV-2021 - 02-MAY-2022] => 02-MAY-2022 | 02-MAY-2022 |  1.0000 |  0.4959 | 6M | CAD |  0.9493 |  2.06% ||
		| [02-MAY-2022 - 02-NOV-2022] => 02-NOV-2022 | 02-NOV-2022 |  1.0000 |  0.5041 | 6M | CAD |  0.9353 |  2.06% ||
		| [02-NOV-2022 - 02-MAY-2023] => 02-MAY-2023 | 02-MAY-2023 |  1.0000 |  0.4959 | 6M | CAD |  0.9191 |  2.06% ||
		| [02-MAY-2023 - 02-NOV-2023] => 02-NOV-2023 | 02-NOV-2023 |  1.0000 |  0.5041 | 6M | CAD |  0.9010 |  2.06% ||
		|--------------------------------------------------------------------------------------------------------||

	|-----------------------------------------------------------------|
	|    Copyright (C) 2011-2018 (DRIP)
	|-----------------------------------------------------------------|
	|    Build Version  => 3.86.0 multi mode
	|    Build JVM (TM) => 1.8.0_112
	|    Build Snap     => Fri Nov 02 21:22:20 EST 2018
	|    Start Time     => Fri Nov 02 23:11:28 EDT 2018
	|    Setup Time     => Fri Nov 02 23:11:28 EDT 2018
	|    Setup Duration => 0 ms
	|-----------------------------------------------------------------|

	 | accrued => 0.0 ||
	 | calctime => 3.39444E-4 ||
	 | calibfloatingpv => 0.098472539459446 ||
	 | calibswaprate => 0.020599999999999976 ||
	 | cleanfixeddv01 => 4.780220362109035E-4 ||
	 | cleanfloatingdv01 => -4.8747641645169196E-4 ||
	 | cleanfloatingpv => -0.09847253945944599 ||
	 | cleanprice => 99.99999999999999 ||
	 | cleanpv => -1.1102230246251565E-16 ||
	 | cumulativeconvexityadjustmentpremium => 0.0 ||
	 | cumulativecouponamount => 0.0 ||
	 | cumulativecoupondcf => 0.0 ||
	 | derivedaccrued => 0.0 ||
	 | derivedaccrued01 => 0.0 ||
	 | derivedcleandv01 => -4.8747641645169196E-4 ||
	 | derivedcleanpv => -0.09847253945944599 ||
	 | derivedcumulativeconvexityadjustmentfactor => 1.0 ||
	 | derivedcumulativeconvexityadjustmentpremium => -0.0 ||
	 | derivedcumulativecouponamount => 0.0 ||
	 | derivedcumulativecoupondcf => 0.0 ||
	 | deriveddirtydv01 => -4.8747641645169196E-4 ||
	 | deriveddirtypv => -0.09847253945944599 ||
	 | deriveddv01 => -4.8747641645169196E-4 ||
	 | derivedfixing01 => 0.0 ||
	 | derivedparbasisspread => -2.277490740385751E-13 ||
	 | derivedpv => -0.09847253945944599 ||
	 | derivedresetdate => -2.147483648E9 ||
	 | derivedresetrate => NaN ||
	 | dirtyfixeddv01 => 4.780220362109035E-4 ||
	 | dirtyfixedpv => 0.09847253945944588 ||
	 | dirtyfloatingdv01 => -4.8747641645169196E-4 ||
	 | dirtyfloatingpv => -0.09847253945944599 ||
	 | dirtyprice => 99.99999999999999 ||
	 | dirtypv => -1.1102230246251565E-16 ||
	 | fairpremium => 0.020599999999999972 ||
	 | fixedaccrued => 0.0 ||
	 | fixedaccrued01 => 0.0 ||
	 | fixeddv01 => 4.780220362109035E-4 ||
	 | fixedstream::chf/chf::12::{06-nov-2018->06-nov-2023}@accrualcoupon => NaN ||
	 | fixedstream::chf/chf::12::{06-nov-2018->06-nov-2023}@accrued => 0.0 ||
	 | fixedstream::chf/chf::12::{06-nov-2018->06-nov-2023}@accrued01 => 0.0 ||
	 | fixedstream::chf/chf::12::{06-nov-2018->06-nov-2023}@calctime => 5.8147000000000004E-5 ||
	 | fixedstream::chf/chf::12::{06-nov-2018->06-nov-2023}@cleandv01 => 4.780220362109035E-4 ||
	 | fixedstream::chf/chf::12::{06-nov-2018->06-nov-2023}@cleanprice => 109.84725394594459 ||
	 | fixedstream::chf/chf::12::{06-nov-2018->06-nov-2023}@cleanpv => 0.09847253945944588 ||
	 | fixedstream::chf/chf::12::{06-nov-2018->06-nov-2023}@compoundingadjustedcleandv01 => 4.780220362109035E-4 ||
	 | fixedstream::chf/chf::12::{06-nov-2018->06-nov-2023}@compoundingadjustedcleanprice => 109.84725394594459 ||
	 | fixedstream::chf/chf::12::{06-nov-2018->06-nov-2023}@compoundingadjustedcleanpv => 0.09847253945944588 ||
	 | fixedstream::chf/chf::12::{06-nov-2018->06-nov-2023}@compoundingadjusteddirtydv01 => 4.780220362109035E-4 ||
	 | fixedstream::chf/chf::12::{06-nov-2018->06-nov-2023}@compoundingadjusteddirtyprice => 109.84725394594459 ||
	 | fixedstream::chf/chf::12::{06-nov-2018->06-nov-2023}@compoundingadjusteddirtypv => 0.09847253945944588 ||
	 | fixedstream::chf/chf::12::{06-nov-2018->06-nov-2023}@compoundingadjustedfairpremium => 0.02059999999999995 ||
	 | fixedstream::chf/chf::12::{06-nov-2018->06-nov-2023}@compoundingadjustedparrate => 0.02059999999999995 ||
	 | fixedstream::chf/chf::12::{06-nov-2018->06-nov-2023}@compoundingadjustedprice => 109.84725394594459 ||
	 | fixedstream::chf/chf::12::{06-nov-2018->06-nov-2023}@compoundingadjustedpv => 0.09847253945944588 ||
	 | fixedstream::chf/chf::12::{06-nov-2018->06-nov-2023}@compoundingadjustedrate => 0.02059999999999995 ||
	 | fixedstream::chf/chf::12::{06-nov-2018->06-nov-2023}@compoundingadjustedupfront => 0.09847253945944588 ||
	 | fixedstream::chf/chf::12::{06-nov-2018->06-nov-2023}@compoundingadjustmentfactor => 1.0 ||
	 | fixedstream::chf/chf::12::{06-nov-2018->06-nov-2023}@compoundingadjustmentpremium => 0.0 ||
	 | fixedstream::chf/chf::12::{06-nov-2018->06-nov-2023}@compoundingadjustmentpremiumupfront => 0.0 ||
	 | fixedstream::chf/chf::12::{06-nov-2018->06-nov-2023}@creditforwardconvexityadjustedcleandv01 => 4.780220362109035E-4 ||
	 | fixedstream::chf/chf::12::{06-nov-2018->06-nov-2023}@creditforwardconvexityadjustedcleanprice => 109.84725394594459 ||
	 | fixedstream::chf/chf::12::{06-nov-2018->06-nov-2023}@creditforwardconvexityadjustedcleanpv => 0.09847253945944588 ||
	 | fixedstream::chf/chf::12::{06-nov-2018->06-nov-2023}@creditforwardconvexityadjusteddirtydv01 => 4.780220362109035E-4 ||
	 | fixedstream::chf/chf::12::{06-nov-2018->06-nov-2023}@creditforwardconvexityadjusteddirtyprice => 109.84725394594459 ||
	 | fixedstream::chf/chf::12::{06-nov-2018->06-nov-2023}@creditforwardconvexityadjusteddirtypv => 0.09847253945944588 ||
	 | fixedstream::chf/chf::12::{06-nov-2018->06-nov-2023}@creditforwardconvexityadjusteddv01 => 4.780220362109035E-4 ||
	 | fixedstream::chf/chf::12::{06-nov-2018->06-nov-2023}@creditforwardconvexityadjustedfairpremium => 0.02059999999999995 ||
	 | fixedstream::chf/chf::12::{06-nov-2018->06-nov-2023}@creditforwardconvexityadjustedparrate => 0.02059999999999995 ||
	 | fixedstream::chf/chf::12::{06-nov-2018->06-nov-2023}@creditforwardconvexityadjustedprice => 109.84725394594459 ||
	 | fixedstream::chf/chf::12::{06-nov-2018->06-nov-2023}@creditforwardconvexityadjustedpv => 0.09847253945944588 ||
	 | fixedstream::chf/chf::12::{06-nov-2018->06-nov-2023}@creditforwardconvexityadjustedrate => 0.02059999999999995 ||
	 | fixedstream::chf/chf::12::{06-nov-2018->06-nov-2023}@creditforwardconvexityadjustedupfront => 0.09847253945944588 ||
	 | fixedstream::chf/chf::12::{06-nov-2018->06-nov-2023}@creditforwardconvexityadjustmentfactor => 1.0 ||
	 | fixedstream::chf/chf::12::{06-nov-2018->06-nov-2023}@creditforwardconvexityadjustmentpremium => 0.0 ||
	 | fixedstream::chf/chf::12::{06-nov-2018->06-nov-2023}@creditforwardconvexityadjustmentpremiumupfront => 0.0 ||
	 | fixedstream::chf/chf::12::{06-nov-2018->06-nov-2023}@creditfundingconvexityadjustedcleandv01 => 4.780220362109035E-4 ||
	 | fixedstream::chf/chf::12::{06-nov-2018->06-nov-2023}@creditfundingconvexityadjustedcleanprice => 109.84725394594459 ||
	 | fixedstream::chf/chf::12::{06-nov-2018->06-nov-2023}@creditfundingconvexityadjustedcleanpv => 0.09847253945944588 ||
	 | fixedstream::chf/chf::12::{06-nov-2018->06-nov-2023}@creditfundingconvexityadjusteddirtydv01 => 4.780220362109035E-4 ||
	 | fixedstream::chf/chf::12::{06-nov-2018->06-nov-2023}@creditfundingconvexityadjusteddirtyprice => 109.84725394594459 ||
	 | fixedstream::chf/chf::12::{06-nov-2018->06-nov-2023}@creditfundingconvexityadjusteddirtypv => 0.09847253945944588 ||
	 | fixedstream::chf/chf::12::{06-nov-2018->06-nov-2023}@creditfundingconvexityadjusteddv01 => 4.780220362109035E-4 ||
	 | fixedstream::chf/chf::12::{06-nov-2018->06-nov-2023}@creditfundingconvexityadjustedfairpremium => 0.02059999999999995 ||
	 | fixedstream::chf/chf::12::{06-nov-2018->06-nov-2023}@creditfundingconvexityadjustedparrate => 0.02059999999999995 ||
	 | fixedstream::chf/chf::12::{06-nov-2018->06-nov-2023}@creditfundingconvexityadjustedprice => 109.84725394594459 ||
	 | fixedstream::chf/chf::12::{06-nov-2018->06-nov-2023}@creditfundingconvexityadjustedpv => 0.09847253945944588 ||
	 | fixedstream::chf/chf::12::{06-nov-2018->06-nov-2023}@creditfundingconvexityadjustedrate => 0.02059999999999995 ||
	 | fixedstream::chf/chf::12::{06-nov-2018->06-nov-2023}@creditfundingconvexityadjustedupfront => 0.09847253945944588 ||
	 | fixedstream::chf/chf::12::{06-nov-2018->06-nov-2023}@creditfundingconvexityadjustmentfactor => 1.0 ||
	 | fixedstream::chf/chf::12::{06-nov-2018->06-nov-2023}@creditfundingconvexityadjustmentpremium => 0.0 ||
	 | fixedstream::chf/chf::12::{06-nov-2018->06-nov-2023}@creditfundingconvexityadjustmentpremiumupfront => 0.0 ||
	 | fixedstream::chf/chf::12::{06-nov-2018->06-nov-2023}@creditfxconvexityadjustedcleandv01 => 4.780220362109035E-4 ||
	 | fixedstream::chf/chf::12::{06-nov-2018->06-nov-2023}@creditfxconvexityadjustedcleanprice => 109.84725394594459 ||
	 | fixedstream::chf/chf::12::{06-nov-2018->06-nov-2023}@creditfxconvexityadjustedcleanpv => 0.09847253945944588 ||
	 | fixedstream::chf/chf::12::{06-nov-2018->06-nov-2023}@creditfxconvexityadjusteddirtydv01 => 4.780220362109035E-4 ||
	 | fixedstream::chf/chf::12::{06-nov-2018->06-nov-2023}@creditfxconvexityadjusteddirtyprice => 109.84725394594459 ||
	 | fixedstream::chf/chf::12::{06-nov-2018->06-nov-2023}@creditfxconvexityadjusteddirtypv => 0.09847253945944588 ||
	 | fixedstream::chf/chf::12::{06-nov-2018->06-nov-2023}@creditfxconvexityadjusteddv01 => 4.780220362109035E-4 ||
	 | fixedstream::chf/chf::12::{06-nov-2018->06-nov-2023}@creditfxconvexityadjustedfairpremium => 0.02059999999999995 ||
	 | fixedstream::chf/chf::12::{06-nov-2018->06-nov-2023}@creditfxconvexityadjustedparrate => 0.02059999999999995 ||
	 | fixedstream::chf/chf::12::{06-nov-2018->06-nov-2023}@creditfxconvexityadjustedprice => 109.84725394594459 ||
	 | fixedstream::chf/chf::12::{06-nov-2018->06-nov-2023}@creditfxconvexityadjustedpv => 0.09847253945944588 ||
	 | fixedstream::chf/chf::12::{06-nov-2018->06-nov-2023}@creditfxconvexityadjustedrate => 0.02059999999999995 ||
	 | fixedstream::chf/chf::12::{06-nov-2018->06-nov-2023}@creditfxconvexityadjustedupfront => 0.09847253945944588 ||
	 | fixedstream::chf/chf::12::{06-nov-2018->06-nov-2023}@creditfxconvexityadjustmentfactor => 1.0 ||
	 | fixedstream::chf/chf::12::{06-nov-2018->06-nov-2023}@creditfxconvexityadjustmentpremium => 0.0 ||
	 | fixedstream::chf/chf::12::{06-nov-2018->06-nov-2023}@creditfxconvexityadjustmentpremiumupfront => 0.0 ||
	 | fixedstream::chf/chf::12::{06-nov-2018->06-nov-2023}@cumulativeconvexityadjustedcleandv01 => 4.780220362109035E-4 ||
	 | fixedstream::chf/chf::12::{06-nov-2018->06-nov-2023}@cumulativeconvexityadjustedcleanprice => 109.84725394594459 ||
	 | fixedstream::chf/chf::12::{06-nov-2018->06-nov-2023}@cumulativeconvexityadjustedcleanpv => 0.09847253945944588 ||
	 | fixedstream::chf/chf::12::{06-nov-2018->06-nov-2023}@cumulativeconvexityadjusteddirtydv01 => 4.780220362109035E-4 ||
	 | fixedstream::chf/chf::12::{06-nov-2018->06-nov-2023}@cumulativeconvexityadjusteddirtyprice => 109.84725394594459 ||
	 | fixedstream::chf/chf::12::{06-nov-2018->06-nov-2023}@cumulativeconvexityadjusteddirtypv => 0.09847253945944588 ||
	 | fixedstream::chf/chf::12::{06-nov-2018->06-nov-2023}@cumulativeconvexityadjusteddv01 => 4.780220362109035E-4 ||
	 | fixedstream::chf/chf::12::{06-nov-2018->06-nov-2023}@cumulativeconvexityadjustedfairpremium => 0.02059999999999995 ||
	 | fixedstream::chf/chf::12::{06-nov-2018->06-nov-2023}@cumulativeconvexityadjustedparrate => 0.02059999999999995 ||
	 | fixedstream::chf/chf::12::{06-nov-2018->06-nov-2023}@cumulativeconvexityadjustedprice => 109.84725394594459 ||
	 | fixedstream::chf/chf::12::{06-nov-2018->06-nov-2023}@cumulativeconvexityadjustedpv => 0.09847253945944588 ||
	 | fixedstream::chf/chf::12::{06-nov-2018->06-nov-2023}@cumulativeconvexityadjustedrate => 0.02059999999999995 ||
	 | fixedstream::chf/chf::12::{06-nov-2018->06-nov-2023}@cumulativeconvexityadjustedupfront => 0.09847253945944588 ||
	 | fixedstream::chf/chf::12::{06-nov-2018->06-nov-2023}@cumulativeconvexityadjustmentfactor => 1.0 ||
	 | fixedstream::chf/chf::12::{06-nov-2018->06-nov-2023}@cumulativeconvexityadjustmentpremium => 0.0 ||
	 | fixedstream::chf/chf::12::{06-nov-2018->06-nov-2023}@cumulativeconvexityadjustmentpremiumupfront => 0.0 ||
	 | fixedstream::chf/chf::12::{06-nov-2018->06-nov-2023}@cumulativecouponamount => 0.0 ||
	 | fixedstream::chf/chf::12::{06-nov-2018->06-nov-2023}@cumulativecoupondcf => 0.0 ||
	 | fixedstream::chf/chf::12::{06-nov-2018->06-nov-2023}@cv01 => 4.780220362109035E-4 ||
	 | fixedstream::chf/chf::12::{06-nov-2018->06-nov-2023}@dirtydv01 => 4.780220362109035E-4 ||
	 | fixedstream::chf/chf::12::{06-nov-2018->06-nov-2023}@dirtyprice => 109.84725394594459 ||
	 | fixedstream::chf/chf::12::{06-nov-2018->06-nov-2023}@dirtypv => 0.09847253945944588 ||
	 | fixedstream::chf/chf::12::{06-nov-2018->06-nov-2023}@dv01 => 4.780220362109035E-4 ||
	 | fixedstream::chf/chf::12::{06-nov-2018->06-nov-2023}@fairpremium => 0.02059999999999995 ||
	 | fixedstream::chf/chf::12::{06-nov-2018->06-nov-2023}@fixing01 => 0.0 ||
	 | fixedstream::chf/chf::12::{06-nov-2018->06-nov-2023}@forwardfundingconvexityadjustedcleandv01 => 4.780220362109035E-4 ||
	 | fixedstream::chf/chf::12::{06-nov-2018->06-nov-2023}@forwardfundingconvexityadjustedcleanprice => 109.84725394594459 ||
	 | fixedstream::chf/chf::12::{06-nov-2018->06-nov-2023}@forwardfundingconvexityadjustedcleanpv => 0.09847253945944588 ||
	 | fixedstream::chf/chf::12::{06-nov-2018->06-nov-2023}@forwardfundingconvexityadjusteddirtydv01 => 4.780220362109035E-4 ||
	 | fixedstream::chf/chf::12::{06-nov-2018->06-nov-2023}@forwardfundingconvexityadjusteddirtyprice => 109.84725394594459 ||
	 | fixedstream::chf/chf::12::{06-nov-2018->06-nov-2023}@forwardfundingconvexityadjusteddirtypv => 0.09847253945944588 ||
	 | fixedstream::chf/chf::12::{06-nov-2018->06-nov-2023}@forwardfundingconvexityadjusteddv01 => 4.780220362109035E-4 ||
	 | fixedstream::chf/chf::12::{06-nov-2018->06-nov-2023}@forwardfundingconvexityadjustedfairpremium => 0.02059999999999995 ||
	 | fixedstream::chf/chf::12::{06-nov-2018->06-nov-2023}@forwardfundingconvexityadjustedparrate => 0.02059999999999995 ||
	 | fixedstream::chf/chf::12::{06-nov-2018->06-nov-2023}@forwardfundingconvexityadjustedprice => 109.84725394594459 ||
	 | fixedstream::chf/chf::12::{06-nov-2018->06-nov-2023}@forwardfundingconvexityadjustedpv => 0.09847253945944588 ||
	 | fixedstream::chf/chf::12::{06-nov-2018->06-nov-2023}@forwardfundingconvexityadjustedrate => 0.02059999999999995 ||
	 | fixedstream::chf/chf::12::{06-nov-2018->06-nov-2023}@forwardfundingconvexityadjustedupfront => 0.09847253945944588 ||
	 | fixedstream::chf/chf::12::{06-nov-2018->06-nov-2023}@forwardfundingconvexityadjustmentfactor => 1.0 ||
	 | fixedstream::chf/chf::12::{06-nov-2018->06-nov-2023}@forwardfundingconvexityadjustmentpremium => 0.0 ||
	 | fixedstream::chf/chf::12::{06-nov-2018->06-nov-2023}@forwardfundingconvexityadjustmentpremiumupfront => 0.0 ||
	 | fixedstream::chf/chf::12::{06-nov-2018->06-nov-2023}@forwardfxconvexityadjustedcleandv01 => 4.780220362109035E-4 ||
	 | fixedstream::chf/chf::12::{06-nov-2018->06-nov-2023}@forwardfxconvexityadjustedcleanprice => 109.84725394594459 ||
	 | fixedstream::chf/chf::12::{06-nov-2018->06-nov-2023}@forwardfxconvexityadjustedcleanpv => 0.09847253945944588 ||
	 | fixedstream::chf/chf::12::{06-nov-2018->06-nov-2023}@forwardfxconvexityadjusteddirtydv01 => 4.780220362109035E-4 ||
	 | fixedstream::chf/chf::12::{06-nov-2018->06-nov-2023}@forwardfxconvexityadjusteddirtyprice => 109.84725394594459 ||
	 | fixedstream::chf/chf::12::{06-nov-2018->06-nov-2023}@forwardfxconvexityadjusteddirtypv => 0.09847253945944588 ||
	 | fixedstream::chf/chf::12::{06-nov-2018->06-nov-2023}@forwardfxconvexityadjusteddv01 => 4.780220362109035E-4 ||
	 | fixedstream::chf/chf::12::{06-nov-2018->06-nov-2023}@forwardfxconvexityadjustedfairpremium => 0.02059999999999995 ||
	 | fixedstream::chf/chf::12::{06-nov-2018->06-nov-2023}@forwardfxconvexityadjustedparrate => 0.02059999999999995 ||
	 | fixedstream::chf/chf::12::{06-nov-2018->06-nov-2023}@forwardfxconvexityadjustedprice => 109.84725394594459 ||
	 | fixedstream::chf/chf::12::{06-nov-2018->06-nov-2023}@forwardfxconvexityadjustedpv => 0.09847253945944588 ||
	 | fixedstream::chf/chf::12::{06-nov-2018->06-nov-2023}@forwardfxconvexityadjustedrate => 0.02059999999999995 ||
	 | fixedstream::chf/chf::12::{06-nov-2018->06-nov-2023}@forwardfxconvexityadjustedupfront => 0.09847253945944588 ||
	 | fixedstream::chf/chf::12::{06-nov-2018->06-nov-2023}@forwardfxconvexityadjustmentfactor => 1.0 ||
	 | fixedstream::chf/chf::12::{06-nov-2018->06-nov-2023}@forwardfxconvexityadjustmentpremium => 0.0 ||
	 | fixedstream::chf/chf::12::{06-nov-2018->06-nov-2023}@forwardfxconvexityadjustmentpremiumupfront => 0.0 ||
	 | fixedstream::chf/chf::12::{06-nov-2018->06-nov-2023}@fundingfxconvexityadjustedcleandv01 => 4.780220362109035E-4 ||
	 | fixedstream::chf/chf::12::{06-nov-2018->06-nov-2023}@fundingfxconvexityadjustedcleanprice => 109.84725394594459 ||
	 | fixedstream::chf/chf::12::{06-nov-2018->06-nov-2023}@fundingfxconvexityadjustedcleanpv => 0.09847253945944588 ||
	 | fixedstream::chf/chf::12::{06-nov-2018->06-nov-2023}@fundingfxconvexityadjusteddirtydv01 => 4.780220362109035E-4 ||
	 | fixedstream::chf/chf::12::{06-nov-2018->06-nov-2023}@fundingfxconvexityadjusteddirtyprice => 109.84725394594459 ||
	 | fixedstream::chf/chf::12::{06-nov-2018->06-nov-2023}@fundingfxconvexityadjusteddirtypv => 0.09847253945944588 ||
	 | fixedstream::chf/chf::12::{06-nov-2018->06-nov-2023}@fundingfxconvexityadjusteddv01 => 4.780220362109035E-4 ||
	 | fixedstream::chf/chf::12::{06-nov-2018->06-nov-2023}@fundingfxconvexityadjustedfairpremium => 0.02059999999999995 ||
	 | fixedstream::chf/chf::12::{06-nov-2018->06-nov-2023}@fundingfxconvexityadjustedparrate => 0.02059999999999995 ||
	 | fixedstream::chf/chf::12::{06-nov-2018->06-nov-2023}@fundingfxconvexityadjustedprice => 109.84725394594459 ||
	 | fixedstream::chf/chf::12::{06-nov-2018->06-nov-2023}@fundingfxconvexityadjustedpv => 0.09847253945944588 ||
	 | fixedstream::chf/chf::12::{06-nov-2018->06-nov-2023}@fundingfxconvexityadjustedrate => 0.02059999999999995 ||
	 | fixedstream::chf/chf::12::{06-nov-2018->06-nov-2023}@fundingfxconvexityadjustedupfront => 0.09847253945944588 ||
	 | fixedstream::chf/chf::12::{06-nov-2018->06-nov-2023}@fundingfxconvexityadjustmentfactor => 1.0 ||
	 | fixedstream::chf/chf::12::{06-nov-2018->06-nov-2023}@fundingfxconvexityadjustmentpremium => 0.0 ||
	 | fixedstream::chf/chf::12::{06-nov-2018->06-nov-2023}@fundingfxconvexityadjustmentpremiumupfront => 0.0 ||
	 | fixedstream::chf/chf::12::{06-nov-2018->06-nov-2023}@parrate => 0.02059999999999995 ||
	 | fixedstream::chf/chf::12::{06-nov-2018->06-nov-2023}@price => 109.84725394594459 ||
	 | fixedstream::chf/chf::12::{06-nov-2018->06-nov-2023}@pv => 0.09847253945944588 ||
	 | fixedstream::chf/chf::12::{06-nov-2018->06-nov-2023}@rate => 0.02059999999999995 ||
	 | fixedstream::chf/chf::12::{06-nov-2018->06-nov-2023}@resetdate => -2.147483648E9 ||
	 | fixedstream::chf/chf::12::{06-nov-2018->06-nov-2023}@resetrate => NaN ||
	 | fixedstream::chf/chf::12::{06-nov-2018->06-nov-2023}@totalcoupon => 0.10299999999999976 ||
	 | fixedstream::chf/chf::12::{06-nov-2018->06-nov-2023}@unadjustedcleandv01 => 4.780220362109035E-4 ||
	 | fixedstream::chf/chf::12::{06-nov-2018->06-nov-2023}@unadjustedcleanprice => 109.84725394594459 ||
	 | fixedstream::chf/chf::12::{06-nov-2018->06-nov-2023}@unadjustedcleanpv => 0.09847253945944588 ||
	 | fixedstream::chf/chf::12::{06-nov-2018->06-nov-2023}@unadjusteddirtydv01 => 4.780220362109035E-4 ||
	 | fixedstream::chf/chf::12::{06-nov-2018->06-nov-2023}@unadjusteddirtyprice => 109.84725394594459 ||
	 | fixedstream::chf/chf::12::{06-nov-2018->06-nov-2023}@unadjusteddirtypv => 0.09847253945944588 ||
	 | fixedstream::chf/chf::12::{06-nov-2018->06-nov-2023}@unadjustedfairpremium => 0.02059999999999995 ||
	 | fixedstream::chf/chf::12::{06-nov-2018->06-nov-2023}@unadjustedparrate => 0.02059999999999995 ||
	 | fixedstream::chf/chf::12::{06-nov-2018->06-nov-2023}@unadjustedprice => 109.84725394594459 ||
	 | fixedstream::chf/chf::12::{06-nov-2018->06-nov-2023}@unadjustedpv => 0.09847253945944588 ||
	 | fixedstream::chf/chf::12::{06-nov-2018->06-nov-2023}@unadjustedrate => 0.02059999999999995 ||
	 | fixedstream::chf/chf::12::{06-nov-2018->06-nov-2023}@unadjustedupfront => 0.09847253945944588 ||
	 | fixedstream::chf/chf::12::{06-nov-2018->06-nov-2023}@upfront => 0.09847253945944588 ||
	 | fixing01 => 0.0 ||
	 | floataccrued => 0.0 ||
	 | floataccrued01 => 0.0 ||
	 | floatdv01 => -4.8747641645169196E-4 ||
	 | floatstream::chf::chf-libor-6m::{06-nov-2018->06-nov-2023}@accrualcoupon => NaN ||
	 | floatstream::chf::chf-libor-6m::{06-nov-2018->06-nov-2023}@accrued => 0.0 ||
	 | floatstream::chf::chf-libor-6m::{06-nov-2018->06-nov-2023}@accrued01 => 0.0 ||
	 | floatstream::chf::chf-libor-6m::{06-nov-2018->06-nov-2023}@calctime => 7.2873E-5 ||
	 | floatstream::chf::chf-libor-6m::{06-nov-2018->06-nov-2023}@cleandv01 => -4.8747641645169196E-4 ||
	 | floatstream::chf::chf-libor-6m::{06-nov-2018->06-nov-2023}@cleanprice => 109.84725394594459 ||
	 | floatstream::chf::chf-libor-6m::{06-nov-2018->06-nov-2023}@cleanpv => -0.09847253945944599 ||
	 | floatstream::chf::chf-libor-6m::{06-nov-2018->06-nov-2023}@compoundingadjustedcleandv01 => -4.8747641645169196E-4 ||
	 | floatstream::chf::chf-libor-6m::{06-nov-2018->06-nov-2023}@compoundingadjustedcleanprice => 109.84725394594459 ||
	 | floatstream::chf::chf-libor-6m::{06-nov-2018->06-nov-2023}@compoundingadjustedcleanpv => -0.09847253945944599 ||
	 | floatstream::chf::chf-libor-6m::{06-nov-2018->06-nov-2023}@compoundingadjusteddirtydv01 => -4.8747641645169196E-4 ||
	 | floatstream::chf::chf-libor-6m::{06-nov-2018->06-nov-2023}@compoundingadjusteddirtyprice => 109.84725394594459 ||
	 | floatstream::chf::chf-libor-6m::{06-nov-2018->06-nov-2023}@compoundingadjusteddirtypv => -0.09847253945944599 ||
	 | floatstream::chf::chf-libor-6m::{06-nov-2018->06-nov-2023}@compoundingadjustedfairpremium => 0.02020047250207938 ||
	 | floatstream::chf::chf-libor-6m::{06-nov-2018->06-nov-2023}@compoundingadjustedparrate => 0.02020047250207938 ||
	 | floatstream::chf::chf-libor-6m::{06-nov-2018->06-nov-2023}@compoundingadjustedprice => 109.84725394594459 ||
	 | floatstream::chf::chf-libor-6m::{06-nov-2018->06-nov-2023}@compoundingadjustedpv => -0.09847253945944599 ||
	 | floatstream::chf::chf-libor-6m::{06-nov-2018->06-nov-2023}@compoundingadjustedrate => 0.02020047250207938 ||
	 | floatstream::chf::chf-libor-6m::{06-nov-2018->06-nov-2023}@compoundingadjustedupfront => -0.09847253945944599 ||
	 | floatstream::chf::chf-libor-6m::{06-nov-2018->06-nov-2023}@compoundingadjustmentfactor => 1.0 ||
	 | floatstream::chf::chf-libor-6m::{06-nov-2018->06-nov-2023}@compoundingadjustmentpremium => 0.0 ||
	 | floatstream::chf::chf-libor-6m::{06-nov-2018->06-nov-2023}@compoundingadjustmentpremiumupfront => -0.0 ||
	 | floatstream::chf::chf-libor-6m::{06-nov-2018->06-nov-2023}@creditforwardconvexityadjustedcleandv01 => -4.8747641645169196E-4 ||
	 | floatstream::chf::chf-libor-6m::{06-nov-2018->06-nov-2023}@creditforwardconvexityadjustedcleanprice => 109.84725394594459 ||
	 | floatstream::chf::chf-libor-6m::{06-nov-2018->06-nov-2023}@creditforwardconvexityadjustedcleanpv => -0.09847253945944599 ||
	 | floatstream::chf::chf-libor-6m::{06-nov-2018->06-nov-2023}@creditforwardconvexityadjusteddirtydv01 => -4.8747641645169196E-4 ||
	 | floatstream::chf::chf-libor-6m::{06-nov-2018->06-nov-2023}@creditforwardconvexityadjusteddirtyprice => 109.84725394594459 ||
	 | floatstream::chf::chf-libor-6m::{06-nov-2018->06-nov-2023}@creditforwardconvexityadjusteddirtypv => -0.09847253945944599 ||
	 | floatstream::chf::chf-libor-6m::{06-nov-2018->06-nov-2023}@creditforwardconvexityadjusteddv01 => -4.8747641645169196E-4 ||
	 | floatstream::chf::chf-libor-6m::{06-nov-2018->06-nov-2023}@creditforwardconvexityadjustedfairpremium => 0.02020047250207938 ||
	 | floatstream::chf::chf-libor-6m::{06-nov-2018->06-nov-2023}@creditforwardconvexityadjustedparrate => 0.02020047250207938 ||
	 | floatstream::chf::chf-libor-6m::{06-nov-2018->06-nov-2023}@creditforwardconvexityadjustedprice => 109.84725394594459 ||
	 | floatstream::chf::chf-libor-6m::{06-nov-2018->06-nov-2023}@creditforwardconvexityadjustedpv => -0.09847253945944599 ||
	 | floatstream::chf::chf-libor-6m::{06-nov-2018->06-nov-2023}@creditforwardconvexityadjustedrate => 0.02020047250207938 ||
	 | floatstream::chf::chf-libor-6m::{06-nov-2018->06-nov-2023}@creditforwardconvexityadjustedupfront => -0.09847253945944599 ||
	 | floatstream::chf::chf-libor-6m::{06-nov-2018->06-nov-2023}@creditforwardconvexityadjustmentfactor => 1.0 ||
	 | floatstream::chf::chf-libor-6m::{06-nov-2018->06-nov-2023}@creditforwardconvexityadjustmentpremium => 0.0 ||
	 | floatstream::chf::chf-libor-6m::{06-nov-2018->06-nov-2023}@creditforwardconvexityadjustmentpremiumupfront => -0.0 ||
	 | floatstream::chf::chf-libor-6m::{06-nov-2018->06-nov-2023}@creditfundingconvexityadjustedcleandv01 => -4.8747641645169196E-4 ||
	 | floatstream::chf::chf-libor-6m::{06-nov-2018->06-nov-2023}@creditfundingconvexityadjustedcleanprice => 109.84725394594459 ||
	 | floatstream::chf::chf-libor-6m::{06-nov-2018->06-nov-2023}@creditfundingconvexityadjustedcleanpv => -0.09847253945944599 ||
	 | floatstream::chf::chf-libor-6m::{06-nov-2018->06-nov-2023}@creditfundingconvexityadjusteddirtydv01 => -4.8747641645169196E-4 ||
	 | floatstream::chf::chf-libor-6m::{06-nov-2018->06-nov-2023}@creditfundingconvexityadjusteddirtyprice => 109.84725394594459 ||
	 | floatstream::chf::chf-libor-6m::{06-nov-2018->06-nov-2023}@creditfundingconvexityadjusteddirtypv => -0.09847253945944599 ||
	 | floatstream::chf::chf-libor-6m::{06-nov-2018->06-nov-2023}@creditfundingconvexityadjusteddv01 => -4.8747641645169196E-4 ||
	 | floatstream::chf::chf-libor-6m::{06-nov-2018->06-nov-2023}@creditfundingconvexityadjustedfairpremium => 0.02020047250207938 ||
	 | floatstream::chf::chf-libor-6m::{06-nov-2018->06-nov-2023}@creditfundingconvexityadjustedparrate => 0.02020047250207938 ||
	 | floatstream::chf::chf-libor-6m::{06-nov-2018->06-nov-2023}@creditfundingconvexityadjustedprice => 109.84725394594459 ||
	 | floatstream::chf::chf-libor-6m::{06-nov-2018->06-nov-2023}@creditfundingconvexityadjustedpv => -0.09847253945944599 ||
	 | floatstream::chf::chf-libor-6m::{06-nov-2018->06-nov-2023}@creditfundingconvexityadjustedrate => 0.02020047250207938 ||
	 | floatstream::chf::chf-libor-6m::{06-nov-2018->06-nov-2023}@creditfundingconvexityadjustedupfront => -0.09847253945944599 ||
	 | floatstream::chf::chf-libor-6m::{06-nov-2018->06-nov-2023}@creditfundingconvexityadjustmentfactor => 1.0 ||
	 | floatstream::chf::chf-libor-6m::{06-nov-2018->06-nov-2023}@creditfundingconvexityadjustmentpremium => 0.0 ||
	 | floatstream::chf::chf-libor-6m::{06-nov-2018->06-nov-2023}@creditfundingconvexityadjustmentpremiumupfront => -0.0 ||
	 | floatstream::chf::chf-libor-6m::{06-nov-2018->06-nov-2023}@creditfxconvexityadjustedcleandv01 => -4.8747641645169196E-4 ||
	 | floatstream::chf::chf-libor-6m::{06-nov-2018->06-nov-2023}@creditfxconvexityadjustedcleanprice => 109.84725394594459 ||
	 | floatstream::chf::chf-libor-6m::{06-nov-2018->06-nov-2023}@creditfxconvexityadjustedcleanpv => -0.09847253945944599 ||
	 | floatstream::chf::chf-libor-6m::{06-nov-2018->06-nov-2023}@creditfxconvexityadjusteddirtydv01 => -4.8747641645169196E-4 ||
	 | floatstream::chf::chf-libor-6m::{06-nov-2018->06-nov-2023}@creditfxconvexityadjusteddirtyprice => 109.84725394594459 ||
	 | floatstream::chf::chf-libor-6m::{06-nov-2018->06-nov-2023}@creditfxconvexityadjusteddirtypv => -0.09847253945944599 ||
	 | floatstream::chf::chf-libor-6m::{06-nov-2018->06-nov-2023}@creditfxconvexityadjusteddv01 => -4.8747641645169196E-4 ||
	 | floatstream::chf::chf-libor-6m::{06-nov-2018->06-nov-2023}@creditfxconvexityadjustedfairpremium => 0.02020047250207938 ||
	 | floatstream::chf::chf-libor-6m::{06-nov-2018->06-nov-2023}@creditfxconvexityadjustedparrate => 0.02020047250207938 ||
	 | floatstream::chf::chf-libor-6m::{06-nov-2018->06-nov-2023}@creditfxconvexityadjustedprice => 109.84725394594459 ||
	 | floatstream::chf::chf-libor-6m::{06-nov-2018->06-nov-2023}@creditfxconvexityadjustedpv => -0.09847253945944599 ||
	 | floatstream::chf::chf-libor-6m::{06-nov-2018->06-nov-2023}@creditfxconvexityadjustedrate => 0.02020047250207938 ||
	 | floatstream::chf::chf-libor-6m::{06-nov-2018->06-nov-2023}@creditfxconvexityadjustedupfront => -0.09847253945944599 ||
	 | floatstream::chf::chf-libor-6m::{06-nov-2018->06-nov-2023}@creditfxconvexityadjustmentfactor => 1.0 ||
	 | floatstream::chf::chf-libor-6m::{06-nov-2018->06-nov-2023}@creditfxconvexityadjustmentpremium => 0.0 ||
	 | floatstream::chf::chf-libor-6m::{06-nov-2018->06-nov-2023}@creditfxconvexityadjustmentpremiumupfront => -0.0 ||
	 | floatstream::chf::chf-libor-6m::{06-nov-2018->06-nov-2023}@cumulativeconvexityadjustedcleandv01 => -4.8747641645169196E-4 ||
	 | floatstream::chf::chf-libor-6m::{06-nov-2018->06-nov-2023}@cumulativeconvexityadjustedcleanprice => 109.84725394594459 ||
	 | floatstream::chf::chf-libor-6m::{06-nov-2018->06-nov-2023}@cumulativeconvexityadjustedcleanpv => -0.09847253945944599 ||
	 | floatstream::chf::chf-libor-6m::{06-nov-2018->06-nov-2023}@cumulativeconvexityadjusteddirtydv01 => -4.8747641645169196E-4 ||
	 | floatstream::chf::chf-libor-6m::{06-nov-2018->06-nov-2023}@cumulativeconvexityadjusteddirtyprice => 109.84725394594459 ||
	 | floatstream::chf::chf-libor-6m::{06-nov-2018->06-nov-2023}@cumulativeconvexityadjusteddirtypv => -0.09847253945944599 ||
	 | floatstream::chf::chf-libor-6m::{06-nov-2018->06-nov-2023}@cumulativeconvexityadjusteddv01 => -4.8747641645169196E-4 ||
	 | floatstream::chf::chf-libor-6m::{06-nov-2018->06-nov-2023}@cumulativeconvexityadjustedfairpremium => 0.02020047250207938 ||
	 | floatstream::chf::chf-libor-6m::{06-nov-2018->06-nov-2023}@cumulativeconvexityadjustedparrate => 0.02020047250207938 ||
	 | floatstream::chf::chf-libor-6m::{06-nov-2018->06-nov-2023}@cumulativeconvexityadjustedprice => 109.84725394594459 ||
	 | floatstream::chf::chf-libor-6m::{06-nov-2018->06-nov-2023}@cumulativeconvexityadjustedpv => -0.09847253945944599 ||
	 | floatstream::chf::chf-libor-6m::{06-nov-2018->06-nov-2023}@cumulativeconvexityadjustedrate => 0.02020047250207938 ||
	 | floatstream::chf::chf-libor-6m::{06-nov-2018->06-nov-2023}@cumulativeconvexityadjustedupfront => -0.09847253945944599 ||
	 | floatstream::chf::chf-libor-6m::{06-nov-2018->06-nov-2023}@cumulativeconvexityadjustmentfactor => 1.0 ||
	 | floatstream::chf::chf-libor-6m::{06-nov-2018->06-nov-2023}@cumulativeconvexityadjustmentpremium => 0.0 ||
	 | floatstream::chf::chf-libor-6m::{06-nov-2018->06-nov-2023}@cumulativeconvexityadjustmentpremiumupfront => -0.0 ||
	 | floatstream::chf::chf-libor-6m::{06-nov-2018->06-nov-2023}@cumulativecouponamount => 0.0 ||
	 | floatstream::chf::chf-libor-6m::{06-nov-2018->06-nov-2023}@cumulativecoupondcf => 0.0 ||
	 | floatstream::chf::chf-libor-6m::{06-nov-2018->06-nov-2023}@cv01 => -4.8747641645169196E-4 ||
	 | floatstream::chf::chf-libor-6m::{06-nov-2018->06-nov-2023}@dirtydv01 => -4.8747641645169196E-4 ||
	 | floatstream::chf::chf-libor-6m::{06-nov-2018->06-nov-2023}@dirtyprice => 109.84725394594459 ||
	 | floatstream::chf::chf-libor-6m::{06-nov-2018->06-nov-2023}@dirtypv => -0.09847253945944599 ||
	 | floatstream::chf::chf-libor-6m::{06-nov-2018->06-nov-2023}@dv01 => -4.8747641645169196E-4 ||
	 | floatstream::chf::chf-libor-6m::{06-nov-2018->06-nov-2023}@fairpremium => 0.02020047250207938 ||
	 | floatstream::chf::chf-libor-6m::{06-nov-2018->06-nov-2023}@fixing01 => 0.0 ||
	 | floatstream::chf::chf-libor-6m::{06-nov-2018->06-nov-2023}@forwardfundingconvexityadjustedcleandv01 => -4.8747641645169196E-4 ||
	 | floatstream::chf::chf-libor-6m::{06-nov-2018->06-nov-2023}@forwardfundingconvexityadjustedcleanprice => 109.84725394594459 ||
	 | floatstream::chf::chf-libor-6m::{06-nov-2018->06-nov-2023}@forwardfundingconvexityadjustedcleanpv => -0.09847253945944599 ||
	 | floatstream::chf::chf-libor-6m::{06-nov-2018->06-nov-2023}@forwardfundingconvexityadjusteddirtydv01 => -4.8747641645169196E-4 ||
	 | floatstream::chf::chf-libor-6m::{06-nov-2018->06-nov-2023}@forwardfundingconvexityadjusteddirtyprice => 109.84725394594459 ||
	 | floatstream::chf::chf-libor-6m::{06-nov-2018->06-nov-2023}@forwardfundingconvexityadjusteddirtypv => -0.09847253945944599 ||
	 | floatstream::chf::chf-libor-6m::{06-nov-2018->06-nov-2023}@forwardfundingconvexityadjusteddv01 => -4.8747641645169196E-4 ||
	 | floatstream::chf::chf-libor-6m::{06-nov-2018->06-nov-2023}@forwardfundingconvexityadjustedfairpremium => 0.02020047250207938 ||
	 | floatstream::chf::chf-libor-6m::{06-nov-2018->06-nov-2023}@forwardfundingconvexityadjustedparrate => 0.02020047250207938 ||
	 | floatstream::chf::chf-libor-6m::{06-nov-2018->06-nov-2023}@forwardfundingconvexityadjustedprice => 109.84725394594459 ||
	 | floatstream::chf::chf-libor-6m::{06-nov-2018->06-nov-2023}@forwardfundingconvexityadjustedpv => -0.09847253945944599 ||
	 | floatstream::chf::chf-libor-6m::{06-nov-2018->06-nov-2023}@forwardfundingconvexityadjustedrate => 0.02020047250207938 ||
	 | floatstream::chf::chf-libor-6m::{06-nov-2018->06-nov-2023}@forwardfundingconvexityadjustedupfront => -0.09847253945944599 ||
	 | floatstream::chf::chf-libor-6m::{06-nov-2018->06-nov-2023}@forwardfundingconvexityadjustmentfactor => 1.0 ||
	 | floatstream::chf::chf-libor-6m::{06-nov-2018->06-nov-2023}@forwardfundingconvexityadjustmentpremium => 0.0 ||
	 | floatstream::chf::chf-libor-6m::{06-nov-2018->06-nov-2023}@forwardfundingconvexityadjustmentpremiumupfront => -0.0 ||
	 | floatstream::chf::chf-libor-6m::{06-nov-2018->06-nov-2023}@forwardfxconvexityadjustedcleandv01 => -4.8747641645169196E-4 ||
	 | floatstream::chf::chf-libor-6m::{06-nov-2018->06-nov-2023}@forwardfxconvexityadjustedcleanprice => 109.84725394594459 ||
	 | floatstream::chf::chf-libor-6m::{06-nov-2018->06-nov-2023}@forwardfxconvexityadjustedcleanpv => -0.09847253945944599 ||
	 | floatstream::chf::chf-libor-6m::{06-nov-2018->06-nov-2023}@forwardfxconvexityadjusteddirtydv01 => -4.8747641645169196E-4 ||
	 | floatstream::chf::chf-libor-6m::{06-nov-2018->06-nov-2023}@forwardfxconvexityadjusteddirtyprice => 109.84725394594459 ||
	 | floatstream::chf::chf-libor-6m::{06-nov-2018->06-nov-2023}@forwardfxconvexityadjusteddirtypv => -0.09847253945944599 ||
	 | floatstream::chf::chf-libor-6m::{06-nov-2018->06-nov-2023}@forwardfxconvexityadjusteddv01 => -4.8747641645169196E-4 ||
	 | floatstream::chf::chf-libor-6m::{06-nov-2018->06-nov-2023}@forwardfxconvexityadjustedfairpremium => 0.02020047250207938 ||
	 | floatstream::chf::chf-libor-6m::{06-nov-2018->06-nov-2023}@forwardfxconvexityadjustedparrate => 0.02020047250207938 ||
	 | floatstream::chf::chf-libor-6m::{06-nov-2018->06-nov-2023}@forwardfxconvexityadjustedprice => 109.84725394594459 ||
	 | floatstream::chf::chf-libor-6m::{06-nov-2018->06-nov-2023}@forwardfxconvexityadjustedpv => -0.09847253945944599 ||
	 | floatstream::chf::chf-libor-6m::{06-nov-2018->06-nov-2023}@forwardfxconvexityadjustedrate => 0.02020047250207938 ||
	 | floatstream::chf::chf-libor-6m::{06-nov-2018->06-nov-2023}@forwardfxconvexityadjustedupfront => -0.09847253945944599 ||
	 | floatstream::chf::chf-libor-6m::{06-nov-2018->06-nov-2023}@forwardfxconvexityadjustmentfactor => 1.0 ||
	 | floatstream::chf::chf-libor-6m::{06-nov-2018->06-nov-2023}@forwardfxconvexityadjustmentpremium => 0.0 ||
	 | floatstream::chf::chf-libor-6m::{06-nov-2018->06-nov-2023}@forwardfxconvexityadjustmentpremiumupfront => -0.0 ||
	 | floatstream::chf::chf-libor-6m::{06-nov-2018->06-nov-2023}@fundingfxconvexityadjustedcleandv01 => -4.8747641645169196E-4 ||
	 | floatstream::chf::chf-libor-6m::{06-nov-2018->06-nov-2023}@fundingfxconvexityadjustedcleanprice => 109.84725394594459 ||
	 | floatstream::chf::chf-libor-6m::{06-nov-2018->06-nov-2023}@fundingfxconvexityadjustedcleanpv => -0.09847253945944599 ||
	 | floatstream::chf::chf-libor-6m::{06-nov-2018->06-nov-2023}@fundingfxconvexityadjusteddirtydv01 => -4.8747641645169196E-4 ||
	 | floatstream::chf::chf-libor-6m::{06-nov-2018->06-nov-2023}@fundingfxconvexityadjusteddirtyprice => 109.84725394594459 ||
	 | floatstream::chf::chf-libor-6m::{06-nov-2018->06-nov-2023}@fundingfxconvexityadjusteddirtypv => -0.09847253945944599 ||
	 | floatstream::chf::chf-libor-6m::{06-nov-2018->06-nov-2023}@fundingfxconvexityadjusteddv01 => -4.8747641645169196E-4 ||
	 | floatstream::chf::chf-libor-6m::{06-nov-2018->06-nov-2023}@fundingfxconvexityadjustedfairpremium => 0.02020047250207938 ||
	 | floatstream::chf::chf-libor-6m::{06-nov-2018->06-nov-2023}@fundingfxconvexityadjustedparrate => 0.02020047250207938 ||
	 | floatstream::chf::chf-libor-6m::{06-nov-2018->06-nov-2023}@fundingfxconvexityadjustedprice => 109.84725394594459 ||
	 | floatstream::chf::chf-libor-6m::{06-nov-2018->06-nov-2023}@fundingfxconvexityadjustedpv => -0.09847253945944599 ||
	 | floatstream::chf::chf-libor-6m::{06-nov-2018->06-nov-2023}@fundingfxconvexityadjustedrate => 0.02020047250207938 ||
	 | floatstream::chf::chf-libor-6m::{06-nov-2018->06-nov-2023}@fundingfxconvexityadjustedupfront => -0.09847253945944599 ||
	 | floatstream::chf::chf-libor-6m::{06-nov-2018->06-nov-2023}@fundingfxconvexityadjustmentfactor => 1.0 ||
	 | floatstream::chf::chf-libor-6m::{06-nov-2018->06-nov-2023}@fundingfxconvexityadjustmentpremium => 0.0 ||
	 | floatstream::chf::chf-libor-6m::{06-nov-2018->06-nov-2023}@fundingfxconvexityadjustmentpremiumupfront => -0.0 ||
	 | floatstream::chf::chf-libor-6m::{06-nov-2018->06-nov-2023}@parrate => 0.02020047250207938 ||
	 | floatstream::chf::chf-libor-6m::{06-nov-2018->06-nov-2023}@price => 109.84725394594459 ||
	 | floatstream::chf::chf-libor-6m::{06-nov-2018->06-nov-2023}@pv => -0.09847253945944599 ||
	 | floatstream::chf::chf-libor-6m::{06-nov-2018->06-nov-2023}@rate => 0.02020047250207938 ||
	 | floatstream::chf::chf-libor-6m::{06-nov-2018->06-nov-2023}@resetdate => -2.147483648E9 ||
	 | floatstream::chf::chf-libor-6m::{06-nov-2018->06-nov-2023}@resetrate => NaN ||
	 | floatstream::chf::chf-libor-6m::{06-nov-2018->06-nov-2023}@totalcoupon => 0.20585679436533447 ||
	 | floatstream::chf::chf-libor-6m::{06-nov-2018->06-nov-2023}@unadjustedcleandv01 => -4.8747641645169196E-4 ||
	 | floatstream::chf::chf-libor-6m::{06-nov-2018->06-nov-2023}@unadjustedcleanprice => 109.84725394594459 ||
	 | floatstream::chf::chf-libor-6m::{06-nov-2018->06-nov-2023}@unadjustedcleanpv => -0.09847253945944599 ||
	 | floatstream::chf::chf-libor-6m::{06-nov-2018->06-nov-2023}@unadjusteddirtydv01 => -4.8747641645169196E-4 ||
	 | floatstream::chf::chf-libor-6m::{06-nov-2018->06-nov-2023}@unadjusteddirtyprice => 109.84725394594459 ||
	 | floatstream::chf::chf-libor-6m::{06-nov-2018->06-nov-2023}@unadjusteddirtypv => -0.09847253945944599 ||
	 | floatstream::chf::chf-libor-6m::{06-nov-2018->06-nov-2023}@unadjustedfairpremium => 0.02020047250207938 ||
	 | floatstream::chf::chf-libor-6m::{06-nov-2018->06-nov-2023}@unadjustedparrate => 0.02020047250207938 ||
	 | floatstream::chf::chf-libor-6m::{06-nov-2018->06-nov-2023}@unadjustedprice => 109.84725394594459 ||
	 | floatstream::chf::chf-libor-6m::{06-nov-2018->06-nov-2023}@unadjustedpv => -0.09847253945944599 ||
	 | floatstream::chf::chf-libor-6m::{06-nov-2018->06-nov-2023}@unadjustedrate => 0.02020047250207938 ||
	 | floatstream::chf::chf-libor-6m::{06-nov-2018->06-nov-2023}@unadjustedupfront => -0.09847253945944599 ||
	 | floatstream::chf::chf-libor-6m::{06-nov-2018->06-nov-2023}@upfront => -0.09847253945944599 ||
	 | initialnotional => 1.0 ||
	 | parfixedcoupon => 0.020599999999999972 ||
	 | parrate => 0.020599999999999972 ||
	 | parswaprate => 0.020599999999999972 ||
	 | price => 99.99999999999999 ||
	 | pv => -1.1102230246251565E-16 ||
	 | rate => 0.020599999999999972 ||
	 | referenceaccrued => 0.0 ||
	 | referenceaccrued01 => 0.0 ||
	 | referencecleandv01 => 4.780220362109035E-4 ||
	 | referencecleanpv => 0.09847253945944588 ||
	 | referencecumulativeconvexityadjustmentfactor => 1.0 ||
	 | referencecumulativeconvexityadjustmentpremium => 0.0 ||
	 | referencecumulativecouponamount => 0.0 ||
	 | referencecumulativecoupondcf => 0.0 ||
	 | referencedirtydv01 => 4.780220362109035E-4 ||
	 | referencedirtypv => 0.09847253945944588 ||
	 | referencedv01 => 4.780220362109035E-4 ||
	 | referenceparbasisspread => 2.3225352400602E-13 ||
	 | referencepv => 0.09847253945944588 ||
	 | resetdate => -2.147483648E9 ||
	 | resetrate => NaN ||
	 | swaprate => 0.020599999999999972 ||
	 | upfront => -1.1102230246251565E-16 ||
	 |------------------------------||


		|-----------------------------------------------------------------------------------------------------------------------||
		|    Floating Stream Cash Flow Details                                                                                  ||
		|    -------- ------ ---- ---- -------                                                                                  ||
		|               Start Date                                                                                              ||
		|               End Date                                                                                                ||
		|               Pay Date                                                                                                ||
		|               FX Fixing Date                                                                                          ||
		|               Base Notional                                                                                           ||
		|               Period DCF                                                                                              ||
		|               Tenor                                                                                                   ||
		|               Funding Label                                                                                           ||
		|               Forward Label                                                                                           ||
		|               Pay Discount Factor                                                                                     ||
		|               Coupon Rate                                                                                             ||
		|-----------------------------------------------------------------------------------------------------------------------||
		| [06-NOV-2018 - 06-MAY-2019] => 06-MAY-2019 | 06-MAY-2019 | -1.0000 |  0.5028 | 6M | CHF | CHF-LIBOR-6M |  0.9986 |  0.27% ||
		| [06-MAY-2019 - 06-NOV-2019] => 06-NOV-2019 | 06-NOV-2019 | -1.0000 |  0.5111 | 6M | CHF | CHF-LIBOR-6M |  0.9965 |  0.42% ||
		| [06-NOV-2019 - 06-MAY-2020] => 06-MAY-2020 | 06-MAY-2020 | -1.0000 |  0.5056 | 6M | CHF | CHF-LIBOR-6M |  0.9925 |  0.79% ||
		| [06-MAY-2020 - 06-NOV-2020] => 06-NOV-2020 | 06-NOV-2020 | -1.0000 |  0.5111 | 6M | CHF | CHF-LIBOR-6M |  0.9857 |  1.36% ||
		| [06-NOV-2020 - 06-MAY-2021] => 06-MAY-2021 | 06-MAY-2021 | -1.0000 |  0.5028 | 6M | CHF | CHF-LIBOR-6M |  0.9705 |  3.11% ||
		| [06-MAY-2021 - 06-NOV-2021] => 06-NOV-2021 | 06-NOV-2021 | -1.0000 |  0.5111 | 6M | CHF | CHF-LIBOR-6M |  0.9609 |  1.95% ||
		| [06-NOV-2021 - 06-MAY-2022] => 06-MAY-2022 | 06-MAY-2022 | -1.0000 |  0.5028 | 6M | CHF | CHF-LIBOR-6M |  0.9495 |  2.39% ||
		| [06-MAY-2022 - 06-NOV-2022] => 06-NOV-2022 | 06-NOV-2022 | -1.0000 |  0.5111 | 6M | CHF | CHF-LIBOR-6M |  0.9356 |  2.91% ||
		| [06-NOV-2022 - 06-MAY-2023] => 06-MAY-2023 | 06-MAY-2023 | -1.0000 |  0.5028 | 6M | CHF | CHF-LIBOR-6M |  0.9195 |  3.48% ||
		| [06-MAY-2023 - 06-NOV-2023] => 06-NOV-2023 | 06-NOV-2023 | -1.0000 |  0.5111 | 6M | CHF | CHF-LIBOR-6M |  0.9015 |  3.90% ||
		|-----------------------------------------------------------------------------------------------------------------------||


		|--------------------------------------------------------------------------------------------------------||
		|    Fixed Stream Cash Flow Details                                                                      ||
		|    ----- ------ ---- ---- -------                                                                      ||
		|               Start Date                                                                               ||
		|               End Date                                                                                 ||
		|               Pay Date                                                                                 ||
		|               FX Fixing Date                                                                           ||
		|               Base Notional                                                                            ||
		|               Period DCF                                                                               ||
		|               Tenor                                                                                    ||
		|               Funding Label                                                                            ||
		|               Pay Discount Factor                                                                      ||
		|               Coupon Rate                                                                              ||
		|--------------------------------------------------------------------------------------------------------||
		| [06-NOV-2018 - 06-NOV-2019] => 06-NOV-2019 | 06-NOV-2019 |  1.0000 |  1.0000 | 1Y | CHF |  0.9965 |  2.06% ||
		| [06-NOV-2019 - 06-NOV-2020] => 06-NOV-2020 | 06-NOV-2020 |  1.0000 |  1.0000 | 1Y | CHF |  0.9857 |  2.06% ||
		| [06-NOV-2020 - 06-NOV-2021] => 06-NOV-2021 | 06-NOV-2021 |  1.0000 |  1.0000 | 1Y | CHF |  0.9609 |  2.06% ||
		| [06-NOV-2021 - 06-NOV-2022] => 06-NOV-2022 | 06-NOV-2022 |  1.0000 |  1.0000 | 1Y | CHF |  0.9356 |  2.06% ||
		| [06-NOV-2022 - 06-NOV-2023] => 06-NOV-2023 | 06-NOV-2023 |  1.0000 |  1.0000 | 1Y | CHF |  0.9015 |  2.06% ||
		|--------------------------------------------------------------------------------------------------------||

	|-----------------------------------------------------------------|
	|    Copyright (C) 2011-2018 (DRIP)
	|-----------------------------------------------------------------|
	|    Build Version  => 3.86.0 multi mode
	|    Build JVM (TM) => 1.8.0_112
	|    Build Snap     => Fri Nov 02 21:22:20 EST 2018
	|    Start Time     => Fri Nov 02 23:11:29 EDT 2018
	|    Setup Time     => Fri Nov 02 23:11:29 EDT 2018
	|    Setup Duration => 0 ms
	|-----------------------------------------------------------------|

	 | accrued => 0.0 ||
	 | calctime => 9.96434E-4 ||
	 | calibfloatingpv => 0.09927088592702826 ||
	 | calibswaprate => 0.0206 ||
	 | cleanfixeddv01 => 4.818975045001372E-4 ||
	 | cleanfloatingdv01 => -4.818975045001372E-4 ||
	 | cleanfloatingpv => -0.09927088592702907 ||
	 | cleanprice => 100.00000000000011 ||
	 | cleanpv => 1.0408340855860843E-15 ||
	 | cumulativeconvexityadjustmentpremium => 0.0 ||
	 | cumulativecouponamount => 0.0 ||
	 | cumulativecoupondcf => 0.0 ||
	 | derivedaccrued => 0.0 ||
	 | derivedaccrued01 => 0.0 ||
	 | derivedcleandv01 => -4.818975045001372E-4 ||
	 | derivedcleanpv => -0.09927088592702907 ||
	 | derivedcumulativeconvexityadjustmentfactor => 1.0 ||
	 | derivedcumulativeconvexityadjustmentpremium => -0.0 ||
	 | derivedcumulativecouponamount => 0.0 ||
	 | derivedcumulativecoupondcf => 0.0 ||
	 | deriveddirtydv01 => -4.818975045001372E-4 ||
	 | deriveddirtypv => -0.09927088592702907 ||
	 | deriveddv01 => -4.818975045001372E-4 ||
	 | derivedfixing01 => 0.0 ||
	 | derivedparbasisspread => 2.1598661040291563E-12 ||
	 | derivedpv => -0.09927088592702907 ||
	 | derivedresetdate => -2.147483648E9 ||
	 | derivedresetrate => NaN ||
	 | dirtyfixeddv01 => 4.818975045001372E-4 ||
	 | dirtyfixedpv => 0.09927088592703011 ||
	 | dirtyfloatingdv01 => -4.818975045001372E-4 ||
	 | dirtyfloatingpv => -0.09927088592702907 ||
	 | dirtyprice => 100.00000000000011 ||
	 | dirtypv => 1.0408340855860843E-15 ||
	 | fairpremium => 0.02060000000000017 ||
	 | fixedaccrued => 0.0 ||
	 | fixedaccrued01 => 0.0 ||
	 | fixeddv01 => 4.818975045001372E-4 ||
	 | fixedstream::cny/cny::3::{06-nov-2018->06-nov-2023}@accrualcoupon => NaN ||
	 | fixedstream::cny/cny::3::{06-nov-2018->06-nov-2023}@accrued => 0.0 ||
	 | fixedstream::cny/cny::3::{06-nov-2018->06-nov-2023}@accrued01 => 0.0 ||
	 | fixedstream::cny/cny::3::{06-nov-2018->06-nov-2023}@calctime => 1.02324E-4 ||
	 | fixedstream::cny/cny::3::{06-nov-2018->06-nov-2023}@cleandv01 => 4.818975045001372E-4 ||
	 | fixedstream::cny/cny::3::{06-nov-2018->06-nov-2023}@cleanprice => 109.92708859270302 ||
	 | fixedstream::cny/cny::3::{06-nov-2018->06-nov-2023}@cleanpv => 0.09927088592703011 ||
	 | fixedstream::cny/cny::3::{06-nov-2018->06-nov-2023}@compoundingadjustedcleandv01 => 4.818975045001372E-4 ||
	 | fixedstream::cny/cny::3::{06-nov-2018->06-nov-2023}@compoundingadjustedcleanprice => 109.92708859270302 ||
	 | fixedstream::cny/cny::3::{06-nov-2018->06-nov-2023}@compoundingadjustedcleanpv => 0.09927088592703011 ||
	 | fixedstream::cny/cny::3::{06-nov-2018->06-nov-2023}@compoundingadjusteddirtydv01 => 4.818975045001372E-4 ||
	 | fixedstream::cny/cny::3::{06-nov-2018->06-nov-2023}@compoundingadjusteddirtyprice => 109.92708859270302 ||
	 | fixedstream::cny/cny::3::{06-nov-2018->06-nov-2023}@compoundingadjusteddirtypv => 0.09927088592703011 ||
	 | fixedstream::cny/cny::3::{06-nov-2018->06-nov-2023}@compoundingadjustedfairpremium => 0.020600000000000385 ||
	 | fixedstream::cny/cny::3::{06-nov-2018->06-nov-2023}@compoundingadjustedparrate => 0.020600000000000385 ||
	 | fixedstream::cny/cny::3::{06-nov-2018->06-nov-2023}@compoundingadjustedprice => 109.92708859270302 ||
	 | fixedstream::cny/cny::3::{06-nov-2018->06-nov-2023}@compoundingadjustedpv => 0.09927088592703011 ||
	 | fixedstream::cny/cny::3::{06-nov-2018->06-nov-2023}@compoundingadjustedrate => 0.020600000000000385 ||
	 | fixedstream::cny/cny::3::{06-nov-2018->06-nov-2023}@compoundingadjustedupfront => 0.09927088592703011 ||
	 | fixedstream::cny/cny::3::{06-nov-2018->06-nov-2023}@compoundingadjustmentfactor => 1.0 ||
	 | fixedstream::cny/cny::3::{06-nov-2018->06-nov-2023}@compoundingadjustmentpremium => 0.0 ||
	 | fixedstream::cny/cny::3::{06-nov-2018->06-nov-2023}@compoundingadjustmentpremiumupfront => 0.0 ||
	 | fixedstream::cny/cny::3::{06-nov-2018->06-nov-2023}@creditforwardconvexityadjustedcleandv01 => 4.818975045001372E-4 ||
	 | fixedstream::cny/cny::3::{06-nov-2018->06-nov-2023}@creditforwardconvexityadjustedcleanprice => 109.92708859270302 ||
	 | fixedstream::cny/cny::3::{06-nov-2018->06-nov-2023}@creditforwardconvexityadjustedcleanpv => 0.09927088592703011 ||
	 | fixedstream::cny/cny::3::{06-nov-2018->06-nov-2023}@creditforwardconvexityadjusteddirtydv01 => 4.818975045001372E-4 ||
	 | fixedstream::cny/cny::3::{06-nov-2018->06-nov-2023}@creditforwardconvexityadjusteddirtyprice => 109.92708859270302 ||
	 | fixedstream::cny/cny::3::{06-nov-2018->06-nov-2023}@creditforwardconvexityadjusteddirtypv => 0.09927088592703011 ||
	 | fixedstream::cny/cny::3::{06-nov-2018->06-nov-2023}@creditforwardconvexityadjusteddv01 => 4.818975045001372E-4 ||
	 | fixedstream::cny/cny::3::{06-nov-2018->06-nov-2023}@creditforwardconvexityadjustedfairpremium => 0.020600000000000385 ||
	 | fixedstream::cny/cny::3::{06-nov-2018->06-nov-2023}@creditforwardconvexityadjustedparrate => 0.020600000000000385 ||
	 | fixedstream::cny/cny::3::{06-nov-2018->06-nov-2023}@creditforwardconvexityadjustedprice => 109.92708859270302 ||
	 | fixedstream::cny/cny::3::{06-nov-2018->06-nov-2023}@creditforwardconvexityadjustedpv => 0.09927088592703011 ||
	 | fixedstream::cny/cny::3::{06-nov-2018->06-nov-2023}@creditforwardconvexityadjustedrate => 0.020600000000000385 ||
	 | fixedstream::cny/cny::3::{06-nov-2018->06-nov-2023}@creditforwardconvexityadjustedupfront => 0.09927088592703011 ||
	 | fixedstream::cny/cny::3::{06-nov-2018->06-nov-2023}@creditforwardconvexityadjustmentfactor => 1.0 ||
	 | fixedstream::cny/cny::3::{06-nov-2018->06-nov-2023}@creditforwardconvexityadjustmentpremium => 0.0 ||
	 | fixedstream::cny/cny::3::{06-nov-2018->06-nov-2023}@creditforwardconvexityadjustmentpremiumupfront => 0.0 ||
	 | fixedstream::cny/cny::3::{06-nov-2018->06-nov-2023}@creditfundingconvexityadjustedcleandv01 => 4.818975045001372E-4 ||
	 | fixedstream::cny/cny::3::{06-nov-2018->06-nov-2023}@creditfundingconvexityadjustedcleanprice => 109.92708859270302 ||
	 | fixedstream::cny/cny::3::{06-nov-2018->06-nov-2023}@creditfundingconvexityadjustedcleanpv => 0.09927088592703011 ||
	 | fixedstream::cny/cny::3::{06-nov-2018->06-nov-2023}@creditfundingconvexityadjusteddirtydv01 => 4.818975045001372E-4 ||
	 | fixedstream::cny/cny::3::{06-nov-2018->06-nov-2023}@creditfundingconvexityadjusteddirtyprice => 109.92708859270302 ||
	 | fixedstream::cny/cny::3::{06-nov-2018->06-nov-2023}@creditfundingconvexityadjusteddirtypv => 0.09927088592703011 ||
	 | fixedstream::cny/cny::3::{06-nov-2018->06-nov-2023}@creditfundingconvexityadjusteddv01 => 4.818975045001372E-4 ||
	 | fixedstream::cny/cny::3::{06-nov-2018->06-nov-2023}@creditfundingconvexityadjustedfairpremium => 0.020600000000000385 ||
	 | fixedstream::cny/cny::3::{06-nov-2018->06-nov-2023}@creditfundingconvexityadjustedparrate => 0.020600000000000385 ||
	 | fixedstream::cny/cny::3::{06-nov-2018->06-nov-2023}@creditfundingconvexityadjustedprice => 109.92708859270302 ||
	 | fixedstream::cny/cny::3::{06-nov-2018->06-nov-2023}@creditfundingconvexityadjustedpv => 0.09927088592703011 ||
	 | fixedstream::cny/cny::3::{06-nov-2018->06-nov-2023}@creditfundingconvexityadjustedrate => 0.020600000000000385 ||
	 | fixedstream::cny/cny::3::{06-nov-2018->06-nov-2023}@creditfundingconvexityadjustedupfront => 0.09927088592703011 ||
	 | fixedstream::cny/cny::3::{06-nov-2018->06-nov-2023}@creditfundingconvexityadjustmentfactor => 1.0 ||
	 | fixedstream::cny/cny::3::{06-nov-2018->06-nov-2023}@creditfundingconvexityadjustmentpremium => 0.0 ||
	 | fixedstream::cny/cny::3::{06-nov-2018->06-nov-2023}@creditfundingconvexityadjustmentpremiumupfront => 0.0 ||
	 | fixedstream::cny/cny::3::{06-nov-2018->06-nov-2023}@creditfxconvexityadjustedcleandv01 => 4.818975045001372E-4 ||
	 | fixedstream::cny/cny::3::{06-nov-2018->06-nov-2023}@creditfxconvexityadjustedcleanprice => 109.92708859270302 ||
	 | fixedstream::cny/cny::3::{06-nov-2018->06-nov-2023}@creditfxconvexityadjustedcleanpv => 0.09927088592703011 ||
	 | fixedstream::cny/cny::3::{06-nov-2018->06-nov-2023}@creditfxconvexityadjusteddirtydv01 => 4.818975045001372E-4 ||
	 | fixedstream::cny/cny::3::{06-nov-2018->06-nov-2023}@creditfxconvexityadjusteddirtyprice => 109.92708859270302 ||
	 | fixedstream::cny/cny::3::{06-nov-2018->06-nov-2023}@creditfxconvexityadjusteddirtypv => 0.09927088592703011 ||
	 | fixedstream::cny/cny::3::{06-nov-2018->06-nov-2023}@creditfxconvexityadjusteddv01 => 4.818975045001372E-4 ||
	 | fixedstream::cny/cny::3::{06-nov-2018->06-nov-2023}@creditfxconvexityadjustedfairpremium => 0.020600000000000385 ||
	 | fixedstream::cny/cny::3::{06-nov-2018->06-nov-2023}@creditfxconvexityadjustedparrate => 0.020600000000000385 ||
	 | fixedstream::cny/cny::3::{06-nov-2018->06-nov-2023}@creditfxconvexityadjustedprice => 109.92708859270302 ||
	 | fixedstream::cny/cny::3::{06-nov-2018->06-nov-2023}@creditfxconvexityadjustedpv => 0.09927088592703011 ||
	 | fixedstream::cny/cny::3::{06-nov-2018->06-nov-2023}@creditfxconvexityadjustedrate => 0.020600000000000385 ||
	 | fixedstream::cny/cny::3::{06-nov-2018->06-nov-2023}@creditfxconvexityadjustedupfront => 0.09927088592703011 ||
	 | fixedstream::cny/cny::3::{06-nov-2018->06-nov-2023}@creditfxconvexityadjustmentfactor => 1.0 ||
	 | fixedstream::cny/cny::3::{06-nov-2018->06-nov-2023}@creditfxconvexityadjustmentpremium => 0.0 ||
	 | fixedstream::cny/cny::3::{06-nov-2018->06-nov-2023}@creditfxconvexityadjustmentpremiumupfront => 0.0 ||
	 | fixedstream::cny/cny::3::{06-nov-2018->06-nov-2023}@cumulativeconvexityadjustedcleandv01 => 4.818975045001372E-4 ||
	 | fixedstream::cny/cny::3::{06-nov-2018->06-nov-2023}@cumulativeconvexityadjustedcleanprice => 109.92708859270302 ||
	 | fixedstream::cny/cny::3::{06-nov-2018->06-nov-2023}@cumulativeconvexityadjustedcleanpv => 0.09927088592703011 ||
	 | fixedstream::cny/cny::3::{06-nov-2018->06-nov-2023}@cumulativeconvexityadjusteddirtydv01 => 4.818975045001372E-4 ||
	 | fixedstream::cny/cny::3::{06-nov-2018->06-nov-2023}@cumulativeconvexityadjusteddirtyprice => 109.92708859270302 ||
	 | fixedstream::cny/cny::3::{06-nov-2018->06-nov-2023}@cumulativeconvexityadjusteddirtypv => 0.09927088592703011 ||
	 | fixedstream::cny/cny::3::{06-nov-2018->06-nov-2023}@cumulativeconvexityadjusteddv01 => 4.818975045001372E-4 ||
	 | fixedstream::cny/cny::3::{06-nov-2018->06-nov-2023}@cumulativeconvexityadjustedfairpremium => 0.020600000000000385 ||
	 | fixedstream::cny/cny::3::{06-nov-2018->06-nov-2023}@cumulativeconvexityadjustedparrate => 0.020600000000000385 ||
	 | fixedstream::cny/cny::3::{06-nov-2018->06-nov-2023}@cumulativeconvexityadjustedprice => 109.92708859270302 ||
	 | fixedstream::cny/cny::3::{06-nov-2018->06-nov-2023}@cumulativeconvexityadjustedpv => 0.09927088592703011 ||
	 | fixedstream::cny/cny::3::{06-nov-2018->06-nov-2023}@cumulativeconvexityadjustedrate => 0.020600000000000385 ||
	 | fixedstream::cny/cny::3::{06-nov-2018->06-nov-2023}@cumulativeconvexityadjustedupfront => 0.09927088592703011 ||
	 | fixedstream::cny/cny::3::{06-nov-2018->06-nov-2023}@cumulativeconvexityadjustmentfactor => 1.0 ||
	 | fixedstream::cny/cny::3::{06-nov-2018->06-nov-2023}@cumulativeconvexityadjustmentpremium => 0.0 ||
	 | fixedstream::cny/cny::3::{06-nov-2018->06-nov-2023}@cumulativeconvexityadjustmentpremiumupfront => 0.0 ||
	 | fixedstream::cny/cny::3::{06-nov-2018->06-nov-2023}@cumulativecouponamount => 0.0 ||
	 | fixedstream::cny/cny::3::{06-nov-2018->06-nov-2023}@cumulativecoupondcf => 0.0 ||
	 | fixedstream::cny/cny::3::{06-nov-2018->06-nov-2023}@cv01 => 4.818975045001372E-4 ||
	 | fixedstream::cny/cny::3::{06-nov-2018->06-nov-2023}@dirtydv01 => 4.818975045001372E-4 ||
	 | fixedstream::cny/cny::3::{06-nov-2018->06-nov-2023}@dirtyprice => 109.92708859270302 ||
	 | fixedstream::cny/cny::3::{06-nov-2018->06-nov-2023}@dirtypv => 0.09927088592703011 ||
	 | fixedstream::cny/cny::3::{06-nov-2018->06-nov-2023}@dv01 => 4.818975045001372E-4 ||
	 | fixedstream::cny/cny::3::{06-nov-2018->06-nov-2023}@fairpremium => 0.020600000000000385 ||
	 | fixedstream::cny/cny::3::{06-nov-2018->06-nov-2023}@fixing01 => 0.0 ||
	 | fixedstream::cny/cny::3::{06-nov-2018->06-nov-2023}@forwardfundingconvexityadjustedcleandv01 => 4.818975045001372E-4 ||
	 | fixedstream::cny/cny::3::{06-nov-2018->06-nov-2023}@forwardfundingconvexityadjustedcleanprice => 109.92708859270302 ||
	 | fixedstream::cny/cny::3::{06-nov-2018->06-nov-2023}@forwardfundingconvexityadjustedcleanpv => 0.09927088592703011 ||
	 | fixedstream::cny/cny::3::{06-nov-2018->06-nov-2023}@forwardfundingconvexityadjusteddirtydv01 => 4.818975045001372E-4 ||
	 | fixedstream::cny/cny::3::{06-nov-2018->06-nov-2023}@forwardfundingconvexityadjusteddirtyprice => 109.92708859270302 ||
	 | fixedstream::cny/cny::3::{06-nov-2018->06-nov-2023}@forwardfundingconvexityadjusteddirtypv => 0.09927088592703011 ||
	 | fixedstream::cny/cny::3::{06-nov-2018->06-nov-2023}@forwardfundingconvexityadjusteddv01 => 4.818975045001372E-4 ||
	 | fixedstream::cny/cny::3::{06-nov-2018->06-nov-2023}@forwardfundingconvexityadjustedfairpremium => 0.020600000000000385 ||
	 | fixedstream::cny/cny::3::{06-nov-2018->06-nov-2023}@forwardfundingconvexityadjustedparrate => 0.020600000000000385 ||
	 | fixedstream::cny/cny::3::{06-nov-2018->06-nov-2023}@forwardfundingconvexityadjustedprice => 109.92708859270302 ||
	 | fixedstream::cny/cny::3::{06-nov-2018->06-nov-2023}@forwardfundingconvexityadjustedpv => 0.09927088592703011 ||
	 | fixedstream::cny/cny::3::{06-nov-2018->06-nov-2023}@forwardfundingconvexityadjustedrate => 0.020600000000000385 ||
	 | fixedstream::cny/cny::3::{06-nov-2018->06-nov-2023}@forwardfundingconvexityadjustedupfront => 0.09927088592703011 ||
	 | fixedstream::cny/cny::3::{06-nov-2018->06-nov-2023}@forwardfundingconvexityadjustmentfactor => 1.0 ||
	 | fixedstream::cny/cny::3::{06-nov-2018->06-nov-2023}@forwardfundingconvexityadjustmentpremium => 0.0 ||
	 | fixedstream::cny/cny::3::{06-nov-2018->06-nov-2023}@forwardfundingconvexityadjustmentpremiumupfront => 0.0 ||
	 | fixedstream::cny/cny::3::{06-nov-2018->06-nov-2023}@forwardfxconvexityadjustedcleandv01 => 4.818975045001372E-4 ||
	 | fixedstream::cny/cny::3::{06-nov-2018->06-nov-2023}@forwardfxconvexityadjustedcleanprice => 109.92708859270302 ||
	 | fixedstream::cny/cny::3::{06-nov-2018->06-nov-2023}@forwardfxconvexityadjustedcleanpv => 0.09927088592703011 ||
	 | fixedstream::cny/cny::3::{06-nov-2018->06-nov-2023}@forwardfxconvexityadjusteddirtydv01 => 4.818975045001372E-4 ||
	 | fixedstream::cny/cny::3::{06-nov-2018->06-nov-2023}@forwardfxconvexityadjusteddirtyprice => 109.92708859270302 ||
	 | fixedstream::cny/cny::3::{06-nov-2018->06-nov-2023}@forwardfxconvexityadjusteddirtypv => 0.09927088592703011 ||
	 | fixedstream::cny/cny::3::{06-nov-2018->06-nov-2023}@forwardfxconvexityadjusteddv01 => 4.818975045001372E-4 ||
	 | fixedstream::cny/cny::3::{06-nov-2018->06-nov-2023}@forwardfxconvexityadjustedfairpremium => 0.020600000000000385 ||
	 | fixedstream::cny/cny::3::{06-nov-2018->06-nov-2023}@forwardfxconvexityadjustedparrate => 0.020600000000000385 ||
	 | fixedstream::cny/cny::3::{06-nov-2018->06-nov-2023}@forwardfxconvexityadjustedprice => 109.92708859270302 ||
	 | fixedstream::cny/cny::3::{06-nov-2018->06-nov-2023}@forwardfxconvexityadjustedpv => 0.09927088592703011 ||
	 | fixedstream::cny/cny::3::{06-nov-2018->06-nov-2023}@forwardfxconvexityadjustedrate => 0.020600000000000385 ||
	 | fixedstream::cny/cny::3::{06-nov-2018->06-nov-2023}@forwardfxconvexityadjustedupfront => 0.09927088592703011 ||
	 | fixedstream::cny/cny::3::{06-nov-2018->06-nov-2023}@forwardfxconvexityadjustmentfactor => 1.0 ||
	 | fixedstream::cny/cny::3::{06-nov-2018->06-nov-2023}@forwardfxconvexityadjustmentpremium => 0.0 ||
	 | fixedstream::cny/cny::3::{06-nov-2018->06-nov-2023}@forwardfxconvexityadjustmentpremiumupfront => 0.0 ||
	 | fixedstream::cny/cny::3::{06-nov-2018->06-nov-2023}@fundingfxconvexityadjustedcleandv01 => 4.818975045001372E-4 ||
	 | fixedstream::cny/cny::3::{06-nov-2018->06-nov-2023}@fundingfxconvexityadjustedcleanprice => 109.92708859270302 ||
	 | fixedstream::cny/cny::3::{06-nov-2018->06-nov-2023}@fundingfxconvexityadjustedcleanpv => 0.09927088592703011 ||
	 | fixedstream::cny/cny::3::{06-nov-2018->06-nov-2023}@fundingfxconvexityadjusteddirtydv01 => 4.818975045001372E-4 ||
	 | fixedstream::cny/cny::3::{06-nov-2018->06-nov-2023}@fundingfxconvexityadjusteddirtyprice => 109.92708859270302 ||
	 | fixedstream::cny/cny::3::{06-nov-2018->06-nov-2023}@fundingfxconvexityadjusteddirtypv => 0.09927088592703011 ||
	 | fixedstream::cny/cny::3::{06-nov-2018->06-nov-2023}@fundingfxconvexityadjusteddv01 => 4.818975045001372E-4 ||
	 | fixedstream::cny/cny::3::{06-nov-2018->06-nov-2023}@fundingfxconvexityadjustedfairpremium => 0.020600000000000385 ||
	 | fixedstream::cny/cny::3::{06-nov-2018->06-nov-2023}@fundingfxconvexityadjustedparrate => 0.020600000000000385 ||
	 | fixedstream::cny/cny::3::{06-nov-2018->06-nov-2023}@fundingfxconvexityadjustedprice => 109.92708859270302 ||
	 | fixedstream::cny/cny::3::{06-nov-2018->06-nov-2023}@fundingfxconvexityadjustedpv => 0.09927088592703011 ||
	 | fixedstream::cny/cny::3::{06-nov-2018->06-nov-2023}@fundingfxconvexityadjustedrate => 0.020600000000000385 ||
	 | fixedstream::cny/cny::3::{06-nov-2018->06-nov-2023}@fundingfxconvexityadjustedupfront => 0.09927088592703011 ||
	 | fixedstream::cny/cny::3::{06-nov-2018->06-nov-2023}@fundingfxconvexityadjustmentfactor => 1.0 ||
	 | fixedstream::cny/cny::3::{06-nov-2018->06-nov-2023}@fundingfxconvexityadjustmentpremium => 0.0 ||
	 | fixedstream::cny/cny::3::{06-nov-2018->06-nov-2023}@fundingfxconvexityadjustmentpremiumupfront => 0.0 ||
	 | fixedstream::cny/cny::3::{06-nov-2018->06-nov-2023}@parrate => 0.020600000000000385 ||
	 | fixedstream::cny/cny::3::{06-nov-2018->06-nov-2023}@price => 109.92708859270302 ||
	 | fixedstream::cny/cny::3::{06-nov-2018->06-nov-2023}@pv => 0.09927088592703011 ||
	 | fixedstream::cny/cny::3::{06-nov-2018->06-nov-2023}@rate => 0.020600000000000385 ||
	 | fixedstream::cny/cny::3::{06-nov-2018->06-nov-2023}@resetdate => -2.147483648E9 ||
	 | fixedstream::cny/cny::3::{06-nov-2018->06-nov-2023}@resetrate => NaN ||
	 | fixedstream::cny/cny::3::{06-nov-2018->06-nov-2023}@totalcoupon => 0.4120000000000076 ||
	 | fixedstream::cny/cny::3::{06-nov-2018->06-nov-2023}@unadjustedcleandv01 => 4.818975045001372E-4 ||
	 | fixedstream::cny/cny::3::{06-nov-2018->06-nov-2023}@unadjustedcleanprice => 109.92708859270302 ||
	 | fixedstream::cny/cny::3::{06-nov-2018->06-nov-2023}@unadjustedcleanpv => 0.09927088592703011 ||
	 | fixedstream::cny/cny::3::{06-nov-2018->06-nov-2023}@unadjusteddirtydv01 => 4.818975045001372E-4 ||
	 | fixedstream::cny/cny::3::{06-nov-2018->06-nov-2023}@unadjusteddirtyprice => 109.92708859270302 ||
	 | fixedstream::cny/cny::3::{06-nov-2018->06-nov-2023}@unadjusteddirtypv => 0.09927088592703011 ||
	 | fixedstream::cny/cny::3::{06-nov-2018->06-nov-2023}@unadjustedfairpremium => 0.020600000000000385 ||
	 | fixedstream::cny/cny::3::{06-nov-2018->06-nov-2023}@unadjustedparrate => 0.020600000000000385 ||
	 | fixedstream::cny/cny::3::{06-nov-2018->06-nov-2023}@unadjustedprice => 109.92708859270302 ||
	 | fixedstream::cny/cny::3::{06-nov-2018->06-nov-2023}@unadjustedpv => 0.09927088592703011 ||
	 | fixedstream::cny/cny::3::{06-nov-2018->06-nov-2023}@unadjustedrate => 0.020600000000000385 ||
	 | fixedstream::cny/cny::3::{06-nov-2018->06-nov-2023}@unadjustedupfront => 0.09927088592703011 ||
	 | fixedstream::cny/cny::3::{06-nov-2018->06-nov-2023}@upfront => 0.09927088592703011 ||
	 | fixing01 => 0.0 ||
	 | floataccrued => 0.0 ||
	 | floataccrued01 => 0.0 ||
	 | floatdv01 => -4.818975045001372E-4 ||
	 | floatstream::cny::cny-repo-1w::{06-nov-2018->06-nov-2023}@accrualcoupon => NaN ||
	 | floatstream::cny::cny-repo-1w::{06-nov-2018->06-nov-2023}@accrued => 0.0 ||
	 | floatstream::cny::cny-repo-1w::{06-nov-2018->06-nov-2023}@accrued01 => 0.0 ||
	 | floatstream::cny::cny-repo-1w::{06-nov-2018->06-nov-2023}@calctime => 5.58063E-4 ||
	 | floatstream::cny::cny-repo-1w::{06-nov-2018->06-nov-2023}@cleandv01 => -4.818975045001372E-4 ||
	 | floatstream::cny::cny-repo-1w::{06-nov-2018->06-nov-2023}@cleanprice => 109.9270885927029 ||
	 | floatstream::cny::cny-repo-1w::{06-nov-2018->06-nov-2023}@cleanpv => -0.09927088592702907 ||
	 | floatstream::cny::cny-repo-1w::{06-nov-2018->06-nov-2023}@compoundingadjustedcleandv01 => -4.818975045001372E-4 ||
	 | floatstream::cny::cny-repo-1w::{06-nov-2018->06-nov-2023}@compoundingadjustedcleanprice => 109.9270885927029 ||
	 | floatstream::cny::cny-repo-1w::{06-nov-2018->06-nov-2023}@compoundingadjustedcleanpv => -0.09927088592702907 ||
	 | floatstream::cny::cny-repo-1w::{06-nov-2018->06-nov-2023}@compoundingadjusteddirtydv01 => -4.818975045001372E-4 ||
	 | floatstream::cny::cny-repo-1w::{06-nov-2018->06-nov-2023}@compoundingadjusteddirtyprice => 109.9270885927029 ||
	 | floatstream::cny::cny-repo-1w::{06-nov-2018->06-nov-2023}@compoundingadjusteddirtypv => -0.09927088592702907 ||
	 | floatstream::cny::cny-repo-1w::{06-nov-2018->06-nov-2023}@compoundingadjustedfairpremium => 0.02060000000000017 ||
	 | floatstream::cny::cny-repo-1w::{06-nov-2018->06-nov-2023}@compoundingadjustedparrate => 0.02060000000000017 ||
	 | floatstream::cny::cny-repo-1w::{06-nov-2018->06-nov-2023}@compoundingadjustedprice => 109.9270885927029 ||
	 | floatstream::cny::cny-repo-1w::{06-nov-2018->06-nov-2023}@compoundingadjustedpv => -0.09927088592702907 ||
	 | floatstream::cny::cny-repo-1w::{06-nov-2018->06-nov-2023}@compoundingadjustedrate => 0.02060000000000017 ||
	 | floatstream::cny::cny-repo-1w::{06-nov-2018->06-nov-2023}@compoundingadjustedupfront => -0.09927088592702907 ||
	 | floatstream::cny::cny-repo-1w::{06-nov-2018->06-nov-2023}@compoundingadjustmentfactor => 1.0 ||
	 | floatstream::cny::cny-repo-1w::{06-nov-2018->06-nov-2023}@compoundingadjustmentpremium => 0.0 ||
	 | floatstream::cny::cny-repo-1w::{06-nov-2018->06-nov-2023}@compoundingadjustmentpremiumupfront => -0.0 ||
	 | floatstream::cny::cny-repo-1w::{06-nov-2018->06-nov-2023}@creditforwardconvexityadjustedcleandv01 => -4.818975045001372E-4 ||
	 | floatstream::cny::cny-repo-1w::{06-nov-2018->06-nov-2023}@creditforwardconvexityadjustedcleanprice => 109.9270885927029 ||
	 | floatstream::cny::cny-repo-1w::{06-nov-2018->06-nov-2023}@creditforwardconvexityadjustedcleanpv => -0.09927088592702907 ||
	 | floatstream::cny::cny-repo-1w::{06-nov-2018->06-nov-2023}@creditforwardconvexityadjusteddirtydv01 => -4.818975045001372E-4 ||
	 | floatstream::cny::cny-repo-1w::{06-nov-2018->06-nov-2023}@creditforwardconvexityadjusteddirtyprice => 109.9270885927029 ||
	 | floatstream::cny::cny-repo-1w::{06-nov-2018->06-nov-2023}@creditforwardconvexityadjusteddirtypv => -0.09927088592702907 ||
	 | floatstream::cny::cny-repo-1w::{06-nov-2018->06-nov-2023}@creditforwardconvexityadjusteddv01 => -4.818975045001372E-4 ||
	 | floatstream::cny::cny-repo-1w::{06-nov-2018->06-nov-2023}@creditforwardconvexityadjustedfairpremium => 0.02060000000000017 ||
	 | floatstream::cny::cny-repo-1w::{06-nov-2018->06-nov-2023}@creditforwardconvexityadjustedparrate => 0.02060000000000017 ||
	 | floatstream::cny::cny-repo-1w::{06-nov-2018->06-nov-2023}@creditforwardconvexityadjustedprice => 109.9270885927029 ||
	 | floatstream::cny::cny-repo-1w::{06-nov-2018->06-nov-2023}@creditforwardconvexityadjustedpv => -0.09927088592702907 ||
	 | floatstream::cny::cny-repo-1w::{06-nov-2018->06-nov-2023}@creditforwardconvexityadjustedrate => 0.02060000000000017 ||
	 | floatstream::cny::cny-repo-1w::{06-nov-2018->06-nov-2023}@creditforwardconvexityadjustedupfront => -0.09927088592702907 ||
	 | floatstream::cny::cny-repo-1w::{06-nov-2018->06-nov-2023}@creditforwardconvexityadjustmentfactor => 1.0 ||
	 | floatstream::cny::cny-repo-1w::{06-nov-2018->06-nov-2023}@creditforwardconvexityadjustmentpremium => 0.0 ||
	 | floatstream::cny::cny-repo-1w::{06-nov-2018->06-nov-2023}@creditforwardconvexityadjustmentpremiumupfront => -0.0 ||
	 | floatstream::cny::cny-repo-1w::{06-nov-2018->06-nov-2023}@creditfundingconvexityadjustedcleandv01 => -4.818975045001372E-4 ||
	 | floatstream::cny::cny-repo-1w::{06-nov-2018->06-nov-2023}@creditfundingconvexityadjustedcleanprice => 109.9270885927029 ||
	 | floatstream::cny::cny-repo-1w::{06-nov-2018->06-nov-2023}@creditfundingconvexityadjustedcleanpv => -0.09927088592702907 ||
	 | floatstream::cny::cny-repo-1w::{06-nov-2018->06-nov-2023}@creditfundingconvexityadjusteddirtydv01 => -4.818975045001372E-4 ||
	 | floatstream::cny::cny-repo-1w::{06-nov-2018->06-nov-2023}@creditfundingconvexityadjusteddirtyprice => 109.9270885927029 ||
	 | floatstream::cny::cny-repo-1w::{06-nov-2018->06-nov-2023}@creditfundingconvexityadjusteddirtypv => -0.09927088592702907 ||
	 | floatstream::cny::cny-repo-1w::{06-nov-2018->06-nov-2023}@creditfundingconvexityadjusteddv01 => -4.818975045001372E-4 ||
	 | floatstream::cny::cny-repo-1w::{06-nov-2018->06-nov-2023}@creditfundingconvexityadjustedfairpremium => 0.02060000000000017 ||
	 | floatstream::cny::cny-repo-1w::{06-nov-2018->06-nov-2023}@creditfundingconvexityadjustedparrate => 0.02060000000000017 ||
	 | floatstream::cny::cny-repo-1w::{06-nov-2018->06-nov-2023}@creditfundingconvexityadjustedprice => 109.9270885927029 ||
	 | floatstream::cny::cny-repo-1w::{06-nov-2018->06-nov-2023}@creditfundingconvexityadjustedpv => -0.09927088592702907 ||
	 | floatstream::cny::cny-repo-1w::{06-nov-2018->06-nov-2023}@creditfundingconvexityadjustedrate => 0.02060000000000017 ||
	 | floatstream::cny::cny-repo-1w::{06-nov-2018->06-nov-2023}@creditfundingconvexityadjustedupfront => -0.09927088592702907 ||
	 | floatstream::cny::cny-repo-1w::{06-nov-2018->06-nov-2023}@creditfundingconvexityadjustmentfactor => 1.0 ||
	 | floatstream::cny::cny-repo-1w::{06-nov-2018->06-nov-2023}@creditfundingconvexityadjustmentpremium => 0.0 ||
	 | floatstream::cny::cny-repo-1w::{06-nov-2018->06-nov-2023}@creditfundingconvexityadjustmentpremiumupfront => -0.0 ||
	 | floatstream::cny::cny-repo-1w::{06-nov-2018->06-nov-2023}@creditfxconvexityadjustedcleandv01 => -4.818975045001372E-4 ||
	 | floatstream::cny::cny-repo-1w::{06-nov-2018->06-nov-2023}@creditfxconvexityadjustedcleanprice => 109.9270885927029 ||
	 | floatstream::cny::cny-repo-1w::{06-nov-2018->06-nov-2023}@creditfxconvexityadjustedcleanpv => -0.09927088592702907 ||
	 | floatstream::cny::cny-repo-1w::{06-nov-2018->06-nov-2023}@creditfxconvexityadjusteddirtydv01 => -4.818975045001372E-4 ||
	 | floatstream::cny::cny-repo-1w::{06-nov-2018->06-nov-2023}@creditfxconvexityadjusteddirtyprice => 109.9270885927029 ||
	 | floatstream::cny::cny-repo-1w::{06-nov-2018->06-nov-2023}@creditfxconvexityadjusteddirtypv => -0.09927088592702907 ||
	 | floatstream::cny::cny-repo-1w::{06-nov-2018->06-nov-2023}@creditfxconvexityadjusteddv01 => -4.818975045001372E-4 ||
	 | floatstream::cny::cny-repo-1w::{06-nov-2018->06-nov-2023}@creditfxconvexityadjustedfairpremium => 0.02060000000000017 ||
	 | floatstream::cny::cny-repo-1w::{06-nov-2018->06-nov-2023}@creditfxconvexityadjustedparrate => 0.02060000000000017 ||
	 | floatstream::cny::cny-repo-1w::{06-nov-2018->06-nov-2023}@creditfxconvexityadjustedprice => 109.9270885927029 ||
	 | floatstream::cny::cny-repo-1w::{06-nov-2018->06-nov-2023}@creditfxconvexityadjustedpv => -0.09927088592702907 ||
	 | floatstream::cny::cny-repo-1w::{06-nov-2018->06-nov-2023}@creditfxconvexityadjustedrate => 0.02060000000000017 ||
	 | floatstream::cny::cny-repo-1w::{06-nov-2018->06-nov-2023}@creditfxconvexityadjustedupfront => -0.09927088592702907 ||
	 | floatstream::cny::cny-repo-1w::{06-nov-2018->06-nov-2023}@creditfxconvexityadjustmentfactor => 1.0 ||
	 | floatstream::cny::cny-repo-1w::{06-nov-2018->06-nov-2023}@creditfxconvexityadjustmentpremium => 0.0 ||
	 | floatstream::cny::cny-repo-1w::{06-nov-2018->06-nov-2023}@creditfxconvexityadjustmentpremiumupfront => -0.0 ||
	 | floatstream::cny::cny-repo-1w::{06-nov-2018->06-nov-2023}@cumulativeconvexityadjustedcleandv01 => -4.818975045001372E-4 ||
	 | floatstream::cny::cny-repo-1w::{06-nov-2018->06-nov-2023}@cumulativeconvexityadjustedcleanprice => 109.9270885927029 ||
	 | floatstream::cny::cny-repo-1w::{06-nov-2018->06-nov-2023}@cumulativeconvexityadjustedcleanpv => -0.09927088592702907 ||
	 | floatstream::cny::cny-repo-1w::{06-nov-2018->06-nov-2023}@cumulativeconvexityadjusteddirtydv01 => -4.818975045001372E-4 ||
	 | floatstream::cny::cny-repo-1w::{06-nov-2018->06-nov-2023}@cumulativeconvexityadjusteddirtyprice => 109.9270885927029 ||
	 | floatstream::cny::cny-repo-1w::{06-nov-2018->06-nov-2023}@cumulativeconvexityadjusteddirtypv => -0.09927088592702907 ||
	 | floatstream::cny::cny-repo-1w::{06-nov-2018->06-nov-2023}@cumulativeconvexityadjusteddv01 => -4.818975045001372E-4 ||
	 | floatstream::cny::cny-repo-1w::{06-nov-2018->06-nov-2023}@cumulativeconvexityadjustedfairpremium => 0.02060000000000017 ||
	 | floatstream::cny::cny-repo-1w::{06-nov-2018->06-nov-2023}@cumulativeconvexityadjustedparrate => 0.02060000000000017 ||
	 | floatstream::cny::cny-repo-1w::{06-nov-2018->06-nov-2023}@cumulativeconvexityadjustedprice => 109.9270885927029 ||
	 | floatstream::cny::cny-repo-1w::{06-nov-2018->06-nov-2023}@cumulativeconvexityadjustedpv => -0.09927088592702907 ||
	 | floatstream::cny::cny-repo-1w::{06-nov-2018->06-nov-2023}@cumulativeconvexityadjustedrate => 0.02060000000000017 ||
	 | floatstream::cny::cny-repo-1w::{06-nov-2018->06-nov-2023}@cumulativeconvexityadjustedupfront => -0.09927088592702907 ||
	 | floatstream::cny::cny-repo-1w::{06-nov-2018->06-nov-2023}@cumulativeconvexityadjustmentfactor => 1.0 ||
	 | floatstream::cny::cny-repo-1w::{06-nov-2018->06-nov-2023}@cumulativeconvexityadjustmentpremium => 0.0 ||
	 | floatstream::cny::cny-repo-1w::{06-nov-2018->06-nov-2023}@cumulativeconvexityadjustmentpremiumupfront => -0.0 ||
	 | floatstream::cny::cny-repo-1w::{06-nov-2018->06-nov-2023}@cumulativecouponamount => 0.0 ||
	 | floatstream::cny::cny-repo-1w::{06-nov-2018->06-nov-2023}@cumulativecoupondcf => 0.0 ||
	 | floatstream::cny::cny-repo-1w::{06-nov-2018->06-nov-2023}@cv01 => -4.818975045001372E-4 ||
	 | floatstream::cny::cny-repo-1w::{06-nov-2018->06-nov-2023}@dirtydv01 => -4.818975045001372E-4 ||
	 | floatstream::cny::cny-repo-1w::{06-nov-2018->06-nov-2023}@dirtyprice => 109.9270885927029 ||
	 | floatstream::cny::cny-repo-1w::{06-nov-2018->06-nov-2023}@dirtypv => -0.09927088592702907 ||
	 | floatstream::cny::cny-repo-1w::{06-nov-2018->06-nov-2023}@dv01 => -4.818975045001372E-4 ||
	 | floatstream::cny::cny-repo-1w::{06-nov-2018->06-nov-2023}@fairpremium => 0.02060000000000017 ||
	 | floatstream::cny::cny-repo-1w::{06-nov-2018->06-nov-2023}@fixing01 => 0.0 ||
	 | floatstream::cny::cny-repo-1w::{06-nov-2018->06-nov-2023}@forwardfundingconvexityadjustedcleandv01 => -4.818975045001372E-4 ||
	 | floatstream::cny::cny-repo-1w::{06-nov-2018->06-nov-2023}@forwardfundingconvexityadjustedcleanprice => 109.9270885927029 ||
	 | floatstream::cny::cny-repo-1w::{06-nov-2018->06-nov-2023}@forwardfundingconvexityadjustedcleanpv => -0.09927088592702907 ||
	 | floatstream::cny::cny-repo-1w::{06-nov-2018->06-nov-2023}@forwardfundingconvexityadjusteddirtydv01 => -4.818975045001372E-4 ||
	 | floatstream::cny::cny-repo-1w::{06-nov-2018->06-nov-2023}@forwardfundingconvexityadjusteddirtyprice => 109.9270885927029 ||
	 | floatstream::cny::cny-repo-1w::{06-nov-2018->06-nov-2023}@forwardfundingconvexityadjusteddirtypv => -0.09927088592702907 ||
	 | floatstream::cny::cny-repo-1w::{06-nov-2018->06-nov-2023}@forwardfundingconvexityadjusteddv01 => -4.818975045001372E-4 ||
	 | floatstream::cny::cny-repo-1w::{06-nov-2018->06-nov-2023}@forwardfundingconvexityadjustedfairpremium => 0.02060000000000017 ||
	 | floatstream::cny::cny-repo-1w::{06-nov-2018->06-nov-2023}@forwardfundingconvexityadjustedparrate => 0.02060000000000017 ||
	 | floatstream::cny::cny-repo-1w::{06-nov-2018->06-nov-2023}@forwardfundingconvexityadjustedprice => 109.9270885927029 ||
	 | floatstream::cny::cny-repo-1w::{06-nov-2018->06-nov-2023}@forwardfundingconvexityadjustedpv => -0.09927088592702907 ||
	 | floatstream::cny::cny-repo-1w::{06-nov-2018->06-nov-2023}@forwardfundingconvexityadjustedrate => 0.02060000000000017 ||
	 | floatstream::cny::cny-repo-1w::{06-nov-2018->06-nov-2023}@forwardfundingconvexityadjustedupfront => -0.09927088592702907 ||
	 | floatstream::cny::cny-repo-1w::{06-nov-2018->06-nov-2023}@forwardfundingconvexityadjustmentfactor => 1.0 ||
	 | floatstream::cny::cny-repo-1w::{06-nov-2018->06-nov-2023}@forwardfundingconvexityadjustmentpremium => 0.0 ||
	 | floatstream::cny::cny-repo-1w::{06-nov-2018->06-nov-2023}@forwardfundingconvexityadjustmentpremiumupfront => -0.0 ||
	 | floatstream::cny::cny-repo-1w::{06-nov-2018->06-nov-2023}@forwardfxconvexityadjustedcleandv01 => -4.818975045001372E-4 ||
	 | floatstream::cny::cny-repo-1w::{06-nov-2018->06-nov-2023}@forwardfxconvexityadjustedcleanprice => 109.9270885927029 ||
	 | floatstream::cny::cny-repo-1w::{06-nov-2018->06-nov-2023}@forwardfxconvexityadjustedcleanpv => -0.09927088592702907 ||
	 | floatstream::cny::cny-repo-1w::{06-nov-2018->06-nov-2023}@forwardfxconvexityadjusteddirtydv01 => -4.818975045001372E-4 ||
	 | floatstream::cny::cny-repo-1w::{06-nov-2018->06-nov-2023}@forwardfxconvexityadjusteddirtyprice => 109.9270885927029 ||
	 | floatstream::cny::cny-repo-1w::{06-nov-2018->06-nov-2023}@forwardfxconvexityadjusteddirtypv => -0.09927088592702907 ||
	 | floatstream::cny::cny-repo-1w::{06-nov-2018->06-nov-2023}@forwardfxconvexityadjusteddv01 => -4.818975045001372E-4 ||
	 | floatstream::cny::cny-repo-1w::{06-nov-2018->06-nov-2023}@forwardfxconvexityadjustedfairpremium => 0.02060000000000017 ||
	 | floatstream::cny::cny-repo-1w::{06-nov-2018->06-nov-2023}@forwardfxconvexityadjustedparrate => 0.02060000000000017 ||
	 | floatstream::cny::cny-repo-1w::{06-nov-2018->06-nov-2023}@forwardfxconvexityadjustedprice => 109.9270885927029 ||
	 | floatstream::cny::cny-repo-1w::{06-nov-2018->06-nov-2023}@forwardfxconvexityadjustedpv => -0.09927088592702907 ||
	 | floatstream::cny::cny-repo-1w::{06-nov-2018->06-nov-2023}@forwardfxconvexityadjustedrate => 0.02060000000000017 ||
	 | floatstream::cny::cny-repo-1w::{06-nov-2018->06-nov-2023}@forwardfxconvexityadjustedupfront => -0.09927088592702907 ||
	 | floatstream::cny::cny-repo-1w::{06-nov-2018->06-nov-2023}@forwardfxconvexityadjustmentfactor => 1.0 ||
	 | floatstream::cny::cny-repo-1w::{06-nov-2018->06-nov-2023}@forwardfxconvexityadjustmentpremium => 0.0 ||
	 | floatstream::cny::cny-repo-1w::{06-nov-2018->06-nov-2023}@forwardfxconvexityadjustmentpremiumupfront => -0.0 ||
	 | floatstream::cny::cny-repo-1w::{06-nov-2018->06-nov-2023}@fundingfxconvexityadjustedcleandv01 => -4.818975045001372E-4 ||
	 | floatstream::cny::cny-repo-1w::{06-nov-2018->06-nov-2023}@fundingfxconvexityadjustedcleanprice => 109.9270885927029 ||
	 | floatstream::cny::cny-repo-1w::{06-nov-2018->06-nov-2023}@fundingfxconvexityadjustedcleanpv => -0.09927088592702907 ||
	 | floatstream::cny::cny-repo-1w::{06-nov-2018->06-nov-2023}@fundingfxconvexityadjusteddirtydv01 => -4.818975045001372E-4 ||
	 | floatstream::cny::cny-repo-1w::{06-nov-2018->06-nov-2023}@fundingfxconvexityadjusteddirtyprice => 109.9270885927029 ||
	 | floatstream::cny::cny-repo-1w::{06-nov-2018->06-nov-2023}@fundingfxconvexityadjusteddirtypv => -0.09927088592702907 ||
	 | floatstream::cny::cny-repo-1w::{06-nov-2018->06-nov-2023}@fundingfxconvexityadjusteddv01 => -4.818975045001372E-4 ||
	 | floatstream::cny::cny-repo-1w::{06-nov-2018->06-nov-2023}@fundingfxconvexityadjustedfairpremium => 0.02060000000000017 ||
	 | floatstream::cny::cny-repo-1w::{06-nov-2018->06-nov-2023}@fundingfxconvexityadjustedparrate => 0.02060000000000017 ||
	 | floatstream::cny::cny-repo-1w::{06-nov-2018->06-nov-2023}@fundingfxconvexityadjustedprice => 109.9270885927029 ||
	 | floatstream::cny::cny-repo-1w::{06-nov-2018->06-nov-2023}@fundingfxconvexityadjustedpv => -0.09927088592702907 ||
	 | floatstream::cny::cny-repo-1w::{06-nov-2018->06-nov-2023}@fundingfxconvexityadjustedrate => 0.02060000000000017 ||
	 | floatstream::cny::cny-repo-1w::{06-nov-2018->06-nov-2023}@fundingfxconvexityadjustedupfront => -0.09927088592702907 ||
	 | floatstream::cny::cny-repo-1w::{06-nov-2018->06-nov-2023}@fundingfxconvexityadjustmentfactor => 1.0 ||
	 | floatstream::cny::cny-repo-1w::{06-nov-2018->06-nov-2023}@fundingfxconvexityadjustmentpremium => 0.0 ||
	 | floatstream::cny::cny-repo-1w::{06-nov-2018->06-nov-2023}@fundingfxconvexityadjustmentpremiumupfront => -0.0 ||
	 | floatstream::cny::cny-repo-1w::{06-nov-2018->06-nov-2023}@parrate => 0.02060000000000017 ||
	 | floatstream::cny::cny-repo-1w::{06-nov-2018->06-nov-2023}@price => 109.9270885927029 ||
	 | floatstream::cny::cny-repo-1w::{06-nov-2018->06-nov-2023}@pv => -0.09927088592702907 ||
	 | floatstream::cny::cny-repo-1w::{06-nov-2018->06-nov-2023}@rate => 0.02060000000000017 ||
	 | floatstream::cny::cny-repo-1w::{06-nov-2018->06-nov-2023}@resetdate => -2.147483648E9 ||
	 | floatstream::cny::cny-repo-1w::{06-nov-2018->06-nov-2023}@resetrate => NaN ||
	 | floatstream::cny::cny-repo-1w::{06-nov-2018->06-nov-2023}@totalcoupon => 0.41923560229380885 ||
	 | floatstream::cny::cny-repo-1w::{06-nov-2018->06-nov-2023}@unadjustedcleandv01 => -4.818975045001372E-4 ||
	 | floatstream::cny::cny-repo-1w::{06-nov-2018->06-nov-2023}@unadjustedcleanprice => 109.9270885927029 ||
	 | floatstream::cny::cny-repo-1w::{06-nov-2018->06-nov-2023}@unadjustedcleanpv => -0.09927088592702907 ||
	 | floatstream::cny::cny-repo-1w::{06-nov-2018->06-nov-2023}@unadjusteddirtydv01 => -4.818975045001372E-4 ||
	 | floatstream::cny::cny-repo-1w::{06-nov-2018->06-nov-2023}@unadjusteddirtyprice => 109.9270885927029 ||
	 | floatstream::cny::cny-repo-1w::{06-nov-2018->06-nov-2023}@unadjusteddirtypv => -0.09927088592702907 ||
	 | floatstream::cny::cny-repo-1w::{06-nov-2018->06-nov-2023}@unadjustedfairpremium => 0.02060000000000017 ||
	 | floatstream::cny::cny-repo-1w::{06-nov-2018->06-nov-2023}@unadjustedparrate => 0.02060000000000017 ||
	 | floatstream::cny::cny-repo-1w::{06-nov-2018->06-nov-2023}@unadjustedprice => 109.9270885927029 ||
	 | floatstream::cny::cny-repo-1w::{06-nov-2018->06-nov-2023}@unadjustedpv => -0.09927088592702907 ||
	 | floatstream::cny::cny-repo-1w::{06-nov-2018->06-nov-2023}@unadjustedrate => 0.02060000000000017 ||
	 | floatstream::cny::cny-repo-1w::{06-nov-2018->06-nov-2023}@unadjustedupfront => -0.09927088592702907 ||
	 | floatstream::cny::cny-repo-1w::{06-nov-2018->06-nov-2023}@upfront => -0.09927088592702907 ||
	 | initialnotional => 1.0 ||
	 | parfixedcoupon => 0.02060000000000017 ||
	 | parrate => 0.02060000000000017 ||
	 | parswaprate => 0.02060000000000017 ||
	 | price => 100.00000000000011 ||
	 | pv => 1.0408340855860843E-15 ||
	 | rate => 0.02060000000000017 ||
	 | referenceaccrued => 0.0 ||
	 | referenceaccrued01 => 0.0 ||
	 | referencecleandv01 => 4.818975045001372E-4 ||
	 | referencecleanpv => 0.09927088592703011 ||
	 | referencecumulativeconvexityadjustmentfactor => 1.0 ||
	 | referencecumulativeconvexityadjustmentpremium => 0.0 ||
	 | referencecumulativecouponamount => 0.0 ||
	 | referencecumulativecoupondcf => 0.0 ||
	 | referencedirtydv01 => 4.818975045001372E-4 ||
	 | referencedirtypv => 0.09927088592703011 ||
	 | referencedv01 => 4.818975045001372E-4 ||
	 | referenceparbasisspread => -2.1598661040291563E-12 ||
	 | referencepv => 0.09927088592703011 ||
	 | resetdate => -2.147483648E9 ||
	 | resetrate => NaN ||
	 | swaprate => 0.02060000000000017 ||
	 | upfront => 1.0408340855860843E-15 ||
	 |------------------------------||


		|----------------------------------------------------------------------------------------------------------------------||
		|    Floating Stream Cash Flow Details                                                                                 ||
		|    -------- ------ ---- ---- -------                                                                                 ||
		|               Start Date                                                                                             ||
		|               End Date                                                                                               ||
		|               Pay Date                                                                                               ||
		|               FX Fixing Date                                                                                         ||
		|               Base Notional                                                                                          ||
		|               Period DCF                                                                                             ||
		|               Tenor                                                                                                  ||
		|               Funding Label                                                                                          ||
		|               Forward Label                                                                                          ||
		|               Pay Discount Factor                                                                                    ||
		|               Coupon Rate                                                                                            ||
		|----------------------------------------------------------------------------------------------------------------------||
		| [06-NOV-2018 - 06-FEB-2019] => 06-FEB-2019 | 06-FEB-2019 | -1.0000 |  0.2521 | 3M | CNY | CNY-Repo-1W |  0.9994 |  0.24% ||
		| [06-FEB-2019 - 06-MAY-2019] => 06-MAY-2019 | 06-MAY-2019 | -1.0000 |  0.2438 | 3M | CNY | CNY-Repo-1W |  0.9987 |  0.29% ||
		| [06-MAY-2019 - 06-AUG-2019] => 06-AUG-2019 | 06-AUG-2019 | -1.0000 |  0.2521 | 3M | CNY | CNY-Repo-1W |  0.9977 |  0.37% ||
		| [06-AUG-2019 - 06-NOV-2019] => 06-NOV-2019 | 06-NOV-2019 | -1.0000 |  0.2521 | 3M | CNY | CNY-Repo-1W |  0.9966 |  0.47% ||
		| [06-NOV-2019 - 06-FEB-2020] => 06-FEB-2020 | 06-FEB-2020 | -1.0000 |  0.2521 | 3M | CNY | CNY-Repo-1W |  0.9949 |  0.66% ||
		| [06-FEB-2020 - 06-MAY-2020] => 06-MAY-2020 | 06-MAY-2020 | -1.0000 |  0.2466 | 3M | CNY | CNY-Repo-1W |  0.9926 |  0.92% ||
		| [06-MAY-2020 - 06-AUG-2020] => 06-AUG-2020 | 06-AUG-2020 | -1.0000 |  0.2521 | 3M | CNY | CNY-Repo-1W |  0.9896 |  1.21% ||
		| [06-AUG-2020 - 06-NOV-2020] => 06-NOV-2020 | 06-NOV-2020 | -1.0000 |  0.2521 | 3M | CNY | CNY-Repo-1W |  0.9859 |  1.51% ||
		| [06-NOV-2020 - 06-FEB-2021] => 06-FEB-2021 | 06-FEB-2021 | -1.0000 |  0.2521 | 3M | CNY | CNY-Repo-1W |  0.9744 |  4.66% ||
		| [06-FEB-2021 - 06-MAY-2021] => 06-MAY-2021 | 06-MAY-2021 | -1.0000 |  0.2438 | 3M | CNY | CNY-Repo-1W |  0.9704 |  1.71% ||
		| [06-MAY-2021 - 06-AUG-2021] => 06-AUG-2021 | 06-AUG-2021 | -1.0000 |  0.2521 | 3M | CNY | CNY-Repo-1W |  0.9658 |  1.89% ||
		| [06-AUG-2021 - 06-NOV-2021] => 06-NOV-2021 | 06-NOV-2021 | -1.0000 |  0.2521 | 3M | CNY | CNY-Repo-1W |  0.9607 |  2.09% ||
		| [06-NOV-2021 - 06-FEB-2022] => 06-FEB-2022 | 06-FEB-2022 | -1.0000 |  0.2521 | 3M | CNY | CNY-Repo-1W |  0.9551 |  2.32% ||
		| [06-FEB-2022 - 06-MAY-2022] => 06-MAY-2022 | 06-MAY-2022 | -1.0000 |  0.2438 | 3M | CNY | CNY-Repo-1W |  0.9492 |  2.56% ||
		| [06-MAY-2022 - 06-AUG-2022] => 06-AUG-2022 | 06-AUG-2022 | -1.0000 |  0.2521 | 3M | CNY | CNY-Repo-1W |  0.9425 |  2.82% ||
		| [06-AUG-2022 - 06-NOV-2022] => 06-NOV-2022 | 06-NOV-2022 | -1.0000 |  0.2521 | 3M | CNY | CNY-Repo-1W |  0.9352 |  3.12% ||
		| [06-NOV-2022 - 06-FEB-2023] => 06-FEB-2023 | 06-FEB-2023 | -1.0000 |  0.2521 | 3M | CNY | CNY-Repo-1W |  0.9272 |  3.42% ||
		| [06-FEB-2023 - 06-MAY-2023] => 06-MAY-2023 | 06-MAY-2023 | -1.0000 |  0.2438 | 3M | CNY | CNY-Repo-1W |  0.9189 |  3.69% ||
		| [06-MAY-2023 - 06-AUG-2023] => 06-AUG-2023 | 06-AUG-2023 | -1.0000 |  0.2521 | 3M | CNY | CNY-Repo-1W |  0.9100 |  3.90% ||
		| [06-AUG-2023 - 06-NOV-2023] => 06-NOV-2023 | 06-NOV-2023 | -1.0000 |  0.2521 | 3M | CNY | CNY-Repo-1W |  0.9007 |  4.07% ||
		|----------------------------------------------------------------------------------------------------------------------||


		|--------------------------------------------------------------------------------------------------------||
		|    Fixed Stream Cash Flow Details                                                                      ||
		|    ----- ------ ---- ---- -------                                                                      ||
		|               Start Date                                                                               ||
		|               End Date                                                                                 ||
		|               Pay Date                                                                                 ||
		|               FX Fixing Date                                                                           ||
		|               Base Notional                                                                            ||
		|               Period DCF                                                                               ||
		|               Tenor                                                                                    ||
		|               Funding Label                                                                            ||
		|               Pay Discount Factor                                                                      ||
		|               Coupon Rate                                                                              ||
		|--------------------------------------------------------------------------------------------------------||
		| [06-NOV-2018 - 06-FEB-2019] => 06-FEB-2019 | 06-FEB-2019 |  1.0000 |  0.2521 | 3M | CNY |  0.9994 |  2.06% ||
		| [06-FEB-2019 - 06-MAY-2019] => 06-MAY-2019 | 06-MAY-2019 |  1.0000 |  0.2438 | 3M | CNY |  0.9987 |  2.06% ||
		| [06-MAY-2019 - 06-AUG-2019] => 06-AUG-2019 | 06-AUG-2019 |  1.0000 |  0.2521 | 3M | CNY |  0.9977 |  2.06% ||
		| [06-AUG-2019 - 06-NOV-2019] => 06-NOV-2019 | 06-NOV-2019 |  1.0000 |  0.2521 | 3M | CNY |  0.9966 |  2.06% ||
		| [06-NOV-2019 - 06-FEB-2020] => 06-FEB-2020 | 06-FEB-2020 |  1.0000 |  0.2521 | 3M | CNY |  0.9949 |  2.06% ||
		| [06-FEB-2020 - 06-MAY-2020] => 06-MAY-2020 | 06-MAY-2020 |  1.0000 |  0.2466 | 3M | CNY |  0.9926 |  2.06% ||
		| [06-MAY-2020 - 06-AUG-2020] => 06-AUG-2020 | 06-AUG-2020 |  1.0000 |  0.2521 | 3M | CNY |  0.9896 |  2.06% ||
		| [06-AUG-2020 - 06-NOV-2020] => 06-NOV-2020 | 06-NOV-2020 |  1.0000 |  0.2521 | 3M | CNY |  0.9859 |  2.06% ||
		| [06-NOV-2020 - 06-FEB-2021] => 06-FEB-2021 | 06-FEB-2021 |  1.0000 |  0.2521 | 3M | CNY |  0.9744 |  2.06% ||
		| [06-FEB-2021 - 06-MAY-2021] => 06-MAY-2021 | 06-MAY-2021 |  1.0000 |  0.2438 | 3M | CNY |  0.9704 |  2.06% ||
		| [06-MAY-2021 - 06-AUG-2021] => 06-AUG-2021 | 06-AUG-2021 |  1.0000 |  0.2521 | 3M | CNY |  0.9658 |  2.06% ||
		| [06-AUG-2021 - 06-NOV-2021] => 06-NOV-2021 | 06-NOV-2021 |  1.0000 |  0.2521 | 3M | CNY |  0.9607 |  2.06% ||
		| [06-NOV-2021 - 06-FEB-2022] => 06-FEB-2022 | 06-FEB-2022 |  1.0000 |  0.2521 | 3M | CNY |  0.9551 |  2.06% ||
		| [06-FEB-2022 - 06-MAY-2022] => 06-MAY-2022 | 06-MAY-2022 |  1.0000 |  0.2438 | 3M | CNY |  0.9492 |  2.06% ||
		| [06-MAY-2022 - 06-AUG-2022] => 06-AUG-2022 | 06-AUG-2022 |  1.0000 |  0.2521 | 3M | CNY |  0.9425 |  2.06% ||
		| [06-AUG-2022 - 06-NOV-2022] => 06-NOV-2022 | 06-NOV-2022 |  1.0000 |  0.2521 | 3M | CNY |  0.9352 |  2.06% ||
		| [06-NOV-2022 - 06-FEB-2023] => 06-FEB-2023 | 06-FEB-2023 |  1.0000 |  0.2521 | 3M | CNY |  0.9272 |  2.06% ||
		| [06-FEB-2023 - 06-MAY-2023] => 06-MAY-2023 | 06-MAY-2023 |  1.0000 |  0.2438 | 3M | CNY |  0.9189 |  2.06% ||
		| [06-MAY-2023 - 06-AUG-2023] => 06-AUG-2023 | 06-AUG-2023 |  1.0000 |  0.2521 | 3M | CNY |  0.9100 |  2.06% ||
		| [06-AUG-2023 - 06-NOV-2023] => 06-NOV-2023 | 06-NOV-2023 |  1.0000 |  0.2521 | 3M | CNY |  0.9007 |  2.06% ||
		|--------------------------------------------------------------------------------------------------------||

	|-----------------------------------------------------------------|
	|    Copyright (C) 2011-2018 (DRIP)
	|-----------------------------------------------------------------|
	|    Build Version  => 3.86.0 multi mode
	|    Build JVM (TM) => 1.8.0_112
	|    Build Snap     => Fri Nov 02 21:22:20 EST 2018
	|    Start Time     => Fri Nov 02 23:11:29 EDT 2018
	|    Setup Time     => Fri Nov 02 23:11:29 EDT 2018
	|    Setup Duration => 0 ms
	|-----------------------------------------------------------------|

	 | accrued => 0.0 ||
	 | calctime => 3.3642400000000004E-4 ||
	 | calibfloatingpv => 0.098472539459446 ||
	 | calibswaprate => 0.020599999999999976 ||
	 | cleanfixeddv01 => 4.780220362109035E-4 ||
	 | cleanfloatingdv01 => -4.8747641645169196E-4 ||
	 | cleanfloatingpv => -0.09847253945944599 ||
	 | cleanprice => 99.99999999999999 ||
	 | cleanpv => -1.1102230246251565E-16 ||
	 | cumulativeconvexityadjustmentpremium => 0.0 ||
	 | cumulativecouponamount => 0.0 ||
	 | cumulativecoupondcf => 0.0 ||
	 | derivedaccrued => 0.0 ||
	 | derivedaccrued01 => 0.0 ||
	 | derivedcleandv01 => -4.8747641645169196E-4 ||
	 | derivedcleanpv => -0.09847253945944599 ||
	 | derivedcumulativeconvexityadjustmentfactor => 1.0 ||
	 | derivedcumulativeconvexityadjustmentpremium => -0.0 ||
	 | derivedcumulativecouponamount => 0.0 ||
	 | derivedcumulativecoupondcf => 0.0 ||
	 | deriveddirtydv01 => -4.8747641645169196E-4 ||
	 | deriveddirtypv => -0.09847253945944599 ||
	 | deriveddv01 => -4.8747641645169196E-4 ||
	 | derivedfixing01 => 0.0 ||
	 | derivedparbasisspread => -2.277490740385751E-13 ||
	 | derivedpv => -0.09847253945944599 ||
	 | derivedresetdate => -2.147483648E9 ||
	 | derivedresetrate => NaN ||
	 | dirtyfixeddv01 => 4.780220362109035E-4 ||
	 | dirtyfixedpv => 0.09847253945944588 ||
	 | dirtyfloatingdv01 => -4.8747641645169196E-4 ||
	 | dirtyfloatingpv => -0.09847253945944599 ||
	 | dirtyprice => 99.99999999999999 ||
	 | dirtypv => -1.1102230246251565E-16 ||
	 | fairpremium => 0.020599999999999972 ||
	 | fixedaccrued => 0.0 ||
	 | fixedaccrued01 => 0.0 ||
	 | fixeddv01 => 4.780220362109035E-4 ||
	 | fixedstream::dkk/dkk::12::{06-nov-2018->06-nov-2023}@accrualcoupon => NaN ||
	 | fixedstream::dkk/dkk::12::{06-nov-2018->06-nov-2023}@accrued => 0.0 ||
	 | fixedstream::dkk/dkk::12::{06-nov-2018->06-nov-2023}@accrued01 => 0.0 ||
	 | fixedstream::dkk/dkk::12::{06-nov-2018->06-nov-2023}@calctime => 5.7770000000000004E-5 ||
	 | fixedstream::dkk/dkk::12::{06-nov-2018->06-nov-2023}@cleandv01 => 4.780220362109035E-4 ||
	 | fixedstream::dkk/dkk::12::{06-nov-2018->06-nov-2023}@cleanprice => 109.84725394594459 ||
	 | fixedstream::dkk/dkk::12::{06-nov-2018->06-nov-2023}@cleanpv => 0.09847253945944588 ||
	 | fixedstream::dkk/dkk::12::{06-nov-2018->06-nov-2023}@compoundingadjustedcleandv01 => 4.780220362109035E-4 ||
	 | fixedstream::dkk/dkk::12::{06-nov-2018->06-nov-2023}@compoundingadjustedcleanprice => 109.84725394594459 ||
	 | fixedstream::dkk/dkk::12::{06-nov-2018->06-nov-2023}@compoundingadjustedcleanpv => 0.09847253945944588 ||
	 | fixedstream::dkk/dkk::12::{06-nov-2018->06-nov-2023}@compoundingadjusteddirtydv01 => 4.780220362109035E-4 ||
	 | fixedstream::dkk/dkk::12::{06-nov-2018->06-nov-2023}@compoundingadjusteddirtyprice => 109.84725394594459 ||
	 | fixedstream::dkk/dkk::12::{06-nov-2018->06-nov-2023}@compoundingadjusteddirtypv => 0.09847253945944588 ||
	 | fixedstream::dkk/dkk::12::{06-nov-2018->06-nov-2023}@compoundingadjustedfairpremium => 0.02059999999999995 ||
	 | fixedstream::dkk/dkk::12::{06-nov-2018->06-nov-2023}@compoundingadjustedparrate => 0.02059999999999995 ||
	 | fixedstream::dkk/dkk::12::{06-nov-2018->06-nov-2023}@compoundingadjustedprice => 109.84725394594459 ||
	 | fixedstream::dkk/dkk::12::{06-nov-2018->06-nov-2023}@compoundingadjustedpv => 0.09847253945944588 ||
	 | fixedstream::dkk/dkk::12::{06-nov-2018->06-nov-2023}@compoundingadjustedrate => 0.02059999999999995 ||
	 | fixedstream::dkk/dkk::12::{06-nov-2018->06-nov-2023}@compoundingadjustedupfront => 0.09847253945944588 ||
	 | fixedstream::dkk/dkk::12::{06-nov-2018->06-nov-2023}@compoundingadjustmentfactor => 1.0 ||
	 | fixedstream::dkk/dkk::12::{06-nov-2018->06-nov-2023}@compoundingadjustmentpremium => 0.0 ||
	 | fixedstream::dkk/dkk::12::{06-nov-2018->06-nov-2023}@compoundingadjustmentpremiumupfront => 0.0 ||
	 | fixedstream::dkk/dkk::12::{06-nov-2018->06-nov-2023}@creditforwardconvexityadjustedcleandv01 => 4.780220362109035E-4 ||
	 | fixedstream::dkk/dkk::12::{06-nov-2018->06-nov-2023}@creditforwardconvexityadjustedcleanprice => 109.84725394594459 ||
	 | fixedstream::dkk/dkk::12::{06-nov-2018->06-nov-2023}@creditforwardconvexityadjustedcleanpv => 0.09847253945944588 ||
	 | fixedstream::dkk/dkk::12::{06-nov-2018->06-nov-2023}@creditforwardconvexityadjusteddirtydv01 => 4.780220362109035E-4 ||
	 | fixedstream::dkk/dkk::12::{06-nov-2018->06-nov-2023}@creditforwardconvexityadjusteddirtyprice => 109.84725394594459 ||
	 | fixedstream::dkk/dkk::12::{06-nov-2018->06-nov-2023}@creditforwardconvexityadjusteddirtypv => 0.09847253945944588 ||
	 | fixedstream::dkk/dkk::12::{06-nov-2018->06-nov-2023}@creditforwardconvexityadjusteddv01 => 4.780220362109035E-4 ||
	 | fixedstream::dkk/dkk::12::{06-nov-2018->06-nov-2023}@creditforwardconvexityadjustedfairpremium => 0.02059999999999995 ||
	 | fixedstream::dkk/dkk::12::{06-nov-2018->06-nov-2023}@creditforwardconvexityadjustedparrate => 0.02059999999999995 ||
	 | fixedstream::dkk/dkk::12::{06-nov-2018->06-nov-2023}@creditforwardconvexityadjustedprice => 109.84725394594459 ||
	 | fixedstream::dkk/dkk::12::{06-nov-2018->06-nov-2023}@creditforwardconvexityadjustedpv => 0.09847253945944588 ||
	 | fixedstream::dkk/dkk::12::{06-nov-2018->06-nov-2023}@creditforwardconvexityadjustedrate => 0.02059999999999995 ||
	 | fixedstream::dkk/dkk::12::{06-nov-2018->06-nov-2023}@creditforwardconvexityadjustedupfront => 0.09847253945944588 ||
	 | fixedstream::dkk/dkk::12::{06-nov-2018->06-nov-2023}@creditforwardconvexityadjustmentfactor => 1.0 ||
	 | fixedstream::dkk/dkk::12::{06-nov-2018->06-nov-2023}@creditforwardconvexityadjustmentpremium => 0.0 ||
	 | fixedstream::dkk/dkk::12::{06-nov-2018->06-nov-2023}@creditforwardconvexityadjustmentpremiumupfront => 0.0 ||
	 | fixedstream::dkk/dkk::12::{06-nov-2018->06-nov-2023}@creditfundingconvexityadjustedcleandv01 => 4.780220362109035E-4 ||
	 | fixedstream::dkk/dkk::12::{06-nov-2018->06-nov-2023}@creditfundingconvexityadjustedcleanprice => 109.84725394594459 ||
	 | fixedstream::dkk/dkk::12::{06-nov-2018->06-nov-2023}@creditfundingconvexityadjustedcleanpv => 0.09847253945944588 ||
	 | fixedstream::dkk/dkk::12::{06-nov-2018->06-nov-2023}@creditfundingconvexityadjusteddirtydv01 => 4.780220362109035E-4 ||
	 | fixedstream::dkk/dkk::12::{06-nov-2018->06-nov-2023}@creditfundingconvexityadjusteddirtyprice => 109.84725394594459 ||
	 | fixedstream::dkk/dkk::12::{06-nov-2018->06-nov-2023}@creditfundingconvexityadjusteddirtypv => 0.09847253945944588 ||
	 | fixedstream::dkk/dkk::12::{06-nov-2018->06-nov-2023}@creditfundingconvexityadjusteddv01 => 4.780220362109035E-4 ||
	 | fixedstream::dkk/dkk::12::{06-nov-2018->06-nov-2023}@creditfundingconvexityadjustedfairpremium => 0.02059999999999995 ||
	 | fixedstream::dkk/dkk::12::{06-nov-2018->06-nov-2023}@creditfundingconvexityadjustedparrate => 0.02059999999999995 ||
	 | fixedstream::dkk/dkk::12::{06-nov-2018->06-nov-2023}@creditfundingconvexityadjustedprice => 109.84725394594459 ||
	 | fixedstream::dkk/dkk::12::{06-nov-2018->06-nov-2023}@creditfundingconvexityadjustedpv => 0.09847253945944588 ||
	 | fixedstream::dkk/dkk::12::{06-nov-2018->06-nov-2023}@creditfundingconvexityadjustedrate => 0.02059999999999995 ||
	 | fixedstream::dkk/dkk::12::{06-nov-2018->06-nov-2023}@creditfundingconvexityadjustedupfront => 0.09847253945944588 ||
	 | fixedstream::dkk/dkk::12::{06-nov-2018->06-nov-2023}@creditfundingconvexityadjustmentfactor => 1.0 ||
	 | fixedstream::dkk/dkk::12::{06-nov-2018->06-nov-2023}@creditfundingconvexityadjustmentpremium => 0.0 ||
	 | fixedstream::dkk/dkk::12::{06-nov-2018->06-nov-2023}@creditfundingconvexityadjustmentpremiumupfront => 0.0 ||
	 | fixedstream::dkk/dkk::12::{06-nov-2018->06-nov-2023}@creditfxconvexityadjustedcleandv01 => 4.780220362109035E-4 ||
	 | fixedstream::dkk/dkk::12::{06-nov-2018->06-nov-2023}@creditfxconvexityadjustedcleanprice => 109.84725394594459 ||
	 | fixedstream::dkk/dkk::12::{06-nov-2018->06-nov-2023}@creditfxconvexityadjustedcleanpv => 0.09847253945944588 ||
	 | fixedstream::dkk/dkk::12::{06-nov-2018->06-nov-2023}@creditfxconvexityadjusteddirtydv01 => 4.780220362109035E-4 ||
	 | fixedstream::dkk/dkk::12::{06-nov-2018->06-nov-2023}@creditfxconvexityadjusteddirtyprice => 109.84725394594459 ||
	 | fixedstream::dkk/dkk::12::{06-nov-2018->06-nov-2023}@creditfxconvexityadjusteddirtypv => 0.09847253945944588 ||
	 | fixedstream::dkk/dkk::12::{06-nov-2018->06-nov-2023}@creditfxconvexityadjusteddv01 => 4.780220362109035E-4 ||
	 | fixedstream::dkk/dkk::12::{06-nov-2018->06-nov-2023}@creditfxconvexityadjustedfairpremium => 0.02059999999999995 ||
	 | fixedstream::dkk/dkk::12::{06-nov-2018->06-nov-2023}@creditfxconvexityadjustedparrate => 0.02059999999999995 ||
	 | fixedstream::dkk/dkk::12::{06-nov-2018->06-nov-2023}@creditfxconvexityadjustedprice => 109.84725394594459 ||
	 | fixedstream::dkk/dkk::12::{06-nov-2018->06-nov-2023}@creditfxconvexityadjustedpv => 0.09847253945944588 ||
	 | fixedstream::dkk/dkk::12::{06-nov-2018->06-nov-2023}@creditfxconvexityadjustedrate => 0.02059999999999995 ||
	 | fixedstream::dkk/dkk::12::{06-nov-2018->06-nov-2023}@creditfxconvexityadjustedupfront => 0.09847253945944588 ||
	 | fixedstream::dkk/dkk::12::{06-nov-2018->06-nov-2023}@creditfxconvexityadjustmentfactor => 1.0 ||
	 | fixedstream::dkk/dkk::12::{06-nov-2018->06-nov-2023}@creditfxconvexityadjustmentpremium => 0.0 ||
	 | fixedstream::dkk/dkk::12::{06-nov-2018->06-nov-2023}@creditfxconvexityadjustmentpremiumupfront => 0.0 ||
	 | fixedstream::dkk/dkk::12::{06-nov-2018->06-nov-2023}@cumulativeconvexityadjustedcleandv01 => 4.780220362109035E-4 ||
	 | fixedstream::dkk/dkk::12::{06-nov-2018->06-nov-2023}@cumulativeconvexityadjustedcleanprice => 109.84725394594459 ||
	 | fixedstream::dkk/dkk::12::{06-nov-2018->06-nov-2023}@cumulativeconvexityadjustedcleanpv => 0.09847253945944588 ||
	 | fixedstream::dkk/dkk::12::{06-nov-2018->06-nov-2023}@cumulativeconvexityadjusteddirtydv01 => 4.780220362109035E-4 ||
	 | fixedstream::dkk/dkk::12::{06-nov-2018->06-nov-2023}@cumulativeconvexityadjusteddirtyprice => 109.84725394594459 ||
	 | fixedstream::dkk/dkk::12::{06-nov-2018->06-nov-2023}@cumulativeconvexityadjusteddirtypv => 0.09847253945944588 ||
	 | fixedstream::dkk/dkk::12::{06-nov-2018->06-nov-2023}@cumulativeconvexityadjusteddv01 => 4.780220362109035E-4 ||
	 | fixedstream::dkk/dkk::12::{06-nov-2018->06-nov-2023}@cumulativeconvexityadjustedfairpremium => 0.02059999999999995 ||
	 | fixedstream::dkk/dkk::12::{06-nov-2018->06-nov-2023}@cumulativeconvexityadjustedparrate => 0.02059999999999995 ||
	 | fixedstream::dkk/dkk::12::{06-nov-2018->06-nov-2023}@cumulativeconvexityadjustedprice => 109.84725394594459 ||
	 | fixedstream::dkk/dkk::12::{06-nov-2018->06-nov-2023}@cumulativeconvexityadjustedpv => 0.09847253945944588 ||
	 | fixedstream::dkk/dkk::12::{06-nov-2018->06-nov-2023}@cumulativeconvexityadjustedrate => 0.02059999999999995 ||
	 | fixedstream::dkk/dkk::12::{06-nov-2018->06-nov-2023}@cumulativeconvexityadjustedupfront => 0.09847253945944588 ||
	 | fixedstream::dkk/dkk::12::{06-nov-2018->06-nov-2023}@cumulativeconvexityadjustmentfactor => 1.0 ||
	 | fixedstream::dkk/dkk::12::{06-nov-2018->06-nov-2023}@cumulativeconvexityadjustmentpremium => 0.0 ||
	 | fixedstream::dkk/dkk::12::{06-nov-2018->06-nov-2023}@cumulativeconvexityadjustmentpremiumupfront => 0.0 ||
	 | fixedstream::dkk/dkk::12::{06-nov-2018->06-nov-2023}@cumulativecouponamount => 0.0 ||
	 | fixedstream::dkk/dkk::12::{06-nov-2018->06-nov-2023}@cumulativecoupondcf => 0.0 ||
	 | fixedstream::dkk/dkk::12::{06-nov-2018->06-nov-2023}@cv01 => 4.780220362109035E-4 ||
	 | fixedstream::dkk/dkk::12::{06-nov-2018->06-nov-2023}@dirtydv01 => 4.780220362109035E-4 ||
	 | fixedstream::dkk/dkk::12::{06-nov-2018->06-nov-2023}@dirtyprice => 109.84725394594459 ||
	 | fixedstream::dkk/dkk::12::{06-nov-2018->06-nov-2023}@dirtypv => 0.09847253945944588 ||
	 | fixedstream::dkk/dkk::12::{06-nov-2018->06-nov-2023}@dv01 => 4.780220362109035E-4 ||
	 | fixedstream::dkk/dkk::12::{06-nov-2018->06-nov-2023}@fairpremium => 0.02059999999999995 ||
	 | fixedstream::dkk/dkk::12::{06-nov-2018->06-nov-2023}@fixing01 => 0.0 ||
	 | fixedstream::dkk/dkk::12::{06-nov-2018->06-nov-2023}@forwardfundingconvexityadjustedcleandv01 => 4.780220362109035E-4 ||
	 | fixedstream::dkk/dkk::12::{06-nov-2018->06-nov-2023}@forwardfundingconvexityadjustedcleanprice => 109.84725394594459 ||
	 | fixedstream::dkk/dkk::12::{06-nov-2018->06-nov-2023}@forwardfundingconvexityadjustedcleanpv => 0.09847253945944588 ||
	 | fixedstream::dkk/dkk::12::{06-nov-2018->06-nov-2023}@forwardfundingconvexityadjusteddirtydv01 => 4.780220362109035E-4 ||
	 | fixedstream::dkk/dkk::12::{06-nov-2018->06-nov-2023}@forwardfundingconvexityadjusteddirtyprice => 109.84725394594459 ||
	 | fixedstream::dkk/dkk::12::{06-nov-2018->06-nov-2023}@forwardfundingconvexityadjusteddirtypv => 0.09847253945944588 ||
	 | fixedstream::dkk/dkk::12::{06-nov-2018->06-nov-2023}@forwardfundingconvexityadjusteddv01 => 4.780220362109035E-4 ||
	 | fixedstream::dkk/dkk::12::{06-nov-2018->06-nov-2023}@forwardfundingconvexityadjustedfairpremium => 0.02059999999999995 ||
	 | fixedstream::dkk/dkk::12::{06-nov-2018->06-nov-2023}@forwardfundingconvexityadjustedparrate => 0.02059999999999995 ||
	 | fixedstream::dkk/dkk::12::{06-nov-2018->06-nov-2023}@forwardfundingconvexityadjustedprice => 109.84725394594459 ||
	 | fixedstream::dkk/dkk::12::{06-nov-2018->06-nov-2023}@forwardfundingconvexityadjustedpv => 0.09847253945944588 ||
	 | fixedstream::dkk/dkk::12::{06-nov-2018->06-nov-2023}@forwardfundingconvexityadjustedrate => 0.02059999999999995 ||
	 | fixedstream::dkk/dkk::12::{06-nov-2018->06-nov-2023}@forwardfundingconvexityadjustedupfront => 0.09847253945944588 ||
	 | fixedstream::dkk/dkk::12::{06-nov-2018->06-nov-2023}@forwardfundingconvexityadjustmentfactor => 1.0 ||
	 | fixedstream::dkk/dkk::12::{06-nov-2018->06-nov-2023}@forwardfundingconvexityadjustmentpremium => 0.0 ||
	 | fixedstream::dkk/dkk::12::{06-nov-2018->06-nov-2023}@forwardfundingconvexityadjustmentpremiumupfront => 0.0 ||
	 | fixedstream::dkk/dkk::12::{06-nov-2018->06-nov-2023}@forwardfxconvexityadjustedcleandv01 => 4.780220362109035E-4 ||
	 | fixedstream::dkk/dkk::12::{06-nov-2018->06-nov-2023}@forwardfxconvexityadjustedcleanprice => 109.84725394594459 ||
	 | fixedstream::dkk/dkk::12::{06-nov-2018->06-nov-2023}@forwardfxconvexityadjustedcleanpv => 0.09847253945944588 ||
	 | fixedstream::dkk/dkk::12::{06-nov-2018->06-nov-2023}@forwardfxconvexityadjusteddirtydv01 => 4.780220362109035E-4 ||
	 | fixedstream::dkk/dkk::12::{06-nov-2018->06-nov-2023}@forwardfxconvexityadjusteddirtyprice => 109.84725394594459 ||
	 | fixedstream::dkk/dkk::12::{06-nov-2018->06-nov-2023}@forwardfxconvexityadjusteddirtypv => 0.09847253945944588 ||
	 | fixedstream::dkk/dkk::12::{06-nov-2018->06-nov-2023}@forwardfxconvexityadjusteddv01 => 4.780220362109035E-4 ||
	 | fixedstream::dkk/dkk::12::{06-nov-2018->06-nov-2023}@forwardfxconvexityadjustedfairpremium => 0.02059999999999995 ||
	 | fixedstream::dkk/dkk::12::{06-nov-2018->06-nov-2023}@forwardfxconvexityadjustedparrate => 0.02059999999999995 ||
	 | fixedstream::dkk/dkk::12::{06-nov-2018->06-nov-2023}@forwardfxconvexityadjustedprice => 109.84725394594459 ||
	 | fixedstream::dkk/dkk::12::{06-nov-2018->06-nov-2023}@forwardfxconvexityadjustedpv => 0.09847253945944588 ||
	 | fixedstream::dkk/dkk::12::{06-nov-2018->06-nov-2023}@forwardfxconvexityadjustedrate => 0.02059999999999995 ||
	 | fixedstream::dkk/dkk::12::{06-nov-2018->06-nov-2023}@forwardfxconvexityadjustedupfront => 0.09847253945944588 ||
	 | fixedstream::dkk/dkk::12::{06-nov-2018->06-nov-2023}@forwardfxconvexityadjustmentfactor => 1.0 ||
	 | fixedstream::dkk/dkk::12::{06-nov-2018->06-nov-2023}@forwardfxconvexityadjustmentpremium => 0.0 ||
	 | fixedstream::dkk/dkk::12::{06-nov-2018->06-nov-2023}@forwardfxconvexityadjustmentpremiumupfront => 0.0 ||
	 | fixedstream::dkk/dkk::12::{06-nov-2018->06-nov-2023}@fundingfxconvexityadjustedcleandv01 => 4.780220362109035E-4 ||
	 | fixedstream::dkk/dkk::12::{06-nov-2018->06-nov-2023}@fundingfxconvexityadjustedcleanprice => 109.84725394594459 ||
	 | fixedstream::dkk/dkk::12::{06-nov-2018->06-nov-2023}@fundingfxconvexityadjustedcleanpv => 0.09847253945944588 ||
	 | fixedstream::dkk/dkk::12::{06-nov-2018->06-nov-2023}@fundingfxconvexityadjusteddirtydv01 => 4.780220362109035E-4 ||
	 | fixedstream::dkk/dkk::12::{06-nov-2018->06-nov-2023}@fundingfxconvexityadjusteddirtyprice => 109.84725394594459 ||
	 | fixedstream::dkk/dkk::12::{06-nov-2018->06-nov-2023}@fundingfxconvexityadjusteddirtypv => 0.09847253945944588 ||
	 | fixedstream::dkk/dkk::12::{06-nov-2018->06-nov-2023}@fundingfxconvexityadjusteddv01 => 4.780220362109035E-4 ||
	 | fixedstream::dkk/dkk::12::{06-nov-2018->06-nov-2023}@fundingfxconvexityadjustedfairpremium => 0.02059999999999995 ||
	 | fixedstream::dkk/dkk::12::{06-nov-2018->06-nov-2023}@fundingfxconvexityadjustedparrate => 0.02059999999999995 ||
	 | fixedstream::dkk/dkk::12::{06-nov-2018->06-nov-2023}@fundingfxconvexityadjustedprice => 109.84725394594459 ||
	 | fixedstream::dkk/dkk::12::{06-nov-2018->06-nov-2023}@fundingfxconvexityadjustedpv => 0.09847253945944588 ||
	 | fixedstream::dkk/dkk::12::{06-nov-2018->06-nov-2023}@fundingfxconvexityadjustedrate => 0.02059999999999995 ||
	 | fixedstream::dkk/dkk::12::{06-nov-2018->06-nov-2023}@fundingfxconvexityadjustedupfront => 0.09847253945944588 ||
	 | fixedstream::dkk/dkk::12::{06-nov-2018->06-nov-2023}@fundingfxconvexityadjustmentfactor => 1.0 ||
	 | fixedstream::dkk/dkk::12::{06-nov-2018->06-nov-2023}@fundingfxconvexityadjustmentpremium => 0.0 ||
	 | fixedstream::dkk/dkk::12::{06-nov-2018->06-nov-2023}@fundingfxconvexityadjustmentpremiumupfront => 0.0 ||
	 | fixedstream::dkk/dkk::12::{06-nov-2018->06-nov-2023}@parrate => 0.02059999999999995 ||
	 | fixedstream::dkk/dkk::12::{06-nov-2018->06-nov-2023}@price => 109.84725394594459 ||
	 | fixedstream::dkk/dkk::12::{06-nov-2018->06-nov-2023}@pv => 0.09847253945944588 ||
	 | fixedstream::dkk/dkk::12::{06-nov-2018->06-nov-2023}@rate => 0.02059999999999995 ||
	 | fixedstream::dkk/dkk::12::{06-nov-2018->06-nov-2023}@resetdate => -2.147483648E9 ||
	 | fixedstream::dkk/dkk::12::{06-nov-2018->06-nov-2023}@resetrate => NaN ||
	 | fixedstream::dkk/dkk::12::{06-nov-2018->06-nov-2023}@totalcoupon => 0.10299999999999976 ||
	 | fixedstream::dkk/dkk::12::{06-nov-2018->06-nov-2023}@unadjustedcleandv01 => 4.780220362109035E-4 ||
	 | fixedstream::dkk/dkk::12::{06-nov-2018->06-nov-2023}@unadjustedcleanprice => 109.84725394594459 ||
	 | fixedstream::dkk/dkk::12::{06-nov-2018->06-nov-2023}@unadjustedcleanpv => 0.09847253945944588 ||
	 | fixedstream::dkk/dkk::12::{06-nov-2018->06-nov-2023}@unadjusteddirtydv01 => 4.780220362109035E-4 ||
	 | fixedstream::dkk/dkk::12::{06-nov-2018->06-nov-2023}@unadjusteddirtyprice => 109.84725394594459 ||
	 | fixedstream::dkk/dkk::12::{06-nov-2018->06-nov-2023}@unadjusteddirtypv => 0.09847253945944588 ||
	 | fixedstream::dkk/dkk::12::{06-nov-2018->06-nov-2023}@unadjustedfairpremium => 0.02059999999999995 ||
	 | fixedstream::dkk/dkk::12::{06-nov-2018->06-nov-2023}@unadjustedparrate => 0.02059999999999995 ||
	 | fixedstream::dkk/dkk::12::{06-nov-2018->06-nov-2023}@unadjustedprice => 109.84725394594459 ||
	 | fixedstream::dkk/dkk::12::{06-nov-2018->06-nov-2023}@unadjustedpv => 0.09847253945944588 ||
	 | fixedstream::dkk/dkk::12::{06-nov-2018->06-nov-2023}@unadjustedrate => 0.02059999999999995 ||
	 | fixedstream::dkk/dkk::12::{06-nov-2018->06-nov-2023}@unadjustedupfront => 0.09847253945944588 ||
	 | fixedstream::dkk/dkk::12::{06-nov-2018->06-nov-2023}@upfront => 0.09847253945944588 ||
	 | fixing01 => 0.0 ||
	 | floataccrued => 0.0 ||
	 | floataccrued01 => 0.0 ||
	 | floatdv01 => -4.8747641645169196E-4 ||
	 | floatstream::dkk::dkk-cibor-6m::{06-nov-2018->06-nov-2023}@accrualcoupon => NaN ||
	 | floatstream::dkk::dkk-cibor-6m::{06-nov-2018->06-nov-2023}@accrued => 0.0 ||
	 | floatstream::dkk::dkk-cibor-6m::{06-nov-2018->06-nov-2023}@accrued01 => 0.0 ||
	 | floatstream::dkk::dkk-cibor-6m::{06-nov-2018->06-nov-2023}@calctime => 7.362900000000001E-5 ||
	 | floatstream::dkk::dkk-cibor-6m::{06-nov-2018->06-nov-2023}@cleandv01 => -4.8747641645169196E-4 ||
	 | floatstream::dkk::dkk-cibor-6m::{06-nov-2018->06-nov-2023}@cleanprice => 109.84725394594459 ||
	 | floatstream::dkk::dkk-cibor-6m::{06-nov-2018->06-nov-2023}@cleanpv => -0.09847253945944599 ||
	 | floatstream::dkk::dkk-cibor-6m::{06-nov-2018->06-nov-2023}@compoundingadjustedcleandv01 => -4.8747641645169196E-4 ||
	 | floatstream::dkk::dkk-cibor-6m::{06-nov-2018->06-nov-2023}@compoundingadjustedcleanprice => 109.84725394594459 ||
	 | floatstream::dkk::dkk-cibor-6m::{06-nov-2018->06-nov-2023}@compoundingadjustedcleanpv => -0.09847253945944599 ||
	 | floatstream::dkk::dkk-cibor-6m::{06-nov-2018->06-nov-2023}@compoundingadjusteddirtydv01 => -4.8747641645169196E-4 ||
	 | floatstream::dkk::dkk-cibor-6m::{06-nov-2018->06-nov-2023}@compoundingadjusteddirtyprice => 109.84725394594459 ||
	 | floatstream::dkk::dkk-cibor-6m::{06-nov-2018->06-nov-2023}@compoundingadjusteddirtypv => -0.09847253945944599 ||
	 | floatstream::dkk::dkk-cibor-6m::{06-nov-2018->06-nov-2023}@compoundingadjustedfairpremium => 0.02020047250207938 ||
	 | floatstream::dkk::dkk-cibor-6m::{06-nov-2018->06-nov-2023}@compoundingadjustedparrate => 0.02020047250207938 ||
	 | floatstream::dkk::dkk-cibor-6m::{06-nov-2018->06-nov-2023}@compoundingadjustedprice => 109.84725394594459 ||
	 | floatstream::dkk::dkk-cibor-6m::{06-nov-2018->06-nov-2023}@compoundingadjustedpv => -0.09847253945944599 ||
	 | floatstream::dkk::dkk-cibor-6m::{06-nov-2018->06-nov-2023}@compoundingadjustedrate => 0.02020047250207938 ||
	 | floatstream::dkk::dkk-cibor-6m::{06-nov-2018->06-nov-2023}@compoundingadjustedupfront => -0.09847253945944599 ||
	 | floatstream::dkk::dkk-cibor-6m::{06-nov-2018->06-nov-2023}@compoundingadjustmentfactor => 1.0 ||
	 | floatstream::dkk::dkk-cibor-6m::{06-nov-2018->06-nov-2023}@compoundingadjustmentpremium => 0.0 ||
	 | floatstream::dkk::dkk-cibor-6m::{06-nov-2018->06-nov-2023}@compoundingadjustmentpremiumupfront => -0.0 ||
	 | floatstream::dkk::dkk-cibor-6m::{06-nov-2018->06-nov-2023}@creditforwardconvexityadjustedcleandv01 => -4.8747641645169196E-4 ||
	 | floatstream::dkk::dkk-cibor-6m::{06-nov-2018->06-nov-2023}@creditforwardconvexityadjustedcleanprice => 109.84725394594459 ||
	 | floatstream::dkk::dkk-cibor-6m::{06-nov-2018->06-nov-2023}@creditforwardconvexityadjustedcleanpv => -0.09847253945944599 ||
	 | floatstream::dkk::dkk-cibor-6m::{06-nov-2018->06-nov-2023}@creditforwardconvexityadjusteddirtydv01 => -4.8747641645169196E-4 ||
	 | floatstream::dkk::dkk-cibor-6m::{06-nov-2018->06-nov-2023}@creditforwardconvexityadjusteddirtyprice => 109.84725394594459 ||
	 | floatstream::dkk::dkk-cibor-6m::{06-nov-2018->06-nov-2023}@creditforwardconvexityadjusteddirtypv => -0.09847253945944599 ||
	 | floatstream::dkk::dkk-cibor-6m::{06-nov-2018->06-nov-2023}@creditforwardconvexityadjusteddv01 => -4.8747641645169196E-4 ||
	 | floatstream::dkk::dkk-cibor-6m::{06-nov-2018->06-nov-2023}@creditforwardconvexityadjustedfairpremium => 0.02020047250207938 ||
	 | floatstream::dkk::dkk-cibor-6m::{06-nov-2018->06-nov-2023}@creditforwardconvexityadjustedparrate => 0.02020047250207938 ||
	 | floatstream::dkk::dkk-cibor-6m::{06-nov-2018->06-nov-2023}@creditforwardconvexityadjustedprice => 109.84725394594459 ||
	 | floatstream::dkk::dkk-cibor-6m::{06-nov-2018->06-nov-2023}@creditforwardconvexityadjustedpv => -0.09847253945944599 ||
	 | floatstream::dkk::dkk-cibor-6m::{06-nov-2018->06-nov-2023}@creditforwardconvexityadjustedrate => 0.02020047250207938 ||
	 | floatstream::dkk::dkk-cibor-6m::{06-nov-2018->06-nov-2023}@creditforwardconvexityadjustedupfront => -0.09847253945944599 ||
	 | floatstream::dkk::dkk-cibor-6m::{06-nov-2018->06-nov-2023}@creditforwardconvexityadjustmentfactor => 1.0 ||
	 | floatstream::dkk::dkk-cibor-6m::{06-nov-2018->06-nov-2023}@creditforwardconvexityadjustmentpremium => 0.0 ||
	 | floatstream::dkk::dkk-cibor-6m::{06-nov-2018->06-nov-2023}@creditforwardconvexityadjustmentpremiumupfront => -0.0 ||
	 | floatstream::dkk::dkk-cibor-6m::{06-nov-2018->06-nov-2023}@creditfundingconvexityadjustedcleandv01 => -4.8747641645169196E-4 ||
	 | floatstream::dkk::dkk-cibor-6m::{06-nov-2018->06-nov-2023}@creditfundingconvexityadjustedcleanprice => 109.84725394594459 ||
	 | floatstream::dkk::dkk-cibor-6m::{06-nov-2018->06-nov-2023}@creditfundingconvexityadjustedcleanpv => -0.09847253945944599 ||
	 | floatstream::dkk::dkk-cibor-6m::{06-nov-2018->06-nov-2023}@creditfundingconvexityadjusteddirtydv01 => -4.8747641645169196E-4 ||
	 | floatstream::dkk::dkk-cibor-6m::{06-nov-2018->06-nov-2023}@creditfundingconvexityadjusteddirtyprice => 109.84725394594459 ||
	 | floatstream::dkk::dkk-cibor-6m::{06-nov-2018->06-nov-2023}@creditfundingconvexityadjusteddirtypv => -0.09847253945944599 ||
	 | floatstream::dkk::dkk-cibor-6m::{06-nov-2018->06-nov-2023}@creditfundingconvexityadjusteddv01 => -4.8747641645169196E-4 ||
	 | floatstream::dkk::dkk-cibor-6m::{06-nov-2018->06-nov-2023}@creditfundingconvexityadjustedfairpremium => 0.02020047250207938 ||
	 | floatstream::dkk::dkk-cibor-6m::{06-nov-2018->06-nov-2023}@creditfundingconvexityadjustedparrate => 0.02020047250207938 ||
	 | floatstream::dkk::dkk-cibor-6m::{06-nov-2018->06-nov-2023}@creditfundingconvexityadjustedprice => 109.84725394594459 ||
	 | floatstream::dkk::dkk-cibor-6m::{06-nov-2018->06-nov-2023}@creditfundingconvexityadjustedpv => -0.09847253945944599 ||
	 | floatstream::dkk::dkk-cibor-6m::{06-nov-2018->06-nov-2023}@creditfundingconvexityadjustedrate => 0.02020047250207938 ||
	 | floatstream::dkk::dkk-cibor-6m::{06-nov-2018->06-nov-2023}@creditfundingconvexityadjustedupfront => -0.09847253945944599 ||
	 | floatstream::dkk::dkk-cibor-6m::{06-nov-2018->06-nov-2023}@creditfundingconvexityadjustmentfactor => 1.0 ||
	 | floatstream::dkk::dkk-cibor-6m::{06-nov-2018->06-nov-2023}@creditfundingconvexityadjustmentpremium => 0.0 ||
	 | floatstream::dkk::dkk-cibor-6m::{06-nov-2018->06-nov-2023}@creditfundingconvexityadjustmentpremiumupfront => -0.0 ||
	 | floatstream::dkk::dkk-cibor-6m::{06-nov-2018->06-nov-2023}@creditfxconvexityadjustedcleandv01 => -4.8747641645169196E-4 ||
	 | floatstream::dkk::dkk-cibor-6m::{06-nov-2018->06-nov-2023}@creditfxconvexityadjustedcleanprice => 109.84725394594459 ||
	 | floatstream::dkk::dkk-cibor-6m::{06-nov-2018->06-nov-2023}@creditfxconvexityadjustedcleanpv => -0.09847253945944599 ||
	 | floatstream::dkk::dkk-cibor-6m::{06-nov-2018->06-nov-2023}@creditfxconvexityadjusteddirtydv01 => -4.8747641645169196E-4 ||
	 | floatstream::dkk::dkk-cibor-6m::{06-nov-2018->06-nov-2023}@creditfxconvexityadjusteddirtyprice => 109.84725394594459 ||
	 | floatstream::dkk::dkk-cibor-6m::{06-nov-2018->06-nov-2023}@creditfxconvexityadjusteddirtypv => -0.09847253945944599 ||
	 | floatstream::dkk::dkk-cibor-6m::{06-nov-2018->06-nov-2023}@creditfxconvexityadjusteddv01 => -4.8747641645169196E-4 ||
	 | floatstream::dkk::dkk-cibor-6m::{06-nov-2018->06-nov-2023}@creditfxconvexityadjustedfairpremium => 0.02020047250207938 ||
	 | floatstream::dkk::dkk-cibor-6m::{06-nov-2018->06-nov-2023}@creditfxconvexityadjustedparrate => 0.02020047250207938 ||
	 | floatstream::dkk::dkk-cibor-6m::{06-nov-2018->06-nov-2023}@creditfxconvexityadjustedprice => 109.84725394594459 ||
	 | floatstream::dkk::dkk-cibor-6m::{06-nov-2018->06-nov-2023}@creditfxconvexityadjustedpv => -0.09847253945944599 ||
	 | floatstream::dkk::dkk-cibor-6m::{06-nov-2018->06-nov-2023}@creditfxconvexityadjustedrate => 0.02020047250207938 ||
	 | floatstream::dkk::dkk-cibor-6m::{06-nov-2018->06-nov-2023}@creditfxconvexityadjustedupfront => -0.09847253945944599 ||
	 | floatstream::dkk::dkk-cibor-6m::{06-nov-2018->06-nov-2023}@creditfxconvexityadjustmentfactor => 1.0 ||
	 | floatstream::dkk::dkk-cibor-6m::{06-nov-2018->06-nov-2023}@creditfxconvexityadjustmentpremium => 0.0 ||
	 | floatstream::dkk::dkk-cibor-6m::{06-nov-2018->06-nov-2023}@creditfxconvexityadjustmentpremiumupfront => -0.0 ||
	 | floatstream::dkk::dkk-cibor-6m::{06-nov-2018->06-nov-2023}@cumulativeconvexityadjustedcleandv01 => -4.8747641645169196E-4 ||
	 | floatstream::dkk::dkk-cibor-6m::{06-nov-2018->06-nov-2023}@cumulativeconvexityadjustedcleanprice => 109.84725394594459 ||
	 | floatstream::dkk::dkk-cibor-6m::{06-nov-2018->06-nov-2023}@cumulativeconvexityadjustedcleanpv => -0.09847253945944599 ||
	 | floatstream::dkk::dkk-cibor-6m::{06-nov-2018->06-nov-2023}@cumulativeconvexityadjusteddirtydv01 => -4.8747641645169196E-4 ||
	 | floatstream::dkk::dkk-cibor-6m::{06-nov-2018->06-nov-2023}@cumulativeconvexityadjusteddirtyprice => 109.84725394594459 ||
	 | floatstream::dkk::dkk-cibor-6m::{06-nov-2018->06-nov-2023}@cumulativeconvexityadjusteddirtypv => -0.09847253945944599 ||
	 | floatstream::dkk::dkk-cibor-6m::{06-nov-2018->06-nov-2023}@cumulativeconvexityadjusteddv01 => -4.8747641645169196E-4 ||
	 | floatstream::dkk::dkk-cibor-6m::{06-nov-2018->06-nov-2023}@cumulativeconvexityadjustedfairpremium => 0.02020047250207938 ||
	 | floatstream::dkk::dkk-cibor-6m::{06-nov-2018->06-nov-2023}@cumulativeconvexityadjustedparrate => 0.02020047250207938 ||
	 | floatstream::dkk::dkk-cibor-6m::{06-nov-2018->06-nov-2023}@cumulativeconvexityadjustedprice => 109.84725394594459 ||
	 | floatstream::dkk::dkk-cibor-6m::{06-nov-2018->06-nov-2023}@cumulativeconvexityadjustedpv => -0.09847253945944599 ||
	 | floatstream::dkk::dkk-cibor-6m::{06-nov-2018->06-nov-2023}@cumulativeconvexityadjustedrate => 0.02020047250207938 ||
	 | floatstream::dkk::dkk-cibor-6m::{06-nov-2018->06-nov-2023}@cumulativeconvexityadjustedupfront => -0.09847253945944599 ||
	 | floatstream::dkk::dkk-cibor-6m::{06-nov-2018->06-nov-2023}@cumulativeconvexityadjustmentfactor => 1.0 ||
	 | floatstream::dkk::dkk-cibor-6m::{06-nov-2018->06-nov-2023}@cumulativeconvexityadjustmentpremium => 0.0 ||
	 | floatstream::dkk::dkk-cibor-6m::{06-nov-2018->06-nov-2023}@cumulativeconvexityadjustmentpremiumupfront => -0.0 ||
	 | floatstream::dkk::dkk-cibor-6m::{06-nov-2018->06-nov-2023}@cumulativecouponamount => 0.0 ||
	 | floatstream::dkk::dkk-cibor-6m::{06-nov-2018->06-nov-2023}@cumulativecoupondcf => 0.0 ||
	 | floatstream::dkk::dkk-cibor-6m::{06-nov-2018->06-nov-2023}@cv01 => -4.8747641645169196E-4 ||
	 | floatstream::dkk::dkk-cibor-6m::{06-nov-2018->06-nov-2023}@dirtydv01 => -4.8747641645169196E-4 ||
	 | floatstream::dkk::dkk-cibor-6m::{06-nov-2018->06-nov-2023}@dirtyprice => 109.84725394594459 ||
	 | floatstream::dkk::dkk-cibor-6m::{06-nov-2018->06-nov-2023}@dirtypv => -0.09847253945944599 ||
	 | floatstream::dkk::dkk-cibor-6m::{06-nov-2018->06-nov-2023}@dv01 => -4.8747641645169196E-4 ||
	 | floatstream::dkk::dkk-cibor-6m::{06-nov-2018->06-nov-2023}@fairpremium => 0.02020047250207938 ||
	 | floatstream::dkk::dkk-cibor-6m::{06-nov-2018->06-nov-2023}@fixing01 => 0.0 ||
	 | floatstream::dkk::dkk-cibor-6m::{06-nov-2018->06-nov-2023}@forwardfundingconvexityadjustedcleandv01 => -4.8747641645169196E-4 ||
	 | floatstream::dkk::dkk-cibor-6m::{06-nov-2018->06-nov-2023}@forwardfundingconvexityadjustedcleanprice => 109.84725394594459 ||
	 | floatstream::dkk::dkk-cibor-6m::{06-nov-2018->06-nov-2023}@forwardfundingconvexityadjustedcleanpv => -0.09847253945944599 ||
	 | floatstream::dkk::dkk-cibor-6m::{06-nov-2018->06-nov-2023}@forwardfundingconvexityadjusteddirtydv01 => -4.8747641645169196E-4 ||
	 | floatstream::dkk::dkk-cibor-6m::{06-nov-2018->06-nov-2023}@forwardfundingconvexityadjusteddirtyprice => 109.84725394594459 ||
	 | floatstream::dkk::dkk-cibor-6m::{06-nov-2018->06-nov-2023}@forwardfundingconvexityadjusteddirtypv => -0.09847253945944599 ||
	 | floatstream::dkk::dkk-cibor-6m::{06-nov-2018->06-nov-2023}@forwardfundingconvexityadjusteddv01 => -4.8747641645169196E-4 ||
	 | floatstream::dkk::dkk-cibor-6m::{06-nov-2018->06-nov-2023}@forwardfundingconvexityadjustedfairpremium => 0.02020047250207938 ||
	 | floatstream::dkk::dkk-cibor-6m::{06-nov-2018->06-nov-2023}@forwardfundingconvexityadjustedparrate => 0.02020047250207938 ||
	 | floatstream::dkk::dkk-cibor-6m::{06-nov-2018->06-nov-2023}@forwardfundingconvexityadjustedprice => 109.84725394594459 ||
	 | floatstream::dkk::dkk-cibor-6m::{06-nov-2018->06-nov-2023}@forwardfundingconvexityadjustedpv => -0.09847253945944599 ||
	 | floatstream::dkk::dkk-cibor-6m::{06-nov-2018->06-nov-2023}@forwardfundingconvexityadjustedrate => 0.02020047250207938 ||
	 | floatstream::dkk::dkk-cibor-6m::{06-nov-2018->06-nov-2023}@forwardfundingconvexityadjustedupfront => -0.09847253945944599 ||
	 | floatstream::dkk::dkk-cibor-6m::{06-nov-2018->06-nov-2023}@forwardfundingconvexityadjustmentfactor => 1.0 ||
	 | floatstream::dkk::dkk-cibor-6m::{06-nov-2018->06-nov-2023}@forwardfundingconvexityadjustmentpremium => 0.0 ||
	 | floatstream::dkk::dkk-cibor-6m::{06-nov-2018->06-nov-2023}@forwardfundingconvexityadjustmentpremiumupfront => -0.0 ||
	 | floatstream::dkk::dkk-cibor-6m::{06-nov-2018->06-nov-2023}@forwardfxconvexityadjustedcleandv01 => -4.8747641645169196E-4 ||
	 | floatstream::dkk::dkk-cibor-6m::{06-nov-2018->06-nov-2023}@forwardfxconvexityadjustedcleanprice => 109.84725394594459 ||
	 | floatstream::dkk::dkk-cibor-6m::{06-nov-2018->06-nov-2023}@forwardfxconvexityadjustedcleanpv => -0.09847253945944599 ||
	 | floatstream::dkk::dkk-cibor-6m::{06-nov-2018->06-nov-2023}@forwardfxconvexityadjusteddirtydv01 => -4.8747641645169196E-4 ||
	 | floatstream::dkk::dkk-cibor-6m::{06-nov-2018->06-nov-2023}@forwardfxconvexityadjusteddirtyprice => 109.84725394594459 ||
	 | floatstream::dkk::dkk-cibor-6m::{06-nov-2018->06-nov-2023}@forwardfxconvexityadjusteddirtypv => -0.09847253945944599 ||
	 | floatstream::dkk::dkk-cibor-6m::{06-nov-2018->06-nov-2023}@forwardfxconvexityadjusteddv01 => -4.8747641645169196E-4 ||
	 | floatstream::dkk::dkk-cibor-6m::{06-nov-2018->06-nov-2023}@forwardfxconvexityadjustedfairpremium => 0.02020047250207938 ||
	 | floatstream::dkk::dkk-cibor-6m::{06-nov-2018->06-nov-2023}@forwardfxconvexityadjustedparrate => 0.02020047250207938 ||
	 | floatstream::dkk::dkk-cibor-6m::{06-nov-2018->06-nov-2023}@forwardfxconvexityadjustedprice => 109.84725394594459 ||
	 | floatstream::dkk::dkk-cibor-6m::{06-nov-2018->06-nov-2023}@forwardfxconvexityadjustedpv => -0.09847253945944599 ||
	 | floatstream::dkk::dkk-cibor-6m::{06-nov-2018->06-nov-2023}@forwardfxconvexityadjustedrate => 0.02020047250207938 ||
	 | floatstream::dkk::dkk-cibor-6m::{06-nov-2018->06-nov-2023}@forwardfxconvexityadjustedupfront => -0.09847253945944599 ||
	 | floatstream::dkk::dkk-cibor-6m::{06-nov-2018->06-nov-2023}@forwardfxconvexityadjustmentfactor => 1.0 ||
	 | floatstream::dkk::dkk-cibor-6m::{06-nov-2018->06-nov-2023}@forwardfxconvexityadjustmentpremium => 0.0 ||
	 | floatstream::dkk::dkk-cibor-6m::{06-nov-2018->06-nov-2023}@forwardfxconvexityadjustmentpremiumupfront => -0.0 ||
	 | floatstream::dkk::dkk-cibor-6m::{06-nov-2018->06-nov-2023}@fundingfxconvexityadjustedcleandv01 => -4.8747641645169196E-4 ||
	 | floatstream::dkk::dkk-cibor-6m::{06-nov-2018->06-nov-2023}@fundingfxconvexityadjustedcleanprice => 109.84725394594459 ||
	 | floatstream::dkk::dkk-cibor-6m::{06-nov-2018->06-nov-2023}@fundingfxconvexityadjustedcleanpv => -0.09847253945944599 ||
	 | floatstream::dkk::dkk-cibor-6m::{06-nov-2018->06-nov-2023}@fundingfxconvexityadjusteddirtydv01 => -4.8747641645169196E-4 ||
	 | floatstream::dkk::dkk-cibor-6m::{06-nov-2018->06-nov-2023}@fundingfxconvexityadjusteddirtyprice => 109.84725394594459 ||
	 | floatstream::dkk::dkk-cibor-6m::{06-nov-2018->06-nov-2023}@fundingfxconvexityadjusteddirtypv => -0.09847253945944599 ||
	 | floatstream::dkk::dkk-cibor-6m::{06-nov-2018->06-nov-2023}@fundingfxconvexityadjusteddv01 => -4.8747641645169196E-4 ||
	 | floatstream::dkk::dkk-cibor-6m::{06-nov-2018->06-nov-2023}@fundingfxconvexityadjustedfairpremium => 0.02020047250207938 ||
	 | floatstream::dkk::dkk-cibor-6m::{06-nov-2018->06-nov-2023}@fundingfxconvexityadjustedparrate => 0.02020047250207938 ||
	 | floatstream::dkk::dkk-cibor-6m::{06-nov-2018->06-nov-2023}@fundingfxconvexityadjustedprice => 109.84725394594459 ||
	 | floatstream::dkk::dkk-cibor-6m::{06-nov-2018->06-nov-2023}@fundingfxconvexityadjustedpv => -0.09847253945944599 ||
	 | floatstream::dkk::dkk-cibor-6m::{06-nov-2018->06-nov-2023}@fundingfxconvexityadjustedrate => 0.02020047250207938 ||
	 | floatstream::dkk::dkk-cibor-6m::{06-nov-2018->06-nov-2023}@fundingfxconvexityadjustedupfront => -0.09847253945944599 ||
	 | floatstream::dkk::dkk-cibor-6m::{06-nov-2018->06-nov-2023}@fundingfxconvexityadjustmentfactor => 1.0 ||
	 | floatstream::dkk::dkk-cibor-6m::{06-nov-2018->06-nov-2023}@fundingfxconvexityadjustmentpremium => 0.0 ||
	 | floatstream::dkk::dkk-cibor-6m::{06-nov-2018->06-nov-2023}@fundingfxconvexityadjustmentpremiumupfront => -0.0 ||
	 | floatstream::dkk::dkk-cibor-6m::{06-nov-2018->06-nov-2023}@parrate => 0.02020047250207938 ||
	 | floatstream::dkk::dkk-cibor-6m::{06-nov-2018->06-nov-2023}@price => 109.84725394594459 ||
	 | floatstream::dkk::dkk-cibor-6m::{06-nov-2018->06-nov-2023}@pv => -0.09847253945944599 ||
	 | floatstream::dkk::dkk-cibor-6m::{06-nov-2018->06-nov-2023}@rate => 0.02020047250207938 ||
	 | floatstream::dkk::dkk-cibor-6m::{06-nov-2018->06-nov-2023}@resetdate => -2.147483648E9 ||
	 | floatstream::dkk::dkk-cibor-6m::{06-nov-2018->06-nov-2023}@resetrate => NaN ||
	 | floatstream::dkk::dkk-cibor-6m::{06-nov-2018->06-nov-2023}@totalcoupon => 0.20585679436533447 ||
	 | floatstream::dkk::dkk-cibor-6m::{06-nov-2018->06-nov-2023}@unadjustedcleandv01 => -4.8747641645169196E-4 ||
	 | floatstream::dkk::dkk-cibor-6m::{06-nov-2018->06-nov-2023}@unadjustedcleanprice => 109.84725394594459 ||
	 | floatstream::dkk::dkk-cibor-6m::{06-nov-2018->06-nov-2023}@unadjustedcleanpv => -0.09847253945944599 ||
	 | floatstream::dkk::dkk-cibor-6m::{06-nov-2018->06-nov-2023}@unadjusteddirtydv01 => -4.8747641645169196E-4 ||
	 | floatstream::dkk::dkk-cibor-6m::{06-nov-2018->06-nov-2023}@unadjusteddirtyprice => 109.84725394594459 ||
	 | floatstream::dkk::dkk-cibor-6m::{06-nov-2018->06-nov-2023}@unadjusteddirtypv => -0.09847253945944599 ||
	 | floatstream::dkk::dkk-cibor-6m::{06-nov-2018->06-nov-2023}@unadjustedfairpremium => 0.02020047250207938 ||
	 | floatstream::dkk::dkk-cibor-6m::{06-nov-2018->06-nov-2023}@unadjustedparrate => 0.02020047250207938 ||
	 | floatstream::dkk::dkk-cibor-6m::{06-nov-2018->06-nov-2023}@unadjustedprice => 109.84725394594459 ||
	 | floatstream::dkk::dkk-cibor-6m::{06-nov-2018->06-nov-2023}@unadjustedpv => -0.09847253945944599 ||
	 | floatstream::dkk::dkk-cibor-6m::{06-nov-2018->06-nov-2023}@unadjustedrate => 0.02020047250207938 ||
	 | floatstream::dkk::dkk-cibor-6m::{06-nov-2018->06-nov-2023}@unadjustedupfront => -0.09847253945944599 ||
	 | floatstream::dkk::dkk-cibor-6m::{06-nov-2018->06-nov-2023}@upfront => -0.09847253945944599 ||
	 | initialnotional => 1.0 ||
	 | parfixedcoupon => 0.020599999999999972 ||
	 | parrate => 0.020599999999999972 ||
	 | parswaprate => 0.020599999999999972 ||
	 | price => 99.99999999999999 ||
	 | pv => -1.1102230246251565E-16 ||
	 | rate => 0.020599999999999972 ||
	 | referenceaccrued => 0.0 ||
	 | referenceaccrued01 => 0.0 ||
	 | referencecleandv01 => 4.780220362109035E-4 ||
	 | referencecleanpv => 0.09847253945944588 ||
	 | referencecumulativeconvexityadjustmentfactor => 1.0 ||
	 | referencecumulativeconvexityadjustmentpremium => 0.0 ||
	 | referencecumulativecouponamount => 0.0 ||
	 | referencecumulativecoupondcf => 0.0 ||
	 | referencedirtydv01 => 4.780220362109035E-4 ||
	 | referencedirtypv => 0.09847253945944588 ||
	 | referencedv01 => 4.780220362109035E-4 ||
	 | referenceparbasisspread => 2.3225352400602E-13 ||
	 | referencepv => 0.09847253945944588 ||
	 | resetdate => -2.147483648E9 ||
	 | resetrate => NaN ||
	 | swaprate => 0.020599999999999972 ||
	 | upfront => -1.1102230246251565E-16 ||
	 |------------------------------||


		|-----------------------------------------------------------------------------------------------------------------------||
		|    Floating Stream Cash Flow Details                                                                                  ||
		|    -------- ------ ---- ---- -------                                                                                  ||
		|               Start Date                                                                                              ||
		|               End Date                                                                                                ||
		|               Pay Date                                                                                                ||
		|               FX Fixing Date                                                                                          ||
		|               Base Notional                                                                                           ||
		|               Period DCF                                                                                              ||
		|               Tenor                                                                                                   ||
		|               Funding Label                                                                                           ||
		|               Forward Label                                                                                           ||
		|               Pay Discount Factor                                                                                     ||
		|               Coupon Rate                                                                                             ||
		|-----------------------------------------------------------------------------------------------------------------------||
		| [06-NOV-2018 - 06-MAY-2019] => 06-MAY-2019 | 06-MAY-2019 | -1.0000 |  0.5028 | 6M | DKK | DKK-CIBOR-6M |  0.9986 |  0.27% ||
		| [06-MAY-2019 - 06-NOV-2019] => 06-NOV-2019 | 06-NOV-2019 | -1.0000 |  0.5111 | 6M | DKK | DKK-CIBOR-6M |  0.9965 |  0.42% ||
		| [06-NOV-2019 - 06-MAY-2020] => 06-MAY-2020 | 06-MAY-2020 | -1.0000 |  0.5056 | 6M | DKK | DKK-CIBOR-6M |  0.9925 |  0.79% ||
		| [06-MAY-2020 - 06-NOV-2020] => 06-NOV-2020 | 06-NOV-2020 | -1.0000 |  0.5111 | 6M | DKK | DKK-CIBOR-6M |  0.9857 |  1.36% ||
		| [06-NOV-2020 - 06-MAY-2021] => 06-MAY-2021 | 06-MAY-2021 | -1.0000 |  0.5028 | 6M | DKK | DKK-CIBOR-6M |  0.9705 |  3.11% ||
		| [06-MAY-2021 - 06-NOV-2021] => 06-NOV-2021 | 06-NOV-2021 | -1.0000 |  0.5111 | 6M | DKK | DKK-CIBOR-6M |  0.9609 |  1.95% ||
		| [06-NOV-2021 - 06-MAY-2022] => 06-MAY-2022 | 06-MAY-2022 | -1.0000 |  0.5028 | 6M | DKK | DKK-CIBOR-6M |  0.9495 |  2.39% ||
		| [06-MAY-2022 - 06-NOV-2022] => 06-NOV-2022 | 06-NOV-2022 | -1.0000 |  0.5111 | 6M | DKK | DKK-CIBOR-6M |  0.9356 |  2.91% ||
		| [06-NOV-2022 - 06-MAY-2023] => 06-MAY-2023 | 06-MAY-2023 | -1.0000 |  0.5028 | 6M | DKK | DKK-CIBOR-6M |  0.9195 |  3.48% ||
		| [06-MAY-2023 - 06-NOV-2023] => 06-NOV-2023 | 06-NOV-2023 | -1.0000 |  0.5111 | 6M | DKK | DKK-CIBOR-6M |  0.9015 |  3.90% ||
		|-----------------------------------------------------------------------------------------------------------------------||


		|--------------------------------------------------------------------------------------------------------||
		|    Fixed Stream Cash Flow Details                                                                      ||
		|    ----- ------ ---- ---- -------                                                                      ||
		|               Start Date                                                                               ||
		|               End Date                                                                                 ||
		|               Pay Date                                                                                 ||
		|               FX Fixing Date                                                                           ||
		|               Base Notional                                                                            ||
		|               Period DCF                                                                               ||
		|               Tenor                                                                                    ||
		|               Funding Label                                                                            ||
		|               Pay Discount Factor                                                                      ||
		|               Coupon Rate                                                                              ||
		|--------------------------------------------------------------------------------------------------------||
		| [06-NOV-2018 - 06-NOV-2019] => 06-NOV-2019 | 06-NOV-2019 |  1.0000 |  1.0000 | 1Y | DKK |  0.9965 |  2.06% ||
		| [06-NOV-2019 - 06-NOV-2020] => 06-NOV-2020 | 06-NOV-2020 |  1.0000 |  1.0000 | 1Y | DKK |  0.9857 |  2.06% ||
		| [06-NOV-2020 - 06-NOV-2021] => 06-NOV-2021 | 06-NOV-2021 |  1.0000 |  1.0000 | 1Y | DKK |  0.9609 |  2.06% ||
		| [06-NOV-2021 - 06-NOV-2022] => 06-NOV-2022 | 06-NOV-2022 |  1.0000 |  1.0000 | 1Y | DKK |  0.9356 |  2.06% ||
		| [06-NOV-2022 - 06-NOV-2023] => 06-NOV-2023 | 06-NOV-2023 |  1.0000 |  1.0000 | 1Y | DKK |  0.9015 |  2.06% ||
		|--------------------------------------------------------------------------------------------------------||

	|-----------------------------------------------------------------|
	|    Copyright (C) 2011-2018 (DRIP)
	|-----------------------------------------------------------------|
	|    Build Version  => 3.86.0 multi mode
	|    Build JVM (TM) => 1.8.0_112
	|    Build Snap     => Fri Nov 02 21:22:20 EST 2018
	|    Start Time     => Fri Nov 02 23:11:29 EDT 2018
	|    Setup Time     => Fri Nov 02 23:11:29 EDT 2018
	|    Setup Duration => 0 ms
	|-----------------------------------------------------------------|

	 | accrued => 0.0 ||
	 | calctime => 5.40695E-4 ||
	 | calibfloatingpv => 0.098472539121773 ||
	 | calibswaprate => 0.020600000000000007 ||
	 | cleanfixeddv01 => 4.780220345717134E-4 ||
	 | cleanfloatingdv01 => -4.874764147642008E-4 ||
	 | cleanfloatingpv => -0.09847253912177271 ||
	 | cleanprice => 100.0 ||
	 | cleanpv => 1.3877787807814457E-17 ||
	 | cumulativeconvexityadjustmentpremium => 0.0 ||
	 | cumulativecouponamount => 0.0 ||
	 | cumulativecoupondcf => 0.0 ||
	 | derivedaccrued => 0.0 ||
	 | derivedaccrued01 => 0.0 ||
	 | derivedcleandv01 => -4.874764147642008E-4 ||
	 | derivedcleanpv => -0.09847253912177271 ||
	 | derivedcumulativeconvexityadjustmentfactor => 1.0 ||
	 | derivedcumulativeconvexityadjustmentpremium => -0.0 ||
	 | derivedcumulativecouponamount => 0.0 ||
	 | derivedcumulativecoupondcf => 0.0 ||
	 | deriveddirtydv01 => -4.874764147642008E-4 ||
	 | deriveddirtypv => -0.09847253912177271 ||
	 | deriveddv01 => -4.874764147642008E-4 ||
	 | derivedfixing01 => 0.0 ||
	 | derivedparbasisspread => 2.8468634353371414E-14 ||
	 | derivedpv => -0.09847253912177271 ||
	 | derivedresetdate => -2.147483648E9 ||
	 | derivedresetrate => NaN ||
	 | dirtyfixeddv01 => 4.780220345717134E-4 ||
	 | dirtyfixedpv => 0.09847253912177273 ||
	 | dirtyfloatingdv01 => -4.874764147642008E-4 ||
	 | dirtyfloatingpv => -0.09847253912177271 ||
	 | dirtyprice => 100.0 ||
	 | dirtypv => 1.3877787807814457E-17 ||
	 | fairpremium => 0.020599999999999948 ||
	 | fixedaccrued => 0.0 ||
	 | fixedaccrued01 => 0.0 ||
	 | fixeddv01 => 4.780220345717134E-4 ||
	 | fixedstream::eur/eur::12::{06-nov-2018->06-nov-2023}@accrualcoupon => NaN ||
	 | fixedstream::eur/eur::12::{06-nov-2018->06-nov-2023}@accrued => 0.0 ||
	 | fixedstream::eur/eur::12::{06-nov-2018->06-nov-2023}@accrued01 => 0.0 ||
	 | fixedstream::eur/eur::12::{06-nov-2018->06-nov-2023}@calctime => 8.306800000000001E-5 ||
	 | fixedstream::eur/eur::12::{06-nov-2018->06-nov-2023}@cleandv01 => 4.780220345717134E-4 ||
	 | fixedstream::eur/eur::12::{06-nov-2018->06-nov-2023}@cleanprice => 109.84725391217727 ||
	 | fixedstream::eur/eur::12::{06-nov-2018->06-nov-2023}@cleanpv => 0.09847253912177273 ||
	 | fixedstream::eur/eur::12::{06-nov-2018->06-nov-2023}@compoundingadjustedcleandv01 => 4.780220345717134E-4 ||
	 | fixedstream::eur/eur::12::{06-nov-2018->06-nov-2023}@compoundingadjustedcleanprice => 109.84725391217727 ||
	 | fixedstream::eur/eur::12::{06-nov-2018->06-nov-2023}@compoundingadjustedcleanpv => 0.09847253912177273 ||
	 | fixedstream::eur/eur::12::{06-nov-2018->06-nov-2023}@compoundingadjusteddirtydv01 => 4.780220345717134E-4 ||
	 | fixedstream::eur/eur::12::{06-nov-2018->06-nov-2023}@compoundingadjusteddirtyprice => 109.84725391217727 ||
	 | fixedstream::eur/eur::12::{06-nov-2018->06-nov-2023}@compoundingadjusteddirtypv => 0.09847253912177273 ||
	 | fixedstream::eur/eur::12::{06-nov-2018->06-nov-2023}@compoundingadjustedfairpremium => 0.02059999999999995 ||
	 | fixedstream::eur/eur::12::{06-nov-2018->06-nov-2023}@compoundingadjustedparrate => 0.02059999999999995 ||
	 | fixedstream::eur/eur::12::{06-nov-2018->06-nov-2023}@compoundingadjustedprice => 109.84725391217727 ||
	 | fixedstream::eur/eur::12::{06-nov-2018->06-nov-2023}@compoundingadjustedpv => 0.09847253912177273 ||
	 | fixedstream::eur/eur::12::{06-nov-2018->06-nov-2023}@compoundingadjustedrate => 0.02059999999999995 ||
	 | fixedstream::eur/eur::12::{06-nov-2018->06-nov-2023}@compoundingadjustedupfront => 0.09847253912177273 ||
	 | fixedstream::eur/eur::12::{06-nov-2018->06-nov-2023}@compoundingadjustmentfactor => 1.0 ||
	 | fixedstream::eur/eur::12::{06-nov-2018->06-nov-2023}@compoundingadjustmentpremium => 0.0 ||
	 | fixedstream::eur/eur::12::{06-nov-2018->06-nov-2023}@compoundingadjustmentpremiumupfront => 0.0 ||
	 | fixedstream::eur/eur::12::{06-nov-2018->06-nov-2023}@creditforwardconvexityadjustedcleandv01 => 4.780220345717134E-4 ||
	 | fixedstream::eur/eur::12::{06-nov-2018->06-nov-2023}@creditforwardconvexityadjustedcleanprice => 109.84725391217727 ||
	 | fixedstream::eur/eur::12::{06-nov-2018->06-nov-2023}@creditforwardconvexityadjustedcleanpv => 0.09847253912177273 ||
	 | fixedstream::eur/eur::12::{06-nov-2018->06-nov-2023}@creditforwardconvexityadjusteddirtydv01 => 4.780220345717134E-4 ||
	 | fixedstream::eur/eur::12::{06-nov-2018->06-nov-2023}@creditforwardconvexityadjusteddirtyprice => 109.84725391217727 ||
	 | fixedstream::eur/eur::12::{06-nov-2018->06-nov-2023}@creditforwardconvexityadjusteddirtypv => 0.09847253912177273 ||
	 | fixedstream::eur/eur::12::{06-nov-2018->06-nov-2023}@creditforwardconvexityadjusteddv01 => 4.780220345717134E-4 ||
	 | fixedstream::eur/eur::12::{06-nov-2018->06-nov-2023}@creditforwardconvexityadjustedfairpremium => 0.02059999999999995 ||
	 | fixedstream::eur/eur::12::{06-nov-2018->06-nov-2023}@creditforwardconvexityadjustedparrate => 0.02059999999999995 ||
	 | fixedstream::eur/eur::12::{06-nov-2018->06-nov-2023}@creditforwardconvexityadjustedprice => 109.84725391217727 ||
	 | fixedstream::eur/eur::12::{06-nov-2018->06-nov-2023}@creditforwardconvexityadjustedpv => 0.09847253912177273 ||
	 | fixedstream::eur/eur::12::{06-nov-2018->06-nov-2023}@creditforwardconvexityadjustedrate => 0.02059999999999995 ||
	 | fixedstream::eur/eur::12::{06-nov-2018->06-nov-2023}@creditforwardconvexityadjustedupfront => 0.09847253912177273 ||
	 | fixedstream::eur/eur::12::{06-nov-2018->06-nov-2023}@creditforwardconvexityadjustmentfactor => 1.0 ||
	 | fixedstream::eur/eur::12::{06-nov-2018->06-nov-2023}@creditforwardconvexityadjustmentpremium => 0.0 ||
	 | fixedstream::eur/eur::12::{06-nov-2018->06-nov-2023}@creditforwardconvexityadjustmentpremiumupfront => 0.0 ||
	 | fixedstream::eur/eur::12::{06-nov-2018->06-nov-2023}@creditfundingconvexityadjustedcleandv01 => 4.780220345717134E-4 ||
	 | fixedstream::eur/eur::12::{06-nov-2018->06-nov-2023}@creditfundingconvexityadjustedcleanprice => 109.84725391217727 ||
	 | fixedstream::eur/eur::12::{06-nov-2018->06-nov-2023}@creditfundingconvexityadjustedcleanpv => 0.09847253912177273 ||
	 | fixedstream::eur/eur::12::{06-nov-2018->06-nov-2023}@creditfundingconvexityadjusteddirtydv01 => 4.780220345717134E-4 ||
	 | fixedstream::eur/eur::12::{06-nov-2018->06-nov-2023}@creditfundingconvexityadjusteddirtyprice => 109.84725391217727 ||
	 | fixedstream::eur/eur::12::{06-nov-2018->06-nov-2023}@creditfundingconvexityadjusteddirtypv => 0.09847253912177273 ||
	 | fixedstream::eur/eur::12::{06-nov-2018->06-nov-2023}@creditfundingconvexityadjusteddv01 => 4.780220345717134E-4 ||
	 | fixedstream::eur/eur::12::{06-nov-2018->06-nov-2023}@creditfundingconvexityadjustedfairpremium => 0.02059999999999995 ||
	 | fixedstream::eur/eur::12::{06-nov-2018->06-nov-2023}@creditfundingconvexityadjustedparrate => 0.02059999999999995 ||
	 | fixedstream::eur/eur::12::{06-nov-2018->06-nov-2023}@creditfundingconvexityadjustedprice => 109.84725391217727 ||
	 | fixedstream::eur/eur::12::{06-nov-2018->06-nov-2023}@creditfundingconvexityadjustedpv => 0.09847253912177273 ||
	 | fixedstream::eur/eur::12::{06-nov-2018->06-nov-2023}@creditfundingconvexityadjustedrate => 0.02059999999999995 ||
	 | fixedstream::eur/eur::12::{06-nov-2018->06-nov-2023}@creditfundingconvexityadjustedupfront => 0.09847253912177273 ||
	 | fixedstream::eur/eur::12::{06-nov-2018->06-nov-2023}@creditfundingconvexityadjustmentfactor => 1.0 ||
	 | fixedstream::eur/eur::12::{06-nov-2018->06-nov-2023}@creditfundingconvexityadjustmentpremium => 0.0 ||
	 | fixedstream::eur/eur::12::{06-nov-2018->06-nov-2023}@creditfundingconvexityadjustmentpremiumupfront => 0.0 ||
	 | fixedstream::eur/eur::12::{06-nov-2018->06-nov-2023}@creditfxconvexityadjustedcleandv01 => 4.780220345717134E-4 ||
	 | fixedstream::eur/eur::12::{06-nov-2018->06-nov-2023}@creditfxconvexityadjustedcleanprice => 109.84725391217727 ||
	 | fixedstream::eur/eur::12::{06-nov-2018->06-nov-2023}@creditfxconvexityadjustedcleanpv => 0.09847253912177273 ||
	 | fixedstream::eur/eur::12::{06-nov-2018->06-nov-2023}@creditfxconvexityadjusteddirtydv01 => 4.780220345717134E-4 ||
	 | fixedstream::eur/eur::12::{06-nov-2018->06-nov-2023}@creditfxconvexityadjusteddirtyprice => 109.84725391217727 ||
	 | fixedstream::eur/eur::12::{06-nov-2018->06-nov-2023}@creditfxconvexityadjusteddirtypv => 0.09847253912177273 ||
	 | fixedstream::eur/eur::12::{06-nov-2018->06-nov-2023}@creditfxconvexityadjusteddv01 => 4.780220345717134E-4 ||
	 | fixedstream::eur/eur::12::{06-nov-2018->06-nov-2023}@creditfxconvexityadjustedfairpremium => 0.02059999999999995 ||
	 | fixedstream::eur/eur::12::{06-nov-2018->06-nov-2023}@creditfxconvexityadjustedparrate => 0.02059999999999995 ||
	 | fixedstream::eur/eur::12::{06-nov-2018->06-nov-2023}@creditfxconvexityadjustedprice => 109.84725391217727 ||
	 | fixedstream::eur/eur::12::{06-nov-2018->06-nov-2023}@creditfxconvexityadjustedpv => 0.09847253912177273 ||
	 | fixedstream::eur/eur::12::{06-nov-2018->06-nov-2023}@creditfxconvexityadjustedrate => 0.02059999999999995 ||
	 | fixedstream::eur/eur::12::{06-nov-2018->06-nov-2023}@creditfxconvexityadjustedupfront => 0.09847253912177273 ||
	 | fixedstream::eur/eur::12::{06-nov-2018->06-nov-2023}@creditfxconvexityadjustmentfactor => 1.0 ||
	 | fixedstream::eur/eur::12::{06-nov-2018->06-nov-2023}@creditfxconvexityadjustmentpremium => 0.0 ||
	 | fixedstream::eur/eur::12::{06-nov-2018->06-nov-2023}@creditfxconvexityadjustmentpremiumupfront => 0.0 ||
	 | fixedstream::eur/eur::12::{06-nov-2018->06-nov-2023}@cumulativeconvexityadjustedcleandv01 => 4.780220345717134E-4 ||
	 | fixedstream::eur/eur::12::{06-nov-2018->06-nov-2023}@cumulativeconvexityadjustedcleanprice => 109.84725391217727 ||
	 | fixedstream::eur/eur::12::{06-nov-2018->06-nov-2023}@cumulativeconvexityadjustedcleanpv => 0.09847253912177273 ||
	 | fixedstream::eur/eur::12::{06-nov-2018->06-nov-2023}@cumulativeconvexityadjusteddirtydv01 => 4.780220345717134E-4 ||
	 | fixedstream::eur/eur::12::{06-nov-2018->06-nov-2023}@cumulativeconvexityadjusteddirtyprice => 109.84725391217727 ||
	 | fixedstream::eur/eur::12::{06-nov-2018->06-nov-2023}@cumulativeconvexityadjusteddirtypv => 0.09847253912177273 ||
	 | fixedstream::eur/eur::12::{06-nov-2018->06-nov-2023}@cumulativeconvexityadjusteddv01 => 4.780220345717134E-4 ||
	 | fixedstream::eur/eur::12::{06-nov-2018->06-nov-2023}@cumulativeconvexityadjustedfairpremium => 0.02059999999999995 ||
	 | fixedstream::eur/eur::12::{06-nov-2018->06-nov-2023}@cumulativeconvexityadjustedparrate => 0.02059999999999995 ||
	 | fixedstream::eur/eur::12::{06-nov-2018->06-nov-2023}@cumulativeconvexityadjustedprice => 109.84725391217727 ||
	 | fixedstream::eur/eur::12::{06-nov-2018->06-nov-2023}@cumulativeconvexityadjustedpv => 0.09847253912177273 ||
	 | fixedstream::eur/eur::12::{06-nov-2018->06-nov-2023}@cumulativeconvexityadjustedrate => 0.02059999999999995 ||
	 | fixedstream::eur/eur::12::{06-nov-2018->06-nov-2023}@cumulativeconvexityadjustedupfront => 0.09847253912177273 ||
	 | fixedstream::eur/eur::12::{06-nov-2018->06-nov-2023}@cumulativeconvexityadjustmentfactor => 1.0 ||
	 | fixedstream::eur/eur::12::{06-nov-2018->06-nov-2023}@cumulativeconvexityadjustmentpremium => 0.0 ||
	 | fixedstream::eur/eur::12::{06-nov-2018->06-nov-2023}@cumulativeconvexityadjustmentpremiumupfront => 0.0 ||
	 | fixedstream::eur/eur::12::{06-nov-2018->06-nov-2023}@cumulativecouponamount => 0.0 ||
	 | fixedstream::eur/eur::12::{06-nov-2018->06-nov-2023}@cumulativecoupondcf => 0.0 ||
	 | fixedstream::eur/eur::12::{06-nov-2018->06-nov-2023}@cv01 => 4.780220345717134E-4 ||
	 | fixedstream::eur/eur::12::{06-nov-2018->06-nov-2023}@dirtydv01 => 4.780220345717134E-4 ||
	 | fixedstream::eur/eur::12::{06-nov-2018->06-nov-2023}@dirtyprice => 109.84725391217727 ||
	 | fixedstream::eur/eur::12::{06-nov-2018->06-nov-2023}@dirtypv => 0.09847253912177273 ||
	 | fixedstream::eur/eur::12::{06-nov-2018->06-nov-2023}@dv01 => 4.780220345717134E-4 ||
	 | fixedstream::eur/eur::12::{06-nov-2018->06-nov-2023}@fairpremium => 0.02059999999999995 ||
	 | fixedstream::eur/eur::12::{06-nov-2018->06-nov-2023}@fixing01 => 0.0 ||
	 | fixedstream::eur/eur::12::{06-nov-2018->06-nov-2023}@forwardfundingconvexityadjustedcleandv01 => 4.780220345717134E-4 ||
	 | fixedstream::eur/eur::12::{06-nov-2018->06-nov-2023}@forwardfundingconvexityadjustedcleanprice => 109.84725391217727 ||
	 | fixedstream::eur/eur::12::{06-nov-2018->06-nov-2023}@forwardfundingconvexityadjustedcleanpv => 0.09847253912177273 ||
	 | fixedstream::eur/eur::12::{06-nov-2018->06-nov-2023}@forwardfundingconvexityadjusteddirtydv01 => 4.780220345717134E-4 ||
	 | fixedstream::eur/eur::12::{06-nov-2018->06-nov-2023}@forwardfundingconvexityadjusteddirtyprice => 109.84725391217727 ||
	 | fixedstream::eur/eur::12::{06-nov-2018->06-nov-2023}@forwardfundingconvexityadjusteddirtypv => 0.09847253912177273 ||
	 | fixedstream::eur/eur::12::{06-nov-2018->06-nov-2023}@forwardfundingconvexityadjusteddv01 => 4.780220345717134E-4 ||
	 | fixedstream::eur/eur::12::{06-nov-2018->06-nov-2023}@forwardfundingconvexityadjustedfairpremium => 0.02059999999999995 ||
	 | fixedstream::eur/eur::12::{06-nov-2018->06-nov-2023}@forwardfundingconvexityadjustedparrate => 0.02059999999999995 ||
	 | fixedstream::eur/eur::12::{06-nov-2018->06-nov-2023}@forwardfundingconvexityadjustedprice => 109.84725391217727 ||
	 | fixedstream::eur/eur::12::{06-nov-2018->06-nov-2023}@forwardfundingconvexityadjustedpv => 0.09847253912177273 ||
	 | fixedstream::eur/eur::12::{06-nov-2018->06-nov-2023}@forwardfundingconvexityadjustedrate => 0.02059999999999995 ||
	 | fixedstream::eur/eur::12::{06-nov-2018->06-nov-2023}@forwardfundingconvexityadjustedupfront => 0.09847253912177273 ||
	 | fixedstream::eur/eur::12::{06-nov-2018->06-nov-2023}@forwardfundingconvexityadjustmentfactor => 1.0 ||
	 | fixedstream::eur/eur::12::{06-nov-2018->06-nov-2023}@forwardfundingconvexityadjustmentpremium => 0.0 ||
	 | fixedstream::eur/eur::12::{06-nov-2018->06-nov-2023}@forwardfundingconvexityadjustmentpremiumupfront => 0.0 ||
	 | fixedstream::eur/eur::12::{06-nov-2018->06-nov-2023}@forwardfxconvexityadjustedcleandv01 => 4.780220345717134E-4 ||
	 | fixedstream::eur/eur::12::{06-nov-2018->06-nov-2023}@forwardfxconvexityadjustedcleanprice => 109.84725391217727 ||
	 | fixedstream::eur/eur::12::{06-nov-2018->06-nov-2023}@forwardfxconvexityadjustedcleanpv => 0.09847253912177273 ||
	 | fixedstream::eur/eur::12::{06-nov-2018->06-nov-2023}@forwardfxconvexityadjusteddirtydv01 => 4.780220345717134E-4 ||
	 | fixedstream::eur/eur::12::{06-nov-2018->06-nov-2023}@forwardfxconvexityadjusteddirtyprice => 109.84725391217727 ||
	 | fixedstream::eur/eur::12::{06-nov-2018->06-nov-2023}@forwardfxconvexityadjusteddirtypv => 0.09847253912177273 ||
	 | fixedstream::eur/eur::12::{06-nov-2018->06-nov-2023}@forwardfxconvexityadjusteddv01 => 4.780220345717134E-4 ||
	 | fixedstream::eur/eur::12::{06-nov-2018->06-nov-2023}@forwardfxconvexityadjustedfairpremium => 0.02059999999999995 ||
	 | fixedstream::eur/eur::12::{06-nov-2018->06-nov-2023}@forwardfxconvexityadjustedparrate => 0.02059999999999995 ||
	 | fixedstream::eur/eur::12::{06-nov-2018->06-nov-2023}@forwardfxconvexityadjustedprice => 109.84725391217727 ||
	 | fixedstream::eur/eur::12::{06-nov-2018->06-nov-2023}@forwardfxconvexityadjustedpv => 0.09847253912177273 ||
	 | fixedstream::eur/eur::12::{06-nov-2018->06-nov-2023}@forwardfxconvexityadjustedrate => 0.02059999999999995 ||
	 | fixedstream::eur/eur::12::{06-nov-2018->06-nov-2023}@forwardfxconvexityadjustedupfront => 0.09847253912177273 ||
	 | fixedstream::eur/eur::12::{06-nov-2018->06-nov-2023}@forwardfxconvexityadjustmentfactor => 1.0 ||
	 | fixedstream::eur/eur::12::{06-nov-2018->06-nov-2023}@forwardfxconvexityadjustmentpremium => 0.0 ||
	 | fixedstream::eur/eur::12::{06-nov-2018->06-nov-2023}@forwardfxconvexityadjustmentpremiumupfront => 0.0 ||
	 | fixedstream::eur/eur::12::{06-nov-2018->06-nov-2023}@fundingfxconvexityadjustedcleandv01 => 4.780220345717134E-4 ||
	 | fixedstream::eur/eur::12::{06-nov-2018->06-nov-2023}@fundingfxconvexityadjustedcleanprice => 109.84725391217727 ||
	 | fixedstream::eur/eur::12::{06-nov-2018->06-nov-2023}@fundingfxconvexityadjustedcleanpv => 0.09847253912177273 ||
	 | fixedstream::eur/eur::12::{06-nov-2018->06-nov-2023}@fundingfxconvexityadjusteddirtydv01 => 4.780220345717134E-4 ||
	 | fixedstream::eur/eur::12::{06-nov-2018->06-nov-2023}@fundingfxconvexityadjusteddirtyprice => 109.84725391217727 ||
	 | fixedstream::eur/eur::12::{06-nov-2018->06-nov-2023}@fundingfxconvexityadjusteddirtypv => 0.09847253912177273 ||
	 | fixedstream::eur/eur::12::{06-nov-2018->06-nov-2023}@fundingfxconvexityadjusteddv01 => 4.780220345717134E-4 ||
	 | fixedstream::eur/eur::12::{06-nov-2018->06-nov-2023}@fundingfxconvexityadjustedfairpremium => 0.02059999999999995 ||
	 | fixedstream::eur/eur::12::{06-nov-2018->06-nov-2023}@fundingfxconvexityadjustedparrate => 0.02059999999999995 ||
	 | fixedstream::eur/eur::12::{06-nov-2018->06-nov-2023}@fundingfxconvexityadjustedprice => 109.84725391217727 ||
	 | fixedstream::eur/eur::12::{06-nov-2018->06-nov-2023}@fundingfxconvexityadjustedpv => 0.09847253912177273 ||
	 | fixedstream::eur/eur::12::{06-nov-2018->06-nov-2023}@fundingfxconvexityadjustedrate => 0.02059999999999995 ||
	 | fixedstream::eur/eur::12::{06-nov-2018->06-nov-2023}@fundingfxconvexityadjustedupfront => 0.09847253912177273 ||
	 | fixedstream::eur/eur::12::{06-nov-2018->06-nov-2023}@fundingfxconvexityadjustmentfactor => 1.0 ||
	 | fixedstream::eur/eur::12::{06-nov-2018->06-nov-2023}@fundingfxconvexityadjustmentpremium => 0.0 ||
	 | fixedstream::eur/eur::12::{06-nov-2018->06-nov-2023}@fundingfxconvexityadjustmentpremiumupfront => 0.0 ||
	 | fixedstream::eur/eur::12::{06-nov-2018->06-nov-2023}@parrate => 0.02059999999999995 ||
	 | fixedstream::eur/eur::12::{06-nov-2018->06-nov-2023}@price => 109.84725391217727 ||
	 | fixedstream::eur/eur::12::{06-nov-2018->06-nov-2023}@pv => 0.09847253912177273 ||
	 | fixedstream::eur/eur::12::{06-nov-2018->06-nov-2023}@rate => 0.02059999999999995 ||
	 | fixedstream::eur/eur::12::{06-nov-2018->06-nov-2023}@resetdate => -2.147483648E9 ||
	 | fixedstream::eur/eur::12::{06-nov-2018->06-nov-2023}@resetrate => NaN ||
	 | fixedstream::eur/eur::12::{06-nov-2018->06-nov-2023}@totalcoupon => 0.10299999999999976 ||
	 | fixedstream::eur/eur::12::{06-nov-2018->06-nov-2023}@unadjustedcleandv01 => 4.780220345717134E-4 ||
	 | fixedstream::eur/eur::12::{06-nov-2018->06-nov-2023}@unadjustedcleanprice => 109.84725391217727 ||
	 | fixedstream::eur/eur::12::{06-nov-2018->06-nov-2023}@unadjustedcleanpv => 0.09847253912177273 ||
	 | fixedstream::eur/eur::12::{06-nov-2018->06-nov-2023}@unadjusteddirtydv01 => 4.780220345717134E-4 ||
	 | fixedstream::eur/eur::12::{06-nov-2018->06-nov-2023}@unadjusteddirtyprice => 109.84725391217727 ||
	 | fixedstream::eur/eur::12::{06-nov-2018->06-nov-2023}@unadjusteddirtypv => 0.09847253912177273 ||
	 | fixedstream::eur/eur::12::{06-nov-2018->06-nov-2023}@unadjustedfairpremium => 0.02059999999999995 ||
	 | fixedstream::eur/eur::12::{06-nov-2018->06-nov-2023}@unadjustedparrate => 0.02059999999999995 ||
	 | fixedstream::eur/eur::12::{06-nov-2018->06-nov-2023}@unadjustedprice => 109.84725391217727 ||
	 | fixedstream::eur/eur::12::{06-nov-2018->06-nov-2023}@unadjustedpv => 0.09847253912177273 ||
	 | fixedstream::eur/eur::12::{06-nov-2018->06-nov-2023}@unadjustedrate => 0.02059999999999995 ||
	 | fixedstream::eur/eur::12::{06-nov-2018->06-nov-2023}@unadjustedupfront => 0.09847253912177273 ||
	 | fixedstream::eur/eur::12::{06-nov-2018->06-nov-2023}@upfront => 0.09847253912177273 ||
	 | fixing01 => 0.0 ||
	 | floataccrued => 0.0 ||
	 | floataccrued01 => 0.0 ||
	 | floatdv01 => -4.874764147642008E-4 ||
	 | floatstream::eur::eur-euribor-6m::{06-nov-2018->06-nov-2023}@accrualcoupon => NaN ||
	 | floatstream::eur::eur-euribor-6m::{06-nov-2018->06-nov-2023}@accrued => 0.0 ||
	 | floatstream::eur::eur-euribor-6m::{06-nov-2018->06-nov-2023}@accrued01 => 0.0 ||
	 | floatstream::eur::eur-euribor-6m::{06-nov-2018->06-nov-2023}@calctime => 1.1742700000000001E-4 ||
	 | floatstream::eur::eur-euribor-6m::{06-nov-2018->06-nov-2023}@cleandv01 => -4.874764147642008E-4 ||
	 | floatstream::eur::eur-euribor-6m::{06-nov-2018->06-nov-2023}@cleanprice => 109.84725391217727 ||
	 | floatstream::eur::eur-euribor-6m::{06-nov-2018->06-nov-2023}@cleanpv => -0.09847253912177271 ||
	 | floatstream::eur::eur-euribor-6m::{06-nov-2018->06-nov-2023}@compoundingadjustedcleandv01 => -4.874764147642008E-4 ||
	 | floatstream::eur::eur-euribor-6m::{06-nov-2018->06-nov-2023}@compoundingadjustedcleanprice => 109.84725391217727 ||
	 | floatstream::eur::eur-euribor-6m::{06-nov-2018->06-nov-2023}@compoundingadjustedcleanpv => -0.09847253912177271 ||
	 | floatstream::eur::eur-euribor-6m::{06-nov-2018->06-nov-2023}@compoundingadjusteddirtydv01 => -4.874764147642008E-4 ||
	 | floatstream::eur::eur-euribor-6m::{06-nov-2018->06-nov-2023}@compoundingadjusteddirtyprice => 109.84725391217727 ||
	 | floatstream::eur::eur-euribor-6m::{06-nov-2018->06-nov-2023}@compoundingadjusteddirtypv => -0.09847253912177271 ||
	 | floatstream::eur::eur-euribor-6m::{06-nov-2018->06-nov-2023}@compoundingadjustedfairpremium => 0.020200472502737446 ||
	 | floatstream::eur::eur-euribor-6m::{06-nov-2018->06-nov-2023}@compoundingadjustedparrate => 0.020200472502737446 ||
	 | floatstream::eur::eur-euribor-6m::{06-nov-2018->06-nov-2023}@compoundingadjustedprice => 109.84725391217727 ||
	 | floatstream::eur::eur-euribor-6m::{06-nov-2018->06-nov-2023}@compoundingadjustedpv => -0.09847253912177271 ||
	 | floatstream::eur::eur-euribor-6m::{06-nov-2018->06-nov-2023}@compoundingadjustedrate => 0.020200472502737446 ||
	 | floatstream::eur::eur-euribor-6m::{06-nov-2018->06-nov-2023}@compoundingadjustedupfront => -0.09847253912177271 ||
	 | floatstream::eur::eur-euribor-6m::{06-nov-2018->06-nov-2023}@compoundingadjustmentfactor => 1.0 ||
	 | floatstream::eur::eur-euribor-6m::{06-nov-2018->06-nov-2023}@compoundingadjustmentpremium => 0.0 ||
	 | floatstream::eur::eur-euribor-6m::{06-nov-2018->06-nov-2023}@compoundingadjustmentpremiumupfront => -0.0 ||
	 | floatstream::eur::eur-euribor-6m::{06-nov-2018->06-nov-2023}@creditforwardconvexityadjustedcleandv01 => -4.874764147642008E-4 ||
	 | floatstream::eur::eur-euribor-6m::{06-nov-2018->06-nov-2023}@creditforwardconvexityadjustedcleanprice => 109.84725391217727 ||
	 | floatstream::eur::eur-euribor-6m::{06-nov-2018->06-nov-2023}@creditforwardconvexityadjustedcleanpv => -0.09847253912177271 ||
	 | floatstream::eur::eur-euribor-6m::{06-nov-2018->06-nov-2023}@creditforwardconvexityadjusteddirtydv01 => -4.874764147642008E-4 ||
	 | floatstream::eur::eur-euribor-6m::{06-nov-2018->06-nov-2023}@creditforwardconvexityadjusteddirtyprice => 109.84725391217727 ||
	 | floatstream::eur::eur-euribor-6m::{06-nov-2018->06-nov-2023}@creditforwardconvexityadjusteddirtypv => -0.09847253912177271 ||
	 | floatstream::eur::eur-euribor-6m::{06-nov-2018->06-nov-2023}@creditforwardconvexityadjusteddv01 => -4.874764147642008E-4 ||
	 | floatstream::eur::eur-euribor-6m::{06-nov-2018->06-nov-2023}@creditforwardconvexityadjustedfairpremium => 0.020200472502737446 ||
	 | floatstream::eur::eur-euribor-6m::{06-nov-2018->06-nov-2023}@creditforwardconvexityadjustedparrate => 0.020200472502737446 ||
	 | floatstream::eur::eur-euribor-6m::{06-nov-2018->06-nov-2023}@creditforwardconvexityadjustedprice => 109.84725391217727 ||
	 | floatstream::eur::eur-euribor-6m::{06-nov-2018->06-nov-2023}@creditforwardconvexityadjustedpv => -0.09847253912177271 ||
	 | floatstream::eur::eur-euribor-6m::{06-nov-2018->06-nov-2023}@creditforwardconvexityadjustedrate => 0.020200472502737446 ||
	 | floatstream::eur::eur-euribor-6m::{06-nov-2018->06-nov-2023}@creditforwardconvexityadjustedupfront => -0.09847253912177271 ||
	 | floatstream::eur::eur-euribor-6m::{06-nov-2018->06-nov-2023}@creditforwardconvexityadjustmentfactor => 1.0 ||
	 | floatstream::eur::eur-euribor-6m::{06-nov-2018->06-nov-2023}@creditforwardconvexityadjustmentpremium => 0.0 ||
	 | floatstream::eur::eur-euribor-6m::{06-nov-2018->06-nov-2023}@creditforwardconvexityadjustmentpremiumupfront => -0.0 ||
	 | floatstream::eur::eur-euribor-6m::{06-nov-2018->06-nov-2023}@creditfundingconvexityadjustedcleandv01 => -4.874764147642008E-4 ||
	 | floatstream::eur::eur-euribor-6m::{06-nov-2018->06-nov-2023}@creditfundingconvexityadjustedcleanprice => 109.84725391217727 ||
	 | floatstream::eur::eur-euribor-6m::{06-nov-2018->06-nov-2023}@creditfundingconvexityadjustedcleanpv => -0.09847253912177271 ||
	 | floatstream::eur::eur-euribor-6m::{06-nov-2018->06-nov-2023}@creditfundingconvexityadjusteddirtydv01 => -4.874764147642008E-4 ||
	 | floatstream::eur::eur-euribor-6m::{06-nov-2018->06-nov-2023}@creditfundingconvexityadjusteddirtyprice => 109.84725391217727 ||
	 | floatstream::eur::eur-euribor-6m::{06-nov-2018->06-nov-2023}@creditfundingconvexityadjusteddirtypv => -0.09847253912177271 ||
	 | floatstream::eur::eur-euribor-6m::{06-nov-2018->06-nov-2023}@creditfundingconvexityadjusteddv01 => -4.874764147642008E-4 ||
	 | floatstream::eur::eur-euribor-6m::{06-nov-2018->06-nov-2023}@creditfundingconvexityadjustedfairpremium => 0.020200472502737446 ||
	 | floatstream::eur::eur-euribor-6m::{06-nov-2018->06-nov-2023}@creditfundingconvexityadjustedparrate => 0.020200472502737446 ||
	 | floatstream::eur::eur-euribor-6m::{06-nov-2018->06-nov-2023}@creditfundingconvexityadjustedprice => 109.84725391217727 ||
	 | floatstream::eur::eur-euribor-6m::{06-nov-2018->06-nov-2023}@creditfundingconvexityadjustedpv => -0.09847253912177271 ||
	 | floatstream::eur::eur-euribor-6m::{06-nov-2018->06-nov-2023}@creditfundingconvexityadjustedrate => 0.020200472502737446 ||
	 | floatstream::eur::eur-euribor-6m::{06-nov-2018->06-nov-2023}@creditfundingconvexityadjustedupfront => -0.09847253912177271 ||
	 | floatstream::eur::eur-euribor-6m::{06-nov-2018->06-nov-2023}@creditfundingconvexityadjustmentfactor => 1.0 ||
	 | floatstream::eur::eur-euribor-6m::{06-nov-2018->06-nov-2023}@creditfundingconvexityadjustmentpremium => 0.0 ||
	 | floatstream::eur::eur-euribor-6m::{06-nov-2018->06-nov-2023}@creditfundingconvexityadjustmentpremiumupfront => -0.0 ||
	 | floatstream::eur::eur-euribor-6m::{06-nov-2018->06-nov-2023}@creditfxconvexityadjustedcleandv01 => -4.874764147642008E-4 ||
	 | floatstream::eur::eur-euribor-6m::{06-nov-2018->06-nov-2023}@creditfxconvexityadjustedcleanprice => 109.84725391217727 ||
	 | floatstream::eur::eur-euribor-6m::{06-nov-2018->06-nov-2023}@creditfxconvexityadjustedcleanpv => -0.09847253912177271 ||
	 | floatstream::eur::eur-euribor-6m::{06-nov-2018->06-nov-2023}@creditfxconvexityadjusteddirtydv01 => -4.874764147642008E-4 ||
	 | floatstream::eur::eur-euribor-6m::{06-nov-2018->06-nov-2023}@creditfxconvexityadjusteddirtyprice => 109.84725391217727 ||
	 | floatstream::eur::eur-euribor-6m::{06-nov-2018->06-nov-2023}@creditfxconvexityadjusteddirtypv => -0.09847253912177271 ||
	 | floatstream::eur::eur-euribor-6m::{06-nov-2018->06-nov-2023}@creditfxconvexityadjusteddv01 => -4.874764147642008E-4 ||
	 | floatstream::eur::eur-euribor-6m::{06-nov-2018->06-nov-2023}@creditfxconvexityadjustedfairpremium => 0.020200472502737446 ||
	 | floatstream::eur::eur-euribor-6m::{06-nov-2018->06-nov-2023}@creditfxconvexityadjustedparrate => 0.020200472502737446 ||
	 | floatstream::eur::eur-euribor-6m::{06-nov-2018->06-nov-2023}@creditfxconvexityadjustedprice => 109.84725391217727 ||
	 | floatstream::eur::eur-euribor-6m::{06-nov-2018->06-nov-2023}@creditfxconvexityadjustedpv => -0.09847253912177271 ||
	 | floatstream::eur::eur-euribor-6m::{06-nov-2018->06-nov-2023}@creditfxconvexityadjustedrate => 0.020200472502737446 ||
	 | floatstream::eur::eur-euribor-6m::{06-nov-2018->06-nov-2023}@creditfxconvexityadjustedupfront => -0.09847253912177271 ||
	 | floatstream::eur::eur-euribor-6m::{06-nov-2018->06-nov-2023}@creditfxconvexityadjustmentfactor => 1.0 ||
	 | floatstream::eur::eur-euribor-6m::{06-nov-2018->06-nov-2023}@creditfxconvexityadjustmentpremium => 0.0 ||
	 | floatstream::eur::eur-euribor-6m::{06-nov-2018->06-nov-2023}@creditfxconvexityadjustmentpremiumupfront => -0.0 ||
	 | floatstream::eur::eur-euribor-6m::{06-nov-2018->06-nov-2023}@cumulativeconvexityadjustedcleandv01 => -4.874764147642008E-4 ||
	 | floatstream::eur::eur-euribor-6m::{06-nov-2018->06-nov-2023}@cumulativeconvexityadjustedcleanprice => 109.84725391217727 ||
	 | floatstream::eur::eur-euribor-6m::{06-nov-2018->06-nov-2023}@cumulativeconvexityadjustedcleanpv => -0.09847253912177271 ||
	 | floatstream::eur::eur-euribor-6m::{06-nov-2018->06-nov-2023}@cumulativeconvexityadjusteddirtydv01 => -4.874764147642008E-4 ||
	 | floatstream::eur::eur-euribor-6m::{06-nov-2018->06-nov-2023}@cumulativeconvexityadjusteddirtyprice => 109.84725391217727 ||
	 | floatstream::eur::eur-euribor-6m::{06-nov-2018->06-nov-2023}@cumulativeconvexityadjusteddirtypv => -0.09847253912177271 ||
	 | floatstream::eur::eur-euribor-6m::{06-nov-2018->06-nov-2023}@cumulativeconvexityadjusteddv01 => -4.874764147642008E-4 ||
	 | floatstream::eur::eur-euribor-6m::{06-nov-2018->06-nov-2023}@cumulativeconvexityadjustedfairpremium => 0.020200472502737446 ||
	 | floatstream::eur::eur-euribor-6m::{06-nov-2018->06-nov-2023}@cumulativeconvexityadjustedparrate => 0.020200472502737446 ||
	 | floatstream::eur::eur-euribor-6m::{06-nov-2018->06-nov-2023}@cumulativeconvexityadjustedprice => 109.84725391217727 ||
	 | floatstream::eur::eur-euribor-6m::{06-nov-2018->06-nov-2023}@cumulativeconvexityadjustedpv => -0.09847253912177271 ||
	 | floatstream::eur::eur-euribor-6m::{06-nov-2018->06-nov-2023}@cumulativeconvexityadjustedrate => 0.020200472502737446 ||
	 | floatstream::eur::eur-euribor-6m::{06-nov-2018->06-nov-2023}@cumulativeconvexityadjustedupfront => -0.09847253912177271 ||
	 | floatstream::eur::eur-euribor-6m::{06-nov-2018->06-nov-2023}@cumulativeconvexityadjustmentfactor => 1.0 ||
	 | floatstream::eur::eur-euribor-6m::{06-nov-2018->06-nov-2023}@cumulativeconvexityadjustmentpremium => 0.0 ||
	 | floatstream::eur::eur-euribor-6m::{06-nov-2018->06-nov-2023}@cumulativeconvexityadjustmentpremiumupfront => -0.0 ||
	 | floatstream::eur::eur-euribor-6m::{06-nov-2018->06-nov-2023}@cumulativecouponamount => 0.0 ||
	 | floatstream::eur::eur-euribor-6m::{06-nov-2018->06-nov-2023}@cumulativecoupondcf => 0.0 ||
	 | floatstream::eur::eur-euribor-6m::{06-nov-2018->06-nov-2023}@cv01 => -4.874764147642008E-4 ||
	 | floatstream::eur::eur-euribor-6m::{06-nov-2018->06-nov-2023}@dirtydv01 => -4.874764147642008E-4 ||
	 | floatstream::eur::eur-euribor-6m::{06-nov-2018->06-nov-2023}@dirtyprice => 109.84725391217727 ||
	 | floatstream::eur::eur-euribor-6m::{06-nov-2018->06-nov-2023}@dirtypv => -0.09847253912177271 ||
	 | floatstream::eur::eur-euribor-6m::{06-nov-2018->06-nov-2023}@dv01 => -4.874764147642008E-4 ||
	 | floatstream::eur::eur-euribor-6m::{06-nov-2018->06-nov-2023}@fairpremium => 0.020200472502737446 ||
	 | floatstream::eur::eur-euribor-6m::{06-nov-2018->06-nov-2023}@fixing01 => 0.0 ||
	 | floatstream::eur::eur-euribor-6m::{06-nov-2018->06-nov-2023}@forwardfundingconvexityadjustedcleandv01 => -4.874764147642008E-4 ||
	 | floatstream::eur::eur-euribor-6m::{06-nov-2018->06-nov-2023}@forwardfundingconvexityadjustedcleanprice => 109.84725391217727 ||
	 | floatstream::eur::eur-euribor-6m::{06-nov-2018->06-nov-2023}@forwardfundingconvexityadjustedcleanpv => -0.09847253912177271 ||
	 | floatstream::eur::eur-euribor-6m::{06-nov-2018->06-nov-2023}@forwardfundingconvexityadjusteddirtydv01 => -4.874764147642008E-4 ||
	 | floatstream::eur::eur-euribor-6m::{06-nov-2018->06-nov-2023}@forwardfundingconvexityadjusteddirtyprice => 109.84725391217727 ||
	 | floatstream::eur::eur-euribor-6m::{06-nov-2018->06-nov-2023}@forwardfundingconvexityadjusteddirtypv => -0.09847253912177271 ||
	 | floatstream::eur::eur-euribor-6m::{06-nov-2018->06-nov-2023}@forwardfundingconvexityadjusteddv01 => -4.874764147642008E-4 ||
	 | floatstream::eur::eur-euribor-6m::{06-nov-2018->06-nov-2023}@forwardfundingconvexityadjustedfairpremium => 0.020200472502737446 ||
	 | floatstream::eur::eur-euribor-6m::{06-nov-2018->06-nov-2023}@forwardfundingconvexityadjustedparrate => 0.020200472502737446 ||
	 | floatstream::eur::eur-euribor-6m::{06-nov-2018->06-nov-2023}@forwardfundingconvexityadjustedprice => 109.84725391217727 ||
	 | floatstream::eur::eur-euribor-6m::{06-nov-2018->06-nov-2023}@forwardfundingconvexityadjustedpv => -0.09847253912177271 ||
	 | floatstream::eur::eur-euribor-6m::{06-nov-2018->06-nov-2023}@forwardfundingconvexityadjustedrate => 0.020200472502737446 ||
	 | floatstream::eur::eur-euribor-6m::{06-nov-2018->06-nov-2023}@forwardfundingconvexityadjustedupfront => -0.09847253912177271 ||
	 | floatstream::eur::eur-euribor-6m::{06-nov-2018->06-nov-2023}@forwardfundingconvexityadjustmentfactor => 1.0 ||
	 | floatstream::eur::eur-euribor-6m::{06-nov-2018->06-nov-2023}@forwardfundingconvexityadjustmentpremium => 0.0 ||
	 | floatstream::eur::eur-euribor-6m::{06-nov-2018->06-nov-2023}@forwardfundingconvexityadjustmentpremiumupfront => -0.0 ||
	 | floatstream::eur::eur-euribor-6m::{06-nov-2018->06-nov-2023}@forwardfxconvexityadjustedcleandv01 => -4.874764147642008E-4 ||
	 | floatstream::eur::eur-euribor-6m::{06-nov-2018->06-nov-2023}@forwardfxconvexityadjustedcleanprice => 109.84725391217727 ||
	 | floatstream::eur::eur-euribor-6m::{06-nov-2018->06-nov-2023}@forwardfxconvexityadjustedcleanpv => -0.09847253912177271 ||
	 | floatstream::eur::eur-euribor-6m::{06-nov-2018->06-nov-2023}@forwardfxconvexityadjusteddirtydv01 => -4.874764147642008E-4 ||
	 | floatstream::eur::eur-euribor-6m::{06-nov-2018->06-nov-2023}@forwardfxconvexityadjusteddirtyprice => 109.84725391217727 ||
	 | floatstream::eur::eur-euribor-6m::{06-nov-2018->06-nov-2023}@forwardfxconvexityadjusteddirtypv => -0.09847253912177271 ||
	 | floatstream::eur::eur-euribor-6m::{06-nov-2018->06-nov-2023}@forwardfxconvexityadjusteddv01 => -4.874764147642008E-4 ||
	 | floatstream::eur::eur-euribor-6m::{06-nov-2018->06-nov-2023}@forwardfxconvexityadjustedfairpremium => 0.020200472502737446 ||
	 | floatstream::eur::eur-euribor-6m::{06-nov-2018->06-nov-2023}@forwardfxconvexityadjustedparrate => 0.020200472502737446 ||
	 | floatstream::eur::eur-euribor-6m::{06-nov-2018->06-nov-2023}@forwardfxconvexityadjustedprice => 109.84725391217727 ||
	 | floatstream::eur::eur-euribor-6m::{06-nov-2018->06-nov-2023}@forwardfxconvexityadjustedpv => -0.09847253912177271 ||
	 | floatstream::eur::eur-euribor-6m::{06-nov-2018->06-nov-2023}@forwardfxconvexityadjustedrate => 0.020200472502737446 ||
	 | floatstream::eur::eur-euribor-6m::{06-nov-2018->06-nov-2023}@forwardfxconvexityadjustedupfront => -0.09847253912177271 ||
	 | floatstream::eur::eur-euribor-6m::{06-nov-2018->06-nov-2023}@forwardfxconvexityadjustmentfactor => 1.0 ||
	 | floatstream::eur::eur-euribor-6m::{06-nov-2018->06-nov-2023}@forwardfxconvexityadjustmentpremium => 0.0 ||
	 | floatstream::eur::eur-euribor-6m::{06-nov-2018->06-nov-2023}@forwardfxconvexityadjustmentpremiumupfront => -0.0 ||
	 | floatstream::eur::eur-euribor-6m::{06-nov-2018->06-nov-2023}@fundingfxconvexityadjustedcleandv01 => -4.874764147642008E-4 ||
	 | floatstream::eur::eur-euribor-6m::{06-nov-2018->06-nov-2023}@fundingfxconvexityadjustedcleanprice => 109.84725391217727 ||
	 | floatstream::eur::eur-euribor-6m::{06-nov-2018->06-nov-2023}@fundingfxconvexityadjustedcleanpv => -0.09847253912177271 ||
	 | floatstream::eur::eur-euribor-6m::{06-nov-2018->06-nov-2023}@fundingfxconvexityadjusteddirtydv01 => -4.874764147642008E-4 ||
	 | floatstream::eur::eur-euribor-6m::{06-nov-2018->06-nov-2023}@fundingfxconvexityadjusteddirtyprice => 109.84725391217727 ||
	 | floatstream::eur::eur-euribor-6m::{06-nov-2018->06-nov-2023}@fundingfxconvexityadjusteddirtypv => -0.09847253912177271 ||
	 | floatstream::eur::eur-euribor-6m::{06-nov-2018->06-nov-2023}@fundingfxconvexityadjusteddv01 => -4.874764147642008E-4 ||
	 | floatstream::eur::eur-euribor-6m::{06-nov-2018->06-nov-2023}@fundingfxconvexityadjustedfairpremium => 0.020200472502737446 ||
	 | floatstream::eur::eur-euribor-6m::{06-nov-2018->06-nov-2023}@fundingfxconvexityadjustedparrate => 0.020200472502737446 ||
	 | floatstream::eur::eur-euribor-6m::{06-nov-2018->06-nov-2023}@fundingfxconvexityadjustedprice => 109.84725391217727 ||
	 | floatstream::eur::eur-euribor-6m::{06-nov-2018->06-nov-2023}@fundingfxconvexityadjustedpv => -0.09847253912177271 ||
	 | floatstream::eur::eur-euribor-6m::{06-nov-2018->06-nov-2023}@fundingfxconvexityadjustedrate => 0.020200472502737446 ||
	 | floatstream::eur::eur-euribor-6m::{06-nov-2018->06-nov-2023}@fundingfxconvexityadjustedupfront => -0.09847253912177271 ||
	 | floatstream::eur::eur-euribor-6m::{06-nov-2018->06-nov-2023}@fundingfxconvexityadjustmentfactor => 1.0 ||
	 | floatstream::eur::eur-euribor-6m::{06-nov-2018->06-nov-2023}@fundingfxconvexityadjustmentpremium => 0.0 ||
	 | floatstream::eur::eur-euribor-6m::{06-nov-2018->06-nov-2023}@fundingfxconvexityadjustmentpremiumupfront => -0.0 ||
	 | floatstream::eur::eur-euribor-6m::{06-nov-2018->06-nov-2023}@parrate => 0.020200472502737446 ||
	 | floatstream::eur::eur-euribor-6m::{06-nov-2018->06-nov-2023}@price => 109.84725391217727 ||
	 | floatstream::eur::eur-euribor-6m::{06-nov-2018->06-nov-2023}@pv => -0.09847253912177271 ||
	 | floatstream::eur::eur-euribor-6m::{06-nov-2018->06-nov-2023}@rate => 0.020200472502737446 ||
	 | floatstream::eur::eur-euribor-6m::{06-nov-2018->06-nov-2023}@resetdate => -2.147483648E9 ||
	 | floatstream::eur::eur-euribor-6m::{06-nov-2018->06-nov-2023}@resetrate => NaN ||
	 | floatstream::eur::eur-euribor-6m::{06-nov-2018->06-nov-2023}@totalcoupon => 0.20585679339934554 ||
	 | floatstream::eur::eur-euribor-6m::{06-nov-2018->06-nov-2023}@unadjustedcleandv01 => -4.874764147642008E-4 ||
	 | floatstream::eur::eur-euribor-6m::{06-nov-2018->06-nov-2023}@unadjustedcleanprice => 109.84725391217727 ||
	 | floatstream::eur::eur-euribor-6m::{06-nov-2018->06-nov-2023}@unadjustedcleanpv => -0.09847253912177271 ||
	 | floatstream::eur::eur-euribor-6m::{06-nov-2018->06-nov-2023}@unadjusteddirtydv01 => -4.874764147642008E-4 ||
	 | floatstream::eur::eur-euribor-6m::{06-nov-2018->06-nov-2023}@unadjusteddirtyprice => 109.84725391217727 ||
	 | floatstream::eur::eur-euribor-6m::{06-nov-2018->06-nov-2023}@unadjusteddirtypv => -0.09847253912177271 ||
	 | floatstream::eur::eur-euribor-6m::{06-nov-2018->06-nov-2023}@unadjustedfairpremium => 0.020200472502737446 ||
	 | floatstream::eur::eur-euribor-6m::{06-nov-2018->06-nov-2023}@unadjustedparrate => 0.020200472502737446 ||
	 | floatstream::eur::eur-euribor-6m::{06-nov-2018->06-nov-2023}@unadjustedprice => 109.84725391217727 ||
	 | floatstream::eur::eur-euribor-6m::{06-nov-2018->06-nov-2023}@unadjustedpv => -0.09847253912177271 ||
	 | floatstream::eur::eur-euribor-6m::{06-nov-2018->06-nov-2023}@unadjustedrate => 0.020200472502737446 ||
	 | floatstream::eur::eur-euribor-6m::{06-nov-2018->06-nov-2023}@unadjustedupfront => -0.09847253912177271 ||
	 | floatstream::eur::eur-euribor-6m::{06-nov-2018->06-nov-2023}@upfront => -0.09847253912177271 ||
	 | initialnotional => 1.0 ||
	 | parfixedcoupon => 0.020599999999999948 ||
	 | parrate => 0.020599999999999948 ||
	 | parswaprate => 0.020599999999999948 ||
	 | price => 100.0 ||
	 | pv => 1.3877787807814457E-17 ||
	 | rate => 0.020599999999999948 ||
	 | referenceaccrued => 0.0 ||
	 | referenceaccrued01 => 0.0 ||
	 | referencecleandv01 => 4.780220345717134E-4 ||
	 | referencecleanpv => 0.09847253912177273 ||
	 | referencecumulativeconvexityadjustmentfactor => 1.0 ||
	 | referencecumulativeconvexityadjustmentpremium => 0.0 ||
	 | referencecumulativecouponamount => 0.0 ||
	 | referencecumulativecoupondcf => 0.0 ||
	 | referencedirtydv01 => 4.780220345717134E-4 ||
	 | referencedirtypv => 0.09847253912177273 ||
	 | referencedv01 => 4.780220345717134E-4 ||
	 | referenceparbasisspread => -2.903169060030536E-14 ||
	 | referencepv => 0.09847253912177273 ||
	 | resetdate => -2.147483648E9 ||
	 | resetrate => NaN ||
	 | swaprate => 0.020599999999999948 ||
	 | upfront => 1.3877787807814457E-17 ||
	 |------------------------------||


		|-------------------------------------------------------------------------------------------------------------------------||
		|    Floating Stream Cash Flow Details                                                                                    ||
		|    -------- ------ ---- ---- -------                                                                                    ||
		|               Start Date                                                                                                ||
		|               End Date                                                                                                  ||
		|               Pay Date                                                                                                  ||
		|               FX Fixing Date                                                                                            ||
		|               Base Notional                                                                                             ||
		|               Period DCF                                                                                                ||
		|               Tenor                                                                                                     ||
		|               Funding Label                                                                                             ||
		|               Forward Label                                                                                             ||
		|               Pay Discount Factor                                                                                       ||
		|               Coupon Rate                                                                                               ||
		|-------------------------------------------------------------------------------------------------------------------------||
		| [06-NOV-2018 - 06-MAY-2019] => 06-MAY-2019 | 06-MAY-2019 | -1.0000 |  0.5028 | 6M | EUR | EUR-EURIBOR-6M |  0.9986 |  0.27% ||
		| [06-MAY-2019 - 06-NOV-2019] => 06-NOV-2019 | 06-NOV-2019 | -1.0000 |  0.5111 | 6M | EUR | EUR-EURIBOR-6M |  0.9965 |  0.42% ||
		| [06-NOV-2019 - 06-MAY-2020] => 06-MAY-2020 | 06-MAY-2020 | -1.0000 |  0.5056 | 6M | EUR | EUR-EURIBOR-6M |  0.9925 |  0.79% ||
		| [06-MAY-2020 - 06-NOV-2020] => 06-NOV-2020 | 06-NOV-2020 | -1.0000 |  0.5111 | 6M | EUR | EUR-EURIBOR-6M |  0.9857 |  1.36% ||
		| [06-NOV-2020 - 06-MAY-2021] => 06-MAY-2021 | 06-MAY-2021 | -1.0000 |  0.5028 | 6M | EUR | EUR-EURIBOR-6M |  0.9705 |  3.11% ||
		| [06-MAY-2021 - 06-NOV-2021] => 06-NOV-2021 | 06-NOV-2021 | -1.0000 |  0.5111 | 6M | EUR | EUR-EURIBOR-6M |  0.9609 |  1.95% ||
		| [06-NOV-2021 - 06-MAY-2022] => 06-MAY-2022 | 06-MAY-2022 | -1.0000 |  0.5028 | 6M | EUR | EUR-EURIBOR-6M |  0.9495 |  2.39% ||
		| [06-MAY-2022 - 06-NOV-2022] => 06-NOV-2022 | 06-NOV-2022 | -1.0000 |  0.5111 | 6M | EUR | EUR-EURIBOR-6M |  0.9356 |  2.91% ||
		| [06-NOV-2022 - 06-MAY-2023] => 06-MAY-2023 | 06-MAY-2023 | -1.0000 |  0.5028 | 6M | EUR | EUR-EURIBOR-6M |  0.9195 |  3.48% ||
		| [06-MAY-2023 - 06-NOV-2023] => 06-NOV-2023 | 06-NOV-2023 | -1.0000 |  0.5111 | 6M | EUR | EUR-EURIBOR-6M |  0.9015 |  3.90% ||
		|-------------------------------------------------------------------------------------------------------------------------||


		|--------------------------------------------------------------------------------------------------------||
		|    Fixed Stream Cash Flow Details                                                                      ||
		|    ----- ------ ---- ---- -------                                                                      ||
		|               Start Date                                                                               ||
		|               End Date                                                                                 ||
		|               Pay Date                                                                                 ||
		|               FX Fixing Date                                                                           ||
		|               Base Notional                                                                            ||
		|               Period DCF                                                                               ||
		|               Tenor                                                                                    ||
		|               Funding Label                                                                            ||
		|               Pay Discount Factor                                                                      ||
		|               Coupon Rate                                                                              ||
		|--------------------------------------------------------------------------------------------------------||
		| [06-NOV-2018 - 06-NOV-2019] => 06-NOV-2019 | 06-NOV-2019 |  1.0000 |  1.0000 | 1Y | EUR |  0.9965 |  2.06% ||
		| [06-NOV-2019 - 06-NOV-2020] => 06-NOV-2020 | 06-NOV-2020 |  1.0000 |  1.0000 | 1Y | EUR |  0.9857 |  2.06% ||
		| [06-NOV-2020 - 06-NOV-2021] => 06-NOV-2021 | 06-NOV-2021 |  1.0000 |  1.0000 | 1Y | EUR |  0.9609 |  2.06% ||
		| [06-NOV-2021 - 06-NOV-2022] => 06-NOV-2022 | 06-NOV-2022 |  1.0000 |  1.0000 | 1Y | EUR |  0.9356 |  2.06% ||
		| [06-NOV-2022 - 06-NOV-2023] => 06-NOV-2023 | 06-NOV-2023 |  1.0000 |  1.0000 | 1Y | EUR |  0.9015 |  2.06% ||
		|--------------------------------------------------------------------------------------------------------||

	|-----------------------------------------------------------------|
	|    Copyright (C) 2011-2018 (DRIP)
	|-----------------------------------------------------------------|
	|    Build Version  => 3.86.0 multi mode
	|    Build JVM (TM) => 1.8.0_112
	|    Build Snap     => Fri Nov 02 21:22:20 EST 2018
	|    Start Time     => Fri Nov 02 23:11:29 EDT 2018
	|    Setup Time     => Fri Nov 02 23:11:29 EDT 2018
	|    Setup Duration => 0 ms
	|-----------------------------------------------------------------|

	 | accrued => 0.0 ||
	 | calctime => 5.410720000000001E-4 ||
	 | calibfloatingpv => 0.09903500696396328 ||
	 | calibswaprate => 0.020600000000000018 ||
	 | cleanfixeddv01 => 4.8075246099011255E-4 ||
	 | cleanfloatingdv01 => -4.8075246099011255E-4 ||
	 | cleanfloatingpv => -0.09903500696396293 ||
	 | cleanprice => 99.99999999999999 ||
	 | cleanpv => -6.938893903907228E-17 ||
	 | cumulativeconvexityadjustmentpremium => 0.0 ||
	 | cumulativecouponamount => 0.0 ||
	 | cumulativecoupondcf => 0.0 ||
	 | derivedaccrued => 0.0 ||
	 | derivedaccrued01 => 0.0 ||
	 | derivedcleandv01 => -4.8075246099011255E-4 ||
	 | derivedcleanpv => -0.09903500696396293 ||
	 | derivedcumulativeconvexityadjustmentfactor => 1.0 ||
	 | derivedcumulativeconvexityadjustmentpremium => -0.0 ||
	 | derivedcumulativecouponamount => 0.0 ||
	 | derivedcumulativecoupondcf => 0.0 ||
	 | deriveddirtydv01 => -4.8075246099011255E-4 ||
	 | deriveddirtypv => -0.09903500696396293 ||
	 | deriveddv01 => -4.8075246099011255E-4 ||
	 | derivedfixing01 => 0.0 ||
	 | derivedparbasisspread => -1.4433402773678027E-13 ||
	 | derivedpv => -0.09903500696396293 ||
	 | derivedresetdate => -2.147483648E9 ||
	 | derivedresetrate => NaN ||
	 | dirtyfixeddv01 => 4.8075246099011255E-4 ||
	 | dirtyfixedpv => 0.09903500696396286 ||
	 | dirtyfloatingdv01 => -4.8075246099011255E-4 ||
	 | dirtyfloatingpv => -0.09903500696396293 ||
	 | dirtyprice => 99.99999999999999 ||
	 | dirtypv => -6.938893903907228E-17 ||
	 | fairpremium => 0.020599999999999948 ||
	 | fixedaccrued => 0.0 ||
	 | fixedaccrued01 => 0.0 ||
	 | fixeddv01 => 4.8075246099011255E-4 ||
	 | fixedstream::gbp/gbp::6::{02-nov-2018->02-nov-2023}@accrualcoupon => NaN ||
	 | fixedstream::gbp/gbp::6::{02-nov-2018->02-nov-2023}@accrued => 0.0 ||
	 | fixedstream::gbp/gbp::6::{02-nov-2018->02-nov-2023}@accrued01 => 0.0 ||
	 | fixedstream::gbp/gbp::6::{02-nov-2018->02-nov-2023}@calctime => 8.9864E-5 ||
	 | fixedstream::gbp/gbp::6::{02-nov-2018->02-nov-2023}@cleandv01 => 4.8075246099011255E-4 ||
	 | fixedstream::gbp/gbp::6::{02-nov-2018->02-nov-2023}@cleanprice => 109.90350069639629 ||
	 | fixedstream::gbp/gbp::6::{02-nov-2018->02-nov-2023}@cleanpv => 0.09903500696396286 ||
	 | fixedstream::gbp/gbp::6::{02-nov-2018->02-nov-2023}@compoundingadjustedcleandv01 => 4.8075246099011255E-4 ||
	 | fixedstream::gbp/gbp::6::{02-nov-2018->02-nov-2023}@compoundingadjustedcleanprice => 109.90350069639629 ||
	 | fixedstream::gbp/gbp::6::{02-nov-2018->02-nov-2023}@compoundingadjustedcleanpv => 0.09903500696396286 ||
	 | fixedstream::gbp/gbp::6::{02-nov-2018->02-nov-2023}@compoundingadjusteddirtydv01 => 4.8075246099011255E-4 ||
	 | fixedstream::gbp/gbp::6::{02-nov-2018->02-nov-2023}@compoundingadjusteddirtyprice => 109.90350069639629 ||
	 | fixedstream::gbp/gbp::6::{02-nov-2018->02-nov-2023}@compoundingadjusteddirtypv => 0.09903500696396286 ||
	 | fixedstream::gbp/gbp::6::{02-nov-2018->02-nov-2023}@compoundingadjustedfairpremium => 0.020599999999999934 ||
	 | fixedstream::gbp/gbp::6::{02-nov-2018->02-nov-2023}@compoundingadjustedparrate => 0.020599999999999934 ||
	 | fixedstream::gbp/gbp::6::{02-nov-2018->02-nov-2023}@compoundingadjustedprice => 109.90350069639629 ||
	 | fixedstream::gbp/gbp::6::{02-nov-2018->02-nov-2023}@compoundingadjustedpv => 0.09903500696396286 ||
	 | fixedstream::gbp/gbp::6::{02-nov-2018->02-nov-2023}@compoundingadjustedrate => 0.020599999999999934 ||
	 | fixedstream::gbp/gbp::6::{02-nov-2018->02-nov-2023}@compoundingadjustedupfront => 0.09903500696396286 ||
	 | fixedstream::gbp/gbp::6::{02-nov-2018->02-nov-2023}@compoundingadjustmentfactor => 1.0 ||
	 | fixedstream::gbp/gbp::6::{02-nov-2018->02-nov-2023}@compoundingadjustmentpremium => 0.0 ||
	 | fixedstream::gbp/gbp::6::{02-nov-2018->02-nov-2023}@compoundingadjustmentpremiumupfront => 0.0 ||
	 | fixedstream::gbp/gbp::6::{02-nov-2018->02-nov-2023}@creditforwardconvexityadjustedcleandv01 => 4.8075246099011255E-4 ||
	 | fixedstream::gbp/gbp::6::{02-nov-2018->02-nov-2023}@creditforwardconvexityadjustedcleanprice => 109.90350069639629 ||
	 | fixedstream::gbp/gbp::6::{02-nov-2018->02-nov-2023}@creditforwardconvexityadjustedcleanpv => 0.09903500696396286 ||
	 | fixedstream::gbp/gbp::6::{02-nov-2018->02-nov-2023}@creditforwardconvexityadjusteddirtydv01 => 4.8075246099011255E-4 ||
	 | fixedstream::gbp/gbp::6::{02-nov-2018->02-nov-2023}@creditforwardconvexityadjusteddirtyprice => 109.90350069639629 ||
	 | fixedstream::gbp/gbp::6::{02-nov-2018->02-nov-2023}@creditforwardconvexityadjusteddirtypv => 0.09903500696396286 ||
	 | fixedstream::gbp/gbp::6::{02-nov-2018->02-nov-2023}@creditforwardconvexityadjusteddv01 => 4.8075246099011255E-4 ||
	 | fixedstream::gbp/gbp::6::{02-nov-2018->02-nov-2023}@creditforwardconvexityadjustedfairpremium => 0.020599999999999934 ||
	 | fixedstream::gbp/gbp::6::{02-nov-2018->02-nov-2023}@creditforwardconvexityadjustedparrate => 0.020599999999999934 ||
	 | fixedstream::gbp/gbp::6::{02-nov-2018->02-nov-2023}@creditforwardconvexityadjustedprice => 109.90350069639629 ||
	 | fixedstream::gbp/gbp::6::{02-nov-2018->02-nov-2023}@creditforwardconvexityadjustedpv => 0.09903500696396286 ||
	 | fixedstream::gbp/gbp::6::{02-nov-2018->02-nov-2023}@creditforwardconvexityadjustedrate => 0.020599999999999934 ||
	 | fixedstream::gbp/gbp::6::{02-nov-2018->02-nov-2023}@creditforwardconvexityadjustedupfront => 0.09903500696396286 ||
	 | fixedstream::gbp/gbp::6::{02-nov-2018->02-nov-2023}@creditforwardconvexityadjustmentfactor => 1.0 ||
	 | fixedstream::gbp/gbp::6::{02-nov-2018->02-nov-2023}@creditforwardconvexityadjustmentpremium => 0.0 ||
	 | fixedstream::gbp/gbp::6::{02-nov-2018->02-nov-2023}@creditforwardconvexityadjustmentpremiumupfront => 0.0 ||
	 | fixedstream::gbp/gbp::6::{02-nov-2018->02-nov-2023}@creditfundingconvexityadjustedcleandv01 => 4.8075246099011255E-4 ||
	 | fixedstream::gbp/gbp::6::{02-nov-2018->02-nov-2023}@creditfundingconvexityadjustedcleanprice => 109.90350069639629 ||
	 | fixedstream::gbp/gbp::6::{02-nov-2018->02-nov-2023}@creditfundingconvexityadjustedcleanpv => 0.09903500696396286 ||
	 | fixedstream::gbp/gbp::6::{02-nov-2018->02-nov-2023}@creditfundingconvexityadjusteddirtydv01 => 4.8075246099011255E-4 ||
	 | fixedstream::gbp/gbp::6::{02-nov-2018->02-nov-2023}@creditfundingconvexityadjusteddirtyprice => 109.90350069639629 ||
	 | fixedstream::gbp/gbp::6::{02-nov-2018->02-nov-2023}@creditfundingconvexityadjusteddirtypv => 0.09903500696396286 ||
	 | fixedstream::gbp/gbp::6::{02-nov-2018->02-nov-2023}@creditfundingconvexityadjusteddv01 => 4.8075246099011255E-4 ||
	 | fixedstream::gbp/gbp::6::{02-nov-2018->02-nov-2023}@creditfundingconvexityadjustedfairpremium => 0.020599999999999934 ||
	 | fixedstream::gbp/gbp::6::{02-nov-2018->02-nov-2023}@creditfundingconvexityadjustedparrate => 0.020599999999999934 ||
	 | fixedstream::gbp/gbp::6::{02-nov-2018->02-nov-2023}@creditfundingconvexityadjustedprice => 109.90350069639629 ||
	 | fixedstream::gbp/gbp::6::{02-nov-2018->02-nov-2023}@creditfundingconvexityadjustedpv => 0.09903500696396286 ||
	 | fixedstream::gbp/gbp::6::{02-nov-2018->02-nov-2023}@creditfundingconvexityadjustedrate => 0.020599999999999934 ||
	 | fixedstream::gbp/gbp::6::{02-nov-2018->02-nov-2023}@creditfundingconvexityadjustedupfront => 0.09903500696396286 ||
	 | fixedstream::gbp/gbp::6::{02-nov-2018->02-nov-2023}@creditfundingconvexityadjustmentfactor => 1.0 ||
	 | fixedstream::gbp/gbp::6::{02-nov-2018->02-nov-2023}@creditfundingconvexityadjustmentpremium => 0.0 ||
	 | fixedstream::gbp/gbp::6::{02-nov-2018->02-nov-2023}@creditfundingconvexityadjustmentpremiumupfront => 0.0 ||
	 | fixedstream::gbp/gbp::6::{02-nov-2018->02-nov-2023}@creditfxconvexityadjustedcleandv01 => 4.8075246099011255E-4 ||
	 | fixedstream::gbp/gbp::6::{02-nov-2018->02-nov-2023}@creditfxconvexityadjustedcleanprice => 109.90350069639629 ||
	 | fixedstream::gbp/gbp::6::{02-nov-2018->02-nov-2023}@creditfxconvexityadjustedcleanpv => 0.09903500696396286 ||
	 | fixedstream::gbp/gbp::6::{02-nov-2018->02-nov-2023}@creditfxconvexityadjusteddirtydv01 => 4.8075246099011255E-4 ||
	 | fixedstream::gbp/gbp::6::{02-nov-2018->02-nov-2023}@creditfxconvexityadjusteddirtyprice => 109.90350069639629 ||
	 | fixedstream::gbp/gbp::6::{02-nov-2018->02-nov-2023}@creditfxconvexityadjusteddirtypv => 0.09903500696396286 ||
	 | fixedstream::gbp/gbp::6::{02-nov-2018->02-nov-2023}@creditfxconvexityadjusteddv01 => 4.8075246099011255E-4 ||
	 | fixedstream::gbp/gbp::6::{02-nov-2018->02-nov-2023}@creditfxconvexityadjustedfairpremium => 0.020599999999999934 ||
	 | fixedstream::gbp/gbp::6::{02-nov-2018->02-nov-2023}@creditfxconvexityadjustedparrate => 0.020599999999999934 ||
	 | fixedstream::gbp/gbp::6::{02-nov-2018->02-nov-2023}@creditfxconvexityadjustedprice => 109.90350069639629 ||
	 | fixedstream::gbp/gbp::6::{02-nov-2018->02-nov-2023}@creditfxconvexityadjustedpv => 0.09903500696396286 ||
	 | fixedstream::gbp/gbp::6::{02-nov-2018->02-nov-2023}@creditfxconvexityadjustedrate => 0.020599999999999934 ||
	 | fixedstream::gbp/gbp::6::{02-nov-2018->02-nov-2023}@creditfxconvexityadjustedupfront => 0.09903500696396286 ||
	 | fixedstream::gbp/gbp::6::{02-nov-2018->02-nov-2023}@creditfxconvexityadjustmentfactor => 1.0 ||
	 | fixedstream::gbp/gbp::6::{02-nov-2018->02-nov-2023}@creditfxconvexityadjustmentpremium => 0.0 ||
	 | fixedstream::gbp/gbp::6::{02-nov-2018->02-nov-2023}@creditfxconvexityadjustmentpremiumupfront => 0.0 ||
	 | fixedstream::gbp/gbp::6::{02-nov-2018->02-nov-2023}@cumulativeconvexityadjustedcleandv01 => 4.8075246099011255E-4 ||
	 | fixedstream::gbp/gbp::6::{02-nov-2018->02-nov-2023}@cumulativeconvexityadjustedcleanprice => 109.90350069639629 ||
	 | fixedstream::gbp/gbp::6::{02-nov-2018->02-nov-2023}@cumulativeconvexityadjustedcleanpv => 0.09903500696396286 ||
	 | fixedstream::gbp/gbp::6::{02-nov-2018->02-nov-2023}@cumulativeconvexityadjusteddirtydv01 => 4.8075246099011255E-4 ||
	 | fixedstream::gbp/gbp::6::{02-nov-2018->02-nov-2023}@cumulativeconvexityadjusteddirtyprice => 109.90350069639629 ||
	 | fixedstream::gbp/gbp::6::{02-nov-2018->02-nov-2023}@cumulativeconvexityadjusteddirtypv => 0.09903500696396286 ||
	 | fixedstream::gbp/gbp::6::{02-nov-2018->02-nov-2023}@cumulativeconvexityadjusteddv01 => 4.8075246099011255E-4 ||
	 | fixedstream::gbp/gbp::6::{02-nov-2018->02-nov-2023}@cumulativeconvexityadjustedfairpremium => 0.020599999999999934 ||
	 | fixedstream::gbp/gbp::6::{02-nov-2018->02-nov-2023}@cumulativeconvexityadjustedparrate => 0.020599999999999934 ||
	 | fixedstream::gbp/gbp::6::{02-nov-2018->02-nov-2023}@cumulativeconvexityadjustedprice => 109.90350069639629 ||
	 | fixedstream::gbp/gbp::6::{02-nov-2018->02-nov-2023}@cumulativeconvexityadjustedpv => 0.09903500696396286 ||
	 | fixedstream::gbp/gbp::6::{02-nov-2018->02-nov-2023}@cumulativeconvexityadjustedrate => 0.020599999999999934 ||
	 | fixedstream::gbp/gbp::6::{02-nov-2018->02-nov-2023}@cumulativeconvexityadjustedupfront => 0.09903500696396286 ||
	 | fixedstream::gbp/gbp::6::{02-nov-2018->02-nov-2023}@cumulativeconvexityadjustmentfactor => 1.0 ||
	 | fixedstream::gbp/gbp::6::{02-nov-2018->02-nov-2023}@cumulativeconvexityadjustmentpremium => 0.0 ||
	 | fixedstream::gbp/gbp::6::{02-nov-2018->02-nov-2023}@cumulativeconvexityadjustmentpremiumupfront => 0.0 ||
	 | fixedstream::gbp/gbp::6::{02-nov-2018->02-nov-2023}@cumulativecouponamount => 0.0 ||
	 | fixedstream::gbp/gbp::6::{02-nov-2018->02-nov-2023}@cumulativecoupondcf => 0.0 ||
	 | fixedstream::gbp/gbp::6::{02-nov-2018->02-nov-2023}@cv01 => 4.8075246099011255E-4 ||
	 | fixedstream::gbp/gbp::6::{02-nov-2018->02-nov-2023}@dirtydv01 => 4.8075246099011255E-4 ||
	 | fixedstream::gbp/gbp::6::{02-nov-2018->02-nov-2023}@dirtyprice => 109.90350069639629 ||
	 | fixedstream::gbp/gbp::6::{02-nov-2018->02-nov-2023}@dirtypv => 0.09903500696396286 ||
	 | fixedstream::gbp/gbp::6::{02-nov-2018->02-nov-2023}@dv01 => 4.8075246099011255E-4 ||
	 | fixedstream::gbp/gbp::6::{02-nov-2018->02-nov-2023}@fairpremium => 0.020599999999999934 ||
	 | fixedstream::gbp/gbp::6::{02-nov-2018->02-nov-2023}@fixing01 => 0.0 ||
	 | fixedstream::gbp/gbp::6::{02-nov-2018->02-nov-2023}@forwardfundingconvexityadjustedcleandv01 => 4.8075246099011255E-4 ||
	 | fixedstream::gbp/gbp::6::{02-nov-2018->02-nov-2023}@forwardfundingconvexityadjustedcleanprice => 109.90350069639629 ||
	 | fixedstream::gbp/gbp::6::{02-nov-2018->02-nov-2023}@forwardfundingconvexityadjustedcleanpv => 0.09903500696396286 ||
	 | fixedstream::gbp/gbp::6::{02-nov-2018->02-nov-2023}@forwardfundingconvexityadjusteddirtydv01 => 4.8075246099011255E-4 ||
	 | fixedstream::gbp/gbp::6::{02-nov-2018->02-nov-2023}@forwardfundingconvexityadjusteddirtyprice => 109.90350069639629 ||
	 | fixedstream::gbp/gbp::6::{02-nov-2018->02-nov-2023}@forwardfundingconvexityadjusteddirtypv => 0.09903500696396286 ||
	 | fixedstream::gbp/gbp::6::{02-nov-2018->02-nov-2023}@forwardfundingconvexityadjusteddv01 => 4.8075246099011255E-4 ||
	 | fixedstream::gbp/gbp::6::{02-nov-2018->02-nov-2023}@forwardfundingconvexityadjustedfairpremium => 0.020599999999999934 ||
	 | fixedstream::gbp/gbp::6::{02-nov-2018->02-nov-2023}@forwardfundingconvexityadjustedparrate => 0.020599999999999934 ||
	 | fixedstream::gbp/gbp::6::{02-nov-2018->02-nov-2023}@forwardfundingconvexityadjustedprice => 109.90350069639629 ||
	 | fixedstream::gbp/gbp::6::{02-nov-2018->02-nov-2023}@forwardfundingconvexityadjustedpv => 0.09903500696396286 ||
	 | fixedstream::gbp/gbp::6::{02-nov-2018->02-nov-2023}@forwardfundingconvexityadjustedrate => 0.020599999999999934 ||
	 | fixedstream::gbp/gbp::6::{02-nov-2018->02-nov-2023}@forwardfundingconvexityadjustedupfront => 0.09903500696396286 ||
	 | fixedstream::gbp/gbp::6::{02-nov-2018->02-nov-2023}@forwardfundingconvexityadjustmentfactor => 1.0 ||
	 | fixedstream::gbp/gbp::6::{02-nov-2018->02-nov-2023}@forwardfundingconvexityadjustmentpremium => 0.0 ||
	 | fixedstream::gbp/gbp::6::{02-nov-2018->02-nov-2023}@forwardfundingconvexityadjustmentpremiumupfront => 0.0 ||
	 | fixedstream::gbp/gbp::6::{02-nov-2018->02-nov-2023}@forwardfxconvexityadjustedcleandv01 => 4.8075246099011255E-4 ||
	 | fixedstream::gbp/gbp::6::{02-nov-2018->02-nov-2023}@forwardfxconvexityadjustedcleanprice => 109.90350069639629 ||
	 | fixedstream::gbp/gbp::6::{02-nov-2018->02-nov-2023}@forwardfxconvexityadjustedcleanpv => 0.09903500696396286 ||
	 | fixedstream::gbp/gbp::6::{02-nov-2018->02-nov-2023}@forwardfxconvexityadjusteddirtydv01 => 4.8075246099011255E-4 ||
	 | fixedstream::gbp/gbp::6::{02-nov-2018->02-nov-2023}@forwardfxconvexityadjusteddirtyprice => 109.90350069639629 ||
	 | fixedstream::gbp/gbp::6::{02-nov-2018->02-nov-2023}@forwardfxconvexityadjusteddirtypv => 0.09903500696396286 ||
	 | fixedstream::gbp/gbp::6::{02-nov-2018->02-nov-2023}@forwardfxconvexityadjusteddv01 => 4.8075246099011255E-4 ||
	 | fixedstream::gbp/gbp::6::{02-nov-2018->02-nov-2023}@forwardfxconvexityadjustedfairpremium => 0.020599999999999934 ||
	 | fixedstream::gbp/gbp::6::{02-nov-2018->02-nov-2023}@forwardfxconvexityadjustedparrate => 0.020599999999999934 ||
	 | fixedstream::gbp/gbp::6::{02-nov-2018->02-nov-2023}@forwardfxconvexityadjustedprice => 109.90350069639629 ||
	 | fixedstream::gbp/gbp::6::{02-nov-2018->02-nov-2023}@forwardfxconvexityadjustedpv => 0.09903500696396286 ||
	 | fixedstream::gbp/gbp::6::{02-nov-2018->02-nov-2023}@forwardfxconvexityadjustedrate => 0.020599999999999934 ||
	 | fixedstream::gbp/gbp::6::{02-nov-2018->02-nov-2023}@forwardfxconvexityadjustedupfront => 0.09903500696396286 ||
	 | fixedstream::gbp/gbp::6::{02-nov-2018->02-nov-2023}@forwardfxconvexityadjustmentfactor => 1.0 ||
	 | fixedstream::gbp/gbp::6::{02-nov-2018->02-nov-2023}@forwardfxconvexityadjustmentpremium => 0.0 ||
	 | fixedstream::gbp/gbp::6::{02-nov-2018->02-nov-2023}@forwardfxconvexityadjustmentpremiumupfront => 0.0 ||
	 | fixedstream::gbp/gbp::6::{02-nov-2018->02-nov-2023}@fundingfxconvexityadjustedcleandv01 => 4.8075246099011255E-4 ||
	 | fixedstream::gbp/gbp::6::{02-nov-2018->02-nov-2023}@fundingfxconvexityadjustedcleanprice => 109.90350069639629 ||
	 | fixedstream::gbp/gbp::6::{02-nov-2018->02-nov-2023}@fundingfxconvexityadjustedcleanpv => 0.09903500696396286 ||
	 | fixedstream::gbp/gbp::6::{02-nov-2018->02-nov-2023}@fundingfxconvexityadjusteddirtydv01 => 4.8075246099011255E-4 ||
	 | fixedstream::gbp/gbp::6::{02-nov-2018->02-nov-2023}@fundingfxconvexityadjusteddirtyprice => 109.90350069639629 ||
	 | fixedstream::gbp/gbp::6::{02-nov-2018->02-nov-2023}@fundingfxconvexityadjusteddirtypv => 0.09903500696396286 ||
	 | fixedstream::gbp/gbp::6::{02-nov-2018->02-nov-2023}@fundingfxconvexityadjusteddv01 => 4.8075246099011255E-4 ||
	 | fixedstream::gbp/gbp::6::{02-nov-2018->02-nov-2023}@fundingfxconvexityadjustedfairpremium => 0.020599999999999934 ||
	 | fixedstream::gbp/gbp::6::{02-nov-2018->02-nov-2023}@fundingfxconvexityadjustedparrate => 0.020599999999999934 ||
	 | fixedstream::gbp/gbp::6::{02-nov-2018->02-nov-2023}@fundingfxconvexityadjustedprice => 109.90350069639629 ||
	 | fixedstream::gbp/gbp::6::{02-nov-2018->02-nov-2023}@fundingfxconvexityadjustedpv => 0.09903500696396286 ||
	 | fixedstream::gbp/gbp::6::{02-nov-2018->02-nov-2023}@fundingfxconvexityadjustedrate => 0.020599999999999934 ||
	 | fixedstream::gbp/gbp::6::{02-nov-2018->02-nov-2023}@fundingfxconvexityadjustedupfront => 0.09903500696396286 ||
	 | fixedstream::gbp/gbp::6::{02-nov-2018->02-nov-2023}@fundingfxconvexityadjustmentfactor => 1.0 ||
	 | fixedstream::gbp/gbp::6::{02-nov-2018->02-nov-2023}@fundingfxconvexityadjustmentpremium => 0.0 ||
	 | fixedstream::gbp/gbp::6::{02-nov-2018->02-nov-2023}@fundingfxconvexityadjustmentpremiumupfront => 0.0 ||
	 | fixedstream::gbp/gbp::6::{02-nov-2018->02-nov-2023}@parrate => 0.020599999999999934 ||
	 | fixedstream::gbp/gbp::6::{02-nov-2018->02-nov-2023}@price => 109.90350069639629 ||
	 | fixedstream::gbp/gbp::6::{02-nov-2018->02-nov-2023}@pv => 0.09903500696396286 ||
	 | fixedstream::gbp/gbp::6::{02-nov-2018->02-nov-2023}@rate => 0.020599999999999934 ||
	 | fixedstream::gbp/gbp::6::{02-nov-2018->02-nov-2023}@resetdate => -2.147483648E9 ||
	 | fixedstream::gbp/gbp::6::{02-nov-2018->02-nov-2023}@resetrate => NaN ||
	 | fixedstream::gbp/gbp::6::{02-nov-2018->02-nov-2023}@totalcoupon => 0.20599999999999938 ||
	 | fixedstream::gbp/gbp::6::{02-nov-2018->02-nov-2023}@unadjustedcleandv01 => 4.8075246099011255E-4 ||
	 | fixedstream::gbp/gbp::6::{02-nov-2018->02-nov-2023}@unadjustedcleanprice => 109.90350069639629 ||
	 | fixedstream::gbp/gbp::6::{02-nov-2018->02-nov-2023}@unadjustedcleanpv => 0.09903500696396286 ||
	 | fixedstream::gbp/gbp::6::{02-nov-2018->02-nov-2023}@unadjusteddirtydv01 => 4.8075246099011255E-4 ||
	 | fixedstream::gbp/gbp::6::{02-nov-2018->02-nov-2023}@unadjusteddirtyprice => 109.90350069639629 ||
	 | fixedstream::gbp/gbp::6::{02-nov-2018->02-nov-2023}@unadjusteddirtypv => 0.09903500696396286 ||
	 | fixedstream::gbp/gbp::6::{02-nov-2018->02-nov-2023}@unadjustedfairpremium => 0.020599999999999934 ||
	 | fixedstream::gbp/gbp::6::{02-nov-2018->02-nov-2023}@unadjustedparrate => 0.020599999999999934 ||
	 | fixedstream::gbp/gbp::6::{02-nov-2018->02-nov-2023}@unadjustedprice => 109.90350069639629 ||
	 | fixedstream::gbp/gbp::6::{02-nov-2018->02-nov-2023}@unadjustedpv => 0.09903500696396286 ||
	 | fixedstream::gbp/gbp::6::{02-nov-2018->02-nov-2023}@unadjustedrate => 0.020599999999999934 ||
	 | fixedstream::gbp/gbp::6::{02-nov-2018->02-nov-2023}@unadjustedupfront => 0.09903500696396286 ||
	 | fixedstream::gbp/gbp::6::{02-nov-2018->02-nov-2023}@upfront => 0.09903500696396286 ||
	 | fixing01 => 0.0 ||
	 | floataccrued => 0.0 ||
	 | floataccrued01 => 0.0 ||
	 | floatdv01 => -4.8075246099011255E-4 ||
	 | floatstream::gbp::gbp-libor-6m::{02-nov-2018->02-nov-2023}@accrualcoupon => NaN ||
	 | floatstream::gbp::gbp-libor-6m::{02-nov-2018->02-nov-2023}@accrued => 0.0 ||
	 | floatstream::gbp::gbp-libor-6m::{02-nov-2018->02-nov-2023}@accrued01 => 0.0 ||
	 | floatstream::gbp::gbp-libor-6m::{02-nov-2018->02-nov-2023}@calctime => 1.1138600000000001E-4 ||
	 | floatstream::gbp::gbp-libor-6m::{02-nov-2018->02-nov-2023}@cleandv01 => -4.8075246099011255E-4 ||
	 | floatstream::gbp::gbp-libor-6m::{02-nov-2018->02-nov-2023}@cleanprice => 109.90350069639629 ||
	 | floatstream::gbp::gbp-libor-6m::{02-nov-2018->02-nov-2023}@cleanpv => -0.09903500696396293 ||
	 | floatstream::gbp::gbp-libor-6m::{02-nov-2018->02-nov-2023}@compoundingadjustedcleandv01 => -4.8075246099011255E-4 ||
	 | floatstream::gbp::gbp-libor-6m::{02-nov-2018->02-nov-2023}@compoundingadjustedcleanprice => 109.90350069639629 ||
	 | floatstream::gbp::gbp-libor-6m::{02-nov-2018->02-nov-2023}@compoundingadjustedcleanpv => -0.09903500696396293 ||
	 | floatstream::gbp::gbp-libor-6m::{02-nov-2018->02-nov-2023}@compoundingadjusteddirtydv01 => -4.8075246099011255E-4 ||
	 | floatstream::gbp::gbp-libor-6m::{02-nov-2018->02-nov-2023}@compoundingadjusteddirtyprice => 109.90350069639629 ||
	 | floatstream::gbp::gbp-libor-6m::{02-nov-2018->02-nov-2023}@compoundingadjusteddirtypv => -0.09903500696396293 ||
	 | floatstream::gbp::gbp-libor-6m::{02-nov-2018->02-nov-2023}@compoundingadjustedfairpremium => 0.020599999999999948 ||
	 | floatstream::gbp::gbp-libor-6m::{02-nov-2018->02-nov-2023}@compoundingadjustedparrate => 0.020599999999999948 ||
	 | floatstream::gbp::gbp-libor-6m::{02-nov-2018->02-nov-2023}@compoundingadjustedprice => 109.90350069639629 ||
	 | floatstream::gbp::gbp-libor-6m::{02-nov-2018->02-nov-2023}@compoundingadjustedpv => -0.09903500696396293 ||
	 | floatstream::gbp::gbp-libor-6m::{02-nov-2018->02-nov-2023}@compoundingadjustedrate => 0.020599999999999948 ||
	 | floatstream::gbp::gbp-libor-6m::{02-nov-2018->02-nov-2023}@compoundingadjustedupfront => -0.09903500696396293 ||
	 | floatstream::gbp::gbp-libor-6m::{02-nov-2018->02-nov-2023}@compoundingadjustmentfactor => 1.0 ||
	 | floatstream::gbp::gbp-libor-6m::{02-nov-2018->02-nov-2023}@compoundingadjustmentpremium => 0.0 ||
	 | floatstream::gbp::gbp-libor-6m::{02-nov-2018->02-nov-2023}@compoundingadjustmentpremiumupfront => -0.0 ||
	 | floatstream::gbp::gbp-libor-6m::{02-nov-2018->02-nov-2023}@creditforwardconvexityadjustedcleandv01 => -4.8075246099011255E-4 ||
	 | floatstream::gbp::gbp-libor-6m::{02-nov-2018->02-nov-2023}@creditforwardconvexityadjustedcleanprice => 109.90350069639629 ||
	 | floatstream::gbp::gbp-libor-6m::{02-nov-2018->02-nov-2023}@creditforwardconvexityadjustedcleanpv => -0.09903500696396293 ||
	 | floatstream::gbp::gbp-libor-6m::{02-nov-2018->02-nov-2023}@creditforwardconvexityadjusteddirtydv01 => -4.8075246099011255E-4 ||
	 | floatstream::gbp::gbp-libor-6m::{02-nov-2018->02-nov-2023}@creditforwardconvexityadjusteddirtyprice => 109.90350069639629 ||
	 | floatstream::gbp::gbp-libor-6m::{02-nov-2018->02-nov-2023}@creditforwardconvexityadjusteddirtypv => -0.09903500696396293 ||
	 | floatstream::gbp::gbp-libor-6m::{02-nov-2018->02-nov-2023}@creditforwardconvexityadjusteddv01 => -4.8075246099011255E-4 ||
	 | floatstream::gbp::gbp-libor-6m::{02-nov-2018->02-nov-2023}@creditforwardconvexityadjustedfairpremium => 0.020599999999999948 ||
	 | floatstream::gbp::gbp-libor-6m::{02-nov-2018->02-nov-2023}@creditforwardconvexityadjustedparrate => 0.020599999999999948 ||
	 | floatstream::gbp::gbp-libor-6m::{02-nov-2018->02-nov-2023}@creditforwardconvexityadjustedprice => 109.90350069639629 ||
	 | floatstream::gbp::gbp-libor-6m::{02-nov-2018->02-nov-2023}@creditforwardconvexityadjustedpv => -0.09903500696396293 ||
	 | floatstream::gbp::gbp-libor-6m::{02-nov-2018->02-nov-2023}@creditforwardconvexityadjustedrate => 0.020599999999999948 ||
	 | floatstream::gbp::gbp-libor-6m::{02-nov-2018->02-nov-2023}@creditforwardconvexityadjustedupfront => -0.09903500696396293 ||
	 | floatstream::gbp::gbp-libor-6m::{02-nov-2018->02-nov-2023}@creditforwardconvexityadjustmentfactor => 1.0 ||
	 | floatstream::gbp::gbp-libor-6m::{02-nov-2018->02-nov-2023}@creditforwardconvexityadjustmentpremium => 0.0 ||
	 | floatstream::gbp::gbp-libor-6m::{02-nov-2018->02-nov-2023}@creditforwardconvexityadjustmentpremiumupfront => -0.0 ||
	 | floatstream::gbp::gbp-libor-6m::{02-nov-2018->02-nov-2023}@creditfundingconvexityadjustedcleandv01 => -4.8075246099011255E-4 ||
	 | floatstream::gbp::gbp-libor-6m::{02-nov-2018->02-nov-2023}@creditfundingconvexityadjustedcleanprice => 109.90350069639629 ||
	 | floatstream::gbp::gbp-libor-6m::{02-nov-2018->02-nov-2023}@creditfundingconvexityadjustedcleanpv => -0.09903500696396293 ||
	 | floatstream::gbp::gbp-libor-6m::{02-nov-2018->02-nov-2023}@creditfundingconvexityadjusteddirtydv01 => -4.8075246099011255E-4 ||
	 | floatstream::gbp::gbp-libor-6m::{02-nov-2018->02-nov-2023}@creditfundingconvexityadjusteddirtyprice => 109.90350069639629 ||
	 | floatstream::gbp::gbp-libor-6m::{02-nov-2018->02-nov-2023}@creditfundingconvexityadjusteddirtypv => -0.09903500696396293 ||
	 | floatstream::gbp::gbp-libor-6m::{02-nov-2018->02-nov-2023}@creditfundingconvexityadjusteddv01 => -4.8075246099011255E-4 ||
	 | floatstream::gbp::gbp-libor-6m::{02-nov-2018->02-nov-2023}@creditfundingconvexityadjustedfairpremium => 0.020599999999999948 ||
	 | floatstream::gbp::gbp-libor-6m::{02-nov-2018->02-nov-2023}@creditfundingconvexityadjustedparrate => 0.020599999999999948 ||
	 | floatstream::gbp::gbp-libor-6m::{02-nov-2018->02-nov-2023}@creditfundingconvexityadjustedprice => 109.90350069639629 ||
	 | floatstream::gbp::gbp-libor-6m::{02-nov-2018->02-nov-2023}@creditfundingconvexityadjustedpv => -0.09903500696396293 ||
	 | floatstream::gbp::gbp-libor-6m::{02-nov-2018->02-nov-2023}@creditfundingconvexityadjustedrate => 0.020599999999999948 ||
	 | floatstream::gbp::gbp-libor-6m::{02-nov-2018->02-nov-2023}@creditfundingconvexityadjustedupfront => -0.09903500696396293 ||
	 | floatstream::gbp::gbp-libor-6m::{02-nov-2018->02-nov-2023}@creditfundingconvexityadjustmentfactor => 1.0 ||
	 | floatstream::gbp::gbp-libor-6m::{02-nov-2018->02-nov-2023}@creditfundingconvexityadjustmentpremium => 0.0 ||
	 | floatstream::gbp::gbp-libor-6m::{02-nov-2018->02-nov-2023}@creditfundingconvexityadjustmentpremiumupfront => -0.0 ||
	 | floatstream::gbp::gbp-libor-6m::{02-nov-2018->02-nov-2023}@creditfxconvexityadjustedcleandv01 => -4.8075246099011255E-4 ||
	 | floatstream::gbp::gbp-libor-6m::{02-nov-2018->02-nov-2023}@creditfxconvexityadjustedcleanprice => 109.90350069639629 ||
	 | floatstream::gbp::gbp-libor-6m::{02-nov-2018->02-nov-2023}@creditfxconvexityadjustedcleanpv => -0.09903500696396293 ||
	 | floatstream::gbp::gbp-libor-6m::{02-nov-2018->02-nov-2023}@creditfxconvexityadjusteddirtydv01 => -4.8075246099011255E-4 ||
	 | floatstream::gbp::gbp-libor-6m::{02-nov-2018->02-nov-2023}@creditfxconvexityadjusteddirtyprice => 109.90350069639629 ||
	 | floatstream::gbp::gbp-libor-6m::{02-nov-2018->02-nov-2023}@creditfxconvexityadjusteddirtypv => -0.09903500696396293 ||
	 | floatstream::gbp::gbp-libor-6m::{02-nov-2018->02-nov-2023}@creditfxconvexityadjusteddv01 => -4.8075246099011255E-4 ||
	 | floatstream::gbp::gbp-libor-6m::{02-nov-2018->02-nov-2023}@creditfxconvexityadjustedfairpremium => 0.020599999999999948 ||
	 | floatstream::gbp::gbp-libor-6m::{02-nov-2018->02-nov-2023}@creditfxconvexityadjustedparrate => 0.020599999999999948 ||
	 | floatstream::gbp::gbp-libor-6m::{02-nov-2018->02-nov-2023}@creditfxconvexityadjustedprice => 109.90350069639629 ||
	 | floatstream::gbp::gbp-libor-6m::{02-nov-2018->02-nov-2023}@creditfxconvexityadjustedpv => -0.09903500696396293 ||
	 | floatstream::gbp::gbp-libor-6m::{02-nov-2018->02-nov-2023}@creditfxconvexityadjustedrate => 0.020599999999999948 ||
	 | floatstream::gbp::gbp-libor-6m::{02-nov-2018->02-nov-2023}@creditfxconvexityadjustedupfront => -0.09903500696396293 ||
	 | floatstream::gbp::gbp-libor-6m::{02-nov-2018->02-nov-2023}@creditfxconvexityadjustmentfactor => 1.0 ||
	 | floatstream::gbp::gbp-libor-6m::{02-nov-2018->02-nov-2023}@creditfxconvexityadjustmentpremium => 0.0 ||
	 | floatstream::gbp::gbp-libor-6m::{02-nov-2018->02-nov-2023}@creditfxconvexityadjustmentpremiumupfront => -0.0 ||
	 | floatstream::gbp::gbp-libor-6m::{02-nov-2018->02-nov-2023}@cumulativeconvexityadjustedcleandv01 => -4.8075246099011255E-4 ||
	 | floatstream::gbp::gbp-libor-6m::{02-nov-2018->02-nov-2023}@cumulativeconvexityadjustedcleanprice => 109.90350069639629 ||
	 | floatstream::gbp::gbp-libor-6m::{02-nov-2018->02-nov-2023}@cumulativeconvexityadjustedcleanpv => -0.09903500696396293 ||
	 | floatstream::gbp::gbp-libor-6m::{02-nov-2018->02-nov-2023}@cumulativeconvexityadjusteddirtydv01 => -4.8075246099011255E-4 ||
	 | floatstream::gbp::gbp-libor-6m::{02-nov-2018->02-nov-2023}@cumulativeconvexityadjusteddirtyprice => 109.90350069639629 ||
	 | floatstream::gbp::gbp-libor-6m::{02-nov-2018->02-nov-2023}@cumulativeconvexityadjusteddirtypv => -0.09903500696396293 ||
	 | floatstream::gbp::gbp-libor-6m::{02-nov-2018->02-nov-2023}@cumulativeconvexityadjusteddv01 => -4.8075246099011255E-4 ||
	 | floatstream::gbp::gbp-libor-6m::{02-nov-2018->02-nov-2023}@cumulativeconvexityadjustedfairpremium => 0.020599999999999948 ||
	 | floatstream::gbp::gbp-libor-6m::{02-nov-2018->02-nov-2023}@cumulativeconvexityadjustedparrate => 0.020599999999999948 ||
	 | floatstream::gbp::gbp-libor-6m::{02-nov-2018->02-nov-2023}@cumulativeconvexityadjustedprice => 109.90350069639629 ||
	 | floatstream::gbp::gbp-libor-6m::{02-nov-2018->02-nov-2023}@cumulativeconvexityadjustedpv => -0.09903500696396293 ||
	 | floatstream::gbp::gbp-libor-6m::{02-nov-2018->02-nov-2023}@cumulativeconvexityadjustedrate => 0.020599999999999948 ||
	 | floatstream::gbp::gbp-libor-6m::{02-nov-2018->02-nov-2023}@cumulativeconvexityadjustedupfront => -0.09903500696396293 ||
	 | floatstream::gbp::gbp-libor-6m::{02-nov-2018->02-nov-2023}@cumulativeconvexityadjustmentfactor => 1.0 ||
	 | floatstream::gbp::gbp-libor-6m::{02-nov-2018->02-nov-2023}@cumulativeconvexityadjustmentpremium => 0.0 ||
	 | floatstream::gbp::gbp-libor-6m::{02-nov-2018->02-nov-2023}@cumulativeconvexityadjustmentpremiumupfront => -0.0 ||
	 | floatstream::gbp::gbp-libor-6m::{02-nov-2018->02-nov-2023}@cumulativecouponamount => 0.0 ||
	 | floatstream::gbp::gbp-libor-6m::{02-nov-2018->02-nov-2023}@cumulativecoupondcf => 0.0 ||
	 | floatstream::gbp::gbp-libor-6m::{02-nov-2018->02-nov-2023}@cv01 => -4.8075246099011255E-4 ||
	 | floatstream::gbp::gbp-libor-6m::{02-nov-2018->02-nov-2023}@dirtydv01 => -4.8075246099011255E-4 ||
	 | floatstream::gbp::gbp-libor-6m::{02-nov-2018->02-nov-2023}@dirtyprice => 109.90350069639629 ||
	 | floatstream::gbp::gbp-libor-6m::{02-nov-2018->02-nov-2023}@dirtypv => -0.09903500696396293 ||
	 | floatstream::gbp::gbp-libor-6m::{02-nov-2018->02-nov-2023}@dv01 => -4.8075246099011255E-4 ||
	 | floatstream::gbp::gbp-libor-6m::{02-nov-2018->02-nov-2023}@fairpremium => 0.020599999999999948 ||
	 | floatstream::gbp::gbp-libor-6m::{02-nov-2018->02-nov-2023}@fixing01 => 0.0 ||
	 | floatstream::gbp::gbp-libor-6m::{02-nov-2018->02-nov-2023}@forwardfundingconvexityadjustedcleandv01 => -4.8075246099011255E-4 ||
	 | floatstream::gbp::gbp-libor-6m::{02-nov-2018->02-nov-2023}@forwardfundingconvexityadjustedcleanprice => 109.90350069639629 ||
	 | floatstream::gbp::gbp-libor-6m::{02-nov-2018->02-nov-2023}@forwardfundingconvexityadjustedcleanpv => -0.09903500696396293 ||
	 | floatstream::gbp::gbp-libor-6m::{02-nov-2018->02-nov-2023}@forwardfundingconvexityadjusteddirtydv01 => -4.8075246099011255E-4 ||
	 | floatstream::gbp::gbp-libor-6m::{02-nov-2018->02-nov-2023}@forwardfundingconvexityadjusteddirtyprice => 109.90350069639629 ||
	 | floatstream::gbp::gbp-libor-6m::{02-nov-2018->02-nov-2023}@forwardfundingconvexityadjusteddirtypv => -0.09903500696396293 ||
	 | floatstream::gbp::gbp-libor-6m::{02-nov-2018->02-nov-2023}@forwardfundingconvexityadjusteddv01 => -4.8075246099011255E-4 ||
	 | floatstream::gbp::gbp-libor-6m::{02-nov-2018->02-nov-2023}@forwardfundingconvexityadjustedfairpremium => 0.020599999999999948 ||
	 | floatstream::gbp::gbp-libor-6m::{02-nov-2018->02-nov-2023}@forwardfundingconvexityadjustedparrate => 0.020599999999999948 ||
	 | floatstream::gbp::gbp-libor-6m::{02-nov-2018->02-nov-2023}@forwardfundingconvexityadjustedprice => 109.90350069639629 ||
	 | floatstream::gbp::gbp-libor-6m::{02-nov-2018->02-nov-2023}@forwardfundingconvexityadjustedpv => -0.09903500696396293 ||
	 | floatstream::gbp::gbp-libor-6m::{02-nov-2018->02-nov-2023}@forwardfundingconvexityadjustedrate => 0.020599999999999948 ||
	 | floatstream::gbp::gbp-libor-6m::{02-nov-2018->02-nov-2023}@forwardfundingconvexityadjustedupfront => -0.09903500696396293 ||
	 | floatstream::gbp::gbp-libor-6m::{02-nov-2018->02-nov-2023}@forwardfundingconvexityadjustmentfactor => 1.0 ||
	 | floatstream::gbp::gbp-libor-6m::{02-nov-2018->02-nov-2023}@forwardfundingconvexityadjustmentpremium => 0.0 ||
	 | floatstream::gbp::gbp-libor-6m::{02-nov-2018->02-nov-2023}@forwardfundingconvexityadjustmentpremiumupfront => -0.0 ||
	 | floatstream::gbp::gbp-libor-6m::{02-nov-2018->02-nov-2023}@forwardfxconvexityadjustedcleandv01 => -4.8075246099011255E-4 ||
	 | floatstream::gbp::gbp-libor-6m::{02-nov-2018->02-nov-2023}@forwardfxconvexityadjustedcleanprice => 109.90350069639629 ||
	 | floatstream::gbp::gbp-libor-6m::{02-nov-2018->02-nov-2023}@forwardfxconvexityadjustedcleanpv => -0.09903500696396293 ||
	 | floatstream::gbp::gbp-libor-6m::{02-nov-2018->02-nov-2023}@forwardfxconvexityadjusteddirtydv01 => -4.8075246099011255E-4 ||
	 | floatstream::gbp::gbp-libor-6m::{02-nov-2018->02-nov-2023}@forwardfxconvexityadjusteddirtyprice => 109.90350069639629 ||
	 | floatstream::gbp::gbp-libor-6m::{02-nov-2018->02-nov-2023}@forwardfxconvexityadjusteddirtypv => -0.09903500696396293 ||
	 | floatstream::gbp::gbp-libor-6m::{02-nov-2018->02-nov-2023}@forwardfxconvexityadjusteddv01 => -4.8075246099011255E-4 ||
	 | floatstream::gbp::gbp-libor-6m::{02-nov-2018->02-nov-2023}@forwardfxconvexityadjustedfairpremium => 0.020599999999999948 ||
	 | floatstream::gbp::gbp-libor-6m::{02-nov-2018->02-nov-2023}@forwardfxconvexityadjustedparrate => 0.020599999999999948 ||
	 | floatstream::gbp::gbp-libor-6m::{02-nov-2018->02-nov-2023}@forwardfxconvexityadjustedprice => 109.90350069639629 ||
	 | floatstream::gbp::gbp-libor-6m::{02-nov-2018->02-nov-2023}@forwardfxconvexityadjustedpv => -0.09903500696396293 ||
	 | floatstream::gbp::gbp-libor-6m::{02-nov-2018->02-nov-2023}@forwardfxconvexityadjustedrate => 0.020599999999999948 ||
	 | floatstream::gbp::gbp-libor-6m::{02-nov-2018->02-nov-2023}@forwardfxconvexityadjustedupfront => -0.09903500696396293 ||
	 | floatstream::gbp::gbp-libor-6m::{02-nov-2018->02-nov-2023}@forwardfxconvexityadjustmentfactor => 1.0 ||
	 | floatstream::gbp::gbp-libor-6m::{02-nov-2018->02-nov-2023}@forwardfxconvexityadjustmentpremium => 0.0 ||
	 | floatstream::gbp::gbp-libor-6m::{02-nov-2018->02-nov-2023}@forwardfxconvexityadjustmentpremiumupfront => -0.0 ||
	 | floatstream::gbp::gbp-libor-6m::{02-nov-2018->02-nov-2023}@fundingfxconvexityadjustedcleandv01 => -4.8075246099011255E-4 ||
	 | floatstream::gbp::gbp-libor-6m::{02-nov-2018->02-nov-2023}@fundingfxconvexityadjustedcleanprice => 109.90350069639629 ||
	 | floatstream::gbp::gbp-libor-6m::{02-nov-2018->02-nov-2023}@fundingfxconvexityadjustedcleanpv => -0.09903500696396293 ||
	 | floatstream::gbp::gbp-libor-6m::{02-nov-2018->02-nov-2023}@fundingfxconvexityadjusteddirtydv01 => -4.8075246099011255E-4 ||
	 | floatstream::gbp::gbp-libor-6m::{02-nov-2018->02-nov-2023}@fundingfxconvexityadjusteddirtyprice => 109.90350069639629 ||
	 | floatstream::gbp::gbp-libor-6m::{02-nov-2018->02-nov-2023}@fundingfxconvexityadjusteddirtypv => -0.09903500696396293 ||
	 | floatstream::gbp::gbp-libor-6m::{02-nov-2018->02-nov-2023}@fundingfxconvexityadjusteddv01 => -4.8075246099011255E-4 ||
	 | floatstream::gbp::gbp-libor-6m::{02-nov-2018->02-nov-2023}@fundingfxconvexityadjustedfairpremium => 0.020599999999999948 ||
	 | floatstream::gbp::gbp-libor-6m::{02-nov-2018->02-nov-2023}@fundingfxconvexityadjustedparrate => 0.020599999999999948 ||
	 | floatstream::gbp::gbp-libor-6m::{02-nov-2018->02-nov-2023}@fundingfxconvexityadjustedprice => 109.90350069639629 ||
	 | floatstream::gbp::gbp-libor-6m::{02-nov-2018->02-nov-2023}@fundingfxconvexityadjustedpv => -0.09903500696396293 ||
	 | floatstream::gbp::gbp-libor-6m::{02-nov-2018->02-nov-2023}@fundingfxconvexityadjustedrate => 0.020599999999999948 ||
	 | floatstream::gbp::gbp-libor-6m::{02-nov-2018->02-nov-2023}@fundingfxconvexityadjustedupfront => -0.09903500696396293 ||
	 | floatstream::gbp::gbp-libor-6m::{02-nov-2018->02-nov-2023}@fundingfxconvexityadjustmentfactor => 1.0 ||
	 | floatstream::gbp::gbp-libor-6m::{02-nov-2018->02-nov-2023}@fundingfxconvexityadjustmentpremium => 0.0 ||
	 | floatstream::gbp::gbp-libor-6m::{02-nov-2018->02-nov-2023}@fundingfxconvexityadjustmentpremiumupfront => -0.0 ||
	 | floatstream::gbp::gbp-libor-6m::{02-nov-2018->02-nov-2023}@parrate => 0.020599999999999948 ||
	 | floatstream::gbp::gbp-libor-6m::{02-nov-2018->02-nov-2023}@price => 109.90350069639629 ||
	 | floatstream::gbp::gbp-libor-6m::{02-nov-2018->02-nov-2023}@pv => -0.09903500696396293 ||
	 | floatstream::gbp::gbp-libor-6m::{02-nov-2018->02-nov-2023}@rate => 0.020599999999999948 ||
	 | floatstream::gbp::gbp-libor-6m::{02-nov-2018->02-nov-2023}@resetdate => -2.147483648E9 ||
	 | floatstream::gbp::gbp-libor-6m::{02-nov-2018->02-nov-2023}@resetrate => NaN ||
	 | floatstream::gbp::gbp-libor-6m::{02-nov-2018->02-nov-2023}@totalcoupon => 0.20999605513060393 ||
	 | floatstream::gbp::gbp-libor-6m::{02-nov-2018->02-nov-2023}@unadjustedcleandv01 => -4.8075246099011255E-4 ||
	 | floatstream::gbp::gbp-libor-6m::{02-nov-2018->02-nov-2023}@unadjustedcleanprice => 109.90350069639629 ||
	 | floatstream::gbp::gbp-libor-6m::{02-nov-2018->02-nov-2023}@unadjustedcleanpv => -0.09903500696396293 ||
	 | floatstream::gbp::gbp-libor-6m::{02-nov-2018->02-nov-2023}@unadjusteddirtydv01 => -4.8075246099011255E-4 ||
	 | floatstream::gbp::gbp-libor-6m::{02-nov-2018->02-nov-2023}@unadjusteddirtyprice => 109.90350069639629 ||
	 | floatstream::gbp::gbp-libor-6m::{02-nov-2018->02-nov-2023}@unadjusteddirtypv => -0.09903500696396293 ||
	 | floatstream::gbp::gbp-libor-6m::{02-nov-2018->02-nov-2023}@unadjustedfairpremium => 0.020599999999999948 ||
	 | floatstream::gbp::gbp-libor-6m::{02-nov-2018->02-nov-2023}@unadjustedparrate => 0.020599999999999948 ||
	 | floatstream::gbp::gbp-libor-6m::{02-nov-2018->02-nov-2023}@unadjustedprice => 109.90350069639629 ||
	 | floatstream::gbp::gbp-libor-6m::{02-nov-2018->02-nov-2023}@unadjustedpv => -0.09903500696396293 ||
	 | floatstream::gbp::gbp-libor-6m::{02-nov-2018->02-nov-2023}@unadjustedrate => 0.020599999999999948 ||
	 | floatstream::gbp::gbp-libor-6m::{02-nov-2018->02-nov-2023}@unadjustedupfront => -0.09903500696396293 ||
	 | floatstream::gbp::gbp-libor-6m::{02-nov-2018->02-nov-2023}@upfront => -0.09903500696396293 ||
	 | initialnotional => 1.0 ||
	 | parfixedcoupon => 0.020599999999999948 ||
	 | parrate => 0.020599999999999948 ||
	 | parswaprate => 0.020599999999999948 ||
	 | price => 99.99999999999999 ||
	 | pv => -6.938893903907228E-17 ||
	 | rate => 0.020599999999999948 ||
	 | referenceaccrued => 0.0 ||
	 | referenceaccrued01 => 0.0 ||
	 | referencecleandv01 => 4.8075246099011255E-4 ||
	 | referencecleanpv => 0.09903500696396286 ||
	 | referencecumulativeconvexityadjustmentfactor => 1.0 ||
	 | referencecumulativeconvexityadjustmentpremium => 0.0 ||
	 | referencecumulativecouponamount => 0.0 ||
	 | referencecumulativecoupondcf => 0.0 ||
	 | referencedirtydv01 => 4.8075246099011255E-4 ||
	 | referencedirtypv => 0.09903500696396286 ||
	 | referencedv01 => 4.8075246099011255E-4 ||
	 | referenceparbasisspread => 1.4433402773678027E-13 ||
	 | referencepv => 0.09903500696396286 ||
	 | resetdate => -2.147483648E9 ||
	 | resetrate => NaN ||
	 | swaprate => 0.020599999999999948 ||
	 | upfront => -6.938893903907228E-17 ||
	 |------------------------------||


		|-----------------------------------------------------------------------------------------------------------------------||
		|    Floating Stream Cash Flow Details                                                                                  ||
		|    -------- ------ ---- ---- -------                                                                                  ||
		|               Start Date                                                                                              ||
		|               End Date                                                                                                ||
		|               Pay Date                                                                                                ||
		|               FX Fixing Date                                                                                          ||
		|               Base Notional                                                                                           ||
		|               Period DCF                                                                                              ||
		|               Tenor                                                                                                   ||
		|               Funding Label                                                                                           ||
		|               Forward Label                                                                                           ||
		|               Pay Discount Factor                                                                                     ||
		|               Coupon Rate                                                                                             ||
		|-----------------------------------------------------------------------------------------------------------------------||
		| [02-NOV-2018 - 02-MAY-2019] => 02-MAY-2019 | 02-MAY-2019 | -1.0000 |  0.4959 | 6M | GBP | GBP-LIBOR-6M |  0.9987 |  0.26% ||
		| [02-MAY-2019 - 02-NOV-2019] => 02-NOV-2019 | 02-NOV-2019 | -1.0000 |  0.5041 | 6M | GBP | GBP-LIBOR-6M |  0.9966 |  0.42% ||
		| [02-NOV-2019 - 02-MAY-2020] => 02-MAY-2020 | 02-MAY-2020 | -1.0000 |  0.4986 | 6M | GBP | GBP-LIBOR-6M |  0.9927 |  0.78% ||
		| [02-MAY-2020 - 02-NOV-2020] => 02-NOV-2020 | 02-NOV-2020 | -1.0000 |  0.5041 | 6M | GBP | GBP-LIBOR-6M |  0.9861 |  1.35% ||
		| [02-NOV-2020 - 02-MAY-2021] => 02-MAY-2021 | 02-MAY-2021 | -1.0000 |  0.4959 | 6M | GBP | GBP-LIBOR-6M |  0.9704 |  3.24% ||
		| [02-MAY-2021 - 02-NOV-2021] => 02-NOV-2021 | 02-NOV-2021 | -1.0000 |  0.5041 | 6M | GBP | GBP-LIBOR-6M |  0.9608 |  1.99% ||
		| [02-NOV-2021 - 02-MAY-2022] => 02-MAY-2022 | 02-MAY-2022 | -1.0000 |  0.4959 | 6M | GBP | GBP-LIBOR-6M |  0.9493 |  2.44% ||
		| [02-MAY-2022 - 02-NOV-2022] => 02-NOV-2022 | 02-NOV-2022 | -1.0000 |  0.5041 | 6M | GBP | GBP-LIBOR-6M |  0.9353 |  2.97% ||
		| [02-NOV-2022 - 02-MAY-2023] => 02-MAY-2023 | 02-MAY-2023 | -1.0000 |  0.4959 | 6M | GBP | GBP-LIBOR-6M |  0.9191 |  3.56% ||
		| [02-MAY-2023 - 02-NOV-2023] => 02-NOV-2023 | 02-NOV-2023 | -1.0000 |  0.5041 | 6M | GBP | GBP-LIBOR-6M |  0.9010 |  3.99% ||
		|-----------------------------------------------------------------------------------------------------------------------||


		|--------------------------------------------------------------------------------------------------------||
		|    Fixed Stream Cash Flow Details                                                                      ||
		|    ----- ------ ---- ---- -------                                                                      ||
		|               Start Date                                                                               ||
		|               End Date                                                                                 ||
		|               Pay Date                                                                                 ||
		|               FX Fixing Date                                                                           ||
		|               Base Notional                                                                            ||
		|               Period DCF                                                                               ||
		|               Tenor                                                                                    ||
		|               Funding Label                                                                            ||
		|               Pay Discount Factor                                                                      ||
		|               Coupon Rate                                                                              ||
		|--------------------------------------------------------------------------------------------------------||
		| [02-NOV-2018 - 02-MAY-2019] => 02-MAY-2019 | 02-MAY-2019 |  1.0000 |  0.4959 | 6M | GBP |  0.9987 |  2.06% ||
		| [02-MAY-2019 - 02-NOV-2019] => 02-NOV-2019 | 02-NOV-2019 |  1.0000 |  0.5041 | 6M | GBP |  0.9966 |  2.06% ||
		| [02-NOV-2019 - 02-MAY-2020] => 02-MAY-2020 | 02-MAY-2020 |  1.0000 |  0.4986 | 6M | GBP |  0.9927 |  2.06% ||
		| [02-MAY-2020 - 02-NOV-2020] => 02-NOV-2020 | 02-NOV-2020 |  1.0000 |  0.5041 | 6M | GBP |  0.9861 |  2.06% ||
		| [02-NOV-2020 - 02-MAY-2021] => 02-MAY-2021 | 02-MAY-2021 |  1.0000 |  0.4959 | 6M | GBP |  0.9704 |  2.06% ||
		| [02-MAY-2021 - 02-NOV-2021] => 02-NOV-2021 | 02-NOV-2021 |  1.0000 |  0.5041 | 6M | GBP |  0.9608 |  2.06% ||
		| [02-NOV-2021 - 02-MAY-2022] => 02-MAY-2022 | 02-MAY-2022 |  1.0000 |  0.4959 | 6M | GBP |  0.9493 |  2.06% ||
		| [02-MAY-2022 - 02-NOV-2022] => 02-NOV-2022 | 02-NOV-2022 |  1.0000 |  0.5041 | 6M | GBP |  0.9353 |  2.06% ||
		| [02-NOV-2022 - 02-MAY-2023] => 02-MAY-2023 | 02-MAY-2023 |  1.0000 |  0.4959 | 6M | GBP |  0.9191 |  2.06% ||
		| [02-MAY-2023 - 02-NOV-2023] => 02-NOV-2023 | 02-NOV-2023 |  1.0000 |  0.5041 | 6M | GBP |  0.9010 |  2.06% ||
		|--------------------------------------------------------------------------------------------------------||

	|-----------------------------------------------------------------|
	|    Copyright (C) 2011-2018 (DRIP)
	|-----------------------------------------------------------------|
	|    Build Version  => 3.86.0 multi mode
	|    Build JVM (TM) => 1.8.0_112
	|    Build Snap     => Fri Nov 02 21:22:20 EST 2018
	|    Start Time     => Fri Nov 02 23:11:29 EDT 2018
	|    Setup Time     => Fri Nov 02 23:11:29 EDT 2018
	|    Setup Duration => 0 ms
	|-----------------------------------------------------------------|

	 | accrued => 0.0 ||
	 | calctime => 4.0325500000000004E-4 ||
	 | calibfloatingpv => 0.09927549124527901 ||
	 | calibswaprate => 0.02059999999999998 ||
	 | cleanfixeddv01 => 4.819198604139763E-4 ||
	 | cleanfloatingdv01 => -4.819198604139763E-4 ||
	 | cleanfloatingpv => -0.09927549124527892 ||
	 | cleanprice => 100.0000000000002 ||
	 | cleanpv => 2.040034807748725E-15 ||
	 | cumulativeconvexityadjustmentpremium => 0.0 ||
	 | cumulativecouponamount => 0.0 ||
	 | cumulativecoupondcf => 0.0 ||
	 | derivedaccrued => 0.0 ||
	 | derivedaccrued01 => 0.0 ||
	 | derivedcleandv01 => -4.819198604139763E-4 ||
	 | derivedcleanpv => -0.09927549124527892 ||
	 | derivedcumulativeconvexityadjustmentfactor => 1.0 ||
	 | derivedcumulativeconvexityadjustmentpremium => -0.0 ||
	 | derivedcumulativecouponamount => 0.0 ||
	 | derivedcumulativecoupondcf => 0.0 ||
	 | deriveddirtydv01 => -4.819198604139763E-4 ||
	 | deriveddirtypv => -0.09927549124527892 ||
	 | deriveddv01 => -4.819198604139763E-4 ||
	 | derivedfixing01 => 0.0 ||
	 | derivedparbasisspread => 4.2331411824287654E-12 ||
	 | derivedpv => -0.09927549124527892 ||
	 | derivedresetdate => -2.147483648E9 ||
	 | derivedresetrate => NaN ||
	 | dirtyfixeddv01 => 4.819198604139763E-4 ||
	 | dirtyfixedpv => 0.09927549124528096 ||
	 | dirtyfloatingdv01 => -4.819198604139763E-4 ||
	 | dirtyfloatingpv => -0.09927549124527892 ||
	 | dirtyprice => 100.0000000000002 ||
	 | dirtypv => 2.040034807748725E-15 ||
	 | fairpremium => 0.02059999999999996 ||
	 | fixedaccrued => 0.0 ||
	 | fixedaccrued01 => 0.0 ||
	 | fixeddv01 => 4.819198604139763E-4 ||
	 | fixedstream::hkd/hkd::3::{02-nov-2018->02-nov-2023}@accrualcoupon => NaN ||
	 | fixedstream::hkd/hkd::3::{02-nov-2018->02-nov-2023}@accrued => 0.0 ||
	 | fixedstream::hkd/hkd::3::{02-nov-2018->02-nov-2023}@accrued01 => 0.0 ||
	 | fixedstream::hkd/hkd::3::{02-nov-2018->02-nov-2023}@calctime => 7.1363E-5 ||
	 | fixedstream::hkd/hkd::3::{02-nov-2018->02-nov-2023}@cleandv01 => 4.819198604139763E-4 ||
	 | fixedstream::hkd/hkd::3::{02-nov-2018->02-nov-2023}@cleanprice => 109.92754912452808 ||
	 | fixedstream::hkd/hkd::3::{02-nov-2018->02-nov-2023}@cleanpv => 0.09927549124528096 ||
	 | fixedstream::hkd/hkd::3::{02-nov-2018->02-nov-2023}@compoundingadjustedcleandv01 => 4.819198604139763E-4 ||
	 | fixedstream::hkd/hkd::3::{02-nov-2018->02-nov-2023}@compoundingadjustedcleanprice => 109.92754912452808 ||
	 | fixedstream::hkd/hkd::3::{02-nov-2018->02-nov-2023}@compoundingadjustedcleanpv => 0.09927549124528096 ||
	 | fixedstream::hkd/hkd::3::{02-nov-2018->02-nov-2023}@compoundingadjusteddirtydv01 => 4.819198604139763E-4 ||
	 | fixedstream::hkd/hkd::3::{02-nov-2018->02-nov-2023}@compoundingadjusteddirtyprice => 109.92754912452808 ||
	 | fixedstream::hkd/hkd::3::{02-nov-2018->02-nov-2023}@compoundingadjusteddirtypv => 0.09927549124528096 ||
	 | fixedstream::hkd/hkd::3::{02-nov-2018->02-nov-2023}@compoundingadjustedfairpremium => 0.020600000000000382 ||
	 | fixedstream::hkd/hkd::3::{02-nov-2018->02-nov-2023}@compoundingadjustedparrate => 0.020600000000000382 ||
	 | fixedstream::hkd/hkd::3::{02-nov-2018->02-nov-2023}@compoundingadjustedprice => 109.92754912452808 ||
	 | fixedstream::hkd/hkd::3::{02-nov-2018->02-nov-2023}@compoundingadjustedpv => 0.09927549124528096 ||
	 | fixedstream::hkd/hkd::3::{02-nov-2018->02-nov-2023}@compoundingadjustedrate => 0.020600000000000382 ||
	 | fixedstream::hkd/hkd::3::{02-nov-2018->02-nov-2023}@compoundingadjustedupfront => 0.09927549124528096 ||
	 | fixedstream::hkd/hkd::3::{02-nov-2018->02-nov-2023}@compoundingadjustmentfactor => 1.0 ||
	 | fixedstream::hkd/hkd::3::{02-nov-2018->02-nov-2023}@compoundingadjustmentpremium => 0.0 ||
	 | fixedstream::hkd/hkd::3::{02-nov-2018->02-nov-2023}@compoundingadjustmentpremiumupfront => 0.0 ||
	 | fixedstream::hkd/hkd::3::{02-nov-2018->02-nov-2023}@creditforwardconvexityadjustedcleandv01 => 4.819198604139763E-4 ||
	 | fixedstream::hkd/hkd::3::{02-nov-2018->02-nov-2023}@creditforwardconvexityadjustedcleanprice => 109.92754912452808 ||
	 | fixedstream::hkd/hkd::3::{02-nov-2018->02-nov-2023}@creditforwardconvexityadjustedcleanpv => 0.09927549124528096 ||
	 | fixedstream::hkd/hkd::3::{02-nov-2018->02-nov-2023}@creditforwardconvexityadjusteddirtydv01 => 4.819198604139763E-4 ||
	 | fixedstream::hkd/hkd::3::{02-nov-2018->02-nov-2023}@creditforwardconvexityadjusteddirtyprice => 109.92754912452808 ||
	 | fixedstream::hkd/hkd::3::{02-nov-2018->02-nov-2023}@creditforwardconvexityadjusteddirtypv => 0.09927549124528096 ||
	 | fixedstream::hkd/hkd::3::{02-nov-2018->02-nov-2023}@creditforwardconvexityadjusteddv01 => 4.819198604139763E-4 ||
	 | fixedstream::hkd/hkd::3::{02-nov-2018->02-nov-2023}@creditforwardconvexityadjustedfairpremium => 0.020600000000000382 ||
	 | fixedstream::hkd/hkd::3::{02-nov-2018->02-nov-2023}@creditforwardconvexityadjustedparrate => 0.020600000000000382 ||
	 | fixedstream::hkd/hkd::3::{02-nov-2018->02-nov-2023}@creditforwardconvexityadjustedprice => 109.92754912452808 ||
	 | fixedstream::hkd/hkd::3::{02-nov-2018->02-nov-2023}@creditforwardconvexityadjustedpv => 0.09927549124528096 ||
	 | fixedstream::hkd/hkd::3::{02-nov-2018->02-nov-2023}@creditforwardconvexityadjustedrate => 0.020600000000000382 ||
	 | fixedstream::hkd/hkd::3::{02-nov-2018->02-nov-2023}@creditforwardconvexityadjustedupfront => 0.09927549124528096 ||
	 | fixedstream::hkd/hkd::3::{02-nov-2018->02-nov-2023}@creditforwardconvexityadjustmentfactor => 1.0 ||
	 | fixedstream::hkd/hkd::3::{02-nov-2018->02-nov-2023}@creditforwardconvexityadjustmentpremium => 0.0 ||
	 | fixedstream::hkd/hkd::3::{02-nov-2018->02-nov-2023}@creditforwardconvexityadjustmentpremiumupfront => 0.0 ||
	 | fixedstream::hkd/hkd::3::{02-nov-2018->02-nov-2023}@creditfundingconvexityadjustedcleandv01 => 4.819198604139763E-4 ||
	 | fixedstream::hkd/hkd::3::{02-nov-2018->02-nov-2023}@creditfundingconvexityadjustedcleanprice => 109.92754912452808 ||
	 | fixedstream::hkd/hkd::3::{02-nov-2018->02-nov-2023}@creditfundingconvexityadjustedcleanpv => 0.09927549124528096 ||
	 | fixedstream::hkd/hkd::3::{02-nov-2018->02-nov-2023}@creditfundingconvexityadjusteddirtydv01 => 4.819198604139763E-4 ||
	 | fixedstream::hkd/hkd::3::{02-nov-2018->02-nov-2023}@creditfundingconvexityadjusteddirtyprice => 109.92754912452808 ||
	 | fixedstream::hkd/hkd::3::{02-nov-2018->02-nov-2023}@creditfundingconvexityadjusteddirtypv => 0.09927549124528096 ||
	 | fixedstream::hkd/hkd::3::{02-nov-2018->02-nov-2023}@creditfundingconvexityadjusteddv01 => 4.819198604139763E-4 ||
	 | fixedstream::hkd/hkd::3::{02-nov-2018->02-nov-2023}@creditfundingconvexityadjustedfairpremium => 0.020600000000000382 ||
	 | fixedstream::hkd/hkd::3::{02-nov-2018->02-nov-2023}@creditfundingconvexityadjustedparrate => 0.020600000000000382 ||
	 | fixedstream::hkd/hkd::3::{02-nov-2018->02-nov-2023}@creditfundingconvexityadjustedprice => 109.92754912452808 ||
	 | fixedstream::hkd/hkd::3::{02-nov-2018->02-nov-2023}@creditfundingconvexityadjustedpv => 0.09927549124528096 ||
	 | fixedstream::hkd/hkd::3::{02-nov-2018->02-nov-2023}@creditfundingconvexityadjustedrate => 0.020600000000000382 ||
	 | fixedstream::hkd/hkd::3::{02-nov-2018->02-nov-2023}@creditfundingconvexityadjustedupfront => 0.09927549124528096 ||
	 | fixedstream::hkd/hkd::3::{02-nov-2018->02-nov-2023}@creditfundingconvexityadjustmentfactor => 1.0 ||
	 | fixedstream::hkd/hkd::3::{02-nov-2018->02-nov-2023}@creditfundingconvexityadjustmentpremium => 0.0 ||
	 | fixedstream::hkd/hkd::3::{02-nov-2018->02-nov-2023}@creditfundingconvexityadjustmentpremiumupfront => 0.0 ||
	 | fixedstream::hkd/hkd::3::{02-nov-2018->02-nov-2023}@creditfxconvexityadjustedcleandv01 => 4.819198604139763E-4 ||
	 | fixedstream::hkd/hkd::3::{02-nov-2018->02-nov-2023}@creditfxconvexityadjustedcleanprice => 109.92754912452808 ||
	 | fixedstream::hkd/hkd::3::{02-nov-2018->02-nov-2023}@creditfxconvexityadjustedcleanpv => 0.09927549124528096 ||
	 | fixedstream::hkd/hkd::3::{02-nov-2018->02-nov-2023}@creditfxconvexityadjusteddirtydv01 => 4.819198604139763E-4 ||
	 | fixedstream::hkd/hkd::3::{02-nov-2018->02-nov-2023}@creditfxconvexityadjusteddirtyprice => 109.92754912452808 ||
	 | fixedstream::hkd/hkd::3::{02-nov-2018->02-nov-2023}@creditfxconvexityadjusteddirtypv => 0.09927549124528096 ||
	 | fixedstream::hkd/hkd::3::{02-nov-2018->02-nov-2023}@creditfxconvexityadjusteddv01 => 4.819198604139763E-4 ||
	 | fixedstream::hkd/hkd::3::{02-nov-2018->02-nov-2023}@creditfxconvexityadjustedfairpremium => 0.020600000000000382 ||
	 | fixedstream::hkd/hkd::3::{02-nov-2018->02-nov-2023}@creditfxconvexityadjustedparrate => 0.020600000000000382 ||
	 | fixedstream::hkd/hkd::3::{02-nov-2018->02-nov-2023}@creditfxconvexityadjustedprice => 109.92754912452808 ||
	 | fixedstream::hkd/hkd::3::{02-nov-2018->02-nov-2023}@creditfxconvexityadjustedpv => 0.09927549124528096 ||
	 | fixedstream::hkd/hkd::3::{02-nov-2018->02-nov-2023}@creditfxconvexityadjustedrate => 0.020600000000000382 ||
	 | fixedstream::hkd/hkd::3::{02-nov-2018->02-nov-2023}@creditfxconvexityadjustedupfront => 0.09927549124528096 ||
	 | fixedstream::hkd/hkd::3::{02-nov-2018->02-nov-2023}@creditfxconvexityadjustmentfactor => 1.0 ||
	 | fixedstream::hkd/hkd::3::{02-nov-2018->02-nov-2023}@creditfxconvexityadjustmentpremium => 0.0 ||
	 | fixedstream::hkd/hkd::3::{02-nov-2018->02-nov-2023}@creditfxconvexityadjustmentpremiumupfront => 0.0 ||
	 | fixedstream::hkd/hkd::3::{02-nov-2018->02-nov-2023}@cumulativeconvexityadjustedcleandv01 => 4.819198604139763E-4 ||
	 | fixedstream::hkd/hkd::3::{02-nov-2018->02-nov-2023}@cumulativeconvexityadjustedcleanprice => 109.92754912452808 ||
	 | fixedstream::hkd/hkd::3::{02-nov-2018->02-nov-2023}@cumulativeconvexityadjustedcleanpv => 0.09927549124528096 ||
	 | fixedstream::hkd/hkd::3::{02-nov-2018->02-nov-2023}@cumulativeconvexityadjusteddirtydv01 => 4.819198604139763E-4 ||
	 | fixedstream::hkd/hkd::3::{02-nov-2018->02-nov-2023}@cumulativeconvexityadjusteddirtyprice => 109.92754912452808 ||
	 | fixedstream::hkd/hkd::3::{02-nov-2018->02-nov-2023}@cumulativeconvexityadjusteddirtypv => 0.09927549124528096 ||
	 | fixedstream::hkd/hkd::3::{02-nov-2018->02-nov-2023}@cumulativeconvexityadjusteddv01 => 4.819198604139763E-4 ||
	 | fixedstream::hkd/hkd::3::{02-nov-2018->02-nov-2023}@cumulativeconvexityadjustedfairpremium => 0.020600000000000382 ||
	 | fixedstream::hkd/hkd::3::{02-nov-2018->02-nov-2023}@cumulativeconvexityadjustedparrate => 0.020600000000000382 ||
	 | fixedstream::hkd/hkd::3::{02-nov-2018->02-nov-2023}@cumulativeconvexityadjustedprice => 109.92754912452808 ||
	 | fixedstream::hkd/hkd::3::{02-nov-2018->02-nov-2023}@cumulativeconvexityadjustedpv => 0.09927549124528096 ||
	 | fixedstream::hkd/hkd::3::{02-nov-2018->02-nov-2023}@cumulativeconvexityadjustedrate => 0.020600000000000382 ||
	 | fixedstream::hkd/hkd::3::{02-nov-2018->02-nov-2023}@cumulativeconvexityadjustedupfront => 0.09927549124528096 ||
	 | fixedstream::hkd/hkd::3::{02-nov-2018->02-nov-2023}@cumulativeconvexityadjustmentfactor => 1.0 ||
	 | fixedstream::hkd/hkd::3::{02-nov-2018->02-nov-2023}@cumulativeconvexityadjustmentpremium => 0.0 ||
	 | fixedstream::hkd/hkd::3::{02-nov-2018->02-nov-2023}@cumulativeconvexityadjustmentpremiumupfront => 0.0 ||
	 | fixedstream::hkd/hkd::3::{02-nov-2018->02-nov-2023}@cumulativecouponamount => 0.0 ||
	 | fixedstream::hkd/hkd::3::{02-nov-2018->02-nov-2023}@cumulativecoupondcf => 0.0 ||
	 | fixedstream::hkd/hkd::3::{02-nov-2018->02-nov-2023}@cv01 => 4.819198604139763E-4 ||
	 | fixedstream::hkd/hkd::3::{02-nov-2018->02-nov-2023}@dirtydv01 => 4.819198604139763E-4 ||
	 | fixedstream::hkd/hkd::3::{02-nov-2018->02-nov-2023}@dirtyprice => 109.92754912452808 ||
	 | fixedstream::hkd/hkd::3::{02-nov-2018->02-nov-2023}@dirtypv => 0.09927549124528096 ||
	 | fixedstream::hkd/hkd::3::{02-nov-2018->02-nov-2023}@dv01 => 4.819198604139763E-4 ||
	 | fixedstream::hkd/hkd::3::{02-nov-2018->02-nov-2023}@fairpremium => 0.020600000000000382 ||
	 | fixedstream::hkd/hkd::3::{02-nov-2018->02-nov-2023}@fixing01 => 0.0 ||
	 | fixedstream::hkd/hkd::3::{02-nov-2018->02-nov-2023}@forwardfundingconvexityadjustedcleandv01 => 4.819198604139763E-4 ||
	 | fixedstream::hkd/hkd::3::{02-nov-2018->02-nov-2023}@forwardfundingconvexityadjustedcleanprice => 109.92754912452808 ||
	 | fixedstream::hkd/hkd::3::{02-nov-2018->02-nov-2023}@forwardfundingconvexityadjustedcleanpv => 0.09927549124528096 ||
	 | fixedstream::hkd/hkd::3::{02-nov-2018->02-nov-2023}@forwardfundingconvexityadjusteddirtydv01 => 4.819198604139763E-4 ||
	 | fixedstream::hkd/hkd::3::{02-nov-2018->02-nov-2023}@forwardfundingconvexityadjusteddirtyprice => 109.92754912452808 ||
	 | fixedstream::hkd/hkd::3::{02-nov-2018->02-nov-2023}@forwardfundingconvexityadjusteddirtypv => 0.09927549124528096 ||
	 | fixedstream::hkd/hkd::3::{02-nov-2018->02-nov-2023}@forwardfundingconvexityadjusteddv01 => 4.819198604139763E-4 ||
	 | fixedstream::hkd/hkd::3::{02-nov-2018->02-nov-2023}@forwardfundingconvexityadjustedfairpremium => 0.020600000000000382 ||
	 | fixedstream::hkd/hkd::3::{02-nov-2018->02-nov-2023}@forwardfundingconvexityadjustedparrate => 0.020600000000000382 ||
	 | fixedstream::hkd/hkd::3::{02-nov-2018->02-nov-2023}@forwardfundingconvexityadjustedprice => 109.92754912452808 ||
	 | fixedstream::hkd/hkd::3::{02-nov-2018->02-nov-2023}@forwardfundingconvexityadjustedpv => 0.09927549124528096 ||
	 | fixedstream::hkd/hkd::3::{02-nov-2018->02-nov-2023}@forwardfundingconvexityadjustedrate => 0.020600000000000382 ||
	 | fixedstream::hkd/hkd::3::{02-nov-2018->02-nov-2023}@forwardfundingconvexityadjustedupfront => 0.09927549124528096 ||
	 | fixedstream::hkd/hkd::3::{02-nov-2018->02-nov-2023}@forwardfundingconvexityadjustmentfactor => 1.0 ||
	 | fixedstream::hkd/hkd::3::{02-nov-2018->02-nov-2023}@forwardfundingconvexityadjustmentpremium => 0.0 ||
	 | fixedstream::hkd/hkd::3::{02-nov-2018->02-nov-2023}@forwardfundingconvexityadjustmentpremiumupfront => 0.0 ||
	 | fixedstream::hkd/hkd::3::{02-nov-2018->02-nov-2023}@forwardfxconvexityadjustedcleandv01 => 4.819198604139763E-4 ||
	 | fixedstream::hkd/hkd::3::{02-nov-2018->02-nov-2023}@forwardfxconvexityadjustedcleanprice => 109.92754912452808 ||
	 | fixedstream::hkd/hkd::3::{02-nov-2018->02-nov-2023}@forwardfxconvexityadjustedcleanpv => 0.09927549124528096 ||
	 | fixedstream::hkd/hkd::3::{02-nov-2018->02-nov-2023}@forwardfxconvexityadjusteddirtydv01 => 4.819198604139763E-4 ||
	 | fixedstream::hkd/hkd::3::{02-nov-2018->02-nov-2023}@forwardfxconvexityadjusteddirtyprice => 109.92754912452808 ||
	 | fixedstream::hkd/hkd::3::{02-nov-2018->02-nov-2023}@forwardfxconvexityadjusteddirtypv => 0.09927549124528096 ||
	 | fixedstream::hkd/hkd::3::{02-nov-2018->02-nov-2023}@forwardfxconvexityadjusteddv01 => 4.819198604139763E-4 ||
	 | fixedstream::hkd/hkd::3::{02-nov-2018->02-nov-2023}@forwardfxconvexityadjustedfairpremium => 0.020600000000000382 ||
	 | fixedstream::hkd/hkd::3::{02-nov-2018->02-nov-2023}@forwardfxconvexityadjustedparrate => 0.020600000000000382 ||
	 | fixedstream::hkd/hkd::3::{02-nov-2018->02-nov-2023}@forwardfxconvexityadjustedprice => 109.92754912452808 ||
	 | fixedstream::hkd/hkd::3::{02-nov-2018->02-nov-2023}@forwardfxconvexityadjustedpv => 0.09927549124528096 ||
	 | fixedstream::hkd/hkd::3::{02-nov-2018->02-nov-2023}@forwardfxconvexityadjustedrate => 0.020600000000000382 ||
	 | fixedstream::hkd/hkd::3::{02-nov-2018->02-nov-2023}@forwardfxconvexityadjustedupfront => 0.09927549124528096 ||
	 | fixedstream::hkd/hkd::3::{02-nov-2018->02-nov-2023}@forwardfxconvexityadjustmentfactor => 1.0 ||
	 | fixedstream::hkd/hkd::3::{02-nov-2018->02-nov-2023}@forwardfxconvexityadjustmentpremium => 0.0 ||
	 | fixedstream::hkd/hkd::3::{02-nov-2018->02-nov-2023}@forwardfxconvexityadjustmentpremiumupfront => 0.0 ||
	 | fixedstream::hkd/hkd::3::{02-nov-2018->02-nov-2023}@fundingfxconvexityadjustedcleandv01 => 4.819198604139763E-4 ||
	 | fixedstream::hkd/hkd::3::{02-nov-2018->02-nov-2023}@fundingfxconvexityadjustedcleanprice => 109.92754912452808 ||
	 | fixedstream::hkd/hkd::3::{02-nov-2018->02-nov-2023}@fundingfxconvexityadjustedcleanpv => 0.09927549124528096 ||
	 | fixedstream::hkd/hkd::3::{02-nov-2018->02-nov-2023}@fundingfxconvexityadjusteddirtydv01 => 4.819198604139763E-4 ||
	 | fixedstream::hkd/hkd::3::{02-nov-2018->02-nov-2023}@fundingfxconvexityadjusteddirtyprice => 109.92754912452808 ||
	 | fixedstream::hkd/hkd::3::{02-nov-2018->02-nov-2023}@fundingfxconvexityadjusteddirtypv => 0.09927549124528096 ||
	 | fixedstream::hkd/hkd::3::{02-nov-2018->02-nov-2023}@fundingfxconvexityadjusteddv01 => 4.819198604139763E-4 ||
	 | fixedstream::hkd/hkd::3::{02-nov-2018->02-nov-2023}@fundingfxconvexityadjustedfairpremium => 0.020600000000000382 ||
	 | fixedstream::hkd/hkd::3::{02-nov-2018->02-nov-2023}@fundingfxconvexityadjustedparrate => 0.020600000000000382 ||
	 | fixedstream::hkd/hkd::3::{02-nov-2018->02-nov-2023}@fundingfxconvexityadjustedprice => 109.92754912452808 ||
	 | fixedstream::hkd/hkd::3::{02-nov-2018->02-nov-2023}@fundingfxconvexityadjustedpv => 0.09927549124528096 ||
	 | fixedstream::hkd/hkd::3::{02-nov-2018->02-nov-2023}@fundingfxconvexityadjustedrate => 0.020600000000000382 ||
	 | fixedstream::hkd/hkd::3::{02-nov-2018->02-nov-2023}@fundingfxconvexityadjustedupfront => 0.09927549124528096 ||
	 | fixedstream::hkd/hkd::3::{02-nov-2018->02-nov-2023}@fundingfxconvexityadjustmentfactor => 1.0 ||
	 | fixedstream::hkd/hkd::3::{02-nov-2018->02-nov-2023}@fundingfxconvexityadjustmentpremium => 0.0 ||
	 | fixedstream::hkd/hkd::3::{02-nov-2018->02-nov-2023}@fundingfxconvexityadjustmentpremiumupfront => 0.0 ||
	 | fixedstream::hkd/hkd::3::{02-nov-2018->02-nov-2023}@parrate => 0.020600000000000382 ||
	 | fixedstream::hkd/hkd::3::{02-nov-2018->02-nov-2023}@price => 109.92754912452808 ||
	 | fixedstream::hkd/hkd::3::{02-nov-2018->02-nov-2023}@pv => 0.09927549124528096 ||
	 | fixedstream::hkd/hkd::3::{02-nov-2018->02-nov-2023}@rate => 0.020600000000000382 ||
	 | fixedstream::hkd/hkd::3::{02-nov-2018->02-nov-2023}@resetdate => -2.147483648E9 ||
	 | fixedstream::hkd/hkd::3::{02-nov-2018->02-nov-2023}@resetrate => NaN ||
	 | fixedstream::hkd/hkd::3::{02-nov-2018->02-nov-2023}@totalcoupon => 0.4120000000000076 ||
	 | fixedstream::hkd/hkd::3::{02-nov-2018->02-nov-2023}@unadjustedcleandv01 => 4.819198604139763E-4 ||
	 | fixedstream::hkd/hkd::3::{02-nov-2018->02-nov-2023}@unadjustedcleanprice => 109.92754912452808 ||
	 | fixedstream::hkd/hkd::3::{02-nov-2018->02-nov-2023}@unadjustedcleanpv => 0.09927549124528096 ||
	 | fixedstream::hkd/hkd::3::{02-nov-2018->02-nov-2023}@unadjusteddirtydv01 => 4.819198604139763E-4 ||
	 | fixedstream::hkd/hkd::3::{02-nov-2018->02-nov-2023}@unadjusteddirtyprice => 109.92754912452808 ||
	 | fixedstream::hkd/hkd::3::{02-nov-2018->02-nov-2023}@unadjusteddirtypv => 0.09927549124528096 ||
	 | fixedstream::hkd/hkd::3::{02-nov-2018->02-nov-2023}@unadjustedfairpremium => 0.020600000000000382 ||
	 | fixedstream::hkd/hkd::3::{02-nov-2018->02-nov-2023}@unadjustedparrate => 0.020600000000000382 ||
	 | fixedstream::hkd/hkd::3::{02-nov-2018->02-nov-2023}@unadjustedprice => 109.92754912452808 ||
	 | fixedstream::hkd/hkd::3::{02-nov-2018->02-nov-2023}@unadjustedpv => 0.09927549124528096 ||
	 | fixedstream::hkd/hkd::3::{02-nov-2018->02-nov-2023}@unadjustedrate => 0.020600000000000382 ||
	 | fixedstream::hkd/hkd::3::{02-nov-2018->02-nov-2023}@unadjustedupfront => 0.09927549124528096 ||
	 | fixedstream::hkd/hkd::3::{02-nov-2018->02-nov-2023}@upfront => 0.09927549124528096 ||
	 | fixing01 => 0.0 ||
	 | floataccrued => 0.0 ||
	 | floataccrued01 => 0.0 ||
	 | floatdv01 => -4.819198604139763E-4 ||
	 | floatstream::hkd::hkd-hibor-3m::{02-nov-2018->02-nov-2023}@accrualcoupon => NaN ||
	 | floatstream::hkd::hkd-hibor-3m::{02-nov-2018->02-nov-2023}@accrued => 0.0 ||
	 | floatstream::hkd::hkd-hibor-3m::{02-nov-2018->02-nov-2023}@accrued01 => 0.0 ||
	 | floatstream::hkd::hkd-hibor-3m::{02-nov-2018->02-nov-2023}@calctime => 9.590500000000001E-5 ||
	 | floatstream::hkd::hkd-hibor-3m::{02-nov-2018->02-nov-2023}@cleandv01 => -4.819198604139763E-4 ||
	 | floatstream::hkd::hkd-hibor-3m::{02-nov-2018->02-nov-2023}@cleanprice => 109.92754912452789 ||
	 | floatstream::hkd::hkd-hibor-3m::{02-nov-2018->02-nov-2023}@cleanpv => -0.09927549124527892 ||
	 | floatstream::hkd::hkd-hibor-3m::{02-nov-2018->02-nov-2023}@compoundingadjustedcleandv01 => -4.819198604139763E-4 ||
	 | floatstream::hkd::hkd-hibor-3m::{02-nov-2018->02-nov-2023}@compoundingadjustedcleanprice => 109.92754912452789 ||
	 | floatstream::hkd::hkd-hibor-3m::{02-nov-2018->02-nov-2023}@compoundingadjustedcleanpv => -0.09927549124527892 ||
	 | floatstream::hkd::hkd-hibor-3m::{02-nov-2018->02-nov-2023}@compoundingadjusteddirtydv01 => -4.819198604139763E-4 ||
	 | floatstream::hkd::hkd-hibor-3m::{02-nov-2018->02-nov-2023}@compoundingadjusteddirtyprice => 109.92754912452789 ||
	 | floatstream::hkd::hkd-hibor-3m::{02-nov-2018->02-nov-2023}@compoundingadjusteddirtypv => -0.09927549124527892 ||
	 | floatstream::hkd::hkd-hibor-3m::{02-nov-2018->02-nov-2023}@compoundingadjustedfairpremium => 0.02059999999999996 ||
	 | floatstream::hkd::hkd-hibor-3m::{02-nov-2018->02-nov-2023}@compoundingadjustedparrate => 0.02059999999999996 ||
	 | floatstream::hkd::hkd-hibor-3m::{02-nov-2018->02-nov-2023}@compoundingadjustedprice => 109.92754912452789 ||
	 | floatstream::hkd::hkd-hibor-3m::{02-nov-2018->02-nov-2023}@compoundingadjustedpv => -0.09927549124527892 ||
	 | floatstream::hkd::hkd-hibor-3m::{02-nov-2018->02-nov-2023}@compoundingadjustedrate => 0.02059999999999996 ||
	 | floatstream::hkd::hkd-hibor-3m::{02-nov-2018->02-nov-2023}@compoundingadjustedupfront => -0.09927549124527892 ||
	 | floatstream::hkd::hkd-hibor-3m::{02-nov-2018->02-nov-2023}@compoundingadjustmentfactor => 1.0 ||
	 | floatstream::hkd::hkd-hibor-3m::{02-nov-2018->02-nov-2023}@compoundingadjustmentpremium => 0.0 ||
	 | floatstream::hkd::hkd-hibor-3m::{02-nov-2018->02-nov-2023}@compoundingadjustmentpremiumupfront => -0.0 ||
	 | floatstream::hkd::hkd-hibor-3m::{02-nov-2018->02-nov-2023}@creditforwardconvexityadjustedcleandv01 => -4.819198604139763E-4 ||
	 | floatstream::hkd::hkd-hibor-3m::{02-nov-2018->02-nov-2023}@creditforwardconvexityadjustedcleanprice => 109.92754912452789 ||
	 | floatstream::hkd::hkd-hibor-3m::{02-nov-2018->02-nov-2023}@creditforwardconvexityadjustedcleanpv => -0.09927549124527892 ||
	 | floatstream::hkd::hkd-hibor-3m::{02-nov-2018->02-nov-2023}@creditforwardconvexityadjusteddirtydv01 => -4.819198604139763E-4 ||
	 | floatstream::hkd::hkd-hibor-3m::{02-nov-2018->02-nov-2023}@creditforwardconvexityadjusteddirtyprice => 109.92754912452789 ||
	 | floatstream::hkd::hkd-hibor-3m::{02-nov-2018->02-nov-2023}@creditforwardconvexityadjusteddirtypv => -0.09927549124527892 ||
	 | floatstream::hkd::hkd-hibor-3m::{02-nov-2018->02-nov-2023}@creditforwardconvexityadjusteddv01 => -4.819198604139763E-4 ||
	 | floatstream::hkd::hkd-hibor-3m::{02-nov-2018->02-nov-2023}@creditforwardconvexityadjustedfairpremium => 0.02059999999999996 ||
	 | floatstream::hkd::hkd-hibor-3m::{02-nov-2018->02-nov-2023}@creditforwardconvexityadjustedparrate => 0.02059999999999996 ||
	 | floatstream::hkd::hkd-hibor-3m::{02-nov-2018->02-nov-2023}@creditforwardconvexityadjustedprice => 109.92754912452789 ||
	 | floatstream::hkd::hkd-hibor-3m::{02-nov-2018->02-nov-2023}@creditforwardconvexityadjustedpv => -0.09927549124527892 ||
	 | floatstream::hkd::hkd-hibor-3m::{02-nov-2018->02-nov-2023}@creditforwardconvexityadjustedrate => 0.02059999999999996 ||
	 | floatstream::hkd::hkd-hibor-3m::{02-nov-2018->02-nov-2023}@creditforwardconvexityadjustedupfront => -0.09927549124527892 ||
	 | floatstream::hkd::hkd-hibor-3m::{02-nov-2018->02-nov-2023}@creditforwardconvexityadjustmentfactor => 1.0 ||
	 | floatstream::hkd::hkd-hibor-3m::{02-nov-2018->02-nov-2023}@creditforwardconvexityadjustmentpremium => 0.0 ||
	 | floatstream::hkd::hkd-hibor-3m::{02-nov-2018->02-nov-2023}@creditforwardconvexityadjustmentpremiumupfront => -0.0 ||
	 | floatstream::hkd::hkd-hibor-3m::{02-nov-2018->02-nov-2023}@creditfundingconvexityadjustedcleandv01 => -4.819198604139763E-4 ||
	 | floatstream::hkd::hkd-hibor-3m::{02-nov-2018->02-nov-2023}@creditfundingconvexityadjustedcleanprice => 109.92754912452789 ||
	 | floatstream::hkd::hkd-hibor-3m::{02-nov-2018->02-nov-2023}@creditfundingconvexityadjustedcleanpv => -0.09927549124527892 ||
	 | floatstream::hkd::hkd-hibor-3m::{02-nov-2018->02-nov-2023}@creditfundingconvexityadjusteddirtydv01 => -4.819198604139763E-4 ||
	 | floatstream::hkd::hkd-hibor-3m::{02-nov-2018->02-nov-2023}@creditfundingconvexityadjusteddirtyprice => 109.92754912452789 ||
	 | floatstream::hkd::hkd-hibor-3m::{02-nov-2018->02-nov-2023}@creditfundingconvexityadjusteddirtypv => -0.09927549124527892 ||
	 | floatstream::hkd::hkd-hibor-3m::{02-nov-2018->02-nov-2023}@creditfundingconvexityadjusteddv01 => -4.819198604139763E-4 ||
	 | floatstream::hkd::hkd-hibor-3m::{02-nov-2018->02-nov-2023}@creditfundingconvexityadjustedfairpremium => 0.02059999999999996 ||
	 | floatstream::hkd::hkd-hibor-3m::{02-nov-2018->02-nov-2023}@creditfundingconvexityadjustedparrate => 0.02059999999999996 ||
	 | floatstream::hkd::hkd-hibor-3m::{02-nov-2018->02-nov-2023}@creditfundingconvexityadjustedprice => 109.92754912452789 ||
	 | floatstream::hkd::hkd-hibor-3m::{02-nov-2018->02-nov-2023}@creditfundingconvexityadjustedpv => -0.09927549124527892 ||
	 | floatstream::hkd::hkd-hibor-3m::{02-nov-2018->02-nov-2023}@creditfundingconvexityadjustedrate => 0.02059999999999996 ||
	 | floatstream::hkd::hkd-hibor-3m::{02-nov-2018->02-nov-2023}@creditfundingconvexityadjustedupfront => -0.09927549124527892 ||
	 | floatstream::hkd::hkd-hibor-3m::{02-nov-2018->02-nov-2023}@creditfundingconvexityadjustmentfactor => 1.0 ||
	 | floatstream::hkd::hkd-hibor-3m::{02-nov-2018->02-nov-2023}@creditfundingconvexityadjustmentpremium => 0.0 ||
	 | floatstream::hkd::hkd-hibor-3m::{02-nov-2018->02-nov-2023}@creditfundingconvexityadjustmentpremiumupfront => -0.0 ||
	 | floatstream::hkd::hkd-hibor-3m::{02-nov-2018->02-nov-2023}@creditfxconvexityadjustedcleandv01 => -4.819198604139763E-4 ||
	 | floatstream::hkd::hkd-hibor-3m::{02-nov-2018->02-nov-2023}@creditfxconvexityadjustedcleanprice => 109.92754912452789 ||
	 | floatstream::hkd::hkd-hibor-3m::{02-nov-2018->02-nov-2023}@creditfxconvexityadjustedcleanpv => -0.09927549124527892 ||
	 | floatstream::hkd::hkd-hibor-3m::{02-nov-2018->02-nov-2023}@creditfxconvexityadjusteddirtydv01 => -4.819198604139763E-4 ||
	 | floatstream::hkd::hkd-hibor-3m::{02-nov-2018->02-nov-2023}@creditfxconvexityadjusteddirtyprice => 109.92754912452789 ||
	 | floatstream::hkd::hkd-hibor-3m::{02-nov-2018->02-nov-2023}@creditfxconvexityadjusteddirtypv => -0.09927549124527892 ||
	 | floatstream::hkd::hkd-hibor-3m::{02-nov-2018->02-nov-2023}@creditfxconvexityadjusteddv01 => -4.819198604139763E-4 ||
	 | floatstream::hkd::hkd-hibor-3m::{02-nov-2018->02-nov-2023}@creditfxconvexityadjustedfairpremium => 0.02059999999999996 ||
	 | floatstream::hkd::hkd-hibor-3m::{02-nov-2018->02-nov-2023}@creditfxconvexityadjustedparrate => 0.02059999999999996 ||
	 | floatstream::hkd::hkd-hibor-3m::{02-nov-2018->02-nov-2023}@creditfxconvexityadjustedprice => 109.92754912452789 ||
	 | floatstream::hkd::hkd-hibor-3m::{02-nov-2018->02-nov-2023}@creditfxconvexityadjustedpv => -0.09927549124527892 ||
	 | floatstream::hkd::hkd-hibor-3m::{02-nov-2018->02-nov-2023}@creditfxconvexityadjustedrate => 0.02059999999999996 ||
	 | floatstream::hkd::hkd-hibor-3m::{02-nov-2018->02-nov-2023}@creditfxconvexityadjustedupfront => -0.09927549124527892 ||
	 | floatstream::hkd::hkd-hibor-3m::{02-nov-2018->02-nov-2023}@creditfxconvexityadjustmentfactor => 1.0 ||
	 | floatstream::hkd::hkd-hibor-3m::{02-nov-2018->02-nov-2023}@creditfxconvexityadjustmentpremium => 0.0 ||
	 | floatstream::hkd::hkd-hibor-3m::{02-nov-2018->02-nov-2023}@creditfxconvexityadjustmentpremiumupfront => -0.0 ||
	 | floatstream::hkd::hkd-hibor-3m::{02-nov-2018->02-nov-2023}@cumulativeconvexityadjustedcleandv01 => -4.819198604139763E-4 ||
	 | floatstream::hkd::hkd-hibor-3m::{02-nov-2018->02-nov-2023}@cumulativeconvexityadjustedcleanprice => 109.92754912452789 ||
	 | floatstream::hkd::hkd-hibor-3m::{02-nov-2018->02-nov-2023}@cumulativeconvexityadjustedcleanpv => -0.09927549124527892 ||
	 | floatstream::hkd::hkd-hibor-3m::{02-nov-2018->02-nov-2023}@cumulativeconvexityadjusteddirtydv01 => -4.819198604139763E-4 ||
	 | floatstream::hkd::hkd-hibor-3m::{02-nov-2018->02-nov-2023}@cumulativeconvexityadjusteddirtyprice => 109.92754912452789 ||
	 | floatstream::hkd::hkd-hibor-3m::{02-nov-2018->02-nov-2023}@cumulativeconvexityadjusteddirtypv => -0.09927549124527892 ||
	 | floatstream::hkd::hkd-hibor-3m::{02-nov-2018->02-nov-2023}@cumulativeconvexityadjusteddv01 => -4.819198604139763E-4 ||
	 | floatstream::hkd::hkd-hibor-3m::{02-nov-2018->02-nov-2023}@cumulativeconvexityadjustedfairpremium => 0.02059999999999996 ||
	 | floatstream::hkd::hkd-hibor-3m::{02-nov-2018->02-nov-2023}@cumulativeconvexityadjustedparrate => 0.02059999999999996 ||
	 | floatstream::hkd::hkd-hibor-3m::{02-nov-2018->02-nov-2023}@cumulativeconvexityadjustedprice => 109.92754912452789 ||
	 | floatstream::hkd::hkd-hibor-3m::{02-nov-2018->02-nov-2023}@cumulativeconvexityadjustedpv => -0.09927549124527892 ||
	 | floatstream::hkd::hkd-hibor-3m::{02-nov-2018->02-nov-2023}@cumulativeconvexityadjustedrate => 0.02059999999999996 ||
	 | floatstream::hkd::hkd-hibor-3m::{02-nov-2018->02-nov-2023}@cumulativeconvexityadjustedupfront => -0.09927549124527892 ||
	 | floatstream::hkd::hkd-hibor-3m::{02-nov-2018->02-nov-2023}@cumulativeconvexityadjustmentfactor => 1.0 ||
	 | floatstream::hkd::hkd-hibor-3m::{02-nov-2018->02-nov-2023}@cumulativeconvexityadjustmentpremium => 0.0 ||
	 | floatstream::hkd::hkd-hibor-3m::{02-nov-2018->02-nov-2023}@cumulativeconvexityadjustmentpremiumupfront => -0.0 ||
	 | floatstream::hkd::hkd-hibor-3m::{02-nov-2018->02-nov-2023}@cumulativecouponamount => 0.0 ||
	 | floatstream::hkd::hkd-hibor-3m::{02-nov-2018->02-nov-2023}@cumulativecoupondcf => 0.0 ||
	 | floatstream::hkd::hkd-hibor-3m::{02-nov-2018->02-nov-2023}@cv01 => -4.819198604139763E-4 ||
	 | floatstream::hkd::hkd-hibor-3m::{02-nov-2018->02-nov-2023}@dirtydv01 => -4.819198604139763E-4 ||
	 | floatstream::hkd::hkd-hibor-3m::{02-nov-2018->02-nov-2023}@dirtyprice => 109.92754912452789 ||
	 | floatstream::hkd::hkd-hibor-3m::{02-nov-2018->02-nov-2023}@dirtypv => -0.09927549124527892 ||
	 | floatstream::hkd::hkd-hibor-3m::{02-nov-2018->02-nov-2023}@dv01 => -4.819198604139763E-4 ||
	 | floatstream::hkd::hkd-hibor-3m::{02-nov-2018->02-nov-2023}@fairpremium => 0.02059999999999996 ||
	 | floatstream::hkd::hkd-hibor-3m::{02-nov-2018->02-nov-2023}@fixing01 => 0.0 ||
	 | floatstream::hkd::hkd-hibor-3m::{02-nov-2018->02-nov-2023}@forwardfundingconvexityadjustedcleandv01 => -4.819198604139763E-4 ||
	 | floatstream::hkd::hkd-hibor-3m::{02-nov-2018->02-nov-2023}@forwardfundingconvexityadjustedcleanprice => 109.92754912452789 ||
	 | floatstream::hkd::hkd-hibor-3m::{02-nov-2018->02-nov-2023}@forwardfundingconvexityadjustedcleanpv => -0.09927549124527892 ||
	 | floatstream::hkd::hkd-hibor-3m::{02-nov-2018->02-nov-2023}@forwardfundingconvexityadjusteddirtydv01 => -4.819198604139763E-4 ||
	 | floatstream::hkd::hkd-hibor-3m::{02-nov-2018->02-nov-2023}@forwardfundingconvexityadjusteddirtyprice => 109.92754912452789 ||
	 | floatstream::hkd::hkd-hibor-3m::{02-nov-2018->02-nov-2023}@forwardfundingconvexityadjusteddirtypv => -0.09927549124527892 ||
	 | floatstream::hkd::hkd-hibor-3m::{02-nov-2018->02-nov-2023}@forwardfundingconvexityadjusteddv01 => -4.819198604139763E-4 ||
	 | floatstream::hkd::hkd-hibor-3m::{02-nov-2018->02-nov-2023}@forwardfundingconvexityadjustedfairpremium => 0.02059999999999996 ||
	 | floatstream::hkd::hkd-hibor-3m::{02-nov-2018->02-nov-2023}@forwardfundingconvexityadjustedparrate => 0.02059999999999996 ||
	 | floatstream::hkd::hkd-hibor-3m::{02-nov-2018->02-nov-2023}@forwardfundingconvexityadjustedprice => 109.92754912452789 ||
	 | floatstream::hkd::hkd-hibor-3m::{02-nov-2018->02-nov-2023}@forwardfundingconvexityadjustedpv => -0.09927549124527892 ||
	 | floatstream::hkd::hkd-hibor-3m::{02-nov-2018->02-nov-2023}@forwardfundingconvexityadjustedrate => 0.02059999999999996 ||
	 | floatstream::hkd::hkd-hibor-3m::{02-nov-2018->02-nov-2023}@forwardfundingconvexityadjustedupfront => -0.09927549124527892 ||
	 | floatstream::hkd::hkd-hibor-3m::{02-nov-2018->02-nov-2023}@forwardfundingconvexityadjustmentfactor => 1.0 ||
	 | floatstream::hkd::hkd-hibor-3m::{02-nov-2018->02-nov-2023}@forwardfundingconvexityadjustmentpremium => 0.0 ||
	 | floatstream::hkd::hkd-hibor-3m::{02-nov-2018->02-nov-2023}@forwardfundingconvexityadjustmentpremiumupfront => -0.0 ||
	 | floatstream::hkd::hkd-hibor-3m::{02-nov-2018->02-nov-2023}@forwardfxconvexityadjustedcleandv01 => -4.819198604139763E-4 ||
	 | floatstream::hkd::hkd-hibor-3m::{02-nov-2018->02-nov-2023}@forwardfxconvexityadjustedcleanprice => 109.92754912452789 ||
	 | floatstream::hkd::hkd-hibor-3m::{02-nov-2018->02-nov-2023}@forwardfxconvexityadjustedcleanpv => -0.09927549124527892 ||
	 | floatstream::hkd::hkd-hibor-3m::{02-nov-2018->02-nov-2023}@forwardfxconvexityadjusteddirtydv01 => -4.819198604139763E-4 ||
	 | floatstream::hkd::hkd-hibor-3m::{02-nov-2018->02-nov-2023}@forwardfxconvexityadjusteddirtyprice => 109.92754912452789 ||
	 | floatstream::hkd::hkd-hibor-3m::{02-nov-2018->02-nov-2023}@forwardfxconvexityadjusteddirtypv => -0.09927549124527892 ||
	 | floatstream::hkd::hkd-hibor-3m::{02-nov-2018->02-nov-2023}@forwardfxconvexityadjusteddv01 => -4.819198604139763E-4 ||
	 | floatstream::hkd::hkd-hibor-3m::{02-nov-2018->02-nov-2023}@forwardfxconvexityadjustedfairpremium => 0.02059999999999996 ||
	 | floatstream::hkd::hkd-hibor-3m::{02-nov-2018->02-nov-2023}@forwardfxconvexityadjustedparrate => 0.02059999999999996 ||
	 | floatstream::hkd::hkd-hibor-3m::{02-nov-2018->02-nov-2023}@forwardfxconvexityadjustedprice => 109.92754912452789 ||
	 | floatstream::hkd::hkd-hibor-3m::{02-nov-2018->02-nov-2023}@forwardfxconvexityadjustedpv => -0.09927549124527892 ||
	 | floatstream::hkd::hkd-hibor-3m::{02-nov-2018->02-nov-2023}@forwardfxconvexityadjustedrate => 0.02059999999999996 ||
	 | floatstream::hkd::hkd-hibor-3m::{02-nov-2018->02-nov-2023}@forwardfxconvexityadjustedupfront => -0.09927549124527892 ||
	 | floatstream::hkd::hkd-hibor-3m::{02-nov-2018->02-nov-2023}@forwardfxconvexityadjustmentfactor => 1.0 ||
	 | floatstream::hkd::hkd-hibor-3m::{02-nov-2018->02-nov-2023}@forwardfxconvexityadjustmentpremium => 0.0 ||
	 | floatstream::hkd::hkd-hibor-3m::{02-nov-2018->02-nov-2023}@forwardfxconvexityadjustmentpremiumupfront => -0.0 ||
	 | floatstream::hkd::hkd-hibor-3m::{02-nov-2018->02-nov-2023}@fundingfxconvexityadjustedcleandv01 => -4.819198604139763E-4 ||
	 | floatstream::hkd::hkd-hibor-3m::{02-nov-2018->02-nov-2023}@fundingfxconvexityadjustedcleanprice => 109.92754912452789 ||
	 | floatstream::hkd::hkd-hibor-3m::{02-nov-2018->02-nov-2023}@fundingfxconvexityadjustedcleanpv => -0.09927549124527892 ||
	 | floatstream::hkd::hkd-hibor-3m::{02-nov-2018->02-nov-2023}@fundingfxconvexityadjusteddirtydv01 => -4.819198604139763E-4 ||
	 | floatstream::hkd::hkd-hibor-3m::{02-nov-2018->02-nov-2023}@fundingfxconvexityadjusteddirtyprice => 109.92754912452789 ||
	 | floatstream::hkd::hkd-hibor-3m::{02-nov-2018->02-nov-2023}@fundingfxconvexityadjusteddirtypv => -0.09927549124527892 ||
	 | floatstream::hkd::hkd-hibor-3m::{02-nov-2018->02-nov-2023}@fundingfxconvexityadjusteddv01 => -4.819198604139763E-4 ||
	 | floatstream::hkd::hkd-hibor-3m::{02-nov-2018->02-nov-2023}@fundingfxconvexityadjustedfairpremium => 0.02059999999999996 ||
	 | floatstream::hkd::hkd-hibor-3m::{02-nov-2018->02-nov-2023}@fundingfxconvexityadjustedparrate => 0.02059999999999996 ||
	 | floatstream::hkd::hkd-hibor-3m::{02-nov-2018->02-nov-2023}@fundingfxconvexityadjustedprice => 109.92754912452789 ||
	 | floatstream::hkd::hkd-hibor-3m::{02-nov-2018->02-nov-2023}@fundingfxconvexityadjustedpv => -0.09927549124527892 ||
	 | floatstream::hkd::hkd-hibor-3m::{02-nov-2018->02-nov-2023}@fundingfxconvexityadjustedrate => 0.02059999999999996 ||
	 | floatstream::hkd::hkd-hibor-3m::{02-nov-2018->02-nov-2023}@fundingfxconvexityadjustedupfront => -0.09927549124527892 ||
	 | floatstream::hkd::hkd-hibor-3m::{02-nov-2018->02-nov-2023}@fundingfxconvexityadjustmentfactor => 1.0 ||
	 | floatstream::hkd::hkd-hibor-3m::{02-nov-2018->02-nov-2023}@fundingfxconvexityadjustmentpremium => 0.0 ||
	 | floatstream::hkd::hkd-hibor-3m::{02-nov-2018->02-nov-2023}@fundingfxconvexityadjustmentpremiumupfront => -0.0 ||
	 | floatstream::hkd::hkd-hibor-3m::{02-nov-2018->02-nov-2023}@parrate => 0.02059999999999996 ||
	 | floatstream::hkd::hkd-hibor-3m::{02-nov-2018->02-nov-2023}@price => 109.92754912452789 ||
	 | floatstream::hkd::hkd-hibor-3m::{02-nov-2018->02-nov-2023}@pv => -0.09927549124527892 ||
	 | floatstream::hkd::hkd-hibor-3m::{02-nov-2018->02-nov-2023}@rate => 0.02059999999999996 ||
	 | floatstream::hkd::hkd-hibor-3m::{02-nov-2018->02-nov-2023}@resetdate => -2.147483648E9 ||
	 | floatstream::hkd::hkd-hibor-3m::{02-nov-2018->02-nov-2023}@resetrate => NaN ||
	 | floatstream::hkd::hkd-hibor-3m::{02-nov-2018->02-nov-2023}@totalcoupon => 0.41925055506282843 ||
	 | floatstream::hkd::hkd-hibor-3m::{02-nov-2018->02-nov-2023}@unadjustedcleandv01 => -4.819198604139763E-4 ||
	 | floatstream::hkd::hkd-hibor-3m::{02-nov-2018->02-nov-2023}@unadjustedcleanprice => 109.92754912452789 ||
	 | floatstream::hkd::hkd-hibor-3m::{02-nov-2018->02-nov-2023}@unadjustedcleanpv => -0.09927549124527892 ||
	 | floatstream::hkd::hkd-hibor-3m::{02-nov-2018->02-nov-2023}@unadjusteddirtydv01 => -4.819198604139763E-4 ||
	 | floatstream::hkd::hkd-hibor-3m::{02-nov-2018->02-nov-2023}@unadjusteddirtyprice => 109.92754912452789 ||
	 | floatstream::hkd::hkd-hibor-3m::{02-nov-2018->02-nov-2023}@unadjusteddirtypv => -0.09927549124527892 ||
	 | floatstream::hkd::hkd-hibor-3m::{02-nov-2018->02-nov-2023}@unadjustedfairpremium => 0.02059999999999996 ||
	 | floatstream::hkd::hkd-hibor-3m::{02-nov-2018->02-nov-2023}@unadjustedparrate => 0.02059999999999996 ||
	 | floatstream::hkd::hkd-hibor-3m::{02-nov-2018->02-nov-2023}@unadjustedprice => 109.92754912452789 ||
	 | floatstream::hkd::hkd-hibor-3m::{02-nov-2018->02-nov-2023}@unadjustedpv => -0.09927549124527892 ||
	 | floatstream::hkd::hkd-hibor-3m::{02-nov-2018->02-nov-2023}@unadjustedrate => 0.02059999999999996 ||
	 | floatstream::hkd::hkd-hibor-3m::{02-nov-2018->02-nov-2023}@unadjustedupfront => -0.09927549124527892 ||
	 | floatstream::hkd::hkd-hibor-3m::{02-nov-2018->02-nov-2023}@upfront => -0.09927549124527892 ||
	 | initialnotional => 1.0 ||
	 | parfixedcoupon => 0.02059999999999996 ||
	 | parrate => 0.02059999999999996 ||
	 | parswaprate => 0.02059999999999996 ||
	 | price => 100.0000000000002 ||
	 | pv => 2.040034807748725E-15 ||
	 | rate => 0.02059999999999996 ||
	 | referenceaccrued => 0.0 ||
	 | referenceaccrued01 => 0.0 ||
	 | referencecleandv01 => 4.819198604139763E-4 ||
	 | referencecleanpv => 0.09927549124528096 ||
	 | referencecumulativeconvexityadjustmentfactor => 1.0 ||
	 | referencecumulativeconvexityadjustmentpremium => 0.0 ||
	 | referencecumulativecouponamount => 0.0 ||
	 | referencecumulativecoupondcf => 0.0 ||
	 | referencedirtydv01 => 4.819198604139763E-4 ||
	 | referencedirtypv => 0.09927549124528096 ||
	 | referencedv01 => 4.819198604139763E-4 ||
	 | referenceparbasisspread => -4.2331411824287654E-12 ||
	 | referencepv => 0.09927549124528096 ||
	 | resetdate => -2.147483648E9 ||
	 | resetrate => NaN ||
	 | swaprate => 0.02059999999999996 ||
	 | upfront => 2.040034807748725E-15 ||
	 |------------------------------||


		|-----------------------------------------------------------------------------------------------------------------------||
		|    Floating Stream Cash Flow Details                                                                                  ||
		|    -------- ------ ---- ---- -------                                                                                  ||
		|               Start Date                                                                                              ||
		|               End Date                                                                                                ||
		|               Pay Date                                                                                                ||
		|               FX Fixing Date                                                                                          ||
		|               Base Notional                                                                                           ||
		|               Period DCF                                                                                              ||
		|               Tenor                                                                                                   ||
		|               Funding Label                                                                                           ||
		|               Forward Label                                                                                           ||
		|               Pay Discount Factor                                                                                     ||
		|               Coupon Rate                                                                                             ||
		|-----------------------------------------------------------------------------------------------------------------------||
		| [02-NOV-2018 - 02-FEB-2019] => 02-FEB-2019 | 02-FEB-2019 | -1.0000 |  0.2521 | 3M | HKD | HKD-HIBOR-3M |  0.9994 |  0.24% ||
		| [02-FEB-2019 - 02-MAY-2019] => 02-MAY-2019 | 02-MAY-2019 | -1.0000 |  0.2438 | 3M | HKD | HKD-HIBOR-3M |  0.9987 |  0.29% ||
		| [02-MAY-2019 - 02-AUG-2019] => 02-AUG-2019 | 02-AUG-2019 | -1.0000 |  0.2521 | 3M | HKD | HKD-HIBOR-3M |  0.9978 |  0.36% ||
		| [02-AUG-2019 - 02-NOV-2019] => 02-NOV-2019 | 02-NOV-2019 | -1.0000 |  0.2521 | 3M | HKD | HKD-HIBOR-3M |  0.9966 |  0.47% ||
		| [02-NOV-2019 - 02-FEB-2020] => 02-FEB-2020 | 02-FEB-2020 | -1.0000 |  0.2521 | 3M | HKD | HKD-HIBOR-3M |  0.9950 |  0.65% ||
		| [02-FEB-2020 - 02-MAY-2020] => 02-MAY-2020 | 02-MAY-2020 | -1.0000 |  0.2466 | 3M | HKD | HKD-HIBOR-3M |  0.9927 |  0.91% ||
		| [02-MAY-2020 - 02-AUG-2020] => 02-AUG-2020 | 02-AUG-2020 | -1.0000 |  0.2521 | 3M | HKD | HKD-HIBOR-3M |  0.9898 |  1.19% ||
		| [02-AUG-2020 - 02-NOV-2020] => 02-NOV-2020 | 02-NOV-2020 | -1.0000 |  0.2521 | 3M | HKD | HKD-HIBOR-3M |  0.9861 |  1.49% ||
		| [02-NOV-2020 - 02-FEB-2021] => 02-FEB-2021 | 02-FEB-2021 | -1.0000 |  0.2521 | 3M | HKD | HKD-HIBOR-3M |  0.9745 |  4.72% ||
		| [02-FEB-2021 - 02-MAY-2021] => 02-MAY-2021 | 02-MAY-2021 | -1.0000 |  0.2438 | 3M | HKD | HKD-HIBOR-3M |  0.9704 |  1.71% ||
		| [02-MAY-2021 - 02-AUG-2021] => 02-AUG-2021 | 02-AUG-2021 | -1.0000 |  0.2521 | 3M | HKD | HKD-HIBOR-3M |  0.9658 |  1.89% ||
		| [02-AUG-2021 - 02-NOV-2021] => 02-NOV-2021 | 02-NOV-2021 | -1.0000 |  0.2521 | 3M | HKD | HKD-HIBOR-3M |  0.9607 |  2.09% ||
		| [02-NOV-2021 - 02-FEB-2022] => 02-FEB-2022 | 02-FEB-2022 | -1.0000 |  0.2521 | 3M | HKD | HKD-HIBOR-3M |  0.9552 |  2.32% ||
		| [02-FEB-2022 - 02-MAY-2022] => 02-MAY-2022 | 02-MAY-2022 | -1.0000 |  0.2438 | 3M | HKD | HKD-HIBOR-3M |  0.9492 |  2.56% ||
		| [02-MAY-2022 - 02-AUG-2022] => 02-AUG-2022 | 02-AUG-2022 | -1.0000 |  0.2521 | 3M | HKD | HKD-HIBOR-3M |  0.9425 |  2.82% ||
		| [02-AUG-2022 - 02-NOV-2022] => 02-NOV-2022 | 02-NOV-2022 | -1.0000 |  0.2521 | 3M | HKD | HKD-HIBOR-3M |  0.9352 |  3.12% ||
		| [02-NOV-2022 - 02-FEB-2023] => 02-FEB-2023 | 02-FEB-2023 | -1.0000 |  0.2521 | 3M | HKD | HKD-HIBOR-3M |  0.9272 |  3.42% ||
		| [02-FEB-2023 - 02-MAY-2023] => 02-MAY-2023 | 02-MAY-2023 | -1.0000 |  0.2438 | 3M | HKD | HKD-HIBOR-3M |  0.9189 |  3.69% ||
		| [02-MAY-2023 - 02-AUG-2023] => 02-AUG-2023 | 02-AUG-2023 | -1.0000 |  0.2521 | 3M | HKD | HKD-HIBOR-3M |  0.9100 |  3.90% ||
		| [02-AUG-2023 - 02-NOV-2023] => 02-NOV-2023 | 02-NOV-2023 | -1.0000 |  0.2521 | 3M | HKD | HKD-HIBOR-3M |  0.9007 |  4.07% ||
		|-----------------------------------------------------------------------------------------------------------------------||


		|--------------------------------------------------------------------------------------------------------||
		|    Fixed Stream Cash Flow Details                                                                      ||
		|    ----- ------ ---- ---- -------                                                                      ||
		|               Start Date                                                                               ||
		|               End Date                                                                                 ||
		|               Pay Date                                                                                 ||
		|               FX Fixing Date                                                                           ||
		|               Base Notional                                                                            ||
		|               Period DCF                                                                               ||
		|               Tenor                                                                                    ||
		|               Funding Label                                                                            ||
		|               Pay Discount Factor                                                                      ||
		|               Coupon Rate                                                                              ||
		|--------------------------------------------------------------------------------------------------------||
		| [02-NOV-2018 - 02-FEB-2019] => 02-FEB-2019 | 02-FEB-2019 |  1.0000 |  0.2521 | 3M | HKD |  0.9994 |  2.06% ||
		| [02-FEB-2019 - 02-MAY-2019] => 02-MAY-2019 | 02-MAY-2019 |  1.0000 |  0.2438 | 3M | HKD |  0.9987 |  2.06% ||
		| [02-MAY-2019 - 02-AUG-2019] => 02-AUG-2019 | 02-AUG-2019 |  1.0000 |  0.2521 | 3M | HKD |  0.9978 |  2.06% ||
		| [02-AUG-2019 - 02-NOV-2019] => 02-NOV-2019 | 02-NOV-2019 |  1.0000 |  0.2521 | 3M | HKD |  0.9966 |  2.06% ||
		| [02-NOV-2019 - 02-FEB-2020] => 02-FEB-2020 | 02-FEB-2020 |  1.0000 |  0.2521 | 3M | HKD |  0.9950 |  2.06% ||
		| [02-FEB-2020 - 02-MAY-2020] => 02-MAY-2020 | 02-MAY-2020 |  1.0000 |  0.2466 | 3M | HKD |  0.9927 |  2.06% ||
		| [02-MAY-2020 - 02-AUG-2020] => 02-AUG-2020 | 02-AUG-2020 |  1.0000 |  0.2521 | 3M | HKD |  0.9898 |  2.06% ||
		| [02-AUG-2020 - 02-NOV-2020] => 02-NOV-2020 | 02-NOV-2020 |  1.0000 |  0.2521 | 3M | HKD |  0.9861 |  2.06% ||
		| [02-NOV-2020 - 02-FEB-2021] => 02-FEB-2021 | 02-FEB-2021 |  1.0000 |  0.2521 | 3M | HKD |  0.9745 |  2.06% ||
		| [02-FEB-2021 - 02-MAY-2021] => 02-MAY-2021 | 02-MAY-2021 |  1.0000 |  0.2438 | 3M | HKD |  0.9704 |  2.06% ||
		| [02-MAY-2021 - 02-AUG-2021] => 02-AUG-2021 | 02-AUG-2021 |  1.0000 |  0.2521 | 3M | HKD |  0.9658 |  2.06% ||
		| [02-AUG-2021 - 02-NOV-2021] => 02-NOV-2021 | 02-NOV-2021 |  1.0000 |  0.2521 | 3M | HKD |  0.9607 |  2.06% ||
		| [02-NOV-2021 - 02-FEB-2022] => 02-FEB-2022 | 02-FEB-2022 |  1.0000 |  0.2521 | 3M | HKD |  0.9552 |  2.06% ||
		| [02-FEB-2022 - 02-MAY-2022] => 02-MAY-2022 | 02-MAY-2022 |  1.0000 |  0.2438 | 3M | HKD |  0.9492 |  2.06% ||
		| [02-MAY-2022 - 02-AUG-2022] => 02-AUG-2022 | 02-AUG-2022 |  1.0000 |  0.2521 | 3M | HKD |  0.9425 |  2.06% ||
		| [02-AUG-2022 - 02-NOV-2022] => 02-NOV-2022 | 02-NOV-2022 |  1.0000 |  0.2521 | 3M | HKD |  0.9352 |  2.06% ||
		| [02-NOV-2022 - 02-FEB-2023] => 02-FEB-2023 | 02-FEB-2023 |  1.0000 |  0.2521 | 3M | HKD |  0.9272 |  2.06% ||
		| [02-FEB-2023 - 02-MAY-2023] => 02-MAY-2023 | 02-MAY-2023 |  1.0000 |  0.2438 | 3M | HKD |  0.9189 |  2.06% ||
		| [02-MAY-2023 - 02-AUG-2023] => 02-AUG-2023 | 02-AUG-2023 |  1.0000 |  0.2521 | 3M | HKD |  0.9100 |  2.06% ||
		| [02-AUG-2023 - 02-NOV-2023] => 02-NOV-2023 | 02-NOV-2023 |  1.0000 |  0.2521 | 3M | HKD |  0.9007 |  2.06% ||
		|--------------------------------------------------------------------------------------------------------||

	|-----------------------------------------------------------------|
	|    Copyright (C) 2011-2018 (DRIP)
	|-----------------------------------------------------------------|
	|    Build Version  => 3.86.0 multi mode
	|    Build JVM (TM) => 1.8.0_112
	|    Build Snap     => Fri Nov 02 21:22:20 EST 2018
	|    Start Time     => Fri Nov 02 23:11:29 EDT 2018
	|    Setup Time     => Fri Nov 02 23:11:29 EDT 2018
	|    Setup Duration => 0 ms
	|-----------------------------------------------------------------|

	 | accrued => 0.0 ||
	 | calctime => 3.43597E-4 ||
	 | calibfloatingpv => 0.09903028370806444 ||
	 | calibswaprate => 0.020599999999999993 ||
	 | cleanfixeddv01 => 4.807295325634198E-4 ||
	 | cleanfloatingdv01 => -4.807295325634198E-4 ||
	 | cleanfloatingpv => -0.09903028370806441 ||
	 | cleanprice => 99.99999999999997 ||
	 | cleanpv => -2.498001805406602E-16 ||
	 | cumulativeconvexityadjustmentpremium => 0.0 ||
	 | cumulativecouponamount => 0.0 ||
	 | cumulativecoupondcf => 0.0 ||
	 | derivedaccrued => 0.0 ||
	 | derivedaccrued01 => 0.0 ||
	 | derivedcleandv01 => -4.807295325634198E-4 ||
	 | derivedcleanpv => -0.09903028370806441 ||
	 | derivedcumulativeconvexityadjustmentfactor => 1.0 ||
	 | derivedcumulativeconvexityadjustmentpremium => -0.0 ||
	 | derivedcumulativecouponamount => 0.0 ||
	 | derivedcumulativecoupondcf => 0.0 ||
	 | deriveddirtydv01 => -4.807295325634198E-4 ||
	 | deriveddirtypv => -0.09903028370806441 ||
	 | deriveddv01 => -4.807295325634198E-4 ||
	 | derivedfixing01 => 0.0 ||
	 | derivedparbasisspread => -5.196272823278348E-13 ||
	 | derivedpv => -0.09903028370806441 ||
	 | derivedresetdate => -2.147483648E9 ||
	 | derivedresetrate => NaN ||
	 | dirtyfixeddv01 => 4.807295325634198E-4 ||
	 | dirtyfixedpv => 0.09903028370806416 ||
	 | dirtyfloatingdv01 => -4.807295325634198E-4 ||
	 | dirtyfloatingpv => -0.09903028370806441 ||
	 | dirtyprice => 99.99999999999997 ||
	 | dirtypv => -2.498001805406602E-16 ||
	 | fairpremium => 0.020599999999999986 ||
	 | fixedaccrued => 0.0 ||
	 | fixedaccrued01 => 0.0 ||
	 | fixeddv01 => 4.807295325634198E-4 ||
	 | fixedstream::inr/inr::6::{06-nov-2018->06-nov-2023}@accrualcoupon => NaN ||
	 | fixedstream::inr/inr::6::{06-nov-2018->06-nov-2023}@accrued => 0.0 ||
	 | fixedstream::inr/inr::6::{06-nov-2018->06-nov-2023}@accrued01 => 0.0 ||
	 | fixedstream::inr/inr::6::{06-nov-2018->06-nov-2023}@calctime => 6.116800000000001E-5 ||
	 | fixedstream::inr/inr::6::{06-nov-2018->06-nov-2023}@cleandv01 => 4.807295325634198E-4 ||
	 | fixedstream::inr/inr::6::{06-nov-2018->06-nov-2023}@cleanprice => 109.90302837080641 ||
	 | fixedstream::inr/inr::6::{06-nov-2018->06-nov-2023}@cleanpv => 0.09903028370806416 ||
	 | fixedstream::inr/inr::6::{06-nov-2018->06-nov-2023}@compoundingadjustedcleandv01 => 4.807295325634198E-4 ||
	 | fixedstream::inr/inr::6::{06-nov-2018->06-nov-2023}@compoundingadjustedcleanprice => 109.90302837080641 ||
	 | fixedstream::inr/inr::6::{06-nov-2018->06-nov-2023}@compoundingadjustedcleanpv => 0.09903028370806416 ||
	 | fixedstream::inr/inr::6::{06-nov-2018->06-nov-2023}@compoundingadjusteddirtydv01 => 4.807295325634198E-4 ||
	 | fixedstream::inr/inr::6::{06-nov-2018->06-nov-2023}@compoundingadjusteddirtyprice => 109.90302837080641 ||
	 | fixedstream::inr/inr::6::{06-nov-2018->06-nov-2023}@compoundingadjusteddirtypv => 0.09903028370806416 ||
	 | fixedstream::inr/inr::6::{06-nov-2018->06-nov-2023}@compoundingadjustedfairpremium => 0.020599999999999934 ||
	 | fixedstream::inr/inr::6::{06-nov-2018->06-nov-2023}@compoundingadjustedparrate => 0.020599999999999934 ||
	 | fixedstream::inr/inr::6::{06-nov-2018->06-nov-2023}@compoundingadjustedprice => 109.90302837080641 ||
	 | fixedstream::inr/inr::6::{06-nov-2018->06-nov-2023}@compoundingadjustedpv => 0.09903028370806416 ||
	 | fixedstream::inr/inr::6::{06-nov-2018->06-nov-2023}@compoundingadjustedrate => 0.020599999999999934 ||
	 | fixedstream::inr/inr::6::{06-nov-2018->06-nov-2023}@compoundingadjustedupfront => 0.09903028370806416 ||
	 | fixedstream::inr/inr::6::{06-nov-2018->06-nov-2023}@compoundingadjustmentfactor => 1.0 ||
	 | fixedstream::inr/inr::6::{06-nov-2018->06-nov-2023}@compoundingadjustmentpremium => 0.0 ||
	 | fixedstream::inr/inr::6::{06-nov-2018->06-nov-2023}@compoundingadjustmentpremiumupfront => 0.0 ||
	 | fixedstream::inr/inr::6::{06-nov-2018->06-nov-2023}@creditforwardconvexityadjustedcleandv01 => 4.807295325634198E-4 ||
	 | fixedstream::inr/inr::6::{06-nov-2018->06-nov-2023}@creditforwardconvexityadjustedcleanprice => 109.90302837080641 ||
	 | fixedstream::inr/inr::6::{06-nov-2018->06-nov-2023}@creditforwardconvexityadjustedcleanpv => 0.09903028370806416 ||
	 | fixedstream::inr/inr::6::{06-nov-2018->06-nov-2023}@creditforwardconvexityadjusteddirtydv01 => 4.807295325634198E-4 ||
	 | fixedstream::inr/inr::6::{06-nov-2018->06-nov-2023}@creditforwardconvexityadjusteddirtyprice => 109.90302837080641 ||
	 | fixedstream::inr/inr::6::{06-nov-2018->06-nov-2023}@creditforwardconvexityadjusteddirtypv => 0.09903028370806416 ||
	 | fixedstream::inr/inr::6::{06-nov-2018->06-nov-2023}@creditforwardconvexityadjusteddv01 => 4.807295325634198E-4 ||
	 | fixedstream::inr/inr::6::{06-nov-2018->06-nov-2023}@creditforwardconvexityadjustedfairpremium => 0.020599999999999934 ||
	 | fixedstream::inr/inr::6::{06-nov-2018->06-nov-2023}@creditforwardconvexityadjustedparrate => 0.020599999999999934 ||
	 | fixedstream::inr/inr::6::{06-nov-2018->06-nov-2023}@creditforwardconvexityadjustedprice => 109.90302837080641 ||
	 | fixedstream::inr/inr::6::{06-nov-2018->06-nov-2023}@creditforwardconvexityadjustedpv => 0.09903028370806416 ||
	 | fixedstream::inr/inr::6::{06-nov-2018->06-nov-2023}@creditforwardconvexityadjustedrate => 0.020599999999999934 ||
	 | fixedstream::inr/inr::6::{06-nov-2018->06-nov-2023}@creditforwardconvexityadjustedupfront => 0.09903028370806416 ||
	 | fixedstream::inr/inr::6::{06-nov-2018->06-nov-2023}@creditforwardconvexityadjustmentfactor => 1.0 ||
	 | fixedstream::inr/inr::6::{06-nov-2018->06-nov-2023}@creditforwardconvexityadjustmentpremium => 0.0 ||
	 | fixedstream::inr/inr::6::{06-nov-2018->06-nov-2023}@creditforwardconvexityadjustmentpremiumupfront => 0.0 ||
	 | fixedstream::inr/inr::6::{06-nov-2018->06-nov-2023}@creditfundingconvexityadjustedcleandv01 => 4.807295325634198E-4 ||
	 | fixedstream::inr/inr::6::{06-nov-2018->06-nov-2023}@creditfundingconvexityadjustedcleanprice => 109.90302837080641 ||
	 | fixedstream::inr/inr::6::{06-nov-2018->06-nov-2023}@creditfundingconvexityadjustedcleanpv => 0.09903028370806416 ||
	 | fixedstream::inr/inr::6::{06-nov-2018->06-nov-2023}@creditfundingconvexityadjusteddirtydv01 => 4.807295325634198E-4 ||
	 | fixedstream::inr/inr::6::{06-nov-2018->06-nov-2023}@creditfundingconvexityadjusteddirtyprice => 109.90302837080641 ||
	 | fixedstream::inr/inr::6::{06-nov-2018->06-nov-2023}@creditfundingconvexityadjusteddirtypv => 0.09903028370806416 ||
	 | fixedstream::inr/inr::6::{06-nov-2018->06-nov-2023}@creditfundingconvexityadjusteddv01 => 4.807295325634198E-4 ||
	 | fixedstream::inr/inr::6::{06-nov-2018->06-nov-2023}@creditfundingconvexityadjustedfairpremium => 0.020599999999999934 ||
	 | fixedstream::inr/inr::6::{06-nov-2018->06-nov-2023}@creditfundingconvexityadjustedparrate => 0.020599999999999934 ||
	 | fixedstream::inr/inr::6::{06-nov-2018->06-nov-2023}@creditfundingconvexityadjustedprice => 109.90302837080641 ||
	 | fixedstream::inr/inr::6::{06-nov-2018->06-nov-2023}@creditfundingconvexityadjustedpv => 0.09903028370806416 ||
	 | fixedstream::inr/inr::6::{06-nov-2018->06-nov-2023}@creditfundingconvexityadjustedrate => 0.020599999999999934 ||
	 | fixedstream::inr/inr::6::{06-nov-2018->06-nov-2023}@creditfundingconvexityadjustedupfront => 0.09903028370806416 ||
	 | fixedstream::inr/inr::6::{06-nov-2018->06-nov-2023}@creditfundingconvexityadjustmentfactor => 1.0 ||
	 | fixedstream::inr/inr::6::{06-nov-2018->06-nov-2023}@creditfundingconvexityadjustmentpremium => 0.0 ||
	 | fixedstream::inr/inr::6::{06-nov-2018->06-nov-2023}@creditfundingconvexityadjustmentpremiumupfront => 0.0 ||
	 | fixedstream::inr/inr::6::{06-nov-2018->06-nov-2023}@creditfxconvexityadjustedcleandv01 => 4.807295325634198E-4 ||
	 | fixedstream::inr/inr::6::{06-nov-2018->06-nov-2023}@creditfxconvexityadjustedcleanprice => 109.90302837080641 ||
	 | fixedstream::inr/inr::6::{06-nov-2018->06-nov-2023}@creditfxconvexityadjustedcleanpv => 0.09903028370806416 ||
	 | fixedstream::inr/inr::6::{06-nov-2018->06-nov-2023}@creditfxconvexityadjusteddirtydv01 => 4.807295325634198E-4 ||
	 | fixedstream::inr/inr::6::{06-nov-2018->06-nov-2023}@creditfxconvexityadjusteddirtyprice => 109.90302837080641 ||
	 | fixedstream::inr/inr::6::{06-nov-2018->06-nov-2023}@creditfxconvexityadjusteddirtypv => 0.09903028370806416 ||
	 | fixedstream::inr/inr::6::{06-nov-2018->06-nov-2023}@creditfxconvexityadjusteddv01 => 4.807295325634198E-4 ||
	 | fixedstream::inr/inr::6::{06-nov-2018->06-nov-2023}@creditfxconvexityadjustedfairpremium => 0.020599999999999934 ||
	 | fixedstream::inr/inr::6::{06-nov-2018->06-nov-2023}@creditfxconvexityadjustedparrate => 0.020599999999999934 ||
	 | fixedstream::inr/inr::6::{06-nov-2018->06-nov-2023}@creditfxconvexityadjustedprice => 109.90302837080641 ||
	 | fixedstream::inr/inr::6::{06-nov-2018->06-nov-2023}@creditfxconvexityadjustedpv => 0.09903028370806416 ||
	 | fixedstream::inr/inr::6::{06-nov-2018->06-nov-2023}@creditfxconvexityadjustedrate => 0.020599999999999934 ||
	 | fixedstream::inr/inr::6::{06-nov-2018->06-nov-2023}@creditfxconvexityadjustedupfront => 0.09903028370806416 ||
	 | fixedstream::inr/inr::6::{06-nov-2018->06-nov-2023}@creditfxconvexityadjustmentfactor => 1.0 ||
	 | fixedstream::inr/inr::6::{06-nov-2018->06-nov-2023}@creditfxconvexityadjustmentpremium => 0.0 ||
	 | fixedstream::inr/inr::6::{06-nov-2018->06-nov-2023}@creditfxconvexityadjustmentpremiumupfront => 0.0 ||
	 | fixedstream::inr/inr::6::{06-nov-2018->06-nov-2023}@cumulativeconvexityadjustedcleandv01 => 4.807295325634198E-4 ||
	 | fixedstream::inr/inr::6::{06-nov-2018->06-nov-2023}@cumulativeconvexityadjustedcleanprice => 109.90302837080641 ||
	 | fixedstream::inr/inr::6::{06-nov-2018->06-nov-2023}@cumulativeconvexityadjustedcleanpv => 0.09903028370806416 ||
	 | fixedstream::inr/inr::6::{06-nov-2018->06-nov-2023}@cumulativeconvexityadjusteddirtydv01 => 4.807295325634198E-4 ||
	 | fixedstream::inr/inr::6::{06-nov-2018->06-nov-2023}@cumulativeconvexityadjusteddirtyprice => 109.90302837080641 ||
	 | fixedstream::inr/inr::6::{06-nov-2018->06-nov-2023}@cumulativeconvexityadjusteddirtypv => 0.09903028370806416 ||
	 | fixedstream::inr/inr::6::{06-nov-2018->06-nov-2023}@cumulativeconvexityadjusteddv01 => 4.807295325634198E-4 ||
	 | fixedstream::inr/inr::6::{06-nov-2018->06-nov-2023}@cumulativeconvexityadjustedfairpremium => 0.020599999999999934 ||
	 | fixedstream::inr/inr::6::{06-nov-2018->06-nov-2023}@cumulativeconvexityadjustedparrate => 0.020599999999999934 ||
	 | fixedstream::inr/inr::6::{06-nov-2018->06-nov-2023}@cumulativeconvexityadjustedprice => 109.90302837080641 ||
	 | fixedstream::inr/inr::6::{06-nov-2018->06-nov-2023}@cumulativeconvexityadjustedpv => 0.09903028370806416 ||
	 | fixedstream::inr/inr::6::{06-nov-2018->06-nov-2023}@cumulativeconvexityadjustedrate => 0.020599999999999934 ||
	 | fixedstream::inr/inr::6::{06-nov-2018->06-nov-2023}@cumulativeconvexityadjustedupfront => 0.09903028370806416 ||
	 | fixedstream::inr/inr::6::{06-nov-2018->06-nov-2023}@cumulativeconvexityadjustmentfactor => 1.0 ||
	 | fixedstream::inr/inr::6::{06-nov-2018->06-nov-2023}@cumulativeconvexityadjustmentpremium => 0.0 ||
	 | fixedstream::inr/inr::6::{06-nov-2018->06-nov-2023}@cumulativeconvexityadjustmentpremiumupfront => 0.0 ||
	 | fixedstream::inr/inr::6::{06-nov-2018->06-nov-2023}@cumulativecouponamount => 0.0 ||
	 | fixedstream::inr/inr::6::{06-nov-2018->06-nov-2023}@cumulativecoupondcf => 0.0 ||
	 | fixedstream::inr/inr::6::{06-nov-2018->06-nov-2023}@cv01 => 4.807295325634198E-4 ||
	 | fixedstream::inr/inr::6::{06-nov-2018->06-nov-2023}@dirtydv01 => 4.807295325634198E-4 ||
	 | fixedstream::inr/inr::6::{06-nov-2018->06-nov-2023}@dirtyprice => 109.90302837080641 ||
	 | fixedstream::inr/inr::6::{06-nov-2018->06-nov-2023}@dirtypv => 0.09903028370806416 ||
	 | fixedstream::inr/inr::6::{06-nov-2018->06-nov-2023}@dv01 => 4.807295325634198E-4 ||
	 | fixedstream::inr/inr::6::{06-nov-2018->06-nov-2023}@fairpremium => 0.020599999999999934 ||
	 | fixedstream::inr/inr::6::{06-nov-2018->06-nov-2023}@fixing01 => 0.0 ||
	 | fixedstream::inr/inr::6::{06-nov-2018->06-nov-2023}@forwardfundingconvexityadjustedcleandv01 => 4.807295325634198E-4 ||
	 | fixedstream::inr/inr::6::{06-nov-2018->06-nov-2023}@forwardfundingconvexityadjustedcleanprice => 109.90302837080641 ||
	 | fixedstream::inr/inr::6::{06-nov-2018->06-nov-2023}@forwardfundingconvexityadjustedcleanpv => 0.09903028370806416 ||
	 | fixedstream::inr/inr::6::{06-nov-2018->06-nov-2023}@forwardfundingconvexityadjusteddirtydv01 => 4.807295325634198E-4 ||
	 | fixedstream::inr/inr::6::{06-nov-2018->06-nov-2023}@forwardfundingconvexityadjusteddirtyprice => 109.90302837080641 ||
	 | fixedstream::inr/inr::6::{06-nov-2018->06-nov-2023}@forwardfundingconvexityadjusteddirtypv => 0.09903028370806416 ||
	 | fixedstream::inr/inr::6::{06-nov-2018->06-nov-2023}@forwardfundingconvexityadjusteddv01 => 4.807295325634198E-4 ||
	 | fixedstream::inr/inr::6::{06-nov-2018->06-nov-2023}@forwardfundingconvexityadjustedfairpremium => 0.020599999999999934 ||
	 | fixedstream::inr/inr::6::{06-nov-2018->06-nov-2023}@forwardfundingconvexityadjustedparrate => 0.020599999999999934 ||
	 | fixedstream::inr/inr::6::{06-nov-2018->06-nov-2023}@forwardfundingconvexityadjustedprice => 109.90302837080641 ||
	 | fixedstream::inr/inr::6::{06-nov-2018->06-nov-2023}@forwardfundingconvexityadjustedpv => 0.09903028370806416 ||
	 | fixedstream::inr/inr::6::{06-nov-2018->06-nov-2023}@forwardfundingconvexityadjustedrate => 0.020599999999999934 ||
	 | fixedstream::inr/inr::6::{06-nov-2018->06-nov-2023}@forwardfundingconvexityadjustedupfront => 0.09903028370806416 ||
	 | fixedstream::inr/inr::6::{06-nov-2018->06-nov-2023}@forwardfundingconvexityadjustmentfactor => 1.0 ||
	 | fixedstream::inr/inr::6::{06-nov-2018->06-nov-2023}@forwardfundingconvexityadjustmentpremium => 0.0 ||
	 | fixedstream::inr/inr::6::{06-nov-2018->06-nov-2023}@forwardfundingconvexityadjustmentpremiumupfront => 0.0 ||
	 | fixedstream::inr/inr::6::{06-nov-2018->06-nov-2023}@forwardfxconvexityadjustedcleandv01 => 4.807295325634198E-4 ||
	 | fixedstream::inr/inr::6::{06-nov-2018->06-nov-2023}@forwardfxconvexityadjustedcleanprice => 109.90302837080641 ||
	 | fixedstream::inr/inr::6::{06-nov-2018->06-nov-2023}@forwardfxconvexityadjustedcleanpv => 0.09903028370806416 ||
	 | fixedstream::inr/inr::6::{06-nov-2018->06-nov-2023}@forwardfxconvexityadjusteddirtydv01 => 4.807295325634198E-4 ||
	 | fixedstream::inr/inr::6::{06-nov-2018->06-nov-2023}@forwardfxconvexityadjusteddirtyprice => 109.90302837080641 ||
	 | fixedstream::inr/inr::6::{06-nov-2018->06-nov-2023}@forwardfxconvexityadjusteddirtypv => 0.09903028370806416 ||
	 | fixedstream::inr/inr::6::{06-nov-2018->06-nov-2023}@forwardfxconvexityadjusteddv01 => 4.807295325634198E-4 ||
	 | fixedstream::inr/inr::6::{06-nov-2018->06-nov-2023}@forwardfxconvexityadjustedfairpremium => 0.020599999999999934 ||
	 | fixedstream::inr/inr::6::{06-nov-2018->06-nov-2023}@forwardfxconvexityadjustedparrate => 0.020599999999999934 ||
	 | fixedstream::inr/inr::6::{06-nov-2018->06-nov-2023}@forwardfxconvexityadjustedprice => 109.90302837080641 ||
	 | fixedstream::inr/inr::6::{06-nov-2018->06-nov-2023}@forwardfxconvexityadjustedpv => 0.09903028370806416 ||
	 | fixedstream::inr/inr::6::{06-nov-2018->06-nov-2023}@forwardfxconvexityadjustedrate => 0.020599999999999934 ||
	 | fixedstream::inr/inr::6::{06-nov-2018->06-nov-2023}@forwardfxconvexityadjustedupfront => 0.09903028370806416 ||
	 | fixedstream::inr/inr::6::{06-nov-2018->06-nov-2023}@forwardfxconvexityadjustmentfactor => 1.0 ||
	 | fixedstream::inr/inr::6::{06-nov-2018->06-nov-2023}@forwardfxconvexityadjustmentpremium => 0.0 ||
	 | fixedstream::inr/inr::6::{06-nov-2018->06-nov-2023}@forwardfxconvexityadjustmentpremiumupfront => 0.0 ||
	 | fixedstream::inr/inr::6::{06-nov-2018->06-nov-2023}@fundingfxconvexityadjustedcleandv01 => 4.807295325634198E-4 ||
	 | fixedstream::inr/inr::6::{06-nov-2018->06-nov-2023}@fundingfxconvexityadjustedcleanprice => 109.90302837080641 ||
	 | fixedstream::inr/inr::6::{06-nov-2018->06-nov-2023}@fundingfxconvexityadjustedcleanpv => 0.09903028370806416 ||
	 | fixedstream::inr/inr::6::{06-nov-2018->06-nov-2023}@fundingfxconvexityadjusteddirtydv01 => 4.807295325634198E-4 ||
	 | fixedstream::inr/inr::6::{06-nov-2018->06-nov-2023}@fundingfxconvexityadjusteddirtyprice => 109.90302837080641 ||
	 | fixedstream::inr/inr::6::{06-nov-2018->06-nov-2023}@fundingfxconvexityadjusteddirtypv => 0.09903028370806416 ||
	 | fixedstream::inr/inr::6::{06-nov-2018->06-nov-2023}@fundingfxconvexityadjusteddv01 => 4.807295325634198E-4 ||
	 | fixedstream::inr/inr::6::{06-nov-2018->06-nov-2023}@fundingfxconvexityadjustedfairpremium => 0.020599999999999934 ||
	 | fixedstream::inr/inr::6::{06-nov-2018->06-nov-2023}@fundingfxconvexityadjustedparrate => 0.020599999999999934 ||
	 | fixedstream::inr/inr::6::{06-nov-2018->06-nov-2023}@fundingfxconvexityadjustedprice => 109.90302837080641 ||
	 | fixedstream::inr/inr::6::{06-nov-2018->06-nov-2023}@fundingfxconvexityadjustedpv => 0.09903028370806416 ||
	 | fixedstream::inr/inr::6::{06-nov-2018->06-nov-2023}@fundingfxconvexityadjustedrate => 0.020599999999999934 ||
	 | fixedstream::inr/inr::6::{06-nov-2018->06-nov-2023}@fundingfxconvexityadjustedupfront => 0.09903028370806416 ||
	 | fixedstream::inr/inr::6::{06-nov-2018->06-nov-2023}@fundingfxconvexityadjustmentfactor => 1.0 ||
	 | fixedstream::inr/inr::6::{06-nov-2018->06-nov-2023}@fundingfxconvexityadjustmentpremium => 0.0 ||
	 | fixedstream::inr/inr::6::{06-nov-2018->06-nov-2023}@fundingfxconvexityadjustmentpremiumupfront => 0.0 ||
	 | fixedstream::inr/inr::6::{06-nov-2018->06-nov-2023}@parrate => 0.020599999999999934 ||
	 | fixedstream::inr/inr::6::{06-nov-2018->06-nov-2023}@price => 109.90302837080641 ||
	 | fixedstream::inr/inr::6::{06-nov-2018->06-nov-2023}@pv => 0.09903028370806416 ||
	 | fixedstream::inr/inr::6::{06-nov-2018->06-nov-2023}@rate => 0.020599999999999934 ||
	 | fixedstream::inr/inr::6::{06-nov-2018->06-nov-2023}@resetdate => -2.147483648E9 ||
	 | fixedstream::inr/inr::6::{06-nov-2018->06-nov-2023}@resetrate => NaN ||
	 | fixedstream::inr/inr::6::{06-nov-2018->06-nov-2023}@totalcoupon => 0.20599999999999938 ||
	 | fixedstream::inr/inr::6::{06-nov-2018->06-nov-2023}@unadjustedcleandv01 => 4.807295325634198E-4 ||
	 | fixedstream::inr/inr::6::{06-nov-2018->06-nov-2023}@unadjustedcleanprice => 109.90302837080641 ||
	 | fixedstream::inr/inr::6::{06-nov-2018->06-nov-2023}@unadjustedcleanpv => 0.09903028370806416 ||
	 | fixedstream::inr/inr::6::{06-nov-2018->06-nov-2023}@unadjusteddirtydv01 => 4.807295325634198E-4 ||
	 | fixedstream::inr/inr::6::{06-nov-2018->06-nov-2023}@unadjusteddirtyprice => 109.90302837080641 ||
	 | fixedstream::inr/inr::6::{06-nov-2018->06-nov-2023}@unadjusteddirtypv => 0.09903028370806416 ||
	 | fixedstream::inr/inr::6::{06-nov-2018->06-nov-2023}@unadjustedfairpremium => 0.020599999999999934 ||
	 | fixedstream::inr/inr::6::{06-nov-2018->06-nov-2023}@unadjustedparrate => 0.020599999999999934 ||
	 | fixedstream::inr/inr::6::{06-nov-2018->06-nov-2023}@unadjustedprice => 109.90302837080641 ||
	 | fixedstream::inr/inr::6::{06-nov-2018->06-nov-2023}@unadjustedpv => 0.09903028370806416 ||
	 | fixedstream::inr/inr::6::{06-nov-2018->06-nov-2023}@unadjustedrate => 0.020599999999999934 ||
	 | fixedstream::inr/inr::6::{06-nov-2018->06-nov-2023}@unadjustedupfront => 0.09903028370806416 ||
	 | fixedstream::inr/inr::6::{06-nov-2018->06-nov-2023}@upfront => 0.09903028370806416 ||
	 | fixing01 => 0.0 ||
	 | floataccrued => 0.0 ||
	 | floataccrued01 => 0.0 ||
	 | floatdv01 => -4.807295325634198E-4 ||
	 | floatstream::inr::inr-mifor-6m::{06-nov-2018->06-nov-2023}@accrualcoupon => NaN ||
	 | floatstream::inr::inr-mifor-6m::{06-nov-2018->06-nov-2023}@accrued => 0.0 ||
	 | floatstream::inr::inr-mifor-6m::{06-nov-2018->06-nov-2023}@accrued01 => 0.0 ||
	 | floatstream::inr::inr-mifor-6m::{06-nov-2018->06-nov-2023}@calctime => 7.325100000000001E-5 ||
	 | floatstream::inr::inr-mifor-6m::{06-nov-2018->06-nov-2023}@cleandv01 => -4.807295325634198E-4 ||
	 | floatstream::inr::inr-mifor-6m::{06-nov-2018->06-nov-2023}@cleanprice => 109.90302837080644 ||
	 | floatstream::inr::inr-mifor-6m::{06-nov-2018->06-nov-2023}@cleanpv => -0.09903028370806441 ||
	 | floatstream::inr::inr-mifor-6m::{06-nov-2018->06-nov-2023}@compoundingadjustedcleandv01 => -4.807295325634198E-4 ||
	 | floatstream::inr::inr-mifor-6m::{06-nov-2018->06-nov-2023}@compoundingadjustedcleanprice => 109.90302837080644 ||
	 | floatstream::inr::inr-mifor-6m::{06-nov-2018->06-nov-2023}@compoundingadjustedcleanpv => -0.09903028370806441 ||
	 | floatstream::inr::inr-mifor-6m::{06-nov-2018->06-nov-2023}@compoundingadjusteddirtydv01 => -4.807295325634198E-4 ||
	 | floatstream::inr::inr-mifor-6m::{06-nov-2018->06-nov-2023}@compoundingadjusteddirtyprice => 109.90302837080644 ||
	 | floatstream::inr::inr-mifor-6m::{06-nov-2018->06-nov-2023}@compoundingadjusteddirtypv => -0.09903028370806441 ||
	 | floatstream::inr::inr-mifor-6m::{06-nov-2018->06-nov-2023}@compoundingadjustedfairpremium => 0.020599999999999986 ||
	 | floatstream::inr::inr-mifor-6m::{06-nov-2018->06-nov-2023}@compoundingadjustedparrate => 0.020599999999999986 ||
	 | floatstream::inr::inr-mifor-6m::{06-nov-2018->06-nov-2023}@compoundingadjustedprice => 109.90302837080644 ||
	 | floatstream::inr::inr-mifor-6m::{06-nov-2018->06-nov-2023}@compoundingadjustedpv => -0.09903028370806441 ||
	 | floatstream::inr::inr-mifor-6m::{06-nov-2018->06-nov-2023}@compoundingadjustedrate => 0.020599999999999986 ||
	 | floatstream::inr::inr-mifor-6m::{06-nov-2018->06-nov-2023}@compoundingadjustedupfront => -0.09903028370806441 ||
	 | floatstream::inr::inr-mifor-6m::{06-nov-2018->06-nov-2023}@compoundingadjustmentfactor => 1.0 ||
	 | floatstream::inr::inr-mifor-6m::{06-nov-2018->06-nov-2023}@compoundingadjustmentpremium => 0.0 ||
	 | floatstream::inr::inr-mifor-6m::{06-nov-2018->06-nov-2023}@compoundingadjustmentpremiumupfront => -0.0 ||
	 | floatstream::inr::inr-mifor-6m::{06-nov-2018->06-nov-2023}@creditforwardconvexityadjustedcleandv01 => -4.807295325634198E-4 ||
	 | floatstream::inr::inr-mifor-6m::{06-nov-2018->06-nov-2023}@creditforwardconvexityadjustedcleanprice => 109.90302837080644 ||
	 | floatstream::inr::inr-mifor-6m::{06-nov-2018->06-nov-2023}@creditforwardconvexityadjustedcleanpv => -0.09903028370806441 ||
	 | floatstream::inr::inr-mifor-6m::{06-nov-2018->06-nov-2023}@creditforwardconvexityadjusteddirtydv01 => -4.807295325634198E-4 ||
	 | floatstream::inr::inr-mifor-6m::{06-nov-2018->06-nov-2023}@creditforwardconvexityadjusteddirtyprice => 109.90302837080644 ||
	 | floatstream::inr::inr-mifor-6m::{06-nov-2018->06-nov-2023}@creditforwardconvexityadjusteddirtypv => -0.09903028370806441 ||
	 | floatstream::inr::inr-mifor-6m::{06-nov-2018->06-nov-2023}@creditforwardconvexityadjusteddv01 => -4.807295325634198E-4 ||
	 | floatstream::inr::inr-mifor-6m::{06-nov-2018->06-nov-2023}@creditforwardconvexityadjustedfairpremium => 0.020599999999999986 ||
	 | floatstream::inr::inr-mifor-6m::{06-nov-2018->06-nov-2023}@creditforwardconvexityadjustedparrate => 0.020599999999999986 ||
	 | floatstream::inr::inr-mifor-6m::{06-nov-2018->06-nov-2023}@creditforwardconvexityadjustedprice => 109.90302837080644 ||
	 | floatstream::inr::inr-mifor-6m::{06-nov-2018->06-nov-2023}@creditforwardconvexityadjustedpv => -0.09903028370806441 ||
	 | floatstream::inr::inr-mifor-6m::{06-nov-2018->06-nov-2023}@creditforwardconvexityadjustedrate => 0.020599999999999986 ||
	 | floatstream::inr::inr-mifor-6m::{06-nov-2018->06-nov-2023}@creditforwardconvexityadjustedupfront => -0.09903028370806441 ||
	 | floatstream::inr::inr-mifor-6m::{06-nov-2018->06-nov-2023}@creditforwardconvexityadjustmentfactor => 1.0 ||
	 | floatstream::inr::inr-mifor-6m::{06-nov-2018->06-nov-2023}@creditforwardconvexityadjustmentpremium => 0.0 ||
	 | floatstream::inr::inr-mifor-6m::{06-nov-2018->06-nov-2023}@creditforwardconvexityadjustmentpremiumupfront => -0.0 ||
	 | floatstream::inr::inr-mifor-6m::{06-nov-2018->06-nov-2023}@creditfundingconvexityadjustedcleandv01 => -4.807295325634198E-4 ||
	 | floatstream::inr::inr-mifor-6m::{06-nov-2018->06-nov-2023}@creditfundingconvexityadjustedcleanprice => 109.90302837080644 ||
	 | floatstream::inr::inr-mifor-6m::{06-nov-2018->06-nov-2023}@creditfundingconvexityadjustedcleanpv => -0.09903028370806441 ||
	 | floatstream::inr::inr-mifor-6m::{06-nov-2018->06-nov-2023}@creditfundingconvexityadjusteddirtydv01 => -4.807295325634198E-4 ||
	 | floatstream::inr::inr-mifor-6m::{06-nov-2018->06-nov-2023}@creditfundingconvexityadjusteddirtyprice => 109.90302837080644 ||
	 | floatstream::inr::inr-mifor-6m::{06-nov-2018->06-nov-2023}@creditfundingconvexityadjusteddirtypv => -0.09903028370806441 ||
	 | floatstream::inr::inr-mifor-6m::{06-nov-2018->06-nov-2023}@creditfundingconvexityadjusteddv01 => -4.807295325634198E-4 ||
	 | floatstream::inr::inr-mifor-6m::{06-nov-2018->06-nov-2023}@creditfundingconvexityadjustedfairpremium => 0.020599999999999986 ||
	 | floatstream::inr::inr-mifor-6m::{06-nov-2018->06-nov-2023}@creditfundingconvexityadjustedparrate => 0.020599999999999986 ||
	 | floatstream::inr::inr-mifor-6m::{06-nov-2018->06-nov-2023}@creditfundingconvexityadjustedprice => 109.90302837080644 ||
	 | floatstream::inr::inr-mifor-6m::{06-nov-2018->06-nov-2023}@creditfundingconvexityadjustedpv => -0.09903028370806441 ||
	 | floatstream::inr::inr-mifor-6m::{06-nov-2018->06-nov-2023}@creditfundingconvexityadjustedrate => 0.020599999999999986 ||
	 | floatstream::inr::inr-mifor-6m::{06-nov-2018->06-nov-2023}@creditfundingconvexityadjustedupfront => -0.09903028370806441 ||
	 | floatstream::inr::inr-mifor-6m::{06-nov-2018->06-nov-2023}@creditfundingconvexityadjustmentfactor => 1.0 ||
	 | floatstream::inr::inr-mifor-6m::{06-nov-2018->06-nov-2023}@creditfundingconvexityadjustmentpremium => 0.0 ||
	 | floatstream::inr::inr-mifor-6m::{06-nov-2018->06-nov-2023}@creditfundingconvexityadjustmentpremiumupfront => -0.0 ||
	 | floatstream::inr::inr-mifor-6m::{06-nov-2018->06-nov-2023}@creditfxconvexityadjustedcleandv01 => -4.807295325634198E-4 ||
	 | floatstream::inr::inr-mifor-6m::{06-nov-2018->06-nov-2023}@creditfxconvexityadjustedcleanprice => 109.90302837080644 ||
	 | floatstream::inr::inr-mifor-6m::{06-nov-2018->06-nov-2023}@creditfxconvexityadjustedcleanpv => -0.09903028370806441 ||
	 | floatstream::inr::inr-mifor-6m::{06-nov-2018->06-nov-2023}@creditfxconvexityadjusteddirtydv01 => -4.807295325634198E-4 ||
	 | floatstream::inr::inr-mifor-6m::{06-nov-2018->06-nov-2023}@creditfxconvexityadjusteddirtyprice => 109.90302837080644 ||
	 | floatstream::inr::inr-mifor-6m::{06-nov-2018->06-nov-2023}@creditfxconvexityadjusteddirtypv => -0.09903028370806441 ||
	 | floatstream::inr::inr-mifor-6m::{06-nov-2018->06-nov-2023}@creditfxconvexityadjusteddv01 => -4.807295325634198E-4 ||
	 | floatstream::inr::inr-mifor-6m::{06-nov-2018->06-nov-2023}@creditfxconvexityadjustedfairpremium => 0.020599999999999986 ||
	 | floatstream::inr::inr-mifor-6m::{06-nov-2018->06-nov-2023}@creditfxconvexityadjustedparrate => 0.020599999999999986 ||
	 | floatstream::inr::inr-mifor-6m::{06-nov-2018->06-nov-2023}@creditfxconvexityadjustedprice => 109.90302837080644 ||
	 | floatstream::inr::inr-mifor-6m::{06-nov-2018->06-nov-2023}@creditfxconvexityadjustedpv => -0.09903028370806441 ||
	 | floatstream::inr::inr-mifor-6m::{06-nov-2018->06-nov-2023}@creditfxconvexityadjustedrate => 0.020599999999999986 ||
	 | floatstream::inr::inr-mifor-6m::{06-nov-2018->06-nov-2023}@creditfxconvexityadjustedupfront => -0.09903028370806441 ||
	 | floatstream::inr::inr-mifor-6m::{06-nov-2018->06-nov-2023}@creditfxconvexityadjustmentfactor => 1.0 ||
	 | floatstream::inr::inr-mifor-6m::{06-nov-2018->06-nov-2023}@creditfxconvexityadjustmentpremium => 0.0 ||
	 | floatstream::inr::inr-mifor-6m::{06-nov-2018->06-nov-2023}@creditfxconvexityadjustmentpremiumupfront => -0.0 ||
	 | floatstream::inr::inr-mifor-6m::{06-nov-2018->06-nov-2023}@cumulativeconvexityadjustedcleandv01 => -4.807295325634198E-4 ||
	 | floatstream::inr::inr-mifor-6m::{06-nov-2018->06-nov-2023}@cumulativeconvexityadjustedcleanprice => 109.90302837080644 ||
	 | floatstream::inr::inr-mifor-6m::{06-nov-2018->06-nov-2023}@cumulativeconvexityadjustedcleanpv => -0.09903028370806441 ||
	 | floatstream::inr::inr-mifor-6m::{06-nov-2018->06-nov-2023}@cumulativeconvexityadjusteddirtydv01 => -4.807295325634198E-4 ||
	 | floatstream::inr::inr-mifor-6m::{06-nov-2018->06-nov-2023}@cumulativeconvexityadjusteddirtyprice => 109.90302837080644 ||
	 | floatstream::inr::inr-mifor-6m::{06-nov-2018->06-nov-2023}@cumulativeconvexityadjusteddirtypv => -0.09903028370806441 ||
	 | floatstream::inr::inr-mifor-6m::{06-nov-2018->06-nov-2023}@cumulativeconvexityadjusteddv01 => -4.807295325634198E-4 ||
	 | floatstream::inr::inr-mifor-6m::{06-nov-2018->06-nov-2023}@cumulativeconvexityadjustedfairpremium => 0.020599999999999986 ||
	 | floatstream::inr::inr-mifor-6m::{06-nov-2018->06-nov-2023}@cumulativeconvexityadjustedparrate => 0.020599999999999986 ||
	 | floatstream::inr::inr-mifor-6m::{06-nov-2018->06-nov-2023}@cumulativeconvexityadjustedprice => 109.90302837080644 ||
	 | floatstream::inr::inr-mifor-6m::{06-nov-2018->06-nov-2023}@cumulativeconvexityadjustedpv => -0.09903028370806441 ||
	 | floatstream::inr::inr-mifor-6m::{06-nov-2018->06-nov-2023}@cumulativeconvexityadjustedrate => 0.020599999999999986 ||
	 | floatstream::inr::inr-mifor-6m::{06-nov-2018->06-nov-2023}@cumulativeconvexityadjustedupfront => -0.09903028370806441 ||
	 | floatstream::inr::inr-mifor-6m::{06-nov-2018->06-nov-2023}@cumulativeconvexityadjustmentfactor => 1.0 ||
	 | floatstream::inr::inr-mifor-6m::{06-nov-2018->06-nov-2023}@cumulativeconvexityadjustmentpremium => 0.0 ||
	 | floatstream::inr::inr-mifor-6m::{06-nov-2018->06-nov-2023}@cumulativeconvexityadjustmentpremiumupfront => -0.0 ||
	 | floatstream::inr::inr-mifor-6m::{06-nov-2018->06-nov-2023}@cumulativecouponamount => 0.0 ||
	 | floatstream::inr::inr-mifor-6m::{06-nov-2018->06-nov-2023}@cumulativecoupondcf => 0.0 ||
	 | floatstream::inr::inr-mifor-6m::{06-nov-2018->06-nov-2023}@cv01 => -4.807295325634198E-4 ||
	 | floatstream::inr::inr-mifor-6m::{06-nov-2018->06-nov-2023}@dirtydv01 => -4.807295325634198E-4 ||
	 | floatstream::inr::inr-mifor-6m::{06-nov-2018->06-nov-2023}@dirtyprice => 109.90302837080644 ||
	 | floatstream::inr::inr-mifor-6m::{06-nov-2018->06-nov-2023}@dirtypv => -0.09903028370806441 ||
	 | floatstream::inr::inr-mifor-6m::{06-nov-2018->06-nov-2023}@dv01 => -4.807295325634198E-4 ||
	 | floatstream::inr::inr-mifor-6m::{06-nov-2018->06-nov-2023}@fairpremium => 0.020599999999999986 ||
	 | floatstream::inr::inr-mifor-6m::{06-nov-2018->06-nov-2023}@fixing01 => 0.0 ||
	 | floatstream::inr::inr-mifor-6m::{06-nov-2018->06-nov-2023}@forwardfundingconvexityadjustedcleandv01 => -4.807295325634198E-4 ||
	 | floatstream::inr::inr-mifor-6m::{06-nov-2018->06-nov-2023}@forwardfundingconvexityadjustedcleanprice => 109.90302837080644 ||
	 | floatstream::inr::inr-mifor-6m::{06-nov-2018->06-nov-2023}@forwardfundingconvexityadjustedcleanpv => -0.09903028370806441 ||
	 | floatstream::inr::inr-mifor-6m::{06-nov-2018->06-nov-2023}@forwardfundingconvexityadjusteddirtydv01 => -4.807295325634198E-4 ||
	 | floatstream::inr::inr-mifor-6m::{06-nov-2018->06-nov-2023}@forwardfundingconvexityadjusteddirtyprice => 109.90302837080644 ||
	 | floatstream::inr::inr-mifor-6m::{06-nov-2018->06-nov-2023}@forwardfundingconvexityadjusteddirtypv => -0.09903028370806441 ||
	 | floatstream::inr::inr-mifor-6m::{06-nov-2018->06-nov-2023}@forwardfundingconvexityadjusteddv01 => -4.807295325634198E-4 ||
	 | floatstream::inr::inr-mifor-6m::{06-nov-2018->06-nov-2023}@forwardfundingconvexityadjustedfairpremium => 0.020599999999999986 ||
	 | floatstream::inr::inr-mifor-6m::{06-nov-2018->06-nov-2023}@forwardfundingconvexityadjustedparrate => 0.020599999999999986 ||
	 | floatstream::inr::inr-mifor-6m::{06-nov-2018->06-nov-2023}@forwardfundingconvexityadjustedprice => 109.90302837080644 ||
	 | floatstream::inr::inr-mifor-6m::{06-nov-2018->06-nov-2023}@forwardfundingconvexityadjustedpv => -0.09903028370806441 ||
	 | floatstream::inr::inr-mifor-6m::{06-nov-2018->06-nov-2023}@forwardfundingconvexityadjustedrate => 0.020599999999999986 ||
	 | floatstream::inr::inr-mifor-6m::{06-nov-2018->06-nov-2023}@forwardfundingconvexityadjustedupfront => -0.09903028370806441 ||
	 | floatstream::inr::inr-mifor-6m::{06-nov-2018->06-nov-2023}@forwardfundingconvexityadjustmentfactor => 1.0 ||
	 | floatstream::inr::inr-mifor-6m::{06-nov-2018->06-nov-2023}@forwardfundingconvexityadjustmentpremium => 0.0 ||
	 | floatstream::inr::inr-mifor-6m::{06-nov-2018->06-nov-2023}@forwardfundingconvexityadjustmentpremiumupfront => -0.0 ||
	 | floatstream::inr::inr-mifor-6m::{06-nov-2018->06-nov-2023}@forwardfxconvexityadjustedcleandv01 => -4.807295325634198E-4 ||
	 | floatstream::inr::inr-mifor-6m::{06-nov-2018->06-nov-2023}@forwardfxconvexityadjustedcleanprice => 109.90302837080644 ||
	 | floatstream::inr::inr-mifor-6m::{06-nov-2018->06-nov-2023}@forwardfxconvexityadjustedcleanpv => -0.09903028370806441 ||
	 | floatstream::inr::inr-mifor-6m::{06-nov-2018->06-nov-2023}@forwardfxconvexityadjusteddirtydv01 => -4.807295325634198E-4 ||
	 | floatstream::inr::inr-mifor-6m::{06-nov-2018->06-nov-2023}@forwardfxconvexityadjusteddirtyprice => 109.90302837080644 ||
	 | floatstream::inr::inr-mifor-6m::{06-nov-2018->06-nov-2023}@forwardfxconvexityadjusteddirtypv => -0.09903028370806441 ||
	 | floatstream::inr::inr-mifor-6m::{06-nov-2018->06-nov-2023}@forwardfxconvexityadjusteddv01 => -4.807295325634198E-4 ||
	 | floatstream::inr::inr-mifor-6m::{06-nov-2018->06-nov-2023}@forwardfxconvexityadjustedfairpremium => 0.020599999999999986 ||
	 | floatstream::inr::inr-mifor-6m::{06-nov-2018->06-nov-2023}@forwardfxconvexityadjustedparrate => 0.020599999999999986 ||
	 | floatstream::inr::inr-mifor-6m::{06-nov-2018->06-nov-2023}@forwardfxconvexityadjustedprice => 109.90302837080644 ||
	 | floatstream::inr::inr-mifor-6m::{06-nov-2018->06-nov-2023}@forwardfxconvexityadjustedpv => -0.09903028370806441 ||
	 | floatstream::inr::inr-mifor-6m::{06-nov-2018->06-nov-2023}@forwardfxconvexityadjustedrate => 0.020599999999999986 ||
	 | floatstream::inr::inr-mifor-6m::{06-nov-2018->06-nov-2023}@forwardfxconvexityadjustedupfront => -0.09903028370806441 ||
	 | floatstream::inr::inr-mifor-6m::{06-nov-2018->06-nov-2023}@forwardfxconvexityadjustmentfactor => 1.0 ||
	 | floatstream::inr::inr-mifor-6m::{06-nov-2018->06-nov-2023}@forwardfxconvexityadjustmentpremium => 0.0 ||
	 | floatstream::inr::inr-mifor-6m::{06-nov-2018->06-nov-2023}@forwardfxconvexityadjustmentpremiumupfront => -0.0 ||
	 | floatstream::inr::inr-mifor-6m::{06-nov-2018->06-nov-2023}@fundingfxconvexityadjustedcleandv01 => -4.807295325634198E-4 ||
	 | floatstream::inr::inr-mifor-6m::{06-nov-2018->06-nov-2023}@fundingfxconvexityadjustedcleanprice => 109.90302837080644 ||
	 | floatstream::inr::inr-mifor-6m::{06-nov-2018->06-nov-2023}@fundingfxconvexityadjustedcleanpv => -0.09903028370806441 ||
	 | floatstream::inr::inr-mifor-6m::{06-nov-2018->06-nov-2023}@fundingfxconvexityadjusteddirtydv01 => -4.807295325634198E-4 ||
	 | floatstream::inr::inr-mifor-6m::{06-nov-2018->06-nov-2023}@fundingfxconvexityadjusteddirtyprice => 109.90302837080644 ||
	 | floatstream::inr::inr-mifor-6m::{06-nov-2018->06-nov-2023}@fundingfxconvexityadjusteddirtypv => -0.09903028370806441 ||
	 | floatstream::inr::inr-mifor-6m::{06-nov-2018->06-nov-2023}@fundingfxconvexityadjusteddv01 => -4.807295325634198E-4 ||
	 | floatstream::inr::inr-mifor-6m::{06-nov-2018->06-nov-2023}@fundingfxconvexityadjustedfairpremium => 0.020599999999999986 ||
	 | floatstream::inr::inr-mifor-6m::{06-nov-2018->06-nov-2023}@fundingfxconvexityadjustedparrate => 0.020599999999999986 ||
	 | floatstream::inr::inr-mifor-6m::{06-nov-2018->06-nov-2023}@fundingfxconvexityadjustedprice => 109.90302837080644 ||
	 | floatstream::inr::inr-mifor-6m::{06-nov-2018->06-nov-2023}@fundingfxconvexityadjustedpv => -0.09903028370806441 ||
	 | floatstream::inr::inr-mifor-6m::{06-nov-2018->06-nov-2023}@fundingfxconvexityadjustedrate => 0.020599999999999986 ||
	 | floatstream::inr::inr-mifor-6m::{06-nov-2018->06-nov-2023}@fundingfxconvexityadjustedupfront => -0.09903028370806441 ||
	 | floatstream::inr::inr-mifor-6m::{06-nov-2018->06-nov-2023}@fundingfxconvexityadjustmentfactor => 1.0 ||
	 | floatstream::inr::inr-mifor-6m::{06-nov-2018->06-nov-2023}@fundingfxconvexityadjustmentpremium => 0.0 ||
	 | floatstream::inr::inr-mifor-6m::{06-nov-2018->06-nov-2023}@fundingfxconvexityadjustmentpremiumupfront => -0.0 ||
	 | floatstream::inr::inr-mifor-6m::{06-nov-2018->06-nov-2023}@parrate => 0.020599999999999986 ||
	 | floatstream::inr::inr-mifor-6m::{06-nov-2018->06-nov-2023}@price => 109.90302837080644 ||
	 | floatstream::inr::inr-mifor-6m::{06-nov-2018->06-nov-2023}@pv => -0.09903028370806441 ||
	 | floatstream::inr::inr-mifor-6m::{06-nov-2018->06-nov-2023}@rate => 0.020599999999999986 ||
	 | floatstream::inr::inr-mifor-6m::{06-nov-2018->06-nov-2023}@resetdate => -2.147483648E9 ||
	 | floatstream::inr::inr-mifor-6m::{06-nov-2018->06-nov-2023}@resetrate => NaN ||
	 | floatstream::inr::inr-mifor-6m::{06-nov-2018->06-nov-2023}@totalcoupon => 0.20998275064141836 ||
	 | floatstream::inr::inr-mifor-6m::{06-nov-2018->06-nov-2023}@unadjustedcleandv01 => -4.807295325634198E-4 ||
	 | floatstream::inr::inr-mifor-6m::{06-nov-2018->06-nov-2023}@unadjustedcleanprice => 109.90302837080644 ||
	 | floatstream::inr::inr-mifor-6m::{06-nov-2018->06-nov-2023}@unadjustedcleanpv => -0.09903028370806441 ||
	 | floatstream::inr::inr-mifor-6m::{06-nov-2018->06-nov-2023}@unadjusteddirtydv01 => -4.807295325634198E-4 ||
	 | floatstream::inr::inr-mifor-6m::{06-nov-2018->06-nov-2023}@unadjusteddirtyprice => 109.90302837080644 ||
	 | floatstream::inr::inr-mifor-6m::{06-nov-2018->06-nov-2023}@unadjusteddirtypv => -0.09903028370806441 ||
	 | floatstream::inr::inr-mifor-6m::{06-nov-2018->06-nov-2023}@unadjustedfairpremium => 0.020599999999999986 ||
	 | floatstream::inr::inr-mifor-6m::{06-nov-2018->06-nov-2023}@unadjustedparrate => 0.020599999999999986 ||
	 | floatstream::inr::inr-mifor-6m::{06-nov-2018->06-nov-2023}@unadjustedprice => 109.90302837080644 ||
	 | floatstream::inr::inr-mifor-6m::{06-nov-2018->06-nov-2023}@unadjustedpv => -0.09903028370806441 ||
	 | floatstream::inr::inr-mifor-6m::{06-nov-2018->06-nov-2023}@unadjustedrate => 0.020599999999999986 ||
	 | floatstream::inr::inr-mifor-6m::{06-nov-2018->06-nov-2023}@unadjustedupfront => -0.09903028370806441 ||
	 | floatstream::inr::inr-mifor-6m::{06-nov-2018->06-nov-2023}@upfront => -0.09903028370806441 ||
	 | initialnotional => 1.0 ||
	 | parfixedcoupon => 0.020599999999999986 ||
	 | parrate => 0.020599999999999986 ||
	 | parswaprate => 0.020599999999999986 ||
	 | price => 99.99999999999997 ||
	 | pv => -2.498001805406602E-16 ||
	 | rate => 0.020599999999999986 ||
	 | referenceaccrued => 0.0 ||
	 | referenceaccrued01 => 0.0 ||
	 | referencecleandv01 => 4.807295325634198E-4 ||
	 | referencecleanpv => 0.09903028370806416 ||
	 | referencecumulativeconvexityadjustmentfactor => 1.0 ||
	 | referencecumulativeconvexityadjustmentpremium => 0.0 ||
	 | referencecumulativecouponamount => 0.0 ||
	 | referencecumulativecoupondcf => 0.0 ||
	 | referencedirtydv01 => 4.807295325634198E-4 ||
	 | referencedirtypv => 0.09903028370806416 ||
	 | referencedv01 => 4.807295325634198E-4 ||
	 | referenceparbasisspread => 5.196272823278348E-13 ||
	 | referencepv => 0.09903028370806416 ||
	 | resetdate => -2.147483648E9 ||
	 | resetrate => NaN ||
	 | swaprate => 0.020599999999999986 ||
	 | upfront => -2.498001805406602E-16 ||
	 |------------------------------||


		|-----------------------------------------------------------------------------------------------------------------------||
		|    Floating Stream Cash Flow Details                                                                                  ||
		|    -------- ------ ---- ---- -------                                                                                  ||
		|               Start Date                                                                                              ||
		|               End Date                                                                                                ||
		|               Pay Date                                                                                                ||
		|               FX Fixing Date                                                                                          ||
		|               Base Notional                                                                                           ||
		|               Period DCF                                                                                              ||
		|               Tenor                                                                                                   ||
		|               Funding Label                                                                                           ||
		|               Forward Label                                                                                           ||
		|               Pay Discount Factor                                                                                     ||
		|               Coupon Rate                                                                                             ||
		|-----------------------------------------------------------------------------------------------------------------------||
		| [06-NOV-2018 - 06-MAY-2019] => 06-MAY-2019 | 06-MAY-2019 | -1.0000 |  0.4959 | 6M | INR | INR-MIFOR-6M |  0.9987 |  0.26% ||
		| [06-MAY-2019 - 06-NOV-2019] => 06-NOV-2019 | 06-NOV-2019 | -1.0000 |  0.5041 | 6M | INR | INR-MIFOR-6M |  0.9966 |  0.42% ||
		| [06-NOV-2019 - 06-MAY-2020] => 06-MAY-2020 | 06-MAY-2020 | -1.0000 |  0.4986 | 6M | INR | INR-MIFOR-6M |  0.9926 |  0.79% ||
		| [06-MAY-2020 - 06-NOV-2020] => 06-NOV-2020 | 06-NOV-2020 | -1.0000 |  0.5041 | 6M | INR | INR-MIFOR-6M |  0.9859 |  1.36% ||
		| [06-NOV-2020 - 06-MAY-2021] => 06-MAY-2021 | 06-MAY-2021 | -1.0000 |  0.4959 | 6M | INR | INR-MIFOR-6M |  0.9704 |  3.21% ||
		| [06-MAY-2021 - 06-NOV-2021] => 06-NOV-2021 | 06-NOV-2021 | -1.0000 |  0.5041 | 6M | INR | INR-MIFOR-6M |  0.9608 |  1.99% ||
		| [06-NOV-2021 - 06-MAY-2022] => 06-MAY-2022 | 06-MAY-2022 | -1.0000 |  0.4959 | 6M | INR | INR-MIFOR-6M |  0.9493 |  2.44% ||
		| [06-MAY-2022 - 06-NOV-2022] => 06-NOV-2022 | 06-NOV-2022 | -1.0000 |  0.5041 | 6M | INR | INR-MIFOR-6M |  0.9353 |  2.97% ||
		| [06-NOV-2022 - 06-MAY-2023] => 06-MAY-2023 | 06-MAY-2023 | -1.0000 |  0.4959 | 6M | INR | INR-MIFOR-6M |  0.9191 |  3.56% ||
		| [06-MAY-2023 - 06-NOV-2023] => 06-NOV-2023 | 06-NOV-2023 | -1.0000 |  0.5041 | 6M | INR | INR-MIFOR-6M |  0.9010 |  3.99% ||
		|-----------------------------------------------------------------------------------------------------------------------||


		|--------------------------------------------------------------------------------------------------------||
		|    Fixed Stream Cash Flow Details                                                                      ||
		|    ----- ------ ---- ---- -------                                                                      ||
		|               Start Date                                                                               ||
		|               End Date                                                                                 ||
		|               Pay Date                                                                                 ||
		|               FX Fixing Date                                                                           ||
		|               Base Notional                                                                            ||
		|               Period DCF                                                                               ||
		|               Tenor                                                                                    ||
		|               Funding Label                                                                            ||
		|               Pay Discount Factor                                                                      ||
		|               Coupon Rate                                                                              ||
		|--------------------------------------------------------------------------------------------------------||
		| [06-NOV-2018 - 06-MAY-2019] => 06-MAY-2019 | 06-MAY-2019 |  1.0000 |  0.4959 | 6M | INR |  0.9987 |  2.06% ||
		| [06-MAY-2019 - 06-NOV-2019] => 06-NOV-2019 | 06-NOV-2019 |  1.0000 |  0.5041 | 6M | INR |  0.9966 |  2.06% ||
		| [06-NOV-2019 - 06-MAY-2020] => 06-MAY-2020 | 06-MAY-2020 |  1.0000 |  0.4986 | 6M | INR |  0.9926 |  2.06% ||
		| [06-MAY-2020 - 06-NOV-2020] => 06-NOV-2020 | 06-NOV-2020 |  1.0000 |  0.5041 | 6M | INR |  0.9859 |  2.06% ||
		| [06-NOV-2020 - 06-MAY-2021] => 06-MAY-2021 | 06-MAY-2021 |  1.0000 |  0.4959 | 6M | INR |  0.9704 |  2.06% ||
		| [06-MAY-2021 - 06-NOV-2021] => 06-NOV-2021 | 06-NOV-2021 |  1.0000 |  0.5041 | 6M | INR |  0.9608 |  2.06% ||
		| [06-NOV-2021 - 06-MAY-2022] => 06-MAY-2022 | 06-MAY-2022 |  1.0000 |  0.4959 | 6M | INR |  0.9493 |  2.06% ||
		| [06-MAY-2022 - 06-NOV-2022] => 06-NOV-2022 | 06-NOV-2022 |  1.0000 |  0.5041 | 6M | INR |  0.9353 |  2.06% ||
		| [06-NOV-2022 - 06-MAY-2023] => 06-MAY-2023 | 06-MAY-2023 |  1.0000 |  0.4959 | 6M | INR |  0.9191 |  2.06% ||
		| [06-MAY-2023 - 06-NOV-2023] => 06-NOV-2023 | 06-NOV-2023 |  1.0000 |  0.5041 | 6M | INR |  0.9010 |  2.06% ||
		|--------------------------------------------------------------------------------------------------------||

	|-----------------------------------------------------------------|
	|    Copyright (C) 2011-2018 (DRIP)
	|-----------------------------------------------------------------|
	|    Build Version  => 3.86.0 multi mode
	|    Build JVM (TM) => 1.8.0_112
	|    Build Snap     => Fri Nov 02 21:22:20 EST 2018
	|    Start Time     => Fri Nov 02 23:11:29 EDT 2018
	|    Setup Time     => Fri Nov 02 23:11:29 EDT 2018
	|    Setup Duration => 0 ms
	|-----------------------------------------------------------------|

	 | accrued => 0.0 ||
	 | calctime => 3.4020000000000003E-4 ||
	 | calibfloatingpv => 0.09902655171584995 ||
	 | calibswaprate => 0.020599999999999997 ||
	 | cleanfixeddv01 => 4.8071141609635907E-4 ||
	 | cleanfloatingdv01 => -4.8738796354214173E-4 ||
	 | cleanfloatingpv => -0.09902655171584998 ||
	 | cleanprice => 99.99999999999997 ||
	 | cleanpv => -3.3306690738754696E-16 ||
	 | cumulativeconvexityadjustmentpremium => 0.0 ||
	 | cumulativecouponamount => 0.0 ||
	 | cumulativecoupondcf => 0.0 ||
	 | derivedaccrued => 0.0 ||
	 | derivedaccrued01 => 0.0 ||
	 | derivedcleandv01 => -4.8738796354214173E-4 ||
	 | derivedcleanpv => -0.09902655171584998 ||
	 | derivedcumulativeconvexityadjustmentfactor => 1.0 ||
	 | derivedcumulativeconvexityadjustmentpremium => -0.0 ||
	 | derivedcumulativecouponamount => 0.0 ||
	 | derivedcumulativecoupondcf => 0.0 ||
	 | deriveddirtydv01 => -4.8738796354214173E-4 ||
	 | deriveddirtypv => -0.09902655171584998 ||
	 | deriveddv01 => -4.8738796354214173E-4 ||
	 | derivedfixing01 => 0.0 ||
	 | derivedparbasisspread => -6.833712202635233E-13 ||
	 | derivedpv => -0.09902655171584998 ||
	 | derivedresetdate => -2.147483648E9 ||
	 | derivedresetrate => NaN ||
	 | dirtyfixeddv01 => 4.8071141609635907E-4 ||
	 | dirtyfixedpv => 0.09902655171584965 ||
	 | dirtyfloatingdv01 => -4.8738796354214173E-4 ||
	 | dirtyfloatingpv => -0.09902655171584998 ||
	 | dirtyprice => 99.99999999999997 ||
	 | dirtypv => -3.3306690738754696E-16 ||
	 | fairpremium => 0.020600000000000004 ||
	 | fixedaccrued => 0.0 ||
	 | fixedaccrued01 => 0.0 ||
	 | fixeddv01 => 4.8071141609635907E-4 ||
	 | fixedstream::jpy/jpy::6::{06-nov-2018->06-nov-2023}@accrualcoupon => NaN ||
	 | fixedstream::jpy/jpy::6::{06-nov-2018->06-nov-2023}@accrued => 0.0 ||
	 | fixedstream::jpy/jpy::6::{06-nov-2018->06-nov-2023}@accrued01 => 0.0 ||
	 | fixedstream::jpy/jpy::6::{06-nov-2018->06-nov-2023}@calctime => 6.154600000000001E-5 ||
	 | fixedstream::jpy/jpy::6::{06-nov-2018->06-nov-2023}@cleandv01 => 4.8071141609635907E-4 ||
	 | fixedstream::jpy/jpy::6::{06-nov-2018->06-nov-2023}@cleanprice => 109.90265517158497 ||
	 | fixedstream::jpy/jpy::6::{06-nov-2018->06-nov-2023}@cleanpv => 0.09902655171584965 ||
	 | fixedstream::jpy/jpy::6::{06-nov-2018->06-nov-2023}@compoundingadjustedcleandv01 => 4.8071141609635907E-4 ||
	 | fixedstream::jpy/jpy::6::{06-nov-2018->06-nov-2023}@compoundingadjustedcleanprice => 109.90265517158497 ||
	 | fixedstream::jpy/jpy::6::{06-nov-2018->06-nov-2023}@compoundingadjustedcleanpv => 0.09902655171584965 ||
	 | fixedstream::jpy/jpy::6::{06-nov-2018->06-nov-2023}@compoundingadjusteddirtydv01 => 4.8071141609635907E-4 ||
	 | fixedstream::jpy/jpy::6::{06-nov-2018->06-nov-2023}@compoundingadjusteddirtyprice => 109.90265517158497 ||
	 | fixedstream::jpy/jpy::6::{06-nov-2018->06-nov-2023}@compoundingadjusteddirtypv => 0.09902655171584965 ||
	 | fixedstream::jpy/jpy::6::{06-nov-2018->06-nov-2023}@compoundingadjustedfairpremium => 0.020599999999999934 ||
	 | fixedstream::jpy/jpy::6::{06-nov-2018->06-nov-2023}@compoundingadjustedparrate => 0.020599999999999934 ||
	 | fixedstream::jpy/jpy::6::{06-nov-2018->06-nov-2023}@compoundingadjustedprice => 109.90265517158497 ||
	 | fixedstream::jpy/jpy::6::{06-nov-2018->06-nov-2023}@compoundingadjustedpv => 0.09902655171584965 ||
	 | fixedstream::jpy/jpy::6::{06-nov-2018->06-nov-2023}@compoundingadjustedrate => 0.020599999999999934 ||
	 | fixedstream::jpy/jpy::6::{06-nov-2018->06-nov-2023}@compoundingadjustedupfront => 0.09902655171584965 ||
	 | fixedstream::jpy/jpy::6::{06-nov-2018->06-nov-2023}@compoundingadjustmentfactor => 1.0 ||
	 | fixedstream::jpy/jpy::6::{06-nov-2018->06-nov-2023}@compoundingadjustmentpremium => 0.0 ||
	 | fixedstream::jpy/jpy::6::{06-nov-2018->06-nov-2023}@compoundingadjustmentpremiumupfront => 0.0 ||
	 | fixedstream::jpy/jpy::6::{06-nov-2018->06-nov-2023}@creditforwardconvexityadjustedcleandv01 => 4.8071141609635907E-4 ||
	 | fixedstream::jpy/jpy::6::{06-nov-2018->06-nov-2023}@creditforwardconvexityadjustedcleanprice => 109.90265517158497 ||
	 | fixedstream::jpy/jpy::6::{06-nov-2018->06-nov-2023}@creditforwardconvexityadjustedcleanpv => 0.09902655171584965 ||
	 | fixedstream::jpy/jpy::6::{06-nov-2018->06-nov-2023}@creditforwardconvexityadjusteddirtydv01 => 4.8071141609635907E-4 ||
	 | fixedstream::jpy/jpy::6::{06-nov-2018->06-nov-2023}@creditforwardconvexityadjusteddirtyprice => 109.90265517158497 ||
	 | fixedstream::jpy/jpy::6::{06-nov-2018->06-nov-2023}@creditforwardconvexityadjusteddirtypv => 0.09902655171584965 ||
	 | fixedstream::jpy/jpy::6::{06-nov-2018->06-nov-2023}@creditforwardconvexityadjusteddv01 => 4.8071141609635907E-4 ||
	 | fixedstream::jpy/jpy::6::{06-nov-2018->06-nov-2023}@creditforwardconvexityadjustedfairpremium => 0.020599999999999934 ||
	 | fixedstream::jpy/jpy::6::{06-nov-2018->06-nov-2023}@creditforwardconvexityadjustedparrate => 0.020599999999999934 ||
	 | fixedstream::jpy/jpy::6::{06-nov-2018->06-nov-2023}@creditforwardconvexityadjustedprice => 109.90265517158497 ||
	 | fixedstream::jpy/jpy::6::{06-nov-2018->06-nov-2023}@creditforwardconvexityadjustedpv => 0.09902655171584965 ||
	 | fixedstream::jpy/jpy::6::{06-nov-2018->06-nov-2023}@creditforwardconvexityadjustedrate => 0.020599999999999934 ||
	 | fixedstream::jpy/jpy::6::{06-nov-2018->06-nov-2023}@creditforwardconvexityadjustedupfront => 0.09902655171584965 ||
	 | fixedstream::jpy/jpy::6::{06-nov-2018->06-nov-2023}@creditforwardconvexityadjustmentfactor => 1.0 ||
	 | fixedstream::jpy/jpy::6::{06-nov-2018->06-nov-2023}@creditforwardconvexityadjustmentpremium => 0.0 ||
	 | fixedstream::jpy/jpy::6::{06-nov-2018->06-nov-2023}@creditforwardconvexityadjustmentpremiumupfront => 0.0 ||
	 | fixedstream::jpy/jpy::6::{06-nov-2018->06-nov-2023}@creditfundingconvexityadjustedcleandv01 => 4.8071141609635907E-4 ||
	 | fixedstream::jpy/jpy::6::{06-nov-2018->06-nov-2023}@creditfundingconvexityadjustedcleanprice => 109.90265517158497 ||
	 | fixedstream::jpy/jpy::6::{06-nov-2018->06-nov-2023}@creditfundingconvexityadjustedcleanpv => 0.09902655171584965 ||
	 | fixedstream::jpy/jpy::6::{06-nov-2018->06-nov-2023}@creditfundingconvexityadjusteddirtydv01 => 4.8071141609635907E-4 ||
	 | fixedstream::jpy/jpy::6::{06-nov-2018->06-nov-2023}@creditfundingconvexityadjusteddirtyprice => 109.90265517158497 ||
	 | fixedstream::jpy/jpy::6::{06-nov-2018->06-nov-2023}@creditfundingconvexityadjusteddirtypv => 0.09902655171584965 ||
	 | fixedstream::jpy/jpy::6::{06-nov-2018->06-nov-2023}@creditfundingconvexityadjusteddv01 => 4.8071141609635907E-4 ||
	 | fixedstream::jpy/jpy::6::{06-nov-2018->06-nov-2023}@creditfundingconvexityadjustedfairpremium => 0.020599999999999934 ||
	 | fixedstream::jpy/jpy::6::{06-nov-2018->06-nov-2023}@creditfundingconvexityadjustedparrate => 0.020599999999999934 ||
	 | fixedstream::jpy/jpy::6::{06-nov-2018->06-nov-2023}@creditfundingconvexityadjustedprice => 109.90265517158497 ||
	 | fixedstream::jpy/jpy::6::{06-nov-2018->06-nov-2023}@creditfundingconvexityadjustedpv => 0.09902655171584965 ||
	 | fixedstream::jpy/jpy::6::{06-nov-2018->06-nov-2023}@creditfundingconvexityadjustedrate => 0.020599999999999934 ||
	 | fixedstream::jpy/jpy::6::{06-nov-2018->06-nov-2023}@creditfundingconvexityadjustedupfront => 0.09902655171584965 ||
	 | fixedstream::jpy/jpy::6::{06-nov-2018->06-nov-2023}@creditfundingconvexityadjustmentfactor => 1.0 ||
	 | fixedstream::jpy/jpy::6::{06-nov-2018->06-nov-2023}@creditfundingconvexityadjustmentpremium => 0.0 ||
	 | fixedstream::jpy/jpy::6::{06-nov-2018->06-nov-2023}@creditfundingconvexityadjustmentpremiumupfront => 0.0 ||
	 | fixedstream::jpy/jpy::6::{06-nov-2018->06-nov-2023}@creditfxconvexityadjustedcleandv01 => 4.8071141609635907E-4 ||
	 | fixedstream::jpy/jpy::6::{06-nov-2018->06-nov-2023}@creditfxconvexityadjustedcleanprice => 109.90265517158497 ||
	 | fixedstream::jpy/jpy::6::{06-nov-2018->06-nov-2023}@creditfxconvexityadjustedcleanpv => 0.09902655171584965 ||
	 | fixedstream::jpy/jpy::6::{06-nov-2018->06-nov-2023}@creditfxconvexityadjusteddirtydv01 => 4.8071141609635907E-4 ||
	 | fixedstream::jpy/jpy::6::{06-nov-2018->06-nov-2023}@creditfxconvexityadjusteddirtyprice => 109.90265517158497 ||
	 | fixedstream::jpy/jpy::6::{06-nov-2018->06-nov-2023}@creditfxconvexityadjusteddirtypv => 0.09902655171584965 ||
	 | fixedstream::jpy/jpy::6::{06-nov-2018->06-nov-2023}@creditfxconvexityadjusteddv01 => 4.8071141609635907E-4 ||
	 | fixedstream::jpy/jpy::6::{06-nov-2018->06-nov-2023}@creditfxconvexityadjustedfairpremium => 0.020599999999999934 ||
	 | fixedstream::jpy/jpy::6::{06-nov-2018->06-nov-2023}@creditfxconvexityadjustedparrate => 0.020599999999999934 ||
	 | fixedstream::jpy/jpy::6::{06-nov-2018->06-nov-2023}@creditfxconvexityadjustedprice => 109.90265517158497 ||
	 | fixedstream::jpy/jpy::6::{06-nov-2018->06-nov-2023}@creditfxconvexityadjustedpv => 0.09902655171584965 ||
	 | fixedstream::jpy/jpy::6::{06-nov-2018->06-nov-2023}@creditfxconvexityadjustedrate => 0.020599999999999934 ||
	 | fixedstream::jpy/jpy::6::{06-nov-2018->06-nov-2023}@creditfxconvexityadjustedupfront => 0.09902655171584965 ||
	 | fixedstream::jpy/jpy::6::{06-nov-2018->06-nov-2023}@creditfxconvexityadjustmentfactor => 1.0 ||
	 | fixedstream::jpy/jpy::6::{06-nov-2018->06-nov-2023}@creditfxconvexityadjustmentpremium => 0.0 ||
	 | fixedstream::jpy/jpy::6::{06-nov-2018->06-nov-2023}@creditfxconvexityadjustmentpremiumupfront => 0.0 ||
	 | fixedstream::jpy/jpy::6::{06-nov-2018->06-nov-2023}@cumulativeconvexityadjustedcleandv01 => 4.8071141609635907E-4 ||
	 | fixedstream::jpy/jpy::6::{06-nov-2018->06-nov-2023}@cumulativeconvexityadjustedcleanprice => 109.90265517158497 ||
	 | fixedstream::jpy/jpy::6::{06-nov-2018->06-nov-2023}@cumulativeconvexityadjustedcleanpv => 0.09902655171584965 ||
	 | fixedstream::jpy/jpy::6::{06-nov-2018->06-nov-2023}@cumulativeconvexityadjusteddirtydv01 => 4.8071141609635907E-4 ||
	 | fixedstream::jpy/jpy::6::{06-nov-2018->06-nov-2023}@cumulativeconvexityadjusteddirtyprice => 109.90265517158497 ||
	 | fixedstream::jpy/jpy::6::{06-nov-2018->06-nov-2023}@cumulativeconvexityadjusteddirtypv => 0.09902655171584965 ||
	 | fixedstream::jpy/jpy::6::{06-nov-2018->06-nov-2023}@cumulativeconvexityadjusteddv01 => 4.8071141609635907E-4 ||
	 | fixedstream::jpy/jpy::6::{06-nov-2018->06-nov-2023}@cumulativeconvexityadjustedfairpremium => 0.020599999999999934 ||
	 | fixedstream::jpy/jpy::6::{06-nov-2018->06-nov-2023}@cumulativeconvexityadjustedparrate => 0.020599999999999934 ||
	 | fixedstream::jpy/jpy::6::{06-nov-2018->06-nov-2023}@cumulativeconvexityadjustedprice => 109.90265517158497 ||
	 | fixedstream::jpy/jpy::6::{06-nov-2018->06-nov-2023}@cumulativeconvexityadjustedpv => 0.09902655171584965 ||
	 | fixedstream::jpy/jpy::6::{06-nov-2018->06-nov-2023}@cumulativeconvexityadjustedrate => 0.020599999999999934 ||
	 | fixedstream::jpy/jpy::6::{06-nov-2018->06-nov-2023}@cumulativeconvexityadjustedupfront => 0.09902655171584965 ||
	 | fixedstream::jpy/jpy::6::{06-nov-2018->06-nov-2023}@cumulativeconvexityadjustmentfactor => 1.0 ||
	 | fixedstream::jpy/jpy::6::{06-nov-2018->06-nov-2023}@cumulativeconvexityadjustmentpremium => 0.0 ||
	 | fixedstream::jpy/jpy::6::{06-nov-2018->06-nov-2023}@cumulativeconvexityadjustmentpremiumupfront => 0.0 ||
	 | fixedstream::jpy/jpy::6::{06-nov-2018->06-nov-2023}@cumulativecouponamount => 0.0 ||
	 | fixedstream::jpy/jpy::6::{06-nov-2018->06-nov-2023}@cumulativecoupondcf => 0.0 ||
	 | fixedstream::jpy/jpy::6::{06-nov-2018->06-nov-2023}@cv01 => 4.8071141609635907E-4 ||
	 | fixedstream::jpy/jpy::6::{06-nov-2018->06-nov-2023}@dirtydv01 => 4.8071141609635907E-4 ||
	 | fixedstream::jpy/jpy::6::{06-nov-2018->06-nov-2023}@dirtyprice => 109.90265517158497 ||
	 | fixedstream::jpy/jpy::6::{06-nov-2018->06-nov-2023}@dirtypv => 0.09902655171584965 ||
	 | fixedstream::jpy/jpy::6::{06-nov-2018->06-nov-2023}@dv01 => 4.8071141609635907E-4 ||
	 | fixedstream::jpy/jpy::6::{06-nov-2018->06-nov-2023}@fairpremium => 0.020599999999999934 ||
	 | fixedstream::jpy/jpy::6::{06-nov-2018->06-nov-2023}@fixing01 => 0.0 ||
	 | fixedstream::jpy/jpy::6::{06-nov-2018->06-nov-2023}@forwardfundingconvexityadjustedcleandv01 => 4.8071141609635907E-4 ||
	 | fixedstream::jpy/jpy::6::{06-nov-2018->06-nov-2023}@forwardfundingconvexityadjustedcleanprice => 109.90265517158497 ||
	 | fixedstream::jpy/jpy::6::{06-nov-2018->06-nov-2023}@forwardfundingconvexityadjustedcleanpv => 0.09902655171584965 ||
	 | fixedstream::jpy/jpy::6::{06-nov-2018->06-nov-2023}@forwardfundingconvexityadjusteddirtydv01 => 4.8071141609635907E-4 ||
	 | fixedstream::jpy/jpy::6::{06-nov-2018->06-nov-2023}@forwardfundingconvexityadjusteddirtyprice => 109.90265517158497 ||
	 | fixedstream::jpy/jpy::6::{06-nov-2018->06-nov-2023}@forwardfundingconvexityadjusteddirtypv => 0.09902655171584965 ||
	 | fixedstream::jpy/jpy::6::{06-nov-2018->06-nov-2023}@forwardfundingconvexityadjusteddv01 => 4.8071141609635907E-4 ||
	 | fixedstream::jpy/jpy::6::{06-nov-2018->06-nov-2023}@forwardfundingconvexityadjustedfairpremium => 0.020599999999999934 ||
	 | fixedstream::jpy/jpy::6::{06-nov-2018->06-nov-2023}@forwardfundingconvexityadjustedparrate => 0.020599999999999934 ||
	 | fixedstream::jpy/jpy::6::{06-nov-2018->06-nov-2023}@forwardfundingconvexityadjustedprice => 109.90265517158497 ||
	 | fixedstream::jpy/jpy::6::{06-nov-2018->06-nov-2023}@forwardfundingconvexityadjustedpv => 0.09902655171584965 ||
	 | fixedstream::jpy/jpy::6::{06-nov-2018->06-nov-2023}@forwardfundingconvexityadjustedrate => 0.020599999999999934 ||
	 | fixedstream::jpy/jpy::6::{06-nov-2018->06-nov-2023}@forwardfundingconvexityadjustedupfront => 0.09902655171584965 ||
	 | fixedstream::jpy/jpy::6::{06-nov-2018->06-nov-2023}@forwardfundingconvexityadjustmentfactor => 1.0 ||
	 | fixedstream::jpy/jpy::6::{06-nov-2018->06-nov-2023}@forwardfundingconvexityadjustmentpremium => 0.0 ||
	 | fixedstream::jpy/jpy::6::{06-nov-2018->06-nov-2023}@forwardfundingconvexityadjustmentpremiumupfront => 0.0 ||
	 | fixedstream::jpy/jpy::6::{06-nov-2018->06-nov-2023}@forwardfxconvexityadjustedcleandv01 => 4.8071141609635907E-4 ||
	 | fixedstream::jpy/jpy::6::{06-nov-2018->06-nov-2023}@forwardfxconvexityadjustedcleanprice => 109.90265517158497 ||
	 | fixedstream::jpy/jpy::6::{06-nov-2018->06-nov-2023}@forwardfxconvexityadjustedcleanpv => 0.09902655171584965 ||
	 | fixedstream::jpy/jpy::6::{06-nov-2018->06-nov-2023}@forwardfxconvexityadjusteddirtydv01 => 4.8071141609635907E-4 ||
	 | fixedstream::jpy/jpy::6::{06-nov-2018->06-nov-2023}@forwardfxconvexityadjusteddirtyprice => 109.90265517158497 ||
	 | fixedstream::jpy/jpy::6::{06-nov-2018->06-nov-2023}@forwardfxconvexityadjusteddirtypv => 0.09902655171584965 ||
	 | fixedstream::jpy/jpy::6::{06-nov-2018->06-nov-2023}@forwardfxconvexityadjusteddv01 => 4.8071141609635907E-4 ||
	 | fixedstream::jpy/jpy::6::{06-nov-2018->06-nov-2023}@forwardfxconvexityadjustedfairpremium => 0.020599999999999934 ||
	 | fixedstream::jpy/jpy::6::{06-nov-2018->06-nov-2023}@forwardfxconvexityadjustedparrate => 0.020599999999999934 ||
	 | fixedstream::jpy/jpy::6::{06-nov-2018->06-nov-2023}@forwardfxconvexityadjustedprice => 109.90265517158497 ||
	 | fixedstream::jpy/jpy::6::{06-nov-2018->06-nov-2023}@forwardfxconvexityadjustedpv => 0.09902655171584965 ||
	 | fixedstream::jpy/jpy::6::{06-nov-2018->06-nov-2023}@forwardfxconvexityadjustedrate => 0.020599999999999934 ||
	 | fixedstream::jpy/jpy::6::{06-nov-2018->06-nov-2023}@forwardfxconvexityadjustedupfront => 0.09902655171584965 ||
	 | fixedstream::jpy/jpy::6::{06-nov-2018->06-nov-2023}@forwardfxconvexityadjustmentfactor => 1.0 ||
	 | fixedstream::jpy/jpy::6::{06-nov-2018->06-nov-2023}@forwardfxconvexityadjustmentpremium => 0.0 ||
	 | fixedstream::jpy/jpy::6::{06-nov-2018->06-nov-2023}@forwardfxconvexityadjustmentpremiumupfront => 0.0 ||
	 | fixedstream::jpy/jpy::6::{06-nov-2018->06-nov-2023}@fundingfxconvexityadjustedcleandv01 => 4.8071141609635907E-4 ||
	 | fixedstream::jpy/jpy::6::{06-nov-2018->06-nov-2023}@fundingfxconvexityadjustedcleanprice => 109.90265517158497 ||
	 | fixedstream::jpy/jpy::6::{06-nov-2018->06-nov-2023}@fundingfxconvexityadjustedcleanpv => 0.09902655171584965 ||
	 | fixedstream::jpy/jpy::6::{06-nov-2018->06-nov-2023}@fundingfxconvexityadjusteddirtydv01 => 4.8071141609635907E-4 ||
	 | fixedstream::jpy/jpy::6::{06-nov-2018->06-nov-2023}@fundingfxconvexityadjusteddirtyprice => 109.90265517158497 ||
	 | fixedstream::jpy/jpy::6::{06-nov-2018->06-nov-2023}@fundingfxconvexityadjusteddirtypv => 0.09902655171584965 ||
	 | fixedstream::jpy/jpy::6::{06-nov-2018->06-nov-2023}@fundingfxconvexityadjusteddv01 => 4.8071141609635907E-4 ||
	 | fixedstream::jpy/jpy::6::{06-nov-2018->06-nov-2023}@fundingfxconvexityadjustedfairpremium => 0.020599999999999934 ||
	 | fixedstream::jpy/jpy::6::{06-nov-2018->06-nov-2023}@fundingfxconvexityadjustedparrate => 0.020599999999999934 ||
	 | fixedstream::jpy/jpy::6::{06-nov-2018->06-nov-2023}@fundingfxconvexityadjustedprice => 109.90265517158497 ||
	 | fixedstream::jpy/jpy::6::{06-nov-2018->06-nov-2023}@fundingfxconvexityadjustedpv => 0.09902655171584965 ||
	 | fixedstream::jpy/jpy::6::{06-nov-2018->06-nov-2023}@fundingfxconvexityadjustedrate => 0.020599999999999934 ||
	 | fixedstream::jpy/jpy::6::{06-nov-2018->06-nov-2023}@fundingfxconvexityadjustedupfront => 0.09902655171584965 ||
	 | fixedstream::jpy/jpy::6::{06-nov-2018->06-nov-2023}@fundingfxconvexityadjustmentfactor => 1.0 ||
	 | fixedstream::jpy/jpy::6::{06-nov-2018->06-nov-2023}@fundingfxconvexityadjustmentpremium => 0.0 ||
	 | fixedstream::jpy/jpy::6::{06-nov-2018->06-nov-2023}@fundingfxconvexityadjustmentpremiumupfront => 0.0 ||
	 | fixedstream::jpy/jpy::6::{06-nov-2018->06-nov-2023}@parrate => 0.020599999999999934 ||
	 | fixedstream::jpy/jpy::6::{06-nov-2018->06-nov-2023}@price => 109.90265517158497 ||
	 | fixedstream::jpy/jpy::6::{06-nov-2018->06-nov-2023}@pv => 0.09902655171584965 ||
	 | fixedstream::jpy/jpy::6::{06-nov-2018->06-nov-2023}@rate => 0.020599999999999934 ||
	 | fixedstream::jpy/jpy::6::{06-nov-2018->06-nov-2023}@resetdate => -2.147483648E9 ||
	 | fixedstream::jpy/jpy::6::{06-nov-2018->06-nov-2023}@resetrate => NaN ||
	 | fixedstream::jpy/jpy::6::{06-nov-2018->06-nov-2023}@totalcoupon => 0.20599999999999938 ||
	 | fixedstream::jpy/jpy::6::{06-nov-2018->06-nov-2023}@unadjustedcleandv01 => 4.8071141609635907E-4 ||
	 | fixedstream::jpy/jpy::6::{06-nov-2018->06-nov-2023}@unadjustedcleanprice => 109.90265517158497 ||
	 | fixedstream::jpy/jpy::6::{06-nov-2018->06-nov-2023}@unadjustedcleanpv => 0.09902655171584965 ||
	 | fixedstream::jpy/jpy::6::{06-nov-2018->06-nov-2023}@unadjusteddirtydv01 => 4.8071141609635907E-4 ||
	 | fixedstream::jpy/jpy::6::{06-nov-2018->06-nov-2023}@unadjusteddirtyprice => 109.90265517158497 ||
	 | fixedstream::jpy/jpy::6::{06-nov-2018->06-nov-2023}@unadjusteddirtypv => 0.09902655171584965 ||
	 | fixedstream::jpy/jpy::6::{06-nov-2018->06-nov-2023}@unadjustedfairpremium => 0.020599999999999934 ||
	 | fixedstream::jpy/jpy::6::{06-nov-2018->06-nov-2023}@unadjustedparrate => 0.020599999999999934 ||
	 | fixedstream::jpy/jpy::6::{06-nov-2018->06-nov-2023}@unadjustedprice => 109.90265517158497 ||
	 | fixedstream::jpy/jpy::6::{06-nov-2018->06-nov-2023}@unadjustedpv => 0.09902655171584965 ||
	 | fixedstream::jpy/jpy::6::{06-nov-2018->06-nov-2023}@unadjustedrate => 0.020599999999999934 ||
	 | fixedstream::jpy/jpy::6::{06-nov-2018->06-nov-2023}@unadjustedupfront => 0.09902655171584965 ||
	 | fixedstream::jpy/jpy::6::{06-nov-2018->06-nov-2023}@upfront => 0.09902655171584965 ||
	 | fixing01 => 0.0 ||
	 | floataccrued => 0.0 ||
	 | floataccrued01 => 0.0 ||
	 | floatdv01 => -4.8738796354214173E-4 ||
	 | floatstream::jpy::jpy-libor-6m::{06-nov-2018->06-nov-2023}@accrualcoupon => NaN ||
	 | floatstream::jpy::jpy-libor-6m::{06-nov-2018->06-nov-2023}@accrued => 0.0 ||
	 | floatstream::jpy::jpy-libor-6m::{06-nov-2018->06-nov-2023}@accrued01 => 0.0 ||
	 | floatstream::jpy::jpy-libor-6m::{06-nov-2018->06-nov-2023}@calctime => 7.2873E-5 ||
	 | floatstream::jpy::jpy-libor-6m::{06-nov-2018->06-nov-2023}@cleandv01 => -4.8738796354214173E-4 ||
	 | floatstream::jpy::jpy-libor-6m::{06-nov-2018->06-nov-2023}@cleanprice => 109.902655171585 ||
	 | floatstream::jpy::jpy-libor-6m::{06-nov-2018->06-nov-2023}@cleanpv => -0.09902655171584998 ||
	 | floatstream::jpy::jpy-libor-6m::{06-nov-2018->06-nov-2023}@compoundingadjustedcleandv01 => -4.8738796354214173E-4 ||
	 | floatstream::jpy::jpy-libor-6m::{06-nov-2018->06-nov-2023}@compoundingadjustedcleanprice => 109.902655171585 ||
	 | floatstream::jpy::jpy-libor-6m::{06-nov-2018->06-nov-2023}@compoundingadjustedcleanpv => -0.09902655171584998 ||
	 | floatstream::jpy::jpy-libor-6m::{06-nov-2018->06-nov-2023}@compoundingadjusteddirtydv01 => -4.8738796354214173E-4 ||
	 | floatstream::jpy::jpy-libor-6m::{06-nov-2018->06-nov-2023}@compoundingadjusteddirtyprice => 109.902655171585 ||
	 | floatstream::jpy::jpy-libor-6m::{06-nov-2018->06-nov-2023}@compoundingadjusteddirtypv => -0.09902655171584998 ||
	 | floatstream::jpy::jpy-libor-6m::{06-nov-2018->06-nov-2023}@compoundingadjustedfairpremium => 0.02031780821917809 ||
	 | floatstream::jpy::jpy-libor-6m::{06-nov-2018->06-nov-2023}@compoundingadjustedparrate => 0.02031780821917809 ||
	 | floatstream::jpy::jpy-libor-6m::{06-nov-2018->06-nov-2023}@compoundingadjustedprice => 109.902655171585 ||
	 | floatstream::jpy::jpy-libor-6m::{06-nov-2018->06-nov-2023}@compoundingadjustedpv => -0.09902655171584998 ||
	 | floatstream::jpy::jpy-libor-6m::{06-nov-2018->06-nov-2023}@compoundingadjustedrate => 0.02031780821917809 ||
	 | floatstream::jpy::jpy-libor-6m::{06-nov-2018->06-nov-2023}@compoundingadjustedupfront => -0.09902655171584998 ||
	 | floatstream::jpy::jpy-libor-6m::{06-nov-2018->06-nov-2023}@compoundingadjustmentfactor => 1.0 ||
	 | floatstream::jpy::jpy-libor-6m::{06-nov-2018->06-nov-2023}@compoundingadjustmentpremium => 0.0 ||
	 | floatstream::jpy::jpy-libor-6m::{06-nov-2018->06-nov-2023}@compoundingadjustmentpremiumupfront => -0.0 ||
	 | floatstream::jpy::jpy-libor-6m::{06-nov-2018->06-nov-2023}@creditforwardconvexityadjustedcleandv01 => -4.8738796354214173E-4 ||
	 | floatstream::jpy::jpy-libor-6m::{06-nov-2018->06-nov-2023}@creditforwardconvexityadjustedcleanprice => 109.902655171585 ||
	 | floatstream::jpy::jpy-libor-6m::{06-nov-2018->06-nov-2023}@creditforwardconvexityadjustedcleanpv => -0.09902655171584998 ||
	 | floatstream::jpy::jpy-libor-6m::{06-nov-2018->06-nov-2023}@creditforwardconvexityadjusteddirtydv01 => -4.8738796354214173E-4 ||
	 | floatstream::jpy::jpy-libor-6m::{06-nov-2018->06-nov-2023}@creditforwardconvexityadjusteddirtyprice => 109.902655171585 ||
	 | floatstream::jpy::jpy-libor-6m::{06-nov-2018->06-nov-2023}@creditforwardconvexityadjusteddirtypv => -0.09902655171584998 ||
	 | floatstream::jpy::jpy-libor-6m::{06-nov-2018->06-nov-2023}@creditforwardconvexityadjusteddv01 => -4.8738796354214173E-4 ||
	 | floatstream::jpy::jpy-libor-6m::{06-nov-2018->06-nov-2023}@creditforwardconvexityadjustedfairpremium => 0.02031780821917809 ||
	 | floatstream::jpy::jpy-libor-6m::{06-nov-2018->06-nov-2023}@creditforwardconvexityadjustedparrate => 0.02031780821917809 ||
	 | floatstream::jpy::jpy-libor-6m::{06-nov-2018->06-nov-2023}@creditforwardconvexityadjustedprice => 109.902655171585 ||
	 | floatstream::jpy::jpy-libor-6m::{06-nov-2018->06-nov-2023}@creditforwardconvexityadjustedpv => -0.09902655171584998 ||
	 | floatstream::jpy::jpy-libor-6m::{06-nov-2018->06-nov-2023}@creditforwardconvexityadjustedrate => 0.02031780821917809 ||
	 | floatstream::jpy::jpy-libor-6m::{06-nov-2018->06-nov-2023}@creditforwardconvexityadjustedupfront => -0.09902655171584998 ||
	 | floatstream::jpy::jpy-libor-6m::{06-nov-2018->06-nov-2023}@creditforwardconvexityadjustmentfactor => 1.0 ||
	 | floatstream::jpy::jpy-libor-6m::{06-nov-2018->06-nov-2023}@creditforwardconvexityadjustmentpremium => 0.0 ||
	 | floatstream::jpy::jpy-libor-6m::{06-nov-2018->06-nov-2023}@creditforwardconvexityadjustmentpremiumupfront => -0.0 ||
	 | floatstream::jpy::jpy-libor-6m::{06-nov-2018->06-nov-2023}@creditfundingconvexityadjustedcleandv01 => -4.8738796354214173E-4 ||
	 | floatstream::jpy::jpy-libor-6m::{06-nov-2018->06-nov-2023}@creditfundingconvexityadjustedcleanprice => 109.902655171585 ||
	 | floatstream::jpy::jpy-libor-6m::{06-nov-2018->06-nov-2023}@creditfundingconvexityadjustedcleanpv => -0.09902655171584998 ||
	 | floatstream::jpy::jpy-libor-6m::{06-nov-2018->06-nov-2023}@creditfundingconvexityadjusteddirtydv01 => -4.8738796354214173E-4 ||
	 | floatstream::jpy::jpy-libor-6m::{06-nov-2018->06-nov-2023}@creditfundingconvexityadjusteddirtyprice => 109.902655171585 ||
	 | floatstream::jpy::jpy-libor-6m::{06-nov-2018->06-nov-2023}@creditfundingconvexityadjusteddirtypv => -0.09902655171584998 ||
	 | floatstream::jpy::jpy-libor-6m::{06-nov-2018->06-nov-2023}@creditfundingconvexityadjusteddv01 => -4.8738796354214173E-4 ||
	 | floatstream::jpy::jpy-libor-6m::{06-nov-2018->06-nov-2023}@creditfundingconvexityadjustedfairpremium => 0.02031780821917809 ||
	 | floatstream::jpy::jpy-libor-6m::{06-nov-2018->06-nov-2023}@creditfundingconvexityadjustedparrate => 0.02031780821917809 ||
	 | floatstream::jpy::jpy-libor-6m::{06-nov-2018->06-nov-2023}@creditfundingconvexityadjustedprice => 109.902655171585 ||
	 | floatstream::jpy::jpy-libor-6m::{06-nov-2018->06-nov-2023}@creditfundingconvexityadjustedpv => -0.09902655171584998 ||
	 | floatstream::jpy::jpy-libor-6m::{06-nov-2018->06-nov-2023}@creditfundingconvexityadjustedrate => 0.02031780821917809 ||
	 | floatstream::jpy::jpy-libor-6m::{06-nov-2018->06-nov-2023}@creditfundingconvexityadjustedupfront => -0.09902655171584998 ||
	 | floatstream::jpy::jpy-libor-6m::{06-nov-2018->06-nov-2023}@creditfundingconvexityadjustmentfactor => 1.0 ||
	 | floatstream::jpy::jpy-libor-6m::{06-nov-2018->06-nov-2023}@creditfundingconvexityadjustmentpremium => 0.0 ||
	 | floatstream::jpy::jpy-libor-6m::{06-nov-2018->06-nov-2023}@creditfundingconvexityadjustmentpremiumupfront => -0.0 ||
	 | floatstream::jpy::jpy-libor-6m::{06-nov-2018->06-nov-2023}@creditfxconvexityadjustedcleandv01 => -4.8738796354214173E-4 ||
	 | floatstream::jpy::jpy-libor-6m::{06-nov-2018->06-nov-2023}@creditfxconvexityadjustedcleanprice => 109.902655171585 ||
	 | floatstream::jpy::jpy-libor-6m::{06-nov-2018->06-nov-2023}@creditfxconvexityadjustedcleanpv => -0.09902655171584998 ||
	 | floatstream::jpy::jpy-libor-6m::{06-nov-2018->06-nov-2023}@creditfxconvexityadjusteddirtydv01 => -4.8738796354214173E-4 ||
	 | floatstream::jpy::jpy-libor-6m::{06-nov-2018->06-nov-2023}@creditfxconvexityadjusteddirtyprice => 109.902655171585 ||
	 | floatstream::jpy::jpy-libor-6m::{06-nov-2018->06-nov-2023}@creditfxconvexityadjusteddirtypv => -0.09902655171584998 ||
	 | floatstream::jpy::jpy-libor-6m::{06-nov-2018->06-nov-2023}@creditfxconvexityadjusteddv01 => -4.8738796354214173E-4 ||
	 | floatstream::jpy::jpy-libor-6m::{06-nov-2018->06-nov-2023}@creditfxconvexityadjustedfairpremium => 0.02031780821917809 ||
	 | floatstream::jpy::jpy-libor-6m::{06-nov-2018->06-nov-2023}@creditfxconvexityadjustedparrate => 0.02031780821917809 ||
	 | floatstream::jpy::jpy-libor-6m::{06-nov-2018->06-nov-2023}@creditfxconvexityadjustedprice => 109.902655171585 ||
	 | floatstream::jpy::jpy-libor-6m::{06-nov-2018->06-nov-2023}@creditfxconvexityadjustedpv => -0.09902655171584998 ||
	 | floatstream::jpy::jpy-libor-6m::{06-nov-2018->06-nov-2023}@creditfxconvexityadjustedrate => 0.02031780821917809 ||
	 | floatstream::jpy::jpy-libor-6m::{06-nov-2018->06-nov-2023}@creditfxconvexityadjustedupfront => -0.09902655171584998 ||
	 | floatstream::jpy::jpy-libor-6m::{06-nov-2018->06-nov-2023}@creditfxconvexityadjustmentfactor => 1.0 ||
	 | floatstream::jpy::jpy-libor-6m::{06-nov-2018->06-nov-2023}@creditfxconvexityadjustmentpremium => 0.0 ||
	 | floatstream::jpy::jpy-libor-6m::{06-nov-2018->06-nov-2023}@creditfxconvexityadjustmentpremiumupfront => -0.0 ||
	 | floatstream::jpy::jpy-libor-6m::{06-nov-2018->06-nov-2023}@cumulativeconvexityadjustedcleandv01 => -4.8738796354214173E-4 ||
	 | floatstream::jpy::jpy-libor-6m::{06-nov-2018->06-nov-2023}@cumulativeconvexityadjustedcleanprice => 109.902655171585 ||
	 | floatstream::jpy::jpy-libor-6m::{06-nov-2018->06-nov-2023}@cumulativeconvexityadjustedcleanpv => -0.09902655171584998 ||
	 | floatstream::jpy::jpy-libor-6m::{06-nov-2018->06-nov-2023}@cumulativeconvexityadjusteddirtydv01 => -4.8738796354214173E-4 ||
	 | floatstream::jpy::jpy-libor-6m::{06-nov-2018->06-nov-2023}@cumulativeconvexityadjusteddirtyprice => 109.902655171585 ||
	 | floatstream::jpy::jpy-libor-6m::{06-nov-2018->06-nov-2023}@cumulativeconvexityadjusteddirtypv => -0.09902655171584998 ||
	 | floatstream::jpy::jpy-libor-6m::{06-nov-2018->06-nov-2023}@cumulativeconvexityadjusteddv01 => -4.8738796354214173E-4 ||
	 | floatstream::jpy::jpy-libor-6m::{06-nov-2018->06-nov-2023}@cumulativeconvexityadjustedfairpremium => 0.02031780821917809 ||
	 | floatstream::jpy::jpy-libor-6m::{06-nov-2018->06-nov-2023}@cumulativeconvexityadjustedparrate => 0.02031780821917809 ||
	 | floatstream::jpy::jpy-libor-6m::{06-nov-2018->06-nov-2023}@cumulativeconvexityadjustedprice => 109.902655171585 ||
	 | floatstream::jpy::jpy-libor-6m::{06-nov-2018->06-nov-2023}@cumulativeconvexityadjustedpv => -0.09902655171584998 ||
	 | floatstream::jpy::jpy-libor-6m::{06-nov-2018->06-nov-2023}@cumulativeconvexityadjustedrate => 0.02031780821917809 ||
	 | floatstream::jpy::jpy-libor-6m::{06-nov-2018->06-nov-2023}@cumulativeconvexityadjustedupfront => -0.09902655171584998 ||
	 | floatstream::jpy::jpy-libor-6m::{06-nov-2018->06-nov-2023}@cumulativeconvexityadjustmentfactor => 1.0 ||
	 | floatstream::jpy::jpy-libor-6m::{06-nov-2018->06-nov-2023}@cumulativeconvexityadjustmentpremium => 0.0 ||
	 | floatstream::jpy::jpy-libor-6m::{06-nov-2018->06-nov-2023}@cumulativeconvexityadjustmentpremiumupfront => -0.0 ||
	 | floatstream::jpy::jpy-libor-6m::{06-nov-2018->06-nov-2023}@cumulativecouponamount => 0.0 ||
	 | floatstream::jpy::jpy-libor-6m::{06-nov-2018->06-nov-2023}@cumulativecoupondcf => 0.0 ||
	 | floatstream::jpy::jpy-libor-6m::{06-nov-2018->06-nov-2023}@cv01 => -4.8738796354214173E-4 ||
	 | floatstream::jpy::jpy-libor-6m::{06-nov-2018->06-nov-2023}@dirtydv01 => -4.8738796354214173E-4 ||
	 | floatstream::jpy::jpy-libor-6m::{06-nov-2018->06-nov-2023}@dirtyprice => 109.902655171585 ||
	 | floatstream::jpy::jpy-libor-6m::{06-nov-2018->06-nov-2023}@dirtypv => -0.09902655171584998 ||
	 | floatstream::jpy::jpy-libor-6m::{06-nov-2018->06-nov-2023}@dv01 => -4.8738796354214173E-4 ||
	 | floatstream::jpy::jpy-libor-6m::{06-nov-2018->06-nov-2023}@fairpremium => 0.02031780821917809 ||
	 | floatstream::jpy::jpy-libor-6m::{06-nov-2018->06-nov-2023}@fixing01 => 0.0 ||
	 | floatstream::jpy::jpy-libor-6m::{06-nov-2018->06-nov-2023}@forwardfundingconvexityadjustedcleandv01 => -4.8738796354214173E-4 ||
	 | floatstream::jpy::jpy-libor-6m::{06-nov-2018->06-nov-2023}@forwardfundingconvexityadjustedcleanprice => 109.902655171585 ||
	 | floatstream::jpy::jpy-libor-6m::{06-nov-2018->06-nov-2023}@forwardfundingconvexityadjustedcleanpv => -0.09902655171584998 ||
	 | floatstream::jpy::jpy-libor-6m::{06-nov-2018->06-nov-2023}@forwardfundingconvexityadjusteddirtydv01 => -4.8738796354214173E-4 ||
	 | floatstream::jpy::jpy-libor-6m::{06-nov-2018->06-nov-2023}@forwardfundingconvexityadjusteddirtyprice => 109.902655171585 ||
	 | floatstream::jpy::jpy-libor-6m::{06-nov-2018->06-nov-2023}@forwardfundingconvexityadjusteddirtypv => -0.09902655171584998 ||
	 | floatstream::jpy::jpy-libor-6m::{06-nov-2018->06-nov-2023}@forwardfundingconvexityadjusteddv01 => -4.8738796354214173E-4 ||
	 | floatstream::jpy::jpy-libor-6m::{06-nov-2018->06-nov-2023}@forwardfundingconvexityadjustedfairpremium => 0.02031780821917809 ||
	 | floatstream::jpy::jpy-libor-6m::{06-nov-2018->06-nov-2023}@forwardfundingconvexityadjustedparrate => 0.02031780821917809 ||
	 | floatstream::jpy::jpy-libor-6m::{06-nov-2018->06-nov-2023}@forwardfundingconvexityadjustedprice => 109.902655171585 ||
	 | floatstream::jpy::jpy-libor-6m::{06-nov-2018->06-nov-2023}@forwardfundingconvexityadjustedpv => -0.09902655171584998 ||
	 | floatstream::jpy::jpy-libor-6m::{06-nov-2018->06-nov-2023}@forwardfundingconvexityadjustedrate => 0.02031780821917809 ||
	 | floatstream::jpy::jpy-libor-6m::{06-nov-2018->06-nov-2023}@forwardfundingconvexityadjustedupfront => -0.09902655171584998 ||
	 | floatstream::jpy::jpy-libor-6m::{06-nov-2018->06-nov-2023}@forwardfundingconvexityadjustmentfactor => 1.0 ||
	 | floatstream::jpy::jpy-libor-6m::{06-nov-2018->06-nov-2023}@forwardfundingconvexityadjustmentpremium => 0.0 ||
	 | floatstream::jpy::jpy-libor-6m::{06-nov-2018->06-nov-2023}@forwardfundingconvexityadjustmentpremiumupfront => -0.0 ||
	 | floatstream::jpy::jpy-libor-6m::{06-nov-2018->06-nov-2023}@forwardfxconvexityadjustedcleandv01 => -4.8738796354214173E-4 ||
	 | floatstream::jpy::jpy-libor-6m::{06-nov-2018->06-nov-2023}@forwardfxconvexityadjustedcleanprice => 109.902655171585 ||
	 | floatstream::jpy::jpy-libor-6m::{06-nov-2018->06-nov-2023}@forwardfxconvexityadjustedcleanpv => -0.09902655171584998 ||
	 | floatstream::jpy::jpy-libor-6m::{06-nov-2018->06-nov-2023}@forwardfxconvexityadjusteddirtydv01 => -4.8738796354214173E-4 ||
	 | floatstream::jpy::jpy-libor-6m::{06-nov-2018->06-nov-2023}@forwardfxconvexityadjusteddirtyprice => 109.902655171585 ||
	 | floatstream::jpy::jpy-libor-6m::{06-nov-2018->06-nov-2023}@forwardfxconvexityadjusteddirtypv => -0.09902655171584998 ||
	 | floatstream::jpy::jpy-libor-6m::{06-nov-2018->06-nov-2023}@forwardfxconvexityadjusteddv01 => -4.8738796354214173E-4 ||
	 | floatstream::jpy::jpy-libor-6m::{06-nov-2018->06-nov-2023}@forwardfxconvexityadjustedfairpremium => 0.02031780821917809 ||
	 | floatstream::jpy::jpy-libor-6m::{06-nov-2018->06-nov-2023}@forwardfxconvexityadjustedparrate => 0.02031780821917809 ||
	 | floatstream::jpy::jpy-libor-6m::{06-nov-2018->06-nov-2023}@forwardfxconvexityadjustedprice => 109.902655171585 ||
	 | floatstream::jpy::jpy-libor-6m::{06-nov-2018->06-nov-2023}@forwardfxconvexityadjustedpv => -0.09902655171584998 ||
	 | floatstream::jpy::jpy-libor-6m::{06-nov-2018->06-nov-2023}@forwardfxconvexityadjustedrate => 0.02031780821917809 ||
	 | floatstream::jpy::jpy-libor-6m::{06-nov-2018->06-nov-2023}@forwardfxconvexityadjustedupfront => -0.09902655171584998 ||
	 | floatstream::jpy::jpy-libor-6m::{06-nov-2018->06-nov-2023}@forwardfxconvexityadjustmentfactor => 1.0 ||
	 | floatstream::jpy::jpy-libor-6m::{06-nov-2018->06-nov-2023}@forwardfxconvexityadjustmentpremium => 0.0 ||
	 | floatstream::jpy::jpy-libor-6m::{06-nov-2018->06-nov-2023}@forwardfxconvexityadjustmentpremiumupfront => -0.0 ||
	 | floatstream::jpy::jpy-libor-6m::{06-nov-2018->06-nov-2023}@fundingfxconvexityadjustedcleandv01 => -4.8738796354214173E-4 ||
	 | floatstream::jpy::jpy-libor-6m::{06-nov-2018->06-nov-2023}@fundingfxconvexityadjustedcleanprice => 109.902655171585 ||
	 | floatstream::jpy::jpy-libor-6m::{06-nov-2018->06-nov-2023}@fundingfxconvexityadjustedcleanpv => -0.09902655171584998 ||
	 | floatstream::jpy::jpy-libor-6m::{06-nov-2018->06-nov-2023}@fundingfxconvexityadjusteddirtydv01 => -4.8738796354214173E-4 ||
	 | floatstream::jpy::jpy-libor-6m::{06-nov-2018->06-nov-2023}@fundingfxconvexityadjusteddirtyprice => 109.902655171585 ||
	 | floatstream::jpy::jpy-libor-6m::{06-nov-2018->06-nov-2023}@fundingfxconvexityadjusteddirtypv => -0.09902655171584998 ||
	 | floatstream::jpy::jpy-libor-6m::{06-nov-2018->06-nov-2023}@fundingfxconvexityadjusteddv01 => -4.8738796354214173E-4 ||
	 | floatstream::jpy::jpy-libor-6m::{06-nov-2018->06-nov-2023}@fundingfxconvexityadjustedfairpremium => 0.02031780821917809 ||
	 | floatstream::jpy::jpy-libor-6m::{06-nov-2018->06-nov-2023}@fundingfxconvexityadjustedparrate => 0.02031780821917809 ||
	 | floatstream::jpy::jpy-libor-6m::{06-nov-2018->06-nov-2023}@fundingfxconvexityadjustedprice => 109.902655171585 ||
	 | floatstream::jpy::jpy-libor-6m::{06-nov-2018->06-nov-2023}@fundingfxconvexityadjustedpv => -0.09902655171584998 ||
	 | floatstream::jpy::jpy-libor-6m::{06-nov-2018->06-nov-2023}@fundingfxconvexityadjustedrate => 0.02031780821917809 ||
	 | floatstream::jpy::jpy-libor-6m::{06-nov-2018->06-nov-2023}@fundingfxconvexityadjustedupfront => -0.09902655171584998 ||
	 | floatstream::jpy::jpy-libor-6m::{06-nov-2018->06-nov-2023}@fundingfxconvexityadjustmentfactor => 1.0 ||
	 | floatstream::jpy::jpy-libor-6m::{06-nov-2018->06-nov-2023}@fundingfxconvexityadjustmentpremium => 0.0 ||
	 | floatstream::jpy::jpy-libor-6m::{06-nov-2018->06-nov-2023}@fundingfxconvexityadjustmentpremiumupfront => -0.0 ||
	 | floatstream::jpy::jpy-libor-6m::{06-nov-2018->06-nov-2023}@parrate => 0.02031780821917809 ||
	 | floatstream::jpy::jpy-libor-6m::{06-nov-2018->06-nov-2023}@price => 109.902655171585 ||
	 | floatstream::jpy::jpy-libor-6m::{06-nov-2018->06-nov-2023}@pv => -0.09902655171584998 ||
	 | floatstream::jpy::jpy-libor-6m::{06-nov-2018->06-nov-2023}@rate => 0.02031780821917809 ||
	 | floatstream::jpy::jpy-libor-6m::{06-nov-2018->06-nov-2023}@resetdate => -2.147483648E9 ||
	 | floatstream::jpy::jpy-libor-6m::{06-nov-2018->06-nov-2023}@resetrate => NaN ||
	 | floatstream::jpy::jpy-libor-6m::{06-nov-2018->06-nov-2023}@totalcoupon => 0.20708896805803542 ||
	 | floatstream::jpy::jpy-libor-6m::{06-nov-2018->06-nov-2023}@unadjustedcleandv01 => -4.8738796354214173E-4 ||
	 | floatstream::jpy::jpy-libor-6m::{06-nov-2018->06-nov-2023}@unadjustedcleanprice => 109.902655171585 ||
	 | floatstream::jpy::jpy-libor-6m::{06-nov-2018->06-nov-2023}@unadjustedcleanpv => -0.09902655171584998 ||
	 | floatstream::jpy::jpy-libor-6m::{06-nov-2018->06-nov-2023}@unadjusteddirtydv01 => -4.8738796354214173E-4 ||
	 | floatstream::jpy::jpy-libor-6m::{06-nov-2018->06-nov-2023}@unadjusteddirtyprice => 109.902655171585 ||
	 | floatstream::jpy::jpy-libor-6m::{06-nov-2018->06-nov-2023}@unadjusteddirtypv => -0.09902655171584998 ||
	 | floatstream::jpy::jpy-libor-6m::{06-nov-2018->06-nov-2023}@unadjustedfairpremium => 0.02031780821917809 ||
	 | floatstream::jpy::jpy-libor-6m::{06-nov-2018->06-nov-2023}@unadjustedparrate => 0.02031780821917809 ||
	 | floatstream::jpy::jpy-libor-6m::{06-nov-2018->06-nov-2023}@unadjustedprice => 109.902655171585 ||
	 | floatstream::jpy::jpy-libor-6m::{06-nov-2018->06-nov-2023}@unadjustedpv => -0.09902655171584998 ||
	 | floatstream::jpy::jpy-libor-6m::{06-nov-2018->06-nov-2023}@unadjustedrate => 0.02031780821917809 ||
	 | floatstream::jpy::jpy-libor-6m::{06-nov-2018->06-nov-2023}@unadjustedupfront => -0.09902655171584998 ||
	 | floatstream::jpy::jpy-libor-6m::{06-nov-2018->06-nov-2023}@upfront => -0.09902655171584998 ||
	 | initialnotional => 1.0 ||
	 | parfixedcoupon => 0.020600000000000004 ||
	 | parrate => 0.020600000000000004 ||
	 | parswaprate => 0.020600000000000004 ||
	 | price => 99.99999999999997 ||
	 | pv => -3.3306690738754696E-16 ||
	 | rate => 0.020600000000000004 ||
	 | referenceaccrued => 0.0 ||
	 | referenceaccrued01 => 0.0 ||
	 | referencecleandv01 => 4.8071141609635907E-4 ||
	 | referencecleanpv => 0.09902655171584965 ||
	 | referencecumulativeconvexityadjustmentfactor => 1.0 ||
	 | referencecumulativeconvexityadjustmentpremium => 0.0 ||
	 | referencecumulativecouponamount => 0.0 ||
	 | referencecumulativecoupondcf => 0.0 ||
	 | referencedirtydv01 => 4.8071141609635907E-4 ||
	 | referencedirtypv => 0.09902655171584965 ||
	 | referencedv01 => 4.8071141609635907E-4 ||
	 | referenceparbasisspread => 6.928624872116276E-13 ||
	 | referencepv => 0.09902655171584965 ||
	 | resetdate => -2.147483648E9 ||
	 | resetrate => NaN ||
	 | swaprate => 0.020600000000000004 ||
	 | upfront => -3.3306690738754696E-16 ||
	 |------------------------------||


		|-----------------------------------------------------------------------------------------------------------------------||
		|    Floating Stream Cash Flow Details                                                                                  ||
		|    -------- ------ ---- ---- -------                                                                                  ||
		|               Start Date                                                                                              ||
		|               End Date                                                                                                ||
		|               Pay Date                                                                                                ||
		|               FX Fixing Date                                                                                          ||
		|               Base Notional                                                                                           ||
		|               Period DCF                                                                                              ||
		|               Tenor                                                                                                   ||
		|               Funding Label                                                                                           ||
		|               Forward Label                                                                                           ||
		|               Pay Discount Factor                                                                                     ||
		|               Coupon Rate                                                                                             ||
		|-----------------------------------------------------------------------------------------------------------------------||
		| [06-NOV-2018 - 06-MAY-2019] => 06-MAY-2019 | 06-MAY-2019 | -1.0000 |  0.5028 | 6M | JPY | JPY-LIBOR-6M |  0.9987 |  0.26% ||
		| [06-MAY-2019 - 06-NOV-2019] => 06-NOV-2019 | 06-NOV-2019 | -1.0000 |  0.5111 | 6M | JPY | JPY-LIBOR-6M |  0.9965 |  0.42% ||
		| [06-NOV-2019 - 06-MAY-2020] => 06-MAY-2020 | 06-MAY-2020 | -1.0000 |  0.5056 | 6M | JPY | JPY-LIBOR-6M |  0.9925 |  0.79% ||
		| [06-MAY-2020 - 06-NOV-2020] => 06-NOV-2020 | 06-NOV-2020 | -1.0000 |  0.5111 | 6M | JPY | JPY-LIBOR-6M |  0.9857 |  1.36% ||
		| [06-NOV-2020 - 06-MAY-2021] => 06-MAY-2021 | 06-MAY-2021 | -1.0000 |  0.5028 | 6M | JPY | JPY-LIBOR-6M |  0.9704 |  3.13% ||
		| [06-MAY-2021 - 06-NOV-2021] => 06-NOV-2021 | 06-NOV-2021 | -1.0000 |  0.5111 | 6M | JPY | JPY-LIBOR-6M |  0.9608 |  1.97% ||
		| [06-NOV-2021 - 06-MAY-2022] => 06-MAY-2022 | 06-MAY-2022 | -1.0000 |  0.5028 | 6M | JPY | JPY-LIBOR-6M |  0.9493 |  2.40% ||
		| [06-MAY-2022 - 06-NOV-2022] => 06-NOV-2022 | 06-NOV-2022 | -1.0000 |  0.5111 | 6M | JPY | JPY-LIBOR-6M |  0.9353 |  2.93% ||
		| [06-NOV-2022 - 06-MAY-2023] => 06-MAY-2023 | 06-MAY-2023 | -1.0000 |  0.5028 | 6M | JPY | JPY-LIBOR-6M |  0.9191 |  3.51% ||
		| [06-MAY-2023 - 06-NOV-2023] => 06-NOV-2023 | 06-NOV-2023 | -1.0000 |  0.5111 | 6M | JPY | JPY-LIBOR-6M |  0.9010 |  3.94% ||
		|-----------------------------------------------------------------------------------------------------------------------||


		|--------------------------------------------------------------------------------------------------------||
		|    Fixed Stream Cash Flow Details                                                                      ||
		|    ----- ------ ---- ---- -------                                                                      ||
		|               Start Date                                                                               ||
		|               End Date                                                                                 ||
		|               Pay Date                                                                                 ||
		|               FX Fixing Date                                                                           ||
		|               Base Notional                                                                            ||
		|               Period DCF                                                                               ||
		|               Tenor                                                                                    ||
		|               Funding Label                                                                            ||
		|               Pay Discount Factor                                                                      ||
		|               Coupon Rate                                                                              ||
		|--------------------------------------------------------------------------------------------------------||
		| [06-NOV-2018 - 06-MAY-2019] => 06-MAY-2019 | 06-MAY-2019 |  1.0000 |  0.4959 | 6M | JPY |  0.9987 |  2.06% ||
		| [06-MAY-2019 - 06-NOV-2019] => 06-NOV-2019 | 06-NOV-2019 |  1.0000 |  0.5041 | 6M | JPY |  0.9965 |  2.06% ||
		| [06-NOV-2019 - 06-MAY-2020] => 06-MAY-2020 | 06-MAY-2020 |  1.0000 |  0.4986 | 6M | JPY |  0.9925 |  2.06% ||
		| [06-MAY-2020 - 06-NOV-2020] => 06-NOV-2020 | 06-NOV-2020 |  1.0000 |  0.5041 | 6M | JPY |  0.9857 |  2.06% ||
		| [06-NOV-2020 - 06-MAY-2021] => 06-MAY-2021 | 06-MAY-2021 |  1.0000 |  0.4959 | 6M | JPY |  0.9704 |  2.06% ||
		| [06-MAY-2021 - 06-NOV-2021] => 06-NOV-2021 | 06-NOV-2021 |  1.0000 |  0.5041 | 6M | JPY |  0.9608 |  2.06% ||
		| [06-NOV-2021 - 06-MAY-2022] => 06-MAY-2022 | 06-MAY-2022 |  1.0000 |  0.4959 | 6M | JPY |  0.9493 |  2.06% ||
		| [06-MAY-2022 - 06-NOV-2022] => 06-NOV-2022 | 06-NOV-2022 |  1.0000 |  0.5041 | 6M | JPY |  0.9353 |  2.06% ||
		| [06-NOV-2022 - 06-MAY-2023] => 06-MAY-2023 | 06-MAY-2023 |  1.0000 |  0.4959 | 6M | JPY |  0.9191 |  2.06% ||
		| [06-MAY-2023 - 06-NOV-2023] => 06-NOV-2023 | 06-NOV-2023 |  1.0000 |  0.5041 | 6M | JPY |  0.9010 |  2.06% ||
		|--------------------------------------------------------------------------------------------------------||

	|-----------------------------------------------------------------|
	|    Copyright (C) 2011-2018 (DRIP)
	|-----------------------------------------------------------------|
	|    Build Version  => 3.86.0 multi mode
	|    Build JVM (TM) => 1.8.0_112
	|    Build Snap     => Fri Nov 02 21:22:20 EST 2018
	|    Start Time     => Fri Nov 02 23:11:29 EDT 2018
	|    Setup Time     => Fri Nov 02 23:11:29 EDT 2018
	|    Setup Duration => 0 ms
	|-----------------------------------------------------------------|

	 | accrued => 0.0 ||
	 | calctime => 3.63232E-4 ||
	 | calibfloatingpv => 0.09902655171584995 ||
	 | calibswaprate => 0.020599999999999997 ||
	 | cleanfixeddv01 => 4.8071141609635907E-4 ||
	 | cleanfloatingdv01 => -4.819155095858627E-4 ||
	 | cleanfloatingpv => -0.09902655171585031 ||
	 | cleanprice => 99.99999999999993 ||
	 | cleanpv => -6.661338147750939E-16 ||
	 | cumulativeconvexityadjustmentpremium => 0.0 ||
	 | cumulativecouponamount => 0.0 ||
	 | cumulativecoupondcf => 0.0 ||
	 | derivedaccrued => 0.0 ||
	 | derivedaccrued01 => 0.0 ||
	 | derivedcleandv01 => -4.819155095858627E-4 ||
	 | derivedcleanpv => -0.09902655171585031 ||
	 | derivedcumulativeconvexityadjustmentfactor => 1.0 ||
	 | derivedcumulativeconvexityadjustmentpremium => -0.0 ||
	 | derivedcumulativecouponamount => 0.0 ||
	 | derivedcumulativecoupondcf => 0.0 ||
	 | deriveddirtydv01 => -4.819155095858627E-4 ||
	 | deriveddirtypv => -0.09902655171585031 ||
	 | deriveddv01 => -4.819155095858627E-4 ||
	 | derivedfixing01 => 0.0 ||
	 | derivedparbasisspread => -1.3822626612443755E-12 ||
	 | derivedpv => -0.09902655171585031 ||
	 | derivedresetdate => -2.147483648E9 ||
	 | derivedresetrate => NaN ||
	 | dirtyfixeddv01 => 4.8071141609635907E-4 ||
	 | dirtyfixedpv => 0.09902655171584965 ||
	 | dirtyfloatingdv01 => -4.819155095858627E-4 ||
	 | dirtyfloatingpv => -0.09902655171585031 ||
	 | dirtyprice => 99.99999999999993 ||
	 | dirtypv => -6.661338147750939E-16 ||
	 | fairpremium => 0.020600000000000073 ||
	 | fixedaccrued => 0.0 ||
	 | fixedaccrued01 => 0.0 ||
	 | fixeddv01 => 4.8071141609635907E-4 ||
	 | fixedstream::jpy/jpy::6::{06-nov-2018->06-nov-2023}@accrualcoupon => NaN ||
	 | fixedstream::jpy/jpy::6::{06-nov-2018->06-nov-2023}@accrued => 0.0 ||
	 | fixedstream::jpy/jpy::6::{06-nov-2018->06-nov-2023}@accrued01 => 0.0 ||
	 | fixedstream::jpy/jpy::6::{06-nov-2018->06-nov-2023}@calctime => 6.0413000000000006E-5 ||
	 | fixedstream::jpy/jpy::6::{06-nov-2018->06-nov-2023}@cleandv01 => 4.8071141609635907E-4 ||
	 | fixedstream::jpy/jpy::6::{06-nov-2018->06-nov-2023}@cleanprice => 109.90265517158497 ||
	 | fixedstream::jpy/jpy::6::{06-nov-2018->06-nov-2023}@cleanpv => 0.09902655171584965 ||
	 | fixedstream::jpy/jpy::6::{06-nov-2018->06-nov-2023}@compoundingadjustedcleandv01 => 4.8071141609635907E-4 ||
	 | fixedstream::jpy/jpy::6::{06-nov-2018->06-nov-2023}@compoundingadjustedcleanprice => 109.90265517158497 ||
	 | fixedstream::jpy/jpy::6::{06-nov-2018->06-nov-2023}@compoundingadjustedcleanpv => 0.09902655171584965 ||
	 | fixedstream::jpy/jpy::6::{06-nov-2018->06-nov-2023}@compoundingadjusteddirtydv01 => 4.8071141609635907E-4 ||
	 | fixedstream::jpy/jpy::6::{06-nov-2018->06-nov-2023}@compoundingadjusteddirtyprice => 109.90265517158497 ||
	 | fixedstream::jpy/jpy::6::{06-nov-2018->06-nov-2023}@compoundingadjusteddirtypv => 0.09902655171584965 ||
	 | fixedstream::jpy/jpy::6::{06-nov-2018->06-nov-2023}@compoundingadjustedfairpremium => 0.020599999999999934 ||
	 | fixedstream::jpy/jpy::6::{06-nov-2018->06-nov-2023}@compoundingadjustedparrate => 0.020599999999999934 ||
	 | fixedstream::jpy/jpy::6::{06-nov-2018->06-nov-2023}@compoundingadjustedprice => 109.90265517158497 ||
	 | fixedstream::jpy/jpy::6::{06-nov-2018->06-nov-2023}@compoundingadjustedpv => 0.09902655171584965 ||
	 | fixedstream::jpy/jpy::6::{06-nov-2018->06-nov-2023}@compoundingadjustedrate => 0.020599999999999934 ||
	 | fixedstream::jpy/jpy::6::{06-nov-2018->06-nov-2023}@compoundingadjustedupfront => 0.09902655171584965 ||
	 | fixedstream::jpy/jpy::6::{06-nov-2018->06-nov-2023}@compoundingadjustmentfactor => 1.0 ||
	 | fixedstream::jpy/jpy::6::{06-nov-2018->06-nov-2023}@compoundingadjustmentpremium => 0.0 ||
	 | fixedstream::jpy/jpy::6::{06-nov-2018->06-nov-2023}@compoundingadjustmentpremiumupfront => 0.0 ||
	 | fixedstream::jpy/jpy::6::{06-nov-2018->06-nov-2023}@creditforwardconvexityadjustedcleandv01 => 4.8071141609635907E-4 ||
	 | fixedstream::jpy/jpy::6::{06-nov-2018->06-nov-2023}@creditforwardconvexityadjustedcleanprice => 109.90265517158497 ||
	 | fixedstream::jpy/jpy::6::{06-nov-2018->06-nov-2023}@creditforwardconvexityadjustedcleanpv => 0.09902655171584965 ||
	 | fixedstream::jpy/jpy::6::{06-nov-2018->06-nov-2023}@creditforwardconvexityadjusteddirtydv01 => 4.8071141609635907E-4 ||
	 | fixedstream::jpy/jpy::6::{06-nov-2018->06-nov-2023}@creditforwardconvexityadjusteddirtyprice => 109.90265517158497 ||
	 | fixedstream::jpy/jpy::6::{06-nov-2018->06-nov-2023}@creditforwardconvexityadjusteddirtypv => 0.09902655171584965 ||
	 | fixedstream::jpy/jpy::6::{06-nov-2018->06-nov-2023}@creditforwardconvexityadjusteddv01 => 4.8071141609635907E-4 ||
	 | fixedstream::jpy/jpy::6::{06-nov-2018->06-nov-2023}@creditforwardconvexityadjustedfairpremium => 0.020599999999999934 ||
	 | fixedstream::jpy/jpy::6::{06-nov-2018->06-nov-2023}@creditforwardconvexityadjustedparrate => 0.020599999999999934 ||
	 | fixedstream::jpy/jpy::6::{06-nov-2018->06-nov-2023}@creditforwardconvexityadjustedprice => 109.90265517158497 ||
	 | fixedstream::jpy/jpy::6::{06-nov-2018->06-nov-2023}@creditforwardconvexityadjustedpv => 0.09902655171584965 ||
	 | fixedstream::jpy/jpy::6::{06-nov-2018->06-nov-2023}@creditforwardconvexityadjustedrate => 0.020599999999999934 ||
	 | fixedstream::jpy/jpy::6::{06-nov-2018->06-nov-2023}@creditforwardconvexityadjustedupfront => 0.09902655171584965 ||
	 | fixedstream::jpy/jpy::6::{06-nov-2018->06-nov-2023}@creditforwardconvexityadjustmentfactor => 1.0 ||
	 | fixedstream::jpy/jpy::6::{06-nov-2018->06-nov-2023}@creditforwardconvexityadjustmentpremium => 0.0 ||
	 | fixedstream::jpy/jpy::6::{06-nov-2018->06-nov-2023}@creditforwardconvexityadjustmentpremiumupfront => 0.0 ||
	 | fixedstream::jpy/jpy::6::{06-nov-2018->06-nov-2023}@creditfundingconvexityadjustedcleandv01 => 4.8071141609635907E-4 ||
	 | fixedstream::jpy/jpy::6::{06-nov-2018->06-nov-2023}@creditfundingconvexityadjustedcleanprice => 109.90265517158497 ||
	 | fixedstream::jpy/jpy::6::{06-nov-2018->06-nov-2023}@creditfundingconvexityadjustedcleanpv => 0.09902655171584965 ||
	 | fixedstream::jpy/jpy::6::{06-nov-2018->06-nov-2023}@creditfundingconvexityadjusteddirtydv01 => 4.8071141609635907E-4 ||
	 | fixedstream::jpy/jpy::6::{06-nov-2018->06-nov-2023}@creditfundingconvexityadjusteddirtyprice => 109.90265517158497 ||
	 | fixedstream::jpy/jpy::6::{06-nov-2018->06-nov-2023}@creditfundingconvexityadjusteddirtypv => 0.09902655171584965 ||
	 | fixedstream::jpy/jpy::6::{06-nov-2018->06-nov-2023}@creditfundingconvexityadjusteddv01 => 4.8071141609635907E-4 ||
	 | fixedstream::jpy/jpy::6::{06-nov-2018->06-nov-2023}@creditfundingconvexityadjustedfairpremium => 0.020599999999999934 ||
	 | fixedstream::jpy/jpy::6::{06-nov-2018->06-nov-2023}@creditfundingconvexityadjustedparrate => 0.020599999999999934 ||
	 | fixedstream::jpy/jpy::6::{06-nov-2018->06-nov-2023}@creditfundingconvexityadjustedprice => 109.90265517158497 ||
	 | fixedstream::jpy/jpy::6::{06-nov-2018->06-nov-2023}@creditfundingconvexityadjustedpv => 0.09902655171584965 ||
	 | fixedstream::jpy/jpy::6::{06-nov-2018->06-nov-2023}@creditfundingconvexityadjustedrate => 0.020599999999999934 ||
	 | fixedstream::jpy/jpy::6::{06-nov-2018->06-nov-2023}@creditfundingconvexityadjustedupfront => 0.09902655171584965 ||
	 | fixedstream::jpy/jpy::6::{06-nov-2018->06-nov-2023}@creditfundingconvexityadjustmentfactor => 1.0 ||
	 | fixedstream::jpy/jpy::6::{06-nov-2018->06-nov-2023}@creditfundingconvexityadjustmentpremium => 0.0 ||
	 | fixedstream::jpy/jpy::6::{06-nov-2018->06-nov-2023}@creditfundingconvexityadjustmentpremiumupfront => 0.0 ||
	 | fixedstream::jpy/jpy::6::{06-nov-2018->06-nov-2023}@creditfxconvexityadjustedcleandv01 => 4.8071141609635907E-4 ||
	 | fixedstream::jpy/jpy::6::{06-nov-2018->06-nov-2023}@creditfxconvexityadjustedcleanprice => 109.90265517158497 ||
	 | fixedstream::jpy/jpy::6::{06-nov-2018->06-nov-2023}@creditfxconvexityadjustedcleanpv => 0.09902655171584965 ||
	 | fixedstream::jpy/jpy::6::{06-nov-2018->06-nov-2023}@creditfxconvexityadjusteddirtydv01 => 4.8071141609635907E-4 ||
	 | fixedstream::jpy/jpy::6::{06-nov-2018->06-nov-2023}@creditfxconvexityadjusteddirtyprice => 109.90265517158497 ||
	 | fixedstream::jpy/jpy::6::{06-nov-2018->06-nov-2023}@creditfxconvexityadjusteddirtypv => 0.09902655171584965 ||
	 | fixedstream::jpy/jpy::6::{06-nov-2018->06-nov-2023}@creditfxconvexityadjusteddv01 => 4.8071141609635907E-4 ||
	 | fixedstream::jpy/jpy::6::{06-nov-2018->06-nov-2023}@creditfxconvexityadjustedfairpremium => 0.020599999999999934 ||
	 | fixedstream::jpy/jpy::6::{06-nov-2018->06-nov-2023}@creditfxconvexityadjustedparrate => 0.020599999999999934 ||
	 | fixedstream::jpy/jpy::6::{06-nov-2018->06-nov-2023}@creditfxconvexityadjustedprice => 109.90265517158497 ||
	 | fixedstream::jpy/jpy::6::{06-nov-2018->06-nov-2023}@creditfxconvexityadjustedpv => 0.09902655171584965 ||
	 | fixedstream::jpy/jpy::6::{06-nov-2018->06-nov-2023}@creditfxconvexityadjustedrate => 0.020599999999999934 ||
	 | fixedstream::jpy/jpy::6::{06-nov-2018->06-nov-2023}@creditfxconvexityadjustedupfront => 0.09902655171584965 ||
	 | fixedstream::jpy/jpy::6::{06-nov-2018->06-nov-2023}@creditfxconvexityadjustmentfactor => 1.0 ||
	 | fixedstream::jpy/jpy::6::{06-nov-2018->06-nov-2023}@creditfxconvexityadjustmentpremium => 0.0 ||
	 | fixedstream::jpy/jpy::6::{06-nov-2018->06-nov-2023}@creditfxconvexityadjustmentpremiumupfront => 0.0 ||
	 | fixedstream::jpy/jpy::6::{06-nov-2018->06-nov-2023}@cumulativeconvexityadjustedcleandv01 => 4.8071141609635907E-4 ||
	 | fixedstream::jpy/jpy::6::{06-nov-2018->06-nov-2023}@cumulativeconvexityadjustedcleanprice => 109.90265517158497 ||
	 | fixedstream::jpy/jpy::6::{06-nov-2018->06-nov-2023}@cumulativeconvexityadjustedcleanpv => 0.09902655171584965 ||
	 | fixedstream::jpy/jpy::6::{06-nov-2018->06-nov-2023}@cumulativeconvexityadjusteddirtydv01 => 4.8071141609635907E-4 ||
	 | fixedstream::jpy/jpy::6::{06-nov-2018->06-nov-2023}@cumulativeconvexityadjusteddirtyprice => 109.90265517158497 ||
	 | fixedstream::jpy/jpy::6::{06-nov-2018->06-nov-2023}@cumulativeconvexityadjusteddirtypv => 0.09902655171584965 ||
	 | fixedstream::jpy/jpy::6::{06-nov-2018->06-nov-2023}@cumulativeconvexityadjusteddv01 => 4.8071141609635907E-4 ||
	 | fixedstream::jpy/jpy::6::{06-nov-2018->06-nov-2023}@cumulativeconvexityadjustedfairpremium => 0.020599999999999934 ||
	 | fixedstream::jpy/jpy::6::{06-nov-2018->06-nov-2023}@cumulativeconvexityadjustedparrate => 0.020599999999999934 ||
	 | fixedstream::jpy/jpy::6::{06-nov-2018->06-nov-2023}@cumulativeconvexityadjustedprice => 109.90265517158497 ||
	 | fixedstream::jpy/jpy::6::{06-nov-2018->06-nov-2023}@cumulativeconvexityadjustedpv => 0.09902655171584965 ||
	 | fixedstream::jpy/jpy::6::{06-nov-2018->06-nov-2023}@cumulativeconvexityadjustedrate => 0.020599999999999934 ||
	 | fixedstream::jpy/jpy::6::{06-nov-2018->06-nov-2023}@cumulativeconvexityadjustedupfront => 0.09902655171584965 ||
	 | fixedstream::jpy/jpy::6::{06-nov-2018->06-nov-2023}@cumulativeconvexityadjustmentfactor => 1.0 ||
	 | fixedstream::jpy/jpy::6::{06-nov-2018->06-nov-2023}@cumulativeconvexityadjustmentpremium => 0.0 ||
	 | fixedstream::jpy/jpy::6::{06-nov-2018->06-nov-2023}@cumulativeconvexityadjustmentpremiumupfront => 0.0 ||
	 | fixedstream::jpy/jpy::6::{06-nov-2018->06-nov-2023}@cumulativecouponamount => 0.0 ||
	 | fixedstream::jpy/jpy::6::{06-nov-2018->06-nov-2023}@cumulativecoupondcf => 0.0 ||
	 | fixedstream::jpy/jpy::6::{06-nov-2018->06-nov-2023}@cv01 => 4.8071141609635907E-4 ||
	 | fixedstream::jpy/jpy::6::{06-nov-2018->06-nov-2023}@dirtydv01 => 4.8071141609635907E-4 ||
	 | fixedstream::jpy/jpy::6::{06-nov-2018->06-nov-2023}@dirtyprice => 109.90265517158497 ||
	 | fixedstream::jpy/jpy::6::{06-nov-2018->06-nov-2023}@dirtypv => 0.09902655171584965 ||
	 | fixedstream::jpy/jpy::6::{06-nov-2018->06-nov-2023}@dv01 => 4.8071141609635907E-4 ||
	 | fixedstream::jpy/jpy::6::{06-nov-2018->06-nov-2023}@fairpremium => 0.020599999999999934 ||
	 | fixedstream::jpy/jpy::6::{06-nov-2018->06-nov-2023}@fixing01 => 0.0 ||
	 | fixedstream::jpy/jpy::6::{06-nov-2018->06-nov-2023}@forwardfundingconvexityadjustedcleandv01 => 4.8071141609635907E-4 ||
	 | fixedstream::jpy/jpy::6::{06-nov-2018->06-nov-2023}@forwardfundingconvexityadjustedcleanprice => 109.90265517158497 ||
	 | fixedstream::jpy/jpy::6::{06-nov-2018->06-nov-2023}@forwardfundingconvexityadjustedcleanpv => 0.09902655171584965 ||
	 | fixedstream::jpy/jpy::6::{06-nov-2018->06-nov-2023}@forwardfundingconvexityadjusteddirtydv01 => 4.8071141609635907E-4 ||
	 | fixedstream::jpy/jpy::6::{06-nov-2018->06-nov-2023}@forwardfundingconvexityadjusteddirtyprice => 109.90265517158497 ||
	 | fixedstream::jpy/jpy::6::{06-nov-2018->06-nov-2023}@forwardfundingconvexityadjusteddirtypv => 0.09902655171584965 ||
	 | fixedstream::jpy/jpy::6::{06-nov-2018->06-nov-2023}@forwardfundingconvexityadjusteddv01 => 4.8071141609635907E-4 ||
	 | fixedstream::jpy/jpy::6::{06-nov-2018->06-nov-2023}@forwardfundingconvexityadjustedfairpremium => 0.020599999999999934 ||
	 | fixedstream::jpy/jpy::6::{06-nov-2018->06-nov-2023}@forwardfundingconvexityadjustedparrate => 0.020599999999999934 ||
	 | fixedstream::jpy/jpy::6::{06-nov-2018->06-nov-2023}@forwardfundingconvexityadjustedprice => 109.90265517158497 ||
	 | fixedstream::jpy/jpy::6::{06-nov-2018->06-nov-2023}@forwardfundingconvexityadjustedpv => 0.09902655171584965 ||
	 | fixedstream::jpy/jpy::6::{06-nov-2018->06-nov-2023}@forwardfundingconvexityadjustedrate => 0.020599999999999934 ||
	 | fixedstream::jpy/jpy::6::{06-nov-2018->06-nov-2023}@forwardfundingconvexityadjustedupfront => 0.09902655171584965 ||
	 | fixedstream::jpy/jpy::6::{06-nov-2018->06-nov-2023}@forwardfundingconvexityadjustmentfactor => 1.0 ||
	 | fixedstream::jpy/jpy::6::{06-nov-2018->06-nov-2023}@forwardfundingconvexityadjustmentpremium => 0.0 ||
	 | fixedstream::jpy/jpy::6::{06-nov-2018->06-nov-2023}@forwardfundingconvexityadjustmentpremiumupfront => 0.0 ||
	 | fixedstream::jpy/jpy::6::{06-nov-2018->06-nov-2023}@forwardfxconvexityadjustedcleandv01 => 4.8071141609635907E-4 ||
	 | fixedstream::jpy/jpy::6::{06-nov-2018->06-nov-2023}@forwardfxconvexityadjustedcleanprice => 109.90265517158497 ||
	 | fixedstream::jpy/jpy::6::{06-nov-2018->06-nov-2023}@forwardfxconvexityadjustedcleanpv => 0.09902655171584965 ||
	 | fixedstream::jpy/jpy::6::{06-nov-2018->06-nov-2023}@forwardfxconvexityadjusteddirtydv01 => 4.8071141609635907E-4 ||
	 | fixedstream::jpy/jpy::6::{06-nov-2018->06-nov-2023}@forwardfxconvexityadjusteddirtyprice => 109.90265517158497 ||
	 | fixedstream::jpy/jpy::6::{06-nov-2018->06-nov-2023}@forwardfxconvexityadjusteddirtypv => 0.09902655171584965 ||
	 | fixedstream::jpy/jpy::6::{06-nov-2018->06-nov-2023}@forwardfxconvexityadjusteddv01 => 4.8071141609635907E-4 ||
	 | fixedstream::jpy/jpy::6::{06-nov-2018->06-nov-2023}@forwardfxconvexityadjustedfairpremium => 0.020599999999999934 ||
	 | fixedstream::jpy/jpy::6::{06-nov-2018->06-nov-2023}@forwardfxconvexityadjustedparrate => 0.020599999999999934 ||
	 | fixedstream::jpy/jpy::6::{06-nov-2018->06-nov-2023}@forwardfxconvexityadjustedprice => 109.90265517158497 ||
	 | fixedstream::jpy/jpy::6::{06-nov-2018->06-nov-2023}@forwardfxconvexityadjustedpv => 0.09902655171584965 ||
	 | fixedstream::jpy/jpy::6::{06-nov-2018->06-nov-2023}@forwardfxconvexityadjustedrate => 0.020599999999999934 ||
	 | fixedstream::jpy/jpy::6::{06-nov-2018->06-nov-2023}@forwardfxconvexityadjustedupfront => 0.09902655171584965 ||
	 | fixedstream::jpy/jpy::6::{06-nov-2018->06-nov-2023}@forwardfxconvexityadjustmentfactor => 1.0 ||
	 | fixedstream::jpy/jpy::6::{06-nov-2018->06-nov-2023}@forwardfxconvexityadjustmentpremium => 0.0 ||
	 | fixedstream::jpy/jpy::6::{06-nov-2018->06-nov-2023}@forwardfxconvexityadjustmentpremiumupfront => 0.0 ||
	 | fixedstream::jpy/jpy::6::{06-nov-2018->06-nov-2023}@fundingfxconvexityadjustedcleandv01 => 4.8071141609635907E-4 ||
	 | fixedstream::jpy/jpy::6::{06-nov-2018->06-nov-2023}@fundingfxconvexityadjustedcleanprice => 109.90265517158497 ||
	 | fixedstream::jpy/jpy::6::{06-nov-2018->06-nov-2023}@fundingfxconvexityadjustedcleanpv => 0.09902655171584965 ||
	 | fixedstream::jpy/jpy::6::{06-nov-2018->06-nov-2023}@fundingfxconvexityadjusteddirtydv01 => 4.8071141609635907E-4 ||
	 | fixedstream::jpy/jpy::6::{06-nov-2018->06-nov-2023}@fundingfxconvexityadjusteddirtyprice => 109.90265517158497 ||
	 | fixedstream::jpy/jpy::6::{06-nov-2018->06-nov-2023}@fundingfxconvexityadjusteddirtypv => 0.09902655171584965 ||
	 | fixedstream::jpy/jpy::6::{06-nov-2018->06-nov-2023}@fundingfxconvexityadjusteddv01 => 4.8071141609635907E-4 ||
	 | fixedstream::jpy/jpy::6::{06-nov-2018->06-nov-2023}@fundingfxconvexityadjustedfairpremium => 0.020599999999999934 ||
	 | fixedstream::jpy/jpy::6::{06-nov-2018->06-nov-2023}@fundingfxconvexityadjustedparrate => 0.020599999999999934 ||
	 | fixedstream::jpy/jpy::6::{06-nov-2018->06-nov-2023}@fundingfxconvexityadjustedprice => 109.90265517158497 ||
	 | fixedstream::jpy/jpy::6::{06-nov-2018->06-nov-2023}@fundingfxconvexityadjustedpv => 0.09902655171584965 ||
	 | fixedstream::jpy/jpy::6::{06-nov-2018->06-nov-2023}@fundingfxconvexityadjustedrate => 0.020599999999999934 ||
	 | fixedstream::jpy/jpy::6::{06-nov-2018->06-nov-2023}@fundingfxconvexityadjustedupfront => 0.09902655171584965 ||
	 | fixedstream::jpy/jpy::6::{06-nov-2018->06-nov-2023}@fundingfxconvexityadjustmentfactor => 1.0 ||
	 | fixedstream::jpy/jpy::6::{06-nov-2018->06-nov-2023}@fundingfxconvexityadjustmentpremium => 0.0 ||
	 | fixedstream::jpy/jpy::6::{06-nov-2018->06-nov-2023}@fundingfxconvexityadjustmentpremiumupfront => 0.0 ||
	 | fixedstream::jpy/jpy::6::{06-nov-2018->06-nov-2023}@parrate => 0.020599999999999934 ||
	 | fixedstream::jpy/jpy::6::{06-nov-2018->06-nov-2023}@price => 109.90265517158497 ||
	 | fixedstream::jpy/jpy::6::{06-nov-2018->06-nov-2023}@pv => 0.09902655171584965 ||
	 | fixedstream::jpy/jpy::6::{06-nov-2018->06-nov-2023}@rate => 0.020599999999999934 ||
	 | fixedstream::jpy/jpy::6::{06-nov-2018->06-nov-2023}@resetdate => -2.147483648E9 ||
	 | fixedstream::jpy/jpy::6::{06-nov-2018->06-nov-2023}@resetrate => NaN ||
	 | fixedstream::jpy/jpy::6::{06-nov-2018->06-nov-2023}@totalcoupon => 0.20599999999999938 ||
	 | fixedstream::jpy/jpy::6::{06-nov-2018->06-nov-2023}@unadjustedcleandv01 => 4.8071141609635907E-4 ||
	 | fixedstream::jpy/jpy::6::{06-nov-2018->06-nov-2023}@unadjustedcleanprice => 109.90265517158497 ||
	 | fixedstream::jpy/jpy::6::{06-nov-2018->06-nov-2023}@unadjustedcleanpv => 0.09902655171584965 ||
	 | fixedstream::jpy/jpy::6::{06-nov-2018->06-nov-2023}@unadjusteddirtydv01 => 4.8071141609635907E-4 ||
	 | fixedstream::jpy/jpy::6::{06-nov-2018->06-nov-2023}@unadjusteddirtyprice => 109.90265517158497 ||
	 | fixedstream::jpy/jpy::6::{06-nov-2018->06-nov-2023}@unadjusteddirtypv => 0.09902655171584965 ||
	 | fixedstream::jpy/jpy::6::{06-nov-2018->06-nov-2023}@unadjustedfairpremium => 0.020599999999999934 ||
	 | fixedstream::jpy/jpy::6::{06-nov-2018->06-nov-2023}@unadjustedparrate => 0.020599999999999934 ||
	 | fixedstream::jpy/jpy::6::{06-nov-2018->06-nov-2023}@unadjustedprice => 109.90265517158497 ||
	 | fixedstream::jpy/jpy::6::{06-nov-2018->06-nov-2023}@unadjustedpv => 0.09902655171584965 ||
	 | fixedstream::jpy/jpy::6::{06-nov-2018->06-nov-2023}@unadjustedrate => 0.020599999999999934 ||
	 | fixedstream::jpy/jpy::6::{06-nov-2018->06-nov-2023}@unadjustedupfront => 0.09902655171584965 ||
	 | fixedstream::jpy/jpy::6::{06-nov-2018->06-nov-2023}@upfront => 0.09902655171584965 ||
	 | fixing01 => 0.0 ||
	 | floataccrued => 0.0 ||
	 | floataccrued01 => 0.0 ||
	 | floatdv01 => -4.819155095858627E-4 ||
	 | floatstream::jpy::jpy-tibor-3m::{06-nov-2018->06-nov-2023}@accrualcoupon => NaN ||
	 | floatstream::jpy::jpy-tibor-3m::{06-nov-2018->06-nov-2023}@accrued => 0.0 ||
	 | floatstream::jpy::jpy-tibor-3m::{06-nov-2018->06-nov-2023}@accrued01 => 0.0 ||
	 | floatstream::jpy::jpy-tibor-3m::{06-nov-2018->06-nov-2023}@calctime => 9.590500000000001E-5 ||
	 | floatstream::jpy::jpy-tibor-3m::{06-nov-2018->06-nov-2023}@cleandv01 => -4.819155095858627E-4 ||
	 | floatstream::jpy::jpy-tibor-3m::{06-nov-2018->06-nov-2023}@cleanprice => 109.90265517158504 ||
	 | floatstream::jpy::jpy-tibor-3m::{06-nov-2018->06-nov-2023}@cleanpv => -0.09902655171585031 ||
	 | floatstream::jpy::jpy-tibor-3m::{06-nov-2018->06-nov-2023}@compoundingadjustedcleandv01 => -4.819155095858627E-4 ||
	 | floatstream::jpy::jpy-tibor-3m::{06-nov-2018->06-nov-2023}@compoundingadjustedcleanprice => 109.90265517158504 ||
	 | floatstream::jpy::jpy-tibor-3m::{06-nov-2018->06-nov-2023}@compoundingadjustedcleanpv => -0.09902655171585031 ||
	 | floatstream::jpy::jpy-tibor-3m::{06-nov-2018->06-nov-2023}@compoundingadjusteddirtydv01 => -4.819155095858627E-4 ||
	 | floatstream::jpy::jpy-tibor-3m::{06-nov-2018->06-nov-2023}@compoundingadjusteddirtyprice => 109.90265517158504 ||
	 | floatstream::jpy::jpy-tibor-3m::{06-nov-2018->06-nov-2023}@compoundingadjusteddirtypv => -0.09902655171585031 ||
	 | floatstream::jpy::jpy-tibor-3m::{06-nov-2018->06-nov-2023}@compoundingadjustedfairpremium => 0.02054852972068682 ||
	 | floatstream::jpy::jpy-tibor-3m::{06-nov-2018->06-nov-2023}@compoundingadjustedparrate => 0.02054852972068682 ||
	 | floatstream::jpy::jpy-tibor-3m::{06-nov-2018->06-nov-2023}@compoundingadjustedprice => 109.90265517158504 ||
	 | floatstream::jpy::jpy-tibor-3m::{06-nov-2018->06-nov-2023}@compoundingadjustedpv => -0.09902655171585031 ||
	 | floatstream::jpy::jpy-tibor-3m::{06-nov-2018->06-nov-2023}@compoundingadjustedrate => 0.02054852972068682 ||
	 | floatstream::jpy::jpy-tibor-3m::{06-nov-2018->06-nov-2023}@compoundingadjustedupfront => -0.09902655171585031 ||
	 | floatstream::jpy::jpy-tibor-3m::{06-nov-2018->06-nov-2023}@compoundingadjustmentfactor => 1.0 ||
	 | floatstream::jpy::jpy-tibor-3m::{06-nov-2018->06-nov-2023}@compoundingadjustmentpremium => 0.0 ||
	 | floatstream::jpy::jpy-tibor-3m::{06-nov-2018->06-nov-2023}@compoundingadjustmentpremiumupfront => -0.0 ||
	 | floatstream::jpy::jpy-tibor-3m::{06-nov-2018->06-nov-2023}@creditforwardconvexityadjustedcleandv01 => -4.819155095858627E-4 ||
	 | floatstream::jpy::jpy-tibor-3m::{06-nov-2018->06-nov-2023}@creditforwardconvexityadjustedcleanprice => 109.90265517158504 ||
	 | floatstream::jpy::jpy-tibor-3m::{06-nov-2018->06-nov-2023}@creditforwardconvexityadjustedcleanpv => -0.09902655171585031 ||
	 | floatstream::jpy::jpy-tibor-3m::{06-nov-2018->06-nov-2023}@creditforwardconvexityadjusteddirtydv01 => -4.819155095858627E-4 ||
	 | floatstream::jpy::jpy-tibor-3m::{06-nov-2018->06-nov-2023}@creditforwardconvexityadjusteddirtyprice => 109.90265517158504 ||
	 | floatstream::jpy::jpy-tibor-3m::{06-nov-2018->06-nov-2023}@creditforwardconvexityadjusteddirtypv => -0.09902655171585031 ||
	 | floatstream::jpy::jpy-tibor-3m::{06-nov-2018->06-nov-2023}@creditforwardconvexityadjusteddv01 => -4.819155095858627E-4 ||
	 | floatstream::jpy::jpy-tibor-3m::{06-nov-2018->06-nov-2023}@creditforwardconvexityadjustedfairpremium => 0.02054852972068682 ||
	 | floatstream::jpy::jpy-tibor-3m::{06-nov-2018->06-nov-2023}@creditforwardconvexityadjustedparrate => 0.02054852972068682 ||
	 | floatstream::jpy::jpy-tibor-3m::{06-nov-2018->06-nov-2023}@creditforwardconvexityadjustedprice => 109.90265517158504 ||
	 | floatstream::jpy::jpy-tibor-3m::{06-nov-2018->06-nov-2023}@creditforwardconvexityadjustedpv => -0.09902655171585031 ||
	 | floatstream::jpy::jpy-tibor-3m::{06-nov-2018->06-nov-2023}@creditforwardconvexityadjustedrate => 0.02054852972068682 ||
	 | floatstream::jpy::jpy-tibor-3m::{06-nov-2018->06-nov-2023}@creditforwardconvexityadjustedupfront => -0.09902655171585031 ||
	 | floatstream::jpy::jpy-tibor-3m::{06-nov-2018->06-nov-2023}@creditforwardconvexityadjustmentfactor => 1.0 ||
	 | floatstream::jpy::jpy-tibor-3m::{06-nov-2018->06-nov-2023}@creditforwardconvexityadjustmentpremium => 0.0 ||
	 | floatstream::jpy::jpy-tibor-3m::{06-nov-2018->06-nov-2023}@creditforwardconvexityadjustmentpremiumupfront => -0.0 ||
	 | floatstream::jpy::jpy-tibor-3m::{06-nov-2018->06-nov-2023}@creditfundingconvexityadjustedcleandv01 => -4.819155095858627E-4 ||
	 | floatstream::jpy::jpy-tibor-3m::{06-nov-2018->06-nov-2023}@creditfundingconvexityadjustedcleanprice => 109.90265517158504 ||
	 | floatstream::jpy::jpy-tibor-3m::{06-nov-2018->06-nov-2023}@creditfundingconvexityadjustedcleanpv => -0.09902655171585031 ||
	 | floatstream::jpy::jpy-tibor-3m::{06-nov-2018->06-nov-2023}@creditfundingconvexityadjusteddirtydv01 => -4.819155095858627E-4 ||
	 | floatstream::jpy::jpy-tibor-3m::{06-nov-2018->06-nov-2023}@creditfundingconvexityadjusteddirtyprice => 109.90265517158504 ||
	 | floatstream::jpy::jpy-tibor-3m::{06-nov-2018->06-nov-2023}@creditfundingconvexityadjusteddirtypv => -0.09902655171585031 ||
	 | floatstream::jpy::jpy-tibor-3m::{06-nov-2018->06-nov-2023}@creditfundingconvexityadjusteddv01 => -4.819155095858627E-4 ||
	 | floatstream::jpy::jpy-tibor-3m::{06-nov-2018->06-nov-2023}@creditfundingconvexityadjustedfairpremium => 0.02054852972068682 ||
	 | floatstream::jpy::jpy-tibor-3m::{06-nov-2018->06-nov-2023}@creditfundingconvexityadjustedparrate => 0.02054852972068682 ||
	 | floatstream::jpy::jpy-tibor-3m::{06-nov-2018->06-nov-2023}@creditfundingconvexityadjustedprice => 109.90265517158504 ||
	 | floatstream::jpy::jpy-tibor-3m::{06-nov-2018->06-nov-2023}@creditfundingconvexityadjustedpv => -0.09902655171585031 ||
	 | floatstream::jpy::jpy-tibor-3m::{06-nov-2018->06-nov-2023}@creditfundingconvexityadjustedrate => 0.02054852972068682 ||
	 | floatstream::jpy::jpy-tibor-3m::{06-nov-2018->06-nov-2023}@creditfundingconvexityadjustedupfront => -0.09902655171585031 ||
	 | floatstream::jpy::jpy-tibor-3m::{06-nov-2018->06-nov-2023}@creditfundingconvexityadjustmentfactor => 1.0 ||
	 | floatstream::jpy::jpy-tibor-3m::{06-nov-2018->06-nov-2023}@creditfundingconvexityadjustmentpremium => 0.0 ||
	 | floatstream::jpy::jpy-tibor-3m::{06-nov-2018->06-nov-2023}@creditfundingconvexityadjustmentpremiumupfront => -0.0 ||
	 | floatstream::jpy::jpy-tibor-3m::{06-nov-2018->06-nov-2023}@creditfxconvexityadjustedcleandv01 => -4.819155095858627E-4 ||
	 | floatstream::jpy::jpy-tibor-3m::{06-nov-2018->06-nov-2023}@creditfxconvexityadjustedcleanprice => 109.90265517158504 ||
	 | floatstream::jpy::jpy-tibor-3m::{06-nov-2018->06-nov-2023}@creditfxconvexityadjustedcleanpv => -0.09902655171585031 ||
	 | floatstream::jpy::jpy-tibor-3m::{06-nov-2018->06-nov-2023}@creditfxconvexityadjusteddirtydv01 => -4.819155095858627E-4 ||
	 | floatstream::jpy::jpy-tibor-3m::{06-nov-2018->06-nov-2023}@creditfxconvexityadjusteddirtyprice => 109.90265517158504 ||
	 | floatstream::jpy::jpy-tibor-3m::{06-nov-2018->06-nov-2023}@creditfxconvexityadjusteddirtypv => -0.09902655171585031 ||
	 | floatstream::jpy::jpy-tibor-3m::{06-nov-2018->06-nov-2023}@creditfxconvexityadjusteddv01 => -4.819155095858627E-4 ||
	 | floatstream::jpy::jpy-tibor-3m::{06-nov-2018->06-nov-2023}@creditfxconvexityadjustedfairpremium => 0.02054852972068682 ||
	 | floatstream::jpy::jpy-tibor-3m::{06-nov-2018->06-nov-2023}@creditfxconvexityadjustedparrate => 0.02054852972068682 ||
	 | floatstream::jpy::jpy-tibor-3m::{06-nov-2018->06-nov-2023}@creditfxconvexityadjustedprice => 109.90265517158504 ||
	 | floatstream::jpy::jpy-tibor-3m::{06-nov-2018->06-nov-2023}@creditfxconvexityadjustedpv => -0.09902655171585031 ||
	 | floatstream::jpy::jpy-tibor-3m::{06-nov-2018->06-nov-2023}@creditfxconvexityadjustedrate => 0.02054852972068682 ||
	 | floatstream::jpy::jpy-tibor-3m::{06-nov-2018->06-nov-2023}@creditfxconvexityadjustedupfront => -0.09902655171585031 ||
	 | floatstream::jpy::jpy-tibor-3m::{06-nov-2018->06-nov-2023}@creditfxconvexityadjustmentfactor => 1.0 ||
	 | floatstream::jpy::jpy-tibor-3m::{06-nov-2018->06-nov-2023}@creditfxconvexityadjustmentpremium => 0.0 ||
	 | floatstream::jpy::jpy-tibor-3m::{06-nov-2018->06-nov-2023}@creditfxconvexityadjustmentpremiumupfront => -0.0 ||
	 | floatstream::jpy::jpy-tibor-3m::{06-nov-2018->06-nov-2023}@cumulativeconvexityadjustedcleandv01 => -4.819155095858627E-4 ||
	 | floatstream::jpy::jpy-tibor-3m::{06-nov-2018->06-nov-2023}@cumulativeconvexityadjustedcleanprice => 109.90265517158504 ||
	 | floatstream::jpy::jpy-tibor-3m::{06-nov-2018->06-nov-2023}@cumulativeconvexityadjustedcleanpv => -0.09902655171585031 ||
	 | floatstream::jpy::jpy-tibor-3m::{06-nov-2018->06-nov-2023}@cumulativeconvexityadjusteddirtydv01 => -4.819155095858627E-4 ||
	 | floatstream::jpy::jpy-tibor-3m::{06-nov-2018->06-nov-2023}@cumulativeconvexityadjusteddirtyprice => 109.90265517158504 ||
	 | floatstream::jpy::jpy-tibor-3m::{06-nov-2018->06-nov-2023}@cumulativeconvexityadjusteddirtypv => -0.09902655171585031 ||
	 | floatstream::jpy::jpy-tibor-3m::{06-nov-2018->06-nov-2023}@cumulativeconvexityadjusteddv01 => -4.819155095858627E-4 ||
	 | floatstream::jpy::jpy-tibor-3m::{06-nov-2018->06-nov-2023}@cumulativeconvexityadjustedfairpremium => 0.02054852972068682 ||
	 | floatstream::jpy::jpy-tibor-3m::{06-nov-2018->06-nov-2023}@cumulativeconvexityadjustedparrate => 0.02054852972068682 ||
	 | floatstream::jpy::jpy-tibor-3m::{06-nov-2018->06-nov-2023}@cumulativeconvexityadjustedprice => 109.90265517158504 ||
	 | floatstream::jpy::jpy-tibor-3m::{06-nov-2018->06-nov-2023}@cumulativeconvexityadjustedpv => -0.09902655171585031 ||
	 | floatstream::jpy::jpy-tibor-3m::{06-nov-2018->06-nov-2023}@cumulativeconvexityadjustedrate => 0.02054852972068682 ||
	 | floatstream::jpy::jpy-tibor-3m::{06-nov-2018->06-nov-2023}@cumulativeconvexityadjustedupfront => -0.09902655171585031 ||
	 | floatstream::jpy::jpy-tibor-3m::{06-nov-2018->06-nov-2023}@cumulativeconvexityadjustmentfactor => 1.0 ||
	 | floatstream::jpy::jpy-tibor-3m::{06-nov-2018->06-nov-2023}@cumulativeconvexityadjustmentpremium => 0.0 ||
	 | floatstream::jpy::jpy-tibor-3m::{06-nov-2018->06-nov-2023}@cumulativeconvexityadjustmentpremiumupfront => -0.0 ||
	 | floatstream::jpy::jpy-tibor-3m::{06-nov-2018->06-nov-2023}@cumulativecouponamount => 0.0 ||
	 | floatstream::jpy::jpy-tibor-3m::{06-nov-2018->06-nov-2023}@cumulativecoupondcf => 0.0 ||
	 | floatstream::jpy::jpy-tibor-3m::{06-nov-2018->06-nov-2023}@cv01 => -4.819155095858627E-4 ||
	 | floatstream::jpy::jpy-tibor-3m::{06-nov-2018->06-nov-2023}@dirtydv01 => -4.819155095858627E-4 ||
	 | floatstream::jpy::jpy-tibor-3m::{06-nov-2018->06-nov-2023}@dirtyprice => 109.90265517158504 ||
	 | floatstream::jpy::jpy-tibor-3m::{06-nov-2018->06-nov-2023}@dirtypv => -0.09902655171585031 ||
	 | floatstream::jpy::jpy-tibor-3m::{06-nov-2018->06-nov-2023}@dv01 => -4.819155095858627E-4 ||
	 | floatstream::jpy::jpy-tibor-3m::{06-nov-2018->06-nov-2023}@fairpremium => 0.02054852972068682 ||
	 | floatstream::jpy::jpy-tibor-3m::{06-nov-2018->06-nov-2023}@fixing01 => 0.0 ||
	 | floatstream::jpy::jpy-tibor-3m::{06-nov-2018->06-nov-2023}@forwardfundingconvexityadjustedcleandv01 => -4.819155095858627E-4 ||
	 | floatstream::jpy::jpy-tibor-3m::{06-nov-2018->06-nov-2023}@forwardfundingconvexityadjustedcleanprice => 109.90265517158504 ||
	 | floatstream::jpy::jpy-tibor-3m::{06-nov-2018->06-nov-2023}@forwardfundingconvexityadjustedcleanpv => -0.09902655171585031 ||
	 | floatstream::jpy::jpy-tibor-3m::{06-nov-2018->06-nov-2023}@forwardfundingconvexityadjusteddirtydv01 => -4.819155095858627E-4 ||
	 | floatstream::jpy::jpy-tibor-3m::{06-nov-2018->06-nov-2023}@forwardfundingconvexityadjusteddirtyprice => 109.90265517158504 ||
	 | floatstream::jpy::jpy-tibor-3m::{06-nov-2018->06-nov-2023}@forwardfundingconvexityadjusteddirtypv => -0.09902655171585031 ||
	 | floatstream::jpy::jpy-tibor-3m::{06-nov-2018->06-nov-2023}@forwardfundingconvexityadjusteddv01 => -4.819155095858627E-4 ||
	 | floatstream::jpy::jpy-tibor-3m::{06-nov-2018->06-nov-2023}@forwardfundingconvexityadjustedfairpremium => 0.02054852972068682 ||
	 | floatstream::jpy::jpy-tibor-3m::{06-nov-2018->06-nov-2023}@forwardfundingconvexityadjustedparrate => 0.02054852972068682 ||
	 | floatstream::jpy::jpy-tibor-3m::{06-nov-2018->06-nov-2023}@forwardfundingconvexityadjustedprice => 109.90265517158504 ||
	 | floatstream::jpy::jpy-tibor-3m::{06-nov-2018->06-nov-2023}@forwardfundingconvexityadjustedpv => -0.09902655171585031 ||
	 | floatstream::jpy::jpy-tibor-3m::{06-nov-2018->06-nov-2023}@forwardfundingconvexityadjustedrate => 0.02054852972068682 ||
	 | floatstream::jpy::jpy-tibor-3m::{06-nov-2018->06-nov-2023}@forwardfundingconvexityadjustedupfront => -0.09902655171585031 ||
	 | floatstream::jpy::jpy-tibor-3m::{06-nov-2018->06-nov-2023}@forwardfundingconvexityadjustmentfactor => 1.0 ||
	 | floatstream::jpy::jpy-tibor-3m::{06-nov-2018->06-nov-2023}@forwardfundingconvexityadjustmentpremium => 0.0 ||
	 | floatstream::jpy::jpy-tibor-3m::{06-nov-2018->06-nov-2023}@forwardfundingconvexityadjustmentpremiumupfront => -0.0 ||
	 | floatstream::jpy::jpy-tibor-3m::{06-nov-2018->06-nov-2023}@forwardfxconvexityadjustedcleandv01 => -4.819155095858627E-4 ||
	 | floatstream::jpy::jpy-tibor-3m::{06-nov-2018->06-nov-2023}@forwardfxconvexityadjustedcleanprice => 109.90265517158504 ||
	 | floatstream::jpy::jpy-tibor-3m::{06-nov-2018->06-nov-2023}@forwardfxconvexityadjustedcleanpv => -0.09902655171585031 ||
	 | floatstream::jpy::jpy-tibor-3m::{06-nov-2018->06-nov-2023}@forwardfxconvexityadjusteddirtydv01 => -4.819155095858627E-4 ||
	 | floatstream::jpy::jpy-tibor-3m::{06-nov-2018->06-nov-2023}@forwardfxconvexityadjusteddirtyprice => 109.90265517158504 ||
	 | floatstream::jpy::jpy-tibor-3m::{06-nov-2018->06-nov-2023}@forwardfxconvexityadjusteddirtypv => -0.09902655171585031 ||
	 | floatstream::jpy::jpy-tibor-3m::{06-nov-2018->06-nov-2023}@forwardfxconvexityadjusteddv01 => -4.819155095858627E-4 ||
	 | floatstream::jpy::jpy-tibor-3m::{06-nov-2018->06-nov-2023}@forwardfxconvexityadjustedfairpremium => 0.02054852972068682 ||
	 | floatstream::jpy::jpy-tibor-3m::{06-nov-2018->06-nov-2023}@forwardfxconvexityadjustedparrate => 0.02054852972068682 ||
	 | floatstream::jpy::jpy-tibor-3m::{06-nov-2018->06-nov-2023}@forwardfxconvexityadjustedprice => 109.90265517158504 ||
	 | floatstream::jpy::jpy-tibor-3m::{06-nov-2018->06-nov-2023}@forwardfxconvexityadjustedpv => -0.09902655171585031 ||
	 | floatstream::jpy::jpy-tibor-3m::{06-nov-2018->06-nov-2023}@forwardfxconvexityadjustedrate => 0.02054852972068682 ||
	 | floatstream::jpy::jpy-tibor-3m::{06-nov-2018->06-nov-2023}@forwardfxconvexityadjustedupfront => -0.09902655171585031 ||
	 | floatstream::jpy::jpy-tibor-3m::{06-nov-2018->06-nov-2023}@forwardfxconvexityadjustmentfactor => 1.0 ||
	 | floatstream::jpy::jpy-tibor-3m::{06-nov-2018->06-nov-2023}@forwardfxconvexityadjustmentpremium => 0.0 ||
	 | floatstream::jpy::jpy-tibor-3m::{06-nov-2018->06-nov-2023}@forwardfxconvexityadjustmentpremiumupfront => -0.0 ||
	 | floatstream::jpy::jpy-tibor-3m::{06-nov-2018->06-nov-2023}@fundingfxconvexityadjustedcleandv01 => -4.819155095858627E-4 ||
	 | floatstream::jpy::jpy-tibor-3m::{06-nov-2018->06-nov-2023}@fundingfxconvexityadjustedcleanprice => 109.90265517158504 ||
	 | floatstream::jpy::jpy-tibor-3m::{06-nov-2018->06-nov-2023}@fundingfxconvexityadjustedcleanpv => -0.09902655171585031 ||
	 | floatstream::jpy::jpy-tibor-3m::{06-nov-2018->06-nov-2023}@fundingfxconvexityadjusteddirtydv01 => -4.819155095858627E-4 ||
	 | floatstream::jpy::jpy-tibor-3m::{06-nov-2018->06-nov-2023}@fundingfxconvexityadjusteddirtyprice => 109.90265517158504 ||
	 | floatstream::jpy::jpy-tibor-3m::{06-nov-2018->06-nov-2023}@fundingfxconvexityadjusteddirtypv => -0.09902655171585031 ||
	 | floatstream::jpy::jpy-tibor-3m::{06-nov-2018->06-nov-2023}@fundingfxconvexityadjusteddv01 => -4.819155095858627E-4 ||
	 | floatstream::jpy::jpy-tibor-3m::{06-nov-2018->06-nov-2023}@fundingfxconvexityadjustedfairpremium => 0.02054852972068682 ||
	 | floatstream::jpy::jpy-tibor-3m::{06-nov-2018->06-nov-2023}@fundingfxconvexityadjustedparrate => 0.02054852972068682 ||
	 | floatstream::jpy::jpy-tibor-3m::{06-nov-2018->06-nov-2023}@fundingfxconvexityadjustedprice => 109.90265517158504 ||
	 | floatstream::jpy::jpy-tibor-3m::{06-nov-2018->06-nov-2023}@fundingfxconvexityadjustedpv => -0.09902655171585031 ||
	 | floatstream::jpy::jpy-tibor-3m::{06-nov-2018->06-nov-2023}@fundingfxconvexityadjustedrate => 0.02054852972068682 ||
	 | floatstream::jpy::jpy-tibor-3m::{06-nov-2018->06-nov-2023}@fundingfxconvexityadjustedupfront => -0.09902655171585031 ||
	 | floatstream::jpy::jpy-tibor-3m::{06-nov-2018->06-nov-2023}@fundingfxconvexityadjustmentfactor => 1.0 ||
	 | floatstream::jpy::jpy-tibor-3m::{06-nov-2018->06-nov-2023}@fundingfxconvexityadjustmentpremium => 0.0 ||
	 | floatstream::jpy::jpy-tibor-3m::{06-nov-2018->06-nov-2023}@fundingfxconvexityadjustmentpremiumupfront => -0.0 ||
	 | floatstream::jpy::jpy-tibor-3m::{06-nov-2018->06-nov-2023}@parrate => 0.02054852972068682 ||
	 | floatstream::jpy::jpy-tibor-3m::{06-nov-2018->06-nov-2023}@price => 109.90265517158504 ||
	 | floatstream::jpy::jpy-tibor-3m::{06-nov-2018->06-nov-2023}@pv => -0.09902655171585031 ||
	 | floatstream::jpy::jpy-tibor-3m::{06-nov-2018->06-nov-2023}@rate => 0.02054852972068682 ||
	 | floatstream::jpy::jpy-tibor-3m::{06-nov-2018->06-nov-2023}@resetdate => -2.147483648E9 ||
	 | floatstream::jpy::jpy-tibor-3m::{06-nov-2018->06-nov-2023}@resetrate => NaN ||
	 | floatstream::jpy::jpy-tibor-3m::{06-nov-2018->06-nov-2023}@totalcoupon => 0.41813984025962114 ||
	 | floatstream::jpy::jpy-tibor-3m::{06-nov-2018->06-nov-2023}@unadjustedcleandv01 => -4.819155095858627E-4 ||
	 | floatstream::jpy::jpy-tibor-3m::{06-nov-2018->06-nov-2023}@unadjustedcleanprice => 109.90265517158504 ||
	 | floatstream::jpy::jpy-tibor-3m::{06-nov-2018->06-nov-2023}@unadjustedcleanpv => -0.09902655171585031 ||
	 | floatstream::jpy::jpy-tibor-3m::{06-nov-2018->06-nov-2023}@unadjusteddirtydv01 => -4.819155095858627E-4 ||
	 | floatstream::jpy::jpy-tibor-3m::{06-nov-2018->06-nov-2023}@unadjusteddirtyprice => 109.90265517158504 ||
	 | floatstream::jpy::jpy-tibor-3m::{06-nov-2018->06-nov-2023}@unadjusteddirtypv => -0.09902655171585031 ||
	 | floatstream::jpy::jpy-tibor-3m::{06-nov-2018->06-nov-2023}@unadjustedfairpremium => 0.02054852972068682 ||
	 | floatstream::jpy::jpy-tibor-3m::{06-nov-2018->06-nov-2023}@unadjustedparrate => 0.02054852972068682 ||
	 | floatstream::jpy::jpy-tibor-3m::{06-nov-2018->06-nov-2023}@unadjustedprice => 109.90265517158504 ||
	 | floatstream::jpy::jpy-tibor-3m::{06-nov-2018->06-nov-2023}@unadjustedpv => -0.09902655171585031 ||
	 | floatstream::jpy::jpy-tibor-3m::{06-nov-2018->06-nov-2023}@unadjustedrate => 0.02054852972068682 ||
	 | floatstream::jpy::jpy-tibor-3m::{06-nov-2018->06-nov-2023}@unadjustedupfront => -0.09902655171585031 ||
	 | floatstream::jpy::jpy-tibor-3m::{06-nov-2018->06-nov-2023}@upfront => -0.09902655171585031 ||
	 | initialnotional => 1.0 ||
	 | parfixedcoupon => 0.020600000000000073 ||
	 | parrate => 0.020600000000000073 ||
	 | parswaprate => 0.020600000000000073 ||
	 | price => 99.99999999999993 ||
	 | pv => -6.661338147750939E-16 ||
	 | rate => 0.020600000000000073 ||
	 | referenceaccrued => 0.0 ||
	 | referenceaccrued01 => 0.0 ||
	 | referencecleandv01 => 4.8071141609635907E-4 ||
	 | referencecleanpv => 0.09902655171584965 ||
	 | referencecumulativeconvexityadjustmentfactor => 1.0 ||
	 | referencecumulativeconvexityadjustmentpremium => 0.0 ||
	 | referencecumulativecouponamount => 0.0 ||
	 | referencecumulativecoupondcf => 0.0 ||
	 | referencedirtydv01 => 4.8071141609635907E-4 ||
	 | referencedirtypv => 0.09902655171584965 ||
	 | referencedv01 => 4.8071141609635907E-4 ||
	 | referenceparbasisspread => 1.3857249744232551E-12 ||
	 | referencepv => 0.09902655171584965 ||
	 | resetdate => -2.147483648E9 ||
	 | resetrate => NaN ||
	 | swaprate => 0.020600000000000073 ||
	 | upfront => -6.661338147750939E-16 ||
	 |------------------------------||


		|-----------------------------------------------------------------------------------------------------------------------||
		|    Floating Stream Cash Flow Details                                                                                  ||
		|    -------- ------ ---- ---- -------                                                                                  ||
		|               Start Date                                                                                              ||
		|               End Date                                                                                                ||
		|               Pay Date                                                                                                ||
		|               FX Fixing Date                                                                                          ||
		|               Base Notional                                                                                           ||
		|               Period DCF                                                                                              ||
		|               Tenor                                                                                                   ||
		|               Funding Label                                                                                           ||
		|               Forward Label                                                                                           ||
		|               Pay Discount Factor                                                                                     ||
		|               Coupon Rate                                                                                             ||
		|-----------------------------------------------------------------------------------------------------------------------||
		| [06-NOV-2018 - 06-FEB-2019] => 06-FEB-2019 | 06-FEB-2019 | -1.0000 |  0.2521 | 3M | JPY | JPY-TIBOR-3M |  0.9994 |  0.24% ||
		| [06-FEB-2019 - 06-MAY-2019] => 06-MAY-2019 | 06-MAY-2019 | -1.0000 |  0.2438 | 3M | JPY | JPY-TIBOR-3M |  0.9987 |  0.29% ||
		| [06-MAY-2019 - 06-AUG-2019] => 06-AUG-2019 | 06-AUG-2019 | -1.0000 |  0.2521 | 3M | JPY | JPY-TIBOR-3M |  0.9977 |  0.37% ||
		| [06-AUG-2019 - 06-NOV-2019] => 06-NOV-2019 | 06-NOV-2019 | -1.0000 |  0.2521 | 3M | JPY | JPY-TIBOR-3M |  0.9965 |  0.48% ||
		| [06-NOV-2019 - 06-FEB-2020] => 06-FEB-2020 | 06-FEB-2020 | -1.0000 |  0.2521 | 3M | JPY | JPY-TIBOR-3M |  0.9948 |  0.67% ||
		| [06-FEB-2020 - 06-MAY-2020] => 06-MAY-2020 | 06-MAY-2020 | -1.0000 |  0.2466 | 3M | JPY | JPY-TIBOR-3M |  0.9925 |  0.93% ||
		| [06-MAY-2020 - 06-AUG-2020] => 06-AUG-2020 | 06-AUG-2020 | -1.0000 |  0.2521 | 3M | JPY | JPY-TIBOR-3M |  0.9895 |  1.22% ||
		| [06-AUG-2020 - 06-NOV-2020] => 06-NOV-2020 | 06-NOV-2020 | -1.0000 |  0.2521 | 3M | JPY | JPY-TIBOR-3M |  0.9857 |  1.53% ||
		| [06-NOV-2020 - 06-FEB-2021] => 06-FEB-2021 | 06-FEB-2021 | -1.0000 |  0.2521 | 3M | JPY | JPY-TIBOR-3M |  0.9745 |  4.57% ||
		| [06-FEB-2021 - 06-MAY-2021] => 06-MAY-2021 | 06-MAY-2021 | -1.0000 |  0.2438 | 3M | JPY | JPY-TIBOR-3M |  0.9704 |  1.71% ||
		| [06-MAY-2021 - 06-AUG-2021] => 06-AUG-2021 | 06-AUG-2021 | -1.0000 |  0.2521 | 3M | JPY | JPY-TIBOR-3M |  0.9658 |  1.89% ||
		| [06-AUG-2021 - 06-NOV-2021] => 06-NOV-2021 | 06-NOV-2021 | -1.0000 |  0.2521 | 3M | JPY | JPY-TIBOR-3M |  0.9608 |  2.09% ||
		| [06-NOV-2021 - 06-FEB-2022] => 06-FEB-2022 | 06-FEB-2022 | -1.0000 |  0.2521 | 3M | JPY | JPY-TIBOR-3M |  0.9552 |  2.31% ||
		| [06-FEB-2022 - 06-MAY-2022] => 06-MAY-2022 | 06-MAY-2022 | -1.0000 |  0.2438 | 3M | JPY | JPY-TIBOR-3M |  0.9493 |  2.55% ||
		| [06-MAY-2022 - 06-AUG-2022] => 06-AUG-2022 | 06-AUG-2022 | -1.0000 |  0.2521 | 3M | JPY | JPY-TIBOR-3M |  0.9426 |  2.82% ||
		| [06-AUG-2022 - 06-NOV-2022] => 06-NOV-2022 | 06-NOV-2022 | -1.0000 |  0.2521 | 3M | JPY | JPY-TIBOR-3M |  0.9353 |  3.11% ||
		| [06-NOV-2022 - 06-FEB-2023] => 06-FEB-2023 | 06-FEB-2023 | -1.0000 |  0.2521 | 3M | JPY | JPY-TIBOR-3M |  0.9273 |  3.41% ||
		| [06-FEB-2023 - 06-MAY-2023] => 06-MAY-2023 | 06-MAY-2023 | -1.0000 |  0.2438 | 3M | JPY | JPY-TIBOR-3M |  0.9191 |  3.67% ||
		| [06-MAY-2023 - 06-AUG-2023] => 06-AUG-2023 | 06-AUG-2023 | -1.0000 |  0.2521 | 3M | JPY | JPY-TIBOR-3M |  0.9102 |  3.89% ||
		| [06-AUG-2023 - 06-NOV-2023] => 06-NOV-2023 | 06-NOV-2023 | -1.0000 |  0.2521 | 3M | JPY | JPY-TIBOR-3M |  0.9010 |  4.06% ||
		|-----------------------------------------------------------------------------------------------------------------------||


		|--------------------------------------------------------------------------------------------------------||
		|    Fixed Stream Cash Flow Details                                                                      ||
		|    ----- ------ ---- ---- -------                                                                      ||
		|               Start Date                                                                               ||
		|               End Date                                                                                 ||
		|               Pay Date                                                                                 ||
		|               FX Fixing Date                                                                           ||
		|               Base Notional                                                                            ||
		|               Period DCF                                                                               ||
		|               Tenor                                                                                    ||
		|               Funding Label                                                                            ||
		|               Pay Discount Factor                                                                      ||
		|               Coupon Rate                                                                              ||
		|--------------------------------------------------------------------------------------------------------||
		| [06-NOV-2018 - 06-MAY-2019] => 06-MAY-2019 | 06-MAY-2019 |  1.0000 |  0.4959 | 6M | JPY |  0.9987 |  2.06% ||
		| [06-MAY-2019 - 06-NOV-2019] => 06-NOV-2019 | 06-NOV-2019 |  1.0000 |  0.5041 | 6M | JPY |  0.9965 |  2.06% ||
		| [06-NOV-2019 - 06-MAY-2020] => 06-MAY-2020 | 06-MAY-2020 |  1.0000 |  0.4986 | 6M | JPY |  0.9925 |  2.06% ||
		| [06-MAY-2020 - 06-NOV-2020] => 06-NOV-2020 | 06-NOV-2020 |  1.0000 |  0.5041 | 6M | JPY |  0.9857 |  2.06% ||
		| [06-NOV-2020 - 06-MAY-2021] => 06-MAY-2021 | 06-MAY-2021 |  1.0000 |  0.4959 | 6M | JPY |  0.9704 |  2.06% ||
		| [06-MAY-2021 - 06-NOV-2021] => 06-NOV-2021 | 06-NOV-2021 |  1.0000 |  0.5041 | 6M | JPY |  0.9608 |  2.06% ||
		| [06-NOV-2021 - 06-MAY-2022] => 06-MAY-2022 | 06-MAY-2022 |  1.0000 |  0.4959 | 6M | JPY |  0.9493 |  2.06% ||
		| [06-MAY-2022 - 06-NOV-2022] => 06-NOV-2022 | 06-NOV-2022 |  1.0000 |  0.5041 | 6M | JPY |  0.9353 |  2.06% ||
		| [06-NOV-2022 - 06-MAY-2023] => 06-MAY-2023 | 06-MAY-2023 |  1.0000 |  0.4959 | 6M | JPY |  0.9191 |  2.06% ||
		| [06-MAY-2023 - 06-NOV-2023] => 06-NOV-2023 | 06-NOV-2023 |  1.0000 |  0.5041 | 6M | JPY |  0.9010 |  2.06% ||
		|--------------------------------------------------------------------------------------------------------||

	|-----------------------------------------------------------------|
	|    Copyright (C) 2011-2018 (DRIP)
	|-----------------------------------------------------------------|
	|    Build Version  => 3.86.0 multi mode
	|    Build JVM (TM) => 1.8.0_112
	|    Build Snap     => Fri Nov 02 21:22:20 EST 2018
	|    Start Time     => Fri Nov 02 23:11:29 EDT 2018
	|    Setup Time     => Fri Nov 02 23:11:29 EDT 2018
	|    Setup Duration => 0 ms
	|-----------------------------------------------------------------|

	 | accrued => 0.0 ||
	 | calctime => 5.912900000000001E-4 ||
	 | calibfloatingpv => 0.09927203892862901 ||
	 | calibswaprate => 0.020600000000000025 ||
	 | cleanfixeddv01 => 4.8190310159528595E-4 ||
	 | cleanfloatingdv01 => -4.8190310159528595E-4 ||
	 | cleanfloatingpv => -0.09927203892862871 ||
	 | cleanprice => 100.0000000000002 ||
	 | cleanpv => 2.040034807748725E-15 ||
	 | cumulativeconvexityadjustmentpremium => 0.0 ||
	 | cumulativecouponamount => 0.0 ||
	 | cumulativecoupondcf => 0.0 ||
	 | derivedaccrued => 0.0 ||
	 | derivedaccrued01 => 0.0 ||
	 | derivedcleandv01 => -4.8190310159528595E-4 ||
	 | derivedcleanpv => -0.09927203892862871 ||
	 | derivedcumulativeconvexityadjustmentfactor => 1.0 ||
	 | derivedcumulativeconvexityadjustmentpremium => -0.0 ||
	 | derivedcumulativecouponamount => 0.0 ||
	 | derivedcumulativecoupondcf => 0.0 ||
	 | deriveddirtydv01 => -4.8190310159528595E-4 ||
	 | deriveddirtypv => -0.09927203892862871 ||
	 | deriveddv01 => -4.8190310159528595E-4 ||
	 | derivedfixing01 => 0.0 ||
	 | derivedparbasisspread => 4.233288395520634E-12 ||
	 | derivedpv => -0.09927203892862871 ||
	 | derivedresetdate => -2.147483648E9 ||
	 | derivedresetrate => NaN ||
	 | dirtyfixeddv01 => 4.8190310159528595E-4 ||
	 | dirtyfixedpv => 0.09927203892863075 ||
	 | dirtyfloatingdv01 => -4.8190310159528595E-4 ||
	 | dirtyfloatingpv => -0.09927203892862871 ||
	 | dirtyprice => 100.0000000000002 ||
	 | dirtypv => 2.040034807748725E-15 ||
	 | fairpremium => 0.02059999999999996 ||
	 | fixedaccrued => 0.0 ||
	 | fixedaccrued01 => 0.0 ||
	 | fixeddv01 => 4.8190310159528595E-4 ||
	 | fixedstream::krw/krw::3::{05-nov-2018->05-nov-2023}@accrualcoupon => NaN ||
	 | fixedstream::krw/krw::3::{05-nov-2018->05-nov-2023}@accrued => 0.0 ||
	 | fixedstream::krw/krw::3::{05-nov-2018->05-nov-2023}@accrued01 => 0.0 ||
	 | fixedstream::krw/krw::3::{05-nov-2018->05-nov-2023}@calctime => 1.0345600000000001E-4 ||
	 | fixedstream::krw/krw::3::{05-nov-2018->05-nov-2023}@cleandv01 => 4.8190310159528595E-4 ||
	 | fixedstream::krw/krw::3::{05-nov-2018->05-nov-2023}@cleanprice => 109.92720389286308 ||
	 | fixedstream::krw/krw::3::{05-nov-2018->05-nov-2023}@cleanpv => 0.09927203892863075 ||
	 | fixedstream::krw/krw::3::{05-nov-2018->05-nov-2023}@compoundingadjustedcleandv01 => 4.8190310159528595E-4 ||
	 | fixedstream::krw/krw::3::{05-nov-2018->05-nov-2023}@compoundingadjustedcleanprice => 109.92720389286308 ||
	 | fixedstream::krw/krw::3::{05-nov-2018->05-nov-2023}@compoundingadjustedcleanpv => 0.09927203892863075 ||
	 | fixedstream::krw/krw::3::{05-nov-2018->05-nov-2023}@compoundingadjusteddirtydv01 => 4.8190310159528595E-4 ||
	 | fixedstream::krw/krw::3::{05-nov-2018->05-nov-2023}@compoundingadjusteddirtyprice => 109.92720389286308 ||
	 | fixedstream::krw/krw::3::{05-nov-2018->05-nov-2023}@compoundingadjusteddirtypv => 0.09927203892863075 ||
	 | fixedstream::krw/krw::3::{05-nov-2018->05-nov-2023}@compoundingadjustedfairpremium => 0.020600000000000382 ||
	 | fixedstream::krw/krw::3::{05-nov-2018->05-nov-2023}@compoundingadjustedparrate => 0.020600000000000382 ||
	 | fixedstream::krw/krw::3::{05-nov-2018->05-nov-2023}@compoundingadjustedprice => 109.92720389286308 ||
	 | fixedstream::krw/krw::3::{05-nov-2018->05-nov-2023}@compoundingadjustedpv => 0.09927203892863075 ||
	 | fixedstream::krw/krw::3::{05-nov-2018->05-nov-2023}@compoundingadjustedrate => 0.020600000000000382 ||
	 | fixedstream::krw/krw::3::{05-nov-2018->05-nov-2023}@compoundingadjustedupfront => 0.09927203892863075 ||
	 | fixedstream::krw/krw::3::{05-nov-2018->05-nov-2023}@compoundingadjustmentfactor => 1.0 ||
	 | fixedstream::krw/krw::3::{05-nov-2018->05-nov-2023}@compoundingadjustmentpremium => 0.0 ||
	 | fixedstream::krw/krw::3::{05-nov-2018->05-nov-2023}@compoundingadjustmentpremiumupfront => 0.0 ||
	 | fixedstream::krw/krw::3::{05-nov-2018->05-nov-2023}@creditforwardconvexityadjustedcleandv01 => 4.8190310159528595E-4 ||
	 | fixedstream::krw/krw::3::{05-nov-2018->05-nov-2023}@creditforwardconvexityadjustedcleanprice => 109.92720389286308 ||
	 | fixedstream::krw/krw::3::{05-nov-2018->05-nov-2023}@creditforwardconvexityadjustedcleanpv => 0.09927203892863075 ||
	 | fixedstream::krw/krw::3::{05-nov-2018->05-nov-2023}@creditforwardconvexityadjusteddirtydv01 => 4.8190310159528595E-4 ||
	 | fixedstream::krw/krw::3::{05-nov-2018->05-nov-2023}@creditforwardconvexityadjusteddirtyprice => 109.92720389286308 ||
	 | fixedstream::krw/krw::3::{05-nov-2018->05-nov-2023}@creditforwardconvexityadjusteddirtypv => 0.09927203892863075 ||
	 | fixedstream::krw/krw::3::{05-nov-2018->05-nov-2023}@creditforwardconvexityadjusteddv01 => 4.8190310159528595E-4 ||
	 | fixedstream::krw/krw::3::{05-nov-2018->05-nov-2023}@creditforwardconvexityadjustedfairpremium => 0.020600000000000382 ||
	 | fixedstream::krw/krw::3::{05-nov-2018->05-nov-2023}@creditforwardconvexityadjustedparrate => 0.020600000000000382 ||
	 | fixedstream::krw/krw::3::{05-nov-2018->05-nov-2023}@creditforwardconvexityadjustedprice => 109.92720389286308 ||
	 | fixedstream::krw/krw::3::{05-nov-2018->05-nov-2023}@creditforwardconvexityadjustedpv => 0.09927203892863075 ||
	 | fixedstream::krw/krw::3::{05-nov-2018->05-nov-2023}@creditforwardconvexityadjustedrate => 0.020600000000000382 ||
	 | fixedstream::krw/krw::3::{05-nov-2018->05-nov-2023}@creditforwardconvexityadjustedupfront => 0.09927203892863075 ||
	 | fixedstream::krw/krw::3::{05-nov-2018->05-nov-2023}@creditforwardconvexityadjustmentfactor => 1.0 ||
	 | fixedstream::krw/krw::3::{05-nov-2018->05-nov-2023}@creditforwardconvexityadjustmentpremium => 0.0 ||
	 | fixedstream::krw/krw::3::{05-nov-2018->05-nov-2023}@creditforwardconvexityadjustmentpremiumupfront => 0.0 ||
	 | fixedstream::krw/krw::3::{05-nov-2018->05-nov-2023}@creditfundingconvexityadjustedcleandv01 => 4.8190310159528595E-4 ||
	 | fixedstream::krw/krw::3::{05-nov-2018->05-nov-2023}@creditfundingconvexityadjustedcleanprice => 109.92720389286308 ||
	 | fixedstream::krw/krw::3::{05-nov-2018->05-nov-2023}@creditfundingconvexityadjustedcleanpv => 0.09927203892863075 ||
	 | fixedstream::krw/krw::3::{05-nov-2018->05-nov-2023}@creditfundingconvexityadjusteddirtydv01 => 4.8190310159528595E-4 ||
	 | fixedstream::krw/krw::3::{05-nov-2018->05-nov-2023}@creditfundingconvexityadjusteddirtyprice => 109.92720389286308 ||
	 | fixedstream::krw/krw::3::{05-nov-2018->05-nov-2023}@creditfundingconvexityadjusteddirtypv => 0.09927203892863075 ||
	 | fixedstream::krw/krw::3::{05-nov-2018->05-nov-2023}@creditfundingconvexityadjusteddv01 => 4.8190310159528595E-4 ||
	 | fixedstream::krw/krw::3::{05-nov-2018->05-nov-2023}@creditfundingconvexityadjustedfairpremium => 0.020600000000000382 ||
	 | fixedstream::krw/krw::3::{05-nov-2018->05-nov-2023}@creditfundingconvexityadjustedparrate => 0.020600000000000382 ||
	 | fixedstream::krw/krw::3::{05-nov-2018->05-nov-2023}@creditfundingconvexityadjustedprice => 109.92720389286308 ||
	 | fixedstream::krw/krw::3::{05-nov-2018->05-nov-2023}@creditfundingconvexityadjustedpv => 0.09927203892863075 ||
	 | fixedstream::krw/krw::3::{05-nov-2018->05-nov-2023}@creditfundingconvexityadjustedrate => 0.020600000000000382 ||
	 | fixedstream::krw/krw::3::{05-nov-2018->05-nov-2023}@creditfundingconvexityadjustedupfront => 0.09927203892863075 ||
	 | fixedstream::krw/krw::3::{05-nov-2018->05-nov-2023}@creditfundingconvexityadjustmentfactor => 1.0 ||
	 | fixedstream::krw/krw::3::{05-nov-2018->05-nov-2023}@creditfundingconvexityadjustmentpremium => 0.0 ||
	 | fixedstream::krw/krw::3::{05-nov-2018->05-nov-2023}@creditfundingconvexityadjustmentpremiumupfront => 0.0 ||
	 | fixedstream::krw/krw::3::{05-nov-2018->05-nov-2023}@creditfxconvexityadjustedcleandv01 => 4.8190310159528595E-4 ||
	 | fixedstream::krw/krw::3::{05-nov-2018->05-nov-2023}@creditfxconvexityadjustedcleanprice => 109.92720389286308 ||
	 | fixedstream::krw/krw::3::{05-nov-2018->05-nov-2023}@creditfxconvexityadjustedcleanpv => 0.09927203892863075 ||
	 | fixedstream::krw/krw::3::{05-nov-2018->05-nov-2023}@creditfxconvexityadjusteddirtydv01 => 4.8190310159528595E-4 ||
	 | fixedstream::krw/krw::3::{05-nov-2018->05-nov-2023}@creditfxconvexityadjusteddirtyprice => 109.92720389286308 ||
	 | fixedstream::krw/krw::3::{05-nov-2018->05-nov-2023}@creditfxconvexityadjusteddirtypv => 0.09927203892863075 ||
	 | fixedstream::krw/krw::3::{05-nov-2018->05-nov-2023}@creditfxconvexityadjusteddv01 => 4.8190310159528595E-4 ||
	 | fixedstream::krw/krw::3::{05-nov-2018->05-nov-2023}@creditfxconvexityadjustedfairpremium => 0.020600000000000382 ||
	 | fixedstream::krw/krw::3::{05-nov-2018->05-nov-2023}@creditfxconvexityadjustedparrate => 0.020600000000000382 ||
	 | fixedstream::krw/krw::3::{05-nov-2018->05-nov-2023}@creditfxconvexityadjustedprice => 109.92720389286308 ||
	 | fixedstream::krw/krw::3::{05-nov-2018->05-nov-2023}@creditfxconvexityadjustedpv => 0.09927203892863075 ||
	 | fixedstream::krw/krw::3::{05-nov-2018->05-nov-2023}@creditfxconvexityadjustedrate => 0.020600000000000382 ||
	 | fixedstream::krw/krw::3::{05-nov-2018->05-nov-2023}@creditfxconvexityadjustedupfront => 0.09927203892863075 ||
	 | fixedstream::krw/krw::3::{05-nov-2018->05-nov-2023}@creditfxconvexityadjustmentfactor => 1.0 ||
	 | fixedstream::krw/krw::3::{05-nov-2018->05-nov-2023}@creditfxconvexityadjustmentpremium => 0.0 ||
	 | fixedstream::krw/krw::3::{05-nov-2018->05-nov-2023}@creditfxconvexityadjustmentpremiumupfront => 0.0 ||
	 | fixedstream::krw/krw::3::{05-nov-2018->05-nov-2023}@cumulativeconvexityadjustedcleandv01 => 4.8190310159528595E-4 ||
	 | fixedstream::krw/krw::3::{05-nov-2018->05-nov-2023}@cumulativeconvexityadjustedcleanprice => 109.92720389286308 ||
	 | fixedstream::krw/krw::3::{05-nov-2018->05-nov-2023}@cumulativeconvexityadjustedcleanpv => 0.09927203892863075 ||
	 | fixedstream::krw/krw::3::{05-nov-2018->05-nov-2023}@cumulativeconvexityadjusteddirtydv01 => 4.8190310159528595E-4 ||
	 | fixedstream::krw/krw::3::{05-nov-2018->05-nov-2023}@cumulativeconvexityadjusteddirtyprice => 109.92720389286308 ||
	 | fixedstream::krw/krw::3::{05-nov-2018->05-nov-2023}@cumulativeconvexityadjusteddirtypv => 0.09927203892863075 ||
	 | fixedstream::krw/krw::3::{05-nov-2018->05-nov-2023}@cumulativeconvexityadjusteddv01 => 4.8190310159528595E-4 ||
	 | fixedstream::krw/krw::3::{05-nov-2018->05-nov-2023}@cumulativeconvexityadjustedfairpremium => 0.020600000000000382 ||
	 | fixedstream::krw/krw::3::{05-nov-2018->05-nov-2023}@cumulativeconvexityadjustedparrate => 0.020600000000000382 ||
	 | fixedstream::krw/krw::3::{05-nov-2018->05-nov-2023}@cumulativeconvexityadjustedprice => 109.92720389286308 ||
	 | fixedstream::krw/krw::3::{05-nov-2018->05-nov-2023}@cumulativeconvexityadjustedpv => 0.09927203892863075 ||
	 | fixedstream::krw/krw::3::{05-nov-2018->05-nov-2023}@cumulativeconvexityadjustedrate => 0.020600000000000382 ||
	 | fixedstream::krw/krw::3::{05-nov-2018->05-nov-2023}@cumulativeconvexityadjustedupfront => 0.09927203892863075 ||
	 | fixedstream::krw/krw::3::{05-nov-2018->05-nov-2023}@cumulativeconvexityadjustmentfactor => 1.0 ||
	 | fixedstream::krw/krw::3::{05-nov-2018->05-nov-2023}@cumulativeconvexityadjustmentpremium => 0.0 ||
	 | fixedstream::krw/krw::3::{05-nov-2018->05-nov-2023}@cumulativeconvexityadjustmentpremiumupfront => 0.0 ||
	 | fixedstream::krw/krw::3::{05-nov-2018->05-nov-2023}@cumulativecouponamount => 0.0 ||
	 | fixedstream::krw/krw::3::{05-nov-2018->05-nov-2023}@cumulativecoupondcf => 0.0 ||
	 | fixedstream::krw/krw::3::{05-nov-2018->05-nov-2023}@cv01 => 4.8190310159528595E-4 ||
	 | fixedstream::krw/krw::3::{05-nov-2018->05-nov-2023}@dirtydv01 => 4.8190310159528595E-4 ||
	 | fixedstream::krw/krw::3::{05-nov-2018->05-nov-2023}@dirtyprice => 109.92720389286308 ||
	 | fixedstream::krw/krw::3::{05-nov-2018->05-nov-2023}@dirtypv => 0.09927203892863075 ||
	 | fixedstream::krw/krw::3::{05-nov-2018->05-nov-2023}@dv01 => 4.8190310159528595E-4 ||
	 | fixedstream::krw/krw::3::{05-nov-2018->05-nov-2023}@fairpremium => 0.020600000000000382 ||
	 | fixedstream::krw/krw::3::{05-nov-2018->05-nov-2023}@fixing01 => 0.0 ||
	 | fixedstream::krw/krw::3::{05-nov-2018->05-nov-2023}@forwardfundingconvexityadjustedcleandv01 => 4.8190310159528595E-4 ||
	 | fixedstream::krw/krw::3::{05-nov-2018->05-nov-2023}@forwardfundingconvexityadjustedcleanprice => 109.92720389286308 ||
	 | fixedstream::krw/krw::3::{05-nov-2018->05-nov-2023}@forwardfundingconvexityadjustedcleanpv => 0.09927203892863075 ||
	 | fixedstream::krw/krw::3::{05-nov-2018->05-nov-2023}@forwardfundingconvexityadjusteddirtydv01 => 4.8190310159528595E-4 ||
	 | fixedstream::krw/krw::3::{05-nov-2018->05-nov-2023}@forwardfundingconvexityadjusteddirtyprice => 109.92720389286308 ||
	 | fixedstream::krw/krw::3::{05-nov-2018->05-nov-2023}@forwardfundingconvexityadjusteddirtypv => 0.09927203892863075 ||
	 | fixedstream::krw/krw::3::{05-nov-2018->05-nov-2023}@forwardfundingconvexityadjusteddv01 => 4.8190310159528595E-4 ||
	 | fixedstream::krw/krw::3::{05-nov-2018->05-nov-2023}@forwardfundingconvexityadjustedfairpremium => 0.020600000000000382 ||
	 | fixedstream::krw/krw::3::{05-nov-2018->05-nov-2023}@forwardfundingconvexityadjustedparrate => 0.020600000000000382 ||
	 | fixedstream::krw/krw::3::{05-nov-2018->05-nov-2023}@forwardfundingconvexityadjustedprice => 109.92720389286308 ||
	 | fixedstream::krw/krw::3::{05-nov-2018->05-nov-2023}@forwardfundingconvexityadjustedpv => 0.09927203892863075 ||
	 | fixedstream::krw/krw::3::{05-nov-2018->05-nov-2023}@forwardfundingconvexityadjustedrate => 0.020600000000000382 ||
	 | fixedstream::krw/krw::3::{05-nov-2018->05-nov-2023}@forwardfundingconvexityadjustedupfront => 0.09927203892863075 ||
	 | fixedstream::krw/krw::3::{05-nov-2018->05-nov-2023}@forwardfundingconvexityadjustmentfactor => 1.0 ||
	 | fixedstream::krw/krw::3::{05-nov-2018->05-nov-2023}@forwardfundingconvexityadjustmentpremium => 0.0 ||
	 | fixedstream::krw/krw::3::{05-nov-2018->05-nov-2023}@forwardfundingconvexityadjustmentpremiumupfront => 0.0 ||
	 | fixedstream::krw/krw::3::{05-nov-2018->05-nov-2023}@forwardfxconvexityadjustedcleandv01 => 4.8190310159528595E-4 ||
	 | fixedstream::krw/krw::3::{05-nov-2018->05-nov-2023}@forwardfxconvexityadjustedcleanprice => 109.92720389286308 ||
	 | fixedstream::krw/krw::3::{05-nov-2018->05-nov-2023}@forwardfxconvexityadjustedcleanpv => 0.09927203892863075 ||
	 | fixedstream::krw/krw::3::{05-nov-2018->05-nov-2023}@forwardfxconvexityadjusteddirtydv01 => 4.8190310159528595E-4 ||
	 | fixedstream::krw/krw::3::{05-nov-2018->05-nov-2023}@forwardfxconvexityadjusteddirtyprice => 109.92720389286308 ||
	 | fixedstream::krw/krw::3::{05-nov-2018->05-nov-2023}@forwardfxconvexityadjusteddirtypv => 0.09927203892863075 ||
	 | fixedstream::krw/krw::3::{05-nov-2018->05-nov-2023}@forwardfxconvexityadjusteddv01 => 4.8190310159528595E-4 ||
	 | fixedstream::krw/krw::3::{05-nov-2018->05-nov-2023}@forwardfxconvexityadjustedfairpremium => 0.020600000000000382 ||
	 | fixedstream::krw/krw::3::{05-nov-2018->05-nov-2023}@forwardfxconvexityadjustedparrate => 0.020600000000000382 ||
	 | fixedstream::krw/krw::3::{05-nov-2018->05-nov-2023}@forwardfxconvexityadjustedprice => 109.92720389286308 ||
	 | fixedstream::krw/krw::3::{05-nov-2018->05-nov-2023}@forwardfxconvexityadjustedpv => 0.09927203892863075 ||
	 | fixedstream::krw/krw::3::{05-nov-2018->05-nov-2023}@forwardfxconvexityadjustedrate => 0.020600000000000382 ||
	 | fixedstream::krw/krw::3::{05-nov-2018->05-nov-2023}@forwardfxconvexityadjustedupfront => 0.09927203892863075 ||
	 | fixedstream::krw/krw::3::{05-nov-2018->05-nov-2023}@forwardfxconvexityadjustmentfactor => 1.0 ||
	 | fixedstream::krw/krw::3::{05-nov-2018->05-nov-2023}@forwardfxconvexityadjustmentpremium => 0.0 ||
	 | fixedstream::krw/krw::3::{05-nov-2018->05-nov-2023}@forwardfxconvexityadjustmentpremiumupfront => 0.0 ||
	 | fixedstream::krw/krw::3::{05-nov-2018->05-nov-2023}@fundingfxconvexityadjustedcleandv01 => 4.8190310159528595E-4 ||
	 | fixedstream::krw/krw::3::{05-nov-2018->05-nov-2023}@fundingfxconvexityadjustedcleanprice => 109.92720389286308 ||
	 | fixedstream::krw/krw::3::{05-nov-2018->05-nov-2023}@fundingfxconvexityadjustedcleanpv => 0.09927203892863075 ||
	 | fixedstream::krw/krw::3::{05-nov-2018->05-nov-2023}@fundingfxconvexityadjusteddirtydv01 => 4.8190310159528595E-4 ||
	 | fixedstream::krw/krw::3::{05-nov-2018->05-nov-2023}@fundingfxconvexityadjusteddirtyprice => 109.92720389286308 ||
	 | fixedstream::krw/krw::3::{05-nov-2018->05-nov-2023}@fundingfxconvexityadjusteddirtypv => 0.09927203892863075 ||
	 | fixedstream::krw/krw::3::{05-nov-2018->05-nov-2023}@fundingfxconvexityadjusteddv01 => 4.8190310159528595E-4 ||
	 | fixedstream::krw/krw::3::{05-nov-2018->05-nov-2023}@fundingfxconvexityadjustedfairpremium => 0.020600000000000382 ||
	 | fixedstream::krw/krw::3::{05-nov-2018->05-nov-2023}@fundingfxconvexityadjustedparrate => 0.020600000000000382 ||
	 | fixedstream::krw/krw::3::{05-nov-2018->05-nov-2023}@fundingfxconvexityadjustedprice => 109.92720389286308 ||
	 | fixedstream::krw/krw::3::{05-nov-2018->05-nov-2023}@fundingfxconvexityadjustedpv => 0.09927203892863075 ||
	 | fixedstream::krw/krw::3::{05-nov-2018->05-nov-2023}@fundingfxconvexityadjustedrate => 0.020600000000000382 ||
	 | fixedstream::krw/krw::3::{05-nov-2018->05-nov-2023}@fundingfxconvexityadjustedupfront => 0.09927203892863075 ||
	 | fixedstream::krw/krw::3::{05-nov-2018->05-nov-2023}@fundingfxconvexityadjustmentfactor => 1.0 ||
	 | fixedstream::krw/krw::3::{05-nov-2018->05-nov-2023}@fundingfxconvexityadjustmentpremium => 0.0 ||
	 | fixedstream::krw/krw::3::{05-nov-2018->05-nov-2023}@fundingfxconvexityadjustmentpremiumupfront => 0.0 ||
	 | fixedstream::krw/krw::3::{05-nov-2018->05-nov-2023}@parrate => 0.020600000000000382 ||
	 | fixedstream::krw/krw::3::{05-nov-2018->05-nov-2023}@price => 109.92720389286308 ||
	 | fixedstream::krw/krw::3::{05-nov-2018->05-nov-2023}@pv => 0.09927203892863075 ||
	 | fixedstream::krw/krw::3::{05-nov-2018->05-nov-2023}@rate => 0.020600000000000382 ||
	 | fixedstream::krw/krw::3::{05-nov-2018->05-nov-2023}@resetdate => -2.147483648E9 ||
	 | fixedstream::krw/krw::3::{05-nov-2018->05-nov-2023}@resetrate => NaN ||
	 | fixedstream::krw/krw::3::{05-nov-2018->05-nov-2023}@totalcoupon => 0.4120000000000076 ||
	 | fixedstream::krw/krw::3::{05-nov-2018->05-nov-2023}@unadjustedcleandv01 => 4.8190310159528595E-4 ||
	 | fixedstream::krw/krw::3::{05-nov-2018->05-nov-2023}@unadjustedcleanprice => 109.92720389286308 ||
	 | fixedstream::krw/krw::3::{05-nov-2018->05-nov-2023}@unadjustedcleanpv => 0.09927203892863075 ||
	 | fixedstream::krw/krw::3::{05-nov-2018->05-nov-2023}@unadjusteddirtydv01 => 4.8190310159528595E-4 ||
	 | fixedstream::krw/krw::3::{05-nov-2018->05-nov-2023}@unadjusteddirtyprice => 109.92720389286308 ||
	 | fixedstream::krw/krw::3::{05-nov-2018->05-nov-2023}@unadjusteddirtypv => 0.09927203892863075 ||
	 | fixedstream::krw/krw::3::{05-nov-2018->05-nov-2023}@unadjustedfairpremium => 0.020600000000000382 ||
	 | fixedstream::krw/krw::3::{05-nov-2018->05-nov-2023}@unadjustedparrate => 0.020600000000000382 ||
	 | fixedstream::krw/krw::3::{05-nov-2018->05-nov-2023}@unadjustedprice => 109.92720389286308 ||
	 | fixedstream::krw/krw::3::{05-nov-2018->05-nov-2023}@unadjustedpv => 0.09927203892863075 ||
	 | fixedstream::krw/krw::3::{05-nov-2018->05-nov-2023}@unadjustedrate => 0.020600000000000382 ||
	 | fixedstream::krw/krw::3::{05-nov-2018->05-nov-2023}@unadjustedupfront => 0.09927203892863075 ||
	 | fixedstream::krw/krw::3::{05-nov-2018->05-nov-2023}@upfront => 0.09927203892863075 ||
	 | fixing01 => 0.0 ||
	 | floataccrued => 0.0 ||
	 | floataccrued01 => 0.0 ||
	 | floatdv01 => -4.8190310159528595E-4 ||
	 | floatstream::krw::krw-libor-3m::{05-nov-2018->05-nov-2023}@accrualcoupon => NaN ||
	 | floatstream::krw::krw-libor-3m::{05-nov-2018->05-nov-2023}@accrued => 0.0 ||
	 | floatstream::krw::krw-libor-3m::{05-nov-2018->05-nov-2023}@accrued01 => 0.0 ||
	 | floatstream::krw::krw-libor-3m::{05-nov-2018->05-nov-2023}@calctime => 1.49144E-4 ||
	 | floatstream::krw::krw-libor-3m::{05-nov-2018->05-nov-2023}@cleandv01 => -4.8190310159528595E-4 ||
	 | floatstream::krw::krw-libor-3m::{05-nov-2018->05-nov-2023}@cleanprice => 109.92720389286288 ||
	 | floatstream::krw::krw-libor-3m::{05-nov-2018->05-nov-2023}@cleanpv => -0.09927203892862871 ||
	 | floatstream::krw::krw-libor-3m::{05-nov-2018->05-nov-2023}@compoundingadjustedcleandv01 => -4.8190310159528595E-4 ||
	 | floatstream::krw::krw-libor-3m::{05-nov-2018->05-nov-2023}@compoundingadjustedcleanprice => 109.92720389286288 ||
	 | floatstream::krw::krw-libor-3m::{05-nov-2018->05-nov-2023}@compoundingadjustedcleanpv => -0.09927203892862871 ||
	 | floatstream::krw::krw-libor-3m::{05-nov-2018->05-nov-2023}@compoundingadjusteddirtydv01 => -4.8190310159528595E-4 ||
	 | floatstream::krw::krw-libor-3m::{05-nov-2018->05-nov-2023}@compoundingadjusteddirtyprice => 109.92720389286288 ||
	 | floatstream::krw::krw-libor-3m::{05-nov-2018->05-nov-2023}@compoundingadjusteddirtypv => -0.09927203892862871 ||
	 | floatstream::krw::krw-libor-3m::{05-nov-2018->05-nov-2023}@compoundingadjustedfairpremium => 0.02059999999999996 ||
	 | floatstream::krw::krw-libor-3m::{05-nov-2018->05-nov-2023}@compoundingadjustedparrate => 0.02059999999999996 ||
	 | floatstream::krw::krw-libor-3m::{05-nov-2018->05-nov-2023}@compoundingadjustedprice => 109.92720389286288 ||
	 | floatstream::krw::krw-libor-3m::{05-nov-2018->05-nov-2023}@compoundingadjustedpv => -0.09927203892862871 ||
	 | floatstream::krw::krw-libor-3m::{05-nov-2018->05-nov-2023}@compoundingadjustedrate => 0.02059999999999996 ||
	 | floatstream::krw::krw-libor-3m::{05-nov-2018->05-nov-2023}@compoundingadjustedupfront => -0.09927203892862871 ||
	 | floatstream::krw::krw-libor-3m::{05-nov-2018->05-nov-2023}@compoundingadjustmentfactor => 1.0 ||
	 | floatstream::krw::krw-libor-3m::{05-nov-2018->05-nov-2023}@compoundingadjustmentpremium => 0.0 ||
	 | floatstream::krw::krw-libor-3m::{05-nov-2018->05-nov-2023}@compoundingadjustmentpremiumupfront => -0.0 ||
	 | floatstream::krw::krw-libor-3m::{05-nov-2018->05-nov-2023}@creditforwardconvexityadjustedcleandv01 => -4.8190310159528595E-4 ||
	 | floatstream::krw::krw-libor-3m::{05-nov-2018->05-nov-2023}@creditforwardconvexityadjustedcleanprice => 109.92720389286288 ||
	 | floatstream::krw::krw-libor-3m::{05-nov-2018->05-nov-2023}@creditforwardconvexityadjustedcleanpv => -0.09927203892862871 ||
	 | floatstream::krw::krw-libor-3m::{05-nov-2018->05-nov-2023}@creditforwardconvexityadjusteddirtydv01 => -4.8190310159528595E-4 ||
	 | floatstream::krw::krw-libor-3m::{05-nov-2018->05-nov-2023}@creditforwardconvexityadjusteddirtyprice => 109.92720389286288 ||
	 | floatstream::krw::krw-libor-3m::{05-nov-2018->05-nov-2023}@creditforwardconvexityadjusteddirtypv => -0.09927203892862871 ||
	 | floatstream::krw::krw-libor-3m::{05-nov-2018->05-nov-2023}@creditforwardconvexityadjusteddv01 => -4.8190310159528595E-4 ||
	 | floatstream::krw::krw-libor-3m::{05-nov-2018->05-nov-2023}@creditforwardconvexityadjustedfairpremium => 0.02059999999999996 ||
	 | floatstream::krw::krw-libor-3m::{05-nov-2018->05-nov-2023}@creditforwardconvexityadjustedparrate => 0.02059999999999996 ||
	 | floatstream::krw::krw-libor-3m::{05-nov-2018->05-nov-2023}@creditforwardconvexityadjustedprice => 109.92720389286288 ||
	 | floatstream::krw::krw-libor-3m::{05-nov-2018->05-nov-2023}@creditforwardconvexityadjustedpv => -0.09927203892862871 ||
	 | floatstream::krw::krw-libor-3m::{05-nov-2018->05-nov-2023}@creditforwardconvexityadjustedrate => 0.02059999999999996 ||
	 | floatstream::krw::krw-libor-3m::{05-nov-2018->05-nov-2023}@creditforwardconvexityadjustedupfront => -0.09927203892862871 ||
	 | floatstream::krw::krw-libor-3m::{05-nov-2018->05-nov-2023}@creditforwardconvexityadjustmentfactor => 1.0 ||
	 | floatstream::krw::krw-libor-3m::{05-nov-2018->05-nov-2023}@creditforwardconvexityadjustmentpremium => 0.0 ||
	 | floatstream::krw::krw-libor-3m::{05-nov-2018->05-nov-2023}@creditforwardconvexityadjustmentpremiumupfront => -0.0 ||
	 | floatstream::krw::krw-libor-3m::{05-nov-2018->05-nov-2023}@creditfundingconvexityadjustedcleandv01 => -4.8190310159528595E-4 ||
	 | floatstream::krw::krw-libor-3m::{05-nov-2018->05-nov-2023}@creditfundingconvexityadjustedcleanprice => 109.92720389286288 ||
	 | floatstream::krw::krw-libor-3m::{05-nov-2018->05-nov-2023}@creditfundingconvexityadjustedcleanpv => -0.09927203892862871 ||
	 | floatstream::krw::krw-libor-3m::{05-nov-2018->05-nov-2023}@creditfundingconvexityadjusteddirtydv01 => -4.8190310159528595E-4 ||
	 | floatstream::krw::krw-libor-3m::{05-nov-2018->05-nov-2023}@creditfundingconvexityadjusteddirtyprice => 109.92720389286288 ||
	 | floatstream::krw::krw-libor-3m::{05-nov-2018->05-nov-2023}@creditfundingconvexityadjusteddirtypv => -0.09927203892862871 ||
	 | floatstream::krw::krw-libor-3m::{05-nov-2018->05-nov-2023}@creditfundingconvexityadjusteddv01 => -4.8190310159528595E-4 ||
	 | floatstream::krw::krw-libor-3m::{05-nov-2018->05-nov-2023}@creditfundingconvexityadjustedfairpremium => 0.02059999999999996 ||
	 | floatstream::krw::krw-libor-3m::{05-nov-2018->05-nov-2023}@creditfundingconvexityadjustedparrate => 0.02059999999999996 ||
	 | floatstream::krw::krw-libor-3m::{05-nov-2018->05-nov-2023}@creditfundingconvexityadjustedprice => 109.92720389286288 ||
	 | floatstream::krw::krw-libor-3m::{05-nov-2018->05-nov-2023}@creditfundingconvexityadjustedpv => -0.09927203892862871 ||
	 | floatstream::krw::krw-libor-3m::{05-nov-2018->05-nov-2023}@creditfundingconvexityadjustedrate => 0.02059999999999996 ||
	 | floatstream::krw::krw-libor-3m::{05-nov-2018->05-nov-2023}@creditfundingconvexityadjustedupfront => -0.09927203892862871 ||
	 | floatstream::krw::krw-libor-3m::{05-nov-2018->05-nov-2023}@creditfundingconvexityadjustmentfactor => 1.0 ||
	 | floatstream::krw::krw-libor-3m::{05-nov-2018->05-nov-2023}@creditfundingconvexityadjustmentpremium => 0.0 ||
	 | floatstream::krw::krw-libor-3m::{05-nov-2018->05-nov-2023}@creditfundingconvexityadjustmentpremiumupfront => -0.0 ||
	 | floatstream::krw::krw-libor-3m::{05-nov-2018->05-nov-2023}@creditfxconvexityadjustedcleandv01 => -4.8190310159528595E-4 ||
	 | floatstream::krw::krw-libor-3m::{05-nov-2018->05-nov-2023}@creditfxconvexityadjustedcleanprice => 109.92720389286288 ||
	 | floatstream::krw::krw-libor-3m::{05-nov-2018->05-nov-2023}@creditfxconvexityadjustedcleanpv => -0.09927203892862871 ||
	 | floatstream::krw::krw-libor-3m::{05-nov-2018->05-nov-2023}@creditfxconvexityadjusteddirtydv01 => -4.8190310159528595E-4 ||
	 | floatstream::krw::krw-libor-3m::{05-nov-2018->05-nov-2023}@creditfxconvexityadjusteddirtyprice => 109.92720389286288 ||
	 | floatstream::krw::krw-libor-3m::{05-nov-2018->05-nov-2023}@creditfxconvexityadjusteddirtypv => -0.09927203892862871 ||
	 | floatstream::krw::krw-libor-3m::{05-nov-2018->05-nov-2023}@creditfxconvexityadjusteddv01 => -4.8190310159528595E-4 ||
	 | floatstream::krw::krw-libor-3m::{05-nov-2018->05-nov-2023}@creditfxconvexityadjustedfairpremium => 0.02059999999999996 ||
	 | floatstream::krw::krw-libor-3m::{05-nov-2018->05-nov-2023}@creditfxconvexityadjustedparrate => 0.02059999999999996 ||
	 | floatstream::krw::krw-libor-3m::{05-nov-2018->05-nov-2023}@creditfxconvexityadjustedprice => 109.92720389286288 ||
	 | floatstream::krw::krw-libor-3m::{05-nov-2018->05-nov-2023}@creditfxconvexityadjustedpv => -0.09927203892862871 ||
	 | floatstream::krw::krw-libor-3m::{05-nov-2018->05-nov-2023}@creditfxconvexityadjustedrate => 0.02059999999999996 ||
	 | floatstream::krw::krw-libor-3m::{05-nov-2018->05-nov-2023}@creditfxconvexityadjustedupfront => -0.09927203892862871 ||
	 | floatstream::krw::krw-libor-3m::{05-nov-2018->05-nov-2023}@creditfxconvexityadjustmentfactor => 1.0 ||
	 | floatstream::krw::krw-libor-3m::{05-nov-2018->05-nov-2023}@creditfxconvexityadjustmentpremium => 0.0 ||
	 | floatstream::krw::krw-libor-3m::{05-nov-2018->05-nov-2023}@creditfxconvexityadjustmentpremiumupfront => -0.0 ||
	 | floatstream::krw::krw-libor-3m::{05-nov-2018->05-nov-2023}@cumulativeconvexityadjustedcleandv01 => -4.8190310159528595E-4 ||
	 | floatstream::krw::krw-libor-3m::{05-nov-2018->05-nov-2023}@cumulativeconvexityadjustedcleanprice => 109.92720389286288 ||
	 | floatstream::krw::krw-libor-3m::{05-nov-2018->05-nov-2023}@cumulativeconvexityadjustedcleanpv => -0.09927203892862871 ||
	 | floatstream::krw::krw-libor-3m::{05-nov-2018->05-nov-2023}@cumulativeconvexityadjusteddirtydv01 => -4.8190310159528595E-4 ||
	 | floatstream::krw::krw-libor-3m::{05-nov-2018->05-nov-2023}@cumulativeconvexityadjusteddirtyprice => 109.92720389286288 ||
	 | floatstream::krw::krw-libor-3m::{05-nov-2018->05-nov-2023}@cumulativeconvexityadjusteddirtypv => -0.09927203892862871 ||
	 | floatstream::krw::krw-libor-3m::{05-nov-2018->05-nov-2023}@cumulativeconvexityadjusteddv01 => -4.8190310159528595E-4 ||
	 | floatstream::krw::krw-libor-3m::{05-nov-2018->05-nov-2023}@cumulativeconvexityadjustedfairpremium => 0.02059999999999996 ||
	 | floatstream::krw::krw-libor-3m::{05-nov-2018->05-nov-2023}@cumulativeconvexityadjustedparrate => 0.02059999999999996 ||
	 | floatstream::krw::krw-libor-3m::{05-nov-2018->05-nov-2023}@cumulativeconvexityadjustedprice => 109.92720389286288 ||
	 | floatstream::krw::krw-libor-3m::{05-nov-2018->05-nov-2023}@cumulativeconvexityadjustedpv => -0.09927203892862871 ||
	 | floatstream::krw::krw-libor-3m::{05-nov-2018->05-nov-2023}@cumulativeconvexityadjustedrate => 0.02059999999999996 ||
	 | floatstream::krw::krw-libor-3m::{05-nov-2018->05-nov-2023}@cumulativeconvexityadjustedupfront => -0.09927203892862871 ||
	 | floatstream::krw::krw-libor-3m::{05-nov-2018->05-nov-2023}@cumulativeconvexityadjustmentfactor => 1.0 ||
	 | floatstream::krw::krw-libor-3m::{05-nov-2018->05-nov-2023}@cumulativeconvexityadjustmentpremium => 0.0 ||
	 | floatstream::krw::krw-libor-3m::{05-nov-2018->05-nov-2023}@cumulativeconvexityadjustmentpremiumupfront => -0.0 ||
	 | floatstream::krw::krw-libor-3m::{05-nov-2018->05-nov-2023}@cumulativecouponamount => 0.0 ||
	 | floatstream::krw::krw-libor-3m::{05-nov-2018->05-nov-2023}@cumulativecoupondcf => 0.0 ||
	 | floatstream::krw::krw-libor-3m::{05-nov-2018->05-nov-2023}@cv01 => -4.8190310159528595E-4 ||
	 | floatstream::krw::krw-libor-3m::{05-nov-2018->05-nov-2023}@dirtydv01 => -4.8190310159528595E-4 ||
	 | floatstream::krw::krw-libor-3m::{05-nov-2018->05-nov-2023}@dirtyprice => 109.92720389286288 ||
	 | floatstream::krw::krw-libor-3m::{05-nov-2018->05-nov-2023}@dirtypv => -0.09927203892862871 ||
	 | floatstream::krw::krw-libor-3m::{05-nov-2018->05-nov-2023}@dv01 => -4.8190310159528595E-4 ||
	 | floatstream::krw::krw-libor-3m::{05-nov-2018->05-nov-2023}@fairpremium => 0.02059999999999996 ||
	 | floatstream::krw::krw-libor-3m::{05-nov-2018->05-nov-2023}@fixing01 => 0.0 ||
	 | floatstream::krw::krw-libor-3m::{05-nov-2018->05-nov-2023}@forwardfundingconvexityadjustedcleandv01 => -4.8190310159528595E-4 ||
	 | floatstream::krw::krw-libor-3m::{05-nov-2018->05-nov-2023}@forwardfundingconvexityadjustedcleanprice => 109.92720389286288 ||
	 | floatstream::krw::krw-libor-3m::{05-nov-2018->05-nov-2023}@forwardfundingconvexityadjustedcleanpv => -0.09927203892862871 ||
	 | floatstream::krw::krw-libor-3m::{05-nov-2018->05-nov-2023}@forwardfundingconvexityadjusteddirtydv01 => -4.8190310159528595E-4 ||
	 | floatstream::krw::krw-libor-3m::{05-nov-2018->05-nov-2023}@forwardfundingconvexityadjusteddirtyprice => 109.92720389286288 ||
	 | floatstream::krw::krw-libor-3m::{05-nov-2018->05-nov-2023}@forwardfundingconvexityadjusteddirtypv => -0.09927203892862871 ||
	 | floatstream::krw::krw-libor-3m::{05-nov-2018->05-nov-2023}@forwardfundingconvexityadjusteddv01 => -4.8190310159528595E-4 ||
	 | floatstream::krw::krw-libor-3m::{05-nov-2018->05-nov-2023}@forwardfundingconvexityadjustedfairpremium => 0.02059999999999996 ||
	 | floatstream::krw::krw-libor-3m::{05-nov-2018->05-nov-2023}@forwardfundingconvexityadjustedparrate => 0.02059999999999996 ||
	 | floatstream::krw::krw-libor-3m::{05-nov-2018->05-nov-2023}@forwardfundingconvexityadjustedprice => 109.92720389286288 ||
	 | floatstream::krw::krw-libor-3m::{05-nov-2018->05-nov-2023}@forwardfundingconvexityadjustedpv => -0.09927203892862871 ||
	 | floatstream::krw::krw-libor-3m::{05-nov-2018->05-nov-2023}@forwardfundingconvexityadjustedrate => 0.02059999999999996 ||
	 | floatstream::krw::krw-libor-3m::{05-nov-2018->05-nov-2023}@forwardfundingconvexityadjustedupfront => -0.09927203892862871 ||
	 | floatstream::krw::krw-libor-3m::{05-nov-2018->05-nov-2023}@forwardfundingconvexityadjustmentfactor => 1.0 ||
	 | floatstream::krw::krw-libor-3m::{05-nov-2018->05-nov-2023}@forwardfundingconvexityadjustmentpremium => 0.0 ||
	 | floatstream::krw::krw-libor-3m::{05-nov-2018->05-nov-2023}@forwardfundingconvexityadjustmentpremiumupfront => -0.0 ||
	 | floatstream::krw::krw-libor-3m::{05-nov-2018->05-nov-2023}@forwardfxconvexityadjustedcleandv01 => -4.8190310159528595E-4 ||
	 | floatstream::krw::krw-libor-3m::{05-nov-2018->05-nov-2023}@forwardfxconvexityadjustedcleanprice => 109.92720389286288 ||
	 | floatstream::krw::krw-libor-3m::{05-nov-2018->05-nov-2023}@forwardfxconvexityadjustedcleanpv => -0.09927203892862871 ||
	 | floatstream::krw::krw-libor-3m::{05-nov-2018->05-nov-2023}@forwardfxconvexityadjusteddirtydv01 => -4.8190310159528595E-4 ||
	 | floatstream::krw::krw-libor-3m::{05-nov-2018->05-nov-2023}@forwardfxconvexityadjusteddirtyprice => 109.92720389286288 ||
	 | floatstream::krw::krw-libor-3m::{05-nov-2018->05-nov-2023}@forwardfxconvexityadjusteddirtypv => -0.09927203892862871 ||
	 | floatstream::krw::krw-libor-3m::{05-nov-2018->05-nov-2023}@forwardfxconvexityadjusteddv01 => -4.8190310159528595E-4 ||
	 | floatstream::krw::krw-libor-3m::{05-nov-2018->05-nov-2023}@forwardfxconvexityadjustedfairpremium => 0.02059999999999996 ||
	 | floatstream::krw::krw-libor-3m::{05-nov-2018->05-nov-2023}@forwardfxconvexityadjustedparrate => 0.02059999999999996 ||
	 | floatstream::krw::krw-libor-3m::{05-nov-2018->05-nov-2023}@forwardfxconvexityadjustedprice => 109.92720389286288 ||
	 | floatstream::krw::krw-libor-3m::{05-nov-2018->05-nov-2023}@forwardfxconvexityadjustedpv => -0.09927203892862871 ||
	 | floatstream::krw::krw-libor-3m::{05-nov-2018->05-nov-2023}@forwardfxconvexityadjustedrate => 0.02059999999999996 ||
	 | floatstream::krw::krw-libor-3m::{05-nov-2018->05-nov-2023}@forwardfxconvexityadjustedupfront => -0.09927203892862871 ||
	 | floatstream::krw::krw-libor-3m::{05-nov-2018->05-nov-2023}@forwardfxconvexityadjustmentfactor => 1.0 ||
	 | floatstream::krw::krw-libor-3m::{05-nov-2018->05-nov-2023}@forwardfxconvexityadjustmentpremium => 0.0 ||
	 | floatstream::krw::krw-libor-3m::{05-nov-2018->05-nov-2023}@forwardfxconvexityadjustmentpremiumupfront => -0.0 ||
	 | floatstream::krw::krw-libor-3m::{05-nov-2018->05-nov-2023}@fundingfxconvexityadjustedcleandv01 => -4.8190310159528595E-4 ||
	 | floatstream::krw::krw-libor-3m::{05-nov-2018->05-nov-2023}@fundingfxconvexityadjustedcleanprice => 109.92720389286288 ||
	 | floatstream::krw::krw-libor-3m::{05-nov-2018->05-nov-2023}@fundingfxconvexityadjustedcleanpv => -0.09927203892862871 ||
	 | floatstream::krw::krw-libor-3m::{05-nov-2018->05-nov-2023}@fundingfxconvexityadjusteddirtydv01 => -4.8190310159528595E-4 ||
	 | floatstream::krw::krw-libor-3m::{05-nov-2018->05-nov-2023}@fundingfxconvexityadjusteddirtyprice => 109.92720389286288 ||
	 | floatstream::krw::krw-libor-3m::{05-nov-2018->05-nov-2023}@fundingfxconvexityadjusteddirtypv => -0.09927203892862871 ||
	 | floatstream::krw::krw-libor-3m::{05-nov-2018->05-nov-2023}@fundingfxconvexityadjusteddv01 => -4.8190310159528595E-4 ||
	 | floatstream::krw::krw-libor-3m::{05-nov-2018->05-nov-2023}@fundingfxconvexityadjustedfairpremium => 0.02059999999999996 ||
	 | floatstream::krw::krw-libor-3m::{05-nov-2018->05-nov-2023}@fundingfxconvexityadjustedparrate => 0.02059999999999996 ||
	 | floatstream::krw::krw-libor-3m::{05-nov-2018->05-nov-2023}@fundingfxconvexityadjustedprice => 109.92720389286288 ||
	 | floatstream::krw::krw-libor-3m::{05-nov-2018->05-nov-2023}@fundingfxconvexityadjustedpv => -0.09927203892862871 ||
	 | floatstream::krw::krw-libor-3m::{05-nov-2018->05-nov-2023}@fundingfxconvexityadjustedrate => 0.02059999999999996 ||
	 | floatstream::krw::krw-libor-3m::{05-nov-2018->05-nov-2023}@fundingfxconvexityadjustedupfront => -0.09927203892862871 ||
	 | floatstream::krw::krw-libor-3m::{05-nov-2018->05-nov-2023}@fundingfxconvexityadjustmentfactor => 1.0 ||
	 | floatstream::krw::krw-libor-3m::{05-nov-2018->05-nov-2023}@fundingfxconvexityadjustmentpremium => 0.0 ||
	 | floatstream::krw::krw-libor-3m::{05-nov-2018->05-nov-2023}@fundingfxconvexityadjustmentpremiumupfront => -0.0 ||
	 | floatstream::krw::krw-libor-3m::{05-nov-2018->05-nov-2023}@parrate => 0.02059999999999996 ||
	 | floatstream::krw::krw-libor-3m::{05-nov-2018->05-nov-2023}@price => 109.92720389286288 ||
	 | floatstream::krw::krw-libor-3m::{05-nov-2018->05-nov-2023}@pv => -0.09927203892862871 ||
	 | floatstream::krw::krw-libor-3m::{05-nov-2018->05-nov-2023}@rate => 0.02059999999999996 ||
	 | floatstream::krw::krw-libor-3m::{05-nov-2018->05-nov-2023}@resetdate => -2.147483648E9 ||
	 | floatstream::krw::krw-libor-3m::{05-nov-2018->05-nov-2023}@resetrate => NaN ||
	 | floatstream::krw::krw-libor-3m::{05-nov-2018->05-nov-2023}@totalcoupon => 0.41923934577780175 ||
	 | floatstream::krw::krw-libor-3m::{05-nov-2018->05-nov-2023}@unadjustedcleandv01 => -4.8190310159528595E-4 ||
	 | floatstream::krw::krw-libor-3m::{05-nov-2018->05-nov-2023}@unadjustedcleanprice => 109.92720389286288 ||
	 | floatstream::krw::krw-libor-3m::{05-nov-2018->05-nov-2023}@unadjustedcleanpv => -0.09927203892862871 ||
	 | floatstream::krw::krw-libor-3m::{05-nov-2018->05-nov-2023}@unadjusteddirtydv01 => -4.8190310159528595E-4 ||
	 | floatstream::krw::krw-libor-3m::{05-nov-2018->05-nov-2023}@unadjusteddirtyprice => 109.92720389286288 ||
	 | floatstream::krw::krw-libor-3m::{05-nov-2018->05-nov-2023}@unadjusteddirtypv => -0.09927203892862871 ||
	 | floatstream::krw::krw-libor-3m::{05-nov-2018->05-nov-2023}@unadjustedfairpremium => 0.02059999999999996 ||
	 | floatstream::krw::krw-libor-3m::{05-nov-2018->05-nov-2023}@unadjustedparrate => 0.02059999999999996 ||
	 | floatstream::krw::krw-libor-3m::{05-nov-2018->05-nov-2023}@unadjustedprice => 109.92720389286288 ||
	 | floatstream::krw::krw-libor-3m::{05-nov-2018->05-nov-2023}@unadjustedpv => -0.09927203892862871 ||
	 | floatstream::krw::krw-libor-3m::{05-nov-2018->05-nov-2023}@unadjustedrate => 0.02059999999999996 ||
	 | floatstream::krw::krw-libor-3m::{05-nov-2018->05-nov-2023}@unadjustedupfront => -0.09927203892862871 ||
	 | floatstream::krw::krw-libor-3m::{05-nov-2018->05-nov-2023}@upfront => -0.09927203892862871 ||
	 | initialnotional => 1.0 ||
	 | parfixedcoupon => 0.02059999999999996 ||
	 | parrate => 0.02059999999999996 ||
	 | parswaprate => 0.02059999999999996 ||
	 | price => 100.0000000000002 ||
	 | pv => 2.040034807748725E-15 ||
	 | rate => 0.02059999999999996 ||
	 | referenceaccrued => 0.0 ||
	 | referenceaccrued01 => 0.0 ||
	 | referencecleandv01 => 4.8190310159528595E-4 ||
	 | referencecleanpv => 0.09927203892863075 ||
	 | referencecumulativeconvexityadjustmentfactor => 1.0 ||
	 | referencecumulativeconvexityadjustmentpremium => 0.0 ||
	 | referencecumulativecouponamount => 0.0 ||
	 | referencecumulativecoupondcf => 0.0 ||
	 | referencedirtydv01 => 4.8190310159528595E-4 ||
	 | referencedirtypv => 0.09927203892863075 ||
	 | referencedv01 => 4.8190310159528595E-4 ||
	 | referenceparbasisspread => -4.233288395520634E-12 ||
	 | referencepv => 0.09927203892863075 ||
	 | resetdate => -2.147483648E9 ||
	 | resetrate => NaN ||
	 | swaprate => 0.02059999999999996 ||
	 | upfront => 2.040034807748725E-15 ||
	 |------------------------------||


		|-----------------------------------------------------------------------------------------------------------------------||
		|    Floating Stream Cash Flow Details                                                                                  ||
		|    -------- ------ ---- ---- -------                                                                                  ||
		|               Start Date                                                                                              ||
		|               End Date                                                                                                ||
		|               Pay Date                                                                                                ||
		|               FX Fixing Date                                                                                          ||
		|               Base Notional                                                                                           ||
		|               Period DCF                                                                                              ||
		|               Tenor                                                                                                   ||
		|               Funding Label                                                                                           ||
		|               Forward Label                                                                                           ||
		|               Pay Discount Factor                                                                                     ||
		|               Coupon Rate                                                                                             ||
		|-----------------------------------------------------------------------------------------------------------------------||
		| [05-NOV-2018 - 05-FEB-2019] => 05-FEB-2019 | 05-FEB-2019 | -1.0000 |  0.2521 | 3M | KRW | KRW-LIBOR-3M |  0.9994 |  0.24% ||
		| [05-FEB-2019 - 05-MAY-2019] => 05-MAY-2019 | 05-MAY-2019 | -1.0000 |  0.2438 | 3M | KRW | KRW-LIBOR-3M |  0.9987 |  0.29% ||
		| [05-MAY-2019 - 05-AUG-2019] => 05-AUG-2019 | 05-AUG-2019 | -1.0000 |  0.2521 | 3M | KRW | KRW-LIBOR-3M |  0.9978 |  0.37% ||
		| [05-AUG-2019 - 05-NOV-2019] => 05-NOV-2019 | 05-NOV-2019 | -1.0000 |  0.2521 | 3M | KRW | KRW-LIBOR-3M |  0.9966 |  0.47% ||
		| [05-NOV-2019 - 05-FEB-2020] => 05-FEB-2020 | 05-FEB-2020 | -1.0000 |  0.2521 | 3M | KRW | KRW-LIBOR-3M |  0.9949 |  0.66% ||
		| [05-FEB-2020 - 05-MAY-2020] => 05-MAY-2020 | 05-MAY-2020 | -1.0000 |  0.2466 | 3M | KRW | KRW-LIBOR-3M |  0.9927 |  0.92% ||
		| [05-MAY-2020 - 05-AUG-2020] => 05-AUG-2020 | 05-AUG-2020 | -1.0000 |  0.2521 | 3M | KRW | KRW-LIBOR-3M |  0.9897 |  1.20% ||
		| [05-AUG-2020 - 05-NOV-2020] => 05-NOV-2020 | 05-NOV-2020 | -1.0000 |  0.2521 | 3M | KRW | KRW-LIBOR-3M |  0.9859 |  1.50% ||
		| [05-NOV-2020 - 05-FEB-2021] => 05-FEB-2021 | 05-FEB-2021 | -1.0000 |  0.2521 | 3M | KRW | KRW-LIBOR-3M |  0.9745 |  4.67% ||
		| [05-FEB-2021 - 05-MAY-2021] => 05-MAY-2021 | 05-MAY-2021 | -1.0000 |  0.2438 | 3M | KRW | KRW-LIBOR-3M |  0.9704 |  1.71% ||
		| [05-MAY-2021 - 05-AUG-2021] => 05-AUG-2021 | 05-AUG-2021 | -1.0000 |  0.2521 | 3M | KRW | KRW-LIBOR-3M |  0.9658 |  1.89% ||
		| [05-AUG-2021 - 05-NOV-2021] => 05-NOV-2021 | 05-NOV-2021 | -1.0000 |  0.2521 | 3M | KRW | KRW-LIBOR-3M |  0.9607 |  2.09% ||
		| [05-NOV-2021 - 05-FEB-2022] => 05-FEB-2022 | 05-FEB-2022 | -1.0000 |  0.2521 | 3M | KRW | KRW-LIBOR-3M |  0.9551 |  2.32% ||
		| [05-FEB-2022 - 05-MAY-2022] => 05-MAY-2022 | 05-MAY-2022 | -1.0000 |  0.2438 | 3M | KRW | KRW-LIBOR-3M |  0.9492 |  2.56% ||
		| [05-MAY-2022 - 05-AUG-2022] => 05-AUG-2022 | 05-AUG-2022 | -1.0000 |  0.2521 | 3M | KRW | KRW-LIBOR-3M |  0.9425 |  2.82% ||
		| [05-AUG-2022 - 05-NOV-2022] => 05-NOV-2022 | 05-NOV-2022 | -1.0000 |  0.2521 | 3M | KRW | KRW-LIBOR-3M |  0.9352 |  3.12% ||
		| [05-NOV-2022 - 05-FEB-2023] => 05-FEB-2023 | 05-FEB-2023 | -1.0000 |  0.2521 | 3M | KRW | KRW-LIBOR-3M |  0.9272 |  3.42% ||
		| [05-FEB-2023 - 05-MAY-2023] => 05-MAY-2023 | 05-MAY-2023 | -1.0000 |  0.2438 | 3M | KRW | KRW-LIBOR-3M |  0.9189 |  3.69% ||
		| [05-MAY-2023 - 05-AUG-2023] => 05-AUG-2023 | 05-AUG-2023 | -1.0000 |  0.2521 | 3M | KRW | KRW-LIBOR-3M |  0.9100 |  3.90% ||
		| [05-AUG-2023 - 05-NOV-2023] => 05-NOV-2023 | 05-NOV-2023 | -1.0000 |  0.2521 | 3M | KRW | KRW-LIBOR-3M |  0.9007 |  4.07% ||
		|-----------------------------------------------------------------------------------------------------------------------||


		|--------------------------------------------------------------------------------------------------------||
		|    Fixed Stream Cash Flow Details                                                                      ||
		|    ----- ------ ---- ---- -------                                                                      ||
		|               Start Date                                                                               ||
		|               End Date                                                                                 ||
		|               Pay Date                                                                                 ||
		|               FX Fixing Date                                                                           ||
		|               Base Notional                                                                            ||
		|               Period DCF                                                                               ||
		|               Tenor                                                                                    ||
		|               Funding Label                                                                            ||
		|               Pay Discount Factor                                                                      ||
		|               Coupon Rate                                                                              ||
		|--------------------------------------------------------------------------------------------------------||
		| [05-NOV-2018 - 05-FEB-2019] => 05-FEB-2019 | 05-FEB-2019 |  1.0000 |  0.2521 | 3M | KRW |  0.9994 |  2.06% ||
		| [05-FEB-2019 - 05-MAY-2019] => 05-MAY-2019 | 05-MAY-2019 |  1.0000 |  0.2438 | 3M | KRW |  0.9987 |  2.06% ||
		| [05-MAY-2019 - 05-AUG-2019] => 05-AUG-2019 | 05-AUG-2019 |  1.0000 |  0.2521 | 3M | KRW |  0.9978 |  2.06% ||
		| [05-AUG-2019 - 05-NOV-2019] => 05-NOV-2019 | 05-NOV-2019 |  1.0000 |  0.2521 | 3M | KRW |  0.9966 |  2.06% ||
		| [05-NOV-2019 - 05-FEB-2020] => 05-FEB-2020 | 05-FEB-2020 |  1.0000 |  0.2521 | 3M | KRW |  0.9949 |  2.06% ||
		| [05-FEB-2020 - 05-MAY-2020] => 05-MAY-2020 | 05-MAY-2020 |  1.0000 |  0.2466 | 3M | KRW |  0.9927 |  2.06% ||
		| [05-MAY-2020 - 05-AUG-2020] => 05-AUG-2020 | 05-AUG-2020 |  1.0000 |  0.2521 | 3M | KRW |  0.9897 |  2.06% ||
		| [05-AUG-2020 - 05-NOV-2020] => 05-NOV-2020 | 05-NOV-2020 |  1.0000 |  0.2521 | 3M | KRW |  0.9859 |  2.06% ||
		| [05-NOV-2020 - 05-FEB-2021] => 05-FEB-2021 | 05-FEB-2021 |  1.0000 |  0.2521 | 3M | KRW |  0.9745 |  2.06% ||
		| [05-FEB-2021 - 05-MAY-2021] => 05-MAY-2021 | 05-MAY-2021 |  1.0000 |  0.2438 | 3M | KRW |  0.9704 |  2.06% ||
		| [05-MAY-2021 - 05-AUG-2021] => 05-AUG-2021 | 05-AUG-2021 |  1.0000 |  0.2521 | 3M | KRW |  0.9658 |  2.06% ||
		| [05-AUG-2021 - 05-NOV-2021] => 05-NOV-2021 | 05-NOV-2021 |  1.0000 |  0.2521 | 3M | KRW |  0.9607 |  2.06% ||
		| [05-NOV-2021 - 05-FEB-2022] => 05-FEB-2022 | 05-FEB-2022 |  1.0000 |  0.2521 | 3M | KRW |  0.9551 |  2.06% ||
		| [05-FEB-2022 - 05-MAY-2022] => 05-MAY-2022 | 05-MAY-2022 |  1.0000 |  0.2438 | 3M | KRW |  0.9492 |  2.06% ||
		| [05-MAY-2022 - 05-AUG-2022] => 05-AUG-2022 | 05-AUG-2022 |  1.0000 |  0.2521 | 3M | KRW |  0.9425 |  2.06% ||
		| [05-AUG-2022 - 05-NOV-2022] => 05-NOV-2022 | 05-NOV-2022 |  1.0000 |  0.2521 | 3M | KRW |  0.9352 |  2.06% ||
		| [05-NOV-2022 - 05-FEB-2023] => 05-FEB-2023 | 05-FEB-2023 |  1.0000 |  0.2521 | 3M | KRW |  0.9272 |  2.06% ||
		| [05-FEB-2023 - 05-MAY-2023] => 05-MAY-2023 | 05-MAY-2023 |  1.0000 |  0.2438 | 3M | KRW |  0.9189 |  2.06% ||
		| [05-MAY-2023 - 05-AUG-2023] => 05-AUG-2023 | 05-AUG-2023 |  1.0000 |  0.2521 | 3M | KRW |  0.9100 |  2.06% ||
		| [05-AUG-2023 - 05-NOV-2023] => 05-NOV-2023 | 05-NOV-2023 |  1.0000 |  0.2521 | 3M | KRW |  0.9007 |  2.06% ||
		|--------------------------------------------------------------------------------------------------------||

	|-----------------------------------------------------------------|
	|    Copyright (C) 2011-2018 (DRIP)
	|-----------------------------------------------------------------|
	|    Build Version  => 3.86.0 multi mode
	|    Build JVM (TM) => 1.8.0_112
	|    Build Snap     => Fri Nov 02 21:22:20 EST 2018
	|    Start Time     => Fri Nov 02 23:11:30 EDT 2018
	|    Setup Time     => Fri Nov 02 23:11:30 EDT 2018
	|    Setup Duration => 0 ms
	|-----------------------------------------------------------------|

	 | accrued => 0.0 ||
	 | calctime => 5.04069E-4 ||
	 | calibfloatingpv => 0.09927574643645298 ||
	 | calibswaprate => 0.02060000000000002 ||
	 | cleanfixeddv01 => 4.81921099206082E-4 ||
	 | cleanfloatingdv01 => -4.81921099206082E-4 ||
	 | cleanfloatingpv => -0.09927574643645273 ||
	 | cleanprice => 100.0000000000002 ||
	 | cleanpv => 1.9845236565174673E-15 ||
	 | cumulativeconvexityadjustmentpremium => 0.0 ||
	 | cumulativecouponamount => 0.0 ||
	 | cumulativecoupondcf => 0.0 ||
	 | derivedaccrued => 0.0 ||
	 | derivedaccrued01 => 0.0 ||
	 | derivedcleandv01 => -4.81921099206082E-4 ||
	 | derivedcleanpv => -0.09927574643645273 ||
	 | derivedcumulativeconvexityadjustmentfactor => 1.0 ||
	 | derivedcumulativeconvexityadjustmentpremium => -0.0 ||
	 | derivedcumulativecouponamount => 0.0 ||
	 | derivedcumulativecoupondcf => 0.0 ||
	 | deriveddirtydv01 => -4.81921099206082E-4 ||
	 | deriveddirtypv => -0.09927574643645273 ||
	 | deriveddv01 => -4.81921099206082E-4 ||
	 | derivedfixing01 => 0.0 ||
	 | derivedparbasisspread => 4.117943081941788E-12 ||
	 | derivedpv => -0.09927574643645273 ||
	 | derivedresetdate => -2.147483648E9 ||
	 | derivedresetrate => NaN ||
	 | dirtyfixeddv01 => 4.81921099206082E-4 ||
	 | dirtyfixedpv => 0.09927574643645472 ||
	 | dirtyfloatingdv01 => -4.81921099206082E-4 ||
	 | dirtyfloatingpv => -0.09927574643645273 ||
	 | dirtyprice => 100.0000000000002 ||
	 | dirtypv => 1.9845236565174673E-15 ||
	 | fairpremium => 0.020599999999999966 ||
	 | fixedaccrued => 0.0 ||
	 | fixedaccrued01 => 0.0 ||
	 | fixeddv01 => 4.81921099206082E-4 ||
	 | fixedstream::myr/myr::3::{02-nov-2018->02-nov-2023}@accrualcoupon => NaN ||
	 | fixedstream::myr/myr::3::{02-nov-2018->02-nov-2023}@accrued => 0.0 ||
	 | fixedstream::myr/myr::3::{02-nov-2018->02-nov-2023}@accrued01 => 0.0 ||
	 | fixedstream::myr/myr::3::{02-nov-2018->02-nov-2023}@calctime => 1.84636E-4 ||
	 | fixedstream::myr/myr::3::{02-nov-2018->02-nov-2023}@cleandv01 => 4.81921099206082E-4 ||
	 | fixedstream::myr/myr::3::{02-nov-2018->02-nov-2023}@cleanprice => 109.92757464364547 ||
	 | fixedstream::myr/myr::3::{02-nov-2018->02-nov-2023}@cleanpv => 0.09927574643645472 ||
	 | fixedstream::myr/myr::3::{02-nov-2018->02-nov-2023}@compoundingadjustedcleandv01 => 4.81921099206082E-4 ||
	 | fixedstream::myr/myr::3::{02-nov-2018->02-nov-2023}@compoundingadjustedcleanprice => 109.92757464364547 ||
	 | fixedstream::myr/myr::3::{02-nov-2018->02-nov-2023}@compoundingadjustedcleanpv => 0.09927574643645472 ||
	 | fixedstream::myr/myr::3::{02-nov-2018->02-nov-2023}@compoundingadjusteddirtydv01 => 4.81921099206082E-4 ||
	 | fixedstream::myr/myr::3::{02-nov-2018->02-nov-2023}@compoundingadjusteddirtyprice => 109.92757464364547 ||
	 | fixedstream::myr/myr::3::{02-nov-2018->02-nov-2023}@compoundingadjusteddirtypv => 0.09927574643645472 ||
	 | fixedstream::myr/myr::3::{02-nov-2018->02-nov-2023}@compoundingadjustedfairpremium => 0.020600000000000382 ||
	 | fixedstream::myr/myr::3::{02-nov-2018->02-nov-2023}@compoundingadjustedparrate => 0.020600000000000382 ||
	 | fixedstream::myr/myr::3::{02-nov-2018->02-nov-2023}@compoundingadjustedprice => 109.92757464364547 ||
	 | fixedstream::myr/myr::3::{02-nov-2018->02-nov-2023}@compoundingadjustedpv => 0.09927574643645472 ||
	 | fixedstream::myr/myr::3::{02-nov-2018->02-nov-2023}@compoundingadjustedrate => 0.020600000000000382 ||
	 | fixedstream::myr/myr::3::{02-nov-2018->02-nov-2023}@compoundingadjustedupfront => 0.09927574643645472 ||
	 | fixedstream::myr/myr::3::{02-nov-2018->02-nov-2023}@compoundingadjustmentfactor => 1.0 ||
	 | fixedstream::myr/myr::3::{02-nov-2018->02-nov-2023}@compoundingadjustmentpremium => 0.0 ||
	 | fixedstream::myr/myr::3::{02-nov-2018->02-nov-2023}@compoundingadjustmentpremiumupfront => 0.0 ||
	 | fixedstream::myr/myr::3::{02-nov-2018->02-nov-2023}@creditforwardconvexityadjustedcleandv01 => 4.81921099206082E-4 ||
	 | fixedstream::myr/myr::3::{02-nov-2018->02-nov-2023}@creditforwardconvexityadjustedcleanprice => 109.92757464364547 ||
	 | fixedstream::myr/myr::3::{02-nov-2018->02-nov-2023}@creditforwardconvexityadjustedcleanpv => 0.09927574643645472 ||
	 | fixedstream::myr/myr::3::{02-nov-2018->02-nov-2023}@creditforwardconvexityadjusteddirtydv01 => 4.81921099206082E-4 ||
	 | fixedstream::myr/myr::3::{02-nov-2018->02-nov-2023}@creditforwardconvexityadjusteddirtyprice => 109.92757464364547 ||
	 | fixedstream::myr/myr::3::{02-nov-2018->02-nov-2023}@creditforwardconvexityadjusteddirtypv => 0.09927574643645472 ||
	 | fixedstream::myr/myr::3::{02-nov-2018->02-nov-2023}@creditforwardconvexityadjusteddv01 => 4.81921099206082E-4 ||
	 | fixedstream::myr/myr::3::{02-nov-2018->02-nov-2023}@creditforwardconvexityadjustedfairpremium => 0.020600000000000382 ||
	 | fixedstream::myr/myr::3::{02-nov-2018->02-nov-2023}@creditforwardconvexityadjustedparrate => 0.020600000000000382 ||
	 | fixedstream::myr/myr::3::{02-nov-2018->02-nov-2023}@creditforwardconvexityadjustedprice => 109.92757464364547 ||
	 | fixedstream::myr/myr::3::{02-nov-2018->02-nov-2023}@creditforwardconvexityadjustedpv => 0.09927574643645472 ||
	 | fixedstream::myr/myr::3::{02-nov-2018->02-nov-2023}@creditforwardconvexityadjustedrate => 0.020600000000000382 ||
	 | fixedstream::myr/myr::3::{02-nov-2018->02-nov-2023}@creditforwardconvexityadjustedupfront => 0.09927574643645472 ||
	 | fixedstream::myr/myr::3::{02-nov-2018->02-nov-2023}@creditforwardconvexityadjustmentfactor => 1.0 ||
	 | fixedstream::myr/myr::3::{02-nov-2018->02-nov-2023}@creditforwardconvexityadjustmentpremium => 0.0 ||
	 | fixedstream::myr/myr::3::{02-nov-2018->02-nov-2023}@creditforwardconvexityadjustmentpremiumupfront => 0.0 ||
	 | fixedstream::myr/myr::3::{02-nov-2018->02-nov-2023}@creditfundingconvexityadjustedcleandv01 => 4.81921099206082E-4 ||
	 | fixedstream::myr/myr::3::{02-nov-2018->02-nov-2023}@creditfundingconvexityadjustedcleanprice => 109.92757464364547 ||
	 | fixedstream::myr/myr::3::{02-nov-2018->02-nov-2023}@creditfundingconvexityadjustedcleanpv => 0.09927574643645472 ||
	 | fixedstream::myr/myr::3::{02-nov-2018->02-nov-2023}@creditfundingconvexityadjusteddirtydv01 => 4.81921099206082E-4 ||
	 | fixedstream::myr/myr::3::{02-nov-2018->02-nov-2023}@creditfundingconvexityadjusteddirtyprice => 109.92757464364547 ||
	 | fixedstream::myr/myr::3::{02-nov-2018->02-nov-2023}@creditfundingconvexityadjusteddirtypv => 0.09927574643645472 ||
	 | fixedstream::myr/myr::3::{02-nov-2018->02-nov-2023}@creditfundingconvexityadjusteddv01 => 4.81921099206082E-4 ||
	 | fixedstream::myr/myr::3::{02-nov-2018->02-nov-2023}@creditfundingconvexityadjustedfairpremium => 0.020600000000000382 ||
	 | fixedstream::myr/myr::3::{02-nov-2018->02-nov-2023}@creditfundingconvexityadjustedparrate => 0.020600000000000382 ||
	 | fixedstream::myr/myr::3::{02-nov-2018->02-nov-2023}@creditfundingconvexityadjustedprice => 109.92757464364547 ||
	 | fixedstream::myr/myr::3::{02-nov-2018->02-nov-2023}@creditfundingconvexityadjustedpv => 0.09927574643645472 ||
	 | fixedstream::myr/myr::3::{02-nov-2018->02-nov-2023}@creditfundingconvexityadjustedrate => 0.020600000000000382 ||
	 | fixedstream::myr/myr::3::{02-nov-2018->02-nov-2023}@creditfundingconvexityadjustedupfront => 0.09927574643645472 ||
	 | fixedstream::myr/myr::3::{02-nov-2018->02-nov-2023}@creditfundingconvexityadjustmentfactor => 1.0 ||
	 | fixedstream::myr/myr::3::{02-nov-2018->02-nov-2023}@creditfundingconvexityadjustmentpremium => 0.0 ||
	 | fixedstream::myr/myr::3::{02-nov-2018->02-nov-2023}@creditfundingconvexityadjustmentpremiumupfront => 0.0 ||
	 | fixedstream::myr/myr::3::{02-nov-2018->02-nov-2023}@creditfxconvexityadjustedcleandv01 => 4.81921099206082E-4 ||
	 | fixedstream::myr/myr::3::{02-nov-2018->02-nov-2023}@creditfxconvexityadjustedcleanprice => 109.92757464364547 ||
	 | fixedstream::myr/myr::3::{02-nov-2018->02-nov-2023}@creditfxconvexityadjustedcleanpv => 0.09927574643645472 ||
	 | fixedstream::myr/myr::3::{02-nov-2018->02-nov-2023}@creditfxconvexityadjusteddirtydv01 => 4.81921099206082E-4 ||
	 | fixedstream::myr/myr::3::{02-nov-2018->02-nov-2023}@creditfxconvexityadjusteddirtyprice => 109.92757464364547 ||
	 | fixedstream::myr/myr::3::{02-nov-2018->02-nov-2023}@creditfxconvexityadjusteddirtypv => 0.09927574643645472 ||
	 | fixedstream::myr/myr::3::{02-nov-2018->02-nov-2023}@creditfxconvexityadjusteddv01 => 4.81921099206082E-4 ||
	 | fixedstream::myr/myr::3::{02-nov-2018->02-nov-2023}@creditfxconvexityadjustedfairpremium => 0.020600000000000382 ||
	 | fixedstream::myr/myr::3::{02-nov-2018->02-nov-2023}@creditfxconvexityadjustedparrate => 0.020600000000000382 ||
	 | fixedstream::myr/myr::3::{02-nov-2018->02-nov-2023}@creditfxconvexityadjustedprice => 109.92757464364547 ||
	 | fixedstream::myr/myr::3::{02-nov-2018->02-nov-2023}@creditfxconvexityadjustedpv => 0.09927574643645472 ||
	 | fixedstream::myr/myr::3::{02-nov-2018->02-nov-2023}@creditfxconvexityadjustedrate => 0.020600000000000382 ||
	 | fixedstream::myr/myr::3::{02-nov-2018->02-nov-2023}@creditfxconvexityadjustedupfront => 0.09927574643645472 ||
	 | fixedstream::myr/myr::3::{02-nov-2018->02-nov-2023}@creditfxconvexityadjustmentfactor => 1.0 ||
	 | fixedstream::myr/myr::3::{02-nov-2018->02-nov-2023}@creditfxconvexityadjustmentpremium => 0.0 ||
	 | fixedstream::myr/myr::3::{02-nov-2018->02-nov-2023}@creditfxconvexityadjustmentpremiumupfront => 0.0 ||
	 | fixedstream::myr/myr::3::{02-nov-2018->02-nov-2023}@cumulativeconvexityadjustedcleandv01 => 4.81921099206082E-4 ||
	 | fixedstream::myr/myr::3::{02-nov-2018->02-nov-2023}@cumulativeconvexityadjustedcleanprice => 109.92757464364547 ||
	 | fixedstream::myr/myr::3::{02-nov-2018->02-nov-2023}@cumulativeconvexityadjustedcleanpv => 0.09927574643645472 ||
	 | fixedstream::myr/myr::3::{02-nov-2018->02-nov-2023}@cumulativeconvexityadjusteddirtydv01 => 4.81921099206082E-4 ||
	 | fixedstream::myr/myr::3::{02-nov-2018->02-nov-2023}@cumulativeconvexityadjusteddirtyprice => 109.92757464364547 ||
	 | fixedstream::myr/myr::3::{02-nov-2018->02-nov-2023}@cumulativeconvexityadjusteddirtypv => 0.09927574643645472 ||
	 | fixedstream::myr/myr::3::{02-nov-2018->02-nov-2023}@cumulativeconvexityadjusteddv01 => 4.81921099206082E-4 ||
	 | fixedstream::myr/myr::3::{02-nov-2018->02-nov-2023}@cumulativeconvexityadjustedfairpremium => 0.020600000000000382 ||
	 | fixedstream::myr/myr::3::{02-nov-2018->02-nov-2023}@cumulativeconvexityadjustedparrate => 0.020600000000000382 ||
	 | fixedstream::myr/myr::3::{02-nov-2018->02-nov-2023}@cumulativeconvexityadjustedprice => 109.92757464364547 ||
	 | fixedstream::myr/myr::3::{02-nov-2018->02-nov-2023}@cumulativeconvexityadjustedpv => 0.09927574643645472 ||
	 | fixedstream::myr/myr::3::{02-nov-2018->02-nov-2023}@cumulativeconvexityadjustedrate => 0.020600000000000382 ||
	 | fixedstream::myr/myr::3::{02-nov-2018->02-nov-2023}@cumulativeconvexityadjustedupfront => 0.09927574643645472 ||
	 | fixedstream::myr/myr::3::{02-nov-2018->02-nov-2023}@cumulativeconvexityadjustmentfactor => 1.0 ||
	 | fixedstream::myr/myr::3::{02-nov-2018->02-nov-2023}@cumulativeconvexityadjustmentpremium => 0.0 ||
	 | fixedstream::myr/myr::3::{02-nov-2018->02-nov-2023}@cumulativeconvexityadjustmentpremiumupfront => 0.0 ||
	 | fixedstream::myr/myr::3::{02-nov-2018->02-nov-2023}@cumulativecouponamount => 0.0 ||
	 | fixedstream::myr/myr::3::{02-nov-2018->02-nov-2023}@cumulativecoupondcf => 0.0 ||
	 | fixedstream::myr/myr::3::{02-nov-2018->02-nov-2023}@cv01 => 4.81921099206082E-4 ||
	 | fixedstream::myr/myr::3::{02-nov-2018->02-nov-2023}@dirtydv01 => 4.81921099206082E-4 ||
	 | fixedstream::myr/myr::3::{02-nov-2018->02-nov-2023}@dirtyprice => 109.92757464364547 ||
	 | fixedstream::myr/myr::3::{02-nov-2018->02-nov-2023}@dirtypv => 0.09927574643645472 ||
	 | fixedstream::myr/myr::3::{02-nov-2018->02-nov-2023}@dv01 => 4.81921099206082E-4 ||
	 | fixedstream::myr/myr::3::{02-nov-2018->02-nov-2023}@fairpremium => 0.020600000000000382 ||
	 | fixedstream::myr/myr::3::{02-nov-2018->02-nov-2023}@fixing01 => 0.0 ||
	 | fixedstream::myr/myr::3::{02-nov-2018->02-nov-2023}@forwardfundingconvexityadjustedcleandv01 => 4.81921099206082E-4 ||
	 | fixedstream::myr/myr::3::{02-nov-2018->02-nov-2023}@forwardfundingconvexityadjustedcleanprice => 109.92757464364547 ||
	 | fixedstream::myr/myr::3::{02-nov-2018->02-nov-2023}@forwardfundingconvexityadjustedcleanpv => 0.09927574643645472 ||
	 | fixedstream::myr/myr::3::{02-nov-2018->02-nov-2023}@forwardfundingconvexityadjusteddirtydv01 => 4.81921099206082E-4 ||
	 | fixedstream::myr/myr::3::{02-nov-2018->02-nov-2023}@forwardfundingconvexityadjusteddirtyprice => 109.92757464364547 ||
	 | fixedstream::myr/myr::3::{02-nov-2018->02-nov-2023}@forwardfundingconvexityadjusteddirtypv => 0.09927574643645472 ||
	 | fixedstream::myr/myr::3::{02-nov-2018->02-nov-2023}@forwardfundingconvexityadjusteddv01 => 4.81921099206082E-4 ||
	 | fixedstream::myr/myr::3::{02-nov-2018->02-nov-2023}@forwardfundingconvexityadjustedfairpremium => 0.020600000000000382 ||
	 | fixedstream::myr/myr::3::{02-nov-2018->02-nov-2023}@forwardfundingconvexityadjustedparrate => 0.020600000000000382 ||
	 | fixedstream::myr/myr::3::{02-nov-2018->02-nov-2023}@forwardfundingconvexityadjustedprice => 109.92757464364547 ||
	 | fixedstream::myr/myr::3::{02-nov-2018->02-nov-2023}@forwardfundingconvexityadjustedpv => 0.09927574643645472 ||
	 | fixedstream::myr/myr::3::{02-nov-2018->02-nov-2023}@forwardfundingconvexityadjustedrate => 0.020600000000000382 ||
	 | fixedstream::myr/myr::3::{02-nov-2018->02-nov-2023}@forwardfundingconvexityadjustedupfront => 0.09927574643645472 ||
	 | fixedstream::myr/myr::3::{02-nov-2018->02-nov-2023}@forwardfundingconvexityadjustmentfactor => 1.0 ||
	 | fixedstream::myr/myr::3::{02-nov-2018->02-nov-2023}@forwardfundingconvexityadjustmentpremium => 0.0 ||
	 | fixedstream::myr/myr::3::{02-nov-2018->02-nov-2023}@forwardfundingconvexityadjustmentpremiumupfront => 0.0 ||
	 | fixedstream::myr/myr::3::{02-nov-2018->02-nov-2023}@forwardfxconvexityadjustedcleandv01 => 4.81921099206082E-4 ||
	 | fixedstream::myr/myr::3::{02-nov-2018->02-nov-2023}@forwardfxconvexityadjustedcleanprice => 109.92757464364547 ||
	 | fixedstream::myr/myr::3::{02-nov-2018->02-nov-2023}@forwardfxconvexityadjustedcleanpv => 0.09927574643645472 ||
	 | fixedstream::myr/myr::3::{02-nov-2018->02-nov-2023}@forwardfxconvexityadjusteddirtydv01 => 4.81921099206082E-4 ||
	 | fixedstream::myr/myr::3::{02-nov-2018->02-nov-2023}@forwardfxconvexityadjusteddirtyprice => 109.92757464364547 ||
	 | fixedstream::myr/myr::3::{02-nov-2018->02-nov-2023}@forwardfxconvexityadjusteddirtypv => 0.09927574643645472 ||
	 | fixedstream::myr/myr::3::{02-nov-2018->02-nov-2023}@forwardfxconvexityadjusteddv01 => 4.81921099206082E-4 ||
	 | fixedstream::myr/myr::3::{02-nov-2018->02-nov-2023}@forwardfxconvexityadjustedfairpremium => 0.020600000000000382 ||
	 | fixedstream::myr/myr::3::{02-nov-2018->02-nov-2023}@forwardfxconvexityadjustedparrate => 0.020600000000000382 ||
	 | fixedstream::myr/myr::3::{02-nov-2018->02-nov-2023}@forwardfxconvexityadjustedprice => 109.92757464364547 ||
	 | fixedstream::myr/myr::3::{02-nov-2018->02-nov-2023}@forwardfxconvexityadjustedpv => 0.09927574643645472 ||
	 | fixedstream::myr/myr::3::{02-nov-2018->02-nov-2023}@forwardfxconvexityadjustedrate => 0.020600000000000382 ||
	 | fixedstream::myr/myr::3::{02-nov-2018->02-nov-2023}@forwardfxconvexityadjustedupfront => 0.09927574643645472 ||
	 | fixedstream::myr/myr::3::{02-nov-2018->02-nov-2023}@forwardfxconvexityadjustmentfactor => 1.0 ||
	 | fixedstream::myr/myr::3::{02-nov-2018->02-nov-2023}@forwardfxconvexityadjustmentpremium => 0.0 ||
	 | fixedstream::myr/myr::3::{02-nov-2018->02-nov-2023}@forwardfxconvexityadjustmentpremiumupfront => 0.0 ||
	 | fixedstream::myr/myr::3::{02-nov-2018->02-nov-2023}@fundingfxconvexityadjustedcleandv01 => 4.81921099206082E-4 ||
	 | fixedstream::myr/myr::3::{02-nov-2018->02-nov-2023}@fundingfxconvexityadjustedcleanprice => 109.92757464364547 ||
	 | fixedstream::myr/myr::3::{02-nov-2018->02-nov-2023}@fundingfxconvexityadjustedcleanpv => 0.09927574643645472 ||
	 | fixedstream::myr/myr::3::{02-nov-2018->02-nov-2023}@fundingfxconvexityadjusteddirtydv01 => 4.81921099206082E-4 ||
	 | fixedstream::myr/myr::3::{02-nov-2018->02-nov-2023}@fundingfxconvexityadjusteddirtyprice => 109.92757464364547 ||
	 | fixedstream::myr/myr::3::{02-nov-2018->02-nov-2023}@fundingfxconvexityadjusteddirtypv => 0.09927574643645472 ||
	 | fixedstream::myr/myr::3::{02-nov-2018->02-nov-2023}@fundingfxconvexityadjusteddv01 => 4.81921099206082E-4 ||
	 | fixedstream::myr/myr::3::{02-nov-2018->02-nov-2023}@fundingfxconvexityadjustedfairpremium => 0.020600000000000382 ||
	 | fixedstream::myr/myr::3::{02-nov-2018->02-nov-2023}@fundingfxconvexityadjustedparrate => 0.020600000000000382 ||
	 | fixedstream::myr/myr::3::{02-nov-2018->02-nov-2023}@fundingfxconvexityadjustedprice => 109.92757464364547 ||
	 | fixedstream::myr/myr::3::{02-nov-2018->02-nov-2023}@fundingfxconvexityadjustedpv => 0.09927574643645472 ||
	 | fixedstream::myr/myr::3::{02-nov-2018->02-nov-2023}@fundingfxconvexityadjustedrate => 0.020600000000000382 ||
	 | fixedstream::myr/myr::3::{02-nov-2018->02-nov-2023}@fundingfxconvexityadjustedupfront => 0.09927574643645472 ||
	 | fixedstream::myr/myr::3::{02-nov-2018->02-nov-2023}@fundingfxconvexityadjustmentfactor => 1.0 ||
	 | fixedstream::myr/myr::3::{02-nov-2018->02-nov-2023}@fundingfxconvexityadjustmentpremium => 0.0 ||
	 | fixedstream::myr/myr::3::{02-nov-2018->02-nov-2023}@fundingfxconvexityadjustmentpremiumupfront => 0.0 ||
	 | fixedstream::myr/myr::3::{02-nov-2018->02-nov-2023}@parrate => 0.020600000000000382 ||
	 | fixedstream::myr/myr::3::{02-nov-2018->02-nov-2023}@price => 109.92757464364547 ||
	 | fixedstream::myr/myr::3::{02-nov-2018->02-nov-2023}@pv => 0.09927574643645472 ||
	 | fixedstream::myr/myr::3::{02-nov-2018->02-nov-2023}@rate => 0.020600000000000382 ||
	 | fixedstream::myr/myr::3::{02-nov-2018->02-nov-2023}@resetdate => -2.147483648E9 ||
	 | fixedstream::myr/myr::3::{02-nov-2018->02-nov-2023}@resetrate => NaN ||
	 | fixedstream::myr/myr::3::{02-nov-2018->02-nov-2023}@totalcoupon => 0.4120000000000076 ||
	 | fixedstream::myr/myr::3::{02-nov-2018->02-nov-2023}@unadjustedcleandv01 => 4.81921099206082E-4 ||
	 | fixedstream::myr/myr::3::{02-nov-2018->02-nov-2023}@unadjustedcleanprice => 109.92757464364547 ||
	 | fixedstream::myr/myr::3::{02-nov-2018->02-nov-2023}@unadjustedcleanpv => 0.09927574643645472 ||
	 | fixedstream::myr/myr::3::{02-nov-2018->02-nov-2023}@unadjusteddirtydv01 => 4.81921099206082E-4 ||
	 | fixedstream::myr/myr::3::{02-nov-2018->02-nov-2023}@unadjusteddirtyprice => 109.92757464364547 ||
	 | fixedstream::myr/myr::3::{02-nov-2018->02-nov-2023}@unadjusteddirtypv => 0.09927574643645472 ||
	 | fixedstream::myr/myr::3::{02-nov-2018->02-nov-2023}@unadjustedfairpremium => 0.020600000000000382 ||
	 | fixedstream::myr/myr::3::{02-nov-2018->02-nov-2023}@unadjustedparrate => 0.020600000000000382 ||
	 | fixedstream::myr/myr::3::{02-nov-2018->02-nov-2023}@unadjustedprice => 109.92757464364547 ||
	 | fixedstream::myr/myr::3::{02-nov-2018->02-nov-2023}@unadjustedpv => 0.09927574643645472 ||
	 | fixedstream::myr/myr::3::{02-nov-2018->02-nov-2023}@unadjustedrate => 0.020600000000000382 ||
	 | fixedstream::myr/myr::3::{02-nov-2018->02-nov-2023}@unadjustedupfront => 0.09927574643645472 ||
	 | fixedstream::myr/myr::3::{02-nov-2018->02-nov-2023}@upfront => 0.09927574643645472 ||
	 | fixing01 => 0.0 ||
	 | floataccrued => 0.0 ||
	 | floataccrued01 => 0.0 ||
	 | floatdv01 => -4.81921099206082E-4 ||
	 | floatstream::myr::myr-libor-3m::{02-nov-2018->02-nov-2023}@accrualcoupon => NaN ||
	 | floatstream::myr::myr-libor-3m::{02-nov-2018->02-nov-2023}@accrued => 0.0 ||
	 | floatstream::myr::myr-libor-3m::{02-nov-2018->02-nov-2023}@accrued01 => 0.0 ||
	 | floatstream::myr::myr-libor-3m::{02-nov-2018->02-nov-2023}@calctime => 1.1251900000000001E-4 ||
	 | floatstream::myr::myr-libor-3m::{02-nov-2018->02-nov-2023}@cleandv01 => -4.81921099206082E-4 ||
	 | floatstream::myr::myr-libor-3m::{02-nov-2018->02-nov-2023}@cleanprice => 109.92757464364527 ||
	 | floatstream::myr::myr-libor-3m::{02-nov-2018->02-nov-2023}@cleanpv => -0.09927574643645273 ||
	 | floatstream::myr::myr-libor-3m::{02-nov-2018->02-nov-2023}@compoundingadjustedcleandv01 => -4.81921099206082E-4 ||
	 | floatstream::myr::myr-libor-3m::{02-nov-2018->02-nov-2023}@compoundingadjustedcleanprice => 109.92757464364527 ||
	 | floatstream::myr::myr-libor-3m::{02-nov-2018->02-nov-2023}@compoundingadjustedcleanpv => -0.09927574643645273 ||
	 | floatstream::myr::myr-libor-3m::{02-nov-2018->02-nov-2023}@compoundingadjusteddirtydv01 => -4.81921099206082E-4 ||
	 | floatstream::myr::myr-libor-3m::{02-nov-2018->02-nov-2023}@compoundingadjusteddirtyprice => 109.92757464364527 ||
	 | floatstream::myr::myr-libor-3m::{02-nov-2018->02-nov-2023}@compoundingadjusteddirtypv => -0.09927574643645273 ||
	 | floatstream::myr::myr-libor-3m::{02-nov-2018->02-nov-2023}@compoundingadjustedfairpremium => 0.020599999999999966 ||
	 | floatstream::myr::myr-libor-3m::{02-nov-2018->02-nov-2023}@compoundingadjustedparrate => 0.020599999999999966 ||
	 | floatstream::myr::myr-libor-3m::{02-nov-2018->02-nov-2023}@compoundingadjustedprice => 109.92757464364527 ||
	 | floatstream::myr::myr-libor-3m::{02-nov-2018->02-nov-2023}@compoundingadjustedpv => -0.09927574643645273 ||
	 | floatstream::myr::myr-libor-3m::{02-nov-2018->02-nov-2023}@compoundingadjustedrate => 0.020599999999999966 ||
	 | floatstream::myr::myr-libor-3m::{02-nov-2018->02-nov-2023}@compoundingadjustedupfront => -0.09927574643645273 ||
	 | floatstream::myr::myr-libor-3m::{02-nov-2018->02-nov-2023}@compoundingadjustmentfactor => 1.0 ||
	 | floatstream::myr::myr-libor-3m::{02-nov-2018->02-nov-2023}@compoundingadjustmentpremium => 0.0 ||
	 | floatstream::myr::myr-libor-3m::{02-nov-2018->02-nov-2023}@compoundingadjustmentpremiumupfront => -0.0 ||
	 | floatstream::myr::myr-libor-3m::{02-nov-2018->02-nov-2023}@creditforwardconvexityadjustedcleandv01 => -4.81921099206082E-4 ||
	 | floatstream::myr::myr-libor-3m::{02-nov-2018->02-nov-2023}@creditforwardconvexityadjustedcleanprice => 109.92757464364527 ||
	 | floatstream::myr::myr-libor-3m::{02-nov-2018->02-nov-2023}@creditforwardconvexityadjustedcleanpv => -0.09927574643645273 ||
	 | floatstream::myr::myr-libor-3m::{02-nov-2018->02-nov-2023}@creditforwardconvexityadjusteddirtydv01 => -4.81921099206082E-4 ||
	 | floatstream::myr::myr-libor-3m::{02-nov-2018->02-nov-2023}@creditforwardconvexityadjusteddirtyprice => 109.92757464364527 ||
	 | floatstream::myr::myr-libor-3m::{02-nov-2018->02-nov-2023}@creditforwardconvexityadjusteddirtypv => -0.09927574643645273 ||
	 | floatstream::myr::myr-libor-3m::{02-nov-2018->02-nov-2023}@creditforwardconvexityadjusteddv01 => -4.81921099206082E-4 ||
	 | floatstream::myr::myr-libor-3m::{02-nov-2018->02-nov-2023}@creditforwardconvexityadjustedfairpremium => 0.020599999999999966 ||
	 | floatstream::myr::myr-libor-3m::{02-nov-2018->02-nov-2023}@creditforwardconvexityadjustedparrate => 0.020599999999999966 ||
	 | floatstream::myr::myr-libor-3m::{02-nov-2018->02-nov-2023}@creditforwardconvexityadjustedprice => 109.92757464364527 ||
	 | floatstream::myr::myr-libor-3m::{02-nov-2018->02-nov-2023}@creditforwardconvexityadjustedpv => -0.09927574643645273 ||
	 | floatstream::myr::myr-libor-3m::{02-nov-2018->02-nov-2023}@creditforwardconvexityadjustedrate => 0.020599999999999966 ||
	 | floatstream::myr::myr-libor-3m::{02-nov-2018->02-nov-2023}@creditforwardconvexityadjustedupfront => -0.09927574643645273 ||
	 | floatstream::myr::myr-libor-3m::{02-nov-2018->02-nov-2023}@creditforwardconvexityadjustmentfactor => 1.0 ||
	 | floatstream::myr::myr-libor-3m::{02-nov-2018->02-nov-2023}@creditforwardconvexityadjustmentpremium => 0.0 ||
	 | floatstream::myr::myr-libor-3m::{02-nov-2018->02-nov-2023}@creditforwardconvexityadjustmentpremiumupfront => -0.0 ||
	 | floatstream::myr::myr-libor-3m::{02-nov-2018->02-nov-2023}@creditfundingconvexityadjustedcleandv01 => -4.81921099206082E-4 ||
	 | floatstream::myr::myr-libor-3m::{02-nov-2018->02-nov-2023}@creditfundingconvexityadjustedcleanprice => 109.92757464364527 ||
	 | floatstream::myr::myr-libor-3m::{02-nov-2018->02-nov-2023}@creditfundingconvexityadjustedcleanpv => -0.09927574643645273 ||
	 | floatstream::myr::myr-libor-3m::{02-nov-2018->02-nov-2023}@creditfundingconvexityadjusteddirtydv01 => -4.81921099206082E-4 ||
	 | floatstream::myr::myr-libor-3m::{02-nov-2018->02-nov-2023}@creditfundingconvexityadjusteddirtyprice => 109.92757464364527 ||
	 | floatstream::myr::myr-libor-3m::{02-nov-2018->02-nov-2023}@creditfundingconvexityadjusteddirtypv => -0.09927574643645273 ||
	 | floatstream::myr::myr-libor-3m::{02-nov-2018->02-nov-2023}@creditfundingconvexityadjusteddv01 => -4.81921099206082E-4 ||
	 | floatstream::myr::myr-libor-3m::{02-nov-2018->02-nov-2023}@creditfundingconvexityadjustedfairpremium => 0.020599999999999966 ||
	 | floatstream::myr::myr-libor-3m::{02-nov-2018->02-nov-2023}@creditfundingconvexityadjustedparrate => 0.020599999999999966 ||
	 | floatstream::myr::myr-libor-3m::{02-nov-2018->02-nov-2023}@creditfundingconvexityadjustedprice => 109.92757464364527 ||
	 | floatstream::myr::myr-libor-3m::{02-nov-2018->02-nov-2023}@creditfundingconvexityadjustedpv => -0.09927574643645273 ||
	 | floatstream::myr::myr-libor-3m::{02-nov-2018->02-nov-2023}@creditfundingconvexityadjustedrate => 0.020599999999999966 ||
	 | floatstream::myr::myr-libor-3m::{02-nov-2018->02-nov-2023}@creditfundingconvexityadjustedupfront => -0.09927574643645273 ||
	 | floatstream::myr::myr-libor-3m::{02-nov-2018->02-nov-2023}@creditfundingconvexityadjustmentfactor => 1.0 ||
	 | floatstream::myr::myr-libor-3m::{02-nov-2018->02-nov-2023}@creditfundingconvexityadjustmentpremium => 0.0 ||
	 | floatstream::myr::myr-libor-3m::{02-nov-2018->02-nov-2023}@creditfundingconvexityadjustmentpremiumupfront => -0.0 ||
	 | floatstream::myr::myr-libor-3m::{02-nov-2018->02-nov-2023}@creditfxconvexityadjustedcleandv01 => -4.81921099206082E-4 ||
	 | floatstream::myr::myr-libor-3m::{02-nov-2018->02-nov-2023}@creditfxconvexityadjustedcleanprice => 109.92757464364527 ||
	 | floatstream::myr::myr-libor-3m::{02-nov-2018->02-nov-2023}@creditfxconvexityadjustedcleanpv => -0.09927574643645273 ||
	 | floatstream::myr::myr-libor-3m::{02-nov-2018->02-nov-2023}@creditfxconvexityadjusteddirtydv01 => -4.81921099206082E-4 ||
	 | floatstream::myr::myr-libor-3m::{02-nov-2018->02-nov-2023}@creditfxconvexityadjusteddirtyprice => 109.92757464364527 ||
	 | floatstream::myr::myr-libor-3m::{02-nov-2018->02-nov-2023}@creditfxconvexityadjusteddirtypv => -0.09927574643645273 ||
	 | floatstream::myr::myr-libor-3m::{02-nov-2018->02-nov-2023}@creditfxconvexityadjusteddv01 => -4.81921099206082E-4 ||
	 | floatstream::myr::myr-libor-3m::{02-nov-2018->02-nov-2023}@creditfxconvexityadjustedfairpremium => 0.020599999999999966 ||
	 | floatstream::myr::myr-libor-3m::{02-nov-2018->02-nov-2023}@creditfxconvexityadjustedparrate => 0.020599999999999966 ||
	 | floatstream::myr::myr-libor-3m::{02-nov-2018->02-nov-2023}@creditfxconvexityadjustedprice => 109.92757464364527 ||
	 | floatstream::myr::myr-libor-3m::{02-nov-2018->02-nov-2023}@creditfxconvexityadjustedpv => -0.09927574643645273 ||
	 | floatstream::myr::myr-libor-3m::{02-nov-2018->02-nov-2023}@creditfxconvexityadjustedrate => 0.020599999999999966 ||
	 | floatstream::myr::myr-libor-3m::{02-nov-2018->02-nov-2023}@creditfxconvexityadjustedupfront => -0.09927574643645273 ||
	 | floatstream::myr::myr-libor-3m::{02-nov-2018->02-nov-2023}@creditfxconvexityadjustmentfactor => 1.0 ||
	 | floatstream::myr::myr-libor-3m::{02-nov-2018->02-nov-2023}@creditfxconvexityadjustmentpremium => 0.0 ||
	 | floatstream::myr::myr-libor-3m::{02-nov-2018->02-nov-2023}@creditfxconvexityadjustmentpremiumupfront => -0.0 ||
	 | floatstream::myr::myr-libor-3m::{02-nov-2018->02-nov-2023}@cumulativeconvexityadjustedcleandv01 => -4.81921099206082E-4 ||
	 | floatstream::myr::myr-libor-3m::{02-nov-2018->02-nov-2023}@cumulativeconvexityadjustedcleanprice => 109.92757464364527 ||
	 | floatstream::myr::myr-libor-3m::{02-nov-2018->02-nov-2023}@cumulativeconvexityadjustedcleanpv => -0.09927574643645273 ||
	 | floatstream::myr::myr-libor-3m::{02-nov-2018->02-nov-2023}@cumulativeconvexityadjusteddirtydv01 => -4.81921099206082E-4 ||
	 | floatstream::myr::myr-libor-3m::{02-nov-2018->02-nov-2023}@cumulativeconvexityadjusteddirtyprice => 109.92757464364527 ||
	 | floatstream::myr::myr-libor-3m::{02-nov-2018->02-nov-2023}@cumulativeconvexityadjusteddirtypv => -0.09927574643645273 ||
	 | floatstream::myr::myr-libor-3m::{02-nov-2018->02-nov-2023}@cumulativeconvexityadjusteddv01 => -4.81921099206082E-4 ||
	 | floatstream::myr::myr-libor-3m::{02-nov-2018->02-nov-2023}@cumulativeconvexityadjustedfairpremium => 0.020599999999999966 ||
	 | floatstream::myr::myr-libor-3m::{02-nov-2018->02-nov-2023}@cumulativeconvexityadjustedparrate => 0.020599999999999966 ||
	 | floatstream::myr::myr-libor-3m::{02-nov-2018->02-nov-2023}@cumulativeconvexityadjustedprice => 109.92757464364527 ||
	 | floatstream::myr::myr-libor-3m::{02-nov-2018->02-nov-2023}@cumulativeconvexityadjustedpv => -0.09927574643645273 ||
	 | floatstream::myr::myr-libor-3m::{02-nov-2018->02-nov-2023}@cumulativeconvexityadjustedrate => 0.020599999999999966 ||
	 | floatstream::myr::myr-libor-3m::{02-nov-2018->02-nov-2023}@cumulativeconvexityadjustedupfront => -0.09927574643645273 ||
	 | floatstream::myr::myr-libor-3m::{02-nov-2018->02-nov-2023}@cumulativeconvexityadjustmentfactor => 1.0 ||
	 | floatstream::myr::myr-libor-3m::{02-nov-2018->02-nov-2023}@cumulativeconvexityadjustmentpremium => 0.0 ||
	 | floatstream::myr::myr-libor-3m::{02-nov-2018->02-nov-2023}@cumulativeconvexityadjustmentpremiumupfront => -0.0 ||
	 | floatstream::myr::myr-libor-3m::{02-nov-2018->02-nov-2023}@cumulativecouponamount => 0.0 ||
	 | floatstream::myr::myr-libor-3m::{02-nov-2018->02-nov-2023}@cumulativecoupondcf => 0.0 ||
	 | floatstream::myr::myr-libor-3m::{02-nov-2018->02-nov-2023}@cv01 => -4.81921099206082E-4 ||
	 | floatstream::myr::myr-libor-3m::{02-nov-2018->02-nov-2023}@dirtydv01 => -4.81921099206082E-4 ||
	 | floatstream::myr::myr-libor-3m::{02-nov-2018->02-nov-2023}@dirtyprice => 109.92757464364527 ||
	 | floatstream::myr::myr-libor-3m::{02-nov-2018->02-nov-2023}@dirtypv => -0.09927574643645273 ||
	 | floatstream::myr::myr-libor-3m::{02-nov-2018->02-nov-2023}@dv01 => -4.81921099206082E-4 ||
	 | floatstream::myr::myr-libor-3m::{02-nov-2018->02-nov-2023}@fairpremium => 0.020599999999999966 ||
	 | floatstream::myr::myr-libor-3m::{02-nov-2018->02-nov-2023}@fixing01 => 0.0 ||
	 | floatstream::myr::myr-libor-3m::{02-nov-2018->02-nov-2023}@forwardfundingconvexityadjustedcleandv01 => -4.81921099206082E-4 ||
	 | floatstream::myr::myr-libor-3m::{02-nov-2018->02-nov-2023}@forwardfundingconvexityadjustedcleanprice => 109.92757464364527 ||
	 | floatstream::myr::myr-libor-3m::{02-nov-2018->02-nov-2023}@forwardfundingconvexityadjustedcleanpv => -0.09927574643645273 ||
	 | floatstream::myr::myr-libor-3m::{02-nov-2018->02-nov-2023}@forwardfundingconvexityadjusteddirtydv01 => -4.81921099206082E-4 ||
	 | floatstream::myr::myr-libor-3m::{02-nov-2018->02-nov-2023}@forwardfundingconvexityadjusteddirtyprice => 109.92757464364527 ||
	 | floatstream::myr::myr-libor-3m::{02-nov-2018->02-nov-2023}@forwardfundingconvexityadjusteddirtypv => -0.09927574643645273 ||
	 | floatstream::myr::myr-libor-3m::{02-nov-2018->02-nov-2023}@forwardfundingconvexityadjusteddv01 => -4.81921099206082E-4 ||
	 | floatstream::myr::myr-libor-3m::{02-nov-2018->02-nov-2023}@forwardfundingconvexityadjustedfairpremium => 0.020599999999999966 ||
	 | floatstream::myr::myr-libor-3m::{02-nov-2018->02-nov-2023}@forwardfundingconvexityadjustedparrate => 0.020599999999999966 ||
	 | floatstream::myr::myr-libor-3m::{02-nov-2018->02-nov-2023}@forwardfundingconvexityadjustedprice => 109.92757464364527 ||
	 | floatstream::myr::myr-libor-3m::{02-nov-2018->02-nov-2023}@forwardfundingconvexityadjustedpv => -0.09927574643645273 ||
	 | floatstream::myr::myr-libor-3m::{02-nov-2018->02-nov-2023}@forwardfundingconvexityadjustedrate => 0.020599999999999966 ||
	 | floatstream::myr::myr-libor-3m::{02-nov-2018->02-nov-2023}@forwardfundingconvexityadjustedupfront => -0.09927574643645273 ||
	 | floatstream::myr::myr-libor-3m::{02-nov-2018->02-nov-2023}@forwardfundingconvexityadjustmentfactor => 1.0 ||
	 | floatstream::myr::myr-libor-3m::{02-nov-2018->02-nov-2023}@forwardfundingconvexityadjustmentpremium => 0.0 ||
	 | floatstream::myr::myr-libor-3m::{02-nov-2018->02-nov-2023}@forwardfundingconvexityadjustmentpremiumupfront => -0.0 ||
	 | floatstream::myr::myr-libor-3m::{02-nov-2018->02-nov-2023}@forwardfxconvexityadjustedcleandv01 => -4.81921099206082E-4 ||
	 | floatstream::myr::myr-libor-3m::{02-nov-2018->02-nov-2023}@forwardfxconvexityadjustedcleanprice => 109.92757464364527 ||
	 | floatstream::myr::myr-libor-3m::{02-nov-2018->02-nov-2023}@forwardfxconvexityadjustedcleanpv => -0.09927574643645273 ||
	 | floatstream::myr::myr-libor-3m::{02-nov-2018->02-nov-2023}@forwardfxconvexityadjusteddirtydv01 => -4.81921099206082E-4 ||
	 | floatstream::myr::myr-libor-3m::{02-nov-2018->02-nov-2023}@forwardfxconvexityadjusteddirtyprice => 109.92757464364527 ||
	 | floatstream::myr::myr-libor-3m::{02-nov-2018->02-nov-2023}@forwardfxconvexityadjusteddirtypv => -0.09927574643645273 ||
	 | floatstream::myr::myr-libor-3m::{02-nov-2018->02-nov-2023}@forwardfxconvexityadjusteddv01 => -4.81921099206082E-4 ||
	 | floatstream::myr::myr-libor-3m::{02-nov-2018->02-nov-2023}@forwardfxconvexityadjustedfairpremium => 0.020599999999999966 ||
	 | floatstream::myr::myr-libor-3m::{02-nov-2018->02-nov-2023}@forwardfxconvexityadjustedparrate => 0.020599999999999966 ||
	 | floatstream::myr::myr-libor-3m::{02-nov-2018->02-nov-2023}@forwardfxconvexityadjustedprice => 109.92757464364527 ||
	 | floatstream::myr::myr-libor-3m::{02-nov-2018->02-nov-2023}@forwardfxconvexityadjustedpv => -0.09927574643645273 ||
	 | floatstream::myr::myr-libor-3m::{02-nov-2018->02-nov-2023}@forwardfxconvexityadjustedrate => 0.020599999999999966 ||
	 | floatstream::myr::myr-libor-3m::{02-nov-2018->02-nov-2023}@forwardfxconvexityadjustedupfront => -0.09927574643645273 ||
	 | floatstream::myr::myr-libor-3m::{02-nov-2018->02-nov-2023}@forwardfxconvexityadjustmentfactor => 1.0 ||
	 | floatstream::myr::myr-libor-3m::{02-nov-2018->02-nov-2023}@forwardfxconvexityadjustmentpremium => 0.0 ||
	 | floatstream::myr::myr-libor-3m::{02-nov-2018->02-nov-2023}@forwardfxconvexityadjustmentpremiumupfront => -0.0 ||
	 | floatstream::myr::myr-libor-3m::{02-nov-2018->02-nov-2023}@fundingfxconvexityadjustedcleandv01 => -4.81921099206082E-4 ||
	 | floatstream::myr::myr-libor-3m::{02-nov-2018->02-nov-2023}@fundingfxconvexityadjustedcleanprice => 109.92757464364527 ||
	 | floatstream::myr::myr-libor-3m::{02-nov-2018->02-nov-2023}@fundingfxconvexityadjustedcleanpv => -0.09927574643645273 ||
	 | floatstream::myr::myr-libor-3m::{02-nov-2018->02-nov-2023}@fundingfxconvexityadjusteddirtydv01 => -4.81921099206082E-4 ||
	 | floatstream::myr::myr-libor-3m::{02-nov-2018->02-nov-2023}@fundingfxconvexityadjusteddirtyprice => 109.92757464364527 ||
	 | floatstream::myr::myr-libor-3m::{02-nov-2018->02-nov-2023}@fundingfxconvexityadjusteddirtypv => -0.09927574643645273 ||
	 | floatstream::myr::myr-libor-3m::{02-nov-2018->02-nov-2023}@fundingfxconvexityadjusteddv01 => -4.81921099206082E-4 ||
	 | floatstream::myr::myr-libor-3m::{02-nov-2018->02-nov-2023}@fundingfxconvexityadjustedfairpremium => 0.020599999999999966 ||
	 | floatstream::myr::myr-libor-3m::{02-nov-2018->02-nov-2023}@fundingfxconvexityadjustedparrate => 0.020599999999999966 ||
	 | floatstream::myr::myr-libor-3m::{02-nov-2018->02-nov-2023}@fundingfxconvexityadjustedprice => 109.92757464364527 ||
	 | floatstream::myr::myr-libor-3m::{02-nov-2018->02-nov-2023}@fundingfxconvexityadjustedpv => -0.09927574643645273 ||
	 | floatstream::myr::myr-libor-3m::{02-nov-2018->02-nov-2023}@fundingfxconvexityadjustedrate => 0.020599999999999966 ||
	 | floatstream::myr::myr-libor-3m::{02-nov-2018->02-nov-2023}@fundingfxconvexityadjustedupfront => -0.09927574643645273 ||
	 | floatstream::myr::myr-libor-3m::{02-nov-2018->02-nov-2023}@fundingfxconvexityadjustmentfactor => 1.0 ||
	 | floatstream::myr::myr-libor-3m::{02-nov-2018->02-nov-2023}@fundingfxconvexityadjustmentpremium => 0.0 ||
	 | floatstream::myr::myr-libor-3m::{02-nov-2018->02-nov-2023}@fundingfxconvexityadjustmentpremiumupfront => -0.0 ||
	 | floatstream::myr::myr-libor-3m::{02-nov-2018->02-nov-2023}@parrate => 0.020599999999999966 ||
	 | floatstream::myr::myr-libor-3m::{02-nov-2018->02-nov-2023}@price => 109.92757464364527 ||
	 | floatstream::myr::myr-libor-3m::{02-nov-2018->02-nov-2023}@pv => -0.09927574643645273 ||
	 | floatstream::myr::myr-libor-3m::{02-nov-2018->02-nov-2023}@rate => 0.020599999999999966 ||
	 | floatstream::myr::myr-libor-3m::{02-nov-2018->02-nov-2023}@resetdate => -2.147483648E9 ||
	 | floatstream::myr::myr-libor-3m::{02-nov-2018->02-nov-2023}@resetrate => NaN ||
	 | floatstream::myr::myr-libor-3m::{02-nov-2018->02-nov-2023}@totalcoupon => 0.4192545836029732 ||
	 | floatstream::myr::myr-libor-3m::{02-nov-2018->02-nov-2023}@unadjustedcleandv01 => -4.81921099206082E-4 ||
	 | floatstream::myr::myr-libor-3m::{02-nov-2018->02-nov-2023}@unadjustedcleanprice => 109.92757464364527 ||
	 | floatstream::myr::myr-libor-3m::{02-nov-2018->02-nov-2023}@unadjustedcleanpv => -0.09927574643645273 ||
	 | floatstream::myr::myr-libor-3m::{02-nov-2018->02-nov-2023}@unadjusteddirtydv01 => -4.81921099206082E-4 ||
	 | floatstream::myr::myr-libor-3m::{02-nov-2018->02-nov-2023}@unadjusteddirtyprice => 109.92757464364527 ||
	 | floatstream::myr::myr-libor-3m::{02-nov-2018->02-nov-2023}@unadjusteddirtypv => -0.09927574643645273 ||
	 | floatstream::myr::myr-libor-3m::{02-nov-2018->02-nov-2023}@unadjustedfairpremium => 0.020599999999999966 ||
	 | floatstream::myr::myr-libor-3m::{02-nov-2018->02-nov-2023}@unadjustedparrate => 0.020599999999999966 ||
	 | floatstream::myr::myr-libor-3m::{02-nov-2018->02-nov-2023}@unadjustedprice => 109.92757464364527 ||
	 | floatstream::myr::myr-libor-3m::{02-nov-2018->02-nov-2023}@unadjustedpv => -0.09927574643645273 ||
	 | floatstream::myr::myr-libor-3m::{02-nov-2018->02-nov-2023}@unadjustedrate => 0.020599999999999966 ||
	 | floatstream::myr::myr-libor-3m::{02-nov-2018->02-nov-2023}@unadjustedupfront => -0.09927574643645273 ||
	 | floatstream::myr::myr-libor-3m::{02-nov-2018->02-nov-2023}@upfront => -0.09927574643645273 ||
	 | initialnotional => 1.0 ||
	 | parfixedcoupon => 0.020599999999999966 ||
	 | parrate => 0.020599999999999966 ||
	 | parswaprate => 0.020599999999999966 ||
	 | price => 100.0000000000002 ||
	 | pv => 1.9845236565174673E-15 ||
	 | rate => 0.020599999999999966 ||
	 | referenceaccrued => 0.0 ||
	 | referenceaccrued01 => 0.0 ||
	 | referencecleandv01 => 4.81921099206082E-4 ||
	 | referencecleanpv => 0.09927574643645472 ||
	 | referencecumulativeconvexityadjustmentfactor => 1.0 ||
	 | referencecumulativeconvexityadjustmentpremium => 0.0 ||
	 | referencecumulativecouponamount => 0.0 ||
	 | referencecumulativecoupondcf => 0.0 ||
	 | referencedirtydv01 => 4.81921099206082E-4 ||
	 | referencedirtypv => 0.09927574643645472 ||
	 | referencedv01 => 4.81921099206082E-4 ||
	 | referenceparbasisspread => -4.117943081941788E-12 ||
	 | referencepv => 0.09927574643645472 ||
	 | resetdate => -2.147483648E9 ||
	 | resetrate => NaN ||
	 | swaprate => 0.020599999999999966 ||
	 | upfront => 1.9845236565174673E-15 ||
	 |------------------------------||


		|-----------------------------------------------------------------------------------------------------------------------||
		|    Floating Stream Cash Flow Details                                                                                  ||
		|    -------- ------ ---- ---- -------                                                                                  ||
		|               Start Date                                                                                              ||
		|               End Date                                                                                                ||
		|               Pay Date                                                                                                ||
		|               FX Fixing Date                                                                                          ||
		|               Base Notional                                                                                           ||
		|               Period DCF                                                                                              ||
		|               Tenor                                                                                                   ||
		|               Funding Label                                                                                           ||
		|               Forward Label                                                                                           ||
		|               Pay Discount Factor                                                                                     ||
		|               Coupon Rate                                                                                             ||
		|-----------------------------------------------------------------------------------------------------------------------||
		| [02-NOV-2018 - 02-FEB-2019] => 02-FEB-2019 | 02-FEB-2019 | -1.0000 |  0.2521 | 3M | MYR | MYR-LIBOR-3M |  0.9994 |  0.23% ||
		| [02-FEB-2019 - 02-MAY-2019] => 02-MAY-2019 | 02-MAY-2019 | -1.0000 |  0.2438 | 3M | MYR | MYR-LIBOR-3M |  0.9987 |  0.29% ||
		| [02-MAY-2019 - 02-AUG-2019] => 02-AUG-2019 | 02-AUG-2019 | -1.0000 |  0.2521 | 3M | MYR | MYR-LIBOR-3M |  0.9978 |  0.36% ||
		| [02-AUG-2019 - 02-NOV-2019] => 02-NOV-2019 | 02-NOV-2019 | -1.0000 |  0.2521 | 3M | MYR | MYR-LIBOR-3M |  0.9966 |  0.47% ||
		| [02-NOV-2019 - 02-FEB-2020] => 02-FEB-2020 | 02-FEB-2020 | -1.0000 |  0.2521 | 3M | MYR | MYR-LIBOR-3M |  0.9950 |  0.65% ||
		| [02-FEB-2020 - 02-MAY-2020] => 02-MAY-2020 | 02-MAY-2020 | -1.0000 |  0.2466 | 3M | MYR | MYR-LIBOR-3M |  0.9927 |  0.91% ||
		| [02-MAY-2020 - 02-AUG-2020] => 02-AUG-2020 | 02-AUG-2020 | -1.0000 |  0.2521 | 3M | MYR | MYR-LIBOR-3M |  0.9898 |  1.19% ||
		| [02-AUG-2020 - 02-NOV-2020] => 02-NOV-2020 | 02-NOV-2020 | -1.0000 |  0.2521 | 3M | MYR | MYR-LIBOR-3M |  0.9861 |  1.49% ||
		| [02-NOV-2020 - 02-FEB-2021] => 02-FEB-2021 | 02-FEB-2021 | -1.0000 |  0.2521 | 3M | MYR | MYR-LIBOR-3M |  0.9745 |  4.72% ||
		| [02-FEB-2021 - 02-MAY-2021] => 02-MAY-2021 | 02-MAY-2021 | -1.0000 |  0.2438 | 3M | MYR | MYR-LIBOR-3M |  0.9704 |  1.71% ||
		| [02-MAY-2021 - 02-AUG-2021] => 02-AUG-2021 | 02-AUG-2021 | -1.0000 |  0.2521 | 3M | MYR | MYR-LIBOR-3M |  0.9658 |  1.89% ||
		| [02-AUG-2021 - 02-NOV-2021] => 02-NOV-2021 | 02-NOV-2021 | -1.0000 |  0.2521 | 3M | MYR | MYR-LIBOR-3M |  0.9607 |  2.09% ||
		| [02-NOV-2021 - 02-FEB-2022] => 02-FEB-2022 | 02-FEB-2022 | -1.0000 |  0.2521 | 3M | MYR | MYR-LIBOR-3M |  0.9552 |  2.32% ||
		| [02-FEB-2022 - 02-MAY-2022] => 02-MAY-2022 | 02-MAY-2022 | -1.0000 |  0.2438 | 3M | MYR | MYR-LIBOR-3M |  0.9492 |  2.56% ||
		| [02-MAY-2022 - 02-AUG-2022] => 02-AUG-2022 | 02-AUG-2022 | -1.0000 |  0.2521 | 3M | MYR | MYR-LIBOR-3M |  0.9425 |  2.82% ||
		| [02-AUG-2022 - 02-NOV-2022] => 02-NOV-2022 | 02-NOV-2022 | -1.0000 |  0.2521 | 3M | MYR | MYR-LIBOR-3M |  0.9352 |  3.12% ||
		| [02-NOV-2022 - 02-FEB-2023] => 02-FEB-2023 | 02-FEB-2023 | -1.0000 |  0.2521 | 3M | MYR | MYR-LIBOR-3M |  0.9272 |  3.42% ||
		| [02-FEB-2023 - 02-MAY-2023] => 02-MAY-2023 | 02-MAY-2023 | -1.0000 |  0.2438 | 3M | MYR | MYR-LIBOR-3M |  0.9189 |  3.69% ||
		| [02-MAY-2023 - 02-AUG-2023] => 02-AUG-2023 | 02-AUG-2023 | -1.0000 |  0.2521 | 3M | MYR | MYR-LIBOR-3M |  0.9100 |  3.90% ||
		| [02-AUG-2023 - 02-NOV-2023] => 02-NOV-2023 | 02-NOV-2023 | -1.0000 |  0.2521 | 3M | MYR | MYR-LIBOR-3M |  0.9007 |  4.07% ||
		|-----------------------------------------------------------------------------------------------------------------------||


		|--------------------------------------------------------------------------------------------------------||
		|    Fixed Stream Cash Flow Details                                                                      ||
		|    ----- ------ ---- ---- -------                                                                      ||
		|               Start Date                                                                               ||
		|               End Date                                                                                 ||
		|               Pay Date                                                                                 ||
		|               FX Fixing Date                                                                           ||
		|               Base Notional                                                                            ||
		|               Period DCF                                                                               ||
		|               Tenor                                                                                    ||
		|               Funding Label                                                                            ||
		|               Pay Discount Factor                                                                      ||
		|               Coupon Rate                                                                              ||
		|--------------------------------------------------------------------------------------------------------||
		| [02-NOV-2018 - 02-FEB-2019] => 02-FEB-2019 | 02-FEB-2019 |  1.0000 |  0.2521 | 3M | MYR |  0.9994 |  2.06% ||
		| [02-FEB-2019 - 02-MAY-2019] => 02-MAY-2019 | 02-MAY-2019 |  1.0000 |  0.2438 | 3M | MYR |  0.9987 |  2.06% ||
		| [02-MAY-2019 - 02-AUG-2019] => 02-AUG-2019 | 02-AUG-2019 |  1.0000 |  0.2521 | 3M | MYR |  0.9978 |  2.06% ||
		| [02-AUG-2019 - 02-NOV-2019] => 02-NOV-2019 | 02-NOV-2019 |  1.0000 |  0.2521 | 3M | MYR |  0.9966 |  2.06% ||
		| [02-NOV-2019 - 02-FEB-2020] => 02-FEB-2020 | 02-FEB-2020 |  1.0000 |  0.2521 | 3M | MYR |  0.9950 |  2.06% ||
		| [02-FEB-2020 - 02-MAY-2020] => 02-MAY-2020 | 02-MAY-2020 |  1.0000 |  0.2466 | 3M | MYR |  0.9927 |  2.06% ||
		| [02-MAY-2020 - 02-AUG-2020] => 02-AUG-2020 | 02-AUG-2020 |  1.0000 |  0.2521 | 3M | MYR |  0.9898 |  2.06% ||
		| [02-AUG-2020 - 02-NOV-2020] => 02-NOV-2020 | 02-NOV-2020 |  1.0000 |  0.2521 | 3M | MYR |  0.9861 |  2.06% ||
		| [02-NOV-2020 - 02-FEB-2021] => 02-FEB-2021 | 02-FEB-2021 |  1.0000 |  0.2521 | 3M | MYR |  0.9745 |  2.06% ||
		| [02-FEB-2021 - 02-MAY-2021] => 02-MAY-2021 | 02-MAY-2021 |  1.0000 |  0.2438 | 3M | MYR |  0.9704 |  2.06% ||
		| [02-MAY-2021 - 02-AUG-2021] => 02-AUG-2021 | 02-AUG-2021 |  1.0000 |  0.2521 | 3M | MYR |  0.9658 |  2.06% ||
		| [02-AUG-2021 - 02-NOV-2021] => 02-NOV-2021 | 02-NOV-2021 |  1.0000 |  0.2521 | 3M | MYR |  0.9607 |  2.06% ||
		| [02-NOV-2021 - 02-FEB-2022] => 02-FEB-2022 | 02-FEB-2022 |  1.0000 |  0.2521 | 3M | MYR |  0.9552 |  2.06% ||
		| [02-FEB-2022 - 02-MAY-2022] => 02-MAY-2022 | 02-MAY-2022 |  1.0000 |  0.2438 | 3M | MYR |  0.9492 |  2.06% ||
		| [02-MAY-2022 - 02-AUG-2022] => 02-AUG-2022 | 02-AUG-2022 |  1.0000 |  0.2521 | 3M | MYR |  0.9425 |  2.06% ||
		| [02-AUG-2022 - 02-NOV-2022] => 02-NOV-2022 | 02-NOV-2022 |  1.0000 |  0.2521 | 3M | MYR |  0.9352 |  2.06% ||
		| [02-NOV-2022 - 02-FEB-2023] => 02-FEB-2023 | 02-FEB-2023 |  1.0000 |  0.2521 | 3M | MYR |  0.9272 |  2.06% ||
		| [02-FEB-2023 - 02-MAY-2023] => 02-MAY-2023 | 02-MAY-2023 |  1.0000 |  0.2438 | 3M | MYR |  0.9189 |  2.06% ||
		| [02-MAY-2023 - 02-AUG-2023] => 02-AUG-2023 | 02-AUG-2023 |  1.0000 |  0.2521 | 3M | MYR |  0.9100 |  2.06% ||
		| [02-AUG-2023 - 02-NOV-2023] => 02-NOV-2023 | 02-NOV-2023 |  1.0000 |  0.2521 | 3M | MYR |  0.9007 |  2.06% ||
		|--------------------------------------------------------------------------------------------------------||

	|-----------------------------------------------------------------|
	|    Copyright (C) 2011-2018 (DRIP)
	|-----------------------------------------------------------------|
	|    Build Version  => 3.86.0 multi mode
	|    Build JVM (TM) => 1.8.0_112
	|    Build Snap     => Fri Nov 02 21:22:20 EST 2018
	|    Start Time     => Fri Nov 02 23:11:30 EDT 2018
	|    Setup Time     => Fri Nov 02 23:11:30 EDT 2018
	|    Setup Duration => 0 ms
	|-----------------------------------------------------------------|

	 | accrued => 0.0 ||
	 | calctime => 3.4095500000000004E-4 ||
	 | calibfloatingpv => 0.098472539121773 ||
	 | calibswaprate => 0.020600000000000007 ||
	 | cleanfixeddv01 => 4.780220345717134E-4 ||
	 | cleanfloatingdv01 => -4.874764147642008E-4 ||
	 | cleanfloatingpv => -0.09847253912177271 ||
	 | cleanprice => 100.0 ||
	 | cleanpv => 1.3877787807814457E-17 ||
	 | cumulativeconvexityadjustmentpremium => 0.0 ||
	 | cumulativecouponamount => 0.0 ||
	 | cumulativecoupondcf => 0.0 ||
	 | derivedaccrued => 0.0 ||
	 | derivedaccrued01 => 0.0 ||
	 | derivedcleandv01 => -4.874764147642008E-4 ||
	 | derivedcleanpv => -0.09847253912177271 ||
	 | derivedcumulativeconvexityadjustmentfactor => 1.0 ||
	 | derivedcumulativeconvexityadjustmentpremium => -0.0 ||
	 | derivedcumulativecouponamount => 0.0 ||
	 | derivedcumulativecoupondcf => 0.0 ||
	 | deriveddirtydv01 => -4.874764147642008E-4 ||
	 | deriveddirtypv => -0.09847253912177271 ||
	 | deriveddv01 => -4.874764147642008E-4 ||
	 | derivedfixing01 => 0.0 ||
	 | derivedparbasisspread => 2.8468634353371414E-14 ||
	 | derivedpv => -0.09847253912177271 ||
	 | derivedresetdate => -2.147483648E9 ||
	 | derivedresetrate => NaN ||
	 | dirtyfixeddv01 => 4.780220345717134E-4 ||
	 | dirtyfixedpv => 0.09847253912177273 ||
	 | dirtyfloatingdv01 => -4.874764147642008E-4 ||
	 | dirtyfloatingpv => -0.09847253912177271 ||
	 | dirtyprice => 100.0 ||
	 | dirtypv => 1.3877787807814457E-17 ||
	 | fairpremium => 0.020599999999999948 ||
	 | fixedaccrued => 0.0 ||
	 | fixedaccrued01 => 0.0 ||
	 | fixeddv01 => 4.780220345717134E-4 ||
	 | fixedstream::nok/nok::12::{06-nov-2018->06-nov-2023}@accrualcoupon => NaN ||
	 | fixedstream::nok/nok::12::{06-nov-2018->06-nov-2023}@accrued => 0.0 ||
	 | fixedstream::nok/nok::12::{06-nov-2018->06-nov-2023}@accrued01 => 0.0 ||
	 | fixedstream::nok/nok::12::{06-nov-2018->06-nov-2023}@calctime => 5.7392E-5 ||
	 | fixedstream::nok/nok::12::{06-nov-2018->06-nov-2023}@cleandv01 => 4.780220345717134E-4 ||
	 | fixedstream::nok/nok::12::{06-nov-2018->06-nov-2023}@cleanprice => 109.84725391217727 ||
	 | fixedstream::nok/nok::12::{06-nov-2018->06-nov-2023}@cleanpv => 0.09847253912177273 ||
	 | fixedstream::nok/nok::12::{06-nov-2018->06-nov-2023}@compoundingadjustedcleandv01 => 4.780220345717134E-4 ||
	 | fixedstream::nok/nok::12::{06-nov-2018->06-nov-2023}@compoundingadjustedcleanprice => 109.84725391217727 ||
	 | fixedstream::nok/nok::12::{06-nov-2018->06-nov-2023}@compoundingadjustedcleanpv => 0.09847253912177273 ||
	 | fixedstream::nok/nok::12::{06-nov-2018->06-nov-2023}@compoundingadjusteddirtydv01 => 4.780220345717134E-4 ||
	 | fixedstream::nok/nok::12::{06-nov-2018->06-nov-2023}@compoundingadjusteddirtyprice => 109.84725391217727 ||
	 | fixedstream::nok/nok::12::{06-nov-2018->06-nov-2023}@compoundingadjusteddirtypv => 0.09847253912177273 ||
	 | fixedstream::nok/nok::12::{06-nov-2018->06-nov-2023}@compoundingadjustedfairpremium => 0.02059999999999995 ||
	 | fixedstream::nok/nok::12::{06-nov-2018->06-nov-2023}@compoundingadjustedparrate => 0.02059999999999995 ||
	 | fixedstream::nok/nok::12::{06-nov-2018->06-nov-2023}@compoundingadjustedprice => 109.84725391217727 ||
	 | fixedstream::nok/nok::12::{06-nov-2018->06-nov-2023}@compoundingadjustedpv => 0.09847253912177273 ||
	 | fixedstream::nok/nok::12::{06-nov-2018->06-nov-2023}@compoundingadjustedrate => 0.02059999999999995 ||
	 | fixedstream::nok/nok::12::{06-nov-2018->06-nov-2023}@compoundingadjustedupfront => 0.09847253912177273 ||
	 | fixedstream::nok/nok::12::{06-nov-2018->06-nov-2023}@compoundingadjustmentfactor => 1.0 ||
	 | fixedstream::nok/nok::12::{06-nov-2018->06-nov-2023}@compoundingadjustmentpremium => 0.0 ||
	 | fixedstream::nok/nok::12::{06-nov-2018->06-nov-2023}@compoundingadjustmentpremiumupfront => 0.0 ||
	 | fixedstream::nok/nok::12::{06-nov-2018->06-nov-2023}@creditforwardconvexityadjustedcleandv01 => 4.780220345717134E-4 ||
	 | fixedstream::nok/nok::12::{06-nov-2018->06-nov-2023}@creditforwardconvexityadjustedcleanprice => 109.84725391217727 ||
	 | fixedstream::nok/nok::12::{06-nov-2018->06-nov-2023}@creditforwardconvexityadjustedcleanpv => 0.09847253912177273 ||
	 | fixedstream::nok/nok::12::{06-nov-2018->06-nov-2023}@creditforwardconvexityadjusteddirtydv01 => 4.780220345717134E-4 ||
	 | fixedstream::nok/nok::12::{06-nov-2018->06-nov-2023}@creditforwardconvexityadjusteddirtyprice => 109.84725391217727 ||
	 | fixedstream::nok/nok::12::{06-nov-2018->06-nov-2023}@creditforwardconvexityadjusteddirtypv => 0.09847253912177273 ||
	 | fixedstream::nok/nok::12::{06-nov-2018->06-nov-2023}@creditforwardconvexityadjusteddv01 => 4.780220345717134E-4 ||
	 | fixedstream::nok/nok::12::{06-nov-2018->06-nov-2023}@creditforwardconvexityadjustedfairpremium => 0.02059999999999995 ||
	 | fixedstream::nok/nok::12::{06-nov-2018->06-nov-2023}@creditforwardconvexityadjustedparrate => 0.02059999999999995 ||
	 | fixedstream::nok/nok::12::{06-nov-2018->06-nov-2023}@creditforwardconvexityadjustedprice => 109.84725391217727 ||
	 | fixedstream::nok/nok::12::{06-nov-2018->06-nov-2023}@creditforwardconvexityadjustedpv => 0.09847253912177273 ||
	 | fixedstream::nok/nok::12::{06-nov-2018->06-nov-2023}@creditforwardconvexityadjustedrate => 0.02059999999999995 ||
	 | fixedstream::nok/nok::12::{06-nov-2018->06-nov-2023}@creditforwardconvexityadjustedupfront => 0.09847253912177273 ||
	 | fixedstream::nok/nok::12::{06-nov-2018->06-nov-2023}@creditforwardconvexityadjustmentfactor => 1.0 ||
	 | fixedstream::nok/nok::12::{06-nov-2018->06-nov-2023}@creditforwardconvexityadjustmentpremium => 0.0 ||
	 | fixedstream::nok/nok::12::{06-nov-2018->06-nov-2023}@creditforwardconvexityadjustmentpremiumupfront => 0.0 ||
	 | fixedstream::nok/nok::12::{06-nov-2018->06-nov-2023}@creditfundingconvexityadjustedcleandv01 => 4.780220345717134E-4 ||
	 | fixedstream::nok/nok::12::{06-nov-2018->06-nov-2023}@creditfundingconvexityadjustedcleanprice => 109.84725391217727 ||
	 | fixedstream::nok/nok::12::{06-nov-2018->06-nov-2023}@creditfundingconvexityadjustedcleanpv => 0.09847253912177273 ||
	 | fixedstream::nok/nok::12::{06-nov-2018->06-nov-2023}@creditfundingconvexityadjusteddirtydv01 => 4.780220345717134E-4 ||
	 | fixedstream::nok/nok::12::{06-nov-2018->06-nov-2023}@creditfundingconvexityadjusteddirtyprice => 109.84725391217727 ||
	 | fixedstream::nok/nok::12::{06-nov-2018->06-nov-2023}@creditfundingconvexityadjusteddirtypv => 0.09847253912177273 ||
	 | fixedstream::nok/nok::12::{06-nov-2018->06-nov-2023}@creditfundingconvexityadjusteddv01 => 4.780220345717134E-4 ||
	 | fixedstream::nok/nok::12::{06-nov-2018->06-nov-2023}@creditfundingconvexityadjustedfairpremium => 0.02059999999999995 ||
	 | fixedstream::nok/nok::12::{06-nov-2018->06-nov-2023}@creditfundingconvexityadjustedparrate => 0.02059999999999995 ||
	 | fixedstream::nok/nok::12::{06-nov-2018->06-nov-2023}@creditfundingconvexityadjustedprice => 109.84725391217727 ||
	 | fixedstream::nok/nok::12::{06-nov-2018->06-nov-2023}@creditfundingconvexityadjustedpv => 0.09847253912177273 ||
	 | fixedstream::nok/nok::12::{06-nov-2018->06-nov-2023}@creditfundingconvexityadjustedrate => 0.02059999999999995 ||
	 | fixedstream::nok/nok::12::{06-nov-2018->06-nov-2023}@creditfundingconvexityadjustedupfront => 0.09847253912177273 ||
	 | fixedstream::nok/nok::12::{06-nov-2018->06-nov-2023}@creditfundingconvexityadjustmentfactor => 1.0 ||
	 | fixedstream::nok/nok::12::{06-nov-2018->06-nov-2023}@creditfundingconvexityadjustmentpremium => 0.0 ||
	 | fixedstream::nok/nok::12::{06-nov-2018->06-nov-2023}@creditfundingconvexityadjustmentpremiumupfront => 0.0 ||
	 | fixedstream::nok/nok::12::{06-nov-2018->06-nov-2023}@creditfxconvexityadjustedcleandv01 => 4.780220345717134E-4 ||
	 | fixedstream::nok/nok::12::{06-nov-2018->06-nov-2023}@creditfxconvexityadjustedcleanprice => 109.84725391217727 ||
	 | fixedstream::nok/nok::12::{06-nov-2018->06-nov-2023}@creditfxconvexityadjustedcleanpv => 0.09847253912177273 ||
	 | fixedstream::nok/nok::12::{06-nov-2018->06-nov-2023}@creditfxconvexityadjusteddirtydv01 => 4.780220345717134E-4 ||
	 | fixedstream::nok/nok::12::{06-nov-2018->06-nov-2023}@creditfxconvexityadjusteddirtyprice => 109.84725391217727 ||
	 | fixedstream::nok/nok::12::{06-nov-2018->06-nov-2023}@creditfxconvexityadjusteddirtypv => 0.09847253912177273 ||
	 | fixedstream::nok/nok::12::{06-nov-2018->06-nov-2023}@creditfxconvexityadjusteddv01 => 4.780220345717134E-4 ||
	 | fixedstream::nok/nok::12::{06-nov-2018->06-nov-2023}@creditfxconvexityadjustedfairpremium => 0.02059999999999995 ||
	 | fixedstream::nok/nok::12::{06-nov-2018->06-nov-2023}@creditfxconvexityadjustedparrate => 0.02059999999999995 ||
	 | fixedstream::nok/nok::12::{06-nov-2018->06-nov-2023}@creditfxconvexityadjustedprice => 109.84725391217727 ||
	 | fixedstream::nok/nok::12::{06-nov-2018->06-nov-2023}@creditfxconvexityadjustedpv => 0.09847253912177273 ||
	 | fixedstream::nok/nok::12::{06-nov-2018->06-nov-2023}@creditfxconvexityadjustedrate => 0.02059999999999995 ||
	 | fixedstream::nok/nok::12::{06-nov-2018->06-nov-2023}@creditfxconvexityadjustedupfront => 0.09847253912177273 ||
	 | fixedstream::nok/nok::12::{06-nov-2018->06-nov-2023}@creditfxconvexityadjustmentfactor => 1.0 ||
	 | fixedstream::nok/nok::12::{06-nov-2018->06-nov-2023}@creditfxconvexityadjustmentpremium => 0.0 ||
	 | fixedstream::nok/nok::12::{06-nov-2018->06-nov-2023}@creditfxconvexityadjustmentpremiumupfront => 0.0 ||
	 | fixedstream::nok/nok::12::{06-nov-2018->06-nov-2023}@cumulativeconvexityadjustedcleandv01 => 4.780220345717134E-4 ||
	 | fixedstream::nok/nok::12::{06-nov-2018->06-nov-2023}@cumulativeconvexityadjustedcleanprice => 109.84725391217727 ||
	 | fixedstream::nok/nok::12::{06-nov-2018->06-nov-2023}@cumulativeconvexityadjustedcleanpv => 0.09847253912177273 ||
	 | fixedstream::nok/nok::12::{06-nov-2018->06-nov-2023}@cumulativeconvexityadjusteddirtydv01 => 4.780220345717134E-4 ||
	 | fixedstream::nok/nok::12::{06-nov-2018->06-nov-2023}@cumulativeconvexityadjusteddirtyprice => 109.84725391217727 ||
	 | fixedstream::nok/nok::12::{06-nov-2018->06-nov-2023}@cumulativeconvexityadjusteddirtypv => 0.09847253912177273 ||
	 | fixedstream::nok/nok::12::{06-nov-2018->06-nov-2023}@cumulativeconvexityadjusteddv01 => 4.780220345717134E-4 ||
	 | fixedstream::nok/nok::12::{06-nov-2018->06-nov-2023}@cumulativeconvexityadjustedfairpremium => 0.02059999999999995 ||
	 | fixedstream::nok/nok::12::{06-nov-2018->06-nov-2023}@cumulativeconvexityadjustedparrate => 0.02059999999999995 ||
	 | fixedstream::nok/nok::12::{06-nov-2018->06-nov-2023}@cumulativeconvexityadjustedprice => 109.84725391217727 ||
	 | fixedstream::nok/nok::12::{06-nov-2018->06-nov-2023}@cumulativeconvexityadjustedpv => 0.09847253912177273 ||
	 | fixedstream::nok/nok::12::{06-nov-2018->06-nov-2023}@cumulativeconvexityadjustedrate => 0.02059999999999995 ||
	 | fixedstream::nok/nok::12::{06-nov-2018->06-nov-2023}@cumulativeconvexityadjustedupfront => 0.09847253912177273 ||
	 | fixedstream::nok/nok::12::{06-nov-2018->06-nov-2023}@cumulativeconvexityadjustmentfactor => 1.0 ||
	 | fixedstream::nok/nok::12::{06-nov-2018->06-nov-2023}@cumulativeconvexityadjustmentpremium => 0.0 ||
	 | fixedstream::nok/nok::12::{06-nov-2018->06-nov-2023}@cumulativeconvexityadjustmentpremiumupfront => 0.0 ||
	 | fixedstream::nok/nok::12::{06-nov-2018->06-nov-2023}@cumulativecouponamount => 0.0 ||
	 | fixedstream::nok/nok::12::{06-nov-2018->06-nov-2023}@cumulativecoupondcf => 0.0 ||
	 | fixedstream::nok/nok::12::{06-nov-2018->06-nov-2023}@cv01 => 4.780220345717134E-4 ||
	 | fixedstream::nok/nok::12::{06-nov-2018->06-nov-2023}@dirtydv01 => 4.780220345717134E-4 ||
	 | fixedstream::nok/nok::12::{06-nov-2018->06-nov-2023}@dirtyprice => 109.84725391217727 ||
	 | fixedstream::nok/nok::12::{06-nov-2018->06-nov-2023}@dirtypv => 0.09847253912177273 ||
	 | fixedstream::nok/nok::12::{06-nov-2018->06-nov-2023}@dv01 => 4.780220345717134E-4 ||
	 | fixedstream::nok/nok::12::{06-nov-2018->06-nov-2023}@fairpremium => 0.02059999999999995 ||
	 | fixedstream::nok/nok::12::{06-nov-2018->06-nov-2023}@fixing01 => 0.0 ||
	 | fixedstream::nok/nok::12::{06-nov-2018->06-nov-2023}@forwardfundingconvexityadjustedcleandv01 => 4.780220345717134E-4 ||
	 | fixedstream::nok/nok::12::{06-nov-2018->06-nov-2023}@forwardfundingconvexityadjustedcleanprice => 109.84725391217727 ||
	 | fixedstream::nok/nok::12::{06-nov-2018->06-nov-2023}@forwardfundingconvexityadjustedcleanpv => 0.09847253912177273 ||
	 | fixedstream::nok/nok::12::{06-nov-2018->06-nov-2023}@forwardfundingconvexityadjusteddirtydv01 => 4.780220345717134E-4 ||
	 | fixedstream::nok/nok::12::{06-nov-2018->06-nov-2023}@forwardfundingconvexityadjusteddirtyprice => 109.84725391217727 ||
	 | fixedstream::nok/nok::12::{06-nov-2018->06-nov-2023}@forwardfundingconvexityadjusteddirtypv => 0.09847253912177273 ||
	 | fixedstream::nok/nok::12::{06-nov-2018->06-nov-2023}@forwardfundingconvexityadjusteddv01 => 4.780220345717134E-4 ||
	 | fixedstream::nok/nok::12::{06-nov-2018->06-nov-2023}@forwardfundingconvexityadjustedfairpremium => 0.02059999999999995 ||
	 | fixedstream::nok/nok::12::{06-nov-2018->06-nov-2023}@forwardfundingconvexityadjustedparrate => 0.02059999999999995 ||
	 | fixedstream::nok/nok::12::{06-nov-2018->06-nov-2023}@forwardfundingconvexityadjustedprice => 109.84725391217727 ||
	 | fixedstream::nok/nok::12::{06-nov-2018->06-nov-2023}@forwardfundingconvexityadjustedpv => 0.09847253912177273 ||
	 | fixedstream::nok/nok::12::{06-nov-2018->06-nov-2023}@forwardfundingconvexityadjustedrate => 0.02059999999999995 ||
	 | fixedstream::nok/nok::12::{06-nov-2018->06-nov-2023}@forwardfundingconvexityadjustedupfront => 0.09847253912177273 ||
	 | fixedstream::nok/nok::12::{06-nov-2018->06-nov-2023}@forwardfundingconvexityadjustmentfactor => 1.0 ||
	 | fixedstream::nok/nok::12::{06-nov-2018->06-nov-2023}@forwardfundingconvexityadjustmentpremium => 0.0 ||
	 | fixedstream::nok/nok::12::{06-nov-2018->06-nov-2023}@forwardfundingconvexityadjustmentpremiumupfront => 0.0 ||
	 | fixedstream::nok/nok::12::{06-nov-2018->06-nov-2023}@forwardfxconvexityadjustedcleandv01 => 4.780220345717134E-4 ||
	 | fixedstream::nok/nok::12::{06-nov-2018->06-nov-2023}@forwardfxconvexityadjustedcleanprice => 109.84725391217727 ||
	 | fixedstream::nok/nok::12::{06-nov-2018->06-nov-2023}@forwardfxconvexityadjustedcleanpv => 0.09847253912177273 ||
	 | fixedstream::nok/nok::12::{06-nov-2018->06-nov-2023}@forwardfxconvexityadjusteddirtydv01 => 4.780220345717134E-4 ||
	 | fixedstream::nok/nok::12::{06-nov-2018->06-nov-2023}@forwardfxconvexityadjusteddirtyprice => 109.84725391217727 ||
	 | fixedstream::nok/nok::12::{06-nov-2018->06-nov-2023}@forwardfxconvexityadjusteddirtypv => 0.09847253912177273 ||
	 | fixedstream::nok/nok::12::{06-nov-2018->06-nov-2023}@forwardfxconvexityadjusteddv01 => 4.780220345717134E-4 ||
	 | fixedstream::nok/nok::12::{06-nov-2018->06-nov-2023}@forwardfxconvexityadjustedfairpremium => 0.02059999999999995 ||
	 | fixedstream::nok/nok::12::{06-nov-2018->06-nov-2023}@forwardfxconvexityadjustedparrate => 0.02059999999999995 ||
	 | fixedstream::nok/nok::12::{06-nov-2018->06-nov-2023}@forwardfxconvexityadjustedprice => 109.84725391217727 ||
	 | fixedstream::nok/nok::12::{06-nov-2018->06-nov-2023}@forwardfxconvexityadjustedpv => 0.09847253912177273 ||
	 | fixedstream::nok/nok::12::{06-nov-2018->06-nov-2023}@forwardfxconvexityadjustedrate => 0.02059999999999995 ||
	 | fixedstream::nok/nok::12::{06-nov-2018->06-nov-2023}@forwardfxconvexityadjustedupfront => 0.09847253912177273 ||
	 | fixedstream::nok/nok::12::{06-nov-2018->06-nov-2023}@forwardfxconvexityadjustmentfactor => 1.0 ||
	 | fixedstream::nok/nok::12::{06-nov-2018->06-nov-2023}@forwardfxconvexityadjustmentpremium => 0.0 ||
	 | fixedstream::nok/nok::12::{06-nov-2018->06-nov-2023}@forwardfxconvexityadjustmentpremiumupfront => 0.0 ||
	 | fixedstream::nok/nok::12::{06-nov-2018->06-nov-2023}@fundingfxconvexityadjustedcleandv01 => 4.780220345717134E-4 ||
	 | fixedstream::nok/nok::12::{06-nov-2018->06-nov-2023}@fundingfxconvexityadjustedcleanprice => 109.84725391217727 ||
	 | fixedstream::nok/nok::12::{06-nov-2018->06-nov-2023}@fundingfxconvexityadjustedcleanpv => 0.09847253912177273 ||
	 | fixedstream::nok/nok::12::{06-nov-2018->06-nov-2023}@fundingfxconvexityadjusteddirtydv01 => 4.780220345717134E-4 ||
	 | fixedstream::nok/nok::12::{06-nov-2018->06-nov-2023}@fundingfxconvexityadjusteddirtyprice => 109.84725391217727 ||
	 | fixedstream::nok/nok::12::{06-nov-2018->06-nov-2023}@fundingfxconvexityadjusteddirtypv => 0.09847253912177273 ||
	 | fixedstream::nok/nok::12::{06-nov-2018->06-nov-2023}@fundingfxconvexityadjusteddv01 => 4.780220345717134E-4 ||
	 | fixedstream::nok/nok::12::{06-nov-2018->06-nov-2023}@fundingfxconvexityadjustedfairpremium => 0.02059999999999995 ||
	 | fixedstream::nok/nok::12::{06-nov-2018->06-nov-2023}@fundingfxconvexityadjustedparrate => 0.02059999999999995 ||
	 | fixedstream::nok/nok::12::{06-nov-2018->06-nov-2023}@fundingfxconvexityadjustedprice => 109.84725391217727 ||
	 | fixedstream::nok/nok::12::{06-nov-2018->06-nov-2023}@fundingfxconvexityadjustedpv => 0.09847253912177273 ||
	 | fixedstream::nok/nok::12::{06-nov-2018->06-nov-2023}@fundingfxconvexityadjustedrate => 0.02059999999999995 ||
	 | fixedstream::nok/nok::12::{06-nov-2018->06-nov-2023}@fundingfxconvexityadjustedupfront => 0.09847253912177273 ||
	 | fixedstream::nok/nok::12::{06-nov-2018->06-nov-2023}@fundingfxconvexityadjustmentfactor => 1.0 ||
	 | fixedstream::nok/nok::12::{06-nov-2018->06-nov-2023}@fundingfxconvexityadjustmentpremium => 0.0 ||
	 | fixedstream::nok/nok::12::{06-nov-2018->06-nov-2023}@fundingfxconvexityadjustmentpremiumupfront => 0.0 ||
	 | fixedstream::nok/nok::12::{06-nov-2018->06-nov-2023}@parrate => 0.02059999999999995 ||
	 | fixedstream::nok/nok::12::{06-nov-2018->06-nov-2023}@price => 109.84725391217727 ||
	 | fixedstream::nok/nok::12::{06-nov-2018->06-nov-2023}@pv => 0.09847253912177273 ||
	 | fixedstream::nok/nok::12::{06-nov-2018->06-nov-2023}@rate => 0.02059999999999995 ||
	 | fixedstream::nok/nok::12::{06-nov-2018->06-nov-2023}@resetdate => -2.147483648E9 ||
	 | fixedstream::nok/nok::12::{06-nov-2018->06-nov-2023}@resetrate => NaN ||
	 | fixedstream::nok/nok::12::{06-nov-2018->06-nov-2023}@totalcoupon => 0.10299999999999976 ||
	 | fixedstream::nok/nok::12::{06-nov-2018->06-nov-2023}@unadjustedcleandv01 => 4.780220345717134E-4 ||
	 | fixedstream::nok/nok::12::{06-nov-2018->06-nov-2023}@unadjustedcleanprice => 109.84725391217727 ||
	 | fixedstream::nok/nok::12::{06-nov-2018->06-nov-2023}@unadjustedcleanpv => 0.09847253912177273 ||
	 | fixedstream::nok/nok::12::{06-nov-2018->06-nov-2023}@unadjusteddirtydv01 => 4.780220345717134E-4 ||
	 | fixedstream::nok/nok::12::{06-nov-2018->06-nov-2023}@unadjusteddirtyprice => 109.84725391217727 ||
	 | fixedstream::nok/nok::12::{06-nov-2018->06-nov-2023}@unadjusteddirtypv => 0.09847253912177273 ||
	 | fixedstream::nok/nok::12::{06-nov-2018->06-nov-2023}@unadjustedfairpremium => 0.02059999999999995 ||
	 | fixedstream::nok/nok::12::{06-nov-2018->06-nov-2023}@unadjustedparrate => 0.02059999999999995 ||
	 | fixedstream::nok/nok::12::{06-nov-2018->06-nov-2023}@unadjustedprice => 109.84725391217727 ||
	 | fixedstream::nok/nok::12::{06-nov-2018->06-nov-2023}@unadjustedpv => 0.09847253912177273 ||
	 | fixedstream::nok/nok::12::{06-nov-2018->06-nov-2023}@unadjustedrate => 0.02059999999999995 ||
	 | fixedstream::nok/nok::12::{06-nov-2018->06-nov-2023}@unadjustedupfront => 0.09847253912177273 ||
	 | fixedstream::nok/nok::12::{06-nov-2018->06-nov-2023}@upfront => 0.09847253912177273 ||
	 | fixing01 => 0.0 ||
	 | floataccrued => 0.0 ||
	 | floataccrued01 => 0.0 ||
	 | floatdv01 => -4.874764147642008E-4 ||
	 | floatstream::nok::nok-nibor-6m::{06-nov-2018->06-nov-2023}@accrualcoupon => NaN ||
	 | floatstream::nok::nok-nibor-6m::{06-nov-2018->06-nov-2023}@accrued => 0.0 ||
	 | floatstream::nok::nok-nibor-6m::{06-nov-2018->06-nov-2023}@accrued01 => 0.0 ||
	 | floatstream::nok::nok-nibor-6m::{06-nov-2018->06-nov-2023}@calctime => 7.325100000000001E-5 ||
	 | floatstream::nok::nok-nibor-6m::{06-nov-2018->06-nov-2023}@cleandv01 => -4.874764147642008E-4 ||
	 | floatstream::nok::nok-nibor-6m::{06-nov-2018->06-nov-2023}@cleanprice => 109.84725391217727 ||
	 | floatstream::nok::nok-nibor-6m::{06-nov-2018->06-nov-2023}@cleanpv => -0.09847253912177271 ||
	 | floatstream::nok::nok-nibor-6m::{06-nov-2018->06-nov-2023}@compoundingadjustedcleandv01 => -4.874764147642008E-4 ||
	 | floatstream::nok::nok-nibor-6m::{06-nov-2018->06-nov-2023}@compoundingadjustedcleanprice => 109.84725391217727 ||
	 | floatstream::nok::nok-nibor-6m::{06-nov-2018->06-nov-2023}@compoundingadjustedcleanpv => -0.09847253912177271 ||
	 | floatstream::nok::nok-nibor-6m::{06-nov-2018->06-nov-2023}@compoundingadjusteddirtydv01 => -4.874764147642008E-4 ||
	 | floatstream::nok::nok-nibor-6m::{06-nov-2018->06-nov-2023}@compoundingadjusteddirtyprice => 109.84725391217727 ||
	 | floatstream::nok::nok-nibor-6m::{06-nov-2018->06-nov-2023}@compoundingadjusteddirtypv => -0.09847253912177271 ||
	 | floatstream::nok::nok-nibor-6m::{06-nov-2018->06-nov-2023}@compoundingadjustedfairpremium => 0.020200472502737446 ||
	 | floatstream::nok::nok-nibor-6m::{06-nov-2018->06-nov-2023}@compoundingadjustedparrate => 0.020200472502737446 ||
	 | floatstream::nok::nok-nibor-6m::{06-nov-2018->06-nov-2023}@compoundingadjustedprice => 109.84725391217727 ||
	 | floatstream::nok::nok-nibor-6m::{06-nov-2018->06-nov-2023}@compoundingadjustedpv => -0.09847253912177271 ||
	 | floatstream::nok::nok-nibor-6m::{06-nov-2018->06-nov-2023}@compoundingadjustedrate => 0.020200472502737446 ||
	 | floatstream::nok::nok-nibor-6m::{06-nov-2018->06-nov-2023}@compoundingadjustedupfront => -0.09847253912177271 ||
	 | floatstream::nok::nok-nibor-6m::{06-nov-2018->06-nov-2023}@compoundingadjustmentfactor => 1.0 ||
	 | floatstream::nok::nok-nibor-6m::{06-nov-2018->06-nov-2023}@compoundingadjustmentpremium => 0.0 ||
	 | floatstream::nok::nok-nibor-6m::{06-nov-2018->06-nov-2023}@compoundingadjustmentpremiumupfront => -0.0 ||
	 | floatstream::nok::nok-nibor-6m::{06-nov-2018->06-nov-2023}@creditforwardconvexityadjustedcleandv01 => -4.874764147642008E-4 ||
	 | floatstream::nok::nok-nibor-6m::{06-nov-2018->06-nov-2023}@creditforwardconvexityadjustedcleanprice => 109.84725391217727 ||
	 | floatstream::nok::nok-nibor-6m::{06-nov-2018->06-nov-2023}@creditforwardconvexityadjustedcleanpv => -0.09847253912177271 ||
	 | floatstream::nok::nok-nibor-6m::{06-nov-2018->06-nov-2023}@creditforwardconvexityadjusteddirtydv01 => -4.874764147642008E-4 ||
	 | floatstream::nok::nok-nibor-6m::{06-nov-2018->06-nov-2023}@creditforwardconvexityadjusteddirtyprice => 109.84725391217727 ||
	 | floatstream::nok::nok-nibor-6m::{06-nov-2018->06-nov-2023}@creditforwardconvexityadjusteddirtypv => -0.09847253912177271 ||
	 | floatstream::nok::nok-nibor-6m::{06-nov-2018->06-nov-2023}@creditforwardconvexityadjusteddv01 => -4.874764147642008E-4 ||
	 | floatstream::nok::nok-nibor-6m::{06-nov-2018->06-nov-2023}@creditforwardconvexityadjustedfairpremium => 0.020200472502737446 ||
	 | floatstream::nok::nok-nibor-6m::{06-nov-2018->06-nov-2023}@creditforwardconvexityadjustedparrate => 0.020200472502737446 ||
	 | floatstream::nok::nok-nibor-6m::{06-nov-2018->06-nov-2023}@creditforwardconvexityadjustedprice => 109.84725391217727 ||
	 | floatstream::nok::nok-nibor-6m::{06-nov-2018->06-nov-2023}@creditforwardconvexityadjustedpv => -0.09847253912177271 ||
	 | floatstream::nok::nok-nibor-6m::{06-nov-2018->06-nov-2023}@creditforwardconvexityadjustedrate => 0.020200472502737446 ||
	 | floatstream::nok::nok-nibor-6m::{06-nov-2018->06-nov-2023}@creditforwardconvexityadjustedupfront => -0.09847253912177271 ||
	 | floatstream::nok::nok-nibor-6m::{06-nov-2018->06-nov-2023}@creditforwardconvexityadjustmentfactor => 1.0 ||
	 | floatstream::nok::nok-nibor-6m::{06-nov-2018->06-nov-2023}@creditforwardconvexityadjustmentpremium => 0.0 ||
	 | floatstream::nok::nok-nibor-6m::{06-nov-2018->06-nov-2023}@creditforwardconvexityadjustmentpremiumupfront => -0.0 ||
	 | floatstream::nok::nok-nibor-6m::{06-nov-2018->06-nov-2023}@creditfundingconvexityadjustedcleandv01 => -4.874764147642008E-4 ||
	 | floatstream::nok::nok-nibor-6m::{06-nov-2018->06-nov-2023}@creditfundingconvexityadjustedcleanprice => 109.84725391217727 ||
	 | floatstream::nok::nok-nibor-6m::{06-nov-2018->06-nov-2023}@creditfundingconvexityadjustedcleanpv => -0.09847253912177271 ||
	 | floatstream::nok::nok-nibor-6m::{06-nov-2018->06-nov-2023}@creditfundingconvexityadjusteddirtydv01 => -4.874764147642008E-4 ||
	 | floatstream::nok::nok-nibor-6m::{06-nov-2018->06-nov-2023}@creditfundingconvexityadjusteddirtyprice => 109.84725391217727 ||
	 | floatstream::nok::nok-nibor-6m::{06-nov-2018->06-nov-2023}@creditfundingconvexityadjusteddirtypv => -0.09847253912177271 ||
	 | floatstream::nok::nok-nibor-6m::{06-nov-2018->06-nov-2023}@creditfundingconvexityadjusteddv01 => -4.874764147642008E-4 ||
	 | floatstream::nok::nok-nibor-6m::{06-nov-2018->06-nov-2023}@creditfundingconvexityadjustedfairpremium => 0.020200472502737446 ||
	 | floatstream::nok::nok-nibor-6m::{06-nov-2018->06-nov-2023}@creditfundingconvexityadjustedparrate => 0.020200472502737446 ||
	 | floatstream::nok::nok-nibor-6m::{06-nov-2018->06-nov-2023}@creditfundingconvexityadjustedprice => 109.84725391217727 ||
	 | floatstream::nok::nok-nibor-6m::{06-nov-2018->06-nov-2023}@creditfundingconvexityadjustedpv => -0.09847253912177271 ||
	 | floatstream::nok::nok-nibor-6m::{06-nov-2018->06-nov-2023}@creditfundingconvexityadjustedrate => 0.020200472502737446 ||
	 | floatstream::nok::nok-nibor-6m::{06-nov-2018->06-nov-2023}@creditfundingconvexityadjustedupfront => -0.09847253912177271 ||
	 | floatstream::nok::nok-nibor-6m::{06-nov-2018->06-nov-2023}@creditfundingconvexityadjustmentfactor => 1.0 ||
	 | floatstream::nok::nok-nibor-6m::{06-nov-2018->06-nov-2023}@creditfundingconvexityadjustmentpremium => 0.0 ||
	 | floatstream::nok::nok-nibor-6m::{06-nov-2018->06-nov-2023}@creditfundingconvexityadjustmentpremiumupfront => -0.0 ||
	 | floatstream::nok::nok-nibor-6m::{06-nov-2018->06-nov-2023}@creditfxconvexityadjustedcleandv01 => -4.874764147642008E-4 ||
	 | floatstream::nok::nok-nibor-6m::{06-nov-2018->06-nov-2023}@creditfxconvexityadjustedcleanprice => 109.84725391217727 ||
	 | floatstream::nok::nok-nibor-6m::{06-nov-2018->06-nov-2023}@creditfxconvexityadjustedcleanpv => -0.09847253912177271 ||
	 | floatstream::nok::nok-nibor-6m::{06-nov-2018->06-nov-2023}@creditfxconvexityadjusteddirtydv01 => -4.874764147642008E-4 ||
	 | floatstream::nok::nok-nibor-6m::{06-nov-2018->06-nov-2023}@creditfxconvexityadjusteddirtyprice => 109.84725391217727 ||
	 | floatstream::nok::nok-nibor-6m::{06-nov-2018->06-nov-2023}@creditfxconvexityadjusteddirtypv => -0.09847253912177271 ||
	 | floatstream::nok::nok-nibor-6m::{06-nov-2018->06-nov-2023}@creditfxconvexityadjusteddv01 => -4.874764147642008E-4 ||
	 | floatstream::nok::nok-nibor-6m::{06-nov-2018->06-nov-2023}@creditfxconvexityadjustedfairpremium => 0.020200472502737446 ||
	 | floatstream::nok::nok-nibor-6m::{06-nov-2018->06-nov-2023}@creditfxconvexityadjustedparrate => 0.020200472502737446 ||
	 | floatstream::nok::nok-nibor-6m::{06-nov-2018->06-nov-2023}@creditfxconvexityadjustedprice => 109.84725391217727 ||
	 | floatstream::nok::nok-nibor-6m::{06-nov-2018->06-nov-2023}@creditfxconvexityadjustedpv => -0.09847253912177271 ||
	 | floatstream::nok::nok-nibor-6m::{06-nov-2018->06-nov-2023}@creditfxconvexityadjustedrate => 0.020200472502737446 ||
	 | floatstream::nok::nok-nibor-6m::{06-nov-2018->06-nov-2023}@creditfxconvexityadjustedupfront => -0.09847253912177271 ||
	 | floatstream::nok::nok-nibor-6m::{06-nov-2018->06-nov-2023}@creditfxconvexityadjustmentfactor => 1.0 ||
	 | floatstream::nok::nok-nibor-6m::{06-nov-2018->06-nov-2023}@creditfxconvexityadjustmentpremium => 0.0 ||
	 | floatstream::nok::nok-nibor-6m::{06-nov-2018->06-nov-2023}@creditfxconvexityadjustmentpremiumupfront => -0.0 ||
	 | floatstream::nok::nok-nibor-6m::{06-nov-2018->06-nov-2023}@cumulativeconvexityadjustedcleandv01 => -4.874764147642008E-4 ||
	 | floatstream::nok::nok-nibor-6m::{06-nov-2018->06-nov-2023}@cumulativeconvexityadjustedcleanprice => 109.84725391217727 ||
	 | floatstream::nok::nok-nibor-6m::{06-nov-2018->06-nov-2023}@cumulativeconvexityadjustedcleanpv => -0.09847253912177271 ||
	 | floatstream::nok::nok-nibor-6m::{06-nov-2018->06-nov-2023}@cumulativeconvexityadjusteddirtydv01 => -4.874764147642008E-4 ||
	 | floatstream::nok::nok-nibor-6m::{06-nov-2018->06-nov-2023}@cumulativeconvexityadjusteddirtyprice => 109.84725391217727 ||
	 | floatstream::nok::nok-nibor-6m::{06-nov-2018->06-nov-2023}@cumulativeconvexityadjusteddirtypv => -0.09847253912177271 ||
	 | floatstream::nok::nok-nibor-6m::{06-nov-2018->06-nov-2023}@cumulativeconvexityadjusteddv01 => -4.874764147642008E-4 ||
	 | floatstream::nok::nok-nibor-6m::{06-nov-2018->06-nov-2023}@cumulativeconvexityadjustedfairpremium => 0.020200472502737446 ||
	 | floatstream::nok::nok-nibor-6m::{06-nov-2018->06-nov-2023}@cumulativeconvexityadjustedparrate => 0.020200472502737446 ||
	 | floatstream::nok::nok-nibor-6m::{06-nov-2018->06-nov-2023}@cumulativeconvexityadjustedprice => 109.84725391217727 ||
	 | floatstream::nok::nok-nibor-6m::{06-nov-2018->06-nov-2023}@cumulativeconvexityadjustedpv => -0.09847253912177271 ||
	 | floatstream::nok::nok-nibor-6m::{06-nov-2018->06-nov-2023}@cumulativeconvexityadjustedrate => 0.020200472502737446 ||
	 | floatstream::nok::nok-nibor-6m::{06-nov-2018->06-nov-2023}@cumulativeconvexityadjustedupfront => -0.09847253912177271 ||
	 | floatstream::nok::nok-nibor-6m::{06-nov-2018->06-nov-2023}@cumulativeconvexityadjustmentfactor => 1.0 ||
	 | floatstream::nok::nok-nibor-6m::{06-nov-2018->06-nov-2023}@cumulativeconvexityadjustmentpremium => 0.0 ||
	 | floatstream::nok::nok-nibor-6m::{06-nov-2018->06-nov-2023}@cumulativeconvexityadjustmentpremiumupfront => -0.0 ||
	 | floatstream::nok::nok-nibor-6m::{06-nov-2018->06-nov-2023}@cumulativecouponamount => 0.0 ||
	 | floatstream::nok::nok-nibor-6m::{06-nov-2018->06-nov-2023}@cumulativecoupondcf => 0.0 ||
	 | floatstream::nok::nok-nibor-6m::{06-nov-2018->06-nov-2023}@cv01 => -4.874764147642008E-4 ||
	 | floatstream::nok::nok-nibor-6m::{06-nov-2018->06-nov-2023}@dirtydv01 => -4.874764147642008E-4 ||
	 | floatstream::nok::nok-nibor-6m::{06-nov-2018->06-nov-2023}@dirtyprice => 109.84725391217727 ||
	 | floatstream::nok::nok-nibor-6m::{06-nov-2018->06-nov-2023}@dirtypv => -0.09847253912177271 ||
	 | floatstream::nok::nok-nibor-6m::{06-nov-2018->06-nov-2023}@dv01 => -4.874764147642008E-4 ||
	 | floatstream::nok::nok-nibor-6m::{06-nov-2018->06-nov-2023}@fairpremium => 0.020200472502737446 ||
	 | floatstream::nok::nok-nibor-6m::{06-nov-2018->06-nov-2023}@fixing01 => 0.0 ||
	 | floatstream::nok::nok-nibor-6m::{06-nov-2018->06-nov-2023}@forwardfundingconvexityadjustedcleandv01 => -4.874764147642008E-4 ||
	 | floatstream::nok::nok-nibor-6m::{06-nov-2018->06-nov-2023}@forwardfundingconvexityadjustedcleanprice => 109.84725391217727 ||
	 | floatstream::nok::nok-nibor-6m::{06-nov-2018->06-nov-2023}@forwardfundingconvexityadjustedcleanpv => -0.09847253912177271 ||
	 | floatstream::nok::nok-nibor-6m::{06-nov-2018->06-nov-2023}@forwardfundingconvexityadjusteddirtydv01 => -4.874764147642008E-4 ||
	 | floatstream::nok::nok-nibor-6m::{06-nov-2018->06-nov-2023}@forwardfundingconvexityadjusteddirtyprice => 109.84725391217727 ||
	 | floatstream::nok::nok-nibor-6m::{06-nov-2018->06-nov-2023}@forwardfundingconvexityadjusteddirtypv => -0.09847253912177271 ||
	 | floatstream::nok::nok-nibor-6m::{06-nov-2018->06-nov-2023}@forwardfundingconvexityadjusteddv01 => -4.874764147642008E-4 ||
	 | floatstream::nok::nok-nibor-6m::{06-nov-2018->06-nov-2023}@forwardfundingconvexityadjustedfairpremium => 0.020200472502737446 ||
	 | floatstream::nok::nok-nibor-6m::{06-nov-2018->06-nov-2023}@forwardfundingconvexityadjustedparrate => 0.020200472502737446 ||
	 | floatstream::nok::nok-nibor-6m::{06-nov-2018->06-nov-2023}@forwardfundingconvexityadjustedprice => 109.84725391217727 ||
	 | floatstream::nok::nok-nibor-6m::{06-nov-2018->06-nov-2023}@forwardfundingconvexityadjustedpv => -0.09847253912177271 ||
	 | floatstream::nok::nok-nibor-6m::{06-nov-2018->06-nov-2023}@forwardfundingconvexityadjustedrate => 0.020200472502737446 ||
	 | floatstream::nok::nok-nibor-6m::{06-nov-2018->06-nov-2023}@forwardfundingconvexityadjustedupfront => -0.09847253912177271 ||
	 | floatstream::nok::nok-nibor-6m::{06-nov-2018->06-nov-2023}@forwardfundingconvexityadjustmentfactor => 1.0 ||
	 | floatstream::nok::nok-nibor-6m::{06-nov-2018->06-nov-2023}@forwardfundingconvexityadjustmentpremium => 0.0 ||
	 | floatstream::nok::nok-nibor-6m::{06-nov-2018->06-nov-2023}@forwardfundingconvexityadjustmentpremiumupfront => -0.0 ||
	 | floatstream::nok::nok-nibor-6m::{06-nov-2018->06-nov-2023}@forwardfxconvexityadjustedcleandv01 => -4.874764147642008E-4 ||
	 | floatstream::nok::nok-nibor-6m::{06-nov-2018->06-nov-2023}@forwardfxconvexityadjustedcleanprice => 109.84725391217727 ||
	 | floatstream::nok::nok-nibor-6m::{06-nov-2018->06-nov-2023}@forwardfxconvexityadjustedcleanpv => -0.09847253912177271 ||
	 | floatstream::nok::nok-nibor-6m::{06-nov-2018->06-nov-2023}@forwardfxconvexityadjusteddirtydv01 => -4.874764147642008E-4 ||
	 | floatstream::nok::nok-nibor-6m::{06-nov-2018->06-nov-2023}@forwardfxconvexityadjusteddirtyprice => 109.84725391217727 ||
	 | floatstream::nok::nok-nibor-6m::{06-nov-2018->06-nov-2023}@forwardfxconvexityadjusteddirtypv => -0.09847253912177271 ||
	 | floatstream::nok::nok-nibor-6m::{06-nov-2018->06-nov-2023}@forwardfxconvexityadjusteddv01 => -4.874764147642008E-4 ||
	 | floatstream::nok::nok-nibor-6m::{06-nov-2018->06-nov-2023}@forwardfxconvexityadjustedfairpremium => 0.020200472502737446 ||
	 | floatstream::nok::nok-nibor-6m::{06-nov-2018->06-nov-2023}@forwardfxconvexityadjustedparrate => 0.020200472502737446 ||
	 | floatstream::nok::nok-nibor-6m::{06-nov-2018->06-nov-2023}@forwardfxconvexityadjustedprice => 109.84725391217727 ||
	 | floatstream::nok::nok-nibor-6m::{06-nov-2018->06-nov-2023}@forwardfxconvexityadjustedpv => -0.09847253912177271 ||
	 | floatstream::nok::nok-nibor-6m::{06-nov-2018->06-nov-2023}@forwardfxconvexityadjustedrate => 0.020200472502737446 ||
	 | floatstream::nok::nok-nibor-6m::{06-nov-2018->06-nov-2023}@forwardfxconvexityadjustedupfront => -0.09847253912177271 ||
	 | floatstream::nok::nok-nibor-6m::{06-nov-2018->06-nov-2023}@forwardfxconvexityadjustmentfactor => 1.0 ||
	 | floatstream::nok::nok-nibor-6m::{06-nov-2018->06-nov-2023}@forwardfxconvexityadjustmentpremium => 0.0 ||
	 | floatstream::nok::nok-nibor-6m::{06-nov-2018->06-nov-2023}@forwardfxconvexityadjustmentpremiumupfront => -0.0 ||
	 | floatstream::nok::nok-nibor-6m::{06-nov-2018->06-nov-2023}@fundingfxconvexityadjustedcleandv01 => -4.874764147642008E-4 ||
	 | floatstream::nok::nok-nibor-6m::{06-nov-2018->06-nov-2023}@fundingfxconvexityadjustedcleanprice => 109.84725391217727 ||
	 | floatstream::nok::nok-nibor-6m::{06-nov-2018->06-nov-2023}@fundingfxconvexityadjustedcleanpv => -0.09847253912177271 ||
	 | floatstream::nok::nok-nibor-6m::{06-nov-2018->06-nov-2023}@fundingfxconvexityadjusteddirtydv01 => -4.874764147642008E-4 ||
	 | floatstream::nok::nok-nibor-6m::{06-nov-2018->06-nov-2023}@fundingfxconvexityadjusteddirtyprice => 109.84725391217727 ||
	 | floatstream::nok::nok-nibor-6m::{06-nov-2018->06-nov-2023}@fundingfxconvexityadjusteddirtypv => -0.09847253912177271 ||
	 | floatstream::nok::nok-nibor-6m::{06-nov-2018->06-nov-2023}@fundingfxconvexityadjusteddv01 => -4.874764147642008E-4 ||
	 | floatstream::nok::nok-nibor-6m::{06-nov-2018->06-nov-2023}@fundingfxconvexityadjustedfairpremium => 0.020200472502737446 ||
	 | floatstream::nok::nok-nibor-6m::{06-nov-2018->06-nov-2023}@fundingfxconvexityadjustedparrate => 0.020200472502737446 ||
	 | floatstream::nok::nok-nibor-6m::{06-nov-2018->06-nov-2023}@fundingfxconvexityadjustedprice => 109.84725391217727 ||
	 | floatstream::nok::nok-nibor-6m::{06-nov-2018->06-nov-2023}@fundingfxconvexityadjustedpv => -0.09847253912177271 ||
	 | floatstream::nok::nok-nibor-6m::{06-nov-2018->06-nov-2023}@fundingfxconvexityadjustedrate => 0.020200472502737446 ||
	 | floatstream::nok::nok-nibor-6m::{06-nov-2018->06-nov-2023}@fundingfxconvexityadjustedupfront => -0.09847253912177271 ||
	 | floatstream::nok::nok-nibor-6m::{06-nov-2018->06-nov-2023}@fundingfxconvexityadjustmentfactor => 1.0 ||
	 | floatstream::nok::nok-nibor-6m::{06-nov-2018->06-nov-2023}@fundingfxconvexityadjustmentpremium => 0.0 ||
	 | floatstream::nok::nok-nibor-6m::{06-nov-2018->06-nov-2023}@fundingfxconvexityadjustmentpremiumupfront => -0.0 ||
	 | floatstream::nok::nok-nibor-6m::{06-nov-2018->06-nov-2023}@parrate => 0.020200472502737446 ||
	 | floatstream::nok::nok-nibor-6m::{06-nov-2018->06-nov-2023}@price => 109.84725391217727 ||
	 | floatstream::nok::nok-nibor-6m::{06-nov-2018->06-nov-2023}@pv => -0.09847253912177271 ||
	 | floatstream::nok::nok-nibor-6m::{06-nov-2018->06-nov-2023}@rate => 0.020200472502737446 ||
	 | floatstream::nok::nok-nibor-6m::{06-nov-2018->06-nov-2023}@resetdate => -2.147483648E9 ||
	 | floatstream::nok::nok-nibor-6m::{06-nov-2018->06-nov-2023}@resetrate => NaN ||
	 | floatstream::nok::nok-nibor-6m::{06-nov-2018->06-nov-2023}@totalcoupon => 0.20585679339934554 ||
	 | floatstream::nok::nok-nibor-6m::{06-nov-2018->06-nov-2023}@unadjustedcleandv01 => -4.874764147642008E-4 ||
	 | floatstream::nok::nok-nibor-6m::{06-nov-2018->06-nov-2023}@unadjustedcleanprice => 109.84725391217727 ||
	 | floatstream::nok::nok-nibor-6m::{06-nov-2018->06-nov-2023}@unadjustedcleanpv => -0.09847253912177271 ||
	 | floatstream::nok::nok-nibor-6m::{06-nov-2018->06-nov-2023}@unadjusteddirtydv01 => -4.874764147642008E-4 ||
	 | floatstream::nok::nok-nibor-6m::{06-nov-2018->06-nov-2023}@unadjusteddirtyprice => 109.84725391217727 ||
	 | floatstream::nok::nok-nibor-6m::{06-nov-2018->06-nov-2023}@unadjusteddirtypv => -0.09847253912177271 ||
	 | floatstream::nok::nok-nibor-6m::{06-nov-2018->06-nov-2023}@unadjustedfairpremium => 0.020200472502737446 ||
	 | floatstream::nok::nok-nibor-6m::{06-nov-2018->06-nov-2023}@unadjustedparrate => 0.020200472502737446 ||
	 | floatstream::nok::nok-nibor-6m::{06-nov-2018->06-nov-2023}@unadjustedprice => 109.84725391217727 ||
	 | floatstream::nok::nok-nibor-6m::{06-nov-2018->06-nov-2023}@unadjustedpv => -0.09847253912177271 ||
	 | floatstream::nok::nok-nibor-6m::{06-nov-2018->06-nov-2023}@unadjustedrate => 0.020200472502737446 ||
	 | floatstream::nok::nok-nibor-6m::{06-nov-2018->06-nov-2023}@unadjustedupfront => -0.09847253912177271 ||
	 | floatstream::nok::nok-nibor-6m::{06-nov-2018->06-nov-2023}@upfront => -0.09847253912177271 ||
	 | initialnotional => 1.0 ||
	 | parfixedcoupon => 0.020599999999999948 ||
	 | parrate => 0.020599999999999948 ||
	 | parswaprate => 0.020599999999999948 ||
	 | price => 100.0 ||
	 | pv => 1.3877787807814457E-17 ||
	 | rate => 0.020599999999999948 ||
	 | referenceaccrued => 0.0 ||
	 | referenceaccrued01 => 0.0 ||
	 | referencecleandv01 => 4.780220345717134E-4 ||
	 | referencecleanpv => 0.09847253912177273 ||
	 | referencecumulativeconvexityadjustmentfactor => 1.0 ||
	 | referencecumulativeconvexityadjustmentpremium => 0.0 ||
	 | referencecumulativecouponamount => 0.0 ||
	 | referencecumulativecoupondcf => 0.0 ||
	 | referencedirtydv01 => 4.780220345717134E-4 ||
	 | referencedirtypv => 0.09847253912177273 ||
	 | referencedv01 => 4.780220345717134E-4 ||
	 | referenceparbasisspread => -2.903169060030536E-14 ||
	 | referencepv => 0.09847253912177273 ||
	 | resetdate => -2.147483648E9 ||
	 | resetrate => NaN ||
	 | swaprate => 0.020599999999999948 ||
	 | upfront => 1.3877787807814457E-17 ||
	 |------------------------------||


		|-----------------------------------------------------------------------------------------------------------------------||
		|    Floating Stream Cash Flow Details                                                                                  ||
		|    -------- ------ ---- ---- -------                                                                                  ||
		|               Start Date                                                                                              ||
		|               End Date                                                                                                ||
		|               Pay Date                                                                                                ||
		|               FX Fixing Date                                                                                          ||
		|               Base Notional                                                                                           ||
		|               Period DCF                                                                                              ||
		|               Tenor                                                                                                   ||
		|               Funding Label                                                                                           ||
		|               Forward Label                                                                                           ||
		|               Pay Discount Factor                                                                                     ||
		|               Coupon Rate                                                                                             ||
		|-----------------------------------------------------------------------------------------------------------------------||
		| [06-NOV-2018 - 06-MAY-2019] => 06-MAY-2019 | 06-MAY-2019 | -1.0000 |  0.5028 | 6M | NOK | NOK-NIBOR-6M |  0.9986 |  0.27% ||
		| [06-MAY-2019 - 06-NOV-2019] => 06-NOV-2019 | 06-NOV-2019 | -1.0000 |  0.5111 | 6M | NOK | NOK-NIBOR-6M |  0.9965 |  0.42% ||
		| [06-NOV-2019 - 06-MAY-2020] => 06-MAY-2020 | 06-MAY-2020 | -1.0000 |  0.5056 | 6M | NOK | NOK-NIBOR-6M |  0.9925 |  0.79% ||
		| [06-MAY-2020 - 06-NOV-2020] => 06-NOV-2020 | 06-NOV-2020 | -1.0000 |  0.5111 | 6M | NOK | NOK-NIBOR-6M |  0.9857 |  1.36% ||
		| [06-NOV-2020 - 06-MAY-2021] => 06-MAY-2021 | 06-MAY-2021 | -1.0000 |  0.5028 | 6M | NOK | NOK-NIBOR-6M |  0.9705 |  3.11% ||
		| [06-MAY-2021 - 06-NOV-2021] => 06-NOV-2021 | 06-NOV-2021 | -1.0000 |  0.5111 | 6M | NOK | NOK-NIBOR-6M |  0.9609 |  1.95% ||
		| [06-NOV-2021 - 06-MAY-2022] => 06-MAY-2022 | 06-MAY-2022 | -1.0000 |  0.5028 | 6M | NOK | NOK-NIBOR-6M |  0.9495 |  2.39% ||
		| [06-MAY-2022 - 06-NOV-2022] => 06-NOV-2022 | 06-NOV-2022 | -1.0000 |  0.5111 | 6M | NOK | NOK-NIBOR-6M |  0.9356 |  2.91% ||
		| [06-NOV-2022 - 06-MAY-2023] => 06-MAY-2023 | 06-MAY-2023 | -1.0000 |  0.5028 | 6M | NOK | NOK-NIBOR-6M |  0.9195 |  3.48% ||
		| [06-MAY-2023 - 06-NOV-2023] => 06-NOV-2023 | 06-NOV-2023 | -1.0000 |  0.5111 | 6M | NOK | NOK-NIBOR-6M |  0.9015 |  3.90% ||
		|-----------------------------------------------------------------------------------------------------------------------||


		|--------------------------------------------------------------------------------------------------------||
		|    Fixed Stream Cash Flow Details                                                                      ||
		|    ----- ------ ---- ---- -------                                                                      ||
		|               Start Date                                                                               ||
		|               End Date                                                                                 ||
		|               Pay Date                                                                                 ||
		|               FX Fixing Date                                                                           ||
		|               Base Notional                                                                            ||
		|               Period DCF                                                                               ||
		|               Tenor                                                                                    ||
		|               Funding Label                                                                            ||
		|               Pay Discount Factor                                                                      ||
		|               Coupon Rate                                                                              ||
		|--------------------------------------------------------------------------------------------------------||
		| [06-NOV-2018 - 06-NOV-2019] => 06-NOV-2019 | 06-NOV-2019 |  1.0000 |  1.0000 | 1Y | NOK |  0.9965 |  2.06% ||
		| [06-NOV-2019 - 06-NOV-2020] => 06-NOV-2020 | 06-NOV-2020 |  1.0000 |  1.0000 | 1Y | NOK |  0.9857 |  2.06% ||
		| [06-NOV-2020 - 06-NOV-2021] => 06-NOV-2021 | 06-NOV-2021 |  1.0000 |  1.0000 | 1Y | NOK |  0.9609 |  2.06% ||
		| [06-NOV-2021 - 06-NOV-2022] => 06-NOV-2022 | 06-NOV-2022 |  1.0000 |  1.0000 | 1Y | NOK |  0.9356 |  2.06% ||
		| [06-NOV-2022 - 06-NOV-2023] => 06-NOV-2023 | 06-NOV-2023 |  1.0000 |  1.0000 | 1Y | NOK |  0.9015 |  2.06% ||
		|--------------------------------------------------------------------------------------------------------||

	|-----------------------------------------------------------------|
	|    Copyright (C) 2011-2018 (DRIP)
	|-----------------------------------------------------------------|
	|    Build Version  => 3.86.0 multi mode
	|    Build JVM (TM) => 1.8.0_112
	|    Build Snap     => Fri Nov 02 21:22:20 EST 2018
	|    Start Time     => Fri Nov 02 23:11:30 EDT 2018
	|    Setup Time     => Fri Nov 02 23:11:30 EDT 2018
	|    Setup Duration => 0 ms
	|-----------------------------------------------------------------|

	 | accrued => 0.0 ||
	 | calctime => 6.045050000000001E-4 ||
	 | calibfloatingpv => 0.0990350084720748 ||
	 | calibswaprate => 0.020599999999999983 ||
	 | cleanfixeddv01 => 4.807524683110432E-4 ||
	 | cleanfloatingdv01 => -4.81952645899966E-4 ||
	 | cleanfloatingpv => -0.09903500847207505 ||
	 | cleanprice => 99.99999999999996 ||
	 | cleanpv => -4.85722573273506E-16 ||
	 | cumulativeconvexityadjustmentpremium => 0.0 ||
	 | cumulativecouponamount => 0.0 ||
	 | cumulativecoupondcf => 0.0 ||
	 | derivedaccrued => 0.0 ||
	 | derivedaccrued01 => 0.0 ||
	 | derivedcleandv01 => -4.81952645899966E-4 ||
	 | derivedcleanpv => -0.09903500847207505 ||
	 | derivedcumulativeconvexityadjustmentfactor => 1.0 ||
	 | derivedcumulativeconvexityadjustmentpremium => -0.0 ||
	 | derivedcumulativecouponamount => 0.0 ||
	 | derivedcumulativecoupondcf => 0.0 ||
	 | deriveddirtydv01 => -4.81952645899966E-4 ||
	 | deriveddirtypv => -0.09903500847207505 ||
	 | deriveddv01 => -4.81952645899966E-4 ||
	 | derivedfixing01 => 0.0 ||
	 | derivedparbasisspread => -1.0078221945778516E-12 ||
	 | derivedpv => -0.09903500847207505 ||
	 | derivedresetdate => -2.147483648E9 ||
	 | derivedresetrate => NaN ||
	 | dirtyfixeddv01 => 4.807524683110432E-4 ||
	 | dirtyfixedpv => 0.09903500847207457 ||
	 | dirtyfloatingdv01 => -4.81952645899966E-4 ||
	 | dirtyfloatingpv => -0.09903500847207505 ||
	 | dirtyprice => 99.99999999999996 ||
	 | dirtypv => -4.85722573273506E-16 ||
	 | fairpremium => 0.020600000000000035 ||
	 | fixedaccrued => 0.0 ||
	 | fixedaccrued01 => 0.0 ||
	 | fixeddv01 => 4.807524683110432E-4 ||
	 | fixedstream::nzd/nzd::6::{02-nov-2018->02-nov-2023}@accrualcoupon => NaN ||
	 | fixedstream::nzd/nzd::6::{02-nov-2018->02-nov-2023}@accrued => 0.0 ||
	 | fixedstream::nzd/nzd::6::{02-nov-2018->02-nov-2023}@accrued01 => 0.0 ||
	 | fixedstream::nzd/nzd::6::{02-nov-2018->02-nov-2023}@calctime => 1.32153E-4 ||
	 | fixedstream::nzd/nzd::6::{02-nov-2018->02-nov-2023}@cleandv01 => 4.807524683110432E-4 ||
	 | fixedstream::nzd/nzd::6::{02-nov-2018->02-nov-2023}@cleanprice => 109.90350084720745 ||
	 | fixedstream::nzd/nzd::6::{02-nov-2018->02-nov-2023}@cleanpv => 0.09903500847207457 ||
	 | fixedstream::nzd/nzd::6::{02-nov-2018->02-nov-2023}@compoundingadjustedcleandv01 => 4.807524683110432E-4 ||
	 | fixedstream::nzd/nzd::6::{02-nov-2018->02-nov-2023}@compoundingadjustedcleanprice => 109.90350084720745 ||
	 | fixedstream::nzd/nzd::6::{02-nov-2018->02-nov-2023}@compoundingadjustedcleanpv => 0.09903500847207457 ||
	 | fixedstream::nzd/nzd::6::{02-nov-2018->02-nov-2023}@compoundingadjusteddirtydv01 => 4.807524683110432E-4 ||
	 | fixedstream::nzd/nzd::6::{02-nov-2018->02-nov-2023}@compoundingadjusteddirtyprice => 109.90350084720745 ||
	 | fixedstream::nzd/nzd::6::{02-nov-2018->02-nov-2023}@compoundingadjusteddirtypv => 0.09903500847207457 ||
	 | fixedstream::nzd/nzd::6::{02-nov-2018->02-nov-2023}@compoundingadjustedfairpremium => 0.020599999999999934 ||
	 | fixedstream::nzd/nzd::6::{02-nov-2018->02-nov-2023}@compoundingadjustedparrate => 0.020599999999999934 ||
	 | fixedstream::nzd/nzd::6::{02-nov-2018->02-nov-2023}@compoundingadjustedprice => 109.90350084720745 ||
	 | fixedstream::nzd/nzd::6::{02-nov-2018->02-nov-2023}@compoundingadjustedpv => 0.09903500847207457 ||
	 | fixedstream::nzd/nzd::6::{02-nov-2018->02-nov-2023}@compoundingadjustedrate => 0.020599999999999934 ||
	 | fixedstream::nzd/nzd::6::{02-nov-2018->02-nov-2023}@compoundingadjustedupfront => 0.09903500847207457 ||
	 | fixedstream::nzd/nzd::6::{02-nov-2018->02-nov-2023}@compoundingadjustmentfactor => 1.0 ||
	 | fixedstream::nzd/nzd::6::{02-nov-2018->02-nov-2023}@compoundingadjustmentpremium => 0.0 ||
	 | fixedstream::nzd/nzd::6::{02-nov-2018->02-nov-2023}@compoundingadjustmentpremiumupfront => 0.0 ||
	 | fixedstream::nzd/nzd::6::{02-nov-2018->02-nov-2023}@creditforwardconvexityadjustedcleandv01 => 4.807524683110432E-4 ||
	 | fixedstream::nzd/nzd::6::{02-nov-2018->02-nov-2023}@creditforwardconvexityadjustedcleanprice => 109.90350084720745 ||
	 | fixedstream::nzd/nzd::6::{02-nov-2018->02-nov-2023}@creditforwardconvexityadjustedcleanpv => 0.09903500847207457 ||
	 | fixedstream::nzd/nzd::6::{02-nov-2018->02-nov-2023}@creditforwardconvexityadjusteddirtydv01 => 4.807524683110432E-4 ||
	 | fixedstream::nzd/nzd::6::{02-nov-2018->02-nov-2023}@creditforwardconvexityadjusteddirtyprice => 109.90350084720745 ||
	 | fixedstream::nzd/nzd::6::{02-nov-2018->02-nov-2023}@creditforwardconvexityadjusteddirtypv => 0.09903500847207457 ||
	 | fixedstream::nzd/nzd::6::{02-nov-2018->02-nov-2023}@creditforwardconvexityadjusteddv01 => 4.807524683110432E-4 ||
	 | fixedstream::nzd/nzd::6::{02-nov-2018->02-nov-2023}@creditforwardconvexityadjustedfairpremium => 0.020599999999999934 ||
	 | fixedstream::nzd/nzd::6::{02-nov-2018->02-nov-2023}@creditforwardconvexityadjustedparrate => 0.020599999999999934 ||
	 | fixedstream::nzd/nzd::6::{02-nov-2018->02-nov-2023}@creditforwardconvexityadjustedprice => 109.90350084720745 ||
	 | fixedstream::nzd/nzd::6::{02-nov-2018->02-nov-2023}@creditforwardconvexityadjustedpv => 0.09903500847207457 ||
	 | fixedstream::nzd/nzd::6::{02-nov-2018->02-nov-2023}@creditforwardconvexityadjustedrate => 0.020599999999999934 ||
	 | fixedstream::nzd/nzd::6::{02-nov-2018->02-nov-2023}@creditforwardconvexityadjustedupfront => 0.09903500847207457 ||
	 | fixedstream::nzd/nzd::6::{02-nov-2018->02-nov-2023}@creditforwardconvexityadjustmentfactor => 1.0 ||
	 | fixedstream::nzd/nzd::6::{02-nov-2018->02-nov-2023}@creditforwardconvexityadjustmentpremium => 0.0 ||
	 | fixedstream::nzd/nzd::6::{02-nov-2018->02-nov-2023}@creditforwardconvexityadjustmentpremiumupfront => 0.0 ||
	 | fixedstream::nzd/nzd::6::{02-nov-2018->02-nov-2023}@creditfundingconvexityadjustedcleandv01 => 4.807524683110432E-4 ||
	 | fixedstream::nzd/nzd::6::{02-nov-2018->02-nov-2023}@creditfundingconvexityadjustedcleanprice => 109.90350084720745 ||
	 | fixedstream::nzd/nzd::6::{02-nov-2018->02-nov-2023}@creditfundingconvexityadjustedcleanpv => 0.09903500847207457 ||
	 | fixedstream::nzd/nzd::6::{02-nov-2018->02-nov-2023}@creditfundingconvexityadjusteddirtydv01 => 4.807524683110432E-4 ||
	 | fixedstream::nzd/nzd::6::{02-nov-2018->02-nov-2023}@creditfundingconvexityadjusteddirtyprice => 109.90350084720745 ||
	 | fixedstream::nzd/nzd::6::{02-nov-2018->02-nov-2023}@creditfundingconvexityadjusteddirtypv => 0.09903500847207457 ||
	 | fixedstream::nzd/nzd::6::{02-nov-2018->02-nov-2023}@creditfundingconvexityadjusteddv01 => 4.807524683110432E-4 ||
	 | fixedstream::nzd/nzd::6::{02-nov-2018->02-nov-2023}@creditfundingconvexityadjustedfairpremium => 0.020599999999999934 ||
	 | fixedstream::nzd/nzd::6::{02-nov-2018->02-nov-2023}@creditfundingconvexityadjustedparrate => 0.020599999999999934 ||
	 | fixedstream::nzd/nzd::6::{02-nov-2018->02-nov-2023}@creditfundingconvexityadjustedprice => 109.90350084720745 ||
	 | fixedstream::nzd/nzd::6::{02-nov-2018->02-nov-2023}@creditfundingconvexityadjustedpv => 0.09903500847207457 ||
	 | fixedstream::nzd/nzd::6::{02-nov-2018->02-nov-2023}@creditfundingconvexityadjustedrate => 0.020599999999999934 ||
	 | fixedstream::nzd/nzd::6::{02-nov-2018->02-nov-2023}@creditfundingconvexityadjustedupfront => 0.09903500847207457 ||
	 | fixedstream::nzd/nzd::6::{02-nov-2018->02-nov-2023}@creditfundingconvexityadjustmentfactor => 1.0 ||
	 | fixedstream::nzd/nzd::6::{02-nov-2018->02-nov-2023}@creditfundingconvexityadjustmentpremium => 0.0 ||
	 | fixedstream::nzd/nzd::6::{02-nov-2018->02-nov-2023}@creditfundingconvexityadjustmentpremiumupfront => 0.0 ||
	 | fixedstream::nzd/nzd::6::{02-nov-2018->02-nov-2023}@creditfxconvexityadjustedcleandv01 => 4.807524683110432E-4 ||
	 | fixedstream::nzd/nzd::6::{02-nov-2018->02-nov-2023}@creditfxconvexityadjustedcleanprice => 109.90350084720745 ||
	 | fixedstream::nzd/nzd::6::{02-nov-2018->02-nov-2023}@creditfxconvexityadjustedcleanpv => 0.09903500847207457 ||
	 | fixedstream::nzd/nzd::6::{02-nov-2018->02-nov-2023}@creditfxconvexityadjusteddirtydv01 => 4.807524683110432E-4 ||
	 | fixedstream::nzd/nzd::6::{02-nov-2018->02-nov-2023}@creditfxconvexityadjusteddirtyprice => 109.90350084720745 ||
	 | fixedstream::nzd/nzd::6::{02-nov-2018->02-nov-2023}@creditfxconvexityadjusteddirtypv => 0.09903500847207457 ||
	 | fixedstream::nzd/nzd::6::{02-nov-2018->02-nov-2023}@creditfxconvexityadjusteddv01 => 4.807524683110432E-4 ||
	 | fixedstream::nzd/nzd::6::{02-nov-2018->02-nov-2023}@creditfxconvexityadjustedfairpremium => 0.020599999999999934 ||
	 | fixedstream::nzd/nzd::6::{02-nov-2018->02-nov-2023}@creditfxconvexityadjustedparrate => 0.020599999999999934 ||
	 | fixedstream::nzd/nzd::6::{02-nov-2018->02-nov-2023}@creditfxconvexityadjustedprice => 109.90350084720745 ||
	 | fixedstream::nzd/nzd::6::{02-nov-2018->02-nov-2023}@creditfxconvexityadjustedpv => 0.09903500847207457 ||
	 | fixedstream::nzd/nzd::6::{02-nov-2018->02-nov-2023}@creditfxconvexityadjustedrate => 0.020599999999999934 ||
	 | fixedstream::nzd/nzd::6::{02-nov-2018->02-nov-2023}@creditfxconvexityadjustedupfront => 0.09903500847207457 ||
	 | fixedstream::nzd/nzd::6::{02-nov-2018->02-nov-2023}@creditfxconvexityadjustmentfactor => 1.0 ||
	 | fixedstream::nzd/nzd::6::{02-nov-2018->02-nov-2023}@creditfxconvexityadjustmentpremium => 0.0 ||
	 | fixedstream::nzd/nzd::6::{02-nov-2018->02-nov-2023}@creditfxconvexityadjustmentpremiumupfront => 0.0 ||
	 | fixedstream::nzd/nzd::6::{02-nov-2018->02-nov-2023}@cumulativeconvexityadjustedcleandv01 => 4.807524683110432E-4 ||
	 | fixedstream::nzd/nzd::6::{02-nov-2018->02-nov-2023}@cumulativeconvexityadjustedcleanprice => 109.90350084720745 ||
	 | fixedstream::nzd/nzd::6::{02-nov-2018->02-nov-2023}@cumulativeconvexityadjustedcleanpv => 0.09903500847207457 ||
	 | fixedstream::nzd/nzd::6::{02-nov-2018->02-nov-2023}@cumulativeconvexityadjusteddirtydv01 => 4.807524683110432E-4 ||
	 | fixedstream::nzd/nzd::6::{02-nov-2018->02-nov-2023}@cumulativeconvexityadjusteddirtyprice => 109.90350084720745 ||
	 | fixedstream::nzd/nzd::6::{02-nov-2018->02-nov-2023}@cumulativeconvexityadjusteddirtypv => 0.09903500847207457 ||
	 | fixedstream::nzd/nzd::6::{02-nov-2018->02-nov-2023}@cumulativeconvexityadjusteddv01 => 4.807524683110432E-4 ||
	 | fixedstream::nzd/nzd::6::{02-nov-2018->02-nov-2023}@cumulativeconvexityadjustedfairpremium => 0.020599999999999934 ||
	 | fixedstream::nzd/nzd::6::{02-nov-2018->02-nov-2023}@cumulativeconvexityadjustedparrate => 0.020599999999999934 ||
	 | fixedstream::nzd/nzd::6::{02-nov-2018->02-nov-2023}@cumulativeconvexityadjustedprice => 109.90350084720745 ||
	 | fixedstream::nzd/nzd::6::{02-nov-2018->02-nov-2023}@cumulativeconvexityadjustedpv => 0.09903500847207457 ||
	 | fixedstream::nzd/nzd::6::{02-nov-2018->02-nov-2023}@cumulativeconvexityadjustedrate => 0.020599999999999934 ||
	 | fixedstream::nzd/nzd::6::{02-nov-2018->02-nov-2023}@cumulativeconvexityadjustedupfront => 0.09903500847207457 ||
	 | fixedstream::nzd/nzd::6::{02-nov-2018->02-nov-2023}@cumulativeconvexityadjustmentfactor => 1.0 ||
	 | fixedstream::nzd/nzd::6::{02-nov-2018->02-nov-2023}@cumulativeconvexityadjustmentpremium => 0.0 ||
	 | fixedstream::nzd/nzd::6::{02-nov-2018->02-nov-2023}@cumulativeconvexityadjustmentpremiumupfront => 0.0 ||
	 | fixedstream::nzd/nzd::6::{02-nov-2018->02-nov-2023}@cumulativecouponamount => 0.0 ||
	 | fixedstream::nzd/nzd::6::{02-nov-2018->02-nov-2023}@cumulativecoupondcf => 0.0 ||
	 | fixedstream::nzd/nzd::6::{02-nov-2018->02-nov-2023}@cv01 => 4.807524683110432E-4 ||
	 | fixedstream::nzd/nzd::6::{02-nov-2018->02-nov-2023}@dirtydv01 => 4.807524683110432E-4 ||
	 | fixedstream::nzd/nzd::6::{02-nov-2018->02-nov-2023}@dirtyprice => 109.90350084720745 ||
	 | fixedstream::nzd/nzd::6::{02-nov-2018->02-nov-2023}@dirtypv => 0.09903500847207457 ||
	 | fixedstream::nzd/nzd::6::{02-nov-2018->02-nov-2023}@dv01 => 4.807524683110432E-4 ||
	 | fixedstream::nzd/nzd::6::{02-nov-2018->02-nov-2023}@fairpremium => 0.020599999999999934 ||
	 | fixedstream::nzd/nzd::6::{02-nov-2018->02-nov-2023}@fixing01 => 0.0 ||
	 | fixedstream::nzd/nzd::6::{02-nov-2018->02-nov-2023}@forwardfundingconvexityadjustedcleandv01 => 4.807524683110432E-4 ||
	 | fixedstream::nzd/nzd::6::{02-nov-2018->02-nov-2023}@forwardfundingconvexityadjustedcleanprice => 109.90350084720745 ||
	 | fixedstream::nzd/nzd::6::{02-nov-2018->02-nov-2023}@forwardfundingconvexityadjustedcleanpv => 0.09903500847207457 ||
	 | fixedstream::nzd/nzd::6::{02-nov-2018->02-nov-2023}@forwardfundingconvexityadjusteddirtydv01 => 4.807524683110432E-4 ||
	 | fixedstream::nzd/nzd::6::{02-nov-2018->02-nov-2023}@forwardfundingconvexityadjusteddirtyprice => 109.90350084720745 ||
	 | fixedstream::nzd/nzd::6::{02-nov-2018->02-nov-2023}@forwardfundingconvexityadjusteddirtypv => 0.09903500847207457 ||
	 | fixedstream::nzd/nzd::6::{02-nov-2018->02-nov-2023}@forwardfundingconvexityadjusteddv01 => 4.807524683110432E-4 ||
	 | fixedstream::nzd/nzd::6::{02-nov-2018->02-nov-2023}@forwardfundingconvexityadjustedfairpremium => 0.020599999999999934 ||
	 | fixedstream::nzd/nzd::6::{02-nov-2018->02-nov-2023}@forwardfundingconvexityadjustedparrate => 0.020599999999999934 ||
	 | fixedstream::nzd/nzd::6::{02-nov-2018->02-nov-2023}@forwardfundingconvexityadjustedprice => 109.90350084720745 ||
	 | fixedstream::nzd/nzd::6::{02-nov-2018->02-nov-2023}@forwardfundingconvexityadjustedpv => 0.09903500847207457 ||
	 | fixedstream::nzd/nzd::6::{02-nov-2018->02-nov-2023}@forwardfundingconvexityadjustedrate => 0.020599999999999934 ||
	 | fixedstream::nzd/nzd::6::{02-nov-2018->02-nov-2023}@forwardfundingconvexityadjustedupfront => 0.09903500847207457 ||
	 | fixedstream::nzd/nzd::6::{02-nov-2018->02-nov-2023}@forwardfundingconvexityadjustmentfactor => 1.0 ||
	 | fixedstream::nzd/nzd::6::{02-nov-2018->02-nov-2023}@forwardfundingconvexityadjustmentpremium => 0.0 ||
	 | fixedstream::nzd/nzd::6::{02-nov-2018->02-nov-2023}@forwardfundingconvexityadjustmentpremiumupfront => 0.0 ||
	 | fixedstream::nzd/nzd::6::{02-nov-2018->02-nov-2023}@forwardfxconvexityadjustedcleandv01 => 4.807524683110432E-4 ||
	 | fixedstream::nzd/nzd::6::{02-nov-2018->02-nov-2023}@forwardfxconvexityadjustedcleanprice => 109.90350084720745 ||
	 | fixedstream::nzd/nzd::6::{02-nov-2018->02-nov-2023}@forwardfxconvexityadjustedcleanpv => 0.09903500847207457 ||
	 | fixedstream::nzd/nzd::6::{02-nov-2018->02-nov-2023}@forwardfxconvexityadjusteddirtydv01 => 4.807524683110432E-4 ||
	 | fixedstream::nzd/nzd::6::{02-nov-2018->02-nov-2023}@forwardfxconvexityadjusteddirtyprice => 109.90350084720745 ||
	 | fixedstream::nzd/nzd::6::{02-nov-2018->02-nov-2023}@forwardfxconvexityadjusteddirtypv => 0.09903500847207457 ||
	 | fixedstream::nzd/nzd::6::{02-nov-2018->02-nov-2023}@forwardfxconvexityadjusteddv01 => 4.807524683110432E-4 ||
	 | fixedstream::nzd/nzd::6::{02-nov-2018->02-nov-2023}@forwardfxconvexityadjustedfairpremium => 0.020599999999999934 ||
	 | fixedstream::nzd/nzd::6::{02-nov-2018->02-nov-2023}@forwardfxconvexityadjustedparrate => 0.020599999999999934 ||
	 | fixedstream::nzd/nzd::6::{02-nov-2018->02-nov-2023}@forwardfxconvexityadjustedprice => 109.90350084720745 ||
	 | fixedstream::nzd/nzd::6::{02-nov-2018->02-nov-2023}@forwardfxconvexityadjustedpv => 0.09903500847207457 ||
	 | fixedstream::nzd/nzd::6::{02-nov-2018->02-nov-2023}@forwardfxconvexityadjustedrate => 0.020599999999999934 ||
	 | fixedstream::nzd/nzd::6::{02-nov-2018->02-nov-2023}@forwardfxconvexityadjustedupfront => 0.09903500847207457 ||
	 | fixedstream::nzd/nzd::6::{02-nov-2018->02-nov-2023}@forwardfxconvexityadjustmentfactor => 1.0 ||
	 | fixedstream::nzd/nzd::6::{02-nov-2018->02-nov-2023}@forwardfxconvexityadjustmentpremium => 0.0 ||
	 | fixedstream::nzd/nzd::6::{02-nov-2018->02-nov-2023}@forwardfxconvexityadjustmentpremiumupfront => 0.0 ||
	 | fixedstream::nzd/nzd::6::{02-nov-2018->02-nov-2023}@fundingfxconvexityadjustedcleandv01 => 4.807524683110432E-4 ||
	 | fixedstream::nzd/nzd::6::{02-nov-2018->02-nov-2023}@fundingfxconvexityadjustedcleanprice => 109.90350084720745 ||
	 | fixedstream::nzd/nzd::6::{02-nov-2018->02-nov-2023}@fundingfxconvexityadjustedcleanpv => 0.09903500847207457 ||
	 | fixedstream::nzd/nzd::6::{02-nov-2018->02-nov-2023}@fundingfxconvexityadjusteddirtydv01 => 4.807524683110432E-4 ||
	 | fixedstream::nzd/nzd::6::{02-nov-2018->02-nov-2023}@fundingfxconvexityadjusteddirtyprice => 109.90350084720745 ||
	 | fixedstream::nzd/nzd::6::{02-nov-2018->02-nov-2023}@fundingfxconvexityadjusteddirtypv => 0.09903500847207457 ||
	 | fixedstream::nzd/nzd::6::{02-nov-2018->02-nov-2023}@fundingfxconvexityadjusteddv01 => 4.807524683110432E-4 ||
	 | fixedstream::nzd/nzd::6::{02-nov-2018->02-nov-2023}@fundingfxconvexityadjustedfairpremium => 0.020599999999999934 ||
	 | fixedstream::nzd/nzd::6::{02-nov-2018->02-nov-2023}@fundingfxconvexityadjustedparrate => 0.020599999999999934 ||
	 | fixedstream::nzd/nzd::6::{02-nov-2018->02-nov-2023}@fundingfxconvexityadjustedprice => 109.90350084720745 ||
	 | fixedstream::nzd/nzd::6::{02-nov-2018->02-nov-2023}@fundingfxconvexityadjustedpv => 0.09903500847207457 ||
	 | fixedstream::nzd/nzd::6::{02-nov-2018->02-nov-2023}@fundingfxconvexityadjustedrate => 0.020599999999999934 ||
	 | fixedstream::nzd/nzd::6::{02-nov-2018->02-nov-2023}@fundingfxconvexityadjustedupfront => 0.09903500847207457 ||
	 | fixedstream::nzd/nzd::6::{02-nov-2018->02-nov-2023}@fundingfxconvexityadjustmentfactor => 1.0 ||
	 | fixedstream::nzd/nzd::6::{02-nov-2018->02-nov-2023}@fundingfxconvexityadjustmentpremium => 0.0 ||
	 | fixedstream::nzd/nzd::6::{02-nov-2018->02-nov-2023}@fundingfxconvexityadjustmentpremiumupfront => 0.0 ||
	 | fixedstream::nzd/nzd::6::{02-nov-2018->02-nov-2023}@parrate => 0.020599999999999934 ||
	 | fixedstream::nzd/nzd::6::{02-nov-2018->02-nov-2023}@price => 109.90350084720745 ||
	 | fixedstream::nzd/nzd::6::{02-nov-2018->02-nov-2023}@pv => 0.09903500847207457 ||
	 | fixedstream::nzd/nzd::6::{02-nov-2018->02-nov-2023}@rate => 0.020599999999999934 ||
	 | fixedstream::nzd/nzd::6::{02-nov-2018->02-nov-2023}@resetdate => -2.147483648E9 ||
	 | fixedstream::nzd/nzd::6::{02-nov-2018->02-nov-2023}@resetrate => NaN ||
	 | fixedstream::nzd/nzd::6::{02-nov-2018->02-nov-2023}@totalcoupon => 0.20599999999999938 ||
	 | fixedstream::nzd/nzd::6::{02-nov-2018->02-nov-2023}@unadjustedcleandv01 => 4.807524683110432E-4 ||
	 | fixedstream::nzd/nzd::6::{02-nov-2018->02-nov-2023}@unadjustedcleanprice => 109.90350084720745 ||
	 | fixedstream::nzd/nzd::6::{02-nov-2018->02-nov-2023}@unadjustedcleanpv => 0.09903500847207457 ||
	 | fixedstream::nzd/nzd::6::{02-nov-2018->02-nov-2023}@unadjusteddirtydv01 => 4.807524683110432E-4 ||
	 | fixedstream::nzd/nzd::6::{02-nov-2018->02-nov-2023}@unadjusteddirtyprice => 109.90350084720745 ||
	 | fixedstream::nzd/nzd::6::{02-nov-2018->02-nov-2023}@unadjusteddirtypv => 0.09903500847207457 ||
	 | fixedstream::nzd/nzd::6::{02-nov-2018->02-nov-2023}@unadjustedfairpremium => 0.020599999999999934 ||
	 | fixedstream::nzd/nzd::6::{02-nov-2018->02-nov-2023}@unadjustedparrate => 0.020599999999999934 ||
	 | fixedstream::nzd/nzd::6::{02-nov-2018->02-nov-2023}@unadjustedprice => 109.90350084720745 ||
	 | fixedstream::nzd/nzd::6::{02-nov-2018->02-nov-2023}@unadjustedpv => 0.09903500847207457 ||
	 | fixedstream::nzd/nzd::6::{02-nov-2018->02-nov-2023}@unadjustedrate => 0.020599999999999934 ||
	 | fixedstream::nzd/nzd::6::{02-nov-2018->02-nov-2023}@unadjustedupfront => 0.09903500847207457 ||
	 | fixedstream::nzd/nzd::6::{02-nov-2018->02-nov-2023}@upfront => 0.09903500847207457 ||
	 | fixing01 => 0.0 ||
	 | floataccrued => 0.0 ||
	 | floataccrued01 => 0.0 ||
	 | floatdv01 => -4.81952645899966E-4 ||
	 | floatstream::nzd::nzd-bbr-3m::{02-nov-2018->02-nov-2023}@accrualcoupon => NaN ||
	 | floatstream::nzd::nzd-bbr-3m::{02-nov-2018->02-nov-2023}@accrued => 0.0 ||
	 | floatstream::nzd::nzd-bbr-3m::{02-nov-2018->02-nov-2023}@accrued01 => 0.0 ||
	 | floatstream::nzd::nzd-bbr-3m::{02-nov-2018->02-nov-2023}@calctime => 1.57073E-4 ||
	 | floatstream::nzd::nzd-bbr-3m::{02-nov-2018->02-nov-2023}@cleandv01 => -4.81952645899966E-4 ||
	 | floatstream::nzd::nzd-bbr-3m::{02-nov-2018->02-nov-2023}@cleanprice => 109.9035008472075 ||
	 | floatstream::nzd::nzd-bbr-3m::{02-nov-2018->02-nov-2023}@cleanpv => -0.09903500847207505 ||
	 | floatstream::nzd::nzd-bbr-3m::{02-nov-2018->02-nov-2023}@compoundingadjustedcleandv01 => -4.81952645899966E-4 ||
	 | floatstream::nzd::nzd-bbr-3m::{02-nov-2018->02-nov-2023}@compoundingadjustedcleanprice => 109.9035008472075 ||
	 | floatstream::nzd::nzd-bbr-3m::{02-nov-2018->02-nov-2023}@compoundingadjustedcleanpv => -0.09903500847207505 ||
	 | floatstream::nzd::nzd-bbr-3m::{02-nov-2018->02-nov-2023}@compoundingadjusteddirtydv01 => -4.81952645899966E-4 ||
	 | floatstream::nzd::nzd-bbr-3m::{02-nov-2018->02-nov-2023}@compoundingadjusteddirtyprice => 109.9035008472075 ||
	 | floatstream::nzd::nzd-bbr-3m::{02-nov-2018->02-nov-2023}@compoundingadjusteddirtypv => -0.09903500847207505 ||
	 | floatstream::nzd::nzd-bbr-3m::{02-nov-2018->02-nov-2023}@compoundingadjustedfairpremium => 0.020548701063180956 ||
	 | floatstream::nzd::nzd-bbr-3m::{02-nov-2018->02-nov-2023}@compoundingadjustedparrate => 0.020548701063180956 ||
	 | floatstream::nzd::nzd-bbr-3m::{02-nov-2018->02-nov-2023}@compoundingadjustedprice => 109.9035008472075 ||
	 | floatstream::nzd::nzd-bbr-3m::{02-nov-2018->02-nov-2023}@compoundingadjustedpv => -0.09903500847207505 ||
	 | floatstream::nzd::nzd-bbr-3m::{02-nov-2018->02-nov-2023}@compoundingadjustedrate => 0.020548701063180956 ||
	 | floatstream::nzd::nzd-bbr-3m::{02-nov-2018->02-nov-2023}@compoundingadjustedupfront => -0.09903500847207505 ||
	 | floatstream::nzd::nzd-bbr-3m::{02-nov-2018->02-nov-2023}@compoundingadjustmentfactor => 1.0 ||
	 | floatstream::nzd::nzd-bbr-3m::{02-nov-2018->02-nov-2023}@compoundingadjustmentpremium => 0.0 ||
	 | floatstream::nzd::nzd-bbr-3m::{02-nov-2018->02-nov-2023}@compoundingadjustmentpremiumupfront => -0.0 ||
	 | floatstream::nzd::nzd-bbr-3m::{02-nov-2018->02-nov-2023}@creditforwardconvexityadjustedcleandv01 => -4.81952645899966E-4 ||
	 | floatstream::nzd::nzd-bbr-3m::{02-nov-2018->02-nov-2023}@creditforwardconvexityadjustedcleanprice => 109.9035008472075 ||
	 | floatstream::nzd::nzd-bbr-3m::{02-nov-2018->02-nov-2023}@creditforwardconvexityadjustedcleanpv => -0.09903500847207505 ||
	 | floatstream::nzd::nzd-bbr-3m::{02-nov-2018->02-nov-2023}@creditforwardconvexityadjusteddirtydv01 => -4.81952645899966E-4 ||
	 | floatstream::nzd::nzd-bbr-3m::{02-nov-2018->02-nov-2023}@creditforwardconvexityadjusteddirtyprice => 109.9035008472075 ||
	 | floatstream::nzd::nzd-bbr-3m::{02-nov-2018->02-nov-2023}@creditforwardconvexityadjusteddirtypv => -0.09903500847207505 ||
	 | floatstream::nzd::nzd-bbr-3m::{02-nov-2018->02-nov-2023}@creditforwardconvexityadjusteddv01 => -4.81952645899966E-4 ||
	 | floatstream::nzd::nzd-bbr-3m::{02-nov-2018->02-nov-2023}@creditforwardconvexityadjustedfairpremium => 0.020548701063180956 ||
	 | floatstream::nzd::nzd-bbr-3m::{02-nov-2018->02-nov-2023}@creditforwardconvexityadjustedparrate => 0.020548701063180956 ||
	 | floatstream::nzd::nzd-bbr-3m::{02-nov-2018->02-nov-2023}@creditforwardconvexityadjustedprice => 109.9035008472075 ||
	 | floatstream::nzd::nzd-bbr-3m::{02-nov-2018->02-nov-2023}@creditforwardconvexityadjustedpv => -0.09903500847207505 ||
	 | floatstream::nzd::nzd-bbr-3m::{02-nov-2018->02-nov-2023}@creditforwardconvexityadjustedrate => 0.020548701063180956 ||
	 | floatstream::nzd::nzd-bbr-3m::{02-nov-2018->02-nov-2023}@creditforwardconvexityadjustedupfront => -0.09903500847207505 ||
	 | floatstream::nzd::nzd-bbr-3m::{02-nov-2018->02-nov-2023}@creditforwardconvexityadjustmentfactor => 1.0 ||
	 | floatstream::nzd::nzd-bbr-3m::{02-nov-2018->02-nov-2023}@creditforwardconvexityadjustmentpremium => 0.0 ||
	 | floatstream::nzd::nzd-bbr-3m::{02-nov-2018->02-nov-2023}@creditforwardconvexityadjustmentpremiumupfront => -0.0 ||
	 | floatstream::nzd::nzd-bbr-3m::{02-nov-2018->02-nov-2023}@creditfundingconvexityadjustedcleandv01 => -4.81952645899966E-4 ||
	 | floatstream::nzd::nzd-bbr-3m::{02-nov-2018->02-nov-2023}@creditfundingconvexityadjustedcleanprice => 109.9035008472075 ||
	 | floatstream::nzd::nzd-bbr-3m::{02-nov-2018->02-nov-2023}@creditfundingconvexityadjustedcleanpv => -0.09903500847207505 ||
	 | floatstream::nzd::nzd-bbr-3m::{02-nov-2018->02-nov-2023}@creditfundingconvexityadjusteddirtydv01 => -4.81952645899966E-4 ||
	 | floatstream::nzd::nzd-bbr-3m::{02-nov-2018->02-nov-2023}@creditfundingconvexityadjusteddirtyprice => 109.9035008472075 ||
	 | floatstream::nzd::nzd-bbr-3m::{02-nov-2018->02-nov-2023}@creditfundingconvexityadjusteddirtypv => -0.09903500847207505 ||
	 | floatstream::nzd::nzd-bbr-3m::{02-nov-2018->02-nov-2023}@creditfundingconvexityadjusteddv01 => -4.81952645899966E-4 ||
	 | floatstream::nzd::nzd-bbr-3m::{02-nov-2018->02-nov-2023}@creditfundingconvexityadjustedfairpremium => 0.020548701063180956 ||
	 | floatstream::nzd::nzd-bbr-3m::{02-nov-2018->02-nov-2023}@creditfundingconvexityadjustedparrate => 0.020548701063180956 ||
	 | floatstream::nzd::nzd-bbr-3m::{02-nov-2018->02-nov-2023}@creditfundingconvexityadjustedprice => 109.9035008472075 ||
	 | floatstream::nzd::nzd-bbr-3m::{02-nov-2018->02-nov-2023}@creditfundingconvexityadjustedpv => -0.09903500847207505 ||
	 | floatstream::nzd::nzd-bbr-3m::{02-nov-2018->02-nov-2023}@creditfundingconvexityadjustedrate => 0.020548701063180956 ||
	 | floatstream::nzd::nzd-bbr-3m::{02-nov-2018->02-nov-2023}@creditfundingconvexityadjustedupfront => -0.09903500847207505 ||
	 | floatstream::nzd::nzd-bbr-3m::{02-nov-2018->02-nov-2023}@creditfundingconvexityadjustmentfactor => 1.0 ||
	 | floatstream::nzd::nzd-bbr-3m::{02-nov-2018->02-nov-2023}@creditfundingconvexityadjustmentpremium => 0.0 ||
	 | floatstream::nzd::nzd-bbr-3m::{02-nov-2018->02-nov-2023}@creditfundingconvexityadjustmentpremiumupfront => -0.0 ||
	 | floatstream::nzd::nzd-bbr-3m::{02-nov-2018->02-nov-2023}@creditfxconvexityadjustedcleandv01 => -4.81952645899966E-4 ||
	 | floatstream::nzd::nzd-bbr-3m::{02-nov-2018->02-nov-2023}@creditfxconvexityadjustedcleanprice => 109.9035008472075 ||
	 | floatstream::nzd::nzd-bbr-3m::{02-nov-2018->02-nov-2023}@creditfxconvexityadjustedcleanpv => -0.09903500847207505 ||
	 | floatstream::nzd::nzd-bbr-3m::{02-nov-2018->02-nov-2023}@creditfxconvexityadjusteddirtydv01 => -4.81952645899966E-4 ||
	 | floatstream::nzd::nzd-bbr-3m::{02-nov-2018->02-nov-2023}@creditfxconvexityadjusteddirtyprice => 109.9035008472075 ||
	 | floatstream::nzd::nzd-bbr-3m::{02-nov-2018->02-nov-2023}@creditfxconvexityadjusteddirtypv => -0.09903500847207505 ||
	 | floatstream::nzd::nzd-bbr-3m::{02-nov-2018->02-nov-2023}@creditfxconvexityadjusteddv01 => -4.81952645899966E-4 ||
	 | floatstream::nzd::nzd-bbr-3m::{02-nov-2018->02-nov-2023}@creditfxconvexityadjustedfairpremium => 0.020548701063180956 ||
	 | floatstream::nzd::nzd-bbr-3m::{02-nov-2018->02-nov-2023}@creditfxconvexityadjustedparrate => 0.020548701063180956 ||
	 | floatstream::nzd::nzd-bbr-3m::{02-nov-2018->02-nov-2023}@creditfxconvexityadjustedprice => 109.9035008472075 ||
	 | floatstream::nzd::nzd-bbr-3m::{02-nov-2018->02-nov-2023}@creditfxconvexityadjustedpv => -0.09903500847207505 ||
	 | floatstream::nzd::nzd-bbr-3m::{02-nov-2018->02-nov-2023}@creditfxconvexityadjustedrate => 0.020548701063180956 ||
	 | floatstream::nzd::nzd-bbr-3m::{02-nov-2018->02-nov-2023}@creditfxconvexityadjustedupfront => -0.09903500847207505 ||
	 | floatstream::nzd::nzd-bbr-3m::{02-nov-2018->02-nov-2023}@creditfxconvexityadjustmentfactor => 1.0 ||
	 | floatstream::nzd::nzd-bbr-3m::{02-nov-2018->02-nov-2023}@creditfxconvexityadjustmentpremium => 0.0 ||
	 | floatstream::nzd::nzd-bbr-3m::{02-nov-2018->02-nov-2023}@creditfxconvexityadjustmentpremiumupfront => -0.0 ||
	 | floatstream::nzd::nzd-bbr-3m::{02-nov-2018->02-nov-2023}@cumulativeconvexityadjustedcleandv01 => -4.81952645899966E-4 ||
	 | floatstream::nzd::nzd-bbr-3m::{02-nov-2018->02-nov-2023}@cumulativeconvexityadjustedcleanprice => 109.9035008472075 ||
	 | floatstream::nzd::nzd-bbr-3m::{02-nov-2018->02-nov-2023}@cumulativeconvexityadjustedcleanpv => -0.09903500847207505 ||
	 | floatstream::nzd::nzd-bbr-3m::{02-nov-2018->02-nov-2023}@cumulativeconvexityadjusteddirtydv01 => -4.81952645899966E-4 ||
	 | floatstream::nzd::nzd-bbr-3m::{02-nov-2018->02-nov-2023}@cumulativeconvexityadjusteddirtyprice => 109.9035008472075 ||
	 | floatstream::nzd::nzd-bbr-3m::{02-nov-2018->02-nov-2023}@cumulativeconvexityadjusteddirtypv => -0.09903500847207505 ||
	 | floatstream::nzd::nzd-bbr-3m::{02-nov-2018->02-nov-2023}@cumulativeconvexityadjusteddv01 => -4.81952645899966E-4 ||
	 | floatstream::nzd::nzd-bbr-3m::{02-nov-2018->02-nov-2023}@cumulativeconvexityadjustedfairpremium => 0.020548701063180956 ||
	 | floatstream::nzd::nzd-bbr-3m::{02-nov-2018->02-nov-2023}@cumulativeconvexityadjustedparrate => 0.020548701063180956 ||
	 | floatstream::nzd::nzd-bbr-3m::{02-nov-2018->02-nov-2023}@cumulativeconvexityadjustedprice => 109.9035008472075 ||
	 | floatstream::nzd::nzd-bbr-3m::{02-nov-2018->02-nov-2023}@cumulativeconvexityadjustedpv => -0.09903500847207505 ||
	 | floatstream::nzd::nzd-bbr-3m::{02-nov-2018->02-nov-2023}@cumulativeconvexityadjustedrate => 0.020548701063180956 ||
	 | floatstream::nzd::nzd-bbr-3m::{02-nov-2018->02-nov-2023}@cumulativeconvexityadjustedupfront => -0.09903500847207505 ||
	 | floatstream::nzd::nzd-bbr-3m::{02-nov-2018->02-nov-2023}@cumulativeconvexityadjustmentfactor => 1.0 ||
	 | floatstream::nzd::nzd-bbr-3m::{02-nov-2018->02-nov-2023}@cumulativeconvexityadjustmentpremium => 0.0 ||
	 | floatstream::nzd::nzd-bbr-3m::{02-nov-2018->02-nov-2023}@cumulativeconvexityadjustmentpremiumupfront => -0.0 ||
	 | floatstream::nzd::nzd-bbr-3m::{02-nov-2018->02-nov-2023}@cumulativecouponamount => 0.0 ||
	 | floatstream::nzd::nzd-bbr-3m::{02-nov-2018->02-nov-2023}@cumulativecoupondcf => 0.0 ||
	 | floatstream::nzd::nzd-bbr-3m::{02-nov-2018->02-nov-2023}@cv01 => -4.81952645899966E-4 ||
	 | floatstream::nzd::nzd-bbr-3m::{02-nov-2018->02-nov-2023}@dirtydv01 => -4.81952645899966E-4 ||
	 | floatstream::nzd::nzd-bbr-3m::{02-nov-2018->02-nov-2023}@dirtyprice => 109.9035008472075 ||
	 | floatstream::nzd::nzd-bbr-3m::{02-nov-2018->02-nov-2023}@dirtypv => -0.09903500847207505 ||
	 | floatstream::nzd::nzd-bbr-3m::{02-nov-2018->02-nov-2023}@dv01 => -4.81952645899966E-4 ||
	 | floatstream::nzd::nzd-bbr-3m::{02-nov-2018->02-nov-2023}@fairpremium => 0.020548701063180956 ||
	 | floatstream::nzd::nzd-bbr-3m::{02-nov-2018->02-nov-2023}@fixing01 => 0.0 ||
	 | floatstream::nzd::nzd-bbr-3m::{02-nov-2018->02-nov-2023}@forwardfundingconvexityadjustedcleandv01 => -4.81952645899966E-4 ||
	 | floatstream::nzd::nzd-bbr-3m::{02-nov-2018->02-nov-2023}@forwardfundingconvexityadjustedcleanprice => 109.9035008472075 ||
	 | floatstream::nzd::nzd-bbr-3m::{02-nov-2018->02-nov-2023}@forwardfundingconvexityadjustedcleanpv => -0.09903500847207505 ||
	 | floatstream::nzd::nzd-bbr-3m::{02-nov-2018->02-nov-2023}@forwardfundingconvexityadjusteddirtydv01 => -4.81952645899966E-4 ||
	 | floatstream::nzd::nzd-bbr-3m::{02-nov-2018->02-nov-2023}@forwardfundingconvexityadjusteddirtyprice => 109.9035008472075 ||
	 | floatstream::nzd::nzd-bbr-3m::{02-nov-2018->02-nov-2023}@forwardfundingconvexityadjusteddirtypv => -0.09903500847207505 ||
	 | floatstream::nzd::nzd-bbr-3m::{02-nov-2018->02-nov-2023}@forwardfundingconvexityadjusteddv01 => -4.81952645899966E-4 ||
	 | floatstream::nzd::nzd-bbr-3m::{02-nov-2018->02-nov-2023}@forwardfundingconvexityadjustedfairpremium => 0.020548701063180956 ||
	 | floatstream::nzd::nzd-bbr-3m::{02-nov-2018->02-nov-2023}@forwardfundingconvexityadjustedparrate => 0.020548701063180956 ||
	 | floatstream::nzd::nzd-bbr-3m::{02-nov-2018->02-nov-2023}@forwardfundingconvexityadjustedprice => 109.9035008472075 ||
	 | floatstream::nzd::nzd-bbr-3m::{02-nov-2018->02-nov-2023}@forwardfundingconvexityadjustedpv => -0.09903500847207505 ||
	 | floatstream::nzd::nzd-bbr-3m::{02-nov-2018->02-nov-2023}@forwardfundingconvexityadjustedrate => 0.020548701063180956 ||
	 | floatstream::nzd::nzd-bbr-3m::{02-nov-2018->02-nov-2023}@forwardfundingconvexityadjustedupfront => -0.09903500847207505 ||
	 | floatstream::nzd::nzd-bbr-3m::{02-nov-2018->02-nov-2023}@forwardfundingconvexityadjustmentfactor => 1.0 ||
	 | floatstream::nzd::nzd-bbr-3m::{02-nov-2018->02-nov-2023}@forwardfundingconvexityadjustmentpremium => 0.0 ||
	 | floatstream::nzd::nzd-bbr-3m::{02-nov-2018->02-nov-2023}@forwardfundingconvexityadjustmentpremiumupfront => -0.0 ||
	 | floatstream::nzd::nzd-bbr-3m::{02-nov-2018->02-nov-2023}@forwardfxconvexityadjustedcleandv01 => -4.81952645899966E-4 ||
	 | floatstream::nzd::nzd-bbr-3m::{02-nov-2018->02-nov-2023}@forwardfxconvexityadjustedcleanprice => 109.9035008472075 ||
	 | floatstream::nzd::nzd-bbr-3m::{02-nov-2018->02-nov-2023}@forwardfxconvexityadjustedcleanpv => -0.09903500847207505 ||
	 | floatstream::nzd::nzd-bbr-3m::{02-nov-2018->02-nov-2023}@forwardfxconvexityadjusteddirtydv01 => -4.81952645899966E-4 ||
	 | floatstream::nzd::nzd-bbr-3m::{02-nov-2018->02-nov-2023}@forwardfxconvexityadjusteddirtyprice => 109.9035008472075 ||
	 | floatstream::nzd::nzd-bbr-3m::{02-nov-2018->02-nov-2023}@forwardfxconvexityadjusteddirtypv => -0.09903500847207505 ||
	 | floatstream::nzd::nzd-bbr-3m::{02-nov-2018->02-nov-2023}@forwardfxconvexityadjusteddv01 => -4.81952645899966E-4 ||
	 | floatstream::nzd::nzd-bbr-3m::{02-nov-2018->02-nov-2023}@forwardfxconvexityadjustedfairpremium => 0.020548701063180956 ||
	 | floatstream::nzd::nzd-bbr-3m::{02-nov-2018->02-nov-2023}@forwardfxconvexityadjustedparrate => 0.020548701063180956 ||
	 | floatstream::nzd::nzd-bbr-3m::{02-nov-2018->02-nov-2023}@forwardfxconvexityadjustedprice => 109.9035008472075 ||
	 | floatstream::nzd::nzd-bbr-3m::{02-nov-2018->02-nov-2023}@forwardfxconvexityadjustedpv => -0.09903500847207505 ||
	 | floatstream::nzd::nzd-bbr-3m::{02-nov-2018->02-nov-2023}@forwardfxconvexityadjustedrate => 0.020548701063180956 ||
	 | floatstream::nzd::nzd-bbr-3m::{02-nov-2018->02-nov-2023}@forwardfxconvexityadjustedupfront => -0.09903500847207505 ||
	 | floatstream::nzd::nzd-bbr-3m::{02-nov-2018->02-nov-2023}@forwardfxconvexityadjustmentfactor => 1.0 ||
	 | floatstream::nzd::nzd-bbr-3m::{02-nov-2018->02-nov-2023}@forwardfxconvexityadjustmentpremium => 0.0 ||
	 | floatstream::nzd::nzd-bbr-3m::{02-nov-2018->02-nov-2023}@forwardfxconvexityadjustmentpremiumupfront => -0.0 ||
	 | floatstream::nzd::nzd-bbr-3m::{02-nov-2018->02-nov-2023}@fundingfxconvexityadjustedcleandv01 => -4.81952645899966E-4 ||
	 | floatstream::nzd::nzd-bbr-3m::{02-nov-2018->02-nov-2023}@fundingfxconvexityadjustedcleanprice => 109.9035008472075 ||
	 | floatstream::nzd::nzd-bbr-3m::{02-nov-2018->02-nov-2023}@fundingfxconvexityadjustedcleanpv => -0.09903500847207505 ||
	 | floatstream::nzd::nzd-bbr-3m::{02-nov-2018->02-nov-2023}@fundingfxconvexityadjusteddirtydv01 => -4.81952645899966E-4 ||
	 | floatstream::nzd::nzd-bbr-3m::{02-nov-2018->02-nov-2023}@fundingfxconvexityadjusteddirtyprice => 109.9035008472075 ||
	 | floatstream::nzd::nzd-bbr-3m::{02-nov-2018->02-nov-2023}@fundingfxconvexityadjusteddirtypv => -0.09903500847207505 ||
	 | floatstream::nzd::nzd-bbr-3m::{02-nov-2018->02-nov-2023}@fundingfxconvexityadjusteddv01 => -4.81952645899966E-4 ||
	 | floatstream::nzd::nzd-bbr-3m::{02-nov-2018->02-nov-2023}@fundingfxconvexityadjustedfairpremium => 0.020548701063180956 ||
	 | floatstream::nzd::nzd-bbr-3m::{02-nov-2018->02-nov-2023}@fundingfxconvexityadjustedparrate => 0.020548701063180956 ||
	 | floatstream::nzd::nzd-bbr-3m::{02-nov-2018->02-nov-2023}@fundingfxconvexityadjustedprice => 109.9035008472075 ||
	 | floatstream::nzd::nzd-bbr-3m::{02-nov-2018->02-nov-2023}@fundingfxconvexityadjustedpv => -0.09903500847207505 ||
	 | floatstream::nzd::nzd-bbr-3m::{02-nov-2018->02-nov-2023}@fundingfxconvexityadjustedrate => 0.020548701063180956 ||
	 | floatstream::nzd::nzd-bbr-3m::{02-nov-2018->02-nov-2023}@fundingfxconvexityadjustedupfront => -0.09903500847207505 ||
	 | floatstream::nzd::nzd-bbr-3m::{02-nov-2018->02-nov-2023}@fundingfxconvexityadjustmentfactor => 1.0 ||
	 | floatstream::nzd::nzd-bbr-3m::{02-nov-2018->02-nov-2023}@fundingfxconvexityadjustmentpremium => 0.0 ||
	 | floatstream::nzd::nzd-bbr-3m::{02-nov-2018->02-nov-2023}@fundingfxconvexityadjustmentpremiumupfront => -0.0 ||
	 | floatstream::nzd::nzd-bbr-3m::{02-nov-2018->02-nov-2023}@parrate => 0.020548701063180956 ||
	 | floatstream::nzd::nzd-bbr-3m::{02-nov-2018->02-nov-2023}@price => 109.9035008472075 ||
	 | floatstream::nzd::nzd-bbr-3m::{02-nov-2018->02-nov-2023}@pv => -0.09903500847207505 ||
	 | floatstream::nzd::nzd-bbr-3m::{02-nov-2018->02-nov-2023}@rate => 0.020548701063180956 ||
	 | floatstream::nzd::nzd-bbr-3m::{02-nov-2018->02-nov-2023}@resetdate => -2.147483648E9 ||
	 | floatstream::nzd::nzd-bbr-3m::{02-nov-2018->02-nov-2023}@resetrate => NaN ||
	 | floatstream::nzd::nzd-bbr-3m::{02-nov-2018->02-nov-2023}@totalcoupon => 0.4181781297329291 ||
	 | floatstream::nzd::nzd-bbr-3m::{02-nov-2018->02-nov-2023}@unadjustedcleandv01 => -4.81952645899966E-4 ||
	 | floatstream::nzd::nzd-bbr-3m::{02-nov-2018->02-nov-2023}@unadjustedcleanprice => 109.9035008472075 ||
	 | floatstream::nzd::nzd-bbr-3m::{02-nov-2018->02-nov-2023}@unadjustedcleanpv => -0.09903500847207505 ||
	 | floatstream::nzd::nzd-bbr-3m::{02-nov-2018->02-nov-2023}@unadjusteddirtydv01 => -4.81952645899966E-4 ||
	 | floatstream::nzd::nzd-bbr-3m::{02-nov-2018->02-nov-2023}@unadjusteddirtyprice => 109.9035008472075 ||
	 | floatstream::nzd::nzd-bbr-3m::{02-nov-2018->02-nov-2023}@unadjusteddirtypv => -0.09903500847207505 ||
	 | floatstream::nzd::nzd-bbr-3m::{02-nov-2018->02-nov-2023}@unadjustedfairpremium => 0.020548701063180956 ||
	 | floatstream::nzd::nzd-bbr-3m::{02-nov-2018->02-nov-2023}@unadjustedparrate => 0.020548701063180956 ||
	 | floatstream::nzd::nzd-bbr-3m::{02-nov-2018->02-nov-2023}@unadjustedprice => 109.9035008472075 ||
	 | floatstream::nzd::nzd-bbr-3m::{02-nov-2018->02-nov-2023}@unadjustedpv => -0.09903500847207505 ||
	 | floatstream::nzd::nzd-bbr-3m::{02-nov-2018->02-nov-2023}@unadjustedrate => 0.020548701063180956 ||
	 | floatstream::nzd::nzd-bbr-3m::{02-nov-2018->02-nov-2023}@unadjustedupfront => -0.09903500847207505 ||
	 | floatstream::nzd::nzd-bbr-3m::{02-nov-2018->02-nov-2023}@upfront => -0.09903500847207505 ||
	 | initialnotional => 1.0 ||
	 | parfixedcoupon => 0.020600000000000035 ||
	 | parrate => 0.020600000000000035 ||
	 | parswaprate => 0.020600000000000035 ||
	 | price => 99.99999999999996 ||
	 | pv => -4.85722573273506E-16 ||
	 | rate => 0.020600000000000035 ||
	 | referenceaccrued => 0.0 ||
	 | referenceaccrued01 => 0.0 ||
	 | referencecleandv01 => 4.807524683110432E-4 ||
	 | referencecleanpv => 0.09903500847207457 ||
	 | referencecumulativeconvexityadjustmentfactor => 1.0 ||
	 | referencecumulativeconvexityadjustmentpremium => 0.0 ||
	 | referencecumulativecouponamount => 0.0 ||
	 | referencecumulativecoupondcf => 0.0 ||
	 | referencedirtydv01 => 4.807524683110432E-4 ||
	 | referencedirtypv => 0.09903500847207457 ||
	 | referencedv01 => 4.807524683110432E-4 ||
	 | referenceparbasisspread => 1.0103381787719647E-12 ||
	 | referencepv => 0.09903500847207457 ||
	 | resetdate => -2.147483648E9 ||
	 | resetrate => NaN ||
	 | swaprate => 0.020600000000000035 ||
	 | upfront => -4.85722573273506E-16 ||
	 |------------------------------||


		|---------------------------------------------------------------------------------------------------------------------||
		|    Floating Stream Cash Flow Details                                                                                ||
		|    -------- ------ ---- ---- -------                                                                                ||
		|               Start Date                                                                                            ||
		|               End Date                                                                                              ||
		|               Pay Date                                                                                              ||
		|               FX Fixing Date                                                                                        ||
		|               Base Notional                                                                                         ||
		|               Period DCF                                                                                            ||
		|               Tenor                                                                                                 ||
		|               Funding Label                                                                                         ||
		|               Forward Label                                                                                         ||
		|               Pay Discount Factor                                                                                   ||
		|               Coupon Rate                                                                                           ||
		|---------------------------------------------------------------------------------------------------------------------||
		| [02-NOV-2018 - 02-FEB-2019] => 02-FEB-2019 | 02-FEB-2019 | -1.0000 |  0.2521 | 3M | NZD | NZD-BBR-3M |  0.9994 |  0.23% ||
		| [02-FEB-2019 - 02-MAY-2019] => 02-MAY-2019 | 02-MAY-2019 | -1.0000 |  0.2438 | 3M | NZD | NZD-BBR-3M |  0.9987 |  0.30% ||
		| [02-MAY-2019 - 02-AUG-2019] => 02-AUG-2019 | 02-AUG-2019 | -1.0000 |  0.2521 | 3M | NZD | NZD-BBR-3M |  0.9978 |  0.36% ||
		| [02-AUG-2019 - 02-NOV-2019] => 02-NOV-2019 | 02-NOV-2019 | -1.0000 |  0.2521 | 3M | NZD | NZD-BBR-3M |  0.9966 |  0.47% ||
		| [02-NOV-2019 - 02-FEB-2020] => 02-FEB-2020 | 02-FEB-2020 | -1.0000 |  0.2521 | 3M | NZD | NZD-BBR-3M |  0.9950 |  0.65% ||
		| [02-FEB-2020 - 02-MAY-2020] => 02-MAY-2020 | 02-MAY-2020 | -1.0000 |  0.2466 | 3M | NZD | NZD-BBR-3M |  0.9927 |  0.91% ||
		| [02-MAY-2020 - 02-AUG-2020] => 02-AUG-2020 | 02-AUG-2020 | -1.0000 |  0.2521 | 3M | NZD | NZD-BBR-3M |  0.9898 |  1.19% ||
		| [02-AUG-2020 - 02-NOV-2020] => 02-NOV-2020 | 02-NOV-2020 | -1.0000 |  0.2521 | 3M | NZD | NZD-BBR-3M |  0.9861 |  1.49% ||
		| [02-NOV-2020 - 02-FEB-2021] => 02-FEB-2021 | 02-FEB-2021 | -1.0000 |  0.2521 | 3M | NZD | NZD-BBR-3M |  0.9745 |  4.71% ||
		| [02-FEB-2021 - 02-MAY-2021] => 02-MAY-2021 | 02-MAY-2021 | -1.0000 |  0.2438 | 3M | NZD | NZD-BBR-3M |  0.9704 |  1.71% ||
		| [02-MAY-2021 - 02-AUG-2021] => 02-AUG-2021 | 02-AUG-2021 | -1.0000 |  0.2521 | 3M | NZD | NZD-BBR-3M |  0.9659 |  1.89% ||
		| [02-AUG-2021 - 02-NOV-2021] => 02-NOV-2021 | 02-NOV-2021 | -1.0000 |  0.2521 | 3M | NZD | NZD-BBR-3M |  0.9608 |  2.09% ||
		| [02-NOV-2021 - 02-FEB-2022] => 02-FEB-2022 | 02-FEB-2022 | -1.0000 |  0.2521 | 3M | NZD | NZD-BBR-3M |  0.9552 |  2.31% ||
		| [02-FEB-2022 - 02-MAY-2022] => 02-MAY-2022 | 02-MAY-2022 | -1.0000 |  0.2438 | 3M | NZD | NZD-BBR-3M |  0.9493 |  2.55% ||
		| [02-MAY-2022 - 02-AUG-2022] => 02-AUG-2022 | 02-AUG-2022 | -1.0000 |  0.2521 | 3M | NZD | NZD-BBR-3M |  0.9426 |  2.82% ||
		| [02-AUG-2022 - 02-NOV-2022] => 02-NOV-2022 | 02-NOV-2022 | -1.0000 |  0.2521 | 3M | NZD | NZD-BBR-3M |  0.9353 |  3.11% ||
		| [02-NOV-2022 - 02-FEB-2023] => 02-FEB-2023 | 02-FEB-2023 | -1.0000 |  0.2521 | 3M | NZD | NZD-BBR-3M |  0.9273 |  3.41% ||
		| [02-FEB-2023 - 02-MAY-2023] => 02-MAY-2023 | 02-MAY-2023 | -1.0000 |  0.2438 | 3M | NZD | NZD-BBR-3M |  0.9191 |  3.67% ||
		| [02-MAY-2023 - 02-AUG-2023] => 02-AUG-2023 | 02-AUG-2023 | -1.0000 |  0.2521 | 3M | NZD | NZD-BBR-3M |  0.9102 |  3.89% ||
		| [02-AUG-2023 - 02-NOV-2023] => 02-NOV-2023 | 02-NOV-2023 | -1.0000 |  0.2521 | 3M | NZD | NZD-BBR-3M |  0.9010 |  4.06% ||
		|---------------------------------------------------------------------------------------------------------------------||


		|--------------------------------------------------------------------------------------------------------||
		|    Fixed Stream Cash Flow Details                                                                      ||
		|    ----- ------ ---- ---- -------                                                                      ||
		|               Start Date                                                                               ||
		|               End Date                                                                                 ||
		|               Pay Date                                                                                 ||
		|               FX Fixing Date                                                                           ||
		|               Base Notional                                                                            ||
		|               Period DCF                                                                               ||
		|               Tenor                                                                                    ||
		|               Funding Label                                                                            ||
		|               Pay Discount Factor                                                                      ||
		|               Coupon Rate                                                                              ||
		|--------------------------------------------------------------------------------------------------------||
		| [02-NOV-2018 - 02-MAY-2019] => 02-MAY-2019 | 02-MAY-2019 |  1.0000 |  0.4959 | 6M | NZD |  0.9987 |  2.06% ||
		| [02-MAY-2019 - 02-NOV-2019] => 02-NOV-2019 | 02-NOV-2019 |  1.0000 |  0.5041 | 6M | NZD |  0.9966 |  2.06% ||
		| [02-NOV-2019 - 02-MAY-2020] => 02-MAY-2020 | 02-MAY-2020 |  1.0000 |  0.4986 | 6M | NZD |  0.9927 |  2.06% ||
		| [02-MAY-2020 - 02-NOV-2020] => 02-NOV-2020 | 02-NOV-2020 |  1.0000 |  0.5041 | 6M | NZD |  0.9861 |  2.06% ||
		| [02-NOV-2020 - 02-MAY-2021] => 02-MAY-2021 | 02-MAY-2021 |  1.0000 |  0.4959 | 6M | NZD |  0.9704 |  2.06% ||
		| [02-MAY-2021 - 02-NOV-2021] => 02-NOV-2021 | 02-NOV-2021 |  1.0000 |  0.5041 | 6M | NZD |  0.9608 |  2.06% ||
		| [02-NOV-2021 - 02-MAY-2022] => 02-MAY-2022 | 02-MAY-2022 |  1.0000 |  0.4959 | 6M | NZD |  0.9493 |  2.06% ||
		| [02-MAY-2022 - 02-NOV-2022] => 02-NOV-2022 | 02-NOV-2022 |  1.0000 |  0.5041 | 6M | NZD |  0.9353 |  2.06% ||
		| [02-NOV-2022 - 02-MAY-2023] => 02-MAY-2023 | 02-MAY-2023 |  1.0000 |  0.4959 | 6M | NZD |  0.9191 |  2.06% ||
		| [02-MAY-2023 - 02-NOV-2023] => 02-NOV-2023 | 02-NOV-2023 |  1.0000 |  0.5041 | 6M | NZD |  0.9010 |  2.06% ||
		|--------------------------------------------------------------------------------------------------------||

	|-----------------------------------------------------------------|
	|    Copyright (C) 2011-2018 (DRIP)
	|-----------------------------------------------------------------|
	|    Build Version  => 3.86.0 multi mode
	|    Build JVM (TM) => 1.8.0_112
	|    Build Snap     => Fri Nov 02 21:22:20 EST 2018
	|    Start Time     => Fri Nov 02 23:11:30 EDT 2018
	|    Setup Time     => Fri Nov 02 23:11:30 EDT 2018
	|    Setup Duration => 0 ms
	|-----------------------------------------------------------------|

	 | accrued => 0.0 ||
	 | calctime => 3.4435300000000004E-4 ||
	 | calibfloatingpv => 0.09821883356101246 ||
	 | calibswaprate => 0.020600000000000028 ||
	 | cleanfixeddv01 => 4.767904541796715E-4 ||
	 | cleanfloatingdv01 => -4.8086390468957E-4 ||
	 | cleanfloatingpv => -0.09821883356101271 ||
	 | cleanprice => 99.99999999999997 ||
	 | cleanpv => -2.498001805406602E-16 ||
	 | cumulativeconvexityadjustmentpremium => 0.0 ||
	 | cumulativecouponamount => 0.0 ||
	 | cumulativecoupondcf => 0.0 ||
	 | derivedaccrued => 0.0 ||
	 | derivedaccrued01 => 0.0 ||
	 | derivedcleandv01 => -4.8086390468957E-4 ||
	 | derivedcleanpv => -0.09821883356101271 ||
	 | derivedcumulativeconvexityadjustmentfactor => 1.0 ||
	 | derivedcumulativeconvexityadjustmentpremium => -0.0 ||
	 | derivedcumulativecouponamount => 0.0 ||
	 | derivedcumulativecoupondcf => 0.0 ||
	 | deriveddirtydv01 => -4.8086390468957E-4 ||
	 | deriveddirtypv => -0.09821883356101271 ||
	 | deriveddv01 => -4.8086390468957E-4 ||
	 | derivedfixing01 => 0.0 ||
	 | derivedparbasisspread => -5.194820782024033E-13 ||
	 | derivedpv => -0.09821883356101271 ||
	 | derivedresetdate => -2.147483648E9 ||
	 | derivedresetrate => NaN ||
	 | dirtyfixeddv01 => 4.767904541796715E-4 ||
	 | dirtyfixedpv => 0.09821883356101246 ||
	 | dirtyfloatingdv01 => -4.8086390468957E-4 ||
	 | dirtyfloatingpv => -0.09821883356101271 ||
	 | dirtyprice => 99.99999999999997 ||
	 | dirtypv => -2.498001805406602E-16 ||
	 | fairpremium => 0.020600000000000084 ||
	 | fixedaccrued => 0.0 ||
	 | fixedaccrued01 => 0.0 ||
	 | fixeddv01 => 4.767904541796715E-4 ||
	 | fixedstream::pln/pln::12::{06-nov-2018->06-nov-2023}@accrualcoupon => NaN ||
	 | fixedstream::pln/pln::12::{06-nov-2018->06-nov-2023}@accrued => 0.0 ||
	 | fixedstream::pln/pln::12::{06-nov-2018->06-nov-2023}@accrued01 => 0.0 ||
	 | fixedstream::pln/pln::12::{06-nov-2018->06-nov-2023}@calctime => 5.7392E-5 ||
	 | fixedstream::pln/pln::12::{06-nov-2018->06-nov-2023}@cleandv01 => 4.767904541796715E-4 ||
	 | fixedstream::pln/pln::12::{06-nov-2018->06-nov-2023}@cleanprice => 109.82188335610124 ||
	 | fixedstream::pln/pln::12::{06-nov-2018->06-nov-2023}@cleanpv => 0.09821883356101246 ||
	 | fixedstream::pln/pln::12::{06-nov-2018->06-nov-2023}@compoundingadjustedcleandv01 => 4.767904541796715E-4 ||
	 | fixedstream::pln/pln::12::{06-nov-2018->06-nov-2023}@compoundingadjustedcleanprice => 109.82188335610124 ||
	 | fixedstream::pln/pln::12::{06-nov-2018->06-nov-2023}@compoundingadjustedcleanpv => 0.09821883356101246 ||
	 | fixedstream::pln/pln::12::{06-nov-2018->06-nov-2023}@compoundingadjusteddirtydv01 => 4.767904541796715E-4 ||
	 | fixedstream::pln/pln::12::{06-nov-2018->06-nov-2023}@compoundingadjusteddirtyprice => 109.82188335610124 ||
	 | fixedstream::pln/pln::12::{06-nov-2018->06-nov-2023}@compoundingadjusteddirtypv => 0.09821883356101246 ||
	 | fixedstream::pln/pln::12::{06-nov-2018->06-nov-2023}@compoundingadjustedfairpremium => 0.020600000000000028 ||
	 | fixedstream::pln/pln::12::{06-nov-2018->06-nov-2023}@compoundingadjustedparrate => 0.020600000000000028 ||
	 | fixedstream::pln/pln::12::{06-nov-2018->06-nov-2023}@compoundingadjustedprice => 109.82188335610124 ||
	 | fixedstream::pln/pln::12::{06-nov-2018->06-nov-2023}@compoundingadjustedpv => 0.09821883356101246 ||
	 | fixedstream::pln/pln::12::{06-nov-2018->06-nov-2023}@compoundingadjustedrate => 0.020600000000000028 ||
	 | fixedstream::pln/pln::12::{06-nov-2018->06-nov-2023}@compoundingadjustedupfront => 0.09821883356101246 ||
	 | fixedstream::pln/pln::12::{06-nov-2018->06-nov-2023}@compoundingadjustmentfactor => 1.0 ||
	 | fixedstream::pln/pln::12::{06-nov-2018->06-nov-2023}@compoundingadjustmentpremium => 0.0 ||
	 | fixedstream::pln/pln::12::{06-nov-2018->06-nov-2023}@compoundingadjustmentpremiumupfront => 0.0 ||
	 | fixedstream::pln/pln::12::{06-nov-2018->06-nov-2023}@creditforwardconvexityadjustedcleandv01 => 4.767904541796715E-4 ||
	 | fixedstream::pln/pln::12::{06-nov-2018->06-nov-2023}@creditforwardconvexityadjustedcleanprice => 109.82188335610124 ||
	 | fixedstream::pln/pln::12::{06-nov-2018->06-nov-2023}@creditforwardconvexityadjustedcleanpv => 0.09821883356101246 ||
	 | fixedstream::pln/pln::12::{06-nov-2018->06-nov-2023}@creditforwardconvexityadjusteddirtydv01 => 4.767904541796715E-4 ||
	 | fixedstream::pln/pln::12::{06-nov-2018->06-nov-2023}@creditforwardconvexityadjusteddirtyprice => 109.82188335610124 ||
	 | fixedstream::pln/pln::12::{06-nov-2018->06-nov-2023}@creditforwardconvexityadjusteddirtypv => 0.09821883356101246 ||
	 | fixedstream::pln/pln::12::{06-nov-2018->06-nov-2023}@creditforwardconvexityadjusteddv01 => 4.767904541796715E-4 ||
	 | fixedstream::pln/pln::12::{06-nov-2018->06-nov-2023}@creditforwardconvexityadjustedfairpremium => 0.020600000000000028 ||
	 | fixedstream::pln/pln::12::{06-nov-2018->06-nov-2023}@creditforwardconvexityadjustedparrate => 0.020600000000000028 ||
	 | fixedstream::pln/pln::12::{06-nov-2018->06-nov-2023}@creditforwardconvexityadjustedprice => 109.82188335610124 ||
	 | fixedstream::pln/pln::12::{06-nov-2018->06-nov-2023}@creditforwardconvexityadjustedpv => 0.09821883356101246 ||
	 | fixedstream::pln/pln::12::{06-nov-2018->06-nov-2023}@creditforwardconvexityadjustedrate => 0.020600000000000028 ||
	 | fixedstream::pln/pln::12::{06-nov-2018->06-nov-2023}@creditforwardconvexityadjustedupfront => 0.09821883356101246 ||
	 | fixedstream::pln/pln::12::{06-nov-2018->06-nov-2023}@creditforwardconvexityadjustmentfactor => 1.0 ||
	 | fixedstream::pln/pln::12::{06-nov-2018->06-nov-2023}@creditforwardconvexityadjustmentpremium => 0.0 ||
	 | fixedstream::pln/pln::12::{06-nov-2018->06-nov-2023}@creditforwardconvexityadjustmentpremiumupfront => 0.0 ||
	 | fixedstream::pln/pln::12::{06-nov-2018->06-nov-2023}@creditfundingconvexityadjustedcleandv01 => 4.767904541796715E-4 ||
	 | fixedstream::pln/pln::12::{06-nov-2018->06-nov-2023}@creditfundingconvexityadjustedcleanprice => 109.82188335610124 ||
	 | fixedstream::pln/pln::12::{06-nov-2018->06-nov-2023}@creditfundingconvexityadjustedcleanpv => 0.09821883356101246 ||
	 | fixedstream::pln/pln::12::{06-nov-2018->06-nov-2023}@creditfundingconvexityadjusteddirtydv01 => 4.767904541796715E-4 ||
	 | fixedstream::pln/pln::12::{06-nov-2018->06-nov-2023}@creditfundingconvexityadjusteddirtyprice => 109.82188335610124 ||
	 | fixedstream::pln/pln::12::{06-nov-2018->06-nov-2023}@creditfundingconvexityadjusteddirtypv => 0.09821883356101246 ||
	 | fixedstream::pln/pln::12::{06-nov-2018->06-nov-2023}@creditfundingconvexityadjusteddv01 => 4.767904541796715E-4 ||
	 | fixedstream::pln/pln::12::{06-nov-2018->06-nov-2023}@creditfundingconvexityadjustedfairpremium => 0.020600000000000028 ||
	 | fixedstream::pln/pln::12::{06-nov-2018->06-nov-2023}@creditfundingconvexityadjustedparrate => 0.020600000000000028 ||
	 | fixedstream::pln/pln::12::{06-nov-2018->06-nov-2023}@creditfundingconvexityadjustedprice => 109.82188335610124 ||
	 | fixedstream::pln/pln::12::{06-nov-2018->06-nov-2023}@creditfundingconvexityadjustedpv => 0.09821883356101246 ||
	 | fixedstream::pln/pln::12::{06-nov-2018->06-nov-2023}@creditfundingconvexityadjustedrate => 0.020600000000000028 ||
	 | fixedstream::pln/pln::12::{06-nov-2018->06-nov-2023}@creditfundingconvexityadjustedupfront => 0.09821883356101246 ||
	 | fixedstream::pln/pln::12::{06-nov-2018->06-nov-2023}@creditfundingconvexityadjustmentfactor => 1.0 ||
	 | fixedstream::pln/pln::12::{06-nov-2018->06-nov-2023}@creditfundingconvexityadjustmentpremium => 0.0 ||
	 | fixedstream::pln/pln::12::{06-nov-2018->06-nov-2023}@creditfundingconvexityadjustmentpremiumupfront => 0.0 ||
	 | fixedstream::pln/pln::12::{06-nov-2018->06-nov-2023}@creditfxconvexityadjustedcleandv01 => 4.767904541796715E-4 ||
	 | fixedstream::pln/pln::12::{06-nov-2018->06-nov-2023}@creditfxconvexityadjustedcleanprice => 109.82188335610124 ||
	 | fixedstream::pln/pln::12::{06-nov-2018->06-nov-2023}@creditfxconvexityadjustedcleanpv => 0.09821883356101246 ||
	 | fixedstream::pln/pln::12::{06-nov-2018->06-nov-2023}@creditfxconvexityadjusteddirtydv01 => 4.767904541796715E-4 ||
	 | fixedstream::pln/pln::12::{06-nov-2018->06-nov-2023}@creditfxconvexityadjusteddirtyprice => 109.82188335610124 ||
	 | fixedstream::pln/pln::12::{06-nov-2018->06-nov-2023}@creditfxconvexityadjusteddirtypv => 0.09821883356101246 ||
	 | fixedstream::pln/pln::12::{06-nov-2018->06-nov-2023}@creditfxconvexityadjusteddv01 => 4.767904541796715E-4 ||
	 | fixedstream::pln/pln::12::{06-nov-2018->06-nov-2023}@creditfxconvexityadjustedfairpremium => 0.020600000000000028 ||
	 | fixedstream::pln/pln::12::{06-nov-2018->06-nov-2023}@creditfxconvexityadjustedparrate => 0.020600000000000028 ||
	 | fixedstream::pln/pln::12::{06-nov-2018->06-nov-2023}@creditfxconvexityadjustedprice => 109.82188335610124 ||
	 | fixedstream::pln/pln::12::{06-nov-2018->06-nov-2023}@creditfxconvexityadjustedpv => 0.09821883356101246 ||
	 | fixedstream::pln/pln::12::{06-nov-2018->06-nov-2023}@creditfxconvexityadjustedrate => 0.020600000000000028 ||
	 | fixedstream::pln/pln::12::{06-nov-2018->06-nov-2023}@creditfxconvexityadjustedupfront => 0.09821883356101246 ||
	 | fixedstream::pln/pln::12::{06-nov-2018->06-nov-2023}@creditfxconvexityadjustmentfactor => 1.0 ||
	 | fixedstream::pln/pln::12::{06-nov-2018->06-nov-2023}@creditfxconvexityadjustmentpremium => 0.0 ||
	 | fixedstream::pln/pln::12::{06-nov-2018->06-nov-2023}@creditfxconvexityadjustmentpremiumupfront => 0.0 ||
	 | fixedstream::pln/pln::12::{06-nov-2018->06-nov-2023}@cumulativeconvexityadjustedcleandv01 => 4.767904541796715E-4 ||
	 | fixedstream::pln/pln::12::{06-nov-2018->06-nov-2023}@cumulativeconvexityadjustedcleanprice => 109.82188335610124 ||
	 | fixedstream::pln/pln::12::{06-nov-2018->06-nov-2023}@cumulativeconvexityadjustedcleanpv => 0.09821883356101246 ||
	 | fixedstream::pln/pln::12::{06-nov-2018->06-nov-2023}@cumulativeconvexityadjusteddirtydv01 => 4.767904541796715E-4 ||
	 | fixedstream::pln/pln::12::{06-nov-2018->06-nov-2023}@cumulativeconvexityadjusteddirtyprice => 109.82188335610124 ||
	 | fixedstream::pln/pln::12::{06-nov-2018->06-nov-2023}@cumulativeconvexityadjusteddirtypv => 0.09821883356101246 ||
	 | fixedstream::pln/pln::12::{06-nov-2018->06-nov-2023}@cumulativeconvexityadjusteddv01 => 4.767904541796715E-4 ||
	 | fixedstream::pln/pln::12::{06-nov-2018->06-nov-2023}@cumulativeconvexityadjustedfairpremium => 0.020600000000000028 ||
	 | fixedstream::pln/pln::12::{06-nov-2018->06-nov-2023}@cumulativeconvexityadjustedparrate => 0.020600000000000028 ||
	 | fixedstream::pln/pln::12::{06-nov-2018->06-nov-2023}@cumulativeconvexityadjustedprice => 109.82188335610124 ||
	 | fixedstream::pln/pln::12::{06-nov-2018->06-nov-2023}@cumulativeconvexityadjustedpv => 0.09821883356101246 ||
	 | fixedstream::pln/pln::12::{06-nov-2018->06-nov-2023}@cumulativeconvexityadjustedrate => 0.020600000000000028 ||
	 | fixedstream::pln/pln::12::{06-nov-2018->06-nov-2023}@cumulativeconvexityadjustedupfront => 0.09821883356101246 ||
	 | fixedstream::pln/pln::12::{06-nov-2018->06-nov-2023}@cumulativeconvexityadjustmentfactor => 1.0 ||
	 | fixedstream::pln/pln::12::{06-nov-2018->06-nov-2023}@cumulativeconvexityadjustmentpremium => 0.0 ||
	 | fixedstream::pln/pln::12::{06-nov-2018->06-nov-2023}@cumulativeconvexityadjustmentpremiumupfront => 0.0 ||
	 | fixedstream::pln/pln::12::{06-nov-2018->06-nov-2023}@cumulativecouponamount => 0.0 ||
	 | fixedstream::pln/pln::12::{06-nov-2018->06-nov-2023}@cumulativecoupondcf => 0.0 ||
	 | fixedstream::pln/pln::12::{06-nov-2018->06-nov-2023}@cv01 => 4.767904541796715E-4 ||
	 | fixedstream::pln/pln::12::{06-nov-2018->06-nov-2023}@dirtydv01 => 4.767904541796715E-4 ||
	 | fixedstream::pln/pln::12::{06-nov-2018->06-nov-2023}@dirtyprice => 109.82188335610124 ||
	 | fixedstream::pln/pln::12::{06-nov-2018->06-nov-2023}@dirtypv => 0.09821883356101246 ||
	 | fixedstream::pln/pln::12::{06-nov-2018->06-nov-2023}@dv01 => 4.767904541796715E-4 ||
	 | fixedstream::pln/pln::12::{06-nov-2018->06-nov-2023}@fairpremium => 0.020600000000000028 ||
	 | fixedstream::pln/pln::12::{06-nov-2018->06-nov-2023}@fixing01 => 0.0 ||
	 | fixedstream::pln/pln::12::{06-nov-2018->06-nov-2023}@forwardfundingconvexityadjustedcleandv01 => 4.767904541796715E-4 ||
	 | fixedstream::pln/pln::12::{06-nov-2018->06-nov-2023}@forwardfundingconvexityadjustedcleanprice => 109.82188335610124 ||
	 | fixedstream::pln/pln::12::{06-nov-2018->06-nov-2023}@forwardfundingconvexityadjustedcleanpv => 0.09821883356101246 ||
	 | fixedstream::pln/pln::12::{06-nov-2018->06-nov-2023}@forwardfundingconvexityadjusteddirtydv01 => 4.767904541796715E-4 ||
	 | fixedstream::pln/pln::12::{06-nov-2018->06-nov-2023}@forwardfundingconvexityadjusteddirtyprice => 109.82188335610124 ||
	 | fixedstream::pln/pln::12::{06-nov-2018->06-nov-2023}@forwardfundingconvexityadjusteddirtypv => 0.09821883356101246 ||
	 | fixedstream::pln/pln::12::{06-nov-2018->06-nov-2023}@forwardfundingconvexityadjusteddv01 => 4.767904541796715E-4 ||
	 | fixedstream::pln/pln::12::{06-nov-2018->06-nov-2023}@forwardfundingconvexityadjustedfairpremium => 0.020600000000000028 ||
	 | fixedstream::pln/pln::12::{06-nov-2018->06-nov-2023}@forwardfundingconvexityadjustedparrate => 0.020600000000000028 ||
	 | fixedstream::pln/pln::12::{06-nov-2018->06-nov-2023}@forwardfundingconvexityadjustedprice => 109.82188335610124 ||
	 | fixedstream::pln/pln::12::{06-nov-2018->06-nov-2023}@forwardfundingconvexityadjustedpv => 0.09821883356101246 ||
	 | fixedstream::pln/pln::12::{06-nov-2018->06-nov-2023}@forwardfundingconvexityadjustedrate => 0.020600000000000028 ||
	 | fixedstream::pln/pln::12::{06-nov-2018->06-nov-2023}@forwardfundingconvexityadjustedupfront => 0.09821883356101246 ||
	 | fixedstream::pln/pln::12::{06-nov-2018->06-nov-2023}@forwardfundingconvexityadjustmentfactor => 1.0 ||
	 | fixedstream::pln/pln::12::{06-nov-2018->06-nov-2023}@forwardfundingconvexityadjustmentpremium => 0.0 ||
	 | fixedstream::pln/pln::12::{06-nov-2018->06-nov-2023}@forwardfundingconvexityadjustmentpremiumupfront => 0.0 ||
	 | fixedstream::pln/pln::12::{06-nov-2018->06-nov-2023}@forwardfxconvexityadjustedcleandv01 => 4.767904541796715E-4 ||
	 | fixedstream::pln/pln::12::{06-nov-2018->06-nov-2023}@forwardfxconvexityadjustedcleanprice => 109.82188335610124 ||
	 | fixedstream::pln/pln::12::{06-nov-2018->06-nov-2023}@forwardfxconvexityadjustedcleanpv => 0.09821883356101246 ||
	 | fixedstream::pln/pln::12::{06-nov-2018->06-nov-2023}@forwardfxconvexityadjusteddirtydv01 => 4.767904541796715E-4 ||
	 | fixedstream::pln/pln::12::{06-nov-2018->06-nov-2023}@forwardfxconvexityadjusteddirtyprice => 109.82188335610124 ||
	 | fixedstream::pln/pln::12::{06-nov-2018->06-nov-2023}@forwardfxconvexityadjusteddirtypv => 0.09821883356101246 ||
	 | fixedstream::pln/pln::12::{06-nov-2018->06-nov-2023}@forwardfxconvexityadjusteddv01 => 4.767904541796715E-4 ||
	 | fixedstream::pln/pln::12::{06-nov-2018->06-nov-2023}@forwardfxconvexityadjustedfairpremium => 0.020600000000000028 ||
	 | fixedstream::pln/pln::12::{06-nov-2018->06-nov-2023}@forwardfxconvexityadjustedparrate => 0.020600000000000028 ||
	 | fixedstream::pln/pln::12::{06-nov-2018->06-nov-2023}@forwardfxconvexityadjustedprice => 109.82188335610124 ||
	 | fixedstream::pln/pln::12::{06-nov-2018->06-nov-2023}@forwardfxconvexityadjustedpv => 0.09821883356101246 ||
	 | fixedstream::pln/pln::12::{06-nov-2018->06-nov-2023}@forwardfxconvexityadjustedrate => 0.020600000000000028 ||
	 | fixedstream::pln/pln::12::{06-nov-2018->06-nov-2023}@forwardfxconvexityadjustedupfront => 0.09821883356101246 ||
	 | fixedstream::pln/pln::12::{06-nov-2018->06-nov-2023}@forwardfxconvexityadjustmentfactor => 1.0 ||
	 | fixedstream::pln/pln::12::{06-nov-2018->06-nov-2023}@forwardfxconvexityadjustmentpremium => 0.0 ||
	 | fixedstream::pln/pln::12::{06-nov-2018->06-nov-2023}@forwardfxconvexityadjustmentpremiumupfront => 0.0 ||
	 | fixedstream::pln/pln::12::{06-nov-2018->06-nov-2023}@fundingfxconvexityadjustedcleandv01 => 4.767904541796715E-4 ||
	 | fixedstream::pln/pln::12::{06-nov-2018->06-nov-2023}@fundingfxconvexityadjustedcleanprice => 109.82188335610124 ||
	 | fixedstream::pln/pln::12::{06-nov-2018->06-nov-2023}@fundingfxconvexityadjustedcleanpv => 0.09821883356101246 ||
	 | fixedstream::pln/pln::12::{06-nov-2018->06-nov-2023}@fundingfxconvexityadjusteddirtydv01 => 4.767904541796715E-4 ||
	 | fixedstream::pln/pln::12::{06-nov-2018->06-nov-2023}@fundingfxconvexityadjusteddirtyprice => 109.82188335610124 ||
	 | fixedstream::pln/pln::12::{06-nov-2018->06-nov-2023}@fundingfxconvexityadjusteddirtypv => 0.09821883356101246 ||
	 | fixedstream::pln/pln::12::{06-nov-2018->06-nov-2023}@fundingfxconvexityadjusteddv01 => 4.767904541796715E-4 ||
	 | fixedstream::pln/pln::12::{06-nov-2018->06-nov-2023}@fundingfxconvexityadjustedfairpremium => 0.020600000000000028 ||
	 | fixedstream::pln/pln::12::{06-nov-2018->06-nov-2023}@fundingfxconvexityadjustedparrate => 0.020600000000000028 ||
	 | fixedstream::pln/pln::12::{06-nov-2018->06-nov-2023}@fundingfxconvexityadjustedprice => 109.82188335610124 ||
	 | fixedstream::pln/pln::12::{06-nov-2018->06-nov-2023}@fundingfxconvexityadjustedpv => 0.09821883356101246 ||
	 | fixedstream::pln/pln::12::{06-nov-2018->06-nov-2023}@fundingfxconvexityadjustedrate => 0.020600000000000028 ||
	 | fixedstream::pln/pln::12::{06-nov-2018->06-nov-2023}@fundingfxconvexityadjustedupfront => 0.09821883356101246 ||
	 | fixedstream::pln/pln::12::{06-nov-2018->06-nov-2023}@fundingfxconvexityadjustmentfactor => 1.0 ||
	 | fixedstream::pln/pln::12::{06-nov-2018->06-nov-2023}@fundingfxconvexityadjustmentpremium => 0.0 ||
	 | fixedstream::pln/pln::12::{06-nov-2018->06-nov-2023}@fundingfxconvexityadjustmentpremiumupfront => 0.0 ||
	 | fixedstream::pln/pln::12::{06-nov-2018->06-nov-2023}@parrate => 0.020600000000000028 ||
	 | fixedstream::pln/pln::12::{06-nov-2018->06-nov-2023}@price => 109.82188335610124 ||
	 | fixedstream::pln/pln::12::{06-nov-2018->06-nov-2023}@pv => 0.09821883356101246 ||
	 | fixedstream::pln/pln::12::{06-nov-2018->06-nov-2023}@rate => 0.020600000000000028 ||
	 | fixedstream::pln/pln::12::{06-nov-2018->06-nov-2023}@resetdate => -2.147483648E9 ||
	 | fixedstream::pln/pln::12::{06-nov-2018->06-nov-2023}@resetrate => NaN ||
	 | fixedstream::pln/pln::12::{06-nov-2018->06-nov-2023}@totalcoupon => 0.10300000000000015 ||
	 | fixedstream::pln/pln::12::{06-nov-2018->06-nov-2023}@unadjustedcleandv01 => 4.767904541796715E-4 ||
	 | fixedstream::pln/pln::12::{06-nov-2018->06-nov-2023}@unadjustedcleanprice => 109.82188335610124 ||
	 | fixedstream::pln/pln::12::{06-nov-2018->06-nov-2023}@unadjustedcleanpv => 0.09821883356101246 ||
	 | fixedstream::pln/pln::12::{06-nov-2018->06-nov-2023}@unadjusteddirtydv01 => 4.767904541796715E-4 ||
	 | fixedstream::pln/pln::12::{06-nov-2018->06-nov-2023}@unadjusteddirtyprice => 109.82188335610124 ||
	 | fixedstream::pln/pln::12::{06-nov-2018->06-nov-2023}@unadjusteddirtypv => 0.09821883356101246 ||
	 | fixedstream::pln/pln::12::{06-nov-2018->06-nov-2023}@unadjustedfairpremium => 0.020600000000000028 ||
	 | fixedstream::pln/pln::12::{06-nov-2018->06-nov-2023}@unadjustedparrate => 0.020600000000000028 ||
	 | fixedstream::pln/pln::12::{06-nov-2018->06-nov-2023}@unadjustedprice => 109.82188335610124 ||
	 | fixedstream::pln/pln::12::{06-nov-2018->06-nov-2023}@unadjustedpv => 0.09821883356101246 ||
	 | fixedstream::pln/pln::12::{06-nov-2018->06-nov-2023}@unadjustedrate => 0.020600000000000028 ||
	 | fixedstream::pln/pln::12::{06-nov-2018->06-nov-2023}@unadjustedupfront => 0.09821883356101246 ||
	 | fixedstream::pln/pln::12::{06-nov-2018->06-nov-2023}@upfront => 0.09821883356101246 ||
	 | fixing01 => 0.0 ||
	 | floataccrued => 0.0 ||
	 | floataccrued01 => 0.0 ||
	 | floatdv01 => -4.8086390468957E-4 ||
	 | floatstream::pln::pln-wibor-6m::{06-nov-2018->06-nov-2023}@accrualcoupon => NaN ||
	 | floatstream::pln::pln-wibor-6m::{06-nov-2018->06-nov-2023}@accrued => 0.0 ||
	 | floatstream::pln::pln-wibor-6m::{06-nov-2018->06-nov-2023}@accrued01 => 0.0 ||
	 | floatstream::pln::pln-wibor-6m::{06-nov-2018->06-nov-2023}@calctime => 7.1363E-5 ||
	 | floatstream::pln::pln-wibor-6m::{06-nov-2018->06-nov-2023}@cleandv01 => -4.8086390468957E-4 ||
	 | floatstream::pln::pln-wibor-6m::{06-nov-2018->06-nov-2023}@cleanprice => 109.82188335610128 ||
	 | floatstream::pln::pln-wibor-6m::{06-nov-2018->06-nov-2023}@cleanpv => -0.09821883356101271 ||
	 | floatstream::pln::pln-wibor-6m::{06-nov-2018->06-nov-2023}@compoundingadjustedcleandv01 => -4.8086390468957E-4 ||
	 | floatstream::pln::pln-wibor-6m::{06-nov-2018->06-nov-2023}@compoundingadjustedcleanprice => 109.82188335610128 ||
	 | floatstream::pln::pln-wibor-6m::{06-nov-2018->06-nov-2023}@compoundingadjustedcleanpv => -0.09821883356101271 ||
	 | floatstream::pln::pln-wibor-6m::{06-nov-2018->06-nov-2023}@compoundingadjusteddirtydv01 => -4.8086390468957E-4 ||
	 | floatstream::pln::pln-wibor-6m::{06-nov-2018->06-nov-2023}@compoundingadjusteddirtyprice => 109.82188335610128 ||
	 | floatstream::pln::pln-wibor-6m::{06-nov-2018->06-nov-2023}@compoundingadjusteddirtypv => -0.09821883356101271 ||
	 | floatstream::pln::pln-wibor-6m::{06-nov-2018->06-nov-2023}@compoundingadjustedfairpremium => 0.0204254951563519 ||
	 | floatstream::pln::pln-wibor-6m::{06-nov-2018->06-nov-2023}@compoundingadjustedparrate => 0.0204254951563519 ||
	 | floatstream::pln::pln-wibor-6m::{06-nov-2018->06-nov-2023}@compoundingadjustedprice => 109.82188335610128 ||
	 | floatstream::pln::pln-wibor-6m::{06-nov-2018->06-nov-2023}@compoundingadjustedpv => -0.09821883356101271 ||
	 | floatstream::pln::pln-wibor-6m::{06-nov-2018->06-nov-2023}@compoundingadjustedrate => 0.0204254951563519 ||
	 | floatstream::pln::pln-wibor-6m::{06-nov-2018->06-nov-2023}@compoundingadjustedupfront => -0.09821883356101271 ||
	 | floatstream::pln::pln-wibor-6m::{06-nov-2018->06-nov-2023}@compoundingadjustmentfactor => 1.0 ||
	 | floatstream::pln::pln-wibor-6m::{06-nov-2018->06-nov-2023}@compoundingadjustmentpremium => 0.0 ||
	 | floatstream::pln::pln-wibor-6m::{06-nov-2018->06-nov-2023}@compoundingadjustmentpremiumupfront => -0.0 ||
	 | floatstream::pln::pln-wibor-6m::{06-nov-2018->06-nov-2023}@creditforwardconvexityadjustedcleandv01 => -4.8086390468957E-4 ||
	 | floatstream::pln::pln-wibor-6m::{06-nov-2018->06-nov-2023}@creditforwardconvexityadjustedcleanprice => 109.82188335610128 ||
	 | floatstream::pln::pln-wibor-6m::{06-nov-2018->06-nov-2023}@creditforwardconvexityadjustedcleanpv => -0.09821883356101271 ||
	 | floatstream::pln::pln-wibor-6m::{06-nov-2018->06-nov-2023}@creditforwardconvexityadjusteddirtydv01 => -4.8086390468957E-4 ||
	 | floatstream::pln::pln-wibor-6m::{06-nov-2018->06-nov-2023}@creditforwardconvexityadjusteddirtyprice => 109.82188335610128 ||
	 | floatstream::pln::pln-wibor-6m::{06-nov-2018->06-nov-2023}@creditforwardconvexityadjusteddirtypv => -0.09821883356101271 ||
	 | floatstream::pln::pln-wibor-6m::{06-nov-2018->06-nov-2023}@creditforwardconvexityadjusteddv01 => -4.8086390468957E-4 ||
	 | floatstream::pln::pln-wibor-6m::{06-nov-2018->06-nov-2023}@creditforwardconvexityadjustedfairpremium => 0.0204254951563519 ||
	 | floatstream::pln::pln-wibor-6m::{06-nov-2018->06-nov-2023}@creditforwardconvexityadjustedparrate => 0.0204254951563519 ||
	 | floatstream::pln::pln-wibor-6m::{06-nov-2018->06-nov-2023}@creditforwardconvexityadjustedprice => 109.82188335610128 ||
	 | floatstream::pln::pln-wibor-6m::{06-nov-2018->06-nov-2023}@creditforwardconvexityadjustedpv => -0.09821883356101271 ||
	 | floatstream::pln::pln-wibor-6m::{06-nov-2018->06-nov-2023}@creditforwardconvexityadjustedrate => 0.0204254951563519 ||
	 | floatstream::pln::pln-wibor-6m::{06-nov-2018->06-nov-2023}@creditforwardconvexityadjustedupfront => -0.09821883356101271 ||
	 | floatstream::pln::pln-wibor-6m::{06-nov-2018->06-nov-2023}@creditforwardconvexityadjustmentfactor => 1.0 ||
	 | floatstream::pln::pln-wibor-6m::{06-nov-2018->06-nov-2023}@creditforwardconvexityadjustmentpremium => 0.0 ||
	 | floatstream::pln::pln-wibor-6m::{06-nov-2018->06-nov-2023}@creditforwardconvexityadjustmentpremiumupfront => -0.0 ||
	 | floatstream::pln::pln-wibor-6m::{06-nov-2018->06-nov-2023}@creditfundingconvexityadjustedcleandv01 => -4.8086390468957E-4 ||
	 | floatstream::pln::pln-wibor-6m::{06-nov-2018->06-nov-2023}@creditfundingconvexityadjustedcleanprice => 109.82188335610128 ||
	 | floatstream::pln::pln-wibor-6m::{06-nov-2018->06-nov-2023}@creditfundingconvexityadjustedcleanpv => -0.09821883356101271 ||
	 | floatstream::pln::pln-wibor-6m::{06-nov-2018->06-nov-2023}@creditfundingconvexityadjusteddirtydv01 => -4.8086390468957E-4 ||
	 | floatstream::pln::pln-wibor-6m::{06-nov-2018->06-nov-2023}@creditfundingconvexityadjusteddirtyprice => 109.82188335610128 ||
	 | floatstream::pln::pln-wibor-6m::{06-nov-2018->06-nov-2023}@creditfundingconvexityadjusteddirtypv => -0.09821883356101271 ||
	 | floatstream::pln::pln-wibor-6m::{06-nov-2018->06-nov-2023}@creditfundingconvexityadjusteddv01 => -4.8086390468957E-4 ||
	 | floatstream::pln::pln-wibor-6m::{06-nov-2018->06-nov-2023}@creditfundingconvexityadjustedfairpremium => 0.0204254951563519 ||
	 | floatstream::pln::pln-wibor-6m::{06-nov-2018->06-nov-2023}@creditfundingconvexityadjustedparrate => 0.0204254951563519 ||
	 | floatstream::pln::pln-wibor-6m::{06-nov-2018->06-nov-2023}@creditfundingconvexityadjustedprice => 109.82188335610128 ||
	 | floatstream::pln::pln-wibor-6m::{06-nov-2018->06-nov-2023}@creditfundingconvexityadjustedpv => -0.09821883356101271 ||
	 | floatstream::pln::pln-wibor-6m::{06-nov-2018->06-nov-2023}@creditfundingconvexityadjustedrate => 0.0204254951563519 ||
	 | floatstream::pln::pln-wibor-6m::{06-nov-2018->06-nov-2023}@creditfundingconvexityadjustedupfront => -0.09821883356101271 ||
	 | floatstream::pln::pln-wibor-6m::{06-nov-2018->06-nov-2023}@creditfundingconvexityadjustmentfactor => 1.0 ||
	 | floatstream::pln::pln-wibor-6m::{06-nov-2018->06-nov-2023}@creditfundingconvexityadjustmentpremium => 0.0 ||
	 | floatstream::pln::pln-wibor-6m::{06-nov-2018->06-nov-2023}@creditfundingconvexityadjustmentpremiumupfront => -0.0 ||
	 | floatstream::pln::pln-wibor-6m::{06-nov-2018->06-nov-2023}@creditfxconvexityadjustedcleandv01 => -4.8086390468957E-4 ||
	 | floatstream::pln::pln-wibor-6m::{06-nov-2018->06-nov-2023}@creditfxconvexityadjustedcleanprice => 109.82188335610128 ||
	 | floatstream::pln::pln-wibor-6m::{06-nov-2018->06-nov-2023}@creditfxconvexityadjustedcleanpv => -0.09821883356101271 ||
	 | floatstream::pln::pln-wibor-6m::{06-nov-2018->06-nov-2023}@creditfxconvexityadjusteddirtydv01 => -4.8086390468957E-4 ||
	 | floatstream::pln::pln-wibor-6m::{06-nov-2018->06-nov-2023}@creditfxconvexityadjusteddirtyprice => 109.82188335610128 ||
	 | floatstream::pln::pln-wibor-6m::{06-nov-2018->06-nov-2023}@creditfxconvexityadjusteddirtypv => -0.09821883356101271 ||
	 | floatstream::pln::pln-wibor-6m::{06-nov-2018->06-nov-2023}@creditfxconvexityadjusteddv01 => -4.8086390468957E-4 ||
	 | floatstream::pln::pln-wibor-6m::{06-nov-2018->06-nov-2023}@creditfxconvexityadjustedfairpremium => 0.0204254951563519 ||
	 | floatstream::pln::pln-wibor-6m::{06-nov-2018->06-nov-2023}@creditfxconvexityadjustedparrate => 0.0204254951563519 ||
	 | floatstream::pln::pln-wibor-6m::{06-nov-2018->06-nov-2023}@creditfxconvexityadjustedprice => 109.82188335610128 ||
	 | floatstream::pln::pln-wibor-6m::{06-nov-2018->06-nov-2023}@creditfxconvexityadjustedpv => -0.09821883356101271 ||
	 | floatstream::pln::pln-wibor-6m::{06-nov-2018->06-nov-2023}@creditfxconvexityadjustedrate => 0.0204254951563519 ||
	 | floatstream::pln::pln-wibor-6m::{06-nov-2018->06-nov-2023}@creditfxconvexityadjustedupfront => -0.09821883356101271 ||
	 | floatstream::pln::pln-wibor-6m::{06-nov-2018->06-nov-2023}@creditfxconvexityadjustmentfactor => 1.0 ||
	 | floatstream::pln::pln-wibor-6m::{06-nov-2018->06-nov-2023}@creditfxconvexityadjustmentpremium => 0.0 ||
	 | floatstream::pln::pln-wibor-6m::{06-nov-2018->06-nov-2023}@creditfxconvexityadjustmentpremiumupfront => -0.0 ||
	 | floatstream::pln::pln-wibor-6m::{06-nov-2018->06-nov-2023}@cumulativeconvexityadjustedcleandv01 => -4.8086390468957E-4 ||
	 | floatstream::pln::pln-wibor-6m::{06-nov-2018->06-nov-2023}@cumulativeconvexityadjustedcleanprice => 109.82188335610128 ||
	 | floatstream::pln::pln-wibor-6m::{06-nov-2018->06-nov-2023}@cumulativeconvexityadjustedcleanpv => -0.09821883356101271 ||
	 | floatstream::pln::pln-wibor-6m::{06-nov-2018->06-nov-2023}@cumulativeconvexityadjusteddirtydv01 => -4.8086390468957E-4 ||
	 | floatstream::pln::pln-wibor-6m::{06-nov-2018->06-nov-2023}@cumulativeconvexityadjusteddirtyprice => 109.82188335610128 ||
	 | floatstream::pln::pln-wibor-6m::{06-nov-2018->06-nov-2023}@cumulativeconvexityadjusteddirtypv => -0.09821883356101271 ||
	 | floatstream::pln::pln-wibor-6m::{06-nov-2018->06-nov-2023}@cumulativeconvexityadjusteddv01 => -4.8086390468957E-4 ||
	 | floatstream::pln::pln-wibor-6m::{06-nov-2018->06-nov-2023}@cumulativeconvexityadjustedfairpremium => 0.0204254951563519 ||
	 | floatstream::pln::pln-wibor-6m::{06-nov-2018->06-nov-2023}@cumulativeconvexityadjustedparrate => 0.0204254951563519 ||
	 | floatstream::pln::pln-wibor-6m::{06-nov-2018->06-nov-2023}@cumulativeconvexityadjustedprice => 109.82188335610128 ||
	 | floatstream::pln::pln-wibor-6m::{06-nov-2018->06-nov-2023}@cumulativeconvexityadjustedpv => -0.09821883356101271 ||
	 | floatstream::pln::pln-wibor-6m::{06-nov-2018->06-nov-2023}@cumulativeconvexityadjustedrate => 0.0204254951563519 ||
	 | floatstream::pln::pln-wibor-6m::{06-nov-2018->06-nov-2023}@cumulativeconvexityadjustedupfront => -0.09821883356101271 ||
	 | floatstream::pln::pln-wibor-6m::{06-nov-2018->06-nov-2023}@cumulativeconvexityadjustmentfactor => 1.0 ||
	 | floatstream::pln::pln-wibor-6m::{06-nov-2018->06-nov-2023}@cumulativeconvexityadjustmentpremium => 0.0 ||
	 | floatstream::pln::pln-wibor-6m::{06-nov-2018->06-nov-2023}@cumulativeconvexityadjustmentpremiumupfront => -0.0 ||
	 | floatstream::pln::pln-wibor-6m::{06-nov-2018->06-nov-2023}@cumulativecouponamount => 0.0 ||
	 | floatstream::pln::pln-wibor-6m::{06-nov-2018->06-nov-2023}@cumulativecoupondcf => 0.0 ||
	 | floatstream::pln::pln-wibor-6m::{06-nov-2018->06-nov-2023}@cv01 => -4.8086390468957E-4 ||
	 | floatstream::pln::pln-wibor-6m::{06-nov-2018->06-nov-2023}@dirtydv01 => -4.8086390468957E-4 ||
	 | floatstream::pln::pln-wibor-6m::{06-nov-2018->06-nov-2023}@dirtyprice => 109.82188335610128 ||
	 | floatstream::pln::pln-wibor-6m::{06-nov-2018->06-nov-2023}@dirtypv => -0.09821883356101271 ||
	 | floatstream::pln::pln-wibor-6m::{06-nov-2018->06-nov-2023}@dv01 => -4.8086390468957E-4 ||
	 | floatstream::pln::pln-wibor-6m::{06-nov-2018->06-nov-2023}@fairpremium => 0.0204254951563519 ||
	 | floatstream::pln::pln-wibor-6m::{06-nov-2018->06-nov-2023}@fixing01 => 0.0 ||
	 | floatstream::pln::pln-wibor-6m::{06-nov-2018->06-nov-2023}@forwardfundingconvexityadjustedcleandv01 => -4.8086390468957E-4 ||
	 | floatstream::pln::pln-wibor-6m::{06-nov-2018->06-nov-2023}@forwardfundingconvexityadjustedcleanprice => 109.82188335610128 ||
	 | floatstream::pln::pln-wibor-6m::{06-nov-2018->06-nov-2023}@forwardfundingconvexityadjustedcleanpv => -0.09821883356101271 ||
	 | floatstream::pln::pln-wibor-6m::{06-nov-2018->06-nov-2023}@forwardfundingconvexityadjusteddirtydv01 => -4.8086390468957E-4 ||
	 | floatstream::pln::pln-wibor-6m::{06-nov-2018->06-nov-2023}@forwardfundingconvexityadjusteddirtyprice => 109.82188335610128 ||
	 | floatstream::pln::pln-wibor-6m::{06-nov-2018->06-nov-2023}@forwardfundingconvexityadjusteddirtypv => -0.09821883356101271 ||
	 | floatstream::pln::pln-wibor-6m::{06-nov-2018->06-nov-2023}@forwardfundingconvexityadjusteddv01 => -4.8086390468957E-4 ||
	 | floatstream::pln::pln-wibor-6m::{06-nov-2018->06-nov-2023}@forwardfundingconvexityadjustedfairpremium => 0.0204254951563519 ||
	 | floatstream::pln::pln-wibor-6m::{06-nov-2018->06-nov-2023}@forwardfundingconvexityadjustedparrate => 0.0204254951563519 ||
	 | floatstream::pln::pln-wibor-6m::{06-nov-2018->06-nov-2023}@forwardfundingconvexityadjustedprice => 109.82188335610128 ||
	 | floatstream::pln::pln-wibor-6m::{06-nov-2018->06-nov-2023}@forwardfundingconvexityadjustedpv => -0.09821883356101271 ||
	 | floatstream::pln::pln-wibor-6m::{06-nov-2018->06-nov-2023}@forwardfundingconvexityadjustedrate => 0.0204254951563519 ||
	 | floatstream::pln::pln-wibor-6m::{06-nov-2018->06-nov-2023}@forwardfundingconvexityadjustedupfront => -0.09821883356101271 ||
	 | floatstream::pln::pln-wibor-6m::{06-nov-2018->06-nov-2023}@forwardfundingconvexityadjustmentfactor => 1.0 ||
	 | floatstream::pln::pln-wibor-6m::{06-nov-2018->06-nov-2023}@forwardfundingconvexityadjustmentpremium => 0.0 ||
	 | floatstream::pln::pln-wibor-6m::{06-nov-2018->06-nov-2023}@forwardfundingconvexityadjustmentpremiumupfront => -0.0 ||
	 | floatstream::pln::pln-wibor-6m::{06-nov-2018->06-nov-2023}@forwardfxconvexityadjustedcleandv01 => -4.8086390468957E-4 ||
	 | floatstream::pln::pln-wibor-6m::{06-nov-2018->06-nov-2023}@forwardfxconvexityadjustedcleanprice => 109.82188335610128 ||
	 | floatstream::pln::pln-wibor-6m::{06-nov-2018->06-nov-2023}@forwardfxconvexityadjustedcleanpv => -0.09821883356101271 ||
	 | floatstream::pln::pln-wibor-6m::{06-nov-2018->06-nov-2023}@forwardfxconvexityadjusteddirtydv01 => -4.8086390468957E-4 ||
	 | floatstream::pln::pln-wibor-6m::{06-nov-2018->06-nov-2023}@forwardfxconvexityadjusteddirtyprice => 109.82188335610128 ||
	 | floatstream::pln::pln-wibor-6m::{06-nov-2018->06-nov-2023}@forwardfxconvexityadjusteddirtypv => -0.09821883356101271 ||
	 | floatstream::pln::pln-wibor-6m::{06-nov-2018->06-nov-2023}@forwardfxconvexityadjusteddv01 => -4.8086390468957E-4 ||
	 | floatstream::pln::pln-wibor-6m::{06-nov-2018->06-nov-2023}@forwardfxconvexityadjustedfairpremium => 0.0204254951563519 ||
	 | floatstream::pln::pln-wibor-6m::{06-nov-2018->06-nov-2023}@forwardfxconvexityadjustedparrate => 0.0204254951563519 ||
	 | floatstream::pln::pln-wibor-6m::{06-nov-2018->06-nov-2023}@forwardfxconvexityadjustedprice => 109.82188335610128 ||
	 | floatstream::pln::pln-wibor-6m::{06-nov-2018->06-nov-2023}@forwardfxconvexityadjustedpv => -0.09821883356101271 ||
	 | floatstream::pln::pln-wibor-6m::{06-nov-2018->06-nov-2023}@forwardfxconvexityadjustedrate => 0.0204254951563519 ||
	 | floatstream::pln::pln-wibor-6m::{06-nov-2018->06-nov-2023}@forwardfxconvexityadjustedupfront => -0.09821883356101271 ||
	 | floatstream::pln::pln-wibor-6m::{06-nov-2018->06-nov-2023}@forwardfxconvexityadjustmentfactor => 1.0 ||
	 | floatstream::pln::pln-wibor-6m::{06-nov-2018->06-nov-2023}@forwardfxconvexityadjustmentpremium => 0.0 ||
	 | floatstream::pln::pln-wibor-6m::{06-nov-2018->06-nov-2023}@forwardfxconvexityadjustmentpremiumupfront => -0.0 ||
	 | floatstream::pln::pln-wibor-6m::{06-nov-2018->06-nov-2023}@fundingfxconvexityadjustedcleandv01 => -4.8086390468957E-4 ||
	 | floatstream::pln::pln-wibor-6m::{06-nov-2018->06-nov-2023}@fundingfxconvexityadjustedcleanprice => 109.82188335610128 ||
	 | floatstream::pln::pln-wibor-6m::{06-nov-2018->06-nov-2023}@fundingfxconvexityadjustedcleanpv => -0.09821883356101271 ||
	 | floatstream::pln::pln-wibor-6m::{06-nov-2018->06-nov-2023}@fundingfxconvexityadjusteddirtydv01 => -4.8086390468957E-4 ||
	 | floatstream::pln::pln-wibor-6m::{06-nov-2018->06-nov-2023}@fundingfxconvexityadjusteddirtyprice => 109.82188335610128 ||
	 | floatstream::pln::pln-wibor-6m::{06-nov-2018->06-nov-2023}@fundingfxconvexityadjusteddirtypv => -0.09821883356101271 ||
	 | floatstream::pln::pln-wibor-6m::{06-nov-2018->06-nov-2023}@fundingfxconvexityadjusteddv01 => -4.8086390468957E-4 ||
	 | floatstream::pln::pln-wibor-6m::{06-nov-2018->06-nov-2023}@fundingfxconvexityadjustedfairpremium => 0.0204254951563519 ||
	 | floatstream::pln::pln-wibor-6m::{06-nov-2018->06-nov-2023}@fundingfxconvexityadjustedparrate => 0.0204254951563519 ||
	 | floatstream::pln::pln-wibor-6m::{06-nov-2018->06-nov-2023}@fundingfxconvexityadjustedprice => 109.82188335610128 ||
	 | floatstream::pln::pln-wibor-6m::{06-nov-2018->06-nov-2023}@fundingfxconvexityadjustedpv => -0.09821883356101271 ||
	 | floatstream::pln::pln-wibor-6m::{06-nov-2018->06-nov-2023}@fundingfxconvexityadjustedrate => 0.0204254951563519 ||
	 | floatstream::pln::pln-wibor-6m::{06-nov-2018->06-nov-2023}@fundingfxconvexityadjustedupfront => -0.09821883356101271 ||
	 | floatstream::pln::pln-wibor-6m::{06-nov-2018->06-nov-2023}@fundingfxconvexityadjustmentfactor => 1.0 ||
	 | floatstream::pln::pln-wibor-6m::{06-nov-2018->06-nov-2023}@fundingfxconvexityadjustmentpremium => 0.0 ||
	 | floatstream::pln::pln-wibor-6m::{06-nov-2018->06-nov-2023}@fundingfxconvexityadjustmentpremiumupfront => -0.0 ||
	 | floatstream::pln::pln-wibor-6m::{06-nov-2018->06-nov-2023}@parrate => 0.0204254951563519 ||
	 | floatstream::pln::pln-wibor-6m::{06-nov-2018->06-nov-2023}@price => 109.82188335610128 ||
	 | floatstream::pln::pln-wibor-6m::{06-nov-2018->06-nov-2023}@pv => -0.09821883356101271 ||
	 | floatstream::pln::pln-wibor-6m::{06-nov-2018->06-nov-2023}@rate => 0.0204254951563519 ||
	 | floatstream::pln::pln-wibor-6m::{06-nov-2018->06-nov-2023}@resetdate => -2.147483648E9 ||
	 | floatstream::pln::pln-wibor-6m::{06-nov-2018->06-nov-2023}@resetrate => NaN ||
	 | floatstream::pln::pln-wibor-6m::{06-nov-2018->06-nov-2023}@totalcoupon => 0.20815258954113547 ||
	 | floatstream::pln::pln-wibor-6m::{06-nov-2018->06-nov-2023}@unadjustedcleandv01 => -4.8086390468957E-4 ||
	 | floatstream::pln::pln-wibor-6m::{06-nov-2018->06-nov-2023}@unadjustedcleanprice => 109.82188335610128 ||
	 | floatstream::pln::pln-wibor-6m::{06-nov-2018->06-nov-2023}@unadjustedcleanpv => -0.09821883356101271 ||
	 | floatstream::pln::pln-wibor-6m::{06-nov-2018->06-nov-2023}@unadjusteddirtydv01 => -4.8086390468957E-4 ||
	 | floatstream::pln::pln-wibor-6m::{06-nov-2018->06-nov-2023}@unadjusteddirtyprice => 109.82188335610128 ||
	 | floatstream::pln::pln-wibor-6m::{06-nov-2018->06-nov-2023}@unadjusteddirtypv => -0.09821883356101271 ||
	 | floatstream::pln::pln-wibor-6m::{06-nov-2018->06-nov-2023}@unadjustedfairpremium => 0.0204254951563519 ||
	 | floatstream::pln::pln-wibor-6m::{06-nov-2018->06-nov-2023}@unadjustedparrate => 0.0204254951563519 ||
	 | floatstream::pln::pln-wibor-6m::{06-nov-2018->06-nov-2023}@unadjustedprice => 109.82188335610128 ||
	 | floatstream::pln::pln-wibor-6m::{06-nov-2018->06-nov-2023}@unadjustedpv => -0.09821883356101271 ||
	 | floatstream::pln::pln-wibor-6m::{06-nov-2018->06-nov-2023}@unadjustedrate => 0.0204254951563519 ||
	 | floatstream::pln::pln-wibor-6m::{06-nov-2018->06-nov-2023}@unadjustedupfront => -0.09821883356101271 ||
	 | floatstream::pln::pln-wibor-6m::{06-nov-2018->06-nov-2023}@upfront => -0.09821883356101271 ||
	 | initialnotional => 1.0 ||
	 | parfixedcoupon => 0.020600000000000084 ||
	 | parrate => 0.020600000000000084 ||
	 | parswaprate => 0.020600000000000084 ||
	 | price => 99.99999999999997 ||
	 | pv => -2.498001805406602E-16 ||
	 | rate => 0.020600000000000084 ||
	 | referenceaccrued => 0.0 ||
	 | referenceaccrued01 => 0.0 ||
	 | referencecleandv01 => 4.767904541796715E-4 ||
	 | referencecleanpv => 0.09821883356101246 ||
	 | referencecumulativeconvexityadjustmentfactor => 1.0 ||
	 | referencecumulativeconvexityadjustmentpremium => 0.0 ||
	 | referencecumulativecouponamount => 0.0 ||
	 | referencecumulativecoupondcf => 0.0 ||
	 | referencedirtydv01 => 4.767904541796715E-4 ||
	 | referencedirtypv => 0.09821883356101246 ||
	 | referencedv01 => 4.767904541796715E-4 ||
	 | referenceparbasisspread => 5.239202638199771E-13 ||
	 | referencepv => 0.09821883356101246 ||
	 | resetdate => -2.147483648E9 ||
	 | resetrate => NaN ||
	 | swaprate => 0.020600000000000084 ||
	 | upfront => -2.498001805406602E-16 ||
	 |------------------------------||


		|-----------------------------------------------------------------------------------------------------------------------||
		|    Floating Stream Cash Flow Details                                                                                  ||
		|    -------- ------ ---- ---- -------                                                                                  ||
		|               Start Date                                                                                              ||
		|               End Date                                                                                                ||
		|               Pay Date                                                                                                ||
		|               FX Fixing Date                                                                                          ||
		|               Base Notional                                                                                           ||
		|               Period DCF                                                                                              ||
		|               Tenor                                                                                                   ||
		|               Funding Label                                                                                           ||
		|               Forward Label                                                                                           ||
		|               Pay Discount Factor                                                                                     ||
		|               Coupon Rate                                                                                             ||
		|-----------------------------------------------------------------------------------------------------------------------||
		| [06-NOV-2018 - 06-MAY-2019] => 06-MAY-2019 | 06-MAY-2019 | -1.0000 |  0.4959 | 6M | PLN | PLN-WIBOR-6M |  0.9987 |  0.27% ||
		| [06-MAY-2019 - 06-NOV-2019] => 06-NOV-2019 | 06-NOV-2019 | -1.0000 |  0.5041 | 6M | PLN | PLN-WIBOR-6M |  0.9966 |  0.42% ||
		| [06-NOV-2019 - 06-MAY-2020] => 06-MAY-2020 | 06-MAY-2020 | -1.0000 |  0.4986 | 6M | PLN | PLN-WIBOR-6M |  0.9926 |  0.79% ||
		| [06-MAY-2020 - 06-NOV-2020] => 06-NOV-2020 | 06-NOV-2020 | -1.0000 |  0.5041 | 6M | PLN | PLN-WIBOR-6M |  0.9859 |  1.36% ||
		| [06-NOV-2020 - 06-MAY-2021] => 06-MAY-2021 | 06-MAY-2021 | -1.0000 |  0.4959 | 6M | PLN | PLN-WIBOR-6M |  0.9706 |  3.17% ||
		| [06-MAY-2021 - 06-NOV-2021] => 06-NOV-2021 | 06-NOV-2021 | -1.0000 |  0.5041 | 6M | PLN | PLN-WIBOR-6M |  0.9610 |  1.98% ||
		| [06-NOV-2021 - 06-MAY-2022] => 06-MAY-2022 | 06-MAY-2022 | -1.0000 |  0.4959 | 6M | PLN | PLN-WIBOR-6M |  0.9497 |  2.42% ||
		| [06-MAY-2022 - 06-NOV-2022] => 06-NOV-2022 | 06-NOV-2022 | -1.0000 |  0.5041 | 6M | PLN | PLN-WIBOR-6M |  0.9358 |  2.94% ||
		| [06-NOV-2022 - 06-MAY-2023] => 06-MAY-2023 | 06-MAY-2023 | -1.0000 |  0.4959 | 6M | PLN | PLN-WIBOR-6M |  0.9197 |  3.52% ||
		| [06-MAY-2023 - 06-NOV-2023] => 06-NOV-2023 | 06-NOV-2023 | -1.0000 |  0.5041 | 6M | PLN | PLN-WIBOR-6M |  0.9018 |  3.95% ||
		|-----------------------------------------------------------------------------------------------------------------------||


		|--------------------------------------------------------------------------------------------------------||
		|    Fixed Stream Cash Flow Details                                                                      ||
		|    ----- ------ ---- ---- -------                                                                      ||
		|               Start Date                                                                               ||
		|               End Date                                                                                 ||
		|               Pay Date                                                                                 ||
		|               FX Fixing Date                                                                           ||
		|               Base Notional                                                                            ||
		|               Period DCF                                                                               ||
		|               Tenor                                                                                    ||
		|               Funding Label                                                                            ||
		|               Pay Discount Factor                                                                      ||
		|               Coupon Rate                                                                              ||
		|--------------------------------------------------------------------------------------------------------||
		| [06-NOV-2018 - 06-NOV-2019] => 06-NOV-2019 | 06-NOV-2019 |  1.0000 |  0.9973 | 1Y | PLN |  0.9966 |  2.06% ||
		| [06-NOV-2019 - 06-NOV-2020] => 06-NOV-2020 | 06-NOV-2020 |  1.0000 |  0.9977 | 1Y | PLN |  0.9859 |  2.06% ||
		| [06-NOV-2020 - 06-NOV-2021] => 06-NOV-2021 | 06-NOV-2021 |  1.0000 |  0.9968 | 1Y | PLN |  0.9610 |  2.06% ||
		| [06-NOV-2021 - 06-NOV-2022] => 06-NOV-2022 | 06-NOV-2022 |  1.0000 |  0.9973 | 1Y | PLN |  0.9358 |  2.06% ||
		| [06-NOV-2022 - 06-NOV-2023] => 06-NOV-2023 | 06-NOV-2023 |  1.0000 |  0.9973 | 1Y | PLN |  0.9018 |  2.06% ||
		|--------------------------------------------------------------------------------------------------------||

	|-----------------------------------------------------------------|
	|    Copyright (C) 2011-2018 (DRIP)
	|-----------------------------------------------------------------|
	|    Build Version  => 3.86.0 multi mode
	|    Build JVM (TM) => 1.8.0_112
	|    Build Snap     => Fri Nov 02 21:22:20 EST 2018
	|    Start Time     => Fri Nov 02 23:11:30 EDT 2018
	|    Setup Time     => Fri Nov 02 23:11:30 EDT 2018
	|    Setup Duration => 0 ms
	|-----------------------------------------------------------------|

	 | accrued => 0.0 ||
	 | calctime => 5.45604E-4 ||
	 | calibfloatingpv => 0.09847253977978865 ||
	 | calibswaprate => 0.02059999999999995 ||
	 | cleanfixeddv01 => 4.7802203776596547E-4 ||
	 | cleanfloatingdv01 => -4.8747641805257615E-4 ||
	 | cleanfloatingpv => -0.09847253977978845 ||
	 | cleanprice => 100.00000000000003 ||
	 | cleanpv => 2.220446049250313E-16 ||
	 | cumulativeconvexityadjustmentpremium => 0.0 ||
	 | cumulativecouponamount => 0.0 ||
	 | cumulativecoupondcf => 0.0 ||
	 | derivedaccrued => 0.0 ||
	 | derivedaccrued01 => 0.0 ||
	 | derivedcleandv01 => -4.8747641805257615E-4 ||
	 | derivedcleanpv => -0.09847253977978845 ||
	 | derivedcumulativeconvexityadjustmentfactor => 1.0 ||
	 | derivedcumulativeconvexityadjustmentpremium => -0.0 ||
	 | derivedcumulativecouponamount => 0.0 ||
	 | derivedcumulativecoupondcf => 0.0 ||
	 | deriveddirtydv01 => -4.8747641805257615E-4 ||
	 | deriveddirtypv => -0.09847253977978845 ||
	 | deriveddv01 => -4.8747641805257615E-4 ||
	 | derivedfixing01 => 0.0 ||
	 | derivedparbasisspread => 4.554981465812834E-13 ||
	 | derivedpv => -0.09847253977978845 ||
	 | derivedresetdate => -2.147483648E9 ||
	 | derivedresetrate => NaN ||
	 | dirtyfixeddv01 => 4.7802203776596547E-4 ||
	 | dirtyfixedpv => 0.09847253977978868 ||
	 | dirtyfloatingdv01 => -4.8747641805257615E-4 ||
	 | dirtyfloatingpv => -0.09847253977978845 ||
	 | dirtyprice => 100.00000000000003 ||
	 | dirtypv => 2.220446049250313E-16 ||
	 | fairpremium => 0.02059999999999991 ||
	 | fixedaccrued => 0.0 ||
	 | fixedaccrued01 => 0.0 ||
	 | fixeddv01 => 4.7802203776596547E-4 ||
	 | fixedstream::sek/sek::12::{06-nov-2018->06-nov-2023}@accrualcoupon => NaN ||
	 | fixedstream::sek/sek::12::{06-nov-2018->06-nov-2023}@accrued => 0.0 ||
	 | fixedstream::sek/sek::12::{06-nov-2018->06-nov-2023}@accrued01 => 0.0 ||
	 | fixedstream::sek/sek::12::{06-nov-2018->06-nov-2023}@calctime => 8.5333E-5 ||
	 | fixedstream::sek/sek::12::{06-nov-2018->06-nov-2023}@cleandv01 => 4.7802203776596547E-4 ||
	 | fixedstream::sek/sek::12::{06-nov-2018->06-nov-2023}@cleanprice => 109.84725397797888 ||
	 | fixedstream::sek/sek::12::{06-nov-2018->06-nov-2023}@cleanpv => 0.09847253977978868 ||
	 | fixedstream::sek/sek::12::{06-nov-2018->06-nov-2023}@compoundingadjustedcleandv01 => 4.7802203776596547E-4 ||
	 | fixedstream::sek/sek::12::{06-nov-2018->06-nov-2023}@compoundingadjustedcleanprice => 109.84725397797888 ||
	 | fixedstream::sek/sek::12::{06-nov-2018->06-nov-2023}@compoundingadjustedcleanpv => 0.09847253977978868 ||
	 | fixedstream::sek/sek::12::{06-nov-2018->06-nov-2023}@compoundingadjusteddirtydv01 => 4.7802203776596547E-4 ||
	 | fixedstream::sek/sek::12::{06-nov-2018->06-nov-2023}@compoundingadjusteddirtyprice => 109.84725397797888 ||
	 | fixedstream::sek/sek::12::{06-nov-2018->06-nov-2023}@compoundingadjusteddirtypv => 0.09847253977978868 ||
	 | fixedstream::sek/sek::12::{06-nov-2018->06-nov-2023}@compoundingadjustedfairpremium => 0.02059999999999996 ||
	 | fixedstream::sek/sek::12::{06-nov-2018->06-nov-2023}@compoundingadjustedparrate => 0.02059999999999996 ||
	 | fixedstream::sek/sek::12::{06-nov-2018->06-nov-2023}@compoundingadjustedprice => 109.84725397797888 ||
	 | fixedstream::sek/sek::12::{06-nov-2018->06-nov-2023}@compoundingadjustedpv => 0.09847253977978868 ||
	 | fixedstream::sek/sek::12::{06-nov-2018->06-nov-2023}@compoundingadjustedrate => 0.02059999999999996 ||
	 | fixedstream::sek/sek::12::{06-nov-2018->06-nov-2023}@compoundingadjustedupfront => 0.09847253977978868 ||
	 | fixedstream::sek/sek::12::{06-nov-2018->06-nov-2023}@compoundingadjustmentfactor => 1.0 ||
	 | fixedstream::sek/sek::12::{06-nov-2018->06-nov-2023}@compoundingadjustmentpremium => 0.0 ||
	 | fixedstream::sek/sek::12::{06-nov-2018->06-nov-2023}@compoundingadjustmentpremiumupfront => 0.0 ||
	 | fixedstream::sek/sek::12::{06-nov-2018->06-nov-2023}@creditforwardconvexityadjustedcleandv01 => 4.7802203776596547E-4 ||
	 | fixedstream::sek/sek::12::{06-nov-2018->06-nov-2023}@creditforwardconvexityadjustedcleanprice => 109.84725397797888 ||
	 | fixedstream::sek/sek::12::{06-nov-2018->06-nov-2023}@creditforwardconvexityadjustedcleanpv => 0.09847253977978868 ||
	 | fixedstream::sek/sek::12::{06-nov-2018->06-nov-2023}@creditforwardconvexityadjusteddirtydv01 => 4.7802203776596547E-4 ||
	 | fixedstream::sek/sek::12::{06-nov-2018->06-nov-2023}@creditforwardconvexityadjusteddirtyprice => 109.84725397797888 ||
	 | fixedstream::sek/sek::12::{06-nov-2018->06-nov-2023}@creditforwardconvexityadjusteddirtypv => 0.09847253977978868 ||
	 | fixedstream::sek/sek::12::{06-nov-2018->06-nov-2023}@creditforwardconvexityadjusteddv01 => 4.7802203776596547E-4 ||
	 | fixedstream::sek/sek::12::{06-nov-2018->06-nov-2023}@creditforwardconvexityadjustedfairpremium => 0.02059999999999996 ||
	 | fixedstream::sek/sek::12::{06-nov-2018->06-nov-2023}@creditforwardconvexityadjustedparrate => 0.02059999999999996 ||
	 | fixedstream::sek/sek::12::{06-nov-2018->06-nov-2023}@creditforwardconvexityadjustedprice => 109.84725397797888 ||
	 | fixedstream::sek/sek::12::{06-nov-2018->06-nov-2023}@creditforwardconvexityadjustedpv => 0.09847253977978868 ||
	 | fixedstream::sek/sek::12::{06-nov-2018->06-nov-2023}@creditforwardconvexityadjustedrate => 0.02059999999999996 ||
	 | fixedstream::sek/sek::12::{06-nov-2018->06-nov-2023}@creditforwardconvexityadjustedupfront => 0.09847253977978868 ||
	 | fixedstream::sek/sek::12::{06-nov-2018->06-nov-2023}@creditforwardconvexityadjustmentfactor => 1.0 ||
	 | fixedstream::sek/sek::12::{06-nov-2018->06-nov-2023}@creditforwardconvexityadjustmentpremium => 0.0 ||
	 | fixedstream::sek/sek::12::{06-nov-2018->06-nov-2023}@creditforwardconvexityadjustmentpremiumupfront => 0.0 ||
	 | fixedstream::sek/sek::12::{06-nov-2018->06-nov-2023}@creditfundingconvexityadjustedcleandv01 => 4.7802203776596547E-4 ||
	 | fixedstream::sek/sek::12::{06-nov-2018->06-nov-2023}@creditfundingconvexityadjustedcleanprice => 109.84725397797888 ||
	 | fixedstream::sek/sek::12::{06-nov-2018->06-nov-2023}@creditfundingconvexityadjustedcleanpv => 0.09847253977978868 ||
	 | fixedstream::sek/sek::12::{06-nov-2018->06-nov-2023}@creditfundingconvexityadjusteddirtydv01 => 4.7802203776596547E-4 ||
	 | fixedstream::sek/sek::12::{06-nov-2018->06-nov-2023}@creditfundingconvexityadjusteddirtyprice => 109.84725397797888 ||
	 | fixedstream::sek/sek::12::{06-nov-2018->06-nov-2023}@creditfundingconvexityadjusteddirtypv => 0.09847253977978868 ||
	 | fixedstream::sek/sek::12::{06-nov-2018->06-nov-2023}@creditfundingconvexityadjusteddv01 => 4.7802203776596547E-4 ||
	 | fixedstream::sek/sek::12::{06-nov-2018->06-nov-2023}@creditfundingconvexityadjustedfairpremium => 0.02059999999999996 ||
	 | fixedstream::sek/sek::12::{06-nov-2018->06-nov-2023}@creditfundingconvexityadjustedparrate => 0.02059999999999996 ||
	 | fixedstream::sek/sek::12::{06-nov-2018->06-nov-2023}@creditfundingconvexityadjustedprice => 109.84725397797888 ||
	 | fixedstream::sek/sek::12::{06-nov-2018->06-nov-2023}@creditfundingconvexityadjustedpv => 0.09847253977978868 ||
	 | fixedstream::sek/sek::12::{06-nov-2018->06-nov-2023}@creditfundingconvexityadjustedrate => 0.02059999999999996 ||
	 | fixedstream::sek/sek::12::{06-nov-2018->06-nov-2023}@creditfundingconvexityadjustedupfront => 0.09847253977978868 ||
	 | fixedstream::sek/sek::12::{06-nov-2018->06-nov-2023}@creditfundingconvexityadjustmentfactor => 1.0 ||
	 | fixedstream::sek/sek::12::{06-nov-2018->06-nov-2023}@creditfundingconvexityadjustmentpremium => 0.0 ||
	 | fixedstream::sek/sek::12::{06-nov-2018->06-nov-2023}@creditfundingconvexityadjustmentpremiumupfront => 0.0 ||
	 | fixedstream::sek/sek::12::{06-nov-2018->06-nov-2023}@creditfxconvexityadjustedcleandv01 => 4.7802203776596547E-4 ||
	 | fixedstream::sek/sek::12::{06-nov-2018->06-nov-2023}@creditfxconvexityadjustedcleanprice => 109.84725397797888 ||
	 | fixedstream::sek/sek::12::{06-nov-2018->06-nov-2023}@creditfxconvexityadjustedcleanpv => 0.09847253977978868 ||
	 | fixedstream::sek/sek::12::{06-nov-2018->06-nov-2023}@creditfxconvexityadjusteddirtydv01 => 4.7802203776596547E-4 ||
	 | fixedstream::sek/sek::12::{06-nov-2018->06-nov-2023}@creditfxconvexityadjusteddirtyprice => 109.84725397797888 ||
	 | fixedstream::sek/sek::12::{06-nov-2018->06-nov-2023}@creditfxconvexityadjusteddirtypv => 0.09847253977978868 ||
	 | fixedstream::sek/sek::12::{06-nov-2018->06-nov-2023}@creditfxconvexityadjusteddv01 => 4.7802203776596547E-4 ||
	 | fixedstream::sek/sek::12::{06-nov-2018->06-nov-2023}@creditfxconvexityadjustedfairpremium => 0.02059999999999996 ||
	 | fixedstream::sek/sek::12::{06-nov-2018->06-nov-2023}@creditfxconvexityadjustedparrate => 0.02059999999999996 ||
	 | fixedstream::sek/sek::12::{06-nov-2018->06-nov-2023}@creditfxconvexityadjustedprice => 109.84725397797888 ||
	 | fixedstream::sek/sek::12::{06-nov-2018->06-nov-2023}@creditfxconvexityadjustedpv => 0.09847253977978868 ||
	 | fixedstream::sek/sek::12::{06-nov-2018->06-nov-2023}@creditfxconvexityadjustedrate => 0.02059999999999996 ||
	 | fixedstream::sek/sek::12::{06-nov-2018->06-nov-2023}@creditfxconvexityadjustedupfront => 0.09847253977978868 ||
	 | fixedstream::sek/sek::12::{06-nov-2018->06-nov-2023}@creditfxconvexityadjustmentfactor => 1.0 ||
	 | fixedstream::sek/sek::12::{06-nov-2018->06-nov-2023}@creditfxconvexityadjustmentpremium => 0.0 ||
	 | fixedstream::sek/sek::12::{06-nov-2018->06-nov-2023}@creditfxconvexityadjustmentpremiumupfront => 0.0 ||
	 | fixedstream::sek/sek::12::{06-nov-2018->06-nov-2023}@cumulativeconvexityadjustedcleandv01 => 4.7802203776596547E-4 ||
	 | fixedstream::sek/sek::12::{06-nov-2018->06-nov-2023}@cumulativeconvexityadjustedcleanprice => 109.84725397797888 ||
	 | fixedstream::sek/sek::12::{06-nov-2018->06-nov-2023}@cumulativeconvexityadjustedcleanpv => 0.09847253977978868 ||
	 | fixedstream::sek/sek::12::{06-nov-2018->06-nov-2023}@cumulativeconvexityadjusteddirtydv01 => 4.7802203776596547E-4 ||
	 | fixedstream::sek/sek::12::{06-nov-2018->06-nov-2023}@cumulativeconvexityadjusteddirtyprice => 109.84725397797888 ||
	 | fixedstream::sek/sek::12::{06-nov-2018->06-nov-2023}@cumulativeconvexityadjusteddirtypv => 0.09847253977978868 ||
	 | fixedstream::sek/sek::12::{06-nov-2018->06-nov-2023}@cumulativeconvexityadjusteddv01 => 4.7802203776596547E-4 ||
	 | fixedstream::sek/sek::12::{06-nov-2018->06-nov-2023}@cumulativeconvexityadjustedfairpremium => 0.02059999999999996 ||
	 | fixedstream::sek/sek::12::{06-nov-2018->06-nov-2023}@cumulativeconvexityadjustedparrate => 0.02059999999999996 ||
	 | fixedstream::sek/sek::12::{06-nov-2018->06-nov-2023}@cumulativeconvexityadjustedprice => 109.84725397797888 ||
	 | fixedstream::sek/sek::12::{06-nov-2018->06-nov-2023}@cumulativeconvexityadjustedpv => 0.09847253977978868 ||
	 | fixedstream::sek/sek::12::{06-nov-2018->06-nov-2023}@cumulativeconvexityadjustedrate => 0.02059999999999996 ||
	 | fixedstream::sek/sek::12::{06-nov-2018->06-nov-2023}@cumulativeconvexityadjustedupfront => 0.09847253977978868 ||
	 | fixedstream::sek/sek::12::{06-nov-2018->06-nov-2023}@cumulativeconvexityadjustmentfactor => 1.0 ||
	 | fixedstream::sek/sek::12::{06-nov-2018->06-nov-2023}@cumulativeconvexityadjustmentpremium => 0.0 ||
	 | fixedstream::sek/sek::12::{06-nov-2018->06-nov-2023}@cumulativeconvexityadjustmentpremiumupfront => 0.0 ||
	 | fixedstream::sek/sek::12::{06-nov-2018->06-nov-2023}@cumulativecouponamount => 0.0 ||
	 | fixedstream::sek/sek::12::{06-nov-2018->06-nov-2023}@cumulativecoupondcf => 0.0 ||
	 | fixedstream::sek/sek::12::{06-nov-2018->06-nov-2023}@cv01 => 4.7802203776596547E-4 ||
	 | fixedstream::sek/sek::12::{06-nov-2018->06-nov-2023}@dirtydv01 => 4.7802203776596547E-4 ||
	 | fixedstream::sek/sek::12::{06-nov-2018->06-nov-2023}@dirtyprice => 109.84725397797888 ||
	 | fixedstream::sek/sek::12::{06-nov-2018->06-nov-2023}@dirtypv => 0.09847253977978868 ||
	 | fixedstream::sek/sek::12::{06-nov-2018->06-nov-2023}@dv01 => 4.7802203776596547E-4 ||
	 | fixedstream::sek/sek::12::{06-nov-2018->06-nov-2023}@fairpremium => 0.02059999999999996 ||
	 | fixedstream::sek/sek::12::{06-nov-2018->06-nov-2023}@fixing01 => 0.0 ||
	 | fixedstream::sek/sek::12::{06-nov-2018->06-nov-2023}@forwardfundingconvexityadjustedcleandv01 => 4.7802203776596547E-4 ||
	 | fixedstream::sek/sek::12::{06-nov-2018->06-nov-2023}@forwardfundingconvexityadjustedcleanprice => 109.84725397797888 ||
	 | fixedstream::sek/sek::12::{06-nov-2018->06-nov-2023}@forwardfundingconvexityadjustedcleanpv => 0.09847253977978868 ||
	 | fixedstream::sek/sek::12::{06-nov-2018->06-nov-2023}@forwardfundingconvexityadjusteddirtydv01 => 4.7802203776596547E-4 ||
	 | fixedstream::sek/sek::12::{06-nov-2018->06-nov-2023}@forwardfundingconvexityadjusteddirtyprice => 109.84725397797888 ||
	 | fixedstream::sek/sek::12::{06-nov-2018->06-nov-2023}@forwardfundingconvexityadjusteddirtypv => 0.09847253977978868 ||
	 | fixedstream::sek/sek::12::{06-nov-2018->06-nov-2023}@forwardfundingconvexityadjusteddv01 => 4.7802203776596547E-4 ||
	 | fixedstream::sek/sek::12::{06-nov-2018->06-nov-2023}@forwardfundingconvexityadjustedfairpremium => 0.02059999999999996 ||
	 | fixedstream::sek/sek::12::{06-nov-2018->06-nov-2023}@forwardfundingconvexityadjustedparrate => 0.02059999999999996 ||
	 | fixedstream::sek/sek::12::{06-nov-2018->06-nov-2023}@forwardfundingconvexityadjustedprice => 109.84725397797888 ||
	 | fixedstream::sek/sek::12::{06-nov-2018->06-nov-2023}@forwardfundingconvexityadjustedpv => 0.09847253977978868 ||
	 | fixedstream::sek/sek::12::{06-nov-2018->06-nov-2023}@forwardfundingconvexityadjustedrate => 0.02059999999999996 ||
	 | fixedstream::sek/sek::12::{06-nov-2018->06-nov-2023}@forwardfundingconvexityadjustedupfront => 0.09847253977978868 ||
	 | fixedstream::sek/sek::12::{06-nov-2018->06-nov-2023}@forwardfundingconvexityadjustmentfactor => 1.0 ||
	 | fixedstream::sek/sek::12::{06-nov-2018->06-nov-2023}@forwardfundingconvexityadjustmentpremium => 0.0 ||
	 | fixedstream::sek/sek::12::{06-nov-2018->06-nov-2023}@forwardfundingconvexityadjustmentpremiumupfront => 0.0 ||
	 | fixedstream::sek/sek::12::{06-nov-2018->06-nov-2023}@forwardfxconvexityadjustedcleandv01 => 4.7802203776596547E-4 ||
	 | fixedstream::sek/sek::12::{06-nov-2018->06-nov-2023}@forwardfxconvexityadjustedcleanprice => 109.84725397797888 ||
	 | fixedstream::sek/sek::12::{06-nov-2018->06-nov-2023}@forwardfxconvexityadjustedcleanpv => 0.09847253977978868 ||
	 | fixedstream::sek/sek::12::{06-nov-2018->06-nov-2023}@forwardfxconvexityadjusteddirtydv01 => 4.7802203776596547E-4 ||
	 | fixedstream::sek/sek::12::{06-nov-2018->06-nov-2023}@forwardfxconvexityadjusteddirtyprice => 109.84725397797888 ||
	 | fixedstream::sek/sek::12::{06-nov-2018->06-nov-2023}@forwardfxconvexityadjusteddirtypv => 0.09847253977978868 ||
	 | fixedstream::sek/sek::12::{06-nov-2018->06-nov-2023}@forwardfxconvexityadjusteddv01 => 4.7802203776596547E-4 ||
	 | fixedstream::sek/sek::12::{06-nov-2018->06-nov-2023}@forwardfxconvexityadjustedfairpremium => 0.02059999999999996 ||
	 | fixedstream::sek/sek::12::{06-nov-2018->06-nov-2023}@forwardfxconvexityadjustedparrate => 0.02059999999999996 ||
	 | fixedstream::sek/sek::12::{06-nov-2018->06-nov-2023}@forwardfxconvexityadjustedprice => 109.84725397797888 ||
	 | fixedstream::sek/sek::12::{06-nov-2018->06-nov-2023}@forwardfxconvexityadjustedpv => 0.09847253977978868 ||
	 | fixedstream::sek/sek::12::{06-nov-2018->06-nov-2023}@forwardfxconvexityadjustedrate => 0.02059999999999996 ||
	 | fixedstream::sek/sek::12::{06-nov-2018->06-nov-2023}@forwardfxconvexityadjustedupfront => 0.09847253977978868 ||
	 | fixedstream::sek/sek::12::{06-nov-2018->06-nov-2023}@forwardfxconvexityadjustmentfactor => 1.0 ||
	 | fixedstream::sek/sek::12::{06-nov-2018->06-nov-2023}@forwardfxconvexityadjustmentpremium => 0.0 ||
	 | fixedstream::sek/sek::12::{06-nov-2018->06-nov-2023}@forwardfxconvexityadjustmentpremiumupfront => 0.0 ||
	 | fixedstream::sek/sek::12::{06-nov-2018->06-nov-2023}@fundingfxconvexityadjustedcleandv01 => 4.7802203776596547E-4 ||
	 | fixedstream::sek/sek::12::{06-nov-2018->06-nov-2023}@fundingfxconvexityadjustedcleanprice => 109.84725397797888 ||
	 | fixedstream::sek/sek::12::{06-nov-2018->06-nov-2023}@fundingfxconvexityadjustedcleanpv => 0.09847253977978868 ||
	 | fixedstream::sek/sek::12::{06-nov-2018->06-nov-2023}@fundingfxconvexityadjusteddirtydv01 => 4.7802203776596547E-4 ||
	 | fixedstream::sek/sek::12::{06-nov-2018->06-nov-2023}@fundingfxconvexityadjusteddirtyprice => 109.84725397797888 ||
	 | fixedstream::sek/sek::12::{06-nov-2018->06-nov-2023}@fundingfxconvexityadjusteddirtypv => 0.09847253977978868 ||
	 | fixedstream::sek/sek::12::{06-nov-2018->06-nov-2023}@fundingfxconvexityadjusteddv01 => 4.7802203776596547E-4 ||
	 | fixedstream::sek/sek::12::{06-nov-2018->06-nov-2023}@fundingfxconvexityadjustedfairpremium => 0.02059999999999996 ||
	 | fixedstream::sek/sek::12::{06-nov-2018->06-nov-2023}@fundingfxconvexityadjustedparrate => 0.02059999999999996 ||
	 | fixedstream::sek/sek::12::{06-nov-2018->06-nov-2023}@fundingfxconvexityadjustedprice => 109.84725397797888 ||
	 | fixedstream::sek/sek::12::{06-nov-2018->06-nov-2023}@fundingfxconvexityadjustedpv => 0.09847253977978868 ||
	 | fixedstream::sek/sek::12::{06-nov-2018->06-nov-2023}@fundingfxconvexityadjustedrate => 0.02059999999999996 ||
	 | fixedstream::sek/sek::12::{06-nov-2018->06-nov-2023}@fundingfxconvexityadjustedupfront => 0.09847253977978868 ||
	 | fixedstream::sek/sek::12::{06-nov-2018->06-nov-2023}@fundingfxconvexityadjustmentfactor => 1.0 ||
	 | fixedstream::sek/sek::12::{06-nov-2018->06-nov-2023}@fundingfxconvexityadjustmentpremium => 0.0 ||
	 | fixedstream::sek/sek::12::{06-nov-2018->06-nov-2023}@fundingfxconvexityadjustmentpremiumupfront => 0.0 ||
	 | fixedstream::sek/sek::12::{06-nov-2018->06-nov-2023}@parrate => 0.02059999999999996 ||
	 | fixedstream::sek/sek::12::{06-nov-2018->06-nov-2023}@price => 109.84725397797888 ||
	 | fixedstream::sek/sek::12::{06-nov-2018->06-nov-2023}@pv => 0.09847253977978868 ||
	 | fixedstream::sek/sek::12::{06-nov-2018->06-nov-2023}@rate => 0.02059999999999996 ||
	 | fixedstream::sek/sek::12::{06-nov-2018->06-nov-2023}@resetdate => -2.147483648E9 ||
	 | fixedstream::sek/sek::12::{06-nov-2018->06-nov-2023}@resetrate => NaN ||
	 | fixedstream::sek/sek::12::{06-nov-2018->06-nov-2023}@totalcoupon => 0.10299999999999976 ||
	 | fixedstream::sek/sek::12::{06-nov-2018->06-nov-2023}@unadjustedcleandv01 => 4.7802203776596547E-4 ||
	 | fixedstream::sek/sek::12::{06-nov-2018->06-nov-2023}@unadjustedcleanprice => 109.84725397797888 ||
	 | fixedstream::sek/sek::12::{06-nov-2018->06-nov-2023}@unadjustedcleanpv => 0.09847253977978868 ||
	 | fixedstream::sek/sek::12::{06-nov-2018->06-nov-2023}@unadjusteddirtydv01 => 4.7802203776596547E-4 ||
	 | fixedstream::sek/sek::12::{06-nov-2018->06-nov-2023}@unadjusteddirtyprice => 109.84725397797888 ||
	 | fixedstream::sek/sek::12::{06-nov-2018->06-nov-2023}@unadjusteddirtypv => 0.09847253977978868 ||
	 | fixedstream::sek/sek::12::{06-nov-2018->06-nov-2023}@unadjustedfairpremium => 0.02059999999999996 ||
	 | fixedstream::sek/sek::12::{06-nov-2018->06-nov-2023}@unadjustedparrate => 0.02059999999999996 ||
	 | fixedstream::sek/sek::12::{06-nov-2018->06-nov-2023}@unadjustedprice => 109.84725397797888 ||
	 | fixedstream::sek/sek::12::{06-nov-2018->06-nov-2023}@unadjustedpv => 0.09847253977978868 ||
	 | fixedstream::sek/sek::12::{06-nov-2018->06-nov-2023}@unadjustedrate => 0.02059999999999996 ||
	 | fixedstream::sek/sek::12::{06-nov-2018->06-nov-2023}@unadjustedupfront => 0.09847253977978868 ||
	 | fixedstream::sek/sek::12::{06-nov-2018->06-nov-2023}@upfront => 0.09847253977978868 ||
	 | fixing01 => 0.0 ||
	 | floataccrued => 0.0 ||
	 | floataccrued01 => 0.0 ||
	 | floatdv01 => -4.8747641805257615E-4 ||
	 | floatstream::sek::sek-stibor-6m::{06-nov-2018->06-nov-2023}@accrualcoupon => NaN ||
	 | floatstream::sek::sek-stibor-6m::{06-nov-2018->06-nov-2023}@accrued => 0.0 ||
	 | floatstream::sek::sek-stibor-6m::{06-nov-2018->06-nov-2023}@accrued01 => 0.0 ||
	 | floatstream::sek::sek-stibor-6m::{06-nov-2018->06-nov-2023}@calctime => 1.1403E-4 ||
	 | floatstream::sek::sek-stibor-6m::{06-nov-2018->06-nov-2023}@cleandv01 => -4.8747641805257615E-4 ||
	 | floatstream::sek::sek-stibor-6m::{06-nov-2018->06-nov-2023}@cleanprice => 109.84725397797885 ||
	 | floatstream::sek::sek-stibor-6m::{06-nov-2018->06-nov-2023}@cleanpv => -0.09847253977978845 ||
	 | floatstream::sek::sek-stibor-6m::{06-nov-2018->06-nov-2023}@compoundingadjustedcleandv01 => -4.8747641805257615E-4 ||
	 | floatstream::sek::sek-stibor-6m::{06-nov-2018->06-nov-2023}@compoundingadjustedcleanprice => 109.84725397797885 ||
	 | floatstream::sek::sek-stibor-6m::{06-nov-2018->06-nov-2023}@compoundingadjustedcleanpv => -0.09847253977978845 ||
	 | floatstream::sek::sek-stibor-6m::{06-nov-2018->06-nov-2023}@compoundingadjusteddirtydv01 => -4.8747641805257615E-4 ||
	 | floatstream::sek::sek-stibor-6m::{06-nov-2018->06-nov-2023}@compoundingadjusteddirtyprice => 109.84725397797885 ||
	 | floatstream::sek::sek-stibor-6m::{06-nov-2018->06-nov-2023}@compoundingadjusteddirtypv => -0.09847253977978845 ||
	 | floatstream::sek::sek-stibor-6m::{06-nov-2018->06-nov-2023}@compoundingadjustedfairpremium => 0.020200472501455 ||
	 | floatstream::sek::sek-stibor-6m::{06-nov-2018->06-nov-2023}@compoundingadjustedparrate => 0.020200472501455 ||
	 | floatstream::sek::sek-stibor-6m::{06-nov-2018->06-nov-2023}@compoundingadjustedprice => 109.84725397797885 ||
	 | floatstream::sek::sek-stibor-6m::{06-nov-2018->06-nov-2023}@compoundingadjustedpv => -0.09847253977978845 ||
	 | floatstream::sek::sek-stibor-6m::{06-nov-2018->06-nov-2023}@compoundingadjustedrate => 0.020200472501455 ||
	 | floatstream::sek::sek-stibor-6m::{06-nov-2018->06-nov-2023}@compoundingadjustedupfront => -0.09847253977978845 ||
	 | floatstream::sek::sek-stibor-6m::{06-nov-2018->06-nov-2023}@compoundingadjustmentfactor => 1.0 ||
	 | floatstream::sek::sek-stibor-6m::{06-nov-2018->06-nov-2023}@compoundingadjustmentpremium => 0.0 ||
	 | floatstream::sek::sek-stibor-6m::{06-nov-2018->06-nov-2023}@compoundingadjustmentpremiumupfront => -0.0 ||
	 | floatstream::sek::sek-stibor-6m::{06-nov-2018->06-nov-2023}@creditforwardconvexityadjustedcleandv01 => -4.8747641805257615E-4 ||
	 | floatstream::sek::sek-stibor-6m::{06-nov-2018->06-nov-2023}@creditforwardconvexityadjustedcleanprice => 109.84725397797885 ||
	 | floatstream::sek::sek-stibor-6m::{06-nov-2018->06-nov-2023}@creditforwardconvexityadjustedcleanpv => -0.09847253977978845 ||
	 | floatstream::sek::sek-stibor-6m::{06-nov-2018->06-nov-2023}@creditforwardconvexityadjusteddirtydv01 => -4.8747641805257615E-4 ||
	 | floatstream::sek::sek-stibor-6m::{06-nov-2018->06-nov-2023}@creditforwardconvexityadjusteddirtyprice => 109.84725397797885 ||
	 | floatstream::sek::sek-stibor-6m::{06-nov-2018->06-nov-2023}@creditforwardconvexityadjusteddirtypv => -0.09847253977978845 ||
	 | floatstream::sek::sek-stibor-6m::{06-nov-2018->06-nov-2023}@creditforwardconvexityadjusteddv01 => -4.8747641805257615E-4 ||
	 | floatstream::sek::sek-stibor-6m::{06-nov-2018->06-nov-2023}@creditforwardconvexityadjustedfairpremium => 0.020200472501455 ||
	 | floatstream::sek::sek-stibor-6m::{06-nov-2018->06-nov-2023}@creditforwardconvexityadjustedparrate => 0.020200472501455 ||
	 | floatstream::sek::sek-stibor-6m::{06-nov-2018->06-nov-2023}@creditforwardconvexityadjustedprice => 109.84725397797885 ||
	 | floatstream::sek::sek-stibor-6m::{06-nov-2018->06-nov-2023}@creditforwardconvexityadjustedpv => -0.09847253977978845 ||
	 | floatstream::sek::sek-stibor-6m::{06-nov-2018->06-nov-2023}@creditforwardconvexityadjustedrate => 0.020200472501455 ||
	 | floatstream::sek::sek-stibor-6m::{06-nov-2018->06-nov-2023}@creditforwardconvexityadjustedupfront => -0.09847253977978845 ||
	 | floatstream::sek::sek-stibor-6m::{06-nov-2018->06-nov-2023}@creditforwardconvexityadjustmentfactor => 1.0 ||
	 | floatstream::sek::sek-stibor-6m::{06-nov-2018->06-nov-2023}@creditforwardconvexityadjustmentpremium => 0.0 ||
	 | floatstream::sek::sek-stibor-6m::{06-nov-2018->06-nov-2023}@creditforwardconvexityadjustmentpremiumupfront => -0.0 ||
	 | floatstream::sek::sek-stibor-6m::{06-nov-2018->06-nov-2023}@creditfundingconvexityadjustedcleandv01 => -4.8747641805257615E-4 ||
	 | floatstream::sek::sek-stibor-6m::{06-nov-2018->06-nov-2023}@creditfundingconvexityadjustedcleanprice => 109.84725397797885 ||
	 | floatstream::sek::sek-stibor-6m::{06-nov-2018->06-nov-2023}@creditfundingconvexityadjustedcleanpv => -0.09847253977978845 ||
	 | floatstream::sek::sek-stibor-6m::{06-nov-2018->06-nov-2023}@creditfundingconvexityadjusteddirtydv01 => -4.8747641805257615E-4 ||
	 | floatstream::sek::sek-stibor-6m::{06-nov-2018->06-nov-2023}@creditfundingconvexityadjusteddirtyprice => 109.84725397797885 ||
	 | floatstream::sek::sek-stibor-6m::{06-nov-2018->06-nov-2023}@creditfundingconvexityadjusteddirtypv => -0.09847253977978845 ||
	 | floatstream::sek::sek-stibor-6m::{06-nov-2018->06-nov-2023}@creditfundingconvexityadjusteddv01 => -4.8747641805257615E-4 ||
	 | floatstream::sek::sek-stibor-6m::{06-nov-2018->06-nov-2023}@creditfundingconvexityadjustedfairpremium => 0.020200472501455 ||
	 | floatstream::sek::sek-stibor-6m::{06-nov-2018->06-nov-2023}@creditfundingconvexityadjustedparrate => 0.020200472501455 ||
	 | floatstream::sek::sek-stibor-6m::{06-nov-2018->06-nov-2023}@creditfundingconvexityadjustedprice => 109.84725397797885 ||
	 | floatstream::sek::sek-stibor-6m::{06-nov-2018->06-nov-2023}@creditfundingconvexityadjustedpv => -0.09847253977978845 ||
	 | floatstream::sek::sek-stibor-6m::{06-nov-2018->06-nov-2023}@creditfundingconvexityadjustedrate => 0.020200472501455 ||
	 | floatstream::sek::sek-stibor-6m::{06-nov-2018->06-nov-2023}@creditfundingconvexityadjustedupfront => -0.09847253977978845 ||
	 | floatstream::sek::sek-stibor-6m::{06-nov-2018->06-nov-2023}@creditfundingconvexityadjustmentfactor => 1.0 ||
	 | floatstream::sek::sek-stibor-6m::{06-nov-2018->06-nov-2023}@creditfundingconvexityadjustmentpremium => 0.0 ||
	 | floatstream::sek::sek-stibor-6m::{06-nov-2018->06-nov-2023}@creditfundingconvexityadjustmentpremiumupfront => -0.0 ||
	 | floatstream::sek::sek-stibor-6m::{06-nov-2018->06-nov-2023}@creditfxconvexityadjustedcleandv01 => -4.8747641805257615E-4 ||
	 | floatstream::sek::sek-stibor-6m::{06-nov-2018->06-nov-2023}@creditfxconvexityadjustedcleanprice => 109.84725397797885 ||
	 | floatstream::sek::sek-stibor-6m::{06-nov-2018->06-nov-2023}@creditfxconvexityadjustedcleanpv => -0.09847253977978845 ||
	 | floatstream::sek::sek-stibor-6m::{06-nov-2018->06-nov-2023}@creditfxconvexityadjusteddirtydv01 => -4.8747641805257615E-4 ||
	 | floatstream::sek::sek-stibor-6m::{06-nov-2018->06-nov-2023}@creditfxconvexityadjusteddirtyprice => 109.84725397797885 ||
	 | floatstream::sek::sek-stibor-6m::{06-nov-2018->06-nov-2023}@creditfxconvexityadjusteddirtypv => -0.09847253977978845 ||
	 | floatstream::sek::sek-stibor-6m::{06-nov-2018->06-nov-2023}@creditfxconvexityadjusteddv01 => -4.8747641805257615E-4 ||
	 | floatstream::sek::sek-stibor-6m::{06-nov-2018->06-nov-2023}@creditfxconvexityadjustedfairpremium => 0.020200472501455 ||
	 | floatstream::sek::sek-stibor-6m::{06-nov-2018->06-nov-2023}@creditfxconvexityadjustedparrate => 0.020200472501455 ||
	 | floatstream::sek::sek-stibor-6m::{06-nov-2018->06-nov-2023}@creditfxconvexityadjustedprice => 109.84725397797885 ||
	 | floatstream::sek::sek-stibor-6m::{06-nov-2018->06-nov-2023}@creditfxconvexityadjustedpv => -0.09847253977978845 ||
	 | floatstream::sek::sek-stibor-6m::{06-nov-2018->06-nov-2023}@creditfxconvexityadjustedrate => 0.020200472501455 ||
	 | floatstream::sek::sek-stibor-6m::{06-nov-2018->06-nov-2023}@creditfxconvexityadjustedupfront => -0.09847253977978845 ||
	 | floatstream::sek::sek-stibor-6m::{06-nov-2018->06-nov-2023}@creditfxconvexityadjustmentfactor => 1.0 ||
	 | floatstream::sek::sek-stibor-6m::{06-nov-2018->06-nov-2023}@creditfxconvexityadjustmentpremium => 0.0 ||
	 | floatstream::sek::sek-stibor-6m::{06-nov-2018->06-nov-2023}@creditfxconvexityadjustmentpremiumupfront => -0.0 ||
	 | floatstream::sek::sek-stibor-6m::{06-nov-2018->06-nov-2023}@cumulativeconvexityadjustedcleandv01 => -4.8747641805257615E-4 ||
	 | floatstream::sek::sek-stibor-6m::{06-nov-2018->06-nov-2023}@cumulativeconvexityadjustedcleanprice => 109.84725397797885 ||
	 | floatstream::sek::sek-stibor-6m::{06-nov-2018->06-nov-2023}@cumulativeconvexityadjustedcleanpv => -0.09847253977978845 ||
	 | floatstream::sek::sek-stibor-6m::{06-nov-2018->06-nov-2023}@cumulativeconvexityadjusteddirtydv01 => -4.8747641805257615E-4 ||
	 | floatstream::sek::sek-stibor-6m::{06-nov-2018->06-nov-2023}@cumulativeconvexityadjusteddirtyprice => 109.84725397797885 ||
	 | floatstream::sek::sek-stibor-6m::{06-nov-2018->06-nov-2023}@cumulativeconvexityadjusteddirtypv => -0.09847253977978845 ||
	 | floatstream::sek::sek-stibor-6m::{06-nov-2018->06-nov-2023}@cumulativeconvexityadjusteddv01 => -4.8747641805257615E-4 ||
	 | floatstream::sek::sek-stibor-6m::{06-nov-2018->06-nov-2023}@cumulativeconvexityadjustedfairpremium => 0.020200472501455 ||
	 | floatstream::sek::sek-stibor-6m::{06-nov-2018->06-nov-2023}@cumulativeconvexityadjustedparrate => 0.020200472501455 ||
	 | floatstream::sek::sek-stibor-6m::{06-nov-2018->06-nov-2023}@cumulativeconvexityadjustedprice => 109.84725397797885 ||
	 | floatstream::sek::sek-stibor-6m::{06-nov-2018->06-nov-2023}@cumulativeconvexityadjustedpv => -0.09847253977978845 ||
	 | floatstream::sek::sek-stibor-6m::{06-nov-2018->06-nov-2023}@cumulativeconvexityadjustedrate => 0.020200472501455 ||
	 | floatstream::sek::sek-stibor-6m::{06-nov-2018->06-nov-2023}@cumulativeconvexityadjustedupfront => -0.09847253977978845 ||
	 | floatstream::sek::sek-stibor-6m::{06-nov-2018->06-nov-2023}@cumulativeconvexityadjustmentfactor => 1.0 ||
	 | floatstream::sek::sek-stibor-6m::{06-nov-2018->06-nov-2023}@cumulativeconvexityadjustmentpremium => 0.0 ||
	 | floatstream::sek::sek-stibor-6m::{06-nov-2018->06-nov-2023}@cumulativeconvexityadjustmentpremiumupfront => -0.0 ||
	 | floatstream::sek::sek-stibor-6m::{06-nov-2018->06-nov-2023}@cumulativecouponamount => 0.0 ||
	 | floatstream::sek::sek-stibor-6m::{06-nov-2018->06-nov-2023}@cumulativecoupondcf => 0.0 ||
	 | floatstream::sek::sek-stibor-6m::{06-nov-2018->06-nov-2023}@cv01 => -4.8747641805257615E-4 ||
	 | floatstream::sek::sek-stibor-6m::{06-nov-2018->06-nov-2023}@dirtydv01 => -4.8747641805257615E-4 ||
	 | floatstream::sek::sek-stibor-6m::{06-nov-2018->06-nov-2023}@dirtyprice => 109.84725397797885 ||
	 | floatstream::sek::sek-stibor-6m::{06-nov-2018->06-nov-2023}@dirtypv => -0.09847253977978845 ||
	 | floatstream::sek::sek-stibor-6m::{06-nov-2018->06-nov-2023}@dv01 => -4.8747641805257615E-4 ||
	 | floatstream::sek::sek-stibor-6m::{06-nov-2018->06-nov-2023}@fairpremium => 0.020200472501455 ||
	 | floatstream::sek::sek-stibor-6m::{06-nov-2018->06-nov-2023}@fixing01 => 0.0 ||
	 | floatstream::sek::sek-stibor-6m::{06-nov-2018->06-nov-2023}@forwardfundingconvexityadjustedcleandv01 => -4.8747641805257615E-4 ||
	 | floatstream::sek::sek-stibor-6m::{06-nov-2018->06-nov-2023}@forwardfundingconvexityadjustedcleanprice => 109.84725397797885 ||
	 | floatstream::sek::sek-stibor-6m::{06-nov-2018->06-nov-2023}@forwardfundingconvexityadjustedcleanpv => -0.09847253977978845 ||
	 | floatstream::sek::sek-stibor-6m::{06-nov-2018->06-nov-2023}@forwardfundingconvexityadjusteddirtydv01 => -4.8747641805257615E-4 ||
	 | floatstream::sek::sek-stibor-6m::{06-nov-2018->06-nov-2023}@forwardfundingconvexityadjusteddirtyprice => 109.84725397797885 ||
	 | floatstream::sek::sek-stibor-6m::{06-nov-2018->06-nov-2023}@forwardfundingconvexityadjusteddirtypv => -0.09847253977978845 ||
	 | floatstream::sek::sek-stibor-6m::{06-nov-2018->06-nov-2023}@forwardfundingconvexityadjusteddv01 => -4.8747641805257615E-4 ||
	 | floatstream::sek::sek-stibor-6m::{06-nov-2018->06-nov-2023}@forwardfundingconvexityadjustedfairpremium => 0.020200472501455 ||
	 | floatstream::sek::sek-stibor-6m::{06-nov-2018->06-nov-2023}@forwardfundingconvexityadjustedparrate => 0.020200472501455 ||
	 | floatstream::sek::sek-stibor-6m::{06-nov-2018->06-nov-2023}@forwardfundingconvexityadjustedprice => 109.84725397797885 ||
	 | floatstream::sek::sek-stibor-6m::{06-nov-2018->06-nov-2023}@forwardfundingconvexityadjustedpv => -0.09847253977978845 ||
	 | floatstream::sek::sek-stibor-6m::{06-nov-2018->06-nov-2023}@forwardfundingconvexityadjustedrate => 0.020200472501455 ||
	 | floatstream::sek::sek-stibor-6m::{06-nov-2018->06-nov-2023}@forwardfundingconvexityadjustedupfront => -0.09847253977978845 ||
	 | floatstream::sek::sek-stibor-6m::{06-nov-2018->06-nov-2023}@forwardfundingconvexityadjustmentfactor => 1.0 ||
	 | floatstream::sek::sek-stibor-6m::{06-nov-2018->06-nov-2023}@forwardfundingconvexityadjustmentpremium => 0.0 ||
	 | floatstream::sek::sek-stibor-6m::{06-nov-2018->06-nov-2023}@forwardfundingconvexityadjustmentpremiumupfront => -0.0 ||
	 | floatstream::sek::sek-stibor-6m::{06-nov-2018->06-nov-2023}@forwardfxconvexityadjustedcleandv01 => -4.8747641805257615E-4 ||
	 | floatstream::sek::sek-stibor-6m::{06-nov-2018->06-nov-2023}@forwardfxconvexityadjustedcleanprice => 109.84725397797885 ||
	 | floatstream::sek::sek-stibor-6m::{06-nov-2018->06-nov-2023}@forwardfxconvexityadjustedcleanpv => -0.09847253977978845 ||
	 | floatstream::sek::sek-stibor-6m::{06-nov-2018->06-nov-2023}@forwardfxconvexityadjusteddirtydv01 => -4.8747641805257615E-4 ||
	 | floatstream::sek::sek-stibor-6m::{06-nov-2018->06-nov-2023}@forwardfxconvexityadjusteddirtyprice => 109.84725397797885 ||
	 | floatstream::sek::sek-stibor-6m::{06-nov-2018->06-nov-2023}@forwardfxconvexityadjusteddirtypv => -0.09847253977978845 ||
	 | floatstream::sek::sek-stibor-6m::{06-nov-2018->06-nov-2023}@forwardfxconvexityadjusteddv01 => -4.8747641805257615E-4 ||
	 | floatstream::sek::sek-stibor-6m::{06-nov-2018->06-nov-2023}@forwardfxconvexityadjustedfairpremium => 0.020200472501455 ||
	 | floatstream::sek::sek-stibor-6m::{06-nov-2018->06-nov-2023}@forwardfxconvexityadjustedparrate => 0.020200472501455 ||
	 | floatstream::sek::sek-stibor-6m::{06-nov-2018->06-nov-2023}@forwardfxconvexityadjustedprice => 109.84725397797885 ||
	 | floatstream::sek::sek-stibor-6m::{06-nov-2018->06-nov-2023}@forwardfxconvexityadjustedpv => -0.09847253977978845 ||
	 | floatstream::sek::sek-stibor-6m::{06-nov-2018->06-nov-2023}@forwardfxconvexityadjustedrate => 0.020200472501455 ||
	 | floatstream::sek::sek-stibor-6m::{06-nov-2018->06-nov-2023}@forwardfxconvexityadjustedupfront => -0.09847253977978845 ||
	 | floatstream::sek::sek-stibor-6m::{06-nov-2018->06-nov-2023}@forwardfxconvexityadjustmentfactor => 1.0 ||
	 | floatstream::sek::sek-stibor-6m::{06-nov-2018->06-nov-2023}@forwardfxconvexityadjustmentpremium => 0.0 ||
	 | floatstream::sek::sek-stibor-6m::{06-nov-2018->06-nov-2023}@forwardfxconvexityadjustmentpremiumupfront => -0.0 ||
	 | floatstream::sek::sek-stibor-6m::{06-nov-2018->06-nov-2023}@fundingfxconvexityadjustedcleandv01 => -4.8747641805257615E-4 ||
	 | floatstream::sek::sek-stibor-6m::{06-nov-2018->06-nov-2023}@fundingfxconvexityadjustedcleanprice => 109.84725397797885 ||
	 | floatstream::sek::sek-stibor-6m::{06-nov-2018->06-nov-2023}@fundingfxconvexityadjustedcleanpv => -0.09847253977978845 ||
	 | floatstream::sek::sek-stibor-6m::{06-nov-2018->06-nov-2023}@fundingfxconvexityadjusteddirtydv01 => -4.8747641805257615E-4 ||
	 | floatstream::sek::sek-stibor-6m::{06-nov-2018->06-nov-2023}@fundingfxconvexityadjusteddirtyprice => 109.84725397797885 ||
	 | floatstream::sek::sek-stibor-6m::{06-nov-2018->06-nov-2023}@fundingfxconvexityadjusteddirtypv => -0.09847253977978845 ||
	 | floatstream::sek::sek-stibor-6m::{06-nov-2018->06-nov-2023}@fundingfxconvexityadjusteddv01 => -4.8747641805257615E-4 ||
	 | floatstream::sek::sek-stibor-6m::{06-nov-2018->06-nov-2023}@fundingfxconvexityadjustedfairpremium => 0.020200472501455 ||
	 | floatstream::sek::sek-stibor-6m::{06-nov-2018->06-nov-2023}@fundingfxconvexityadjustedparrate => 0.020200472501455 ||
	 | floatstream::sek::sek-stibor-6m::{06-nov-2018->06-nov-2023}@fundingfxconvexityadjustedprice => 109.84725397797885 ||
	 | floatstream::sek::sek-stibor-6m::{06-nov-2018->06-nov-2023}@fundingfxconvexityadjustedpv => -0.09847253977978845 ||
	 | floatstream::sek::sek-stibor-6m::{06-nov-2018->06-nov-2023}@fundingfxconvexityadjustedrate => 0.020200472501455 ||
	 | floatstream::sek::sek-stibor-6m::{06-nov-2018->06-nov-2023}@fundingfxconvexityadjustedupfront => -0.09847253977978845 ||
	 | floatstream::sek::sek-stibor-6m::{06-nov-2018->06-nov-2023}@fundingfxconvexityadjustmentfactor => 1.0 ||
	 | floatstream::sek::sek-stibor-6m::{06-nov-2018->06-nov-2023}@fundingfxconvexityadjustmentpremium => 0.0 ||
	 | floatstream::sek::sek-stibor-6m::{06-nov-2018->06-nov-2023}@fundingfxconvexityadjustmentpremiumupfront => -0.0 ||
	 | floatstream::sek::sek-stibor-6m::{06-nov-2018->06-nov-2023}@parrate => 0.020200472501455 ||
	 | floatstream::sek::sek-stibor-6m::{06-nov-2018->06-nov-2023}@price => 109.84725397797885 ||
	 | floatstream::sek::sek-stibor-6m::{06-nov-2018->06-nov-2023}@pv => -0.09847253977978845 ||
	 | floatstream::sek::sek-stibor-6m::{06-nov-2018->06-nov-2023}@rate => 0.020200472501455 ||
	 | floatstream::sek::sek-stibor-6m::{06-nov-2018->06-nov-2023}@resetdate => -2.147483648E9 ||
	 | floatstream::sek::sek-stibor-6m::{06-nov-2018->06-nov-2023}@resetrate => NaN ||
	 | floatstream::sek::sek-stibor-6m::{06-nov-2018->06-nov-2023}@totalcoupon => 0.20585679528174575 ||
	 | floatstream::sek::sek-stibor-6m::{06-nov-2018->06-nov-2023}@unadjustedcleandv01 => -4.8747641805257615E-4 ||
	 | floatstream::sek::sek-stibor-6m::{06-nov-2018->06-nov-2023}@unadjustedcleanprice => 109.84725397797885 ||
	 | floatstream::sek::sek-stibor-6m::{06-nov-2018->06-nov-2023}@unadjustedcleanpv => -0.09847253977978845 ||
	 | floatstream::sek::sek-stibor-6m::{06-nov-2018->06-nov-2023}@unadjusteddirtydv01 => -4.8747641805257615E-4 ||
	 | floatstream::sek::sek-stibor-6m::{06-nov-2018->06-nov-2023}@unadjusteddirtyprice => 109.84725397797885 ||
	 | floatstream::sek::sek-stibor-6m::{06-nov-2018->06-nov-2023}@unadjusteddirtypv => -0.09847253977978845 ||
	 | floatstream::sek::sek-stibor-6m::{06-nov-2018->06-nov-2023}@unadjustedfairpremium => 0.020200472501455 ||
	 | floatstream::sek::sek-stibor-6m::{06-nov-2018->06-nov-2023}@unadjustedparrate => 0.020200472501455 ||
	 | floatstream::sek::sek-stibor-6m::{06-nov-2018->06-nov-2023}@unadjustedprice => 109.84725397797885 ||
	 | floatstream::sek::sek-stibor-6m::{06-nov-2018->06-nov-2023}@unadjustedpv => -0.09847253977978845 ||
	 | floatstream::sek::sek-stibor-6m::{06-nov-2018->06-nov-2023}@unadjustedrate => 0.020200472501455 ||
	 | floatstream::sek::sek-stibor-6m::{06-nov-2018->06-nov-2023}@unadjustedupfront => -0.09847253977978845 ||
	 | floatstream::sek::sek-stibor-6m::{06-nov-2018->06-nov-2023}@upfront => -0.09847253977978845 ||
	 | initialnotional => 1.0 ||
	 | parfixedcoupon => 0.02059999999999991 ||
	 | parrate => 0.02059999999999991 ||
	 | parswaprate => 0.02059999999999991 ||
	 | price => 100.00000000000003 ||
	 | pv => 2.220446049250313E-16 ||
	 | rate => 0.02059999999999991 ||
	 | referenceaccrued => 0.0 ||
	 | referenceaccrued01 => 0.0 ||
	 | referencecleandv01 => 4.7802203776596547E-4 ||
	 | referencecleanpv => 0.09847253977978868 ||
	 | referencecumulativeconvexityadjustmentfactor => 1.0 ||
	 | referencecumulativeconvexityadjustmentpremium => 0.0 ||
	 | referencecumulativecouponamount => 0.0 ||
	 | referencecumulativecoupondcf => 0.0 ||
	 | referencedirtydv01 => 4.7802203776596547E-4 ||
	 | referencedirtypv => 0.09847253977978868 ||
	 | referencedv01 => 4.7802203776596547E-4 ||
	 | referenceparbasisspread => -4.645070465009439E-13 ||
	 | referencepv => 0.09847253977978868 ||
	 | resetdate => -2.147483648E9 ||
	 | resetrate => NaN ||
	 | swaprate => 0.02059999999999991 ||
	 | upfront => 2.220446049250313E-16 ||
	 |------------------------------||


		|------------------------------------------------------------------------------------------------------------------------||
		|    Floating Stream Cash Flow Details                                                                                   ||
		|    -------- ------ ---- ---- -------                                                                                   ||
		|               Start Date                                                                                               ||
		|               End Date                                                                                                 ||
		|               Pay Date                                                                                                 ||
		|               FX Fixing Date                                                                                           ||
		|               Base Notional                                                                                            ||
		|               Period DCF                                                                                               ||
		|               Tenor                                                                                                    ||
		|               Funding Label                                                                                            ||
		|               Forward Label                                                                                            ||
		|               Pay Discount Factor                                                                                      ||
		|               Coupon Rate                                                                                              ||
		|------------------------------------------------------------------------------------------------------------------------||
		| [06-NOV-2018 - 06-MAY-2019] => 06-MAY-2019 | 06-MAY-2019 | -1.0000 |  0.5028 | 6M | SEK | SEK-STIBOR-6M |  0.9986 |  0.27% ||
		| [06-MAY-2019 - 06-NOV-2019] => 06-NOV-2019 | 06-NOV-2019 | -1.0000 |  0.5111 | 6M | SEK | SEK-STIBOR-6M |  0.9965 |  0.42% ||
		| [06-NOV-2019 - 06-MAY-2020] => 06-MAY-2020 | 06-MAY-2020 | -1.0000 |  0.5056 | 6M | SEK | SEK-STIBOR-6M |  0.9925 |  0.79% ||
		| [06-MAY-2020 - 06-NOV-2020] => 06-NOV-2020 | 06-NOV-2020 | -1.0000 |  0.5111 | 6M | SEK | SEK-STIBOR-6M |  0.9857 |  1.36% ||
		| [06-NOV-2020 - 06-MAY-2021] => 06-MAY-2021 | 06-MAY-2021 | -1.0000 |  0.5028 | 6M | SEK | SEK-STIBOR-6M |  0.9705 |  3.11% ||
		| [06-MAY-2021 - 06-NOV-2021] => 06-NOV-2021 | 06-NOV-2021 | -1.0000 |  0.5111 | 6M | SEK | SEK-STIBOR-6M |  0.9609 |  1.95% ||
		| [06-NOV-2021 - 06-MAY-2022] => 06-MAY-2022 | 06-MAY-2022 | -1.0000 |  0.5028 | 6M | SEK | SEK-STIBOR-6M |  0.9495 |  2.39% ||
		| [06-MAY-2022 - 06-NOV-2022] => 06-NOV-2022 | 06-NOV-2022 | -1.0000 |  0.5111 | 6M | SEK | SEK-STIBOR-6M |  0.9356 |  2.91% ||
		| [06-NOV-2022 - 06-MAY-2023] => 06-MAY-2023 | 06-MAY-2023 | -1.0000 |  0.5028 | 6M | SEK | SEK-STIBOR-6M |  0.9195 |  3.48% ||
		| [06-MAY-2023 - 06-NOV-2023] => 06-NOV-2023 | 06-NOV-2023 | -1.0000 |  0.5111 | 6M | SEK | SEK-STIBOR-6M |  0.9015 |  3.90% ||
		|------------------------------------------------------------------------------------------------------------------------||


		|--------------------------------------------------------------------------------------------------------||
		|    Fixed Stream Cash Flow Details                                                                      ||
		|    ----- ------ ---- ---- -------                                                                      ||
		|               Start Date                                                                               ||
		|               End Date                                                                                 ||
		|               Pay Date                                                                                 ||
		|               FX Fixing Date                                                                           ||
		|               Base Notional                                                                            ||
		|               Period DCF                                                                               ||
		|               Tenor                                                                                    ||
		|               Funding Label                                                                            ||
		|               Pay Discount Factor                                                                      ||
		|               Coupon Rate                                                                              ||
		|--------------------------------------------------------------------------------------------------------||
		| [06-NOV-2018 - 06-NOV-2019] => 06-NOV-2019 | 06-NOV-2019 |  1.0000 |  1.0000 | 1Y | SEK |  0.9965 |  2.06% ||
		| [06-NOV-2019 - 06-NOV-2020] => 06-NOV-2020 | 06-NOV-2020 |  1.0000 |  1.0000 | 1Y | SEK |  0.9857 |  2.06% ||
		| [06-NOV-2020 - 06-NOV-2021] => 06-NOV-2021 | 06-NOV-2021 |  1.0000 |  1.0000 | 1Y | SEK |  0.9609 |  2.06% ||
		| [06-NOV-2021 - 06-NOV-2022] => 06-NOV-2022 | 06-NOV-2022 |  1.0000 |  1.0000 | 1Y | SEK |  0.9356 |  2.06% ||
		| [06-NOV-2022 - 06-NOV-2023] => 06-NOV-2023 | 06-NOV-2023 |  1.0000 |  1.0000 | 1Y | SEK |  0.9015 |  2.06% ||
		|--------------------------------------------------------------------------------------------------------||

	|-----------------------------------------------------------------|
	|    Copyright (C) 2011-2018 (DRIP)
	|-----------------------------------------------------------------|
	|    Build Version  => 3.86.0 multi mode
	|    Build JVM (TM) => 1.8.0_112
	|    Build Snap     => Fri Nov 02 21:22:20 EST 2018
	|    Start Time     => Fri Nov 02 23:11:30 EDT 2018
	|    Setup Time     => Fri Nov 02 23:11:30 EDT 2018
	|    Setup Duration => 0 ms
	|-----------------------------------------------------------------|

	 | accrued => 0.0 ||
	 | calctime => 3.40199E-4 ||
	 | calibfloatingpv => 0.09902890541570242 ||
	 | calibswaprate => 0.02060000000000002 ||
	 | cleanfixeddv01 => 4.807228418237977E-4 ||
	 | cleanfloatingdv01 => -4.807228418237977E-4 ||
	 | cleanfloatingpv => -0.09902890541570238 ||
	 | cleanprice => 99.99999999999997 ||
	 | cleanpv => -3.7470027081099033E-16 ||
	 | cumulativeconvexityadjustmentpremium => 0.0 ||
	 | cumulativecouponamount => 0.0 ||
	 | cumulativecoupondcf => 0.0 ||
	 | derivedaccrued => 0.0 ||
	 | derivedaccrued01 => 0.0 ||
	 | derivedcleandv01 => -4.807228418237977E-4 ||
	 | derivedcleanpv => -0.09902890541570238 ||
	 | derivedcumulativeconvexityadjustmentfactor => 1.0 ||
	 | derivedcumulativeconvexityadjustmentpremium => -0.0 ||
	 | derivedcumulativecouponamount => 0.0 ||
	 | derivedcumulativecoupondcf => 0.0 ||
	 | deriveddirtydv01 => -4.807228418237977E-4 ||
	 | deriveddirtypv => -0.09902890541570238 ||
	 | deriveddv01 => -4.807228418237977E-4 ||
	 | derivedfixing01 => 0.0 ||
	 | derivedparbasisspread => -7.794517718139376E-13 ||
	 | derivedpv => -0.09902890541570238 ||
	 | derivedresetdate => -2.147483648E9 ||
	 | derivedresetrate => NaN ||
	 | dirtyfixeddv01 => 4.807228418237977E-4 ||
	 | dirtyfixedpv => 0.099028905415702 ||
	 | dirtyfloatingdv01 => -4.807228418237977E-4 ||
	 | dirtyfloatingpv => -0.09902890541570238 ||
	 | dirtyprice => 99.99999999999997 ||
	 | dirtypv => -3.7470027081099033E-16 ||
	 | fairpremium => 0.02060000000000001 ||
	 | fixedaccrued => 0.0 ||
	 | fixedaccrued01 => 0.0 ||
	 | fixeddv01 => 4.807228418237977E-4 ||
	 | fixedstream::sgd/sgd::6::{07-nov-2018->07-nov-2023}@accrualcoupon => NaN ||
	 | fixedstream::sgd/sgd::6::{07-nov-2018->07-nov-2023}@accrued => 0.0 ||
	 | fixedstream::sgd/sgd::6::{07-nov-2018->07-nov-2023}@accrued01 => 0.0 ||
	 | fixedstream::sgd/sgd::6::{07-nov-2018->07-nov-2023}@calctime => 6.230000000000001E-5 ||
	 | fixedstream::sgd/sgd::6::{07-nov-2018->07-nov-2023}@cleandv01 => 4.807228418237977E-4 ||
	 | fixedstream::sgd/sgd::6::{07-nov-2018->07-nov-2023}@cleanprice => 109.9028905415702 ||
	 | fixedstream::sgd/sgd::6::{07-nov-2018->07-nov-2023}@cleanpv => 0.099028905415702 ||
	 | fixedstream::sgd/sgd::6::{07-nov-2018->07-nov-2023}@compoundingadjustedcleandv01 => 4.807228418237977E-4 ||
	 | fixedstream::sgd/sgd::6::{07-nov-2018->07-nov-2023}@compoundingadjustedcleanprice => 109.9028905415702 ||
	 | fixedstream::sgd/sgd::6::{07-nov-2018->07-nov-2023}@compoundingadjustedcleanpv => 0.099028905415702 ||
	 | fixedstream::sgd/sgd::6::{07-nov-2018->07-nov-2023}@compoundingadjusteddirtydv01 => 4.807228418237977E-4 ||
	 | fixedstream::sgd/sgd::6::{07-nov-2018->07-nov-2023}@compoundingadjusteddirtyprice => 109.9028905415702 ||
	 | fixedstream::sgd/sgd::6::{07-nov-2018->07-nov-2023}@compoundingadjusteddirtypv => 0.099028905415702 ||
	 | fixedstream::sgd/sgd::6::{07-nov-2018->07-nov-2023}@compoundingadjustedfairpremium => 0.020599999999999934 ||
	 | fixedstream::sgd/sgd::6::{07-nov-2018->07-nov-2023}@compoundingadjustedparrate => 0.020599999999999934 ||
	 | fixedstream::sgd/sgd::6::{07-nov-2018->07-nov-2023}@compoundingadjustedprice => 109.9028905415702 ||
	 | fixedstream::sgd/sgd::6::{07-nov-2018->07-nov-2023}@compoundingadjustedpv => 0.099028905415702 ||
	 | fixedstream::sgd/sgd::6::{07-nov-2018->07-nov-2023}@compoundingadjustedrate => 0.020599999999999934 ||
	 | fixedstream::sgd/sgd::6::{07-nov-2018->07-nov-2023}@compoundingadjustedupfront => 0.099028905415702 ||
	 | fixedstream::sgd/sgd::6::{07-nov-2018->07-nov-2023}@compoundingadjustmentfactor => 1.0 ||
	 | fixedstream::sgd/sgd::6::{07-nov-2018->07-nov-2023}@compoundingadjustmentpremium => 0.0 ||
	 | fixedstream::sgd/sgd::6::{07-nov-2018->07-nov-2023}@compoundingadjustmentpremiumupfront => 0.0 ||
	 | fixedstream::sgd/sgd::6::{07-nov-2018->07-nov-2023}@creditforwardconvexityadjustedcleandv01 => 4.807228418237977E-4 ||
	 | fixedstream::sgd/sgd::6::{07-nov-2018->07-nov-2023}@creditforwardconvexityadjustedcleanprice => 109.9028905415702 ||
	 | fixedstream::sgd/sgd::6::{07-nov-2018->07-nov-2023}@creditforwardconvexityadjustedcleanpv => 0.099028905415702 ||
	 | fixedstream::sgd/sgd::6::{07-nov-2018->07-nov-2023}@creditforwardconvexityadjusteddirtydv01 => 4.807228418237977E-4 ||
	 | fixedstream::sgd/sgd::6::{07-nov-2018->07-nov-2023}@creditforwardconvexityadjusteddirtyprice => 109.9028905415702 ||
	 | fixedstream::sgd/sgd::6::{07-nov-2018->07-nov-2023}@creditforwardconvexityadjusteddirtypv => 0.099028905415702 ||
	 | fixedstream::sgd/sgd::6::{07-nov-2018->07-nov-2023}@creditforwardconvexityadjusteddv01 => 4.807228418237977E-4 ||
	 | fixedstream::sgd/sgd::6::{07-nov-2018->07-nov-2023}@creditforwardconvexityadjustedfairpremium => 0.020599999999999934 ||
	 | fixedstream::sgd/sgd::6::{07-nov-2018->07-nov-2023}@creditforwardconvexityadjustedparrate => 0.020599999999999934 ||
	 | fixedstream::sgd/sgd::6::{07-nov-2018->07-nov-2023}@creditforwardconvexityadjustedprice => 109.9028905415702 ||
	 | fixedstream::sgd/sgd::6::{07-nov-2018->07-nov-2023}@creditforwardconvexityadjustedpv => 0.099028905415702 ||
	 | fixedstream::sgd/sgd::6::{07-nov-2018->07-nov-2023}@creditforwardconvexityadjustedrate => 0.020599999999999934 ||
	 | fixedstream::sgd/sgd::6::{07-nov-2018->07-nov-2023}@creditforwardconvexityadjustedupfront => 0.099028905415702 ||
	 | fixedstream::sgd/sgd::6::{07-nov-2018->07-nov-2023}@creditforwardconvexityadjustmentfactor => 1.0 ||
	 | fixedstream::sgd/sgd::6::{07-nov-2018->07-nov-2023}@creditforwardconvexityadjustmentpremium => 0.0 ||
	 | fixedstream::sgd/sgd::6::{07-nov-2018->07-nov-2023}@creditforwardconvexityadjustmentpremiumupfront => 0.0 ||
	 | fixedstream::sgd/sgd::6::{07-nov-2018->07-nov-2023}@creditfundingconvexityadjustedcleandv01 => 4.807228418237977E-4 ||
	 | fixedstream::sgd/sgd::6::{07-nov-2018->07-nov-2023}@creditfundingconvexityadjustedcleanprice => 109.9028905415702 ||
	 | fixedstream::sgd/sgd::6::{07-nov-2018->07-nov-2023}@creditfundingconvexityadjustedcleanpv => 0.099028905415702 ||
	 | fixedstream::sgd/sgd::6::{07-nov-2018->07-nov-2023}@creditfundingconvexityadjusteddirtydv01 => 4.807228418237977E-4 ||
	 | fixedstream::sgd/sgd::6::{07-nov-2018->07-nov-2023}@creditfundingconvexityadjusteddirtyprice => 109.9028905415702 ||
	 | fixedstream::sgd/sgd::6::{07-nov-2018->07-nov-2023}@creditfundingconvexityadjusteddirtypv => 0.099028905415702 ||
	 | fixedstream::sgd/sgd::6::{07-nov-2018->07-nov-2023}@creditfundingconvexityadjusteddv01 => 4.807228418237977E-4 ||
	 | fixedstream::sgd/sgd::6::{07-nov-2018->07-nov-2023}@creditfundingconvexityadjustedfairpremium => 0.020599999999999934 ||
	 | fixedstream::sgd/sgd::6::{07-nov-2018->07-nov-2023}@creditfundingconvexityadjustedparrate => 0.020599999999999934 ||
	 | fixedstream::sgd/sgd::6::{07-nov-2018->07-nov-2023}@creditfundingconvexityadjustedprice => 109.9028905415702 ||
	 | fixedstream::sgd/sgd::6::{07-nov-2018->07-nov-2023}@creditfundingconvexityadjustedpv => 0.099028905415702 ||
	 | fixedstream::sgd/sgd::6::{07-nov-2018->07-nov-2023}@creditfundingconvexityadjustedrate => 0.020599999999999934 ||
	 | fixedstream::sgd/sgd::6::{07-nov-2018->07-nov-2023}@creditfundingconvexityadjustedupfront => 0.099028905415702 ||
	 | fixedstream::sgd/sgd::6::{07-nov-2018->07-nov-2023}@creditfundingconvexityadjustmentfactor => 1.0 ||
	 | fixedstream::sgd/sgd::6::{07-nov-2018->07-nov-2023}@creditfundingconvexityadjustmentpremium => 0.0 ||
	 | fixedstream::sgd/sgd::6::{07-nov-2018->07-nov-2023}@creditfundingconvexityadjustmentpremiumupfront => 0.0 ||
	 | fixedstream::sgd/sgd::6::{07-nov-2018->07-nov-2023}@creditfxconvexityadjustedcleandv01 => 4.807228418237977E-4 ||
	 | fixedstream::sgd/sgd::6::{07-nov-2018->07-nov-2023}@creditfxconvexityadjustedcleanprice => 109.9028905415702 ||
	 | fixedstream::sgd/sgd::6::{07-nov-2018->07-nov-2023}@creditfxconvexityadjustedcleanpv => 0.099028905415702 ||
	 | fixedstream::sgd/sgd::6::{07-nov-2018->07-nov-2023}@creditfxconvexityadjusteddirtydv01 => 4.807228418237977E-4 ||
	 | fixedstream::sgd/sgd::6::{07-nov-2018->07-nov-2023}@creditfxconvexityadjusteddirtyprice => 109.9028905415702 ||
	 | fixedstream::sgd/sgd::6::{07-nov-2018->07-nov-2023}@creditfxconvexityadjusteddirtypv => 0.099028905415702 ||
	 | fixedstream::sgd/sgd::6::{07-nov-2018->07-nov-2023}@creditfxconvexityadjusteddv01 => 4.807228418237977E-4 ||
	 | fixedstream::sgd/sgd::6::{07-nov-2018->07-nov-2023}@creditfxconvexityadjustedfairpremium => 0.020599999999999934 ||
	 | fixedstream::sgd/sgd::6::{07-nov-2018->07-nov-2023}@creditfxconvexityadjustedparrate => 0.020599999999999934 ||
	 | fixedstream::sgd/sgd::6::{07-nov-2018->07-nov-2023}@creditfxconvexityadjustedprice => 109.9028905415702 ||
	 | fixedstream::sgd/sgd::6::{07-nov-2018->07-nov-2023}@creditfxconvexityadjustedpv => 0.099028905415702 ||
	 | fixedstream::sgd/sgd::6::{07-nov-2018->07-nov-2023}@creditfxconvexityadjustedrate => 0.020599999999999934 ||
	 | fixedstream::sgd/sgd::6::{07-nov-2018->07-nov-2023}@creditfxconvexityadjustedupfront => 0.099028905415702 ||
	 | fixedstream::sgd/sgd::6::{07-nov-2018->07-nov-2023}@creditfxconvexityadjustmentfactor => 1.0 ||
	 | fixedstream::sgd/sgd::6::{07-nov-2018->07-nov-2023}@creditfxconvexityadjustmentpremium => 0.0 ||
	 | fixedstream::sgd/sgd::6::{07-nov-2018->07-nov-2023}@creditfxconvexityadjustmentpremiumupfront => 0.0 ||
	 | fixedstream::sgd/sgd::6::{07-nov-2018->07-nov-2023}@cumulativeconvexityadjustedcleandv01 => 4.807228418237977E-4 ||
	 | fixedstream::sgd/sgd::6::{07-nov-2018->07-nov-2023}@cumulativeconvexityadjustedcleanprice => 109.9028905415702 ||
	 | fixedstream::sgd/sgd::6::{07-nov-2018->07-nov-2023}@cumulativeconvexityadjustedcleanpv => 0.099028905415702 ||
	 | fixedstream::sgd/sgd::6::{07-nov-2018->07-nov-2023}@cumulativeconvexityadjusteddirtydv01 => 4.807228418237977E-4 ||
	 | fixedstream::sgd/sgd::6::{07-nov-2018->07-nov-2023}@cumulativeconvexityadjusteddirtyprice => 109.9028905415702 ||
	 | fixedstream::sgd/sgd::6::{07-nov-2018->07-nov-2023}@cumulativeconvexityadjusteddirtypv => 0.099028905415702 ||
	 | fixedstream::sgd/sgd::6::{07-nov-2018->07-nov-2023}@cumulativeconvexityadjusteddv01 => 4.807228418237977E-4 ||
	 | fixedstream::sgd/sgd::6::{07-nov-2018->07-nov-2023}@cumulativeconvexityadjustedfairpremium => 0.020599999999999934 ||
	 | fixedstream::sgd/sgd::6::{07-nov-2018->07-nov-2023}@cumulativeconvexityadjustedparrate => 0.020599999999999934 ||
	 | fixedstream::sgd/sgd::6::{07-nov-2018->07-nov-2023}@cumulativeconvexityadjustedprice => 109.9028905415702 ||
	 | fixedstream::sgd/sgd::6::{07-nov-2018->07-nov-2023}@cumulativeconvexityadjustedpv => 0.099028905415702 ||
	 | fixedstream::sgd/sgd::6::{07-nov-2018->07-nov-2023}@cumulativeconvexityadjustedrate => 0.020599999999999934 ||
	 | fixedstream::sgd/sgd::6::{07-nov-2018->07-nov-2023}@cumulativeconvexityadjustedupfront => 0.099028905415702 ||
	 | fixedstream::sgd/sgd::6::{07-nov-2018->07-nov-2023}@cumulativeconvexityadjustmentfactor => 1.0 ||
	 | fixedstream::sgd/sgd::6::{07-nov-2018->07-nov-2023}@cumulativeconvexityadjustmentpremium => 0.0 ||
	 | fixedstream::sgd/sgd::6::{07-nov-2018->07-nov-2023}@cumulativeconvexityadjustmentpremiumupfront => 0.0 ||
	 | fixedstream::sgd/sgd::6::{07-nov-2018->07-nov-2023}@cumulativecouponamount => 0.0 ||
	 | fixedstream::sgd/sgd::6::{07-nov-2018->07-nov-2023}@cumulativecoupondcf => 0.0 ||
	 | fixedstream::sgd/sgd::6::{07-nov-2018->07-nov-2023}@cv01 => 4.807228418237977E-4 ||
	 | fixedstream::sgd/sgd::6::{07-nov-2018->07-nov-2023}@dirtydv01 => 4.807228418237977E-4 ||
	 | fixedstream::sgd/sgd::6::{07-nov-2018->07-nov-2023}@dirtyprice => 109.9028905415702 ||
	 | fixedstream::sgd/sgd::6::{07-nov-2018->07-nov-2023}@dirtypv => 0.099028905415702 ||
	 | fixedstream::sgd/sgd::6::{07-nov-2018->07-nov-2023}@dv01 => 4.807228418237977E-4 ||
	 | fixedstream::sgd/sgd::6::{07-nov-2018->07-nov-2023}@fairpremium => 0.020599999999999934 ||
	 | fixedstream::sgd/sgd::6::{07-nov-2018->07-nov-2023}@fixing01 => 0.0 ||
	 | fixedstream::sgd/sgd::6::{07-nov-2018->07-nov-2023}@forwardfundingconvexityadjustedcleandv01 => 4.807228418237977E-4 ||
	 | fixedstream::sgd/sgd::6::{07-nov-2018->07-nov-2023}@forwardfundingconvexityadjustedcleanprice => 109.9028905415702 ||
	 | fixedstream::sgd/sgd::6::{07-nov-2018->07-nov-2023}@forwardfundingconvexityadjustedcleanpv => 0.099028905415702 ||
	 | fixedstream::sgd/sgd::6::{07-nov-2018->07-nov-2023}@forwardfundingconvexityadjusteddirtydv01 => 4.807228418237977E-4 ||
	 | fixedstream::sgd/sgd::6::{07-nov-2018->07-nov-2023}@forwardfundingconvexityadjusteddirtyprice => 109.9028905415702 ||
	 | fixedstream::sgd/sgd::6::{07-nov-2018->07-nov-2023}@forwardfundingconvexityadjusteddirtypv => 0.099028905415702 ||
	 | fixedstream::sgd/sgd::6::{07-nov-2018->07-nov-2023}@forwardfundingconvexityadjusteddv01 => 4.807228418237977E-4 ||
	 | fixedstream::sgd/sgd::6::{07-nov-2018->07-nov-2023}@forwardfundingconvexityadjustedfairpremium => 0.020599999999999934 ||
	 | fixedstream::sgd/sgd::6::{07-nov-2018->07-nov-2023}@forwardfundingconvexityadjustedparrate => 0.020599999999999934 ||
	 | fixedstream::sgd/sgd::6::{07-nov-2018->07-nov-2023}@forwardfundingconvexityadjustedprice => 109.9028905415702 ||
	 | fixedstream::sgd/sgd::6::{07-nov-2018->07-nov-2023}@forwardfundingconvexityadjustedpv => 0.099028905415702 ||
	 | fixedstream::sgd/sgd::6::{07-nov-2018->07-nov-2023}@forwardfundingconvexityadjustedrate => 0.020599999999999934 ||
	 | fixedstream::sgd/sgd::6::{07-nov-2018->07-nov-2023}@forwardfundingconvexityadjustedupfront => 0.099028905415702 ||
	 | fixedstream::sgd/sgd::6::{07-nov-2018->07-nov-2023}@forwardfundingconvexityadjustmentfactor => 1.0 ||
	 | fixedstream::sgd/sgd::6::{07-nov-2018->07-nov-2023}@forwardfundingconvexityadjustmentpremium => 0.0 ||
	 | fixedstream::sgd/sgd::6::{07-nov-2018->07-nov-2023}@forwardfundingconvexityadjustmentpremiumupfront => 0.0 ||
	 | fixedstream::sgd/sgd::6::{07-nov-2018->07-nov-2023}@forwardfxconvexityadjustedcleandv01 => 4.807228418237977E-4 ||
	 | fixedstream::sgd/sgd::6::{07-nov-2018->07-nov-2023}@forwardfxconvexityadjustedcleanprice => 109.9028905415702 ||
	 | fixedstream::sgd/sgd::6::{07-nov-2018->07-nov-2023}@forwardfxconvexityadjustedcleanpv => 0.099028905415702 ||
	 | fixedstream::sgd/sgd::6::{07-nov-2018->07-nov-2023}@forwardfxconvexityadjusteddirtydv01 => 4.807228418237977E-4 ||
	 | fixedstream::sgd/sgd::6::{07-nov-2018->07-nov-2023}@forwardfxconvexityadjusteddirtyprice => 109.9028905415702 ||
	 | fixedstream::sgd/sgd::6::{07-nov-2018->07-nov-2023}@forwardfxconvexityadjusteddirtypv => 0.099028905415702 ||
	 | fixedstream::sgd/sgd::6::{07-nov-2018->07-nov-2023}@forwardfxconvexityadjusteddv01 => 4.807228418237977E-4 ||
	 | fixedstream::sgd/sgd::6::{07-nov-2018->07-nov-2023}@forwardfxconvexityadjustedfairpremium => 0.020599999999999934 ||
	 | fixedstream::sgd/sgd::6::{07-nov-2018->07-nov-2023}@forwardfxconvexityadjustedparrate => 0.020599999999999934 ||
	 | fixedstream::sgd/sgd::6::{07-nov-2018->07-nov-2023}@forwardfxconvexityadjustedprice => 109.9028905415702 ||
	 | fixedstream::sgd/sgd::6::{07-nov-2018->07-nov-2023}@forwardfxconvexityadjustedpv => 0.099028905415702 ||
	 | fixedstream::sgd/sgd::6::{07-nov-2018->07-nov-2023}@forwardfxconvexityadjustedrate => 0.020599999999999934 ||
	 | fixedstream::sgd/sgd::6::{07-nov-2018->07-nov-2023}@forwardfxconvexityadjustedupfront => 0.099028905415702 ||
	 | fixedstream::sgd/sgd::6::{07-nov-2018->07-nov-2023}@forwardfxconvexityadjustmentfactor => 1.0 ||
	 | fixedstream::sgd/sgd::6::{07-nov-2018->07-nov-2023}@forwardfxconvexityadjustmentpremium => 0.0 ||
	 | fixedstream::sgd/sgd::6::{07-nov-2018->07-nov-2023}@forwardfxconvexityadjustmentpremiumupfront => 0.0 ||
	 | fixedstream::sgd/sgd::6::{07-nov-2018->07-nov-2023}@fundingfxconvexityadjustedcleandv01 => 4.807228418237977E-4 ||
	 | fixedstream::sgd/sgd::6::{07-nov-2018->07-nov-2023}@fundingfxconvexityadjustedcleanprice => 109.9028905415702 ||
	 | fixedstream::sgd/sgd::6::{07-nov-2018->07-nov-2023}@fundingfxconvexityadjustedcleanpv => 0.099028905415702 ||
	 | fixedstream::sgd/sgd::6::{07-nov-2018->07-nov-2023}@fundingfxconvexityadjusteddirtydv01 => 4.807228418237977E-4 ||
	 | fixedstream::sgd/sgd::6::{07-nov-2018->07-nov-2023}@fundingfxconvexityadjusteddirtyprice => 109.9028905415702 ||
	 | fixedstream::sgd/sgd::6::{07-nov-2018->07-nov-2023}@fundingfxconvexityadjusteddirtypv => 0.099028905415702 ||
	 | fixedstream::sgd/sgd::6::{07-nov-2018->07-nov-2023}@fundingfxconvexityadjusteddv01 => 4.807228418237977E-4 ||
	 | fixedstream::sgd/sgd::6::{07-nov-2018->07-nov-2023}@fundingfxconvexityadjustedfairpremium => 0.020599999999999934 ||
	 | fixedstream::sgd/sgd::6::{07-nov-2018->07-nov-2023}@fundingfxconvexityadjustedparrate => 0.020599999999999934 ||
	 | fixedstream::sgd/sgd::6::{07-nov-2018->07-nov-2023}@fundingfxconvexityadjustedprice => 109.9028905415702 ||
	 | fixedstream::sgd/sgd::6::{07-nov-2018->07-nov-2023}@fundingfxconvexityadjustedpv => 0.099028905415702 ||
	 | fixedstream::sgd/sgd::6::{07-nov-2018->07-nov-2023}@fundingfxconvexityadjustedrate => 0.020599999999999934 ||
	 | fixedstream::sgd/sgd::6::{07-nov-2018->07-nov-2023}@fundingfxconvexityadjustedupfront => 0.099028905415702 ||
	 | fixedstream::sgd/sgd::6::{07-nov-2018->07-nov-2023}@fundingfxconvexityadjustmentfactor => 1.0 ||
	 | fixedstream::sgd/sgd::6::{07-nov-2018->07-nov-2023}@fundingfxconvexityadjustmentpremium => 0.0 ||
	 | fixedstream::sgd/sgd::6::{07-nov-2018->07-nov-2023}@fundingfxconvexityadjustmentpremiumupfront => 0.0 ||
	 | fixedstream::sgd/sgd::6::{07-nov-2018->07-nov-2023}@parrate => 0.020599999999999934 ||
	 | fixedstream::sgd/sgd::6::{07-nov-2018->07-nov-2023}@price => 109.9028905415702 ||
	 | fixedstream::sgd/sgd::6::{07-nov-2018->07-nov-2023}@pv => 0.099028905415702 ||
	 | fixedstream::sgd/sgd::6::{07-nov-2018->07-nov-2023}@rate => 0.020599999999999934 ||
	 | fixedstream::sgd/sgd::6::{07-nov-2018->07-nov-2023}@resetdate => -2.147483648E9 ||
	 | fixedstream::sgd/sgd::6::{07-nov-2018->07-nov-2023}@resetrate => NaN ||
	 | fixedstream::sgd/sgd::6::{07-nov-2018->07-nov-2023}@totalcoupon => 0.20599999999999938 ||
	 | fixedstream::sgd/sgd::6::{07-nov-2018->07-nov-2023}@unadjustedcleandv01 => 4.807228418237977E-4 ||
	 | fixedstream::sgd/sgd::6::{07-nov-2018->07-nov-2023}@unadjustedcleanprice => 109.9028905415702 ||
	 | fixedstream::sgd/sgd::6::{07-nov-2018->07-nov-2023}@unadjustedcleanpv => 0.099028905415702 ||
	 | fixedstream::sgd/sgd::6::{07-nov-2018->07-nov-2023}@unadjusteddirtydv01 => 4.807228418237977E-4 ||
	 | fixedstream::sgd/sgd::6::{07-nov-2018->07-nov-2023}@unadjusteddirtyprice => 109.9028905415702 ||
	 | fixedstream::sgd/sgd::6::{07-nov-2018->07-nov-2023}@unadjusteddirtypv => 0.099028905415702 ||
	 | fixedstream::sgd/sgd::6::{07-nov-2018->07-nov-2023}@unadjustedfairpremium => 0.020599999999999934 ||
	 | fixedstream::sgd/sgd::6::{07-nov-2018->07-nov-2023}@unadjustedparrate => 0.020599999999999934 ||
	 | fixedstream::sgd/sgd::6::{07-nov-2018->07-nov-2023}@unadjustedprice => 109.9028905415702 ||
	 | fixedstream::sgd/sgd::6::{07-nov-2018->07-nov-2023}@unadjustedpv => 0.099028905415702 ||
	 | fixedstream::sgd/sgd::6::{07-nov-2018->07-nov-2023}@unadjustedrate => 0.020599999999999934 ||
	 | fixedstream::sgd/sgd::6::{07-nov-2018->07-nov-2023}@unadjustedupfront => 0.099028905415702 ||
	 | fixedstream::sgd/sgd::6::{07-nov-2018->07-nov-2023}@upfront => 0.099028905415702 ||
	 | fixing01 => 0.0 ||
	 | floataccrued => 0.0 ||
	 | floataccrued01 => 0.0 ||
	 | floatdv01 => -4.807228418237977E-4 ||
	 | floatstream::sgd::sgd-sibor-6m::{07-nov-2018->07-nov-2023}@accrualcoupon => NaN ||
	 | floatstream::sgd::sgd-sibor-6m::{07-nov-2018->07-nov-2023}@accrued => 0.0 ||
	 | floatstream::sgd::sgd-sibor-6m::{07-nov-2018->07-nov-2023}@accrued01 => 0.0 ||
	 | floatstream::sgd::sgd-sibor-6m::{07-nov-2018->07-nov-2023}@calctime => 7.2495E-5 ||
	 | floatstream::sgd::sgd-sibor-6m::{07-nov-2018->07-nov-2023}@cleandv01 => -4.807228418237977E-4 ||
	 | floatstream::sgd::sgd-sibor-6m::{07-nov-2018->07-nov-2023}@cleanprice => 109.90289054157023 ||
	 | floatstream::sgd::sgd-sibor-6m::{07-nov-2018->07-nov-2023}@cleanpv => -0.09902890541570238 ||
	 | floatstream::sgd::sgd-sibor-6m::{07-nov-2018->07-nov-2023}@compoundingadjustedcleandv01 => -4.807228418237977E-4 ||
	 | floatstream::sgd::sgd-sibor-6m::{07-nov-2018->07-nov-2023}@compoundingadjustedcleanprice => 109.90289054157023 ||
	 | floatstream::sgd::sgd-sibor-6m::{07-nov-2018->07-nov-2023}@compoundingadjustedcleanpv => -0.09902890541570238 ||
	 | floatstream::sgd::sgd-sibor-6m::{07-nov-2018->07-nov-2023}@compoundingadjusteddirtydv01 => -4.807228418237977E-4 ||
	 | floatstream::sgd::sgd-sibor-6m::{07-nov-2018->07-nov-2023}@compoundingadjusteddirtyprice => 109.90289054157023 ||
	 | floatstream::sgd::sgd-sibor-6m::{07-nov-2018->07-nov-2023}@compoundingadjusteddirtypv => -0.09902890541570238 ||
	 | floatstream::sgd::sgd-sibor-6m::{07-nov-2018->07-nov-2023}@compoundingadjustedfairpremium => 0.02060000000000001 ||
	 | floatstream::sgd::sgd-sibor-6m::{07-nov-2018->07-nov-2023}@compoundingadjustedparrate => 0.02060000000000001 ||
	 | floatstream::sgd::sgd-sibor-6m::{07-nov-2018->07-nov-2023}@compoundingadjustedprice => 109.90289054157023 ||
	 | floatstream::sgd::sgd-sibor-6m::{07-nov-2018->07-nov-2023}@compoundingadjustedpv => -0.09902890541570238 ||
	 | floatstream::sgd::sgd-sibor-6m::{07-nov-2018->07-nov-2023}@compoundingadjustedrate => 0.02060000000000001 ||
	 | floatstream::sgd::sgd-sibor-6m::{07-nov-2018->07-nov-2023}@compoundingadjustedupfront => -0.09902890541570238 ||
	 | floatstream::sgd::sgd-sibor-6m::{07-nov-2018->07-nov-2023}@compoundingadjustmentfactor => 1.0 ||
	 | floatstream::sgd::sgd-sibor-6m::{07-nov-2018->07-nov-2023}@compoundingadjustmentpremium => 0.0 ||
	 | floatstream::sgd::sgd-sibor-6m::{07-nov-2018->07-nov-2023}@compoundingadjustmentpremiumupfront => -0.0 ||
	 | floatstream::sgd::sgd-sibor-6m::{07-nov-2018->07-nov-2023}@creditforwardconvexityadjustedcleandv01 => -4.807228418237977E-4 ||
	 | floatstream::sgd::sgd-sibor-6m::{07-nov-2018->07-nov-2023}@creditforwardconvexityadjustedcleanprice => 109.90289054157023 ||
	 | floatstream::sgd::sgd-sibor-6m::{07-nov-2018->07-nov-2023}@creditforwardconvexityadjustedcleanpv => -0.09902890541570238 ||
	 | floatstream::sgd::sgd-sibor-6m::{07-nov-2018->07-nov-2023}@creditforwardconvexityadjusteddirtydv01 => -4.807228418237977E-4 ||
	 | floatstream::sgd::sgd-sibor-6m::{07-nov-2018->07-nov-2023}@creditforwardconvexityadjusteddirtyprice => 109.90289054157023 ||
	 | floatstream::sgd::sgd-sibor-6m::{07-nov-2018->07-nov-2023}@creditforwardconvexityadjusteddirtypv => -0.09902890541570238 ||
	 | floatstream::sgd::sgd-sibor-6m::{07-nov-2018->07-nov-2023}@creditforwardconvexityadjusteddv01 => -4.807228418237977E-4 ||
	 | floatstream::sgd::sgd-sibor-6m::{07-nov-2018->07-nov-2023}@creditforwardconvexityadjustedfairpremium => 0.02060000000000001 ||
	 | floatstream::sgd::sgd-sibor-6m::{07-nov-2018->07-nov-2023}@creditforwardconvexityadjustedparrate => 0.02060000000000001 ||
	 | floatstream::sgd::sgd-sibor-6m::{07-nov-2018->07-nov-2023}@creditforwardconvexityadjustedprice => 109.90289054157023 ||
	 | floatstream::sgd::sgd-sibor-6m::{07-nov-2018->07-nov-2023}@creditforwardconvexityadjustedpv => -0.09902890541570238 ||
	 | floatstream::sgd::sgd-sibor-6m::{07-nov-2018->07-nov-2023}@creditforwardconvexityadjustedrate => 0.02060000000000001 ||
	 | floatstream::sgd::sgd-sibor-6m::{07-nov-2018->07-nov-2023}@creditforwardconvexityadjustedupfront => -0.09902890541570238 ||
	 | floatstream::sgd::sgd-sibor-6m::{07-nov-2018->07-nov-2023}@creditforwardconvexityadjustmentfactor => 1.0 ||
	 | floatstream::sgd::sgd-sibor-6m::{07-nov-2018->07-nov-2023}@creditforwardconvexityadjustmentpremium => 0.0 ||
	 | floatstream::sgd::sgd-sibor-6m::{07-nov-2018->07-nov-2023}@creditforwardconvexityadjustmentpremiumupfront => -0.0 ||
	 | floatstream::sgd::sgd-sibor-6m::{07-nov-2018->07-nov-2023}@creditfundingconvexityadjustedcleandv01 => -4.807228418237977E-4 ||
	 | floatstream::sgd::sgd-sibor-6m::{07-nov-2018->07-nov-2023}@creditfundingconvexityadjustedcleanprice => 109.90289054157023 ||
	 | floatstream::sgd::sgd-sibor-6m::{07-nov-2018->07-nov-2023}@creditfundingconvexityadjustedcleanpv => -0.09902890541570238 ||
	 | floatstream::sgd::sgd-sibor-6m::{07-nov-2018->07-nov-2023}@creditfundingconvexityadjusteddirtydv01 => -4.807228418237977E-4 ||
	 | floatstream::sgd::sgd-sibor-6m::{07-nov-2018->07-nov-2023}@creditfundingconvexityadjusteddirtyprice => 109.90289054157023 ||
	 | floatstream::sgd::sgd-sibor-6m::{07-nov-2018->07-nov-2023}@creditfundingconvexityadjusteddirtypv => -0.09902890541570238 ||
	 | floatstream::sgd::sgd-sibor-6m::{07-nov-2018->07-nov-2023}@creditfundingconvexityadjusteddv01 => -4.807228418237977E-4 ||
	 | floatstream::sgd::sgd-sibor-6m::{07-nov-2018->07-nov-2023}@creditfundingconvexityadjustedfairpremium => 0.02060000000000001 ||
	 | floatstream::sgd::sgd-sibor-6m::{07-nov-2018->07-nov-2023}@creditfundingconvexityadjustedparrate => 0.02060000000000001 ||
	 | floatstream::sgd::sgd-sibor-6m::{07-nov-2018->07-nov-2023}@creditfundingconvexityadjustedprice => 109.90289054157023 ||
	 | floatstream::sgd::sgd-sibor-6m::{07-nov-2018->07-nov-2023}@creditfundingconvexityadjustedpv => -0.09902890541570238 ||
	 | floatstream::sgd::sgd-sibor-6m::{07-nov-2018->07-nov-2023}@creditfundingconvexityadjustedrate => 0.02060000000000001 ||
	 | floatstream::sgd::sgd-sibor-6m::{07-nov-2018->07-nov-2023}@creditfundingconvexityadjustedupfront => -0.09902890541570238 ||
	 | floatstream::sgd::sgd-sibor-6m::{07-nov-2018->07-nov-2023}@creditfundingconvexityadjustmentfactor => 1.0 ||
	 | floatstream::sgd::sgd-sibor-6m::{07-nov-2018->07-nov-2023}@creditfundingconvexityadjustmentpremium => 0.0 ||
	 | floatstream::sgd::sgd-sibor-6m::{07-nov-2018->07-nov-2023}@creditfundingconvexityadjustmentpremiumupfront => -0.0 ||
	 | floatstream::sgd::sgd-sibor-6m::{07-nov-2018->07-nov-2023}@creditfxconvexityadjustedcleandv01 => -4.807228418237977E-4 ||
	 | floatstream::sgd::sgd-sibor-6m::{07-nov-2018->07-nov-2023}@creditfxconvexityadjustedcleanprice => 109.90289054157023 ||
	 | floatstream::sgd::sgd-sibor-6m::{07-nov-2018->07-nov-2023}@creditfxconvexityadjustedcleanpv => -0.09902890541570238 ||
	 | floatstream::sgd::sgd-sibor-6m::{07-nov-2018->07-nov-2023}@creditfxconvexityadjusteddirtydv01 => -4.807228418237977E-4 ||
	 | floatstream::sgd::sgd-sibor-6m::{07-nov-2018->07-nov-2023}@creditfxconvexityadjusteddirtyprice => 109.90289054157023 ||
	 | floatstream::sgd::sgd-sibor-6m::{07-nov-2018->07-nov-2023}@creditfxconvexityadjusteddirtypv => -0.09902890541570238 ||
	 | floatstream::sgd::sgd-sibor-6m::{07-nov-2018->07-nov-2023}@creditfxconvexityadjusteddv01 => -4.807228418237977E-4 ||
	 | floatstream::sgd::sgd-sibor-6m::{07-nov-2018->07-nov-2023}@creditfxconvexityadjustedfairpremium => 0.02060000000000001 ||
	 | floatstream::sgd::sgd-sibor-6m::{07-nov-2018->07-nov-2023}@creditfxconvexityadjustedparrate => 0.02060000000000001 ||
	 | floatstream::sgd::sgd-sibor-6m::{07-nov-2018->07-nov-2023}@creditfxconvexityadjustedprice => 109.90289054157023 ||
	 | floatstream::sgd::sgd-sibor-6m::{07-nov-2018->07-nov-2023}@creditfxconvexityadjustedpv => -0.09902890541570238 ||
	 | floatstream::sgd::sgd-sibor-6m::{07-nov-2018->07-nov-2023}@creditfxconvexityadjustedrate => 0.02060000000000001 ||
	 | floatstream::sgd::sgd-sibor-6m::{07-nov-2018->07-nov-2023}@creditfxconvexityadjustedupfront => -0.09902890541570238 ||
	 | floatstream::sgd::sgd-sibor-6m::{07-nov-2018->07-nov-2023}@creditfxconvexityadjustmentfactor => 1.0 ||
	 | floatstream::sgd::sgd-sibor-6m::{07-nov-2018->07-nov-2023}@creditfxconvexityadjustmentpremium => 0.0 ||
	 | floatstream::sgd::sgd-sibor-6m::{07-nov-2018->07-nov-2023}@creditfxconvexityadjustmentpremiumupfront => -0.0 ||
	 | floatstream::sgd::sgd-sibor-6m::{07-nov-2018->07-nov-2023}@cumulativeconvexityadjustedcleandv01 => -4.807228418237977E-4 ||
	 | floatstream::sgd::sgd-sibor-6m::{07-nov-2018->07-nov-2023}@cumulativeconvexityadjustedcleanprice => 109.90289054157023 ||
	 | floatstream::sgd::sgd-sibor-6m::{07-nov-2018->07-nov-2023}@cumulativeconvexityadjustedcleanpv => -0.09902890541570238 ||
	 | floatstream::sgd::sgd-sibor-6m::{07-nov-2018->07-nov-2023}@cumulativeconvexityadjusteddirtydv01 => -4.807228418237977E-4 ||
	 | floatstream::sgd::sgd-sibor-6m::{07-nov-2018->07-nov-2023}@cumulativeconvexityadjusteddirtyprice => 109.90289054157023 ||
	 | floatstream::sgd::sgd-sibor-6m::{07-nov-2018->07-nov-2023}@cumulativeconvexityadjusteddirtypv => -0.09902890541570238 ||
	 | floatstream::sgd::sgd-sibor-6m::{07-nov-2018->07-nov-2023}@cumulativeconvexityadjusteddv01 => -4.807228418237977E-4 ||
	 | floatstream::sgd::sgd-sibor-6m::{07-nov-2018->07-nov-2023}@cumulativeconvexityadjustedfairpremium => 0.02060000000000001 ||
	 | floatstream::sgd::sgd-sibor-6m::{07-nov-2018->07-nov-2023}@cumulativeconvexityadjustedparrate => 0.02060000000000001 ||
	 | floatstream::sgd::sgd-sibor-6m::{07-nov-2018->07-nov-2023}@cumulativeconvexityadjustedprice => 109.90289054157023 ||
	 | floatstream::sgd::sgd-sibor-6m::{07-nov-2018->07-nov-2023}@cumulativeconvexityadjustedpv => -0.09902890541570238 ||
	 | floatstream::sgd::sgd-sibor-6m::{07-nov-2018->07-nov-2023}@cumulativeconvexityadjustedrate => 0.02060000000000001 ||
	 | floatstream::sgd::sgd-sibor-6m::{07-nov-2018->07-nov-2023}@cumulativeconvexityadjustedupfront => -0.09902890541570238 ||
	 | floatstream::sgd::sgd-sibor-6m::{07-nov-2018->07-nov-2023}@cumulativeconvexityadjustmentfactor => 1.0 ||
	 | floatstream::sgd::sgd-sibor-6m::{07-nov-2018->07-nov-2023}@cumulativeconvexityadjustmentpremium => 0.0 ||
	 | floatstream::sgd::sgd-sibor-6m::{07-nov-2018->07-nov-2023}@cumulativeconvexityadjustmentpremiumupfront => -0.0 ||
	 | floatstream::sgd::sgd-sibor-6m::{07-nov-2018->07-nov-2023}@cumulativecouponamount => 0.0 ||
	 | floatstream::sgd::sgd-sibor-6m::{07-nov-2018->07-nov-2023}@cumulativecoupondcf => 0.0 ||
	 | floatstream::sgd::sgd-sibor-6m::{07-nov-2018->07-nov-2023}@cv01 => -4.807228418237977E-4 ||
	 | floatstream::sgd::sgd-sibor-6m::{07-nov-2018->07-nov-2023}@dirtydv01 => -4.807228418237977E-4 ||
	 | floatstream::sgd::sgd-sibor-6m::{07-nov-2018->07-nov-2023}@dirtyprice => 109.90289054157023 ||
	 | floatstream::sgd::sgd-sibor-6m::{07-nov-2018->07-nov-2023}@dirtypv => -0.09902890541570238 ||
	 | floatstream::sgd::sgd-sibor-6m::{07-nov-2018->07-nov-2023}@dv01 => -4.807228418237977E-4 ||
	 | floatstream::sgd::sgd-sibor-6m::{07-nov-2018->07-nov-2023}@fairpremium => 0.02060000000000001 ||
	 | floatstream::sgd::sgd-sibor-6m::{07-nov-2018->07-nov-2023}@fixing01 => 0.0 ||
	 | floatstream::sgd::sgd-sibor-6m::{07-nov-2018->07-nov-2023}@forwardfundingconvexityadjustedcleandv01 => -4.807228418237977E-4 ||
	 | floatstream::sgd::sgd-sibor-6m::{07-nov-2018->07-nov-2023}@forwardfundingconvexityadjustedcleanprice => 109.90289054157023 ||
	 | floatstream::sgd::sgd-sibor-6m::{07-nov-2018->07-nov-2023}@forwardfundingconvexityadjustedcleanpv => -0.09902890541570238 ||
	 | floatstream::sgd::sgd-sibor-6m::{07-nov-2018->07-nov-2023}@forwardfundingconvexityadjusteddirtydv01 => -4.807228418237977E-4 ||
	 | floatstream::sgd::sgd-sibor-6m::{07-nov-2018->07-nov-2023}@forwardfundingconvexityadjusteddirtyprice => 109.90289054157023 ||
	 | floatstream::sgd::sgd-sibor-6m::{07-nov-2018->07-nov-2023}@forwardfundingconvexityadjusteddirtypv => -0.09902890541570238 ||
	 | floatstream::sgd::sgd-sibor-6m::{07-nov-2018->07-nov-2023}@forwardfundingconvexityadjusteddv01 => -4.807228418237977E-4 ||
	 | floatstream::sgd::sgd-sibor-6m::{07-nov-2018->07-nov-2023}@forwardfundingconvexityadjustedfairpremium => 0.02060000000000001 ||
	 | floatstream::sgd::sgd-sibor-6m::{07-nov-2018->07-nov-2023}@forwardfundingconvexityadjustedparrate => 0.02060000000000001 ||
	 | floatstream::sgd::sgd-sibor-6m::{07-nov-2018->07-nov-2023}@forwardfundingconvexityadjustedprice => 109.90289054157023 ||
	 | floatstream::sgd::sgd-sibor-6m::{07-nov-2018->07-nov-2023}@forwardfundingconvexityadjustedpv => -0.09902890541570238 ||
	 | floatstream::sgd::sgd-sibor-6m::{07-nov-2018->07-nov-2023}@forwardfundingconvexityadjustedrate => 0.02060000000000001 ||
	 | floatstream::sgd::sgd-sibor-6m::{07-nov-2018->07-nov-2023}@forwardfundingconvexityadjustedupfront => -0.09902890541570238 ||
	 | floatstream::sgd::sgd-sibor-6m::{07-nov-2018->07-nov-2023}@forwardfundingconvexityadjustmentfactor => 1.0 ||
	 | floatstream::sgd::sgd-sibor-6m::{07-nov-2018->07-nov-2023}@forwardfundingconvexityadjustmentpremium => 0.0 ||
	 | floatstream::sgd::sgd-sibor-6m::{07-nov-2018->07-nov-2023}@forwardfundingconvexityadjustmentpremiumupfront => -0.0 ||
	 | floatstream::sgd::sgd-sibor-6m::{07-nov-2018->07-nov-2023}@forwardfxconvexityadjustedcleandv01 => -4.807228418237977E-4 ||
	 | floatstream::sgd::sgd-sibor-6m::{07-nov-2018->07-nov-2023}@forwardfxconvexityadjustedcleanprice => 109.90289054157023 ||
	 | floatstream::sgd::sgd-sibor-6m::{07-nov-2018->07-nov-2023}@forwardfxconvexityadjustedcleanpv => -0.09902890541570238 ||
	 | floatstream::sgd::sgd-sibor-6m::{07-nov-2018->07-nov-2023}@forwardfxconvexityadjusteddirtydv01 => -4.807228418237977E-4 ||
	 | floatstream::sgd::sgd-sibor-6m::{07-nov-2018->07-nov-2023}@forwardfxconvexityadjusteddirtyprice => 109.90289054157023 ||
	 | floatstream::sgd::sgd-sibor-6m::{07-nov-2018->07-nov-2023}@forwardfxconvexityadjusteddirtypv => -0.09902890541570238 ||
	 | floatstream::sgd::sgd-sibor-6m::{07-nov-2018->07-nov-2023}@forwardfxconvexityadjusteddv01 => -4.807228418237977E-4 ||
	 | floatstream::sgd::sgd-sibor-6m::{07-nov-2018->07-nov-2023}@forwardfxconvexityadjustedfairpremium => 0.02060000000000001 ||
	 | floatstream::sgd::sgd-sibor-6m::{07-nov-2018->07-nov-2023}@forwardfxconvexityadjustedparrate => 0.02060000000000001 ||
	 | floatstream::sgd::sgd-sibor-6m::{07-nov-2018->07-nov-2023}@forwardfxconvexityadjustedprice => 109.90289054157023 ||
	 | floatstream::sgd::sgd-sibor-6m::{07-nov-2018->07-nov-2023}@forwardfxconvexityadjustedpv => -0.09902890541570238 ||
	 | floatstream::sgd::sgd-sibor-6m::{07-nov-2018->07-nov-2023}@forwardfxconvexityadjustedrate => 0.02060000000000001 ||
	 | floatstream::sgd::sgd-sibor-6m::{07-nov-2018->07-nov-2023}@forwardfxconvexityadjustedupfront => -0.09902890541570238 ||
	 | floatstream::sgd::sgd-sibor-6m::{07-nov-2018->07-nov-2023}@forwardfxconvexityadjustmentfactor => 1.0 ||
	 | floatstream::sgd::sgd-sibor-6m::{07-nov-2018->07-nov-2023}@forwardfxconvexityadjustmentpremium => 0.0 ||
	 | floatstream::sgd::sgd-sibor-6m::{07-nov-2018->07-nov-2023}@forwardfxconvexityadjustmentpremiumupfront => -0.0 ||
	 | floatstream::sgd::sgd-sibor-6m::{07-nov-2018->07-nov-2023}@fundingfxconvexityadjustedcleandv01 => -4.807228418237977E-4 ||
	 | floatstream::sgd::sgd-sibor-6m::{07-nov-2018->07-nov-2023}@fundingfxconvexityadjustedcleanprice => 109.90289054157023 ||
	 | floatstream::sgd::sgd-sibor-6m::{07-nov-2018->07-nov-2023}@fundingfxconvexityadjustedcleanpv => -0.09902890541570238 ||
	 | floatstream::sgd::sgd-sibor-6m::{07-nov-2018->07-nov-2023}@fundingfxconvexityadjusteddirtydv01 => -4.807228418237977E-4 ||
	 | floatstream::sgd::sgd-sibor-6m::{07-nov-2018->07-nov-2023}@fundingfxconvexityadjusteddirtyprice => 109.90289054157023 ||
	 | floatstream::sgd::sgd-sibor-6m::{07-nov-2018->07-nov-2023}@fundingfxconvexityadjusteddirtypv => -0.09902890541570238 ||
	 | floatstream::sgd::sgd-sibor-6m::{07-nov-2018->07-nov-2023}@fundingfxconvexityadjusteddv01 => -4.807228418237977E-4 ||
	 | floatstream::sgd::sgd-sibor-6m::{07-nov-2018->07-nov-2023}@fundingfxconvexityadjustedfairpremium => 0.02060000000000001 ||
	 | floatstream::sgd::sgd-sibor-6m::{07-nov-2018->07-nov-2023}@fundingfxconvexityadjustedparrate => 0.02060000000000001 ||
	 | floatstream::sgd::sgd-sibor-6m::{07-nov-2018->07-nov-2023}@fundingfxconvexityadjustedprice => 109.90289054157023 ||
	 | floatstream::sgd::sgd-sibor-6m::{07-nov-2018->07-nov-2023}@fundingfxconvexityadjustedpv => -0.09902890541570238 ||
	 | floatstream::sgd::sgd-sibor-6m::{07-nov-2018->07-nov-2023}@fundingfxconvexityadjustedrate => 0.02060000000000001 ||
	 | floatstream::sgd::sgd-sibor-6m::{07-nov-2018->07-nov-2023}@fundingfxconvexityadjustedupfront => -0.09902890541570238 ||
	 | floatstream::sgd::sgd-sibor-6m::{07-nov-2018->07-nov-2023}@fundingfxconvexityadjustmentfactor => 1.0 ||
	 | floatstream::sgd::sgd-sibor-6m::{07-nov-2018->07-nov-2023}@fundingfxconvexityadjustmentpremium => 0.0 ||
	 | floatstream::sgd::sgd-sibor-6m::{07-nov-2018->07-nov-2023}@fundingfxconvexityadjustmentpremiumupfront => -0.0 ||
	 | floatstream::sgd::sgd-sibor-6m::{07-nov-2018->07-nov-2023}@parrate => 0.02060000000000001 ||
	 | floatstream::sgd::sgd-sibor-6m::{07-nov-2018->07-nov-2023}@price => 109.90289054157023 ||
	 | floatstream::sgd::sgd-sibor-6m::{07-nov-2018->07-nov-2023}@pv => -0.09902890541570238 ||
	 | floatstream::sgd::sgd-sibor-6m::{07-nov-2018->07-nov-2023}@rate => 0.02060000000000001 ||
	 | floatstream::sgd::sgd-sibor-6m::{07-nov-2018->07-nov-2023}@resetdate => -2.147483648E9 ||
	 | floatstream::sgd::sgd-sibor-6m::{07-nov-2018->07-nov-2023}@resetrate => NaN ||
	 | floatstream::sgd::sgd-sibor-6m::{07-nov-2018->07-nov-2023}@totalcoupon => 0.2099788482442694 ||
	 | floatstream::sgd::sgd-sibor-6m::{07-nov-2018->07-nov-2023}@unadjustedcleandv01 => -4.807228418237977E-4 ||
	 | floatstream::sgd::sgd-sibor-6m::{07-nov-2018->07-nov-2023}@unadjustedcleanprice => 109.90289054157023 ||
	 | floatstream::sgd::sgd-sibor-6m::{07-nov-2018->07-nov-2023}@unadjustedcleanpv => -0.09902890541570238 ||
	 | floatstream::sgd::sgd-sibor-6m::{07-nov-2018->07-nov-2023}@unadjusteddirtydv01 => -4.807228418237977E-4 ||
	 | floatstream::sgd::sgd-sibor-6m::{07-nov-2018->07-nov-2023}@unadjusteddirtyprice => 109.90289054157023 ||
	 | floatstream::sgd::sgd-sibor-6m::{07-nov-2018->07-nov-2023}@unadjusteddirtypv => -0.09902890541570238 ||
	 | floatstream::sgd::sgd-sibor-6m::{07-nov-2018->07-nov-2023}@unadjustedfairpremium => 0.02060000000000001 ||
	 | floatstream::sgd::sgd-sibor-6m::{07-nov-2018->07-nov-2023}@unadjustedparrate => 0.02060000000000001 ||
	 | floatstream::sgd::sgd-sibor-6m::{07-nov-2018->07-nov-2023}@unadjustedprice => 109.90289054157023 ||
	 | floatstream::sgd::sgd-sibor-6m::{07-nov-2018->07-nov-2023}@unadjustedpv => -0.09902890541570238 ||
	 | floatstream::sgd::sgd-sibor-6m::{07-nov-2018->07-nov-2023}@unadjustedrate => 0.02060000000000001 ||
	 | floatstream::sgd::sgd-sibor-6m::{07-nov-2018->07-nov-2023}@unadjustedupfront => -0.09902890541570238 ||
	 | floatstream::sgd::sgd-sibor-6m::{07-nov-2018->07-nov-2023}@upfront => -0.09902890541570238 ||
	 | initialnotional => 1.0 ||
	 | parfixedcoupon => 0.02060000000000001 ||
	 | parrate => 0.02060000000000001 ||
	 | parswaprate => 0.02060000000000001 ||
	 | price => 99.99999999999997 ||
	 | pv => -3.7470027081099033E-16 ||
	 | rate => 0.02060000000000001 ||
	 | referenceaccrued => 0.0 ||
	 | referenceaccrued01 => 0.0 ||
	 | referencecleandv01 => 4.807228418237977E-4 ||
	 | referencecleanpv => 0.099028905415702 ||
	 | referencecumulativeconvexityadjustmentfactor => 1.0 ||
	 | referencecumulativeconvexityadjustmentpremium => 0.0 ||
	 | referencecumulativecouponamount => 0.0 ||
	 | referencecumulativecoupondcf => 0.0 ||
	 | referencedirtydv01 => 4.807228418237977E-4 ||
	 | referencedirtypv => 0.099028905415702 ||
	 | referencedv01 => 4.807228418237977E-4 ||
	 | referenceparbasisspread => 7.794517718139376E-13 ||
	 | referencepv => 0.099028905415702 ||
	 | resetdate => -2.147483648E9 ||
	 | resetrate => NaN ||
	 | swaprate => 0.02060000000000001 ||
	 | upfront => -3.7470027081099033E-16 ||
	 |------------------------------||


		|-----------------------------------------------------------------------------------------------------------------------||
		|    Floating Stream Cash Flow Details                                                                                  ||
		|    -------- ------ ---- ---- -------                                                                                  ||
		|               Start Date                                                                                              ||
		|               End Date                                                                                                ||
		|               Pay Date                                                                                                ||
		|               FX Fixing Date                                                                                          ||
		|               Base Notional                                                                                           ||
		|               Period DCF                                                                                              ||
		|               Tenor                                                                                                   ||
		|               Funding Label                                                                                           ||
		|               Forward Label                                                                                           ||
		|               Pay Discount Factor                                                                                     ||
		|               Coupon Rate                                                                                             ||
		|-----------------------------------------------------------------------------------------------------------------------||
		| [07-NOV-2018 - 07-MAY-2019] => 07-MAY-2019 | 07-MAY-2019 | -1.0000 |  0.4959 | 6M | SGD | SGD-SIBOR-6M |  0.9987 |  0.27% ||
		| [07-MAY-2019 - 07-NOV-2019] => 07-NOV-2019 | 07-NOV-2019 | -1.0000 |  0.5041 | 6M | SGD | SGD-SIBOR-6M |  0.9965 |  0.42% ||
		| [07-NOV-2019 - 07-MAY-2020] => 07-MAY-2020 | 07-MAY-2020 | -1.0000 |  0.4986 | 6M | SGD | SGD-SIBOR-6M |  0.9926 |  0.79% ||
		| [07-MAY-2020 - 07-NOV-2020] => 07-NOV-2020 | 07-NOV-2020 | -1.0000 |  0.5041 | 6M | SGD | SGD-SIBOR-6M |  0.9858 |  1.36% ||
		| [07-NOV-2020 - 07-MAY-2021] => 07-MAY-2021 | 07-MAY-2021 | -1.0000 |  0.4959 | 6M | SGD | SGD-SIBOR-6M |  0.9704 |  3.20% ||
		| [07-MAY-2021 - 07-NOV-2021] => 07-NOV-2021 | 07-NOV-2021 | -1.0000 |  0.5041 | 6M | SGD | SGD-SIBOR-6M |  0.9608 |  1.99% ||
		| [07-NOV-2021 - 07-MAY-2022] => 07-MAY-2022 | 07-MAY-2022 | -1.0000 |  0.4959 | 6M | SGD | SGD-SIBOR-6M |  0.9493 |  2.44% ||
		| [07-MAY-2022 - 07-NOV-2022] => 07-NOV-2022 | 07-NOV-2022 | -1.0000 |  0.5041 | 6M | SGD | SGD-SIBOR-6M |  0.9353 |  2.97% ||
		| [07-NOV-2022 - 07-MAY-2023] => 07-MAY-2023 | 07-MAY-2023 | -1.0000 |  0.4959 | 6M | SGD | SGD-SIBOR-6M |  0.9191 |  3.56% ||
		| [07-MAY-2023 - 07-NOV-2023] => 07-NOV-2023 | 07-NOV-2023 | -1.0000 |  0.5041 | 6M | SGD | SGD-SIBOR-6M |  0.9009 |  3.99% ||
		|-----------------------------------------------------------------------------------------------------------------------||


		|--------------------------------------------------------------------------------------------------------||
		|    Fixed Stream Cash Flow Details                                                                      ||
		|    ----- ------ ---- ---- -------                                                                      ||
		|               Start Date                                                                               ||
		|               End Date                                                                                 ||
		|               Pay Date                                                                                 ||
		|               FX Fixing Date                                                                           ||
		|               Base Notional                                                                            ||
		|               Period DCF                                                                               ||
		|               Tenor                                                                                    ||
		|               Funding Label                                                                            ||
		|               Pay Discount Factor                                                                      ||
		|               Coupon Rate                                                                              ||
		|--------------------------------------------------------------------------------------------------------||
		| [07-NOV-2018 - 07-MAY-2019] => 07-MAY-2019 | 07-MAY-2019 |  1.0000 |  0.4959 | 6M | SGD |  0.9987 |  2.06% ||
		| [07-MAY-2019 - 07-NOV-2019] => 07-NOV-2019 | 07-NOV-2019 |  1.0000 |  0.5041 | 6M | SGD |  0.9965 |  2.06% ||
		| [07-NOV-2019 - 07-MAY-2020] => 07-MAY-2020 | 07-MAY-2020 |  1.0000 |  0.4986 | 6M | SGD |  0.9926 |  2.06% ||
		| [07-MAY-2020 - 07-NOV-2020] => 07-NOV-2020 | 07-NOV-2020 |  1.0000 |  0.5041 | 6M | SGD |  0.9858 |  2.06% ||
		| [07-NOV-2020 - 07-MAY-2021] => 07-MAY-2021 | 07-MAY-2021 |  1.0000 |  0.4959 | 6M | SGD |  0.9704 |  2.06% ||
		| [07-MAY-2021 - 07-NOV-2021] => 07-NOV-2021 | 07-NOV-2021 |  1.0000 |  0.5041 | 6M | SGD |  0.9608 |  2.06% ||
		| [07-NOV-2021 - 07-MAY-2022] => 07-MAY-2022 | 07-MAY-2022 |  1.0000 |  0.4959 | 6M | SGD |  0.9493 |  2.06% ||
		| [07-MAY-2022 - 07-NOV-2022] => 07-NOV-2022 | 07-NOV-2022 |  1.0000 |  0.5041 | 6M | SGD |  0.9353 |  2.06% ||
		| [07-NOV-2022 - 07-MAY-2023] => 07-MAY-2023 | 07-MAY-2023 |  1.0000 |  0.4959 | 6M | SGD |  0.9191 |  2.06% ||
		| [07-MAY-2023 - 07-NOV-2023] => 07-NOV-2023 | 07-NOV-2023 |  1.0000 |  0.5041 | 6M | SGD |  0.9009 |  2.06% ||
		|--------------------------------------------------------------------------------------------------------||

	|-----------------------------------------------------------------|
	|    Copyright (C) 2011-2018 (DRIP)
	|-----------------------------------------------------------------|
	|    Build Version  => 3.86.0 multi mode
	|    Build JVM (TM) => 1.8.0_112
	|    Build Snap     => Fri Nov 02 21:22:20 EST 2018
	|    Start Time     => Fri Nov 02 23:11:30 EDT 2018
	|    Setup Time     => Fri Nov 02 23:11:30 EDT 2018
	|    Setup Duration => 1 ms
	|-----------------------------------------------------------------|

	 | accrued => 0.0 ||
	 | calctime => 3.43221E-4 ||
	 | calibfloatingpv => 0.09903018175975709 ||
	 | calibswaprate => 0.020599999999999997 ||
	 | cleanfixeddv01 => 4.807290376687238E-4 ||
	 | cleanfloatingdv01 => -4.807290376687238E-4 ||
	 | cleanfloatingpv => -0.09903018175975711 ||
	 | cleanprice => 99.99999999999997 ||
	 | cleanpv => -3.191891195797325E-16 ||
	 | cumulativeconvexityadjustmentpremium => 0.0 ||
	 | cumulativecouponamount => 0.0 ||
	 | cumulativecoupondcf => 0.0 ||
	 | derivedaccrued => 0.0 ||
	 | derivedaccrued01 => 0.0 ||
	 | derivedcleandv01 => -4.807290376687238E-4 ||
	 | derivedcleanpv => -0.09903018175975711 ||
	 | derivedcumulativeconvexityadjustmentfactor => 1.0 ||
	 | derivedcumulativeconvexityadjustmentpremium => -0.0 ||
	 | derivedcumulativecouponamount => 0.0 ||
	 | derivedcumulativecoupondcf => 0.0 ||
	 | deriveddirtydv01 => -4.807290376687238E-4 ||
	 | deriveddirtypv => -0.09903018175975711 ||
	 | deriveddv01 => -4.807290376687238E-4 ||
	 | derivedfixing01 => 0.0 ||
	 | derivedparbasisspread => -6.639688776189334E-13 ||
	 | derivedpv => -0.09903018175975711 ||
	 | derivedresetdate => -2.147483648E9 ||
	 | derivedresetrate => NaN ||
	 | dirtyfixeddv01 => 4.807290376687238E-4 ||
	 | dirtyfixedpv => 0.0990301817597568 ||
	 | dirtyfloatingdv01 => -4.807290376687238E-4 ||
	 | dirtyfloatingpv => -0.09903018175975711 ||
	 | dirtyprice => 99.99999999999997 ||
	 | dirtypv => -3.191891195797325E-16 ||
	 | fairpremium => 0.020600000000000004 ||
	 | fixedaccrued => 0.0 ||
	 | fixedaccrued01 => 0.0 ||
	 | fixeddv01 => 4.807290376687238E-4 ||
	 | fixedstream::thb/thb::6::{06-nov-2018->06-nov-2023}@accrualcoupon => NaN ||
	 | fixedstream::thb/thb::6::{06-nov-2018->06-nov-2023}@accrued => 0.0 ||
	 | fixedstream::thb/thb::6::{06-nov-2018->06-nov-2023}@accrued01 => 0.0 ||
	 | fixedstream::thb/thb::6::{06-nov-2018->06-nov-2023}@calctime => 6.192300000000001E-5 ||
	 | fixedstream::thb/thb::6::{06-nov-2018->06-nov-2023}@cleandv01 => 4.807290376687238E-4 ||
	 | fixedstream::thb/thb::6::{06-nov-2018->06-nov-2023}@cleanprice => 109.90301817597567 ||
	 | fixedstream::thb/thb::6::{06-nov-2018->06-nov-2023}@cleanpv => 0.0990301817597568 ||
	 | fixedstream::thb/thb::6::{06-nov-2018->06-nov-2023}@compoundingadjustedcleandv01 => 4.807290376687238E-4 ||
	 | fixedstream::thb/thb::6::{06-nov-2018->06-nov-2023}@compoundingadjustedcleanprice => 109.90301817597567 ||
	 | fixedstream::thb/thb::6::{06-nov-2018->06-nov-2023}@compoundingadjustedcleanpv => 0.0990301817597568 ||
	 | fixedstream::thb/thb::6::{06-nov-2018->06-nov-2023}@compoundingadjusteddirtydv01 => 4.807290376687238E-4 ||
	 | fixedstream::thb/thb::6::{06-nov-2018->06-nov-2023}@compoundingadjusteddirtyprice => 109.90301817597567 ||
	 | fixedstream::thb/thb::6::{06-nov-2018->06-nov-2023}@compoundingadjusteddirtypv => 0.0990301817597568 ||
	 | fixedstream::thb/thb::6::{06-nov-2018->06-nov-2023}@compoundingadjustedfairpremium => 0.020599999999999934 ||
	 | fixedstream::thb/thb::6::{06-nov-2018->06-nov-2023}@compoundingadjustedparrate => 0.020599999999999934 ||
	 | fixedstream::thb/thb::6::{06-nov-2018->06-nov-2023}@compoundingadjustedprice => 109.90301817597567 ||
	 | fixedstream::thb/thb::6::{06-nov-2018->06-nov-2023}@compoundingadjustedpv => 0.0990301817597568 ||
	 | fixedstream::thb/thb::6::{06-nov-2018->06-nov-2023}@compoundingadjustedrate => 0.020599999999999934 ||
	 | fixedstream::thb/thb::6::{06-nov-2018->06-nov-2023}@compoundingadjustedupfront => 0.0990301817597568 ||
	 | fixedstream::thb/thb::6::{06-nov-2018->06-nov-2023}@compoundingadjustmentfactor => 1.0 ||
	 | fixedstream::thb/thb::6::{06-nov-2018->06-nov-2023}@compoundingadjustmentpremium => 0.0 ||
	 | fixedstream::thb/thb::6::{06-nov-2018->06-nov-2023}@compoundingadjustmentpremiumupfront => 0.0 ||
	 | fixedstream::thb/thb::6::{06-nov-2018->06-nov-2023}@creditforwardconvexityadjustedcleandv01 => 4.807290376687238E-4 ||
	 | fixedstream::thb/thb::6::{06-nov-2018->06-nov-2023}@creditforwardconvexityadjustedcleanprice => 109.90301817597567 ||
	 | fixedstream::thb/thb::6::{06-nov-2018->06-nov-2023}@creditforwardconvexityadjustedcleanpv => 0.0990301817597568 ||
	 | fixedstream::thb/thb::6::{06-nov-2018->06-nov-2023}@creditforwardconvexityadjusteddirtydv01 => 4.807290376687238E-4 ||
	 | fixedstream::thb/thb::6::{06-nov-2018->06-nov-2023}@creditforwardconvexityadjusteddirtyprice => 109.90301817597567 ||
	 | fixedstream::thb/thb::6::{06-nov-2018->06-nov-2023}@creditforwardconvexityadjusteddirtypv => 0.0990301817597568 ||
	 | fixedstream::thb/thb::6::{06-nov-2018->06-nov-2023}@creditforwardconvexityadjusteddv01 => 4.807290376687238E-4 ||
	 | fixedstream::thb/thb::6::{06-nov-2018->06-nov-2023}@creditforwardconvexityadjustedfairpremium => 0.020599999999999934 ||
	 | fixedstream::thb/thb::6::{06-nov-2018->06-nov-2023}@creditforwardconvexityadjustedparrate => 0.020599999999999934 ||
	 | fixedstream::thb/thb::6::{06-nov-2018->06-nov-2023}@creditforwardconvexityadjustedprice => 109.90301817597567 ||
	 | fixedstream::thb/thb::6::{06-nov-2018->06-nov-2023}@creditforwardconvexityadjustedpv => 0.0990301817597568 ||
	 | fixedstream::thb/thb::6::{06-nov-2018->06-nov-2023}@creditforwardconvexityadjustedrate => 0.020599999999999934 ||
	 | fixedstream::thb/thb::6::{06-nov-2018->06-nov-2023}@creditforwardconvexityadjustedupfront => 0.0990301817597568 ||
	 | fixedstream::thb/thb::6::{06-nov-2018->06-nov-2023}@creditforwardconvexityadjustmentfactor => 1.0 ||
	 | fixedstream::thb/thb::6::{06-nov-2018->06-nov-2023}@creditforwardconvexityadjustmentpremium => 0.0 ||
	 | fixedstream::thb/thb::6::{06-nov-2018->06-nov-2023}@creditforwardconvexityadjustmentpremiumupfront => 0.0 ||
	 | fixedstream::thb/thb::6::{06-nov-2018->06-nov-2023}@creditfundingconvexityadjustedcleandv01 => 4.807290376687238E-4 ||
	 | fixedstream::thb/thb::6::{06-nov-2018->06-nov-2023}@creditfundingconvexityadjustedcleanprice => 109.90301817597567 ||
	 | fixedstream::thb/thb::6::{06-nov-2018->06-nov-2023}@creditfundingconvexityadjustedcleanpv => 0.0990301817597568 ||
	 | fixedstream::thb/thb::6::{06-nov-2018->06-nov-2023}@creditfundingconvexityadjusteddirtydv01 => 4.807290376687238E-4 ||
	 | fixedstream::thb/thb::6::{06-nov-2018->06-nov-2023}@creditfundingconvexityadjusteddirtyprice => 109.90301817597567 ||
	 | fixedstream::thb/thb::6::{06-nov-2018->06-nov-2023}@creditfundingconvexityadjusteddirtypv => 0.0990301817597568 ||
	 | fixedstream::thb/thb::6::{06-nov-2018->06-nov-2023}@creditfundingconvexityadjusteddv01 => 4.807290376687238E-4 ||
	 | fixedstream::thb/thb::6::{06-nov-2018->06-nov-2023}@creditfundingconvexityadjustedfairpremium => 0.020599999999999934 ||
	 | fixedstream::thb/thb::6::{06-nov-2018->06-nov-2023}@creditfundingconvexityadjustedparrate => 0.020599999999999934 ||
	 | fixedstream::thb/thb::6::{06-nov-2018->06-nov-2023}@creditfundingconvexityadjustedprice => 109.90301817597567 ||
	 | fixedstream::thb/thb::6::{06-nov-2018->06-nov-2023}@creditfundingconvexityadjustedpv => 0.0990301817597568 ||
	 | fixedstream::thb/thb::6::{06-nov-2018->06-nov-2023}@creditfundingconvexityadjustedrate => 0.020599999999999934 ||
	 | fixedstream::thb/thb::6::{06-nov-2018->06-nov-2023}@creditfundingconvexityadjustedupfront => 0.0990301817597568 ||
	 | fixedstream::thb/thb::6::{06-nov-2018->06-nov-2023}@creditfundingconvexityadjustmentfactor => 1.0 ||
	 | fixedstream::thb/thb::6::{06-nov-2018->06-nov-2023}@creditfundingconvexityadjustmentpremium => 0.0 ||
	 | fixedstream::thb/thb::6::{06-nov-2018->06-nov-2023}@creditfundingconvexityadjustmentpremiumupfront => 0.0 ||
	 | fixedstream::thb/thb::6::{06-nov-2018->06-nov-2023}@creditfxconvexityadjustedcleandv01 => 4.807290376687238E-4 ||
	 | fixedstream::thb/thb::6::{06-nov-2018->06-nov-2023}@creditfxconvexityadjustedcleanprice => 109.90301817597567 ||
	 | fixedstream::thb/thb::6::{06-nov-2018->06-nov-2023}@creditfxconvexityadjustedcleanpv => 0.0990301817597568 ||
	 | fixedstream::thb/thb::6::{06-nov-2018->06-nov-2023}@creditfxconvexityadjusteddirtydv01 => 4.807290376687238E-4 ||
	 | fixedstream::thb/thb::6::{06-nov-2018->06-nov-2023}@creditfxconvexityadjusteddirtyprice => 109.90301817597567 ||
	 | fixedstream::thb/thb::6::{06-nov-2018->06-nov-2023}@creditfxconvexityadjusteddirtypv => 0.0990301817597568 ||
	 | fixedstream::thb/thb::6::{06-nov-2018->06-nov-2023}@creditfxconvexityadjusteddv01 => 4.807290376687238E-4 ||
	 | fixedstream::thb/thb::6::{06-nov-2018->06-nov-2023}@creditfxconvexityadjustedfairpremium => 0.020599999999999934 ||
	 | fixedstream::thb/thb::6::{06-nov-2018->06-nov-2023}@creditfxconvexityadjustedparrate => 0.020599999999999934 ||
	 | fixedstream::thb/thb::6::{06-nov-2018->06-nov-2023}@creditfxconvexityadjustedprice => 109.90301817597567 ||
	 | fixedstream::thb/thb::6::{06-nov-2018->06-nov-2023}@creditfxconvexityadjustedpv => 0.0990301817597568 ||
	 | fixedstream::thb/thb::6::{06-nov-2018->06-nov-2023}@creditfxconvexityadjustedrate => 0.020599999999999934 ||
	 | fixedstream::thb/thb::6::{06-nov-2018->06-nov-2023}@creditfxconvexityadjustedupfront => 0.0990301817597568 ||
	 | fixedstream::thb/thb::6::{06-nov-2018->06-nov-2023}@creditfxconvexityadjustmentfactor => 1.0 ||
	 | fixedstream::thb/thb::6::{06-nov-2018->06-nov-2023}@creditfxconvexityadjustmentpremium => 0.0 ||
	 | fixedstream::thb/thb::6::{06-nov-2018->06-nov-2023}@creditfxconvexityadjustmentpremiumupfront => 0.0 ||
	 | fixedstream::thb/thb::6::{06-nov-2018->06-nov-2023}@cumulativeconvexityadjustedcleandv01 => 4.807290376687238E-4 ||
	 | fixedstream::thb/thb::6::{06-nov-2018->06-nov-2023}@cumulativeconvexityadjustedcleanprice => 109.90301817597567 ||
	 | fixedstream::thb/thb::6::{06-nov-2018->06-nov-2023}@cumulativeconvexityadjustedcleanpv => 0.0990301817597568 ||
	 | fixedstream::thb/thb::6::{06-nov-2018->06-nov-2023}@cumulativeconvexityadjusteddirtydv01 => 4.807290376687238E-4 ||
	 | fixedstream::thb/thb::6::{06-nov-2018->06-nov-2023}@cumulativeconvexityadjusteddirtyprice => 109.90301817597567 ||
	 | fixedstream::thb/thb::6::{06-nov-2018->06-nov-2023}@cumulativeconvexityadjusteddirtypv => 0.0990301817597568 ||
	 | fixedstream::thb/thb::6::{06-nov-2018->06-nov-2023}@cumulativeconvexityadjusteddv01 => 4.807290376687238E-4 ||
	 | fixedstream::thb/thb::6::{06-nov-2018->06-nov-2023}@cumulativeconvexityadjustedfairpremium => 0.020599999999999934 ||
	 | fixedstream::thb/thb::6::{06-nov-2018->06-nov-2023}@cumulativeconvexityadjustedparrate => 0.020599999999999934 ||
	 | fixedstream::thb/thb::6::{06-nov-2018->06-nov-2023}@cumulativeconvexityadjustedprice => 109.90301817597567 ||
	 | fixedstream::thb/thb::6::{06-nov-2018->06-nov-2023}@cumulativeconvexityadjustedpv => 0.0990301817597568 ||
	 | fixedstream::thb/thb::6::{06-nov-2018->06-nov-2023}@cumulativeconvexityadjustedrate => 0.020599999999999934 ||
	 | fixedstream::thb/thb::6::{06-nov-2018->06-nov-2023}@cumulativeconvexityadjustedupfront => 0.0990301817597568 ||
	 | fixedstream::thb/thb::6::{06-nov-2018->06-nov-2023}@cumulativeconvexityadjustmentfactor => 1.0 ||
	 | fixedstream::thb/thb::6::{06-nov-2018->06-nov-2023}@cumulativeconvexityadjustmentpremium => 0.0 ||
	 | fixedstream::thb/thb::6::{06-nov-2018->06-nov-2023}@cumulativeconvexityadjustmentpremiumupfront => 0.0 ||
	 | fixedstream::thb/thb::6::{06-nov-2018->06-nov-2023}@cumulativecouponamount => 0.0 ||
	 | fixedstream::thb/thb::6::{06-nov-2018->06-nov-2023}@cumulativecoupondcf => 0.0 ||
	 | fixedstream::thb/thb::6::{06-nov-2018->06-nov-2023}@cv01 => 4.807290376687238E-4 ||
	 | fixedstream::thb/thb::6::{06-nov-2018->06-nov-2023}@dirtydv01 => 4.807290376687238E-4 ||
	 | fixedstream::thb/thb::6::{06-nov-2018->06-nov-2023}@dirtyprice => 109.90301817597567 ||
	 | fixedstream::thb/thb::6::{06-nov-2018->06-nov-2023}@dirtypv => 0.0990301817597568 ||
	 | fixedstream::thb/thb::6::{06-nov-2018->06-nov-2023}@dv01 => 4.807290376687238E-4 ||
	 | fixedstream::thb/thb::6::{06-nov-2018->06-nov-2023}@fairpremium => 0.020599999999999934 ||
	 | fixedstream::thb/thb::6::{06-nov-2018->06-nov-2023}@fixing01 => 0.0 ||
	 | fixedstream::thb/thb::6::{06-nov-2018->06-nov-2023}@forwardfundingconvexityadjustedcleandv01 => 4.807290376687238E-4 ||
	 | fixedstream::thb/thb::6::{06-nov-2018->06-nov-2023}@forwardfundingconvexityadjustedcleanprice => 109.90301817597567 ||
	 | fixedstream::thb/thb::6::{06-nov-2018->06-nov-2023}@forwardfundingconvexityadjustedcleanpv => 0.0990301817597568 ||
	 | fixedstream::thb/thb::6::{06-nov-2018->06-nov-2023}@forwardfundingconvexityadjusteddirtydv01 => 4.807290376687238E-4 ||
	 | fixedstream::thb/thb::6::{06-nov-2018->06-nov-2023}@forwardfundingconvexityadjusteddirtyprice => 109.90301817597567 ||
	 | fixedstream::thb/thb::6::{06-nov-2018->06-nov-2023}@forwardfundingconvexityadjusteddirtypv => 0.0990301817597568 ||
	 | fixedstream::thb/thb::6::{06-nov-2018->06-nov-2023}@forwardfundingconvexityadjusteddv01 => 4.807290376687238E-4 ||
	 | fixedstream::thb/thb::6::{06-nov-2018->06-nov-2023}@forwardfundingconvexityadjustedfairpremium => 0.020599999999999934 ||
	 | fixedstream::thb/thb::6::{06-nov-2018->06-nov-2023}@forwardfundingconvexityadjustedparrate => 0.020599999999999934 ||
	 | fixedstream::thb/thb::6::{06-nov-2018->06-nov-2023}@forwardfundingconvexityadjustedprice => 109.90301817597567 ||
	 | fixedstream::thb/thb::6::{06-nov-2018->06-nov-2023}@forwardfundingconvexityadjustedpv => 0.0990301817597568 ||
	 | fixedstream::thb/thb::6::{06-nov-2018->06-nov-2023}@forwardfundingconvexityadjustedrate => 0.020599999999999934 ||
	 | fixedstream::thb/thb::6::{06-nov-2018->06-nov-2023}@forwardfundingconvexityadjustedupfront => 0.0990301817597568 ||
	 | fixedstream::thb/thb::6::{06-nov-2018->06-nov-2023}@forwardfundingconvexityadjustmentfactor => 1.0 ||
	 | fixedstream::thb/thb::6::{06-nov-2018->06-nov-2023}@forwardfundingconvexityadjustmentpremium => 0.0 ||
	 | fixedstream::thb/thb::6::{06-nov-2018->06-nov-2023}@forwardfundingconvexityadjustmentpremiumupfront => 0.0 ||
	 | fixedstream::thb/thb::6::{06-nov-2018->06-nov-2023}@forwardfxconvexityadjustedcleandv01 => 4.807290376687238E-4 ||
	 | fixedstream::thb/thb::6::{06-nov-2018->06-nov-2023}@forwardfxconvexityadjustedcleanprice => 109.90301817597567 ||
	 | fixedstream::thb/thb::6::{06-nov-2018->06-nov-2023}@forwardfxconvexityadjustedcleanpv => 0.0990301817597568 ||
	 | fixedstream::thb/thb::6::{06-nov-2018->06-nov-2023}@forwardfxconvexityadjusteddirtydv01 => 4.807290376687238E-4 ||
	 | fixedstream::thb/thb::6::{06-nov-2018->06-nov-2023}@forwardfxconvexityadjusteddirtyprice => 109.90301817597567 ||
	 | fixedstream::thb/thb::6::{06-nov-2018->06-nov-2023}@forwardfxconvexityadjusteddirtypv => 0.0990301817597568 ||
	 | fixedstream::thb/thb::6::{06-nov-2018->06-nov-2023}@forwardfxconvexityadjusteddv01 => 4.807290376687238E-4 ||
	 | fixedstream::thb/thb::6::{06-nov-2018->06-nov-2023}@forwardfxconvexityadjustedfairpremium => 0.020599999999999934 ||
	 | fixedstream::thb/thb::6::{06-nov-2018->06-nov-2023}@forwardfxconvexityadjustedparrate => 0.020599999999999934 ||
	 | fixedstream::thb/thb::6::{06-nov-2018->06-nov-2023}@forwardfxconvexityadjustedprice => 109.90301817597567 ||
	 | fixedstream::thb/thb::6::{06-nov-2018->06-nov-2023}@forwardfxconvexityadjustedpv => 0.0990301817597568 ||
	 | fixedstream::thb/thb::6::{06-nov-2018->06-nov-2023}@forwardfxconvexityadjustedrate => 0.020599999999999934 ||
	 | fixedstream::thb/thb::6::{06-nov-2018->06-nov-2023}@forwardfxconvexityadjustedupfront => 0.0990301817597568 ||
	 | fixedstream::thb/thb::6::{06-nov-2018->06-nov-2023}@forwardfxconvexityadjustmentfactor => 1.0 ||
	 | fixedstream::thb/thb::6::{06-nov-2018->06-nov-2023}@forwardfxconvexityadjustmentpremium => 0.0 ||
	 | fixedstream::thb/thb::6::{06-nov-2018->06-nov-2023}@forwardfxconvexityadjustmentpremiumupfront => 0.0 ||
	 | fixedstream::thb/thb::6::{06-nov-2018->06-nov-2023}@fundingfxconvexityadjustedcleandv01 => 4.807290376687238E-4 ||
	 | fixedstream::thb/thb::6::{06-nov-2018->06-nov-2023}@fundingfxconvexityadjustedcleanprice => 109.90301817597567 ||
	 | fixedstream::thb/thb::6::{06-nov-2018->06-nov-2023}@fundingfxconvexityadjustedcleanpv => 0.0990301817597568 ||
	 | fixedstream::thb/thb::6::{06-nov-2018->06-nov-2023}@fundingfxconvexityadjusteddirtydv01 => 4.807290376687238E-4 ||
	 | fixedstream::thb/thb::6::{06-nov-2018->06-nov-2023}@fundingfxconvexityadjusteddirtyprice => 109.90301817597567 ||
	 | fixedstream::thb/thb::6::{06-nov-2018->06-nov-2023}@fundingfxconvexityadjusteddirtypv => 0.0990301817597568 ||
	 | fixedstream::thb/thb::6::{06-nov-2018->06-nov-2023}@fundingfxconvexityadjusteddv01 => 4.807290376687238E-4 ||
	 | fixedstream::thb/thb::6::{06-nov-2018->06-nov-2023}@fundingfxconvexityadjustedfairpremium => 0.020599999999999934 ||
	 | fixedstream::thb/thb::6::{06-nov-2018->06-nov-2023}@fundingfxconvexityadjustedparrate => 0.020599999999999934 ||
	 | fixedstream::thb/thb::6::{06-nov-2018->06-nov-2023}@fundingfxconvexityadjustedprice => 109.90301817597567 ||
	 | fixedstream::thb/thb::6::{06-nov-2018->06-nov-2023}@fundingfxconvexityadjustedpv => 0.0990301817597568 ||
	 | fixedstream::thb/thb::6::{06-nov-2018->06-nov-2023}@fundingfxconvexityadjustedrate => 0.020599999999999934 ||
	 | fixedstream::thb/thb::6::{06-nov-2018->06-nov-2023}@fundingfxconvexityadjustedupfront => 0.0990301817597568 ||
	 | fixedstream::thb/thb::6::{06-nov-2018->06-nov-2023}@fundingfxconvexityadjustmentfactor => 1.0 ||
	 | fixedstream::thb/thb::6::{06-nov-2018->06-nov-2023}@fundingfxconvexityadjustmentpremium => 0.0 ||
	 | fixedstream::thb/thb::6::{06-nov-2018->06-nov-2023}@fundingfxconvexityadjustmentpremiumupfront => 0.0 ||
	 | fixedstream::thb/thb::6::{06-nov-2018->06-nov-2023}@parrate => 0.020599999999999934 ||
	 | fixedstream::thb/thb::6::{06-nov-2018->06-nov-2023}@price => 109.90301817597567 ||
	 | fixedstream::thb/thb::6::{06-nov-2018->06-nov-2023}@pv => 0.0990301817597568 ||
	 | fixedstream::thb/thb::6::{06-nov-2018->06-nov-2023}@rate => 0.020599999999999934 ||
	 | fixedstream::thb/thb::6::{06-nov-2018->06-nov-2023}@resetdate => -2.147483648E9 ||
	 | fixedstream::thb/thb::6::{06-nov-2018->06-nov-2023}@resetrate => NaN ||
	 | fixedstream::thb/thb::6::{06-nov-2018->06-nov-2023}@totalcoupon => 0.20599999999999938 ||
	 | fixedstream::thb/thb::6::{06-nov-2018->06-nov-2023}@unadjustedcleandv01 => 4.807290376687238E-4 ||
	 | fixedstream::thb/thb::6::{06-nov-2018->06-nov-2023}@unadjustedcleanprice => 109.90301817597567 ||
	 | fixedstream::thb/thb::6::{06-nov-2018->06-nov-2023}@unadjustedcleanpv => 0.0990301817597568 ||
	 | fixedstream::thb/thb::6::{06-nov-2018->06-nov-2023}@unadjusteddirtydv01 => 4.807290376687238E-4 ||
	 | fixedstream::thb/thb::6::{06-nov-2018->06-nov-2023}@unadjusteddirtyprice => 109.90301817597567 ||
	 | fixedstream::thb/thb::6::{06-nov-2018->06-nov-2023}@unadjusteddirtypv => 0.0990301817597568 ||
	 | fixedstream::thb/thb::6::{06-nov-2018->06-nov-2023}@unadjustedfairpremium => 0.020599999999999934 ||
	 | fixedstream::thb/thb::6::{06-nov-2018->06-nov-2023}@unadjustedparrate => 0.020599999999999934 ||
	 | fixedstream::thb/thb::6::{06-nov-2018->06-nov-2023}@unadjustedprice => 109.90301817597567 ||
	 | fixedstream::thb/thb::6::{06-nov-2018->06-nov-2023}@unadjustedpv => 0.0990301817597568 ||
	 | fixedstream::thb/thb::6::{06-nov-2018->06-nov-2023}@unadjustedrate => 0.020599999999999934 ||
	 | fixedstream::thb/thb::6::{06-nov-2018->06-nov-2023}@unadjustedupfront => 0.0990301817597568 ||
	 | fixedstream::thb/thb::6::{06-nov-2018->06-nov-2023}@upfront => 0.0990301817597568 ||
	 | fixing01 => 0.0 ||
	 | floataccrued => 0.0 ||
	 | floataccrued01 => 0.0 ||
	 | floatdv01 => -4.807290376687238E-4 ||
	 | floatstream::thb::thb-libor-6m::{06-nov-2018->06-nov-2023}@accrualcoupon => NaN ||
	 | floatstream::thb::thb-libor-6m::{06-nov-2018->06-nov-2023}@accrued => 0.0 ||
	 | floatstream::thb::thb-libor-6m::{06-nov-2018->06-nov-2023}@accrued01 => 0.0 ||
	 | floatstream::thb::thb-libor-6m::{06-nov-2018->06-nov-2023}@calctime => 7.2496E-5 ||
	 | floatstream::thb::thb-libor-6m::{06-nov-2018->06-nov-2023}@cleandv01 => -4.807290376687238E-4 ||
	 | floatstream::thb::thb-libor-6m::{06-nov-2018->06-nov-2023}@cleanprice => 109.90301817597572 ||
	 | floatstream::thb::thb-libor-6m::{06-nov-2018->06-nov-2023}@cleanpv => -0.09903018175975711 ||
	 | floatstream::thb::thb-libor-6m::{06-nov-2018->06-nov-2023}@compoundingadjustedcleandv01 => -4.807290376687238E-4 ||
	 | floatstream::thb::thb-libor-6m::{06-nov-2018->06-nov-2023}@compoundingadjustedcleanprice => 109.90301817597572 ||
	 | floatstream::thb::thb-libor-6m::{06-nov-2018->06-nov-2023}@compoundingadjustedcleanpv => -0.09903018175975711 ||
	 | floatstream::thb::thb-libor-6m::{06-nov-2018->06-nov-2023}@compoundingadjusteddirtydv01 => -4.807290376687238E-4 ||
	 | floatstream::thb::thb-libor-6m::{06-nov-2018->06-nov-2023}@compoundingadjusteddirtyprice => 109.90301817597572 ||
	 | floatstream::thb::thb-libor-6m::{06-nov-2018->06-nov-2023}@compoundingadjusteddirtypv => -0.09903018175975711 ||
	 | floatstream::thb::thb-libor-6m::{06-nov-2018->06-nov-2023}@compoundingadjustedfairpremium => 0.020600000000000004 ||
	 | floatstream::thb::thb-libor-6m::{06-nov-2018->06-nov-2023}@compoundingadjustedparrate => 0.020600000000000004 ||
	 | floatstream::thb::thb-libor-6m::{06-nov-2018->06-nov-2023}@compoundingadjustedprice => 109.90301817597572 ||
	 | floatstream::thb::thb-libor-6m::{06-nov-2018->06-nov-2023}@compoundingadjustedpv => -0.09903018175975711 ||
	 | floatstream::thb::thb-libor-6m::{06-nov-2018->06-nov-2023}@compoundingadjustedrate => 0.020600000000000004 ||
	 | floatstream::thb::thb-libor-6m::{06-nov-2018->06-nov-2023}@compoundingadjustedupfront => -0.09903018175975711 ||
	 | floatstream::thb::thb-libor-6m::{06-nov-2018->06-nov-2023}@compoundingadjustmentfactor => 1.0 ||
	 | floatstream::thb::thb-libor-6m::{06-nov-2018->06-nov-2023}@compoundingadjustmentpremium => 0.0 ||
	 | floatstream::thb::thb-libor-6m::{06-nov-2018->06-nov-2023}@compoundingadjustmentpremiumupfront => -0.0 ||
	 | floatstream::thb::thb-libor-6m::{06-nov-2018->06-nov-2023}@creditforwardconvexityadjustedcleandv01 => -4.807290376687238E-4 ||
	 | floatstream::thb::thb-libor-6m::{06-nov-2018->06-nov-2023}@creditforwardconvexityadjustedcleanprice => 109.90301817597572 ||
	 | floatstream::thb::thb-libor-6m::{06-nov-2018->06-nov-2023}@creditforwardconvexityadjustedcleanpv => -0.09903018175975711 ||
	 | floatstream::thb::thb-libor-6m::{06-nov-2018->06-nov-2023}@creditforwardconvexityadjusteddirtydv01 => -4.807290376687238E-4 ||
	 | floatstream::thb::thb-libor-6m::{06-nov-2018->06-nov-2023}@creditforwardconvexityadjusteddirtyprice => 109.90301817597572 ||
	 | floatstream::thb::thb-libor-6m::{06-nov-2018->06-nov-2023}@creditforwardconvexityadjusteddirtypv => -0.09903018175975711 ||
	 | floatstream::thb::thb-libor-6m::{06-nov-2018->06-nov-2023}@creditforwardconvexityadjusteddv01 => -4.807290376687238E-4 ||
	 | floatstream::thb::thb-libor-6m::{06-nov-2018->06-nov-2023}@creditforwardconvexityadjustedfairpremium => 0.020600000000000004 ||
	 | floatstream::thb::thb-libor-6m::{06-nov-2018->06-nov-2023}@creditforwardconvexityadjustedparrate => 0.020600000000000004 ||
	 | floatstream::thb::thb-libor-6m::{06-nov-2018->06-nov-2023}@creditforwardconvexityadjustedprice => 109.90301817597572 ||
	 | floatstream::thb::thb-libor-6m::{06-nov-2018->06-nov-2023}@creditforwardconvexityadjustedpv => -0.09903018175975711 ||
	 | floatstream::thb::thb-libor-6m::{06-nov-2018->06-nov-2023}@creditforwardconvexityadjustedrate => 0.020600000000000004 ||
	 | floatstream::thb::thb-libor-6m::{06-nov-2018->06-nov-2023}@creditforwardconvexityadjustedupfront => -0.09903018175975711 ||
	 | floatstream::thb::thb-libor-6m::{06-nov-2018->06-nov-2023}@creditforwardconvexityadjustmentfactor => 1.0 ||
	 | floatstream::thb::thb-libor-6m::{06-nov-2018->06-nov-2023}@creditforwardconvexityadjustmentpremium => 0.0 ||
	 | floatstream::thb::thb-libor-6m::{06-nov-2018->06-nov-2023}@creditforwardconvexityadjustmentpremiumupfront => -0.0 ||
	 | floatstream::thb::thb-libor-6m::{06-nov-2018->06-nov-2023}@creditfundingconvexityadjustedcleandv01 => -4.807290376687238E-4 ||
	 | floatstream::thb::thb-libor-6m::{06-nov-2018->06-nov-2023}@creditfundingconvexityadjustedcleanprice => 109.90301817597572 ||
	 | floatstream::thb::thb-libor-6m::{06-nov-2018->06-nov-2023}@creditfundingconvexityadjustedcleanpv => -0.09903018175975711 ||
	 | floatstream::thb::thb-libor-6m::{06-nov-2018->06-nov-2023}@creditfundingconvexityadjusteddirtydv01 => -4.807290376687238E-4 ||
	 | floatstream::thb::thb-libor-6m::{06-nov-2018->06-nov-2023}@creditfundingconvexityadjusteddirtyprice => 109.90301817597572 ||
	 | floatstream::thb::thb-libor-6m::{06-nov-2018->06-nov-2023}@creditfundingconvexityadjusteddirtypv => -0.09903018175975711 ||
	 | floatstream::thb::thb-libor-6m::{06-nov-2018->06-nov-2023}@creditfundingconvexityadjusteddv01 => -4.807290376687238E-4 ||
	 | floatstream::thb::thb-libor-6m::{06-nov-2018->06-nov-2023}@creditfundingconvexityadjustedfairpremium => 0.020600000000000004 ||
	 | floatstream::thb::thb-libor-6m::{06-nov-2018->06-nov-2023}@creditfundingconvexityadjustedparrate => 0.020600000000000004 ||
	 | floatstream::thb::thb-libor-6m::{06-nov-2018->06-nov-2023}@creditfundingconvexityadjustedprice => 109.90301817597572 ||
	 | floatstream::thb::thb-libor-6m::{06-nov-2018->06-nov-2023}@creditfundingconvexityadjustedpv => -0.09903018175975711 ||
	 | floatstream::thb::thb-libor-6m::{06-nov-2018->06-nov-2023}@creditfundingconvexityadjustedrate => 0.020600000000000004 ||
	 | floatstream::thb::thb-libor-6m::{06-nov-2018->06-nov-2023}@creditfundingconvexityadjustedupfront => -0.09903018175975711 ||
	 | floatstream::thb::thb-libor-6m::{06-nov-2018->06-nov-2023}@creditfundingconvexityadjustmentfactor => 1.0 ||
	 | floatstream::thb::thb-libor-6m::{06-nov-2018->06-nov-2023}@creditfundingconvexityadjustmentpremium => 0.0 ||
	 | floatstream::thb::thb-libor-6m::{06-nov-2018->06-nov-2023}@creditfundingconvexityadjustmentpremiumupfront => -0.0 ||
	 | floatstream::thb::thb-libor-6m::{06-nov-2018->06-nov-2023}@creditfxconvexityadjustedcleandv01 => -4.807290376687238E-4 ||
	 | floatstream::thb::thb-libor-6m::{06-nov-2018->06-nov-2023}@creditfxconvexityadjustedcleanprice => 109.90301817597572 ||
	 | floatstream::thb::thb-libor-6m::{06-nov-2018->06-nov-2023}@creditfxconvexityadjustedcleanpv => -0.09903018175975711 ||
	 | floatstream::thb::thb-libor-6m::{06-nov-2018->06-nov-2023}@creditfxconvexityadjusteddirtydv01 => -4.807290376687238E-4 ||
	 | floatstream::thb::thb-libor-6m::{06-nov-2018->06-nov-2023}@creditfxconvexityadjusteddirtyprice => 109.90301817597572 ||
	 | floatstream::thb::thb-libor-6m::{06-nov-2018->06-nov-2023}@creditfxconvexityadjusteddirtypv => -0.09903018175975711 ||
	 | floatstream::thb::thb-libor-6m::{06-nov-2018->06-nov-2023}@creditfxconvexityadjusteddv01 => -4.807290376687238E-4 ||
	 | floatstream::thb::thb-libor-6m::{06-nov-2018->06-nov-2023}@creditfxconvexityadjustedfairpremium => 0.020600000000000004 ||
	 | floatstream::thb::thb-libor-6m::{06-nov-2018->06-nov-2023}@creditfxconvexityadjustedparrate => 0.020600000000000004 ||
	 | floatstream::thb::thb-libor-6m::{06-nov-2018->06-nov-2023}@creditfxconvexityadjustedprice => 109.90301817597572 ||
	 | floatstream::thb::thb-libor-6m::{06-nov-2018->06-nov-2023}@creditfxconvexityadjustedpv => -0.09903018175975711 ||
	 | floatstream::thb::thb-libor-6m::{06-nov-2018->06-nov-2023}@creditfxconvexityadjustedrate => 0.020600000000000004 ||
	 | floatstream::thb::thb-libor-6m::{06-nov-2018->06-nov-2023}@creditfxconvexityadjustedupfront => -0.09903018175975711 ||
	 | floatstream::thb::thb-libor-6m::{06-nov-2018->06-nov-2023}@creditfxconvexityadjustmentfactor => 1.0 ||
	 | floatstream::thb::thb-libor-6m::{06-nov-2018->06-nov-2023}@creditfxconvexityadjustmentpremium => 0.0 ||
	 | floatstream::thb::thb-libor-6m::{06-nov-2018->06-nov-2023}@creditfxconvexityadjustmentpremiumupfront => -0.0 ||
	 | floatstream::thb::thb-libor-6m::{06-nov-2018->06-nov-2023}@cumulativeconvexityadjustedcleandv01 => -4.807290376687238E-4 ||
	 | floatstream::thb::thb-libor-6m::{06-nov-2018->06-nov-2023}@cumulativeconvexityadjustedcleanprice => 109.90301817597572 ||
	 | floatstream::thb::thb-libor-6m::{06-nov-2018->06-nov-2023}@cumulativeconvexityadjustedcleanpv => -0.09903018175975711 ||
	 | floatstream::thb::thb-libor-6m::{06-nov-2018->06-nov-2023}@cumulativeconvexityadjusteddirtydv01 => -4.807290376687238E-4 ||
	 | floatstream::thb::thb-libor-6m::{06-nov-2018->06-nov-2023}@cumulativeconvexityadjusteddirtyprice => 109.90301817597572 ||
	 | floatstream::thb::thb-libor-6m::{06-nov-2018->06-nov-2023}@cumulativeconvexityadjusteddirtypv => -0.09903018175975711 ||
	 | floatstream::thb::thb-libor-6m::{06-nov-2018->06-nov-2023}@cumulativeconvexityadjusteddv01 => -4.807290376687238E-4 ||
	 | floatstream::thb::thb-libor-6m::{06-nov-2018->06-nov-2023}@cumulativeconvexityadjustedfairpremium => 0.020600000000000004 ||
	 | floatstream::thb::thb-libor-6m::{06-nov-2018->06-nov-2023}@cumulativeconvexityadjustedparrate => 0.020600000000000004 ||
	 | floatstream::thb::thb-libor-6m::{06-nov-2018->06-nov-2023}@cumulativeconvexityadjustedprice => 109.90301817597572 ||
	 | floatstream::thb::thb-libor-6m::{06-nov-2018->06-nov-2023}@cumulativeconvexityadjustedpv => -0.09903018175975711 ||
	 | floatstream::thb::thb-libor-6m::{06-nov-2018->06-nov-2023}@cumulativeconvexityadjustedrate => 0.020600000000000004 ||
	 | floatstream::thb::thb-libor-6m::{06-nov-2018->06-nov-2023}@cumulativeconvexityadjustedupfront => -0.09903018175975711 ||
	 | floatstream::thb::thb-libor-6m::{06-nov-2018->06-nov-2023}@cumulativeconvexityadjustmentfactor => 1.0 ||
	 | floatstream::thb::thb-libor-6m::{06-nov-2018->06-nov-2023}@cumulativeconvexityadjustmentpremium => 0.0 ||
	 | floatstream::thb::thb-libor-6m::{06-nov-2018->06-nov-2023}@cumulativeconvexityadjustmentpremiumupfront => -0.0 ||
	 | floatstream::thb::thb-libor-6m::{06-nov-2018->06-nov-2023}@cumulativecouponamount => 0.0 ||
	 | floatstream::thb::thb-libor-6m::{06-nov-2018->06-nov-2023}@cumulativecoupondcf => 0.0 ||
	 | floatstream::thb::thb-libor-6m::{06-nov-2018->06-nov-2023}@cv01 => -4.807290376687238E-4 ||
	 | floatstream::thb::thb-libor-6m::{06-nov-2018->06-nov-2023}@dirtydv01 => -4.807290376687238E-4 ||
	 | floatstream::thb::thb-libor-6m::{06-nov-2018->06-nov-2023}@dirtyprice => 109.90301817597572 ||
	 | floatstream::thb::thb-libor-6m::{06-nov-2018->06-nov-2023}@dirtypv => -0.09903018175975711 ||
	 | floatstream::thb::thb-libor-6m::{06-nov-2018->06-nov-2023}@dv01 => -4.807290376687238E-4 ||
	 | floatstream::thb::thb-libor-6m::{06-nov-2018->06-nov-2023}@fairpremium => 0.020600000000000004 ||
	 | floatstream::thb::thb-libor-6m::{06-nov-2018->06-nov-2023}@fixing01 => 0.0 ||
	 | floatstream::thb::thb-libor-6m::{06-nov-2018->06-nov-2023}@forwardfundingconvexityadjustedcleandv01 => -4.807290376687238E-4 ||
	 | floatstream::thb::thb-libor-6m::{06-nov-2018->06-nov-2023}@forwardfundingconvexityadjustedcleanprice => 109.90301817597572 ||
	 | floatstream::thb::thb-libor-6m::{06-nov-2018->06-nov-2023}@forwardfundingconvexityadjustedcleanpv => -0.09903018175975711 ||
	 | floatstream::thb::thb-libor-6m::{06-nov-2018->06-nov-2023}@forwardfundingconvexityadjusteddirtydv01 => -4.807290376687238E-4 ||
	 | floatstream::thb::thb-libor-6m::{06-nov-2018->06-nov-2023}@forwardfundingconvexityadjusteddirtyprice => 109.90301817597572 ||
	 | floatstream::thb::thb-libor-6m::{06-nov-2018->06-nov-2023}@forwardfundingconvexityadjusteddirtypv => -0.09903018175975711 ||
	 | floatstream::thb::thb-libor-6m::{06-nov-2018->06-nov-2023}@forwardfundingconvexityadjusteddv01 => -4.807290376687238E-4 ||
	 | floatstream::thb::thb-libor-6m::{06-nov-2018->06-nov-2023}@forwardfundingconvexityadjustedfairpremium => 0.020600000000000004 ||
	 | floatstream::thb::thb-libor-6m::{06-nov-2018->06-nov-2023}@forwardfundingconvexityadjustedparrate => 0.020600000000000004 ||
	 | floatstream::thb::thb-libor-6m::{06-nov-2018->06-nov-2023}@forwardfundingconvexityadjustedprice => 109.90301817597572 ||
	 | floatstream::thb::thb-libor-6m::{06-nov-2018->06-nov-2023}@forwardfundingconvexityadjustedpv => -0.09903018175975711 ||
	 | floatstream::thb::thb-libor-6m::{06-nov-2018->06-nov-2023}@forwardfundingconvexityadjustedrate => 0.020600000000000004 ||
	 | floatstream::thb::thb-libor-6m::{06-nov-2018->06-nov-2023}@forwardfundingconvexityadjustedupfront => -0.09903018175975711 ||
	 | floatstream::thb::thb-libor-6m::{06-nov-2018->06-nov-2023}@forwardfundingconvexityadjustmentfactor => 1.0 ||
	 | floatstream::thb::thb-libor-6m::{06-nov-2018->06-nov-2023}@forwardfundingconvexityadjustmentpremium => 0.0 ||
	 | floatstream::thb::thb-libor-6m::{06-nov-2018->06-nov-2023}@forwardfundingconvexityadjustmentpremiumupfront => -0.0 ||
	 | floatstream::thb::thb-libor-6m::{06-nov-2018->06-nov-2023}@forwardfxconvexityadjustedcleandv01 => -4.807290376687238E-4 ||
	 | floatstream::thb::thb-libor-6m::{06-nov-2018->06-nov-2023}@forwardfxconvexityadjustedcleanprice => 109.90301817597572 ||
	 | floatstream::thb::thb-libor-6m::{06-nov-2018->06-nov-2023}@forwardfxconvexityadjustedcleanpv => -0.09903018175975711 ||
	 | floatstream::thb::thb-libor-6m::{06-nov-2018->06-nov-2023}@forwardfxconvexityadjusteddirtydv01 => -4.807290376687238E-4 ||
	 | floatstream::thb::thb-libor-6m::{06-nov-2018->06-nov-2023}@forwardfxconvexityadjusteddirtyprice => 109.90301817597572 ||
	 | floatstream::thb::thb-libor-6m::{06-nov-2018->06-nov-2023}@forwardfxconvexityadjusteddirtypv => -0.09903018175975711 ||
	 | floatstream::thb::thb-libor-6m::{06-nov-2018->06-nov-2023}@forwardfxconvexityadjusteddv01 => -4.807290376687238E-4 ||
	 | floatstream::thb::thb-libor-6m::{06-nov-2018->06-nov-2023}@forwardfxconvexityadjustedfairpremium => 0.020600000000000004 ||
	 | floatstream::thb::thb-libor-6m::{06-nov-2018->06-nov-2023}@forwardfxconvexityadjustedparrate => 0.020600000000000004 ||
	 | floatstream::thb::thb-libor-6m::{06-nov-2018->06-nov-2023}@forwardfxconvexityadjustedprice => 109.90301817597572 ||
	 | floatstream::thb::thb-libor-6m::{06-nov-2018->06-nov-2023}@forwardfxconvexityadjustedpv => -0.09903018175975711 ||
	 | floatstream::thb::thb-libor-6m::{06-nov-2018->06-nov-2023}@forwardfxconvexityadjustedrate => 0.020600000000000004 ||
	 | floatstream::thb::thb-libor-6m::{06-nov-2018->06-nov-2023}@forwardfxconvexityadjustedupfront => -0.09903018175975711 ||
	 | floatstream::thb::thb-libor-6m::{06-nov-2018->06-nov-2023}@forwardfxconvexityadjustmentfactor => 1.0 ||
	 | floatstream::thb::thb-libor-6m::{06-nov-2018->06-nov-2023}@forwardfxconvexityadjustmentpremium => 0.0 ||
	 | floatstream::thb::thb-libor-6m::{06-nov-2018->06-nov-2023}@forwardfxconvexityadjustmentpremiumupfront => -0.0 ||
	 | floatstream::thb::thb-libor-6m::{06-nov-2018->06-nov-2023}@fundingfxconvexityadjustedcleandv01 => -4.807290376687238E-4 ||
	 | floatstream::thb::thb-libor-6m::{06-nov-2018->06-nov-2023}@fundingfxconvexityadjustedcleanprice => 109.90301817597572 ||
	 | floatstream::thb::thb-libor-6m::{06-nov-2018->06-nov-2023}@fundingfxconvexityadjustedcleanpv => -0.09903018175975711 ||
	 | floatstream::thb::thb-libor-6m::{06-nov-2018->06-nov-2023}@fundingfxconvexityadjusteddirtydv01 => -4.807290376687238E-4 ||
	 | floatstream::thb::thb-libor-6m::{06-nov-2018->06-nov-2023}@fundingfxconvexityadjusteddirtyprice => 109.90301817597572 ||
	 | floatstream::thb::thb-libor-6m::{06-nov-2018->06-nov-2023}@fundingfxconvexityadjusteddirtypv => -0.09903018175975711 ||
	 | floatstream::thb::thb-libor-6m::{06-nov-2018->06-nov-2023}@fundingfxconvexityadjusteddv01 => -4.807290376687238E-4 ||
	 | floatstream::thb::thb-libor-6m::{06-nov-2018->06-nov-2023}@fundingfxconvexityadjustedfairpremium => 0.020600000000000004 ||
	 | floatstream::thb::thb-libor-6m::{06-nov-2018->06-nov-2023}@fundingfxconvexityadjustedparrate => 0.020600000000000004 ||
	 | floatstream::thb::thb-libor-6m::{06-nov-2018->06-nov-2023}@fundingfxconvexityadjustedprice => 109.90301817597572 ||
	 | floatstream::thb::thb-libor-6m::{06-nov-2018->06-nov-2023}@fundingfxconvexityadjustedpv => -0.09903018175975711 ||
	 | floatstream::thb::thb-libor-6m::{06-nov-2018->06-nov-2023}@fundingfxconvexityadjustedrate => 0.020600000000000004 ||
	 | floatstream::thb::thb-libor-6m::{06-nov-2018->06-nov-2023}@fundingfxconvexityadjustedupfront => -0.09903018175975711 ||
	 | floatstream::thb::thb-libor-6m::{06-nov-2018->06-nov-2023}@fundingfxconvexityadjustmentfactor => 1.0 ||
	 | floatstream::thb::thb-libor-6m::{06-nov-2018->06-nov-2023}@fundingfxconvexityadjustmentpremium => 0.0 ||
	 | floatstream::thb::thb-libor-6m::{06-nov-2018->06-nov-2023}@fundingfxconvexityadjustmentpremiumupfront => -0.0 ||
	 | floatstream::thb::thb-libor-6m::{06-nov-2018->06-nov-2023}@parrate => 0.020600000000000004 ||
	 | floatstream::thb::thb-libor-6m::{06-nov-2018->06-nov-2023}@price => 109.90301817597572 ||
	 | floatstream::thb::thb-libor-6m::{06-nov-2018->06-nov-2023}@pv => -0.09903018175975711 ||
	 | floatstream::thb::thb-libor-6m::{06-nov-2018->06-nov-2023}@rate => 0.020600000000000004 ||
	 | floatstream::thb::thb-libor-6m::{06-nov-2018->06-nov-2023}@resetdate => -2.147483648E9 ||
	 | floatstream::thb::thb-libor-6m::{06-nov-2018->06-nov-2023}@resetrate => NaN ||
	 | floatstream::thb::thb-libor-6m::{06-nov-2018->06-nov-2023}@totalcoupon => 0.20998245028818696 ||
	 | floatstream::thb::thb-libor-6m::{06-nov-2018->06-nov-2023}@unadjustedcleandv01 => -4.807290376687238E-4 ||
	 | floatstream::thb::thb-libor-6m::{06-nov-2018->06-nov-2023}@unadjustedcleanprice => 109.90301817597572 ||
	 | floatstream::thb::thb-libor-6m::{06-nov-2018->06-nov-2023}@unadjustedcleanpv => -0.09903018175975711 ||
	 | floatstream::thb::thb-libor-6m::{06-nov-2018->06-nov-2023}@unadjusteddirtydv01 => -4.807290376687238E-4 ||
	 | floatstream::thb::thb-libor-6m::{06-nov-2018->06-nov-2023}@unadjusteddirtyprice => 109.90301817597572 ||
	 | floatstream::thb::thb-libor-6m::{06-nov-2018->06-nov-2023}@unadjusteddirtypv => -0.09903018175975711 ||
	 | floatstream::thb::thb-libor-6m::{06-nov-2018->06-nov-2023}@unadjustedfairpremium => 0.020600000000000004 ||
	 | floatstream::thb::thb-libor-6m::{06-nov-2018->06-nov-2023}@unadjustedparrate => 0.020600000000000004 ||
	 | floatstream::thb::thb-libor-6m::{06-nov-2018->06-nov-2023}@unadjustedprice => 109.90301817597572 ||
	 | floatstream::thb::thb-libor-6m::{06-nov-2018->06-nov-2023}@unadjustedpv => -0.09903018175975711 ||
	 | floatstream::thb::thb-libor-6m::{06-nov-2018->06-nov-2023}@unadjustedrate => 0.020600000000000004 ||
	 | floatstream::thb::thb-libor-6m::{06-nov-2018->06-nov-2023}@unadjustedupfront => -0.09903018175975711 ||
	 | floatstream::thb::thb-libor-6m::{06-nov-2018->06-nov-2023}@upfront => -0.09903018175975711 ||
	 | initialnotional => 1.0 ||
	 | parfixedcoupon => 0.020600000000000004 ||
	 | parrate => 0.020600000000000004 ||
	 | parswaprate => 0.020600000000000004 ||
	 | price => 99.99999999999997 ||
	 | pv => -3.191891195797325E-16 ||
	 | rate => 0.020600000000000004 ||
	 | referenceaccrued => 0.0 ||
	 | referenceaccrued01 => 0.0 ||
	 | referencecleandv01 => 4.807290376687238E-4 ||
	 | referencecleanpv => 0.0990301817597568 ||
	 | referencecumulativeconvexityadjustmentfactor => 1.0 ||
	 | referencecumulativeconvexityadjustmentpremium => 0.0 ||
	 | referencecumulativecouponamount => 0.0 ||
	 | referencecumulativecoupondcf => 0.0 ||
	 | referencedirtydv01 => 4.807290376687238E-4 ||
	 | referencedirtypv => 0.0990301817597568 ||
	 | referencedv01 => 4.807290376687238E-4 ||
	 | referenceparbasisspread => 6.639688776189334E-13 ||
	 | referencepv => 0.0990301817597568 ||
	 | resetdate => -2.147483648E9 ||
	 | resetrate => NaN ||
	 | swaprate => 0.020600000000000004 ||
	 | upfront => -3.191891195797325E-16 ||
	 |------------------------------||


		|-----------------------------------------------------------------------------------------------------------------------||
		|    Floating Stream Cash Flow Details                                                                                  ||
		|    -------- ------ ---- ---- -------                                                                                  ||
		|               Start Date                                                                                              ||
		|               End Date                                                                                                ||
		|               Pay Date                                                                                                ||
		|               FX Fixing Date                                                                                          ||
		|               Base Notional                                                                                           ||
		|               Period DCF                                                                                              ||
		|               Tenor                                                                                                   ||
		|               Funding Label                                                                                           ||
		|               Forward Label                                                                                           ||
		|               Pay Discount Factor                                                                                     ||
		|               Coupon Rate                                                                                             ||
		|-----------------------------------------------------------------------------------------------------------------------||
		| [06-NOV-2018 - 06-MAY-2019] => 06-MAY-2019 | 06-MAY-2019 | -1.0000 |  0.4959 | 6M | THB | THB-LIBOR-6M |  0.9987 |  0.26% ||
		| [06-MAY-2019 - 06-NOV-2019] => 06-NOV-2019 | 06-NOV-2019 | -1.0000 |  0.5041 | 6M | THB | THB-LIBOR-6M |  0.9966 |  0.42% ||
		| [06-NOV-2019 - 06-MAY-2020] => 06-MAY-2020 | 06-MAY-2020 | -1.0000 |  0.4986 | 6M | THB | THB-LIBOR-6M |  0.9926 |  0.79% ||
		| [06-MAY-2020 - 06-NOV-2020] => 06-NOV-2020 | 06-NOV-2020 | -1.0000 |  0.5041 | 6M | THB | THB-LIBOR-6M |  0.9859 |  1.36% ||
		| [06-NOV-2020 - 06-MAY-2021] => 06-MAY-2021 | 06-MAY-2021 | -1.0000 |  0.4959 | 6M | THB | THB-LIBOR-6M |  0.9704 |  3.21% ||
		| [06-MAY-2021 - 06-NOV-2021] => 06-NOV-2021 | 06-NOV-2021 | -1.0000 |  0.5041 | 6M | THB | THB-LIBOR-6M |  0.9608 |  1.99% ||
		| [06-NOV-2021 - 06-MAY-2022] => 06-MAY-2022 | 06-MAY-2022 | -1.0000 |  0.4959 | 6M | THB | THB-LIBOR-6M |  0.9493 |  2.44% ||
		| [06-MAY-2022 - 06-NOV-2022] => 06-NOV-2022 | 06-NOV-2022 | -1.0000 |  0.5041 | 6M | THB | THB-LIBOR-6M |  0.9353 |  2.97% ||
		| [06-NOV-2022 - 06-MAY-2023] => 06-MAY-2023 | 06-MAY-2023 | -1.0000 |  0.4959 | 6M | THB | THB-LIBOR-6M |  0.9191 |  3.56% ||
		| [06-MAY-2023 - 06-NOV-2023] => 06-NOV-2023 | 06-NOV-2023 | -1.0000 |  0.5041 | 6M | THB | THB-LIBOR-6M |  0.9010 |  3.99% ||
		|-----------------------------------------------------------------------------------------------------------------------||


		|--------------------------------------------------------------------------------------------------------||
		|    Fixed Stream Cash Flow Details                                                                      ||
		|    ----- ------ ---- ---- -------                                                                      ||
		|               Start Date                                                                               ||
		|               End Date                                                                                 ||
		|               Pay Date                                                                                 ||
		|               FX Fixing Date                                                                           ||
		|               Base Notional                                                                            ||
		|               Period DCF                                                                               ||
		|               Tenor                                                                                    ||
		|               Funding Label                                                                            ||
		|               Pay Discount Factor                                                                      ||
		|               Coupon Rate                                                                              ||
		|--------------------------------------------------------------------------------------------------------||
		| [06-NOV-2018 - 06-MAY-2019] => 06-MAY-2019 | 06-MAY-2019 |  1.0000 |  0.4959 | 6M | THB |  0.9987 |  2.06% ||
		| [06-MAY-2019 - 06-NOV-2019] => 06-NOV-2019 | 06-NOV-2019 |  1.0000 |  0.5041 | 6M | THB |  0.9966 |  2.06% ||
		| [06-NOV-2019 - 06-MAY-2020] => 06-MAY-2020 | 06-MAY-2020 |  1.0000 |  0.4986 | 6M | THB |  0.9926 |  2.06% ||
		| [06-MAY-2020 - 06-NOV-2020] => 06-NOV-2020 | 06-NOV-2020 |  1.0000 |  0.5041 | 6M | THB |  0.9859 |  2.06% ||
		| [06-NOV-2020 - 06-MAY-2021] => 06-MAY-2021 | 06-MAY-2021 |  1.0000 |  0.4959 | 6M | THB |  0.9704 |  2.06% ||
		| [06-MAY-2021 - 06-NOV-2021] => 06-NOV-2021 | 06-NOV-2021 |  1.0000 |  0.5041 | 6M | THB |  0.9608 |  2.06% ||
		| [06-NOV-2021 - 06-MAY-2022] => 06-MAY-2022 | 06-MAY-2022 |  1.0000 |  0.4959 | 6M | THB |  0.9493 |  2.06% ||
		| [06-MAY-2022 - 06-NOV-2022] => 06-NOV-2022 | 06-NOV-2022 |  1.0000 |  0.5041 | 6M | THB |  0.9353 |  2.06% ||
		| [06-NOV-2022 - 06-MAY-2023] => 06-MAY-2023 | 06-MAY-2023 |  1.0000 |  0.4959 | 6M | THB |  0.9191 |  2.06% ||
		| [06-MAY-2023 - 06-NOV-2023] => 06-NOV-2023 | 06-NOV-2023 |  1.0000 |  0.5041 | 6M | THB |  0.9010 |  2.06% ||
		|--------------------------------------------------------------------------------------------------------||

	|-----------------------------------------------------------------|
	|    Copyright (C) 2011-2018 (DRIP)
	|-----------------------------------------------------------------|
	|    Build Version  => 3.86.0 multi mode
	|    Build JVM (TM) => 1.8.0_112
	|    Build Snap     => Fri Nov 02 21:22:20 EST 2018
	|    Start Time     => Fri Nov 02 23:11:30 EDT 2018
	|    Setup Time     => Fri Nov 02 23:11:30 EDT 2018
	|    Setup Duration => 0 ms
	|-----------------------------------------------------------------|

	 | accrued => 0.0 ||
	 | calctime => 3.7191700000000004E-4 ||
	 | calibfloatingpv => 0.09927088555977592 ||
	 | calibswaprate => 0.020600000000000066 ||
	 | cleanfixeddv01 => 4.818975027173573E-4 ||
	 | cleanfloatingdv01 => -4.818975027173573E-4 ||
	 | cleanfloatingpv => -0.09927088555977581 ||
	 | cleanprice => 100.00000000000016 ||
	 | cleanpv => 1.6237011735142914E-15 ||
	 | cumulativeconvexityadjustmentpremium => 0.0 ||
	 | cumulativecouponamount => 0.0 ||
	 | cumulativecoupondcf => 0.0 ||
	 | derivedaccrued => 0.0 ||
	 | derivedaccrued01 => 0.0 ||
	 | derivedcleandv01 => -4.818975027173573E-4 ||
	 | derivedcleanpv => -0.09927088555977581 ||
	 | derivedcumulativeconvexityadjustmentfactor => 1.0 ||
	 | derivedcumulativeconvexityadjustmentpremium => -0.0 ||
	 | derivedcumulativecouponamount => 0.0 ||
	 | derivedcumulativecoupondcf => 0.0 ||
	 | deriveddirtydv01 => -4.818975027173573E-4 ||
	 | deriveddirtypv => -0.09927088555977581 ||
	 | deriveddv01 => -4.818975027173573E-4 ||
	 | derivedfixing01 => 0.0 ||
	 | derivedparbasisspread => 3.3693911347505473E-12 ||
	 | derivedpv => -0.09927088555977581 ||
	 | derivedresetdate => -2.147483648E9 ||
	 | derivedresetrate => NaN ||
	 | dirtyfixeddv01 => 4.818975027173573E-4 ||
	 | dirtyfixedpv => 0.09927088555977744 ||
	 | dirtyfloatingdv01 => -4.818975027173573E-4 ||
	 | dirtyfloatingpv => -0.09927088555977581 ||
	 | dirtyprice => 100.00000000000016 ||
	 | dirtypv => 1.6237011735142914E-15 ||
	 | fairpremium => 0.020600000000000045 ||
	 | fixedaccrued => 0.0 ||
	 | fixedaccrued01 => 0.0 ||
	 | fixeddv01 => 4.818975027173573E-4 ||
	 | fixedstream::twd/twd::3::{06-nov-2018->06-nov-2023}@accrualcoupon => NaN ||
	 | fixedstream::twd/twd::3::{06-nov-2018->06-nov-2023}@accrued => 0.0 ||
	 | fixedstream::twd/twd::3::{06-nov-2018->06-nov-2023}@accrued01 => 0.0 ||
	 | fixedstream::twd/twd::3::{06-nov-2018->06-nov-2023}@calctime => 6.9097E-5 ||
	 | fixedstream::twd/twd::3::{06-nov-2018->06-nov-2023}@cleandv01 => 4.818975027173573E-4 ||
	 | fixedstream::twd/twd::3::{06-nov-2018->06-nov-2023}@cleanprice => 109.92708855597775 ||
	 | fixedstream::twd/twd::3::{06-nov-2018->06-nov-2023}@cleanpv => 0.09927088555977744 ||
	 | fixedstream::twd/twd::3::{06-nov-2018->06-nov-2023}@compoundingadjustedcleandv01 => 4.818975027173573E-4 ||
	 | fixedstream::twd/twd::3::{06-nov-2018->06-nov-2023}@compoundingadjustedcleanprice => 109.92708855597775 ||
	 | fixedstream::twd/twd::3::{06-nov-2018->06-nov-2023}@compoundingadjustedcleanpv => 0.09927088555977744 ||
	 | fixedstream::twd/twd::3::{06-nov-2018->06-nov-2023}@compoundingadjusteddirtydv01 => 4.818975027173573E-4 ||
	 | fixedstream::twd/twd::3::{06-nov-2018->06-nov-2023}@compoundingadjusteddirtyprice => 109.92708855597775 ||
	 | fixedstream::twd/twd::3::{06-nov-2018->06-nov-2023}@compoundingadjusteddirtypv => 0.09927088555977744 ||
	 | fixedstream::twd/twd::3::{06-nov-2018->06-nov-2023}@compoundingadjustedfairpremium => 0.020600000000000382 ||
	 | fixedstream::twd/twd::3::{06-nov-2018->06-nov-2023}@compoundingadjustedparrate => 0.020600000000000382 ||
	 | fixedstream::twd/twd::3::{06-nov-2018->06-nov-2023}@compoundingadjustedprice => 109.92708855597775 ||
	 | fixedstream::twd/twd::3::{06-nov-2018->06-nov-2023}@compoundingadjustedpv => 0.09927088555977744 ||
	 | fixedstream::twd/twd::3::{06-nov-2018->06-nov-2023}@compoundingadjustedrate => 0.020600000000000382 ||
	 | fixedstream::twd/twd::3::{06-nov-2018->06-nov-2023}@compoundingadjustedupfront => 0.09927088555977744 ||
	 | fixedstream::twd/twd::3::{06-nov-2018->06-nov-2023}@compoundingadjustmentfactor => 1.0 ||
	 | fixedstream::twd/twd::3::{06-nov-2018->06-nov-2023}@compoundingadjustmentpremium => 0.0 ||
	 | fixedstream::twd/twd::3::{06-nov-2018->06-nov-2023}@compoundingadjustmentpremiumupfront => 0.0 ||
	 | fixedstream::twd/twd::3::{06-nov-2018->06-nov-2023}@creditforwardconvexityadjustedcleandv01 => 4.818975027173573E-4 ||
	 | fixedstream::twd/twd::3::{06-nov-2018->06-nov-2023}@creditforwardconvexityadjustedcleanprice => 109.92708855597775 ||
	 | fixedstream::twd/twd::3::{06-nov-2018->06-nov-2023}@creditforwardconvexityadjustedcleanpv => 0.09927088555977744 ||
	 | fixedstream::twd/twd::3::{06-nov-2018->06-nov-2023}@creditforwardconvexityadjusteddirtydv01 => 4.818975027173573E-4 ||
	 | fixedstream::twd/twd::3::{06-nov-2018->06-nov-2023}@creditforwardconvexityadjusteddirtyprice => 109.92708855597775 ||
	 | fixedstream::twd/twd::3::{06-nov-2018->06-nov-2023}@creditforwardconvexityadjusteddirtypv => 0.09927088555977744 ||
	 | fixedstream::twd/twd::3::{06-nov-2018->06-nov-2023}@creditforwardconvexityadjusteddv01 => 4.818975027173573E-4 ||
	 | fixedstream::twd/twd::3::{06-nov-2018->06-nov-2023}@creditforwardconvexityadjustedfairpremium => 0.020600000000000382 ||
	 | fixedstream::twd/twd::3::{06-nov-2018->06-nov-2023}@creditforwardconvexityadjustedparrate => 0.020600000000000382 ||
	 | fixedstream::twd/twd::3::{06-nov-2018->06-nov-2023}@creditforwardconvexityadjustedprice => 109.92708855597775 ||
	 | fixedstream::twd/twd::3::{06-nov-2018->06-nov-2023}@creditforwardconvexityadjustedpv => 0.09927088555977744 ||
	 | fixedstream::twd/twd::3::{06-nov-2018->06-nov-2023}@creditforwardconvexityadjustedrate => 0.020600000000000382 ||
	 | fixedstream::twd/twd::3::{06-nov-2018->06-nov-2023}@creditforwardconvexityadjustedupfront => 0.09927088555977744 ||
	 | fixedstream::twd/twd::3::{06-nov-2018->06-nov-2023}@creditforwardconvexityadjustmentfactor => 1.0 ||
	 | fixedstream::twd/twd::3::{06-nov-2018->06-nov-2023}@creditforwardconvexityadjustmentpremium => 0.0 ||
	 | fixedstream::twd/twd::3::{06-nov-2018->06-nov-2023}@creditforwardconvexityadjustmentpremiumupfront => 0.0 ||
	 | fixedstream::twd/twd::3::{06-nov-2018->06-nov-2023}@creditfundingconvexityadjustedcleandv01 => 4.818975027173573E-4 ||
	 | fixedstream::twd/twd::3::{06-nov-2018->06-nov-2023}@creditfundingconvexityadjustedcleanprice => 109.92708855597775 ||
	 | fixedstream::twd/twd::3::{06-nov-2018->06-nov-2023}@creditfundingconvexityadjustedcleanpv => 0.09927088555977744 ||
	 | fixedstream::twd/twd::3::{06-nov-2018->06-nov-2023}@creditfundingconvexityadjusteddirtydv01 => 4.818975027173573E-4 ||
	 | fixedstream::twd/twd::3::{06-nov-2018->06-nov-2023}@creditfundingconvexityadjusteddirtyprice => 109.92708855597775 ||
	 | fixedstream::twd/twd::3::{06-nov-2018->06-nov-2023}@creditfundingconvexityadjusteddirtypv => 0.09927088555977744 ||
	 | fixedstream::twd/twd::3::{06-nov-2018->06-nov-2023}@creditfundingconvexityadjusteddv01 => 4.818975027173573E-4 ||
	 | fixedstream::twd/twd::3::{06-nov-2018->06-nov-2023}@creditfundingconvexityadjustedfairpremium => 0.020600000000000382 ||
	 | fixedstream::twd/twd::3::{06-nov-2018->06-nov-2023}@creditfundingconvexityadjustedparrate => 0.020600000000000382 ||
	 | fixedstream::twd/twd::3::{06-nov-2018->06-nov-2023}@creditfundingconvexityadjustedprice => 109.92708855597775 ||
	 | fixedstream::twd/twd::3::{06-nov-2018->06-nov-2023}@creditfundingconvexityadjustedpv => 0.09927088555977744 ||
	 | fixedstream::twd/twd::3::{06-nov-2018->06-nov-2023}@creditfundingconvexityadjustedrate => 0.020600000000000382 ||
	 | fixedstream::twd/twd::3::{06-nov-2018->06-nov-2023}@creditfundingconvexityadjustedupfront => 0.09927088555977744 ||
	 | fixedstream::twd/twd::3::{06-nov-2018->06-nov-2023}@creditfundingconvexityadjustmentfactor => 1.0 ||
	 | fixedstream::twd/twd::3::{06-nov-2018->06-nov-2023}@creditfundingconvexityadjustmentpremium => 0.0 ||
	 | fixedstream::twd/twd::3::{06-nov-2018->06-nov-2023}@creditfundingconvexityadjustmentpremiumupfront => 0.0 ||
	 | fixedstream::twd/twd::3::{06-nov-2018->06-nov-2023}@creditfxconvexityadjustedcleandv01 => 4.818975027173573E-4 ||
	 | fixedstream::twd/twd::3::{06-nov-2018->06-nov-2023}@creditfxconvexityadjustedcleanprice => 109.92708855597775 ||
	 | fixedstream::twd/twd::3::{06-nov-2018->06-nov-2023}@creditfxconvexityadjustedcleanpv => 0.09927088555977744 ||
	 | fixedstream::twd/twd::3::{06-nov-2018->06-nov-2023}@creditfxconvexityadjusteddirtydv01 => 4.818975027173573E-4 ||
	 | fixedstream::twd/twd::3::{06-nov-2018->06-nov-2023}@creditfxconvexityadjusteddirtyprice => 109.92708855597775 ||
	 | fixedstream::twd/twd::3::{06-nov-2018->06-nov-2023}@creditfxconvexityadjusteddirtypv => 0.09927088555977744 ||
	 | fixedstream::twd/twd::3::{06-nov-2018->06-nov-2023}@creditfxconvexityadjusteddv01 => 4.818975027173573E-4 ||
	 | fixedstream::twd/twd::3::{06-nov-2018->06-nov-2023}@creditfxconvexityadjustedfairpremium => 0.020600000000000382 ||
	 | fixedstream::twd/twd::3::{06-nov-2018->06-nov-2023}@creditfxconvexityadjustedparrate => 0.020600000000000382 ||
	 | fixedstream::twd/twd::3::{06-nov-2018->06-nov-2023}@creditfxconvexityadjustedprice => 109.92708855597775 ||
	 | fixedstream::twd/twd::3::{06-nov-2018->06-nov-2023}@creditfxconvexityadjustedpv => 0.09927088555977744 ||
	 | fixedstream::twd/twd::3::{06-nov-2018->06-nov-2023}@creditfxconvexityadjustedrate => 0.020600000000000382 ||
	 | fixedstream::twd/twd::3::{06-nov-2018->06-nov-2023}@creditfxconvexityadjustedupfront => 0.09927088555977744 ||
	 | fixedstream::twd/twd::3::{06-nov-2018->06-nov-2023}@creditfxconvexityadjustmentfactor => 1.0 ||
	 | fixedstream::twd/twd::3::{06-nov-2018->06-nov-2023}@creditfxconvexityadjustmentpremium => 0.0 ||
	 | fixedstream::twd/twd::3::{06-nov-2018->06-nov-2023}@creditfxconvexityadjustmentpremiumupfront => 0.0 ||
	 | fixedstream::twd/twd::3::{06-nov-2018->06-nov-2023}@cumulativeconvexityadjustedcleandv01 => 4.818975027173573E-4 ||
	 | fixedstream::twd/twd::3::{06-nov-2018->06-nov-2023}@cumulativeconvexityadjustedcleanprice => 109.92708855597775 ||
	 | fixedstream::twd/twd::3::{06-nov-2018->06-nov-2023}@cumulativeconvexityadjustedcleanpv => 0.09927088555977744 ||
	 | fixedstream::twd/twd::3::{06-nov-2018->06-nov-2023}@cumulativeconvexityadjusteddirtydv01 => 4.818975027173573E-4 ||
	 | fixedstream::twd/twd::3::{06-nov-2018->06-nov-2023}@cumulativeconvexityadjusteddirtyprice => 109.92708855597775 ||
	 | fixedstream::twd/twd::3::{06-nov-2018->06-nov-2023}@cumulativeconvexityadjusteddirtypv => 0.09927088555977744 ||
	 | fixedstream::twd/twd::3::{06-nov-2018->06-nov-2023}@cumulativeconvexityadjusteddv01 => 4.818975027173573E-4 ||
	 | fixedstream::twd/twd::3::{06-nov-2018->06-nov-2023}@cumulativeconvexityadjustedfairpremium => 0.020600000000000382 ||
	 | fixedstream::twd/twd::3::{06-nov-2018->06-nov-2023}@cumulativeconvexityadjustedparrate => 0.020600000000000382 ||
	 | fixedstream::twd/twd::3::{06-nov-2018->06-nov-2023}@cumulativeconvexityadjustedprice => 109.92708855597775 ||
	 | fixedstream::twd/twd::3::{06-nov-2018->06-nov-2023}@cumulativeconvexityadjustedpv => 0.09927088555977744 ||
	 | fixedstream::twd/twd::3::{06-nov-2018->06-nov-2023}@cumulativeconvexityadjustedrate => 0.020600000000000382 ||
	 | fixedstream::twd/twd::3::{06-nov-2018->06-nov-2023}@cumulativeconvexityadjustedupfront => 0.09927088555977744 ||
	 | fixedstream::twd/twd::3::{06-nov-2018->06-nov-2023}@cumulativeconvexityadjustmentfactor => 1.0 ||
	 | fixedstream::twd/twd::3::{06-nov-2018->06-nov-2023}@cumulativeconvexityadjustmentpremium => 0.0 ||
	 | fixedstream::twd/twd::3::{06-nov-2018->06-nov-2023}@cumulativeconvexityadjustmentpremiumupfront => 0.0 ||
	 | fixedstream::twd/twd::3::{06-nov-2018->06-nov-2023}@cumulativecouponamount => 0.0 ||
	 | fixedstream::twd/twd::3::{06-nov-2018->06-nov-2023}@cumulativecoupondcf => 0.0 ||
	 | fixedstream::twd/twd::3::{06-nov-2018->06-nov-2023}@cv01 => 4.818975027173573E-4 ||
	 | fixedstream::twd/twd::3::{06-nov-2018->06-nov-2023}@dirtydv01 => 4.818975027173573E-4 ||
	 | fixedstream::twd/twd::3::{06-nov-2018->06-nov-2023}@dirtyprice => 109.92708855597775 ||
	 | fixedstream::twd/twd::3::{06-nov-2018->06-nov-2023}@dirtypv => 0.09927088555977744 ||
	 | fixedstream::twd/twd::3::{06-nov-2018->06-nov-2023}@dv01 => 4.818975027173573E-4 ||
	 | fixedstream::twd/twd::3::{06-nov-2018->06-nov-2023}@fairpremium => 0.020600000000000382 ||
	 | fixedstream::twd/twd::3::{06-nov-2018->06-nov-2023}@fixing01 => 0.0 ||
	 | fixedstream::twd/twd::3::{06-nov-2018->06-nov-2023}@forwardfundingconvexityadjustedcleandv01 => 4.818975027173573E-4 ||
	 | fixedstream::twd/twd::3::{06-nov-2018->06-nov-2023}@forwardfundingconvexityadjustedcleanprice => 109.92708855597775 ||
	 | fixedstream::twd/twd::3::{06-nov-2018->06-nov-2023}@forwardfundingconvexityadjustedcleanpv => 0.09927088555977744 ||
	 | fixedstream::twd/twd::3::{06-nov-2018->06-nov-2023}@forwardfundingconvexityadjusteddirtydv01 => 4.818975027173573E-4 ||
	 | fixedstream::twd/twd::3::{06-nov-2018->06-nov-2023}@forwardfundingconvexityadjusteddirtyprice => 109.92708855597775 ||
	 | fixedstream::twd/twd::3::{06-nov-2018->06-nov-2023}@forwardfundingconvexityadjusteddirtypv => 0.09927088555977744 ||
	 | fixedstream::twd/twd::3::{06-nov-2018->06-nov-2023}@forwardfundingconvexityadjusteddv01 => 4.818975027173573E-4 ||
	 | fixedstream::twd/twd::3::{06-nov-2018->06-nov-2023}@forwardfundingconvexityadjustedfairpremium => 0.020600000000000382 ||
	 | fixedstream::twd/twd::3::{06-nov-2018->06-nov-2023}@forwardfundingconvexityadjustedparrate => 0.020600000000000382 ||
	 | fixedstream::twd/twd::3::{06-nov-2018->06-nov-2023}@forwardfundingconvexityadjustedprice => 109.92708855597775 ||
	 | fixedstream::twd/twd::3::{06-nov-2018->06-nov-2023}@forwardfundingconvexityadjustedpv => 0.09927088555977744 ||
	 | fixedstream::twd/twd::3::{06-nov-2018->06-nov-2023}@forwardfundingconvexityadjustedrate => 0.020600000000000382 ||
	 | fixedstream::twd/twd::3::{06-nov-2018->06-nov-2023}@forwardfundingconvexityadjustedupfront => 0.09927088555977744 ||
	 | fixedstream::twd/twd::3::{06-nov-2018->06-nov-2023}@forwardfundingconvexityadjustmentfactor => 1.0 ||
	 | fixedstream::twd/twd::3::{06-nov-2018->06-nov-2023}@forwardfundingconvexityadjustmentpremium => 0.0 ||
	 | fixedstream::twd/twd::3::{06-nov-2018->06-nov-2023}@forwardfundingconvexityadjustmentpremiumupfront => 0.0 ||
	 | fixedstream::twd/twd::3::{06-nov-2018->06-nov-2023}@forwardfxconvexityadjustedcleandv01 => 4.818975027173573E-4 ||
	 | fixedstream::twd/twd::3::{06-nov-2018->06-nov-2023}@forwardfxconvexityadjustedcleanprice => 109.92708855597775 ||
	 | fixedstream::twd/twd::3::{06-nov-2018->06-nov-2023}@forwardfxconvexityadjustedcleanpv => 0.09927088555977744 ||
	 | fixedstream::twd/twd::3::{06-nov-2018->06-nov-2023}@forwardfxconvexityadjusteddirtydv01 => 4.818975027173573E-4 ||
	 | fixedstream::twd/twd::3::{06-nov-2018->06-nov-2023}@forwardfxconvexityadjusteddirtyprice => 109.92708855597775 ||
	 | fixedstream::twd/twd::3::{06-nov-2018->06-nov-2023}@forwardfxconvexityadjusteddirtypv => 0.09927088555977744 ||
	 | fixedstream::twd/twd::3::{06-nov-2018->06-nov-2023}@forwardfxconvexityadjusteddv01 => 4.818975027173573E-4 ||
	 | fixedstream::twd/twd::3::{06-nov-2018->06-nov-2023}@forwardfxconvexityadjustedfairpremium => 0.020600000000000382 ||
	 | fixedstream::twd/twd::3::{06-nov-2018->06-nov-2023}@forwardfxconvexityadjustedparrate => 0.020600000000000382 ||
	 | fixedstream::twd/twd::3::{06-nov-2018->06-nov-2023}@forwardfxconvexityadjustedprice => 109.92708855597775 ||
	 | fixedstream::twd/twd::3::{06-nov-2018->06-nov-2023}@forwardfxconvexityadjustedpv => 0.09927088555977744 ||
	 | fixedstream::twd/twd::3::{06-nov-2018->06-nov-2023}@forwardfxconvexityadjustedrate => 0.020600000000000382 ||
	 | fixedstream::twd/twd::3::{06-nov-2018->06-nov-2023}@forwardfxconvexityadjustedupfront => 0.09927088555977744 ||
	 | fixedstream::twd/twd::3::{06-nov-2018->06-nov-2023}@forwardfxconvexityadjustmentfactor => 1.0 ||
	 | fixedstream::twd/twd::3::{06-nov-2018->06-nov-2023}@forwardfxconvexityadjustmentpremium => 0.0 ||
	 | fixedstream::twd/twd::3::{06-nov-2018->06-nov-2023}@forwardfxconvexityadjustmentpremiumupfront => 0.0 ||
	 | fixedstream::twd/twd::3::{06-nov-2018->06-nov-2023}@fundingfxconvexityadjustedcleandv01 => 4.818975027173573E-4 ||
	 | fixedstream::twd/twd::3::{06-nov-2018->06-nov-2023}@fundingfxconvexityadjustedcleanprice => 109.92708855597775 ||
	 | fixedstream::twd/twd::3::{06-nov-2018->06-nov-2023}@fundingfxconvexityadjustedcleanpv => 0.09927088555977744 ||
	 | fixedstream::twd/twd::3::{06-nov-2018->06-nov-2023}@fundingfxconvexityadjusteddirtydv01 => 4.818975027173573E-4 ||
	 | fixedstream::twd/twd::3::{06-nov-2018->06-nov-2023}@fundingfxconvexityadjusteddirtyprice => 109.92708855597775 ||
	 | fixedstream::twd/twd::3::{06-nov-2018->06-nov-2023}@fundingfxconvexityadjusteddirtypv => 0.09927088555977744 ||
	 | fixedstream::twd/twd::3::{06-nov-2018->06-nov-2023}@fundingfxconvexityadjusteddv01 => 4.818975027173573E-4 ||
	 | fixedstream::twd/twd::3::{06-nov-2018->06-nov-2023}@fundingfxconvexityadjustedfairpremium => 0.020600000000000382 ||
	 | fixedstream::twd/twd::3::{06-nov-2018->06-nov-2023}@fundingfxconvexityadjustedparrate => 0.020600000000000382 ||
	 | fixedstream::twd/twd::3::{06-nov-2018->06-nov-2023}@fundingfxconvexityadjustedprice => 109.92708855597775 ||
	 | fixedstream::twd/twd::3::{06-nov-2018->06-nov-2023}@fundingfxconvexityadjustedpv => 0.09927088555977744 ||
	 | fixedstream::twd/twd::3::{06-nov-2018->06-nov-2023}@fundingfxconvexityadjustedrate => 0.020600000000000382 ||
	 | fixedstream::twd/twd::3::{06-nov-2018->06-nov-2023}@fundingfxconvexityadjustedupfront => 0.09927088555977744 ||
	 | fixedstream::twd/twd::3::{06-nov-2018->06-nov-2023}@fundingfxconvexityadjustmentfactor => 1.0 ||
	 | fixedstream::twd/twd::3::{06-nov-2018->06-nov-2023}@fundingfxconvexityadjustmentpremium => 0.0 ||
	 | fixedstream::twd/twd::3::{06-nov-2018->06-nov-2023}@fundingfxconvexityadjustmentpremiumupfront => 0.0 ||
	 | fixedstream::twd/twd::3::{06-nov-2018->06-nov-2023}@parrate => 0.020600000000000382 ||
	 | fixedstream::twd/twd::3::{06-nov-2018->06-nov-2023}@price => 109.92708855597775 ||
	 | fixedstream::twd/twd::3::{06-nov-2018->06-nov-2023}@pv => 0.09927088555977744 ||
	 | fixedstream::twd/twd::3::{06-nov-2018->06-nov-2023}@rate => 0.020600000000000382 ||
	 | fixedstream::twd/twd::3::{06-nov-2018->06-nov-2023}@resetdate => -2.147483648E9 ||
	 | fixedstream::twd/twd::3::{06-nov-2018->06-nov-2023}@resetrate => NaN ||
	 | fixedstream::twd/twd::3::{06-nov-2018->06-nov-2023}@totalcoupon => 0.4120000000000076 ||
	 | fixedstream::twd/twd::3::{06-nov-2018->06-nov-2023}@unadjustedcleandv01 => 4.818975027173573E-4 ||
	 | fixedstream::twd/twd::3::{06-nov-2018->06-nov-2023}@unadjustedcleanprice => 109.92708855597775 ||
	 | fixedstream::twd/twd::3::{06-nov-2018->06-nov-2023}@unadjustedcleanpv => 0.09927088555977744 ||
	 | fixedstream::twd/twd::3::{06-nov-2018->06-nov-2023}@unadjusteddirtydv01 => 4.818975027173573E-4 ||
	 | fixedstream::twd/twd::3::{06-nov-2018->06-nov-2023}@unadjusteddirtyprice => 109.92708855597775 ||
	 | fixedstream::twd/twd::3::{06-nov-2018->06-nov-2023}@unadjusteddirtypv => 0.09927088555977744 ||
	 | fixedstream::twd/twd::3::{06-nov-2018->06-nov-2023}@unadjustedfairpremium => 0.020600000000000382 ||
	 | fixedstream::twd/twd::3::{06-nov-2018->06-nov-2023}@unadjustedparrate => 0.020600000000000382 ||
	 | fixedstream::twd/twd::3::{06-nov-2018->06-nov-2023}@unadjustedprice => 109.92708855597775 ||
	 | fixedstream::twd/twd::3::{06-nov-2018->06-nov-2023}@unadjustedpv => 0.09927088555977744 ||
	 | fixedstream::twd/twd::3::{06-nov-2018->06-nov-2023}@unadjustedrate => 0.020600000000000382 ||
	 | fixedstream::twd/twd::3::{06-nov-2018->06-nov-2023}@unadjustedupfront => 0.09927088555977744 ||
	 | fixedstream::twd/twd::3::{06-nov-2018->06-nov-2023}@upfront => 0.09927088555977744 ||
	 | fixing01 => 0.0 ||
	 | floataccrued => 0.0 ||
	 | floataccrued01 => 0.0 ||
	 | floatdv01 => -4.818975027173573E-4 ||
	 | floatstream::twd::twd-libor-3m::{06-nov-2018->06-nov-2023}@accrualcoupon => NaN ||
	 | floatstream::twd::twd-libor-3m::{06-nov-2018->06-nov-2023}@accrued => 0.0 ||
	 | floatstream::twd::twd-libor-3m::{06-nov-2018->06-nov-2023}@accrued01 => 0.0 ||
	 | floatstream::twd::twd-libor-3m::{06-nov-2018->06-nov-2023}@calctime => 9.7415E-5 ||
	 | floatstream::twd::twd-libor-3m::{06-nov-2018->06-nov-2023}@cleandv01 => -4.818975027173573E-4 ||
	 | floatstream::twd::twd-libor-3m::{06-nov-2018->06-nov-2023}@cleanprice => 109.92708855597759 ||
	 | floatstream::twd::twd-libor-3m::{06-nov-2018->06-nov-2023}@cleanpv => -0.09927088555977581 ||
	 | floatstream::twd::twd-libor-3m::{06-nov-2018->06-nov-2023}@compoundingadjustedcleandv01 => -4.818975027173573E-4 ||
	 | floatstream::twd::twd-libor-3m::{06-nov-2018->06-nov-2023}@compoundingadjustedcleanprice => 109.92708855597759 ||
	 | floatstream::twd::twd-libor-3m::{06-nov-2018->06-nov-2023}@compoundingadjustedcleanpv => -0.09927088555977581 ||
	 | floatstream::twd::twd-libor-3m::{06-nov-2018->06-nov-2023}@compoundingadjusteddirtydv01 => -4.818975027173573E-4 ||
	 | floatstream::twd::twd-libor-3m::{06-nov-2018->06-nov-2023}@compoundingadjusteddirtyprice => 109.92708855597759 ||
	 | floatstream::twd::twd-libor-3m::{06-nov-2018->06-nov-2023}@compoundingadjusteddirtypv => -0.09927088555977581 ||
	 | floatstream::twd::twd-libor-3m::{06-nov-2018->06-nov-2023}@compoundingadjustedfairpremium => 0.020600000000000045 ||
	 | floatstream::twd::twd-libor-3m::{06-nov-2018->06-nov-2023}@compoundingadjustedparrate => 0.020600000000000045 ||
	 | floatstream::twd::twd-libor-3m::{06-nov-2018->06-nov-2023}@compoundingadjustedprice => 109.92708855597759 ||
	 | floatstream::twd::twd-libor-3m::{06-nov-2018->06-nov-2023}@compoundingadjustedpv => -0.09927088555977581 ||
	 | floatstream::twd::twd-libor-3m::{06-nov-2018->06-nov-2023}@compoundingadjustedrate => 0.020600000000000045 ||
	 | floatstream::twd::twd-libor-3m::{06-nov-2018->06-nov-2023}@compoundingadjustedupfront => -0.09927088555977581 ||
	 | floatstream::twd::twd-libor-3m::{06-nov-2018->06-nov-2023}@compoundingadjustmentfactor => 1.0 ||
	 | floatstream::twd::twd-libor-3m::{06-nov-2018->06-nov-2023}@compoundingadjustmentpremium => 0.0 ||
	 | floatstream::twd::twd-libor-3m::{06-nov-2018->06-nov-2023}@compoundingadjustmentpremiumupfront => -0.0 ||
	 | floatstream::twd::twd-libor-3m::{06-nov-2018->06-nov-2023}@creditforwardconvexityadjustedcleandv01 => -4.818975027173573E-4 ||
	 | floatstream::twd::twd-libor-3m::{06-nov-2018->06-nov-2023}@creditforwardconvexityadjustedcleanprice => 109.92708855597759 ||
	 | floatstream::twd::twd-libor-3m::{06-nov-2018->06-nov-2023}@creditforwardconvexityadjustedcleanpv => -0.09927088555977581 ||
	 | floatstream::twd::twd-libor-3m::{06-nov-2018->06-nov-2023}@creditforwardconvexityadjusteddirtydv01 => -4.818975027173573E-4 ||
	 | floatstream::twd::twd-libor-3m::{06-nov-2018->06-nov-2023}@creditforwardconvexityadjusteddirtyprice => 109.92708855597759 ||
	 | floatstream::twd::twd-libor-3m::{06-nov-2018->06-nov-2023}@creditforwardconvexityadjusteddirtypv => -0.09927088555977581 ||
	 | floatstream::twd::twd-libor-3m::{06-nov-2018->06-nov-2023}@creditforwardconvexityadjusteddv01 => -4.818975027173573E-4 ||
	 | floatstream::twd::twd-libor-3m::{06-nov-2018->06-nov-2023}@creditforwardconvexityadjustedfairpremium => 0.020600000000000045 ||
	 | floatstream::twd::twd-libor-3m::{06-nov-2018->06-nov-2023}@creditforwardconvexityadjustedparrate => 0.020600000000000045 ||
	 | floatstream::twd::twd-libor-3m::{06-nov-2018->06-nov-2023}@creditforwardconvexityadjustedprice => 109.92708855597759 ||
	 | floatstream::twd::twd-libor-3m::{06-nov-2018->06-nov-2023}@creditforwardconvexityadjustedpv => -0.09927088555977581 ||
	 | floatstream::twd::twd-libor-3m::{06-nov-2018->06-nov-2023}@creditforwardconvexityadjustedrate => 0.020600000000000045 ||
	 | floatstream::twd::twd-libor-3m::{06-nov-2018->06-nov-2023}@creditforwardconvexityadjustedupfront => -0.09927088555977581 ||
	 | floatstream::twd::twd-libor-3m::{06-nov-2018->06-nov-2023}@creditforwardconvexityadjustmentfactor => 1.0 ||
	 | floatstream::twd::twd-libor-3m::{06-nov-2018->06-nov-2023}@creditforwardconvexityadjustmentpremium => 0.0 ||
	 | floatstream::twd::twd-libor-3m::{06-nov-2018->06-nov-2023}@creditforwardconvexityadjustmentpremiumupfront => -0.0 ||
	 | floatstream::twd::twd-libor-3m::{06-nov-2018->06-nov-2023}@creditfundingconvexityadjustedcleandv01 => -4.818975027173573E-4 ||
	 | floatstream::twd::twd-libor-3m::{06-nov-2018->06-nov-2023}@creditfundingconvexityadjustedcleanprice => 109.92708855597759 ||
	 | floatstream::twd::twd-libor-3m::{06-nov-2018->06-nov-2023}@creditfundingconvexityadjustedcleanpv => -0.09927088555977581 ||
	 | floatstream::twd::twd-libor-3m::{06-nov-2018->06-nov-2023}@creditfundingconvexityadjusteddirtydv01 => -4.818975027173573E-4 ||
	 | floatstream::twd::twd-libor-3m::{06-nov-2018->06-nov-2023}@creditfundingconvexityadjusteddirtyprice => 109.92708855597759 ||
	 | floatstream::twd::twd-libor-3m::{06-nov-2018->06-nov-2023}@creditfundingconvexityadjusteddirtypv => -0.09927088555977581 ||
	 | floatstream::twd::twd-libor-3m::{06-nov-2018->06-nov-2023}@creditfundingconvexityadjusteddv01 => -4.818975027173573E-4 ||
	 | floatstream::twd::twd-libor-3m::{06-nov-2018->06-nov-2023}@creditfundingconvexityadjustedfairpremium => 0.020600000000000045 ||
	 | floatstream::twd::twd-libor-3m::{06-nov-2018->06-nov-2023}@creditfundingconvexityadjustedparrate => 0.020600000000000045 ||
	 | floatstream::twd::twd-libor-3m::{06-nov-2018->06-nov-2023}@creditfundingconvexityadjustedprice => 109.92708855597759 ||
	 | floatstream::twd::twd-libor-3m::{06-nov-2018->06-nov-2023}@creditfundingconvexityadjustedpv => -0.09927088555977581 ||
	 | floatstream::twd::twd-libor-3m::{06-nov-2018->06-nov-2023}@creditfundingconvexityadjustedrate => 0.020600000000000045 ||
	 | floatstream::twd::twd-libor-3m::{06-nov-2018->06-nov-2023}@creditfundingconvexityadjustedupfront => -0.09927088555977581 ||
	 | floatstream::twd::twd-libor-3m::{06-nov-2018->06-nov-2023}@creditfundingconvexityadjustmentfactor => 1.0 ||
	 | floatstream::twd::twd-libor-3m::{06-nov-2018->06-nov-2023}@creditfundingconvexityadjustmentpremium => 0.0 ||
	 | floatstream::twd::twd-libor-3m::{06-nov-2018->06-nov-2023}@creditfundingconvexityadjustmentpremiumupfront => -0.0 ||
	 | floatstream::twd::twd-libor-3m::{06-nov-2018->06-nov-2023}@creditfxconvexityadjustedcleandv01 => -4.818975027173573E-4 ||
	 | floatstream::twd::twd-libor-3m::{06-nov-2018->06-nov-2023}@creditfxconvexityadjustedcleanprice => 109.92708855597759 ||
	 | floatstream::twd::twd-libor-3m::{06-nov-2018->06-nov-2023}@creditfxconvexityadjustedcleanpv => -0.09927088555977581 ||
	 | floatstream::twd::twd-libor-3m::{06-nov-2018->06-nov-2023}@creditfxconvexityadjusteddirtydv01 => -4.818975027173573E-4 ||
	 | floatstream::twd::twd-libor-3m::{06-nov-2018->06-nov-2023}@creditfxconvexityadjusteddirtyprice => 109.92708855597759 ||
	 | floatstream::twd::twd-libor-3m::{06-nov-2018->06-nov-2023}@creditfxconvexityadjusteddirtypv => -0.09927088555977581 ||
	 | floatstream::twd::twd-libor-3m::{06-nov-2018->06-nov-2023}@creditfxconvexityadjusteddv01 => -4.818975027173573E-4 ||
	 | floatstream::twd::twd-libor-3m::{06-nov-2018->06-nov-2023}@creditfxconvexityadjustedfairpremium => 0.020600000000000045 ||
	 | floatstream::twd::twd-libor-3m::{06-nov-2018->06-nov-2023}@creditfxconvexityadjustedparrate => 0.020600000000000045 ||
	 | floatstream::twd::twd-libor-3m::{06-nov-2018->06-nov-2023}@creditfxconvexityadjustedprice => 109.92708855597759 ||
	 | floatstream::twd::twd-libor-3m::{06-nov-2018->06-nov-2023}@creditfxconvexityadjustedpv => -0.09927088555977581 ||
	 | floatstream::twd::twd-libor-3m::{06-nov-2018->06-nov-2023}@creditfxconvexityadjustedrate => 0.020600000000000045 ||
	 | floatstream::twd::twd-libor-3m::{06-nov-2018->06-nov-2023}@creditfxconvexityadjustedupfront => -0.09927088555977581 ||
	 | floatstream::twd::twd-libor-3m::{06-nov-2018->06-nov-2023}@creditfxconvexityadjustmentfactor => 1.0 ||
	 | floatstream::twd::twd-libor-3m::{06-nov-2018->06-nov-2023}@creditfxconvexityadjustmentpremium => 0.0 ||
	 | floatstream::twd::twd-libor-3m::{06-nov-2018->06-nov-2023}@creditfxconvexityadjustmentpremiumupfront => -0.0 ||
	 | floatstream::twd::twd-libor-3m::{06-nov-2018->06-nov-2023}@cumulativeconvexityadjustedcleandv01 => -4.818975027173573E-4 ||
	 | floatstream::twd::twd-libor-3m::{06-nov-2018->06-nov-2023}@cumulativeconvexityadjustedcleanprice => 109.92708855597759 ||
	 | floatstream::twd::twd-libor-3m::{06-nov-2018->06-nov-2023}@cumulativeconvexityadjustedcleanpv => -0.09927088555977581 ||
	 | floatstream::twd::twd-libor-3m::{06-nov-2018->06-nov-2023}@cumulativeconvexityadjusteddirtydv01 => -4.818975027173573E-4 ||
	 | floatstream::twd::twd-libor-3m::{06-nov-2018->06-nov-2023}@cumulativeconvexityadjusteddirtyprice => 109.92708855597759 ||
	 | floatstream::twd::twd-libor-3m::{06-nov-2018->06-nov-2023}@cumulativeconvexityadjusteddirtypv => -0.09927088555977581 ||
	 | floatstream::twd::twd-libor-3m::{06-nov-2018->06-nov-2023}@cumulativeconvexityadjusteddv01 => -4.818975027173573E-4 ||
	 | floatstream::twd::twd-libor-3m::{06-nov-2018->06-nov-2023}@cumulativeconvexityadjustedfairpremium => 0.020600000000000045 ||
	 | floatstream::twd::twd-libor-3m::{06-nov-2018->06-nov-2023}@cumulativeconvexityadjustedparrate => 0.020600000000000045 ||
	 | floatstream::twd::twd-libor-3m::{06-nov-2018->06-nov-2023}@cumulativeconvexityadjustedprice => 109.92708855597759 ||
	 | floatstream::twd::twd-libor-3m::{06-nov-2018->06-nov-2023}@cumulativeconvexityadjustedpv => -0.09927088555977581 ||
	 | floatstream::twd::twd-libor-3m::{06-nov-2018->06-nov-2023}@cumulativeconvexityadjustedrate => 0.020600000000000045 ||
	 | floatstream::twd::twd-libor-3m::{06-nov-2018->06-nov-2023}@cumulativeconvexityadjustedupfront => -0.09927088555977581 ||
	 | floatstream::twd::twd-libor-3m::{06-nov-2018->06-nov-2023}@cumulativeconvexityadjustmentfactor => 1.0 ||
	 | floatstream::twd::twd-libor-3m::{06-nov-2018->06-nov-2023}@cumulativeconvexityadjustmentpremium => 0.0 ||
	 | floatstream::twd::twd-libor-3m::{06-nov-2018->06-nov-2023}@cumulativeconvexityadjustmentpremiumupfront => -0.0 ||
	 | floatstream::twd::twd-libor-3m::{06-nov-2018->06-nov-2023}@cumulativecouponamount => 0.0 ||
	 | floatstream::twd::twd-libor-3m::{06-nov-2018->06-nov-2023}@cumulativecoupondcf => 0.0 ||
	 | floatstream::twd::twd-libor-3m::{06-nov-2018->06-nov-2023}@cv01 => -4.818975027173573E-4 ||
	 | floatstream::twd::twd-libor-3m::{06-nov-2018->06-nov-2023}@dirtydv01 => -4.818975027173573E-4 ||
	 | floatstream::twd::twd-libor-3m::{06-nov-2018->06-nov-2023}@dirtyprice => 109.92708855597759 ||
	 | floatstream::twd::twd-libor-3m::{06-nov-2018->06-nov-2023}@dirtypv => -0.09927088555977581 ||
	 | floatstream::twd::twd-libor-3m::{06-nov-2018->06-nov-2023}@dv01 => -4.818975027173573E-4 ||
	 | floatstream::twd::twd-libor-3m::{06-nov-2018->06-nov-2023}@fairpremium => 0.020600000000000045 ||
	 | floatstream::twd::twd-libor-3m::{06-nov-2018->06-nov-2023}@fixing01 => 0.0 ||
	 | floatstream::twd::twd-libor-3m::{06-nov-2018->06-nov-2023}@forwardfundingconvexityadjustedcleandv01 => -4.818975027173573E-4 ||
	 | floatstream::twd::twd-libor-3m::{06-nov-2018->06-nov-2023}@forwardfundingconvexityadjustedcleanprice => 109.92708855597759 ||
	 | floatstream::twd::twd-libor-3m::{06-nov-2018->06-nov-2023}@forwardfundingconvexityadjustedcleanpv => -0.09927088555977581 ||
	 | floatstream::twd::twd-libor-3m::{06-nov-2018->06-nov-2023}@forwardfundingconvexityadjusteddirtydv01 => -4.818975027173573E-4 ||
	 | floatstream::twd::twd-libor-3m::{06-nov-2018->06-nov-2023}@forwardfundingconvexityadjusteddirtyprice => 109.92708855597759 ||
	 | floatstream::twd::twd-libor-3m::{06-nov-2018->06-nov-2023}@forwardfundingconvexityadjusteddirtypv => -0.09927088555977581 ||
	 | floatstream::twd::twd-libor-3m::{06-nov-2018->06-nov-2023}@forwardfundingconvexityadjusteddv01 => -4.818975027173573E-4 ||
	 | floatstream::twd::twd-libor-3m::{06-nov-2018->06-nov-2023}@forwardfundingconvexityadjustedfairpremium => 0.020600000000000045 ||
	 | floatstream::twd::twd-libor-3m::{06-nov-2018->06-nov-2023}@forwardfundingconvexityadjustedparrate => 0.020600000000000045 ||
	 | floatstream::twd::twd-libor-3m::{06-nov-2018->06-nov-2023}@forwardfundingconvexityadjustedprice => 109.92708855597759 ||
	 | floatstream::twd::twd-libor-3m::{06-nov-2018->06-nov-2023}@forwardfundingconvexityadjustedpv => -0.09927088555977581 ||
	 | floatstream::twd::twd-libor-3m::{06-nov-2018->06-nov-2023}@forwardfundingconvexityadjustedrate => 0.020600000000000045 ||
	 | floatstream::twd::twd-libor-3m::{06-nov-2018->06-nov-2023}@forwardfundingconvexityadjustedupfront => -0.09927088555977581 ||
	 | floatstream::twd::twd-libor-3m::{06-nov-2018->06-nov-2023}@forwardfundingconvexityadjustmentfactor => 1.0 ||
	 | floatstream::twd::twd-libor-3m::{06-nov-2018->06-nov-2023}@forwardfundingconvexityadjustmentpremium => 0.0 ||
	 | floatstream::twd::twd-libor-3m::{06-nov-2018->06-nov-2023}@forwardfundingconvexityadjustmentpremiumupfront => -0.0 ||
	 | floatstream::twd::twd-libor-3m::{06-nov-2018->06-nov-2023}@forwardfxconvexityadjustedcleandv01 => -4.818975027173573E-4 ||
	 | floatstream::twd::twd-libor-3m::{06-nov-2018->06-nov-2023}@forwardfxconvexityadjustedcleanprice => 109.92708855597759 ||
	 | floatstream::twd::twd-libor-3m::{06-nov-2018->06-nov-2023}@forwardfxconvexityadjustedcleanpv => -0.09927088555977581 ||
	 | floatstream::twd::twd-libor-3m::{06-nov-2018->06-nov-2023}@forwardfxconvexityadjusteddirtydv01 => -4.818975027173573E-4 ||
	 | floatstream::twd::twd-libor-3m::{06-nov-2018->06-nov-2023}@forwardfxconvexityadjusteddirtyprice => 109.92708855597759 ||
	 | floatstream::twd::twd-libor-3m::{06-nov-2018->06-nov-2023}@forwardfxconvexityadjusteddirtypv => -0.09927088555977581 ||
	 | floatstream::twd::twd-libor-3m::{06-nov-2018->06-nov-2023}@forwardfxconvexityadjusteddv01 => -4.818975027173573E-4 ||
	 | floatstream::twd::twd-libor-3m::{06-nov-2018->06-nov-2023}@forwardfxconvexityadjustedfairpremium => 0.020600000000000045 ||
	 | floatstream::twd::twd-libor-3m::{06-nov-2018->06-nov-2023}@forwardfxconvexityadjustedparrate => 0.020600000000000045 ||
	 | floatstream::twd::twd-libor-3m::{06-nov-2018->06-nov-2023}@forwardfxconvexityadjustedprice => 109.92708855597759 ||
	 | floatstream::twd::twd-libor-3m::{06-nov-2018->06-nov-2023}@forwardfxconvexityadjustedpv => -0.09927088555977581 ||
	 | floatstream::twd::twd-libor-3m::{06-nov-2018->06-nov-2023}@forwardfxconvexityadjustedrate => 0.020600000000000045 ||
	 | floatstream::twd::twd-libor-3m::{06-nov-2018->06-nov-2023}@forwardfxconvexityadjustedupfront => -0.09927088555977581 ||
	 | floatstream::twd::twd-libor-3m::{06-nov-2018->06-nov-2023}@forwardfxconvexityadjustmentfactor => 1.0 ||
	 | floatstream::twd::twd-libor-3m::{06-nov-2018->06-nov-2023}@forwardfxconvexityadjustmentpremium => 0.0 ||
	 | floatstream::twd::twd-libor-3m::{06-nov-2018->06-nov-2023}@forwardfxconvexityadjustmentpremiumupfront => -0.0 ||
	 | floatstream::twd::twd-libor-3m::{06-nov-2018->06-nov-2023}@fundingfxconvexityadjustedcleandv01 => -4.818975027173573E-4 ||
	 | floatstream::twd::twd-libor-3m::{06-nov-2018->06-nov-2023}@fundingfxconvexityadjustedcleanprice => 109.92708855597759 ||
	 | floatstream::twd::twd-libor-3m::{06-nov-2018->06-nov-2023}@fundingfxconvexityadjustedcleanpv => -0.09927088555977581 ||
	 | floatstream::twd::twd-libor-3m::{06-nov-2018->06-nov-2023}@fundingfxconvexityadjusteddirtydv01 => -4.818975027173573E-4 ||
	 | floatstream::twd::twd-libor-3m::{06-nov-2018->06-nov-2023}@fundingfxconvexityadjusteddirtyprice => 109.92708855597759 ||
	 | floatstream::twd::twd-libor-3m::{06-nov-2018->06-nov-2023}@fundingfxconvexityadjusteddirtypv => -0.09927088555977581 ||
	 | floatstream::twd::twd-libor-3m::{06-nov-2018->06-nov-2023}@fundingfxconvexityadjusteddv01 => -4.818975027173573E-4 ||
	 | floatstream::twd::twd-libor-3m::{06-nov-2018->06-nov-2023}@fundingfxconvexityadjustedfairpremium => 0.020600000000000045 ||
	 | floatstream::twd::twd-libor-3m::{06-nov-2018->06-nov-2023}@fundingfxconvexityadjustedparrate => 0.020600000000000045 ||
	 | floatstream::twd::twd-libor-3m::{06-nov-2018->06-nov-2023}@fundingfxconvexityadjustedprice => 109.92708855597759 ||
	 | floatstream::twd::twd-libor-3m::{06-nov-2018->06-nov-2023}@fundingfxconvexityadjustedpv => -0.09927088555977581 ||
	 | floatstream::twd::twd-libor-3m::{06-nov-2018->06-nov-2023}@fundingfxconvexityadjustedrate => 0.020600000000000045 ||
	 | floatstream::twd::twd-libor-3m::{06-nov-2018->06-nov-2023}@fundingfxconvexityadjustedupfront => -0.09927088555977581 ||
	 | floatstream::twd::twd-libor-3m::{06-nov-2018->06-nov-2023}@fundingfxconvexityadjustmentfactor => 1.0 ||
	 | floatstream::twd::twd-libor-3m::{06-nov-2018->06-nov-2023}@fundingfxconvexityadjustmentpremium => 0.0 ||
	 | floatstream::twd::twd-libor-3m::{06-nov-2018->06-nov-2023}@fundingfxconvexityadjustmentpremiumupfront => -0.0 ||
	 | floatstream::twd::twd-libor-3m::{06-nov-2018->06-nov-2023}@parrate => 0.020600000000000045 ||
	 | floatstream::twd::twd-libor-3m::{06-nov-2018->06-nov-2023}@price => 109.92708855597759 ||
	 | floatstream::twd::twd-libor-3m::{06-nov-2018->06-nov-2023}@pv => -0.09927088555977581 ||
	 | floatstream::twd::twd-libor-3m::{06-nov-2018->06-nov-2023}@rate => 0.020600000000000045 ||
	 | floatstream::twd::twd-libor-3m::{06-nov-2018->06-nov-2023}@resetdate => -2.147483648E9 ||
	 | floatstream::twd::twd-libor-3m::{06-nov-2018->06-nov-2023}@resetrate => NaN ||
	 | floatstream::twd::twd-libor-3m::{06-nov-2018->06-nov-2023}@totalcoupon => 0.41923560054574355 ||
	 | floatstream::twd::twd-libor-3m::{06-nov-2018->06-nov-2023}@unadjustedcleandv01 => -4.818975027173573E-4 ||
	 | floatstream::twd::twd-libor-3m::{06-nov-2018->06-nov-2023}@unadjustedcleanprice => 109.92708855597759 ||
	 | floatstream::twd::twd-libor-3m::{06-nov-2018->06-nov-2023}@unadjustedcleanpv => -0.09927088555977581 ||
	 | floatstream::twd::twd-libor-3m::{06-nov-2018->06-nov-2023}@unadjusteddirtydv01 => -4.818975027173573E-4 ||
	 | floatstream::twd::twd-libor-3m::{06-nov-2018->06-nov-2023}@unadjusteddirtyprice => 109.92708855597759 ||
	 | floatstream::twd::twd-libor-3m::{06-nov-2018->06-nov-2023}@unadjusteddirtypv => -0.09927088555977581 ||
	 | floatstream::twd::twd-libor-3m::{06-nov-2018->06-nov-2023}@unadjustedfairpremium => 0.020600000000000045 ||
	 | floatstream::twd::twd-libor-3m::{06-nov-2018->06-nov-2023}@unadjustedparrate => 0.020600000000000045 ||
	 | floatstream::twd::twd-libor-3m::{06-nov-2018->06-nov-2023}@unadjustedprice => 109.92708855597759 ||
	 | floatstream::twd::twd-libor-3m::{06-nov-2018->06-nov-2023}@unadjustedpv => -0.09927088555977581 ||
	 | floatstream::twd::twd-libor-3m::{06-nov-2018->06-nov-2023}@unadjustedrate => 0.020600000000000045 ||
	 | floatstream::twd::twd-libor-3m::{06-nov-2018->06-nov-2023}@unadjustedupfront => -0.09927088555977581 ||
	 | floatstream::twd::twd-libor-3m::{06-nov-2018->06-nov-2023}@upfront => -0.09927088555977581 ||
	 | initialnotional => 1.0 ||
	 | parfixedcoupon => 0.020600000000000045 ||
	 | parrate => 0.020600000000000045 ||
	 | parswaprate => 0.020600000000000045 ||
	 | price => 100.00000000000016 ||
	 | pv => 1.6237011735142914E-15 ||
	 | rate => 0.020600000000000045 ||
	 | referenceaccrued => 0.0 ||
	 | referenceaccrued01 => 0.0 ||
	 | referencecleandv01 => 4.818975027173573E-4 ||
	 | referencecleanpv => 0.09927088555977744 ||
	 | referencecumulativeconvexityadjustmentfactor => 1.0 ||
	 | referencecumulativeconvexityadjustmentpremium => 0.0 ||
	 | referencecumulativecouponamount => 0.0 ||
	 | referencecumulativecoupondcf => 0.0 ||
	 | referencedirtydv01 => 4.818975027173573E-4 ||
	 | referencedirtypv => 0.09927088555977744 ||
	 | referencedv01 => 4.818975027173573E-4 ||
	 | referenceparbasisspread => -3.3693911347505473E-12 ||
	 | referencepv => 0.09927088555977744 ||
	 | resetdate => -2.147483648E9 ||
	 | resetrate => NaN ||
	 | swaprate => 0.020600000000000045 ||
	 | upfront => 1.6237011735142914E-15 ||
	 |------------------------------||


		|-----------------------------------------------------------------------------------------------------------------------||
		|    Floating Stream Cash Flow Details                                                                                  ||
		|    -------- ------ ---- ---- -------                                                                                  ||
		|               Start Date                                                                                              ||
		|               End Date                                                                                                ||
		|               Pay Date                                                                                                ||
		|               FX Fixing Date                                                                                          ||
		|               Base Notional                                                                                           ||
		|               Period DCF                                                                                              ||
		|               Tenor                                                                                                   ||
		|               Funding Label                                                                                           ||
		|               Forward Label                                                                                           ||
		|               Pay Discount Factor                                                                                     ||
		|               Coupon Rate                                                                                             ||
		|-----------------------------------------------------------------------------------------------------------------------||
		| [06-NOV-2018 - 06-FEB-2019] => 06-FEB-2019 | 06-FEB-2019 | -1.0000 |  0.2521 | 3M | TWD | TWD-LIBOR-3M |  0.9994 |  0.24% ||
		| [06-FEB-2019 - 06-MAY-2019] => 06-MAY-2019 | 06-MAY-2019 | -1.0000 |  0.2438 | 3M | TWD | TWD-LIBOR-3M |  0.9987 |  0.29% ||
		| [06-MAY-2019 - 06-AUG-2019] => 06-AUG-2019 | 06-AUG-2019 | -1.0000 |  0.2521 | 3M | TWD | TWD-LIBOR-3M |  0.9977 |  0.37% ||
		| [06-AUG-2019 - 06-NOV-2019] => 06-NOV-2019 | 06-NOV-2019 | -1.0000 |  0.2521 | 3M | TWD | TWD-LIBOR-3M |  0.9966 |  0.47% ||
		| [06-NOV-2019 - 06-FEB-2020] => 06-FEB-2020 | 06-FEB-2020 | -1.0000 |  0.2521 | 3M | TWD | TWD-LIBOR-3M |  0.9949 |  0.66% ||
		| [06-FEB-2020 - 06-MAY-2020] => 06-MAY-2020 | 06-MAY-2020 | -1.0000 |  0.2466 | 3M | TWD | TWD-LIBOR-3M |  0.9926 |  0.92% ||
		| [06-MAY-2020 - 06-AUG-2020] => 06-AUG-2020 | 06-AUG-2020 | -1.0000 |  0.2521 | 3M | TWD | TWD-LIBOR-3M |  0.9896 |  1.21% ||
		| [06-AUG-2020 - 06-NOV-2020] => 06-NOV-2020 | 06-NOV-2020 | -1.0000 |  0.2521 | 3M | TWD | TWD-LIBOR-3M |  0.9859 |  1.51% ||
		| [06-NOV-2020 - 06-FEB-2021] => 06-FEB-2021 | 06-FEB-2021 | -1.0000 |  0.2521 | 3M | TWD | TWD-LIBOR-3M |  0.9744 |  4.66% ||
		| [06-FEB-2021 - 06-MAY-2021] => 06-MAY-2021 | 06-MAY-2021 | -1.0000 |  0.2438 | 3M | TWD | TWD-LIBOR-3M |  0.9704 |  1.71% ||
		| [06-MAY-2021 - 06-AUG-2021] => 06-AUG-2021 | 06-AUG-2021 | -1.0000 |  0.2521 | 3M | TWD | TWD-LIBOR-3M |  0.9658 |  1.89% ||
		| [06-AUG-2021 - 06-NOV-2021] => 06-NOV-2021 | 06-NOV-2021 | -1.0000 |  0.2521 | 3M | TWD | TWD-LIBOR-3M |  0.9607 |  2.09% ||
		| [06-NOV-2021 - 06-FEB-2022] => 06-FEB-2022 | 06-FEB-2022 | -1.0000 |  0.2521 | 3M | TWD | TWD-LIBOR-3M |  0.9551 |  2.32% ||
		| [06-FEB-2022 - 06-MAY-2022] => 06-MAY-2022 | 06-MAY-2022 | -1.0000 |  0.2438 | 3M | TWD | TWD-LIBOR-3M |  0.9492 |  2.56% ||
		| [06-MAY-2022 - 06-AUG-2022] => 06-AUG-2022 | 06-AUG-2022 | -1.0000 |  0.2521 | 3M | TWD | TWD-LIBOR-3M |  0.9425 |  2.82% ||
		| [06-AUG-2022 - 06-NOV-2022] => 06-NOV-2022 | 06-NOV-2022 | -1.0000 |  0.2521 | 3M | TWD | TWD-LIBOR-3M |  0.9352 |  3.12% ||
		| [06-NOV-2022 - 06-FEB-2023] => 06-FEB-2023 | 06-FEB-2023 | -1.0000 |  0.2521 | 3M | TWD | TWD-LIBOR-3M |  0.9272 |  3.42% ||
		| [06-FEB-2023 - 06-MAY-2023] => 06-MAY-2023 | 06-MAY-2023 | -1.0000 |  0.2438 | 3M | TWD | TWD-LIBOR-3M |  0.9189 |  3.69% ||
		| [06-MAY-2023 - 06-AUG-2023] => 06-AUG-2023 | 06-AUG-2023 | -1.0000 |  0.2521 | 3M | TWD | TWD-LIBOR-3M |  0.9100 |  3.90% ||
		| [06-AUG-2023 - 06-NOV-2023] => 06-NOV-2023 | 06-NOV-2023 | -1.0000 |  0.2521 | 3M | TWD | TWD-LIBOR-3M |  0.9007 |  4.07% ||
		|-----------------------------------------------------------------------------------------------------------------------||


		|--------------------------------------------------------------------------------------------------------||
		|    Fixed Stream Cash Flow Details                                                                      ||
		|    ----- ------ ---- ---- -------                                                                      ||
		|               Start Date                                                                               ||
		|               End Date                                                                                 ||
		|               Pay Date                                                                                 ||
		|               FX Fixing Date                                                                           ||
		|               Base Notional                                                                            ||
		|               Period DCF                                                                               ||
		|               Tenor                                                                                    ||
		|               Funding Label                                                                            ||
		|               Pay Discount Factor                                                                      ||
		|               Coupon Rate                                                                              ||
		|--------------------------------------------------------------------------------------------------------||
		| [06-NOV-2018 - 06-FEB-2019] => 06-FEB-2019 | 06-FEB-2019 |  1.0000 |  0.2521 | 3M | TWD |  0.9994 |  2.06% ||
		| [06-FEB-2019 - 06-MAY-2019] => 06-MAY-2019 | 06-MAY-2019 |  1.0000 |  0.2438 | 3M | TWD |  0.9987 |  2.06% ||
		| [06-MAY-2019 - 06-AUG-2019] => 06-AUG-2019 | 06-AUG-2019 |  1.0000 |  0.2521 | 3M | TWD |  0.9977 |  2.06% ||
		| [06-AUG-2019 - 06-NOV-2019] => 06-NOV-2019 | 06-NOV-2019 |  1.0000 |  0.2521 | 3M | TWD |  0.9966 |  2.06% ||
		| [06-NOV-2019 - 06-FEB-2020] => 06-FEB-2020 | 06-FEB-2020 |  1.0000 |  0.2521 | 3M | TWD |  0.9949 |  2.06% ||
		| [06-FEB-2020 - 06-MAY-2020] => 06-MAY-2020 | 06-MAY-2020 |  1.0000 |  0.2466 | 3M | TWD |  0.9926 |  2.06% ||
		| [06-MAY-2020 - 06-AUG-2020] => 06-AUG-2020 | 06-AUG-2020 |  1.0000 |  0.2521 | 3M | TWD |  0.9896 |  2.06% ||
		| [06-AUG-2020 - 06-NOV-2020] => 06-NOV-2020 | 06-NOV-2020 |  1.0000 |  0.2521 | 3M | TWD |  0.9859 |  2.06% ||
		| [06-NOV-2020 - 06-FEB-2021] => 06-FEB-2021 | 06-FEB-2021 |  1.0000 |  0.2521 | 3M | TWD |  0.9744 |  2.06% ||
		| [06-FEB-2021 - 06-MAY-2021] => 06-MAY-2021 | 06-MAY-2021 |  1.0000 |  0.2438 | 3M | TWD |  0.9704 |  2.06% ||
		| [06-MAY-2021 - 06-AUG-2021] => 06-AUG-2021 | 06-AUG-2021 |  1.0000 |  0.2521 | 3M | TWD |  0.9658 |  2.06% ||
		| [06-AUG-2021 - 06-NOV-2021] => 06-NOV-2021 | 06-NOV-2021 |  1.0000 |  0.2521 | 3M | TWD |  0.9607 |  2.06% ||
		| [06-NOV-2021 - 06-FEB-2022] => 06-FEB-2022 | 06-FEB-2022 |  1.0000 |  0.2521 | 3M | TWD |  0.9551 |  2.06% ||
		| [06-FEB-2022 - 06-MAY-2022] => 06-MAY-2022 | 06-MAY-2022 |  1.0000 |  0.2438 | 3M | TWD |  0.9492 |  2.06% ||
		| [06-MAY-2022 - 06-AUG-2022] => 06-AUG-2022 | 06-AUG-2022 |  1.0000 |  0.2521 | 3M | TWD |  0.9425 |  2.06% ||
		| [06-AUG-2022 - 06-NOV-2022] => 06-NOV-2022 | 06-NOV-2022 |  1.0000 |  0.2521 | 3M | TWD |  0.9352 |  2.06% ||
		| [06-NOV-2022 - 06-FEB-2023] => 06-FEB-2023 | 06-FEB-2023 |  1.0000 |  0.2521 | 3M | TWD |  0.9272 |  2.06% ||
		| [06-FEB-2023 - 06-MAY-2023] => 06-MAY-2023 | 06-MAY-2023 |  1.0000 |  0.2438 | 3M | TWD |  0.9189 |  2.06% ||
		| [06-MAY-2023 - 06-AUG-2023] => 06-AUG-2023 | 06-AUG-2023 |  1.0000 |  0.2521 | 3M | TWD |  0.9100 |  2.06% ||
		| [06-AUG-2023 - 06-NOV-2023] => 06-NOV-2023 | 06-NOV-2023 |  1.0000 |  0.2521 | 3M | TWD |  0.9007 |  2.06% ||
		|--------------------------------------------------------------------------------------------------------||

	|-----------------------------------------------------------------|
	|    Copyright (C) 2011-2018 (DRIP)
	|-----------------------------------------------------------------|
	|    Build Version  => 3.86.0 multi mode
	|    Build JVM (TM) => 1.8.0_112
	|    Build Snap     => Fri Nov 02 21:22:20 EST 2018
	|    Start Time     => Fri Nov 02 23:11:31 EDT 2018
	|    Setup Time     => Fri Nov 02 23:11:31 EDT 2018
	|    Setup Duration => 0 ms
	|-----------------------------------------------------------------|

	 | accrued => 0.0 ||
	 | calctime => 3.60589E-4 ||
	 | calibfloatingpv => 0.0989775213216163 ||
	 | calibswaprate => 0.020600000000000004 ||
	 | cleanfixeddv01 => 4.8047340447386546E-4 ||
	 | cleanfloatingdv01 => -4.886217620693435E-4 ||
	 | cleanfloatingpv => -0.09897752132161652 ||
	 | cleanprice => 99.99999999999996 ||
	 | cleanpv => -4.718447854656915E-16 ||
	 | cumulativeconvexityadjustmentpremium => 0.0 ||
	 | cumulativecouponamount => 0.0 ||
	 | cumulativecoupondcf => 0.0 ||
	 | derivedaccrued => 0.0 ||
	 | derivedaccrued01 => 0.0 ||
	 | derivedcleandv01 => -4.886217620693435E-4 ||
	 | derivedcleanpv => -0.09897752132161652 ||
	 | derivedcumulativeconvexityadjustmentfactor => 1.0 ||
	 | derivedcumulativeconvexityadjustmentpremium => -0.0 ||
	 | derivedcumulativecouponamount => 0.0 ||
	 | derivedcumulativecoupondcf => 0.0 ||
	 | deriveddirtydv01 => -4.886217620693435E-4 ||
	 | deriveddirtypv => -0.09897752132161652 ||
	 | deriveddv01 => -4.886217620693435E-4 ||
	 | derivedfixing01 => 0.0 ||
	 | derivedparbasisspread => -9.65664696282457E-13 ||
	 | derivedpv => -0.09897752132161652 ||
	 | derivedresetdate => -2.147483648E9 ||
	 | derivedresetrate => NaN ||
	 | dirtyfixeddv01 => 4.8047340447386546E-4 ||
	 | dirtyfixedpv => 0.09897752132161605 ||
	 | dirtyfloatingdv01 => -4.886217620693435E-4 ||
	 | dirtyfloatingpv => -0.09897752132161652 ||
	 | dirtyprice => 99.99999999999996 ||
	 | dirtypv => -4.718447854656915E-16 ||
	 | fairpremium => 0.020600000000000052 ||
	 | fixedaccrued => 0.0 ||
	 | fixedaccrued01 => 0.0 ||
	 | fixeddv01 => 4.8047340447386546E-4 ||
	 | fixedstream::usd/usd::6::{06-nov-2018->06-nov-2023}@accrualcoupon => NaN ||
	 | fixedstream::usd/usd::6::{06-nov-2018->06-nov-2023}@accrued => 0.0 ||
	 | fixedstream::usd/usd::6::{06-nov-2018->06-nov-2023}@accrued01 => 0.0 ||
	 | fixedstream::usd/usd::6::{06-nov-2018->06-nov-2023}@calctime => 6.116800000000001E-5 ||
	 | fixedstream::usd/usd::6::{06-nov-2018->06-nov-2023}@cleandv01 => 4.8047340447386546E-4 ||
	 | fixedstream::usd/usd::6::{06-nov-2018->06-nov-2023}@cleanprice => 109.8977521321616 ||
	 | fixedstream::usd/usd::6::{06-nov-2018->06-nov-2023}@cleanpv => 0.09897752132161605 ||
	 | fixedstream::usd/usd::6::{06-nov-2018->06-nov-2023}@compoundingadjustedcleandv01 => 4.8047340447386546E-4 ||
	 | fixedstream::usd/usd::6::{06-nov-2018->06-nov-2023}@compoundingadjustedcleanprice => 109.8977521321616 ||
	 | fixedstream::usd/usd::6::{06-nov-2018->06-nov-2023}@compoundingadjustedcleanpv => 0.09897752132161605 ||
	 | fixedstream::usd/usd::6::{06-nov-2018->06-nov-2023}@compoundingadjusteddirtydv01 => 4.8047340447386546E-4 ||
	 | fixedstream::usd/usd::6::{06-nov-2018->06-nov-2023}@compoundingadjusteddirtyprice => 109.8977521321616 ||
	 | fixedstream::usd/usd::6::{06-nov-2018->06-nov-2023}@compoundingadjusteddirtypv => 0.09897752132161605 ||
	 | fixedstream::usd/usd::6::{06-nov-2018->06-nov-2023}@compoundingadjustedfairpremium => 0.020599999999999955 ||
	 | fixedstream::usd/usd::6::{06-nov-2018->06-nov-2023}@compoundingadjustedparrate => 0.020599999999999955 ||
	 | fixedstream::usd/usd::6::{06-nov-2018->06-nov-2023}@compoundingadjustedprice => 109.8977521321616 ||
	 | fixedstream::usd/usd::6::{06-nov-2018->06-nov-2023}@compoundingadjustedpv => 0.09897752132161605 ||
	 | fixedstream::usd/usd::6::{06-nov-2018->06-nov-2023}@compoundingadjustedrate => 0.020599999999999955 ||
	 | fixedstream::usd/usd::6::{06-nov-2018->06-nov-2023}@compoundingadjustedupfront => 0.09897752132161605 ||
	 | fixedstream::usd/usd::6::{06-nov-2018->06-nov-2023}@compoundingadjustmentfactor => 1.0 ||
	 | fixedstream::usd/usd::6::{06-nov-2018->06-nov-2023}@compoundingadjustmentpremium => 0.0 ||
	 | fixedstream::usd/usd::6::{06-nov-2018->06-nov-2023}@compoundingadjustmentpremiumupfront => 0.0 ||
	 | fixedstream::usd/usd::6::{06-nov-2018->06-nov-2023}@creditforwardconvexityadjustedcleandv01 => 4.8047340447386546E-4 ||
	 | fixedstream::usd/usd::6::{06-nov-2018->06-nov-2023}@creditforwardconvexityadjustedcleanprice => 109.8977521321616 ||
	 | fixedstream::usd/usd::6::{06-nov-2018->06-nov-2023}@creditforwardconvexityadjustedcleanpv => 0.09897752132161605 ||
	 | fixedstream::usd/usd::6::{06-nov-2018->06-nov-2023}@creditforwardconvexityadjusteddirtydv01 => 4.8047340447386546E-4 ||
	 | fixedstream::usd/usd::6::{06-nov-2018->06-nov-2023}@creditforwardconvexityadjusteddirtyprice => 109.8977521321616 ||
	 | fixedstream::usd/usd::6::{06-nov-2018->06-nov-2023}@creditforwardconvexityadjusteddirtypv => 0.09897752132161605 ||
	 | fixedstream::usd/usd::6::{06-nov-2018->06-nov-2023}@creditforwardconvexityadjusteddv01 => 4.8047340447386546E-4 ||
	 | fixedstream::usd/usd::6::{06-nov-2018->06-nov-2023}@creditforwardconvexityadjustedfairpremium => 0.020599999999999955 ||
	 | fixedstream::usd/usd::6::{06-nov-2018->06-nov-2023}@creditforwardconvexityadjustedparrate => 0.020599999999999955 ||
	 | fixedstream::usd/usd::6::{06-nov-2018->06-nov-2023}@creditforwardconvexityadjustedprice => 109.8977521321616 ||
	 | fixedstream::usd/usd::6::{06-nov-2018->06-nov-2023}@creditforwardconvexityadjustedpv => 0.09897752132161605 ||
	 | fixedstream::usd/usd::6::{06-nov-2018->06-nov-2023}@creditforwardconvexityadjustedrate => 0.020599999999999955 ||
	 | fixedstream::usd/usd::6::{06-nov-2018->06-nov-2023}@creditforwardconvexityadjustedupfront => 0.09897752132161605 ||
	 | fixedstream::usd/usd::6::{06-nov-2018->06-nov-2023}@creditforwardconvexityadjustmentfactor => 1.0 ||
	 | fixedstream::usd/usd::6::{06-nov-2018->06-nov-2023}@creditforwardconvexityadjustmentpremium => 0.0 ||
	 | fixedstream::usd/usd::6::{06-nov-2018->06-nov-2023}@creditforwardconvexityadjustmentpremiumupfront => 0.0 ||
	 | fixedstream::usd/usd::6::{06-nov-2018->06-nov-2023}@creditfundingconvexityadjustedcleandv01 => 4.8047340447386546E-4 ||
	 | fixedstream::usd/usd::6::{06-nov-2018->06-nov-2023}@creditfundingconvexityadjustedcleanprice => 109.8977521321616 ||
	 | fixedstream::usd/usd::6::{06-nov-2018->06-nov-2023}@creditfundingconvexityadjustedcleanpv => 0.09897752132161605 ||
	 | fixedstream::usd/usd::6::{06-nov-2018->06-nov-2023}@creditfundingconvexityadjusteddirtydv01 => 4.8047340447386546E-4 ||
	 | fixedstream::usd/usd::6::{06-nov-2018->06-nov-2023}@creditfundingconvexityadjusteddirtyprice => 109.8977521321616 ||
	 | fixedstream::usd/usd::6::{06-nov-2018->06-nov-2023}@creditfundingconvexityadjusteddirtypv => 0.09897752132161605 ||
	 | fixedstream::usd/usd::6::{06-nov-2018->06-nov-2023}@creditfundingconvexityadjusteddv01 => 4.8047340447386546E-4 ||
	 | fixedstream::usd/usd::6::{06-nov-2018->06-nov-2023}@creditfundingconvexityadjustedfairpremium => 0.020599999999999955 ||
	 | fixedstream::usd/usd::6::{06-nov-2018->06-nov-2023}@creditfundingconvexityadjustedparrate => 0.020599999999999955 ||
	 | fixedstream::usd/usd::6::{06-nov-2018->06-nov-2023}@creditfundingconvexityadjustedprice => 109.8977521321616 ||
	 | fixedstream::usd/usd::6::{06-nov-2018->06-nov-2023}@creditfundingconvexityadjustedpv => 0.09897752132161605 ||
	 | fixedstream::usd/usd::6::{06-nov-2018->06-nov-2023}@creditfundingconvexityadjustedrate => 0.020599999999999955 ||
	 | fixedstream::usd/usd::6::{06-nov-2018->06-nov-2023}@creditfundingconvexityadjustedupfront => 0.09897752132161605 ||
	 | fixedstream::usd/usd::6::{06-nov-2018->06-nov-2023}@creditfundingconvexityadjustmentfactor => 1.0 ||
	 | fixedstream::usd/usd::6::{06-nov-2018->06-nov-2023}@creditfundingconvexityadjustmentpremium => 0.0 ||
	 | fixedstream::usd/usd::6::{06-nov-2018->06-nov-2023}@creditfundingconvexityadjustmentpremiumupfront => 0.0 ||
	 | fixedstream::usd/usd::6::{06-nov-2018->06-nov-2023}@creditfxconvexityadjustedcleandv01 => 4.8047340447386546E-4 ||
	 | fixedstream::usd/usd::6::{06-nov-2018->06-nov-2023}@creditfxconvexityadjustedcleanprice => 109.8977521321616 ||
	 | fixedstream::usd/usd::6::{06-nov-2018->06-nov-2023}@creditfxconvexityadjustedcleanpv => 0.09897752132161605 ||
	 | fixedstream::usd/usd::6::{06-nov-2018->06-nov-2023}@creditfxconvexityadjusteddirtydv01 => 4.8047340447386546E-4 ||
	 | fixedstream::usd/usd::6::{06-nov-2018->06-nov-2023}@creditfxconvexityadjusteddirtyprice => 109.8977521321616 ||
	 | fixedstream::usd/usd::6::{06-nov-2018->06-nov-2023}@creditfxconvexityadjusteddirtypv => 0.09897752132161605 ||
	 | fixedstream::usd/usd::6::{06-nov-2018->06-nov-2023}@creditfxconvexityadjusteddv01 => 4.8047340447386546E-4 ||
	 | fixedstream::usd/usd::6::{06-nov-2018->06-nov-2023}@creditfxconvexityadjustedfairpremium => 0.020599999999999955 ||
	 | fixedstream::usd/usd::6::{06-nov-2018->06-nov-2023}@creditfxconvexityadjustedparrate => 0.020599999999999955 ||
	 | fixedstream::usd/usd::6::{06-nov-2018->06-nov-2023}@creditfxconvexityadjustedprice => 109.8977521321616 ||
	 | fixedstream::usd/usd::6::{06-nov-2018->06-nov-2023}@creditfxconvexityadjustedpv => 0.09897752132161605 ||
	 | fixedstream::usd/usd::6::{06-nov-2018->06-nov-2023}@creditfxconvexityadjustedrate => 0.020599999999999955 ||
	 | fixedstream::usd/usd::6::{06-nov-2018->06-nov-2023}@creditfxconvexityadjustedupfront => 0.09897752132161605 ||
	 | fixedstream::usd/usd::6::{06-nov-2018->06-nov-2023}@creditfxconvexityadjustmentfactor => 1.0 ||
	 | fixedstream::usd/usd::6::{06-nov-2018->06-nov-2023}@creditfxconvexityadjustmentpremium => 0.0 ||
	 | fixedstream::usd/usd::6::{06-nov-2018->06-nov-2023}@creditfxconvexityadjustmentpremiumupfront => 0.0 ||
	 | fixedstream::usd/usd::6::{06-nov-2018->06-nov-2023}@cumulativeconvexityadjustedcleandv01 => 4.8047340447386546E-4 ||
	 | fixedstream::usd/usd::6::{06-nov-2018->06-nov-2023}@cumulativeconvexityadjustedcleanprice => 109.8977521321616 ||
	 | fixedstream::usd/usd::6::{06-nov-2018->06-nov-2023}@cumulativeconvexityadjustedcleanpv => 0.09897752132161605 ||
	 | fixedstream::usd/usd::6::{06-nov-2018->06-nov-2023}@cumulativeconvexityadjusteddirtydv01 => 4.8047340447386546E-4 ||
	 | fixedstream::usd/usd::6::{06-nov-2018->06-nov-2023}@cumulativeconvexityadjusteddirtyprice => 109.8977521321616 ||
	 | fixedstream::usd/usd::6::{06-nov-2018->06-nov-2023}@cumulativeconvexityadjusteddirtypv => 0.09897752132161605 ||
	 | fixedstream::usd/usd::6::{06-nov-2018->06-nov-2023}@cumulativeconvexityadjusteddv01 => 4.8047340447386546E-4 ||
	 | fixedstream::usd/usd::6::{06-nov-2018->06-nov-2023}@cumulativeconvexityadjustedfairpremium => 0.020599999999999955 ||
	 | fixedstream::usd/usd::6::{06-nov-2018->06-nov-2023}@cumulativeconvexityadjustedparrate => 0.020599999999999955 ||
	 | fixedstream::usd/usd::6::{06-nov-2018->06-nov-2023}@cumulativeconvexityadjustedprice => 109.8977521321616 ||
	 | fixedstream::usd/usd::6::{06-nov-2018->06-nov-2023}@cumulativeconvexityadjustedpv => 0.09897752132161605 ||
	 | fixedstream::usd/usd::6::{06-nov-2018->06-nov-2023}@cumulativeconvexityadjustedrate => 0.020599999999999955 ||
	 | fixedstream::usd/usd::6::{06-nov-2018->06-nov-2023}@cumulativeconvexityadjustedupfront => 0.09897752132161605 ||
	 | fixedstream::usd/usd::6::{06-nov-2018->06-nov-2023}@cumulativeconvexityadjustmentfactor => 1.0 ||
	 | fixedstream::usd/usd::6::{06-nov-2018->06-nov-2023}@cumulativeconvexityadjustmentpremium => 0.0 ||
	 | fixedstream::usd/usd::6::{06-nov-2018->06-nov-2023}@cumulativeconvexityadjustmentpremiumupfront => 0.0 ||
	 | fixedstream::usd/usd::6::{06-nov-2018->06-nov-2023}@cumulativecouponamount => 0.0 ||
	 | fixedstream::usd/usd::6::{06-nov-2018->06-nov-2023}@cumulativecoupondcf => 0.0 ||
	 | fixedstream::usd/usd::6::{06-nov-2018->06-nov-2023}@cv01 => 4.8047340447386546E-4 ||
	 | fixedstream::usd/usd::6::{06-nov-2018->06-nov-2023}@dirtydv01 => 4.8047340447386546E-4 ||
	 | fixedstream::usd/usd::6::{06-nov-2018->06-nov-2023}@dirtyprice => 109.8977521321616 ||
	 | fixedstream::usd/usd::6::{06-nov-2018->06-nov-2023}@dirtypv => 0.09897752132161605 ||
	 | fixedstream::usd/usd::6::{06-nov-2018->06-nov-2023}@dv01 => 4.8047340447386546E-4 ||
	 | fixedstream::usd/usd::6::{06-nov-2018->06-nov-2023}@fairpremium => 0.020599999999999955 ||
	 | fixedstream::usd/usd::6::{06-nov-2018->06-nov-2023}@fixing01 => 0.0 ||
	 | fixedstream::usd/usd::6::{06-nov-2018->06-nov-2023}@forwardfundingconvexityadjustedcleandv01 => 4.8047340447386546E-4 ||
	 | fixedstream::usd/usd::6::{06-nov-2018->06-nov-2023}@forwardfundingconvexityadjustedcleanprice => 109.8977521321616 ||
	 | fixedstream::usd/usd::6::{06-nov-2018->06-nov-2023}@forwardfundingconvexityadjustedcleanpv => 0.09897752132161605 ||
	 | fixedstream::usd/usd::6::{06-nov-2018->06-nov-2023}@forwardfundingconvexityadjusteddirtydv01 => 4.8047340447386546E-4 ||
	 | fixedstream::usd/usd::6::{06-nov-2018->06-nov-2023}@forwardfundingconvexityadjusteddirtyprice => 109.8977521321616 ||
	 | fixedstream::usd/usd::6::{06-nov-2018->06-nov-2023}@forwardfundingconvexityadjusteddirtypv => 0.09897752132161605 ||
	 | fixedstream::usd/usd::6::{06-nov-2018->06-nov-2023}@forwardfundingconvexityadjusteddv01 => 4.8047340447386546E-4 ||
	 | fixedstream::usd/usd::6::{06-nov-2018->06-nov-2023}@forwardfundingconvexityadjustedfairpremium => 0.020599999999999955 ||
	 | fixedstream::usd/usd::6::{06-nov-2018->06-nov-2023}@forwardfundingconvexityadjustedparrate => 0.020599999999999955 ||
	 | fixedstream::usd/usd::6::{06-nov-2018->06-nov-2023}@forwardfundingconvexityadjustedprice => 109.8977521321616 ||
	 | fixedstream::usd/usd::6::{06-nov-2018->06-nov-2023}@forwardfundingconvexityadjustedpv => 0.09897752132161605 ||
	 | fixedstream::usd/usd::6::{06-nov-2018->06-nov-2023}@forwardfundingconvexityadjustedrate => 0.020599999999999955 ||
	 | fixedstream::usd/usd::6::{06-nov-2018->06-nov-2023}@forwardfundingconvexityadjustedupfront => 0.09897752132161605 ||
	 | fixedstream::usd/usd::6::{06-nov-2018->06-nov-2023}@forwardfundingconvexityadjustmentfactor => 1.0 ||
	 | fixedstream::usd/usd::6::{06-nov-2018->06-nov-2023}@forwardfundingconvexityadjustmentpremium => 0.0 ||
	 | fixedstream::usd/usd::6::{06-nov-2018->06-nov-2023}@forwardfundingconvexityadjustmentpremiumupfront => 0.0 ||
	 | fixedstream::usd/usd::6::{06-nov-2018->06-nov-2023}@forwardfxconvexityadjustedcleandv01 => 4.8047340447386546E-4 ||
	 | fixedstream::usd/usd::6::{06-nov-2018->06-nov-2023}@forwardfxconvexityadjustedcleanprice => 109.8977521321616 ||
	 | fixedstream::usd/usd::6::{06-nov-2018->06-nov-2023}@forwardfxconvexityadjustedcleanpv => 0.09897752132161605 ||
	 | fixedstream::usd/usd::6::{06-nov-2018->06-nov-2023}@forwardfxconvexityadjusteddirtydv01 => 4.8047340447386546E-4 ||
	 | fixedstream::usd/usd::6::{06-nov-2018->06-nov-2023}@forwardfxconvexityadjusteddirtyprice => 109.8977521321616 ||
	 | fixedstream::usd/usd::6::{06-nov-2018->06-nov-2023}@forwardfxconvexityadjusteddirtypv => 0.09897752132161605 ||
	 | fixedstream::usd/usd::6::{06-nov-2018->06-nov-2023}@forwardfxconvexityadjusteddv01 => 4.8047340447386546E-4 ||
	 | fixedstream::usd/usd::6::{06-nov-2018->06-nov-2023}@forwardfxconvexityadjustedfairpremium => 0.020599999999999955 ||
	 | fixedstream::usd/usd::6::{06-nov-2018->06-nov-2023}@forwardfxconvexityadjustedparrate => 0.020599999999999955 ||
	 | fixedstream::usd/usd::6::{06-nov-2018->06-nov-2023}@forwardfxconvexityadjustedprice => 109.8977521321616 ||
	 | fixedstream::usd/usd::6::{06-nov-2018->06-nov-2023}@forwardfxconvexityadjustedpv => 0.09897752132161605 ||
	 | fixedstream::usd/usd::6::{06-nov-2018->06-nov-2023}@forwardfxconvexityadjustedrate => 0.020599999999999955 ||
	 | fixedstream::usd/usd::6::{06-nov-2018->06-nov-2023}@forwardfxconvexityadjustedupfront => 0.09897752132161605 ||
	 | fixedstream::usd/usd::6::{06-nov-2018->06-nov-2023}@forwardfxconvexityadjustmentfactor => 1.0 ||
	 | fixedstream::usd/usd::6::{06-nov-2018->06-nov-2023}@forwardfxconvexityadjustmentpremium => 0.0 ||
	 | fixedstream::usd/usd::6::{06-nov-2018->06-nov-2023}@forwardfxconvexityadjustmentpremiumupfront => 0.0 ||
	 | fixedstream::usd/usd::6::{06-nov-2018->06-nov-2023}@fundingfxconvexityadjustedcleandv01 => 4.8047340447386546E-4 ||
	 | fixedstream::usd/usd::6::{06-nov-2018->06-nov-2023}@fundingfxconvexityadjustedcleanprice => 109.8977521321616 ||
	 | fixedstream::usd/usd::6::{06-nov-2018->06-nov-2023}@fundingfxconvexityadjustedcleanpv => 0.09897752132161605 ||
	 | fixedstream::usd/usd::6::{06-nov-2018->06-nov-2023}@fundingfxconvexityadjusteddirtydv01 => 4.8047340447386546E-4 ||
	 | fixedstream::usd/usd::6::{06-nov-2018->06-nov-2023}@fundingfxconvexityadjusteddirtyprice => 109.8977521321616 ||
	 | fixedstream::usd/usd::6::{06-nov-2018->06-nov-2023}@fundingfxconvexityadjusteddirtypv => 0.09897752132161605 ||
	 | fixedstream::usd/usd::6::{06-nov-2018->06-nov-2023}@fundingfxconvexityadjusteddv01 => 4.8047340447386546E-4 ||
	 | fixedstream::usd/usd::6::{06-nov-2018->06-nov-2023}@fundingfxconvexityadjustedfairpremium => 0.020599999999999955 ||
	 | fixedstream::usd/usd::6::{06-nov-2018->06-nov-2023}@fundingfxconvexityadjustedparrate => 0.020599999999999955 ||
	 | fixedstream::usd/usd::6::{06-nov-2018->06-nov-2023}@fundingfxconvexityadjustedprice => 109.8977521321616 ||
	 | fixedstream::usd/usd::6::{06-nov-2018->06-nov-2023}@fundingfxconvexityadjustedpv => 0.09897752132161605 ||
	 | fixedstream::usd/usd::6::{06-nov-2018->06-nov-2023}@fundingfxconvexityadjustedrate => 0.020599999999999955 ||
	 | fixedstream::usd/usd::6::{06-nov-2018->06-nov-2023}@fundingfxconvexityadjustedupfront => 0.09897752132161605 ||
	 | fixedstream::usd/usd::6::{06-nov-2018->06-nov-2023}@fundingfxconvexityadjustmentfactor => 1.0 ||
	 | fixedstream::usd/usd::6::{06-nov-2018->06-nov-2023}@fundingfxconvexityadjustmentpremium => 0.0 ||
	 | fixedstream::usd/usd::6::{06-nov-2018->06-nov-2023}@fundingfxconvexityadjustmentpremiumupfront => 0.0 ||
	 | fixedstream::usd/usd::6::{06-nov-2018->06-nov-2023}@parrate => 0.020599999999999955 ||
	 | fixedstream::usd/usd::6::{06-nov-2018->06-nov-2023}@price => 109.8977521321616 ||
	 | fixedstream::usd/usd::6::{06-nov-2018->06-nov-2023}@pv => 0.09897752132161605 ||
	 | fixedstream::usd/usd::6::{06-nov-2018->06-nov-2023}@rate => 0.020599999999999955 ||
	 | fixedstream::usd/usd::6::{06-nov-2018->06-nov-2023}@resetdate => -2.147483648E9 ||
	 | fixedstream::usd/usd::6::{06-nov-2018->06-nov-2023}@resetrate => NaN ||
	 | fixedstream::usd/usd::6::{06-nov-2018->06-nov-2023}@totalcoupon => 0.20599999999999952 ||
	 | fixedstream::usd/usd::6::{06-nov-2018->06-nov-2023}@unadjustedcleandv01 => 4.8047340447386546E-4 ||
	 | fixedstream::usd/usd::6::{06-nov-2018->06-nov-2023}@unadjustedcleanprice => 109.8977521321616 ||
	 | fixedstream::usd/usd::6::{06-nov-2018->06-nov-2023}@unadjustedcleanpv => 0.09897752132161605 ||
	 | fixedstream::usd/usd::6::{06-nov-2018->06-nov-2023}@unadjusteddirtydv01 => 4.8047340447386546E-4 ||
	 | fixedstream::usd/usd::6::{06-nov-2018->06-nov-2023}@unadjusteddirtyprice => 109.8977521321616 ||
	 | fixedstream::usd/usd::6::{06-nov-2018->06-nov-2023}@unadjusteddirtypv => 0.09897752132161605 ||
	 | fixedstream::usd/usd::6::{06-nov-2018->06-nov-2023}@unadjustedfairpremium => 0.020599999999999955 ||
	 | fixedstream::usd/usd::6::{06-nov-2018->06-nov-2023}@unadjustedparrate => 0.020599999999999955 ||
	 | fixedstream::usd/usd::6::{06-nov-2018->06-nov-2023}@unadjustedprice => 109.8977521321616 ||
	 | fixedstream::usd/usd::6::{06-nov-2018->06-nov-2023}@unadjustedpv => 0.09897752132161605 ||
	 | fixedstream::usd/usd::6::{06-nov-2018->06-nov-2023}@unadjustedrate => 0.020599999999999955 ||
	 | fixedstream::usd/usd::6::{06-nov-2018->06-nov-2023}@unadjustedupfront => 0.09897752132161605 ||
	 | fixedstream::usd/usd::6::{06-nov-2018->06-nov-2023}@upfront => 0.09897752132161605 ||
	 | fixing01 => 0.0 ||
	 | floataccrued => 0.0 ||
	 | floataccrued01 => 0.0 ||
	 | floatdv01 => -4.886217620693435E-4 ||
	 | floatstream::usd::usd-libor-3m::{06-nov-2018->06-nov-2023}@accrualcoupon => NaN ||
	 | floatstream::usd::usd-libor-3m::{06-nov-2018->06-nov-2023}@accrued => 0.0 ||
	 | floatstream::usd::usd-libor-3m::{06-nov-2018->06-nov-2023}@accrued01 => 0.0 ||
	 | floatstream::usd::usd-libor-3m::{06-nov-2018->06-nov-2023}@calctime => 9.4772E-5 ||
	 | floatstream::usd::usd-libor-3m::{06-nov-2018->06-nov-2023}@cleandv01 => -4.886217620693435E-4 ||
	 | floatstream::usd::usd-libor-3m::{06-nov-2018->06-nov-2023}@cleanprice => 109.89775213216166 ||
	 | floatstream::usd::usd-libor-3m::{06-nov-2018->06-nov-2023}@cleanpv => -0.09897752132161652 ||
	 | floatstream::usd::usd-libor-3m::{06-nov-2018->06-nov-2023}@compoundingadjustedcleandv01 => -4.886217620693435E-4 ||
	 | floatstream::usd::usd-libor-3m::{06-nov-2018->06-nov-2023}@compoundingadjustedcleanprice => 109.89775213216166 ||
	 | floatstream::usd::usd-libor-3m::{06-nov-2018->06-nov-2023}@compoundingadjustedcleanpv => -0.09897752132161652 ||
	 | floatstream::usd::usd-libor-3m::{06-nov-2018->06-nov-2023}@compoundingadjusteddirtydv01 => -4.886217620693435E-4 ||
	 | floatstream::usd::usd-libor-3m::{06-nov-2018->06-nov-2023}@compoundingadjusteddirtyprice => 109.89775213216166 ||
	 | floatstream::usd::usd-libor-3m::{06-nov-2018->06-nov-2023}@compoundingadjusteddirtypv => -0.09897752132161652 ||
	 | floatstream::usd::usd-libor-3m::{06-nov-2018->06-nov-2023}@compoundingadjustedfairpremium => 0.020256470138055375 ||
	 | floatstream::usd::usd-libor-3m::{06-nov-2018->06-nov-2023}@compoundingadjustedparrate => 0.020256470138055375 ||
	 | floatstream::usd::usd-libor-3m::{06-nov-2018->06-nov-2023}@compoundingadjustedprice => 109.89775213216166 ||
	 | floatstream::usd::usd-libor-3m::{06-nov-2018->06-nov-2023}@compoundingadjustedpv => -0.09897752132161652 ||
	 | floatstream::usd::usd-libor-3m::{06-nov-2018->06-nov-2023}@compoundingadjustedrate => 0.020256470138055375 ||
	 | floatstream::usd::usd-libor-3m::{06-nov-2018->06-nov-2023}@compoundingadjustedupfront => -0.09897752132161652 ||
	 | floatstream::usd::usd-libor-3m::{06-nov-2018->06-nov-2023}@compoundingadjustmentfactor => 1.0 ||
	 | floatstream::usd::usd-libor-3m::{06-nov-2018->06-nov-2023}@compoundingadjustmentpremium => 0.0 ||
	 | floatstream::usd::usd-libor-3m::{06-nov-2018->06-nov-2023}@compoundingadjustmentpremiumupfront => -0.0 ||
	 | floatstream::usd::usd-libor-3m::{06-nov-2018->06-nov-2023}@creditforwardconvexityadjustedcleandv01 => -4.886217620693435E-4 ||
	 | floatstream::usd::usd-libor-3m::{06-nov-2018->06-nov-2023}@creditforwardconvexityadjustedcleanprice => 109.89775213216166 ||
	 | floatstream::usd::usd-libor-3m::{06-nov-2018->06-nov-2023}@creditforwardconvexityadjustedcleanpv => -0.09897752132161652 ||
	 | floatstream::usd::usd-libor-3m::{06-nov-2018->06-nov-2023}@creditforwardconvexityadjusteddirtydv01 => -4.886217620693435E-4 ||
	 | floatstream::usd::usd-libor-3m::{06-nov-2018->06-nov-2023}@creditforwardconvexityadjusteddirtyprice => 109.89775213216166 ||
	 | floatstream::usd::usd-libor-3m::{06-nov-2018->06-nov-2023}@creditforwardconvexityadjusteddirtypv => -0.09897752132161652 ||
	 | floatstream::usd::usd-libor-3m::{06-nov-2018->06-nov-2023}@creditforwardconvexityadjusteddv01 => -4.886217620693435E-4 ||
	 | floatstream::usd::usd-libor-3m::{06-nov-2018->06-nov-2023}@creditforwardconvexityadjustedfairpremium => 0.020256470138055375 ||
	 | floatstream::usd::usd-libor-3m::{06-nov-2018->06-nov-2023}@creditforwardconvexityadjustedparrate => 0.020256470138055375 ||
	 | floatstream::usd::usd-libor-3m::{06-nov-2018->06-nov-2023}@creditforwardconvexityadjustedprice => 109.89775213216166 ||
	 | floatstream::usd::usd-libor-3m::{06-nov-2018->06-nov-2023}@creditforwardconvexityadjustedpv => -0.09897752132161652 ||
	 | floatstream::usd::usd-libor-3m::{06-nov-2018->06-nov-2023}@creditforwardconvexityadjustedrate => 0.020256470138055375 ||
	 | floatstream::usd::usd-libor-3m::{06-nov-2018->06-nov-2023}@creditforwardconvexityadjustedupfront => -0.09897752132161652 ||
	 | floatstream::usd::usd-libor-3m::{06-nov-2018->06-nov-2023}@creditforwardconvexityadjustmentfactor => 1.0 ||
	 | floatstream::usd::usd-libor-3m::{06-nov-2018->06-nov-2023}@creditforwardconvexityadjustmentpremium => 0.0 ||
	 | floatstream::usd::usd-libor-3m::{06-nov-2018->06-nov-2023}@creditforwardconvexityadjustmentpremiumupfront => -0.0 ||
	 | floatstream::usd::usd-libor-3m::{06-nov-2018->06-nov-2023}@creditfundingconvexityadjustedcleandv01 => -4.886217620693435E-4 ||
	 | floatstream::usd::usd-libor-3m::{06-nov-2018->06-nov-2023}@creditfundingconvexityadjustedcleanprice => 109.89775213216166 ||
	 | floatstream::usd::usd-libor-3m::{06-nov-2018->06-nov-2023}@creditfundingconvexityadjustedcleanpv => -0.09897752132161652 ||
	 | floatstream::usd::usd-libor-3m::{06-nov-2018->06-nov-2023}@creditfundingconvexityadjusteddirtydv01 => -4.886217620693435E-4 ||
	 | floatstream::usd::usd-libor-3m::{06-nov-2018->06-nov-2023}@creditfundingconvexityadjusteddirtyprice => 109.89775213216166 ||
	 | floatstream::usd::usd-libor-3m::{06-nov-2018->06-nov-2023}@creditfundingconvexityadjusteddirtypv => -0.09897752132161652 ||
	 | floatstream::usd::usd-libor-3m::{06-nov-2018->06-nov-2023}@creditfundingconvexityadjusteddv01 => -4.886217620693435E-4 ||
	 | floatstream::usd::usd-libor-3m::{06-nov-2018->06-nov-2023}@creditfundingconvexityadjustedfairpremium => 0.020256470138055375 ||
	 | floatstream::usd::usd-libor-3m::{06-nov-2018->06-nov-2023}@creditfundingconvexityadjustedparrate => 0.020256470138055375 ||
	 | floatstream::usd::usd-libor-3m::{06-nov-2018->06-nov-2023}@creditfundingconvexityadjustedprice => 109.89775213216166 ||
	 | floatstream::usd::usd-libor-3m::{06-nov-2018->06-nov-2023}@creditfundingconvexityadjustedpv => -0.09897752132161652 ||
	 | floatstream::usd::usd-libor-3m::{06-nov-2018->06-nov-2023}@creditfundingconvexityadjustedrate => 0.020256470138055375 ||
	 | floatstream::usd::usd-libor-3m::{06-nov-2018->06-nov-2023}@creditfundingconvexityadjustedupfront => -0.09897752132161652 ||
	 | floatstream::usd::usd-libor-3m::{06-nov-2018->06-nov-2023}@creditfundingconvexityadjustmentfactor => 1.0 ||
	 | floatstream::usd::usd-libor-3m::{06-nov-2018->06-nov-2023}@creditfundingconvexityadjustmentpremium => 0.0 ||
	 | floatstream::usd::usd-libor-3m::{06-nov-2018->06-nov-2023}@creditfundingconvexityadjustmentpremiumupfront => -0.0 ||
	 | floatstream::usd::usd-libor-3m::{06-nov-2018->06-nov-2023}@creditfxconvexityadjustedcleandv01 => -4.886217620693435E-4 ||
	 | floatstream::usd::usd-libor-3m::{06-nov-2018->06-nov-2023}@creditfxconvexityadjustedcleanprice => 109.89775213216166 ||
	 | floatstream::usd::usd-libor-3m::{06-nov-2018->06-nov-2023}@creditfxconvexityadjustedcleanpv => -0.09897752132161652 ||
	 | floatstream::usd::usd-libor-3m::{06-nov-2018->06-nov-2023}@creditfxconvexityadjusteddirtydv01 => -4.886217620693435E-4 ||
	 | floatstream::usd::usd-libor-3m::{06-nov-2018->06-nov-2023}@creditfxconvexityadjusteddirtyprice => 109.89775213216166 ||
	 | floatstream::usd::usd-libor-3m::{06-nov-2018->06-nov-2023}@creditfxconvexityadjusteddirtypv => -0.09897752132161652 ||
	 | floatstream::usd::usd-libor-3m::{06-nov-2018->06-nov-2023}@creditfxconvexityadjusteddv01 => -4.886217620693435E-4 ||
	 | floatstream::usd::usd-libor-3m::{06-nov-2018->06-nov-2023}@creditfxconvexityadjustedfairpremium => 0.020256470138055375 ||
	 | floatstream::usd::usd-libor-3m::{06-nov-2018->06-nov-2023}@creditfxconvexityadjustedparrate => 0.020256470138055375 ||
	 | floatstream::usd::usd-libor-3m::{06-nov-2018->06-nov-2023}@creditfxconvexityadjustedprice => 109.89775213216166 ||
	 | floatstream::usd::usd-libor-3m::{06-nov-2018->06-nov-2023}@creditfxconvexityadjustedpv => -0.09897752132161652 ||
	 | floatstream::usd::usd-libor-3m::{06-nov-2018->06-nov-2023}@creditfxconvexityadjustedrate => 0.020256470138055375 ||
	 | floatstream::usd::usd-libor-3m::{06-nov-2018->06-nov-2023}@creditfxconvexityadjustedupfront => -0.09897752132161652 ||
	 | floatstream::usd::usd-libor-3m::{06-nov-2018->06-nov-2023}@creditfxconvexityadjustmentfactor => 1.0 ||
	 | floatstream::usd::usd-libor-3m::{06-nov-2018->06-nov-2023}@creditfxconvexityadjustmentpremium => 0.0 ||
	 | floatstream::usd::usd-libor-3m::{06-nov-2018->06-nov-2023}@creditfxconvexityadjustmentpremiumupfront => -0.0 ||
	 | floatstream::usd::usd-libor-3m::{06-nov-2018->06-nov-2023}@cumulativeconvexityadjustedcleandv01 => -4.886217620693435E-4 ||
	 | floatstream::usd::usd-libor-3m::{06-nov-2018->06-nov-2023}@cumulativeconvexityadjustedcleanprice => 109.89775213216166 ||
	 | floatstream::usd::usd-libor-3m::{06-nov-2018->06-nov-2023}@cumulativeconvexityadjustedcleanpv => -0.09897752132161652 ||
	 | floatstream::usd::usd-libor-3m::{06-nov-2018->06-nov-2023}@cumulativeconvexityadjusteddirtydv01 => -4.886217620693435E-4 ||
	 | floatstream::usd::usd-libor-3m::{06-nov-2018->06-nov-2023}@cumulativeconvexityadjusteddirtyprice => 109.89775213216166 ||
	 | floatstream::usd::usd-libor-3m::{06-nov-2018->06-nov-2023}@cumulativeconvexityadjusteddirtypv => -0.09897752132161652 ||
	 | floatstream::usd::usd-libor-3m::{06-nov-2018->06-nov-2023}@cumulativeconvexityadjusteddv01 => -4.886217620693435E-4 ||
	 | floatstream::usd::usd-libor-3m::{06-nov-2018->06-nov-2023}@cumulativeconvexityadjustedfairpremium => 0.020256470138055375 ||
	 | floatstream::usd::usd-libor-3m::{06-nov-2018->06-nov-2023}@cumulativeconvexityadjustedparrate => 0.020256470138055375 ||
	 | floatstream::usd::usd-libor-3m::{06-nov-2018->06-nov-2023}@cumulativeconvexityadjustedprice => 109.89775213216166 ||
	 | floatstream::usd::usd-libor-3m::{06-nov-2018->06-nov-2023}@cumulativeconvexityadjustedpv => -0.09897752132161652 ||
	 | floatstream::usd::usd-libor-3m::{06-nov-2018->06-nov-2023}@cumulativeconvexityadjustedrate => 0.020256470138055375 ||
	 | floatstream::usd::usd-libor-3m::{06-nov-2018->06-nov-2023}@cumulativeconvexityadjustedupfront => -0.09897752132161652 ||
	 | floatstream::usd::usd-libor-3m::{06-nov-2018->06-nov-2023}@cumulativeconvexityadjustmentfactor => 1.0 ||
	 | floatstream::usd::usd-libor-3m::{06-nov-2018->06-nov-2023}@cumulativeconvexityadjustmentpremium => 0.0 ||
	 | floatstream::usd::usd-libor-3m::{06-nov-2018->06-nov-2023}@cumulativeconvexityadjustmentpremiumupfront => -0.0 ||
	 | floatstream::usd::usd-libor-3m::{06-nov-2018->06-nov-2023}@cumulativecouponamount => 0.0 ||
	 | floatstream::usd::usd-libor-3m::{06-nov-2018->06-nov-2023}@cumulativecoupondcf => 0.0 ||
	 | floatstream::usd::usd-libor-3m::{06-nov-2018->06-nov-2023}@cv01 => -4.886217620693435E-4 ||
	 | floatstream::usd::usd-libor-3m::{06-nov-2018->06-nov-2023}@dirtydv01 => -4.886217620693435E-4 ||
	 | floatstream::usd::usd-libor-3m::{06-nov-2018->06-nov-2023}@dirtyprice => 109.89775213216166 ||
	 | floatstream::usd::usd-libor-3m::{06-nov-2018->06-nov-2023}@dirtypv => -0.09897752132161652 ||
	 | floatstream::usd::usd-libor-3m::{06-nov-2018->06-nov-2023}@dv01 => -4.886217620693435E-4 ||
	 | floatstream::usd::usd-libor-3m::{06-nov-2018->06-nov-2023}@fairpremium => 0.020256470138055375 ||
	 | floatstream::usd::usd-libor-3m::{06-nov-2018->06-nov-2023}@fixing01 => 0.0 ||
	 | floatstream::usd::usd-libor-3m::{06-nov-2018->06-nov-2023}@forwardfundingconvexityadjustedcleandv01 => -4.886217620693435E-4 ||
	 | floatstream::usd::usd-libor-3m::{06-nov-2018->06-nov-2023}@forwardfundingconvexityadjustedcleanprice => 109.89775213216166 ||
	 | floatstream::usd::usd-libor-3m::{06-nov-2018->06-nov-2023}@forwardfundingconvexityadjustedcleanpv => -0.09897752132161652 ||
	 | floatstream::usd::usd-libor-3m::{06-nov-2018->06-nov-2023}@forwardfundingconvexityadjusteddirtydv01 => -4.886217620693435E-4 ||
	 | floatstream::usd::usd-libor-3m::{06-nov-2018->06-nov-2023}@forwardfundingconvexityadjusteddirtyprice => 109.89775213216166 ||
	 | floatstream::usd::usd-libor-3m::{06-nov-2018->06-nov-2023}@forwardfundingconvexityadjusteddirtypv => -0.09897752132161652 ||
	 | floatstream::usd::usd-libor-3m::{06-nov-2018->06-nov-2023}@forwardfundingconvexityadjusteddv01 => -4.886217620693435E-4 ||
	 | floatstream::usd::usd-libor-3m::{06-nov-2018->06-nov-2023}@forwardfundingconvexityadjustedfairpremium => 0.020256470138055375 ||
	 | floatstream::usd::usd-libor-3m::{06-nov-2018->06-nov-2023}@forwardfundingconvexityadjustedparrate => 0.020256470138055375 ||
	 | floatstream::usd::usd-libor-3m::{06-nov-2018->06-nov-2023}@forwardfundingconvexityadjustedprice => 109.89775213216166 ||
	 | floatstream::usd::usd-libor-3m::{06-nov-2018->06-nov-2023}@forwardfundingconvexityadjustedpv => -0.09897752132161652 ||
	 | floatstream::usd::usd-libor-3m::{06-nov-2018->06-nov-2023}@forwardfundingconvexityadjustedrate => 0.020256470138055375 ||
	 | floatstream::usd::usd-libor-3m::{06-nov-2018->06-nov-2023}@forwardfundingconvexityadjustedupfront => -0.09897752132161652 ||
	 | floatstream::usd::usd-libor-3m::{06-nov-2018->06-nov-2023}@forwardfundingconvexityadjustmentfactor => 1.0 ||
	 | floatstream::usd::usd-libor-3m::{06-nov-2018->06-nov-2023}@forwardfundingconvexityadjustmentpremium => 0.0 ||
	 | floatstream::usd::usd-libor-3m::{06-nov-2018->06-nov-2023}@forwardfundingconvexityadjustmentpremiumupfront => -0.0 ||
	 | floatstream::usd::usd-libor-3m::{06-nov-2018->06-nov-2023}@forwardfxconvexityadjustedcleandv01 => -4.886217620693435E-4 ||
	 | floatstream::usd::usd-libor-3m::{06-nov-2018->06-nov-2023}@forwardfxconvexityadjustedcleanprice => 109.89775213216166 ||
	 | floatstream::usd::usd-libor-3m::{06-nov-2018->06-nov-2023}@forwardfxconvexityadjustedcleanpv => -0.09897752132161652 ||
	 | floatstream::usd::usd-libor-3m::{06-nov-2018->06-nov-2023}@forwardfxconvexityadjusteddirtydv01 => -4.886217620693435E-4 ||
	 | floatstream::usd::usd-libor-3m::{06-nov-2018->06-nov-2023}@forwardfxconvexityadjusteddirtyprice => 109.89775213216166 ||
	 | floatstream::usd::usd-libor-3m::{06-nov-2018->06-nov-2023}@forwardfxconvexityadjusteddirtypv => -0.09897752132161652 ||
	 | floatstream::usd::usd-libor-3m::{06-nov-2018->06-nov-2023}@forwardfxconvexityadjusteddv01 => -4.886217620693435E-4 ||
	 | floatstream::usd::usd-libor-3m::{06-nov-2018->06-nov-2023}@forwardfxconvexityadjustedfairpremium => 0.020256470138055375 ||
	 | floatstream::usd::usd-libor-3m::{06-nov-2018->06-nov-2023}@forwardfxconvexityadjustedparrate => 0.020256470138055375 ||
	 | floatstream::usd::usd-libor-3m::{06-nov-2018->06-nov-2023}@forwardfxconvexityadjustedprice => 109.89775213216166 ||
	 | floatstream::usd::usd-libor-3m::{06-nov-2018->06-nov-2023}@forwardfxconvexityadjustedpv => -0.09897752132161652 ||
	 | floatstream::usd::usd-libor-3m::{06-nov-2018->06-nov-2023}@forwardfxconvexityadjustedrate => 0.020256470138055375 ||
	 | floatstream::usd::usd-libor-3m::{06-nov-2018->06-nov-2023}@forwardfxconvexityadjustedupfront => -0.09897752132161652 ||
	 | floatstream::usd::usd-libor-3m::{06-nov-2018->06-nov-2023}@forwardfxconvexityadjustmentfactor => 1.0 ||
	 | floatstream::usd::usd-libor-3m::{06-nov-2018->06-nov-2023}@forwardfxconvexityadjustmentpremium => 0.0 ||
	 | floatstream::usd::usd-libor-3m::{06-nov-2018->06-nov-2023}@forwardfxconvexityadjustmentpremiumupfront => -0.0 ||
	 | floatstream::usd::usd-libor-3m::{06-nov-2018->06-nov-2023}@fundingfxconvexityadjustedcleandv01 => -4.886217620693435E-4 ||
	 | floatstream::usd::usd-libor-3m::{06-nov-2018->06-nov-2023}@fundingfxconvexityadjustedcleanprice => 109.89775213216166 ||
	 | floatstream::usd::usd-libor-3m::{06-nov-2018->06-nov-2023}@fundingfxconvexityadjustedcleanpv => -0.09897752132161652 ||
	 | floatstream::usd::usd-libor-3m::{06-nov-2018->06-nov-2023}@fundingfxconvexityadjusteddirtydv01 => -4.886217620693435E-4 ||
	 | floatstream::usd::usd-libor-3m::{06-nov-2018->06-nov-2023}@fundingfxconvexityadjusteddirtyprice => 109.89775213216166 ||
	 | floatstream::usd::usd-libor-3m::{06-nov-2018->06-nov-2023}@fundingfxconvexityadjusteddirtypv => -0.09897752132161652 ||
	 | floatstream::usd::usd-libor-3m::{06-nov-2018->06-nov-2023}@fundingfxconvexityadjusteddv01 => -4.886217620693435E-4 ||
	 | floatstream::usd::usd-libor-3m::{06-nov-2018->06-nov-2023}@fundingfxconvexityadjustedfairpremium => 0.020256470138055375 ||
	 | floatstream::usd::usd-libor-3m::{06-nov-2018->06-nov-2023}@fundingfxconvexityadjustedparrate => 0.020256470138055375 ||
	 | floatstream::usd::usd-libor-3m::{06-nov-2018->06-nov-2023}@fundingfxconvexityadjustedprice => 109.89775213216166 ||
	 | floatstream::usd::usd-libor-3m::{06-nov-2018->06-nov-2023}@fundingfxconvexityadjustedpv => -0.09897752132161652 ||
	 | floatstream::usd::usd-libor-3m::{06-nov-2018->06-nov-2023}@fundingfxconvexityadjustedrate => 0.020256470138055375 ||
	 | floatstream::usd::usd-libor-3m::{06-nov-2018->06-nov-2023}@fundingfxconvexityadjustedupfront => -0.09897752132161652 ||
	 | floatstream::usd::usd-libor-3m::{06-nov-2018->06-nov-2023}@fundingfxconvexityadjustmentfactor => 1.0 ||
	 | floatstream::usd::usd-libor-3m::{06-nov-2018->06-nov-2023}@fundingfxconvexityadjustmentpremium => 0.0 ||
	 | floatstream::usd::usd-libor-3m::{06-nov-2018->06-nov-2023}@fundingfxconvexityadjustmentpremiumupfront => -0.0 ||
	 | floatstream::usd::usd-libor-3m::{06-nov-2018->06-nov-2023}@parrate => 0.020256470138055375 ||
	 | floatstream::usd::usd-libor-3m::{06-nov-2018->06-nov-2023}@price => 109.89775213216166 ||
	 | floatstream::usd::usd-libor-3m::{06-nov-2018->06-nov-2023}@pv => -0.09897752132161652 ||
	 | floatstream::usd::usd-libor-3m::{06-nov-2018->06-nov-2023}@rate => 0.020256470138055375 ||
	 | floatstream::usd::usd-libor-3m::{06-nov-2018->06-nov-2023}@resetdate => -2.147483648E9 ||
	 | floatstream::usd::usd-libor-3m::{06-nov-2018->06-nov-2023}@resetrate => NaN ||
	 | floatstream::usd::usd-libor-3m::{06-nov-2018->06-nov-2023}@totalcoupon => 0.41219637517464375 ||
	 | floatstream::usd::usd-libor-3m::{06-nov-2018->06-nov-2023}@unadjustedcleandv01 => -4.886217620693435E-4 ||
	 | floatstream::usd::usd-libor-3m::{06-nov-2018->06-nov-2023}@unadjustedcleanprice => 109.89775213216166 ||
	 | floatstream::usd::usd-libor-3m::{06-nov-2018->06-nov-2023}@unadjustedcleanpv => -0.09897752132161652 ||
	 | floatstream::usd::usd-libor-3m::{06-nov-2018->06-nov-2023}@unadjusteddirtydv01 => -4.886217620693435E-4 ||
	 | floatstream::usd::usd-libor-3m::{06-nov-2018->06-nov-2023}@unadjusteddirtyprice => 109.89775213216166 ||
	 | floatstream::usd::usd-libor-3m::{06-nov-2018->06-nov-2023}@unadjusteddirtypv => -0.09897752132161652 ||
	 | floatstream::usd::usd-libor-3m::{06-nov-2018->06-nov-2023}@unadjustedfairpremium => 0.020256470138055375 ||
	 | floatstream::usd::usd-libor-3m::{06-nov-2018->06-nov-2023}@unadjustedparrate => 0.020256470138055375 ||
	 | floatstream::usd::usd-libor-3m::{06-nov-2018->06-nov-2023}@unadjustedprice => 109.89775213216166 ||
	 | floatstream::usd::usd-libor-3m::{06-nov-2018->06-nov-2023}@unadjustedpv => -0.09897752132161652 ||
	 | floatstream::usd::usd-libor-3m::{06-nov-2018->06-nov-2023}@unadjustedrate => 0.020256470138055375 ||
	 | floatstream::usd::usd-libor-3m::{06-nov-2018->06-nov-2023}@unadjustedupfront => -0.09897752132161652 ||
	 | floatstream::usd::usd-libor-3m::{06-nov-2018->06-nov-2023}@upfront => -0.09897752132161652 ||
	 | initialnotional => 1.0 ||
	 | parfixedcoupon => 0.020600000000000052 ||
	 | parrate => 0.020600000000000052 ||
	 | parswaprate => 0.020600000000000052 ||
	 | price => 99.99999999999996 ||
	 | pv => -4.718447854656915E-16 ||
	 | rate => 0.020600000000000052 ||
	 | referenceaccrued => 0.0 ||
	 | referenceaccrued01 => 0.0 ||
	 | referencecleandv01 => 4.8047340447386546E-4 ||
	 | referencecleanpv => 0.09897752132161605 ||
	 | referencecumulativeconvexityadjustmentfactor => 1.0 ||
	 | referencecumulativeconvexityadjustmentpremium => 0.0 ||
	 | referencecumulativecouponamount => 0.0 ||
	 | referencecumulativecoupondcf => 0.0 ||
	 | referencedirtydv01 => 4.8047340447386546E-4 ||
	 | referencedirtypv => 0.09897752132161605 ||
	 | referencedv01 => 4.8047340447386546E-4 ||
	 | referenceparbasisspread => 9.820414222143626E-13 ||
	 | referencepv => 0.09897752132161605 ||
	 | resetdate => -2.147483648E9 ||
	 | resetrate => NaN ||
	 | swaprate => 0.020600000000000052 ||
	 | upfront => -4.718447854656915E-16 ||
	 |------------------------------||


		|-----------------------------------------------------------------------------------------------------------------------||
		|    Floating Stream Cash Flow Details                                                                                  ||
		|    -------- ------ ---- ---- -------                                                                                  ||
		|               Start Date                                                                                              ||
		|               End Date                                                                                                ||
		|               Pay Date                                                                                                ||
		|               FX Fixing Date                                                                                          ||
		|               Base Notional                                                                                           ||
		|               Period DCF                                                                                              ||
		|               Tenor                                                                                                   ||
		|               Funding Label                                                                                           ||
		|               Forward Label                                                                                           ||
		|               Pay Discount Factor                                                                                     ||
		|               Coupon Rate                                                                                             ||
		|-----------------------------------------------------------------------------------------------------------------------||
		| [06-NOV-2018 - 06-FEB-2019] => 06-FEB-2019 | 06-FEB-2019 | -1.0000 |  0.2556 | 3M | USD | USD-LIBOR-3M |  0.9994 |  0.24% ||
		| [06-FEB-2019 - 06-MAY-2019] => 06-MAY-2019 | 06-MAY-2019 | -1.0000 |  0.2472 | 3M | USD | USD-LIBOR-3M |  0.9987 |  0.29% ||
		| [06-MAY-2019 - 06-AUG-2019] => 06-AUG-2019 | 06-AUG-2019 | -1.0000 |  0.2556 | 3M | USD | USD-LIBOR-3M |  0.9977 |  0.37% ||
		| [06-AUG-2019 - 06-NOV-2019] => 06-NOV-2019 | 06-NOV-2019 | -1.0000 |  0.2556 | 3M | USD | USD-LIBOR-3M |  0.9965 |  0.47% ||
		| [06-NOV-2019 - 06-FEB-2020] => 06-FEB-2020 | 06-FEB-2020 | -1.0000 |  0.2556 | 3M | USD | USD-LIBOR-3M |  0.9948 |  0.66% ||
		| [06-FEB-2020 - 06-MAY-2020] => 06-MAY-2020 | 06-MAY-2020 | -1.0000 |  0.2500 | 3M | USD | USD-LIBOR-3M |  0.9925 |  0.92% ||
		| [06-MAY-2020 - 06-AUG-2020] => 06-AUG-2020 | 06-AUG-2020 | -1.0000 |  0.2556 | 3M | USD | USD-LIBOR-3M |  0.9895 |  1.21% ||
		| [06-AUG-2020 - 06-NOV-2020] => 06-NOV-2020 | 06-NOV-2020 | -1.0000 |  0.2556 | 3M | USD | USD-LIBOR-3M |  0.9857 |  1.51% ||
		| [06-NOV-2020 - 06-FEB-2021] => 06-FEB-2021 | 06-FEB-2021 | -1.0000 |  0.2556 | 3M | USD | USD-LIBOR-3M |  0.9745 |  4.49% ||
		| [06-FEB-2021 - 06-MAY-2021] => 06-MAY-2021 | 06-MAY-2021 | -1.0000 |  0.2472 | 3M | USD | USD-LIBOR-3M |  0.9705 |  1.68% ||
		| [06-MAY-2021 - 06-AUG-2021] => 06-AUG-2021 | 06-AUG-2021 | -1.0000 |  0.2556 | 3M | USD | USD-LIBOR-3M |  0.9659 |  1.86% ||
		| [06-AUG-2021 - 06-NOV-2021] => 06-NOV-2021 | 06-NOV-2021 | -1.0000 |  0.2556 | 3M | USD | USD-LIBOR-3M |  0.9608 |  2.06% ||
		| [06-NOV-2021 - 06-FEB-2022] => 06-FEB-2022 | 06-FEB-2022 | -1.0000 |  0.2556 | 3M | USD | USD-LIBOR-3M |  0.9553 |  2.28% ||
		| [06-FEB-2022 - 06-MAY-2022] => 06-MAY-2022 | 06-MAY-2022 | -1.0000 |  0.2472 | 3M | USD | USD-LIBOR-3M |  0.9493 |  2.52% ||
		| [06-MAY-2022 - 06-AUG-2022] => 06-AUG-2022 | 06-AUG-2022 | -1.0000 |  0.2556 | 3M | USD | USD-LIBOR-3M |  0.9427 |  2.78% ||
		| [06-AUG-2022 - 06-NOV-2022] => 06-NOV-2022 | 06-NOV-2022 | -1.0000 |  0.2556 | 3M | USD | USD-LIBOR-3M |  0.9353 |  3.06% ||
		| [06-NOV-2022 - 06-FEB-2023] => 06-FEB-2023 | 06-FEB-2023 | -1.0000 |  0.2556 | 3M | USD | USD-LIBOR-3M |  0.9274 |  3.36% ||
		| [06-FEB-2023 - 06-MAY-2023] => 06-MAY-2023 | 06-MAY-2023 | -1.0000 |  0.2472 | 3M | USD | USD-LIBOR-3M |  0.9191 |  3.62% ||
		| [06-MAY-2023 - 06-AUG-2023] => 06-AUG-2023 | 06-AUG-2023 | -1.0000 |  0.2556 | 3M | USD | USD-LIBOR-3M |  0.9102 |  3.83% ||
		| [06-AUG-2023 - 06-NOV-2023] => 06-NOV-2023 | 06-NOV-2023 | -1.0000 |  0.2556 | 3M | USD | USD-LIBOR-3M |  0.9010 |  4.00% ||
		|-----------------------------------------------------------------------------------------------------------------------||


		|--------------------------------------------------------------------------------------------------------||
		|    Fixed Stream Cash Flow Details                                                                      ||
		|    ----- ------ ---- ---- -------                                                                      ||
		|               Start Date                                                                               ||
		|               End Date                                                                                 ||
		|               Pay Date                                                                                 ||
		|               FX Fixing Date                                                                           ||
		|               Base Notional                                                                            ||
		|               Period DCF                                                                               ||
		|               Tenor                                                                                    ||
		|               Funding Label                                                                            ||
		|               Pay Discount Factor                                                                      ||
		|               Coupon Rate                                                                              ||
		|--------------------------------------------------------------------------------------------------------||
		| [06-NOV-2018 - 06-MAY-2019] => 06-MAY-2019 | 06-MAY-2019 |  1.0000 |  0.5000 | 6M | USD |  0.9987 |  2.06% ||
		| [06-MAY-2019 - 06-NOV-2019] => 06-NOV-2019 | 06-NOV-2019 |  1.0000 |  0.5000 | 6M | USD |  0.9965 |  2.06% ||
		| [06-NOV-2019 - 06-MAY-2020] => 06-MAY-2020 | 06-MAY-2020 |  1.0000 |  0.5000 | 6M | USD |  0.9925 |  2.06% ||
		| [06-MAY-2020 - 06-NOV-2020] => 06-NOV-2020 | 06-NOV-2020 |  1.0000 |  0.5000 | 6M | USD |  0.9857 |  2.06% ||
		| [06-NOV-2020 - 06-MAY-2021] => 06-MAY-2021 | 06-MAY-2021 |  1.0000 |  0.5000 | 6M | USD |  0.9705 |  2.06% ||
		| [06-MAY-2021 - 06-NOV-2021] => 06-NOV-2021 | 06-NOV-2021 |  1.0000 |  0.5000 | 6M | USD |  0.9608 |  2.06% ||
		| [06-NOV-2021 - 06-MAY-2022] => 06-MAY-2022 | 06-MAY-2022 |  1.0000 |  0.5000 | 6M | USD |  0.9493 |  2.06% ||
		| [06-MAY-2022 - 06-NOV-2022] => 06-NOV-2022 | 06-NOV-2022 |  1.0000 |  0.5000 | 6M | USD |  0.9353 |  2.06% ||
		| [06-NOV-2022 - 06-MAY-2023] => 06-MAY-2023 | 06-MAY-2023 |  1.0000 |  0.5000 | 6M | USD |  0.9191 |  2.06% ||
		| [06-MAY-2023 - 06-NOV-2023] => 06-NOV-2023 | 06-NOV-2023 |  1.0000 |  0.5000 | 6M | USD |  0.9010 |  2.06% ||
		|--------------------------------------------------------------------------------------------------------||

	|-----------------------------------------------------------------|
	|    Copyright (C) 2011-2018 (DRIP)
	|-----------------------------------------------------------------|
	|    Build Version  => 3.86.0 multi mode
	|    Build JVM (TM) => 1.8.0_112
	|    Build Snap     => Fri Nov 02 21:22:20 EST 2018
	|    Start Time     => Fri Nov 02 23:11:31 EDT 2018
	|    Setup Time     => Fri Nov 02 23:11:31 EDT 2018
	|    Setup Duration => 0 ms
	|-----------------------------------------------------------------|

	 | accrued => 0.0 ||
	 | calctime => 3.7191700000000004E-4 ||
	 | calibfloatingpv => 0.09927549156922344 ||
	 | calibswaprate => 0.02059999999999999 ||
	 | cleanfixeddv01 => 4.8191986198652174E-4 ||
	 | cleanfloatingdv01 => -4.8191986198652174E-4 ||
	 | cleanfloatingpv => -0.09927549156922351 ||
	 | cleanprice => 100.00000000000017 ||
	 | cleanpv => 1.7763568394002505E-15 ||
	 | cumulativeconvexityadjustmentpremium => 0.0 ||
	 | cumulativecouponamount => 0.0 ||
	 | cumulativecoupondcf => 0.0 ||
	 | derivedaccrued => 0.0 ||
	 | derivedaccrued01 => 0.0 ||
	 | derivedcleandv01 => -4.8191986198652174E-4 ||
	 | derivedcleanpv => -0.09927549156922351 ||
	 | derivedcumulativeconvexityadjustmentfactor => 1.0 ||
	 | derivedcumulativeconvexityadjustmentpremium => -0.0 ||
	 | derivedcumulativecouponamount => 0.0 ||
	 | derivedcumulativecoupondcf => 0.0 ||
	 | deriveddirtydv01 => -4.8191986198652174E-4 ||
	 | deriveddirtypv => -0.09927549156922351 ||
	 | deriveddv01 => -4.8191986198652174E-4 ||
	 | derivedfixing01 => 0.0 ||
	 | derivedparbasisspread => 3.686000473352417E-12 ||
	 | derivedpv => -0.09927549156922351 ||
	 | derivedresetdate => -2.147483648E9 ||
	 | derivedresetrate => NaN ||
	 | dirtyfixeddv01 => 4.8191986198652174E-4 ||
	 | dirtyfixedpv => 0.09927549156922529 ||
	 | dirtyfloatingdv01 => -4.8191986198652174E-4 ||
	 | dirtyfloatingpv => -0.09927549156922351 ||
	 | dirtyprice => 100.00000000000017 ||
	 | dirtypv => 1.7763568394002505E-15 ||
	 | fairpremium => 0.020600000000000007 ||
	 | fixedaccrued => 0.0 ||
	 | fixedaccrued01 => 0.0 ||
	 | fixeddv01 => 4.8191986198652174E-4 ||
	 | fixedstream::zar/zar::3::{02-nov-2018->02-nov-2023}@accrualcoupon => NaN ||
	 | fixedstream::zar/zar::3::{02-nov-2018->02-nov-2023}@accrued => 0.0 ||
	 | fixedstream::zar/zar::3::{02-nov-2018->02-nov-2023}@accrued01 => 0.0 ||
	 | fixedstream::zar/zar::3::{02-nov-2018->02-nov-2023}@calctime => 7.023000000000001E-5 ||
	 | fixedstream::zar/zar::3::{02-nov-2018->02-nov-2023}@cleandv01 => 4.8191986198652174E-4 ||
	 | fixedstream::zar/zar::3::{02-nov-2018->02-nov-2023}@cleanprice => 109.92754915692254 ||
	 | fixedstream::zar/zar::3::{02-nov-2018->02-nov-2023}@cleanpv => 0.09927549156922529 ||
	 | fixedstream::zar/zar::3::{02-nov-2018->02-nov-2023}@compoundingadjustedcleandv01 => 4.8191986198652174E-4 ||
	 | fixedstream::zar/zar::3::{02-nov-2018->02-nov-2023}@compoundingadjustedcleanprice => 109.92754915692254 ||
	 | fixedstream::zar/zar::3::{02-nov-2018->02-nov-2023}@compoundingadjustedcleanpv => 0.09927549156922529 ||
	 | fixedstream::zar/zar::3::{02-nov-2018->02-nov-2023}@compoundingadjusteddirtydv01 => 4.8191986198652174E-4 ||
	 | fixedstream::zar/zar::3::{02-nov-2018->02-nov-2023}@compoundingadjusteddirtyprice => 109.92754915692254 ||
	 | fixedstream::zar/zar::3::{02-nov-2018->02-nov-2023}@compoundingadjusteddirtypv => 0.09927549156922529 ||
	 | fixedstream::zar/zar::3::{02-nov-2018->02-nov-2023}@compoundingadjustedfairpremium => 0.020600000000000375 ||
	 | fixedstream::zar/zar::3::{02-nov-2018->02-nov-2023}@compoundingadjustedparrate => 0.020600000000000375 ||
	 | fixedstream::zar/zar::3::{02-nov-2018->02-nov-2023}@compoundingadjustedprice => 109.92754915692254 ||
	 | fixedstream::zar/zar::3::{02-nov-2018->02-nov-2023}@compoundingadjustedpv => 0.09927549156922529 ||
	 | fixedstream::zar/zar::3::{02-nov-2018->02-nov-2023}@compoundingadjustedrate => 0.020600000000000375 ||
	 | fixedstream::zar/zar::3::{02-nov-2018->02-nov-2023}@compoundingadjustedupfront => 0.09927549156922529 ||
	 | fixedstream::zar/zar::3::{02-nov-2018->02-nov-2023}@compoundingadjustmentfactor => 1.0 ||
	 | fixedstream::zar/zar::3::{02-nov-2018->02-nov-2023}@compoundingadjustmentpremium => 0.0 ||
	 | fixedstream::zar/zar::3::{02-nov-2018->02-nov-2023}@compoundingadjustmentpremiumupfront => 0.0 ||
	 | fixedstream::zar/zar::3::{02-nov-2018->02-nov-2023}@creditforwardconvexityadjustedcleandv01 => 4.8191986198652174E-4 ||
	 | fixedstream::zar/zar::3::{02-nov-2018->02-nov-2023}@creditforwardconvexityadjustedcleanprice => 109.92754915692254 ||
	 | fixedstream::zar/zar::3::{02-nov-2018->02-nov-2023}@creditforwardconvexityadjustedcleanpv => 0.09927549156922529 ||
	 | fixedstream::zar/zar::3::{02-nov-2018->02-nov-2023}@creditforwardconvexityadjusteddirtydv01 => 4.8191986198652174E-4 ||
	 | fixedstream::zar/zar::3::{02-nov-2018->02-nov-2023}@creditforwardconvexityadjusteddirtyprice => 109.92754915692254 ||
	 | fixedstream::zar/zar::3::{02-nov-2018->02-nov-2023}@creditforwardconvexityadjusteddirtypv => 0.09927549156922529 ||
	 | fixedstream::zar/zar::3::{02-nov-2018->02-nov-2023}@creditforwardconvexityadjusteddv01 => 4.8191986198652174E-4 ||
	 | fixedstream::zar/zar::3::{02-nov-2018->02-nov-2023}@creditforwardconvexityadjustedfairpremium => 0.020600000000000375 ||
	 | fixedstream::zar/zar::3::{02-nov-2018->02-nov-2023}@creditforwardconvexityadjustedparrate => 0.020600000000000375 ||
	 | fixedstream::zar/zar::3::{02-nov-2018->02-nov-2023}@creditforwardconvexityadjustedprice => 109.92754915692254 ||
	 | fixedstream::zar/zar::3::{02-nov-2018->02-nov-2023}@creditforwardconvexityadjustedpv => 0.09927549156922529 ||
	 | fixedstream::zar/zar::3::{02-nov-2018->02-nov-2023}@creditforwardconvexityadjustedrate => 0.020600000000000375 ||
	 | fixedstream::zar/zar::3::{02-nov-2018->02-nov-2023}@creditforwardconvexityadjustedupfront => 0.09927549156922529 ||
	 | fixedstream::zar/zar::3::{02-nov-2018->02-nov-2023}@creditforwardconvexityadjustmentfactor => 1.0 ||
	 | fixedstream::zar/zar::3::{02-nov-2018->02-nov-2023}@creditforwardconvexityadjustmentpremium => 0.0 ||
	 | fixedstream::zar/zar::3::{02-nov-2018->02-nov-2023}@creditforwardconvexityadjustmentpremiumupfront => 0.0 ||
	 | fixedstream::zar/zar::3::{02-nov-2018->02-nov-2023}@creditfundingconvexityadjustedcleandv01 => 4.8191986198652174E-4 ||
	 | fixedstream::zar/zar::3::{02-nov-2018->02-nov-2023}@creditfundingconvexityadjustedcleanprice => 109.92754915692254 ||
	 | fixedstream::zar/zar::3::{02-nov-2018->02-nov-2023}@creditfundingconvexityadjustedcleanpv => 0.09927549156922529 ||
	 | fixedstream::zar/zar::3::{02-nov-2018->02-nov-2023}@creditfundingconvexityadjusteddirtydv01 => 4.8191986198652174E-4 ||
	 | fixedstream::zar/zar::3::{02-nov-2018->02-nov-2023}@creditfundingconvexityadjusteddirtyprice => 109.92754915692254 ||
	 | fixedstream::zar/zar::3::{02-nov-2018->02-nov-2023}@creditfundingconvexityadjusteddirtypv => 0.09927549156922529 ||
	 | fixedstream::zar/zar::3::{02-nov-2018->02-nov-2023}@creditfundingconvexityadjusteddv01 => 4.8191986198652174E-4 ||
	 | fixedstream::zar/zar::3::{02-nov-2018->02-nov-2023}@creditfundingconvexityadjustedfairpremium => 0.020600000000000375 ||
	 | fixedstream::zar/zar::3::{02-nov-2018->02-nov-2023}@creditfundingconvexityadjustedparrate => 0.020600000000000375 ||
	 | fixedstream::zar/zar::3::{02-nov-2018->02-nov-2023}@creditfundingconvexityadjustedprice => 109.92754915692254 ||
	 | fixedstream::zar/zar::3::{02-nov-2018->02-nov-2023}@creditfundingconvexityadjustedpv => 0.09927549156922529 ||
	 | fixedstream::zar/zar::3::{02-nov-2018->02-nov-2023}@creditfundingconvexityadjustedrate => 0.020600000000000375 ||
	 | fixedstream::zar/zar::3::{02-nov-2018->02-nov-2023}@creditfundingconvexityadjustedupfront => 0.09927549156922529 ||
	 | fixedstream::zar/zar::3::{02-nov-2018->02-nov-2023}@creditfundingconvexityadjustmentfactor => 1.0 ||
	 | fixedstream::zar/zar::3::{02-nov-2018->02-nov-2023}@creditfundingconvexityadjustmentpremium => 0.0 ||
	 | fixedstream::zar/zar::3::{02-nov-2018->02-nov-2023}@creditfundingconvexityadjustmentpremiumupfront => 0.0 ||
	 | fixedstream::zar/zar::3::{02-nov-2018->02-nov-2023}@creditfxconvexityadjustedcleandv01 => 4.8191986198652174E-4 ||
	 | fixedstream::zar/zar::3::{02-nov-2018->02-nov-2023}@creditfxconvexityadjustedcleanprice => 109.92754915692254 ||
	 | fixedstream::zar/zar::3::{02-nov-2018->02-nov-2023}@creditfxconvexityadjustedcleanpv => 0.09927549156922529 ||
	 | fixedstream::zar/zar::3::{02-nov-2018->02-nov-2023}@creditfxconvexityadjusteddirtydv01 => 4.8191986198652174E-4 ||
	 | fixedstream::zar/zar::3::{02-nov-2018->02-nov-2023}@creditfxconvexityadjusteddirtyprice => 109.92754915692254 ||
	 | fixedstream::zar/zar::3::{02-nov-2018->02-nov-2023}@creditfxconvexityadjusteddirtypv => 0.09927549156922529 ||
	 | fixedstream::zar/zar::3::{02-nov-2018->02-nov-2023}@creditfxconvexityadjusteddv01 => 4.8191986198652174E-4 ||
	 | fixedstream::zar/zar::3::{02-nov-2018->02-nov-2023}@creditfxconvexityadjustedfairpremium => 0.020600000000000375 ||
	 | fixedstream::zar/zar::3::{02-nov-2018->02-nov-2023}@creditfxconvexityadjustedparrate => 0.020600000000000375 ||
	 | fixedstream::zar/zar::3::{02-nov-2018->02-nov-2023}@creditfxconvexityadjustedprice => 109.92754915692254 ||
	 | fixedstream::zar/zar::3::{02-nov-2018->02-nov-2023}@creditfxconvexityadjustedpv => 0.09927549156922529 ||
	 | fixedstream::zar/zar::3::{02-nov-2018->02-nov-2023}@creditfxconvexityadjustedrate => 0.020600000000000375 ||
	 | fixedstream::zar/zar::3::{02-nov-2018->02-nov-2023}@creditfxconvexityadjustedupfront => 0.09927549156922529 ||
	 | fixedstream::zar/zar::3::{02-nov-2018->02-nov-2023}@creditfxconvexityadjustmentfactor => 1.0 ||
	 | fixedstream::zar/zar::3::{02-nov-2018->02-nov-2023}@creditfxconvexityadjustmentpremium => 0.0 ||
	 | fixedstream::zar/zar::3::{02-nov-2018->02-nov-2023}@creditfxconvexityadjustmentpremiumupfront => 0.0 ||
	 | fixedstream::zar/zar::3::{02-nov-2018->02-nov-2023}@cumulativeconvexityadjustedcleandv01 => 4.8191986198652174E-4 ||
	 | fixedstream::zar/zar::3::{02-nov-2018->02-nov-2023}@cumulativeconvexityadjustedcleanprice => 109.92754915692254 ||
	 | fixedstream::zar/zar::3::{02-nov-2018->02-nov-2023}@cumulativeconvexityadjustedcleanpv => 0.09927549156922529 ||
	 | fixedstream::zar/zar::3::{02-nov-2018->02-nov-2023}@cumulativeconvexityadjusteddirtydv01 => 4.8191986198652174E-4 ||
	 | fixedstream::zar/zar::3::{02-nov-2018->02-nov-2023}@cumulativeconvexityadjusteddirtyprice => 109.92754915692254 ||
	 | fixedstream::zar/zar::3::{02-nov-2018->02-nov-2023}@cumulativeconvexityadjusteddirtypv => 0.09927549156922529 ||
	 | fixedstream::zar/zar::3::{02-nov-2018->02-nov-2023}@cumulativeconvexityadjusteddv01 => 4.8191986198652174E-4 ||
	 | fixedstream::zar/zar::3::{02-nov-2018->02-nov-2023}@cumulativeconvexityadjustedfairpremium => 0.020600000000000375 ||
	 | fixedstream::zar/zar::3::{02-nov-2018->02-nov-2023}@cumulativeconvexityadjustedparrate => 0.020600000000000375 ||
	 | fixedstream::zar/zar::3::{02-nov-2018->02-nov-2023}@cumulativeconvexityadjustedprice => 109.92754915692254 ||
	 | fixedstream::zar/zar::3::{02-nov-2018->02-nov-2023}@cumulativeconvexityadjustedpv => 0.09927549156922529 ||
	 | fixedstream::zar/zar::3::{02-nov-2018->02-nov-2023}@cumulativeconvexityadjustedrate => 0.020600000000000375 ||
	 | fixedstream::zar/zar::3::{02-nov-2018->02-nov-2023}@cumulativeconvexityadjustedupfront => 0.09927549156922529 ||
	 | fixedstream::zar/zar::3::{02-nov-2018->02-nov-2023}@cumulativeconvexityadjustmentfactor => 1.0 ||
	 | fixedstream::zar/zar::3::{02-nov-2018->02-nov-2023}@cumulativeconvexityadjustmentpremium => 0.0 ||
	 | fixedstream::zar/zar::3::{02-nov-2018->02-nov-2023}@cumulativeconvexityadjustmentpremiumupfront => 0.0 ||
	 | fixedstream::zar/zar::3::{02-nov-2018->02-nov-2023}@cumulativecouponamount => 0.0 ||
	 | fixedstream::zar/zar::3::{02-nov-2018->02-nov-2023}@cumulativecoupondcf => 0.0 ||
	 | fixedstream::zar/zar::3::{02-nov-2018->02-nov-2023}@cv01 => 4.8191986198652174E-4 ||
	 | fixedstream::zar/zar::3::{02-nov-2018->02-nov-2023}@dirtydv01 => 4.8191986198652174E-4 ||
	 | fixedstream::zar/zar::3::{02-nov-2018->02-nov-2023}@dirtyprice => 109.92754915692254 ||
	 | fixedstream::zar/zar::3::{02-nov-2018->02-nov-2023}@dirtypv => 0.09927549156922529 ||
	 | fixedstream::zar/zar::3::{02-nov-2018->02-nov-2023}@dv01 => 4.8191986198652174E-4 ||
	 | fixedstream::zar/zar::3::{02-nov-2018->02-nov-2023}@fairpremium => 0.020600000000000375 ||
	 | fixedstream::zar/zar::3::{02-nov-2018->02-nov-2023}@fixing01 => 0.0 ||
	 | fixedstream::zar/zar::3::{02-nov-2018->02-nov-2023}@forwardfundingconvexityadjustedcleandv01 => 4.8191986198652174E-4 ||
	 | fixedstream::zar/zar::3::{02-nov-2018->02-nov-2023}@forwardfundingconvexityadjustedcleanprice => 109.92754915692254 ||
	 | fixedstream::zar/zar::3::{02-nov-2018->02-nov-2023}@forwardfundingconvexityadjustedcleanpv => 0.09927549156922529 ||
	 | fixedstream::zar/zar::3::{02-nov-2018->02-nov-2023}@forwardfundingconvexityadjusteddirtydv01 => 4.8191986198652174E-4 ||
	 | fixedstream::zar/zar::3::{02-nov-2018->02-nov-2023}@forwardfundingconvexityadjusteddirtyprice => 109.92754915692254 ||
	 | fixedstream::zar/zar::3::{02-nov-2018->02-nov-2023}@forwardfundingconvexityadjusteddirtypv => 0.09927549156922529 ||
	 | fixedstream::zar/zar::3::{02-nov-2018->02-nov-2023}@forwardfundingconvexityadjusteddv01 => 4.8191986198652174E-4 ||
	 | fixedstream::zar/zar::3::{02-nov-2018->02-nov-2023}@forwardfundingconvexityadjustedfairpremium => 0.020600000000000375 ||
	 | fixedstream::zar/zar::3::{02-nov-2018->02-nov-2023}@forwardfundingconvexityadjustedparrate => 0.020600000000000375 ||
	 | fixedstream::zar/zar::3::{02-nov-2018->02-nov-2023}@forwardfundingconvexityadjustedprice => 109.92754915692254 ||
	 | fixedstream::zar/zar::3::{02-nov-2018->02-nov-2023}@forwardfundingconvexityadjustedpv => 0.09927549156922529 ||
	 | fixedstream::zar/zar::3::{02-nov-2018->02-nov-2023}@forwardfundingconvexityadjustedrate => 0.020600000000000375 ||
	 | fixedstream::zar/zar::3::{02-nov-2018->02-nov-2023}@forwardfundingconvexityadjustedupfront => 0.09927549156922529 ||
	 | fixedstream::zar/zar::3::{02-nov-2018->02-nov-2023}@forwardfundingconvexityadjustmentfactor => 1.0 ||
	 | fixedstream::zar/zar::3::{02-nov-2018->02-nov-2023}@forwardfundingconvexityadjustmentpremium => 0.0 ||
	 | fixedstream::zar/zar::3::{02-nov-2018->02-nov-2023}@forwardfundingconvexityadjustmentpremiumupfront => 0.0 ||
	 | fixedstream::zar/zar::3::{02-nov-2018->02-nov-2023}@forwardfxconvexityadjustedcleandv01 => 4.8191986198652174E-4 ||
	 | fixedstream::zar/zar::3::{02-nov-2018->02-nov-2023}@forwardfxconvexityadjustedcleanprice => 109.92754915692254 ||
	 | fixedstream::zar/zar::3::{02-nov-2018->02-nov-2023}@forwardfxconvexityadjustedcleanpv => 0.09927549156922529 ||
	 | fixedstream::zar/zar::3::{02-nov-2018->02-nov-2023}@forwardfxconvexityadjusteddirtydv01 => 4.8191986198652174E-4 ||
	 | fixedstream::zar/zar::3::{02-nov-2018->02-nov-2023}@forwardfxconvexityadjusteddirtyprice => 109.92754915692254 ||
	 | fixedstream::zar/zar::3::{02-nov-2018->02-nov-2023}@forwardfxconvexityadjusteddirtypv => 0.09927549156922529 ||
	 | fixedstream::zar/zar::3::{02-nov-2018->02-nov-2023}@forwardfxconvexityadjusteddv01 => 4.8191986198652174E-4 ||
	 | fixedstream::zar/zar::3::{02-nov-2018->02-nov-2023}@forwardfxconvexityadjustedfairpremium => 0.020600000000000375 ||
	 | fixedstream::zar/zar::3::{02-nov-2018->02-nov-2023}@forwardfxconvexityadjustedparrate => 0.020600000000000375 ||
	 | fixedstream::zar/zar::3::{02-nov-2018->02-nov-2023}@forwardfxconvexityadjustedprice => 109.92754915692254 ||
	 | fixedstream::zar/zar::3::{02-nov-2018->02-nov-2023}@forwardfxconvexityadjustedpv => 0.09927549156922529 ||
	 | fixedstream::zar/zar::3::{02-nov-2018->02-nov-2023}@forwardfxconvexityadjustedrate => 0.020600000000000375 ||
	 | fixedstream::zar/zar::3::{02-nov-2018->02-nov-2023}@forwardfxconvexityadjustedupfront => 0.09927549156922529 ||
	 | fixedstream::zar/zar::3::{02-nov-2018->02-nov-2023}@forwardfxconvexityadjustmentfactor => 1.0 ||
	 | fixedstream::zar/zar::3::{02-nov-2018->02-nov-2023}@forwardfxconvexityadjustmentpremium => 0.0 ||
	 | fixedstream::zar/zar::3::{02-nov-2018->02-nov-2023}@forwardfxconvexityadjustmentpremiumupfront => 0.0 ||
	 | fixedstream::zar/zar::3::{02-nov-2018->02-nov-2023}@fundingfxconvexityadjustedcleandv01 => 4.8191986198652174E-4 ||
	 | fixedstream::zar/zar::3::{02-nov-2018->02-nov-2023}@fundingfxconvexityadjustedcleanprice => 109.92754915692254 ||
	 | fixedstream::zar/zar::3::{02-nov-2018->02-nov-2023}@fundingfxconvexityadjustedcleanpv => 0.09927549156922529 ||
	 | fixedstream::zar/zar::3::{02-nov-2018->02-nov-2023}@fundingfxconvexityadjusteddirtydv01 => 4.8191986198652174E-4 ||
	 | fixedstream::zar/zar::3::{02-nov-2018->02-nov-2023}@fundingfxconvexityadjusteddirtyprice => 109.92754915692254 ||
	 | fixedstream::zar/zar::3::{02-nov-2018->02-nov-2023}@fundingfxconvexityadjusteddirtypv => 0.09927549156922529 ||
	 | fixedstream::zar/zar::3::{02-nov-2018->02-nov-2023}@fundingfxconvexityadjusteddv01 => 4.8191986198652174E-4 ||
	 | fixedstream::zar/zar::3::{02-nov-2018->02-nov-2023}@fundingfxconvexityadjustedfairpremium => 0.020600000000000375 ||
	 | fixedstream::zar/zar::3::{02-nov-2018->02-nov-2023}@fundingfxconvexityadjustedparrate => 0.020600000000000375 ||
	 | fixedstream::zar/zar::3::{02-nov-2018->02-nov-2023}@fundingfxconvexityadjustedprice => 109.92754915692254 ||
	 | fixedstream::zar/zar::3::{02-nov-2018->02-nov-2023}@fundingfxconvexityadjustedpv => 0.09927549156922529 ||
	 | fixedstream::zar/zar::3::{02-nov-2018->02-nov-2023}@fundingfxconvexityadjustedrate => 0.020600000000000375 ||
	 | fixedstream::zar/zar::3::{02-nov-2018->02-nov-2023}@fundingfxconvexityadjustedupfront => 0.09927549156922529 ||
	 | fixedstream::zar/zar::3::{02-nov-2018->02-nov-2023}@fundingfxconvexityadjustmentfactor => 1.0 ||
	 | fixedstream::zar/zar::3::{02-nov-2018->02-nov-2023}@fundingfxconvexityadjustmentpremium => 0.0 ||
	 | fixedstream::zar/zar::3::{02-nov-2018->02-nov-2023}@fundingfxconvexityadjustmentpremiumupfront => 0.0 ||
	 | fixedstream::zar/zar::3::{02-nov-2018->02-nov-2023}@parrate => 0.020600000000000375 ||
	 | fixedstream::zar/zar::3::{02-nov-2018->02-nov-2023}@price => 109.92754915692254 ||
	 | fixedstream::zar/zar::3::{02-nov-2018->02-nov-2023}@pv => 0.09927549156922529 ||
	 | fixedstream::zar/zar::3::{02-nov-2018->02-nov-2023}@rate => 0.020600000000000375 ||
	 | fixedstream::zar/zar::3::{02-nov-2018->02-nov-2023}@resetdate => -2.147483648E9 ||
	 | fixedstream::zar/zar::3::{02-nov-2018->02-nov-2023}@resetrate => NaN ||
	 | fixedstream::zar/zar::3::{02-nov-2018->02-nov-2023}@totalcoupon => 0.4120000000000076 ||
	 | fixedstream::zar/zar::3::{02-nov-2018->02-nov-2023}@unadjustedcleandv01 => 4.8191986198652174E-4 ||
	 | fixedstream::zar/zar::3::{02-nov-2018->02-nov-2023}@unadjustedcleanprice => 109.92754915692254 ||
	 | fixedstream::zar/zar::3::{02-nov-2018->02-nov-2023}@unadjustedcleanpv => 0.09927549156922529 ||
	 | fixedstream::zar/zar::3::{02-nov-2018->02-nov-2023}@unadjusteddirtydv01 => 4.8191986198652174E-4 ||
	 | fixedstream::zar/zar::3::{02-nov-2018->02-nov-2023}@unadjusteddirtyprice => 109.92754915692254 ||
	 | fixedstream::zar/zar::3::{02-nov-2018->02-nov-2023}@unadjusteddirtypv => 0.09927549156922529 ||
	 | fixedstream::zar/zar::3::{02-nov-2018->02-nov-2023}@unadjustedfairpremium => 0.020600000000000375 ||
	 | fixedstream::zar/zar::3::{02-nov-2018->02-nov-2023}@unadjustedparrate => 0.020600000000000375 ||
	 | fixedstream::zar/zar::3::{02-nov-2018->02-nov-2023}@unadjustedprice => 109.92754915692254 ||
	 | fixedstream::zar/zar::3::{02-nov-2018->02-nov-2023}@unadjustedpv => 0.09927549156922529 ||
	 | fixedstream::zar/zar::3::{02-nov-2018->02-nov-2023}@unadjustedrate => 0.020600000000000375 ||
	 | fixedstream::zar/zar::3::{02-nov-2018->02-nov-2023}@unadjustedupfront => 0.09927549156922529 ||
	 | fixedstream::zar/zar::3::{02-nov-2018->02-nov-2023}@upfront => 0.09927549156922529 ||
	 | fixing01 => 0.0 ||
	 | floataccrued => 0.0 ||
	 | floataccrued01 => 0.0 ||
	 | floatdv01 => -4.8191986198652174E-4 ||
	 | floatstream::zar::zar-jibar-3m::{02-nov-2018->02-nov-2023}@accrualcoupon => NaN ||
	 | floatstream::zar::zar-jibar-3m::{02-nov-2018->02-nov-2023}@accrued => 0.0 ||
	 | floatstream::zar::zar-jibar-3m::{02-nov-2018->02-nov-2023}@accrued01 => 0.0 ||
	 | floatstream::zar::zar-jibar-3m::{02-nov-2018->02-nov-2023}@calctime => 9.515100000000001E-5 ||
	 | floatstream::zar::zar-jibar-3m::{02-nov-2018->02-nov-2023}@cleandv01 => -4.8191986198652174E-4 ||
	 | floatstream::zar::zar-jibar-3m::{02-nov-2018->02-nov-2023}@cleanprice => 109.92754915692235 ||
	 | floatstream::zar::zar-jibar-3m::{02-nov-2018->02-nov-2023}@cleanpv => -0.09927549156922351 ||
	 | floatstream::zar::zar-jibar-3m::{02-nov-2018->02-nov-2023}@compoundingadjustedcleandv01 => -4.8191986198652174E-4 ||
	 | floatstream::zar::zar-jibar-3m::{02-nov-2018->02-nov-2023}@compoundingadjustedcleanprice => 109.92754915692235 ||
	 | floatstream::zar::zar-jibar-3m::{02-nov-2018->02-nov-2023}@compoundingadjustedcleanpv => -0.09927549156922351 ||
	 | floatstream::zar::zar-jibar-3m::{02-nov-2018->02-nov-2023}@compoundingadjusteddirtydv01 => -4.8191986198652174E-4 ||
	 | floatstream::zar::zar-jibar-3m::{02-nov-2018->02-nov-2023}@compoundingadjusteddirtyprice => 109.92754915692235 ||
	 | floatstream::zar::zar-jibar-3m::{02-nov-2018->02-nov-2023}@compoundingadjusteddirtypv => -0.09927549156922351 ||
	 | floatstream::zar::zar-jibar-3m::{02-nov-2018->02-nov-2023}@compoundingadjustedfairpremium => 0.020600000000000007 ||
	 | floatstream::zar::zar-jibar-3m::{02-nov-2018->02-nov-2023}@compoundingadjustedparrate => 0.020600000000000007 ||
	 | floatstream::zar::zar-jibar-3m::{02-nov-2018->02-nov-2023}@compoundingadjustedprice => 109.92754915692235 ||
	 | floatstream::zar::zar-jibar-3m::{02-nov-2018->02-nov-2023}@compoundingadjustedpv => -0.09927549156922351 ||
	 | floatstream::zar::zar-jibar-3m::{02-nov-2018->02-nov-2023}@compoundingadjustedrate => 0.020600000000000007 ||
	 | floatstream::zar::zar-jibar-3m::{02-nov-2018->02-nov-2023}@compoundingadjustedupfront => -0.09927549156922351 ||
	 | floatstream::zar::zar-jibar-3m::{02-nov-2018->02-nov-2023}@compoundingadjustmentfactor => 1.0 ||
	 | floatstream::zar::zar-jibar-3m::{02-nov-2018->02-nov-2023}@compoundingadjustmentpremium => 0.0 ||
	 | floatstream::zar::zar-jibar-3m::{02-nov-2018->02-nov-2023}@compoundingadjustmentpremiumupfront => -0.0 ||
	 | floatstream::zar::zar-jibar-3m::{02-nov-2018->02-nov-2023}@creditforwardconvexityadjustedcleandv01 => -4.8191986198652174E-4 ||
	 | floatstream::zar::zar-jibar-3m::{02-nov-2018->02-nov-2023}@creditforwardconvexityadjustedcleanprice => 109.92754915692235 ||
	 | floatstream::zar::zar-jibar-3m::{02-nov-2018->02-nov-2023}@creditforwardconvexityadjustedcleanpv => -0.09927549156922351 ||
	 | floatstream::zar::zar-jibar-3m::{02-nov-2018->02-nov-2023}@creditforwardconvexityadjusteddirtydv01 => -4.8191986198652174E-4 ||
	 | floatstream::zar::zar-jibar-3m::{02-nov-2018->02-nov-2023}@creditforwardconvexityadjusteddirtyprice => 109.92754915692235 ||
	 | floatstream::zar::zar-jibar-3m::{02-nov-2018->02-nov-2023}@creditforwardconvexityadjusteddirtypv => -0.09927549156922351 ||
	 | floatstream::zar::zar-jibar-3m::{02-nov-2018->02-nov-2023}@creditforwardconvexityadjusteddv01 => -4.8191986198652174E-4 ||
	 | floatstream::zar::zar-jibar-3m::{02-nov-2018->02-nov-2023}@creditforwardconvexityadjustedfairpremium => 0.020600000000000007 ||
	 | floatstream::zar::zar-jibar-3m::{02-nov-2018->02-nov-2023}@creditforwardconvexityadjustedparrate => 0.020600000000000007 ||
	 | floatstream::zar::zar-jibar-3m::{02-nov-2018->02-nov-2023}@creditforwardconvexityadjustedprice => 109.92754915692235 ||
	 | floatstream::zar::zar-jibar-3m::{02-nov-2018->02-nov-2023}@creditforwardconvexityadjustedpv => -0.09927549156922351 ||
	 | floatstream::zar::zar-jibar-3m::{02-nov-2018->02-nov-2023}@creditforwardconvexityadjustedrate => 0.020600000000000007 ||
	 | floatstream::zar::zar-jibar-3m::{02-nov-2018->02-nov-2023}@creditforwardconvexityadjustedupfront => -0.09927549156922351 ||
	 | floatstream::zar::zar-jibar-3m::{02-nov-2018->02-nov-2023}@creditforwardconvexityadjustmentfactor => 1.0 ||
	 | floatstream::zar::zar-jibar-3m::{02-nov-2018->02-nov-2023}@creditforwardconvexityadjustmentpremium => 0.0 ||
	 | floatstream::zar::zar-jibar-3m::{02-nov-2018->02-nov-2023}@creditforwardconvexityadjustmentpremiumupfront => -0.0 ||
	 | floatstream::zar::zar-jibar-3m::{02-nov-2018->02-nov-2023}@creditfundingconvexityadjustedcleandv01 => -4.8191986198652174E-4 ||
	 | floatstream::zar::zar-jibar-3m::{02-nov-2018->02-nov-2023}@creditfundingconvexityadjustedcleanprice => 109.92754915692235 ||
	 | floatstream::zar::zar-jibar-3m::{02-nov-2018->02-nov-2023}@creditfundingconvexityadjustedcleanpv => -0.09927549156922351 ||
	 | floatstream::zar::zar-jibar-3m::{02-nov-2018->02-nov-2023}@creditfundingconvexityadjusteddirtydv01 => -4.8191986198652174E-4 ||
	 | floatstream::zar::zar-jibar-3m::{02-nov-2018->02-nov-2023}@creditfundingconvexityadjusteddirtyprice => 109.92754915692235 ||
	 | floatstream::zar::zar-jibar-3m::{02-nov-2018->02-nov-2023}@creditfundingconvexityadjusteddirtypv => -0.09927549156922351 ||
	 | floatstream::zar::zar-jibar-3m::{02-nov-2018->02-nov-2023}@creditfundingconvexityadjusteddv01 => -4.8191986198652174E-4 ||
	 | floatstream::zar::zar-jibar-3m::{02-nov-2018->02-nov-2023}@creditfundingconvexityadjustedfairpremium => 0.020600000000000007 ||
	 | floatstream::zar::zar-jibar-3m::{02-nov-2018->02-nov-2023}@creditfundingconvexityadjustedparrate => 0.020600000000000007 ||
	 | floatstream::zar::zar-jibar-3m::{02-nov-2018->02-nov-2023}@creditfundingconvexityadjustedprice => 109.92754915692235 ||
	 | floatstream::zar::zar-jibar-3m::{02-nov-2018->02-nov-2023}@creditfundingconvexityadjustedpv => -0.09927549156922351 ||
	 | floatstream::zar::zar-jibar-3m::{02-nov-2018->02-nov-2023}@creditfundingconvexityadjustedrate => 0.020600000000000007 ||
	 | floatstream::zar::zar-jibar-3m::{02-nov-2018->02-nov-2023}@creditfundingconvexityadjustedupfront => -0.09927549156922351 ||
	 | floatstream::zar::zar-jibar-3m::{02-nov-2018->02-nov-2023}@creditfundingconvexityadjustmentfactor => 1.0 ||
	 | floatstream::zar::zar-jibar-3m::{02-nov-2018->02-nov-2023}@creditfundingconvexityadjustmentpremium => 0.0 ||
	 | floatstream::zar::zar-jibar-3m::{02-nov-2018->02-nov-2023}@creditfundingconvexityadjustmentpremiumupfront => -0.0 ||
	 | floatstream::zar::zar-jibar-3m::{02-nov-2018->02-nov-2023}@creditfxconvexityadjustedcleandv01 => -4.8191986198652174E-4 ||
	 | floatstream::zar::zar-jibar-3m::{02-nov-2018->02-nov-2023}@creditfxconvexityadjustedcleanprice => 109.92754915692235 ||
	 | floatstream::zar::zar-jibar-3m::{02-nov-2018->02-nov-2023}@creditfxconvexityadjustedcleanpv => -0.09927549156922351 ||
	 | floatstream::zar::zar-jibar-3m::{02-nov-2018->02-nov-2023}@creditfxconvexityadjusteddirtydv01 => -4.8191986198652174E-4 ||
	 | floatstream::zar::zar-jibar-3m::{02-nov-2018->02-nov-2023}@creditfxconvexityadjusteddirtyprice => 109.92754915692235 ||
	 | floatstream::zar::zar-jibar-3m::{02-nov-2018->02-nov-2023}@creditfxconvexityadjusteddirtypv => -0.09927549156922351 ||
	 | floatstream::zar::zar-jibar-3m::{02-nov-2018->02-nov-2023}@creditfxconvexityadjusteddv01 => -4.8191986198652174E-4 ||
	 | floatstream::zar::zar-jibar-3m::{02-nov-2018->02-nov-2023}@creditfxconvexityadjustedfairpremium => 0.020600000000000007 ||
	 | floatstream::zar::zar-jibar-3m::{02-nov-2018->02-nov-2023}@creditfxconvexityadjustedparrate => 0.020600000000000007 ||
	 | floatstream::zar::zar-jibar-3m::{02-nov-2018->02-nov-2023}@creditfxconvexityadjustedprice => 109.92754915692235 ||
	 | floatstream::zar::zar-jibar-3m::{02-nov-2018->02-nov-2023}@creditfxconvexityadjustedpv => -0.09927549156922351 ||
	 | floatstream::zar::zar-jibar-3m::{02-nov-2018->02-nov-2023}@creditfxconvexityadjustedrate => 0.020600000000000007 ||
	 | floatstream::zar::zar-jibar-3m::{02-nov-2018->02-nov-2023}@creditfxconvexityadjustedupfront => -0.09927549156922351 ||
	 | floatstream::zar::zar-jibar-3m::{02-nov-2018->02-nov-2023}@creditfxconvexityadjustmentfactor => 1.0 ||
	 | floatstream::zar::zar-jibar-3m::{02-nov-2018->02-nov-2023}@creditfxconvexityadjustmentpremium => 0.0 ||
	 | floatstream::zar::zar-jibar-3m::{02-nov-2018->02-nov-2023}@creditfxconvexityadjustmentpremiumupfront => -0.0 ||
	 | floatstream::zar::zar-jibar-3m::{02-nov-2018->02-nov-2023}@cumulativeconvexityadjustedcleandv01 => -4.8191986198652174E-4 ||
	 | floatstream::zar::zar-jibar-3m::{02-nov-2018->02-nov-2023}@cumulativeconvexityadjustedcleanprice => 109.92754915692235 ||
	 | floatstream::zar::zar-jibar-3m::{02-nov-2018->02-nov-2023}@cumulativeconvexityadjustedcleanpv => -0.09927549156922351 ||
	 | floatstream::zar::zar-jibar-3m::{02-nov-2018->02-nov-2023}@cumulativeconvexityadjusteddirtydv01 => -4.8191986198652174E-4 ||
	 | floatstream::zar::zar-jibar-3m::{02-nov-2018->02-nov-2023}@cumulativeconvexityadjusteddirtyprice => 109.92754915692235 ||
	 | floatstream::zar::zar-jibar-3m::{02-nov-2018->02-nov-2023}@cumulativeconvexityadjusteddirtypv => -0.09927549156922351 ||
	 | floatstream::zar::zar-jibar-3m::{02-nov-2018->02-nov-2023}@cumulativeconvexityadjusteddv01 => -4.8191986198652174E-4 ||
	 | floatstream::zar::zar-jibar-3m::{02-nov-2018->02-nov-2023}@cumulativeconvexityadjustedfairpremium => 0.020600000000000007 ||
	 | floatstream::zar::zar-jibar-3m::{02-nov-2018->02-nov-2023}@cumulativeconvexityadjustedparrate => 0.020600000000000007 ||
	 | floatstream::zar::zar-jibar-3m::{02-nov-2018->02-nov-2023}@cumulativeconvexityadjustedprice => 109.92754915692235 ||
	 | floatstream::zar::zar-jibar-3m::{02-nov-2018->02-nov-2023}@cumulativeconvexityadjustedpv => -0.09927549156922351 ||
	 | floatstream::zar::zar-jibar-3m::{02-nov-2018->02-nov-2023}@cumulativeconvexityadjustedrate => 0.020600000000000007 ||
	 | floatstream::zar::zar-jibar-3m::{02-nov-2018->02-nov-2023}@cumulativeconvexityadjustedupfront => -0.09927549156922351 ||
	 | floatstream::zar::zar-jibar-3m::{02-nov-2018->02-nov-2023}@cumulativeconvexityadjustmentfactor => 1.0 ||
	 | floatstream::zar::zar-jibar-3m::{02-nov-2018->02-nov-2023}@cumulativeconvexityadjustmentpremium => 0.0 ||
	 | floatstream::zar::zar-jibar-3m::{02-nov-2018->02-nov-2023}@cumulativeconvexityadjustmentpremiumupfront => -0.0 ||
	 | floatstream::zar::zar-jibar-3m::{02-nov-2018->02-nov-2023}@cumulativecouponamount => 0.0 ||
	 | floatstream::zar::zar-jibar-3m::{02-nov-2018->02-nov-2023}@cumulativecoupondcf => 0.0 ||
	 | floatstream::zar::zar-jibar-3m::{02-nov-2018->02-nov-2023}@cv01 => -4.8191986198652174E-4 ||
	 | floatstream::zar::zar-jibar-3m::{02-nov-2018->02-nov-2023}@dirtydv01 => -4.8191986198652174E-4 ||
	 | floatstream::zar::zar-jibar-3m::{02-nov-2018->02-nov-2023}@dirtyprice => 109.92754915692235 ||
	 | floatstream::zar::zar-jibar-3m::{02-nov-2018->02-nov-2023}@dirtypv => -0.09927549156922351 ||
	 | floatstream::zar::zar-jibar-3m::{02-nov-2018->02-nov-2023}@dv01 => -4.8191986198652174E-4 ||
	 | floatstream::zar::zar-jibar-3m::{02-nov-2018->02-nov-2023}@fairpremium => 0.020600000000000007 ||
	 | floatstream::zar::zar-jibar-3m::{02-nov-2018->02-nov-2023}@fixing01 => 0.0 ||
	 | floatstream::zar::zar-jibar-3m::{02-nov-2018->02-nov-2023}@forwardfundingconvexityadjustedcleandv01 => -4.8191986198652174E-4 ||
	 | floatstream::zar::zar-jibar-3m::{02-nov-2018->02-nov-2023}@forwardfundingconvexityadjustedcleanprice => 109.92754915692235 ||
	 | floatstream::zar::zar-jibar-3m::{02-nov-2018->02-nov-2023}@forwardfundingconvexityadjustedcleanpv => -0.09927549156922351 ||
	 | floatstream::zar::zar-jibar-3m::{02-nov-2018->02-nov-2023}@forwardfundingconvexityadjusteddirtydv01 => -4.8191986198652174E-4 ||
	 | floatstream::zar::zar-jibar-3m::{02-nov-2018->02-nov-2023}@forwardfundingconvexityadjusteddirtyprice => 109.92754915692235 ||
	 | floatstream::zar::zar-jibar-3m::{02-nov-2018->02-nov-2023}@forwardfundingconvexityadjusteddirtypv => -0.09927549156922351 ||
	 | floatstream::zar::zar-jibar-3m::{02-nov-2018->02-nov-2023}@forwardfundingconvexityadjusteddv01 => -4.8191986198652174E-4 ||
	 | floatstream::zar::zar-jibar-3m::{02-nov-2018->02-nov-2023}@forwardfundingconvexityadjustedfairpremium => 0.020600000000000007 ||
	 | floatstream::zar::zar-jibar-3m::{02-nov-2018->02-nov-2023}@forwardfundingconvexityadjustedparrate => 0.020600000000000007 ||
	 | floatstream::zar::zar-jibar-3m::{02-nov-2018->02-nov-2023}@forwardfundingconvexityadjustedprice => 109.92754915692235 ||
	 | floatstream::zar::zar-jibar-3m::{02-nov-2018->02-nov-2023}@forwardfundingconvexityadjustedpv => -0.09927549156922351 ||
	 | floatstream::zar::zar-jibar-3m::{02-nov-2018->02-nov-2023}@forwardfundingconvexityadjustedrate => 0.020600000000000007 ||
	 | floatstream::zar::zar-jibar-3m::{02-nov-2018->02-nov-2023}@forwardfundingconvexityadjustedupfront => -0.09927549156922351 ||
	 | floatstream::zar::zar-jibar-3m::{02-nov-2018->02-nov-2023}@forwardfundingconvexityadjustmentfactor => 1.0 ||
	 | floatstream::zar::zar-jibar-3m::{02-nov-2018->02-nov-2023}@forwardfundingconvexityadjustmentpremium => 0.0 ||
	 | floatstream::zar::zar-jibar-3m::{02-nov-2018->02-nov-2023}@forwardfundingconvexityadjustmentpremiumupfront => -0.0 ||
	 | floatstream::zar::zar-jibar-3m::{02-nov-2018->02-nov-2023}@forwardfxconvexityadjustedcleandv01 => -4.8191986198652174E-4 ||
	 | floatstream::zar::zar-jibar-3m::{02-nov-2018->02-nov-2023}@forwardfxconvexityadjustedcleanprice => 109.92754915692235 ||
	 | floatstream::zar::zar-jibar-3m::{02-nov-2018->02-nov-2023}@forwardfxconvexityadjustedcleanpv => -0.09927549156922351 ||
	 | floatstream::zar::zar-jibar-3m::{02-nov-2018->02-nov-2023}@forwardfxconvexityadjusteddirtydv01 => -4.8191986198652174E-4 ||
	 | floatstream::zar::zar-jibar-3m::{02-nov-2018->02-nov-2023}@forwardfxconvexityadjusteddirtyprice => 109.92754915692235 ||
	 | floatstream::zar::zar-jibar-3m::{02-nov-2018->02-nov-2023}@forwardfxconvexityadjusteddirtypv => -0.09927549156922351 ||
	 | floatstream::zar::zar-jibar-3m::{02-nov-2018->02-nov-2023}@forwardfxconvexityadjusteddv01 => -4.8191986198652174E-4 ||
	 | floatstream::zar::zar-jibar-3m::{02-nov-2018->02-nov-2023}@forwardfxconvexityadjustedfairpremium => 0.020600000000000007 ||
	 | floatstream::zar::zar-jibar-3m::{02-nov-2018->02-nov-2023}@forwardfxconvexityadjustedparrate => 0.020600000000000007 ||
	 | floatstream::zar::zar-jibar-3m::{02-nov-2018->02-nov-2023}@forwardfxconvexityadjustedprice => 109.92754915692235 ||
	 | floatstream::zar::zar-jibar-3m::{02-nov-2018->02-nov-2023}@forwardfxconvexityadjustedpv => -0.09927549156922351 ||
	 | floatstream::zar::zar-jibar-3m::{02-nov-2018->02-nov-2023}@forwardfxconvexityadjustedrate => 0.020600000000000007 ||
	 | floatstream::zar::zar-jibar-3m::{02-nov-2018->02-nov-2023}@forwardfxconvexityadjustedupfront => -0.09927549156922351 ||
	 | floatstream::zar::zar-jibar-3m::{02-nov-2018->02-nov-2023}@forwardfxconvexityadjustmentfactor => 1.0 ||
	 | floatstream::zar::zar-jibar-3m::{02-nov-2018->02-nov-2023}@forwardfxconvexityadjustmentpremium => 0.0 ||
	 | floatstream::zar::zar-jibar-3m::{02-nov-2018->02-nov-2023}@forwardfxconvexityadjustmentpremiumupfront => -0.0 ||
	 | floatstream::zar::zar-jibar-3m::{02-nov-2018->02-nov-2023}@fundingfxconvexityadjustedcleandv01 => -4.8191986198652174E-4 ||
	 | floatstream::zar::zar-jibar-3m::{02-nov-2018->02-nov-2023}@fundingfxconvexityadjustedcleanprice => 109.92754915692235 ||
	 | floatstream::zar::zar-jibar-3m::{02-nov-2018->02-nov-2023}@fundingfxconvexityadjustedcleanpv => -0.09927549156922351 ||
	 | floatstream::zar::zar-jibar-3m::{02-nov-2018->02-nov-2023}@fundingfxconvexityadjusteddirtydv01 => -4.8191986198652174E-4 ||
	 | floatstream::zar::zar-jibar-3m::{02-nov-2018->02-nov-2023}@fundingfxconvexityadjusteddirtyprice => 109.92754915692235 ||
	 | floatstream::zar::zar-jibar-3m::{02-nov-2018->02-nov-2023}@fundingfxconvexityadjusteddirtypv => -0.09927549156922351 ||
	 | floatstream::zar::zar-jibar-3m::{02-nov-2018->02-nov-2023}@fundingfxconvexityadjusteddv01 => -4.8191986198652174E-4 ||
	 | floatstream::zar::zar-jibar-3m::{02-nov-2018->02-nov-2023}@fundingfxconvexityadjustedfairpremium => 0.020600000000000007 ||
	 | floatstream::zar::zar-jibar-3m::{02-nov-2018->02-nov-2023}@fundingfxconvexityadjustedparrate => 0.020600000000000007 ||
	 | floatstream::zar::zar-jibar-3m::{02-nov-2018->02-nov-2023}@fundingfxconvexityadjustedprice => 109.92754915692235 ||
	 | floatstream::zar::zar-jibar-3m::{02-nov-2018->02-nov-2023}@fundingfxconvexityadjustedpv => -0.09927549156922351 ||
	 | floatstream::zar::zar-jibar-3m::{02-nov-2018->02-nov-2023}@fundingfxconvexityadjustedrate => 0.020600000000000007 ||
	 | floatstream::zar::zar-jibar-3m::{02-nov-2018->02-nov-2023}@fundingfxconvexityadjustedupfront => -0.09927549156922351 ||
	 | floatstream::zar::zar-jibar-3m::{02-nov-2018->02-nov-2023}@fundingfxconvexityadjustmentfactor => 1.0 ||
	 | floatstream::zar::zar-jibar-3m::{02-nov-2018->02-nov-2023}@fundingfxconvexityadjustmentpremium => 0.0 ||
	 | floatstream::zar::zar-jibar-3m::{02-nov-2018->02-nov-2023}@fundingfxconvexityadjustmentpremiumupfront => -0.0 ||
	 | floatstream::zar::zar-jibar-3m::{02-nov-2018->02-nov-2023}@parrate => 0.020600000000000007 ||
	 | floatstream::zar::zar-jibar-3m::{02-nov-2018->02-nov-2023}@price => 109.92754915692235 ||
	 | floatstream::zar::zar-jibar-3m::{02-nov-2018->02-nov-2023}@pv => -0.09927549156922351 ||
	 | floatstream::zar::zar-jibar-3m::{02-nov-2018->02-nov-2023}@rate => 0.020600000000000007 ||
	 | floatstream::zar::zar-jibar-3m::{02-nov-2018->02-nov-2023}@resetdate => -2.147483648E9 ||
	 | floatstream::zar::zar-jibar-3m::{02-nov-2018->02-nov-2023}@resetrate => NaN ||
	 | floatstream::zar::zar-jibar-3m::{02-nov-2018->02-nov-2023}@totalcoupon => 0.4192505566207893 ||
	 | floatstream::zar::zar-jibar-3m::{02-nov-2018->02-nov-2023}@unadjustedcleandv01 => -4.8191986198652174E-4 ||
	 | floatstream::zar::zar-jibar-3m::{02-nov-2018->02-nov-2023}@unadjustedcleanprice => 109.92754915692235 ||
	 | floatstream::zar::zar-jibar-3m::{02-nov-2018->02-nov-2023}@unadjustedcleanpv => -0.09927549156922351 ||
	 | floatstream::zar::zar-jibar-3m::{02-nov-2018->02-nov-2023}@unadjusteddirtydv01 => -4.8191986198652174E-4 ||
	 | floatstream::zar::zar-jibar-3m::{02-nov-2018->02-nov-2023}@unadjusteddirtyprice => 109.92754915692235 ||
	 | floatstream::zar::zar-jibar-3m::{02-nov-2018->02-nov-2023}@unadjusteddirtypv => -0.09927549156922351 ||
	 | floatstream::zar::zar-jibar-3m::{02-nov-2018->02-nov-2023}@unadjustedfairpremium => 0.020600000000000007 ||
	 | floatstream::zar::zar-jibar-3m::{02-nov-2018->02-nov-2023}@unadjustedparrate => 0.020600000000000007 ||
	 | floatstream::zar::zar-jibar-3m::{02-nov-2018->02-nov-2023}@unadjustedprice => 109.92754915692235 ||
	 | floatstream::zar::zar-jibar-3m::{02-nov-2018->02-nov-2023}@unadjustedpv => -0.09927549156922351 ||
	 | floatstream::zar::zar-jibar-3m::{02-nov-2018->02-nov-2023}@unadjustedrate => 0.020600000000000007 ||
	 | floatstream::zar::zar-jibar-3m::{02-nov-2018->02-nov-2023}@unadjustedupfront => -0.09927549156922351 ||
	 | floatstream::zar::zar-jibar-3m::{02-nov-2018->02-nov-2023}@upfront => -0.09927549156922351 ||
	 | initialnotional => 1.0 ||
	 | parfixedcoupon => 0.020600000000000007 ||
	 | parrate => 0.020600000000000007 ||
	 | parswaprate => 0.020600000000000007 ||
	 | price => 100.00000000000017 ||
	 | pv => 1.7763568394002505E-15 ||
	 | rate => 0.020600000000000007 ||
	 | referenceaccrued => 0.0 ||
	 | referenceaccrued01 => 0.0 ||
	 | referencecleandv01 => 4.8191986198652174E-4 ||
	 | referencecleanpv => 0.09927549156922529 ||
	 | referencecumulativeconvexityadjustmentfactor => 1.0 ||
	 | referencecumulativeconvexityadjustmentpremium => 0.0 ||
	 | referencecumulativecouponamount => 0.0 ||
	 | referencecumulativecoupondcf => 0.0 ||
	 | referencedirtydv01 => 4.8191986198652174E-4 ||
	 | referencedirtypv => 0.09927549156922529 ||
	 | referencedv01 => 4.8191986198652174E-4 ||
	 | referenceparbasisspread => -3.686000473352417E-12 ||
	 | referencepv => 0.09927549156922529 ||
	 | resetdate => -2.147483648E9 ||
	 | resetrate => NaN ||
	 | swaprate => 0.020600000000000007 ||
	 | upfront => 1.7763568394002505E-15 ||
	 |------------------------------||


		|-----------------------------------------------------------------------------------------------------------------------||
		|    Floating Stream Cash Flow Details                                                                                  ||
		|    -------- ------ ---- ---- -------                                                                                  ||
		|               Start Date                                                                                              ||
		|               End Date                                                                                                ||
		|               Pay Date                                                                                                ||
		|               FX Fixing Date                                                                                          ||
		|               Base Notional                                                                                           ||
		|               Period DCF                                                                                              ||
		|               Tenor                                                                                                   ||
		|               Funding Label                                                                                           ||
		|               Forward Label                                                                                           ||
		|               Pay Discount Factor                                                                                     ||
		|               Coupon Rate                                                                                             ||
		|-----------------------------------------------------------------------------------------------------------------------||
		| [02-NOV-2018 - 02-FEB-2019] => 02-FEB-2019 | 02-FEB-2019 | -1.0000 |  0.2521 | 3M | ZAR | ZAR-JIBAR-3M |  0.9994 |  0.24% ||
		| [02-FEB-2019 - 02-MAY-2019] => 02-MAY-2019 | 02-MAY-2019 | -1.0000 |  0.2438 | 3M | ZAR | ZAR-JIBAR-3M |  0.9987 |  0.29% ||
		| [02-MAY-2019 - 02-AUG-2019] => 02-AUG-2019 | 02-AUG-2019 | -1.0000 |  0.2521 | 3M | ZAR | ZAR-JIBAR-3M |  0.9978 |  0.36% ||
		| [02-AUG-2019 - 02-NOV-2019] => 02-NOV-2019 | 02-NOV-2019 | -1.0000 |  0.2521 | 3M | ZAR | ZAR-JIBAR-3M |  0.9966 |  0.47% ||
		| [02-NOV-2019 - 02-FEB-2020] => 02-FEB-2020 | 02-FEB-2020 | -1.0000 |  0.2521 | 3M | ZAR | ZAR-JIBAR-3M |  0.9950 |  0.65% ||
		| [02-FEB-2020 - 02-MAY-2020] => 02-MAY-2020 | 02-MAY-2020 | -1.0000 |  0.2466 | 3M | ZAR | ZAR-JIBAR-3M |  0.9927 |  0.91% ||
		| [02-MAY-2020 - 02-AUG-2020] => 02-AUG-2020 | 02-AUG-2020 | -1.0000 |  0.2521 | 3M | ZAR | ZAR-JIBAR-3M |  0.9898 |  1.19% ||
		| [02-AUG-2020 - 02-NOV-2020] => 02-NOV-2020 | 02-NOV-2020 | -1.0000 |  0.2521 | 3M | ZAR | ZAR-JIBAR-3M |  0.9861 |  1.49% ||
		| [02-NOV-2020 - 02-FEB-2021] => 02-FEB-2021 | 02-FEB-2021 | -1.0000 |  0.2521 | 3M | ZAR | ZAR-JIBAR-3M |  0.9745 |  4.72% ||
		| [02-FEB-2021 - 02-MAY-2021] => 02-MAY-2021 | 02-MAY-2021 | -1.0000 |  0.2438 | 3M | ZAR | ZAR-JIBAR-3M |  0.9704 |  1.71% ||
		| [02-MAY-2021 - 02-AUG-2021] => 02-AUG-2021 | 02-AUG-2021 | -1.0000 |  0.2521 | 3M | ZAR | ZAR-JIBAR-3M |  0.9658 |  1.89% ||
		| [02-AUG-2021 - 02-NOV-2021] => 02-NOV-2021 | 02-NOV-2021 | -1.0000 |  0.2521 | 3M | ZAR | ZAR-JIBAR-3M |  0.9607 |  2.09% ||
		| [02-NOV-2021 - 02-FEB-2022] => 02-FEB-2022 | 02-FEB-2022 | -1.0000 |  0.2521 | 3M | ZAR | ZAR-JIBAR-3M |  0.9552 |  2.32% ||
		| [02-FEB-2022 - 02-MAY-2022] => 02-MAY-2022 | 02-MAY-2022 | -1.0000 |  0.2438 | 3M | ZAR | ZAR-JIBAR-3M |  0.9492 |  2.56% ||
		| [02-MAY-2022 - 02-AUG-2022] => 02-AUG-2022 | 02-AUG-2022 | -1.0000 |  0.2521 | 3M | ZAR | ZAR-JIBAR-3M |  0.9425 |  2.82% ||
		| [02-AUG-2022 - 02-NOV-2022] => 02-NOV-2022 | 02-NOV-2022 | -1.0000 |  0.2521 | 3M | ZAR | ZAR-JIBAR-3M |  0.9352 |  3.12% ||
		| [02-NOV-2022 - 02-FEB-2023] => 02-FEB-2023 | 02-FEB-2023 | -1.0000 |  0.2521 | 3M | ZAR | ZAR-JIBAR-3M |  0.9272 |  3.42% ||
		| [02-FEB-2023 - 02-MAY-2023] => 02-MAY-2023 | 02-MAY-2023 | -1.0000 |  0.2438 | 3M | ZAR | ZAR-JIBAR-3M |  0.9189 |  3.69% ||
		| [02-MAY-2023 - 02-AUG-2023] => 02-AUG-2023 | 02-AUG-2023 | -1.0000 |  0.2521 | 3M | ZAR | ZAR-JIBAR-3M |  0.9100 |  3.90% ||
		| [02-AUG-2023 - 02-NOV-2023] => 02-NOV-2023 | 02-NOV-2023 | -1.0000 |  0.2521 | 3M | ZAR | ZAR-JIBAR-3M |  0.9007 |  4.07% ||
		|-----------------------------------------------------------------------------------------------------------------------||


		|--------------------------------------------------------------------------------------------------------||
		|    Fixed Stream Cash Flow Details                                                                      ||
		|    ----- ------ ---- ---- -------                                                                      ||
		|               Start Date                                                                               ||
		|               End Date                                                                                 ||
		|               Pay Date                                                                                 ||
		|               FX Fixing Date                                                                           ||
		|               Base Notional                                                                            ||
		|               Period DCF                                                                               ||
		|               Tenor                                                                                    ||
		|               Funding Label                                                                            ||
		|               Pay Discount Factor                                                                      ||
		|               Coupon Rate                                                                              ||
		|--------------------------------------------------------------------------------------------------------||
		| [02-NOV-2018 - 02-FEB-2019] => 02-FEB-2019 | 02-FEB-2019 |  1.0000 |  0.2521 | 3M | ZAR |  0.9994 |  2.06% ||
		| [02-FEB-2019 - 02-MAY-2019] => 02-MAY-2019 | 02-MAY-2019 |  1.0000 |  0.2438 | 3M | ZAR |  0.9987 |  2.06% ||
		| [02-MAY-2019 - 02-AUG-2019] => 02-AUG-2019 | 02-AUG-2019 |  1.0000 |  0.2521 | 3M | ZAR |  0.9978 |  2.06% ||
		| [02-AUG-2019 - 02-NOV-2019] => 02-NOV-2019 | 02-NOV-2019 |  1.0000 |  0.2521 | 3M | ZAR |  0.9966 |  2.06% ||
		| [02-NOV-2019 - 02-FEB-2020] => 02-FEB-2020 | 02-FEB-2020 |  1.0000 |  0.2521 | 3M | ZAR |  0.9950 |  2.06% ||
		| [02-FEB-2020 - 02-MAY-2020] => 02-MAY-2020 | 02-MAY-2020 |  1.0000 |  0.2466 | 3M | ZAR |  0.9927 |  2.06% ||
		| [02-MAY-2020 - 02-AUG-2020] => 02-AUG-2020 | 02-AUG-2020 |  1.0000 |  0.2521 | 3M | ZAR |  0.9898 |  2.06% ||
		| [02-AUG-2020 - 02-NOV-2020] => 02-NOV-2020 | 02-NOV-2020 |  1.0000 |  0.2521 | 3M | ZAR |  0.9861 |  2.06% ||
		| [02-NOV-2020 - 02-FEB-2021] => 02-FEB-2021 | 02-FEB-2021 |  1.0000 |  0.2521 | 3M | ZAR |  0.9745 |  2.06% ||
		| [02-FEB-2021 - 02-MAY-2021] => 02-MAY-2021 | 02-MAY-2021 |  1.0000 |  0.2438 | 3M | ZAR |  0.9704 |  2.06% ||
		| [02-MAY-2021 - 02-AUG-2021] => 02-AUG-2021 | 02-AUG-2021 |  1.0000 |  0.2521 | 3M | ZAR |  0.9658 |  2.06% ||
		| [02-AUG-2021 - 02-NOV-2021] => 02-NOV-2021 | 02-NOV-2021 |  1.0000 |  0.2521 | 3M | ZAR |  0.9607 |  2.06% ||
		| [02-NOV-2021 - 02-FEB-2022] => 02-FEB-2022 | 02-FEB-2022 |  1.0000 |  0.2521 | 3M | ZAR |  0.9552 |  2.06% ||
		| [02-FEB-2022 - 02-MAY-2022] => 02-MAY-2022 | 02-MAY-2022 |  1.0000 |  0.2438 | 3M | ZAR |  0.9492 |  2.06% ||
		| [02-MAY-2022 - 02-AUG-2022] => 02-AUG-2022 | 02-AUG-2022 |  1.0000 |  0.2521 | 3M | ZAR |  0.9425 |  2.06% ||
		| [02-AUG-2022 - 02-NOV-2022] => 02-NOV-2022 | 02-NOV-2022 |  1.0000 |  0.2521 | 3M | ZAR |  0.9352 |  2.06% ||
		| [02-NOV-2022 - 02-FEB-2023] => 02-FEB-2023 | 02-FEB-2023 |  1.0000 |  0.2521 | 3M | ZAR |  0.9272 |  2.06% ||
		| [02-FEB-2023 - 02-MAY-2023] => 02-MAY-2023 | 02-MAY-2023 |  1.0000 |  0.2438 | 3M | ZAR |  0.9189 |  2.06% ||
		| [02-MAY-2023 - 02-AUG-2023] => 02-AUG-2023 | 02-AUG-2023 |  1.0000 |  0.2521 | 3M | ZAR |  0.9100 |  2.06% ||
		| [02-AUG-2023 - 02-NOV-2023] => 02-NOV-2023 | 02-NOV-2023 |  1.0000 |  0.2521 | 3M | ZAR |  0.9007 |  2.06% ||
		|--------------------------------------------------------------------------------------------------------||
]]></system-out>
  <system-err><![CDATA[]]></system-err>
</testsuite>
