<?xml version="1.0" encoding="UTF-8"?>
<testsuite name="org.drip.coverage.quant.Numerical" tests="1" skipped="0" failures="0" errors="0" timestamp="2019-08-23T22:14:24" hostname="LAPTOP-2MU6A8KE" time="0.062">
  <properties/>
  <testcase name="codeCoverageTest" classname="org.drip.coverage.quant.Numerical" time="0.062"/>
  <system-out><![CDATA[--------
NEWTON START
-------
Root:  0.8655
		Initialization Done? true [0.036247999999999996 msec]
		Num Iterations: 20
		Num OF Calculations: 2
		Num OF Derivative Calculations: 0
		Starting Variate: 0.786431
		Left Bracket: 0.524287
		Right Bracket: 1.048575
		Left OF: 0.7215667230693629
		Right OF: -0.6541115856952653
	Root finding Done? true [0.080048 msec]
	Root: 0.8654740350009617
	Num Iterations: 3
	Num OF Calculations: 4
	Num OF Derivative Calculations: 3
--------
NEWTON FINISH
-------

--------
BISECTION START
-------
Root:  0.8655
		Initialization Done? true [0.056637 msec]
		Num Iterations: 20
		Num OF Calculations: 2
		Num OF Derivative Calculations: 0
		Starting Variate: 0.786431
		Left Bracket: 0.524287
		Right Bracket: 1.048575
		Left OF: 0.7215667230693629
		Right OF: -0.6541115856952653
	Root finding Done? true [0.114784 msec]
	Root: 0.8654740312499999
	Num Iterations: 23
	Num OF Calculations: 24
	Num OF Derivative Calculations: 0
--------
BISECTION FINISH
-------

--------
FALSE POSITION START
-------
Root:  0.8655
		Initialization Done? true [0.037003 msec]
		Num Iterations: 20
		Num OF Calculations: 2
		Num OF Derivative Calculations: 0
		Starting Variate: 0.786431
		Left Bracket: 0.524287
		Right Bracket: 1.048575
		Left OF: 0.7215667230693629
		Right OF: -0.6541115856952653
	Root finding Done? true [0.064566 msec]
	Root: 0.8654740280214827
	Num Iterations: 9
	Num OF Calculations: 10
	Num OF Derivative Calculations: 0
--------
FALSE POSITION FINISH
-------

--------
QUADRATIC INTERPOLATION START
-------
Root:  0.8655
		Initialization Done? true [0.018879 msec]
		Num Iterations: 20
		Num OF Calculations: 2
		Num OF Derivative Calculations: 0
		Starting Variate: 0.786431
		Left Bracket: 0.524287
		Right Bracket: 1.048575
		Left OF: 0.7215667230693629
		Right OF: -0.6541115856952653
	Root finding Done? true [0.048707999999999994 msec]
	Root: 0.8654740331031815
	Num Iterations: 3
	Num OF Calculations: 7
	Num OF Derivative Calculations: 0
--------
QUADRATIC INTERPOLATION FINISH
-------

--------
INVERSE QUADRATIC INTERPOLATION START
-------
Root:  0.8655
		Initialization Done? true [0.194454 msec]
		Num Iterations: 20
		Num OF Calculations: 2
		Num OF Derivative Calculations: 0
		Starting Variate: 0.786431
		Left Bracket: 0.524287
		Right Bracket: 1.048575
		Left OF: 0.7215667230693629
		Right OF: -0.6541115856952653
	Root finding Done? true [0.033982 msec]
	Root: 0.8654740329167204
	Num Iterations: 5
	Num OF Calculations: 11
	Num OF Derivative Calculations: 0
--------
INVERSE QUADRATIC INTERPOLATION FINISH
-------

--------
RIDDER START
-------
Root:  0.8655
		Initialization Done? true [0.014348 msec]
		Num Iterations: 20
		Num OF Calculations: 2
		Num OF Derivative Calculations: 0
		Starting Variate: 0.786431
		Left Bracket: 0.524287
		Right Bracket: 1.048575
		Left OF: 0.7215667230693629
		Right OF: -0.6541115856952653
	Root finding Done? true [0.18425899999999998 msec]
	Root: 0.865474026871266
	Num Iterations: 78
	Num OF Calculations: 157
	Num OF Derivative Calculations: 0
--------
RIDDER FINISH
-------

--------
BRENT START
-------
Root:  0.8655
		Initialization Done? true [0.024543 msec]
		Num Iterations: 20
		Num OF Calculations: 2
		Num OF Derivative Calculations: 0
		Starting Variate: 0.786431
		Left Bracket: 0.524287
		Right Bracket: 1.048575
		Left OF: 0.7215667230693629
		Right OF: -0.6541115856952653
	Root finding Done? true [0.07438399999999999 msec]
	Root: 0.8654740330962323
	Num Iterations: 7
	Num OF Calculations: 15
	Num OF Derivative Calculations: 0
--------
BRENT FINISH
-------

--------
ZHENG START
-------
Root:  0.8655
		Initialization Done? true [0.014348 msec]
		Num Iterations: 20
		Num OF Calculations: 2
		Num OF Derivative Calculations: 0
		Starting Variate: 0.786431
		Left Bracket: 0.524287
		Right Bracket: 1.048575
		Left OF: 0.7215667230693629
		Right OF: -0.6541115856952653
	Root finding Done? true [0.018879 msec]
	Root: 0.8654740329167204
	Num Iterations: 5
	Num OF Calculations: 11
	Num OF Derivative Calculations: 0
--------
ZHENG FINISH
-------


	-------------------------------------

		Actual      :  1.71828183
		Linear      :  1.71828183
		MidPoint     :  1.64872127
		Trapezoidal  :  1.85914091
		Simpson      :  1.71886115
		Simpson 38   :  1.71854015
		Boole        :  1.71828269

	-------------------------------------

		Actual      :  0.59147098
		Linear      :  0.59147099
		MidPoint     :  0.75258256
		Trapezoidal  :  0.27015115
		Simpson      :  0.59177209
		Simpson 38   :  0.59160437
		Boole        :  0.59147054

	-------------------------------------

		Actual      :  0.25000000
		Linear      :  0.25000000
		MidPoint     :  0.37500000
		Trapezoidal  :  0.00000000
		Simpson      :  0.25000000
		Simpson 38   :  0.25000000
		Boole        :  0.25000000

	-------------------------------------

	|--------------------------------------------|
	|  u =>  NO CORECT | ROT COUNT | KAHL JACKEL |
	|--------------------------------------------|
	| 00 =>  -0.001483 | -0.019878 |  0.002479   |
	| 00 =>  -0.016025 | -0.220668 |  0.027672   |
	| 00 =>  -0.029177 | -0.430184 |  0.054979   |
	| 00 =>  -0.039958 | -0.650289 |  0.086673   |
	| 00 =>  -0.047799 | -0.873050 |  0.125916   |
	| 01 =>  -0.052552 | -1.082459 |  0.177850   |
	| 01 =>  -0.054392 | -1.262305 |  0.252184   |
	| 01 =>  -0.053696 | -1.402864 |  0.370119   |
	| 01 =>  -0.050928 | -1.500957 |  0.585462   |
	| 01 =>  -0.046564 | -1.557102 |  1.038355   |
	| 01 =>  -0.041038 |  1.567188 | -1.340584   |
	| 01 =>  -0.034728 |  1.561612 | -0.785264   |
	| 01 =>  -0.027944 |  1.556634 | -0.522378   |
	| 01 =>  -0.020933 |  1.551974 | -0.385025   |
	| 01 =>  -0.013889 |  1.547589 | -0.301735   |
	| 02 =>  -0.006954 |  1.543464 | -0.245370   |
	| 02 =>  -0.000235 |  1.539585 | -0.204131   |
	| 02 =>   0.006194 |  1.535938 | -0.172191   |
	| 02 =>   0.012285 |  1.532510 | -0.146371   |
	| 02 =>   0.018005 |  1.529286 | -0.124798   |
	| 02 =>   0.023341 |  1.526254 | -0.106298   |
	| 02 =>   0.028288 |  1.523400 | -0.090102   |
	| 02 =>   0.032850 |  1.520713 | -0.075684   |
	| 02 =>   0.037036 |  1.518182 | -0.062673   |
	| 02 =>   0.040862 |  1.515795 | -0.050803   |
	| 03 =>   0.044345 |  1.513545 | -0.039875   |
	| 03 =>   0.047502 |  1.511421 | -0.029741   |
	| 03 =>   0.050354 |  1.509416 | -0.020287   |
	| 03 =>   0.052921 |  1.507522 | -0.011428   |
	| 03 =>   0.055222 |  1.505731 | -0.003096   |
	| 03 =>   0.057278 |  1.504037 |  0.004762   |
	| 03 =>   0.059107 |  1.502435 |  0.012187   |
	| 03 =>   0.060726 |  1.500917 |  0.019210   |
	| 03 =>   0.062153 |  1.499479 |  0.025857   |
	| 03 =>   0.063404 |  1.498116 |  0.032149   |
	| 04 =>   0.064494 |  1.533367 |  0.038101   |
	| 04 =>   0.065436 |  1.545332 |  0.043726   |
	| 04 =>   0.066244 |  1.551366 |  0.049034   |
	| 04 =>   0.066929 |  1.555010 |  0.054035   |
	| 04 =>   0.067503 |  1.557453 |  0.058735   |
	| 04 =>   0.067975 |  1.559208 |  0.063143   |
	| 04 =>   0.068356 |  1.560532 |  0.067264   |
	| 04 =>   0.068653 |  1.561567 |  0.071104   |
	| 04 =>   0.068875 |  1.562401 |  0.074671   |
	| 04 =>   0.069029 |  1.563087 |  0.077970   |
	| 05 =>   0.069122 |  1.563662 |  0.081010   |
	| 05 =>   0.069159 |  1.564152 |  0.083797   |
	| 05 =>   0.069145 |  1.564575 |  0.086338   |
	| 05 =>   0.069088 |  1.564943 |  0.088644   |
	| 05 =>   0.068989 |  1.565268 |  0.090722   |
	| 05 =>   0.068855 |  1.565556 |  0.092581   |
	| 05 =>   0.068688 |  1.565813 |  0.094232   |
	| 05 =>   0.068493 |  1.566045 |  0.095684   |
	| 05 =>   0.068272 |  1.566256 |  0.096948   |
	| 05 =>   0.068028 |  1.566447 |  0.098033   |
	| 06 =>   0.067764 |  1.566622 |  0.098950   |
	| 06 =>   0.067483 |  1.566782 |  0.099711   |
	| 06 =>   0.067185 |  1.566930 |  0.100324   |
	| 06 =>   0.066875 |  1.567067 |  0.100801   |
	| 06 =>   0.066552 |  1.567195 |  0.101151   |
	| 06 =>   0.066220 |  1.567313 |  0.101386   |
	| 06 =>   0.065878 |  1.567424 |  0.101513   |
	| 06 =>   0.065530 |  1.567527 |  0.101542   |
	| 06 =>   0.065175 |  1.567624 |  0.101483   |
	| 06 =>   0.064816 |  1.567715 |  0.101344   |
	| 07 =>   0.064452 |  1.567801 |  0.101133   |
	| 07 =>   0.064085 |  1.567883 |  0.100857   |
	| 07 =>   0.063717 |  1.567959 |  0.100524   |
	| 07 =>   0.063346 |  1.568032 |  0.100140   |
	| 07 =>   0.062975 |  1.568101 |  0.099711   |
	| 07 =>   0.062604 |  1.568167 |  0.099244   |
	| 07 =>   0.062233 |  1.568229 |  0.098744   |
	| 07 =>   0.061863 |  1.568288 |  0.098216   |
	| 07 =>   0.061494 |  1.568345 |  0.097663   |
	| 07 =>   0.061127 |  1.568399 |  0.097091   |
	| 08 =>   0.060762 |  1.568451 |  0.096503   |
	| 08 =>   0.060399 |  1.568501 |  0.095902   |
	| 08 =>   0.060039 |  1.568548 |  0.095292   |
	| 08 =>   0.059682 |  1.568594 |  0.094674   |
	| 08 =>   0.059328 |  1.568637 |  0.094052   |
	| 08 =>   0.058977 |  1.568679 |  0.093427   |
	| 08 =>   0.058630 |  1.568720 |  0.092802   |
	| 08 =>   0.058286 |  1.568758 |  0.092178   |
	| 08 =>   0.057947 |  1.568796 |  0.091556   |
	| 08 =>   0.057611 |  1.568832 |  0.090938   |
	| 09 =>   0.057279 |  1.568867 |  0.090326   |
	| 09 =>   0.056951 |  1.568900 |  0.089718   |
	| 09 =>   0.056628 |  1.568933 |  0.089118   |
	| 09 =>   0.056308 |  1.568964 |  0.088524   |
	| 09 =>   0.055993 |  1.568994 |  0.087938   |
	| 09 =>   0.055682 |  1.569024 |  0.087361   |
	| 09 =>   0.055376 |  1.569052 |  0.086792   |
	| 09 =>   0.055074 |  1.569079 |  0.086232   |
	| 09 =>   0.054776 |  1.569106 |  0.085681   |
	| 09 =>   0.054482 |  1.569132 |  0.085139   |
	| 10 =>   0.054193 |  1.569157 |  0.084606   |
	| 10 =>   0.053908 |  1.569181 |  0.084083   |
	| 10 =>   0.053628 |  1.569205 |  0.083569   |
	| 10 =>   0.053351 |  1.569228 |  0.083065   |
	| 10 =>   0.053079 |  1.569250 |  0.082570   |
	| 10 =>   0.052811 |  1.569272 |  0.082084   |
	| 10 =>   0.052548 |  1.569293 |  0.081607   |
	| 10 =>   0.052288 |  1.569314 |  0.081139   |
	| 10 =>   0.052033 |  1.569334 |  0.080681   |
	| 10 =>   0.051782 |  1.569353 |  0.080231   |
	| 11 =>   0.051534 |  1.569372 |  0.079790   |
	| 11 =>   0.051291 |  1.569390 |  0.079357   |
	| 11 =>   0.051051 |  1.569408 |  0.078933   |
	| 11 =>   0.050816 |  1.569426 |  0.078517   |
	| 11 =>   0.050584 |  1.569443 |  0.078110   |
	| 11 =>   0.050356 |  1.569460 |  0.077710   |
	| 11 =>   0.050131 |  1.569476 |  0.077318   |
	| 11 =>   0.049910 |  1.569492 |  0.076933   |
	| 11 =>   0.049693 |  1.569508 |  0.076556   |
	| 11 =>   0.049479 |  1.569523 |  0.076186   |
	| 12 =>   0.049269 |  1.569538 |  0.075824   |
	| 12 =>   0.049062 |  1.569552 |  0.075468   |
	| 12 =>   0.048858 |  1.569566 |  0.075119   |
	| 12 =>   0.048657 |  1.569580 |  0.074776   |
	| 12 =>   0.048460 |  1.569594 |  0.074440   |
	| 12 =>   0.048265 |  1.569607 |  0.074110   |
	| 12 =>   0.048074 |  1.569620 |  0.073787   |
	| 12 =>   0.047885 |  1.569633 |  0.073469   |
	| 12 =>   0.047699 |  1.569646 |  0.073157   |
	| 12 =>   0.047516 |  1.569658 |  0.072850   |
	| 13 =>   0.047336 |  1.569670 |  0.072549   |
	| 13 =>   0.047158 |  1.569681 |  0.072253   |
	| 13 =>   0.046982 |  1.569693 |  0.071962   |
	| 13 =>   0.046809 |  1.569704 |  0.071675   |
	| 13 =>   0.046639 |  1.569715 |  0.071394   |
	| 13 =>   0.046470 |  1.569726 |  0.071117   |
	| 13 =>   0.046304 |  1.569737 |  0.070844   |
	| 13 =>   0.046139 |  1.569747 |  0.070576   |
	| 13 =>   0.045977 |  1.569757 |  0.070312   |
	| 13 =>   0.045816 |  1.569767 |  0.070051   |
	| 14 =>   0.045657 |  1.569777 |  0.069794   |
	| 14 =>   0.045500 |  1.569787 |  0.069541   |
	| 14 =>   0.045345 |  1.569797 |  0.069290   |
	| 14 =>   0.045190 |  1.569806 |  0.069043   |
	| 14 =>   0.045037 |  1.569815 |  0.068799   |
	| 14 =>   0.044886 |  1.569824 |  0.068557   |
	| 14 =>   0.044735 |  1.569833 |  0.068318   |
	| 14 =>   0.044585 |  1.569842 |  0.068082   |
	| 14 =>   0.044437 |  1.569850 |  0.067847   |
	| 14 =>   0.044289 |  1.569859 |  0.067614   |
	| 15 =>   0.044141 |  1.569867 |  0.067383   |
	| 15 =>   0.043994 |  1.569875 |  0.067154   |
	| 15 =>   0.043848 |  1.569883 |  0.066926   |
	| 15 =>   0.043702 |  1.569891 |  0.066699   |
	| 15 =>   0.043556 |  1.569899 |  0.066472   |
	| 15 =>   0.043410 |  1.569906 |  0.066247   |
	| 15 =>   0.043263 |  1.569914 |  0.066022   |
	| 15 =>   0.043117 |  1.569921 |  0.065797   |
	| 15 =>   0.042970 |  1.569929 |  0.065572   |
	| 15 =>   0.042822 |  1.569936 |  0.065346   |
	| 16 =>   0.042674 |  1.569943 |  0.065120   |
	| 16 =>   0.042525 |  1.569950 |  0.064893   |
	| 16 =>   0.042374 |  1.569957 |  0.064665   |
	| 16 =>   0.042223 |  1.569963 |  0.064436   |
	| 16 =>   0.042070 |  1.569970 |  0.064205   |
	| 16 =>   0.041916 |  1.569976 |  0.063973   |
	| 16 =>   0.041760 |  1.569983 |  0.063738   |
	| 16 =>   0.041602 |  1.569989 |  0.063500   |
	| 16 =>   0.041442 |  1.569995 |  0.063260   |
	| 16 =>   0.041279 |  1.570002 |  0.063017   |
	| 17 =>   0.041115 |  1.570008 |  0.062771   |
	| 17 =>   0.040948 |  1.570014 |  0.062521   |
	| 17 =>   0.040777 |  1.570020 |  0.062267   |
	| 17 =>   0.040604 |  1.570025 |  0.062009   |
	| 17 =>   0.040428 |  1.570031 |  0.061746   |
	| 17 =>   0.040249 |  1.570037 |  0.061479   |
	| 17 =>   0.040066 |  1.570042 |  0.061206   |
	| 17 =>   0.039879 |  1.570048 |  0.060928   |
	| 17 =>   0.039688 |  1.570053 |  0.060644   |
	| 17 =>   0.039493 |  1.570059 |  0.060354   |
	| 18 =>   0.039294 |  1.570064 |  0.060058   |
	| 18 =>   0.039091 |  1.570069 |  0.059755   |
	| 18 =>   0.038883 |  1.570074 |  0.059444   |
	| 18 =>   0.038669 |  1.570079 |  0.059127   |
	| 18 =>   0.038451 |  1.570084 |  0.058801   |
	| 18 =>   0.038228 |  1.570089 |  0.058468   |
	| 18 =>   0.037999 |  1.570094 |  0.058127   |
	| 18 =>   0.037765 |  1.570099 |  0.057777   |
	| 18 =>   0.037525 |  1.570104 |  0.057418   |
	| 18 =>   0.037279 |  1.570108 |  0.057050   |
	| 19 =>   0.037027 |  1.570113 |  0.056672   |
	| 19 =>   0.036769 |  1.570118 |  0.056285   |
	| 19 =>   0.036504 |  1.570122 |  0.055889   |
	| 19 =>   0.036234 |  1.570126 |  0.055482   |
	| 19 =>   0.035956 |  1.570131 |  0.055065   |
	| 19 =>   0.035672 |  1.570135 |  0.054637   |
	| 19 =>   0.035382 |  1.570139 |  0.054199   |
	| 19 =>   0.035084 |  1.570144 |  0.053750   |
	| 19 =>   0.034780 |  1.570148 |  0.053291   |
	| 19 =>   0.034469 |  1.570152 |  0.052820   |
	| 20 =>   0.034151 |  1.570156 |  0.052339   |
	| 20 =>   0.033826 |  1.570160 |  0.051847   |
	| 20 =>   0.033495 |  1.570164 |  0.051343   |
	| 20 =>   0.033156 |  1.570168 |  0.050829   |
	| 20 =>   0.032811 |  1.570172 |  0.050304   |
	| 20 =>   0.032459 |  1.570175 |  0.049767   |
	| 20 =>   0.032101 |  1.570179 |  0.049221   |
	| 20 =>   0.031736 |  1.570183 |  0.048664   |
	| 20 =>   0.031364 |  1.570186 |  0.048096   |
	| 20 =>   0.030987 |  1.570190 |  0.047518   |
	| 21 =>   0.030603 |  1.570193 |  0.046931   |
	| 21 =>   0.030214 |  1.570197 |  0.046334   |
	| 21 =>   0.029819 |  1.570200 |  0.045728   |
	| 21 =>   0.029418 |  1.570204 |  0.045113   |
	| 21 =>   0.029013 |  1.570207 |  0.044490   |
	| 21 =>   0.028603 |  1.570210 |  0.043859   |
	| 21 =>   0.028188 |  1.570214 |  0.043220   |
	| 21 =>   0.027769 |  1.570217 |  0.042575   |
	| 21 =>   0.027346 |  1.570220 |  0.041923   |
	| 21 =>   0.026920 |  1.570223 |  0.041265   |
	| 22 =>   0.026491 |  1.570226 |  0.040602   |
	| 22 =>   0.026058 |  1.570229 |  0.039934   |
	| 22 =>   0.025624 |  1.570232 |  0.039261   |
	| 22 =>   0.025187 |  1.570235 |  0.038586   |
	| 22 =>   0.024749 |  1.570238 |  0.037907   |
	| 22 =>   0.024309 |  1.570241 |  0.037227   |
	| 22 =>   0.023869 |  1.570244 |  0.036544   |
	| 22 =>   0.023428 |  1.570246 |  0.035861   |
	| 22 =>   0.041471 |  1.570193 |  0.057816   |
	| 22 =>   0.041271 |  1.570197 |  0.057574   |
	| 23 =>   0.041060 |  1.570200 |  0.057318   |
	| 23 =>   0.040839 |  1.570204 |  0.057047   |
	| 23 =>   0.040609 |  1.570207 |  0.056763   |
	| 23 =>   0.040369 |  1.570210 |  0.056465   |
	| 23 =>   0.040121 |  1.570214 |  0.056153   |
	| 23 =>   0.039863 |  1.570217 |  0.055829   |
	| 23 =>   0.039597 |  1.570220 |  0.055492   |
	| 23 =>   0.039323 |  1.570224 |  0.055142   |
	| 23 =>   0.039041 |  1.570227 |  0.054781   |
	| 23 =>   0.038752 |  1.570230 |  0.054409   |
	| 24 =>   0.038455 |  1.570233 |  0.054026   |
	| 24 =>   0.038152 |  1.570236 |  0.053633   |
	| 24 =>   0.037843 |  1.570240 |  0.053230   |
	| 24 =>   0.037527 |  1.570243 |  0.052818   |
	| 24 =>   0.037206 |  1.570246 |  0.052397   |
	| 24 =>   0.036880 |  1.570249 |  0.051968   |
	| 24 =>   0.036549 |  1.570251 |  0.051531   |
	| 24 =>   0.036214 |  1.570254 |  0.051087   |
	| 24 =>   0.035875 |  1.570257 |  0.050636   |
	| 24 =>   0.035532 |  1.570260 |  0.050180   |
	| 25 =>   0.035186 |  1.570263 |  0.049718   |
	| 25 =>   0.034838 |  1.570266 |  0.049251   |
	| 25 =>   0.034487 |  1.570269 |  0.048780   |
	| 25 =>   0.034134 |  1.570271 |  0.048305   |
	| 25 =>   0.033779 |  1.570274 |  0.047826   |
	|--------------------------------------------|
]]></system-out>
  <system-err><![CDATA[]]></system-err>
</testsuite>
