<?xml version="1.0" encoding="UTF-8"?>
<testsuite name="org.drip.coverage.sequence.EfronStein" tests="1" skipped="0" failures="0" errors="0" timestamp="2019-08-23T22:14:24" hostname="LAPTOP-2MU6A8KE" time="127.142">
  <properties/>
  <testcase name="codeCoverageTest" classname="org.drip.coverage.sequence.EfronStein" time="127.142"/>
  <system-out><![CDATA[
	|-----------------------------------------------------------------|
	|    Copyright (C) 2011-2019 (DRIP, DROP)
	|-----------------------------------------------------------------|
	|    Build Version  => 4.19.0 multi mode
	|    Build JVM (TM) => 1.8.0_112
	|    Build Snap     => Thu Jul 04 22:11:11 EST 2019
	|    Start Time     => Fri Aug 23 18:14:24 EDT 2019
	|    Setup Time     => Fri Aug 23 18:14:24 EDT 2019
	|    Setup Duration => 0 ms
	|-----------------------------------------------------------------|


	|-----------------------------------------------|
	|  Martingale Differences Variance Upper Bound  |
	|-----------------------------------------------|
	|  03 =>  0.025 | 0.049 | 0.025 | 0.074 | 0.074 |
	|  10 =>  0.019 | 0.019 | 0.016 | 0.017 | 0.018 |
	|  25 =>  0.008 | 0.009 | 0.008 | 0.008 | 0.008 |
	|  50 =>  0.004 | 0.004 | 0.004 | 0.004 | 0.004 |
	|-----------------------------------------------|

	|-----------------------------------------------|
	|   Symmetrized Variate Variance Upper Bound    |
	|-----------------------------------------------|
	|  03 =>  0.025 | 0.049 | 0.074 | 0.049 | 0.049 |
	|  10 =>  0.021 | 0.023 | 0.020 | 0.017 | 0.014 |
	|  25 =>  0.008 | 0.008 | 0.008 | 0.008 | 0.008 |
	|  50 =>  0.004 | 0.004 | 0.004 | 0.004 | 0.004 |
	|-----------------------------------------------|

	|-----------------------------------------------|
	|    Efron-Stein-Steele Variance Upper Bound    |
	|-----------------------------------------------|
	|  03 =>  0.037 | 0.019 | 0.074 | 0.093 | 0.056 |
	|  10 =>  0.024 | 0.023 | 0.022 | 0.019 | 0.021 |
	|  25 =>  0.009 | 0.009 | 0.008 | 0.007 | 0.008 |
	|  50 =>  0.004 | 0.004 | 0.004 | 0.004 | 0.004 |
	|  75 =>  0.003 | 0.003 | 0.003 | 0.003 | 0.003 |
	|  99 =>  0.002 | 0.002 | 0.002 | 0.002 | 0.002 |
	|-----------------------------------------------|

	|-----------------------------------------------|
	|    Pivoted Differences Variance Upper Bound   |
	|-----------------------------------------------|
	|  03 =>  0.111 | 0.278 | 0.056 | 0.167 | 0.056 |
	|  10 =>  0.585 | 0.605 | 0.530 | 0.645 | 0.545 |
	|  25 =>  1.190 | 1.081 | 1.073 | 1.066 | 1.414 |
	|  50 =>  2.200 | 2.170 | 2.362 | 2.114 | 2.523 |
	|  75 =>  3.573 | 3.446 | 3.358 | 3.602 | 3.236 |
	|  99 =>  4.524 | 4.531 | 4.378 | 4.383 | 4.593 |
	|-----------------------------------------------|

	|-----------------------------------------------|
	|   Bounded Differences Variance Upper Bound    |
	|-----------------------------------------------|
	|  03 =>  0.105 | 0.105 | 0.105 | 0.105 | 0.105 |
	|  10 =>  0.105 | 0.105 | 0.105 | 0.105 | 0.105 |
	|  25 =>  0.105 | 0.105 | 0.105 | 0.105 | 0.105 |
	|  50 =>  0.105 | 0.105 | 0.105 | 0.105 | 0.105 |
	|  75 =>  0.105 | 0.105 | 0.105 | 0.105 | 0.105 |
	|  99 =>  0.105 | 0.105 | 0.105 | 0.105 | 0.105 |
	|-----------------------------------------------|

	|-----------------------------------------------------------------|
	|    Copyright (C) 2011-2019 (DRIP, DROP)
	|-----------------------------------------------------------------|
	|    Build Version  => 4.19.0 multi mode
	|    Build JVM (TM) => 1.8.0_112
	|    Build Snap     => Thu Jul 04 22:11:11 EST 2019
	|    Start Time     => Fri Aug 23 18:14:24 EDT 2019
	|    Setup Time     => Fri Aug 23 18:14:24 EDT 2019
	|    Finish Time    => Fri Aug 23 18:14:34 EDT 2019
	|    Setup Duration => 0 ms
	|    Run Duration   => 10 s 397 ms
	|-----------------------------------------------------------------|


	|-----------------------------------------------------------------|
	|    Copyright (C) 2011-2019 (DRIP, DROP)
	|-----------------------------------------------------------------|
	|    Build Version  => 4.19.0 multi mode
	|    Build JVM (TM) => 1.8.0_112
	|    Build Snap     => Thu Jul 04 22:11:11 EST 2019
	|    Start Time     => Fri Aug 23 18:14:34 EDT 2019
	|    Setup Time     => Fri Aug 23 18:14:34 EDT 2019
	|    Setup Duration => 0 ms
	|-----------------------------------------------------------------|


	|-----------------------------------------------|
	|  Martingale Differences Variance Upper Bound  |
	|-----------------------------------------------|
	|  03 =>  00.18 | 00.37 | 00.11 | 00.15 | 00.11 |
	|  10 =>  00.84 | 00.79 | 00.72 | 00.90 | 00.72 |
	|  25 =>  02.07 | 02.02 | 01.87 | 01.95 | 02.07 |
	|  50 =>  04.11 | 04.14 | 03.97 | 03.99 | 04.20 |
	|-----------------------------------------------|

	|-----------------------------------------------|
	|   Symmetrized Variate Variance Upper Bound    |
	|-----------------------------------------------|
	|  03 =>  00.16 | 00.16 | 00.23 | 00.33 | 00.16 |
	|  10 =>  00.73 | 00.88 | 00.75 | 00.74 | 00.69 |
	|  25 =>  02.05 | 02.05 | 02.07 | 01.93 | 01.96 |
	|  50 =>  03.94 | 04.21 | 04.23 | 04.18 | 04.14 |
	|-----------------------------------------------|

	|-----------------------------------------------|
	|    Efron-Stein-Steele Variance Upper Bound    |
	|-----------------------------------------------|
	|  03 =>  00.29 | 00.24 | 00.31 | 00.21 | 00.26 |
	|  10 =>  00.64 | 00.83 | 00.84 | 00.81 | 00.76 |
	|  25 =>  02.09 | 02.06 | 02.22 | 02.02 | 02.17 |
	|  50 =>  04.15 | 04.38 | 04.12 | 04.41 | 04.11 |
	|  75 =>  06.11 | 06.33 | 06.22 | 06.35 | 06.20 |
	|  99 =>  08.40 | 08.06 | 08.24 | 08.44 | 08.22 |
	|-----------------------------------------------|

	|-----------------------------------------------|
	|    Pivoted Differences Variance Upper Bound   |
	|-----------------------------------------------|
	|  03 =>  05.55 | 03.28 | 03.53 | 03.36 | 04.84 |
	|  10 =>  152.63 | 105.23 | 143.99 | 147.10 | 95.50 |
	|  25 =>  2136.78 | 1928.10 | 1820.21 | 1898.34 | 1795.30 |
	|  50 =>  16203.10 | 16498.43 | 15174.12 | 15860.12 | 15864.48 |
	|  75 =>  52887.92 | 53761.50 | 53713.69 | 53940.13 | 52844.57 |
	|  99 =>  121468.86 | 120533.67 | 120498.46 | 121386.21 | 122462.25 |
	|-----------------------------------------------|

	|-----------------------------------------------|
	|   Bounded Differences Variance Upper Bound    |
	|-----------------------------------------------|
	|  03 =>  01.50 | 01.50 | 01.50 | 01.50 | 01.50 |
	|  10 =>  05.00 | 05.00 | 05.00 | 05.00 | 05.00 |
	|  25 =>  12.50 | 12.50 | 12.50 | 12.50 | 12.50 |
	|  50 =>  25.00 | 25.00 | 25.00 | 25.00 | 25.00 |
	|  75 =>  37.50 | 37.50 | 37.50 | 37.50 | 37.50 |
	|  99 =>  49.50 | 49.50 | 49.50 | 49.50 | 49.50 |
	|-----------------------------------------------|

	|-----------------------------------------------------------------|
	|    Copyright (C) 2011-2019 (DRIP, DROP)
	|-----------------------------------------------------------------|
	|    Build Version  => 4.19.0 multi mode
	|    Build JVM (TM) => 1.8.0_112
	|    Build Snap     => Thu Jul 04 22:11:11 EST 2019
	|    Start Time     => Fri Aug 23 18:14:34 EDT 2019
	|    Setup Time     => Fri Aug 23 18:14:34 EDT 2019
	|    Finish Time    => Fri Aug 23 18:14:44 EDT 2019
	|    Setup Duration => 0 ms
	|    Run Duration   => 9 s 831 ms
	|-----------------------------------------------------------------|


	|-----------------------------------------------------------------|
	|    Copyright (C) 2011-2019 (DRIP, DROP)
	|-----------------------------------------------------------------|
	|    Build Version  => 4.19.0 multi mode
	|    Build JVM (TM) => 1.8.0_112
	|    Build Snap     => Thu Jul 04 22:11:11 EST 2019
	|    Start Time     => Fri Aug 23 18:14:44 EDT 2019
	|    Setup Time     => Fri Aug 23 18:14:44 EDT 2019
	|    Setup Duration => 0 ms
	|-----------------------------------------------------------------|


	|-----------------------------------------------|
	|  Martingale Differences Variance Upper Bound  |
	|-----------------------------------------------|
	|  03 =>  0.074 | 0.049 | 0.049 | 0.025 | 0.049 |
	|  10 =>  0.019 | 0.020 | 0.020 | 0.018 | 0.020 |
	|  25 =>  0.008 | 0.009 | 0.008 | 0.008 | 0.008 |
	|  50 =>  0.004 | 0.004 | 0.004 | 0.004 | 0.004 |
	|-----------------------------------------------|

	|-----------------------------------------------|
	|   Symmetrized Variate Variance Upper Bound    |
	|-----------------------------------------------|
	|  03 =>  0.074 | 0.074 | 0.049 | 0.049 | 0.049 |
	|  10 =>  0.020 | 0.020 | 0.016 | 0.018 | 0.022 |
	|  25 =>  0.008 | 0.009 | 0.008 | 0.008 | 0.008 |
	|  50 =>  0.004 | 0.004 | 0.004 | 0.004 | 0.004 |
	|-----------------------------------------------|

	|-----------------------------------------------|
	|    Efron-Stein-Steele Variance Upper Bound    |
	|-----------------------------------------------|
	|  03 =>  0.074 | 0.111 | 0.056 | 0.056 | 0.093 |
	|  10 =>  0.022 | 0.018 | 0.024 | 0.022 | 0.018 |
	|  25 =>  0.008 | 0.008 | 0.009 | 0.008 | 0.008 |
	|  50 =>  0.004 | 0.004 | 0.004 | 0.004 | 0.004 |
	|  75 =>  0.003 | 0.003 | 0.003 | 0.003 | 0.003 |
	|  99 =>  0.002 | 0.002 | 0.002 | 0.002 | 0.002 |
	|-----------------------------------------------|

	|-----------------------------------------------|
	|    Pivoted Differences Variance Upper Bound   |
	|-----------------------------------------------|
	|  03 =>  0.037 | 0.019 | 0.019 | 0.056 | 0.056 |
	|  10 =>  0.016 | 0.018 | 0.011 | 0.014 | 0.017 |
	|  25 =>  0.006 | 0.006 | 0.006 | 0.006 | 0.006 |
	|  50 =>  0.003 | 0.003 | 0.003 | 0.003 | 0.003 |
	|  75 =>  0.002 | 0.002 | 0.002 | 0.002 | 0.002 |
	|  99 =>  0.001 | 0.002 | 0.002 | 0.002 | 0.002 |
	|-----------------------------------------------|

	|-----------------------------------------------------------------|
	|    Copyright (C) 2011-2019 (DRIP, DROP)
	|-----------------------------------------------------------------|
	|    Build Version  => 4.19.0 multi mode
	|    Build JVM (TM) => 1.8.0_112
	|    Build Snap     => Thu Jul 04 22:11:11 EST 2019
	|    Start Time     => Fri Aug 23 18:14:44 EDT 2019
	|    Setup Time     => Fri Aug 23 18:14:44 EDT 2019
	|    Finish Time    => Fri Aug 23 18:15:45 EDT 2019
	|    Setup Duration => 0 ms
	|    Run Duration   => 1 m 610 ms
	|-----------------------------------------------------------------|


	|-----------------------------------------------------------------|
	|    Copyright (C) 2011-2019 (DRIP, DROP)
	|-----------------------------------------------------------------|
	|    Build Version  => 4.19.0 multi mode
	|    Build JVM (TM) => 1.8.0_112
	|    Build Snap     => Thu Jul 04 22:11:11 EST 2019
	|    Start Time     => Fri Aug 23 18:15:45 EDT 2019
	|    Setup Time     => Fri Aug 23 18:15:45 EDT 2019
	|    Setup Duration => 0 ms
	|-----------------------------------------------------------------|


	|-----------------------------------------------|
	|  Martingale Differences Variance Upper Bound  |
	|-----------------------------------------------|
	|  03 =>  0.025 | 0.000 | 0.049 | 0.000 | 0.025 |
	|  10 =>  0.021 | 0.016 | 0.017 | 0.019 | 0.019 |
	|  25 =>  0.008 | 0.008 | 0.008 | 0.008 | 0.009 |
	|  50 =>  0.004 | 0.004 | 0.004 | 0.004 | 0.004 |
	|-----------------------------------------------|

	|-----------------------------------------------|
	|   Symmetrized Variate Variance Upper Bound    |
	|-----------------------------------------------|
	|  03 =>  0.074 | 0.074 | 0.074 | 0.025 | 0.025 |
	|  10 =>  0.019 | 0.018 | 0.019 | 0.020 | 0.019 |
	|  25 =>  0.008 | 0.008 | 0.009 | 0.008 | 0.008 |
	|  50 =>  0.004 | 0.004 | 0.004 | 0.004 | 0.004 |
	|-----------------------------------------------|

	|-----------------------------------------------|
	|    Efron-Stein-Steele Variance Upper Bound    |
	|-----------------------------------------------|
	|  03 =>  0.111 | 0.111 | 0.093 | 0.093 | 0.093 |
	|  10 =>  0.022 | 0.021 | 0.022 | 0.021 | 0.022 |
	|  25 =>  0.008 | 0.009 | 0.008 | 0.008 | 0.009 |
	|  50 =>  0.004 | 0.004 | 0.004 | 0.004 | 0.004 |
	|  75 =>  0.003 | 0.003 | 0.003 | 0.003 | 0.003 |
	|  99 =>  0.002 | 0.002 | 0.002 | 0.002 | 0.002 |
	|-----------------------------------------------|

	|-----------------------------------------------|
	|    Pivoted Differences Variance Upper Bound   |
	|-----------------------------------------------|
	|  03 =>  0.059 | 0.082 | 0.082 | 0.067 | 0.059 |
	|  10 =>  0.019 | 0.018 | 0.020 | 0.019 | 0.019 |
	|  25 =>  0.007 | 0.007 | 0.008 | 0.007 | 0.007 |
	|  50 =>  0.004 | 0.004 | 0.004 | 0.004 | 0.004 |
	|  75 =>  0.002 | 0.002 | 0.002 | 0.002 | 0.002 |
	|  99 =>  0.002 | 0.002 | 0.002 | 0.002 | 0.002 |
	|-----------------------------------------------|

	|-----------------------------------------------|
	|   Bounded Differences Variance Upper Bound    |
	|-----------------------------------------------|
	|  03 =>  0.500 | 0.500 | 0.500 | 0.500 | 0.500 |
	|  10 =>  0.500 | 0.500 | 0.500 | 0.500 | 0.500 |
	|  25 =>  0.500 | 0.500 | 0.500 | 0.500 | 0.500 |
	|  50 =>  0.500 | 0.500 | 0.500 | 0.500 | 0.500 |
	|  75 =>  0.500 | 0.500 | 0.500 | 0.500 | 0.500 |
	|  99 =>  0.500 | 0.500 | 0.500 | 0.500 | 0.500 |
	|-----------------------------------------------|

	|-----------------------------------------------------------------|
	|    Copyright (C) 2011-2019 (DRIP, DROP)
	|-----------------------------------------------------------------|
	|    Build Version  => 4.19.0 multi mode
	|    Build JVM (TM) => 1.8.0_112
	|    Build Snap     => Thu Jul 04 22:11:11 EST 2019
	|    Start Time     => Fri Aug 23 18:15:45 EDT 2019
	|    Setup Time     => Fri Aug 23 18:15:45 EDT 2019
	|    Finish Time    => Fri Aug 23 18:15:53 EDT 2019
	|    Setup Duration => 0 ms
	|    Run Duration   => 7 s 873 ms
	|-----------------------------------------------------------------|


	|-----------------------------------------------------------------|
	|    Copyright (C) 2011-2019 (DRIP, DROP)
	|-----------------------------------------------------------------|
	|    Build Version  => 4.19.0 multi mode
	|    Build JVM (TM) => 1.8.0_112
	|    Build Snap     => Thu Jul 04 22:11:11 EST 2019
	|    Start Time     => Fri Aug 23 18:15:53 EDT 2019
	|    Setup Time     => Fri Aug 23 18:15:53 EDT 2019
	|    Setup Duration => 0 ms
	|-----------------------------------------------------------------|


	|-----------------------------------------------|
	|  Martingale Differences Variance Upper Bound  |
	|-----------------------------------------------|
	|  03 =>  0.889 | 0.593 | 1.481 | 1.037 | 1.630 |
	|  10 =>  0.373 | 0.000 | 0.014 | 0.000 | 0.124 |
	|  25 =>  0.000 | 0.000 | 0.000 | 0.000 | 0.000 |
	|  50 =>  0.000 | 0.000 | 0.000 | 0.000 | 0.000 |
	|-----------------------------------------------|

	|-----------------------------------------------|
	|   Symmetrized Variate Variance Upper Bound    |
	|-----------------------------------------------|
	|  03 =>  1.037 | 1.037 | 0.296 | 1.037 | 1.185 |
	|  10 =>  0.096 | 0.000 | 0.000 | 0.000 | 0.000 |
	|  25 =>  0.000 | 0.000 | 0.000 | 0.000 | 0.000 |
	|  50 =>  0.000 | 0.000 | 0.000 | 0.000 | 0.000 |
	|-----------------------------------------------|

	|-----------------------------------------------|
	|    Efron-Stein-Steele Variance Upper Bound    |
	|-----------------------------------------------|
	|  03 =>  0.000 | 1.333 | 2.000 | 0.000 | 1.333 |
	|  10 =>  1.000 | 0.200 | 0.000 | 0.200 | 0.600 |
	|  25 =>  0.000 | 0.000 | 0.000 | 0.000 | 0.000 |
	|  50 =>  0.000 | 0.000 | 0.000 | 0.000 | 0.000 |
	|  75 =>  0.000 | 0.000 | 0.000 | 0.000 | 0.000 |
	|  99 =>  0.000 | 0.000 | 0.000 | 0.000 | 0.000 |
	|-----------------------------------------------|

	|-----------------------------------------------|
	|    Pivoted Differences Variance Upper Bound   |
	|-----------------------------------------------|
	|  03 =>  2.000 | 2.000 | 0.000 | 4.000 | 2.000 |
	|  10 =>  20.000 | 18.000 | 18.000 | 16.000 | 18.000 |
	|  25 =>  50.000 | 50.000 | 50.000 | 50.000 | 50.000 |
	|  50 =>  100.000 | 100.000 | 100.000 | 100.000 | 100.000 |
	|  75 =>  150.000 | 150.000 | 150.000 | 150.000 | 150.000 |
	|  99 =>  198.000 | 198.000 | 198.000 | 198.000 | 198.000 |
	|-----------------------------------------------|

	|-----------------------------------------------------------------|
	|    Copyright (C) 2011-2019 (DRIP, DROP)
	|-----------------------------------------------------------------|
	|    Build Version  => 4.19.0 multi mode
	|    Build JVM (TM) => 1.8.0_112
	|    Build Snap     => Thu Jul 04 22:11:11 EST 2019
	|    Start Time     => Fri Aug 23 18:15:53 EDT 2019
	|    Setup Time     => Fri Aug 23 18:15:53 EDT 2019
	|    Finish Time    => Fri Aug 23 18:16:25 EDT 2019
	|    Setup Duration => 0 ms
	|    Run Duration   => 31 s 931 ms
	|-----------------------------------------------------------------|


	|-----------------------------------------------------------------|
	|    Copyright (C) 2011-2019 (DRIP, DROP)
	|-----------------------------------------------------------------|
	|    Build Version  => 4.19.0 multi mode
	|    Build JVM (TM) => 1.8.0_112
	|    Build Snap     => Thu Jul 04 22:11:11 EST 2019
	|    Start Time     => Fri Aug 23 18:16:25 EDT 2019
	|    Setup Time     => Fri Aug 23 18:16:25 EDT 2019
	|    Setup Duration => 0 ms
	|-----------------------------------------------------------------|


	|-----------------------------------------------|
	|  Martingale Differences Variance Upper Bound  |
	|-----------------------------------------------|
	|  03 =>  00.00 | 00.00 | 00.00 | 00.00 | 00.00 |
	|  10 =>  00.00 | 00.00 | 00.00 | 00.00 | 00.00 |
	|  25 =>  00.00 | 00.00 | 00.00 | 00.00 | 00.00 |
	|-----------------------------------------------|

	|-----------------------------------------------|
	|   Symmetrized Variate Variance Upper Bound    |
	|-----------------------------------------------|
	|  03 =>  00.00 | 00.00 | 00.00 | 00.00 | 00.00 |
	|  10 =>  00.00 | 00.00 | 00.00 | 00.00 | 00.00 |
	|  25 =>  00.00 | 00.00 | 00.00 | 00.00 | 00.00 |
	|-----------------------------------------------|

	|-----------------------------------------------|
	|    Efron-Stein-Steele Variance Upper Bound    |
	|-----------------------------------------------|
	|  03 =>  00.00 | 00.00 | 00.00 | 00.00 | 00.00 |
	|  10 =>  00.00 | 00.00 | 00.00 | 00.00 | 00.00 |
	|  25 =>  00.00 | 00.00 | 00.00 | 00.00 | 00.00 |
	|  50 =>  00.00 | 00.00 | 00.00 | 00.00 | 00.00 |
	|  75 =>  00.00 | 00.00 | 00.00 | 00.00 | 00.00 |
	|  99 =>  00.00 | 00.00 | 00.00 | 00.00 | 00.00 |
	|-----------------------------------------------|

	|-----------------------------------------------|
	|    Pivoted Differences Variance Upper Bound   |
	|-----------------------------------------------|
	|  03 =>  00.06 | 00.06 | 00.06 | 00.06 | 00.06 |
	|  10 =>  00.21 | 00.21 | 00.21 | 00.21 | 00.21 |
	|  25 =>  00.54 | 00.54 | 00.54 | 00.54 | 00.54 |
	|  50 =>  01.07 | 01.07 | 01.07 | 01.07 | 01.07 |
	|  75 =>  01.61 | 01.61 | 01.61 | 01.61 | 01.61 |
	|  99 =>  02.12 | 02.12 | 02.12 | 02.12 | 02.12 |
	|-----------------------------------------------|

	|-----------------------------------------------|
	|   Bounded Differences Variance Upper Bound    |
	|-----------------------------------------------|
	|  03 =>  01.50 | 01.50 | 01.50 | 01.50 | 01.50 |
	|  10 =>  05.00 | 05.00 | 05.00 | 05.00 | 05.00 |
	|  25 =>  12.50 | 12.50 | 12.50 | 12.50 | 12.50 |
	|  50 =>  25.00 | 25.00 | 25.00 | 25.00 | 25.00 |
	|  75 =>  37.50 | 37.50 | 37.50 | 37.50 | 37.50 |
	|  99 =>  49.50 | 49.50 | 49.50 | 49.50 | 49.50 |
	|-----------------------------------------------|

	|-----------------------------------------------------------------|
	|    Copyright (C) 2011-2019 (DRIP, DROP)
	|-----------------------------------------------------------------|
	|    Build Version  => 4.19.0 multi mode
	|    Build JVM (TM) => 1.8.0_112
	|    Build Snap     => Thu Jul 04 22:11:11 EST 2019
	|    Start Time     => Fri Aug 23 18:16:25 EDT 2019
	|    Setup Time     => Fri Aug 23 18:16:25 EDT 2019
	|    Finish Time    => Fri Aug 23 18:16:25 EDT 2019
	|    Setup Duration => 0 ms
	|    Run Duration   => 110 ms
	|-----------------------------------------------------------------|


	|-----------------------------------------------------------------|
	|    Copyright (C) 2011-2019 (DRIP, DROP)
	|-----------------------------------------------------------------|
	|    Build Version  => 4.19.0 multi mode
	|    Build JVM (TM) => 1.8.0_112
	|    Build Snap     => Thu Jul 04 22:11:11 EST 2019
	|    Start Time     => Fri Aug 23 18:16:25 EDT 2019
	|    Setup Time     => Fri Aug 23 18:16:25 EDT 2019
	|    Setup Duration => 0 ms
	|-----------------------------------------------------------------|


	|-----------------------------------------------|
	|  Martingale Differences Variance Upper Bound  |
	|-----------------------------------------------|
	|  03 =>  00.44 | 00.37 | 00.41 | 00.26 | 00.44 |
	|  10 =>  01.81 | 01.93 | 01.97 | 01.85 | 01.87 |
	|  25 =>  05.39 | 04.66 | 04.87 | 05.03 | 05.16 |
	|-----------------------------------------------|

	|-----------------------------------------------|
	|   Symmetrized Variate Variance Upper Bound    |
	|-----------------------------------------------|
	|  03 =>  00.56 | 00.48 | 00.30 | 00.59 | 00.41 |
	|  10 =>  01.73 | 02.17 | 01.63 | 01.75 | 01.98 |
	|  25 =>  05.74 | 05.17 | 05.58 | 05.15 | 05.32 |
	|-----------------------------------------------|

	|-----------------------------------------------|
	|    Efron-Stein-Steele Variance Upper Bound    |
	|-----------------------------------------------|
	|  03 =>  00.83 | 00.50 | 00.83 | 00.83 | 00.50 |
	|  10 =>  02.05 | 01.85 | 01.90 | 01.70 | 02.10 |
	|  25 =>  05.76 | 04.84 | 05.00 | 05.28 | 05.36 |
	|  50 =>  11.02 | 10.83 | 10.66 | 10.38 | 10.64 |
	|  75 =>  15.95 | 16.44 | 15.79 | 15.97 | 16.24 |
	|  99 =>  21.25 | 20.70 | 21.18 | 21.47 | 21.01 |
	|-----------------------------------------------|

	|-----------------------------------------------|
	|    Pivoted Differences Variance Upper Bound   |
	|-----------------------------------------------|
	|  03 =>  01.17 | 00.33 | 00.67 | 00.17 | 00.83 |
	|  10 =>  02.40 | 03.30 | 02.95 | 02.85 | 03.20 |
	|  25 =>  07.08 | 06.98 | 06.84 | 06.16 | 06.94 |
	|  50 =>  13.20 | 13.59 | 13.85 | 13.42 | 13.65 |
	|  75 =>  19.56 | 21.03 | 20.56 | 19.86 | 20.05 |
	|  99 =>  25.97 | 27.26 | 25.93 | 26.30 | 26.93 |
	|-----------------------------------------------|

	|-----------------------------------------------|
	|   Bounded Differences Variance Upper Bound    |
	|-----------------------------------------------|
	|  03 =>  01.50 | 01.50 | 01.50 | 01.50 | 01.50 |
	|  10 =>  05.00 | 05.00 | 05.00 | 05.00 | 05.00 |
	|  25 =>  12.50 | 12.50 | 12.50 | 12.50 | 12.50 |
	|  50 =>  25.00 | 25.00 | 25.00 | 25.00 | 25.00 |
	|  75 =>  37.50 | 37.50 | 37.50 | 37.50 | 37.50 |
	|  99 =>  49.50 | 49.50 | 49.50 | 49.50 | 49.50 |
	|-----------------------------------------------|

	|-----------------------------------------------------------------|
	|    Copyright (C) 2011-2019 (DRIP, DROP)
	|-----------------------------------------------------------------|
	|    Build Version  => 4.19.0 multi mode
	|    Build JVM (TM) => 1.8.0_112
	|    Build Snap     => Thu Jul 04 22:11:11 EST 2019
	|    Start Time     => Fri Aug 23 18:16:25 EDT 2019
	|    Setup Time     => Fri Aug 23 18:16:25 EDT 2019
	|    Finish Time    => Fri Aug 23 18:16:31 EDT 2019
	|    Setup Duration => 0 ms
	|    Run Duration   => 6 s 141 ms
	|-----------------------------------------------------------------|


	|-----------------------------------------------------------------|
	|    Copyright (C) 2011-2019 (DRIP, DROP)
	|-----------------------------------------------------------------|
	|    Build Version  => 4.19.0 multi mode
	|    Build JVM (TM) => 1.8.0_112
	|    Build Snap     => Thu Jul 04 22:11:11 EST 2019
	|    Start Time     => Fri Aug 23 18:16:31 EDT 2019
	|    Setup Time     => Fri Aug 23 18:16:31 EDT 2019
	|    Setup Duration => 0 ms
	|-----------------------------------------------------------------|


	|-----------------------------------------------|
	|  Martingale Differences Variance Upper Bound  |
	|-----------------------------------------------|
	|  03 =>  00.00 | 00.00 | 00.00 | 00.00 | 00.00 |
	|  10 =>  00.00 | 00.00 | 00.00 | 00.00 | 00.00 |
	|  25 =>  00.00 | 00.00 | 00.00 | 00.00 | 00.00 |
	|-----------------------------------------------|

	|-----------------------------------------------|
	|   Symmetrized Variate Variance Upper Bound    |
	|-----------------------------------------------|
	|  03 =>  00.00 | 00.00 | 00.00 | 00.00 | 00.00 |
	|  10 =>  00.00 | 00.00 | 00.00 | 00.00 | 00.00 |
	|  25 =>  00.00 | 00.00 | 00.00 | 00.00 | 00.00 |
	|-----------------------------------------------|

	|-----------------------------------------------|
	|    Efron-Stein-Steele Variance Upper Bound    |
	|-----------------------------------------------|
	|  03 =>  00.00 | 00.00 | 00.00 | 00.00 | 00.00 |
	|  10 =>  00.00 | 00.00 | 00.00 | 00.00 | 00.00 |
	|  25 =>  00.00 | 00.00 | 00.00 | 00.00 | 00.00 |
	|  50 =>  00.00 | 00.00 | 00.00 | 00.00 | 00.00 |
	|  75 =>  00.00 | 00.00 | 00.00 | 00.00 | 00.00 |
	|  99 =>  00.00 | 00.00 | 00.00 | 00.00 | 00.00 |
	|-----------------------------------------------|

	|-----------------------------------------------|
	|    Pivoted Differences Variance Upper Bound   |
	|-----------------------------------------------|
	|  03 =>  00.00 | 00.00 | 00.00 | 00.00 | 00.00 |
	|  10 =>  00.00 | 00.00 | 00.00 | 00.00 | 00.00 |
	|  25 =>  00.00 | 00.00 | 00.00 | 00.00 | 00.00 |
	|  50 =>  00.00 | 00.00 | 00.00 | 00.00 | 00.00 |
	|  75 =>  00.00 | 00.00 | 00.00 | 00.00 | 00.00 |
	|  99 =>  00.00 | 00.00 | 00.00 | 00.00 | 00.00 |
	|-----------------------------------------------|

	|-----------------------------------------------|
	|   Bounded Differences Variance Upper Bound    |
	|-----------------------------------------------|
	|  03 =>  00.75 | 00.75 | 00.75 | 00.75 | 00.75 |
	|  10 =>  02.50 | 02.50 | 02.50 | 02.50 | 02.50 |
	|  25 =>  06.25 | 06.25 | 06.25 | 06.25 | 06.25 |
	|  50 =>  12.50 | 12.50 | 12.50 | 12.50 | 12.50 |
	|  75 =>  18.75 | 18.75 | 18.75 | 18.75 | 18.75 |
	|  99 =>  24.75 | 24.75 | 24.75 | 24.75 | 24.75 |
	|-----------------------------------------------|

	|-----------------------------------------------------------------|
	|    Copyright (C) 2011-2019 (DRIP, DROP)
	|-----------------------------------------------------------------|
	|    Build Version  => 4.19.0 multi mode
	|    Build JVM (TM) => 1.8.0_112
	|    Build Snap     => Thu Jul 04 22:11:11 EST 2019
	|    Start Time     => Fri Aug 23 18:16:31 EDT 2019
	|    Setup Time     => Fri Aug 23 18:16:31 EDT 2019
	|    Finish Time    => Fri Aug 23 18:16:31 EDT 2019
	|    Setup Duration => 0 ms
	|    Run Duration   => 101 ms
	|-----------------------------------------------------------------|

]]></system-out>
  <system-err><![CDATA[]]></system-err>
</testsuite>
