<?xml version="1.0" encoding="UTF-8"?>
<testsuite name="org.drip.coverage.service.Env" tests="1" skipped="0" failures="0" errors="0" timestamp="2018-11-03T03:10:12" hostname="LAPTOP-2MU6A8KE" time="0.0">
  <properties/>
  <testcase name="codeCoverageTest" classname="org.drip.coverage.service.Env" time="0.0"/>
  <system-out><![CDATA[]]></system-out>
  <system-err><![CDATA[]]></system-err>
</testsuite>
