<?xml version="1.0" encoding="UTF-8"?>
<testsuite name="org.drip.coverage.learning.CoveringNumber" tests="1" skipped="0" failures="0" errors="0" timestamp="2019-08-23T22:14:07" hostname="LAPTOP-2MU6A8KE" time="0.015">
  <properties/>
  <testcase name="codeCoverageTest" classname="org.drip.coverage.learning.CoveringNumber" time="0.015"/>
  <system-out><![CDATA[
	|-----------------------------------------------------------------|
	|    Copyright (C) 2011-2019 (DRIP, DROP)
	|-----------------------------------------------------------------|
	|    Build Version  => 4.19.0 multi mode
	|    Build JVM (TM) => 1.8.0_112
	|    Build Snap     => Thu Jul 04 22:11:11 EST 2019
	|    Start Time     => Fri Aug 23 18:14:07 EDT 2019
	|    Setup Time     => Fri Aug 23 18:14:07 EDT 2019
	|    Setup Duration => 0 ms
	|-----------------------------------------------------------------|


	||------------------------------------------||
	||    Bounded  Function  Covering Number    ||
	||    -------  --------  -------- ------    ||
	|| L -> R:                                  ||
	||   Variation Bound Covering Number Lower  ||
	||   Variation Bound Covering Number Upper  ||
	||    Absolute Bound Covering Number Lower  ||
	||    Absolute Bound Covering Number Upper  ||
	||------------------------------------------||
	|| [ 0.02] => -0.08 -> 6.03 |  1.32 -> 6.47 ||
	|| [ 0.03] => -0.48 -> 5.62 |  1.15 -> 6.06 ||
	|| [ 0.04] => -0.77 -> 5.34 |  1.01 -> 5.77 ||
	|| [ 0.05] => -0.99 -> 5.11 |  0.90 -> 5.55 ||
	|| [ 0.06] => -1.18 -> 4.93 |  0.80 -> 5.37 ||
	|| [ 0.07] => -1.33 -> 4.78 |  0.72 -> 5.21 ||
	|| [ 0.08] => -1.46 -> 4.64 |  0.64 -> 5.08 ||
	||------------------------------------------||

	|-----------------------------------------------------------------|
	|    Copyright (C) 2011-2019 (DRIP, DROP)
	|-----------------------------------------------------------------|
	|    Build Version  => 4.19.0 multi mode
	|    Build JVM (TM) => 1.8.0_112
	|    Build Snap     => Thu Jul 04 22:11:11 EST 2019
	|    Start Time     => Fri Aug 23 18:14:07 EDT 2019
	|    Setup Time     => Fri Aug 23 18:14:07 EDT 2019
	|    Finish Time    => Fri Aug 23 18:14:07 EDT 2019
	|    Setup Duration => 0 ms
	|    Run Duration   => 2 ms
	|-----------------------------------------------------------------|


	|-----------------------------------------------------------------|
	|    Copyright (C) 2011-2019 (DRIP, DROP)
	|-----------------------------------------------------------------|
	|    Build Version  => 4.19.0 multi mode
	|    Build JVM (TM) => 1.8.0_112
	|    Build Snap     => Thu Jul 04 22:11:11 EST 2019
	|    Start Time     => Fri Aug 23 18:14:07 EDT 2019
	|    Setup Time     => Fri Aug 23 18:14:07 EDT 2019
	|    Setup Duration => 0 ms
	|-----------------------------------------------------------------|


	||------------------------------------------------||
	||    Scale    Sensitive    Covering   Numbers    ||
	||    -----    ---------    --------   -------    ||
	|| L -> R:                                        ||
	||   Sample Size Lower Bound                      ||
	||   Restricted Subset Cardinality                ||
	||   Probability of the Cover Weight Upper Bound  ||
	||   Log Log Covering Number Lower Bound          ||
	||   Log Log Covering Number Upper Bound          ||
	||------------------------------------------------||
	|| [ 500] =>  9.0 | 522 | -19530 |  6.26 -> -1.16 ||
	|| [ 600] =>  3.7 | 607 | -28124 |  6.41 -> -1.16 ||
	|| [ 700] => -0.7 | 683 | -38280 |  6.53 -> -1.16 ||
	|| [ 800] => -4.6 | 752 | -49999 |  6.62 -> -1.16 ||
	|| [ 900] => -8.0 | 816 | -63280 |  6.70 -> -1.16 ||
	|| [ 960] => -9.9 | 852 | -71999 |  6.75 -> -1.16 ||
	||------------------------------------------------||

	|-----------------------------------------------------------------|
	|    Copyright (C) 2011-2019 (DRIP, DROP)
	|-----------------------------------------------------------------|
	|    Build Version  => 4.19.0 multi mode
	|    Build JVM (TM) => 1.8.0_112
	|    Build Snap     => Thu Jul 04 22:11:11 EST 2019
	|    Start Time     => Fri Aug 23 18:14:07 EDT 2019
	|    Setup Time     => Fri Aug 23 18:14:07 EDT 2019
	|    Finish Time    => Fri Aug 23 18:14:07 EDT 2019
	|    Setup Duration => 0 ms
	|    Run Duration   => 1 ms
	|-----------------------------------------------------------------|

]]></system-out>
  <system-err><![CDATA[]]></system-err>
</testsuite>
