<?xml version="1.0" encoding="UTF-8"?>
<testsuite name="org.drip.coverage.template.ForwardRateFutures" tests="1" skipped="0" failures="0" errors="0" timestamp="2018-11-03T03:34:54" hostname="LAPTOP-2MU6A8KE" time="0.497">
  <properties/>
  <testcase name="codeCoverageTest" classname="org.drip.coverage.template.ForwardRateFutures" time="0.497"/>
  <system-out><![CDATA[
	|-----------------------------------------------------------------|
	|    Copyright (C) 2011-2018 (DRIP)
	|-----------------------------------------------------------------|
	|    Build Version  => 3.86.0 multi mode
	|    Build JVM (TM) => 1.8.0_112
	|    Build Snap     => Fri Nov 02 21:22:20 EST 2018
	|    Start Time     => Fri Nov 02 23:34:54 EDT 2018
	|    Setup Time     => Fri Nov 02 23:34:54 EDT 2018
	|    Setup Duration => 0 ms
	|-----------------------------------------------------------------|

	 | accrualcoupon => NaN ||
	 | accrued => 0.0 ||
	 | accrued01 => 0.0 ||
	 | calctime => 6.154500000000001E-5 ||
	 | cleandv01 => 2.463530173577036E-5 ||
	 | cleanprice => 100.06651531468658 ||
	 | cleanpv => 6.651531468657325E-4 ||
	 | compoundingadjustedcleandv01 => 2.463530173577036E-5 ||
	 | compoundingadjustedcleanprice => 100.06651531468658 ||
	 | compoundingadjustedcleanpv => 6.651531468657325E-4 ||
	 | compoundingadjusteddirtydv01 => 2.463530173577036E-5 ||
	 | compoundingadjusteddirtyprice => 100.06651531468658 ||
	 | compoundingadjusteddirtypv => 6.651531468657325E-4 ||
	 | compoundingadjustedfairpremium => 0.002699999999999727 ||
	 | compoundingadjustedparrate => 0.002699999999999727 ||
	 | compoundingadjustedprice => 100.06651531468658 ||
	 | compoundingadjustedpv => 6.651531468657325E-4 ||
	 | compoundingadjustedrate => 0.002699999999999727 ||
	 | compoundingadjustedupfront => 6.651531468657325E-4 ||
	 | compoundingadjustmentfactor => 1.0 ||
	 | compoundingadjustmentpremium => 0.0 ||
	 | compoundingadjustmentpremiumupfront => 0.0 ||
	 | creditforwardconvexityadjustedcleandv01 => 2.463530173577036E-5 ||
	 | creditforwardconvexityadjustedcleanprice => 100.06651531468658 ||
	 | creditforwardconvexityadjustedcleanpv => 6.651531468657325E-4 ||
	 | creditforwardconvexityadjusteddirtydv01 => 2.463530173577036E-5 ||
	 | creditforwardconvexityadjusteddirtyprice => 100.06651531468658 ||
	 | creditforwardconvexityadjusteddirtypv => 6.651531468657325E-4 ||
	 | creditforwardconvexityadjusteddv01 => 2.463530173577036E-5 ||
	 | creditforwardconvexityadjustedfairpremium => 0.002699999999999727 ||
	 | creditforwardconvexityadjustedparrate => 0.002699999999999727 ||
	 | creditforwardconvexityadjustedprice => 100.06651531468658 ||
	 | creditforwardconvexityadjustedpv => 6.651531468657325E-4 ||
	 | creditforwardconvexityadjustedrate => 0.002699999999999727 ||
	 | creditforwardconvexityadjustedupfront => 6.651531468657325E-4 ||
	 | creditforwardconvexityadjustmentfactor => 1.0 ||
	 | creditforwardconvexityadjustmentpremium => 0.0 ||
	 | creditforwardconvexityadjustmentpremiumupfront => 0.0 ||
	 | creditfundingconvexityadjustedcleandv01 => 2.463530173577036E-5 ||
	 | creditfundingconvexityadjustedcleanprice => 100.06651531468658 ||
	 | creditfundingconvexityadjustedcleanpv => 6.651531468657325E-4 ||
	 | creditfundingconvexityadjusteddirtydv01 => 2.463530173577036E-5 ||
	 | creditfundingconvexityadjusteddirtyprice => 100.06651531468658 ||
	 | creditfundingconvexityadjusteddirtypv => 6.651531468657325E-4 ||
	 | creditfundingconvexityadjusteddv01 => 2.463530173577036E-5 ||
	 | creditfundingconvexityadjustedfairpremium => 0.002699999999999727 ||
	 | creditfundingconvexityadjustedparrate => 0.002699999999999727 ||
	 | creditfundingconvexityadjustedprice => 100.06651531468658 ||
	 | creditfundingconvexityadjustedpv => 6.651531468657325E-4 ||
	 | creditfundingconvexityadjustedrate => 0.002699999999999727 ||
	 | creditfundingconvexityadjustedupfront => 6.651531468657325E-4 ||
	 | creditfundingconvexityadjustmentfactor => 1.0 ||
	 | creditfundingconvexityadjustmentpremium => 0.0 ||
	 | creditfundingconvexityadjustmentpremiumupfront => 0.0 ||
	 | creditfxconvexityadjustedcleandv01 => 2.463530173577036E-5 ||
	 | creditfxconvexityadjustedcleanprice => 100.06651531468658 ||
	 | creditfxconvexityadjustedcleanpv => 6.651531468657325E-4 ||
	 | creditfxconvexityadjusteddirtydv01 => 2.463530173577036E-5 ||
	 | creditfxconvexityadjusteddirtyprice => 100.06651531468658 ||
	 | creditfxconvexityadjusteddirtypv => 6.651531468657325E-4 ||
	 | creditfxconvexityadjusteddv01 => 2.463530173577036E-5 ||
	 | creditfxconvexityadjustedfairpremium => 0.002699999999999727 ||
	 | creditfxconvexityadjustedparrate => 0.002699999999999727 ||
	 | creditfxconvexityadjustedprice => 100.06651531468658 ||
	 | creditfxconvexityadjustedpv => 6.651531468657325E-4 ||
	 | creditfxconvexityadjustedrate => 0.002699999999999727 ||
	 | creditfxconvexityadjustedupfront => 6.651531468657325E-4 ||
	 | creditfxconvexityadjustmentfactor => 1.0 ||
	 | creditfxconvexityadjustmentpremium => 0.0 ||
	 | creditfxconvexityadjustmentpremiumupfront => 0.0 ||
	 | cumulativeconvexityadjustedcleandv01 => 2.463530173577036E-5 ||
	 | cumulativeconvexityadjustedcleanprice => 100.06651531468658 ||
	 | cumulativeconvexityadjustedcleanpv => 6.651531468657325E-4 ||
	 | cumulativeconvexityadjusteddirtydv01 => 2.463530173577036E-5 ||
	 | cumulativeconvexityadjusteddirtyprice => 100.06651531468658 ||
	 | cumulativeconvexityadjusteddirtypv => 6.651531468657325E-4 ||
	 | cumulativeconvexityadjusteddv01 => 2.463530173577036E-5 ||
	 | cumulativeconvexityadjustedfairpremium => 0.002699999999999727 ||
	 | cumulativeconvexityadjustedparrate => 0.002699999999999727 ||
	 | cumulativeconvexityadjustedprice => 100.06651531468658 ||
	 | cumulativeconvexityadjustedpv => 6.651531468657325E-4 ||
	 | cumulativeconvexityadjustedrate => 0.002699999999999727 ||
	 | cumulativeconvexityadjustedupfront => 6.651531468657325E-4 ||
	 | cumulativeconvexityadjustmentfactor => 1.0 ||
	 | cumulativeconvexityadjustmentpremium => 0.0 ||
	 | cumulativeconvexityadjustmentpremiumupfront => 0.0 ||
	 | cumulativecouponamount => 0.0 ||
	 | cumulativecoupondcf => 0.0 ||
	 | cv01 => 2.463530173577036E-5 ||
	 | dirtydv01 => 2.463530173577036E-5 ||
	 | dirtyprice => 100.06651531468658 ||
	 | dirtypv => 6.651531468657325E-4 ||
	 | dv01 => 2.463530173577036E-5 ||
	 | fairpremium => 0.002699999999999727 ||
	 | fixing01 => 0.0 ||
	 | forwardfundingconvexityadjustedcleandv01 => 2.463530173577036E-5 ||
	 | forwardfundingconvexityadjustedcleanprice => 100.06651531468658 ||
	 | forwardfundingconvexityadjustedcleanpv => 6.651531468657325E-4 ||
	 | forwardfundingconvexityadjusteddirtydv01 => 2.463530173577036E-5 ||
	 | forwardfundingconvexityadjusteddirtyprice => 100.06651531468658 ||
	 | forwardfundingconvexityadjusteddirtypv => 6.651531468657325E-4 ||
	 | forwardfundingconvexityadjusteddv01 => 2.463530173577036E-5 ||
	 | forwardfundingconvexityadjustedfairpremium => 0.002699999999999727 ||
	 | forwardfundingconvexityadjustedparrate => 0.002699999999999727 ||
	 | forwardfundingconvexityadjustedprice => 100.06651531468658 ||
	 | forwardfundingconvexityadjustedpv => 6.651531468657325E-4 ||
	 | forwardfundingconvexityadjustedrate => 0.002699999999999727 ||
	 | forwardfundingconvexityadjustedupfront => 6.651531468657325E-4 ||
	 | forwardfundingconvexityadjustmentfactor => 1.0 ||
	 | forwardfundingconvexityadjustmentpremium => 0.0 ||
	 | forwardfundingconvexityadjustmentpremiumupfront => 0.0 ||
	 | forwardfxconvexityadjustedcleandv01 => 2.463530173577036E-5 ||
	 | forwardfxconvexityadjustedcleanprice => 100.06651531468658 ||
	 | forwardfxconvexityadjustedcleanpv => 6.651531468657325E-4 ||
	 | forwardfxconvexityadjusteddirtydv01 => 2.463530173577036E-5 ||
	 | forwardfxconvexityadjusteddirtyprice => 100.06651531468658 ||
	 | forwardfxconvexityadjusteddirtypv => 6.651531468657325E-4 ||
	 | forwardfxconvexityadjusteddv01 => 2.463530173577036E-5 ||
	 | forwardfxconvexityadjustedfairpremium => 0.002699999999999727 ||
	 | forwardfxconvexityadjustedparrate => 0.002699999999999727 ||
	 | forwardfxconvexityadjustedprice => 100.06651531468658 ||
	 | forwardfxconvexityadjustedpv => 6.651531468657325E-4 ||
	 | forwardfxconvexityadjustedrate => 0.002699999999999727 ||
	 | forwardfxconvexityadjustedupfront => 6.651531468657325E-4 ||
	 | forwardfxconvexityadjustmentfactor => 1.0 ||
	 | forwardfxconvexityadjustmentpremium => 0.0 ||
	 | forwardfxconvexityadjustmentpremiumupfront => 0.0 ||
	 | forwardrate => 0.002699999999999727 ||
	 | fundingfxconvexityadjustedcleandv01 => 2.463530173577036E-5 ||
	 | fundingfxconvexityadjustedcleanprice => 100.06651531468658 ||
	 | fundingfxconvexityadjustedcleanpv => 6.651531468657325E-4 ||
	 | fundingfxconvexityadjusteddirtydv01 => 2.463530173577036E-5 ||
	 | fundingfxconvexityadjusteddirtyprice => 100.06651531468658 ||
	 | fundingfxconvexityadjusteddirtypv => 6.651531468657325E-4 ||
	 | fundingfxconvexityadjusteddv01 => 2.463530173577036E-5 ||
	 | fundingfxconvexityadjustedfairpremium => 0.002699999999999727 ||
	 | fundingfxconvexityadjustedparrate => 0.002699999999999727 ||
	 | fundingfxconvexityadjustedprice => 100.06651531468658 ||
	 | fundingfxconvexityadjustedpv => 6.651531468657325E-4 ||
	 | fundingfxconvexityadjustedrate => 0.002699999999999727 ||
	 | fundingfxconvexityadjustedupfront => 6.651531468657325E-4 ||
	 | fundingfxconvexityadjustmentfactor => 1.0 ||
	 | fundingfxconvexityadjustmentpremium => 0.0 ||
	 | fundingfxconvexityadjustmentpremiumupfront => 0.0 ||
	 | parrate => 0.002699999999999727 ||
	 | price => 100.06651531468658 ||
	 | pv => 6.651531468657325E-4 ||
	 | rate => 0.002699999999999727 ||
	 | resetdate => -2.147483648E9 ||
	 | resetrate => NaN ||
	 | totalcoupon => 0.0026999999999997274 ||
	 | unadjustedcleandv01 => 2.463530173577036E-5 ||
	 | unadjustedcleanprice => 100.06651531468658 ||
	 | unadjustedcleanpv => 6.651531468657325E-4 ||
	 | unadjusteddirtydv01 => 2.463530173577036E-5 ||
	 | unadjusteddirtyprice => 100.06651531468658 ||
	 | unadjusteddirtypv => 6.651531468657325E-4 ||
	 | unadjustedfairpremium => 0.002699999999999727 ||
	 | unadjustedparrate => 0.002699999999999727 ||
	 | unadjustedprice => 100.06651531468658 ||
	 | unadjustedpv => 6.651531468657325E-4 ||
	 | unadjustedrate => 0.002699999999999727 ||
	 | unadjustedupfront => 6.651531468657325E-4 ||
	 | upfront => 6.651531468657325E-4 ||
	 |------------------------------||


		|----------------------------------------------------------------------------------------------------------------------||
		|    Cash Flow Details                                                                                                 ||
		|    -----------------                                                                                                 ||
		|               Start Date                                                                                             ||
		|               End Date                                                                                               ||
		|               Pay Date                                                                                               ||
		|               FX Fixing Date                                                                                         ||
		|               Base Notional                                                                                          ||
		|               Period DCF                                                                                             ||
		|               Tenor                                                                                                  ||
		|               Funding Label                                                                                          ||
		|               Forward Label                                                                                          ||
		|               Pay Discount Factor                                                                                    ||
		|               Coupon Rate                                                                                            ||
		|----------------------------------------------------------------------------------------------------------------------||
		| [15-DEC-2018 - 15-MAR-2019] => 15-MAR-2019 | 15-MAR-2019 |  1.0000 |  0.2466 | 3M | AUD | AUD-BBSW-3M |  0.9991 |  0.27% ||
		|----------------------------------------------------------------------------------------------------------------------||

	|-----------------------------------------------------------------|
	|    Copyright (C) 2011-2018 (DRIP)
	|-----------------------------------------------------------------|
	|    Build Version  => 3.86.0 multi mode
	|    Build JVM (TM) => 1.8.0_112
	|    Build Snap     => Fri Nov 02 21:22:20 EST 2018
	|    Start Time     => Fri Nov 02 23:34:54 EDT 2018
	|    Setup Time     => Fri Nov 02 23:34:54 EDT 2018
	|    Setup Duration => 0 ms
	|-----------------------------------------------------------------|

	 | accrualcoupon => NaN ||
	 | accrued => 0.0 ||
	 | accrued01 => 0.0 ||
	 | calctime => 5.9657E-5 ||
	 | cleandv01 => 2.463536952317711E-5 ||
	 | cleanprice => 100.06651549771257 ||
	 | cleanpv => 6.651549771257148E-4 ||
	 | compoundingadjustedcleandv01 => 2.463536952317711E-5 ||
	 | compoundingadjustedcleanprice => 100.06651549771257 ||
	 | compoundingadjustedcleanpv => 6.651549771257148E-4 ||
	 | compoundingadjusteddirtydv01 => 2.463536952317711E-5 ||
	 | compoundingadjusteddirtyprice => 100.06651549771257 ||
	 | compoundingadjusteddirtypv => 6.651549771257148E-4 ||
	 | compoundingadjustedfairpremium => 0.0026999999999997274 ||
	 | compoundingadjustedparrate => 0.0026999999999997274 ||
	 | compoundingadjustedprice => 100.06651549771257 ||
	 | compoundingadjustedpv => 6.651549771257148E-4 ||
	 | compoundingadjustedrate => 0.0026999999999997274 ||
	 | compoundingadjustedupfront => 6.651549771257148E-4 ||
	 | compoundingadjustmentfactor => 1.0 ||
	 | compoundingadjustmentpremium => 0.0 ||
	 | compoundingadjustmentpremiumupfront => 0.0 ||
	 | creditforwardconvexityadjustedcleandv01 => 2.463536952317711E-5 ||
	 | creditforwardconvexityadjustedcleanprice => 100.06651549771257 ||
	 | creditforwardconvexityadjustedcleanpv => 6.651549771257148E-4 ||
	 | creditforwardconvexityadjusteddirtydv01 => 2.463536952317711E-5 ||
	 | creditforwardconvexityadjusteddirtyprice => 100.06651549771257 ||
	 | creditforwardconvexityadjusteddirtypv => 6.651549771257148E-4 ||
	 | creditforwardconvexityadjusteddv01 => 2.463536952317711E-5 ||
	 | creditforwardconvexityadjustedfairpremium => 0.0026999999999997274 ||
	 | creditforwardconvexityadjustedparrate => 0.0026999999999997274 ||
	 | creditforwardconvexityadjustedprice => 100.06651549771257 ||
	 | creditforwardconvexityadjustedpv => 6.651549771257148E-4 ||
	 | creditforwardconvexityadjustedrate => 0.0026999999999997274 ||
	 | creditforwardconvexityadjustedupfront => 6.651549771257148E-4 ||
	 | creditforwardconvexityadjustmentfactor => 1.0 ||
	 | creditforwardconvexityadjustmentpremium => 0.0 ||
	 | creditforwardconvexityadjustmentpremiumupfront => 0.0 ||
	 | creditfundingconvexityadjustedcleandv01 => 2.463536952317711E-5 ||
	 | creditfundingconvexityadjustedcleanprice => 100.06651549771257 ||
	 | creditfundingconvexityadjustedcleanpv => 6.651549771257148E-4 ||
	 | creditfundingconvexityadjusteddirtydv01 => 2.463536952317711E-5 ||
	 | creditfundingconvexityadjusteddirtyprice => 100.06651549771257 ||
	 | creditfundingconvexityadjusteddirtypv => 6.651549771257148E-4 ||
	 | creditfundingconvexityadjusteddv01 => 2.463536952317711E-5 ||
	 | creditfundingconvexityadjustedfairpremium => 0.0026999999999997274 ||
	 | creditfundingconvexityadjustedparrate => 0.0026999999999997274 ||
	 | creditfundingconvexityadjustedprice => 100.06651549771257 ||
	 | creditfundingconvexityadjustedpv => 6.651549771257148E-4 ||
	 | creditfundingconvexityadjustedrate => 0.0026999999999997274 ||
	 | creditfundingconvexityadjustedupfront => 6.651549771257148E-4 ||
	 | creditfundingconvexityadjustmentfactor => 1.0 ||
	 | creditfundingconvexityadjustmentpremium => 0.0 ||
	 | creditfundingconvexityadjustmentpremiumupfront => 0.0 ||
	 | creditfxconvexityadjustedcleandv01 => 2.463536952317711E-5 ||
	 | creditfxconvexityadjustedcleanprice => 100.06651549771257 ||
	 | creditfxconvexityadjustedcleanpv => 6.651549771257148E-4 ||
	 | creditfxconvexityadjusteddirtydv01 => 2.463536952317711E-5 ||
	 | creditfxconvexityadjusteddirtyprice => 100.06651549771257 ||
	 | creditfxconvexityadjusteddirtypv => 6.651549771257148E-4 ||
	 | creditfxconvexityadjusteddv01 => 2.463536952317711E-5 ||
	 | creditfxconvexityadjustedfairpremium => 0.0026999999999997274 ||
	 | creditfxconvexityadjustedparrate => 0.0026999999999997274 ||
	 | creditfxconvexityadjustedprice => 100.06651549771257 ||
	 | creditfxconvexityadjustedpv => 6.651549771257148E-4 ||
	 | creditfxconvexityadjustedrate => 0.0026999999999997274 ||
	 | creditfxconvexityadjustedupfront => 6.651549771257148E-4 ||
	 | creditfxconvexityadjustmentfactor => 1.0 ||
	 | creditfxconvexityadjustmentpremium => 0.0 ||
	 | creditfxconvexityadjustmentpremiumupfront => 0.0 ||
	 | cumulativeconvexityadjustedcleandv01 => 2.463536952317711E-5 ||
	 | cumulativeconvexityadjustedcleanprice => 100.06651549771257 ||
	 | cumulativeconvexityadjustedcleanpv => 6.651549771257148E-4 ||
	 | cumulativeconvexityadjusteddirtydv01 => 2.463536952317711E-5 ||
	 | cumulativeconvexityadjusteddirtyprice => 100.06651549771257 ||
	 | cumulativeconvexityadjusteddirtypv => 6.651549771257148E-4 ||
	 | cumulativeconvexityadjusteddv01 => 2.463536952317711E-5 ||
	 | cumulativeconvexityadjustedfairpremium => 0.0026999999999997274 ||
	 | cumulativeconvexityadjustedparrate => 0.0026999999999997274 ||
	 | cumulativeconvexityadjustedprice => 100.06651549771257 ||
	 | cumulativeconvexityadjustedpv => 6.651549771257148E-4 ||
	 | cumulativeconvexityadjustedrate => 0.0026999999999997274 ||
	 | cumulativeconvexityadjustedupfront => 6.651549771257148E-4 ||
	 | cumulativeconvexityadjustmentfactor => 1.0 ||
	 | cumulativeconvexityadjustmentpremium => 0.0 ||
	 | cumulativeconvexityadjustmentpremiumupfront => 0.0 ||
	 | cumulativecouponamount => 0.0 ||
	 | cumulativecoupondcf => 0.0 ||
	 | cv01 => 2.463536952317711E-5 ||
	 | dirtydv01 => 2.463536952317711E-5 ||
	 | dirtyprice => 100.06651549771257 ||
	 | dirtypv => 6.651549771257148E-4 ||
	 | dv01 => 2.463536952317711E-5 ||
	 | fairpremium => 0.0026999999999997274 ||
	 | fixing01 => 0.0 ||
	 | forwardfundingconvexityadjustedcleandv01 => 2.463536952317711E-5 ||
	 | forwardfundingconvexityadjustedcleanprice => 100.06651549771257 ||
	 | forwardfundingconvexityadjustedcleanpv => 6.651549771257148E-4 ||
	 | forwardfundingconvexityadjusteddirtydv01 => 2.463536952317711E-5 ||
	 | forwardfundingconvexityadjusteddirtyprice => 100.06651549771257 ||
	 | forwardfundingconvexityadjusteddirtypv => 6.651549771257148E-4 ||
	 | forwardfundingconvexityadjusteddv01 => 2.463536952317711E-5 ||
	 | forwardfundingconvexityadjustedfairpremium => 0.0026999999999997274 ||
	 | forwardfundingconvexityadjustedparrate => 0.0026999999999997274 ||
	 | forwardfundingconvexityadjustedprice => 100.06651549771257 ||
	 | forwardfundingconvexityadjustedpv => 6.651549771257148E-4 ||
	 | forwardfundingconvexityadjustedrate => 0.0026999999999997274 ||
	 | forwardfundingconvexityadjustedupfront => 6.651549771257148E-4 ||
	 | forwardfundingconvexityadjustmentfactor => 1.0 ||
	 | forwardfundingconvexityadjustmentpremium => 0.0 ||
	 | forwardfundingconvexityadjustmentpremiumupfront => 0.0 ||
	 | forwardfxconvexityadjustedcleandv01 => 2.463536952317711E-5 ||
	 | forwardfxconvexityadjustedcleanprice => 100.06651549771257 ||
	 | forwardfxconvexityadjustedcleanpv => 6.651549771257148E-4 ||
	 | forwardfxconvexityadjusteddirtydv01 => 2.463536952317711E-5 ||
	 | forwardfxconvexityadjusteddirtyprice => 100.06651549771257 ||
	 | forwardfxconvexityadjusteddirtypv => 6.651549771257148E-4 ||
	 | forwardfxconvexityadjusteddv01 => 2.463536952317711E-5 ||
	 | forwardfxconvexityadjustedfairpremium => 0.0026999999999997274 ||
	 | forwardfxconvexityadjustedparrate => 0.0026999999999997274 ||
	 | forwardfxconvexityadjustedprice => 100.06651549771257 ||
	 | forwardfxconvexityadjustedpv => 6.651549771257148E-4 ||
	 | forwardfxconvexityadjustedrate => 0.0026999999999997274 ||
	 | forwardfxconvexityadjustedupfront => 6.651549771257148E-4 ||
	 | forwardfxconvexityadjustmentfactor => 1.0 ||
	 | forwardfxconvexityadjustmentpremium => 0.0 ||
	 | forwardfxconvexityadjustmentpremiumupfront => 0.0 ||
	 | forwardrate => 0.0026999999999997274 ||
	 | fundingfxconvexityadjustedcleandv01 => 2.463536952317711E-5 ||
	 | fundingfxconvexityadjustedcleanprice => 100.06651549771257 ||
	 | fundingfxconvexityadjustedcleanpv => 6.651549771257148E-4 ||
	 | fundingfxconvexityadjusteddirtydv01 => 2.463536952317711E-5 ||
	 | fundingfxconvexityadjusteddirtyprice => 100.06651549771257 ||
	 | fundingfxconvexityadjusteddirtypv => 6.651549771257148E-4 ||
	 | fundingfxconvexityadjusteddv01 => 2.463536952317711E-5 ||
	 | fundingfxconvexityadjustedfairpremium => 0.0026999999999997274 ||
	 | fundingfxconvexityadjustedparrate => 0.0026999999999997274 ||
	 | fundingfxconvexityadjustedprice => 100.06651549771257 ||
	 | fundingfxconvexityadjustedpv => 6.651549771257148E-4 ||
	 | fundingfxconvexityadjustedrate => 0.0026999999999997274 ||
	 | fundingfxconvexityadjustedupfront => 6.651549771257148E-4 ||
	 | fundingfxconvexityadjustmentfactor => 1.0 ||
	 | fundingfxconvexityadjustmentpremium => 0.0 ||
	 | fundingfxconvexityadjustmentpremiumupfront => 0.0 ||
	 | parrate => 0.0026999999999997274 ||
	 | price => 100.06651549771257 ||
	 | pv => 6.651549771257148E-4 ||
	 | rate => 0.0026999999999997274 ||
	 | resetdate => -2.147483648E9 ||
	 | resetrate => NaN ||
	 | totalcoupon => 0.0026999999999997274 ||
	 | unadjustedcleandv01 => 2.463536952317711E-5 ||
	 | unadjustedcleanprice => 100.06651549771257 ||
	 | unadjustedcleanpv => 6.651549771257148E-4 ||
	 | unadjusteddirtydv01 => 2.463536952317711E-5 ||
	 | unadjusteddirtyprice => 100.06651549771257 ||
	 | unadjusteddirtypv => 6.651549771257148E-4 ||
	 | unadjustedfairpremium => 0.0026999999999997274 ||
	 | unadjustedparrate => 0.0026999999999997274 ||
	 | unadjustedprice => 100.06651549771257 ||
	 | unadjustedpv => 6.651549771257148E-4 ||
	 | unadjustedrate => 0.0026999999999997274 ||
	 | unadjustedupfront => 6.651549771257148E-4 ||
	 | upfront => 6.651549771257148E-4 ||
	 |------------------------------||


		|----------------------------------------------------------------------------------------------------------------------||
		|    Cash Flow Details                                                                                                 ||
		|    -----------------                                                                                                 ||
		|               Start Date                                                                                             ||
		|               End Date                                                                                               ||
		|               Pay Date                                                                                               ||
		|               FX Fixing Date                                                                                         ||
		|               Base Notional                                                                                          ||
		|               Period DCF                                                                                             ||
		|               Tenor                                                                                                  ||
		|               Funding Label                                                                                          ||
		|               Forward Label                                                                                          ||
		|               Pay Discount Factor                                                                                    ||
		|               Coupon Rate                                                                                            ||
		|----------------------------------------------------------------------------------------------------------------------||
		| [15-DEC-2018 - 15-MAR-2019] => 15-MAR-2019 | 15-MAR-2019 |  1.0000 |  0.2466 | 3M | CAD | CAD-CDOR-3M |  0.9991 |  0.27% ||
		|----------------------------------------------------------------------------------------------------------------------||

	|-----------------------------------------------------------------|
	|    Copyright (C) 2011-2018 (DRIP)
	|-----------------------------------------------------------------|
	|    Build Version  => 3.86.0 multi mode
	|    Build JVM (TM) => 1.8.0_112
	|    Build Snap     => Fri Nov 02 21:22:20 EST 2018
	|    Start Time     => Fri Nov 02 23:34:54 EDT 2018
	|    Setup Time     => Fri Nov 02 23:34:54 EDT 2018
	|    Setup Duration => 0 ms
	|-----------------------------------------------------------------|

	 | accrualcoupon => NaN ||
	 | accrued => 0.0 ||
	 | accrued01 => 0.0 ||
	 | calctime => 6.154500000000001E-5 ||
	 | cleandv01 => 2.4977145861741676E-5 ||
	 | cleanprice => 100.0674382938267 ||
	 | cleanpv => 6.743829382670065E-4 ||
	 | compoundingadjustedcleandv01 => 2.4977145861741676E-5 ||
	 | compoundingadjustedcleanprice => 100.0674382938267 ||
	 | compoundingadjustedcleanpv => 6.743829382670065E-4 ||
	 | compoundingadjusteddirtydv01 => 2.4977145861741676E-5 ||
	 | compoundingadjusteddirtyprice => 100.0674382938267 ||
	 | compoundingadjusteddirtypv => 6.743829382670065E-4 ||
	 | compoundingadjustedfairpremium => 0.002699999999999925 ||
	 | compoundingadjustedparrate => 0.002699999999999925 ||
	 | compoundingadjustedprice => 100.0674382938267 ||
	 | compoundingadjustedpv => 6.743829382670065E-4 ||
	 | compoundingadjustedrate => 0.002699999999999925 ||
	 | compoundingadjustedupfront => 6.743829382670065E-4 ||
	 | compoundingadjustmentfactor => 1.0 ||
	 | compoundingadjustmentpremium => 0.0 ||
	 | compoundingadjustmentpremiumupfront => 0.0 ||
	 | creditforwardconvexityadjustedcleandv01 => 2.4977145861741676E-5 ||
	 | creditforwardconvexityadjustedcleanprice => 100.0674382938267 ||
	 | creditforwardconvexityadjustedcleanpv => 6.743829382670065E-4 ||
	 | creditforwardconvexityadjusteddirtydv01 => 2.4977145861741676E-5 ||
	 | creditforwardconvexityadjusteddirtyprice => 100.0674382938267 ||
	 | creditforwardconvexityadjusteddirtypv => 6.743829382670065E-4 ||
	 | creditforwardconvexityadjusteddv01 => 2.4977145861741676E-5 ||
	 | creditforwardconvexityadjustedfairpremium => 0.002699999999999925 ||
	 | creditforwardconvexityadjustedparrate => 0.002699999999999925 ||
	 | creditforwardconvexityadjustedprice => 100.0674382938267 ||
	 | creditforwardconvexityadjustedpv => 6.743829382670065E-4 ||
	 | creditforwardconvexityadjustedrate => 0.002699999999999925 ||
	 | creditforwardconvexityadjustedupfront => 6.743829382670065E-4 ||
	 | creditforwardconvexityadjustmentfactor => 1.0 ||
	 | creditforwardconvexityadjustmentpremium => 0.0 ||
	 | creditforwardconvexityadjustmentpremiumupfront => 0.0 ||
	 | creditfundingconvexityadjustedcleandv01 => 2.4977145861741676E-5 ||
	 | creditfundingconvexityadjustedcleanprice => 100.0674382938267 ||
	 | creditfundingconvexityadjustedcleanpv => 6.743829382670065E-4 ||
	 | creditfundingconvexityadjusteddirtydv01 => 2.4977145861741676E-5 ||
	 | creditfundingconvexityadjusteddirtyprice => 100.0674382938267 ||
	 | creditfundingconvexityadjusteddirtypv => 6.743829382670065E-4 ||
	 | creditfundingconvexityadjusteddv01 => 2.4977145861741676E-5 ||
	 | creditfundingconvexityadjustedfairpremium => 0.002699999999999925 ||
	 | creditfundingconvexityadjustedparrate => 0.002699999999999925 ||
	 | creditfundingconvexityadjustedprice => 100.0674382938267 ||
	 | creditfundingconvexityadjustedpv => 6.743829382670065E-4 ||
	 | creditfundingconvexityadjustedrate => 0.002699999999999925 ||
	 | creditfundingconvexityadjustedupfront => 6.743829382670065E-4 ||
	 | creditfundingconvexityadjustmentfactor => 1.0 ||
	 | creditfundingconvexityadjustmentpremium => 0.0 ||
	 | creditfundingconvexityadjustmentpremiumupfront => 0.0 ||
	 | creditfxconvexityadjustedcleandv01 => 2.4977145861741676E-5 ||
	 | creditfxconvexityadjustedcleanprice => 100.0674382938267 ||
	 | creditfxconvexityadjustedcleanpv => 6.743829382670065E-4 ||
	 | creditfxconvexityadjusteddirtydv01 => 2.4977145861741676E-5 ||
	 | creditfxconvexityadjusteddirtyprice => 100.0674382938267 ||
	 | creditfxconvexityadjusteddirtypv => 6.743829382670065E-4 ||
	 | creditfxconvexityadjusteddv01 => 2.4977145861741676E-5 ||
	 | creditfxconvexityadjustedfairpremium => 0.002699999999999925 ||
	 | creditfxconvexityadjustedparrate => 0.002699999999999925 ||
	 | creditfxconvexityadjustedprice => 100.0674382938267 ||
	 | creditfxconvexityadjustedpv => 6.743829382670065E-4 ||
	 | creditfxconvexityadjustedrate => 0.002699999999999925 ||
	 | creditfxconvexityadjustedupfront => 6.743829382670065E-4 ||
	 | creditfxconvexityadjustmentfactor => 1.0 ||
	 | creditfxconvexityadjustmentpremium => 0.0 ||
	 | creditfxconvexityadjustmentpremiumupfront => 0.0 ||
	 | cumulativeconvexityadjustedcleandv01 => 2.4977145861741676E-5 ||
	 | cumulativeconvexityadjustedcleanprice => 100.0674382938267 ||
	 | cumulativeconvexityadjustedcleanpv => 6.743829382670065E-4 ||
	 | cumulativeconvexityadjusteddirtydv01 => 2.4977145861741676E-5 ||
	 | cumulativeconvexityadjusteddirtyprice => 100.0674382938267 ||
	 | cumulativeconvexityadjusteddirtypv => 6.743829382670065E-4 ||
	 | cumulativeconvexityadjusteddv01 => 2.4977145861741676E-5 ||
	 | cumulativeconvexityadjustedfairpremium => 0.002699999999999925 ||
	 | cumulativeconvexityadjustedparrate => 0.002699999999999925 ||
	 | cumulativeconvexityadjustedprice => 100.0674382938267 ||
	 | cumulativeconvexityadjustedpv => 6.743829382670065E-4 ||
	 | cumulativeconvexityadjustedrate => 0.002699999999999925 ||
	 | cumulativeconvexityadjustedupfront => 6.743829382670065E-4 ||
	 | cumulativeconvexityadjustmentfactor => 1.0 ||
	 | cumulativeconvexityadjustmentpremium => 0.0 ||
	 | cumulativeconvexityadjustmentpremiumupfront => 0.0 ||
	 | cumulativecouponamount => 0.0 ||
	 | cumulativecoupondcf => 0.0 ||
	 | cv01 => 2.4977145861741676E-5 ||
	 | dirtydv01 => 2.4977145861741676E-5 ||
	 | dirtyprice => 100.0674382938267 ||
	 | dirtypv => 6.743829382670065E-4 ||
	 | dv01 => 2.4977145861741676E-5 ||
	 | fairpremium => 0.002699999999999925 ||
	 | fixing01 => 0.0 ||
	 | forwardfundingconvexityadjustedcleandv01 => 2.4977145861741676E-5 ||
	 | forwardfundingconvexityadjustedcleanprice => 100.0674382938267 ||
	 | forwardfundingconvexityadjustedcleanpv => 6.743829382670065E-4 ||
	 | forwardfundingconvexityadjusteddirtydv01 => 2.4977145861741676E-5 ||
	 | forwardfundingconvexityadjusteddirtyprice => 100.0674382938267 ||
	 | forwardfundingconvexityadjusteddirtypv => 6.743829382670065E-4 ||
	 | forwardfundingconvexityadjusteddv01 => 2.4977145861741676E-5 ||
	 | forwardfundingconvexityadjustedfairpremium => 0.002699999999999925 ||
	 | forwardfundingconvexityadjustedparrate => 0.002699999999999925 ||
	 | forwardfundingconvexityadjustedprice => 100.0674382938267 ||
	 | forwardfundingconvexityadjustedpv => 6.743829382670065E-4 ||
	 | forwardfundingconvexityadjustedrate => 0.002699999999999925 ||
	 | forwardfundingconvexityadjustedupfront => 6.743829382670065E-4 ||
	 | forwardfundingconvexityadjustmentfactor => 1.0 ||
	 | forwardfundingconvexityadjustmentpremium => 0.0 ||
	 | forwardfundingconvexityadjustmentpremiumupfront => 0.0 ||
	 | forwardfxconvexityadjustedcleandv01 => 2.4977145861741676E-5 ||
	 | forwardfxconvexityadjustedcleanprice => 100.0674382938267 ||
	 | forwardfxconvexityadjustedcleanpv => 6.743829382670065E-4 ||
	 | forwardfxconvexityadjusteddirtydv01 => 2.4977145861741676E-5 ||
	 | forwardfxconvexityadjusteddirtyprice => 100.0674382938267 ||
	 | forwardfxconvexityadjusteddirtypv => 6.743829382670065E-4 ||
	 | forwardfxconvexityadjusteddv01 => 2.4977145861741676E-5 ||
	 | forwardfxconvexityadjustedfairpremium => 0.002699999999999925 ||
	 | forwardfxconvexityadjustedparrate => 0.002699999999999925 ||
	 | forwardfxconvexityadjustedprice => 100.0674382938267 ||
	 | forwardfxconvexityadjustedpv => 6.743829382670065E-4 ||
	 | forwardfxconvexityadjustedrate => 0.002699999999999925 ||
	 | forwardfxconvexityadjustedupfront => 6.743829382670065E-4 ||
	 | forwardfxconvexityadjustmentfactor => 1.0 ||
	 | forwardfxconvexityadjustmentpremium => 0.0 ||
	 | forwardfxconvexityadjustmentpremiumupfront => 0.0 ||
	 | forwardrate => 0.002699999999999925 ||
	 | fundingfxconvexityadjustedcleandv01 => 2.4977145861741676E-5 ||
	 | fundingfxconvexityadjustedcleanprice => 100.0674382938267 ||
	 | fundingfxconvexityadjustedcleanpv => 6.743829382670065E-4 ||
	 | fundingfxconvexityadjusteddirtydv01 => 2.4977145861741676E-5 ||
	 | fundingfxconvexityadjusteddirtyprice => 100.0674382938267 ||
	 | fundingfxconvexityadjusteddirtypv => 6.743829382670065E-4 ||
	 | fundingfxconvexityadjusteddv01 => 2.4977145861741676E-5 ||
	 | fundingfxconvexityadjustedfairpremium => 0.002699999999999925 ||
	 | fundingfxconvexityadjustedparrate => 0.002699999999999925 ||
	 | fundingfxconvexityadjustedprice => 100.0674382938267 ||
	 | fundingfxconvexityadjustedpv => 6.743829382670065E-4 ||
	 | fundingfxconvexityadjustedrate => 0.002699999999999925 ||
	 | fundingfxconvexityadjustedupfront => 6.743829382670065E-4 ||
	 | fundingfxconvexityadjustmentfactor => 1.0 ||
	 | fundingfxconvexityadjustmentpremium => 0.0 ||
	 | fundingfxconvexityadjustmentpremiumupfront => 0.0 ||
	 | parrate => 0.002699999999999925 ||
	 | price => 100.0674382938267 ||
	 | pv => 6.743829382670065E-4 ||
	 | rate => 0.002699999999999925 ||
	 | resetdate => -2.147483648E9 ||
	 | resetrate => NaN ||
	 | totalcoupon => 0.0026999999999999247 ||
	 | unadjustedcleandv01 => 2.4977145861741676E-5 ||
	 | unadjustedcleanprice => 100.0674382938267 ||
	 | unadjustedcleanpv => 6.743829382670065E-4 ||
	 | unadjusteddirtydv01 => 2.4977145861741676E-5 ||
	 | unadjusteddirtyprice => 100.0674382938267 ||
	 | unadjusteddirtypv => 6.743829382670065E-4 ||
	 | unadjustedfairpremium => 0.002699999999999925 ||
	 | unadjustedparrate => 0.002699999999999925 ||
	 | unadjustedprice => 100.0674382938267 ||
	 | unadjustedpv => 6.743829382670065E-4 ||
	 | unadjustedrate => 0.002699999999999925 ||
	 | unadjustedupfront => 6.743829382670065E-4 ||
	 | upfront => 6.743829382670065E-4 ||
	 |------------------------------||


		|-----------------------------------------------------------------------------------------------------------------------||
		|    Cash Flow Details                                                                                                  ||
		|    -----------------                                                                                                  ||
		|               Start Date                                                                                              ||
		|               End Date                                                                                                ||
		|               Pay Date                                                                                                ||
		|               FX Fixing Date                                                                                          ||
		|               Base Notional                                                                                           ||
		|               Period DCF                                                                                              ||
		|               Tenor                                                                                                   ||
		|               Funding Label                                                                                           ||
		|               Forward Label                                                                                           ||
		|               Pay Discount Factor                                                                                     ||
		|               Coupon Rate                                                                                             ||
		|-----------------------------------------------------------------------------------------------------------------------||
		| [15-DEC-2018 - 15-MAR-2019] => 15-MAR-2019 | 15-MAR-2019 |  1.0000 |  0.2500 | 3M | CHF | CHF-LIBOR-3M |  0.9991 |  0.27% ||
		|-----------------------------------------------------------------------------------------------------------------------||

	|-----------------------------------------------------------------|
	|    Copyright (C) 2011-2018 (DRIP)
	|-----------------------------------------------------------------|
	|    Build Version  => 3.86.0 multi mode
	|    Build JVM (TM) => 1.8.0_112
	|    Build Snap     => Fri Nov 02 21:22:20 EST 2018
	|    Start Time     => Fri Nov 02 23:34:54 EDT 2018
	|    Setup Time     => Fri Nov 02 23:34:54 EDT 2018
	|    Setup Duration => 0 ms
	|-----------------------------------------------------------------|

	 | accrualcoupon => NaN ||
	 | accrued => 0.0 ||
	 | accrued01 => 0.0 ||
	 | calctime => 6.192300000000001E-5 ||
	 | cleandv01 => 2.4977145648123616E-5 ||
	 | cleanprice => 100.06743829324994 ||
	 | cleanpv => 6.743829324993188E-4 ||
	 | compoundingadjustedcleandv01 => 2.4977145648123616E-5 ||
	 | compoundingadjustedcleanprice => 100.06743829324994 ||
	 | compoundingadjustedcleanpv => 6.743829324993188E-4 ||
	 | compoundingadjusteddirtydv01 => 2.4977145648123616E-5 ||
	 | compoundingadjusteddirtyprice => 100.06743829324994 ||
	 | compoundingadjusteddirtypv => 6.743829324993188E-4 ||
	 | compoundingadjustedfairpremium => 0.0026999999999999247 ||
	 | compoundingadjustedparrate => 0.0026999999999999247 ||
	 | compoundingadjustedprice => 100.06743829324994 ||
	 | compoundingadjustedpv => 6.743829324993188E-4 ||
	 | compoundingadjustedrate => 0.0026999999999999247 ||
	 | compoundingadjustedupfront => 6.743829324993188E-4 ||
	 | compoundingadjustmentfactor => 1.0 ||
	 | compoundingadjustmentpremium => 0.0 ||
	 | compoundingadjustmentpremiumupfront => 0.0 ||
	 | creditforwardconvexityadjustedcleandv01 => 2.4977145648123616E-5 ||
	 | creditforwardconvexityadjustedcleanprice => 100.06743829324994 ||
	 | creditforwardconvexityadjustedcleanpv => 6.743829324993188E-4 ||
	 | creditforwardconvexityadjusteddirtydv01 => 2.4977145648123616E-5 ||
	 | creditforwardconvexityadjusteddirtyprice => 100.06743829324994 ||
	 | creditforwardconvexityadjusteddirtypv => 6.743829324993188E-4 ||
	 | creditforwardconvexityadjusteddv01 => 2.4977145648123616E-5 ||
	 | creditforwardconvexityadjustedfairpremium => 0.0026999999999999247 ||
	 | creditforwardconvexityadjustedparrate => 0.0026999999999999247 ||
	 | creditforwardconvexityadjustedprice => 100.06743829324994 ||
	 | creditforwardconvexityadjustedpv => 6.743829324993188E-4 ||
	 | creditforwardconvexityadjustedrate => 0.0026999999999999247 ||
	 | creditforwardconvexityadjustedupfront => 6.743829324993188E-4 ||
	 | creditforwardconvexityadjustmentfactor => 1.0 ||
	 | creditforwardconvexityadjustmentpremium => 0.0 ||
	 | creditforwardconvexityadjustmentpremiumupfront => 0.0 ||
	 | creditfundingconvexityadjustedcleandv01 => 2.4977145648123616E-5 ||
	 | creditfundingconvexityadjustedcleanprice => 100.06743829324994 ||
	 | creditfundingconvexityadjustedcleanpv => 6.743829324993188E-4 ||
	 | creditfundingconvexityadjusteddirtydv01 => 2.4977145648123616E-5 ||
	 | creditfundingconvexityadjusteddirtyprice => 100.06743829324994 ||
	 | creditfundingconvexityadjusteddirtypv => 6.743829324993188E-4 ||
	 | creditfundingconvexityadjusteddv01 => 2.4977145648123616E-5 ||
	 | creditfundingconvexityadjustedfairpremium => 0.0026999999999999247 ||
	 | creditfundingconvexityadjustedparrate => 0.0026999999999999247 ||
	 | creditfundingconvexityadjustedprice => 100.06743829324994 ||
	 | creditfundingconvexityadjustedpv => 6.743829324993188E-4 ||
	 | creditfundingconvexityadjustedrate => 0.0026999999999999247 ||
	 | creditfundingconvexityadjustedupfront => 6.743829324993188E-4 ||
	 | creditfundingconvexityadjustmentfactor => 1.0 ||
	 | creditfundingconvexityadjustmentpremium => 0.0 ||
	 | creditfundingconvexityadjustmentpremiumupfront => 0.0 ||
	 | creditfxconvexityadjustedcleandv01 => 2.4977145648123616E-5 ||
	 | creditfxconvexityadjustedcleanprice => 100.06743829324994 ||
	 | creditfxconvexityadjustedcleanpv => 6.743829324993188E-4 ||
	 | creditfxconvexityadjusteddirtydv01 => 2.4977145648123616E-5 ||
	 | creditfxconvexityadjusteddirtyprice => 100.06743829324994 ||
	 | creditfxconvexityadjusteddirtypv => 6.743829324993188E-4 ||
	 | creditfxconvexityadjusteddv01 => 2.4977145648123616E-5 ||
	 | creditfxconvexityadjustedfairpremium => 0.0026999999999999247 ||
	 | creditfxconvexityadjustedparrate => 0.0026999999999999247 ||
	 | creditfxconvexityadjustedprice => 100.06743829324994 ||
	 | creditfxconvexityadjustedpv => 6.743829324993188E-4 ||
	 | creditfxconvexityadjustedrate => 0.0026999999999999247 ||
	 | creditfxconvexityadjustedupfront => 6.743829324993188E-4 ||
	 | creditfxconvexityadjustmentfactor => 1.0 ||
	 | creditfxconvexityadjustmentpremium => 0.0 ||
	 | creditfxconvexityadjustmentpremiumupfront => 0.0 ||
	 | cumulativeconvexityadjustedcleandv01 => 2.4977145648123616E-5 ||
	 | cumulativeconvexityadjustedcleanprice => 100.06743829324994 ||
	 | cumulativeconvexityadjustedcleanpv => 6.743829324993188E-4 ||
	 | cumulativeconvexityadjusteddirtydv01 => 2.4977145648123616E-5 ||
	 | cumulativeconvexityadjusteddirtyprice => 100.06743829324994 ||
	 | cumulativeconvexityadjusteddirtypv => 6.743829324993188E-4 ||
	 | cumulativeconvexityadjusteddv01 => 2.4977145648123616E-5 ||
	 | cumulativeconvexityadjustedfairpremium => 0.0026999999999999247 ||
	 | cumulativeconvexityadjustedparrate => 0.0026999999999999247 ||
	 | cumulativeconvexityadjustedprice => 100.06743829324994 ||
	 | cumulativeconvexityadjustedpv => 6.743829324993188E-4 ||
	 | cumulativeconvexityadjustedrate => 0.0026999999999999247 ||
	 | cumulativeconvexityadjustedupfront => 6.743829324993188E-4 ||
	 | cumulativeconvexityadjustmentfactor => 1.0 ||
	 | cumulativeconvexityadjustmentpremium => 0.0 ||
	 | cumulativeconvexityadjustmentpremiumupfront => 0.0 ||
	 | cumulativecouponamount => 0.0 ||
	 | cumulativecoupondcf => 0.0 ||
	 | cv01 => 2.4977145648123616E-5 ||
	 | dirtydv01 => 2.4977145648123616E-5 ||
	 | dirtyprice => 100.06743829324994 ||
	 | dirtypv => 6.743829324993188E-4 ||
	 | dv01 => 2.4977145648123616E-5 ||
	 | fairpremium => 0.0026999999999999247 ||
	 | fixing01 => 0.0 ||
	 | forwardfundingconvexityadjustedcleandv01 => 2.4977145648123616E-5 ||
	 | forwardfundingconvexityadjustedcleanprice => 100.06743829324994 ||
	 | forwardfundingconvexityadjustedcleanpv => 6.743829324993188E-4 ||
	 | forwardfundingconvexityadjusteddirtydv01 => 2.4977145648123616E-5 ||
	 | forwardfundingconvexityadjusteddirtyprice => 100.06743829324994 ||
	 | forwardfundingconvexityadjusteddirtypv => 6.743829324993188E-4 ||
	 | forwardfundingconvexityadjusteddv01 => 2.4977145648123616E-5 ||
	 | forwardfundingconvexityadjustedfairpremium => 0.0026999999999999247 ||
	 | forwardfundingconvexityadjustedparrate => 0.0026999999999999247 ||
	 | forwardfundingconvexityadjustedprice => 100.06743829324994 ||
	 | forwardfundingconvexityadjustedpv => 6.743829324993188E-4 ||
	 | forwardfundingconvexityadjustedrate => 0.0026999999999999247 ||
	 | forwardfundingconvexityadjustedupfront => 6.743829324993188E-4 ||
	 | forwardfundingconvexityadjustmentfactor => 1.0 ||
	 | forwardfundingconvexityadjustmentpremium => 0.0 ||
	 | forwardfundingconvexityadjustmentpremiumupfront => 0.0 ||
	 | forwardfxconvexityadjustedcleandv01 => 2.4977145648123616E-5 ||
	 | forwardfxconvexityadjustedcleanprice => 100.06743829324994 ||
	 | forwardfxconvexityadjustedcleanpv => 6.743829324993188E-4 ||
	 | forwardfxconvexityadjusteddirtydv01 => 2.4977145648123616E-5 ||
	 | forwardfxconvexityadjusteddirtyprice => 100.06743829324994 ||
	 | forwardfxconvexityadjusteddirtypv => 6.743829324993188E-4 ||
	 | forwardfxconvexityadjusteddv01 => 2.4977145648123616E-5 ||
	 | forwardfxconvexityadjustedfairpremium => 0.0026999999999999247 ||
	 | forwardfxconvexityadjustedparrate => 0.0026999999999999247 ||
	 | forwardfxconvexityadjustedprice => 100.06743829324994 ||
	 | forwardfxconvexityadjustedpv => 6.743829324993188E-4 ||
	 | forwardfxconvexityadjustedrate => 0.0026999999999999247 ||
	 | forwardfxconvexityadjustedupfront => 6.743829324993188E-4 ||
	 | forwardfxconvexityadjustmentfactor => 1.0 ||
	 | forwardfxconvexityadjustmentpremium => 0.0 ||
	 | forwardfxconvexityadjustmentpremiumupfront => 0.0 ||
	 | forwardrate => 0.0026999999999999247 ||
	 | fundingfxconvexityadjustedcleandv01 => 2.4977145648123616E-5 ||
	 | fundingfxconvexityadjustedcleanprice => 100.06743829324994 ||
	 | fundingfxconvexityadjustedcleanpv => 6.743829324993188E-4 ||
	 | fundingfxconvexityadjusteddirtydv01 => 2.4977145648123616E-5 ||
	 | fundingfxconvexityadjusteddirtyprice => 100.06743829324994 ||
	 | fundingfxconvexityadjusteddirtypv => 6.743829324993188E-4 ||
	 | fundingfxconvexityadjusteddv01 => 2.4977145648123616E-5 ||
	 | fundingfxconvexityadjustedfairpremium => 0.0026999999999999247 ||
	 | fundingfxconvexityadjustedparrate => 0.0026999999999999247 ||
	 | fundingfxconvexityadjustedprice => 100.06743829324994 ||
	 | fundingfxconvexityadjustedpv => 6.743829324993188E-4 ||
	 | fundingfxconvexityadjustedrate => 0.0026999999999999247 ||
	 | fundingfxconvexityadjustedupfront => 6.743829324993188E-4 ||
	 | fundingfxconvexityadjustmentfactor => 1.0 ||
	 | fundingfxconvexityadjustmentpremium => 0.0 ||
	 | fundingfxconvexityadjustmentpremiumupfront => 0.0 ||
	 | parrate => 0.0026999999999999247 ||
	 | price => 100.06743829324994 ||
	 | pv => 6.743829324993188E-4 ||
	 | rate => 0.0026999999999999247 ||
	 | resetdate => -2.147483648E9 ||
	 | resetrate => NaN ||
	 | totalcoupon => 0.0026999999999999247 ||
	 | unadjustedcleandv01 => 2.4977145648123616E-5 ||
	 | unadjustedcleanprice => 100.06743829324994 ||
	 | unadjustedcleanpv => 6.743829324993188E-4 ||
	 | unadjusteddirtydv01 => 2.4977145648123616E-5 ||
	 | unadjusteddirtyprice => 100.06743829324994 ||
	 | unadjusteddirtypv => 6.743829324993188E-4 ||
	 | unadjustedfairpremium => 0.0026999999999999247 ||
	 | unadjustedparrate => 0.0026999999999999247 ||
	 | unadjustedprice => 100.06743829324994 ||
	 | unadjustedpv => 6.743829324993188E-4 ||
	 | unadjustedrate => 0.0026999999999999247 ||
	 | unadjustedupfront => 6.743829324993188E-4 ||
	 | upfront => 6.743829324993188E-4 ||
	 |------------------------------||


		|-------------------------------------------------------------------------------------------------------------------------||
		|    Cash Flow Details                                                                                                    ||
		|    -----------------                                                                                                    ||
		|               Start Date                                                                                                ||
		|               End Date                                                                                                  ||
		|               Pay Date                                                                                                  ||
		|               FX Fixing Date                                                                                            ||
		|               Base Notional                                                                                             ||
		|               Period DCF                                                                                                ||
		|               Tenor                                                                                                     ||
		|               Funding Label                                                                                             ||
		|               Forward Label                                                                                             ||
		|               Pay Discount Factor                                                                                       ||
		|               Coupon Rate                                                                                               ||
		|-------------------------------------------------------------------------------------------------------------------------||
		| [15-DEC-2018 - 15-MAR-2019] => 15-MAR-2019 | 15-MAR-2019 |  1.0000 |  0.2500 | 3M | EUR | EUR-EURIBOR-3M |  0.9991 |  0.27% ||
		|-------------------------------------------------------------------------------------------------------------------------||

	|-----------------------------------------------------------------|
	|    Copyright (C) 2011-2018 (DRIP)
	|-----------------------------------------------------------------|
	|    Build Version  => 3.86.0 multi mode
	|    Build JVM (TM) => 1.8.0_112
	|    Build Snap     => Fri Nov 02 21:22:20 EST 2018
	|    Start Time     => Fri Nov 02 23:34:54 EDT 2018
	|    Setup Time     => Fri Nov 02 23:34:54 EDT 2018
	|    Setup Duration => 0 ms
	|-----------------------------------------------------------------|

	 | accrualcoupon => NaN ||
	 | accrued => 0.0 ||
	 | accrued01 => 0.0 ||
	 | calctime => 6.116800000000001E-5 ||
	 | cleandv01 => 2.4977246673865062E-5 ||
	 | cleanprice => 100.06743856601943 ||
	 | cleanpv => 6.743856601943378E-4 ||
	 | compoundingadjustedcleandv01 => 2.4977246673865062E-5 ||
	 | compoundingadjustedcleanprice => 100.06743856601943 ||
	 | compoundingadjustedcleanpv => 6.743856601943378E-4 ||
	 | compoundingadjusteddirtydv01 => 2.4977246673865062E-5 ||
	 | compoundingadjusteddirtyprice => 100.06743856601943 ||
	 | compoundingadjusteddirtypv => 6.743856601943378E-4 ||
	 | compoundingadjustedfairpremium => 0.0026999999999999247 ||
	 | compoundingadjustedparrate => 0.0026999999999999247 ||
	 | compoundingadjustedprice => 100.06743856601943 ||
	 | compoundingadjustedpv => 6.743856601943378E-4 ||
	 | compoundingadjustedrate => 0.0026999999999999247 ||
	 | compoundingadjustedupfront => 6.743856601943378E-4 ||
	 | compoundingadjustmentfactor => 1.0 ||
	 | compoundingadjustmentpremium => 0.0 ||
	 | compoundingadjustmentpremiumupfront => 0.0 ||
	 | creditforwardconvexityadjustedcleandv01 => 2.4977246673865062E-5 ||
	 | creditforwardconvexityadjustedcleanprice => 100.06743856601943 ||
	 | creditforwardconvexityadjustedcleanpv => 6.743856601943378E-4 ||
	 | creditforwardconvexityadjusteddirtydv01 => 2.4977246673865062E-5 ||
	 | creditforwardconvexityadjusteddirtyprice => 100.06743856601943 ||
	 | creditforwardconvexityadjusteddirtypv => 6.743856601943378E-4 ||
	 | creditforwardconvexityadjusteddv01 => 2.4977246673865062E-5 ||
	 | creditforwardconvexityadjustedfairpremium => 0.0026999999999999247 ||
	 | creditforwardconvexityadjustedparrate => 0.0026999999999999247 ||
	 | creditforwardconvexityadjustedprice => 100.06743856601943 ||
	 | creditforwardconvexityadjustedpv => 6.743856601943378E-4 ||
	 | creditforwardconvexityadjustedrate => 0.0026999999999999247 ||
	 | creditforwardconvexityadjustedupfront => 6.743856601943378E-4 ||
	 | creditforwardconvexityadjustmentfactor => 1.0 ||
	 | creditforwardconvexityadjustmentpremium => 0.0 ||
	 | creditforwardconvexityadjustmentpremiumupfront => 0.0 ||
	 | creditfundingconvexityadjustedcleandv01 => 2.4977246673865062E-5 ||
	 | creditfundingconvexityadjustedcleanprice => 100.06743856601943 ||
	 | creditfundingconvexityadjustedcleanpv => 6.743856601943378E-4 ||
	 | creditfundingconvexityadjusteddirtydv01 => 2.4977246673865062E-5 ||
	 | creditfundingconvexityadjusteddirtyprice => 100.06743856601943 ||
	 | creditfundingconvexityadjusteddirtypv => 6.743856601943378E-4 ||
	 | creditfundingconvexityadjusteddv01 => 2.4977246673865062E-5 ||
	 | creditfundingconvexityadjustedfairpremium => 0.0026999999999999247 ||
	 | creditfundingconvexityadjustedparrate => 0.0026999999999999247 ||
	 | creditfundingconvexityadjustedprice => 100.06743856601943 ||
	 | creditfundingconvexityadjustedpv => 6.743856601943378E-4 ||
	 | creditfundingconvexityadjustedrate => 0.0026999999999999247 ||
	 | creditfundingconvexityadjustedupfront => 6.743856601943378E-4 ||
	 | creditfundingconvexityadjustmentfactor => 1.0 ||
	 | creditfundingconvexityadjustmentpremium => 0.0 ||
	 | creditfundingconvexityadjustmentpremiumupfront => 0.0 ||
	 | creditfxconvexityadjustedcleandv01 => 2.4977246673865062E-5 ||
	 | creditfxconvexityadjustedcleanprice => 100.06743856601943 ||
	 | creditfxconvexityadjustedcleanpv => 6.743856601943378E-4 ||
	 | creditfxconvexityadjusteddirtydv01 => 2.4977246673865062E-5 ||
	 | creditfxconvexityadjusteddirtyprice => 100.06743856601943 ||
	 | creditfxconvexityadjusteddirtypv => 6.743856601943378E-4 ||
	 | creditfxconvexityadjusteddv01 => 2.4977246673865062E-5 ||
	 | creditfxconvexityadjustedfairpremium => 0.0026999999999999247 ||
	 | creditfxconvexityadjustedparrate => 0.0026999999999999247 ||
	 | creditfxconvexityadjustedprice => 100.06743856601943 ||
	 | creditfxconvexityadjustedpv => 6.743856601943378E-4 ||
	 | creditfxconvexityadjustedrate => 0.0026999999999999247 ||
	 | creditfxconvexityadjustedupfront => 6.743856601943378E-4 ||
	 | creditfxconvexityadjustmentfactor => 1.0 ||
	 | creditfxconvexityadjustmentpremium => 0.0 ||
	 | creditfxconvexityadjustmentpremiumupfront => 0.0 ||
	 | cumulativeconvexityadjustedcleandv01 => 2.4977246673865062E-5 ||
	 | cumulativeconvexityadjustedcleanprice => 100.06743856601943 ||
	 | cumulativeconvexityadjustedcleanpv => 6.743856601943378E-4 ||
	 | cumulativeconvexityadjusteddirtydv01 => 2.4977246673865062E-5 ||
	 | cumulativeconvexityadjusteddirtyprice => 100.06743856601943 ||
	 | cumulativeconvexityadjusteddirtypv => 6.743856601943378E-4 ||
	 | cumulativeconvexityadjusteddv01 => 2.4977246673865062E-5 ||
	 | cumulativeconvexityadjustedfairpremium => 0.0026999999999999247 ||
	 | cumulativeconvexityadjustedparrate => 0.0026999999999999247 ||
	 | cumulativeconvexityadjustedprice => 100.06743856601943 ||
	 | cumulativeconvexityadjustedpv => 6.743856601943378E-4 ||
	 | cumulativeconvexityadjustedrate => 0.0026999999999999247 ||
	 | cumulativeconvexityadjustedupfront => 6.743856601943378E-4 ||
	 | cumulativeconvexityadjustmentfactor => 1.0 ||
	 | cumulativeconvexityadjustmentpremium => 0.0 ||
	 | cumulativeconvexityadjustmentpremiumupfront => 0.0 ||
	 | cumulativecouponamount => 0.0 ||
	 | cumulativecoupondcf => 0.0 ||
	 | cv01 => 2.4977246673865062E-5 ||
	 | dirtydv01 => 2.4977246673865062E-5 ||
	 | dirtyprice => 100.06743856601943 ||
	 | dirtypv => 6.743856601943378E-4 ||
	 | dv01 => 2.4977246673865062E-5 ||
	 | fairpremium => 0.0026999999999999247 ||
	 | fixing01 => 0.0 ||
	 | forwardfundingconvexityadjustedcleandv01 => 2.4977246673865062E-5 ||
	 | forwardfundingconvexityadjustedcleanprice => 100.06743856601943 ||
	 | forwardfundingconvexityadjustedcleanpv => 6.743856601943378E-4 ||
	 | forwardfundingconvexityadjusteddirtydv01 => 2.4977246673865062E-5 ||
	 | forwardfundingconvexityadjusteddirtyprice => 100.06743856601943 ||
	 | forwardfundingconvexityadjusteddirtypv => 6.743856601943378E-4 ||
	 | forwardfundingconvexityadjusteddv01 => 2.4977246673865062E-5 ||
	 | forwardfundingconvexityadjustedfairpremium => 0.0026999999999999247 ||
	 | forwardfundingconvexityadjustedparrate => 0.0026999999999999247 ||
	 | forwardfundingconvexityadjustedprice => 100.06743856601943 ||
	 | forwardfundingconvexityadjustedpv => 6.743856601943378E-4 ||
	 | forwardfundingconvexityadjustedrate => 0.0026999999999999247 ||
	 | forwardfundingconvexityadjustedupfront => 6.743856601943378E-4 ||
	 | forwardfundingconvexityadjustmentfactor => 1.0 ||
	 | forwardfundingconvexityadjustmentpremium => 0.0 ||
	 | forwardfundingconvexityadjustmentpremiumupfront => 0.0 ||
	 | forwardfxconvexityadjustedcleandv01 => 2.4977246673865062E-5 ||
	 | forwardfxconvexityadjustedcleanprice => 100.06743856601943 ||
	 | forwardfxconvexityadjustedcleanpv => 6.743856601943378E-4 ||
	 | forwardfxconvexityadjusteddirtydv01 => 2.4977246673865062E-5 ||
	 | forwardfxconvexityadjusteddirtyprice => 100.06743856601943 ||
	 | forwardfxconvexityadjusteddirtypv => 6.743856601943378E-4 ||
	 | forwardfxconvexityadjusteddv01 => 2.4977246673865062E-5 ||
	 | forwardfxconvexityadjustedfairpremium => 0.0026999999999999247 ||
	 | forwardfxconvexityadjustedparrate => 0.0026999999999999247 ||
	 | forwardfxconvexityadjustedprice => 100.06743856601943 ||
	 | forwardfxconvexityadjustedpv => 6.743856601943378E-4 ||
	 | forwardfxconvexityadjustedrate => 0.0026999999999999247 ||
	 | forwardfxconvexityadjustedupfront => 6.743856601943378E-4 ||
	 | forwardfxconvexityadjustmentfactor => 1.0 ||
	 | forwardfxconvexityadjustmentpremium => 0.0 ||
	 | forwardfxconvexityadjustmentpremiumupfront => 0.0 ||
	 | forwardrate => 0.0026999999999999247 ||
	 | fundingfxconvexityadjustedcleandv01 => 2.4977246673865062E-5 ||
	 | fundingfxconvexityadjustedcleanprice => 100.06743856601943 ||
	 | fundingfxconvexityadjustedcleanpv => 6.743856601943378E-4 ||
	 | fundingfxconvexityadjusteddirtydv01 => 2.4977246673865062E-5 ||
	 | fundingfxconvexityadjusteddirtyprice => 100.06743856601943 ||
	 | fundingfxconvexityadjusteddirtypv => 6.743856601943378E-4 ||
	 | fundingfxconvexityadjusteddv01 => 2.4977246673865062E-5 ||
	 | fundingfxconvexityadjustedfairpremium => 0.0026999999999999247 ||
	 | fundingfxconvexityadjustedparrate => 0.0026999999999999247 ||
	 | fundingfxconvexityadjustedprice => 100.06743856601943 ||
	 | fundingfxconvexityadjustedpv => 6.743856601943378E-4 ||
	 | fundingfxconvexityadjustedrate => 0.0026999999999999247 ||
	 | fundingfxconvexityadjustedupfront => 6.743856601943378E-4 ||
	 | fundingfxconvexityadjustmentfactor => 1.0 ||
	 | fundingfxconvexityadjustmentpremium => 0.0 ||
	 | fundingfxconvexityadjustmentpremiumupfront => 0.0 ||
	 | parrate => 0.0026999999999999247 ||
	 | price => 100.06743856601943 ||
	 | pv => 6.743856601943378E-4 ||
	 | rate => 0.0026999999999999247 ||
	 | resetdate => -2.147483648E9 ||
	 | resetrate => NaN ||
	 | totalcoupon => 0.0026999999999999247 ||
	 | unadjustedcleandv01 => 2.4977246673865062E-5 ||
	 | unadjustedcleanprice => 100.06743856601943 ||
	 | unadjustedcleanpv => 6.743856601943378E-4 ||
	 | unadjusteddirtydv01 => 2.4977246673865062E-5 ||
	 | unadjusteddirtyprice => 100.06743856601943 ||
	 | unadjusteddirtypv => 6.743856601943378E-4 ||
	 | unadjustedfairpremium => 0.0026999999999999247 ||
	 | unadjustedparrate => 0.0026999999999999247 ||
	 | unadjustedprice => 100.06743856601943 ||
	 | unadjustedpv => 6.743856601943378E-4 ||
	 | unadjustedrate => 0.0026999999999999247 ||
	 | unadjustedupfront => 6.743856601943378E-4 ||
	 | upfront => 6.743856601943378E-4 ||
	 |------------------------------||


		|-----------------------------------------------------------------------------------------------------------------------||
		|    Cash Flow Details                                                                                                  ||
		|    -----------------                                                                                                  ||
		|               Start Date                                                                                              ||
		|               End Date                                                                                                ||
		|               Pay Date                                                                                                ||
		|               FX Fixing Date                                                                                          ||
		|               Base Notional                                                                                           ||
		|               Period DCF                                                                                              ||
		|               Tenor                                                                                                   ||
		|               Funding Label                                                                                           ||
		|               Forward Label                                                                                           ||
		|               Pay Discount Factor                                                                                     ||
		|               Coupon Rate                                                                                             ||
		|-----------------------------------------------------------------------------------------------------------------------||
		| [15-DEC-2018 - 15-MAR-2019] => 15-MAR-2019 | 15-MAR-2019 |  1.0000 |  0.2500 | 3M | USD | USD-LIBOR-3M |  0.9991 |  0.27% ||
		|-----------------------------------------------------------------------------------------------------------------------||

	|-----------------------------------------------------------------|
	|    Copyright (C) 2011-2018 (DRIP)
	|-----------------------------------------------------------------|
	|    Build Version  => 3.86.0 multi mode
	|    Build JVM (TM) => 1.8.0_112
	|    Build Snap     => Fri Nov 02 21:22:20 EST 2018
	|    Start Time     => Fri Nov 02 23:34:54 EDT 2018
	|    Setup Time     => Fri Nov 02 23:34:54 EDT 2018
	|    Setup Duration => 0 ms
	|-----------------------------------------------------------------|

	 | accrualcoupon => NaN ||
	 | accrued => 0.0 ||
	 | accrued01 => 0.0 ||
	 | calctime => 6.0035000000000004E-5 ||
	 | cleandv01 => 2.463530152796111E-5 ||
	 | cleanprice => 100.0665153141255 ||
	 | cleanpv => 6.651531412548828E-4 ||
	 | compoundingadjustedcleandv01 => 2.463530152796111E-5 ||
	 | compoundingadjustedcleanprice => 100.0665153141255 ||
	 | compoundingadjustedcleanpv => 6.651531412548828E-4 ||
	 | compoundingadjusteddirtydv01 => 2.463530152796111E-5 ||
	 | compoundingadjusteddirtyprice => 100.0665153141255 ||
	 | compoundingadjusteddirtypv => 6.651531412548828E-4 ||
	 | compoundingadjustedfairpremium => 0.002699999999999728 ||
	 | compoundingadjustedparrate => 0.002699999999999728 ||
	 | compoundingadjustedprice => 100.0665153141255 ||
	 | compoundingadjustedpv => 6.651531412548828E-4 ||
	 | compoundingadjustedrate => 0.002699999999999728 ||
	 | compoundingadjustedupfront => 6.651531412548828E-4 ||
	 | compoundingadjustmentfactor => 1.0 ||
	 | compoundingadjustmentpremium => 0.0 ||
	 | compoundingadjustmentpremiumupfront => 0.0 ||
	 | creditforwardconvexityadjustedcleandv01 => 2.463530152796111E-5 ||
	 | creditforwardconvexityadjustedcleanprice => 100.0665153141255 ||
	 | creditforwardconvexityadjustedcleanpv => 6.651531412548828E-4 ||
	 | creditforwardconvexityadjusteddirtydv01 => 2.463530152796111E-5 ||
	 | creditforwardconvexityadjusteddirtyprice => 100.0665153141255 ||
	 | creditforwardconvexityadjusteddirtypv => 6.651531412548828E-4 ||
	 | creditforwardconvexityadjusteddv01 => 2.463530152796111E-5 ||
	 | creditforwardconvexityadjustedfairpremium => 0.002699999999999728 ||
	 | creditforwardconvexityadjustedparrate => 0.002699999999999728 ||
	 | creditforwardconvexityadjustedprice => 100.0665153141255 ||
	 | creditforwardconvexityadjustedpv => 6.651531412548828E-4 ||
	 | creditforwardconvexityadjustedrate => 0.002699999999999728 ||
	 | creditforwardconvexityadjustedupfront => 6.651531412548828E-4 ||
	 | creditforwardconvexityadjustmentfactor => 1.0 ||
	 | creditforwardconvexityadjustmentpremium => 0.0 ||
	 | creditforwardconvexityadjustmentpremiumupfront => 0.0 ||
	 | creditfundingconvexityadjustedcleandv01 => 2.463530152796111E-5 ||
	 | creditfundingconvexityadjustedcleanprice => 100.0665153141255 ||
	 | creditfundingconvexityadjustedcleanpv => 6.651531412548828E-4 ||
	 | creditfundingconvexityadjusteddirtydv01 => 2.463530152796111E-5 ||
	 | creditfundingconvexityadjusteddirtyprice => 100.0665153141255 ||
	 | creditfundingconvexityadjusteddirtypv => 6.651531412548828E-4 ||
	 | creditfundingconvexityadjusteddv01 => 2.463530152796111E-5 ||
	 | creditfundingconvexityadjustedfairpremium => 0.002699999999999728 ||
	 | creditfundingconvexityadjustedparrate => 0.002699999999999728 ||
	 | creditfundingconvexityadjustedprice => 100.0665153141255 ||
	 | creditfundingconvexityadjustedpv => 6.651531412548828E-4 ||
	 | creditfundingconvexityadjustedrate => 0.002699999999999728 ||
	 | creditfundingconvexityadjustedupfront => 6.651531412548828E-4 ||
	 | creditfundingconvexityadjustmentfactor => 1.0 ||
	 | creditfundingconvexityadjustmentpremium => 0.0 ||
	 | creditfundingconvexityadjustmentpremiumupfront => 0.0 ||
	 | creditfxconvexityadjustedcleandv01 => 2.463530152796111E-5 ||
	 | creditfxconvexityadjustedcleanprice => 100.0665153141255 ||
	 | creditfxconvexityadjustedcleanpv => 6.651531412548828E-4 ||
	 | creditfxconvexityadjusteddirtydv01 => 2.463530152796111E-5 ||
	 | creditfxconvexityadjusteddirtyprice => 100.0665153141255 ||
	 | creditfxconvexityadjusteddirtypv => 6.651531412548828E-4 ||
	 | creditfxconvexityadjusteddv01 => 2.463530152796111E-5 ||
	 | creditfxconvexityadjustedfairpremium => 0.002699999999999728 ||
	 | creditfxconvexityadjustedparrate => 0.002699999999999728 ||
	 | creditfxconvexityadjustedprice => 100.0665153141255 ||
	 | creditfxconvexityadjustedpv => 6.651531412548828E-4 ||
	 | creditfxconvexityadjustedrate => 0.002699999999999728 ||
	 | creditfxconvexityadjustedupfront => 6.651531412548828E-4 ||
	 | creditfxconvexityadjustmentfactor => 1.0 ||
	 | creditfxconvexityadjustmentpremium => 0.0 ||
	 | creditfxconvexityadjustmentpremiumupfront => 0.0 ||
	 | cumulativeconvexityadjustedcleandv01 => 2.463530152796111E-5 ||
	 | cumulativeconvexityadjustedcleanprice => 100.0665153141255 ||
	 | cumulativeconvexityadjustedcleanpv => 6.651531412548828E-4 ||
	 | cumulativeconvexityadjusteddirtydv01 => 2.463530152796111E-5 ||
	 | cumulativeconvexityadjusteddirtyprice => 100.0665153141255 ||
	 | cumulativeconvexityadjusteddirtypv => 6.651531412548828E-4 ||
	 | cumulativeconvexityadjusteddv01 => 2.463530152796111E-5 ||
	 | cumulativeconvexityadjustedfairpremium => 0.002699999999999728 ||
	 | cumulativeconvexityadjustedparrate => 0.002699999999999728 ||
	 | cumulativeconvexityadjustedprice => 100.0665153141255 ||
	 | cumulativeconvexityadjustedpv => 6.651531412548828E-4 ||
	 | cumulativeconvexityadjustedrate => 0.002699999999999728 ||
	 | cumulativeconvexityadjustedupfront => 6.651531412548828E-4 ||
	 | cumulativeconvexityadjustmentfactor => 1.0 ||
	 | cumulativeconvexityadjustmentpremium => 0.0 ||
	 | cumulativeconvexityadjustmentpremiumupfront => 0.0 ||
	 | cumulativecouponamount => 0.0 ||
	 | cumulativecoupondcf => 0.0 ||
	 | cv01 => 2.463530152796111E-5 ||
	 | dirtydv01 => 2.463530152796111E-5 ||
	 | dirtyprice => 100.0665153141255 ||
	 | dirtypv => 6.651531412548828E-4 ||
	 | dv01 => 2.463530152796111E-5 ||
	 | fairpremium => 0.002699999999999728 ||
	 | fixing01 => 0.0 ||
	 | forwardfundingconvexityadjustedcleandv01 => 2.463530152796111E-5 ||
	 | forwardfundingconvexityadjustedcleanprice => 100.0665153141255 ||
	 | forwardfundingconvexityadjustedcleanpv => 6.651531412548828E-4 ||
	 | forwardfundingconvexityadjusteddirtydv01 => 2.463530152796111E-5 ||
	 | forwardfundingconvexityadjusteddirtyprice => 100.0665153141255 ||
	 | forwardfundingconvexityadjusteddirtypv => 6.651531412548828E-4 ||
	 | forwardfundingconvexityadjusteddv01 => 2.463530152796111E-5 ||
	 | forwardfundingconvexityadjustedfairpremium => 0.002699999999999728 ||
	 | forwardfundingconvexityadjustedparrate => 0.002699999999999728 ||
	 | forwardfundingconvexityadjustedprice => 100.0665153141255 ||
	 | forwardfundingconvexityadjustedpv => 6.651531412548828E-4 ||
	 | forwardfundingconvexityadjustedrate => 0.002699999999999728 ||
	 | forwardfundingconvexityadjustedupfront => 6.651531412548828E-4 ||
	 | forwardfundingconvexityadjustmentfactor => 1.0 ||
	 | forwardfundingconvexityadjustmentpremium => 0.0 ||
	 | forwardfundingconvexityadjustmentpremiumupfront => 0.0 ||
	 | forwardfxconvexityadjustedcleandv01 => 2.463530152796111E-5 ||
	 | forwardfxconvexityadjustedcleanprice => 100.0665153141255 ||
	 | forwardfxconvexityadjustedcleanpv => 6.651531412548828E-4 ||
	 | forwardfxconvexityadjusteddirtydv01 => 2.463530152796111E-5 ||
	 | forwardfxconvexityadjusteddirtyprice => 100.0665153141255 ||
	 | forwardfxconvexityadjusteddirtypv => 6.651531412548828E-4 ||
	 | forwardfxconvexityadjusteddv01 => 2.463530152796111E-5 ||
	 | forwardfxconvexityadjustedfairpremium => 0.002699999999999728 ||
	 | forwardfxconvexityadjustedparrate => 0.002699999999999728 ||
	 | forwardfxconvexityadjustedprice => 100.0665153141255 ||
	 | forwardfxconvexityadjustedpv => 6.651531412548828E-4 ||
	 | forwardfxconvexityadjustedrate => 0.002699999999999728 ||
	 | forwardfxconvexityadjustedupfront => 6.651531412548828E-4 ||
	 | forwardfxconvexityadjustmentfactor => 1.0 ||
	 | forwardfxconvexityadjustmentpremium => 0.0 ||
	 | forwardfxconvexityadjustmentpremiumupfront => 0.0 ||
	 | forwardrate => 0.002699999999999728 ||
	 | fundingfxconvexityadjustedcleandv01 => 2.463530152796111E-5 ||
	 | fundingfxconvexityadjustedcleanprice => 100.0665153141255 ||
	 | fundingfxconvexityadjustedcleanpv => 6.651531412548828E-4 ||
	 | fundingfxconvexityadjusteddirtydv01 => 2.463530152796111E-5 ||
	 | fundingfxconvexityadjusteddirtyprice => 100.0665153141255 ||
	 | fundingfxconvexityadjusteddirtypv => 6.651531412548828E-4 ||
	 | fundingfxconvexityadjusteddv01 => 2.463530152796111E-5 ||
	 | fundingfxconvexityadjustedfairpremium => 0.002699999999999728 ||
	 | fundingfxconvexityadjustedparrate => 0.002699999999999728 ||
	 | fundingfxconvexityadjustedprice => 100.0665153141255 ||
	 | fundingfxconvexityadjustedpv => 6.651531412548828E-4 ||
	 | fundingfxconvexityadjustedrate => 0.002699999999999728 ||
	 | fundingfxconvexityadjustedupfront => 6.651531412548828E-4 ||
	 | fundingfxconvexityadjustmentfactor => 1.0 ||
	 | fundingfxconvexityadjustmentpremium => 0.0 ||
	 | fundingfxconvexityadjustmentpremiumupfront => 0.0 ||
	 | parrate => 0.002699999999999728 ||
	 | price => 100.0665153141255 ||
	 | pv => 6.651531412548828E-4 ||
	 | rate => 0.002699999999999728 ||
	 | resetdate => -2.147483648E9 ||
	 | resetrate => NaN ||
	 | totalcoupon => 0.0026999999999997274 ||
	 | unadjustedcleandv01 => 2.463530152796111E-5 ||
	 | unadjustedcleanprice => 100.0665153141255 ||
	 | unadjustedcleanpv => 6.651531412548828E-4 ||
	 | unadjusteddirtydv01 => 2.463530152796111E-5 ||
	 | unadjusteddirtyprice => 100.0665153141255 ||
	 | unadjusteddirtypv => 6.651531412548828E-4 ||
	 | unadjustedfairpremium => 0.002699999999999728 ||
	 | unadjustedparrate => 0.002699999999999728 ||
	 | unadjustedprice => 100.0665153141255 ||
	 | unadjustedpv => 6.651531412548828E-4 ||
	 | unadjustedrate => 0.002699999999999728 ||
	 | unadjustedupfront => 6.651531412548828E-4 ||
	 | upfront => 6.651531412548828E-4 ||
	 |------------------------------||


		|-----------------------------------------------------------------------------------------------------------------------||
		|    Cash Flow Details                                                                                                  ||
		|    -----------------                                                                                                  ||
		|               Start Date                                                                                              ||
		|               End Date                                                                                                ||
		|               Pay Date                                                                                                ||
		|               FX Fixing Date                                                                                          ||
		|               Base Notional                                                                                           ||
		|               Period DCF                                                                                              ||
		|               Tenor                                                                                                   ||
		|               Funding Label                                                                                           ||
		|               Forward Label                                                                                           ||
		|               Pay Discount Factor                                                                                     ||
		|               Coupon Rate                                                                                             ||
		|-----------------------------------------------------------------------------------------------------------------------||
		| [15-DEC-2018 - 15-MAR-2019] => 15-MAR-2019 | 15-MAR-2019 |  1.0000 |  0.2466 | 3M | GBP | GBP-LIBOR-3M |  0.9991 |  0.27% ||
		|-----------------------------------------------------------------------------------------------------------------------||

	|-----------------------------------------------------------------|
	|    Copyright (C) 2011-2018 (DRIP)
	|-----------------------------------------------------------------|
	|    Build Version  => 3.86.0 multi mode
	|    Build JVM (TM) => 1.8.0_112
	|    Build Snap     => Fri Nov 02 21:22:20 EST 2018
	|    Start Time     => Fri Nov 02 23:34:54 EDT 2018
	|    Setup Time     => Fri Nov 02 23:34:54 EDT 2018
	|    Setup Duration => 0 ms
	|-----------------------------------------------------------------|

	 | accrualcoupon => NaN ||
	 | accrued => 0.0 ||
	 | accrued01 => 0.0 ||
	 | calctime => 6.2301E-5 ||
	 | cleandv01 => 2.4977212329136395E-5 ||
	 | cleanprice => 100.06743847328868 ||
	 | cleanpv => 6.743847328866639E-4 ||
	 | compoundingadjustedcleandv01 => 2.4977212329136395E-5 ||
	 | compoundingadjustedcleanprice => 100.06743847328868 ||
	 | compoundingadjustedcleanpv => 6.743847328866639E-4 ||
	 | compoundingadjusteddirtydv01 => 2.4977212329136395E-5 ||
	 | compoundingadjusteddirtyprice => 100.06743847328868 ||
	 | compoundingadjusteddirtypv => 6.743847328866639E-4 ||
	 | compoundingadjustedfairpremium => 0.0026999999999999247 ||
	 | compoundingadjustedparrate => 0.0026999999999999247 ||
	 | compoundingadjustedprice => 100.06743847328868 ||
	 | compoundingadjustedpv => 6.743847328866639E-4 ||
	 | compoundingadjustedrate => 0.0026999999999999247 ||
	 | compoundingadjustedupfront => 6.743847328866639E-4 ||
	 | compoundingadjustmentfactor => 1.0 ||
	 | compoundingadjustmentpremium => 0.0 ||
	 | compoundingadjustmentpremiumupfront => 0.0 ||
	 | creditforwardconvexityadjustedcleandv01 => 2.4977212329136395E-5 ||
	 | creditforwardconvexityadjustedcleanprice => 100.06743847328868 ||
	 | creditforwardconvexityadjustedcleanpv => 6.743847328866639E-4 ||
	 | creditforwardconvexityadjusteddirtydv01 => 2.4977212329136395E-5 ||
	 | creditforwardconvexityadjusteddirtyprice => 100.06743847328868 ||
	 | creditforwardconvexityadjusteddirtypv => 6.743847328866639E-4 ||
	 | creditforwardconvexityadjusteddv01 => 2.4977212329136395E-5 ||
	 | creditforwardconvexityadjustedfairpremium => 0.0026999999999999247 ||
	 | creditforwardconvexityadjustedparrate => 0.0026999999999999247 ||
	 | creditforwardconvexityadjustedprice => 100.06743847328868 ||
	 | creditforwardconvexityadjustedpv => 6.743847328866639E-4 ||
	 | creditforwardconvexityadjustedrate => 0.0026999999999999247 ||
	 | creditforwardconvexityadjustedupfront => 6.743847328866639E-4 ||
	 | creditforwardconvexityadjustmentfactor => 1.0 ||
	 | creditforwardconvexityadjustmentpremium => 0.0 ||
	 | creditforwardconvexityadjustmentpremiumupfront => 0.0 ||
	 | creditfundingconvexityadjustedcleandv01 => 2.4977212329136395E-5 ||
	 | creditfundingconvexityadjustedcleanprice => 100.06743847328868 ||
	 | creditfundingconvexityadjustedcleanpv => 6.743847328866639E-4 ||
	 | creditfundingconvexityadjusteddirtydv01 => 2.4977212329136395E-5 ||
	 | creditfundingconvexityadjusteddirtyprice => 100.06743847328868 ||
	 | creditfundingconvexityadjusteddirtypv => 6.743847328866639E-4 ||
	 | creditfundingconvexityadjusteddv01 => 2.4977212329136395E-5 ||
	 | creditfundingconvexityadjustedfairpremium => 0.0026999999999999247 ||
	 | creditfundingconvexityadjustedparrate => 0.0026999999999999247 ||
	 | creditfundingconvexityadjustedprice => 100.06743847328868 ||
	 | creditfundingconvexityadjustedpv => 6.743847328866639E-4 ||
	 | creditfundingconvexityadjustedrate => 0.0026999999999999247 ||
	 | creditfundingconvexityadjustedupfront => 6.743847328866639E-4 ||
	 | creditfundingconvexityadjustmentfactor => 1.0 ||
	 | creditfundingconvexityadjustmentpremium => 0.0 ||
	 | creditfundingconvexityadjustmentpremiumupfront => 0.0 ||
	 | creditfxconvexityadjustedcleandv01 => 2.4977212329136395E-5 ||
	 | creditfxconvexityadjustedcleanprice => 100.06743847328868 ||
	 | creditfxconvexityadjustedcleanpv => 6.743847328866639E-4 ||
	 | creditfxconvexityadjusteddirtydv01 => 2.4977212329136395E-5 ||
	 | creditfxconvexityadjusteddirtyprice => 100.06743847328868 ||
	 | creditfxconvexityadjusteddirtypv => 6.743847328866639E-4 ||
	 | creditfxconvexityadjusteddv01 => 2.4977212329136395E-5 ||
	 | creditfxconvexityadjustedfairpremium => 0.0026999999999999247 ||
	 | creditfxconvexityadjustedparrate => 0.0026999999999999247 ||
	 | creditfxconvexityadjustedprice => 100.06743847328868 ||
	 | creditfxconvexityadjustedpv => 6.743847328866639E-4 ||
	 | creditfxconvexityadjustedrate => 0.0026999999999999247 ||
	 | creditfxconvexityadjustedupfront => 6.743847328866639E-4 ||
	 | creditfxconvexityadjustmentfactor => 1.0 ||
	 | creditfxconvexityadjustmentpremium => 0.0 ||
	 | creditfxconvexityadjustmentpremiumupfront => 0.0 ||
	 | cumulativeconvexityadjustedcleandv01 => 2.4977212329136395E-5 ||
	 | cumulativeconvexityadjustedcleanprice => 100.06743847328868 ||
	 | cumulativeconvexityadjustedcleanpv => 6.743847328866639E-4 ||
	 | cumulativeconvexityadjusteddirtydv01 => 2.4977212329136395E-5 ||
	 | cumulativeconvexityadjusteddirtyprice => 100.06743847328868 ||
	 | cumulativeconvexityadjusteddirtypv => 6.743847328866639E-4 ||
	 | cumulativeconvexityadjusteddv01 => 2.4977212329136395E-5 ||
	 | cumulativeconvexityadjustedfairpremium => 0.0026999999999999247 ||
	 | cumulativeconvexityadjustedparrate => 0.0026999999999999247 ||
	 | cumulativeconvexityadjustedprice => 100.06743847328868 ||
	 | cumulativeconvexityadjustedpv => 6.743847328866639E-4 ||
	 | cumulativeconvexityadjustedrate => 0.0026999999999999247 ||
	 | cumulativeconvexityadjustedupfront => 6.743847328866639E-4 ||
	 | cumulativeconvexityadjustmentfactor => 1.0 ||
	 | cumulativeconvexityadjustmentpremium => 0.0 ||
	 | cumulativeconvexityadjustmentpremiumupfront => 0.0 ||
	 | cumulativecouponamount => 0.0 ||
	 | cumulativecoupondcf => 0.0 ||
	 | cv01 => 2.4977212329136395E-5 ||
	 | dirtydv01 => 2.4977212329136395E-5 ||
	 | dirtyprice => 100.06743847328868 ||
	 | dirtypv => 6.743847328866639E-4 ||
	 | dv01 => 2.4977212329136395E-5 ||
	 | fairpremium => 0.0026999999999999247 ||
	 | fixing01 => 0.0 ||
	 | forwardfundingconvexityadjustedcleandv01 => 2.4977212329136395E-5 ||
	 | forwardfundingconvexityadjustedcleanprice => 100.06743847328868 ||
	 | forwardfundingconvexityadjustedcleanpv => 6.743847328866639E-4 ||
	 | forwardfundingconvexityadjusteddirtydv01 => 2.4977212329136395E-5 ||
	 | forwardfundingconvexityadjusteddirtyprice => 100.06743847328868 ||
	 | forwardfundingconvexityadjusteddirtypv => 6.743847328866639E-4 ||
	 | forwardfundingconvexityadjusteddv01 => 2.4977212329136395E-5 ||
	 | forwardfundingconvexityadjustedfairpremium => 0.0026999999999999247 ||
	 | forwardfundingconvexityadjustedparrate => 0.0026999999999999247 ||
	 | forwardfundingconvexityadjustedprice => 100.06743847328868 ||
	 | forwardfundingconvexityadjustedpv => 6.743847328866639E-4 ||
	 | forwardfundingconvexityadjustedrate => 0.0026999999999999247 ||
	 | forwardfundingconvexityadjustedupfront => 6.743847328866639E-4 ||
	 | forwardfundingconvexityadjustmentfactor => 1.0 ||
	 | forwardfundingconvexityadjustmentpremium => 0.0 ||
	 | forwardfundingconvexityadjustmentpremiumupfront => 0.0 ||
	 | forwardfxconvexityadjustedcleandv01 => 2.4977212329136395E-5 ||
	 | forwardfxconvexityadjustedcleanprice => 100.06743847328868 ||
	 | forwardfxconvexityadjustedcleanpv => 6.743847328866639E-4 ||
	 | forwardfxconvexityadjusteddirtydv01 => 2.4977212329136395E-5 ||
	 | forwardfxconvexityadjusteddirtyprice => 100.06743847328868 ||
	 | forwardfxconvexityadjusteddirtypv => 6.743847328866639E-4 ||
	 | forwardfxconvexityadjusteddv01 => 2.4977212329136395E-5 ||
	 | forwardfxconvexityadjustedfairpremium => 0.0026999999999999247 ||
	 | forwardfxconvexityadjustedparrate => 0.0026999999999999247 ||
	 | forwardfxconvexityadjustedprice => 100.06743847328868 ||
	 | forwardfxconvexityadjustedpv => 6.743847328866639E-4 ||
	 | forwardfxconvexityadjustedrate => 0.0026999999999999247 ||
	 | forwardfxconvexityadjustedupfront => 6.743847328866639E-4 ||
	 | forwardfxconvexityadjustmentfactor => 1.0 ||
	 | forwardfxconvexityadjustmentpremium => 0.0 ||
	 | forwardfxconvexityadjustmentpremiumupfront => 0.0 ||
	 | forwardrate => 0.0026999999999999247 ||
	 | fundingfxconvexityadjustedcleandv01 => 2.4977212329136395E-5 ||
	 | fundingfxconvexityadjustedcleanprice => 100.06743847328868 ||
	 | fundingfxconvexityadjustedcleanpv => 6.743847328866639E-4 ||
	 | fundingfxconvexityadjusteddirtydv01 => 2.4977212329136395E-5 ||
	 | fundingfxconvexityadjusteddirtyprice => 100.06743847328868 ||
	 | fundingfxconvexityadjusteddirtypv => 6.743847328866639E-4 ||
	 | fundingfxconvexityadjusteddv01 => 2.4977212329136395E-5 ||
	 | fundingfxconvexityadjustedfairpremium => 0.0026999999999999247 ||
	 | fundingfxconvexityadjustedparrate => 0.0026999999999999247 ||
	 | fundingfxconvexityadjustedprice => 100.06743847328868 ||
	 | fundingfxconvexityadjustedpv => 6.743847328866639E-4 ||
	 | fundingfxconvexityadjustedrate => 0.0026999999999999247 ||
	 | fundingfxconvexityadjustedupfront => 6.743847328866639E-4 ||
	 | fundingfxconvexityadjustmentfactor => 1.0 ||
	 | fundingfxconvexityadjustmentpremium => 0.0 ||
	 | fundingfxconvexityadjustmentpremiumupfront => 0.0 ||
	 | parrate => 0.0026999999999999247 ||
	 | price => 100.06743847328868 ||
	 | pv => 6.743847328866639E-4 ||
	 | rate => 0.0026999999999999247 ||
	 | resetdate => -2.147483648E9 ||
	 | resetrate => NaN ||
	 | totalcoupon => 0.0026999999999999247 ||
	 | unadjustedcleandv01 => 2.4977212329136395E-5 ||
	 | unadjustedcleanprice => 100.06743847328868 ||
	 | unadjustedcleanpv => 6.743847328866639E-4 ||
	 | unadjusteddirtydv01 => 2.4977212329136395E-5 ||
	 | unadjusteddirtyprice => 100.06743847328868 ||
	 | unadjusteddirtypv => 6.743847328866639E-4 ||
	 | unadjustedfairpremium => 0.0026999999999999247 ||
	 | unadjustedparrate => 0.0026999999999999247 ||
	 | unadjustedprice => 100.06743847328868 ||
	 | unadjustedpv => 6.743847328866639E-4 ||
	 | unadjustedrate => 0.0026999999999999247 ||
	 | unadjustedupfront => 6.743847328866639E-4 ||
	 | upfront => 6.743847328866639E-4 ||
	 |------------------------------||


		|-----------------------------------------------------------------------------------------------------------------------||
		|    Cash Flow Details                                                                                                  ||
		|    -----------------                                                                                                  ||
		|               Start Date                                                                                              ||
		|               End Date                                                                                                ||
		|               Pay Date                                                                                                ||
		|               FX Fixing Date                                                                                          ||
		|               Base Notional                                                                                           ||
		|               Period DCF                                                                                              ||
		|               Tenor                                                                                                   ||
		|               Funding Label                                                                                           ||
		|               Forward Label                                                                                           ||
		|               Pay Discount Factor                                                                                     ||
		|               Coupon Rate                                                                                             ||
		|-----------------------------------------------------------------------------------------------------------------------||
		| [15-DEC-2018 - 15-MAR-2019] => 15-MAR-2019 | 15-MAR-2019 |  1.0000 |  0.2500 | 3M | JPY | JPY-LIBOR-3M |  0.9991 |  0.27% ||
		|-----------------------------------------------------------------------------------------------------------------------||
]]></system-out>
  <system-err><![CDATA[]]></system-err>
</testsuite>
