<?xml version="1.0" encoding="UTF-8"?>
<testsuite name="org.drip.coverage.product.CreditOption" tests="1" skipped="0" failures="0" errors="0" timestamp="2018-11-03T03:27:01" hostname="LAPTOP-2MU6A8KE" time="1.568">
  <properties/>
  <testcase name="codeCoverageTest" classname="org.drip.coverage.product.CreditOption" time="1.568"/>
  <system-out><![CDATA[
	|-----------------------------------------------------------------|
	|    Copyright (C) 2011-2018 (DRIP)
	|-----------------------------------------------------------------|
	|    Build Version  => 3.86.0 multi mode
	|    Build JVM (TM) => 1.8.0_112
	|    Build Snap     => Fri Nov 02 21:22:20 EST 2018
	|    Start Time     => Fri Nov 02 23:27:01 EDT 2018
	|    Setup Time     => Fri Nov 02 23:27:01 EDT 2018
	|    Setup Duration => 0 ms
	|-----------------------------------------------------------------|

	FairPremium[0] = 99.9999999886194
	FairPremium[1] = 99.99999999999156
	FairPremium[2] = 99.99999999998535
	FairPremium[3] = 99.99999999998454
	FairPremium[4] = 99.99999999998525

	------------------------------------------------------------------
	atmmanifestmeasure => 99.993896981658
	atmprice => 0.0027251963132798127
	calctime => 0.005693529
	charm => 3.6416035780721646E-5
	color => -4.901513168485957E-5
	delta => -2.298839900020045E-4
	effectivevolatility => 0.4
	expectedatmpayoff => 5.83659151984773
	expectedpayoff => 6.3213137248281726
	forwardatmintrinsic => 5.83659151984773
	forwardintrinsic => 6.3213137248281726
	fpgcharm => 0.07799273930780783
	fpgcolor => -0.10497640134841081
	fpgdelta => -0.4923457954409375
	fpggamma => 0.027508767305532145
	fpgrho => -7.300584932862651
	fpgspeed => -3.115067593441644E-4
	fpgtheta => -21.066190861199747
	fpgultima => -1.245117137487182
	fpgvanna => 0.12546261995669653
	fpgvega => 14.458695847038667
	fpgveta => -54.84570729416606
	fpgvomma => -0.08726297180409662
	gamma => 1.2844275805318694E-5
	integratedsurfacevariance => 0.02102669404517454
	manifestmeasureintrinsic => -0.9999389698165828
	manifestmeasureintrinsicvalue => -4.6688722086894626E-4
	manifestmeasurepricetransformer => 4.669157168207842E-4
	moneynessfactor => 0.9900990099009901
	price => 0.0029515207290772075
	prob1 => 0.4923457954409375
	prob2 => 0.5500621691426171
	pv => 0.0029515207290772075
	rho => -0.003408757847138581
	speed => -1.4544740183370003E-7
	spotprice => 0.0029515207290772075
	theta => -0.009836135606640532
	ultima => -5.813647607756704E-4
	upfront => 0.0029515207290772075
	vanna => 5.858046913129458E-5
	vega => 0.0067509923357137545
	veta => -0.02560832273579846
	vomma => -4.074445303182165E-5

	------------------------------------------------------------------
	atmmanifestmeasure => 99.993896981658
	atmprice => 0.0027251963132798127
	calctime => 0.005969540000000001
	charm => 3.6416035780721646E-5
	color => -4.901513168485957E-5
	delta => 2.3703172681877968E-4
	effectivevolatility => 0.4
	expectedatmpayoff => 5.83659151984773
	expectedpayoff => 5.321374755011583
	forwardatmintrinsic => 5.83659151984773
	forwardintrinsic => 5.321374755011583
	fpgcharm => 0.07799273930780783
	fpgcolor => -0.10497640134841081
	fpgdelta => 0.5076542045590625
	fpggamma => 0.027508767305532145
	fpgrho => 5.971705623388629
	fpgspeed => -3.115067593441644E-4
	fpgtheta => -22.771701499159988
	fpgultima => -1.245117137487182
	fpgvanna => 0.12546261995669653
	fpgvega => 14.458695847038667
	fpgveta => -54.84570729416606
	fpgvomma => -0.08726297180409662
	gamma => 1.2844275805318694E-5
	integratedsurfacevariance => 0.02102669404517454
	manifestmeasureintrinsic => 0.9999389698165828
	manifestmeasureintrinsicvalue => 4.6688722086894626E-4
	manifestmeasurepricetransformer => 4.669157168207842E-4
	moneynessfactor => 0.9900990099009901
	price => 0.002484633508208258
	prob1 => 0.5076542045590625
	prob2 => 0.4499378308573829
	pv => 0.002484633508208258
	rho => 0.0027882832117872096
	speed => -1.4544740183370003E-7
	spotprice => 0.002484633508208258
	theta => -0.010632465328709212
	ultima => -5.813647607756704E-4
	upfront => 0.002484633508208258
	vanna => 5.858046913129458E-5
	vega => 0.0067509923357137545
	veta => -0.02560832273579846
	vomma => -4.074445303182165E-5

	------------------------------------------------------------------

	|-----------------------------------------------------------------|
	|    Copyright (C) 2011-2018 (DRIP)
	|-----------------------------------------------------------------|
	|    Build Version  => 3.86.0 multi mode
	|    Build JVM (TM) => 1.8.0_112
	|    Build Snap     => Fri Nov 02 21:22:20 EST 2018
	|    Start Time     => Fri Nov 02 23:27:02 EDT 2018
	|    Setup Time     => Fri Nov 02 23:27:02 EDT 2018
	|    Setup Duration => 0 ms
	|-----------------------------------------------------------------|


	|------------------------||
	| CDS=2019/12/20 = 100.0 ||
	| CDS=2020/12/20 = 100.0 ||
	| CDS=2021/12/20 = 100.0 ||
	| CDS=2022/12/20 = 100.0 ||
	| CDS=2023/12/20 = 100.0 ||
	|------------------------||

	||-------------------------------------------------------------------||----------------------------------------------------------|||
	||                                                                                                                               |||
	||                                              CDS Payer Receiver Option Analysis                                               |||
	||                                              --- ----- -------- ------ --------                                               |||
	||   L -> R:                                                                                                                     |||
	||          Forward CDS Fair Premium Log-normal Volatility                                                                       |||
	||          Receiver ATM Fair Premium (bp)                                                                                       |||
	||          Receiver Clean DV01                                                                                                  |||
	||          Receiver Manifest Measure Intrinsic                                                                                  |||
	||          Receiver Manifest Measure Intrinsic Value                                                                            |||
	||          Receiver Moneyness Factor                                                                                            |||
	||          Receiver Option Price                                                                                                |||
	||          Payer ATM Fair Premium (bp)                                                                                          |||
	||          Payer Clean DV01                                                                                                     |||
	||          Payer Manifest Measure Intrinsic                                                                                     |||
	||          Payer Manifest Measure Intrinsic Value                                                                               |||
	||          Payer Moneyness Factor                                                                                               |||
	||          Payer Option Price                                                                                                   |||
	||                                                                                                                               |||
	||-------------------------------------------------------------------||----------------------------------------------------------|||
	||  10.0% =>  099.99 |  0.05 | -49.9969 | -0.02 |  0.9950 |  0.0008  ||   099.99 |  0.05 |  49.9969 |  0.02 |  0.9950 |  0.0006  |||
	||  15.0% =>  099.99 |  0.05 | -49.9969 | -0.02 |  0.9950 |  0.0011  ||   099.99 |  0.05 |  49.9969 |  0.02 |  0.9950 |  0.0009  |||
	||  20.0% =>  099.99 |  0.05 | -49.9969 | -0.02 |  0.9950 |  0.0015  ||   099.99 |  0.05 |  49.9969 |  0.02 |  0.9950 |  0.0012  |||
	||  25.0% =>  099.99 |  0.05 | -49.9969 | -0.02 |  0.9950 |  0.0018  ||   099.99 |  0.05 |  49.9969 |  0.02 |  0.9950 |  0.0016  |||
	||  30.0% =>  099.99 |  0.05 | -49.9969 | -0.02 |  0.9950 |  0.0021  ||   099.99 |  0.05 |  49.9969 |  0.02 |  0.9950 |  0.0019  |||
	||  35.0% =>  099.99 |  0.05 | -49.9969 | -0.02 |  0.9950 |  0.0025  ||   099.99 |  0.05 |  49.9969 |  0.02 |  0.9950 |  0.0023  |||
	||  40.0% =>  099.99 |  0.05 | -49.9969 | -0.02 |  0.9950 |  0.0028  ||   099.99 |  0.05 |  49.9969 |  0.02 |  0.9950 |  0.0026  |||
	||  45.0% =>  099.99 |  0.05 | -49.9969 | -0.02 |  0.9950 |  0.0032  ||   099.99 |  0.05 |  49.9969 |  0.02 |  0.9950 |  0.0029  |||
	||  50.0% =>  099.99 |  0.05 | -49.9969 | -0.02 |  0.9950 |  0.0035  ||   099.99 |  0.05 |  49.9969 |  0.02 |  0.9950 |  0.0033  |||
	||-------------------------------------------------------------------||----------------------------------------------------------|||
]]></system-out>
  <system-err><![CDATA[]]></system-err>
</testsuite>
