<?xml version="1.0" encoding="UTF-8"?>
<testsuite name="org.drip.coverage.analytics.Date" tests="1" skipped="0" failures="0" errors="0" timestamp="2019-08-23T22:14:02" hostname="LAPTOP-2MU6A8KE" time="3.186">
  <properties/>
  <testcase name="codeCoverageTest" classname="org.drip.coverage.analytics.Date" time="3.186"/>
  <system-out><![CDATA[
	|-----------------------------------------------------------------|
	|    Copyright (C) 2011-2019 (DRIP, DROP)
	|-----------------------------------------------------------------|
	|    Build Version  => 4.19.0 multi mode
	|    Build JVM (TM) => 1.8.0_112
	|    Build Snap     => Thu Jul 04 22:11:11 EST 2019
	|    Start Time     => Fri Aug 23 18:14:02 EDT 2019
	|    Setup Time     => Fri Aug 23 18:14:05 EDT 2019
	|    Setup Duration => 2 s 512 ms
	|-----------------------------------------------------------------|

24-AUG-2019
25-AUG-2019
26-AUG-2019
31-AUG-2019
1-SEP-2019
2-SEP-2019
7-SEP-2019
8-SEP-2019
14-SEP-2019
15-SEP-2019
21-SEP-2019
22-SEP-2019
28-SEP-2019
29-SEP-2019
5-OCT-2019
6-OCT-2019
12-OCT-2019
13-OCT-2019
14-OCT-2019
19-OCT-2019
20-OCT-2019
26-OCT-2019
27-OCT-2019
2-NOV-2019
3-NOV-2019
9-NOV-2019
10-NOV-2019
11-NOV-2019
16-NOV-2019
17-NOV-2019
23-NOV-2019
24-NOV-2019
28-NOV-2019
30-NOV-2019
1-DEC-2019
7-DEC-2019
8-DEC-2019
14-DEC-2019
15-DEC-2019
21-DEC-2019
22-DEC-2019
25-DEC-2019
26-DEC-2019
28-DEC-2019
29-DEC-2019
1-JAN-2020
4-JAN-2020
5-JAN-2020
11-JAN-2020
12-JAN-2020
18-JAN-2020
19-JAN-2020
20-JAN-2020
25-JAN-2020
26-JAN-2020
1-FEB-2020
2-FEB-2020
8-FEB-2020
9-FEB-2020
15-FEB-2020
16-FEB-2020
17-FEB-2020
22-FEB-2020
23-FEB-2020
29-FEB-2020
1-MAR-2020
7-MAR-2020
8-MAR-2020
14-MAR-2020
15-MAR-2020
21-MAR-2020
22-MAR-2020
28-MAR-2020
29-MAR-2020
4-APR-2020
5-APR-2020
10-APR-2020
11-APR-2020
12-APR-2020
13-APR-2020
18-APR-2020
19-APR-2020
25-APR-2020
26-APR-2020
2-MAY-2020
3-MAY-2020
4-MAY-2020
9-MAY-2020
10-MAY-2020
16-MAY-2020
17-MAY-2020
23-MAY-2020
24-MAY-2020
25-MAY-2020
30-MAY-2020
31-MAY-2020
6-JUN-2020
7-JUN-2020
13-JUN-2020
14-JUN-2020
20-JUN-2020
21-JUN-2020
27-JUN-2020
28-JUN-2020
4-JUL-2020
5-JUL-2020
11-JUL-2020
12-JUL-2020
18-JUL-2020
19-JUL-2020
25-JUL-2020
26-JUL-2020
1-AUG-2020
2-AUG-2020
8-AUG-2020
9-AUG-2020
15-AUG-2020
16-AUG-2020
22-AUG-2020

	|-----------------------------------------------------------------|
	|    Copyright (C) 2011-2019 (DRIP, DROP)
	|-----------------------------------------------------------------|
	|    Build Version  => 4.19.0 multi mode
	|    Build JVM (TM) => 1.8.0_112
	|    Build Snap     => Thu Jul 04 22:11:11 EST 2019
	|    Start Time     => Fri Aug 23 18:14:02 EDT 2019
	|    Setup Time     => Fri Aug 23 18:14:05 EDT 2019
	|    Finish Time    => Fri Aug 23 18:14:05 EDT 2019
	|    Setup Duration => 2 s 512 ms
	|    Run Duration   => 363 ms
	|-----------------------------------------------------------------|


	|-----------------------------------------------------------------|
	|    Copyright (C) 2011-2019 (DRIP, DROP)
	|-----------------------------------------------------------------|
	|    Build Version  => 4.19.0 multi mode
	|    Build JVM (TM) => 1.8.0_112
	|    Build Snap     => Thu Jul 04 22:11:11 EST 2019
	|    Start Time     => Fri Aug 23 18:14:05 EDT 2019
	|    Setup Time     => Fri Aug 23 18:14:05 EDT 2019
	|    Setup Duration => 0 ms
	|-----------------------------------------------------------------|

	DATE_ROLL_ACTUAL                      : 05-FEB-2012 -> 06-FEB-2012
	DATE_ROLL_FOLLOWING                   : 05-FEB-2012 -> 06-FEB-2012
	DATE_ROLL_MODIFIED_FOLLOWING          : 05-FEB-2012 -> 06-FEB-2012
	DATE_ROLL_MODIFIED_FOLLOWING_BIMONTHLY: 05-FEB-2012 -> 06-FEB-2012
	DATE_ROLL_PREVIOUS                    : 05-FEB-2012 -> 03-FEB-2012
	DATE_ROLL_MODIFIED_PREVIOUS           : 05-FEB-2012 -> 03-FEB-2012

	|-----------------------------------------------------------------|
	|    Copyright (C) 2011-2019 (DRIP, DROP)
	|-----------------------------------------------------------------|
	|    Build Version  => 4.19.0 multi mode
	|    Build JVM (TM) => 1.8.0_112
	|    Build Snap     => Thu Jul 04 22:11:11 EST 2019
	|    Start Time     => Fri Aug 23 18:14:05 EDT 2019
	|    Setup Time     => Fri Aug 23 18:14:05 EDT 2019
	|    Finish Time    => Fri Aug 23 18:14:05 EDT 2019
	|    Setup Duration => 0 ms
	|    Run Duration   => 16 ms
	|-----------------------------------------------------------------|


	|-----------------------------------------------------------------|
	|    Copyright (C) 2011-2019 (DRIP, DROP)
	|-----------------------------------------------------------------|
	|    Build Version  => 4.19.0 multi mode
	|    Build JVM (TM) => 1.8.0_112
	|    Build Snap     => Thu Jul 04 22:11:11 EST 2019
	|    Start Time     => Fri Aug 23 18:14:05 EDT 2019
	|    Setup Time     => Fri Aug 23 18:14:05 EDT 2019
	|    Setup Duration => 1 ms
	|-----------------------------------------------------------------|

1/1 | 28/360 | 30/360 | 30/360 icma | 30/360 us | 30/365 | 30/act | 30e+/360 | 30e+/360 (isda) | 30e+/360 isda | 30e/360 | 30e/360 (isda) | 30e/360 isda | 30s/360 | 30u/360 | a/360 | a/365 fixed | a/365f | act/360 | act/364 | act/365 | act/365 fixed | act/365l | act/act | act/act icma | act/act isda | act/act isma | act/act ust | actual/360 fixed | actual/365 fixed | actual/365 jgb | actual/365 jgb (nl) | actual/365l | actual/actual | actual/actual afb | actual/actual icma | actual/actual isda | actual/actual ust | bond basis | dc1_1 | dc28_360 | dc30_360 | dc30_365 | dc30_act | dc30e_360 | dc30e_360_isda | dc30eplus_360_isda | dcact_360 | dcact_364 | dcact_365 | dcact_365l | dcact_act | dcact_act_isda | dcact_act_ust | dcnl_360 | dcnl_365 | dcnl_act | english | eurobond basis | eurobond basis (isda 2000) | eurobond basis (isda 2006) | french | ger:30/360 | german | german:30/360 | isda 30e/360 | isda 30e/365 | isda 30e/act | isda swaps:30/360 | isda swaps:30/365 | isda swaps:30/act | isda30/360 | isda30/365 | isda30/act | isma 30/360 | isma 30/365 | isma 30/act | isma-30/360 | isma-99 | isma-year | muni30/360 | nl/360 | nl/365 | nl/act | special german | us muni: 30/360 | us:wib act/360 | us:wit act/act | 
--------------------

	[30-MAY-2013 -> 24-JUN-2013] =>  0.0611 | 22 | 28/360
	[30-MAY-2013 -> 24-JUN-2013] =>  0.0658 | 24 | 30/365
	[30-MAY-2013 -> 24-JUN-2013] =>  0.0667 | 24 | 30/360
	[30-MAY-2013 -> 24-JUN-2013] =>  0.0667 | 24 | 30E/360 ISDA
	[30-MAY-2013 -> 24-JUN-2013] =>  0.0667 | 24 | 30E/360
	[30-MAY-2013 -> 24-JUN-2013] =>  0.0667 | 24 | 30E+/360
	[30-MAY-2013 -> 24-JUN-2013] =>  0.0694 | 25 | Act/360
	[30-MAY-2013 -> 24-JUN-2013] =>  0.0687 | 25 | Act/364
	[30-MAY-2013 -> 24-JUN-2013] =>  0.0685 | 25 | Act/365
	[30-MAY-2013 -> 24-JUN-2013] =>  0.0658 | 24 | Act/Act ISDA
	[30-MAY-2013 -> 24-JUN-2013] =>  0.0685 | 25 | Act/Act
	[30-MAY-2013 -> 24-JUN-2013] =>  0.0694 | 25 | NL/360
	[30-MAY-2013 -> 24-JUN-2013] =>  0.0685 | 25 | NL/365

--------------------

	[30-DEC-2010 -> 30-DEC-2012] =>  2.0000 | 720 | 28/360
	[30-DEC-2010 -> 30-DEC-2012] =>  2.0000 | 730 | 30/365
	[30-DEC-2010 -> 30-DEC-2012] =>  2.0000 | 720 | 30/360
	[30-DEC-2010 -> 30-DEC-2012] =>  2.0000 | 720 | 30E/360 ISDA
	[30-DEC-2010 -> 30-DEC-2012] =>  2.0000 | 720 | 30E/360
	[30-DEC-2010 -> 30-DEC-2012] =>  2.0000 | 720 | 30E+/360
	[30-DEC-2010 -> 30-DEC-2012] =>  2.0306 | 731 | Act/360
	[30-DEC-2010 -> 30-DEC-2012] =>  2.0082 | 729 | Act/364
	[30-DEC-2010 -> 30-DEC-2012] =>  2.0027 | 731 | Act/365
	[30-DEC-2010 -> 30-DEC-2012] =>  1.9973 | 730 | Act/Act ISDA
	[30-DEC-2010 -> 30-DEC-2012] =>  1.9973 | 730 | Act/Act
	[30-DEC-2010 -> 30-DEC-2012] =>  2.0278 | 730 | NL/360
	[30-DEC-2010 -> 30-DEC-2012] =>  2.0000 | 730 | NL/365

	|-----------------------------------------------------------------|
	|    Copyright (C) 2011-2019 (DRIP, DROP)
	|-----------------------------------------------------------------|
	|    Build Version  => 4.19.0 multi mode
	|    Build JVM (TM) => 1.8.0_112
	|    Build Snap     => Thu Jul 04 22:11:11 EST 2019
	|    Start Time     => Fri Aug 23 18:14:05 EDT 2019
	|    Setup Time     => Fri Aug 23 18:14:05 EDT 2019
	|    Finish Time    => Fri Aug 23 18:14:05 EDT 2019
	|    Setup Duration => 1 ms
	|    Run Duration   => 26 ms
	|-----------------------------------------------------------------|


	|-----------------------------------------------------------------|
	|    Copyright (C) 2011-2019 (DRIP, DROP)
	|-----------------------------------------------------------------|
	|    Build Version  => 4.19.0 multi mode
	|    Build JVM (TM) => 1.8.0_112
	|    Build Snap     => Thu Jul 04 22:11:11 EST 2019
	|    Start Time     => Fri Aug 23 18:14:05 EDT 2019
	|    Setup Time     => Fri Aug 23 18:14:05 EDT 2019
	|    Setup Duration => 0 ms
	|-----------------------------------------------------------------|

	Gregorian: [2001/02/24]; Julian: 2451965
	Julian: 2451965; Gregorian: [2001/02/24]

	|-----------------------------------------------------------------|
	|    Copyright (C) 2011-2019 (DRIP, DROP)
	|-----------------------------------------------------------------|
	|    Build Version  => 4.19.0 multi mode
	|    Build JVM (TM) => 1.8.0_112
	|    Build Snap     => Thu Jul 04 22:11:11 EST 2019
	|    Start Time     => Fri Aug 23 18:14:05 EDT 2019
	|    Setup Time     => Fri Aug 23 18:14:05 EDT 2019
	|    Finish Time    => Fri Aug 23 18:14:05 EDT 2019
	|    Setup Duration => 0 ms
	|    Run Duration   => 8 ms
	|-----------------------------------------------------------------|


	|-----------------------------------------------------------------|
	|    Copyright (C) 2011-2019 (DRIP, DROP)
	|-----------------------------------------------------------------|
	|    Build Version  => 4.19.0 multi mode
	|    Build JVM (TM) => 1.8.0_112
	|    Build Snap     => Thu Jul 04 22:11:11 EST 2019
	|    Start Time     => Fri Aug 23 18:14:05 EDT 2019
	|    Setup Time     => Fri Aug 23 18:14:05 EDT 2019
	|    Setup Duration => 0 ms
	|-----------------------------------------------------------------|



	|--------------------------------------------------------------------------------||
	|  SPOT DATE | NEXT RATES FUTURES IMM | NEXT BOND FUTURES IMM | NEXT CDS/CDX IMM ||
	|--------------------------------------------------------------------------------||
	| 30-DEC-2010 |       15-MAR-2011       |       31-DEC-2010      |    20-MAR-2011    ||
	| 09-JAN-2011 |       15-MAR-2011       |       31-MAR-2011      |    20-MAR-2011    ||
	| 19-JAN-2011 |       15-MAR-2011       |       31-MAR-2011      |    20-MAR-2011    ||
	| 29-JAN-2011 |       15-MAR-2011       |       31-MAR-2011      |    20-MAR-2011    ||
	| 08-FEB-2011 |       15-MAR-2011       |       31-MAR-2011      |    20-MAR-2011    ||
	| 18-FEB-2011 |       15-MAR-2011       |       31-MAR-2011      |    20-MAR-2011    ||
	| 28-FEB-2011 |       15-MAR-2011       |       31-MAR-2011      |    20-MAR-2011    ||
	| 10-MAR-2011 |       15-MAR-2011       |       31-MAR-2011      |    20-MAR-2011    ||
	| 20-MAR-2011 |       15-JUN-2011       |       31-MAR-2011      |    20-JUN-2011    ||
	| 30-MAR-2011 |       15-JUN-2011       |       31-MAR-2011      |    20-JUN-2011    ||
	| 09-APR-2011 |       15-JUN-2011       |       30-JUN-2011      |    20-JUN-2011    ||
	| 19-APR-2011 |       15-JUN-2011       |       30-JUN-2011      |    20-JUN-2011    ||
	| 29-APR-2011 |       15-JUN-2011       |       30-JUN-2011      |    20-JUN-2011    ||
	| 09-MAY-2011 |       15-JUN-2011       |       30-JUN-2011      |    20-JUN-2011    ||
	| 19-MAY-2011 |       15-JUN-2011       |       30-JUN-2011      |    20-JUN-2011    ||
	| 29-MAY-2011 |       15-JUN-2011       |       30-JUN-2011      |    20-JUN-2011    ||
	| 08-JUN-2011 |       15-JUN-2011       |       30-JUN-2011      |    20-JUN-2011    ||
	| 18-JUN-2011 |       15-SEP-2011       |       30-JUN-2011      |    20-JUN-2011    ||
	| 28-JUN-2011 |       15-SEP-2011       |       30-JUN-2011      |    20-SEP-2011    ||
	| 08-JUL-2011 |       15-SEP-2011       |       30-SEP-2011      |    20-SEP-2011    ||
	| 18-JUL-2011 |       15-SEP-2011       |       30-SEP-2011      |    20-SEP-2011    ||
	| 28-JUL-2011 |       15-SEP-2011       |       30-SEP-2011      |    20-SEP-2011    ||
	| 07-AUG-2011 |       15-SEP-2011       |       30-SEP-2011      |    20-SEP-2011    ||
	| 17-AUG-2011 |       15-SEP-2011       |       30-SEP-2011      |    20-SEP-2011    ||
	| 27-AUG-2011 |       15-SEP-2011       |       30-SEP-2011      |    20-SEP-2011    ||
	| 06-SEP-2011 |       15-SEP-2011       |       30-SEP-2011      |    20-SEP-2011    ||
	| 16-SEP-2011 |       15-DEC-2011       |       30-SEP-2011      |    20-SEP-2011    ||
	| 26-SEP-2011 |       15-DEC-2011       |       30-SEP-2011      |    20-DEC-2011    ||
	| 06-OCT-2011 |       15-DEC-2011       |       31-DEC-2011      |    20-DEC-2011    ||
	| 16-OCT-2011 |       15-DEC-2011       |       31-DEC-2011      |    20-DEC-2011    ||
	|--------------------------------------------------------------------------------||

	|-----------------------------------------------------------------|
	|    Copyright (C) 2011-2019 (DRIP, DROP)
	|-----------------------------------------------------------------|
	|    Build Version  => 4.19.0 multi mode
	|    Build JVM (TM) => 1.8.0_112
	|    Build Snap     => Thu Jul 04 22:11:11 EST 2019
	|    Start Time     => Fri Aug 23 18:14:05 EDT 2019
	|    Setup Time     => Fri Aug 23 18:14:05 EDT 2019
	|    Finish Time    => Fri Aug 23 18:14:05 EDT 2019
	|    Setup Duration => 0 ms
	|    Run Duration   => 7 ms
	|-----------------------------------------------------------------|

]]></system-out>
  <system-err><![CDATA[]]></system-err>
</testsuite>
