<?xml version="1.0" encoding="UTF-8"?>
<testsuite name="org.drip.coverage.state.ForwardVolatility" tests="1" skipped="0" failures="0" errors="0" timestamp="2018-11-03T03:29:05" hostname="LAPTOP-2MU6A8KE" time="1.393">
  <properties/>
  <testcase name="codeCoverageTest" classname="org.drip.coverage.state.ForwardVolatility" time="1.393"/>
  <system-out><![CDATA[
	|-----------------------------------------------------------------|
	|    Copyright (C) 2011-2018 (DRIP)
	|-----------------------------------------------------------------|
	|    Build Version  => 3.86.0 multi mode
	|    Build JVM (TM) => 1.8.0_112
	|    Build Snap     => Fri Nov 02 21:22:20 EST 2018
	|    Start Time     => Fri Nov 02 23:29:05 EDT 2018
	|    Setup Time     => Fri Nov 02 23:29:05 EDT 2018
	|    Setup Duration => 0 ms
	|-----------------------------------------------------------------|



	|---------------------------------------------------------------------------------||
	|                                                                                 ||
	|  GBP LIBOR Volatility Calibrations                                              ||
	|        - Forward Label                                                          ||
	|        - Cap Stream Start                                                       ||
	|        - Cap Stream End                                                         ||
	|        - Market Price                                                           ||
	|        - Recon Price                                                            ||
	|        - Flat Cap Volatility                                                    ||
	|        - Flat Forward Volatility                                                ||
	|                                                                                 ||
	|---------------------------------------------------------------------------------||
	| GBP-LIBOR-3M [03-FEB-1995 - 03-FEB-1996] =>  0.0027 { 0.0027} |  28.45% |  28.45% ||
	| GBP-LIBOR-3M [03-FEB-1995 - 03-FEB-1997] =>  0.0152 { 0.0152} |  28.34% |  27.94% ||
	| GBP-LIBOR-3M [03-FEB-1995 - 03-FEB-1998] =>  0.0267 { 0.0267} |  29.12% |  38.15% ||
	| GBP-LIBOR-3M [03-FEB-1995 - 03-FEB-1999] =>  0.0400 { 0.0400} |  30.52% |  39.65% ||
	| GBP-LIBOR-3M [03-FEB-1995 - 03-FEB-2000] =>  0.0546 { 0.0546} |  31.91% |  54.33% ||
	| GBP-LIBOR-3M [03-FEB-1995 - 03-FEB-2002] =>  0.0835 { 0.0835} |  33.95% |  24.19% ||
	| GBP-LIBOR-3M [03-FEB-1995 - 03-FEB-2005] =>  0.1078 { 0.1078} |  33.65% |  32.35% ||
	|---------------------------------------------------------------------------------||
]]></system-out>
  <system-err><![CDATA[]]></system-err>
</testsuite>
