<?xml version="1.0" encoding="UTF-8"?>
<testsuite name="org.drip.coverage.quant.Matrix" tests="1" skipped="0" failures="0" errors="0" timestamp="2019-08-23T22:14:09" hostname="LAPTOP-2MU6A8KE" time="0.094">
  <properties/>
  <testcase name="codeCoverageTest" classname="org.drip.coverage.quant.Matrix" time="0.094"/>
  <system-out><![CDATA[
	|-----------------------------------------------------------------|
	|    Copyright (C) 2011-2019 (DRIP, DROP)
	|-----------------------------------------------------------------|
	|    Build Version  => 4.19.0 multi mode
	|    Build JVM (TM) => 1.8.0_112
	|    Build Snap     => Thu Jul 04 22:11:11 EST 2019
	|    Start Time     => Fri Aug 23 18:14:09 EDT 2019
	|    Setup Time     => Fri Aug 23 18:14:09 EDT 2019
	|    Setup Duration => 0 ms
	|-----------------------------------------------------------------|


	------------------------------------------------------------------------------------------------------
		SOURCE[0][0] =  1.000000  |  CHOLESKY[0][0] =  1.000000  |  ORIGINAL[0][0] =  1.000000
		SOURCE[0][1] =  0.300000  |  CHOLESKY[0][1] =  0.000000  |  ORIGINAL[0][1] =  0.300000
		SOURCE[0][2] =  0.000000  |  CHOLESKY[0][2] =  0.000000  |  ORIGINAL[0][2] =  0.000000
		SOURCE[1][0] =  0.300000  |  CHOLESKY[1][0] =  0.300000  |  ORIGINAL[1][0] =  0.300000
		SOURCE[1][1] =  1.000000  |  CHOLESKY[1][1] =  0.953939  |  ORIGINAL[1][1] =  1.000000
		SOURCE[1][2] =  0.100000  |  CHOLESKY[1][2] =  0.000000  |  ORIGINAL[1][2] =  0.100000
		SOURCE[2][0] =  0.000000  |  CHOLESKY[2][0] =  0.000000  |  ORIGINAL[2][0] =  0.000000
		SOURCE[2][1] =  0.100000  |  CHOLESKY[2][1] =  0.104828  |  ORIGINAL[2][1] =  0.100000
		SOURCE[2][2] =  1.000000  |  CHOLESKY[2][2] =  0.994490  |  ORIGINAL[2][2] =  1.000000
	------------------------------------------------------------------------------------------------------

	|-----------------------------------------------------------------|
	|    Copyright (C) 2011-2019 (DRIP, DROP)
	|-----------------------------------------------------------------|
	|    Build Version  => 4.19.0 multi mode
	|    Build JVM (TM) => 1.8.0_112
	|    Build Snap     => Thu Jul 04 22:11:11 EST 2019
	|    Start Time     => Fri Aug 23 18:14:09 EDT 2019
	|    Setup Time     => Fri Aug 23 18:14:09 EDT 2019
	|    Finish Time    => Fri Aug 23 18:14:09 EDT 2019
	|    Setup Duration => 0 ms
	|    Run Duration   => 29 ms
	|-----------------------------------------------------------------|


	|-----------------------------------------------------------------|
	|    Copyright (C) 2011-2019 (DRIP, DROP)
	|-----------------------------------------------------------------|
	|    Build Version  => 4.19.0 multi mode
	|    Build JVM (TM) => 1.8.0_112
	|    Build Snap     => Thu Jul 04 22:11:11 EST 2019
	|    Start Time     => Fri Aug 23 18:14:09 EDT 2019
	|    Setup Time     => Fri Aug 23 18:14:09 EDT 2019
	|    Setup Duration => 0 ms
	|-----------------------------------------------------------------|


	|----------------------------------------|
	|----------- 0.3077 |||  0.0544 ---------|
	|----------------------------------------|
	[ 0.6875] =>  0.6963 | -0.7071 |  0.1231 | 
	[ 1.0000] =>  0.1741 |  0.0000 | -0.9847 | 
	[ 1.3125] =>  0.6963 |  0.7071 |  0.1231 | 
	[ 1.3125] =>  0.6963 |  0.7071 |  0.1231 | 
	|----------------------------------------|

	|----------------------------------------|
	|----------- 0.1221 |||  0.3294 ---------|
	|----------------------------------------|
	[ 0.6487] =>  0.2458 | -0.7071 |  0.6630 | 
	[ 1.0000] =>  0.9377 |  0.0000 | -0.3476 | 
	[ 1.3513] =>  0.2458 |  0.7071 |  0.6630 | 
	[ 1.3513] =>  0.2458 |  0.7071 |  0.6630 | 
	|----------------------------------------|

	|----------------------------------------|
	|----------- 0.1306 |||  0.4475 ---------|
	|----------------------------------------|
	[ 0.5338] =>  0.1981 | -0.7071 |  0.6788 | 
	[ 1.0000] =>  0.9599 |  0.0000 | -0.2802 | 
	[ 1.4662] =>  0.1981 |  0.7071 |  0.6788 | 
	[ 1.4662] =>  0.1981 |  0.7071 |  0.6788 | 
	|----------------------------------------|

	|----------------------------------------|
	|----------- 0.0792 |||  0.3135 ---------|
	|----------------------------------------|
	[ 0.6767] =>  0.1733 | -0.7071 |  0.6856 | 
	[ 1.0000] =>  0.9695 |  0.0000 | -0.2450 | 
	[ 1.3233] =>  0.1732 |  0.7071 |  0.6856 | 
	[ 1.3233] =>  0.1732 |  0.7071 |  0.6856 | 
	|----------------------------------------|

	|-----------------------------------------------------------------|
	|    Copyright (C) 2011-2019 (DRIP, DROP)
	|-----------------------------------------------------------------|
	|    Build Version  => 4.19.0 multi mode
	|    Build JVM (TM) => 1.8.0_112
	|    Build Snap     => Thu Jul 04 22:11:11 EST 2019
	|    Start Time     => Fri Aug 23 18:14:09 EDT 2019
	|    Setup Time     => Fri Aug 23 18:14:09 EDT 2019
	|    Finish Time    => Fri Aug 23 18:14:09 EDT 2019
	|    Setup Duration => 0 ms
	|    Run Duration   => 26 ms
	|-----------------------------------------------------------------|


	|-----------------------------------------------------------------|
	|    Copyright (C) 2011-2019 (DRIP, DROP)
	|-----------------------------------------------------------------|
	|    Build Version  => 4.19.0 multi mode
	|    Build JVM (TM) => 1.8.0_112
	|    Build Snap     => Thu Jul 04 22:11:11 EST 2019
	|    Start Time     => Fri Aug 23 18:14:09 EDT 2019
	|    Setup Time     => Fri Aug 23 18:14:09 EDT 2019
	|    Setup Duration => 0 ms
	|-----------------------------------------------------------------|

ORTHOGONAL =>  3.000000 | 1.000000 | 4.000000 | 9.000000 |
ORTHOGONAL =>  1.102804 | 1.700935 | 4.803738 |-2.691589 |
ORTHOGONAL => -1.408252 | 6.590662 |-1.727470 | 0.504886 |
ORTHOGONAL =>  3.857057 | 0.497043 |-1.451367 |-0.695861 |
ORTHOGONAL TEST:  0.0
ORTHONORMAL =>  0.290021 | 0.096674 | 0.386695 | 0.870063 |
ORTHONORMAL =>  0.187945 | 0.289881 | 0.818675 |-0.458713 |
ORTHONORMAL => -0.201882 | 0.944816 |-0.247644 | 0.072379 |
ORTHONORMAL =>  0.916410 | 0.118094 |-0.344835 |-0.165332 |
ORTHONORMAL TEST:  0.0

	|-----------------------------------------------------------------|
	|    Copyright (C) 2011-2019 (DRIP, DROP)
	|-----------------------------------------------------------------|
	|    Build Version  => 4.19.0 multi mode
	|    Build JVM (TM) => 1.8.0_112
	|    Build Snap     => Thu Jul 04 22:11:11 EST 2019
	|    Start Time     => Fri Aug 23 18:14:09 EDT 2019
	|    Setup Time     => Fri Aug 23 18:14:09 EDT 2019
	|    Finish Time    => Fri Aug 23 18:14:09 EDT 2019
	|    Setup Duration => 0 ms
	|    Run Duration   => 4 ms
	|-----------------------------------------------------------------|


	|-----------------------------------------------------------------|
	|    Copyright (C) 2011-2019 (DRIP, DROP)
	|-----------------------------------------------------------------|
	|    Build Version  => 4.19.0 multi mode
	|    Build JVM (TM) => 1.8.0_112
	|    Build Snap     => Thu Jul 04 22:11:11 EST 2019
	|    Start Time     => Fri Aug 23 18:14:09 EDT 2019
	|    Setup Time     => Fri Aug 23 18:14:09 EDT 2019
	|    Setup Duration => 0 ms
	|-----------------------------------------------------------------|

--- TESTS FOR #A---
---------------------------------
	SOURCE#A[0][0] =  1.000000  |  INVERSE#A[0][0] =  98.333333  |  PRODUCT#A[0][0] =  1.000000
	SOURCE#A[0][1] =  2.000000  |  INVERSE#A[0][1] = -199.333333  |  PRODUCT#A[0][1] =  0.000000
	SOURCE#A[0][2] =  3.000000  |  INVERSE#A[0][2] =  100.000000  |  PRODUCT#A[0][2] =  0.000000
	SOURCE#A[1][0] =  4.000000  |  INVERSE#A[1][0] = -198.666667  |  PRODUCT#A[1][0] =  0.000000
	SOURCE#A[1][1] =  5.000000  |  INVERSE#A[1][1] =  399.666667  |  PRODUCT#A[1][1] =  1.000000
	SOURCE#A[1][2] =  6.000000  |  INVERSE#A[1][2] = -200.000000  |  PRODUCT#A[1][2] =  0.000000
	SOURCE#A[2][0] =  7.000000  |  INVERSE#A[2][0] =  100.000000  |  PRODUCT#A[2][0] = -0.000000
	SOURCE#A[2][1] =  8.000000  |  INVERSE#A[2][1] = -200.000000  |  PRODUCT#A[2][1] =  0.000000
	SOURCE#A[2][2] =  9.010000  |  INVERSE#A[2][2] =  100.000000  |  PRODUCT#A[2][2] =  1.000000
---------------------------------


--- TESTS FOR #B---
---------------------------------
	SOURCE#B[0][0] =  0.166700  |  INVERSE#B[0][0] =  5.998800  |  PRODUCT#B[0][0] =  1.000000
	SOURCE#B[0][1] =  0.000000  |  INVERSE#B[0][1] =  0.000000  |  PRODUCT#B[0][1] =  0.000000
	SOURCE#B[0][2] =  0.000000  |  INVERSE#B[0][2] =  0.000000  |  PRODUCT#B[0][2] =  0.000000
	SOURCE#B[0][3] =  0.000000  |  INVERSE#B[0][3] =  0.000000  |  PRODUCT#B[0][3] =  0.000000
	SOURCE#B[1][0] =  0.000000  |  INVERSE#B[1][0] =  7.998800  |  PRODUCT#B[1][0] =  0.000000
	SOURCE#B[1][1] =  0.000000  |  INVERSE#B[1][1] =  0.000000  |  PRODUCT#B[1][1] =  1.000000
	SOURCE#B[1][2] =  0.000000  |  INVERSE#B[1][2] =  2.000000  |  PRODUCT#B[1][2] =  0.000000
	SOURCE#B[1][3] =  0.166700  |  INVERSE#B[1][3] =  0.000000  |  PRODUCT#B[1][3] =  0.000000
	SOURCE#B[2][0] = -0.666700  |  INVERSE#B[2][0] =  7.999400  |  PRODUCT#B[2][0] = -0.000000
	SOURCE#B[2][1] =  0.500000  |  INVERSE#B[2][1] =  0.000000  |  PRODUCT#B[2][1] =  0.000000
	SOURCE#B[2][2] =  0.000000  |  INVERSE#B[2][2] =  6.000000  |  PRODUCT#B[2][2] =  1.000000
	SOURCE#B[2][3] =  0.000000  |  INVERSE#B[2][3] =  1.000000  |  PRODUCT#B[2][3] =  0.000000
	SOURCE#B[3][0] =  2.666700  |  INVERSE#B[3][0] =  0.000000  |  PRODUCT#B[3][0] =  0.000000
	SOURCE#B[3][1] = -3.000000  |  INVERSE#B[3][1] =  5.998800  |  PRODUCT#B[3][1] =  0.000000
	SOURCE#B[3][2] =  1.000000  |  INVERSE#B[3][2] =  0.000000  |  PRODUCT#B[3][2] =  0.000000
	SOURCE#B[3][3] =  0.000000  |  INVERSE#B[3][3] =  0.000000  |  PRODUCT#B[3][3] =  1.000000
---------------------------------


--- TESTS FOR #C---
---------------------------------
	SOURCE#C[0][0] =  1.000000  |  INVERSE#C[0][0] =  1.000000  |  PRODUCT#C[0][0] =  1.000000
	SOURCE#C[0][1] =  0.000000  |  INVERSE#C[0][1] =  0.000000  |  PRODUCT#C[0][1] =  0.000000
	SOURCE#C[0][2] =  0.000000  |  INVERSE#C[0][2] =  0.000000  |  PRODUCT#C[0][2] =  0.000000
	SOURCE#C[0][3] =  0.000000  |  INVERSE#C[0][3] =  0.000000  |  PRODUCT#C[0][3] =  0.000000
	SOURCE#C[1][0] =  1.000000  |  INVERSE#C[1][0] =  0.000000  |  PRODUCT#C[1][0] =  0.000000
	SOURCE#C[1][1] =  1.000000  |  INVERSE#C[1][1] =  0.000000  |  PRODUCT#C[1][1] =  1.000000
	SOURCE#C[1][2] =  1.000000  |  INVERSE#C[1][2] =  1.000000  |  PRODUCT#C[1][2] =  0.000000
	SOURCE#C[1][3] =  1.000000  |  INVERSE#C[1][3] =  0.000000  |  PRODUCT#C[1][3] =  0.000000
	SOURCE#C[2][0] =  0.000000  |  INVERSE#C[2][0] =  0.000000  |  PRODUCT#C[2][0] =  0.000000
	SOURCE#C[2][1] =  1.000000  |  INVERSE#C[2][1] =  0.000000  |  PRODUCT#C[2][1] =  0.000000
	SOURCE#C[2][2] =  0.000000  |  INVERSE#C[2][2] =  0.000000  |  PRODUCT#C[2][2] =  1.000000
	SOURCE#C[2][3] =  0.000000  |  INVERSE#C[2][3] =  0.500000  |  PRODUCT#C[2][3] =  0.000000
	SOURCE#C[3][0] =  0.000000  |  INVERSE#C[3][0] = -1.000000  |  PRODUCT#C[3][0] =  0.000000
	SOURCE#C[3][1] =  0.000000  |  INVERSE#C[3][1] =  1.000000  |  PRODUCT#C[3][1] =  0.000000
	SOURCE#C[3][2] =  2.000000  |  INVERSE#C[3][2] = -1.000000  |  PRODUCT#C[3][2] =  0.000000
	SOURCE#C[3][3] =  0.000000  |  INVERSE#C[3][3] = -0.500000  |  PRODUCT#C[3][3] =  1.000000
---------------------------------


--- TESTS FOR #D---
---------------------------------
	SOURCE#D[0][0] =  0.000000  |  INVERSE#D[0][0] = -2.000000  |  PRODUCT#D[0][0] =  1.000000
	SOURCE#D[0][1] =  1.000000  |  INVERSE#D[0][1] =  1.000000  |  PRODUCT#D[0][1] =  0.000000
	SOURCE#D[1][0] =  1.000000  |  INVERSE#D[1][0] =  1.000000  |  PRODUCT#D[1][0] =  0.000000
	SOURCE#D[1][1] =  2.000000  |  INVERSE#D[1][1] =  0.000000  |  PRODUCT#D[1][1] =  1.000000
---------------------------------


--- TESTS FOR #E---
---------------------------------
	SOURCE#E[0][0] =  0.000000  |  INVERSE#E[0][0] =  0.000000  |  PRODUCT#E[0][0] =  1.000000
	SOURCE#E[0][1] =  1.000000  |  INVERSE#E[0][1] =  1.000000  |  PRODUCT#E[0][1] =  0.000000
	SOURCE#E[1][0] =  1.000000  |  INVERSE#E[1][0] =  1.000000  |  PRODUCT#E[1][0] =  0.000000
	SOURCE#E[1][1] =  0.000000  |  INVERSE#E[1][1] =  0.000000  |  PRODUCT#E[1][1] =  1.000000
---------------------------------


--- TESTS FOR #F---
---------------------------------
	SOURCE#F[0][0] =  1.000000  |  INVERSE#F[0][0] =  1.000000  |  PRODUCT#F[0][0] =  1.000000
	SOURCE#F[0][1] =  0.000000  |  INVERSE#F[0][1] =  0.000000  |  PRODUCT#F[0][1] =  0.000000
	SOURCE#F[0][2] =  0.000000  |  INVERSE#F[0][2] =  0.000000  |  PRODUCT#F[0][2] =  0.000000
	SOURCE#F[0][3] =  0.000000  |  INVERSE#F[0][3] =  0.000000  |  PRODUCT#F[0][3] =  0.000000
	SOURCE#F[1][0] =  1.000000  |  INVERSE#F[1][0] =  1.000000  |  PRODUCT#F[1][0] =  0.000000
	SOURCE#F[1][1] =  1.000000  |  INVERSE#F[1][1] =  0.000000  |  PRODUCT#F[1][1] =  1.000000
	SOURCE#F[1][2] =  1.000000  |  INVERSE#F[1][2] =  1.000000  |  PRODUCT#F[1][2] =  0.000000
	SOURCE#F[1][3] =  1.000000  |  INVERSE#F[1][3] =  0.000000  |  PRODUCT#F[1][3] =  0.000000
	SOURCE#F[2][0] = -1.000000  |  INVERSE#F[2][0] = -5.000000  |  PRODUCT#F[2][0] =  0.000000
	SOURCE#F[2][1] =  1.000000  |  INVERSE#F[2][1] =  4.000000  |  PRODUCT#F[2][1] =  0.000000
	SOURCE#F[2][2] =  0.000000  |  INVERSE#F[2][2] = -2.000000  |  PRODUCT#F[2][2] =  1.000000
	SOURCE#F[2][3] =  0.000000  |  INVERSE#F[2][3] = -1.000000  |  PRODUCT#F[2][3] =  0.000000
	SOURCE#F[3][0] =  1.000000  |  INVERSE#F[3][0] =  3.000000  |  PRODUCT#F[3][0] =  0.000000
	SOURCE#F[3][1] =  2.000000  |  INVERSE#F[3][1] = -3.000000  |  PRODUCT#F[3][1] =  0.000000
	SOURCE#F[3][2] =  3.000000  |  INVERSE#F[3][2] =  1.000000  |  PRODUCT#F[3][2] =  0.000000
	SOURCE#F[3][3] =  4.000000  |  INVERSE#F[3][3] =  1.000000  |  PRODUCT#F[3][3] =  1.000000
---------------------------------


--- TESTS FOR #G---
---------------------------------
	SOURCE#G[0][0] =  0.000000  |  INVERSE#G[0][0] = -0.430882  |  PRODUCT#G[0][0] =  1.000000
	SOURCE#G[0][1] =  1.000000  |  INVERSE#G[0][1] = -58.899358  |  PRODUCT#G[0][1] =  0.000000
	SOURCE#G[0][2] =  0.000000  |  INVERSE#G[0][2] =  29.412730  |  PRODUCT#G[0][2] =  0.000000
	SOURCE#G[0][3] =  0.000000  |  INVERSE#G[0][3] = -14.708111  |  PRODUCT#G[0][3] =  0.000000
	SOURCE#G[1][0] =  0.000000  |  INVERSE#G[1][0] =  1.000000  |  PRODUCT#G[1][0] =  0.000000
	SOURCE#G[1][1] =  0.000000  |  INVERSE#G[1][1] =  0.000000  |  PRODUCT#G[1][1] =  1.000000
	SOURCE#G[1][2] =  2.000000  |  INVERSE#G[1][2] =  0.000000  |  PRODUCT#G[1][2] =  0.000000
	SOURCE#G[1][3] =  0.000000  |  INVERSE#G[1][3] =  0.000000  |  PRODUCT#G[1][3] =  0.000000
	SOURCE#G[2][0] =  0.043400  |  INVERSE#G[2][0] =  0.000000  |  PRODUCT#G[2][0] = -0.000000
	SOURCE#G[2][1] =  0.018800  |  INVERSE#G[2][1] =  0.500000  |  PRODUCT#G[2][1] =  0.000000
	SOURCE#G[2][2] =  16.008300  |  INVERSE#G[2][2] =  0.000000  |  PRODUCT#G[2][2] =  1.000000
	SOURCE#G[2][3] =  24.003700  |  INVERSE#G[2][3] =  0.000000  |  PRODUCT#G[2][3] =  0.000000
	SOURCE#G[3][0] =  0.018800  |  INVERSE#G[3][0] = -0.000004  |  PRODUCT#G[3][0] = -0.000000
	SOURCE#G[3][1] =  0.008300  |  INVERSE#G[3][1] = -0.226962  |  PRODUCT#G[3][1] = -0.000000
	SOURCE#G[3][2] =  24.003700  |  INVERSE#G[3][2] = -0.011520  |  PRODUCT#G[3][2] = -0.000000
	SOURCE#G[3][3] =  48.001700  |  INVERSE#G[3][3] =  0.026593  |  PRODUCT#G[3][3] =  1.000000
---------------------------------


	COEFF[0][0] =  1.000000
	COEFF[0][1] =  0.500000
	COEFF[0][2] =  0.333000
	COEFF[0][3] =  0.000000
	COEFF[0][4] =  0.000000
	COEFF[0][5] =  0.000000
	COEFF[1][0] =  0.000000
	COEFF[1][1] =  0.000000
	COEFF[1][2] =  0.000000
	COEFF[1][3] =  1.000000
	COEFF[1][4] =  0.500000
	COEFF[1][5] =  0.333000
	COEFF[2][0] =  1.000000
	COEFF[2][1] =  1.000000
	COEFF[2][2] =  1.000000
	COEFF[2][3] = -1.000000
	COEFF[2][4] =  0.000000
	COEFF[2][5] =  0.000000
	COEFF[3][0] =  0.000000
	COEFF[3][1] =  0.500000
	COEFF[3][2] =  2.000000
	COEFF[3][3] =  0.000000
	COEFF[3][4] = -0.500000
	COEFF[3][5] =  0.000000
	COEFF[4][0] =  0.000000
	COEFF[4][1] =  1.000000
	COEFF[4][2] =  0.000000
	COEFF[4][3] =  0.000000
	COEFF[4][4] =  0.000000
	COEFF[4][5] =  0.000000
	COEFF[5][0] =  0.000000
	COEFF[5][1] =  0.000000
	COEFF[5][2] =  0.000000
	COEFF[5][3] =  0.000000
	COEFF[5][4] =  1.000000
	COEFF[5][5] =  0.000000
GaussianElimination[0] =  .020000
GaussianElimination[1] =  -.000000
GaussianElimination[2] =  -.000000
GaussianElimination[3] =  .020000
GaussianElimination[4] =  -.000000
GaussianElimination[5] =  .018018
RHS[0]: 0.02
RHS[1]: 0.026000000000000002
RHS[2]: 0.0
RHS[3]: 0.0
RHS[4]: 0.0
RHS[5]: 0.0

	|-----------------------------------------------------------------|
	|    Copyright (C) 2011-2019 (DRIP, DROP)
	|-----------------------------------------------------------------|
	|    Build Version  => 4.19.0 multi mode
	|    Build JVM (TM) => 1.8.0_112
	|    Build Snap     => Thu Jul 04 22:11:11 EST 2019
	|    Start Time     => Fri Aug 23 18:14:09 EDT 2019
	|    Setup Time     => Fri Aug 23 18:14:09 EDT 2019
	|    Finish Time    => Fri Aug 23 18:14:09 EDT 2019
	|    Setup Duration => 0 ms
	|    Run Duration   => 3 ms
	|-----------------------------------------------------------------|


	|-----------------------------------------------------------------|
	|    Copyright (C) 2011-2019 (DRIP, DROP)
	|-----------------------------------------------------------------|
	|    Build Version  => 4.19.0 multi mode
	|    Build JVM (TM) => 1.8.0_112
	|    Build Snap     => Thu Jul 04 22:11:11 EST 2019
	|    Start Time     => Fri Aug 23 18:14:09 EDT 2019
	|    Setup Time     => Fri Aug 23 18:14:09 EDT 2019
	|    Setup Duration => 0 ms
	|-----------------------------------------------------------------|

	[0] => -0.3997 |  0.3578 |  0.8894 | 
	[1] => -0.4075 |  0.4762 | -1.3300 | 
	[2] =>  0.8875 |  0.2093 | -0.1630 | 
	[3] => -0.5829 |  0.2376 |  0.0375 | 
	[4] =>  0.6074 | -0.4897 | -1.5156 | 
	[5] => -2.2604 | -1.4145 | -0.0094 | 
	[6] => -0.3103 |  0.2343 | -1.1009 | 
	[7] => -1.3667 |  2.1335 |  0.4199 | 
	[8] => -0.9423 |  0.8534 |  0.2122 | 
	[9] =>  0.9984 |  1.3810 |  0.7434 | 
	[10] =>  0.0060 |  1.8421 |  0.6975 | 
	[11] =>  0.8341 | -0.5273 | -0.6727 | 
	[12] =>  0.5675 |  2.2474 | -0.9692 | 
	[13] =>  0.8825 |  1.1457 | -1.4955 | 
	[14] =>  1.1075 | -0.5216 | -0.0085 | 
	[15] =>  0.5045 | -0.8700 | -0.0528 | 
	[16] => -1.5231 | -1.1129 | -0.4197 | 
	[17] =>  0.0316 | -0.2630 |  1.3855 | 
	[18] =>  0.3865 |  1.2086 |  0.2185 | 
	[19] =>  1.5702 | -0.0196 |  1.0162 | 
	[20] =>  0.2918 | -0.1137 |  0.5895 | 
	[21] =>  0.6143 | -0.4096 |  0.4461 | 
	[22] => -0.0426 | -0.2436 | -1.2196 | 
	[23] => -0.3157 |  0.5841 |  1.3006 | 
	[24] => -0.3669 | -0.3558 | -1.6821 | 
	[25] =>  1.4147 |  0.1103 | -0.4698 | 
	[26] => -3.4417 |  0.4743 | -0.5278 | 
	[27] =>  1.5121 |  0.4045 |  0.9388 | 
	[28] => -1.1610 | -0.7653 |  0.8043 | 
	[29] => -0.1736 |  1.4257 |  0.2733 | 
	[30] =>  0.1934 |  0.6978 | -0.0081 | 
	[31] =>  0.0701 |  1.1290 |  1.1722 | 
	[32] =>  0.9280 |  0.7248 |  0.9492 | 
	[33] =>  0.2414 | -1.1782 | -1.4581 | 
	[34] =>  0.9299 | -0.6848 | -2.7374 | 
	[35] => -0.0468 | -0.7006 |  0.4676 | 
	[36] =>  1.3540 |  0.7452 | -1.2370 | 
	[37] =>  0.2236 | -1.1171 |  1.2363 | 
	[38] => -0.9491 |  0.0749 |  1.4856 | 
	[39] =>  0.3240 |  1.1289 |  0.1053 | 
	[40] =>  0.4671 | -0.7219 | -2.2954 | 
	[41] =>  1.2633 |  0.0332 |  1.1841 | 
	[42] =>  0.4704 |  0.8950 | -0.2560 | 
	[43] => -0.3248 |  0.5795 |  0.5239 | 
	[44] =>  1.3573 | -0.4721 |  1.3947 | 
	[45] => -0.8372 | -0.0272 |  0.8856 | 
	[46] => -0.7587 | -0.0413 |  1.5150 | 
	[47] =>  2.1126 | -0.1283 |  0.6540 | 
	[48] =>  0.9224 |  1.1167 | -0.0094 | 
	[49] => -0.2698 | -2.5772 | -0.1459 | 
	[50] => -1.2341 |  0.5425 |  1.7119 | 
	[51] =>  0.0632 |  0.8468 | -0.8142 | 
	[52] =>  1.6048 |  0.1112 | -0.8934 | 
	[53] => -0.1148 |  0.8623 |  0.7589 | 
	[54] => -1.1486 | -1.2869 | -1.4067 | 
	[55] =>  0.9067 | -0.3571 |  1.1102 | 
	[56] =>  1.0855 |  0.2780 |  0.3668 | 
	[57] =>  0.9034 |  0.9265 | -0.2701 | 
	[58] => -0.7614 | -0.9685 | -0.6631 | 
	[59] =>  1.1432 | -0.0845 | -0.7786 | 
	[60] => -0.6598 |  1.4538 | -0.6891 | 
	[61] =>  0.4268 |  0.9749 | -1.7889 | 
	[62] =>  0.0035 | -0.4436 | -0.3856 | 
	[63] => -0.3296 |  0.7693 |  0.8657 | 
	[64] =>  0.7641 |  1.4737 | -0.5229 | 
	[65] =>  0.3452 | -1.8533 | -0.7764 | 
	[66] => -0.4257 |  0.7997 |  0.7686 | 
	[67] =>  1.2044 | -0.5253 | -0.4573 | 
	[68] => -1.3441 | -1.1266 |  0.8357 | 
	[69] =>  0.0189 | -0.3826 |  0.6174 | 
	[70] =>  0.0710 |  0.3096 |  0.3817 | 
	[71] => -0.0706 | -0.2299 |  0.9781 | 
	[72] => -0.7950 |  0.7856 | -0.0030 | 
	[73] => -0.8603 | -0.2850 |  1.4888 | 
	[74] =>  0.5138 |  0.6630 |  0.5771 | 
	[75] =>  0.2330 | -0.0877 |  0.0799 | 
	[76] => -0.6431 | -0.8328 |  0.6281 | 
	[77] => -1.4273 | -0.6176 |  0.1949 | 
	[78] =>  1.1655 | -0.6083 |  0.8048 | 
	[79] =>  0.2808 | -0.7576 | -0.3036 | 
	[80] =>  1.7886 |  1.8295 | -1.6926 | 
	[81] =>  0.7964 | -1.6578 |  0.1398 | 
	[82] =>  1.6429 |  1.6416 |  0.1649 | 
	[83] => -0.2422 |  1.0244 |  0.2885 | 
	[84] => -0.2516 | -1.2462 | -0.0315 | 
	[85] => -0.0388 | -0.9027 |  0.8283 | 
	[86] =>  0.0493 | -1.7537 |  0.1131 | 
	[87] =>  1.0564 | -0.5256 |  0.0320 | 
	[88] =>  0.8255 |  0.3572 | -0.3877 | 
	[89] =>  0.4345 |  1.2206 |  0.0020 | 
	[90] => -0.0750 |  0.4412 |  0.8325 | 
	[91] =>  2.1734 |  1.1212 |  2.2022 | 
	[92] =>  1.0442 |  1.0270 | -2.2005 | 
	[93] => -1.5191 | -0.0382 |  0.7447 | 
	[94] =>  0.4861 |  0.6386 | -0.7257 | 
	[95] => -0.6508 |  1.0443 |  0.2188 | 
	[96] =>  1.6138 |  0.1760 |  0.2146 | 
	[97] => -2.1475 | -1.6071 |  0.5614 | 
	[98] => -0.7565 | -0.0494 | -1.8900 | 
	[99] =>  0.5424 | -0.6256 | -0.1120 | 

	|-----------------------------------------------------------------|
	|    Copyright (C) 2011-2019 (DRIP, DROP)
	|-----------------------------------------------------------------|
	|    Build Version  => 4.19.0 multi mode
	|    Build JVM (TM) => 1.8.0_112
	|    Build Snap     => Thu Jul 04 22:11:11 EST 2019
	|    Start Time     => Fri Aug 23 18:14:09 EDT 2019
	|    Setup Time     => Fri Aug 23 18:14:09 EDT 2019
	|    Finish Time    => Fri Aug 23 18:14:09 EDT 2019
	|    Setup Duration => 0 ms
	|    Run Duration   => 5 ms
	|-----------------------------------------------------------------|


	|-----------------------------------------------------------------|
	|    Copyright (C) 2011-2019 (DRIP, DROP)
	|-----------------------------------------------------------------|
	|    Build Version  => 4.19.0 multi mode
	|    Build JVM (TM) => 1.8.0_112
	|    Build Snap     => Thu Jul 04 22:11:11 EST 2019
	|    Start Time     => Fri Aug 23 18:14:09 EDT 2019
	|    Setup Time     => Fri Aug 23 18:14:09 EDT 2019
	|    Setup Duration => 0 ms
	|-----------------------------------------------------------------|

	{ 0.4873 || 0.0592} => [ 1.4908] =>  0.7086 |  0.7007 |  0.0829 | 
	{ 0.4617 || 0.0167} => [ 1.4605] =>  0.7341 |  0.6787 |  0.0227 | 
	{ 0.2760 || 0.2067} => [ 1.3223] =>  0.7314 |  0.6302 |  0.2606 | 
	{ 0.2808 || 0.1471} => [ 1.2868] =>  0.8014 |  0.5737 |  0.1688 | 
	{ 0.0014 || 0.2573} => [ 1.2094] =>  0.0097 |  0.8891 |  0.4576 | 
	{ 0.2444 || 0.2995} => [ 1.3741] =>  0.5743 |  0.7023 |  0.4207 | 
	{ 0.3048 || 0.0328} => [ 1.2733] =>  0.8506 |  0.5246 |  0.0345 | 
	{ 0.2324 || 0.3179} => [ 1.3828] =>  0.5344 |  0.7133 |  0.4535 | 
	{ 0.4642 || 0.1189} => [ 1.4788] =>  0.7012 |  0.6937 |  0.1649 | 
	{ 0.4996 || 0.4653} => [ 1.6509] =>  0.3652 |  0.6815 |  0.6342 | 
	{ 0.4406 || 0.2942} => [ 1.5289] =>  0.5603 |  0.7139 |  0.4201 | 
	{ 0.3393 || 0.2170} => [ 1.3935] =>  0.6924 |  0.6619 |  0.2872 | 
	{ 0.0271 || 0.4974} => [ 1.4982] =>  0.0387 |  0.7084 |  0.7048 | 
	{ 0.2809 || 0.1806} => [ 1.3085] =>  0.7641 |  0.6067 |  0.2192 | 
	{ 0.3472 || 0.2346} => [ 1.4125] =>  0.6670 |  0.6745 |  0.3164 | 
	{ 0.4637 || 0.3283} => [ 1.5635] =>  0.5148 |  0.7167 |  0.4705 | 
	{ 0.0259 || 0.3373} => [ 1.3140] =>  0.0934 |  0.8254 |  0.5568 | 
	{ 0.0404 || 0.1766} => [ 1.1160] =>  0.5021 |  0.8155 |  0.2880 | 
	{ 0.3285 || 0.0001} => [ 1.3015] =>  0.8358 |  0.5491 |  0.0001 | 
	{ 0.3170 || 0.2659} => [ 1.4064] =>  0.6329 |  0.6836 |  0.3635 | 
	{ 0.4190 || 0.0620} => [ 1.4177] =>  0.7571 |  0.6483 |  0.0804 | 
	{ 0.3267 || 0.2707} => [ 1.4187] =>  0.6237 |  0.6874 |  0.3722 | 
	{ 0.1431 || 0.0468} => [ 1.0831] =>  0.9529 |  0.3018 |  0.0283 | 
	{ 0.1709 || 0.3200} => [ 1.3449] =>  0.4798 |  0.7390 |  0.4730 | 
	{ 0.3807 || 0.0473} => [ 1.3705] =>  0.7898 |  0.6106 |  0.0578 | 
	{ 0.2321 || 0.1177} => [ 1.2131] =>  0.8577 |  0.5005 |  0.1178 | 
	{ 0.0444 || 0.1163} => [ 1.0583] =>  0.8128 |  0.5674 |  0.1320 | 
	{ 0.2796 || 0.2330} => [ 1.3464] =>  0.6913 |  0.6550 |  0.3052 | 
	{ 0.2232 || 0.4292} => [ 1.4835] =>  0.3402 |  0.7135 |  0.6125 | 
	{ 0.0440 || 0.4718} => [ 1.4731] =>  0.0710 |  0.7255 |  0.6846 | 
	{ 0.2839 || 0.0956} => [ 1.2642] =>  0.8408 |  0.5316 |  0.1017 | 
	{ 0.0303 || 0.0508} => [ 1.0138] =>  0.9742 |  0.2245 |  0.0228 | 
	{ 0.4457 || 0.1251} => [ 1.4616] =>  0.7102 |  0.6830 |  0.1709 | 
	{ 0.1802 || 0.3700} => [ 1.4039] =>  0.3933 |  0.7391 |  0.5469 | 
	{ 0.4379 || 0.2003} => [ 1.4811] =>  0.6592 |  0.6981 |  0.2796 | 
	{ 0.4650 || 0.0204} => [ 1.4642] =>  0.7314 |  0.6814 |  0.0278 | 
	{ 0.3354 || 0.0691} => [ 1.3193] =>  0.8169 |  0.5713 |  0.0790 | 
	{ 0.1143 || 0.2681} => [ 1.2536] =>  0.5100 |  0.7581 |  0.4065 | 
	{ 0.0438 || 0.0441} => [ 1.0152] =>  0.9847 |  0.1735 |  0.0153 | 
	{ 0.4407 || 0.1296} => [ 1.4577] =>  0.7109 |  0.6808 |  0.1765 | 
	{ 0.1679 || 0.2897} => [ 1.3096] =>  0.5436 |  0.7262 |  0.4208 | 
	{ 0.1190 || 0.2887} => [ 1.2806] =>  0.4672 |  0.7656 |  0.4421 | 
	{ 0.1592 || 0.2864} => [ 1.3004] =>  0.5411 |  0.7298 |  0.4180 | 
	{ 0.3214 || 0.0089} => [ 1.2925] =>  0.8410 |  0.5410 |  0.0096 | 
	{ 0.1821 || 0.0802} => [ 1.1367] =>  0.9152 |  0.3979 |  0.0638 | 
	{ 0.2856 || 0.3638} => [ 1.4611] =>  0.4750 |  0.7116 |  0.5177 | 
	{ 0.0769 || 0.1709} => [ 1.1231] =>  0.7196 |  0.6571 |  0.2245 | 
	{ 0.2186 || 0.0417} => [ 1.1654] =>  0.9103 |  0.4125 |  0.0344 | 
	{ 0.1277 || 0.1399} => [ 1.1255] =>  0.8637 |  0.4853 |  0.1358 | 
	{ 0.3964 || 0.1804} => [ 1.4314] =>  0.7010 |  0.6709 |  0.2421 | 

	|-----------------------------------------------------------------|
	|    Copyright (C) 2011-2019 (DRIP, DROP)
	|-----------------------------------------------------------------|
	|    Build Version  => 4.19.0 multi mode
	|    Build JVM (TM) => 1.8.0_112
	|    Build Snap     => Thu Jul 04 22:11:11 EST 2019
	|    Start Time     => Fri Aug 23 18:14:09 EDT 2019
	|    Setup Time     => Fri Aug 23 18:14:09 EDT 2019
	|    Finish Time    => Fri Aug 23 18:14:09 EDT 2019
	|    Setup Duration => 0 ms
	|    Run Duration   => 2 ms
	|-----------------------------------------------------------------|


	|-----------------------------------------------------------------|
	|    Copyright (C) 2011-2019 (DRIP, DROP)
	|-----------------------------------------------------------------|
	|    Build Version  => 4.19.0 multi mode
	|    Build JVM (TM) => 1.8.0_112
	|    Build Snap     => Thu Jul 04 22:11:11 EST 2019
	|    Start Time     => Fri Aug 23 18:14:09 EDT 2019
	|    Setup Time     => Fri Aug 23 18:14:09 EDT 2019
	|    Setup Duration => 0 ms
	|-----------------------------------------------------------------|

Initial R:    =>  0.000000 | 0.000000 | 0.000000 |
Initial R:    =>  0.000000 | 0.000000 | 0.000000 |
Initial R:    =>  0.000000 |-0.000000 | 0.000000 |

Initial Q:    =>  0.995037 | 0.099504 | 0.000000 |
Initial Q:    => -0.092193 | 0.921931 | 0.376222 |
Initial Q:    =>  0.037436 |-0.374355 | 0.926529 |

Inverse Q:    =>  0.995037 |-0.092193 | 0.037436 |
Inverse Q:    =>  0.099504 | 0.921931 |-0.374355 |
Inverse Q:    => -0.000000 | 0.376222 | 0.926529 |

Transpose Q:  =>  0.995037 |-0.092193 | 0.037436 |
Transpose Q:  =>  0.099504 | 0.921931 |-0.374355 |
Transpose Q:  =>  0.000000 | 0.376222 | 0.926529 |


	|-----------------------------------------------------------------|
	|    Copyright (C) 2011-2019 (DRIP, DROP)
	|-----------------------------------------------------------------|
	|    Build Version  => 4.19.0 multi mode
	|    Build JVM (TM) => 1.8.0_112
	|    Build Snap     => Thu Jul 04 22:11:11 EST 2019
	|    Start Time     => Fri Aug 23 18:14:09 EDT 2019
	|    Setup Time     => Fri Aug 23 18:14:09 EDT 2019
	|    Finish Time    => Fri Aug 23 18:14:09 EDT 2019
	|    Setup Duration => 0 ms
	|    Run Duration   => 0 ms
	|-----------------------------------------------------------------|

]]></system-out>
  <system-err><![CDATA[]]></system-err>
</testsuite>
