<?xml version="1.0" encoding="UTF-8"?>
<testsuite name="org.drip.coverage.function.RdToR1" tests="1" skipped="0" failures="0" errors="0" timestamp="2019-08-23T22:14:07" hostname="LAPTOP-2MU6A8KE" time="0.078">
  <properties/>
  <testcase name="codeCoverageTest" classname="org.drip.coverage.function.RdToR1" time="0.078"/>
  <system-out><![CDATA[
	|-----------------------------------------------------------------|
	|    Copyright (C) 2011-2019 (DRIP, DROP)
	|-----------------------------------------------------------------|
	|    Build Version  => 4.19.0 multi mode
	|    Build JVM (TM) => 1.8.0_112
	|    Build Snap     => Thu Jul 04 22:11:11 EST 2019
	|    Start Time     => Fri Aug 23 18:14:07 EDT 2019
	|    Setup Time     => Fri Aug 23 18:14:07 EDT 2019
	|    Setup Duration => 0 ms
	|-----------------------------------------------------------------|



	|------------------------||
	|       POINT VALUE      ||
	|------------------------||
	|  [0.0 | 1.0] =  0.0400 ||
	|  [0.1 | 0.9] =  0.0549 ||
	|  [0.2 | 0.8] =  0.0676 ||
	|  [0.3 | 0.7] =  0.0781 ||
	|  [0.4 | 0.6] =  0.0864 ||
	|  [0.5 | 0.5] =  0.0925 ||
	|  [0.6 | 0.4] =  0.0964 ||
	|  [0.7 | 0.3] =  0.0981 ||
	|  [0.8 | 0.2] =  0.0976 ||
	|  [0.9 | 0.1] =  0.0949 ||
	|  [1.0 | 0.0] =  0.0900 ||
	|------------------------||


	|-------------------------------------------||
	|                 JACOBIAN                  ||
	|-------------------------------------------||
	|  [0.0 | 1.0] = { 1.2400, 1.0800, 0.0000,} ||
	|  [0.1 | 0.9] = { 1.2340, 1.0960, 0.0000,} ||
	|  [0.2 | 0.8] = { 1.2280, 1.1120, 0.0000,} ||
	|  [0.3 | 0.7] = { 1.2220, 1.1280, 0.0000,} ||
	|  [0.4 | 0.6] = { 1.2160, 1.1440, 0.0000,} ||
	|  [0.5 | 0.5] = { 1.2100, 1.1600, 0.0000,} ||
	|  [0.6 | 0.4] = { 1.2040, 1.1760, 0.0000,} ||
	|  [0.7 | 0.3] = { 1.1980, 1.1920, 0.0000,} ||
	|  [0.8 | 0.2] = { 1.1920, 1.2080, 0.0000,} ||
	|  [0.9 | 0.1] = { 1.1860, 1.2240, 0.0000,} ||
	|  [1.0 | 0.0] = { 1.1800, 1.2400, 0.0000,} ||
	|-------------------------------------------||


	|----------------------------||
	|          HESSIAN           ||
	|----------------------------||
	| [ 0.1800, 0.2400, 1.0000,] ||
	| [ 0.2400, 0.0800, 1.0000,] ||
	| [ 1.0000, 1.0000, 0.0000,] ||
	|----------------------------||

	|-----------------------------------------------------------------|
	|    Copyright (C) 2011-2019 (DRIP, DROP)
	|-----------------------------------------------------------------|
	|    Build Version  => 4.19.0 multi mode
	|    Build JVM (TM) => 1.8.0_112
	|    Build Snap     => Thu Jul 04 22:11:11 EST 2019
	|    Start Time     => Fri Aug 23 18:14:07 EDT 2019
	|    Setup Time     => Fri Aug 23 18:14:07 EDT 2019
	|    Setup Duration => 0 ms
	|-----------------------------------------------------------------|



	|------------------------||
	|       POINT VALUE      ||
	|------------------------||
	|  [0.0 | 1.0] =  0.0400 ||
	|  [0.1 | 0.9] =  0.0549 ||
	|  [0.2 | 0.8] =  0.0676 ||
	|  [0.3 | 0.7] =  0.0781 ||
	|  [0.4 | 0.6] =  0.0864 ||
	|  [0.5 | 0.5] =  0.0925 ||
	|  [0.6 | 0.4] =  0.0964 ||
	|  [0.7 | 0.3] =  0.0981 ||
	|  [0.8 | 0.2] =  0.0976 ||
	|  [0.9 | 0.1] =  0.0949 ||
	|  [1.0 | 0.0] =  0.0900 ||
	|------------------------||


	|-----------------------------------||
	|             JACOBIAN              ||
	|-----------------------------------||
	|  [0.0 | 1.0] = { 0.2400, 0.0800,} ||
	|  [0.1 | 0.9] = { 0.2340, 0.0960,} ||
	|  [0.2 | 0.8] = { 0.2280, 0.1120,} ||
	|  [0.3 | 0.7] = { 0.2220, 0.1280,} ||
	|  [0.4 | 0.6] = { 0.2160, 0.1440,} ||
	|  [0.5 | 0.5] = { 0.2100, 0.1600,} ||
	|  [0.6 | 0.4] = { 0.2040, 0.1760,} ||
	|  [0.7 | 0.3] = { 0.1980, 0.1920,} ||
	|  [0.8 | 0.2] = { 0.1920, 0.2080,} ||
	|  [0.9 | 0.1] = { 0.1860, 0.2240,} ||
	|  [1.0 | 0.0] = { 0.1800, 0.2400,} ||
	|-----------------------------------||


	|--------------------||
	|      HESSIAN       ||
	|--------------------||
	| [ 0.1800, 0.2400,] ||
	| [ 0.2400, 0.0800,] ||
	|--------------------||
]]></system-out>
  <system-err><![CDATA[]]></system-err>
</testsuite>
