<?xml version="1.0" encoding="UTF-8"?>
<testsuite name="org.drip.coverage.sequence.Sequence" tests="1" skipped="0" failures="0" errors="0" timestamp="2019-08-23T22:14:33" hostname="LAPTOP-2MU6A8KE" time="15.231">
  <properties/>
  <testcase name="codeCoverageTest" classname="org.drip.coverage.sequence.Sequence" time="15.231"/>
  <system-out><![CDATA[
	|-----------------------------------------------------------------|
	|    Copyright (C) 2011-2019 (DRIP, DROP)
	|-----------------------------------------------------------------|
	|    Build Version  => 4.19.0 multi mode
	|    Build JVM (TM) => 1.8.0_112
	|    Build Snap     => Thu Jul 04 22:11:11 EST 2019
	|    Start Time     => Fri Aug 23 18:14:33 EDT 2019
	|    Setup Time     => Fri Aug 23 18:14:33 EDT 2019
	|    Setup Duration => 0 ms
	|-----------------------------------------------------------------|


	|-----------------------------|
	| MEAN #1 | MEAN #2 |  JOINT  |
	|-----------------------------|
	|  0.5004 |  0.4977 |  0.3323 |
	|  0.5002 |  1.4989 |  0.8812 |
	|  0.5003 |  2.5003 |  1.4534 |
	|  0.5003 |  3.4981 |  2.0276 |
	|  0.4980 |  4.4974 |  2.5932 |
	|-----------------------------|

	|-----------------------------------------------------------------|
	|    Copyright (C) 2011-2019 (DRIP, DROP)
	|-----------------------------------------------------------------|
	|    Build Version  => 4.19.0 multi mode
	|    Build JVM (TM) => 1.8.0_112
	|    Build Snap     => Thu Jul 04 22:11:11 EST 2019
	|    Start Time     => Fri Aug 23 18:14:33 EDT 2019
	|    Setup Time     => Fri Aug 23 18:14:33 EDT 2019
	|    Setup Duration => 0 ms
	|-----------------------------------------------------------------|


	|---------------------------------------------------------------------------------------|
	|         WEAK LAW OF LARGE NUMBERS     -      METRICS FROM UNDERLYING GENERATOR        |
	|---------------------------------------------------------------------------------------|
	|   SAMPLE  ||               <-               TOLERANCES               ->               |
	|---------------------------------------------------------------------------------------|
	|  00000050 =>  1.000000000 |  1.000000000 |  0.674181998 |  0.343970407 |  0.168545499 | 
	|  00000500 =>  1.000000000 |  0.178327038 |  0.064197734 |  0.032753946 |  0.016049433 | 
	|  00005000 =>  0.169491871 |  0.018832430 |  0.006779675 |  0.003459018 |  0.001694919 | 
	|  00050000 =>  0.016758007 |  0.001862001 |  0.000670320 |  0.000342000 |  0.000167580 | 
	|  00500000 =>  0.001667040 |  0.000185227 |  0.000066682 |  0.000034021 |  0.000016670 | 
	|  05000000 =>  0.000166683 |  0.000018520 |  0.000006667 |  0.000003402 |  0.000001667 | 
	|  50000000 =>  0.000016666 |  0.000001852 |  0.000000667 |  0.000000340 |  0.000000167 | 
	|---------------------------------------------------------------------------------------|

	|---------------------------------------------------------------------------------------|
	|        WEAK LAW OF LARGE NUMBERS      -     METRICS FROM EMPIRICAL DISTRIBUTION       |
	|---------------------------------------------------------------------------------------|
	|   SAMPLE  ||               <-               TOLERANCES               ->               |
	|---------------------------------------------------------------------------------------|
	|  00000050 =>  1.000000000 |  1.000000000 |  0.705561800 |  0.359980510 |  0.176390450 | 
	|  00000500 =>  1.000000000 |  0.169498239 |  0.061019366 |  0.031132330 |  0.015254841 | 
	|  00005000 =>  0.164714912 |  0.018301657 |  0.006588596 |  0.003361529 |  0.001647149 | 
	|  00050000 =>  0.016628980 |  0.001847664 |  0.000665159 |  0.000339367 |  0.000166290 | 
	|  00500000 =>  0.001665431 |  0.000185048 |  0.000066617 |  0.000033988 |  0.000016654 | 
	|  05000000 =>  0.000166637 |  0.000018515 |  0.000006665 |  0.000003401 |  0.000001666 | 
	|  50000000 =>  0.000016666 |  0.000001852 |  0.000000667 |  0.000000340 |  0.000000167 | 
	|---------------------------------------------------------------------------------------|

	|---------------------------------------------------------------------------------------|
	|         CHERNOFF-HOEFFDING BOUNDS      -     METRICS FROM UNDERLYING GENERATOR        |
	|---------------------------------------------------------------------------------------|
	|   SAMPLE  ||               <-               TOLERANCES               ->               |
	|---------------------------------------------------------------------------------------|
	|  00000050 =>  0.990049834 |  0.913931185 |  0.778800783 |  0.612626394 |  0.367879441 | 
	|  00000500 =>  0.904837418 |  0.406569660 |  0.082084999 |  0.007446583 |  0.000045400 | 
	|  00005000 =>  0.367879441 |  0.000123410 |  0.000000000 |  0.000000000 |  0.000000000 | 
	|  00050000 =>  0.000045400 |  0.000000000 |  0.000000000 |  0.000000000 |  0.000000000 | 
	|  00500000 =>  0.000000000 |  0.000000000 |  0.000000000 |  0.000000000 |  0.000000000 | 
	|  05000000 =>  0.000000000 |  0.000000000 |  0.000000000 |  0.000000000 |  0.000000000 | 
	|  50000000 =>  0.000000000 |  0.000000000 |  0.000000000 |  0.000000000 |  0.000000000 | 
	|---------------------------------------------------------------------------------------|

	|---------------------------------------------------------------------------------------|
	|         CHERNOFF-HOEFFDING BOUNDS      -     METRICS FROM EMPIRICAL DISTRIBUTION      |
	|---------------------------------------------------------------------------------------|
	|   SAMPLE  ||               <-               TOLERANCES               ->               |
	|---------------------------------------------------------------------------------------|
	|  00000050 =>  0.990049834 |  0.913931185 |  0.778800783 |  0.612626394 |  0.367879441 | 
	|  00000500 =>  0.904837418 |  0.406569660 |  0.082084999 |  0.007446583 |  0.000045400 | 
	|  00005000 =>  0.367879441 |  0.000123410 |  0.000000000 |  0.000000000 |  0.000000000 | 
	|  00050000 =>  0.000045400 |  0.000000000 |  0.000000000 |  0.000000000 |  0.000000000 | 
	|  00500000 =>  0.000000000 |  0.000000000 |  0.000000000 |  0.000000000 |  0.000000000 | 
	|  05000000 =>  0.000000000 |  0.000000000 |  0.000000000 |  0.000000000 |  0.000000000 | 
	|  50000000 =>  0.000000000 |  0.000000000 |  0.000000000 |  0.000000000 |  0.000000000 | 
	|---------------------------------------------------------------------------------------|

	|---------------------------------------------------------------------------------------|
	|              BENNETT BOUNDS      -      METRICS FROM UNDERLYING GENERATOR             |
	|---------------------------------------------------------------------------------------|
	|   SAMPLE  ||               <-               TOLERANCES               ->               |
	|---------------------------------------------------------------------------------------|
	|  00000050 =>  0.973525458 |  0.797462508 |  0.552447280 |  0.331567421 |  0.122413060 | 
	|  00000500 =>  0.750209778 |  0.089444534 |  0.001820170 |  0.000008254 |  0.000000000 | 
	|  00005000 =>  0.056159096 |  0.000000000 |  0.000000000 |  0.000000000 |  0.000000000 | 
	|  00050000 =>  0.000000000 |  0.000000000 |  0.000000000 |  0.000000000 |  0.000000000 | 
	|  00500000 =>  0.000000000 |  0.000000000 |  0.000000000 |  0.000000000 |  0.000000000 | 
	|  05000000 =>  0.000000000 |  0.000000000 |  0.000000000 |  0.000000000 |  0.000000000 | 
	|  50000000 =>  0.000000000 |  0.000000000 |  0.000000000 |  0.000000000 |  0.000000000 | 
	|---------------------------------------------------------------------------------------|

	|---------------------------------------------------------------------------------------|
	|              BENNETT BOUNDS      -      METRICS FROM EMPIRICAL DISTRIBUTION           |
	|---------------------------------------------------------------------------------------|
	|   SAMPLE  ||               <-               TOLERANCES               ->               |
	|---------------------------------------------------------------------------------------|
	|  00000050 =>  0.972487654 |  0.790754190 |  0.540962774 |  0.319415019 |  0.114477516 | 
	|  00000500 =>  0.740016208 |  0.080331999 |  0.001395690 |  0.000005160 |  0.000000000 | 
	|  00005000 =>  0.052275186 |  0.000000000 |  0.000000000 |  0.000000000 |  0.000000000 | 
	|  00050000 =>  0.000000000 |  0.000000000 |  0.000000000 |  0.000000000 |  0.000000000 | 
	|  00500000 =>  0.000000000 |  0.000000000 |  0.000000000 |  0.000000000 |  0.000000000 | 
	|  05000000 =>  0.000000000 |  0.000000000 |  0.000000000 |  0.000000000 |  0.000000000 | 
	|  50000000 =>  0.000000000 |  0.000000000 |  0.000000000 |  0.000000000 |  0.000000000 | 
	|---------------------------------------------------------------------------------------|

	|---------------------------------------------------------------------------------------|
	|             BERNSTEIN BOUNDS      -      METRICS FROM UNDERLYING GENERATOR            |
	|---------------------------------------------------------------------------------------|
	|   SAMPLE  ||               <-               TOLERANCES               ->               |
	|---------------------------------------------------------------------------------------|
	|  00000050 =>  0.967847307 |  0.762959545 |  0.498697932 |  0.280981287 |  0.095609787 | 
	|  00000500 =>  0.737031391 |  0.078906380 |  0.001415168 |  0.000006037 |  0.000000000 | 
	|  00005000 =>  0.053212797 |  0.000000000 |  0.000000000 |  0.000000000 |  0.000000000 | 
	|  00050000 =>  0.000000000 |  0.000000000 |  0.000000000 |  0.000000000 |  0.000000000 | 
	|  00500000 =>  0.000000000 |  0.000000000 |  0.000000000 |  0.000000000 |  0.000000000 | 
	|  05000000 =>  0.000000000 |  0.000000000 |  0.000000000 |  0.000000000 |  0.000000000 | 
	|  50000000 =>  0.000000000 |  0.000000000 |  0.000000000 |  0.000000000 |  0.000000000 | 
	|---------------------------------------------------------------------------------------|

	|---------------------------------------------------------------------------------------|
	|            BERNSTEIN BOUNDS      -      METRICS FROM EMPIRICAL DISTRIBUTION           |
	|---------------------------------------------------------------------------------------|
	|   SAMPLE  ||               <-               TOLERANCES               ->               |
	|---------------------------------------------------------------------------------------|
	|  00000050 =>  0.973385278 |  0.797330747 |  0.554569472 |  0.337167660 |  0.130306501 | 
	|  00000500 =>  0.758597640 |  0.098674728 |  0.002429587 |  0.000015305 |  0.000000001 | 
	|  00005000 =>  0.057382259 |  0.000000000 |  0.000000000 |  0.000000000 |  0.000000000 | 
	|  00050000 =>  0.000000000 |  0.000000000 |  0.000000000 |  0.000000000 |  0.000000000 | 
	|  00500000 =>  0.000000000 |  0.000000000 |  0.000000000 |  0.000000000 |  0.000000000 | 
	|  05000000 =>  0.000000000 |  0.000000000 |  0.000000000 |  0.000000000 |  0.000000000 | 
	|  50000000 =>  0.000000000 |  0.000000000 |  0.000000000 |  0.000000000 |  0.000000000 | 
	|---------------------------------------------------------------------------------------|

	|-----------------------------------------------------------------|
	|    Copyright (C) 2011-2019 (DRIP, DROP)
	|-----------------------------------------------------------------|
	|    Build Version  => 4.19.0 multi mode
	|    Build JVM (TM) => 1.8.0_112
	|    Build Snap     => Thu Jul 04 22:11:11 EST 2019
	|    Start Time     => Fri Aug 23 18:14:48 EDT 2019
	|    Setup Time     => Fri Aug 23 18:14:48 EDT 2019
	|    Setup Duration => 0 ms
	|-----------------------------------------------------------------|


	|----------------------------------------------------------------------------------|
	| Generating Integer Random Sequence Metrics
	| 	L -> R:
	| 		Sample Size
	| 		Upper Probability Bound for X != 0
	| 		Upper Probability Bound for X = 0
	|----------------------------------------------------------------------------------|
	| Generating Metrics off of Underlying Distribution
	|----------------------------------------------------------------------------------|
	|  010 =>  1.000000000 |  0.250000000 | 
	|  020 =>  1.000000000 |  0.250000000 | 
	|  050 =>  1.000000000 |  0.250000000 | 
	|  100 =>  1.000000000 |  0.250000000 | 
	|  250 =>  1.000000000 |  0.250000000 | 
	|----------------------------------------------------------------------------------|

	|----------------------------------------------------------------------------------|
	| Generating Metrics off of Empirical Distribution
	|----------------------------------------------------------------------------------|
	|  010 =>  1.000000000 |  0.321900856 | 
	|  020 =>  1.000000000 |  0.269878510 | 
	|  050 =>  1.000000000 |  0.178820492 | 
	|  100 =>  1.000000000 |  0.262894385 | 
	|  250 =>  1.000000000 |  0.257221967 | 
	|----------------------------------------------------------------------------------|

	|-----------------------------------------------------------------|
	|    Copyright (C) 2011-2019 (DRIP, DROP)
	|-----------------------------------------------------------------|
	|    Build Version  => 4.19.0 multi mode
	|    Build JVM (TM) => 1.8.0_112
	|    Build Snap     => Thu Jul 04 22:11:11 EST 2019
	|    Start Time     => Fri Aug 23 18:14:48 EDT 2019
	|    Setup Time     => Fri Aug 23 18:14:48 EDT 2019
	|    Setup Duration => 0 ms
	|-----------------------------------------------------------------|


	|----------------------------------------------------------------------------------|
	|        CHERNOFF-STIRLING BOUNDS    -     METRICS FROM UNDERLYING GENERATOR       |
	|----------------------------------------------------------------------------------|
	| SIZE ||               <-               TOLERANCES               ->               |
	|----------------------------------------------------------------------------------|
	|  010 =>  0.000000012 |  0.039861024 |  0.000000651 |  0.000000000 |  0.000000000 | 
	|  020 =>  0.000000000 |  0.028197733 |  0.000000000 |  0.000000000 |  0.000000000 | 
	|  050 =>  0.000000000 |  0.017838268 |  0.000000000 |  0.000000000 |  0.000000000 | 
	|  100 =>  0.000000000 |  0.012614611 |  0.000000000 |  0.000000000 |  0.000000000 | 
	|  250 =>  0.000000000 |  0.007978580 |  0.000000000 |  0.000000000 |  0.000000000 | 
	|----------------------------------------------------------------------------------|

	|----------------------------------------------------------------------------------|
	|      CHERNOFF-STIRLING BOUNDS    -     METRICS FROM EMPIRICAL DISTRIBUTION       |
	|----------------------------------------------------------------------------------|
	| SIZE ||               <-               TOLERANCES               ->               |
	|----------------------------------------------------------------------------------|
	|  010 =>  0.000000020 |  0.039660885 |  0.000000392 |  0.000000000 |  0.000000000 | 
	|  020 =>  0.000000000 |  0.010057399 |  0.000000071 |  0.000000000 |  0.000000000 | 
	|  050 =>  0.000000000 |  0.003903473 |  0.000000000 |  0.000000000 |  0.000000000 | 
	|  100 =>  0.000000000 |  0.000096479 |  0.000000000 |  0.000000000 |  0.000000000 | 
	|  250 =>  0.000000000 |  0.000172737 |  0.000000000 |  0.000000000 |  0.000000000 | 
	|----------------------------------------------------------------------------------|

	|-----------------------------------------------------------------|
	|    Copyright (C) 2011-2019 (DRIP, DROP)
	|-----------------------------------------------------------------|
	|    Build Version  => 4.19.0 multi mode
	|    Build JVM (TM) => 1.8.0_112
	|    Build Snap     => Thu Jul 04 22:11:11 EST 2019
	|    Start Time     => Fri Aug 23 18:14:48 EDT 2019
	|    Setup Time     => Fri Aug 23 18:14:48 EDT 2019
	|    Setup Duration => 0 ms
	|-----------------------------------------------------------------|

	---------------------------------------------------
	|              BOUNDED UNIFORM RUN                |
	---------------------------------------------------
	Expectation                      :  0.5018
	Variance                         :  0.0833
	---------------------------------------------------
	Markov Function Bound    [ 0.20] :  1.0000 | 0.8000
	Markov Function Bound    [ 0.40] :  1.0000 | 0.6000
	Markov Function Bound    [ 0.59] :  0.9916 | 0.4100
	Markov Function Bound    [ 0.79] :  0.9720 | 0.2100
	Markov Function Bound    [ 0.99] :  0.9527 | 0.0100
	---------------------------------------------------
	Markov Function Bound    [ 0.20] :  1.0000 | 0.8000
	Markov Function Bound    [ 0.40] :  1.0000 | 0.6000
	Markov Function Bound    [ 0.59] :  0.9541 | 0.4100
	Markov Function Bound    [ 0.79] :  0.7812 | 0.2100
	Markov Function Bound    [ 0.99] :  0.6396 | 0.0100
	---------------------------------------------------
	Markov Function Bound    [ 0.20] :  1.0000 | 0.8000
	Markov Function Bound    [ 0.40] :  1.0000 | 0.6000
	Markov Function Bound    [ 0.59] :  1.0000 | 0.4100
	Markov Function Bound    [ 0.79] :  0.5712 | 0.2100
	Markov Function Bound    [ 0.99] :  0.2101 | 0.0100
	---------------------------------------------------
	Markov Base Bound        [ 0.20] :  1.0000 | 0.8000
	Markov Base Bound        [ 0.40] :  1.0000 | 0.6000
	Markov Base Bound        [ 0.59] :  0.8505 | 0.4100
	Markov Base Bound        [ 0.79] :  0.6352 | 0.2100
	Markov Base Bound        [ 0.99] :  0.5068 | 0.0100
	---------------------------------------------------
	Chebyshev Bound          [ 0.20] :  1.0000 | 1.0000 | 0.6000
	Chebyshev Bound          [ 0.25] :  1.0000 | 1.0000 | 0.5000
	Chebyshev Bound          [ 0.30] :  0.9255 | 0.9255 | 0.4000
	Chebyshev Bound          [ 0.35] :  0.6800 | 0.6800 | 0.3000
	Chebyshev Bound          [ 0.40] :  0.5206 | 0.5206 | 0.2000
	---------------------------------------------------
	Chebyshev Cantelli Bound [ 0.20] :         | 0.6756 | 0.8000
	Chebyshev Cantelli Bound [ 0.25] :         | 0.5713 | 0.7500
	Chebyshev Cantelli Bound [ 0.30] :         | 0.4807 | 0.7000
	Chebyshev Cantelli Bound [ 0.35] :         | 0.4047 | 0.6500
	Chebyshev Cantelli Bound [ 0.40] :         | 0.3424 | 0.6000
	---------------------------------------------------
	Moment #3 Bound          [ 0.20] :  1.0000 | 1.0000 | 0.6000
	Moment #3 Bound          [ 0.25] :  1.0000 | 1.0000 | 0.5000
	Moment #3 Bound          [ 0.30] :  1.0000 | 1.0000 | 0.4000
	Moment #3 Bound          [ 0.35] :  0.7289 | 0.7289 | 0.3000
	Moment #3 Bound          [ 0.40] :  0.4883 | 0.4883 | 0.2000
	---------------------------------------------------
	Moment #4 Bound          [ 0.20] :  1.0000 | 1.0000 | 0.6000
	Moment #4 Bound          [ 0.25] :  1.0000 | 1.0000 | 0.5000
	Moment #4 Bound          [ 0.30] :  1.0000 | 1.0000 | 0.4000
	Moment #4 Bound          [ 0.35] :  0.8335 | 0.8335 | 0.3000
	Moment #4 Bound          [ 0.40] :  0.4886 | 0.4886 | 0.2000
	---------------------------------------------------
	Moment #5 Bound          [ 0.20] :  1.0000 | 1.0000 | 0.6000
	Moment #5 Bound          [ 0.25] :  1.0000 | 1.0000 | 0.5000
	Moment #5 Bound          [ 0.30] :  1.0000 | 1.0000 | 0.4000
	Moment #5 Bound          [ 0.35] :  0.9930 | 0.9930 | 0.3000
	Moment #5 Bound          [ 0.40] :  0.5093 | 0.5093 | 0.2000
	---------------------------------------------------

	|-----------------------------------------------------------------|
	|    Copyright (C) 2011-2019 (DRIP, DROP)
	|-----------------------------------------------------------------|
	|    Build Version  => 4.19.0 multi mode
	|    Build JVM (TM) => 1.8.0_112
	|    Build Snap     => Thu Jul 04 22:11:11 EST 2019
	|    Start Time     => Fri Aug 23 18:14:48 EDT 2019
	|    Setup Time     => Fri Aug 23 18:14:48 EDT 2019
	|    Setup Duration => 0 ms
	|-----------------------------------------------------------------|


	|----------------------------------------------------------------------------------|
	|        CHERNOFF-BINOMIAL BOUNDS    -     METRICS FROM UNDERLYING GENERATOR       |
	|----------------------------------------------------------------------------------|
	| SIZE ||               <-               TOLERANCES               ->               |
	|----------------------------------------------------------------------------------|
	|  010 =>  0.001709667 |  0.003757317 |  0.007109528 |  0.012337864 |  0.025206785 | 
	|  020 =>  0.000002923 |  0.000014117 |  0.000050545 |  0.000152223 |  0.000635382 | 
	|  050 =>  0.000000000 |  0.000000000 |  0.000000000 |  0.000000000 |  0.000000010 | 
	|  100 =>  0.000000000 |  0.000000000 |  0.000000000 |  0.000000000 |  0.000000000 | 
	|  250 =>  0.000000000 |  0.000000000 |  0.000000000 |  0.000000000 |  0.000000000 | 
	|----------------------------------------------------------------------------------|

	|----------------------------------------------------------------------------------|
	|      CHERNOFF-BINOMIAL BOUNDS    -     METRICS FROM EMPIRICAL DISTRIBUTION       |
	|----------------------------------------------------------------------------------|
	| SIZE ||               <-               TOLERANCES               ->               |
	|----------------------------------------------------------------------------------|
	|  010 =>  0.007004583 |  0.014460810 |  0.025703939 |  0.041902796 |  0.077944709 | 
	|  020 =>  0.000003093 |  0.000014905 |  0.000053242 |  0.000159972 |  0.000665415 | 
	|  050 =>  0.000000000 |  0.000000000 |  0.000000000 |  0.000000001 |  0.000000036 | 
	|  100 =>  0.000000000 |  0.000000000 |  0.000000000 |  0.000000000 |  0.000000000 | 
	|  250 =>  0.000000000 |  0.000000000 |  0.000000000 |  0.000000000 |  0.000000000 | 
	|----------------------------------------------------------------------------------|

	|----------------------------------------------------------------------------------|
	|       POISSON CHERNOFF-BINOMIAL BOUNDS  -   METRICS FROM UNDERLYING GENERATOR    |
	|----------------------------------------------------------------------------------|
	| SIZE ||               <-               TOLERANCES               ->               |
	|----------------------------------------------------------------------------------|
	|  010 =>  0.011011692 |  0.021152931 |  0.035129732 |  0.053733373 |  0.091578194 | 
	|  020 =>  0.000121257 |  0.000447447 |  0.001234098 |  0.002887275 |  0.008386566 | 
	|  050 =>  0.000000000 |  0.000000004 |  0.000000054 |  0.000000448 |  0.000006441 | 
	|  100 =>  0.000000000 |  0.000000000 |  0.000000000 |  0.000000000 |  0.000000000 | 
	|  250 =>  0.000000000 |  0.000000000 |  0.000000000 |  0.000000000 |  0.000000000 | 
	|----------------------------------------------------------------------------------|

	|----------------------------------------------------------------------------------|
	|       POISSON CHERNOFF-BINOMIAL BOUNDS  -  METRICS FROM EMPIRICAL DISTRIBUTION   |
	|----------------------------------------------------------------------------------|
	| SIZE ||               <-               TOLERANCES               ->               |
	|----------------------------------------------------------------------------------|
	|  010 =>  0.003990634 |  0.007959442 |  0.013724960 |  0.021797394 |  0.039304189 | 
	|  020 =>  0.000074745 |  0.000281178 |  0.000790602 |  0.001885663 |  0.005637823 | 
	|  050 =>  0.000000001 |  0.000000022 |  0.000000262 |  0.000002038 |  0.000026248 | 
	|  100 =>  0.000000000 |  0.000000000 |  0.000000000 |  0.000000000 |  0.000000000 | 
	|  250 =>  0.000000000 |  0.000000000 |  0.000000000 |  0.000000000 |  0.000000000 | 
	|----------------------------------------------------------------------------------|

	|----------------------------------------------------------------------------------|
	|         KARP-HAGERUP-RUB UPPER BOUNDS  -   METRICS FROM UNDERLYING GENERATOR     |
	|----------------------------------------------------------------------------------|
	| SIZE ||               <-               TOLERANCES               ->               |
	|----------------------------------------------------------------------------------|
	|  100 =>  0.356884576 |  0.042841069 |  0.004764143 |  0.000492181 |  0.000014316 | 
	|  200 =>  0.130276679 |  0.001977153 |  0.000025966 |  0.000000297 |  0.000000000 | 
	|  300 =>  0.047450067 |  0.000090186 |  0.000000138 |  0.000000000 |  0.000000000 | 
	|  500 =>  0.006277274 |  0.000000184 |  0.000000000 |  0.000000000 |  0.000000000 | 
	|  999 =>  0.000040633 |  0.000000000 |  0.000000000 |  0.000000000 |  0.000000000 | 
	|----------------------------------------------------------------------------------|

	|----------------------------------------------------------------------------------|
	|        KARP-HAGERUP-RUB UPPER BOUNDS  -   METRICS FROM EMPIRICAL DISTRIBUTION    |
	|----------------------------------------------------------------------------------|
	| SIZE ||               <-               TOLERANCES               ->               |
	|----------------------------------------------------------------------------------|
	|  100 =>  0.357618430 |  0.043275214 |  0.004875099 |  0.000512538 |  0.000015426 | 
	|  200 =>  0.129810911 |  0.001936046 |  0.000024668 |  0.000000270 |  0.000000000 | 
	|  300 =>  0.047326849 |  0.000088687 |  0.000000132 |  0.000000000 |  0.000000000 | 
	|  500 =>  0.006281379 |  0.000000185 |  0.000000000 |  0.000000000 |  0.000000000 | 
	|  999 =>  0.000040651 |  0.000000000 |  0.000000000 |  0.000000000 |  0.000000000 | 
	|----------------------------------------------------------------------------------|

	|----------------------------------------------------------------------------------|
	|         KARP-HAGERUP-RUB LOWER BOUNDS  -   METRICS FROM UNDERLYING GENERATOR     |
	|----------------------------------------------------------------------------------|
	| SIZE ||               <-               TOLERANCES               ->               |
	|----------------------------------------------------------------------------------|
	|  100 =>  0.990010672 |  0.913605881 |  0.778031009 |  0.611440127 |  0.366427135 | 
	|  200 =>  0.978738985 |  0.824141882 |  0.584348833 |  0.348881126 |  0.116597362 | 
	|  300 =>  0.969135711 |  0.754156317 |  0.456683084 |  0.215201480 |  0.043497040 | 
	|  500 =>  0.949055325 |  0.624631343 |  0.270575368 |  0.077140950 |  0.005359855 | 
	|  999 =>  0.904542608 |  0.405379011 |  0.081418991 |  0.007328623 |  0.000043944 | 
	|----------------------------------------------------------------------------------|

	|----------------------------------------------------------------------------------|
	|        KARP-HAGERUP-RUB LOWER BOUNDS  -   METRICS FROM EMPIRICAL DISTRIBUTION    |
	|----------------------------------------------------------------------------------|
	| SIZE ||               <-               TOLERANCES               ->               |
	|----------------------------------------------------------------------------------|
	|  100 =>  0.989284295 |  0.907590689 |  0.763884797 |  0.589840540 |  0.340495570 | 
	|  200 =>  0.980318872 |  0.836192502 |  0.608392821 |  0.377572885 |  0.137004970 | 
	|  300 =>  0.968958350 |  0.752915067 |  0.454598235 |  0.213280122 |  0.042708172 | 
	|  500 =>  0.953247208 |  0.649904998 |  0.302091528 |  0.095735178 |  0.008328258 | 
	|  999 =>  0.906312286 |  0.412573002 |  0.085496174 |  0.008065207 |  0.000053430 | 
	|----------------------------------------------------------------------------------|
]]></system-out>
  <system-err><![CDATA[]]></system-err>
</testsuite>
