<?xml version="1.0" encoding="UTF-8"?>
<testsuite name="org.drip.coverage.product.ForwardRateFutures" tests="1" skipped="0" failures="0" errors="0" timestamp="2018-11-03T02:56:46" hostname="LAPTOP-2MU6A8KE" time="27.292">
  <properties/>
  <testcase name="codeCoverageTest" classname="org.drip.coverage.product.ForwardRateFutures" time="27.292"/>
  <system-out><![CDATA[
	|-----------------------------------------------------------------|
	|    Copyright (C) 2011-2018 (DRIP)
	|-----------------------------------------------------------------|
	|    Build Version  => 3.86.0 multi mode
	|    Build JVM (TM) => 1.8.0_112
	|    Build Snap     => Fri Nov 02 21:22:20 EST 2018
	|    Start Time     => Fri Nov 02 22:56:46 EDT 2018
	|    Setup Time     => Fri Nov 02 22:56:46 EDT 2018
	|    Setup Duration => 0 ms
	|-----------------------------------------------------------------|

	accrualcoupon => NaN
	accrued => 0.0
	accrued01 => 0.0
	calctime => 5.06335E-4
	cleandv01 => 8.332819476132307E-6
	cleanprice => 100.00616628641237
	cleanpv => 6.166286412378303E-5
	compoundingadjustedcleandv01 => 8.332819476132307E-6
	compoundingadjustedcleanprice => 100.00616628641237
	compoundingadjustedcleanpv => 6.166286412378303E-5
	compoundingadjusteddirtydv01 => 8.332819476132307E-6
	compoundingadjusteddirtyprice => 100.00616628641237
	compoundingadjusteddirtypv => 6.166286412378303E-5
	compoundingadjustedfairpremium => 7.400000000048479E-4
	compoundingadjustedparrate => 7.400000000048479E-4
	compoundingadjustedprice => 100.00616628641237
	compoundingadjustedpv => 6.166286412378303E-5
	compoundingadjustedrate => 7.400000000048479E-4
	compoundingadjustedupfront => 6.166286412378303E-5
	compoundingadjustmentfactor => 1.0
	compoundingadjustmentpremium => 0.0
	compoundingadjustmentpremiumupfront => 0.0
	creditforwardconvexityadjustedcleandv01 => 8.332819476132307E-6
	creditforwardconvexityadjustedcleanprice => 100.00616628641237
	creditforwardconvexityadjustedcleanpv => 6.166286412378303E-5
	creditforwardconvexityadjusteddirtydv01 => 8.332819476132307E-6
	creditforwardconvexityadjusteddirtyprice => 100.00616628641237
	creditforwardconvexityadjusteddirtypv => 6.166286412378303E-5
	creditforwardconvexityadjusteddv01 => 8.332819476132307E-6
	creditforwardconvexityadjustedfairpremium => 7.400000000048479E-4
	creditforwardconvexityadjustedparrate => 7.400000000048479E-4
	creditforwardconvexityadjustedprice => 100.00616628641237
	creditforwardconvexityadjustedpv => 6.166286412378303E-5
	creditforwardconvexityadjustedrate => 7.400000000048479E-4
	creditforwardconvexityadjustedupfront => 6.166286412378303E-5
	creditforwardconvexityadjustmentfactor => 1.0
	creditforwardconvexityadjustmentpremium => 0.0
	creditforwardconvexityadjustmentpremiumupfront => 0.0
	creditfundingconvexityadjustedcleandv01 => 8.332819476132307E-6
	creditfundingconvexityadjustedcleanprice => 100.00616628641237
	creditfundingconvexityadjustedcleanpv => 6.166286412378303E-5
	creditfundingconvexityadjusteddirtydv01 => 8.332819476132307E-6
	creditfundingconvexityadjusteddirtyprice => 100.00616628641237
	creditfundingconvexityadjusteddirtypv => 6.166286412378303E-5
	creditfundingconvexityadjusteddv01 => 8.332819476132307E-6
	creditfundingconvexityadjustedfairpremium => 7.400000000048479E-4
	creditfundingconvexityadjustedparrate => 7.400000000048479E-4
	creditfundingconvexityadjustedprice => 100.00616628641237
	creditfundingconvexityadjustedpv => 6.166286412378303E-5
	creditfundingconvexityadjustedrate => 7.400000000048479E-4
	creditfundingconvexityadjustedupfront => 6.166286412378303E-5
	creditfundingconvexityadjustmentfactor => 1.0
	creditfundingconvexityadjustmentpremium => 0.0
	creditfundingconvexityadjustmentpremiumupfront => 0.0
	creditfxconvexityadjustedcleandv01 => 8.332819476132307E-6
	creditfxconvexityadjustedcleanprice => 100.00616628641237
	creditfxconvexityadjustedcleanpv => 6.166286412378303E-5
	creditfxconvexityadjusteddirtydv01 => 8.332819476132307E-6
	creditfxconvexityadjusteddirtyprice => 100.00616628641237
	creditfxconvexityadjusteddirtypv => 6.166286412378303E-5
	creditfxconvexityadjusteddv01 => 8.332819476132307E-6
	creditfxconvexityadjustedfairpremium => 7.400000000048479E-4
	creditfxconvexityadjustedparrate => 7.400000000048479E-4
	creditfxconvexityadjustedprice => 100.00616628641237
	creditfxconvexityadjustedpv => 6.166286412378303E-5
	creditfxconvexityadjustedrate => 7.400000000048479E-4
	creditfxconvexityadjustedupfront => 6.166286412378303E-5
	creditfxconvexityadjustmentfactor => 1.0
	creditfxconvexityadjustmentpremium => 0.0
	creditfxconvexityadjustmentpremiumupfront => 0.0
	cumulativeconvexityadjustedcleandv01 => 8.332819476132307E-6
	cumulativeconvexityadjustedcleanprice => 100.00616628641237
	cumulativeconvexityadjustedcleanpv => 6.166286412378303E-5
	cumulativeconvexityadjusteddirtydv01 => 8.332819476132307E-6
	cumulativeconvexityadjusteddirtyprice => 100.00616628641237
	cumulativeconvexityadjusteddirtypv => 6.166286412378303E-5
	cumulativeconvexityadjusteddv01 => 8.332819476132307E-6
	cumulativeconvexityadjustedfairpremium => 7.400000000048479E-4
	cumulativeconvexityadjustedparrate => 7.400000000048479E-4
	cumulativeconvexityadjustedprice => 100.00616628641237
	cumulativeconvexityadjustedpv => 6.166286412378303E-5
	cumulativeconvexityadjustedrate => 7.400000000048479E-4
	cumulativeconvexityadjustedupfront => 6.166286412378303E-5
	cumulativeconvexityadjustmentfactor => 1.0
	cumulativeconvexityadjustmentpremium => 0.0
	cumulativeconvexityadjustmentpremiumupfront => 0.0
	cumulativecouponamount => 0.0
	cumulativecoupondcf => 0.0
	cv01 => 8.332819476132307E-6
	dirtydv01 => 8.332819476132307E-6
	dirtyprice => 100.00616628641237
	dirtypv => 6.166286412378303E-5
	dv01 => 8.332819476132307E-6
	fairpremium => 7.400000000048479E-4
	fixing01 => 0.0
	forwardfundingconvexityadjustedcleandv01 => 8.332819476132307E-6
	forwardfundingconvexityadjustedcleanprice => 100.00616628641237
	forwardfundingconvexityadjustedcleanpv => 6.166286412378303E-5
	forwardfundingconvexityadjusteddirtydv01 => 8.332819476132307E-6
	forwardfundingconvexityadjusteddirtyprice => 100.00616628641237
	forwardfundingconvexityadjusteddirtypv => 6.166286412378303E-5
	forwardfundingconvexityadjusteddv01 => 8.332819476132307E-6
	forwardfundingconvexityadjustedfairpremium => 7.400000000048479E-4
	forwardfundingconvexityadjustedparrate => 7.400000000048479E-4
	forwardfundingconvexityadjustedprice => 100.00616628641237
	forwardfundingconvexityadjustedpv => 6.166286412378303E-5
	forwardfundingconvexityadjustedrate => 7.400000000048479E-4
	forwardfundingconvexityadjustedupfront => 6.166286412378303E-5
	forwardfundingconvexityadjustmentfactor => 1.0
	forwardfundingconvexityadjustmentpremium => 0.0
	forwardfundingconvexityadjustmentpremiumupfront => 0.0
	forwardfxconvexityadjustedcleandv01 => 8.332819476132307E-6
	forwardfxconvexityadjustedcleanprice => 100.00616628641237
	forwardfxconvexityadjustedcleanpv => 6.166286412378303E-5
	forwardfxconvexityadjusteddirtydv01 => 8.332819476132307E-6
	forwardfxconvexityadjusteddirtyprice => 100.00616628641237
	forwardfxconvexityadjusteddirtypv => 6.166286412378303E-5
	forwardfxconvexityadjusteddv01 => 8.332819476132307E-6
	forwardfxconvexityadjustedfairpremium => 7.400000000048479E-4
	forwardfxconvexityadjustedparrate => 7.400000000048479E-4
	forwardfxconvexityadjustedprice => 100.00616628641237
	forwardfxconvexityadjustedpv => 6.166286412378303E-5
	forwardfxconvexityadjustedrate => 7.400000000048479E-4
	forwardfxconvexityadjustedupfront => 6.166286412378303E-5
	forwardfxconvexityadjustmentfactor => 1.0
	forwardfxconvexityadjustmentpremium => 0.0
	forwardfxconvexityadjustmentpremiumupfront => 0.0
	forwardrate => 7.400000000048479E-4
	fundingfxconvexityadjustedcleandv01 => 8.332819476132307E-6
	fundingfxconvexityadjustedcleanprice => 100.00616628641237
	fundingfxconvexityadjustedcleanpv => 6.166286412378303E-5
	fundingfxconvexityadjusteddirtydv01 => 8.332819476132307E-6
	fundingfxconvexityadjusteddirtyprice => 100.00616628641237
	fundingfxconvexityadjusteddirtypv => 6.166286412378303E-5
	fundingfxconvexityadjusteddv01 => 8.332819476132307E-6
	fundingfxconvexityadjustedfairpremium => 7.400000000048479E-4
	fundingfxconvexityadjustedparrate => 7.400000000048479E-4
	fundingfxconvexityadjustedprice => 100.00616628641237
	fundingfxconvexityadjustedpv => 6.166286412378303E-5
	fundingfxconvexityadjustedrate => 7.400000000048479E-4
	fundingfxconvexityadjustedupfront => 6.166286412378303E-5
	fundingfxconvexityadjustmentfactor => 1.0
	fundingfxconvexityadjustmentpremium => 0.0
	fundingfxconvexityadjustmentpremiumupfront => 0.0
	parrate => 7.400000000048479E-4
	price => 100.00616628641237
	pv => 6.166286412378303E-5
	rate => 7.400000000048479E-4
	resetdate => -2.147483648E9
	resetrate => NaN
	totalcoupon => 7.400000000048479E-4
	unadjustedcleandv01 => 8.332819476132307E-6
	unadjustedcleanprice => 100.00616628641237
	unadjustedcleanpv => 6.166286412378303E-5
	unadjusteddirtydv01 => 8.332819476132307E-6
	unadjusteddirtyprice => 100.00616628641237
	unadjusteddirtypv => 6.166286412378303E-5
	unadjustedfairpremium => 7.400000000048479E-4
	unadjustedparrate => 7.400000000048479E-4
	unadjustedprice => 100.00616628641237
	unadjustedpv => 6.166286412378303E-5
	unadjustedrate => 7.400000000048479E-4
	unadjustedupfront => 6.166286412378303E-5
	upfront => 6.166286412378303E-5

	|-----------------------------------------------------------------|
	|    Copyright (C) 2011-2018 (DRIP)
	|-----------------------------------------------------------------|
	|    Build Version  => 3.86.0 multi mode
	|    Build JVM (TM) => 1.8.0_112
	|    Build Snap     => Fri Nov 02 21:22:20 EST 2018
	|    Start Time     => Fri Nov 02 22:56:46 EDT 2018
	|    Setup Time     => Fri Nov 02 22:56:46 EDT 2018
	|    Setup Duration => 0 ms
	|-----------------------------------------------------------------|

	accrualcoupon => NaN
	accrued => 0.0
	accrued01 => 0.0
	calctime => 2.71102E-4
	cleandv01 => 8.332820301154203E-6
	cleanprice => 100.00599398252943
	cleanpv => 5.993982529423568E-5
	compoundingadjustedcleandv01 => 8.332820301154203E-6
	compoundingadjustedcleanprice => 100.00599398252943
	compoundingadjustedcleanpv => 5.993982529423568E-5
	compoundingadjusteddirtydv01 => 8.332820301154203E-6
	compoundingadjusteddirtyprice => 100.00599398252943
	compoundingadjusteddirtypv => 5.993982529423568E-5
	compoundingadjustedfairpremium => 7.193221877823676E-4
	compoundingadjustedparrate => 7.193221877823676E-4
	compoundingadjustedprice => 100.00599398252943
	compoundingadjustedpv => 5.993982529423568E-5
	compoundingadjustedrate => 7.193221877823676E-4
	compoundingadjustedupfront => 5.993982529423568E-5
	compoundingadjustmentfactor => 1.0
	compoundingadjustmentpremium => 0.0
	compoundingadjustmentpremiumupfront => 0.0
	creditforwardconvexityadjustedcleandv01 => 8.332820301154203E-6
	creditforwardconvexityadjustedcleanprice => 100.00599398252943
	creditforwardconvexityadjustedcleanpv => 5.993982529423568E-5
	creditforwardconvexityadjusteddirtydv01 => 8.332820301154203E-6
	creditforwardconvexityadjusteddirtyprice => 100.00599398252943
	creditforwardconvexityadjusteddirtypv => 5.993982529423568E-5
	creditforwardconvexityadjusteddv01 => 8.332820301154203E-6
	creditforwardconvexityadjustedfairpremium => 7.193221877823676E-4
	creditforwardconvexityadjustedparrate => 7.193221877823676E-4
	creditforwardconvexityadjustedprice => 100.00599398252943
	creditforwardconvexityadjustedpv => 5.993982529423568E-5
	creditforwardconvexityadjustedrate => 7.193221877823676E-4
	creditforwardconvexityadjustedupfront => 5.993982529423568E-5
	creditforwardconvexityadjustmentfactor => 1.0
	creditforwardconvexityadjustmentpremium => 0.0
	creditforwardconvexityadjustmentpremiumupfront => 0.0
	creditfundingconvexityadjustedcleandv01 => 8.332820301154203E-6
	creditfundingconvexityadjustedcleanprice => 100.00599398252943
	creditfundingconvexityadjustedcleanpv => 5.993982529423568E-5
	creditfundingconvexityadjusteddirtydv01 => 8.332820301154203E-6
	creditfundingconvexityadjusteddirtyprice => 100.00599398252943
	creditfundingconvexityadjusteddirtypv => 5.993982529423568E-5
	creditfundingconvexityadjusteddv01 => 8.332820301154203E-6
	creditfundingconvexityadjustedfairpremium => 7.193221877823676E-4
	creditfundingconvexityadjustedparrate => 7.193221877823676E-4
	creditfundingconvexityadjustedprice => 100.00599398252943
	creditfundingconvexityadjustedpv => 5.993982529423568E-5
	creditfundingconvexityadjustedrate => 7.193221877823676E-4
	creditfundingconvexityadjustedupfront => 5.993982529423568E-5
	creditfundingconvexityadjustmentfactor => 1.0
	creditfundingconvexityadjustmentpremium => 0.0
	creditfundingconvexityadjustmentpremiumupfront => 0.0
	creditfxconvexityadjustedcleandv01 => 8.332820301154203E-6
	creditfxconvexityadjustedcleanprice => 100.00599398252943
	creditfxconvexityadjustedcleanpv => 5.993982529423568E-5
	creditfxconvexityadjusteddirtydv01 => 8.332820301154203E-6
	creditfxconvexityadjusteddirtyprice => 100.00599398252943
	creditfxconvexityadjusteddirtypv => 5.993982529423568E-5
	creditfxconvexityadjusteddv01 => 8.332820301154203E-6
	creditfxconvexityadjustedfairpremium => 7.193221877823676E-4
	creditfxconvexityadjustedparrate => 7.193221877823676E-4
	creditfxconvexityadjustedprice => 100.00599398252943
	creditfxconvexityadjustedpv => 5.993982529423568E-5
	creditfxconvexityadjustedrate => 7.193221877823676E-4
	creditfxconvexityadjustedupfront => 5.993982529423568E-5
	creditfxconvexityadjustmentfactor => 1.0
	creditfxconvexityadjustmentpremium => 0.0
	creditfxconvexityadjustmentpremiumupfront => 0.0
	cumulativeconvexityadjustedcleandv01 => 8.332820301154203E-6
	cumulativeconvexityadjustedcleanprice => 100.00599398252943
	cumulativeconvexityadjustedcleanpv => 5.993982529423568E-5
	cumulativeconvexityadjusteddirtydv01 => 8.332820301154203E-6
	cumulativeconvexityadjusteddirtyprice => 100.00599398252943
	cumulativeconvexityadjusteddirtypv => 5.993982529423568E-5
	cumulativeconvexityadjusteddv01 => 8.332820301154203E-6
	cumulativeconvexityadjustedfairpremium => 7.193221877823676E-4
	cumulativeconvexityadjustedparrate => 7.193221877823676E-4
	cumulativeconvexityadjustedprice => 100.00599398252943
	cumulativeconvexityadjustedpv => 5.993982529423568E-5
	cumulativeconvexityadjustedrate => 7.193221877823676E-4
	cumulativeconvexityadjustedupfront => 5.993982529423568E-5
	cumulativeconvexityadjustmentfactor => 1.0
	cumulativeconvexityadjustmentpremium => 0.0
	cumulativeconvexityadjustmentpremiumupfront => 0.0
	cumulativecouponamount => 0.0
	cumulativecoupondcf => 0.0
	cv01 => 8.332820301154203E-6
	dirtydv01 => 8.332820301154203E-6
	dirtyprice => 100.00599398252943
	dirtypv => 5.993982529423568E-5
	dv01 => 8.332820301154203E-6
	fairpremium => 7.193221877823676E-4
	fixing01 => 0.0
	forwardfundingconvexityadjustedcleandv01 => 8.332820301154203E-6
	forwardfundingconvexityadjustedcleanprice => 100.00599398252943
	forwardfundingconvexityadjustedcleanpv => 5.993982529423568E-5
	forwardfundingconvexityadjusteddirtydv01 => 8.332820301154203E-6
	forwardfundingconvexityadjusteddirtyprice => 100.00599398252943
	forwardfundingconvexityadjusteddirtypv => 5.993982529423568E-5
	forwardfundingconvexityadjusteddv01 => 8.332820301154203E-6
	forwardfundingconvexityadjustedfairpremium => 7.193221877823676E-4
	forwardfundingconvexityadjustedparrate => 7.193221877823676E-4
	forwardfundingconvexityadjustedprice => 100.00599398252943
	forwardfundingconvexityadjustedpv => 5.993982529423568E-5
	forwardfundingconvexityadjustedrate => 7.193221877823676E-4
	forwardfundingconvexityadjustedupfront => 5.993982529423568E-5
	forwardfundingconvexityadjustmentfactor => 1.0
	forwardfundingconvexityadjustmentpremium => 0.0
	forwardfundingconvexityadjustmentpremiumupfront => 0.0
	forwardfxconvexityadjustedcleandv01 => 8.332820301154203E-6
	forwardfxconvexityadjustedcleanprice => 100.00599398252943
	forwardfxconvexityadjustedcleanpv => 5.993982529423568E-5
	forwardfxconvexityadjusteddirtydv01 => 8.332820301154203E-6
	forwardfxconvexityadjusteddirtyprice => 100.00599398252943
	forwardfxconvexityadjusteddirtypv => 5.993982529423568E-5
	forwardfxconvexityadjusteddv01 => 8.332820301154203E-6
	forwardfxconvexityadjustedfairpremium => 7.193221877823676E-4
	forwardfxconvexityadjustedparrate => 7.193221877823676E-4
	forwardfxconvexityadjustedprice => 100.00599398252943
	forwardfxconvexityadjustedpv => 5.993982529423568E-5
	forwardfxconvexityadjustedrate => 7.193221877823676E-4
	forwardfxconvexityadjustedupfront => 5.993982529423568E-5
	forwardfxconvexityadjustmentfactor => 1.0
	forwardfxconvexityadjustmentpremium => 0.0
	forwardfxconvexityadjustmentpremiumupfront => 0.0
	forwardrate => 7.193221877823676E-4
	fundingfxconvexityadjustedcleandv01 => 8.332820301154203E-6
	fundingfxconvexityadjustedcleanprice => 100.00599398252943
	fundingfxconvexityadjustedcleanpv => 5.993982529423568E-5
	fundingfxconvexityadjusteddirtydv01 => 8.332820301154203E-6
	fundingfxconvexityadjusteddirtyprice => 100.00599398252943
	fundingfxconvexityadjusteddirtypv => 5.993982529423568E-5
	fundingfxconvexityadjusteddv01 => 8.332820301154203E-6
	fundingfxconvexityadjustedfairpremium => 7.193221877823676E-4
	fundingfxconvexityadjustedparrate => 7.193221877823676E-4
	fundingfxconvexityadjustedprice => 100.00599398252943
	fundingfxconvexityadjustedpv => 5.993982529423568E-5
	fundingfxconvexityadjustedrate => 7.193221877823676E-4
	fundingfxconvexityadjustedupfront => 5.993982529423568E-5
	fundingfxconvexityadjustmentfactor => 1.0
	fundingfxconvexityadjustmentpremium => 0.0
	fundingfxconvexityadjustmentpremiumupfront => 0.0
	parrate => 7.193221877823676E-4
	price => 100.00599398252943
	pv => 5.993982529423568E-5
	rate => 7.193221877823676E-4
	resetdate => -2.147483648E9
	resetrate => NaN
	totalcoupon => 7.193221877823675E-4
	unadjustedcleandv01 => 8.332820301154203E-6
	unadjustedcleanprice => 100.00599398252943
	unadjustedcleanpv => 5.993982529423568E-5
	unadjusteddirtydv01 => 8.332820301154203E-6
	unadjusteddirtyprice => 100.00599398252943
	unadjusteddirtypv => 5.993982529423568E-5
	unadjustedfairpremium => 7.193221877823676E-4
	unadjustedparrate => 7.193221877823676E-4
	unadjustedprice => 100.00599398252943
	unadjustedpv => 5.993982529423568E-5
	unadjustedrate => 7.193221877823676E-4
	unadjustedupfront => 5.993982529423568E-5
	upfront => 5.993982529423568E-5

	|-----------------------------------------------------------------|
	|    Copyright (C) 2011-2018 (DRIP)
	|-----------------------------------------------------------------|
	|    Build Version  => 3.86.0 multi mode
	|    Build JVM (TM) => 1.8.0_112
	|    Build Snap     => Fri Nov 02 21:22:20 EST 2018
	|    Start Time     => Fri Nov 02 22:56:48 EDT 2018
	|    Setup Time     => Fri Nov 02 22:56:48 EDT 2018
	|    Setup Duration => 0 ms
	|-----------------------------------------------------------------|

	accrualcoupon => NaN
	accrued => 0.0
	accrued01 => 0.0
	calctime => 0.001067796
	cleandv01 => 8.332820301154203E-6
	cleanprice => 100.0059938159999
	cleanpv => 5.9938159998944345E-5
	compoundingadjustedcleandv01 => 8.332820301154203E-6
	compoundingadjustedcleanprice => 100.0059938159999
	compoundingadjustedcleanpv => 5.9938159998944345E-5
	compoundingadjusteddirtydv01 => 8.332820301154203E-6
	compoundingadjusteddirtyprice => 100.0059938159999
	compoundingadjusteddirtypv => 5.9938159998944345E-5
	compoundingadjustedfairpremium => 7.193022030085318E-4
	compoundingadjustedparrate => 7.193022030085318E-4
	compoundingadjustedprice => 100.0059938159999
	compoundingadjustedpv => 5.9938159998944345E-5
	compoundingadjustedrate => 7.193022030085318E-4
	compoundingadjustedupfront => 5.9938159998944345E-5
	compoundingadjustmentfactor => 1.0
	compoundingadjustmentpremium => 0.0
	compoundingadjustmentpremiumupfront => 0.0
	creditforwardconvexityadjustedcleandv01 => 8.332820301154203E-6
	creditforwardconvexityadjustedcleanprice => 100.0059938159999
	creditforwardconvexityadjustedcleanpv => 5.9938159998944345E-5
	creditforwardconvexityadjusteddirtydv01 => 8.332820301154203E-6
	creditforwardconvexityadjusteddirtyprice => 100.0059938159999
	creditforwardconvexityadjusteddirtypv => 5.9938159998944345E-5
	creditforwardconvexityadjusteddv01 => 8.332820301154203E-6
	creditforwardconvexityadjustedfairpremium => 7.193022030085318E-4
	creditforwardconvexityadjustedparrate => 7.193022030085318E-4
	creditforwardconvexityadjustedprice => 100.0059938159999
	creditforwardconvexityadjustedpv => 5.9938159998944345E-5
	creditforwardconvexityadjustedrate => 7.193022030085318E-4
	creditforwardconvexityadjustedupfront => 5.9938159998944345E-5
	creditforwardconvexityadjustmentfactor => 1.0
	creditforwardconvexityadjustmentpremium => 0.0
	creditforwardconvexityadjustmentpremiumupfront => 0.0
	creditfundingconvexityadjustedcleandv01 => 8.332820301154203E-6
	creditfundingconvexityadjustedcleanprice => 100.0059938159999
	creditfundingconvexityadjustedcleanpv => 5.9938159998944345E-5
	creditfundingconvexityadjusteddirtydv01 => 8.332820301154203E-6
	creditfundingconvexityadjusteddirtyprice => 100.0059938159999
	creditfundingconvexityadjusteddirtypv => 5.9938159998944345E-5
	creditfundingconvexityadjusteddv01 => 8.332820301154203E-6
	creditfundingconvexityadjustedfairpremium => 7.193022030085318E-4
	creditfundingconvexityadjustedparrate => 7.193022030085318E-4
	creditfundingconvexityadjustedprice => 100.0059938159999
	creditfundingconvexityadjustedpv => 5.9938159998944345E-5
	creditfundingconvexityadjustedrate => 7.193022030085318E-4
	creditfundingconvexityadjustedupfront => 5.9938159998944345E-5
	creditfundingconvexityadjustmentfactor => 1.0
	creditfundingconvexityadjustmentpremium => 0.0
	creditfundingconvexityadjustmentpremiumupfront => 0.0
	creditfxconvexityadjustedcleandv01 => 8.332820301154203E-6
	creditfxconvexityadjustedcleanprice => 100.0059938159999
	creditfxconvexityadjustedcleanpv => 5.9938159998944345E-5
	creditfxconvexityadjusteddirtydv01 => 8.332820301154203E-6
	creditfxconvexityadjusteddirtyprice => 100.0059938159999
	creditfxconvexityadjusteddirtypv => 5.9938159998944345E-5
	creditfxconvexityadjusteddv01 => 8.332820301154203E-6
	creditfxconvexityadjustedfairpremium => 7.193022030085318E-4
	creditfxconvexityadjustedparrate => 7.193022030085318E-4
	creditfxconvexityadjustedprice => 100.0059938159999
	creditfxconvexityadjustedpv => 5.9938159998944345E-5
	creditfxconvexityadjustedrate => 7.193022030085318E-4
	creditfxconvexityadjustedupfront => 5.9938159998944345E-5
	creditfxconvexityadjustmentfactor => 1.0
	creditfxconvexityadjustmentpremium => 0.0
	creditfxconvexityadjustmentpremiumupfront => 0.0
	cumulativeconvexityadjustedcleandv01 => 8.332820301154203E-6
	cumulativeconvexityadjustedcleanprice => 100.0059938159999
	cumulativeconvexityadjustedcleanpv => 5.9938159998944345E-5
	cumulativeconvexityadjusteddirtydv01 => 8.332820301154203E-6
	cumulativeconvexityadjusteddirtyprice => 100.0059938159999
	cumulativeconvexityadjusteddirtypv => 5.9938159998944345E-5
	cumulativeconvexityadjusteddv01 => 8.332820301154203E-6
	cumulativeconvexityadjustedfairpremium => 7.193022030085318E-4
	cumulativeconvexityadjustedparrate => 7.193022030085318E-4
	cumulativeconvexityadjustedprice => 100.0059938159999
	cumulativeconvexityadjustedpv => 5.9938159998944345E-5
	cumulativeconvexityadjustedrate => 7.193022030085318E-4
	cumulativeconvexityadjustedupfront => 5.9938159998944345E-5
	cumulativeconvexityadjustmentfactor => 1.0
	cumulativeconvexityadjustmentpremium => 0.0
	cumulativeconvexityadjustmentpremiumupfront => 0.0
	cumulativecouponamount => NaN
	cumulativecoupondcf => 0.0
	cv01 => 8.332820301154203E-6
	dirtydv01 => 8.332820301154203E-6
	dirtyprice => 100.0059938159999
	dirtypv => 5.9938159998944345E-5
	dv01 => 8.332820301154203E-6
	fairpremium => 7.193022030085318E-4
	fixing01 => 0.0
	forwardfundingconvexityadjustedcleandv01 => 8.332820301154203E-6
	forwardfundingconvexityadjustedcleanprice => 100.0059938159999
	forwardfundingconvexityadjustedcleanpv => 5.9938159998944345E-5
	forwardfundingconvexityadjusteddirtydv01 => 8.332820301154203E-6
	forwardfundingconvexityadjusteddirtyprice => 100.0059938159999
	forwardfundingconvexityadjusteddirtypv => 5.9938159998944345E-5
	forwardfundingconvexityadjusteddv01 => 8.332820301154203E-6
	forwardfundingconvexityadjustedfairpremium => 7.193022030085318E-4
	forwardfundingconvexityadjustedparrate => 7.193022030085318E-4
	forwardfundingconvexityadjustedprice => 100.0059938159999
	forwardfundingconvexityadjustedpv => 5.9938159998944345E-5
	forwardfundingconvexityadjustedrate => 7.193022030085318E-4
	forwardfundingconvexityadjustedupfront => 5.9938159998944345E-5
	forwardfundingconvexityadjustmentfactor => 1.0
	forwardfundingconvexityadjustmentpremium => 0.0
	forwardfundingconvexityadjustmentpremiumupfront => 0.0
	forwardfxconvexityadjustedcleandv01 => 8.332820301154203E-6
	forwardfxconvexityadjustedcleanprice => 100.0059938159999
	forwardfxconvexityadjustedcleanpv => 5.9938159998944345E-5
	forwardfxconvexityadjusteddirtydv01 => 8.332820301154203E-6
	forwardfxconvexityadjusteddirtyprice => 100.0059938159999
	forwardfxconvexityadjusteddirtypv => 5.9938159998944345E-5
	forwardfxconvexityadjusteddv01 => 8.332820301154203E-6
	forwardfxconvexityadjustedfairpremium => 7.193022030085318E-4
	forwardfxconvexityadjustedparrate => 7.193022030085318E-4
	forwardfxconvexityadjustedprice => 100.0059938159999
	forwardfxconvexityadjustedpv => 5.9938159998944345E-5
	forwardfxconvexityadjustedrate => 7.193022030085318E-4
	forwardfxconvexityadjustedupfront => 5.9938159998944345E-5
	forwardfxconvexityadjustmentfactor => 1.0
	forwardfxconvexityadjustmentpremium => 0.0
	forwardfxconvexityadjustmentpremiumupfront => 0.0
	forwardrate => 7.193022030085318E-4
	fundingfxconvexityadjustedcleandv01 => 8.332820301154203E-6
	fundingfxconvexityadjustedcleanprice => 100.0059938159999
	fundingfxconvexityadjustedcleanpv => 5.9938159998944345E-5
	fundingfxconvexityadjusteddirtydv01 => 8.332820301154203E-6
	fundingfxconvexityadjusteddirtyprice => 100.0059938159999
	fundingfxconvexityadjusteddirtypv => 5.9938159998944345E-5
	fundingfxconvexityadjusteddv01 => 8.332820301154203E-6
	fundingfxconvexityadjustedfairpremium => 7.193022030085318E-4
	fundingfxconvexityadjustedparrate => 7.193022030085318E-4
	fundingfxconvexityadjustedprice => 100.0059938159999
	fundingfxconvexityadjustedpv => 5.9938159998944345E-5
	fundingfxconvexityadjustedrate => 7.193022030085318E-4
	fundingfxconvexityadjustedupfront => 5.9938159998944345E-5
	fundingfxconvexityadjustmentfactor => 1.0
	fundingfxconvexityadjustmentpremium => 0.0
	fundingfxconvexityadjustmentpremiumupfront => 0.0
	parrate => 7.193022030085318E-4
	price => 100.0059938159999
	pv => 5.9938159998944345E-5
	rate => 7.193022030085318E-4
	resetdate => 2458425.0
	resetrate => NaN
	totalcoupon => 7.193022030085316E-4
	unadjustedcleandv01 => 8.332820301154203E-6
	unadjustedcleanprice => 100.0059938159999
	unadjustedcleanpv => 5.9938159998944345E-5
	unadjusteddirtydv01 => 8.332820301154203E-6
	unadjusteddirtyprice => 100.0059938159999
	unadjusteddirtypv => 5.9938159998944345E-5
	unadjustedfairpremium => 7.193022030085318E-4
	unadjustedparrate => 7.193022030085318E-4
	unadjustedprice => 100.0059938159999
	unadjustedpv => 5.9938159998944345E-5
	unadjustedrate => 7.193022030085318E-4
	unadjustedupfront => 5.9938159998944345E-5
	upfront => 5.9938159998944345E-5

	|-----------------------------------------------------------------|
	|    Copyright (C) 2011-2018 (DRIP)
	|-----------------------------------------------------------------|
	|    Build Version  => 3.86.0 multi mode
	|    Build JVM (TM) => 1.8.0_112
	|    Build Snap     => Fri Nov 02 21:22:20 EST 2018
	|    Start Time     => Fri Nov 02 22:56:50 EDT 2018
	|    Setup Time     => Fri Nov 02 22:56:50 EDT 2018
	|    Setup Duration => 0 ms
	|-----------------------------------------------------------------|

	[USD-2Y] => 100000.0 | 0.0025 | MID CURVE OPTION::REGULAR@2D
	[USD-5Y] => 100000.0 | 0.0025 | MID CURVE OPTION::REGULAR@2D
	[USD-10Y] => 100000.0 | 0.0025 | MID CURVE OPTION::REGULAR@2D
	[USD-30Y] => 100000.0 | 0.0025 | MID CURVE OPTION::REGULAR@2D

	|-----------------------------------------------------------------|
	|    Copyright (C) 2011-2018 (DRIP)
	|-----------------------------------------------------------------|
	|    Build Version  => 3.86.0 multi mode
	|    Build JVM (TM) => 1.8.0_112
	|    Build Snap     => Fri Nov 02 21:22:20 EST 2018
	|    Start Time     => Fri Nov 02 22:56:50 EDT 2018
	|    Setup Time     => Fri Nov 02 22:56:50 EDT 2018
	|    Setup Duration => 0 ms
	|-----------------------------------------------------------------|


	----------------------------------------------------------------
	     DEPOSIT INSTRUMENTS CALIBRATION RECOVERY
	----------------------------------------------------------------
	[05-NOV-2018] =  0.001300 |  0.001300
	[06-NOV-2018] =  0.001700 |  0.001700
	[14-NOV-2018] =  0.001700 |  0.001700
	[26-NOV-2018] =  0.001800 |  0.001800
	[18-DEC-2018] =  0.002000 |  0.002000
	[01-FEB-2019] =  0.002300 |  0.002300

	----------------------------------------------------------------
	     EDF INSTRUMENTS CALIBRATION RECOVERY
	----------------------------------------------------------------
	[15-MAR-2019] =  0.002700 |  0.002700
	[15-JUN-2019] =  0.003200 |  0.003200
	[15-SEP-2019] =  0.004100 |  0.004100
	[15-DEC-2019] =  0.005400 |  0.005400
	[15-MAR-2020] =  0.007700 |  0.007700
	[15-JUN-2020] =  0.010400 |  0.010400
	[15-SEP-2020] =  0.013400 |  0.013400
	[15-DEC-2020] =  0.016000 |  0.016000

	----------------------------------------------------------------
	     SWAP INSTRUMENTS CALIBRATION RECOVERY
	----------------------------------------------------------------
	[06-NOV-2022] =  0.016600 |  0.016600 |  0.016600
	[06-NOV-2023] =  0.020600 |  0.020600 |  0.020600
	[06-NOV-2024] =  0.024100 |  0.024100 |  0.024100
	[06-NOV-2025] =  0.026900 |  0.026900 |  0.026900
	[06-NOV-2026] =  0.029200 |  0.029200 |  0.029200
	[06-NOV-2027] =  0.031100 |  0.031100 |  0.031100
	[06-NOV-2028] =  0.032600 |  0.032600 |  0.032600
	[06-NOV-2029] =  0.034000 |  0.034000 |  0.034000
	[06-NOV-2030] =  0.035100 |  0.035100 |  0.035100
	[06-NOV-2033] =  0.037500 |  0.037500 |  0.037500
	[06-NOV-2038] =  0.039300 |  0.039300 |  0.039300
	[06-NOV-2043] =  0.040200 |  0.040200 |  0.040200
	[06-NOV-2048] =  0.040700 |  0.040700 |  0.040700
	[06-NOV-2058] =  0.040900 |  0.040900 |  0.040900
	[06-NOV-2068] =  0.040900 |  0.040900 |  0.040900
	----------------------------------------------------------------
	     EXCHANGE-TRADED SWAP INSTRUMENTS VALUATION
	----------------------------------------------------------------
	[06-NOV-2020] =  0.007195 |  0.007195 |  0061 | 2Y
	[06-NOV-2023] =  0.020600 |  0.020600 | -0288 | 5Y
	[06-NOV-2028] =  0.032600 |  0.032600 | -0088 | 10Y
	[06-NOV-2048] =  0.040700 |  0.040700 | -1245 | 30Y

	|-----------------------------------------------------------------|
	|    Copyright (C) 2011-2018 (DRIP)
	|-----------------------------------------------------------------|
	|    Build Version  => 3.86.0 multi mode
	|    Build JVM (TM) => 1.8.0_112
	|    Build Snap     => Fri Nov 02 21:22:20 EST 2018
	|    Start Time     => Fri Nov 02 22:56:50 EDT 2018
	|    Setup Time     => Fri Nov 02 22:56:50 EDT 2018
	|    Setup Duration => 0 ms
	|-----------------------------------------------------------------|


	---------------
	---------------

CHF-LIBOR-3M | MARGIN
	[liffe=>MID CURVE OPTION::QUARTERLY]
GBP-LIBOR-3M | MARGIN
	[liffe=>MID CURVE OPTION::QUARTERLY; MID CURVE OPTION::REGULAR@1M; MID CURVE OPTION::REGULAR@2M; MID CURVE OPTION::REGULAR@2Y]
EUR-EURIBOR-3M | MARGIN
	[eurex=>MID CURVE OPTION::QUARTERLY; MID CURVE OPTION::REGULAR@1Y]
	[liffe=>MID CURVE OPTION::QUARTERLY; MID CURVE OPTION::REGULAR@1M; MID CURVE OPTION::REGULAR@2M; MID CURVE OPTION::REGULAR@2Y]
JPY-LIBOR-3M | PREMIUM
	[sgx=>MID CURVE OPTION::QUARTERLY; MID CURVE OPTION::REGULAR@1M; MID CURVE OPTION::REGULAR@2M; MID CURVE OPTION::REGULAR@1Y; MID CURVE OPTION::REGULAR@2Y; MID CURVE OPTION::REGULAR@4Y]
JPY-TIBOR-3M | PREMIUM
	[sgx=>MID CURVE OPTION::QUARTERLY; MID CURVE OPTION::REGULAR@1M; MID CURVE OPTION::REGULAR@2M; MID CURVE OPTION::REGULAR@1Y; MID CURVE OPTION::REGULAR@2Y; MID CURVE OPTION::REGULAR@4Y]
JPY-LIBOR-3M | PREMIUM
	[sgx=>MID CURVE OPTION::QUARTERLY; MID CURVE OPTION::REGULAR@1M; MID CURVE OPTION::REGULAR@2M; MID CURVE OPTION::REGULAR@1Y; MID CURVE OPTION::REGULAR@2Y; MID CURVE OPTION::REGULAR@4Y]
USD-LIBOR-1M | PREMIUM
	[cme=>MID CURVE OPTION::QUARTERLY; MID CURVE OPTION::REGULAR@1M; MID CURVE OPTION::REGULAR@2M; MID CURVE OPTION::REGULAR@1Y; MID CURVE OPTION::REGULAR@2Y; MID CURVE OPTION::REGULAR@4Y]
USD-LIBOR-3M | MARGIN
	[liffe=>MID CURVE OPTION::QUARTERLY; MID CURVE OPTION::REGULAR@1M; MID CURVE OPTION::REGULAR@2M]
USD-LIBOR-3M | PREMIUM
	[sgx=>MID CURVE OPTION::QUARTERLY; MID CURVE OPTION::REGULAR@1M; MID CURVE OPTION::REGULAR@2M; MID CURVE OPTION::REGULAR@1Y; MID CURVE OPTION::REGULAR@2Y; MID CURVE OPTION::REGULAR@4Y]
	[cme=>MID CURVE OPTION::QUARTERLY; MID CURVE OPTION::REGULAR@1M; MID CURVE OPTION::REGULAR@2M; MID CURVE OPTION::REGULAR@1Y; MID CURVE OPTION::REGULAR@2Y; MID CURVE OPTION::REGULAR@4Y]

	|-----------------------------------------------------------------|
	|    Copyright (C) 2011-2018 (DRIP)
	|-----------------------------------------------------------------|
	|    Build Version  => 3.86.0 multi mode
	|    Build JVM (TM) => 1.8.0_112
	|    Build Snap     => Fri Nov 02 21:22:20 EST 2018
	|    Start Time     => Fri Nov 02 22:56:50 EDT 2018
	|    Setup Time     => Fri Nov 02 22:56:50 EDT 2018
	|    Setup Duration => 0 ms
	|-----------------------------------------------------------------|

	Output Order - L -> R:
		Exchange
		ATM Par FRA Level (%)
		Option Upfront (bp)
		FRA Label

	-----------------------------------------------------
	--------------- MARGIN TYPE OPTION ------------------
	-----------------------------------------------------
		LIFFE | -0.3021 % | -0.8 bp | CHF-LIBOR-3M
		LIFFE | -0.3028 % | -0.8 bp | GBP-LIBOR-3M
		LIFFE | -0.3021 % | -0.8 bp | USD-LIBOR-3M
	-----------------------------------------------------
	-------------- PREMIUM TYPE OPTION ------------------
	-----------------------------------------------------
		SGX | -0.3021 % | -0.8 bp | JPY-LIBOR-3M
		CME | -0.7634 % | -0.6 bp | USD-LIBOR-1M
		CME | -0.3021 % | -0.8 bp | USD-LIBOR-3M
		SGX | -0.3021 % | -0.8 bp | USD-LIBOR-3M
	-----------------------------------------------------
	-----------------------------------------------------

	|-----------------------------------------------------------------|
	|    Copyright (C) 2011-2018 (DRIP)
	|-----------------------------------------------------------------|
	|    Build Version  => 3.86.0 multi mode
	|    Build JVM (TM) => 1.8.0_112
	|    Build Snap     => Fri Nov 02 21:22:20 EST 2018
	|    Start Time     => Fri Nov 02 22:57:13 EDT 2018
	|    Setup Time     => Fri Nov 02 22:57:13 EDT 2018
	|    Setup Duration => 0 ms
	|-----------------------------------------------------------------|


	---------------
	---------------

	[CAD-CDOR-3M] => 1000000.0 || MX
	[CHF-LIBOR-3M] => 1000000.0 || LIFFE
	[DKK-CIBOR-3M] => 1000000.0 || OMX
	[EUR-EURIBOR-3M] => 1000000.0 || EUREXLIFFE | NLX | 
	[GBP-LIBOR-3M] => 500000.0 || LIFFENLX | 
	[JPY-LIBOR-3M] => 1.0E8 || SGX
	[JPY-TIBOR-3M] => 1.0E8 || CMESGX | 
	[USD-LIBOR-1M] => 3000000.0 || CME
	[USD-LIBOR-3M] => 1000000.0 || CMESGX | 
	[ZAR-JIBAR-3M] => 1000000.0 || SAFEX
]]></system-out>
  <system-err><![CDATA[]]></system-err>
</testsuite>
