<?xml version="1.0" encoding="UTF-8"?>
<testsuite name="org.drip.coverage.service.Service" tests="1" skipped="0" failures="0" errors="0" timestamp="2018-11-03T03:29:00" hostname="LAPTOP-2MU6A8KE" time="3.868">
  <properties/>
  <testcase name="codeCoverageTest" classname="org.drip.coverage.service.Service" time="3.868"/>
  <system-out><![CDATA[
	|-----------------------------------------------------------------|
	|    Copyright (C) 2011-2018 (DRIP)
	|-----------------------------------------------------------------|
	|    Build Version  => 3.86.0 multi mode
	|    Build JVM (TM) => 1.8.0_112
	|    Build Snap     => Fri Nov 02 21:22:20 EST 2018
	|    Start Time     => Fri Nov 02 23:29:00 EDT 2018
	|    Setup Time     => Fri Nov 02 23:29:00 EDT 2018
	|    Setup Duration => 0 ms
	|-----------------------------------------------------------------|


	|---------------- JSON REQUEST -----------------|

{"Parameters":{"ProjectionExcessReturnsCovariance":[[7.5E-4,-5.3E-4,-3.3E-4],[-5.3E-4,0.00195,0.0011],[-3.3E-4,0.0011,0.00217]],"AssetEquilibriumWeight":[0.2535,0.1343,0.1265,0.1375,0.0733,0.2749],"Delta":2.6,"AssetSet":["ASSET 1","ASSET 2","ASSET 3","ASSET 4","ASSET 5","ASSET 6"],"Tau":1.0,"AssetSpaceViewProjection":[[0.0,0.0,-1.0,0.0,1.0,0.0],[0.0,1.0,0.0,0.0,-1.0,0.0],[-1.0,1.0,1.0,0.0,0.0,-1.0]],"ProjectionExpectedExcessReturns":[2.0E-4,3.0E-4,1.0E-4],"AssetExcessReturnsCovariance":[[0.00273,0.00208,0.00159,4.9E-4,0.00117,7.1E-4],[0.00208,0.00277,0.0013,4.6E-4,0.00111,5.6E-4],[0.00159,0.0013,0.00146,6.4E-4,0.00105,5.2E-4],[4.9E-4,4.6E-4,6.4E-4,6.1E-4,6.6E-4,3.7E-4],[0.00117,0.00111,0.00105,6.6E-4,0.00139,6.6E-4],[7.1E-4,5.6E-4,5.2E-4,3.7E-4,6.6E-4,7.0E-4]],"RiskFreeRate":0.0},"API":"BLACKLITTERMAN::BAYESIANMETRICS"}

	|---------------- JSON RESPONSE ----------------|


	|-----------------------------------------------------------------|
	|    Copyright (C) 2011-2018 (DRIP)
	|-----------------------------------------------------------------|
	|    Build Version  => 3.86.0 multi mode
	|    Build JVM (TM) => 1.8.0_112
	|    Build Snap     => Fri Nov 02 21:22:20 EST 2018
	|    Start Time     => Fri Nov 02 23:29:00 EDT 2018
	|    Setup Time     => Fri Nov 02 23:29:00 EDT 2018
	|    Setup Duration => 0 ms
	|-----------------------------------------------------------------|

{"PriorExpectedExcessReturn":[0.0039542074,0.0035419748,0.0027826708,0.0013023894000000003,0.0024766664000000003,0.0015929056000000001],"ScopingExpectedExcessReturns":[0.0039542074,0.0035419748,0.0027826708,0.0013023894000000003,0.0024766664000000003,0.0015929056000000001],"Delta":2.6,"PosteriorExpectedExcessReturn":[0.003754767961519179,0.003242238901220117,0.002612519478523445,0.0013069419983213332,0.0025591430386038955,0.0016603859556911975],"ScopingExcessReturnsCovariance":[[0.00273,0.00208,0.00159,4.9E-4,0.00117,7.1E-4],[0.00208,0.00277,0.0013,4.6E-4,0.00111,5.6E-4],[0.00159,0.0013,0.00146,6.4E-4,0.00105,5.2E-4],[4.9E-4,4.6E-4,6.4E-4,6.1E-4,6.6E-4,3.7E-4],[0.00117,0.00111,0.00105,6.6E-4,0.00139,6.6E-4],[7.1E-4,5.6E-4,5.2E-4,3.7E-4,6.6E-4,7.0E-4]],"Tau":1.0,"ViewScopingProjectionLoading":[[0.0,0.0,-1.0,0.0,1.0,0.0],[0.0,1.0,0.0,0.0,-1.0,0.0],[-1.0,1.0,1.0,0.0,0.0,-1.0]],"ProjectionExpectedExcessReturns":[2.0E-4,3.0E-4,1.0E-4],"JointExcessReturnsCovariance":[[0.002465246269404386,0.0017761461874425803,0.0015294393703199837,5.649529459917212E-4,0.0013199095028163508,7.241393555825859E-4],[0.001776146187442581,0.0019235608242410018,0.0011873892447101845,4.959248413336439E-4,0.00109158032684193,6.217295486151142E-4],[0.0015294393703199835,0.0011873892447101838,0.0012686902490072803,5.871012294954459E-4,0.00106289385006085,6.010583741062264E-4],[5.649529459917209E-4,4.959248413336433E-4,5.871012294954456E-4,5.588873170519883E-4,5.965346891281458E-4,3.985208735890489E-4],[0.0013199095028163508,0.0010915803268419292,0.0010628938500608501,5.965346891281461E-4,0.001232089396153166,6.714913157075008E-4],[7.241393555825859E-4,6.217295486151137E-4,6.010583741062264E-4,3.985208735890492E-4,6.714913157075008E-4,6.636630354316406E-4]],"PosteriorExcessReturnsCovariance":[[0.005195246269404386,0.00385614618744258,0.0031194393703199838,0.0010549529459917212,0.002489909502816351,0.001434139355582586],[0.003856146187442581,0.004693560824241001,0.0024873892447101844,9.55924841333644E-4,0.00220158032684193,0.0011817295486151141],[0.0031194393703199838,0.002487389244710184,0.0027286902490072803,0.001227101229495446,0.00211289385006085,0.0011210583741062263],[0.0010549529459917208,9.559248413336433E-4,0.0012271012294954456,0.0011688873170519884,0.0012565346891281457,7.685208735890489E-4],[0.002489909502816351,0.0022015803268419292,0.00211289385006085,0.0012565346891281462,0.002622089396153166,0.0013314913157075007],[0.001434139355582586,0.0011817295486151137,0.0011210583741062263,7.685208735890492E-4,0.0013314913157075007,0.0013636630354316405]],"RiskFreeRate":0.0,"ScopingSet":["ASSET 1","ASSET 2","ASSET 3","ASSET 4","ASSET 5","ASSET 6"]}

	|-----------------------------------------------------------------|
	|    Copyright (C) 2011-2018 (DRIP)
	|-----------------------------------------------------------------|
	|    Build Version  => 3.86.0 multi mode
	|    Build JVM (TM) => 1.8.0_112
	|    Build Snap     => Fri Nov 02 21:22:20 EST 2018
	|    Start Time     => Fri Nov 02 23:29:00 EDT 2018
	|    Setup Time     => Fri Nov 02 23:29:00 EDT 2018
	|    Setup Duration => 0 ms
	|-----------------------------------------------------------------|


	|---------------- JSON REQUEST -----------------|

{"Parameters":{"FixFloatQuote":[0.012484,0.014987,0.017036,0.018624,0.019868,0.020921,0.021788,0.02253,0.023145,0.023685,0.024153,0.024562,0.025389,0.026118,0.026368,0.026432,0.026339,0.026122],"FixFloatTenor":["01Y","02Y","03Y","04Y","05Y","06Y","07Y","08Y","09Y","10Y","11Y","12Y","15Y","20Y","25Y","30Y","40Y","50Y"],"CDSTenor":["06M","01Y","02Y","03Y","04Y","05Y","07Y","10Y"],"BondCleanPrice":0.38239,"FuturesQuote":[0.0107,0.01235,0.0136],"DepositTenor":["2D"],"BondEffectiveDate":"12-APR-2012","CDSQuote":[60.0,68.0,88.0,102.0,121.0,138.0,168.0,188.0],"BondMaturityDate":"12-APR-2027","BondFrequency":2,"BondName":"  PDVSA  5.3750 12-APR-2027 ","DepositQuote":[0.0103456],"ReferenceEntity":"DRIP","Currency":"USD","SpotDate":"09-MAY-2017","BondCoupon":0.05375,"BondDayCount":"30\/360","BondValueNotional":1000000.0},"API":"BOND::CASHFLOWS"}

	|---------------- JSON RESPONSE ----------------|


	|-----------------------------------------------------------------|
	|    Copyright (C) 2011-2018 (DRIP)
	|-----------------------------------------------------------------|
	|    Build Version  => 3.86.0 multi mode
	|    Build JVM (TM) => 1.8.0_112
	|    Build Snap     => Fri Nov 02 21:22:20 EST 2018
	|    Start Time     => Fri Nov 02 23:29:00 EDT 2018
	|    Setup Time     => Fri Nov 02 23:29:00 EDT 2018
	|    Setup Duration => 0 ms
	|-----------------------------------------------------------------|

{"BondName":"  PDVSA  5.3750 12-APR-2027 ","CashFlow":[{"StartDate":"12-APR-2012","CouponRate":0.05375,"CouponDCF":0.5,"PayDate":"12-OCT-2012","CouponAmount":53750.0,"FixingDate":"12-OCT-2012","PayDiscountFactor":1.0,"SurvivalFactor":1.0,"EndDate":"12-OCT-2012","BaseNotional":1000000.0},{"StartDate":"12-OCT-2012","CouponRate":0.05375,"CouponDCF":0.5,"PayDate":"12-APR-2013","CouponAmount":53750.0,"FixingDate":"12-APR-2013","PayDiscountFactor":1.0,"SurvivalFactor":1.0,"EndDate":"12-APR-2013","BaseNotional":1000000.0},{"StartDate":"12-APR-2013","CouponRate":0.05375,"CouponDCF":0.5,"PayDate":"12-OCT-2013","CouponAmount":53750.0,"FixingDate":"12-OCT-2013","PayDiscountFactor":1.0,"SurvivalFactor":1.0,"EndDate":"12-OCT-2013","BaseNotional":1000000.0},{"StartDate":"12-OCT-2013","CouponRate":0.05375,"CouponDCF":0.5,"PayDate":"12-APR-2014","CouponAmount":53750.0,"FixingDate":"12-APR-2014","PayDiscountFactor":1.0,"SurvivalFactor":1.0,"EndDate":"12-APR-2014","BaseNotional":1000000.0},{"StartDate":"12-APR-2014","CouponRate":0.05375,"CouponDCF":0.5,"PayDate":"12-OCT-2014","CouponAmount":53750.0,"FixingDate":"12-OCT-2014","PayDiscountFactor":1.0,"SurvivalFactor":1.0,"EndDate":"12-OCT-2014","BaseNotional":1000000.0},{"StartDate":"12-OCT-2014","CouponRate":0.05375,"CouponDCF":0.5,"PayDate":"12-APR-2015","CouponAmount":53750.0,"FixingDate":"12-APR-2015","PayDiscountFactor":1.0,"SurvivalFactor":1.0,"EndDate":"12-APR-2015","BaseNotional":1000000.0},{"StartDate":"12-APR-2015","CouponRate":0.05375,"CouponDCF":0.5,"PayDate":"12-OCT-2015","CouponAmount":53750.0,"FixingDate":"12-OCT-2015","PayDiscountFactor":1.0,"SurvivalFactor":1.0,"EndDate":"12-OCT-2015","BaseNotional":1000000.0},{"StartDate":"12-OCT-2015","CouponRate":0.05375,"CouponDCF":0.5,"PayDate":"12-APR-2016","CouponAmount":53750.0,"FixingDate":"12-APR-2016","PayDiscountFactor":1.0,"SurvivalFactor":1.0,"EndDate":"12-APR-2016","BaseNotional":1000000.0},{"StartDate":"12-APR-2016","CouponRate":0.05375,"CouponDCF":0.5,"PayDate":"12-OCT-2016","CouponAmount":53750.0,"FixingDate":"12-OCT-2016","PayDiscountFactor":1.0,"SurvivalFactor":1.0,"EndDate":"12-OCT-2016","BaseNotional":1000000.0},{"StartDate":"12-OCT-2016","CouponRate":0.05375,"CouponDCF":0.5,"PayDate":"12-APR-2017","CouponAmount":53750.0,"FixingDate":"12-APR-2017","PayDiscountFactor":1.0,"SurvivalFactor":1.0,"EndDate":"12-APR-2017","BaseNotional":1000000.0},{"StartDate":"12-APR-2017","CouponRate":0.05375,"CouponDCF":0.5,"PayDate":"12-OCT-2017","CouponAmount":53750.0,"FixingDate":"12-OCT-2017","PayDiscountFactor":0.9953645091612788,"SurvivalFactor":0.9957538406698502,"EndDate":"12-OCT-2017","BaseNotional":1000000.0},{"StartDate":"12-OCT-2017","CouponRate":0.05375,"CouponDCF":0.5,"PayDate":"12-APR-2018","CouponAmount":53750.0,"FixingDate":"12-APR-2018","PayDiscountFactor":0.9887045961237015,"SurvivalFactor":0.9898828383188467,"EndDate":"12-APR-2018","BaseNotional":1000000.0},{"StartDate":"12-APR-2018","CouponRate":0.05375,"CouponDCF":0.5,"PayDate":"12-OCT-2018","CouponAmount":53750.0,"FixingDate":"12-OCT-2018","PayDiscountFactor":0.9809250900539132,"SurvivalFactor":0.9817632311547906,"EndDate":"12-OCT-2018","BaseNotional":1000000.0},{"StartDate":"12-OCT-2018","CouponRate":0.05375,"CouponDCF":0.5,"PayDate":"12-APR-2019","CouponAmount":53750.0,"FixingDate":"12-APR-2019","PayDiscountFactor":0.9719834990129254,"SurvivalFactor":0.9727535712119703,"EndDate":"12-APR-2019","BaseNotional":1000000.0},{"StartDate":"12-APR-2019","CouponRate":0.05375,"CouponDCF":0.5,"PayDate":"12-OCT-2019","CouponAmount":53750.0,"FixingDate":"12-OCT-2019","PayDiscountFactor":0.9622145888007354,"SurvivalFactor":0.9626776648215272,"EndDate":"12-OCT-2019","BaseNotional":1000000.0},{"StartDate":"12-OCT-2019","CouponRate":0.05375,"CouponDCF":0.5,"PayDate":"12-APR-2020","CouponAmount":53750.0,"FixingDate":"12-APR-2020","PayDiscountFactor":0.9518621856051172,"SurvivalFactor":0.9520477731746122,"EndDate":"12-APR-2020","BaseNotional":1000000.0},{"StartDate":"12-APR-2020","CouponRate":0.05375,"CouponDCF":0.5,"PayDate":"12-OCT-2020","CouponAmount":53750.0,"FixingDate":"12-OCT-2020","PayDiscountFactor":0.9410342892743359,"SurvivalFactor":0.9389612701414571,"EndDate":"12-OCT-2020","BaseNotional":1000000.0},{"StartDate":"12-OCT-2020","CouponRate":0.05375,"CouponDCF":0.5,"PayDate":"12-APR-2021","CouponAmount":53750.0,"FixingDate":"12-APR-2021","PayDiscountFactor":0.9299354586656547,"SurvivalFactor":0.9245997970233183,"EndDate":"12-APR-2021","BaseNotional":1000000.0},{"StartDate":"12-APR-2021","CouponRate":0.05375,"CouponDCF":0.5,"PayDate":"12-OCT-2021","CouponAmount":53750.0,"FixingDate":"12-OCT-2021","PayDiscountFactor":0.918580160916608,"SurvivalFactor":0.908882988164134,"EndDate":"12-OCT-2021","BaseNotional":1000000.0},{"StartDate":"12-OCT-2021","CouponRate":0.05375,"CouponDCF":0.5,"PayDate":"12-APR-2022","CouponAmount":53750.0,"FixingDate":"12-APR-2022","PayDiscountFactor":0.9071009493169423,"SurvivalFactor":0.8926317947746235,"EndDate":"12-APR-2022","BaseNotional":1000000.0},{"StartDate":"12-APR-2022","CouponRate":0.05375,"CouponDCF":0.5,"PayDate":"12-OCT-2022","CouponAmount":53750.0,"FixingDate":"12-OCT-2022","PayDiscountFactor":0.8953480821787576,"SurvivalFactor":0.8745672744826022,"EndDate":"12-OCT-2022","BaseNotional":1000000.0},{"StartDate":"12-OCT-2022","CouponRate":0.05375,"CouponDCF":0.5,"PayDate":"12-APR-2023","CouponAmount":53750.0,"FixingDate":"12-APR-2023","PayDiscountFactor":0.8835465127879156,"SurvivalFactor":0.8557765537625138,"EndDate":"12-APR-2023","BaseNotional":1000000.0},{"StartDate":"12-APR-2023","CouponRate":0.05375,"CouponDCF":0.5,"PayDate":"12-OCT-2023","CouponAmount":53750.0,"FixingDate":"12-OCT-2023","PayDiscountFactor":0.871690137490146,"SurvivalFactor":0.8372896372251262,"EndDate":"12-OCT-2023","BaseNotional":1000000.0},{"StartDate":"12-OCT-2023","CouponRate":0.05375,"CouponDCF":0.5,"PayDate":"12-APR-2024","CouponAmount":53750.0,"FixingDate":"12-APR-2024","PayDiscountFactor":0.8598273919940219,"SurvivalFactor":0.8192020843785967,"EndDate":"12-APR-2024","BaseNotional":1000000.0},{"StartDate":"12-APR-2024","CouponRate":0.05375,"CouponDCF":0.5,"PayDate":"12-OCT-2024","CouponAmount":53750.0,"FixingDate":"12-OCT-2024","PayDiscountFactor":0.8479051014568119,"SurvivalFactor":0.8018386350291162,"EndDate":"12-OCT-2024","BaseNotional":1000000.0},{"StartDate":"12-OCT-2024","CouponRate":0.05375,"CouponDCF":0.5,"PayDate":"12-APR-2025","CouponAmount":53750.0,"FixingDate":"12-APR-2025","PayDiscountFactor":0.8360584637033237,"SurvivalFactor":0.7851316063214966,"EndDate":"12-APR-2025","BaseNotional":1000000.0},{"StartDate":"12-APR-2025","CouponRate":0.05375,"CouponDCF":0.5,"PayDate":"12-OCT-2025","CouponAmount":53750.0,"FixingDate":"12-OCT-2025","PayDiscountFactor":0.8242573844336752,"SurvivalFactor":0.7686837475094151,"EndDate":"12-OCT-2025","BaseNotional":1000000.0},{"StartDate":"12-OCT-2025","CouponRate":0.05375,"CouponDCF":0.5,"PayDate":"12-APR-2026","CouponAmount":53750.0,"FixingDate":"12-APR-2026","PayDiscountFactor":0.8126085984078911,"SurvivalFactor":0.7526675306851234,"EndDate":"12-APR-2026","BaseNotional":1000000.0},{"StartDate":"12-APR-2026","CouponRate":0.05375,"CouponDCF":0.5,"PayDate":"12-OCT-2026","CouponAmount":53750.0,"FixingDate":"12-OCT-2026","PayDiscountFactor":0.8009277576696916,"SurvivalFactor":0.7368997674496722,"EndDate":"12-OCT-2026","BaseNotional":1000000.0},{"StartDate":"12-OCT-2026","CouponRate":0.05375,"CouponDCF":0.5,"PayDate":"12-APR-2027","CouponAmount":53750.0,"FixingDate":"12-APR-2027","PayDiscountFactor":0.7893812410228065,"SurvivalFactor":0.7215457984195157,"EndDate":"12-APR-2027","BaseNotional":1000000.0}]}

	|-----------------------------------------------------------------|
	|    Copyright (C) 2011-2018 (DRIP)
	|-----------------------------------------------------------------|
	|    Build Version  => 3.86.0 multi mode
	|    Build JVM (TM) => 1.8.0_112
	|    Build Snap     => Fri Nov 02 21:22:20 EST 2018
	|    Start Time     => Fri Nov 02 23:29:01 EDT 2018
	|    Setup Time     => Fri Nov 02 23:29:01 EDT 2018
	|    Setup Duration => 0 ms
	|-----------------------------------------------------------------|


	|---------------- JSON REQUEST -----------------|

{"Parameters":{"FixFloatQuote":[0.012484,0.014987,0.017036,0.018624,0.019868,0.020921,0.021788,0.02253,0.023145,0.023685,0.024153,0.024562,0.025389,0.026118,0.026368,0.026432,0.026339,0.026122],"FixFloatTenor":["01Y","02Y","03Y","04Y","05Y","06Y","07Y","08Y","09Y","10Y","11Y","12Y","15Y","20Y","25Y","30Y","40Y","50Y"],"TreasuryTenor":["1Y","2Y","3Y","5Y","7Y","10Y","20Y","30Y"],"BondCleanPrice":0.38239,"FuturesQuote":[0.0107,0.01235,0.0136],"TreasuryCode":"UST","DepositTenor":["2D"],"TreasuryYield":[0.0083,0.0122,0.0149,0.0193,0.0227,0.0248,0.028,0.0308],"BondEffectiveDate":"12-APR-2012","BondMaturityDate":"12-APR-2027","BondFrequency":2,"BondName":"  PDVSA  5.3750 12-APR-2027 ","DepositQuote":[0.0103456],"Currency":"USD","SpotDate":"09-MAY-2017","BondCoupon":0.05375,"BondDayCount":"30\/360"},"API":"BOND::CURVEMETRICS"}

	|---------------- JSON RESPONSE ----------------|


	|-----------------------------------------------------------------|
	|    Copyright (C) 2011-2018 (DRIP)
	|-----------------------------------------------------------------|
	|    Build Version  => 3.86.0 multi mode
	|    Build JVM (TM) => 1.8.0_112
	|    Build Snap     => Fri Nov 02 21:22:20 EST 2018
	|    Start Time     => Fri Nov 02 23:29:01 EDT 2018
	|    Setup Time     => Fri Nov 02 23:29:01 EDT 2018
	|    Setup Duration => 0 ms
	|-----------------------------------------------------------------|

{"BondGSpread":0.173605690867094,"BondName":"  PDVSA  5.3750 12-APR-2027 ","BondASW":0.0988432208202698,"BondZSpread":0.17585338390321964,"BondFirstCouponDate":"12-OCT-2012","BondCleanPrice":0.38239,"BondTreasurySpread":0.173605690867094,"BondEffectiveDate":"12-APR-2012","BondISpread":0.17471033902182495,"BondTreasuryBenchmark":"10YON","BondMaturityDate":"12-APR-2027","BondOAS":0.17360568987750127}

	|-----------------------------------------------------------------|
	|    Copyright (C) 2011-2018 (DRIP)
	|-----------------------------------------------------------------|
	|    Build Version  => 3.86.0 multi mode
	|    Build JVM (TM) => 1.8.0_112
	|    Build Snap     => Fri Nov 02 21:22:20 EST 2018
	|    Start Time     => Fri Nov 02 23:29:01 EDT 2018
	|    Setup Time     => Fri Nov 02 23:29:01 EDT 2018
	|    Setup Duration => 0 ms
	|-----------------------------------------------------------------|


	|---------------- JSON REQUEST -----------------|

{"Parameters":{"FixFloatQuote":[0.012484,0.014987,0.017036,0.018624,0.019868,0.020921,0.021788,0.02253,0.023145,0.023685,0.024153,0.024562,0.025389,0.026118,0.026368,0.026432,0.026339,0.026122],"FixFloatTenor":["01Y","02Y","03Y","04Y","05Y","06Y","07Y","08Y","09Y","10Y","11Y","12Y","15Y","20Y","25Y","30Y","40Y","50Y"],"BondCleanPrice":0.38239,"FuturesQuote":[0.0107,0.01235,0.0136],"DepositTenor":["2D"],"BondEffectiveDate":"12-APR-2012","BondMaturityDate":"12-APR-2027","BondFrequency":2,"BondName":"  PDVSA  5.3750 12-APR-2027 ","DepositQuote":[0.0103456],"Currency":"USD","SpotDate":"09-MAY-2017","BondCoupon":0.05375,"BondDayCount":"30\/360"},"API":"BOND::SECULARMETRICS"}

	|---------------- JSON RESPONSE ----------------|


	|-----------------------------------------------------------------|
	|    Copyright (C) 2011-2018 (DRIP)
	|-----------------------------------------------------------------|
	|    Build Version  => 3.86.0 multi mode
	|    Build JVM (TM) => 1.8.0_112
	|    Build Snap     => Fri Nov 02 21:22:20 EST 2018
	|    Start Time     => Fri Nov 02 23:29:01 EDT 2018
	|    Setup Time     => Fri Nov 02 23:29:01 EDT 2018
	|    Setup Duration => 0 ms
	|-----------------------------------------------------------------|

{"BondDV01":2.1643777775604,"BondName":"  PDVSA  5.3750 12-APR-2027 ","BondBasis":1750.4048209565385,"BondFirstCouponDate":"12-OCT-2012","BondCleanPrice":0.38239,"BondYield":0.19835391004517616,"BondConvexity":0.45825922761340754,"BondEffectiveDate":"12-APR-2012","BondMaturityDate":"12-APR-2027","BondMacaulayDuration":6.159062666705718,"BondModifiedDuration":5.601049840894071,"BondYield01":2.1643777775604}

	|-----------------------------------------------------------------|
	|    Copyright (C) 2011-2018 (DRIP)
	|-----------------------------------------------------------------|
	|    Build Version  => 3.86.0 multi mode
	|    Build JVM (TM) => 1.8.0_112
	|    Build Snap     => Fri Nov 02 21:22:20 EST 2018
	|    Start Time     => Fri Nov 02 23:29:01 EDT 2018
	|    Setup Time     => Fri Nov 02 23:29:01 EDT 2018
	|    Setup Duration => 0 ms
	|-----------------------------------------------------------------|


	|---------------- JSON REQUEST -----------------|

{"Parameters":{"TOK::UpperBound":0.4,"HYG::LowerBound":0.05,"LQD::UpperBound":0.6,"GSG::UpperBound":0.15,"BWX::LowerBound":0.03,"AssetSet":["TOK","EWJ","HYG","LQD","EMD","GSG","BWX"],"EWJ::UpperBound":0.4,"EMD::LowerBound":0.05,"BWX::UpperBound":0.5,"HYG::UpperBound":0.3,"TOK::LowerBound":0.05,"AssetExpectedReturns":[0.008355,0.007207,0.006279,0.002466,0.004472,0.006821,0.00157],"AssetReturnsCovariance":[[0.002733,0.002083,0.001593,4.88E-4,0.001172,0.002312,7.1E-4],[0.002083,0.002768,0.001302,4.57E-4,0.001105,0.001647,5.63E-4],[0.001593,0.001302,0.001463,6.39E-4,0.00105,0.00111,5.19E-4],[4.88E-4,4.57E-4,6.39E-4,6.08E-4,6.63E-4,4.2E-5,3.7E-4],[0.001172,0.001105,0.00105,6.63E-4,0.001389,8.25E-4,6.61E-4],[0.002312,0.001647,0.00111,4.2E-5,8.25E-4,0.005211,7.49E-4],[7.1E-4,5.63E-4,5.19E-4,3.7E-4,6.61E-4,7.49E-4,7.03E-4]],"EWJ::LowerBound":0.05,"EMD::UpperBound":0.35,"LQD::LowerBound":0.1,"GSG::LowerBound":0.05},"API":"PORTFOLIOALLOCATION::BUDGETCONSTRAINEDMEANVARIANCE"}

	|---------------- JSON RESPONSE ----------------|


	|-----------------------------------------------------------------|
	|    Copyright (C) 2011-2018 (DRIP)
	|-----------------------------------------------------------------|
	|    Build Version  => 3.86.0 multi mode
	|    Build JVM (TM) => 1.8.0_112
	|    Build Snap     => Fri Nov 02 21:22:20 EST 2018
	|    Start Time     => Fri Nov 02 23:29:01 EDT 2018
	|    Setup Time     => Fri Nov 02 23:29:01 EDT 2018
	|    Setup Duration => 0 ms
	|-----------------------------------------------------------------|

	B  14.05 |  14.05 |  12.60 |  20.11 |  13.44 |  12.79 |  12.96 |  7186518.73 |
	A  14.05 |  14.05 |  12.60 |  20.11 |  13.44 |  12.79 |  12.96 |  7186518.73 |
	B  15.47 |  15.47 |  13.67 |  22.20 |  14.65 |  03.61 |  14.92 |  5250106.42 |
	A  15.47 |  15.47 |  13.67 |  22.20 |  14.65 |  05.00 |  14.92 |  5250106.42 |
	B  14.66 |  14.66 |  13.12 |  21.11 |  13.97 |  08.60 |  13.88 |  6330676.52 |
	A  14.66 |  14.66 |  13.12 |  21.11 |  13.97 |  08.60 |  13.88 |  6330676.52 |
	B  14.56 |  14.56 |  13.05 |  21.00 |  13.88 |  09.19 |  13.77 |  6525949.54 |
	A  14.56 |  14.56 |  13.05 |  21.00 |  13.88 |  09.19 |  13.77 |  6525949.54 |
	B  14.56 |  14.56 |  13.05 |  20.99 |  13.88 |  09.20 |  13.76 |  6531605.91 |
	A  14.56 |  14.56 |  13.05 |  20.99 |  13.88 |  09.20 |  13.76 |  6531605.91 |
	B  14.56 |  14.56 |  13.05 |  20.99 |  13.88 |  09.20 |  13.76 |  3265804.96 |
	A  14.56 |  14.56 |  13.05 |  20.99 |  13.88 |  09.20 |  13.76 |  3265804.96 |
	B  14.56 |  14.56 |  13.05 |  20.99 |  13.88 |  09.20 |  13.76 |  1632902.81 |
	A  14.56 |  14.56 |  13.05 |  20.99 |  13.88 |  09.20 |  13.76 |  1632902.81 |
	B  14.56 |  14.56 |  13.05 |  20.99 |  13.88 |  09.20 |  13.76 |  816451.45 |
	A  14.56 |  14.56 |  13.05 |  20.99 |  13.88 |  09.20 |  13.76 |  816451.45 |
	B  14.56 |  14.56 |  13.05 |  20.99 |  13.88 |  09.20 |  13.76 |  408225.67 |
	A  14.56 |  14.56 |  13.05 |  20.99 |  13.88 |  09.20 |  13.76 |  408225.67 |
	B  14.56 |  14.56 |  13.05 |  20.99 |  13.88 |  09.20 |  13.76 |  204112.78 |
	A  14.56 |  14.56 |  13.05 |  20.99 |  13.88 |  09.20 |  13.76 |  204112.78 |
	B  14.56 |  14.56 |  13.05 |  20.99 |  13.88 |  09.20 |  13.76 |  102056.34 |
	A  14.56 |  14.56 |  13.05 |  20.99 |  13.88 |  09.20 |  13.76 |  102056.34 |
	B  14.56 |  14.56 |  13.05 |  20.99 |  13.88 |  09.20 |  13.76 |  51028.12 |
	A  14.56 |  14.56 |  13.05 |  20.99 |  13.88 |  09.20 |  13.76 |  51028.12 |
	B  14.56 |  14.56 |  13.05 |  20.99 |  13.88 |  09.20 |  13.76 |  25514.01 |
	A  14.56 |  14.56 |  13.05 |  20.99 |  13.88 |  09.20 |  13.76 |  25514.01 |
	B  14.56 |  14.56 |  13.05 |  20.99 |  13.88 |  09.20 |  13.76 |  12756.96 |
	A  14.56 |  14.56 |  13.05 |  20.99 |  13.88 |  09.20 |  13.76 |  12756.96 |
	B  14.56 |  14.56 |  13.05 |  20.99 |  13.88 |  09.20 |  13.76 |  6378.43 |
	A  14.56 |  14.56 |  13.05 |  20.99 |  13.88 |  09.20 |  13.76 |  6378.43 |
	B  14.56 |  14.56 |  13.05 |  20.99 |  13.88 |  09.20 |  13.76 |  3189.17 |
	A  14.56 |  14.56 |  13.05 |  20.99 |  13.88 |  09.20 |  13.76 |  3189.17 |
	B  14.56 |  14.56 |  13.05 |  20.99 |  13.88 |  09.20 |  13.76 |  1594.54 |
	A  14.56 |  14.56 |  13.05 |  20.99 |  13.88 |  09.20 |  13.76 |  1594.54 |
	B  14.56 |  14.56 |  13.05 |  20.99 |  13.88 |  09.20 |  13.76 |  797.22 |
	A  14.56 |  14.56 |  13.05 |  20.99 |  13.88 |  09.20 |  13.76 |  797.22 |
	B  14.56 |  14.56 |  13.05 |  21.00 |  13.88 |  09.20 |  13.76 |  398.56 |
	A  14.56 |  14.56 |  13.05 |  21.00 |  13.88 |  09.20 |  13.76 |  398.56 |
	B  14.56 |  14.56 |  13.05 |  21.00 |  13.88 |  09.20 |  13.76 |  199.23 |
	A  14.56 |  14.56 |  13.05 |  21.00 |  13.88 |  09.20 |  13.76 |  199.23 |
	B  14.56 |  14.56 |  13.04 |  21.00 |  13.88 |  09.20 |  13.76 |  99.57 |
	A  14.56 |  14.56 |  13.04 |  21.00 |  13.88 |  09.20 |  13.76 |  99.57 |
	B  14.55 |  14.56 |  13.04 |  21.00 |  13.88 |  09.20 |  13.77 |  49.74 |
	A  14.55 |  14.56 |  13.04 |  21.00 |  13.88 |  09.20 |  13.77 |  49.74 |
	B  14.55 |  14.55 |  13.04 |  21.00 |  13.88 |  09.20 |  13.77 |  24.82 |
	A  14.55 |  14.55 |  13.04 |  21.00 |  13.88 |  09.20 |  13.77 |  24.82 |
	B  14.54 |  14.55 |  13.04 |  21.01 |  13.88 |  09.20 |  13.78 |  12.36 |
	A  14.54 |  14.55 |  13.04 |  21.01 |  13.88 |  09.20 |  13.78 |  12.36 |
	B  14.53 |  14.54 |  13.04 |  21.03 |  13.88 |  09.20 |  13.79 |  06.13 |
	A  14.53 |  14.54 |  13.04 |  21.03 |  13.88 |  09.20 |  13.79 |  06.13 |
	B  14.50 |  14.51 |  13.04 |  21.07 |  13.87 |  09.20 |  13.82 |  03.02 |
	A  14.50 |  14.51 |  13.04 |  21.07 |  13.87 |  09.20 |  13.82 |  03.02 |
	B  14.44 |  14.47 |  13.03 |  21.14 |  13.87 |  09.19 |  13.87 |  01.46 |
	A  14.44 |  14.47 |  13.03 |  21.14 |  13.87 |  09.19 |  13.87 |  01.46 |
	B  14.32 |  14.38 |  13.01 |  21.28 |  13.87 |  09.17 |  13.97 |  00.68 |
	A  14.32 |  14.38 |  13.01 |  21.28 |  13.87 |  09.17 |  13.97 |  00.68 |
	B  14.09 |  14.20 |  12.97 |  21.56 |  13.85 |  09.14 |  14.18 |  00.30 |
	A  14.09 |  14.20 |  12.97 |  21.56 |  13.85 |  09.14 |  14.18 |  00.30 |
	B  13.65 |  13.86 |  12.88 |  22.12 |  13.81 |  09.08 |  14.59 |  00.10 |
	A  13.65 |  13.86 |  12.88 |  22.12 |  13.81 |  09.08 |  14.59 |  00.10 |
	B  12.86 |  13.22 |  12.69 |  23.24 |  13.67 |  08.96 |  15.35 |  00.01 |
	A  12.86 |  13.22 |  12.69 |  23.24 |  13.67 |  08.96 |  15.35 |  00.01 |
	B  12.24 |  12.69 |  12.46 |  24.31 |  13.46 |  08.84 |  16.00 |  00.01 |
	A  12.24 |  12.69 |  12.46 |  24.31 |  13.46 |  08.84 |  16.00 |  00.01 |
	B  12.25 |  12.69 |  12.46 |  24.30 |  13.46 |  08.84 |  16.00 |  00.01 |
	A  12.25 |  12.69 |  12.46 |  24.30 |  13.46 |  08.84 |  16.00 |  00.01 |
	B  11.34 |  11.91 |  12.12 |  25.87 |  13.14 |  08.67 |  16.94 | -00.03 |
	A  11.34 |  11.91 |  12.12 |  25.87 |  13.14 |  08.67 |  16.94 | -00.03 |
	B  10.79 |  11.39 |  11.75 |  27.24 |  12.73 |  08.52 |  17.57 | -00.03 |
	A  10.79 |  11.39 |  11.75 |  27.24 |  12.73 |  08.52 |  17.57 | -00.03 |
	B  10.79 |  11.39 |  11.76 |  27.21 |  12.75 |  08.52 |  17.58 | -00.03 |
	A  10.79 |  11.39 |  11.76 |  27.21 |  12.75 |  08.52 |  17.58 | -00.03 |
	B  09.63 |  10.31 |  11.08 |  29.88 |  11.99 |  08.22 |  18.88 | -00.05 |
	A  09.63 |  10.31 |  11.08 |  29.88 |  11.99 |  08.22 |  18.88 | -00.05 |
	B  09.16 |  09.80 |  10.53 |  31.73 |  11.33 |  08.02 |  19.43 | -00.05 |
	A  09.16 |  09.80 |  10.53 |  31.73 |  11.33 |  08.02 |  19.43 | -00.05 |
	B  09.16 |  09.81 |  10.55 |  31.66 |  11.35 |  08.02 |  19.45 | -00.05 |
	A  09.16 |  09.81 |  10.55 |  31.66 |  11.35 |  08.02 |  19.45 | -00.05 |
	B  08.02 |  08.64 |  09.51 |  35.33 |  10.11 |  07.59 |  20.80 | -00.05 |
	A  08.02 |  08.64 |  09.51 |  35.33 |  10.11 |  07.59 |  20.80 | -00.05 |
	B  07.73 |  08.29 |  09.00 |  36.98 |  09.49 |  07.38 |  21.14 | -00.05 |
	A  07.73 |  08.29 |  09.00 |  36.98 |  09.49 |  07.38 |  21.14 | -00.05 |
	B  07.72 |  08.29 |  09.00 |  36.94 |  09.50 |  07.38 |  21.16 | -00.05 |
	A  07.72 |  08.29 |  09.00 |  36.94 |  09.50 |  07.38 |  21.16 | -00.05 |
	B  06.82 |  07.28 |  07.88 |  40.72 |  08.16 |  06.90 |  22.25 | -00.05 |
	A  06.82 |  07.28 |  07.88 |  40.72 |  08.16 |  06.90 |  22.25 | -00.05 |
	B  06.66 |  07.08 |  07.56 |  41.76 |  07.80 |  06.72 |  22.42 | -00.05 |
	A  06.66 |  07.08 |  07.56 |  41.76 |  07.80 |  06.72 |  22.42 | -00.05 |
	B  06.03 |  06.33 |  06.64 |  44.84 |  06.73 |  06.27 |  23.16 | -00.05 |
	A  06.03 |  06.33 |  06.64 |  44.84 |  06.73 |  06.27 |  23.16 | -00.05 |
	B  05.95 |  06.22 |  06.49 |  45.41 |  06.59 |  06.15 |  23.19 | -00.05 |
	A  05.95 |  06.22 |  06.49 |  45.41 |  06.59 |  06.15 |  23.19 | -00.05 |
	B  05.55 |  05.73 |  05.87 |  47.62 |  05.89 |  05.78 |  23.56 | -00.05 |
	A  05.55 |  05.73 |  05.87 |  47.62 |  05.89 |  05.78 |  23.56 | -00.05 |
	B  05.52 |  05.68 |  05.81 |  47.93 |  05.85 |  05.71 |  23.51 | -00.05 |
	A  05.52 |  05.68 |  05.81 |  47.93 |  05.85 |  05.71 |  23.51 | -00.05 |
	B  05.29 |  05.38 |  05.44 |  49.39 |  05.45 |  05.44 |  23.61 | -00.05 |
	A  05.29 |  05.38 |  05.44 |  49.39 |  05.45 |  05.44 |  23.61 | -00.05 |
	B  05.27 |  05.36 |  05.42 |  49.55 |  05.44 |  05.41 |  23.54 | -00.05 |
	A  05.27 |  05.36 |  05.42 |  49.55 |  05.44 |  05.41 |  23.54 | -00.05 |
	B  05.15 |  05.19 |  05.22 |  50.46 |  05.23 |  05.24 |  23.52 | -00.05 |
	A  05.15 |  05.19 |  05.22 |  50.46 |  05.23 |  05.24 |  23.52 | -00.05 |
	B  05.07 |  05.10 |  05.11 |  51.06 |  05.11 |  05.12 |  23.42 | -00.05 |
	A  05.07 |  05.10 |  05.11 |  51.06 |  05.11 |  05.12 |  23.42 | -00.05 |
	B  05.04 |  05.05 |  05.06 |  51.39 |  05.06 |  05.06 |  23.35 | -00.05 |
	A  05.04 |  05.05 |  05.06 |  51.39 |  05.06 |  05.06 |  23.35 | -00.05 |
	B  05.02 |  05.02 |  05.03 |  51.56 |  05.03 |  05.03 |  23.31 | -00.05 |
	A  05.02 |  05.02 |  05.03 |  51.56 |  05.03 |  05.03 |  23.31 | -00.05 |
	B  05.01 |  05.01 |  05.01 |  51.65 |  05.01 |  05.02 |  23.29 | -00.05 |
	A  05.01 |  05.01 |  05.01 |  51.65 |  05.01 |  05.02 |  23.29 | -00.05 |
	B  05.00 |  05.01 |  05.01 |  51.69 |  05.01 |  05.01 |  23.28 | -00.05 |
	A  05.00 |  05.01 |  05.01 |  51.69 |  05.01 |  05.01 |  23.28 | -00.05 |
	B  05.00 |  05.00 |  05.00 |  51.71 |  05.00 |  05.00 |  23.27 | -00.05 |
	A  05.00 |  05.00 |  05.00 |  51.71 |  05.00 |  05.00 |  23.27 | -00.05 |
	B  05.00 |  05.00 |  05.00 |  51.72 |  05.00 |  05.00 |  23.27 | -00.05 |
	A  05.00 |  05.00 |  05.00 |  51.72 |  05.00 |  05.00 |  23.27 | -00.05 |
	B  05.00 |  05.00 |  05.00 |  51.73 |  05.00 |  05.00 |  23.27 | -00.05 |
	A  05.00 |  05.00 |  05.00 |  51.73 |  05.00 |  05.00 |  23.27 | -00.05 |
	B  05.00 |  05.00 |  05.00 |  51.73 |  05.00 |  05.00 |  23.27 | -00.05 |
	A  05.00 |  05.00 |  05.00 |  51.73 |  05.00 |  05.00 |  23.27 | -00.05 |
	B  05.00 |  05.00 |  05.00 |  51.73 |  05.00 |  05.00 |  23.27 | -00.05 |
	A  05.00 |  05.00 |  05.00 |  51.73 |  05.00 |  05.00 |  23.27 | -00.05 |
	B  05.00 |  05.00 |  05.00 |  51.73 |  05.00 |  05.00 |  23.27 | -00.05 |
	A  05.00 |  05.00 |  05.00 |  51.73 |  05.00 |  05.00 |  23.27 | -00.05 |
	B  05.00 |  05.00 |  05.00 |  51.73 |  05.00 |  05.00 |  23.27 | -00.05 |
	A  05.00 |  05.00 |  05.00 |  51.73 |  05.00 |  05.00 |  23.27 | -00.05 |
	B  05.00 |  05.00 |  05.00 |  51.73 |  05.00 |  05.00 |  23.27 | -00.05 |
	A  05.00 |  05.00 |  05.00 |  51.73 |  05.00 |  05.00 |  23.27 | -00.05 |
	B  05.00 |  05.00 |  05.00 |  51.73 |  05.00 |  05.00 |  23.27 | -00.05 |
	A  05.00 |  05.00 |  05.00 |  51.73 |  05.00 |  05.00 |  23.27 | -00.05 |
	B  05.00 |  05.00 |  05.00 |  51.73 |  05.00 |  05.00 |  23.27 | -00.05 |
	A  05.00 |  05.00 |  05.00 |  51.73 |  05.00 |  05.00 |  23.27 | -00.05 |
	B  05.00 |  05.00 |  05.00 |  51.73 |  05.00 |  05.00 |  23.27 | -00.05 |
	A  05.00 |  05.00 |  05.00 |  51.73 |  05.00 |  05.00 |  23.27 | -00.05 |
	B  05.00 |  05.00 |  05.00 |  51.73 |  05.00 |  05.00 |  23.27 | -00.05 |
	A  05.00 |  05.00 |  05.00 |  51.73 |  05.00 |  05.00 |  23.27 | -00.05 |
	B  05.00 |  05.00 |  05.00 |  51.73 |  05.00 |  05.00 |  23.27 | -00.05 |
	A  05.00 |  05.00 |  05.00 |  51.73 |  05.00 |  05.00 |  23.27 | -00.05 |
	B  05.00 |  05.00 |  05.00 |  51.73 |  05.00 |  05.00 |  23.27 | -00.05 |
	A  05.00 |  05.00 |  05.00 |  51.73 |  05.00 |  05.00 |  23.27 | -00.05 |
	B  05.00 |  05.00 |  05.00 |  51.73 |  05.00 |  05.00 |  23.27 | -00.05 |
	A  05.00 |  05.00 |  05.00 |  51.73 |  05.00 |  05.00 |  23.27 | -00.05 |
	B  05.00 |  05.00 |  05.00 |  51.73 |  05.00 |  05.00 |  23.27 | -00.05 |
	A  05.00 |  05.00 |  05.00 |  51.73 |  05.00 |  05.00 |  23.27 | -00.05 |
	B  05.00 |  05.00 |  05.00 |  51.73 |  05.00 |  05.00 |  23.27 | -00.05 |
	A  05.00 |  05.00 |  05.00 |  51.73 |  05.00 |  05.00 |  23.27 | -00.05 |
	B  05.00 |  05.00 |  05.00 |  51.73 |  05.00 |  05.00 |  23.27 | -00.05 |
	A  05.00 |  05.00 |  05.00 |  51.73 |  05.00 |  05.00 |  23.27 | -00.05 |
	B  05.00 |  05.00 |  05.00 |  51.73 |  05.00 |  05.00 |  23.27 | -00.05 |
	A  05.00 |  05.00 |  05.00 |  51.73 |  05.00 |  05.00 |  23.27 | -00.05 |
	B  05.00 |  05.00 |  05.00 |  51.73 |  05.00 |  05.00 |  23.27 | -00.05 |
	A  05.00 |  05.00 |  05.00 |  51.73 |  05.00 |  05.00 |  23.27 | -00.05 |
	B  05.00 |  05.00 |  05.00 |  51.73 |  05.00 |  05.00 |  23.27 | -00.05 |
	A  05.00 |  05.00 |  05.00 |  51.73 |  05.00 |  05.00 |  23.27 | -00.05 |
	B  05.00 |  05.00 |  05.00 |  51.73 |  05.00 |  05.00 |  23.27 | -00.05 |
	A  05.00 |  05.00 |  05.00 |  51.73 |  05.00 |  05.00 |  23.27 | -00.05 |
	B  05.00 |  05.00 |  05.00 |  51.73 |  05.00 |  05.00 |  23.27 | -00.05 |
	A  05.00 |  05.00 |  05.00 |  51.73 |  05.00 |  05.00 |  23.27 | -00.05 |
	B  05.00 |  05.00 |  05.00 |  51.73 |  05.00 |  05.00 |  23.27 | -00.05 |
	A  05.00 |  05.00 |  05.00 |  51.73 |  05.00 |  05.00 |  23.27 | -00.05 |
	B  05.00 |  05.00 |  05.00 |  51.73 |  05.00 |  05.00 |  23.27 | -00.05 |
	A  05.00 |  05.00 |  05.00 |  51.73 |  05.00 |  05.00 |  23.27 | -00.05 |
	B  05.00 |  05.00 |  05.00 |  51.73 |  05.00 |  05.00 |  23.27 | -00.05 |
	A  05.00 |  05.00 |  05.00 |  51.73 |  05.00 |  05.00 |  23.27 | -00.05 |
	B  05.00 |  05.00 |  05.00 |  51.73 |  05.00 |  05.00 |  23.27 | -00.05 |
	A  05.00 |  05.00 |  05.00 |  51.73 |  05.00 |  05.00 |  23.27 | -00.05 |
	B  05.00 |  05.00 |  05.00 |  51.73 |  05.00 |  05.00 |  23.27 | -00.05 |
	A  05.00 |  05.00 |  05.00 |  51.73 |  05.00 |  05.00 |  23.27 | -00.05 |
	B  05.00 |  05.00 |  05.00 |  51.73 |  05.00 |  05.00 |  23.27 | -00.05 |
	A  05.00 |  05.00 |  05.00 |  51.73 |  05.00 |  05.00 |  23.27 | -00.05 |
	B  05.00 |  05.00 |  05.00 |  51.73 |  05.00 |  05.00 |  23.27 | -00.05 |
	A  05.00 |  05.00 |  05.00 |  51.73 |  05.00 |  05.00 |  23.27 | -00.05 |
{"LQD::UpperBound":0.6,"GSG::UpperBound":0.15,"EWJ::UpperBound":0.4,"AssetExpectedReturns":[0.008355,0.007207,0.006279,0.002466,0.004472,0.006821,0.00157],"AssetReturnsCovariance":[[0.002733,0.002083,0.001593,4.88E-4,0.001172,0.002312,7.1E-4],[0.002083,0.002768,0.001302,4.57E-4,0.001105,0.001647,5.63E-4],[0.001593,0.001302,0.001463,6.39E-4,0.00105,0.00111,5.19E-4],[4.88E-4,4.57E-4,6.39E-4,6.08E-4,6.63E-4,4.2E-5,3.7E-4],[0.001172,0.001105,0.00105,6.63E-4,0.001389,8.25E-4,6.61E-4],[0.002312,0.001647,0.00111,4.2E-5,8.25E-4,0.005211,7.49E-4],[7.1E-4,5.63E-4,5.19E-4,3.7E-4,6.61E-4,7.49E-4,7.03E-4]],"BWX::WEIGHT":0.23266199649746855,"GSG::WEIGHT":0.05000000000007174,"PortfolioNotional":0.9999999999999999,"TOK::UpperBound":0.4,"HYG::LowerBound":0.05,"EWJ::WEIGHT":0.05000000000005693,"BWX::LowerBound":0.03,"AssetSet":["TOK","EWJ","HYG","LQD","EMD","GSG","BWX"],"EMD::LowerBound":0.05,"HYG::WEIGHT":0.050000000000064625,"BWX::UpperBound":0.5,"PortfolioExpectedReturn":0.0032977348511394793,"EMD::WEIGHT":0.05000000000006547,"HYG::UpperBound":0.3,"TOK::LowerBound":0.05,"PortfolioStandardDeviation":0.024241923474953332,"LQD::WEIGHT":0.5173380035022299,"EWJ::LowerBound":0.05,"EMD::UpperBound":0.35,"TOK::WEIGHT":0.05000000000004265,"LQD::LowerBound":0.1,"GSG::LowerBound":0.05}

	|-----------------------------------------------------------------|
	|    Copyright (C) 2011-2018 (DRIP)
	|-----------------------------------------------------------------|
	|    Build Version  => 3.86.0 multi mode
	|    Build JVM (TM) => 1.8.0_112
	|    Build Snap     => Fri Nov 02 21:22:20 EST 2018
	|    Start Time     => Fri Nov 02 23:29:01 EDT 2018
	|    Setup Time     => Fri Nov 02 23:29:01 EDT 2018
	|    Setup Duration => 0 ms
	|-----------------------------------------------------------------|


	|---------------- JSON REQUEST -----------------|

{"Parameters":{"FixFloatQuote":[0.0166,0.0206,0.0241,0.0269,0.0292,0.0311,0.0326,0.034,0.0351,0.0375,0.0393,0.0402,0.0407,0.0409,0.0409],"FixFloatTenor":["04Y","05Y","06Y","07Y","08Y","09Y","10Y","11Y","12Y","15Y","20Y","25Y","30Y","40Y","50Y"],"DepositQuote":[0.0017,0.0017,0.0018,0.002,0.0023],"ReferenceEntity":"DRIP","CDSTenor":["06M","01Y","02Y","03Y","04Y","05Y","07Y","10Y"],"Currency":"USD","FuturesQuote":[0.0027,0.0032,0.0041,0.0054,0.0077,0.0104,0.0134,0.016],"SpotDate":"02-NOV-2018","DepositTenor":["04D","07D","14D","30D","60D"],"CDSCoupon":0.01,"CDSQuote":[60.0,68.0,88.0,102.0,121.0,138.0,168.0,188.0],"CDSMaturity":"05Y"},"API":"CREDITDEFAULTSWAP::CURVEMETRICS"}

	|---------------- JSON RESPONSE ----------------|


	|-----------------------------------------------------------------|
	|    Copyright (C) 2011-2018 (DRIP)
	|-----------------------------------------------------------------|
	|    Build Version  => 3.86.0 multi mode
	|    Build JVM (TM) => 1.8.0_112
	|    Build Snap     => Fri Nov 02 21:22:20 EST 2018
	|    Start Time     => Fri Nov 02 23:29:01 EDT 2018
	|    Setup Time     => Fri Nov 02 23:29:01 EDT 2018
	|    Setup Duration => 0 ms
	|-----------------------------------------------------------------|

{"dirtydv01":4.832788607729409E-4,"dirtyprice":-67.34376928689593,"pv":-0.016734376928689593,"faircalctime":0.003075389,"cumulativecouponamount":0.0011944444444444446,"dirtycouponpv":4.832788607729409E-6,"fairfairpremium":137.99999999901928,"price":-79.1569561000828,"fairaccrualdays":43.0,"fairlossnorecpv":0.10843710500997275,"cleanpv":-0.01791569561000828,"fairdv01":4.832788607729409E-4,"faircleandv01":4.7146567395975407E-4,"fairdirtydv01":4.832788607729409E-4,"accrualdays":43.0,"lossoninstantaneousdefault":0.6,"faircleanpv":-0.01791569561000828,"parspread":137.99999999901928,"CouponFlow":[{"StartDate":"20-SEP-2018","ReferenceRate":0.0,"CouponDCF":0.25,"PayDate":"20-DEC-2018","PayDiscountFactor":0.9997311548763376,"CreditLabel":"DRIP::USD::SENIOR","FundingLabel":"USD","EndDate":"20-DEC-2018","SurvivalProbability":0.9986823719350914,"BaseNotional":1.0,"Tenor":"3M"},{"StartDate":"20-DEC-2018","ReferenceRate":0.0,"CouponDCF":0.25,"PayDate":"20-MAR-2019","PayDiscountFactor":0.9990505862576644,"CreditLabel":"DRIP::USD::SENIOR","FundingLabel":"USD","EndDate":"20-MAR-2019","SurvivalProbability":0.996216496964826,"BaseNotional":1.0,"Tenor":"3M"},{"StartDate":"20-MAR-2019","ReferenceRate":0.0,"CouponDCF":0.25,"PayDate":"20-JUN-2019","PayDiscountFactor":0.9982230167448289,"CreditLabel":"DRIP::USD::SENIOR","FundingLabel":"USD","EndDate":"20-JUN-2019","SurvivalProbability":0.9937021176750698,"BaseNotional":1.0,"Tenor":"3M"},{"StartDate":"20-JUN-2019","ReferenceRate":0.0,"CouponDCF":0.25,"PayDate":"20-SEP-2019","PayDiscountFactor":0.9971642845291776,"CreditLabel":"DRIP::USD::SENIOR","FundingLabel":"USD","EndDate":"20-SEP-2019","SurvivalProbability":0.9904527645639897,"BaseNotional":1.0,"Tenor":"3M"},{"StartDate":"20-SEP-2019","ReferenceRate":0.0,"CouponDCF":0.25,"PayDate":"20-DEC-2019","PayDiscountFactor":0.9957795710274311,"CreditLabel":"DRIP::USD::SENIOR","FundingLabel":"USD","EndDate":"20-DEC-2019","SurvivalProbability":0.9872491832349001,"BaseNotional":1.0,"Tenor":"3M"},{"StartDate":"20-DEC-2019","ReferenceRate":0.0,"CouponDCF":0.25,"PayDate":"20-MAR-2020","PayDiscountFactor":0.9938095637709533,"CreditLabel":"DRIP::USD::SENIOR","FundingLabel":"USD","EndDate":"20-MAR-2020","SurvivalProbability":0.982716198125262,"BaseNotional":1.0,"Tenor":"3M"},{"StartDate":"20-MAR-2020","ReferenceRate":0.0,"CouponDCF":0.25,"PayDate":"22-JUN-2020","PayDiscountFactor":0.9910695241935036,"CreditLabel":"DRIP::USD::SENIOR","FundingLabel":"USD","EndDate":"22-JUN-2020","SurvivalProbability":0.9780556267246702,"BaseNotional":1.0,"Tenor":"3M"},{"StartDate":"22-JUN-2020","ReferenceRate":0.0,"CouponDCF":0.25,"PayDate":"21-SEP-2020","PayDiscountFactor":0.987669604473825,"CreditLabel":"DRIP::USD::SENIOR","FundingLabel":"USD","EndDate":"21-SEP-2020","SurvivalProbability":0.9735648541136325,"BaseNotional":1.0,"Tenor":"3M"},{"StartDate":"21-SEP-2020","ReferenceRate":0.0,"CouponDCF":0.25,"PayDate":"21-DEC-2020","PayDiscountFactor":0.976488528905769,"CreditLabel":"DRIP::USD::SENIOR","FundingLabel":"USD","EndDate":"21-DEC-2020","SurvivalProbability":0.969084648339017,"BaseNotional":1.0,"Tenor":"3M"},{"StartDate":"21-DEC-2020","ReferenceRate":0.0,"CouponDCF":0.25,"PayDate":"22-MAR-2021","PayDiscountFactor":0.9725541423391124,"CreditLabel":"DRIP::USD::SENIOR","FundingLabel":"USD","EndDate":"22-MAR-2021","SurvivalProbability":0.9637249066252749,"BaseNotional":1.0,"Tenor":"3M"},{"StartDate":"22-MAR-2021","ReferenceRate":0.0,"CouponDCF":0.25,"PayDate":"21-JUN-2021","PayDiscountFactor":0.9682257555564099,"CreditLabel":"DRIP::USD::SENIOR","FundingLabel":"USD","EndDate":"21-JUN-2021","SurvivalProbability":0.9583948081746752,"BaseNotional":1.0,"Tenor":"3M"},{"StartDate":"21-JUN-2021","ReferenceRate":0.0,"CouponDCF":0.25,"PayDate":"20-SEP-2021","PayDiscountFactor":0.9634622043559846,"CreditLabel":"DRIP::USD::SENIOR","FundingLabel":"USD","EndDate":"20-SEP-2021","SurvivalProbability":0.9530941890384501,"BaseNotional":1.0,"Tenor":"3M"},{"StartDate":"20-SEP-2021","ReferenceRate":0.0,"CouponDCF":0.25,"PayDate":"20-DEC-2021","PayDiscountFactor":0.9582223245361606,"CreditLabel":"DRIP::USD::SENIOR","FundingLabel":"USD","EndDate":"20-DEC-2021","SurvivalProbability":0.9478228861745877,"BaseNotional":1.0,"Tenor":"3M"},{"StartDate":"20-DEC-2021","ReferenceRate":0.0,"CouponDCF":0.25,"PayDate":"21-MAR-2022","PayDiscountFactor":0.9524649518952613,"CreditLabel":"DRIP::USD::SENIOR","FundingLabel":"USD","EndDate":"21-MAR-2022","SurvivalProbability":0.9405303242160142,"BaseNotional":1.0,"Tenor":"3M"},{"StartDate":"21-MAR-2022","ReferenceRate":0.0,"CouponDCF":0.25,"PayDate":"20-JUN-2022","PayDiscountFactor":0.9461489222316098,"CreditLabel":"DRIP::USD::SENIOR","FundingLabel":"USD","EndDate":"20-JUN-2022","SurvivalProbability":0.9332938713266513,"BaseNotional":1.0,"Tenor":"3M"},{"StartDate":"20-JUN-2022","ReferenceRate":0.0,"CouponDCF":0.25,"PayDate":"20-SEP-2022","PayDiscountFactor":0.9391535877652085,"CreditLabel":"DRIP::USD::SENIOR","FundingLabel":"USD","EndDate":"20-SEP-2022","SurvivalProbability":0.9260344938645994,"BaseNotional":1.0,"Tenor":"3M"},{"StartDate":"20-SEP-2022","ReferenceRate":0.0,"CouponDCF":0.25,"PayDate":"20-DEC-2022","PayDiscountFactor":0.9315926741479988,"CreditLabel":"DRIP::USD::SENIOR","FundingLabel":"USD","EndDate":"20-DEC-2022","SurvivalProbability":0.9189095720877687,"BaseNotional":1.0,"Tenor":"3M"},{"StartDate":"20-DEC-2022","ReferenceRate":0.0,"CouponDCF":0.25,"PayDate":"20-MAR-2023","PayDiscountFactor":0.9235274993203922,"CreditLabel":"DRIP::USD::SENIOR","FundingLabel":"USD","EndDate":"20-MAR-2023","SurvivalProbability":0.9107053132348923,"BaseNotional":1.0,"Tenor":"3M"},{"StartDate":"20-MAR-2023","ReferenceRate":0.0,"CouponDCF":0.25,"PayDate":"20-JUN-2023","PayDiscountFactor":0.9148052627453551,"CreditLabel":"DRIP::USD::SENIOR","FundingLabel":"USD","EndDate":"20-JUN-2023","SurvivalProbability":0.9023944419580479,"BaseNotional":1.0,"Tenor":"3M"},{"StartDate":"20-JUN-2023","ReferenceRate":0.0,"CouponDCF":0.25,"PayDate":"20-SEP-2023","PayDiscountFactor":0.9057316879158329,"CreditLabel":"DRIP::USD::SENIOR","FundingLabel":"USD","EndDate":"20-SEP-2023","SurvivalProbability":0.8941594136354242,"BaseNotional":1.0,"Tenor":"3M"},{"StartDate":"20-SEP-2023","ReferenceRate":0.0,"CouponDCF":0.25,"PayDate":"20-DEC-2023","PayDiscountFactor":0.8965393586660441,"CreditLabel":"DRIP::USD::SENIOR","FundingLabel":"USD","EndDate":"20-DEC-2023","SurvivalProbability":0.8860878289246805,"BaseNotional":1.0,"Tenor":"3M"}],"explossnorec":0.1139121710753195,"exploss":0.06834730264519186,"fairdirtyprice":-67.34376928689593,"fairlossoninstantaneousdefault":0.6,"dv01":4.832788607729409E-4,"fairpv":-0.016734376928689593,"fairlosspv":0.06506226300598368,"fairupfront":-0.01791569561000828,"dirtypv":-0.016734376928689593,"upfront":-0.01791569561000828,"fairprice":-79.1569561000828,"cleanprice":-79.1569561000828,"cleandv01":4.7146567395975407E-4,"accrued01":1.1813186813186814E-5,"fairdirtypv":-0.016734376928689593,"fairparspread":137.99999999901928,"fairexploss":0.06834730264519186,"fairaccrued":1.1813186813186814E-7,"faircleanprice":-79.1569561000828,"calctime":0.003075389,"faircleancouponpv":4.714656739597541E-6,"LossFlow":[{"StartDate":"02-NOV-2018","EffectiveRecovery":0.39999999999999997,"EffectiveNotional":1.0,"EffectiveDF":0.9998210311886973,"EffectiveAccrual":0.12637362637362637,"EndSurvival":0.9998077376868435,"StartSurvival":1.0,"EndDate":"09-NOV-2018"},{"StartDate":"09-NOV-2018","EffectiveRecovery":0.39999999999999997,"EffectiveNotional":1.0,"EffectiveDF":0.9997770768312045,"EffectiveAccrual":0.14560439560439561,"EndSurvival":0.9996155123384842,"StartSurvival":0.9998077376868435,"EndDate":"16-NOV-2018"},{"StartDate":"16-NOV-2018","EffectiveRecovery":0.39999999999999997,"EffectiveNotional":1.0,"EffectiveDF":0.9997310504294543,"EffectiveAccrual":0.16483516483516483,"EndSurvival":0.9994233239478149,"StartSurvival":0.9996155123384842,"EndDate":"23-NOV-2018"},{"StartDate":"23-NOV-2018","EffectiveRecovery":0.39999999999999997,"EffectiveNotional":1.0,"EffectiveDF":0.9996831749479841,"EffectiveAccrual":0.18406593406593408,"EndSurvival":0.9992311725077302,"StartSurvival":0.9994233239478149,"EndDate":"30-NOV-2018"},{"StartDate":"30-NOV-2018","EffectiveRecovery":0.39999999999999997,"EffectiveNotional":1.0,"EffectiveDF":0.9996337408413545,"EffectiveAccrual":0.2032967032967033,"EndSurvival":0.9990390580111258,"StartSurvival":0.9992311725077302,"EndDate":"07-DEC-2018"},{"StartDate":"07-DEC-2018","EffectiveRecovery":0.39999999999999997,"EffectiveNotional":1.0,"EffectiveDF":0.9995830511446715,"EffectiveAccrual":0.22252747252747254,"EndSurvival":0.9988469804508989,"StartSurvival":0.9990390580111258,"EndDate":"14-DEC-2018"},{"StartDate":"14-DEC-2018","EffectiveRecovery":0.39999999999999997,"EffectiveNotional":1.0,"EffectiveDF":0.9995351313480167,"EffectiveAccrual":0.24175824175824176,"EndSurvival":0.9986823719350914,"StartSurvival":0.9988469804508989,"EndDate":"20-DEC-2018"},{"StartDate":"20-DEC-2018","EffectiveRecovery":0.39999999999999997,"EffectiveNotional":1.0,"EffectiveDF":0.9994866157866938,"EffectiveAccrual":0.008333333333333333,"EndSurvival":0.9984903629521545,"StartSurvival":0.9986823719350914,"EndDate":"27-DEC-2018"},{"StartDate":"27-DEC-2018","EffectiveRecovery":0.39999999999999997,"EffectiveNotional":1.0,"EffectiveDF":0.9994306570660828,"EffectiveAccrual":0.027777777777777776,"EndSurvival":0.9982983908853089,"StartSurvival":0.9984903629521545,"EndDate":"03-JAN-2019"},{"StartDate":"03-JAN-2019","EffectiveRecovery":0.39999999999999997,"EffectiveNotional":1.0,"EffectiveDF":0.9993650131343873,"EffectiveAccrual":0.04722222222222222,"EndSurvival":0.9981064557274569,"StartSurvival":0.9982983908853089,"EndDate":"10-JAN-2019"},{"StartDate":"10-JAN-2019","EffectiveRecovery":0.39999999999999997,"EffectiveNotional":1.0,"EffectiveDF":0.9993148312234023,"EffectiveAccrual":0.06666666666666667,"EndSurvival":0.9979145574715024,"StartSurvival":0.9981064557274569,"EndDate":"17-JAN-2019"},{"StartDate":"17-JAN-2019","EffectiveRecovery":0.39999999999999997,"EffectiveNotional":1.0,"EffectiveDF":0.999263830252189,"EffectiveAccrual":0.08611111111111111,"EndSurvival":0.9977226961103505,"StartSurvival":0.9979145574715024,"EndDate":"24-JAN-2019"},{"StartDate":"24-JAN-2019","EffectiveRecovery":0.39999999999999997,"EffectiveNotional":1.0,"EffectiveDF":0.9992119545564603,"EffectiveAccrual":0.10555555555555556,"EndSurvival":0.9975308716369076,"StartSurvival":0.9977226961103505,"EndDate":"31-JAN-2019"},{"StartDate":"31-JAN-2019","EffectiveRecovery":0.39999999999999997,"EffectiveNotional":1.0,"EffectiveDF":0.9991591484719284,"EffectiveAccrual":0.125,"EndSurvival":0.9973390840440817,"StartSurvival":0.9975308716369076,"EndDate":"07-FEB-2019"},{"StartDate":"07-FEB-2019","EffectiveRecovery":0.39999999999999997,"EffectiveNotional":1.0,"EffectiveDF":0.9991053563452592,"EffectiveAccrual":0.14444444444444443,"EndSurvival":0.997147333324782,"StartSurvival":0.9973390840440817,"EndDate":"14-FEB-2019"},{"StartDate":"14-FEB-2019","EffectiveRecovery":0.39999999999999997,"EffectiveNotional":1.0,"EffectiveDF":0.9990505261157216,"EffectiveAccrual":0.1638888888888889,"EndSurvival":0.9969556194719192,"StartSurvival":0.997147333324782,"EndDate":"21-FEB-2019"},{"StartDate":"21-FEB-2019","EffectiveRecovery":0.39999999999999997,"EffectiveNotional":1.0,"EffectiveDF":0.9989946249955866,"EffectiveAccrual":0.18333333333333332,"EndSurvival":0.9967639424784053,"StartSurvival":0.9969556194719192,"EndDate":"28-FEB-2019"},{"StartDate":"28-FEB-2019","EffectiveRecovery":0.39999999999999997,"EffectiveNotional":1.0,"EffectiveDF":0.9989376326573244,"EffectiveAccrual":0.20277777777777778,"EndSurvival":0.9965723023371534,"StartSurvival":0.9967639424784053,"EndDate":"07-MAR-2019"},{"StartDate":"07-MAR-2019","EffectiveRecovery":0.39999999999999997,"EffectiveNotional":1.0,"EffectiveDF":0.9988795295028788,"EffectiveAccrual":0.2222222222222222,"EndSurvival":0.9963806990410784,"StartSurvival":0.9965723023371534,"EndDate":"14-MAR-2019"},{"StartDate":"14-MAR-2019","EffectiveRecovery":0.39999999999999997,"EffectiveNotional":1.0,"EffectiveDF":0.9988245794600977,"EffectiveAccrual":0.24166666666666667,"EndSurvival":0.996216496964826,"StartSurvival":0.9963806990410784,"EndDate":"20-MAR-2019"},{"StartDate":"20-MAR-2019","EffectiveRecovery":0.39999999999999997,"EffectiveNotional":1.0,"EffectiveDF":0.9987686097307681,"EffectiveAccrual":0.008152173913043478,"EndSurvival":0.9960249620767149,"StartSurvival":0.996216496964826,"EndDate":"27-MAR-2019"},{"StartDate":"27-MAR-2019","EffectiveRecovery":0.39999999999999997,"EffectiveNotional":1.0,"EffectiveDF":0.9987072248265111,"EffectiveAccrual":0.02717391304347826,"EndSurvival":0.9958334640135444,"StartSurvival":0.9960249620767149,"EndDate":"03-APR-2019"},{"StartDate":"03-APR-2019","EffectiveRecovery":0.39999999999999997,"EffectiveNotional":1.0,"EffectiveDF":0.9986446535135691,"EffectiveAccrual":0.04619565217391305,"EndSurvival":0.9956420027682346,"StartSurvival":0.9958334640135444,"EndDate":"10-APR-2019"},{"StartDate":"10-APR-2019","EffectiveRecovery":0.39999999999999997,"EffectiveNotional":1.0,"EffectiveDF":0.9985808761938865,"EffectiveAccrual":0.06521739130434782,"EndSurvival":0.9954505783337066,"StartSurvival":0.9956420027682346,"EndDate":"17-APR-2019"},{"StartDate":"17-APR-2019","EffectiveRecovery":0.39999999999999997,"EffectiveNotional":1.0,"EffectiveDF":0.9985158732694069,"EffectiveAccrual":0.08423913043478261,"EndSurvival":0.9952591907028833,"StartSurvival":0.9954505783337066,"EndDate":"24-APR-2019"},{"StartDate":"24-APR-2019","EffectiveRecovery":0.39999999999999997,"EffectiveNotional":1.0,"EffectiveDF":0.9984496251420745,"EffectiveAccrual":0.1032608695652174,"EndSurvival":0.9950678398686885,"StartSurvival":0.9952591907028833,"EndDate":"01-MAY-2019"},{"StartDate":"01-MAY-2019","EffectiveRecovery":0.39999999999999997,"EffectiveNotional":1.0,"EffectiveDF":0.9983821122138333,"EffectiveAccrual":0.12228260869565219,"EndSurvival":0.9948765258240478,"StartSurvival":0.9950678398686885,"EndDate":"08-MAY-2019"},{"StartDate":"08-MAY-2019","EffectiveRecovery":0.39999999999999997,"EffectiveNotional":1.0,"EffectiveDF":0.9983133148866274,"EffectiveAccrual":0.14130434782608695,"EndSurvival":0.9946852485618879,"StartSurvival":0.9948765258240478,"EndDate":"15-MAY-2019"},{"StartDate":"15-MAY-2019","EffectiveRecovery":0.39999999999999997,"EffectiveNotional":1.0,"EffectiveDF":0.9982432134318141,"EffectiveAccrual":0.16032608695652176,"EndSurvival":0.9944940080751368,"StartSurvival":0.9946852485618879,"EndDate":"22-MAY-2019"},{"StartDate":"22-MAY-2019","EffectiveRecovery":0.39999999999999997,"EffectiveNotional":1.0,"EffectiveDF":0.9981717866560517,"EffectiveAccrual":0.1793478260869565,"EndSurvival":0.994302804356724,"StartSurvival":0.9944940080751368,"EndDate":"29-MAY-2019"},{"StartDate":"29-MAY-2019","EffectiveRecovery":0.39999999999999997,"EffectiveNotional":1.0,"EffectiveDF":0.9980990116725323,"EffectiveAccrual":0.19836956521739132,"EndSurvival":0.9941116373995804,"StartSurvival":0.994302804356724,"EndDate":"05-JUN-2019"},{"StartDate":"05-JUN-2019","EffectiveRecovery":0.39999999999999997,"EffectiveNotional":1.0,"EffectiveDF":0.9980248653731443,"EffectiveAccrual":0.21739130434782608,"EndSurvival":0.9939205071966383,"StartSurvival":0.9941116373995804,"EndDate":"12-JUN-2019"},{"StartDate":"12-JUN-2019","EffectiveRecovery":0.39999999999999997,"EffectiveNotional":1.0,"EffectiveDF":0.9979493246496688,"EffectiveAccrual":0.2364130434782609,"EndSurvival":0.993729413740831,"StartSurvival":0.9939205071966383,"EndDate":"19-JUN-2019"},{"StartDate":"19-JUN-2019","EffectiveRecovery":0.4,"EffectiveNotional":1.0,"EffectiveDF":0.9979055965578385,"EffectiveAccrual":0.2472826086956522,"EndSurvival":0.9937021176750698,"StartSurvival":0.993729413740831,"EndDate":"20-JUN-2019"},{"StartDate":"20-JUN-2019","EffectiveRecovery":0.39999999999999997,"EffectiveNotional":1.0,"EffectiveDF":0.9978612552930073,"EffectiveAccrual":0.008152173913043478,"EndSurvival":0.9934545100369909,"StartSurvival":0.9937021176750698,"EndDate":"27-JUN-2019"},{"StartDate":"27-JUN-2019","EffectiveRecovery":0.39999999999999997,"EffectiveNotional":1.0,"EffectiveDF":0.997782648704528,"EffectiveAccrual":0.02717391304347826,"EndSurvival":0.9932069640970218,"StartSurvival":0.9934545100369909,"EndDate":"04-JUL-2019"},{"StartDate":"04-JUL-2019","EffectiveRecovery":0.39999999999999997,"EffectiveNotional":1.0,"EffectiveDF":0.997702575066133,"EffectiveAccrual":0.04619565217391305,"EndSurvival":0.9929594798397889,"StartSurvival":0.9932069640970218,"EndDate":"11-JUL-2019"},{"StartDate":"11-JUL-2019","EffectiveRecovery":0.39999999999999997,"EffectiveNotional":1.0,"EffectiveDF":0.9976210112696035,"EffectiveAccrual":0.06521739130434782,"EndSurvival":0.9927120572499222,"StartSurvival":0.9929594798397889,"EndDate":"18-JUL-2019"},{"StartDate":"18-JUL-2019","EffectiveRecovery":0.39999999999999997,"EffectiveNotional":1.0,"EffectiveDF":0.9975379342067207,"EffectiveAccrual":0.08423913043478261,"EndSurvival":0.9924646963120556,"StartSurvival":0.9927120572499222,"EndDate":"25-JUL-2019"},{"StartDate":"25-JUL-2019","EffectiveRecovery":0.39999999999999997,"EffectiveNotional":1.0,"EffectiveDF":0.9974533207692666,"EffectiveAccrual":0.1032608695652174,"EndSurvival":0.9922173970108269,"StartSurvival":0.9924646963120556,"EndDate":"01-AUG-2019"},{"StartDate":"01-AUG-2019","EffectiveRecovery":0.39999999999999997,"EffectiveNotional":1.0,"EffectiveDF":0.9973671478490229,"EffectiveAccrual":0.12228260869565219,"EndSurvival":0.9919701593308776,"StartSurvival":0.9922173970108269,"EndDate":"08-AUG-2019"},{"StartDate":"08-AUG-2019","EffectiveRecovery":0.39999999999999997,"EffectiveNotional":1.0,"EffectiveDF":0.9972793923377711,"EffectiveAccrual":0.14130434782608695,"EndSurvival":0.9917229832568533,"StartSurvival":0.9919701593308776,"EndDate":"15-AUG-2019"},{"StartDate":"15-AUG-2019","EffectiveRecovery":0.39999999999999997,"EffectiveNotional":1.0,"EffectiveDF":0.9971900259524367,"EffectiveAccrual":0.16032608695652176,"EndSurvival":0.9914758687734029,"StartSurvival":0.9917229832568533,"EndDate":"22-AUG-2019"},{"StartDate":"22-AUG-2019","EffectiveRecovery":0.39999999999999997,"EffectiveNotional":1.0,"EffectiveDF":0.9970989623670682,"EffectiveAccrual":0.1793478260869565,"EndSurvival":0.9912288158651796,"StartSurvival":0.9914758687734029,"EndDate":"29-AUG-2019"},{"StartDate":"29-AUG-2019","EffectiveRecovery":0.39999999999999997,"EffectiveNotional":1.0,"EffectiveDF":0.997006048147334,"EffectiveAccrual":0.19836956521739132,"EndSurvival":0.9909818245168404,"StartSurvival":0.9912288158651796,"EndDate":"05-SEP-2019"},{"StartDate":"05-SEP-2019","EffectiveRecovery":0.39999999999999997,"EffectiveNotional":1.0,"EffectiveDF":0.9969111210891052,"EffectiveAccrual":0.21739130434782608,"EndSurvival":0.9907348947130458,"StartSurvival":0.9909818245168404,"EndDate":"12-SEP-2019"},{"StartDate":"12-SEP-2019","EffectiveRecovery":0.39999999999999997,"EffectiveNotional":1.0,"EffectiveDF":0.9968140189840287,"EffectiveAccrual":0.2364130434782609,"EndSurvival":0.9904880264384605,"StartSurvival":0.9907348947130458,"EndDate":"19-SEP-2019"},{"StartDate":"19-SEP-2019","EffectiveRecovery":0.4,"EffectiveNotional":1.0,"EffectiveDF":0.996757617067811,"EffectiveAccrual":0.2472826086956522,"EndSurvival":0.9904527645639897,"StartSurvival":0.9904880264384605,"EndDate":"20-SEP-2019"},{"StartDate":"20-SEP-2019","EffectiveRecovery":0.39999999999999997,"EffectiveNotional":1.0,"EffectiveDF":0.9967001737462984,"EffectiveAccrual":0.008241758241758242,"EndSurvival":0.9902059665897273,"StartSurvival":0.9904527645639897,"EndDate":"27-SEP-2019"},{"StartDate":"27-SEP-2019","EffectiveRecovery":0.39999999999999997,"EffectiveNotional":1.0,"EffectiveDF":0.9965978646147464,"EffectiveAccrual":0.027472527472527472,"EndSurvival":0.9899592301118253,"StartSurvival":0.9902059665897273,"EndDate":"04-OCT-2019"},{"StartDate":"04-OCT-2019","EffectiveRecovery":0.39999999999999997,"EffectiveNotional":1.0,"EffectiveDF":0.9964928706386655,"EffectiveAccrual":0.046703296703296704,"EndSurvival":0.9897125551149601,"StartSurvival":0.9899592301118253,"EndDate":"11-OCT-2019"},{"StartDate":"11-OCT-2019","EffectiveRecovery":0.39999999999999997,"EffectiveNotional":1.0,"EffectiveDF":0.9963850296097023,"EffectiveAccrual":0.06593406593406594,"EndSurvival":0.9894659415838122,"StartSurvival":0.9897125551149601,"EndDate":"18-OCT-2019"},{"StartDate":"18-OCT-2019","EffectiveRecovery":0.39999999999999997,"EffectiveNotional":1.0,"EffectiveDF":0.9962741793195035,"EffectiveAccrual":0.08516483516483517,"EndSurvival":0.9892193895030655,"StartSurvival":0.9894659415838122,"EndDate":"25-OCT-2019"},{"StartDate":"25-OCT-2019","EffectiveRecovery":0.39999999999999997,"EffectiveNotional":1.0,"EffectiveDF":0.9961601575597163,"EffectiveAccrual":0.1043956043956044,"EndSurvival":0.9889728988574082,"StartSurvival":0.9892193895030655,"EndDate":"01-NOV-2019"},{"StartDate":"01-NOV-2019","EffectiveRecovery":0.39999999999999997,"EffectiveNotional":1.0,"EffectiveDF":0.996042802121987,"EffectiveAccrual":0.12362637362637363,"EndSurvival":0.9887264696315321,"StartSurvival":0.9889728988574082,"EndDate":"08-NOV-2019"},{"StartDate":"08-NOV-2019","EffectiveRecovery":0.39999999999999997,"EffectiveNotional":1.0,"EffectiveDF":0.9959219508025033,"EffectiveAccrual":0.14285714285714285,"EndSurvival":0.9884801018101327,"StartSurvival":0.9887264696315321,"EndDate":"15-NOV-2019"},{"StartDate":"15-NOV-2019","EffectiveRecovery":0.39999999999999997,"EffectiveNotional":1.0,"EffectiveDF":0.9957974508233959,"EffectiveAccrual":0.1620879120879121,"EndSurvival":0.9882337953779095,"StartSurvival":0.9884801018101327,"EndDate":"22-NOV-2019"},{"StartDate":"22-NOV-2019","EffectiveRecovery":0.39999999999999997,"EffectiveNotional":1.0,"EffectiveDF":0.9956692215361516,"EffectiveAccrual":0.1813186813186813,"EndSurvival":0.9879875503195656,"StartSurvival":0.9882337953779095,"EndDate":"29-NOV-2019"},{"StartDate":"29-NOV-2019","EffectiveRecovery":0.39999999999999997,"EffectiveNotional":1.0,"EffectiveDF":0.9955372446778378,"EffectiveAccrual":0.20054945054945056,"EndSurvival":0.9877413666198083,"StartSurvival":0.9879875503195656,"EndDate":"06-DEC-2019"},{"StartDate":"06-DEC-2019","EffectiveRecovery":0.39999999999999997,"EffectiveNotional":1.0,"EffectiveDF":0.9954015075475555,"EffectiveAccrual":0.21978021978021978,"EndSurvival":0.9874952442633482,"StartSurvival":0.9877413666198083,"EndDate":"13-DEC-2019"},{"StartDate":"13-DEC-2019","EffectiveRecovery":0.39999999999999997,"EffectiveNotional":1.0,"EffectiveDF":0.9952619974444057,"EffectiveAccrual":0.23901098901098902,"EndSurvival":0.9872491832349001,"StartSurvival":0.9874952442633482,"EndDate":"20-DEC-2019"},{"StartDate":"20-DEC-2019","EffectiveRecovery":0.39999999999999997,"EffectiveNotional":1.0,"EffectiveDF":0.9951187016674896,"EffectiveAccrual":0.008241758241758242,"EndSurvival":0.9868997509552093,"StartSurvival":0.9872491832349001,"EndDate":"27-DEC-2019"},{"StartDate":"27-DEC-2019","EffectiveRecovery":0.39999999999999997,"EffectiveNotional":1.0,"EffectiveDF":0.9949716075159079,"EffectiveAccrual":0.027472527472527472,"EndSurvival":0.986550442355457,"StartSurvival":0.9868997509552093,"EndDate":"03-JAN-2020"},{"StartDate":"03-JAN-2020","EffectiveRecovery":0.39999999999999997,"EffectiveNotional":1.0,"EffectiveDF":0.9948207022887617,"EffectiveAccrual":0.046703296703296704,"EndSurvival":0.986201257391867,"StartSurvival":0.986550442355457,"EndDate":"10-JAN-2020"},{"StartDate":"10-JAN-2020","EffectiveRecovery":0.39999999999999997,"EffectiveNotional":1.0,"EffectiveDF":0.994665973285152,"EffectiveAccrual":0.06593406593406594,"EndSurvival":0.985852196020679,"StartSurvival":0.986201257391867,"EndDate":"17-JAN-2020"},{"StartDate":"17-JAN-2020","EffectiveRecovery":0.39999999999999997,"EffectiveNotional":1.0,"EffectiveDF":0.9945074078041797,"EffectiveAccrual":0.08516483516483517,"EndSurvival":0.9855032581981479,"StartSurvival":0.985852196020679,"EndDate":"24-JAN-2020"},{"StartDate":"24-JAN-2020","EffectiveRecovery":0.39999999999999997,"EffectiveNotional":1.0,"EffectiveDF":0.9943449931449457,"EffectiveAccrual":0.1043956043956044,"EndSurvival":0.9851544438805442,"StartSurvival":0.9855032581981479,"EndDate":"31-JAN-2020"},{"StartDate":"31-JAN-2020","EffectiveRecovery":0.39999999999999997,"EffectiveNotional":1.0,"EffectiveDF":0.9941787166065514,"EffectiveAccrual":0.12362637362637363,"EndSurvival":0.9848057530241542,"StartSurvival":0.9851544438805442,"EndDate":"07-FEB-2020"},{"StartDate":"07-FEB-2020","EffectiveRecovery":0.39999999999999997,"EffectiveNotional":1.0,"EffectiveDF":0.9940085654872982,"EffectiveAccrual":0.14285714285714285,"EndSurvival":0.9844571855852791,"StartSurvival":0.9848057530241542,"EndDate":"14-FEB-2020"},{"StartDate":"14-FEB-2020","EffectiveRecovery":0.39999999999999997,"EffectiveNotional":1.0,"EffectiveDF":0.9938345254267948,"EffectiveAccrual":0.1620879120879121,"EndSurvival":0.9841087415202359,"StartSurvival":0.9844571855852791,"EndDate":"21-FEB-2020"},{"StartDate":"21-FEB-2020","EffectiveRecovery":0.39999999999999997,"EffectiveNotional":1.0,"EffectiveDF":0.9936565693719696,"EffectiveAccrual":0.1813186813186813,"EndSurvival":0.983760420785357,"StartSurvival":0.9841087415202359,"EndDate":"28-FEB-2020"},{"StartDate":"28-FEB-2020","EffectiveRecovery":0.39999999999999997,"EffectiveNotional":1.0,"EffectiveDF":0.9934746592916922,"EffectiveAccrual":0.20054945054945056,"EndSurvival":0.9834122233369902,"StartSurvival":0.983760420785357,"EndDate":"06-MAR-2020"},{"StartDate":"06-MAR-2020","EffectiveRecovery":0.39999999999999997,"EffectiveNotional":1.0,"EffectiveDF":0.9932887561760757,"EffectiveAccrual":0.21978021978021978,"EndSurvival":0.983064149131499,"StartSurvival":0.9834122233369902,"EndDate":"13-MAR-2020"},{"StartDate":"13-MAR-2020","EffectiveRecovery":0.39999999999999997,"EffectiveNotional":1.0,"EffectiveDF":0.9930988210152333,"EffectiveAccrual":0.23901098901098902,"EndSurvival":0.982716198125262,"StartSurvival":0.983064149131499,"EndDate":"20-MAR-2020"},{"StartDate":"20-MAR-2020","EffectiveRecovery":0.39999999999999997,"EffectiveNotional":1.0,"EffectiveDF":0.9929048147992778,"EffectiveAccrual":0.007978723404255319,"EndSurvival":0.9823683702746735,"StartSurvival":0.982716198125262,"EndDate":"27-MAR-2020"},{"StartDate":"27-MAR-2020","EffectiveRecovery":0.39999999999999997,"EffectiveNotional":1.0,"EffectiveDF":0.9927066985183223,"EffectiveAccrual":0.02659574468085106,"EndSurvival":0.982020665536143,"StartSurvival":0.9823683702746735,"EndDate":"03-APR-2020"},{"StartDate":"03-APR-2020","EffectiveRecovery":0.39999999999999997,"EffectiveNotional":1.0,"EffectiveDF":0.9925044331624796,"EffectiveAccrual":0.045212765957446804,"EndSurvival":0.9816730838660956,"StartSurvival":0.982020665536143,"EndDate":"10-APR-2020"},{"StartDate":"10-APR-2020","EffectiveRecovery":0.39999999999999997,"EffectiveNotional":1.0,"EffectiveDF":0.9922979797218633,"EffectiveAccrual":0.06382978723404255,"EndSurvival":0.9813256252209719,"StartSurvival":0.9816730838660956,"EndDate":"17-APR-2020"},{"StartDate":"17-APR-2020","EffectiveRecovery":0.39999999999999997,"EffectiveNotional":1.0,"EffectiveDF":0.9920872991865859,"EffectiveAccrual":0.08244680851063829,"EndSurvival":0.9809782895572277,"StartSurvival":0.9813256252209719,"EndDate":"24-APR-2020"},{"StartDate":"24-APR-2020","EffectiveRecovery":0.39999999999999997,"EffectiveNotional":1.0,"EffectiveDF":0.9918723525467605,"EffectiveAccrual":0.10106382978723404,"EndSurvival":0.9806310768313342,"StartSurvival":0.9809782895572277,"EndDate":"01-MAY-2020"},{"StartDate":"01-MAY-2020","EffectiveRecovery":0.39999999999999997,"EffectiveNotional":1.0,"EffectiveDF":0.9916531007925002,"EffectiveAccrual":0.11968085106382978,"EndSurvival":0.9802839869997783,"StartSurvival":0.9806310768313342,"EndDate":"08-MAY-2020"},{"StartDate":"08-MAY-2020","EffectiveRecovery":0.39999999999999997,"EffectiveNotional":1.0,"EffectiveDF":0.9914295049139181,"EffectiveAccrual":0.1382978723404255,"EndSurvival":0.979937020019062,"StartSurvival":0.9802839869997783,"EndDate":"15-MAY-2020"},{"StartDate":"15-MAY-2020","EffectiveRecovery":0.39999999999999997,"EffectiveNotional":1.0,"EffectiveDF":0.9912015271358877,"EffectiveAccrual":0.15691489361702127,"EndSurvival":0.979590175845703,"StartSurvival":0.979937020019062,"EndDate":"22-MAY-2020"},{"StartDate":"22-MAY-2020","EffectiveRecovery":0.39999999999999997,"EffectiveNotional":1.0,"EffectiveDF":0.9909691435327637,"EffectiveAccrual":0.175531914893617,"EndSurvival":0.9792434544362338,"StartSurvival":0.979590175845703,"EndDate":"29-MAY-2020"},{"StartDate":"29-MAY-2020","EffectiveRecovery":0.39999999999999997,"EffectiveNotional":1.0,"EffectiveDF":0.9907323461914802,"EffectiveAccrual":0.19414893617021275,"EndSurvival":0.9788968557472032,"StartSurvival":0.9792434544362338,"EndDate":"05-JUN-2020"},{"StartDate":"05-JUN-2020","EffectiveRecovery":0.39999999999999997,"EffectiveNotional":1.0,"EffectiveDF":0.9904911292915131,"EffectiveAccrual":0.21276595744680848,"EndSurvival":0.9785503797351744,"StartSurvival":0.9788968557472032,"EndDate":"12-JUN-2020"},{"StartDate":"12-JUN-2020","EffectiveRecovery":0.39999999999999997,"EffectiveNotional":1.0,"EffectiveDF":0.990245487013346,"EffectiveAccrual":0.23138297872340424,"EndSurvival":0.9782040263567269,"StartSurvival":0.9785503797351744,"EndDate":"19-JUN-2020"},{"StartDate":"19-JUN-2020","EffectiveRecovery":0.4,"EffectiveNotional":1.0,"EffectiveDF":0.9900674966392414,"EffectiveAccrual":0.24468085106382975,"EndSurvival":0.9780556267246702,"StartSurvival":0.9782040263567269,"EndDate":"22-JUN-2020"},{"StartDate":"22-JUN-2020","EffectiveRecovery":0.39999999999999997,"EffectiveNotional":1.0,"EffectiveDF":0.9898868812594046,"EffectiveAccrual":0.008241758241758242,"EndSurvival":0.977709448461761,"StartSurvival":0.9780556267246702,"EndDate":"29-JUN-2020"},{"StartDate":"29-JUN-2020","EffectiveRecovery":0.39999999999999997,"EffectiveNotional":1.0,"EffectiveDF":0.9896304674059906,"EffectiveAccrual":0.027472527472527472,"EndSurvival":0.9773633927270461,"StartSurvival":0.977709448461761,"EndDate":"06-JUL-2020"},{"StartDate":"06-JUL-2020","EffectiveRecovery":0.39999999999999997,"EffectiveNotional":1.0,"EffectiveDF":0.9893696082217496,"EffectiveAccrual":0.046703296703296704,"EndSurvival":0.9770174594771569,"StartSurvival":0.9773633927270461,"EndDate":"13-JUL-2020"},{"StartDate":"13-JUL-2020","EffectiveRecovery":0.39999999999999997,"EffectiveNotional":1.0,"EffectiveDF":0.9891042978871654,"EffectiveAccrual":0.06593406593406594,"EndSurvival":0.9766716486687407,"StartSurvival":0.9770174594771569,"EndDate":"20-JUL-2020"},{"StartDate":"20-JUL-2020","EffectiveRecovery":0.39999999999999997,"EffectiveNotional":1.0,"EffectiveDF":0.9888345305827217,"EffectiveAccrual":0.08516483516483517,"EndSurvival":0.9763259602584597,"StartSurvival":0.9766716486687407,"EndDate":"27-JUL-2020"},{"StartDate":"27-JUL-2020","EffectiveRecovery":0.39999999999999997,"EffectiveNotional":1.0,"EffectiveDF":0.9885603004889028,"EffectiveAccrual":0.1043956043956044,"EndSurvival":0.975980394202992,"StartSurvival":0.9763259602584597,"EndDate":"03-AUG-2020"},{"StartDate":"03-AUG-2020","EffectiveRecovery":0.39999999999999997,"EffectiveNotional":1.0,"EffectiveDF":0.9882816017861915,"EffectiveAccrual":0.12362637362637363,"EndSurvival":0.9756349504590303,"StartSurvival":0.975980394202992,"EndDate":"10-AUG-2020"},{"StartDate":"10-AUG-2020","EffectiveRecovery":0.39999999999999997,"EffectiveNotional":1.0,"EffectiveDF":0.9879984287615415,"EffectiveAccrual":0.14285714285714285,"EndSurvival":0.9752896289832831,"StartSurvival":0.9756349504590303,"EndDate":"17-AUG-2020"},{"StartDate":"17-AUG-2020","EffectiveRecovery":0.39999999999999997,"EffectiveNotional":1.0,"EffectiveDF":0.9877108106238127,"EffectiveAccrual":0.1620879120879121,"EndSurvival":0.9749444297324743,"StartSurvival":0.9752896289832831,"EndDate":"24-AUG-2020"},{"StartDate":"24-AUG-2020","EffectiveRecovery":0.39999999999999997,"EffectiveNotional":1.0,"EffectiveDF":0.9874189639251176,"EffectiveAccrual":0.1813186813186813,"EndSurvival":0.9745993526633427,"StartSurvival":0.9749444297324743,"EndDate":"31-AUG-2020"},{"StartDate":"31-AUG-2020","EffectiveRecovery":0.39999999999999997,"EffectiveNotional":1.0,"EffectiveDF":0.9871232263369629,"EffectiveAccrual":0.20054945054945056,"EndSurvival":0.974254397732643,"StartSurvival":0.9745993526633427,"EndDate":"07-SEP-2020"},{"StartDate":"07-SEP-2020","EffectiveRecovery":0.39999999999999997,"EffectiveNotional":1.0,"EffectiveDF":0.9868239426217063,"EffectiveAccrual":0.21978021978021978,"EndSurvival":0.9739095648971445,"StartSurvival":0.974254397732643,"EndDate":"14-SEP-2020"},{"StartDate":"14-SEP-2020","EffectiveRecovery":0.39999999999999997,"EffectiveNotional":1.0,"EffectiveDF":0.9865214575417043,"EffectiveAccrual":0.23901098901098902,"EndSurvival":0.9735648541136325,"StartSurvival":0.9739095648971445,"EndDate":"21-SEP-2020"},{"StartDate":"21-SEP-2020","EffectiveRecovery":0.39999999999999997,"EffectiveNotional":1.0,"EffectiveDF":0.9862161158593143,"EffectiveAccrual":0.008241758241758242,"EndSurvival":0.9732202653389069,"StartSurvival":0.9735648541136325,"EndDate":"28-SEP-2020"},{"StartDate":"28-SEP-2020","EffectiveRecovery":0.39999999999999997,"EffectiveNotional":1.0,"EffectiveDF":0.9859082623368933,"EffectiveAccrual":0.027472527472527472,"EndSurvival":0.9728757985297836,"StartSurvival":0.9732202653389069,"EndDate":"05-OCT-2020"},{"StartDate":"05-OCT-2020","EffectiveRecovery":0.39999999999999997,"EffectiveNotional":1.0,"EffectiveDF":0.9855982417367989,"EffectiveAccrual":0.046703296703296704,"EndSurvival":0.9725314536430932,"StartSurvival":0.9728757985297836,"EndDate":"12-OCT-2020"},{"StartDate":"12-OCT-2020","EffectiveRecovery":0.39999999999999997,"EffectiveNotional":1.0,"EffectiveDF":0.9852863988213884,"EffectiveAccrual":0.06593406593406594,"EndSurvival":0.972187230635682,"StartSurvival":0.9725314536430932,"EndDate":"19-OCT-2020"},{"StartDate":"19-OCT-2020","EffectiveRecovery":0.39999999999999997,"EffectiveNotional":1.0,"EffectiveDF":0.9849730783530182,"EffectiveAccrual":0.08516483516483517,"EndSurvival":0.9718431294644112,"StartSurvival":0.972187230635682,"EndDate":"26-OCT-2020"},{"StartDate":"26-OCT-2020","EffectiveRecovery":0.39999999999999997,"EffectiveNotional":1.0,"EffectiveDF":0.9846586250940459,"EffectiveAccrual":0.1043956043956044,"EndSurvival":0.9714991500861577,"StartSurvival":0.9718431294644112,"EndDate":"02-NOV-2020"},{"StartDate":"02-NOV-2020","EffectiveRecovery":0.39999999999999997,"EffectiveNotional":1.0,"EffectiveDF":0.9843433838068286,"EffectiveAccrual":0.12362637362637363,"EndSurvival":0.9711552924578132,"StartSurvival":0.9714991500861577,"EndDate":"09-NOV-2020"},{"StartDate":"09-NOV-2020","EffectiveRecovery":0.39999999999999997,"EffectiveNotional":1.0,"EffectiveDF":0.9826782826983134,"EffectiveAccrual":0.14285714285714285,"EndSurvival":0.970811556536285,"StartSurvival":0.9711552924578132,"EndDate":"16-NOV-2020"},{"StartDate":"16-NOV-2020","EffectiveRecovery":0.39999999999999997,"EffectiveNotional":1.0,"EffectiveDF":0.9765296115549064,"EffectiveAccrual":0.1620879120879121,"EndSurvival":0.9704679422784955,"StartSurvival":0.970811556536285,"EndDate":"23-NOV-2020"},{"StartDate":"23-NOV-2020","EffectiveRecovery":0.39999999999999997,"EffectiveNotional":1.0,"EffectiveDF":0.9762403161311047,"EffectiveAccrual":0.1813186813186813,"EndSurvival":0.9701244496413823,"StartSurvival":0.9704679422784955,"EndDate":"30-NOV-2020"},{"StartDate":"30-NOV-2020","EffectiveRecovery":0.39999999999999997,"EffectiveNotional":1.0,"EffectiveDF":0.9759489168603355,"EffectiveAccrual":0.20054945054945056,"EndSurvival":0.9697810785818985,"StartSurvival":0.9701244496413823,"EndDate":"07-DEC-2020"},{"StartDate":"07-DEC-2020","EffectiveRecovery":0.39999999999999997,"EffectiveNotional":1.0,"EffectiveDF":0.9756553950060476,"EffectiveAccrual":0.21978021978021978,"EndSurvival":0.9694378290570123,"StartSurvival":0.9697810785818985,"EndDate":"14-DEC-2020"},{"StartDate":"14-DEC-2020","EffectiveRecovery":0.39999999999999997,"EffectiveNotional":1.0,"EffectiveDF":0.975359731831691,"EffectiveAccrual":0.23901098901098902,"EndSurvival":0.969084648339017,"StartSurvival":0.9694378290570123,"EndDate":"21-DEC-2020"},{"StartDate":"21-DEC-2020","EffectiveRecovery":0.39999999999999997,"EffectiveNotional":1.0,"EffectiveDF":0.9750619086007147,"EffectiveAccrual":0.008241758241758242,"EndSurvival":0.968671304344997,"StartSurvival":0.969084648339017,"EndDate":"28-DEC-2020"},{"StartDate":"28-DEC-2020","EffectiveRecovery":0.39999999999999997,"EffectiveNotional":1.0,"EffectiveDF":0.974761906576568,"EffectiveAccrual":0.027472527472527472,"EndSurvival":0.9682581366547269,"StartSurvival":0.968671304344997,"EndDate":"04-JAN-2021"},{"StartDate":"04-JAN-2021","EffectiveRecovery":0.39999999999999997,"EffectiveNotional":1.0,"EffectiveDF":0.9744597070227009,"EffectiveAccrual":0.046703296703296704,"EndSurvival":0.9678451451930078,"StartSurvival":0.9682581366547269,"EndDate":"11-JAN-2021"},{"StartDate":"11-JAN-2021","EffectiveRecovery":0.39999999999999997,"EffectiveNotional":1.0,"EffectiveDF":0.9741552912025621,"EffectiveAccrual":0.06593406593406594,"EndSurvival":0.9674323298846726,"StartSurvival":0.9678451451930078,"EndDate":"18-JAN-2021"},{"StartDate":"18-JAN-2021","EffectiveRecovery":0.39999999999999997,"EffectiveNotional":1.0,"EffectiveDF":0.9738486403796014,"EffectiveAccrual":0.08516483516483517,"EndSurvival":0.9670196906545868,"StartSurvival":0.9674323298846726,"EndDate":"25-JAN-2021"},{"StartDate":"25-JAN-2021","EffectiveRecovery":0.39999999999999997,"EffectiveNotional":1.0,"EffectiveDF":0.9735397358172679,"EffectiveAccrual":0.1043956043956044,"EndSurvival":0.9666072274276477,"StartSurvival":0.9670196906545868,"EndDate":"01-FEB-2021"},{"StartDate":"01-FEB-2021","EffectiveRecovery":0.39999999999999997,"EffectiveNotional":1.0,"EffectiveDF":0.9732285587790114,"EffectiveAccrual":0.12362637362637363,"EndSurvival":0.9661949401287845,"StartSurvival":0.9666072274276477,"EndDate":"08-FEB-2021"},{"StartDate":"08-FEB-2021","EffectiveRecovery":0.39999999999999997,"EffectiveNotional":1.0,"EffectiveDF":0.972915090528281,"EffectiveAccrual":0.14285714285714285,"EndSurvival":0.9657828286829586,"StartSurvival":0.9661949401287845,"EndDate":"15-FEB-2021"},{"StartDate":"15-FEB-2021","EffectiveRecovery":0.39999999999999997,"EffectiveNotional":1.0,"EffectiveDF":0.9725993123285259,"EffectiveAccrual":0.1620879120879121,"EndSurvival":0.9653708930151633,"StartSurvival":0.9657828286829586,"EndDate":"22-FEB-2021"},{"StartDate":"22-FEB-2021","EffectiveRecovery":0.39999999999999997,"EffectiveNotional":1.0,"EffectiveDF":0.9722812054431961,"EffectiveAccrual":0.1813186813186813,"EndSurvival":0.964959133050424,"StartSurvival":0.9653708930151633,"EndDate":"01-MAR-2021"},{"StartDate":"01-MAR-2021","EffectiveRecovery":0.39999999999999997,"EffectiveNotional":1.0,"EffectiveDF":0.9719607511357405,"EffectiveAccrual":0.20054945054945056,"EndSurvival":0.964547548713798,"StartSurvival":0.964959133050424,"EndDate":"08-MAR-2021"},{"StartDate":"08-MAR-2021","EffectiveRecovery":0.39999999999999997,"EffectiveNotional":1.0,"EffectiveDF":0.9716379306696087,"EffectiveAccrual":0.21978021978021978,"EndSurvival":0.9641361399303745,"StartSurvival":0.964547548713798,"EndDate":"15-MAR-2021"},{"StartDate":"15-MAR-2021","EffectiveRecovery":0.39999999999999997,"EffectiveNotional":1.0,"EffectiveDF":0.9713127253082501,"EffectiveAccrual":0.23901098901098902,"EndSurvival":0.9637249066252749,"StartSurvival":0.9641361399303745,"EndDate":"22-MAR-2021"},{"StartDate":"22-MAR-2021","EffectiveRecovery":0.39999999999999997,"EffectiveNotional":1.0,"EffectiveDF":0.970985116315114,"EffectiveAccrual":0.008241758241758242,"EndSurvival":0.9633138487236522,"StartSurvival":0.9637249066252749,"EndDate":"29-MAR-2021"},{"StartDate":"29-MAR-2021","EffectiveRecovery":0.39999999999999997,"EffectiveNotional":1.0,"EffectiveDF":0.9706550849536497,"EffectiveAccrual":0.027472527472527472,"EndSurvival":0.9629029661506916,"StartSurvival":0.9633138487236522,"EndDate":"05-APR-2021"},{"StartDate":"05-APR-2021","EffectiveRecovery":0.39999999999999997,"EffectiveNotional":1.0,"EffectiveDF":0.9703226124873068,"EffectiveAccrual":0.046703296703296704,"EndSurvival":0.96249225883161,"StartSurvival":0.9629029661506916,"EndDate":"12-APR-2021"},{"StartDate":"12-APR-2021","EffectiveRecovery":0.39999999999999997,"EffectiveNotional":1.0,"EffectiveDF":0.9699876801795349,"EffectiveAccrual":0.06593406593406594,"EndSurvival":0.9620817266916566,"StartSurvival":0.96249225883161,"EndDate":"19-APR-2021"},{"StartDate":"19-APR-2021","EffectiveRecovery":0.39999999999999997,"EffectiveNotional":1.0,"EffectiveDF":0.969650269293783,"EffectiveAccrual":0.08516483516483517,"EndSurvival":0.9616713696561118,"StartSurvival":0.9620817266916566,"EndDate":"26-APR-2021"},{"StartDate":"26-APR-2021","EffectiveRecovery":0.39999999999999997,"EffectiveNotional":1.0,"EffectiveDF":0.9693103610935004,"EffectiveAccrual":0.1043956043956044,"EndSurvival":0.9612611876502885,"StartSurvival":0.9616713696561118,"EndDate":"03-MAY-2021"},{"StartDate":"03-MAY-2021","EffectiveRecovery":0.39999999999999997,"EffectiveNotional":1.0,"EffectiveDF":0.9689679368421369,"EffectiveAccrual":0.12362637362637363,"EndSurvival":0.9608511805995311,"StartSurvival":0.9612611876502885,"EndDate":"10-MAY-2021"},{"StartDate":"10-MAY-2021","EffectiveRecovery":0.39999999999999997,"EffectiveNotional":1.0,"EffectiveDF":0.9686229778031418,"EffectiveAccrual":0.14285714285714285,"EndSurvival":0.960441348429216,"StartSurvival":0.9608511805995311,"EndDate":"17-MAY-2021"},{"StartDate":"17-MAY-2021","EffectiveRecovery":0.39999999999999997,"EffectiveNotional":1.0,"EffectiveDF":0.9682754652399643,"EffectiveAccrual":0.1620879120879121,"EndSurvival":0.9600316910647515,"StartSurvival":0.960441348429216,"EndDate":"24-MAY-2021"},{"StartDate":"24-MAY-2021","EffectiveRecovery":0.39999999999999997,"EffectiveNotional":1.0,"EffectiveDF":0.9679253804160539,"EffectiveAccrual":0.1813186813186813,"EndSurvival":0.9596222084315774,"StartSurvival":0.9600316910647515,"EndDate":"31-MAY-2021"},{"StartDate":"31-MAY-2021","EffectiveRecovery":0.39999999999999997,"EffectiveNotional":1.0,"EffectiveDF":0.9675727045948601,"EffectiveAccrual":0.20054945054945056,"EndSurvival":0.9592129004551656,"StartSurvival":0.9596222084315774,"EndDate":"07-JUN-2021"},{"StartDate":"07-JUN-2021","EffectiveRecovery":0.39999999999999997,"EffectiveNotional":1.0,"EffectiveDF":0.9672174190398323,"EffectiveAccrual":0.21978021978021978,"EndSurvival":0.9588037670610198,"StartSurvival":0.9592129004551656,"EndDate":"14-JUN-2021"},{"StartDate":"14-JUN-2021","EffectiveRecovery":0.39999999999999997,"EffectiveNotional":1.0,"EffectiveDF":0.9668595050144194,"EffectiveAccrual":0.23901098901098902,"EndSurvival":0.9583948081746752,"StartSurvival":0.9588037670610198,"EndDate":"21-JUN-2021"},{"StartDate":"21-JUN-2021","EffectiveRecovery":0.39999999999999997,"EffectiveNotional":1.0,"EffectiveDF":0.9664989437820715,"EffectiveAccrual":0.008241758241758242,"EndSurvival":0.9579860237216989,"StartSurvival":0.9583948081746752,"EndDate":"28-JUN-2021"},{"StartDate":"28-JUN-2021","EffectiveRecovery":0.39999999999999997,"EffectiveNotional":1.0,"EffectiveDF":0.9661357166062378,"EffectiveAccrual":0.027472527472527472,"EndSurvival":0.9575774136276901,"StartSurvival":0.9579860237216989,"EndDate":"05-JUL-2021"},{"StartDate":"05-JUL-2021","EffectiveRecovery":0.39999999999999997,"EffectiveNotional":1.0,"EffectiveDF":0.9657698047503674,"EffectiveAccrual":0.046703296703296704,"EndSurvival":0.957168977818279,"StartSurvival":0.9575774136276901,"EndDate":"12-JUL-2021"},{"StartDate":"12-JUL-2021","EffectiveRecovery":0.39999999999999997,"EffectiveNotional":1.0,"EffectiveDF":0.9654011894779099,"EffectiveAccrual":0.06593406593406594,"EndSurvival":0.9567607162191282,"StartSurvival":0.957168977818279,"EndDate":"19-JUL-2021"},{"StartDate":"19-JUL-2021","EffectiveRecovery":0.39999999999999997,"EffectiveNotional":1.0,"EffectiveDF":0.9650298520523146,"EffectiveAccrual":0.08516483516483517,"EndSurvival":0.9563526287559316,"StartSurvival":0.9567607162191282,"EndDate":"26-JUL-2021"},{"StartDate":"26-JUL-2021","EffectiveRecovery":0.39999999999999997,"EffectiveNotional":1.0,"EffectiveDF":0.9646557737370312,"EffectiveAccrual":0.1043956043956044,"EndSurvival":0.955944715354415,"StartSurvival":0.9563526287559316,"EndDate":"02-AUG-2021"},{"StartDate":"02-AUG-2021","EffectiveRecovery":0.39999999999999997,"EffectiveNotional":1.0,"EffectiveDF":0.9642789357955087,"EffectiveAccrual":0.12362637362637363,"EndSurvival":0.9555369759403359,"StartSurvival":0.955944715354415,"EndDate":"09-AUG-2021"},{"StartDate":"09-AUG-2021","EffectiveRecovery":0.39999999999999997,"EffectiveNotional":1.0,"EffectiveDF":0.9638993194911968,"EffectiveAccrual":0.14285714285714285,"EndSurvival":0.9551294104394833,"StartSurvival":0.9555369759403359,"EndDate":"16-AUG-2021"},{"StartDate":"16-AUG-2021","EffectiveRecovery":0.39999999999999997,"EffectiveNotional":1.0,"EffectiveDF":0.9635169060875446,"EffectiveAccrual":0.1620879120879121,"EndSurvival":0.9547220187776778,"StartSurvival":0.9551294104394833,"EndDate":"23-AUG-2021"},{"StartDate":"23-AUG-2021","EffectiveRecovery":0.39999999999999997,"EffectiveNotional":1.0,"EffectiveDF":0.9631316768480019,"EffectiveAccrual":0.1813186813186813,"EndSurvival":0.954314800880772,"StartSurvival":0.9547220187776778,"EndDate":"30-AUG-2021"},{"StartDate":"30-AUG-2021","EffectiveRecovery":0.39999999999999997,"EffectiveNotional":1.0,"EffectiveDF":0.9627436130360176,"EffectiveAccrual":0.20054945054945056,"EndSurvival":0.9539077566746498,"StartSurvival":0.954314800880772,"EndDate":"06-SEP-2021"},{"StartDate":"06-SEP-2021","EffectiveRecovery":0.39999999999999997,"EffectiveNotional":1.0,"EffectiveDF":0.9623526959150415,"EffectiveAccrual":0.21978021978021978,"EndSurvival":0.9535008860852268,"StartSurvival":0.9539077566746498,"EndDate":"13-SEP-2021"},{"StartDate":"13-SEP-2021","EffectiveRecovery":0.39999999999999997,"EffectiveNotional":1.0,"EffectiveDF":0.9619589067485229,"EffectiveAccrual":0.23901098901098902,"EndSurvival":0.9530941890384501,"StartSurvival":0.9535008860852268,"EndDate":"20-SEP-2021"},{"StartDate":"20-SEP-2021","EffectiveRecovery":0.39999999999999997,"EffectiveNotional":1.0,"EffectiveDF":0.961562226799911,"EffectiveAccrual":0.008241758241758242,"EndSurvival":0.9526876654602988,"StartSurvival":0.9530941890384501,"EndDate":"27-SEP-2021"},{"StartDate":"27-SEP-2021","EffectiveRecovery":0.39999999999999997,"EffectiveNotional":1.0,"EffectiveDF":0.9611626373326556,"EffectiveAccrual":0.027472527472527472,"EndSurvival":0.952281315276783,"StartSurvival":0.9526876654602988,"EndDate":"04-OCT-2021"},{"StartDate":"04-OCT-2021","EffectiveRecovery":0.39999999999999997,"EffectiveNotional":1.0,"EffectiveDF":0.9607601196102057,"EffectiveAccrual":0.046703296703296704,"EndSurvival":0.9518751384139447,"StartSurvival":0.952281315276783,"EndDate":"11-OCT-2021"},{"StartDate":"11-OCT-2021","EffectiveRecovery":0.39999999999999997,"EffectiveNotional":1.0,"EffectiveDF":0.9603546548960107,"EffectiveAccrual":0.06593406593406594,"EndSurvival":0.9514691347978574,"StartSurvival":0.9518751384139447,"EndDate":"18-OCT-2021"},{"StartDate":"18-OCT-2021","EffectiveRecovery":0.39999999999999997,"EffectiveNotional":1.0,"EffectiveDF":0.9599462244535203,"EffectiveAccrual":0.08516483516483517,"EndSurvival":0.9510633043546262,"StartSurvival":0.9514691347978574,"EndDate":"25-OCT-2021"},{"StartDate":"25-OCT-2021","EffectiveRecovery":0.39999999999999997,"EffectiveNotional":1.0,"EffectiveDF":0.9595348095461836,"EffectiveAccrual":0.1043956043956044,"EndSurvival":0.9506576470103875,"StartSurvival":0.9510633043546262,"EndDate":"01-NOV-2021"},{"StartDate":"01-NOV-2021","EffectiveRecovery":0.39999999999999997,"EffectiveNotional":1.0,"EffectiveDF":0.9591203914374503,"EffectiveAccrual":0.12362637362637363,"EndSurvival":0.9502521626913092,"StartSurvival":0.9506576470103875,"EndDate":"08-NOV-2021"},{"StartDate":"08-NOV-2021","EffectiveRecovery":0.39999999999999997,"EffectiveNotional":1.0,"EffectiveDF":0.9587029513907696,"EffectiveAccrual":0.14285714285714285,"EndSurvival":0.9498468513235911,"StartSurvival":0.9502521626913092,"EndDate":"15-NOV-2021"},{"StartDate":"15-NOV-2021","EffectiveRecovery":0.39999999999999997,"EffectiveNotional":1.0,"EffectiveDF":0.9582824706695907,"EffectiveAccrual":0.1620879120879121,"EndSurvival":0.9494417128334641,"StartSurvival":0.9498468513235911,"EndDate":"22-NOV-2021"},{"StartDate":"22-NOV-2021","EffectiveRecovery":0.39999999999999997,"EffectiveNotional":1.0,"EffectiveDF":0.9578589305373634,"EffectiveAccrual":0.1813186813186813,"EndSurvival":0.9490367471471906,"StartSurvival":0.9494417128334641,"EndDate":"29-NOV-2021"},{"StartDate":"29-NOV-2021","EffectiveRecovery":0.39999999999999997,"EffectiveNotional":1.0,"EffectiveDF":0.9574323122575368,"EffectiveAccrual":0.20054945054945056,"EndSurvival":0.9486319541910645,"StartSurvival":0.9490367471471906,"EndDate":"06-DEC-2021"},{"StartDate":"06-DEC-2021","EffectiveRecovery":0.39999999999999997,"EffectiveNotional":1.0,"EffectiveDF":0.9570025970935605,"EffectiveAccrual":0.21978021978021978,"EndSurvival":0.9482273338914113,"StartSurvival":0.9486319541910645,"EndDate":"13-DEC-2021"},{"StartDate":"13-DEC-2021","EffectiveRecovery":0.39999999999999997,"EffectiveNotional":1.0,"EffectiveDF":0.9565697663088839,"EffectiveAccrual":0.23901098901098902,"EndSurvival":0.9478228861745877,"StartSurvival":0.9482273338914113,"EndDate":"20-DEC-2021"},{"StartDate":"20-DEC-2021","EffectiveRecovery":0.39999999999999997,"EffectiveNotional":1.0,"EffectiveDF":0.956133801166956,"EffectiveAccrual":0.008241758241758242,"EndSurvival":0.9472599179516952,"StartSurvival":0.9478228861745877,"EndDate":"27-DEC-2021"},{"StartDate":"27-DEC-2021","EffectiveRecovery":0.39999999999999997,"EffectiveNotional":1.0,"EffectiveDF":0.9556946829312267,"EffectiveAccrual":0.027472527472527472,"EndSurvival":0.9466972841090171,"StartSurvival":0.9472599179516952,"EndDate":"03-JAN-2022"},{"StartDate":"03-JAN-2022","EffectiveRecovery":0.39999999999999997,"EffectiveNotional":1.0,"EffectiveDF":0.9552523928651452,"EffectiveAccrual":0.046703296703296704,"EndSurvival":0.9461349844479454,"StartSurvival":0.9466972841090171,"EndDate":"10-JAN-2022"},{"StartDate":"10-JAN-2022","EffectiveRecovery":0.39999999999999997,"EffectiveNotional":1.0,"EffectiveDF":0.954806912232161,"EffectiveAccrual":0.06593406593406594,"EndSurvival":0.9455730187699896,"StartSurvival":0.9461349844479454,"EndDate":"17-JAN-2022"},{"StartDate":"17-JAN-2022","EffectiveRecovery":0.39999999999999997,"EffectiveNotional":1.0,"EffectiveDF":0.9543582222957232,"EffectiveAccrual":0.08516483516483517,"EndSurvival":0.9450113868767774,"StartSurvival":0.9455730187699896,"EndDate":"24-JAN-2022"},{"StartDate":"24-JAN-2022","EffectiveRecovery":0.39999999999999997,"EffectiveNotional":1.0,"EffectiveDF":0.9539063043192814,"EffectiveAccrual":0.1043956043956044,"EndSurvival":0.9444500885700543,"StartSurvival":0.9450113868767774,"EndDate":"31-JAN-2022"},{"StartDate":"31-JAN-2022","EffectiveRecovery":0.39999999999999997,"EffectiveNotional":1.0,"EffectiveDF":0.9534511395662849,"EffectiveAccrual":0.12362637362637363,"EndSurvival":0.9438891236516834,"StartSurvival":0.9444500885700543,"EndDate":"07-FEB-2022"},{"StartDate":"07-FEB-2022","EffectiveRecovery":0.39999999999999997,"EffectiveNotional":1.0,"EffectiveDF":0.9529927093001833,"EffectiveAccrual":0.14285714285714285,"EndSurvival":0.9433284919236457,"StartSurvival":0.9438891236516834,"EndDate":"14-FEB-2022"},{"StartDate":"14-FEB-2022","EffectiveRecovery":0.39999999999999997,"EffectiveNotional":1.0,"EffectiveDF":0.9525309947844259,"EffectiveAccrual":0.1620879120879121,"EndSurvival":0.9427681931880396,"StartSurvival":0.9433284919236457,"EndDate":"21-FEB-2022"},{"StartDate":"21-FEB-2022","EffectiveRecovery":0.39999999999999997,"EffectiveNotional":1.0,"EffectiveDF":0.9520659772824621,"EffectiveAccrual":0.1813186813186813,"EndSurvival":0.9422082272470812,"StartSurvival":0.9427681931880396,"EndDate":"28-FEB-2022"},{"StartDate":"28-FEB-2022","EffectiveRecovery":0.39999999999999997,"EffectiveNotional":1.0,"EffectiveDF":0.9515976380577412,"EffectiveAccrual":0.20054945054945056,"EndSurvival":0.941648593903104,"StartSurvival":0.9422082272470812,"EndDate":"07-MAR-2022"},{"StartDate":"07-MAR-2022","EffectiveRecovery":0.39999999999999997,"EffectiveNotional":1.0,"EffectiveDF":0.9511259583737126,"EffectiveAccrual":0.21978021978021978,"EndSurvival":0.9410892929585589,"StartSurvival":0.941648593903104,"EndDate":"14-MAR-2022"},{"StartDate":"14-MAR-2022","EffectiveRecovery":0.39999999999999997,"EffectiveNotional":1.0,"EffectiveDF":0.9506509194938256,"EffectiveAccrual":0.23901098901098902,"EndSurvival":0.9405303242160142,"StartSurvival":0.9410892929585589,"EndDate":"21-MAR-2022"},{"StartDate":"21-MAR-2022","EffectiveRecovery":0.39999999999999997,"EffectiveNotional":1.0,"EffectiveDF":0.95017250268153,"EffectiveAccrual":0.008241758241758242,"EndSurvival":0.9399716874781555,"StartSurvival":0.9405303242160142,"EndDate":"28-MAR-2022"},{"StartDate":"28-MAR-2022","EffectiveRecovery":0.39999999999999997,"EffectiveNotional":1.0,"EffectiveDF":0.949690689200275,"EffectiveAccrual":0.027472527472527472,"EndSurvival":0.9394133825477854,"StartSurvival":0.9399716874781555,"EndDate":"04-APR-2022"},{"StartDate":"04-APR-2022","EffectiveRecovery":0.39999999999999997,"EffectiveNotional":1.0,"EffectiveDF":0.9492054603135098,"EffectiveAccrual":0.046703296703296704,"EndSurvival":0.9388554092278238,"StartSurvival":0.9394133825477854,"EndDate":"11-APR-2022"},{"StartDate":"11-APR-2022","EffectiveRecovery":0.39999999999999997,"EffectiveNotional":1.0,"EffectiveDF":0.948716797284684,"EffectiveAccrual":0.06593406593406594,"EndSurvival":0.9382977673213078,"StartSurvival":0.9388554092278238,"EndDate":"18-APR-2022"},{"StartDate":"18-APR-2022","EffectiveRecovery":0.39999999999999997,"EffectiveNotional":1.0,"EffectiveDF":0.9482246813772469,"EffectiveAccrual":0.08516483516483517,"EndSurvival":0.9377404566313909,"StartSurvival":0.9382977673213078,"EndDate":"25-APR-2022"},{"StartDate":"25-APR-2022","EffectiveRecovery":0.39999999999999997,"EffectiveNotional":1.0,"EffectiveDF":0.9477290938546481,"EffectiveAccrual":0.1043956043956044,"EndSurvival":0.9371834769613443,"StartSurvival":0.9377404566313909,"EndDate":"02-MAY-2022"},{"StartDate":"02-MAY-2022","EffectiveRecovery":0.39999999999999997,"EffectiveNotional":1.0,"EffectiveDF":0.9472300159803365,"EffectiveAccrual":0.12362637362637363,"EndSurvival":0.9366268281145554,"StartSurvival":0.9371834769613443,"EndDate":"09-MAY-2022"},{"StartDate":"09-MAY-2022","EffectiveRecovery":0.39999999999999997,"EffectiveNotional":1.0,"EffectiveDF":0.946727429017762,"EffectiveAccrual":0.14285714285714285,"EndSurvival":0.9360705098945288,"StartSurvival":0.9366268281145554,"EndDate":"16-MAY-2022"},{"StartDate":"16-MAY-2022","EffectiveRecovery":0.39999999999999997,"EffectiveNotional":1.0,"EffectiveDF":0.9462213142303738,"EffectiveAccrual":0.1620879120879121,"EndSurvival":0.9355145221048856,"StartSurvival":0.9360705098945288,"EndDate":"23-MAY-2022"},{"StartDate":"23-MAY-2022","EffectiveRecovery":0.39999999999999997,"EffectiveNotional":1.0,"EffectiveDF":0.9457116528816214,"EffectiveAccrual":0.1813186813186813,"EndSurvival":0.9349588645493637,"StartSurvival":0.9355145221048856,"EndDate":"30-MAY-2022"},{"StartDate":"30-MAY-2022","EffectiveRecovery":0.39999999999999997,"EffectiveNotional":1.0,"EffectiveDF":0.945198426234954,"EffectiveAccrual":0.20054945054945056,"EndSurvival":0.9344035370318173,"StartSurvival":0.9349588645493637,"EndDate":"06-JUN-2022"},{"StartDate":"06-JUN-2022","EffectiveRecovery":0.39999999999999997,"EffectiveNotional":1.0,"EffectiveDF":0.9446816155538212,"EffectiveAccrual":0.21978021978021978,"EndSurvival":0.9338485393562174,"StartSurvival":0.9344035370318173,"EndDate":"13-JUN-2022"},{"StartDate":"13-JUN-2022","EffectiveRecovery":0.39999999999999997,"EffectiveNotional":1.0,"EffectiveDF":0.9441612021016723,"EffectiveAccrual":0.23901098901098902,"EndSurvival":0.9332938713266513,"StartSurvival":0.9338485393562174,"EndDate":"20-JUN-2022"},{"StartDate":"20-JUN-2022","EffectiveRecovery":0.39999999999999997,"EffectiveNotional":1.0,"EffectiveDF":0.9436371671419568,"EffectiveAccrual":0.008152173913043478,"EndSurvival":0.9327395327473226,"StartSurvival":0.9332938713266513,"EndDate":"27-JUN-2022"},{"StartDate":"27-JUN-2022","EffectiveRecovery":0.39999999999999997,"EffectiveNotional":1.0,"EffectiveDF":0.9431094919381238,"EffectiveAccrual":0.02717391304347826,"EndSurvival":0.9321855234225512,"StartSurvival":0.9327395327473226,"EndDate":"04-JUL-2022"},{"StartDate":"04-JUL-2022","EffectiveRecovery":0.39999999999999997,"EffectiveNotional":1.0,"EffectiveDF":0.9425781577536231,"EffectiveAccrual":0.04619565217391305,"EndSurvival":0.9316318431567736,"StartSurvival":0.9321855234225512,"EndDate":"11-JUL-2022"},{"StartDate":"11-JUL-2022","EffectiveRecovery":0.39999999999999997,"EffectiveNotional":1.0,"EffectiveDF":0.9420431458519036,"EffectiveAccrual":0.06521739130434782,"EndSurvival":0.9310784917545418,"StartSurvival":0.9316318431567736,"EndDate":"18-JUL-2022"},{"StartDate":"18-JUL-2022","EffectiveRecovery":0.39999999999999997,"EffectiveNotional":1.0,"EffectiveDF":0.9415044374964152,"EffectiveAccrual":0.08423913043478261,"EndSurvival":0.9305254690205245,"StartSurvival":0.9310784917545418,"EndDate":"25-JUL-2022"},{"StartDate":"25-JUL-2022","EffectiveRecovery":0.39999999999999997,"EffectiveNotional":1.0,"EffectiveDF":0.940962013950607,"EffectiveAccrual":0.1032608695652174,"EndSurvival":0.9299727747595059,"StartSurvival":0.9305254690205245,"EndDate":"01-AUG-2022"},{"StartDate":"01-AUG-2022","EffectiveRecovery":0.39999999999999997,"EffectiveNotional":1.0,"EffectiveDF":0.9404158564779286,"EffectiveAccrual":0.12228260869565219,"EndSurvival":0.9294204087763867,"StartSurvival":0.9299727747595059,"EndDate":"08-AUG-2022"},{"StartDate":"08-AUG-2022","EffectiveRecovery":0.39999999999999997,"EffectiveNotional":1.0,"EffectiveDF":0.9398659463418291,"EffectiveAccrual":0.14130434782608695,"EndSurvival":0.9288683708761829,"StartSurvival":0.9294204087763867,"EndDate":"15-AUG-2022"},{"StartDate":"15-AUG-2022","EffectiveRecovery":0.39999999999999997,"EffectiveNotional":1.0,"EffectiveDF":0.9393122648057582,"EffectiveAccrual":0.16032608695652176,"EndSurvival":0.9283166608640268,"StartSurvival":0.9288683708761829,"EndDate":"22-AUG-2022"},{"StartDate":"22-AUG-2022","EffectiveRecovery":0.39999999999999997,"EffectiveNotional":1.0,"EffectiveDF":0.9387547931331651,"EffectiveAccrual":0.1793478260869565,"EndSurvival":0.9277652785451661,"StartSurvival":0.9283166608640268,"EndDate":"29-AUG-2022"},{"StartDate":"29-AUG-2022","EffectiveRecovery":0.39999999999999997,"EffectiveNotional":1.0,"EffectiveDF":0.9381935125874993,"EffectiveAccrual":0.19836956521739132,"EndSurvival":0.9272142237249644,"StartSurvival":0.9277652785451661,"EndDate":"05-SEP-2022"},{"StartDate":"05-SEP-2022","EffectiveRecovery":0.39999999999999997,"EffectiveNotional":1.0,"EffectiveDF":0.9376284044322101,"EffectiveAccrual":0.21739130434782608,"EndSurvival":0.9266634962089009,"StartSurvival":0.9272142237249644,"EndDate":"12-SEP-2022"},{"StartDate":"12-SEP-2022","EffectiveRecovery":0.39999999999999997,"EffectiveNotional":1.0,"EffectiveDF":0.9370594499307471,"EffectiveAccrual":0.2364130434782609,"EndSurvival":0.9261130958025701,"StartSurvival":0.9266634962089009,"EndDate":"19-SEP-2022"},{"StartDate":"19-SEP-2022","EffectiveRecovery":0.4,"EffectiveNotional":1.0,"EffectiveDF":0.9367327966756187,"EffectiveAccrual":0.2472826086956522,"EndSurvival":0.9260344938645994,"StartSurvival":0.9261130958025701,"EndDate":"20-SEP-2022"},{"StartDate":"20-SEP-2022","EffectiveRecovery":0.39999999999999997,"EffectiveNotional":1.0,"EffectiveDF":0.9364044823679224,"EffectiveAccrual":0.008241758241758242,"EndSurvival":0.9254844670600639,"StartSurvival":0.9260344938645994,"EndDate":"27-SEP-2022"},{"StartDate":"27-SEP-2022","EffectiveRecovery":0.39999999999999997,"EffectiveNotional":1.0,"EffectiveDF":0.9358272226036204,"EffectiveAccrual":0.027472527472527472,"EndSurvival":0.9249347669490672,"StartSurvival":0.9254844670600639,"EndDate":"04-OCT-2022"},{"StartDate":"04-OCT-2022","EffectiveRecovery":0.39999999999999997,"EffectiveNotional":1.0,"EffectiveDF":0.9352460583687412,"EffectiveAccrual":0.046703296703296704,"EndSurvival":0.9243853933375663,"StartSurvival":0.9249347669490672,"EndDate":"11-OCT-2022"},{"StartDate":"11-OCT-2022","EffectiveRecovery":0.39999999999999997,"EffectiveNotional":1.0,"EffectiveDF":0.9346609927967477,"EffectiveAccrual":0.06593406593406594,"EndSurvival":0.9238363460316341,"StartSurvival":0.9243853933375663,"EndDate":"18-OCT-2022"},{"StartDate":"18-OCT-2022","EffectiveRecovery":0.39999999999999997,"EffectiveNotional":1.0,"EffectiveDF":0.9340720728455244,"EffectiveAccrual":0.08516483516483517,"EndSurvival":0.9232876248374583,"StartSurvival":0.9238363460316341,"EndDate":"25-OCT-2022"},{"StartDate":"25-OCT-2022","EffectiveRecovery":0.39999999999999997,"EffectiveNotional":1.0,"EffectiveDF":0.9334793568662731,"EffectiveAccrual":0.1043956043956044,"EndSurvival":0.9227392295613416,"StartSurvival":0.9232876248374583,"EndDate":"01-NOV-2022"},{"StartDate":"01-NOV-2022","EffectiveRecovery":0.39999999999999997,"EffectiveNotional":1.0,"EffectiveDF":0.9328829033156903,"EffectiveAccrual":0.12362637362637363,"EndSurvival":0.922191160009702,"StartSurvival":0.9227392295613416,"EndDate":"08-NOV-2022"},{"StartDate":"08-NOV-2022","EffectiveRecovery":0.39999999999999997,"EffectiveNotional":1.0,"EffectiveDF":0.9322827706504718,"EffectiveAccrual":0.14285714285714285,"EndSurvival":0.9216434159890726,"StartSurvival":0.922191160009702,"EndDate":"15-NOV-2022"},{"StartDate":"15-NOV-2022","EffectiveRecovery":0.39999999999999997,"EffectiveNotional":1.0,"EffectiveDF":0.931679017327314,"EffectiveAccrual":0.1620879120879121,"EndSurvival":0.9210959973061011,"StartSurvival":0.9216434159890726,"EndDate":"22-NOV-2022"},{"StartDate":"22-NOV-2022","EffectiveRecovery":0.39999999999999997,"EffectiveNotional":1.0,"EffectiveDF":0.9310717018029124,"EffectiveAccrual":0.1813186813186813,"EndSurvival":0.9205489037675502,"StartSurvival":0.9210959973061011,"EndDate":"29-NOV-2022"},{"StartDate":"29-NOV-2022","EffectiveRecovery":0.39999999999999997,"EffectiveNotional":1.0,"EffectiveDF":0.9304608825339636,"EffectiveAccrual":0.20054945054945056,"EndSurvival":0.9200021351802973,"StartSurvival":0.9205489037675502,"EndDate":"06-DEC-2022"},{"StartDate":"06-DEC-2022","EffectiveRecovery":0.39999999999999997,"EffectiveNotional":1.0,"EffectiveDF":0.9298466179771634,"EffectiveAccrual":0.21978021978021978,"EndSurvival":0.9194556913513344,"StartSurvival":0.9200021351802973,"EndDate":"13-DEC-2022"},{"StartDate":"13-DEC-2022","EffectiveRecovery":0.39999999999999997,"EffectiveNotional":1.0,"EffectiveDF":0.9292289665892076,"EffectiveAccrual":0.23901098901098902,"EndSurvival":0.9189095720877687,"StartSurvival":0.9194556913513344,"EndDate":"20-DEC-2022"},{"StartDate":"20-DEC-2022","EffectiveRecovery":0.39999999999999997,"EffectiveNotional":1.0,"EffectiveDF":0.9286079868267927,"EffectiveAccrual":0.008333333333333333,"EndSurvival":0.9182688208964392,"StartSurvival":0.9189095720877687,"EndDate":"27-DEC-2022"},{"StartDate":"27-DEC-2022","EffectiveRecovery":0.39999999999999997,"EffectiveNotional":1.0,"EffectiveDF":0.9279837371466144,"EffectiveAccrual":0.027777777777777776,"EndSurvival":0.9176285164978103,"StartSurvival":0.9182688208964392,"EndDate":"03-JAN-2023"},{"StartDate":"03-JAN-2023","EffectiveRecovery":0.39999999999999997,"EffectiveNotional":1.0,"EffectiveDF":0.927356276005369,"EffectiveAccrual":0.04722222222222222,"EndSurvival":0.9169886585803355,"StartSurvival":0.9176285164978103,"EndDate":"10-JAN-2023"},{"StartDate":"10-JAN-2023","EffectiveRecovery":0.39999999999999997,"EffectiveNotional":1.0,"EffectiveDF":0.9267256618597521,"EffectiveAccrual":0.06666666666666667,"EndSurvival":0.9163492468326856,"StartSurvival":0.9169886585803355,"EndDate":"17-JAN-2023"},{"StartDate":"17-JAN-2023","EffectiveRecovery":0.39999999999999997,"EffectiveNotional":1.0,"EffectiveDF":0.9260919531664604,"EffectiveAccrual":0.08611111111111111,"EndSurvival":0.9157102809437485,"StartSurvival":0.9163492468326856,"EndDate":"24-JAN-2023"},{"StartDate":"24-JAN-2023","EffectiveRecovery":0.39999999999999997,"EffectiveNotional":1.0,"EffectiveDF":0.9254552083821895,"EffectiveAccrual":0.10555555555555556,"EndSurvival":0.9150717606026292,"StartSurvival":0.9157102809437485,"EndDate":"31-JAN-2023"},{"StartDate":"31-JAN-2023","EffectiveRecovery":0.39999999999999997,"EffectiveNotional":1.0,"EffectiveDF":0.9248154859636358,"EffectiveAccrual":0.125,"EndSurvival":0.9144336854986493,"StartSurvival":0.9150717606026292,"EndDate":"07-FEB-2023"},{"StartDate":"07-FEB-2023","EffectiveRecovery":0.39999999999999997,"EffectiveNotional":1.0,"EffectiveDF":0.9241728443674948,"EffectiveAccrual":0.14444444444444443,"EndSurvival":0.9137960553213471,"StartSurvival":0.9144336854986493,"EndDate":"14-FEB-2023"},{"StartDate":"14-FEB-2023","EffectiveRecovery":0.39999999999999997,"EffectiveNotional":1.0,"EffectiveDF":0.923527342050463,"EffectiveAccrual":0.1638888888888889,"EndSurvival":0.9131588697604776,"StartSurvival":0.9137960553213471,"EndDate":"21-FEB-2023"},{"StartDate":"21-FEB-2023","EffectiveRecovery":0.39999999999999997,"EffectiveNotional":1.0,"EffectiveDF":0.9228790374692362,"EffectiveAccrual":0.18333333333333332,"EndSurvival":0.9125221285060114,"StartSurvival":0.9131588697604776,"EndDate":"28-FEB-2023"},{"StartDate":"28-FEB-2023","EffectiveRecovery":0.39999999999999997,"EffectiveNotional":1.0,"EffectiveDF":0.9222279890805107,"EffectiveAccrual":0.20277777777777778,"EndSurvival":0.9118858312481364,"StartSurvival":0.9125221285060114,"EndDate":"07-MAR-2023"},{"StartDate":"07-MAR-2023","EffectiveRecovery":0.39999999999999997,"EffectiveNotional":1.0,"EffectiveDF":0.9215742553409823,"EffectiveAccrual":0.2222222222222222,"EndSurvival":0.9112499776772555,"StartSurvival":0.9118858312481364,"EndDate":"14-MAR-2023"},{"StartDate":"14-MAR-2023","EffectiveRecovery":0.39999999999999997,"EffectiveNotional":1.0,"EffectiveDF":0.9209648962938232,"EffectiveAccrual":0.24166666666666667,"EndSurvival":0.9107053132348923,"StartSurvival":0.9112499776772555,"EndDate":"20-MAR-2023"},{"StartDate":"20-MAR-2023","EffectiveRecovery":0.39999999999999997,"EffectiveNotional":1.0,"EffectiveDF":0.9203532533964467,"EffectiveAccrual":0.008152173913043478,"EndSurvival":0.9100702828335009,"StartSurvival":0.9107053132348923,"EndDate":"27-MAR-2023"},{"StartDate":"27-MAR-2023","EffectiveRecovery":0.39999999999999997,"EffectiveNotional":1.0,"EffectiveDF":0.9196921693343781,"EffectiveAccrual":0.02717391304347826,"EndSurvival":0.909435695235731,"StartSurvival":0.9100702828335009,"EndDate":"03-APR-2023"},{"StartDate":"03-APR-2023","EffectiveRecovery":0.39999999999999997,"EffectiveNotional":1.0,"EffectiveDF":0.9190286253973345,"EffectiveAccrual":0.04619565217391305,"EndSurvival":0.9088015501328175,"StartSurvival":0.909435695235731,"EndDate":"10-APR-2023"},{"StartDate":"10-APR-2023","EffectiveRecovery":0.39999999999999997,"EffectiveNotional":1.0,"EffectiveDF":0.9183626800420117,"EffectiveAccrual":0.06521739130434782,"EndSurvival":0.908167847216211,"StartSurvival":0.9088015501328175,"EndDate":"17-APR-2023"},{"StartDate":"17-APR-2023","EffectiveRecovery":0.39999999999999997,"EffectiveNotional":1.0,"EffectiveDF":0.9176943917251057,"EffectiveAccrual":0.08423913043478261,"EndSurvival":0.9075345861775772,"StartSurvival":0.908167847216211,"EndDate":"24-APR-2023"},{"StartDate":"24-APR-2023","EffectiveRecovery":0.39999999999999997,"EffectiveNotional":1.0,"EffectiveDF":0.9170238189033129,"EffectiveAccrual":0.1032608695652174,"EndSurvival":0.9069017667087967,"StartSurvival":0.9075345861775772,"EndDate":"01-MAY-2023"},{"StartDate":"01-MAY-2023","EffectiveRecovery":0.39999999999999997,"EffectiveNotional":1.0,"EffectiveDF":0.9163510200333289,"EffectiveAccrual":0.12228260869565219,"EndSurvival":0.906269388501965,"StartSurvival":0.9069017667087967,"EndDate":"08-MAY-2023"},{"StartDate":"08-MAY-2023","EffectiveRecovery":0.39999999999999997,"EffectiveNotional":1.0,"EffectiveDF":0.9156760535718502,"EffectiveAccrual":0.14130434782608695,"EndSurvival":0.9056374512493922,"StartSurvival":0.906269388501965,"EndDate":"15-MAY-2023"},{"StartDate":"15-MAY-2023","EffectiveRecovery":0.39999999999999997,"EffectiveNotional":1.0,"EffectiveDF":0.9149989779755723,"EffectiveAccrual":0.16032608695652176,"EndSurvival":0.9050059546436031,"StartSurvival":0.9056374512493922,"EndDate":"22-MAY-2023"},{"StartDate":"22-MAY-2023","EffectiveRecovery":0.39999999999999997,"EffectiveNotional":1.0,"EffectiveDF":0.9143198517011917,"EffectiveAccrual":0.1793478260869565,"EndSurvival":0.9043748983773368,"StartSurvival":0.9050059546436031,"EndDate":"29-MAY-2023"},{"StartDate":"29-MAY-2023","EffectiveRecovery":0.39999999999999997,"EffectiveNotional":1.0,"EffectiveDF":0.913638733205404,"EffectiveAccrual":0.19836956521739132,"EndSurvival":0.9037442821435466,"StartSurvival":0.9043748983773368,"EndDate":"05-JUN-2023"},{"StartDate":"05-JUN-2023","EffectiveRecovery":0.39999999999999997,"EffectiveNotional":1.0,"EffectiveDF":0.9129556809449058,"EffectiveAccrual":0.21739130434782608,"EndSurvival":0.9031141056354003,"StartSurvival":0.9037442821435466,"EndDate":"12-JUN-2023"},{"StartDate":"12-JUN-2023","EffectiveRecovery":0.39999999999999997,"EffectiveNotional":1.0,"EffectiveDF":0.9122707533763927,"EffectiveAccrual":0.2364130434782609,"EndSurvival":0.9024843685462789,"StartSurvival":0.9031141056354003,"EndDate":"19-JUN-2023"},{"StartDate":"19-JUN-2023","EffectiveRecovery":0.4,"EffectiveNotional":1.0,"EffectiveDF":0.9118786377080317,"EffectiveAccrual":0.2472826086956522,"EndSurvival":0.9023944419580479,"StartSurvival":0.9024843685462789,"EndDate":"20-JUN-2023"},{"StartDate":"20-JUN-2023","EffectiveRecovery":0.39999999999999997,"EffectiveNotional":1.0,"EffectiveDF":0.911485757705031,"EffectiveAccrual":0.008152173913043478,"EndSurvival":0.9017652066869211,"StartSurvival":0.9023944419580479,"EndDate":"27-JUN-2023"},{"StartDate":"27-JUN-2023","EffectiveRecovery":0.39999999999999997,"EffectiveNotional":1.0,"EffectiveDF":0.9107970084633202,"EffectiveAccrual":0.02717391304347826,"EndSurvival":0.9011364101784994,"StartSurvival":0.9017652066869211,"EndDate":"04-JUL-2023"},{"StartDate":"04-JUL-2023","EffectiveRecovery":0.39999999999999997,"EffectiveNotional":1.0,"EffectiveDF":0.9101065676346392,"EffectiveAccrual":0.04619565217391305,"EndSurvival":0.9005080521268357,"StartSurvival":0.9011364101784994,"EndDate":"11-JUL-2023"},{"StartDate":"11-JUL-2023","EffectiveRecovery":0.39999999999999997,"EffectiveNotional":1.0,"EffectiveDF":0.9094144936756842,"EffectiveAccrual":0.06521739130434782,"EndSurvival":0.8998801322261963,"StartSurvival":0.9005080521268357,"EndDate":"18-JUL-2023"},{"StartDate":"18-JUL-2023","EffectiveRecovery":0.39999999999999997,"EffectiveNotional":1.0,"EffectiveDF":0.9087208450431513,"EffectiveAccrual":0.08423913043478261,"EndSurvival":0.8992526501710606,"StartSurvival":0.8998801322261963,"EndDate":"25-JUL-2023"},{"StartDate":"25-JUL-2023","EffectiveRecovery":0.39999999999999997,"EffectiveNotional":1.0,"EffectiveDF":0.9080256801937365,"EffectiveAccrual":0.1032608695652174,"EndSurvival":0.8986256056561208,"StartSurvival":0.8992526501710606,"EndDate":"01-AUG-2023"},{"StartDate":"01-AUG-2023","EffectiveRecovery":0.39999999999999997,"EffectiveNotional":1.0,"EffectiveDF":0.907329057584136,"EffectiveAccrual":0.12228260869565219,"EndSurvival":0.8979989983762826,"StartSurvival":0.8986256056561208,"EndDate":"08-AUG-2023"},{"StartDate":"08-AUG-2023","EffectiveRecovery":0.39999999999999997,"EffectiveNotional":1.0,"EffectiveDF":0.9066310356710456,"EffectiveAccrual":0.14130434782608695,"EndSurvival":0.8973728280266638,"StartSurvival":0.8979989983762826,"EndDate":"15-AUG-2023"},{"StartDate":"15-AUG-2023","EffectiveRecovery":0.39999999999999997,"EffectiveNotional":1.0,"EffectiveDF":0.9059316729111613,"EffectiveAccrual":0.16032608695652176,"EndSurvival":0.8967470943025954,"StartSurvival":0.8973728280266638,"EndDate":"22-AUG-2023"},{"StartDate":"22-AUG-2023","EffectiveRecovery":0.39999999999999997,"EffectiveNotional":1.0,"EffectiveDF":0.9052310277611796,"EffectiveAccrual":0.1793478260869565,"EndSurvival":0.8961217968996201,"StartSurvival":0.8967470943025954,"EndDate":"29-AUG-2023"},{"StartDate":"29-AUG-2023","EffectiveRecovery":0.39999999999999997,"EffectiveNotional":1.0,"EffectiveDF":0.9045291586777962,"EffectiveAccrual":0.19836956521739132,"EndSurvival":0.8954969355134936,"StartSurvival":0.8961217968996201,"EndDate":"05-SEP-2023"},{"StartDate":"05-SEP-2023","EffectiveRecovery":0.39999999999999997,"EffectiveNotional":1.0,"EffectiveDF":0.9038261241177072,"EffectiveAccrual":0.21739130434782608,"EndSurvival":0.8948725098401834,"StartSurvival":0.8954969355134936,"EndDate":"12-SEP-2023"},{"StartDate":"12-SEP-2023","EffectiveRecovery":0.39999999999999997,"EffectiveNotional":1.0,"EffectiveDF":0.9031219825376086,"EffectiveAccrual":0.2364130434782609,"EndSurvival":0.8942485195758691,"StartSurvival":0.8948725098401834,"EndDate":"19-SEP-2023"},{"StartDate":"19-SEP-2023","EffectiveRecovery":0.4,"EffectiveNotional":1.0,"EffectiveDF":0.9027191931813231,"EffectiveAccrual":0.2472826086956522,"EndSurvival":0.8941594136354242,"StartSurvival":0.8942485195758691,"EndDate":"20-SEP-2023"},{"StartDate":"20-SEP-2023","EffectiveRecovery":0.39999999999999997,"EffectiveNotional":1.0,"EffectiveDF":0.9023159687566861,"EffectiveAccrual":0.008241758241758242,"EndSurvival":0.8935359206096376,"StartSurvival":0.8941594136354242,"EndDate":"27-SEP-2023"},{"StartDate":"27-SEP-2023","EffectiveRecovery":0.39999999999999997,"EffectiveNotional":1.0,"EffectiveDF":0.9016096518348291,"EffectiveAccrual":0.027472527472527472,"EndSurvival":0.8929128623425162,"StartSurvival":0.8935359206096376,"EndDate":"04-OCT-2023"},{"StartDate":"04-OCT-2023","EffectiveRecovery":0.39999999999999997,"EffectiveNotional":1.0,"EffectiveDF":0.9009024111774865,"EffectiveAccrual":0.046703296703296704,"EndSurvival":0.892290238530905,"StartSurvival":0.8929128623425162,"EndDate":"11-OCT-2023"},{"StartDate":"11-OCT-2023","EffectiveRecovery":0.39999999999999997,"EffectiveNotional":1.0,"EffectiveDF":0.9001942927111878,"EffectiveAccrual":0.06593406593406594,"EndSurvival":0.8916680488718602,"StartSurvival":0.892290238530905,"EndDate":"18-OCT-2023"},{"StartDate":"18-OCT-2023","EffectiveRecovery":0.39999999999999997,"EffectiveNotional":1.0,"EffectiveDF":0.8994853172537778,"EffectiveAccrual":0.08516483516483517,"EndSurvival":0.8910462930626495,"StartSurvival":0.8916680488718602,"EndDate":"25-OCT-2023"},{"StartDate":"25-OCT-2023","EffectiveRecovery":0.39999999999999997,"EffectiveNotional":1.0,"EffectiveDF":0.8987754990954335,"EffectiveAccrual":0.1043956043956044,"EndSurvival":0.8904249708007512,"StartSurvival":0.8910462930626495,"EndDate":"01-NOV-2023"},{"StartDate":"01-NOV-2023","EffectiveRecovery":0.39999999999999997,"EffectiveNotional":1.0,"EffectiveDF":0.898064852465891,"EffectiveAccrual":0.12362637362637363,"EndSurvival":0.8898040817838551,"StartSurvival":0.8904249708007512,"EndDate":"08-NOV-2023"},{"StartDate":"08-NOV-2023","EffectiveRecovery":0.39999999999999997,"EffectiveNotional":1.0,"EffectiveDF":0.8973533915948861,"EffectiveAccrual":0.14285714285714285,"EndSurvival":0.8891836257098614,"StartSurvival":0.8898040817838551,"EndDate":"15-NOV-2023"},{"StartDate":"15-NOV-2023","EffectiveRecovery":0.39999999999999997,"EffectiveNotional":1.0,"EffectiveDF":0.8966411307121545,"EffectiveAccrual":0.1620879120879121,"EndSurvival":0.8885636022768812,"StartSurvival":0.8891836257098614,"EndDate":"22-NOV-2023"},{"StartDate":"22-NOV-2023","EffectiveRecovery":0.39999999999999997,"EffectiveNotional":1.0,"EffectiveDF":0.8959280840474324,"EffectiveAccrual":0.1813186813186813,"EndSurvival":0.8879440111832362,"StartSurvival":0.8885636022768812,"EndDate":"29-NOV-2023"},{"StartDate":"29-NOV-2023","EffectiveRecovery":0.39999999999999997,"EffectiveNotional":1.0,"EffectiveDF":0.8952142658304556,"EffectiveAccrual":0.20054945054945056,"EndSurvival":0.8873248521274579,"StartSurvival":0.8879440111832362,"EndDate":"06-DEC-2023"},{"StartDate":"06-DEC-2023","EffectiveRecovery":0.39999999999999997,"EffectiveNotional":1.0,"EffectiveDF":0.8944996902909595,"EffectiveAccrual":0.21978021978021978,"EndSurvival":0.8867061248082887,"StartSurvival":0.8873248521274579,"EndDate":"13-DEC-2023"},{"StartDate":"13-DEC-2023","EffectiveRecovery":0.39999999999999997,"EffectiveNotional":1.0,"EffectiveDF":0.8937843716586807,"EffectiveAccrual":0.23901098901098902,"EndSurvival":0.8860878289246805,"StartSurvival":0.8867061248082887,"EndDate":"20-DEC-2023"}],"losspv":0.06506226300598368,"cleancouponpv":4.714656739597541E-6,"accrued":1.1813186813186814E-7,"lossnorecpv":0.10843710500997275,"fairexplossnorec":0.1139121710753195,"fairaccrued01":1.1813186813186814E-5,"fairdirtycouponpv":4.832788607729409E-6,"fairpremium":137.99999999901928}

	|-----------------------------------------------------------------|
	|    Copyright (C) 2011-2018 (DRIP)
	|-----------------------------------------------------------------|
	|    Build Version  => 3.86.0 multi mode
	|    Build JVM (TM) => 1.8.0_112
	|    Build Snap     => Fri Nov 02 21:22:20 EST 2018
	|    Start Time     => Fri Nov 02 23:29:02 EDT 2018
	|    Setup Time     => Fri Nov 02 23:29:02 EDT 2018
	|    Setup Duration => 0 ms
	|-----------------------------------------------------------------|


	|---------------- JSON REQUEST -----------------|

{"Parameters":{"FixFloatQuote":[0.0166,0.0206,0.0241,0.0269,0.0292,0.0311,0.0326,0.034,0.0351,0.0375,0.0393,0.0402,0.0407,0.0409,0.0409],"FixFloatTenor":["04Y","05Y","06Y","07Y","08Y","09Y","10Y","11Y","12Y","15Y","20Y","25Y","30Y","40Y","50Y"],"DepositQuote":[0.0017,0.0017,0.0018,0.002,0.0023],"ReferenceEntity":"DRIP","CDSTenor":["06M","01Y","02Y","03Y","04Y","05Y","07Y","10Y"],"Currency":"USD","FuturesQuote":[0.0027,0.0032,0.0041,0.0054,0.0077,0.0104,0.0134,0.016],"SpotDate":"02-NOV-2018","DepositTenor":["04D","07D","14D","30D","60D"],"CDSQuote":[60.0,68.0,88.0,102.0,121.0,138.0,168.0,188.0]},"API":"CREDITSTATE"}

	|---------------- JSON RESPONSE ----------------|


	|-----------------------------------------------------------------|
	|    Copyright (C) 2011-2018 (DRIP)
	|-----------------------------------------------------------------|
	|    Build Version  => 3.86.0 multi mode
	|    Build JVM (TM) => 1.8.0_112
	|    Build Snap     => Fri Nov 02 21:22:20 EST 2018
	|    Start Time     => Fri Nov 02 23:29:02 EDT 2018
	|    Setup Time     => Fri Nov 02 23:29:02 EDT 2018
	|    Setup Duration => 0 ms
	|-----------------------------------------------------------------|

{"ReferenceEntity":"DRIP","Currency":"USD","SpotDate":"02-NOV-2018","CDSMetrics":[{"InstrumentQuote":60.0,"CalibrationMeasure":"FairPremium","MaturityTenor":"06M","ReferenceEntity":"DRIP::USD::SENIOR","InstrumentType":"CDS","Recovery":0.4,"SurvivalProbability":0.995040507038626},{"InstrumentQuote":68.0,"CalibrationMeasure":"FairPremium","MaturityTenor":"01Y","ReferenceEntity":"DRIP::USD::SENIOR","InstrumentType":"CDS","Recovery":0.4,"SurvivalProbability":0.9889376909222454},{"InstrumentQuote":88.0,"CalibrationMeasure":"FairPremium","MaturityTenor":"02Y","ReferenceEntity":"DRIP::USD::SENIOR","InstrumentType":"CDS","Recovery":0.4,"SurvivalProbability":0.9714991500861577},{"InstrumentQuote":102.0,"CalibrationMeasure":"FairPremium","MaturityTenor":"03Y","ReferenceEntity":"DRIP::USD::SENIOR","InstrumentType":"CDS","Recovery":0.4,"SurvivalProbability":0.950599710087435},{"InstrumentQuote":121.0,"CalibrationMeasure":"FairPremium","MaturityTenor":"04Y","ReferenceEntity":"DRIP::USD::SENIOR","InstrumentType":"CDS","Recovery":0.4,"SurvivalProbability":0.9226609139733061},{"InstrumentQuote":138.0,"CalibrationMeasure":"FairPremium","MaturityTenor":"05Y","ReferenceEntity":"DRIP::USD::SENIOR","InstrumentType":"CDS","Recovery":0.4,"SurvivalProbability":0.8903362458516102},{"InstrumentQuote":168.0,"CalibrationMeasure":"FairPremium","MaturityTenor":"07Y","ReferenceEntity":"DRIP::USD::SENIOR","InstrumentType":"CDS","Recovery":0.4,"SurvivalProbability":0.8158691481150335},{"InstrumentQuote":188.0,"CalibrationMeasure":"FairPremium","MaturityTenor":"10Y","ReferenceEntity":"DRIP::USD::SENIOR","InstrumentType":"CDS","Recovery":0.4,"SurvivalProbability":0.716852933198848}],"CreditLabel":"DRIP::USD::SENIOR","FundingLabel":"USD"}

	|-----------------------------------------------------------------|
	|    Copyright (C) 2011-2018 (DRIP)
	|-----------------------------------------------------------------|
	|    Build Version  => 3.86.0 multi mode
	|    Build JVM (TM) => 1.8.0_112
	|    Build Snap     => Fri Nov 02 21:22:20 EST 2018
	|    Start Time     => Fri Nov 02 23:29:03 EDT 2018
	|    Setup Time     => Fri Nov 02 23:29:03 EDT 2018
	|    Setup Duration => 0 ms
	|-----------------------------------------------------------------|


	|-----------------------------------------|

	|-----------------------------------------------------------------|
	|    Copyright (C) 2011-2018 (DRIP)
	|-----------------------------------------------------------------|
	|    Build Version  => 3.86.0 multi mode
	|    Build JVM (TM) => 1.8.0_112
	|    Build Snap     => Fri Nov 02 21:22:20 EST 2018
	|    Start Time     => Fri Nov 02 23:29:03 EDT 2018
	|    Setup Time     => Fri Nov 02 23:29:03 EDT 2018
	|    Setup Duration => 0 ms
	|-----------------------------------------------------------------|

	| Adjusted[27-MAR-2016 + 0] = 28-MAR-2016 |

	|-----------------------------------------------------------------|
	|    Copyright (C) 2011-2018 (DRIP)
	|-----------------------------------------------------------------|
	|    Build Version  => 3.86.0 multi mode
	|    Build JVM (TM) => 1.8.0_112
	|    Build Snap     => Fri Nov 02 21:22:20 EST 2018
	|    Start Time     => Fri Nov 02 23:29:03 EDT 2018
	|    Setup Time     => Fri Nov 02 23:29:03 EDT 2018
	|    Setup Duration => 0 ms
	|-----------------------------------------------------------------|

	| Adjusted[27-MAR-2016 + 1] = 28-MAR-2016 |

	|-----------------------------------------------------------------|
	|    Copyright (C) 2011-2018 (DRIP)
	|-----------------------------------------------------------------|
	|    Build Version  => 3.86.0 multi mode
	|    Build JVM (TM) => 1.8.0_112
	|    Build Snap     => Fri Nov 02 21:22:20 EST 2018
	|    Start Time     => Fri Nov 02 23:29:03 EDT 2018
	|    Setup Time     => Fri Nov 02 23:29:03 EDT 2018
	|    Setup Duration => 0 ms
	|-----------------------------------------------------------------|

	| Adjusted[27-MAR-2016 + 2] = 29-MAR-2016 |

	|-----------------------------------------------------------------|
	|    Copyright (C) 2011-2018 (DRIP)
	|-----------------------------------------------------------------|
	|    Build Version  => 3.86.0 multi mode
	|    Build JVM (TM) => 1.8.0_112
	|    Build Snap     => Fri Nov 02 21:22:20 EST 2018
	|    Start Time     => Fri Nov 02 23:29:03 EDT 2018
	|    Setup Time     => Fri Nov 02 23:29:03 EDT 2018
	|    Setup Duration => 0 ms
	|-----------------------------------------------------------------|

	| Adjusted[27-MAR-2016 + 3] = 30-MAR-2016 |

	|-----------------------------------------------------------------|
	|    Copyright (C) 2011-2018 (DRIP)
	|-----------------------------------------------------------------|
	|    Build Version  => 3.86.0 multi mode
	|    Build JVM (TM) => 1.8.0_112
	|    Build Snap     => Fri Nov 02 21:22:20 EST 2018
	|    Start Time     => Fri Nov 02 23:29:03 EDT 2018
	|    Setup Time     => Fri Nov 02 23:29:03 EDT 2018
	|    Setup Duration => 0 ms
	|-----------------------------------------------------------------|

	| Adjusted[27-MAR-2016 + 4] = 31-MAR-2016 |

	|-----------------------------------------------------------------|
	|    Copyright (C) 2011-2018 (DRIP)
	|-----------------------------------------------------------------|
	|    Build Version  => 3.86.0 multi mode
	|    Build JVM (TM) => 1.8.0_112
	|    Build Snap     => Fri Nov 02 21:22:20 EST 2018
	|    Start Time     => Fri Nov 02 23:29:03 EDT 2018
	|    Setup Time     => Fri Nov 02 23:29:03 EDT 2018
	|    Setup Duration => 0 ms
	|-----------------------------------------------------------------|

	| Adjusted[27-MAR-2016 + 5] = 01-APR-2016 |

	|-----------------------------------------------------------------|
	|    Copyright (C) 2011-2018 (DRIP)
	|-----------------------------------------------------------------|
	|    Build Version  => 3.86.0 multi mode
	|    Build JVM (TM) => 1.8.0_112
	|    Build Snap     => Fri Nov 02 21:22:20 EST 2018
	|    Start Time     => Fri Nov 02 23:29:03 EDT 2018
	|    Setup Time     => Fri Nov 02 23:29:03 EDT 2018
	|    Setup Duration => 0 ms
	|-----------------------------------------------------------------|

	| Adjusted[27-MAR-2016 + 6] = 04-APR-2016 |

	|-----------------------------------------------------------------|
	|    Copyright (C) 2011-2018 (DRIP)
	|-----------------------------------------------------------------|
	|    Build Version  => 3.86.0 multi mode
	|    Build JVM (TM) => 1.8.0_112
	|    Build Snap     => Fri Nov 02 21:22:20 EST 2018
	|    Start Time     => Fri Nov 02 23:29:03 EDT 2018
	|    Setup Time     => Fri Nov 02 23:29:03 EDT 2018
	|    Setup Duration => 0 ms
	|-----------------------------------------------------------------|

	| Adjusted[27-MAR-2016 + 7] = 05-APR-2016 |

	|-----------------------------------------------------------------|
	|    Copyright (C) 2011-2018 (DRIP)
	|-----------------------------------------------------------------|
	|    Build Version  => 3.86.0 multi mode
	|    Build JVM (TM) => 1.8.0_112
	|    Build Snap     => Fri Nov 02 21:22:20 EST 2018
	|    Start Time     => Fri Nov 02 23:29:03 EDT 2018
	|    Setup Time     => Fri Nov 02 23:29:03 EDT 2018
	|    Setup Duration => 0 ms
	|-----------------------------------------------------------------|

	| Adjusted[27-MAR-2016 + 8] = 06-APR-2016 |

	|-----------------------------------------------------------------|
	|    Copyright (C) 2011-2018 (DRIP)
	|-----------------------------------------------------------------|
	|    Build Version  => 3.86.0 multi mode
	|    Build JVM (TM) => 1.8.0_112
	|    Build Snap     => Fri Nov 02 21:22:20 EST 2018
	|    Start Time     => Fri Nov 02 23:29:03 EDT 2018
	|    Setup Time     => Fri Nov 02 23:29:03 EDT 2018
	|    Setup Duration => 0 ms
	|-----------------------------------------------------------------|

	| Adjusted[27-MAR-2016 + 9] = 07-APR-2016 |
	|-----------------------------------------|


	|-------------------------------------------|

	|-----------------------------------------------------------------|
	|    Copyright (C) 2011-2018 (DRIP)
	|-----------------------------------------------------------------|
	|    Build Version  => 3.86.0 multi mode
	|    Build JVM (TM) => 1.8.0_112
	|    Build Snap     => Fri Nov 02 21:22:20 EST 2018
	|    Start Time     => Fri Nov 02 23:29:03 EDT 2018
	|    Setup Time     => Fri Nov 02 23:29:03 EDT 2018
	|    Setup Duration => 0 ms
	|-----------------------------------------------------------------|

	| Unadjusted[27-MAR-2016 + 0] = 27-MAR-2016 |

	|-----------------------------------------------------------------|
	|    Copyright (C) 2011-2018 (DRIP)
	|-----------------------------------------------------------------|
	|    Build Version  => 3.86.0 multi mode
	|    Build JVM (TM) => 1.8.0_112
	|    Build Snap     => Fri Nov 02 21:22:20 EST 2018
	|    Start Time     => Fri Nov 02 23:29:03 EDT 2018
	|    Setup Time     => Fri Nov 02 23:29:03 EDT 2018
	|    Setup Duration => 0 ms
	|-----------------------------------------------------------------|

	| Unadjusted[27-MAR-2016 + 1] = 28-MAR-2016 |

	|-----------------------------------------------------------------|
	|    Copyright (C) 2011-2018 (DRIP)
	|-----------------------------------------------------------------|
	|    Build Version  => 3.86.0 multi mode
	|    Build JVM (TM) => 1.8.0_112
	|    Build Snap     => Fri Nov 02 21:22:20 EST 2018
	|    Start Time     => Fri Nov 02 23:29:03 EDT 2018
	|    Setup Time     => Fri Nov 02 23:29:03 EDT 2018
	|    Setup Duration => 0 ms
	|-----------------------------------------------------------------|

	| Unadjusted[27-MAR-2016 + 2] = 29-MAR-2016 |

	|-----------------------------------------------------------------|
	|    Copyright (C) 2011-2018 (DRIP)
	|-----------------------------------------------------------------|
	|    Build Version  => 3.86.0 multi mode
	|    Build JVM (TM) => 1.8.0_112
	|    Build Snap     => Fri Nov 02 21:22:20 EST 2018
	|    Start Time     => Fri Nov 02 23:29:03 EDT 2018
	|    Setup Time     => Fri Nov 02 23:29:03 EDT 2018
	|    Setup Duration => 0 ms
	|-----------------------------------------------------------------|

	| Unadjusted[27-MAR-2016 + 3] = 30-MAR-2016 |

	|-----------------------------------------------------------------|
	|    Copyright (C) 2011-2018 (DRIP)
	|-----------------------------------------------------------------|
	|    Build Version  => 3.86.0 multi mode
	|    Build JVM (TM) => 1.8.0_112
	|    Build Snap     => Fri Nov 02 21:22:20 EST 2018
	|    Start Time     => Fri Nov 02 23:29:03 EDT 2018
	|    Setup Time     => Fri Nov 02 23:29:03 EDT 2018
	|    Setup Duration => 0 ms
	|-----------------------------------------------------------------|

	| Unadjusted[27-MAR-2016 + 4] = 31-MAR-2016 |

	|-----------------------------------------------------------------|
	|    Copyright (C) 2011-2018 (DRIP)
	|-----------------------------------------------------------------|
	|    Build Version  => 3.86.0 multi mode
	|    Build JVM (TM) => 1.8.0_112
	|    Build Snap     => Fri Nov 02 21:22:20 EST 2018
	|    Start Time     => Fri Nov 02 23:29:03 EDT 2018
	|    Setup Time     => Fri Nov 02 23:29:03 EDT 2018
	|    Setup Duration => 0 ms
	|-----------------------------------------------------------------|

	| Unadjusted[27-MAR-2016 + 5] = 01-APR-2016 |

	|-----------------------------------------------------------------|
	|    Copyright (C) 2011-2018 (DRIP)
	|-----------------------------------------------------------------|
	|    Build Version  => 3.86.0 multi mode
	|    Build JVM (TM) => 1.8.0_112
	|    Build Snap     => Fri Nov 02 21:22:20 EST 2018
	|    Start Time     => Fri Nov 02 23:29:03 EDT 2018
	|    Setup Time     => Fri Nov 02 23:29:03 EDT 2018
	|    Setup Duration => 0 ms
	|-----------------------------------------------------------------|

	| Unadjusted[27-MAR-2016 + 6] = 02-APR-2016 |

	|-----------------------------------------------------------------|
	|    Copyright (C) 2011-2018 (DRIP)
	|-----------------------------------------------------------------|
	|    Build Version  => 3.86.0 multi mode
	|    Build JVM (TM) => 1.8.0_112
	|    Build Snap     => Fri Nov 02 21:22:20 EST 2018
	|    Start Time     => Fri Nov 02 23:29:03 EDT 2018
	|    Setup Time     => Fri Nov 02 23:29:03 EDT 2018
	|    Setup Duration => 0 ms
	|-----------------------------------------------------------------|

	| Unadjusted[27-MAR-2016 + 7] = 03-APR-2016 |

	|-----------------------------------------------------------------|
	|    Copyright (C) 2011-2018 (DRIP)
	|-----------------------------------------------------------------|
	|    Build Version  => 3.86.0 multi mode
	|    Build JVM (TM) => 1.8.0_112
	|    Build Snap     => Fri Nov 02 21:22:20 EST 2018
	|    Start Time     => Fri Nov 02 23:29:03 EDT 2018
	|    Setup Time     => Fri Nov 02 23:29:03 EDT 2018
	|    Setup Duration => 0 ms
	|-----------------------------------------------------------------|

	| Unadjusted[27-MAR-2016 + 8] = 04-APR-2016 |

	|-----------------------------------------------------------------|
	|    Copyright (C) 2011-2018 (DRIP)
	|-----------------------------------------------------------------|
	|    Build Version  => 3.86.0 multi mode
	|    Build JVM (TM) => 1.8.0_112
	|    Build Snap     => Fri Nov 02 21:22:20 EST 2018
	|    Start Time     => Fri Nov 02 23:29:03 EDT 2018
	|    Setup Time     => Fri Nov 02 23:29:03 EDT 2018
	|    Setup Duration => 0 ms
	|-----------------------------------------------------------------|

	| Unadjusted[27-MAR-2016 + 9] = 05-APR-2016 |
	|-------------------------------------------|


	|---------------------------------|

	|-----------------------------------------------------------------|
	|    Copyright (C) 2011-2018 (DRIP)
	|-----------------------------------------------------------------|
	|    Build Version  => 3.86.0 multi mode
	|    Build JVM (TM) => 1.8.0_112
	|    Build Snap     => Fri Nov 02 21:22:20 EST 2018
	|    Start Time     => Fri Nov 02 23:29:03 EDT 2018
	|    Setup Time     => Fri Nov 02 23:29:03 EDT 2018
	|    Setup Duration => 0 ms
	|-----------------------------------------------------------------|

	| Is 27-MAR-2016 a Holiday? true |

	|-----------------------------------------------------------------|
	|    Copyright (C) 2011-2018 (DRIP)
	|-----------------------------------------------------------------|
	|    Build Version  => 3.86.0 multi mode
	|    Build JVM (TM) => 1.8.0_112
	|    Build Snap     => Fri Nov 02 21:22:20 EST 2018
	|    Start Time     => Fri Nov 02 23:29:03 EDT 2018
	|    Setup Time     => Fri Nov 02 23:29:03 EDT 2018
	|    Setup Duration => 0 ms
	|-----------------------------------------------------------------|

	| Is 28-MAR-2016 a Holiday? false |

	|-----------------------------------------------------------------|
	|    Copyright (C) 2011-2018 (DRIP)
	|-----------------------------------------------------------------|
	|    Build Version  => 3.86.0 multi mode
	|    Build JVM (TM) => 1.8.0_112
	|    Build Snap     => Fri Nov 02 21:22:20 EST 2018
	|    Start Time     => Fri Nov 02 23:29:03 EDT 2018
	|    Setup Time     => Fri Nov 02 23:29:03 EDT 2018
	|    Setup Duration => 0 ms
	|-----------------------------------------------------------------|

	| Is 29-MAR-2016 a Holiday? false |

	|-----------------------------------------------------------------|
	|    Copyright (C) 2011-2018 (DRIP)
	|-----------------------------------------------------------------|
	|    Build Version  => 3.86.0 multi mode
	|    Build JVM (TM) => 1.8.0_112
	|    Build Snap     => Fri Nov 02 21:22:20 EST 2018
	|    Start Time     => Fri Nov 02 23:29:03 EDT 2018
	|    Setup Time     => Fri Nov 02 23:29:03 EDT 2018
	|    Setup Duration => 0 ms
	|-----------------------------------------------------------------|

	| Is 30-MAR-2016 a Holiday? false |

	|-----------------------------------------------------------------|
	|    Copyright (C) 2011-2018 (DRIP)
	|-----------------------------------------------------------------|
	|    Build Version  => 3.86.0 multi mode
	|    Build JVM (TM) => 1.8.0_112
	|    Build Snap     => Fri Nov 02 21:22:20 EST 2018
	|    Start Time     => Fri Nov 02 23:29:03 EDT 2018
	|    Setup Time     => Fri Nov 02 23:29:03 EDT 2018
	|    Setup Duration => 0 ms
	|-----------------------------------------------------------------|

	| Is 31-MAR-2016 a Holiday? false |

	|-----------------------------------------------------------------|
	|    Copyright (C) 2011-2018 (DRIP)
	|-----------------------------------------------------------------|
	|    Build Version  => 3.86.0 multi mode
	|    Build JVM (TM) => 1.8.0_112
	|    Build Snap     => Fri Nov 02 21:22:20 EST 2018
	|    Start Time     => Fri Nov 02 23:29:03 EDT 2018
	|    Setup Time     => Fri Nov 02 23:29:03 EDT 2018
	|    Setup Duration => 0 ms
	|-----------------------------------------------------------------|

	| Is 01-APR-2016 a Holiday? false |

	|-----------------------------------------------------------------|
	|    Copyright (C) 2011-2018 (DRIP)
	|-----------------------------------------------------------------|
	|    Build Version  => 3.86.0 multi mode
	|    Build JVM (TM) => 1.8.0_112
	|    Build Snap     => Fri Nov 02 21:22:20 EST 2018
	|    Start Time     => Fri Nov 02 23:29:03 EDT 2018
	|    Setup Time     => Fri Nov 02 23:29:03 EDT 2018
	|    Setup Duration => 0 ms
	|-----------------------------------------------------------------|

	| Is 02-APR-2016 a Holiday? true |

	|-----------------------------------------------------------------|
	|    Copyright (C) 2011-2018 (DRIP)
	|-----------------------------------------------------------------|
	|    Build Version  => 3.86.0 multi mode
	|    Build JVM (TM) => 1.8.0_112
	|    Build Snap     => Fri Nov 02 21:22:20 EST 2018
	|    Start Time     => Fri Nov 02 23:29:03 EDT 2018
	|    Setup Time     => Fri Nov 02 23:29:03 EDT 2018
	|    Setup Duration => 0 ms
	|-----------------------------------------------------------------|

	| Is 03-APR-2016 a Holiday? true |

	|-----------------------------------------------------------------|
	|    Copyright (C) 2011-2018 (DRIP)
	|-----------------------------------------------------------------|
	|    Build Version  => 3.86.0 multi mode
	|    Build JVM (TM) => 1.8.0_112
	|    Build Snap     => Fri Nov 02 21:22:20 EST 2018
	|    Start Time     => Fri Nov 02 23:29:03 EDT 2018
	|    Setup Time     => Fri Nov 02 23:29:03 EDT 2018
	|    Setup Duration => 0 ms
	|-----------------------------------------------------------------|

	| Is 04-APR-2016 a Holiday? false |

	|-----------------------------------------------------------------|
	|    Copyright (C) 2011-2018 (DRIP)
	|-----------------------------------------------------------------|
	|    Build Version  => 3.86.0 multi mode
	|    Build JVM (TM) => 1.8.0_112
	|    Build Snap     => Fri Nov 02 21:22:20 EST 2018
	|    Start Time     => Fri Nov 02 23:29:03 EDT 2018
	|    Setup Time     => Fri Nov 02 23:29:03 EDT 2018
	|    Setup Duration => 0 ms
	|-----------------------------------------------------------------|

	| Is 05-APR-2016 a Holiday? false |
	|---------------------------------|

	|-----------------------------------------------------------------|
	|    Copyright (C) 2011-2018 (DRIP)
	|-----------------------------------------------------------------|
	|    Build Version  => 3.86.0 multi mode
	|    Build JVM (TM) => 1.8.0_112
	|    Build Snap     => Fri Nov 02 21:22:20 EST 2018
	|    Start Time     => Fri Nov 02 23:29:03 EDT 2018
	|    Setup Time     => Fri Nov 02 23:29:03 EDT 2018
	|    Setup Duration => 0 ms
	|-----------------------------------------------------------------|


	|---------------- JSON REQUEST -----------------|

{"Parameters":{"DepositMaturity":"06Y","FixFloatQuote":[0.0166,0.0206,0.0241,0.0269,0.0292,0.0311,0.0326,0.034,0.0351,0.0375,0.0393,0.0402,0.0407,0.0409,0.0409],"FixFloatTenor":["04Y","05Y","06Y","07Y","08Y","09Y","10Y","11Y","12Y","15Y","20Y","25Y","30Y","40Y","50Y"],"DepositQuote":[0.0013,0.0017,0.0017,0.0018,0.002,0.0023],"Currency":"USD","FuturesQuote":[0.0027,0.0032,0.0041,0.0054,0.0077,0.0104,0.0134,0.016],"SpotDate":"02-NOV-2018","DepositTenor":["01D","04D","07D","14D","30D","60D"]},"API":"DEPOSIT::CURVEMETRICS"}

	|---------------- JSON RESPONSE ----------------|


	|-----------------------------------------------------------------|
	|    Copyright (C) 2011-2018 (DRIP)
	|-----------------------------------------------------------------|
	|    Build Version  => 3.86.0 multi mode
	|    Build JVM (TM) => 1.8.0_112
	|    Build Snap     => Fri Nov 02 21:22:20 EST 2018
	|    Start Time     => Fri Nov 02 23:29:03 EDT 2018
	|    Setup Time     => Fri Nov 02 23:29:03 EDT 2018
	|    Setup Duration => 0 ms
	|-----------------------------------------------------------------|

{"creditfundingconvexityadjustedprice":113.66342807043549,"creditfxconvexityadjustedcleanpv":0.13663428070435488,"resetrate":null,"creditforwardconvexityadjustmentpremium":0.0,"fundingfxconvexityadjustedprice":113.66342807043549,"unadjustedpv":0.13663428070435488,"pv":0.13663428070435488,"compoundingadjustmentfactor":1.0,"fundingfxconvexityadjusteddv01":5.261734411485126E-4,"creditfundingconvexityadjustedparrate":0.025967536560970176,"creditfundingconvexityadjustmentfactor":1.0,"fundingfxconvexityadjustedcleanprice":113.66342807043549,"cumulativeconvexityadjustmentfactor":1.0,"creditforwardconvexityadjustedfairpremium":0.025967536560970176,"price":113.66342807043549,"creditforwardconvexityadjustedpv":0.13663428070435488,"creditfundingconvexityadjusteddv01":5.261734411485126E-4,"creditfxconvexityadjusteddirtydv01":5.261734411485126E-4,"cleanpv":0.13663428070435488,"forwardfundingconvexityadjustedrate":0.025967536560970176,"unadjustedparrate":0.025967536560970176,"forwardfundingconvexityadjustedcleandv01":5.261734411485126E-4,"unadjustedprice":113.66342807043549,"compoundingadjustedfairpremium":0.025967536560970176,"compoundingadjusteddirtyprice":113.66342807043549,"compoundingadjustmentpremiumupfront":0.0,"forwardfxconvexityadjustmentpremium":0.0,"forwardfxconvexityadjustedcleanpv":0.13663428070435488,"unadjustedupfront":0.13663428070435488,"cumulativeconvexityadjusteddirtyprice":113.66342807043549,"cumulativeconvexityadjustedpv":0.13663428070435488,"creditfundingconvexityadjustedupfront":0.13663428070435488,"forwardfxconvexityadjusteddirtyprice":113.66342807043549,"cumulativeconvexityadjustedcleandv01":5.261734411485126E-4,"cumulativeconvexityadjustmentpremium":0.0,"fundingfxconvexityadjusteddirtydv01":5.261734411485126E-4,"dv01":5.261734411485126E-4,"compoundingadjustedupfront":0.13663428070435488,"forwardfundingconvexityadjusteddirtydv01":5.261734411485126E-4,"forwardfundingconvexityadjustedcleanpv":0.13663428070435488,"fundingfxconvexityadjustedrate":0.025967536560970176,"unadjustedfairpremium":0.025967536560970176,"fundingfxconvexityadjusteddirtyprice":113.66342807043549,"upfront":0.13663428070435488,"fundingfxconvexityadjustedupfront":0.13663428070435488,"forwardfxconvexityadjustedprice":113.66342807043549,"forwardfundingconvexityadjustedpv":0.13663428070435488,"creditfxconvexityadjustedcleanprice":113.66342807043549,"fundingfxconvexityadjusteddirtypv":0.13663428070435488,"fundingfxconvexityadjustmentpremium":0.0,"compoundingadjusteddirtypv":0.13663428070435488,"cumulativeconvexityadjustedfairpremium":0.025967536560970176,"creditfxconvexityadjustmentpremium":0.0,"compoundingadjustedpv":0.13663428070435488,"creditforwardconvexityadjustedupfront":0.13663428070435488,"creditfundingconvexityadjustmentpremiumupfront":0.0,"accrued01":0.0,"forwardfxconvexityadjusteddirtypv":0.13663428070435488,"compoundingadjustedparrate":0.025967536560970176,"fundingfxconvexityadjustedfairpremium":0.025967536560970176,"compoundingadjustedrate":0.025967536560970176,"creditfundingconvexityadjustedcleanprice":113.66342807043549,"totalcoupon":0.025967536560970172,"creditfundingconvexityadjusteddirtydv01":5.261734411485126E-4,"creditforwardconvexityadjusteddv01":5.261734411485126E-4,"cumulativeconvexityadjustedcleanpv":0.13663428070435488,"forwardfxconvexityadjustmentfactor":1.0,"forwardfundingconvexityadjusteddv01":5.261734411485126E-4,"forwardfxconvexityadjustedparrate":0.025967536560970176,"unadjusteddirtypv":0.13663428070435488,"creditforwardconvexityadjustmentpremiumupfront":0.0,"creditforwardconvexityadjustedrate":0.025967536560970176,"creditfundingconvexityadjustedfairpremium":0.025967536560970176,"creditfxconvexityadjustedprice":113.66342807043549,"compoundingadjustedcleanprice":113.66342807043549,"creditfxconvexityadjustedcleandv01":5.261734411485126E-4,"creditfxconvexityadjustmentpremiumupfront":0.0,"forwardfundingconvexityadjustmentfactor":1.0,"unadjusteddirtydv01":5.261734411485126E-4,"compoundingadjusteddirtydv01":5.261734411485126E-4,"creditforwardconvexityadjustmentfactor":1.0,"fundingfxconvexityadjustedparrate":0.025967536560970176,"dirtydv01":5.261734411485126E-4,"dirtyprice":113.66342807043549,"cumulativeconvexityadjustedrate":0.025967536560970176,"cumulativeconvexityadjustmentpremiumupfront":0.0,"fixing01":0.0,"creditfxconvexityadjustmentfactor":1.0,"cumulativecouponamount":0.0,"creditforwardconvexityadjusteddirtyprice":113.66342807043549,"forwardfundingconvexityadjustedparrate":0.025967536560970176,"forwardfxconvexityadjustedpv":0.13663428070435488,"fundingfxconvexityadjustedpv":0.13663428070435488,"cv01":5.261734411485126E-4,"fundingfxconvexityadjustedcleandv01":5.261734411485126E-4,"fundingfxconvexityadjustmentfactor":1.0,"creditfundingconvexityadjusteddirtypv":0.13663428070435488,"creditforwardconvexityadjustedcleanpv":0.13663428070435488,"cumulativeconvexityadjustedprice":113.66342807043549,"fundingfxconvexityadjustedcleanpv":0.13663428070435488,"forwardfxconvexityadjustedcleandv01":5.261734411485126E-4,"forwardfxconvexityadjustedcleanprice":113.66342807043549,"cumulativeconvexityadjusteddirtypv":0.13663428070435488,"forwardfxconvexityadjustedupfront":0.13663428070435488,"creditfundingconvexityadjustedpv":0.13663428070435488,"cumulativeconvexityadjusteddirtydv01":5.261734411485126E-4,"creditforwardconvexityadjustedprice":113.66342807043549,"creditfxconvexityadjustedpv":0.13663428070435488,"forwardfundingconvexityadjustmentpremium":0.0,"forwardfxconvexityadjustedrate":0.025967536560970176,"creditfundingconvexityadjustedcleanpv":0.13663428070435488,"FloatingCashFlow":[{"StartDate":"02-NOV-2018","ReferenceRate":0.025967536560970172,"CouponDCF":6.094444444444444,"PayDate":"04-NOV-2024","ForwardLabel":"USD-LIBOR-3M","FixingDate":"04-NOV-2024","PayDiscountFactor":0.8633657192956451,"FundingLabel":"USD","EndDate":"04-NOV-2024","BaseNotional":1.0,"Tenor":"3M"}],"creditfxconvexityadjusteddirtyprice":113.66342807043549,"compoundingadjustedcleanpv":0.13663428070435488,"forwardfxconvexityadjusteddirtydv01":5.261734411485126E-4,"forwardrate":0.025967536560970176,"unadjustedcleanprice":113.66342807043549,"creditforwardconvexityadjusteddirtydv01":5.261734411485126E-4,"forwardfxconvexityadjustedfairpremium":0.025967536560970176,"forwardfundingconvexityadjustedupfront":0.13663428070435488,"creditfxconvexityadjustedfairpremium":0.025967536560970176,"creditfundingconvexityadjusteddirtyprice":113.66342807043549,"unadjustedcleanpv":0.13663428070435488,"creditforwardconvexityadjustedparrate":0.025967536560970176,"forwardfundingconvexityadjusteddirtyprice":113.66342807043549,"parrate":0.025967536560970176,"creditfxconvexityadjustedupfront":0.13663428070435488,"fundingfxconvexityadjustmentpremiumupfront":0.0,"dirtypv":0.13663428070435488,"creditfxconvexityadjustedrate":0.025967536560970176,"creditfxconvexityadjusteddirtypv":0.13663428070435488,"creditforwardconvexityadjustedcleandv01":5.261734411485126E-4,"unadjustedcleandv01":5.261734411485126E-4,"creditfxconvexityadjustedparrate":0.025967536560970176,"cumulativecoupondcf":0.0,"cumulativeconvexityadjusteddv01":5.261734411485126E-4,"cleanprice":113.66342807043549,"creditforwardconvexityadjusteddirtypv":0.13663428070435488,"cleandv01":5.261734411485126E-4,"rate":0.025967536560970176,"compoundingadjustedcleandv01":5.261734411485126E-4,"forwardfundingconvexityadjustedcleanprice":113.66342807043549,"resetdate":-2.147483648E9,"creditfundingconvexityadjustmentpremium":0.0,"creditforwardconvexityadjustedcleanprice":113.66342807043549,"unadjusteddirtyprice":113.66342807043549,"compoundingadjustmentpremium":0.0,"calctime":6.0413000000000006E-5,"cumulativeconvexityadjustedparrate":0.025967536560970176,"cumulativeconvexityadjustedupfront":0.13663428070435488,"forwardfxconvexityadjustmentpremiumupfront":0.0,"cumulativeconvexityadjustedcleanprice":113.66342807043549,"forwardfundingconvexityadjustmentpremiumupfront":0.0,"forwardfundingconvexityadjusteddirtypv":0.13663428070435488,"accrualcoupon":null,"unadjustedrate":0.025967536560970176,"compoundingadjustedprice":113.66342807043549,"creditfundingconvexityadjustedrate":0.025967536560970176,"accrued":0.0,"forwardfundingconvexityadjustedfairpremium":0.025967536560970176,"creditfundingconvexityadjustedcleandv01":5.261734411485126E-4,"fairpremium":0.025967536560970176,"forwardfundingconvexityadjustedprice":113.66342807043549,"creditfxconvexityadjusteddv01":5.261734411485126E-4,"forwardfxconvexityadjusteddv01":5.261734411485126E-4}

	|-----------------------------------------------------------------|
	|    Copyright (C) 2011-2018 (DRIP)
	|-----------------------------------------------------------------|
	|    Build Version  => 3.86.0 multi mode
	|    Build JVM (TM) => 1.8.0_112
	|    Build Snap     => Fri Nov 02 21:22:20 EST 2018
	|    Start Time     => Fri Nov 02 23:29:03 EDT 2018
	|    Setup Time     => Fri Nov 02 23:29:03 EDT 2018
	|    Setup Duration => 0 ms
	|-----------------------------------------------------------------|


	|---------------- JSON REQUEST -----------------|

{"Parameters":{"CouponRate":0.1189,"ServiceFeeRate":0.0,"PayFrequency":12,"BeginPrincipalFactor":1.0,"Currency":"USD","DayCount":"Act\/365","SettleDate":"01-DEC-2015","NumPayment":48,"FixedMonthlyAmount":3941.98,"BondNotional":147544.28,"Name":"FPMG 11.89 2019","EffectiveDate":"22-OCT-2015"},"API":"FIXEDASSETBACKED::SECULARMETRICS"}

	|---------------- JSON RESPONSE ----------------|


	|-----------------------------------------------------------------|
	|    Copyright (C) 2011-2018 (DRIP)
	|-----------------------------------------------------------------|
	|    Build Version  => 3.86.0 multi mode
	|    Build JVM (TM) => 1.8.0_112
	|    Build Snap     => Fri Nov 02 21:22:20 EST 2018
	|    Start Time     => Fri Nov 02 23:29:03 EDT 2018
	|    Setup Time     => Fri Nov 02 23:29:03 EDT 2018
	|    Setup Duration => 0 ms
	|-----------------------------------------------------------------|

{"AccrualDays":-9,"Risk":1.764975740563557E-4,"PreviousCouponDate":"22-NOV-2015","Accrued":425.37868970736565,"CurrentPrincipal":145092.25468945754,"ModifiedDuration":1.7599017805771134E-4,"DV01":26.04120748589168,"CouponFlow":[{"CouponRate":0.11889999999999906,"AccrualDays":31.0,"BeginPrincipal":145092.25468945754,"DiscountFactor":0.9901888785285793,"FeeRate":0.0,"CouponAmount":1489.9546894575224,"PrincipalFactor":1.0,"TotalAmount":3941.9799999999836,"SurvivalFactor":1.0,"EndDate":"22-NOV-2015","StartDate":"22-OCT-2015","AccrualFraction":0.08493150684931507,"PayDate":"22-NOV-2015","EndPrincipal":145092.25468945754,"Notional":145092.25468945754,"PrincipalAmount":2452.0253105424613,"FeeAmount":0.0},{"CouponRate":0.11889999999999994,"AccrualDays":30.0,"BeginPrincipal":142568.20365514874,"DiscountFactor":0.9804740151616855,"FeeRate":0.0,"CouponAmount":1417.9289656912185,"PrincipalFactor":0.9833810886430673,"TotalAmount":3941.980000000016,"SurvivalFactor":1.0,"EndDate":"22-DEC-2015","StartDate":"22-NOV-2015","AccrualFraction":0.0821917808219178,"PayDate":"22-DEC-2015","EndPrincipal":142568.20365514874,"Notional":142568.20365514874,"PrincipalAmount":2524.051034308797,"FeeAmount":0.0},{"CouponRate":0.11889999999999906,"AccrualDays":31.0,"BeginPrincipal":140065.9281533748,"DiscountFactor":0.9708544654993626,"FeeRate":0.0,"CouponAmount":1439.7044982260509,"PrincipalFactor":0.9662740138428189,"TotalAmount":3941.979999999984,"SurvivalFactor":1.0,"EndDate":"22-JAN-2016","StartDate":"22-DEC-2015","AccrualFraction":0.08493150684931507,"PayDate":"22-JAN-2016","EndPrincipal":140065.9281533748,"Notional":140065.9281533748,"PrincipalAmount":2502.2755017739332,"FeeAmount":0.0},{"CouponRate":0.11889999999999906,"AccrualDays":31.0,"BeginPrincipal":137538.38378236257,"DiscountFactor":0.9613292944072771,"FeeRate":0.0,"CouponAmount":1414.4356289877262,"PrincipalFactor":0.9493145254656759,"TotalAmount":3941.979999999975,"SurvivalFactor":1.0,"EndDate":"22-FEB-2016","StartDate":"22-JAN-2016","AccrualFraction":0.08493150684931507,"PayDate":"22-FEB-2016","EndPrincipal":137538.38378236257,"Notional":137538.38378236257,"PrincipalAmount":2527.544371012249,"FeeAmount":0.0},{"CouponRate":0.11890000000000085,"AccrualDays":29.000000000000004,"BeginPrincipal":134895.7081689926,"DiscountFactor":0.951897575925812,"FeeRate":0.0,"CouponAmount":1299.3043866300486,"PrincipalFactor":0.9321837741345348,"TotalAmount":3941.9800000000023,"SurvivalFactor":1.0,"EndDate":"22-MAR-2016","StartDate":"22-FEB-2016","AccrualFraction":0.07945205479452055,"PayDate":"22-MAR-2016","EndPrincipal":134895.7081689926,"Notional":134895.7081689926,"PrincipalAmount":2642.6756133699537,"FeeAmount":0.0},{"CouponRate":0.11889999999999906,"AccrualDays":31.0,"BeginPrincipal":132315.95307512983,"DiscountFactor":0.942558393180053,"FeeRate":0.0,"CouponAmount":1362.2249061372215,"PrincipalFactor":0.9142727062614193,"TotalAmount":3941.979999999996,"SurvivalFactor":1.0,"EndDate":"22-APR-2016","StartDate":"22-MAR-2016","AccrualFraction":0.08493150684931507,"PayDate":"22-APR-2016","EndPrincipal":132315.95307512983,"Notional":132315.95307512983,"PrincipalAmount":2579.7550938627746,"FeeAmount":0.0},{"CouponRate":0.11889999999999994,"AccrualDays":30.0,"BeginPrincipal":129667.0443206613,"DiscountFactor":0.9333108382906563,"FeeRate":0.0,"CouponAmount":1293.0712455314733,"PrincipalFactor":0.8967880901593056,"TotalAmount":3941.980000000004,"SurvivalFactor":1.0,"EndDate":"22-MAY-2016","StartDate":"22-APR-2016","AccrualFraction":0.0821917808219178,"PayDate":"22-MAY-2016","EndPrincipal":129667.0443206613,"Notional":129667.0443206613,"PrincipalAmount":2648.908754468531,"FeeAmount":0.0},{"CouponRate":0.11889999999999906,"AccrualDays":31.0,"BeginPrincipal":127034.48831699425,"DiscountFactor":0.9241540122855931,"FeeRate":0.0,"CouponAmount":1309.4239963329362,"PrincipalFactor":0.8788347763848338,"TotalAmount":3941.979999999984,"SurvivalFactor":1.0,"EndDate":"22-JUN-2016","StartDate":"22-MAY-2016","AccrualFraction":0.08493150684931507,"PayDate":"22-JUN-2016","EndPrincipal":127034.48831699425,"Notional":127034.48831699425,"PrincipalAmount":2632.5560036670477,"FeeAmount":0.0},{"CouponRate":0.11889999999999994,"AccrualDays":30.0,"BeginPrincipal":124333.9659055606,"DiscountFactor":0.9150870250127583,"FeeRate":0.0,"CouponAmount":1241.4575885663514,"PrincipalFactor":0.8609922954450979,"TotalAmount":3941.9799999999996,"SurvivalFactor":1.0,"EndDate":"22-JUL-2016","StartDate":"22-JUN-2016","AccrualFraction":0.0821917808219178,"PayDate":"22-JUL-2016","EndPrincipal":124333.9659055606,"Notional":124333.9659055606,"PrincipalAmount":2700.522411433648,"FeeAmount":0.0},{"CouponRate":0.11889999999999906,"AccrualDays":31.0,"BeginPrincipal":121647.55457660528,"DiscountFactor":0.9061089950534371,"FeeRate":0.0,"CouponAmount":1255.5686710446635,"PrincipalFactor":0.8426891635891314,"TotalAmount":3941.9799999999827,"SurvivalFactor":1.0,"EndDate":"22-AUG-2016","StartDate":"22-JUL-2016","AccrualFraction":0.08493150684931507,"PayDate":"22-AUG-2016","EndPrincipal":121647.55457660528,"Notional":121647.55457660528,"PrincipalAmount":2686.4113289553193,"FeeAmount":0.0},{"CouponRate":0.11889999999999906,"AccrualDays":31.0,"BeginPrincipal":118934.01490924614,"DiscountFactor":0.8972190496366209,"FeeRate":0.0,"CouponAmount":1228.440332640838,"PrincipalFactor":0.8244816713776046,"TotalAmount":3941.9799999999786,"SurvivalFactor":1.0,"EndDate":"22-SEP-2016","StartDate":"22-AUG-2016","AccrualFraction":0.08493150684931507,"PayDate":"22-SEP-2016","EndPrincipal":118934.01490924614,"Notional":118934.01490924614,"PrincipalAmount":2713.539667359141,"FeeAmount":0.0},{"CouponRate":0.11889999999999994,"AccrualDays":30.0,"BeginPrincipal":116154.32978919485,"DiscountFactor":0.8884163245541633,"FeeRate":0.0,"CouponAmount":1162.2948799487142,"PrincipalFactor":0.8060903134248657,"TotalAmount":3941.9800000000096,"SurvivalFactor":1.0,"EndDate":"22-OCT-2016","StartDate":"22-SEP-2016","AccrualFraction":0.0821917808219178,"PayDate":"22-OCT-2016","EndPrincipal":116154.32978919485,"Notional":116154.32978919485,"PrincipalAmount":2779.685120051295,"FeeAmount":0.0},{"CouponRate":0.11889999999999906,"AccrualDays":31.0,"BeginPrincipal":113385.3175814414,"DiscountFactor":0.8796999640767692,"FeeRate":0.0,"CouponAmount":1172.9677922465476,"PrincipalFactor":0.7872506463089918,"TotalAmount":3941.98,"SurvivalFactor":1.0,"EndDate":"22-NOV-2016","StartDate":"22-OCT-2016","AccrualFraction":0.08493150684931507,"PayDate":"22-NOV-2016","EndPrincipal":113385.3175814414,"Notional":113385.3175814414,"PrincipalAmount":2769.0122077534525,"FeeAmount":0.0},{"CouponRate":0.11889999999999994,"AccrualDays":30.0,"BeginPrincipal":110551.4072466825,"DiscountFactor":0.8710691208708076,"FeeRate":0.0,"CouponAmount":1108.0696652410993,"PrincipalFactor":0.7684833162047447,"TotalAmount":3941.979999999993,"SurvivalFactor":1.0,"EndDate":"22-DEC-2016","StartDate":"22-NOV-2016","AccrualFraction":0.0821917808219178,"PayDate":"22-DEC-2016","EndPrincipal":110551.4072466825,"Notional":110551.4072466825,"PrincipalAmount":2833.910334758894,"FeeAmount":0.0},{"CouponRate":0.11889999999999906,"AccrualDays":31.0,"BeginPrincipal":107725.81473153332,"DiscountFactor":0.8625229559159404,"FeeRate":0.0,"CouponAmount":1116.3874848508049,"PrincipalFactor":0.7492761308448047,"TotalAmount":3941.9799999999846,"SurvivalFactor":1.0,"EndDate":"22-JAN-2017","StartDate":"22-DEC-2016","AccrualFraction":0.08493150684931507,"PayDate":"22-JAN-2017","EndPrincipal":107725.81473153332,"Notional":107725.81473153332,"PrincipalAmount":2825.5925151491797,"FeeAmount":0.0},{"CouponRate":0.11889999999999906,"AccrualDays":31.0,"BeginPrincipal":104871.68837679074,"DiscountFactor":0.8540606384235603,"FeeRate":0.0,"CouponAmount":1087.8536452574124,"PrincipalFactor":0.7301253205582305,"TotalAmount":3941.9799999999886,"SurvivalFactor":1.0,"EndDate":"22-FEB-2017","StartDate":"22-JAN-2017","AccrualFraction":0.08493150684931507,"PayDate":"22-FEB-2017","EndPrincipal":104871.68837679074,"Notional":104871.68837679074,"PrincipalAmount":2854.126354742576,"FeeAmount":0.0},{"CouponRate":0.11889999999999896,"AccrualDays":28.0,"BeginPrincipal":101886.25310266475,"DiscountFactor":0.8456813457560276,"FeeRate":0.0,"CouponAmount":956.5447258739965,"PrincipalFactor":0.710781118568546,"TotalAmount":3941.98,"SurvivalFactor":1.0,"EndDate":"22-MAR-2017","StartDate":"22-FEB-2017","AccrualFraction":0.07671232876712329,"PayDate":"22-MAR-2017","EndPrincipal":101886.25310266475,"Notional":101886.25310266475,"PrincipalAmount":2985.4352741260036,"FeeAmount":0.0},{"CouponRate":0.11889999999999906,"AccrualDays":31.0,"BeginPrincipal":98973.15677474998,"DiscountFactor":0.8373842633467006,"FeeRate":0.0,"CouponAmount":1028.88367208523,"PrincipalFactor":0.6905469537867869,"TotalAmount":3941.979999999996,"SurvivalFactor":1.0,"EndDate":"22-APR-2017","StartDate":"22-MAR-2017","AccrualFraction":0.08493150684931507,"PayDate":"22-APR-2017","EndPrincipal":98973.15677474998,"Notional":98973.15677474998,"PrincipalAmount":2913.096327914766,"FeeAmount":0.0},{"CouponRate":0.11889999999999994,"AccrualDays":30.0,"BeginPrincipal":95998.40211780624,"DiscountFactor":0.8291685846207499,"FeeRate":0.0,"CouponAmount":967.2253430562547,"PrincipalFactor":0.6708030753530396,"TotalAmount":3941.9799999999973,"SurvivalFactor":1.0,"EndDate":"22-MAY-2017","StartDate":"22-APR-2017","AccrualFraction":0.0821917808219178,"PayDate":"22-MAY-2017","EndPrincipal":95998.40211780624,"Notional":95998.40211780624,"PrincipalAmount":2974.7546569437427,"FeeAmount":0.0},{"CouponRate":0.11889999999999906,"AccrualDays":31.0,"BeginPrincipal":93025.84817360356,"DiscountFactor":0.8210335109167497,"FeeRate":0.0,"CouponAmount":969.4260557973128,"PrincipalFactor":0.6506412998037351,"TotalAmount":3941.979999999987,"SurvivalFactor":1.0,"EndDate":"22-JUN-2017","StartDate":"22-MAY-2017","AccrualFraction":0.08493150684931507,"PayDate":"22-JUN-2017","EndPrincipal":93025.84817360356,"Notional":93025.84817360356,"PrincipalAmount":2972.553944202674,"FeeAmount":0.0},{"CouponRate":0.11889999999999994,"AccrualDays":30.0,"BeginPrincipal":89992.97283233026,"DiscountFactor":0.8129782514090385,"FeeRate":0.0,"CouponAmount":909.1046587266951,"PrincipalFactor":0.6304944398630944,"TotalAmount":3941.979999999998,"SurvivalFactor":1.0,"EndDate":"22-JUL-2017","StartDate":"22-JUN-2017","AccrualFraction":0.0821917808219178,"PayDate":"22-JUL-2017","EndPrincipal":89992.97283233026,"Notional":89992.97283233026,"PrincipalAmount":3032.875341273303,"FeeAmount":0.0},{"CouponRate":0.11889999999999906,"AccrualDays":31.0,"BeginPrincipal":86959.77392428282,"DiscountFactor":0.8050020230308411,"FeeRate":0.0,"CouponAmount":908.7810919525575,"PrincipalFactor":0.6099387440321662,"TotalAmount":3941.9799999999914,"SurvivalFactor":1.0,"EndDate":"22-AUG-2017","StartDate":"22-JUL-2017","AccrualFraction":0.08493150684931507,"PayDate":"22-AUG-2017","EndPrincipal":86959.77392428282,"Notional":86959.77392428282,"PrincipalAmount":3033.1989080474336,"FeeAmount":0.0},{"CouponRate":0.11889999999999906,"AccrualDays":31.0,"BeginPrincipal":83895.9446933445,"DiscountFactor":0.7971040503981461,"FeeRate":0.0,"CouponAmount":878.1507690616754,"PrincipalFactor":0.5893808551865435,"TotalAmount":3941.9800000000027,"SurvivalFactor":1.0,"EndDate":"22-SEP-2017","StartDate":"22-AUG-2017","AccrualFraction":0.08493150684931507,"PayDate":"22-SEP-2017","EndPrincipal":83895.9446933445,"Notional":83895.9446933445,"PrincipalAmount":3063.8292309383273,"FeeAmount":0.0},{"CouponRate":0.11889999999999994,"AccrualDays":30.0,"BeginPrincipal":80773.84643230659,"DiscountFactor":0.7892835657343285,"FeeRate":0.0,"CouponAmount":819.8817389620812,"PrincipalFactor":0.5686153654573698,"TotalAmount":3941.9799999999977,"SurvivalFactor":1.0,"EndDate":"22-OCT-2017","StartDate":"22-SEP-2017","AccrualFraction":0.0821917808219178,"PayDate":"22-OCT-2017","EndPrincipal":80773.84643230659,"Notional":80773.84643230659,"PrincipalAmount":3122.0982610379165,"FeeAmount":0.0},{"CouponRate":0.11889999999999906,"AccrualDays":31.0,"BeginPrincipal":77647.54950234725,"DiscountFactor":0.7815398087955129,"FeeRate":0.0,"CouponAmount":815.6830700406477,"PrincipalFactor":0.5474549500143725,"TotalAmount":3941.9799999999836,"SurvivalFactor":1.0,"EndDate":"22-NOV-2017","StartDate":"22-OCT-2017","AccrualFraction":0.08493150684931507,"PayDate":"22-NOV-2017","EndPrincipal":77647.54950234725,"Notional":77647.54950234725,"PrincipalAmount":3126.296929959336,"FeeAmount":0.0},{"CouponRate":0.11889999999999994,"AccrualDays":30.0,"BeginPrincipal":74464.3881573469,"DiscountFactor":0.7738720267966691,"FeeRate":0.0,"CouponAmount":758.8186549996506,"PrincipalFactor":0.5262660775622562,"TotalAmount":3941.9799999999996,"SurvivalFactor":1.0,"EndDate":"22-DEC-2017","StartDate":"22-NOV-2017","AccrualFraction":0.0821917808219178,"PayDate":"22-DEC-2017","EndPrincipal":74464.3881573469,"Notional":74464.3881573469,"PrincipalAmount":3183.1613450003492,"FeeAmount":0.0},{"CouponRate":0.11889999999999906,"AccrualDays":31.0,"BeginPrincipal":71274.37607052269,"DiscountFactor":0.7662794743384325,"FeeRate":0.0,"CouponAmount":751.9679131757883,"PrincipalFactor":0.5046917993523496,"TotalAmount":3941.979999999996,"SurvivalFactor":1.0,"EndDate":"22-JAN-2018","StartDate":"22-DEC-2017","AccrualFraction":0.08493150684931507,"PayDate":"22-JAN-2018","EndPrincipal":71274.37607052269,"Notional":71274.37607052269,"PrincipalAmount":3190.0120868242075,"FeeAmount":0.0},{"CouponRate":0.11889999999999906,"AccrualDays":31.0,"BeginPrincipal":68052.15010547705,"DiscountFactor":0.7587614133346416,"FeeRate":0.0,"CouponAmount":719.7540349543492,"PrincipalFactor":0.48307108937413695,"TotalAmount":3941.9799999999864,"SurvivalFactor":1.0,"EndDate":"22-FEB-2018","StartDate":"22-JAN-2018","AccrualFraction":0.08493150684931507,"PayDate":"22-FEB-2018","EndPrincipal":68052.15010547705,"Notional":68052.15010547705,"PrincipalAmount":3222.225965045637,"FeeAmount":0.0},{"CouponRate":0.11889999999999896,"AccrualDays":28.0,"BeginPrincipal":64730.88029213774,"DiscountFactor":0.7513171129405886,"FeeRate":0.0,"CouponAmount":620.710186660691,"PrincipalFactor":0.4612320457660375,"TotalAmount":3941.98,"SurvivalFactor":1.0,"EndDate":"22-MAR-2018","StartDate":"22-FEB-2018","AccrualFraction":0.07671232876712329,"PayDate":"22-MAR-2018","EndPrincipal":64730.88029213774,"Notional":64730.88029213774,"PrincipalAmount":3321.269813339309,"FeeAmount":0.0},{"CouponRate":0.11889999999999906,"AccrualDays":31.0,"BeginPrincipal":61442.57577616183,"DiscountFactor":0.7439458494819713,"FeeRate":0.0,"CouponAmount":653.6754840240785,"PrincipalFactor":0.4387217199618836,"TotalAmount":3941.9799999999905,"SurvivalFactor":1.0,"EndDate":"22-APR-2018","StartDate":"22-MAR-2018","AccrualFraction":0.08493150684931507,"PayDate":"22-APR-2018","EndPrincipal":61442.57577616183,"Notional":61442.57577616183,"PrincipalAmount":3288.304515975912,"FeeAmount":0.0},{"CouponRate":0.11889999999999994,"AccrualDays":30.0,"BeginPrincipal":58101.04966052777,"DiscountFactor":0.7366469063845444,"FeeRate":0.0,"CouponAmount":600.4538843659427,"PrincipalFactor":0.41643482062579334,"TotalAmount":3941.979999999994,"SurvivalFactor":1.0,"EndDate":"22-MAY-2018","StartDate":"22-APR-2018","AccrualFraction":0.0821917808219178,"PayDate":"22-MAY-2018","EndPrincipal":58101.04966052777,"Notional":58101.04966052777,"PrincipalAmount":3341.5261156340516,"FeeAmount":0.0},{"CouponRate":0.11889999999999906,"AccrualDays":31.0,"BeginPrincipal":54745.794753524315,"DiscountFactor":0.7294195741044593,"FeeRate":0.0,"CouponAmount":586.7250929965415,"PrincipalFactor":0.393787205173442,"TotalAmount":3941.98,"SurvivalFactor":1.0,"EndDate":"22-JUN-2018","StartDate":"22-MAY-2018","AccrualFraction":0.08493150684931507,"PayDate":"22-JUN-2018","EndPrincipal":54745.794753524315,"Notional":54745.794753524315,"PrincipalAmount":3355.2549070034584,"FeeAmount":0.0},{"CouponRate":0.11889999999999994,"AccrualDays":30.0,"BeginPrincipal":51338.82365732109,"DiscountFactor":0.7222631500592885,"FeeRate":0.0,"CouponAmount":535.0089037967701,"PrincipalFactor":0.37104654110294427,"TotalAmount":3941.979999999996,"SurvivalFactor":1.0,"EndDate":"22-JUL-2018","StartDate":"22-JUN-2018","AccrualFraction":0.0821917808219178,"PayDate":"22-JUL-2018","EndPrincipal":51338.82365732109,"Notional":51338.82365732109,"PrincipalAmount":3406.971096203226,"FeeAmount":0.0},{"CouponRate":0.11889999999999906,"AccrualDays":31.0,"BeginPrincipal":47915.281383673195,"DiscountFactor":0.7151769385597259,"FeeRate":0.0,"CouponAmount":518.437726352105,"PrincipalFactor":0.3479553640257765,"TotalAmount":3941.980000000002,"SurvivalFactor":1.0,"EndDate":"22-AUG-2018","StartDate":"22-JUL-2018","AccrualFraction":0.08493150684931507,"PayDate":"22-AUG-2018","EndPrincipal":47915.281383673195,"Notional":47915.281383673195,"PrincipalAmount":3423.5422736478968,"FeeAmount":0.0},{"CouponRate":0.11889999999999906,"AccrualDays":31.0,"BeginPrincipal":44457.166960802184,"DiscountFactor":0.7081602507419575,"FeeRate":0.0,"CouponAmount":483.8655771289853,"PrincipalFactor":0.32475187369970016,"TotalAmount":3941.979999999996,"SurvivalFactor":1.0,"EndDate":"22-SEP-2018","StartDate":"22-AUG-2018","AccrualFraction":0.08493150684931507,"PayDate":"22-SEP-2018","EndPrincipal":44457.166960802184,"Notional":44457.166960802184,"PrincipalAmount":3458.1144228710104,"FeeAmount":0.0},{"CouponRate":0.11889999999999994,"AccrualDays":30.0,"BeginPrincipal":40949.64919244378,"DiscountFactor":0.7012124045006964,"FeeRate":0.0,"CouponAmount":434.4622316415926,"PrincipalFactor":0.3013140662640543,"TotalAmount":3941.9800000000005,"SurvivalFactor":1.0,"EndDate":"22-OCT-2018","StartDate":"22-SEP-2018","AccrualFraction":0.0821917808219178,"PayDate":"22-OCT-2018","EndPrincipal":40949.64919244378,"Notional":40949.64919244378,"PrincipalAmount":3507.517768358408,"FeeAmount":0.0},{"CouponRate":0.11889999999999906,"AccrualDays":31.0,"BeginPrincipal":37421.19333479564,"DiscountFactor":0.6943327244228731,"FeeRate":0.0,"CouponAmount":413.52414235185563,"PrincipalFactor":0.2775414214122281,"TotalAmount":3941.9799999999946,"SurvivalFactor":1.0,"EndDate":"22-NOV-2018","StartDate":"22-OCT-2018","AccrualFraction":0.08493150684931507,"PayDate":"22-NOV-2018","EndPrincipal":37421.19333479564,"Notional":37421.19333479564,"PrincipalAmount":3528.455857648139,"FeeAmount":0.0},{"CouponRate":0.11889999999999994,"AccrualDays":30.0,"BeginPrincipal":33844.91579130308,"DiscountFactor":0.6875205417219777,"FeeRate":0.0,"CouponAmount":365.702456507441,"PrincipalFactor":0.25362686601470175,"TotalAmount":3941.980000000001,"SurvivalFactor":1.0,"EndDate":"22-DEC-2018","StartDate":"22-NOV-2018","AccrualFraction":0.0821917808219178,"PayDate":"22-DEC-2018","EndPrincipal":33844.91579130308,"Notional":33844.91579130308,"PrincipalAmount":3576.2775434925597,"FeeAmount":0.0},{"CouponRate":0.11889999999999906,"AccrualDays":31.0,"BeginPrincipal":30244.713805317228,"DiscountFactor":0.6807751941730464,"FeeRate":0.0,"CouponAmount":341.7780140141453,"PrincipalFactor":0.22938819309906883,"TotalAmount":3941.9799999999946,"SurvivalFactor":1.0,"EndDate":"22-JAN-2019","StartDate":"22-DEC-2018","AccrualFraction":0.08493150684931507,"PayDate":"22-JAN-2019","EndPrincipal":30244.713805317228,"Notional":30244.713805317228,"PrincipalAmount":3600.201985985849,"FeeAmount":0.0},{"CouponRate":0.11889999999999906,"AccrualDays":31.0,"BeginPrincipal":26608.155697413167,"DiscountFactor":0.6740960260482847,"FeeRate":0.0,"CouponAmount":305.4218920959395,"PrincipalFactor":0.20498736925157132,"TotalAmount":3941.9799999999996,"SurvivalFactor":1.0,"EndDate":"22-FEB-2019","StartDate":"22-JAN-2019","AccrualFraction":0.08493150684931507,"PayDate":"22-FEB-2019","EndPrincipal":26608.155697413167,"Notional":26608.155697413167,"PrincipalAmount":3636.5581079040603,"FeeAmount":0.0},{"CouponRate":0.11889999999999896,"AccrualDays":28.0,"BeginPrincipal":22908.87123699626,"DiscountFactor":0.6674823880533229,"FeeRate":0.0,"CouponAmount":242.6955395830881,"PrincipalFactor":0.18034013719415737,"TotalAmount":3941.9799999999973,"SurvivalFactor":1.0,"EndDate":"22-MAR-2019","StartDate":"22-FEB-2019","AccrualFraction":0.07671232876712329,"PayDate":"22-MAR-2019","EndPrincipal":22908.87123699626,"Notional":22908.87123699626,"PrincipalAmount":3699.284460416909,"FeeAmount":0.0},{"CouponRate":0.11889999999999906,"AccrualDays":31.0,"BeginPrincipal":19198.23317807145,"DiscountFactor":0.6609336372640977,"FeeRate":0.0,"CouponAmount":231.34194107518863,"PrincipalFactor":0.15526776935707884,"TotalAmount":3941.98,"SurvivalFactor":1.0,"EndDate":"22-APR-2019","StartDate":"22-MAR-2019","AccrualFraction":0.08493150684931507,"PayDate":"22-APR-2019","EndPrincipal":19198.23317807145,"Notional":19198.23317807145,"PrincipalAmount":3710.6380589248115,"FeeAmount":0.0},{"CouponRate":0.11889999999999994,"AccrualDays":30.0,"BeginPrincipal":15443.869884225369,"DiscountFactor":0.6544491370643517,"FeeRate":0.0,"CouponAmount":187.61670615392003,"PrincipalFactor":0.13011845107157965,"TotalAmount":3941.979999999999,"SurvivalFactor":1.0,"EndDate":"22-MAY-2019","StartDate":"22-APR-2019","AccrualFraction":0.0821917808219178,"PayDate":"22-MAY-2019","EndPrincipal":15443.869884225369,"Notional":15443.869884225369,"PrincipalAmount":3754.363293846079,"FeeAmount":0.0},{"CouponRate":0.11889999999999906,"AccrualDays":31.0,"BeginPrincipal":11657.847582872673,"DiscountFactor":0.6480282570837469,"FeeRate":0.0,"CouponAmount":155.95769864730366,"PrincipalFactor":0.10467277948169437,"TotalAmount":3941.979999999999,"SurvivalFactor":1.0,"EndDate":"22-JUN-2019","StartDate":"22-MAY-2019","AccrualFraction":0.08493150684931507,"PayDate":"22-JUN-2019","EndPrincipal":11657.847582872673,"Notional":11657.847582872673,"PrincipalAmount":3786.0223013526956,"FeeAmount":0.0},{"CouponRate":0.11889999999999994,"AccrualDays":30.0,"BeginPrincipal":7829.795096100363,"DiscountFactor":0.6416703731365853,"FeeRate":0.0,"CouponAmount":113.92751322768987,"PrincipalFactor":0.07901253496830019,"TotalAmount":3941.9800000000014,"SurvivalFactor":1.0,"EndDate":"22-JUL-2019","StartDate":"22-JUN-2019","AccrualFraction":0.0821917808219178,"PayDate":"22-JUL-2019","EndPrincipal":7829.795096100363,"Notional":7829.795096100363,"PrincipalAmount":3828.0524867723116,"FeeAmount":0.0},{"CouponRate":0.11889999999999906,"AccrualDays":31.0,"BeginPrincipal":3966.883155674928,"DiscountFactor":0.6353748671611303,"FeeRate":0.0,"CouponAmount":79.06805957456464,"PrincipalFactor":0.05306742556268777,"TotalAmount":3941.979999999999,"SurvivalFactor":1.0,"EndDate":"22-AUG-2019","StartDate":"22-JUL-2019","AccrualFraction":0.08493150684931507,"PayDate":"22-AUG-2019","EndPrincipal":3966.883155674928,"Notional":3966.883155674928,"PrincipalAmount":3862.9119404254343,"FeeAmount":0.0},{"CouponRate":0.11889999999999906,"AccrualDays":31.0,"BeginPrincipal":64.96215464342686,"DiscountFactor":0.6291411271595246,"FeeRate":0.0,"CouponAmount":40.05899896849891,"PrincipalFactor":0.026886051805430397,"TotalAmount":3941.9800000000005,"SurvivalFactor":1.0,"EndDate":"22-SEP-2019","StartDate":"22-AUG-2019","AccrualFraction":0.08493150684931507,"PayDate":"22-SEP-2019","EndPrincipal":64.96215464342686,"Notional":64.96215464342686,"PrincipalAmount":3901.9210010315014,"FeeAmount":0.0},{"CouponRate":0.11889999999999994,"AccrualDays":30.0,"BeginPrincipal":0.0,"DiscountFactor":0.622968547138296,"FeeRate":0.0,"CouponAmount":0.6348493304468589,"PrincipalFactor":4.402892110993856E-4,"TotalAmount":65.59700397387371,"SurvivalFactor":1.0,"EndDate":"22-OCT-2019","StartDate":"22-SEP-2019","AccrualFraction":0.0821917808219178,"PayDate":"22-OCT-2019","EndPrincipal":0.0,"Notional":0.0,"PrincipalAmount":64.96215464342686,"FeeAmount":0.0}],"NPV":145517.6333791649,"Total":145517.6333791649,"Yield01":1.764975740563557E-4,"Yield":0.12879856560312272,"Convexity":4.429388280786994E-8,"Y01":1.764975740563557E-4,"CleanPrice":100.0,"Face":147544.28,"SettleDate":"01-DEC-2015","Notional":147544.28}

	|-----------------------------------------------------------------|
	|    Copyright (C) 2011-2018 (DRIP)
	|-----------------------------------------------------------------|
	|    Build Version  => 3.86.0 multi mode
	|    Build JVM (TM) => 1.8.0_112
	|    Build Snap     => Fri Nov 02 21:22:20 EST 2018
	|    Start Time     => Fri Nov 02 23:29:03 EDT 2018
	|    Setup Time     => Fri Nov 02 23:29:03 EDT 2018
	|    Setup Duration => 0 ms
	|-----------------------------------------------------------------|


	|---------------- JSON REQUEST -----------------|

{"Parameters":{"FixFloatQuote":[0.0166,0.0206,0.0241,0.0269,0.0292,0.0311,0.0326,0.034,0.0351,0.0375,0.0393,0.0402,0.0407,0.0409,0.0409],"FixFloatTenor":["04Y","05Y","06Y","07Y","08Y","09Y","10Y","11Y","12Y","15Y","20Y","25Y","30Y","40Y","50Y"],"FixFloatMaturity":"05Y","DepositQuote":[0.0013,0.0017,0.0017,0.0018,0.002,0.0023],"Currency":"USD","FuturesQuote":[0.0027,0.0032,0.0041,0.0054,0.0077,0.0104,0.0134,0.016],"SpotDate":"02-NOV-2018","FixFloatCoupon":0.0206,"DepositTenor":["01D","04D","07D","14D","30D","60D"]},"API":"FIXFLOAT::SECULARMETRICS"}

	|---------------- JSON RESPONSE ----------------|


	|-----------------------------------------------------------------|
	|    Copyright (C) 2011-2018 (DRIP)
	|-----------------------------------------------------------------|
	|    Build Version  => 3.86.0 multi mode
	|    Build JVM (TM) => 1.8.0_112
	|    Build Snap     => Fri Nov 02 21:22:20 EST 2018
	|    Start Time     => Fri Nov 02 23:29:03 EDT 2018
	|    Setup Time     => Fri Nov 02 23:29:03 EDT 2018
	|    Setup Duration => 0 ms
	|-----------------------------------------------------------------|

{"fixedstream::usd\/usd::6::{06-nov-2018->06-nov-2023}@compoundingadjusteddirtydv01":4.804740935458494E-4,"floatstream::usd::usd-libor-3m::{06-nov-2018->06-nov-2023}@cumulativeconvexityadjusteddv01":-4.886224532632714E-4,"cleanfloatingpv":-0.09897766327044533,"floatstream::usd::usd-libor-3m::{06-nov-2018->06-nov-2023}@cv01":-4.886224532632714E-4,"floatstream::usd::usd-libor-3m::{06-nov-2018->06-nov-2023}@compoundingadjustedfairpremium":0.020256470534544966,"fixedstream::usd\/usd::6::{06-nov-2018->06-nov-2023}@cumulativeconvexityadjustedpv":0.09897766327044474,"floatstream::usd::usd-libor-3m::{06-nov-2018->06-nov-2023}@upfront":-0.09897766327044533,"fixedstream::usd\/usd::6::{06-nov-2018->06-nov-2023}@cleandv01":4.804740935458494E-4,"floatstream::usd::usd-libor-3m::{06-nov-2018->06-nov-2023}@creditfundingconvexityadjustedrate":0.020256470534544966,"fixedstream::usd\/usd::6::{06-nov-2018->06-nov-2023}@cumulativeconvexityadjustedfairpremium":0.02059999999999995,"fixedstream::usd\/usd::6::{06-nov-2018->06-nov-2023}@creditforwardconvexityadjustmentpremium":0.0,"floatstream::usd::usd-libor-3m::{06-nov-2018->06-nov-2023}@fundingfxconvexityadjusteddv01":-4.886224532632714E-4,"floatstream::usd::usd-libor-3m::{06-nov-2018->06-nov-2023}@unadjusteddirtypv":-0.09897766327044533,"floatdv01":-4.886224532632714E-4,"floatstream::usd::usd-libor-3m::{06-nov-2018->06-nov-2023}@forwardfundingconvexityadjustedrate":0.020256470534544966,"floatstream::usd::usd-libor-3m::{06-nov-2018->06-nov-2023}@creditforwardconvexityadjustedparrate":0.020256470534544966,"fixedstream::usd\/usd::6::{06-nov-2018->06-nov-2023}@fundingfxconvexityadjustedcleanpv":0.09897766327044474,"floatstream::usd::usd-libor-3m::{06-nov-2018->06-nov-2023}@forwardfundingconvexityadjustedfairpremium":0.020256470534544966,"fixedstream::usd\/usd::6::{06-nov-2018->06-nov-2023}@compoundingadjustmentfactor":1.0,"floatstream::usd::usd-libor-3m::{06-nov-2018->06-nov-2023}@creditforwardconvexityadjustmentfactor":1.0,"fixedstream::usd\/usd::6::{06-nov-2018->06-nov-2023}@upfront":0.09897766327044474,"floatstream::usd::usd-libor-3m::{06-nov-2018->06-nov-2023}@cumulativeconvexityadjusteddirtydv01":-4.886224532632714E-4,"floatstream::usd::usd-libor-3m::{06-nov-2018->06-nov-2023}@creditfundingconvexityadjustmentpremium":0.0,"fixedstream::usd\/usd::6::{06-nov-2018->06-nov-2023}@creditfxconvexityadjustmentpremiumupfront":0.0,"fixedstream::usd\/usd::6::{06-nov-2018->06-nov-2023}@forwardfundingconvexityadjustedupfront":0.09897766327044474,"floatstream::usd::usd-libor-3m::{06-nov-2018->06-nov-2023}@creditforwardconvexityadjustedcleanprice":109.89776632704454,"fixedstream::usd\/usd::6::{06-nov-2018->06-nov-2023}@creditfxconvexityadjustmentfactor":1.0,"floatstream::usd::usd-libor-3m::{06-nov-2018->06-nov-2023}@creditfxconvexityadjustedpv":-0.09897766327044533,"fixedstream::usd\/usd::6::{06-nov-2018->06-nov-2023}@creditfundingconvexityadjustmentpremiumupfront":0.0,"fixedstream::usd\/usd::6::{06-nov-2018->06-nov-2023}@creditfundingconvexityadjustmentfactor":1.0,"fixedstream::usd\/usd::6::{06-nov-2018->06-nov-2023}@creditfxconvexityadjusteddv01":4.804740935458494E-4,"floatstream::usd::usd-libor-3m::{06-nov-2018->06-nov-2023}@creditfundingconvexityadjustedpv":-0.09897766327044533,"floatstream::usd::usd-libor-3m::{06-nov-2018->06-nov-2023}@creditfxconvexityadjustedfairpremium":0.020256470534544966,"fixedstream::usd\/usd::6::{06-nov-2018->06-nov-2023}@forwardfundingconvexityadjustedrate":0.02059999999999995,"floatstream::usd::usd-libor-3m::{06-nov-2018->06-nov-2023}@dirtypv":-0.09897766327044533,"fixedstream::usd\/usd::6::{06-nov-2018->06-nov-2023}@creditfundingconvexityadjustedrate":0.02059999999999995,"fixedstream::usd\/usd::6::{06-nov-2018->06-nov-2023}@creditfxconvexityadjusteddirtypv":0.09897766327044474,"fixedstream::usd\/usd::6::{06-nov-2018->06-nov-2023}@cumulativeconvexityadjustmentpremium":0.0,"derivedresetdate":-2.147483648E9,"fixedstream::usd\/usd::6::{06-nov-2018->06-nov-2023}@cumulativeconvexityadjustmentfactor":1.0,"dirtyprice":99.99999999999994,"derivedaccrued":0.0,"cumulativecouponamount":0.0,"floatstream::usd::usd-libor-3m::{06-nov-2018->06-nov-2023}@compoundingadjustedcleandv01":-4.886224532632714E-4,"fixedstream::usd\/usd::6::{06-nov-2018->06-nov-2023}@creditforwardconvexityadjustedpv":0.09897766327044474,"fixedstream::usd\/usd::6::{06-nov-2018->06-nov-2023}@accrualcoupon":null,"floatstream::usd::usd-libor-3m::{06-nov-2018->06-nov-2023}@fundingfxconvexityadjustedcleanpv":-0.09897766327044533,"floatstream::usd::usd-libor-3m::{06-nov-2018->06-nov-2023}@forwardfxconvexityadjustedparrate":0.020256470534544966,"floatstream::usd::usd-libor-3m::{06-nov-2018->06-nov-2023}@creditforwardconvexityadjustedcleandv01":-4.886224532632714E-4,"floatstream::usd::usd-libor-3m::{06-nov-2018->06-nov-2023}@creditfxconvexityadjustmentfactor":1.0,"floatstream::usd::usd-libor-3m::{06-nov-2018->06-nov-2023}@forwardfxconvexityadjustmentfactor":1.0,"floatstream::usd::usd-libor-3m::{06-nov-2018->06-nov-2023}@forwardfundingconvexityadjustedcleandv01":-4.886224532632714E-4,"fixedstream::usd\/usd::6::{06-nov-2018->06-nov-2023}@creditfxconvexityadjustedprice":109.89776632704447,"fixedstream::usd\/usd::6::{06-nov-2018->06-nov-2023}@forwardfxconvexityadjustedpv":0.09897766327044474,"referencedv01":4.804740935458494E-4,"fixedstream::usd\/usd::6::{06-nov-2018->06-nov-2023}@creditfundingconvexityadjustedcleanpv":0.09897766327044474,"floatstream::usd::usd-libor-3m::{06-nov-2018->06-nov-2023}@fundingfxconvexityadjustedprice":109.89776632704454,"floatstream::usd::usd-libor-3m::{06-nov-2018->06-nov-2023}@unadjusteddirtyprice":109.89776632704454,"floatstream::usd::usd-libor-3m::{06-nov-2018->06-nov-2023}@fundingfxconvexityadjustedcleanprice":109.89776632704454,"cleanfixeddv01":4.804740935458494E-4,"floatstream::usd::usd-libor-3m::{06-nov-2018->06-nov-2023}@cumulativeconvexityadjustedprice":109.89776632704454,"floatstream::usd::usd-libor-3m::{06-nov-2018->06-nov-2023}@creditfxconvexityadjustedcleanprice":109.89776632704454,"fixedstream::usd\/usd::6::{06-nov-2018->06-nov-2023}@forwardfundingconvexityadjustedprice":109.89776632704447,"fixedstream::usd\/usd::6::{06-nov-2018->06-nov-2023}@fundingfxconvexityadjusteddirtyprice":109.89776632704447,"fixedstream::usd\/usd::6::{06-nov-2018->06-nov-2023}@pv":0.09897766327044474,"floatstream::usd::usd-libor-3m::{06-nov-2018->06-nov-2023}@compoundingadjustedparrate":0.020256470534544966,"fixedstream::usd\/usd::6::{06-nov-2018->06-nov-2023}@forwardfxconvexityadjustmentfactor":1.0,"floatstream::usd::usd-libor-3m::{06-nov-2018->06-nov-2023}@creditfxconvexityadjustedcleanpv":-0.09897766327044533,"floatstream::usd::usd-libor-3m::{06-nov-2018->06-nov-2023}@forwardfxconvexityadjustedrate":0.020256470534544966,"cumulativecoupondcf":0.0,"fixedstream::usd\/usd::6::{06-nov-2018->06-nov-2023}@accrued01":0.0,"floatstream::usd::usd-libor-3m::{06-nov-2018->06-nov-2023}@compoundingadjusteddirtydv01":-4.886224532632714E-4,"referencedirtypv":0.09897766327044474,"fixedstream::usd\/usd::6::{06-nov-2018->06-nov-2023}@creditforwardconvexityadjustedfairpremium":0.02059999999999995,"fixedstream::usd\/usd::6::{06-nov-2018->06-nov-2023}@creditfxconvexityadjustedupfront":0.09897766327044474,"fixedstream::usd\/usd::6::{06-nov-2018->06-nov-2023}@forwardfxconvexityadjustedcleanprice":109.89776632704447,"floatstream::usd::usd-libor-3m::{06-nov-2018->06-nov-2023}@compoundingadjusteddirtyprice":109.89776632704454,"floatstream::usd::usd-libor-3m::{06-nov-2018->06-nov-2023}@forwardfundingconvexityadjusteddirtydv01":-4.886224532632714E-4,"rate":0.020600000000000073,"fixedstream::usd\/usd::6::{06-nov-2018->06-nov-2023}@cumulativeconvexityadjusteddirtypv":0.09897766327044474,"floatstream::usd::usd-libor-3m::{06-nov-2018->06-nov-2023}@unadjustedrate":0.020256470534544966,"referencecumulativecoupondcf":0.0,"floatstream::usd::usd-libor-3m::{06-nov-2018->06-nov-2023}@creditfundingconvexityadjustedcleanpv":-0.09897766327044533,"floatstream::usd::usd-libor-3m::{06-nov-2018->06-nov-2023}@unadjustedupfront":-0.09897766327044533,"floatstream::usd::usd-libor-3m::{06-nov-2018->06-nov-2023}@creditfxconvexityadjustedprice":109.89776632704454,"floatstream::usd::usd-libor-3m::{06-nov-2018->06-nov-2023}@creditfundingconvexityadjustedprice":109.89776632704454,"floatstream::usd::usd-libor-3m::{06-nov-2018->06-nov-2023}@cleanprice":109.89776632704454,"floatstream::usd::usd-libor-3m::{06-nov-2018->06-nov-2023}@unadjustedpv":-0.09897766327044533,"fixedstream::usd\/usd::6::{06-nov-2018->06-nov-2023}@fundingfxconvexityadjustedupfront":0.09897766327044474,"floatstream::usd::usd-libor-3m::{06-nov-2018->06-nov-2023}@cumulativeconvexityadjustedcleandv01":-4.886224532632714E-4,"floatstream::usd::usd-libor-3m::{06-nov-2018->06-nov-2023}@forwardfundingconvexityadjustmentfactor":1.0,"fixedstream::usd\/usd::6::{06-nov-2018->06-nov-2023}@creditfundingconvexityadjustedprice":109.89776632704447,"fixedstream::usd\/usd::6::{06-nov-2018->06-nov-2023}@fairpremium":0.02059999999999995,"fairpremium":0.020600000000000073,"fixedstream::usd\/usd::6::{06-nov-2018->06-nov-2023}@forwardfxconvexityadjusteddirtyprice":109.89776632704447,"floatstream::usd::usd-libor-3m::{06-nov-2018->06-nov-2023}@forwardfundingconvexityadjustedparrate":0.020256470534544966,"floatstream::usd::usd-libor-3m::{06-nov-2018->06-nov-2023}@forwardfxconvexityadjusteddv01":-4.886224532632714E-4,"floatstream::usd::usd-libor-3m::{06-nov-2018->06-nov-2023}@creditfxconvexityadjusteddirtypv":-0.09897766327044533,"fixedstream::usd\/usd::6::{06-nov-2018->06-nov-2023}@forwardfundingconvexityadjusteddirtyprice":109.89776632704447,"fixedstream::usd\/usd::6::{06-nov-2018->06-nov-2023}@compoundingadjustedrate":0.02059999999999995,"floatstream::usd::usd-libor-3m::{06-nov-2018->06-nov-2023}@creditfundingconvexityadjustedcleandv01":-4.886224532632714E-4,"fixedstream::usd\/usd::6::{06-nov-2018->06-nov-2023}@fundingfxconvexityadjusteddirtypv":0.09897766327044474,"fixedstream::usd\/usd::6::{06-nov-2018->06-nov-2023}@forwardfxconvexityadjustedprice":109.89776632704447,"floatstream::usd::usd-libor-3m::{06-nov-2018->06-nov-2023}@creditfundingconvexityadjustedupfront":-0.09897766327044533,"floatstream::usd::usd-libor-3m::{06-nov-2018->06-nov-2023}@forwardfxconvexityadjusteddirtypv":-0.09897766327044533,"floatstream::usd::usd-libor-3m::{06-nov-2018->06-nov-2023}@forwardfxconvexityadjustedprice":109.89776632704454,"floatstream::usd::usd-libor-3m::{06-nov-2018->06-nov-2023}@creditfxconvexityadjusteddirtyprice":109.89776632704454,"floatstream::usd::usd-libor-3m::{06-nov-2018->06-nov-2023}@creditforwardconvexityadjustmentpremiumupfront":-0.0,"cleanpv":-5.828670879282072E-16,"referencecleandv01":4.804740935458494E-4,"fixedstream::usd\/usd::6::{06-nov-2018->06-nov-2023}@creditforwardconvexityadjustedcleandv01":4.804740935458494E-4,"fixedstream::usd\/usd::6::{06-nov-2018->06-nov-2023}@creditforwardconvexityadjusteddirtypv":0.09897766327044474,"floatstream::usd::usd-libor-3m::{06-nov-2018->06-nov-2023}@compoundingadjustedcleanprice":109.89776632704454,"floatstream::usd::usd-libor-3m::{06-nov-2018->06-nov-2023}@cumulativecoupondcf":0.0,"fixedstream::usd\/usd::6::{06-nov-2018->06-nov-2023}@creditfxconvexityadjustedparrate":0.02059999999999995,"floatstream::usd::usd-libor-3m::{06-nov-2018->06-nov-2023}@forwardfundingconvexityadjusteddirtypv":-0.09897766327044533,"fixedstream::usd\/usd::6::{06-nov-2018->06-nov-2023}@creditforwardconvexityadjustedprice":109.89776632704447,"floatstream::usd::usd-libor-3m::{06-nov-2018->06-nov-2023}@accrualcoupon":null,"floatstream::usd::usd-libor-3m::{06-nov-2018->06-nov-2023}@fundingfxconvexityadjustmentpremium":0.0,"fixedstream::usd\/usd::6::{06-nov-2018->06-nov-2023}@creditfundingconvexityadjusteddirtydv01":4.804740935458494E-4,"floatstream::usd::usd-libor-3m::{06-nov-2018->06-nov-2023}@creditfundingconvexityadjustedcleanprice":109.89776632704454,"fixedstream::usd\/usd::6::{06-nov-2018->06-nov-2023}@unadjustedfairpremium":0.02059999999999995,"floatstream::usd::usd-libor-3m::{06-nov-2018->06-nov-2023}@creditforwardconvexityadjusteddirtypv":-0.09897766327044533,"floatstream::usd::usd-libor-3m::{06-nov-2018->06-nov-2023}@cumulativeconvexityadjustedcleanprice":109.89776632704454,"floatstream::usd::usd-libor-3m::{06-nov-2018->06-nov-2023}@cumulativeconvexityadjustedparrate":0.020256470534544966,"floatstream::usd::usd-libor-3m::{06-nov-2018->06-nov-2023}@creditfundingconvexityadjustedparrate":0.020256470534544966,"floatstream::usd::usd-libor-3m::{06-nov-2018->06-nov-2023}@creditfundingconvexityadjustedfairpremium":0.020256470534544966,"fixedstream::usd\/usd::6::{06-nov-2018->06-nov-2023}@creditfundingconvexityadjustedfairpremium":0.02059999999999995,"fixedstream::usd\/usd::6::{06-nov-2018->06-nov-2023}@creditfxconvexityadjustedcleanprice":109.89776632704447,"fixedstream::usd\/usd::6::{06-nov-2018->06-nov-2023}@creditfundingconvexityadjusteddv01":4.804740935458494E-4,"floatstream::usd::usd-libor-3m::{06-nov-2018->06-nov-2023}@cleanpv":-0.09897766327044533,"fixedstream::usd\/usd::6::{06-nov-2018->06-nov-2023}@forwardfundingconvexityadjustmentpremiumupfront":0.0,"dirtyfloatingpv":-0.09897766327044533,"floatstream::usd::usd-libor-3m::{06-nov-2018->06-nov-2023}@fairpremium":0.020256470534544966,"fixedstream::usd\/usd::6::{06-nov-2018->06-nov-2023}@forwardfxconvexityadjustedrate":0.02059999999999995,"fixedstream::usd\/usd::6::{06-nov-2018->06-nov-2023}@creditforwardconvexityadjustedparrate":0.02059999999999995,"fixedstream::usd\/usd::6::{06-nov-2018->06-nov-2023}@cumulativeconvexityadjustedcleandv01":4.804740935458494E-4,"fixedstream::usd\/usd::6::{06-nov-2018->06-nov-2023}@forwardfxconvexityadjustedfairpremium":0.02059999999999995,"fixedstream::usd\/usd::6::{06-nov-2018->06-nov-2023}@unadjustedupfront":0.09897766327044474,"floatstream::usd::usd-libor-3m::{06-nov-2018->06-nov-2023}@price":109.89776632704454,"floatstream::usd::usd-libor-3m::{06-nov-2018->06-nov-2023}@resetdate":-2.147483648E9,"floatstream::usd::usd-libor-3m::{06-nov-2018->06-nov-2023}@forwardfxconvexityadjustedfairpremium":0.020256470534544966,"parfixedcoupon":0.020600000000000073,"floatstream::usd::usd-libor-3m::{06-nov-2018->06-nov-2023}@fundingfxconvexityadjustmentpremiumupfront":-0.0,"fixedstream::usd\/usd::6::{06-nov-2018->06-nov-2023}@cumulativeconvexityadjustmentpremiumupfront":0.0,"floatstream::usd::usd-libor-3m::{06-nov-2018->06-nov-2023}@forwardfundingconvexityadjusteddv01":-4.886224532632714E-4,"floatstream::usd::usd-libor-3m::{06-nov-2018->06-nov-2023}@compoundingadjustedcleanpv":-0.09897766327044533,"fixedstream::usd\/usd::6::{06-nov-2018->06-nov-2023}@creditfxconvexityadjustedcleanpv":0.09897766327044474,"fixedstream::usd\/usd::6::{06-nov-2018->06-nov-2023}@compoundingadjustedprice":109.89776632704447,"fixedstream::usd\/usd::6::{06-nov-2018->06-nov-2023}@cumulativeconvexityadjustedcleanprice":109.89776632704447,"floatstream::usd::usd-libor-3m::{06-nov-2018->06-nov-2023}@creditforwardconvexityadjustedcleanpv":-0.09897766327044533,"floatstream::usd::usd-libor-3m::{06-nov-2018->06-nov-2023}@forwardfundingconvexityadjusteddirtyprice":109.89776632704454,"floatstream::usd::usd-libor-3m::{06-nov-2018->06-nov-2023}@forwardfundingconvexityadjustedcleanpv":-0.09897766327044533,"floatstream::usd::usd-libor-3m::{06-nov-2018->06-nov-2023}@creditfundingconvexityadjustmentpremiumupfront":-0.0,"referencecumulativeconvexityadjustmentpremium":0.0,"referencepv":0.09897766327044474,"dirtyfixeddv01":4.804740935458494E-4,"fixedstream::usd\/usd::6::{06-nov-2018->06-nov-2023}@creditfundingconvexityadjustedparrate":0.02059999999999995,"fixedstream::usd\/usd::6::{06-nov-2018->06-nov-2023}@unadjustedcleanprice":109.89776632704447,"referencecumulativecouponamount":0.0,"FixedCashFlow":[{"StartDate":"06-NOV-2018","ReferenceRate":0.02059999999999995,"CouponDCF":0.5,"PayDate":"06-MAY-2019","FixingDate":"06-MAY-2019","PayDiscountFactor":0.9986535636759523,"FundingLabel":"USD","EndDate":"06-MAY-2019","BaseNotional":1.0,"Tenor":"6M"},{"StartDate":"06-MAY-2019","ReferenceRate":0.02059999999999995,"CouponDCF":0.5,"PayDate":"06-NOV-2019","FixingDate":"06-NOV-2019","PayDiscountFactor":0.9965080353156249,"FundingLabel":"USD","EndDate":"06-NOV-2019","BaseNotional":1.0,"Tenor":"6M"},{"StartDate":"06-NOV-2019","ReferenceRate":0.02059999999999995,"CouponDCF":0.5,"PayDate":"06-MAY-2020","FixingDate":"06-MAY-2020","PayDiscountFactor":0.9925336560233886,"FundingLabel":"USD","EndDate":"06-MAY-2020","BaseNotional":1.0,"Tenor":"6M"},{"StartDate":"06-MAY-2020","ReferenceRate":0.02059999999999995,"CouponDCF":0.5,"PayDate":"06-NOV-2020","FixingDate":"06-NOV-2020","PayDiscountFactor":0.98568696660241,"FundingLabel":"USD","EndDate":"06-NOV-2020","BaseNotional":1.0,"Tenor":"6M"},{"StartDate":"06-NOV-2020","ReferenceRate":0.02059999999999995,"CouponDCF":0.5,"PayDate":"06-MAY-2021","FixingDate":"06-MAY-2021","PayDiscountFactor":0.9704676230162573,"FundingLabel":"USD","EndDate":"06-MAY-2021","BaseNotional":1.0,"Tenor":"6M"},{"StartDate":"06-MAY-2021","ReferenceRate":0.02059999999999995,"CouponDCF":0.5,"PayDate":"06-NOV-2021","FixingDate":"06-NOV-2021","PayDiscountFactor":0.9608203168506573,"FundingLabel":"USD","EndDate":"06-NOV-2021","BaseNotional":1.0,"Tenor":"6M"},{"StartDate":"06-NOV-2021","ReferenceRate":0.02059999999999995,"CouponDCF":0.5,"PayDate":"06-MAY-2022","FixingDate":"06-MAY-2022","PayDiscountFactor":0.949347167046437,"FundingLabel":"USD","EndDate":"06-MAY-2022","BaseNotional":1.0,"Tenor":"6M"},{"StartDate":"06-MAY-2022","ReferenceRate":0.02059999999999995,"CouponDCF":0.5,"PayDate":"06-NOV-2022","FixingDate":"06-NOV-2022","PayDiscountFactor":0.9353321528720749,"FundingLabel":"USD","EndDate":"06-NOV-2022","BaseNotional":1.0,"Tenor":"6M"},{"StartDate":"06-NOV-2022","ReferenceRate":0.02059999999999995,"CouponDCF":0.5,"PayDate":"06-MAY-2023","FixingDate":"06-MAY-2023","PayDiscountFactor":0.9191262992169121,"FundingLabel":"USD","EndDate":"06-MAY-2023","BaseNotional":1.0,"Tenor":"6M"},{"StartDate":"06-MAY-2023","ReferenceRate":0.02059999999999995,"CouponDCF":0.5,"PayDate":"06-NOV-2023","FixingDate":"06-NOV-2023","PayDiscountFactor":0.9010060902972732,"FundingLabel":"USD","EndDate":"06-NOV-2023","BaseNotional":1.0,"Tenor":"6M"}],"fixedstream::usd\/usd::6::{06-nov-2018->06-nov-2023}@creditfundingconvexityadjustedcleanprice":109.89776632704447,"floatstream::usd::usd-libor-3m::{06-nov-2018->06-nov-2023}@dv01":-4.886224532632714E-4,"fixedstream::usd\/usd::6::{06-nov-2018->06-nov-2023}@fundingfxconvexityadjustedparrate":0.02059999999999995,"floatstream::usd::usd-libor-3m::{06-nov-2018->06-nov-2023}@creditforwardconvexityadjusteddirtydv01":-4.886224532632714E-4,"derivedcleandv01":-4.886224532632714E-4,"fixedstream::usd\/usd::6::{06-nov-2018->06-nov-2023}@compoundingadjustedupfront":0.09897766327044474,"floatstream::usd::usd-libor-3m::{06-nov-2018->06-nov-2023}@forwardfxconvexityadjustmentpremium":0.0,"derivedresetrate":null,"parrate":0.020600000000000073,"fixedstream::usd\/usd::6::{06-nov-2018->06-nov-2023}@creditforwardconvexityadjustedcleanprice":109.89776632704447,"floatstream::usd::usd-libor-3m::{06-nov-2018->06-nov-2023}@compoundingadjusteddirtypv":-0.09897766327044533,"fixedstream::usd\/usd::6::{06-nov-2018->06-nov-2023}@fundingfxconvexityadjustedprice":109.89776632704447,"fixedstream::usd\/usd::6::{06-nov-2018->06-nov-2023}@creditforwardconvexityadjustmentfactor":1.0,"fixedstream::usd\/usd::6::{06-nov-2018->06-nov-2023}@cumulativeconvexityadjustedrate":0.02059999999999995,"fixedstream::usd\/usd::6::{06-nov-2018->06-nov-2023}@compoundingadjustedcleandv01":4.804740935458494E-4,"fixedstream::usd\/usd::6::{06-nov-2018->06-nov-2023}@fundingfxconvexityadjusteddirtydv01":4.804740935458494E-4,"floatstream::usd::usd-libor-3m::{06-nov-2018->06-nov-2023}@cumulativeconvexityadjustedupfront":-0.09897766327044533,"fixedstream::usd\/usd::6::{06-nov-2018->06-nov-2023}@unadjusteddirtydv01":4.804740935458494E-4,"resetdate":-2.147483648E9,"fixedstream::usd\/usd::6::{06-nov-2018->06-nov-2023}@compoundingadjustedpv":0.09897766327044474,"floatstream::usd::usd-libor-3m::{06-nov-2018->06-nov-2023}@pv":-0.09897766327044533,"swaprate":0.020600000000000073,"fixedstream::usd\/usd::6::{06-nov-2018->06-nov-2023}@creditforwardconvexityadjustedcleanpv":0.09897766327044474,"fixedstream::usd\/usd::6::{06-nov-2018->06-nov-2023}@dirtyprice":109.89776632704447,"fixedaccrued":0.0,"referenceaccrued":0.0,"derivedcumulativeconvexityadjustmentpremium":-0.0,"fixedstream::usd\/usd::6::{06-nov-2018->06-nov-2023}@creditfxconvexityadjustmentpremium":0.0,"derivedaccrued01":0.0,"floatstream::usd::usd-libor-3m::{06-nov-2018->06-nov-2023}@fundingfxconvexityadjustedupfront":-0.09897766327044533,"floatstream::usd::usd-libor-3m::{06-nov-2018->06-nov-2023}@forwardfxconvexityadjustedpv":-0.09897766327044533,"fixedstream::usd\/usd::6::{06-nov-2018->06-nov-2023}@forwardfundingconvexityadjustmentfactor":1.0,"floatstream::usd::usd-libor-3m::{06-nov-2018->06-nov-2023}@cumulativecouponamount":0.0,"derivedfixing01":0.0,"deriveddv01":-4.886224532632714E-4,"fixedstream::usd\/usd::6::{06-nov-2018->06-nov-2023}@forwardfundingconvexityadjustedpv":0.09897766327044474,"fixedstream::usd\/usd::6::{06-nov-2018->06-nov-2023}@creditfxconvexityadjustedfairpremium":0.02059999999999995,"fixedstream::usd\/usd::6::{06-nov-2018->06-nov-2023}@fundingfxconvexityadjustedcleandv01":4.804740935458494E-4,"floatstream::usd::usd-libor-3m::{06-nov-2018->06-nov-2023}@forwardfxconvexityadjustedcleandv01":-4.886224532632714E-4,"resetrate":null,"floatstream::usd::usd-libor-3m::{06-nov-2018->06-nov-2023}@fixing01":0.0,"floatstream::usd::usd-libor-3m::{06-nov-2018->06-nov-2023}@fundingfxconvexityadjusteddirtyprice":109.89776632704454,"fixedstream::usd\/usd::6::{06-nov-2018->06-nov-2023}@cumulativeconvexityadjusteddv01":4.804740935458494E-4,"pv":-5.828670879282072E-16,"fixedstream::usd\/usd::6::{06-nov-2018->06-nov-2023}@cumulativeconvexityadjustedprice":109.89776632704447,"floatstream::usd::usd-libor-3m::{06-nov-2018->06-nov-2023}@forwardfundingconvexityadjustmentpremiumupfront":-0.0,"fixedstream::usd\/usd::6::{06-nov-2018->06-nov-2023}@forwardfundingconvexityadjusteddirtydv01":4.804740935458494E-4,"derivedpv":-0.09897766327044533,"floatstream::usd::usd-libor-3m::{06-nov-2018->06-nov-2023}@cumulativeconvexityadjustmentpremium":0.0,"fixedstream::usd\/usd::6::{06-nov-2018->06-nov-2023}@fixing01":0.0,"floatstream::usd::usd-libor-3m::{06-nov-2018->06-nov-2023}@dirtyprice":109.89776632704454,"floatstream::usd::usd-libor-3m::{06-nov-2018->06-nov-2023}@cumulativeconvexityadjustedcleanpv":-0.09897766327044533,"fixedstream::usd\/usd::6::{06-nov-2018->06-nov-2023}@compoundingadjustedcleanprice":109.89776632704447,"floatstream::usd::usd-libor-3m::{06-nov-2018->06-nov-2023}@dirtydv01":-4.886224532632714E-4,"floatstream::usd::usd-libor-3m::{06-nov-2018->06-nov-2023}@cumulativeconvexityadjustedfairpremium":0.020256470534544966,"deriveddirtydv01":-4.886224532632714E-4,"fixedstream::usd\/usd::6::{06-nov-2018->06-nov-2023}@resetrate":null,"floatstream::usd::usd-libor-3m::{06-nov-2018->06-nov-2023}@creditforwardconvexityadjustmentpremium":0.0,"floatstream::usd::usd-libor-3m::{06-nov-2018->06-nov-2023}@forwardfundingconvexityadjustedprice":109.89776632704454,"floatstream::usd::usd-libor-3m::{06-nov-2018->06-nov-2023}@fundingfxconvexityadjustedparrate":0.020256470534544966,"floatstream::usd::usd-libor-3m::{06-nov-2018->06-nov-2023}@fundingfxconvexityadjustedcleandv01":-4.886224532632714E-4,"floatstream::usd::usd-libor-3m::{06-nov-2018->06-nov-2023}@compoundingadjustmentpremium":0.0,"floatstream::usd::usd-libor-3m::{06-nov-2018->06-nov-2023}@creditforwardconvexityadjusteddirtyprice":109.89776632704454,"floatstream::usd::usd-libor-3m::{06-nov-2018->06-nov-2023}@forwardfundingconvexityadjustmentpremium":0.0,"cumulativeconvexityadjustmentpremium":0.0,"fixedstream::usd\/usd::6::{06-nov-2018->06-nov-2023}@parrate":0.02059999999999995,"floatstream::usd::usd-libor-3m::{06-nov-2018->06-nov-2023}@parrate":0.020256470534544966,"fixedstream::usd\/usd::6::{06-nov-2018->06-nov-2023}@fundingfxconvexityadjustedfairpremium":0.02059999999999995,"floatstream::usd::usd-libor-3m::{06-nov-2018->06-nov-2023}@creditforwardconvexityadjusteddv01":-4.886224532632714E-4,"fixedstream::usd\/usd::6::{06-nov-2018->06-nov-2023}@forwardfxconvexityadjusteddv01":4.804740935458494E-4,"floatstream::usd::usd-libor-3m::{06-nov-2018->06-nov-2023}@compoundingadjustedupfront":-0.09897766327044533,"fixedstream::usd\/usd::6::{06-nov-2018->06-nov-2023}@totalcoupon":0.20599999999999952,"upfront":-5.828670879282072E-16,"fixedstream::usd\/usd::6::{06-nov-2018->06-nov-2023}@forwardfxconvexityadjusteddirtydv01":4.804740935458494E-4,"fixedstream::usd\/usd::6::{06-nov-2018->06-nov-2023}@calctime":6.494400000000001E-5,"derivedcleanpv":-0.09897766327044533,"fixedstream::usd\/usd::6::{06-nov-2018->06-nov-2023}@unadjustedrate":0.02059999999999995,"floatstream::usd::usd-libor-3m::{06-nov-2018->06-nov-2023}@creditfxconvexityadjustedcleandv01":-4.886224532632714E-4,"floatstream::usd::usd-libor-3m::{06-nov-2018->06-nov-2023}@creditfxconvexityadjustmentpremiumupfront":-0.0,"floatstream::usd::usd-libor-3m::{06-nov-2018->06-nov-2023}@creditforwardconvexityadjustedupfront":-0.09897766327044533,"floatstream::usd::usd-libor-3m::{06-nov-2018->06-nov-2023}@calctime":8.9487E-5,"dirtyfixedpv":0.09897766327044474,"fixedstream::usd\/usd::6::{06-nov-2018->06-nov-2023}@fundingfxconvexityadjustedcleanprice":109.89776632704447,"floatstream::usd::usd-libor-3m::{06-nov-2018->06-nov-2023}@accrued":0.0,"referenceaccrued01":0.0,"fixedstream::usd\/usd::6::{06-nov-2018->06-nov-2023}@fundingfxconvexityadjustmentpremiumupfront":0.0,"floatstream::usd::usd-libor-3m::{06-nov-2018->06-nov-2023}@forwardfxconvexityadjustedcleanprice":109.89776632704454,"fixedstream::usd\/usd::6::{06-nov-2018->06-nov-2023}@compoundingadjustmentpremiumupfront":0.0,"fixedstream::usd\/usd::6::{06-nov-2018->06-nov-2023}@fundingfxconvexityadjustmentfactor":1.0,"floatstream::usd::usd-libor-3m::{06-nov-2018->06-nov-2023}@unadjustedfairpremium":0.020256470534544966,"fixedstream::usd\/usd::6::{06-nov-2018->06-nov-2023}@forwardfxconvexityadjustedcleanpv":0.09897766327044474,"floatstream::usd::usd-libor-3m::{06-nov-2018->06-nov-2023}@forwardfxconvexityadjustedcleanpv":-0.09897766327044533,"floatstream::usd::usd-libor-3m::{06-nov-2018->06-nov-2023}@unadjusteddirtydv01":-4.886224532632714E-4,"fixedstream::usd\/usd::6::{06-nov-2018->06-nov-2023}@forwardfundingconvexityadjustedparrate":0.02059999999999995,"fixedstream::usd\/usd::6::{06-nov-2018->06-nov-2023}@creditfxconvexityadjustedpv":0.09897766327044474,"fixedstream::usd\/usd::6::{06-nov-2018->06-nov-2023}@unadjustedcleandv01":4.804740935458494E-4,"floatstream::usd::usd-libor-3m::{06-nov-2018->06-nov-2023}@compoundingadjustmentpremiumupfront":-0.0,"floatstream::usd::usd-libor-3m::{06-nov-2018->06-nov-2023}@compoundingadjustmentfactor":1.0,"fixedstream::usd\/usd::6::{06-nov-2018->06-nov-2023}@creditfundingconvexityadjustmentpremium":0.0,"fixedstream::usd\/usd::6::{06-nov-2018->06-nov-2023}@creditfxconvexityadjusteddirtydv01":4.804740935458494E-4,"fixing01":0.0,"fixedstream::usd\/usd::6::{06-nov-2018->06-nov-2023}@forwardfundingconvexityadjusteddv01":4.804740935458494E-4,"fixedstream::usd\/usd::6::{06-nov-2018->06-nov-2023}@unadjustedprice":109.89776632704447,"floataccrued":0.0,"fixedstream::usd\/usd::6::{06-nov-2018->06-nov-2023}@unadjustedpv":0.09897766327044474,"floatstream::usd::usd-libor-3m::{06-nov-2018->06-nov-2023}@unadjustedcleanprice":109.89776632704454,"derivedcumulativeconvexityadjustmentfactor":1.0,"fixedstream::usd\/usd::6::{06-nov-2018->06-nov-2023}@creditfundingconvexityadjustedupfront":0.09897766327044474,"FloatingCashFlow":[{"StartDate":"06-NOV-2018","ReferenceRate":0.0024230603413243974,"CouponDCF":0.25555555555555554,"PayDate":"06-FEB-2019","ForwardLabel":"USD-LIBOR-3M","FixingDate":"06-FEB-2019","PayDiscountFactor":0.9993649202942501,"FundingLabel":"USD","EndDate":"06-FEB-2019","BaseNotional":-1.0,"Tenor":"3M"},{"StartDate":"06-FEB-2019","ReferenceRate":0.00288127701319021,"CouponDCF":0.24722222222222223,"PayDate":"06-MAY-2019","ForwardLabel":"USD-LIBOR-3M","FixingDate":"06-MAY-2019","PayDiscountFactor":0.9986535636759523,"FundingLabel":"USD","EndDate":"06-MAY-2019","BaseNotional":-1.0,"Tenor":"3M"},{"StartDate":"06-MAY-2019","ReferenceRate":0.003684872594956515,"CouponDCF":0.25555555555555554,"PayDate":"06-AUG-2019","ForwardLabel":"USD-LIBOR-3M","FixingDate":"06-AUG-2019","PayDiscountFactor":0.9977140266902328,"FundingLabel":"USD","EndDate":"06-AUG-2019","BaseNotional":-1.0,"Tenor":"3M"},{"StartDate":"06-AUG-2019","ReferenceRate":0.004735633347656409,"CouponDCF":0.25555555555555554,"PayDate":"06-NOV-2019","ForwardLabel":"USD-LIBOR-3M","FixingDate":"06-NOV-2019","PayDiscountFactor":0.9965080353156249,"FundingLabel":"USD","EndDate":"06-NOV-2019","BaseNotional":-1.0,"Tenor":"3M"},{"StartDate":"06-NOV-2019","ReferenceRate":0.00663677774447574,"CouponDCF":0.25555555555555554,"PayDate":"06-FEB-2020","ForwardLabel":"USD-LIBOR-3M","FixingDate":"06-FEB-2020","PayDiscountFactor":0.9948207542317045,"FundingLabel":"USD","EndDate":"06-FEB-2020","BaseNotional":-1.0,"Tenor":"3M"},{"StartDate":"06-FEB-2020","ReferenceRate":0.009217211706368467,"CouponDCF":0.25,"PayDate":"06-MAY-2020","ForwardLabel":"USD-LIBOR-3M","FixingDate":"06-MAY-2020","PayDiscountFactor":0.9925336560233886,"FundingLabel":"USD","EndDate":"06-MAY-2020","BaseNotional":-1.0,"Tenor":"3M"},{"StartDate":"06-MAY-2020","ReferenceRate":0.012068047240537528,"CouponDCF":0.25555555555555554,"PayDate":"06-AUG-2020","ForwardLabel":"USD-LIBOR-3M","FixingDate":"06-AUG-2020","PayDiscountFactor":0.9894820374971651,"FundingLabel":"USD","EndDate":"06-AUG-2020","BaseNotional":-1.0,"Tenor":"3M"},{"StartDate":"06-AUG-2020","ReferenceRate":0.015065916378551206,"CouponDCF":0.25555555555555554,"PayDate":"06-NOV-2020","ForwardLabel":"USD-LIBOR-3M","FixingDate":"06-NOV-2020","PayDiscountFactor":0.98568696660241,"FundingLabel":"USD","EndDate":"06-NOV-2020","BaseNotional":-1.0,"Tenor":"3M"},{"StartDate":"06-NOV-2020","ReferenceRate":0.04489997594944762,"CouponDCF":0.25555555555555554,"PayDate":"06-FEB-2021","ForwardLabel":"USD-LIBOR-3M","FixingDate":"06-FEB-2021","PayDiscountFactor":0.9745050683246432,"FundingLabel":"USD","EndDate":"06-FEB-2021","BaseNotional":-1.0,"Tenor":"3M"},{"StartDate":"06-FEB-2021","ReferenceRate":0.01682821668887086,"CouponDCF":0.24722222222222223,"PayDate":"06-MAY-2021","ForwardLabel":"USD-LIBOR-3M","FixingDate":"06-MAY-2021","PayDiscountFactor":0.9704676230162573,"FundingLabel":"USD","EndDate":"06-MAY-2021","BaseNotional":-1.0,"Tenor":"3M"},{"StartDate":"06-MAY-2021","ReferenceRate":0.018597907520880672,"CouponDCF":0.25555555555555554,"PayDate":"06-AUG-2021","ForwardLabel":"USD-LIBOR-3M","FixingDate":"06-AUG-2021","PayDiscountFactor":0.9658770041540855,"FundingLabel":"USD","EndDate":"06-AUG-2021","BaseNotional":-1.0,"Tenor":"3M"},{"StartDate":"06-AUG-2021","ReferenceRate":0.020593899740944124,"CouponDCF":0.25555555555555554,"PayDate":"06-NOV-2021","ForwardLabel":"USD-LIBOR-3M","FixingDate":"06-NOV-2021","PayDiscountFactor":0.9608203168506573,"FundingLabel":"USD","EndDate":"06-NOV-2021","BaseNotional":-1.0,"Tenor":"3M"},{"StartDate":"06-NOV-2021","ReferenceRate":0.022797301073095348,"CouponDCF":0.25555555555555554,"PayDate":"06-FEB-2022","ForwardLabel":"USD-LIBOR-3M","FixingDate":"06-FEB-2022","PayDiscountFactor":0.9552550231133181,"FundingLabel":"USD","EndDate":"06-FEB-2022","BaseNotional":-1.0,"Tenor":"3M"},{"StartDate":"06-FEB-2022","ReferenceRate":0.025171977879130714,"CouponDCF":0.24722222222222223,"PayDate":"06-MAY-2022","ForwardLabel":"USD-LIBOR-3M","FixingDate":"06-MAY-2022","PayDiscountFactor":0.949347167046437,"FundingLabel":"USD","EndDate":"06-MAY-2022","BaseNotional":-1.0,"Tenor":"3M"},{"StartDate":"06-MAY-2022","ReferenceRate":0.02777109024802211,"CouponDCF":0.25555555555555554,"PayDate":"06-AUG-2022","ForwardLabel":"USD-LIBOR-3M","FixingDate":"06-AUG-2022","PayDiscountFactor":0.9426570766109649,"FundingLabel":"USD","EndDate":"06-AUG-2022","BaseNotional":-1.0,"Tenor":"3M"},{"StartDate":"06-AUG-2022","ReferenceRate":0.03064445606537567,"CouponDCF":0.25555555555555554,"PayDate":"06-NOV-2022","ForwardLabel":"USD-LIBOR-3M","FixingDate":"06-NOV-2022","PayDiscountFactor":0.9353321528720749,"FundingLabel":"USD","EndDate":"06-NOV-2022","BaseNotional":-1.0,"Tenor":"3M"},{"StartDate":"06-NOV-2022","ReferenceRate":0.0336428808240232,"CouponDCF":0.25555555555555554,"PayDate":"06-FEB-2023","ForwardLabel":"USD-LIBOR-3M","FixingDate":"06-FEB-2023","PayDiscountFactor":0.9273590672790134,"FundingLabel":"USD","EndDate":"06-FEB-2023","BaseNotional":-1.0,"Tenor":"3M"},{"StartDate":"06-FEB-2023","ReferenceRate":0.03623123864969581,"CouponDCF":0.24722222222222223,"PayDate":"06-MAY-2023","ForwardLabel":"USD-LIBOR-3M","FixingDate":"06-MAY-2023","PayDiscountFactor":0.9191262992169121,"FundingLabel":"USD","EndDate":"06-MAY-2023","BaseNotional":-1.0,"Tenor":"3M"},{"StartDate":"06-MAY-2023","ReferenceRate":0.03834049548809654,"CouponDCF":0.25555555555555554,"PayDate":"06-AUG-2023","ForwardLabel":"USD-LIBOR-3M","FixingDate":"06-AUG-2023","PayDiscountFactor":0.9102079663081812,"FundingLabel":"USD","EndDate":"06-AUG-2023","BaseNotional":-1.0,"Tenor":"3M"},{"StartDate":"06-AUG-2023","ReferenceRate":0.03996348226721588,"CouponDCF":0.25555555555555554,"PayDate":"06-NOV-2023","ForwardLabel":"USD-LIBOR-3M","FixingDate":"06-NOV-2023","PayDiscountFactor":0.9010060902972732,"FundingLabel":"USD","EndDate":"06-NOV-2023","BaseNotional":-1.0,"Tenor":"3M"}],"referenceparbasisspread":1.2131082523653004E-12,"fixedstream::usd\/usd::6::{06-nov-2018->06-nov-2023}@creditforwardconvexityadjusteddirtydv01":4.804740935458494E-4,"calibfloatingpv":0.09897766327044522,"referencecleanpv":0.09897766327044474,"referencedirtydv01":4.804740935458494E-4,"floatstream::usd::usd-libor-3m::{06-nov-2018->06-nov-2023}@creditfxconvexityadjusteddv01":-4.886224532632714E-4,"dirtypv":-5.828670879282072E-16,"fixedstream::usd\/usd::6::{06-nov-2018->06-nov-2023}@price":109.89776632704447,"fixedstream::usd\/usd::6::{06-nov-2018->06-nov-2023}@forwardfxconvexityadjustedupfront":0.09897766327044474,"fixedstream::usd\/usd::6::{06-nov-2018->06-nov-2023}@forwardfundingconvexityadjustedcleandv01":4.804740935458494E-4,"fixedstream::usd\/usd::6::{06-nov-2018->06-nov-2023}@fundingfxconvexityadjusteddv01":4.804740935458494E-4,"floatstream::usd::usd-libor-3m::{06-nov-2018->06-nov-2023}@cumulativeconvexityadjustedrate":0.020256470534544966,"floatstream::usd::usd-libor-3m::{06-nov-2018->06-nov-2023}@fundingfxconvexityadjustmentfactor":1.0,"cleanprice":99.99999999999994,"floatstream::usd::usd-libor-3m::{06-nov-2018->06-nov-2023}@fundingfxconvexityadjustedfairpremium":0.020256470534544966,"floatstream::usd::usd-libor-3m::{06-nov-2018->06-nov-2023}@forwardfxconvexityadjusteddirtydv01":-4.886224532632714E-4,"cleanfloatingdv01":-4.886224532632714E-4,"fixedstream::usd\/usd::6::{06-nov-2018->06-nov-2023}@compoundingadjustedparrate":0.02059999999999995,"floatstream::usd::usd-libor-3m::{06-nov-2018->06-nov-2023}@compoundingadjustedpv":-0.09897766327044533,"floatstream::usd::usd-libor-3m::{06-nov-2018->06-nov-2023}@creditfxconvexityadjusteddirtydv01":-4.886224532632714E-4,"fixedstream::usd\/usd::6::{06-nov-2018->06-nov-2023}@accrued":0.0,"floatstream::usd::usd-libor-3m::{06-nov-2018->06-nov-2023}@unadjustedcleandv01":-4.886224532632714E-4,"fixedstream::usd\/usd::6::{06-nov-2018->06-nov-2023}@forwardfxconvexityadjustedcleandv01":4.804740935458494E-4,"fixedstream::usd\/usd::6::{06-nov-2018->06-nov-2023}@rate":0.02059999999999995,"fixedaccrued01":0.0,"floatstream::usd::usd-libor-3m::{06-nov-2018->06-nov-2023}@creditfundingconvexityadjusteddirtypv":-0.09897766327044533,"fixedstream::usd\/usd::6::{06-nov-2018->06-nov-2023}@creditforwardconvexityadjustedrate":0.02059999999999995,"fixedstream::usd\/usd::6::{06-nov-2018->06-nov-2023}@creditfxconvexityadjustedcleandv01":4.804740935458494E-4,"floatstream::usd::usd-libor-3m::{06-nov-2018->06-nov-2023}@totalcoupon":0.412195718761859,"fixedstream::usd\/usd::6::{06-nov-2018->06-nov-2023}@cumulativeconvexityadjustedcleanpv":0.09897766327044474,"floatstream::usd::usd-libor-3m::{06-nov-2018->06-nov-2023}@forwardfundingconvexityadjustedpv":-0.09897766327044533,"fixedstream::usd\/usd::6::{06-nov-2018->06-nov-2023}@compoundingadjustmentpremium":0.0,"fixedstream::usd\/usd::6::{06-nov-2018->06-nov-2023}@creditfundingconvexityadjusteddirtypv":0.09897766327044474,"floatstream::usd::usd-libor-3m::{06-nov-2018->06-nov-2023}@compoundingadjustedprice":109.89776632704454,"fixedstream::usd\/usd::6::{06-nov-2018->06-nov-2023}@compoundingadjustedcleanpv":0.09897766327044474,"fixedstream::usd\/usd::6::{06-nov-2018->06-nov-2023}@cumulativecoupondcf":0.0,"floatstream::usd::usd-libor-3m::{06-nov-2018->06-nov-2023}@creditfxconvexityadjustmentpremium":0.0,"initialnotional":1.0,"fixeddv01":4.804740935458494E-4,"floatstream::usd::usd-libor-3m::{06-nov-2018->06-nov-2023}@creditforwardconvexityadjustedrate":0.020256470534544966,"fixedstream::usd\/usd::6::{06-nov-2018->06-nov-2023}@resetdate":-2.147483648E9,"fixedstream::usd\/usd::6::{06-nov-2018->06-nov-2023}@cleanprice":109.89776632704447,"price":99.99999999999994,"floatstream::usd::usd-libor-3m::{06-nov-2018->06-nov-2023}@creditfundingconvexityadjusteddirtyprice":109.89776632704454,"fixedstream::usd\/usd::6::{06-nov-2018->06-nov-2023}@dv01":4.804740935458494E-4,"floatstream::usd::usd-libor-3m::{06-nov-2018->06-nov-2023}@creditfundingconvexityadjusteddv01":-4.886224532632714E-4,"floatstream::usd::usd-libor-3m::{06-nov-2018->06-nov-2023}@creditforwardconvexityadjustedfairpremium":0.020256470534544966,"fixedstream::usd\/usd::6::{06-nov-2018->06-nov-2023}@unadjustedparrate":0.02059999999999995,"floatstream::usd::usd-libor-3m::{06-nov-2018->06-nov-2023}@unadjustedprice":109.89776632704454,"fixedstream::usd\/usd::6::{06-nov-2018->06-nov-2023}@creditfundingconvexityadjustedpv":0.09897766327044474,"fixedstream::usd\/usd::6::{06-nov-2018->06-nov-2023}@forwardfundingconvexityadjusteddirtypv":0.09897766327044474,"fixedstream::usd\/usd::6::{06-nov-2018->06-nov-2023}@creditfxconvexityadjusteddirtyprice":109.89776632704447,"deriveddirtypv":-0.09897766327044533,"floatstream::usd::usd-libor-3m::{06-nov-2018->06-nov-2023}@unadjustedparrate":0.020256470534544966,"floataccrued01":0.0,"fixedstream::usd\/usd::6::{06-nov-2018->06-nov-2023}@creditfundingconvexityadjustedcleandv01":4.804740935458494E-4,"fixedstream::usd\/usd::6::{06-nov-2018->06-nov-2023}@fundingfxconvexityadjustmentpremium":0.0,"floatstream::usd::usd-libor-3m::{06-nov-2018->06-nov-2023}@creditforwardconvexityadjustedpv":-0.09897766327044533,"fixedstream::usd\/usd::6::{06-nov-2018->06-nov-2023}@forwardfxconvexityadjusteddirtypv":0.09897766327044474,"floatstream::usd::usd-libor-3m::{06-nov-2018->06-nov-2023}@fundingfxconvexityadjusteddirtypv":-0.09897766327044533,"fixedstream::usd\/usd::6::{06-nov-2018->06-nov-2023}@cumulativeconvexityadjusteddirtyprice":109.89776632704447,"fixedstream::usd\/usd::6::{06-nov-2018->06-nov-2023}@cumulativeconvexityadjustedparrate":0.02059999999999995,"floatstream::usd::usd-libor-3m::{06-nov-2018->06-nov-2023}@forwardfxconvexityadjusteddirtyprice":109.89776632704454,"floatstream::usd::usd-libor-3m::{06-nov-2018->06-nov-2023}@fundingfxconvexityadjustedpv":-0.09897766327044533,"fixedstream::usd\/usd::6::{06-nov-2018->06-nov-2023}@creditforwardconvexityadjustmentpremiumupfront":0.0,"floatstream::usd::usd-libor-3m::{06-nov-2018->06-nov-2023}@cumulativeconvexityadjusteddirtyprice":109.89776632704454,"floatstream::usd::usd-libor-3m::{06-nov-2018->06-nov-2023}@cumulativeconvexityadjustedpv":-0.09897766327044533,"derivedparbasisspread":-1.1928782315170368E-12,"floatstream::usd::usd-libor-3m::{06-nov-2018->06-nov-2023}@fundingfxconvexityadjustedrate":0.020256470534544966,"floatstream::usd::usd-libor-3m::{06-nov-2018->06-nov-2023}@cumulativeconvexityadjusteddirtypv":-0.09897766327044533,"fixedstream::usd\/usd::6::{06-nov-2018->06-nov-2023}@creditforwardconvexityadjustedupfront":0.09897766327044474,"floatstream::usd::usd-libor-3m::{06-nov-2018->06-nov-2023}@creditfxconvexityadjustedrate":0.020256470534544966,"floatstream::usd::usd-libor-3m::{06-nov-2018->06-nov-2023}@forwardfxconvexityadjustmentpremiumupfront":-0.0,"floatstream::usd::usd-libor-3m::{06-nov-2018->06-nov-2023}@rate":0.020256470534544966,"floatstream::usd::usd-libor-3m::{06-nov-2018->06-nov-2023}@cumulativeconvexityadjustmentfactor":1.0,"fixedstream::usd\/usd::6::{06-nov-2018->06-nov-2023}@cumulativecouponamount":0.0,"fixedstream::usd\/usd::6::{06-nov-2018->06-nov-2023}@compoundingadjustedfairpremium":0.02059999999999995,"fixedstream::usd\/usd::6::{06-nov-2018->06-nov-2023}@cumulativeconvexityadjustedupfront":0.09897766327044474,"calibswaprate":0.020600000000000052,"fixedstream::usd\/usd::6::{06-nov-2018->06-nov-2023}@cv01":4.804740935458494E-4,"floatstream::usd::usd-libor-3m::{06-nov-2018->06-nov-2023}@unadjustedcleanpv":-0.09897766327044533,"floatstream::usd::usd-libor-3m::{06-nov-2018->06-nov-2023}@creditfxconvexityadjustedupfront":-0.09897766327044533,"dirtyfloatingdv01":-4.886224532632714E-4,"floatstream::usd::usd-libor-3m::{06-nov-2018->06-nov-2023}@creditfxconvexityadjustedparrate":0.020256470534544966,"floatstream::usd::usd-libor-3m::{06-nov-2018->06-nov-2023}@resetrate":null,"fixedstream::usd\/usd::6::{06-nov-2018->06-nov-2023}@cleanpv":0.09897766327044474,"fixedstream::usd\/usd::6::{06-nov-2018->06-nov-2023}@fundingfxconvexityadjustedpv":0.09897766327044474,"floatstream::usd::usd-libor-3m::{06-nov-2018->06-nov-2023}@cumulativeconvexityadjustmentpremiumupfront":-0.0,"fixedstream::usd\/usd::6::{06-nov-2018->06-nov-2023}@forwardfundingconvexityadjustedcleanpv":0.09897766327044474,"fixedstream::usd\/usd::6::{06-nov-2018->06-nov-2023}@unadjusteddirtypv":0.09897766327044474,"fixedstream::usd\/usd::6::{06-nov-2018->06-nov-2023}@creditforwardconvexityadjusteddirtyprice":109.89776632704447,"fixedstream::usd\/usd::6::{06-nov-2018->06-nov-2023}@forwardfundingconvexityadjustmentpremium":0.0,"floatstream::usd::usd-libor-3m::{06-nov-2018->06-nov-2023}@fundingfxconvexityadjusteddirtydv01":-4.886224532632714E-4,"derivedcumulativecoupondcf":0.0,"floatstream::usd::usd-libor-3m::{06-nov-2018->06-nov-2023}@creditfundingconvexityadjusteddirtydv01":-4.886224532632714E-4,"fixedstream::usd\/usd::6::{06-nov-2018->06-nov-2023}@compoundingadjusteddirtyprice":109.89776632704447,"fixedstream::usd\/usd::6::{06-nov-2018->06-nov-2023}@creditfxconvexityadjustedrate":0.02059999999999995,"fixedstream::usd\/usd::6::{06-nov-2018->06-nov-2023}@dirtydv01":4.804740935458494E-4,"floatstream::usd::usd-libor-3m::{06-nov-2018->06-nov-2023}@cleandv01":-4.886224532632714E-4,"fixedstream::usd\/usd::6::{06-nov-2018->06-nov-2023}@creditfundingconvexityadjusteddirtyprice":109.89776632704447,"fixedstream::usd\/usd::6::{06-nov-2018->06-nov-2023}@compoundingadjusteddirtypv":0.09897766327044474,"floatstream::usd::usd-libor-3m::{06-nov-2018->06-nov-2023}@creditforwardconvexityadjustedprice":109.89776632704454,"referencecumulativeconvexityadjustmentfactor":1.0,"fixedstream::usd\/usd::6::{06-nov-2018->06-nov-2023}@forwardfundingconvexityadjustedcleanprice":109.89776632704447,"fixedstream::usd\/usd::6::{06-nov-2018->06-nov-2023}@unadjustedcleanpv":0.09897766327044474,"floatstream::usd::usd-libor-3m::{06-nov-2018->06-nov-2023}@forwardfundingconvexityadjustedcleanprice":109.89776632704454,"fixedstream::usd\/usd::6::{06-nov-2018->06-nov-2023}@cumulativeconvexityadjusteddirtydv01":4.804740935458494E-4,"floatstream::usd::usd-libor-3m::{06-nov-2018->06-nov-2023}@accrued01":0.0,"fixedstream::usd\/usd::6::{06-nov-2018->06-nov-2023}@dirtypv":0.09897766327044474,"fixedstream::usd\/usd::6::{06-nov-2018->06-nov-2023}@forwardfundingconvexityadjustedfairpremium":0.02059999999999995,"fixedstream::usd\/usd::6::{06-nov-2018->06-nov-2023}@creditforwardconvexityadjusteddv01":4.804740935458494E-4,"fixedstream::usd\/usd::6::{06-nov-2018->06-nov-2023}@forwardfxconvexityadjustedparrate":0.02059999999999995,"floatstream::usd::usd-libor-3m::{06-nov-2018->06-nov-2023}@forwardfundingconvexityadjustedupfront":-0.09897766327044533,"fixedstream::usd\/usd::6::{06-nov-2018->06-nov-2023}@forwardfxconvexityadjustmentpremiumupfront":0.0,"fixedstream::usd\/usd::6::{06-nov-2018->06-nov-2023}@forwardfxconvexityadjustmentpremium":0.0,"calctime":3.75692E-4,"floatstream::usd::usd-libor-3m::{06-nov-2018->06-nov-2023}@creditfundingconvexityadjustmentfactor":1.0,"derivedcumulativecouponamount":0.0,"floatstream::usd::usd-libor-3m::{06-nov-2018->06-nov-2023}@compoundingadjustedrate":0.020256470534544966,"fixedstream::usd\/usd::6::{06-nov-2018->06-nov-2023}@unadjusteddirtyprice":109.89776632704447,"accrued":0.0,"floatstream::usd::usd-libor-3m::{06-nov-2018->06-nov-2023}@forwardfxconvexityadjustedupfront":-0.09897766327044533,"parswaprate":0.020600000000000073,"fixedstream::usd\/usd::6::{06-nov-2018->06-nov-2023}@fundingfxconvexityadjustedrate":0.02059999999999995}

	|-----------------------------------------------------------------|
	|    Copyright (C) 2011-2018 (DRIP)
	|-----------------------------------------------------------------|
	|    Build Version  => 3.86.0 multi mode
	|    Build JVM (TM) => 1.8.0_112
	|    Build Snap     => Fri Nov 02 21:22:20 EST 2018
	|    Start Time     => Fri Nov 02 23:29:03 EDT 2018
	|    Setup Time     => Fri Nov 02 23:29:03 EDT 2018
	|    Setup Duration => 0 ms
	|-----------------------------------------------------------------|


	|---------------- JSON REQUEST -----------------|

{"Parameters":{"FixFloatQuote":[0.0166,0.0206,0.0241,0.0269,0.0292,0.0311,0.0326,0.034,0.0351,0.0375,0.0393,0.0402,0.0407,0.0409,0.0409],"FixFloatTenor":["04Y","05Y","06Y","07Y","08Y","09Y","10Y","11Y","12Y","15Y","20Y","25Y","30Y","40Y","50Y"],"DepositQuote":[0.0013,0.0017,0.0017,0.0018,0.002,0.0023],"Currency":"USD","FuturesQuote":[0.0027,0.0032,0.0041,0.0054,0.0077,0.0104,0.0134,0.016],"SpotDate":"02-NOV-2018","DepositTenor":["01D","04D","07D","14D","30D","60D"],"FuturesEffectiveTenor":"02Y"},"API":"FORWARDRATEFUTURES::CURVEMETRICS"}

	|---------------- JSON RESPONSE ----------------|


	|-----------------------------------------------------------------|
	|    Copyright (C) 2011-2018 (DRIP)
	|-----------------------------------------------------------------|
	|    Build Version  => 3.86.0 multi mode
	|    Build JVM (TM) => 1.8.0_112
	|    Build Snap     => Fri Nov 02 21:22:20 EST 2018
	|    Start Time     => Fri Nov 02 23:29:03 EDT 2018
	|    Setup Time     => Fri Nov 02 23:29:03 EDT 2018
	|    Setup Duration => 0 ms
	|-----------------------------------------------------------------|

{"creditfundingconvexityadjustedprice":101.10650620658403,"creditfxconvexityadjustedcleanpv":0.011065062065840438,"resetrate":null,"creditforwardconvexityadjustmentpremium":0.0,"fundingfxconvexityadjustedprice":101.10650620658403,"unadjustedpv":0.011065062065840438,"pv":0.011065062065840438,"compoundingadjustmentfactor":1.0,"fundingfxconvexityadjusteddv01":2.432180618608801E-5,"creditfundingconvexityadjustedparrate":0.04549440934271409,"creditfundingconvexityadjustmentfactor":1.0,"fundingfxconvexityadjustedcleanprice":101.10650620658403,"cumulativeconvexityadjustmentfactor":1.0,"creditforwardconvexityadjustedfairpremium":0.04549440934271409,"price":101.10650620658403,"creditforwardconvexityadjustedpv":0.011065062065840438,"creditfundingconvexityadjusteddv01":2.432180618608801E-5,"creditfxconvexityadjusteddirtydv01":2.432180618608801E-5,"cleanpv":0.011065062065840438,"forwardfundingconvexityadjustedrate":0.04549440934271409,"unadjustedparrate":0.04549440934271409,"forwardfundingconvexityadjustedcleandv01":2.432180618608801E-5,"unadjustedprice":101.10650620658403,"compoundingadjustedfairpremium":0.04549440934271409,"compoundingadjusteddirtyprice":101.10650620658403,"compoundingadjustmentpremiumupfront":0.0,"forwardfxconvexityadjustmentpremium":0.0,"forwardfxconvexityadjustedcleanpv":0.011065062065840438,"unadjustedupfront":0.011065062065840438,"cumulativeconvexityadjusteddirtyprice":101.10650620658403,"cumulativeconvexityadjustedpv":0.011065062065840438,"creditfundingconvexityadjustedupfront":0.011065062065840438,"forwardfxconvexityadjusteddirtyprice":101.10650620658403,"cumulativeconvexityadjustedcleandv01":2.432180618608801E-5,"cumulativeconvexityadjustmentpremium":0.0,"fundingfxconvexityadjusteddirtydv01":2.432180618608801E-5,"dv01":2.432180618608801E-5,"compoundingadjustedupfront":0.011065062065840438,"forwardfundingconvexityadjusteddirtydv01":2.432180618608801E-5,"forwardfundingconvexityadjustedcleanpv":0.011065062065840438,"fundingfxconvexityadjustedrate":0.04549440934271409,"unadjustedfairpremium":0.04549440934271409,"fundingfxconvexityadjusteddirtyprice":101.10650620658403,"upfront":0.011065062065840438,"fundingfxconvexityadjustedupfront":0.011065062065840438,"forwardfxconvexityadjustedprice":101.10650620658403,"forwardfundingconvexityadjustedpv":0.011065062065840438,"creditfxconvexityadjustedcleanprice":101.10650620658403,"fundingfxconvexityadjusteddirtypv":0.011065062065840438,"fundingfxconvexityadjustmentpremium":0.0,"compoundingadjusteddirtypv":0.011065062065840438,"cumulativeconvexityadjustedfairpremium":0.04549440934271409,"creditfxconvexityadjustmentpremium":0.0,"compoundingadjustedpv":0.011065062065840438,"creditforwardconvexityadjustedupfront":0.011065062065840438,"creditfundingconvexityadjustmentpremiumupfront":0.0,"accrued01":0.0,"forwardfxconvexityadjusteddirtypv":0.011065062065840438,"compoundingadjustedparrate":0.04549440934271409,"fundingfxconvexityadjustedfairpremium":0.04549440934271409,"compoundingadjustedrate":0.04549440934271409,"creditfundingconvexityadjustedcleanprice":101.10650620658403,"totalcoupon":0.04549440934271409,"creditfundingconvexityadjusteddirtydv01":2.432180618608801E-5,"creditforwardconvexityadjusteddv01":2.432180618608801E-5,"cumulativeconvexityadjustedcleanpv":0.011065062065840438,"forwardfxconvexityadjustmentfactor":1.0,"forwardfundingconvexityadjusteddv01":2.432180618608801E-5,"forwardfxconvexityadjustedparrate":0.04549440934271409,"unadjusteddirtypv":0.011065062065840438,"creditforwardconvexityadjustmentpremiumupfront":0.0,"creditforwardconvexityadjustedrate":0.04549440934271409,"creditfundingconvexityadjustedfairpremium":0.04549440934271409,"creditfxconvexityadjustedprice":101.10650620658403,"compoundingadjustedcleanprice":101.10650620658403,"creditfxconvexityadjustedcleandv01":2.432180618608801E-5,"creditfxconvexityadjustmentpremiumupfront":0.0,"forwardfundingconvexityadjustmentfactor":1.0,"unadjusteddirtydv01":2.432180618608801E-5,"compoundingadjusteddirtydv01":2.432180618608801E-5,"creditforwardconvexityadjustmentfactor":1.0,"fundingfxconvexityadjustedparrate":0.04549440934271409,"dirtydv01":2.432180618608801E-5,"dirtyprice":101.10650620658403,"cumulativeconvexityadjustedrate":0.04549440934271409,"cumulativeconvexityadjustmentpremiumupfront":0.0,"fixing01":0.0,"creditfxconvexityadjustmentfactor":1.0,"cumulativecouponamount":0.0,"creditforwardconvexityadjusteddirtyprice":101.10650620658403,"forwardfundingconvexityadjustedparrate":0.04549440934271409,"forwardfxconvexityadjustedpv":0.011065062065840438,"fundingfxconvexityadjustedpv":0.011065062065840438,"cv01":2.432180618608801E-5,"fundingfxconvexityadjustedcleandv01":2.432180618608801E-5,"fundingfxconvexityadjustmentfactor":1.0,"creditfundingconvexityadjusteddirtypv":0.011065062065840438,"creditforwardconvexityadjustedcleanpv":0.011065062065840438,"cumulativeconvexityadjustedprice":101.10650620658403,"fundingfxconvexityadjustedcleanpv":0.011065062065840438,"forwardfxconvexityadjustedcleandv01":2.432180618608801E-5,"forwardfxconvexityadjustedcleanprice":101.10650620658403,"cumulativeconvexityadjusteddirtypv":0.011065062065840438,"forwardfxconvexityadjustedupfront":0.011065062065840438,"creditfundingconvexityadjustedpv":0.011065062065840438,"cumulativeconvexityadjusteddirtydv01":2.432180618608801E-5,"creditforwardconvexityadjustedprice":101.10650620658403,"creditfxconvexityadjustedpv":0.011065062065840438,"forwardfundingconvexityadjustmentpremium":0.0,"forwardfxconvexityadjustedrate":0.04549440934271409,"creditfundingconvexityadjustedcleanpv":0.011065062065840438,"FloatingCashFlow":[{"StartDate":"15-DEC-2020","ReferenceRate":0.04549440934271409,"CouponDCF":0.25,"PayDate":"15-MAR-2021","ForwardLabel":"USD-LIBOR-3M","FixingDate":"15-MAR-2021","PayDiscountFactor":0.9728722474435203,"FundingLabel":"USD","EndDate":"15-MAR-2021","BaseNotional":1.0,"Tenor":"3M"}],"creditfxconvexityadjusteddirtyprice":101.10650620658403,"compoundingadjustedcleanpv":0.011065062065840438,"forwardfxconvexityadjusteddirtydv01":2.432180618608801E-5,"forwardrate":0.04549440934271409,"unadjustedcleanprice":101.10650620658403,"creditforwardconvexityadjusteddirtydv01":2.432180618608801E-5,"forwardfxconvexityadjustedfairpremium":0.04549440934271409,"forwardfundingconvexityadjustedupfront":0.011065062065840438,"creditfxconvexityadjustedfairpremium":0.04549440934271409,"creditfundingconvexityadjusteddirtyprice":101.10650620658403,"unadjustedcleanpv":0.011065062065840438,"creditforwardconvexityadjustedparrate":0.04549440934271409,"forwardfundingconvexityadjusteddirtyprice":101.10650620658403,"parrate":0.04549440934271409,"creditfxconvexityadjustedupfront":0.011065062065840438,"fundingfxconvexityadjustmentpremiumupfront":0.0,"dirtypv":0.011065062065840438,"creditfxconvexityadjustedrate":0.04549440934271409,"creditfxconvexityadjusteddirtypv":0.011065062065840438,"creditforwardconvexityadjustedcleandv01":2.432180618608801E-5,"unadjustedcleandv01":2.432180618608801E-5,"creditfxconvexityadjustedparrate":0.04549440934271409,"cumulativecoupondcf":0.0,"cumulativeconvexityadjusteddv01":2.432180618608801E-5,"cleanprice":101.10650620658403,"creditforwardconvexityadjusteddirtypv":0.011065062065840438,"cleandv01":2.432180618608801E-5,"rate":0.04549440934271409,"compoundingadjustedcleandv01":2.432180618608801E-5,"forwardfundingconvexityadjustedcleanprice":101.10650620658403,"resetdate":-2.147483648E9,"creditfundingconvexityadjustmentpremium":0.0,"creditforwardconvexityadjustedcleanprice":101.10650620658403,"unadjusteddirtyprice":101.10650620658403,"compoundingadjustmentpremium":0.0,"calctime":6.0791E-5,"cumulativeconvexityadjustedparrate":0.04549440934271409,"cumulativeconvexityadjustedupfront":0.011065062065840438,"forwardfxconvexityadjustmentpremiumupfront":0.0,"cumulativeconvexityadjustedcleanprice":101.10650620658403,"forwardfundingconvexityadjustmentpremiumupfront":0.0,"forwardfundingconvexityadjusteddirtypv":0.011065062065840438,"accrualcoupon":null,"unadjustedrate":0.04549440934271409,"compoundingadjustedprice":101.10650620658403,"creditfundingconvexityadjustedrate":0.04549440934271409,"accrued":0.0,"forwardfundingconvexityadjustedfairpremium":0.04549440934271409,"creditfundingconvexityadjustedcleandv01":2.432180618608801E-5,"fairpremium":0.04549440934271409,"forwardfundingconvexityadjustedprice":101.10650620658403,"creditfxconvexityadjusteddv01":2.432180618608801E-5,"forwardfxconvexityadjusteddv01":2.432180618608801E-5}

	|-----------------------------------------------------------------|
	|    Copyright (C) 2011-2018 (DRIP)
	|-----------------------------------------------------------------|
	|    Build Version  => 3.86.0 multi mode
	|    Build JVM (TM) => 1.8.0_112
	|    Build Snap     => Fri Nov 02 21:22:20 EST 2018
	|    Start Time     => Fri Nov 02 23:29:03 EDT 2018
	|    Setup Time     => Fri Nov 02 23:29:03 EDT 2018
	|    Setup Duration => 0 ms
	|-----------------------------------------------------------------|


	|---------------- JSON REQUEST -----------------|

{"Parameters":{"FixFloatQuote":[0.0166,0.0206,0.0241,0.0269,0.0292,0.0311,0.0326,0.034,0.0351,0.0375,0.0393,0.0402,0.0407,0.0409,0.0409],"FixFloatTenor":["04Y","05Y","06Y","07Y","08Y","09Y","10Y","11Y","12Y","15Y","20Y","25Y","30Y","40Y","50Y"],"DepositQuote":[0.0013,0.0017,0.0017,0.0018,0.002,0.0023],"Currency":"USD","FuturesQuote":[0.0027,0.0032,0.0041,0.0054,0.0077,0.0104,0.0134,0.016],"SpotDate":"02-NOV-2018","DepositTenor":["01D","04D","07D","14D","30D","60D"]},"API":"FUNDINGSTATE"}

	|---------------- JSON RESPONSE ----------------|


	|-----------------------------------------------------------------|
	|    Copyright (C) 2011-2018 (DRIP)
	|-----------------------------------------------------------------|
	|    Build Version  => 3.86.0 multi mode
	|    Build JVM (TM) => 1.8.0_112
	|    Build Snap     => Fri Nov 02 21:22:20 EST 2018
	|    Start Time     => Fri Nov 02 23:29:03 EDT 2018
	|    Setup Time     => Fri Nov 02 23:29:03 EDT 2018
	|    Setup Duration => 0 ms
	|-----------------------------------------------------------------|

{"DepositMetrics":[{"DiscountFactor":0.9999969544741089,"InstrumentQuote":0.0013,"CalibrationMeasure":"ForwardRate","MaturityTenor":"01D","InstrumentType":"DEPOSIT"},{"DiscountFactor":0.9999837535677184,"InstrumentQuote":0.0017,"CalibrationMeasure":"ForwardRate","MaturityTenor":"04D","InstrumentType":"DEPOSIT"},{"DiscountFactor":0.9999661436802093,"InstrumentQuote":0.0017,"CalibrationMeasure":"ForwardRate","MaturityTenor":"07D","InstrumentType":"DEPOSIT"},{"DiscountFactor":0.9999340621963675,"InstrumentQuote":0.0018,"CalibrationMeasure":"ForwardRate","MaturityTenor":"14D","InstrumentType":"DEPOSIT"},{"DiscountFactor":0.9998447767714511,"InstrumentQuote":0.002,"CalibrationMeasure":"ForwardRate","MaturityTenor":"30D","InstrumentType":"DEPOSIT"},{"DiscountFactor":0.9996484974595309,"InstrumentQuote":0.0023,"CalibrationMeasure":"ForwardRate","MaturityTenor":"60D","InstrumentType":"DEPOSIT"}],"Currency":"USD","SpotDate":"02-NOV-2018","FuturesMetrics":[{"DiscountFactor":0.9993932517159837,"InstrumentQuote":0.0027,"CalibrationMeasure":"ForwardRate","InstrumentType":"FUTURES"},{"DiscountFactor":0.998689366185933,"InstrumentQuote":0.0032,"CalibrationMeasure":"ForwardRate","InstrumentType":"FUTURES"},{"DiscountFactor":0.9977598424362822,"InstrumentQuote":0.0041,"CalibrationMeasure":"ForwardRate","InstrumentType":"FUTURES"},{"DiscountFactor":0.9965681371612584,"InstrumentQuote":0.0054,"CalibrationMeasure":"ForwardRate","InstrumentType":"FUTURES"},{"DiscountFactor":0.9949074527803193,"InstrumentQuote":0.0077,"CalibrationMeasure":"ForwardRate","InstrumentType":"FUTURES"},{"DiscountFactor":0.9926494045319824,"InstrumentQuote":0.0104,"CalibrationMeasure":"ForwardRate","InstrumentType":"FUTURES"},{"DiscountFactor":0.9896305549783305,"InstrumentQuote":0.0134,"CalibrationMeasure":"ForwardRate","InstrumentType":"FUTURES"},{"DiscountFactor":0.9858640558679442,"InstrumentQuote":0.016,"CalibrationMeasure":"ForwardRate","InstrumentType":"FUTURES"}],"FundingLabel":"USD","FixFloatMetrics":[{"DiscountFactor":0.9356644053790549,"InstrumentQuote":0.0166,"CalibrationMeasure":"SwapRate","MaturityTenor":"04Y","InstrumentType":"FIXFLOAT"},{"DiscountFactor":0.9014102680104258,"InstrumentQuote":0.0206,"CalibrationMeasure":"SwapRate","MaturityTenor":"05Y","InstrumentType":"FIXFLOAT"},{"DiscountFactor":0.8635753510832422,"InstrumentQuote":0.0241,"CalibrationMeasure":"SwapRate","MaturityTenor":"06Y","InstrumentType":"FIXFLOAT"},{"DiscountFactor":0.8252316771756475,"InstrumentQuote":0.0269,"CalibrationMeasure":"SwapRate","MaturityTenor":"07Y","InstrumentType":"FIXFLOAT"},{"DiscountFactor":0.7870024128251785,"InstrumentQuote":0.0292,"CalibrationMeasure":"SwapRate","MaturityTenor":"08Y","InstrumentType":"FIXFLOAT"},{"DiscountFactor":0.7495099350171482,"InstrumentQuote":0.0311,"CalibrationMeasure":"SwapRate","MaturityTenor":"09Y","InstrumentType":"FIXFLOAT"},{"DiscountFactor":0.7138524665055005,"InstrumentQuote":0.0326,"CalibrationMeasure":"SwapRate","MaturityTenor":"10Y","InstrumentType":"FIXFLOAT"},{"DiscountFactor":0.6781892545059914,"InstrumentQuote":0.034,"CalibrationMeasure":"SwapRate","MaturityTenor":"11Y","InstrumentType":"FIXFLOAT"},{"DiscountFactor":0.6448289001566517,"InstrumentQuote":0.0351,"CalibrationMeasure":"SwapRate","MaturityTenor":"12Y","InstrumentType":"FIXFLOAT"},{"DiscountFactor":0.5540436312056699,"InstrumentQuote":0.0375,"CalibrationMeasure":"SwapRate","MaturityTenor":"15Y","InstrumentType":"FIXFLOAT"},{"DiscountFactor":0.43696757309074763,"InstrumentQuote":0.0393,"CalibrationMeasure":"SwapRate","MaturityTenor":"20Y","InstrumentType":"FIXFLOAT"},{"DiscountFactor":0.3465694054877884,"InstrumentQuote":0.0402,"CalibrationMeasure":"SwapRate","MaturityTenor":"25Y","InstrumentType":"FIXFLOAT"},{"DiscountFactor":0.2760987785016128,"InstrumentQuote":0.0407,"CalibrationMeasure":"SwapRate","MaturityTenor":"30Y","InstrumentType":"FIXFLOAT"},{"DiscountFactor":0.18161208734603762,"InstrumentQuote":0.0409,"CalibrationMeasure":"SwapRate","MaturityTenor":"40Y","InstrumentType":"FIXFLOAT"},{"DiscountFactor":0.12093818446684164,"InstrumentQuote":0.0409,"CalibrationMeasure":"SwapRate","MaturityTenor":"50Y","InstrumentType":"FIXFLOAT"}]}

	|-----------------------------------------------------------------|
	|    Copyright (C) 2011-2018 (DRIP)
	|-----------------------------------------------------------------|
	|    Build Version  => 3.86.0 multi mode
	|    Build JVM (TM) => 1.8.0_112
	|    Build Snap     => Fri Nov 02 21:22:20 EST 2018
	|    Start Time     => Fri Nov 02 23:29:04 EDT 2018
	|    Setup Time     => Fri Nov 02 23:29:04 EDT 2018
	|    Setup Duration => 0 ms
	|-----------------------------------------------------------------|


	|---------------- JSON REQUEST -----------------|

{"Parameters":{"CouponRate":0.1189,"ServiceFeeRate":0.0,"CPR":0.01,"BeginPrincipalFactor":1.0,"FixedMonthlyAmount":3941.98,"Name":"FPMG 11.89 2019","PayFrequency":12,"Currency":"USD","DayCount":"Act\/365","SettleDate":"01-DEC-2015","NumPayment":48,"BondNotional":147544.28,"EffectiveDate":"22-OCT-2015"},"API":"PREPAYASSETBACKED::SECULARMETRICS"}

	|---------------- JSON RESPONSE ----------------|


	|-----------------------------------------------------------------|
	|    Copyright (C) 2011-2018 (DRIP)
	|-----------------------------------------------------------------|
	|    Build Version  => 3.86.0 multi mode
	|    Build JVM (TM) => 1.8.0_112
	|    Build Snap     => Fri Nov 02 21:22:20 EST 2018
	|    Start Time     => Fri Nov 02 23:29:04 EDT 2018
	|    Setup Time     => Fri Nov 02 23:29:04 EDT 2018
	|    Setup Duration => 0 ms
	|-----------------------------------------------------------------|

{"AccrualDays":-9,"Risk":1.3398663734509597E-4,"PreviousCouponDate":"22-NOV-2015","Accrued":421.0530148024889,"CurrentPrincipal":143616.81188945755,"ModifiedDuration":1.3360522139549283E-4,"DV01":19.768961936703295,"CouponFlow":[{"CouponRate":0.11889999999999906,"AccrualDays":31.0,"BeginPrincipal":143616.81188945755,"DiscountFactor":0.9901888785285793,"FeeRate":0.0,"CouponAmount":1489.9546894575224,"PrincipalFactor":1.0,"TotalAmount":5417.422799999968,"SurvivalFactor":1.0,"EndDate":"22-NOV-2015","StartDate":"22-OCT-2015","AccrualFraction":0.08493150684931507,"PayDate":"22-NOV-2015","EndPrincipal":143616.81188945755,"Notional":143616.81188945755,"PrincipalAmount":3927.468110542446,"FeeAmount":0.0},{"CouponRate":0.11889999999999994,"AccrualDays":30.0,"BeginPrincipal":139642.1738199046,"DiscountFactor":0.9804740151616855,"FeeRate":0.0,"CouponAmount":1403.5100493416296,"PrincipalFactor":0.9733810886430674,"TotalAmount":5378.148118894583,"SurvivalFactor":1.0,"EndDate":"22-DEC-2015","StartDate":"22-NOV-2015","AccrualFraction":0.0821917808219178,"PayDate":"22-DEC-2015","EndPrincipal":139642.1738199046,"Notional":139642.1738199046,"PrincipalAmount":3974.6380695529533,"FeeAmount":0.0},{"CouponRate":0.11889999999999906,"AccrualDays":31.0,"BeginPrincipal":135713.9284885077,"DiscountFactor":0.9708544654993626,"FeeRate":0.0,"CouponAmount":1410.1564068021432,"PrincipalFactor":0.9464424769289911,"TotalAmount":5338.401738199051,"SurvivalFactor":1.0,"EndDate":"22-JAN-2016","StartDate":"22-DEC-2015","AccrualFraction":0.08493150684931507,"PayDate":"22-JAN-2016","EndPrincipal":135713.9284885077,"Notional":135713.9284885077,"PrincipalAmount":3928.245331396907,"FeeAmount":0.0},{"CouponRate":0.11889999999999906,"AccrualDays":31.0,"BeginPrincipal":131785.29678996725,"DiscountFactor":0.9613292944072771,"FeeRate":0.0,"CouponAmount":1370.4875863446207,"PrincipalFactor":0.9198182978595151,"TotalAmount":5299.119284885065,"SurvivalFactor":1.0,"EndDate":"22-FEB-2016","StartDate":"22-JAN-2016","AccrualFraction":0.08493150684931507,"PayDate":"22-FEB-2016","EndPrincipal":131785.29678996725,"Notional":131785.29678996725,"PrincipalAmount":3928.6316985404446,"FeeAmount":0.0},{"CouponRate":0.11890000000000085,"AccrualDays":29.000000000000004,"BeginPrincipal":127770.41966278398,"DiscountFactor":0.951897575925812,"FeeRate":0.0,"CouponAmount":1244.9558407164093,"PrincipalFactor":0.893191500137906,"TotalAmount":5259.832967899676,"SurvivalFactor":1.0,"EndDate":"22-MAR-2016","StartDate":"22-FEB-2016","AccrualFraction":0.07945205479452055,"PayDate":"22-MAR-2016","EndPrincipal":127770.41966278398,"Notional":127770.41966278398,"PrincipalAmount":4014.8771271832666,"FeeAmount":0.0},{"CouponRate":0.11889999999999906,"AccrualDays":31.0,"BeginPrincipal":123841.0066711837,"DiscountFactor":0.942558393180053,"FeeRate":0.0,"CouponAmount":1290.271205027539,"PrincipalFactor":0.8659801631265135,"TotalAmount":5219.684196627824,"SurvivalFactor":1.0,"EndDate":"22-APR-2016","StartDate":"22-MAR-2016","AccrualFraction":0.08493150684931507,"PayDate":"22-APR-2016","EndPrincipal":123841.0066711837,"Notional":123841.0066711837,"PrincipalAmount":3929.4129916002857,"FeeAmount":0.0},{"CouponRate":0.11889999999999994,"AccrualDays":30.0,"BeginPrincipal":119870.8655655571,"DiscountFactor":0.9333108382906563,"FeeRate":0.0,"CouponAmount":1210.2489610852383,"PrincipalFactor":0.8393480700924746,"TotalAmount":5180.390066711829,"SurvivalFactor":1.0,"EndDate":"22-MAY-2016","StartDate":"22-APR-2016","AccrualFraction":0.0821917808219178,"PayDate":"22-MAY-2016","EndPrincipal":119870.8655655571,"Notional":119870.8655655571,"PrincipalAmount":3970.14110562659,"FeeAmount":0.0},{"CouponRate":0.11889999999999906,"AccrualDays":31.0,"BeginPrincipal":115940.67560411547,"DiscountFactor":0.9241540122855931,"FeeRate":0.0,"CouponAmount":1210.4986942139271,"PrincipalFactor":0.812439937119603,"TotalAmount":5140.688655655556,"SurvivalFactor":1.0,"EndDate":"22-JUN-2016","StartDate":"22-MAY-2016","AccrualFraction":0.08493150684931507,"PayDate":"22-JUN-2016","EndPrincipal":115940.67560411547,"Notional":115940.67560411547,"PrincipalAmount":3930.1899614416293,"FeeAmount":0.0},{"CouponRate":0.11889999999999994,"AccrualDays":30.0,"BeginPrincipal":111972.33101212878,"DiscountFactor":0.9150870250127583,"FeeRate":0.0,"CouponAmount":1133.0421640544648,"PrincipalFactor":0.7858025780742939,"TotalAmount":5101.386756041165,"SurvivalFactor":1.0,"EndDate":"22-JUL-2016","StartDate":"22-JUN-2016","AccrualFraction":0.0821917808219178,"PayDate":"22-JUL-2016","EndPrincipal":111972.33101212878,"Notional":111972.33101212878,"PrincipalAmount":3968.344591986701,"FeeAmount":0.0},{"CouponRate":0.11889999999999906,"AccrualDays":31.0,"BeginPrincipal":108041.36418112421,"DiscountFactor":0.9061089950534371,"FeeRate":0.0,"CouponAmount":1130.7364791167183,"PrincipalFactor":0.7589066211996072,"TotalAmount":5061.7033101212855,"SurvivalFactor":1.0,"EndDate":"22-AUG-2016","StartDate":"22-JUL-2016","AccrualFraction":0.08493150684931507,"PayDate":"22-AUG-2016","EndPrincipal":108041.36418112421,"Notional":108041.36418112421,"PrincipalAmount":3930.9668310045677,"FeeAmount":0.0},{"CouponRate":0.11889999999999906,"AccrualDays":31.0,"BeginPrincipal":104110.01071529984,"DiscountFactor":0.8972190496366209,"FeeRate":0.0,"CouponAmount":1091.0401759868562,"PrincipalFactor":0.7322639968226773,"TotalAmount":5022.393641811221,"SurvivalFactor":1.0,"EndDate":"22-SEP-2016","StartDate":"22-AUG-2016","AccrualFraction":0.08493150684931507,"PayDate":"22-SEP-2016","EndPrincipal":104110.01071529984,"Notional":104110.01071529984,"PrincipalAmount":3931.353465824365,"FeeAmount":0.0},{"CouponRate":0.11889999999999994,"AccrualDays":30.0,"BeginPrincipal":100144.35638409609,"DiscountFactor":0.8884163245541633,"FeeRate":0.0,"CouponAmount":1017.4257759492447,"PrincipalFactor":0.7056187519794047,"TotalAmount":4983.080107153004,"SurvivalFactor":1.0,"EndDate":"22-OCT-2016","StartDate":"22-SEP-2016","AccrualFraction":0.0821917808219178,"PayDate":"22-OCT-2016","EndPrincipal":100144.35638409609,"Notional":100144.35638409609,"PrincipalAmount":3965.6543312037597,"FeeAmount":0.0},{"CouponRate":0.11889999999999906,"AccrualDays":31.0,"BeginPrincipal":96212.22619887469,"DiscountFactor":0.8796999640767692,"FeeRate":0.0,"CouponAmount":1011.2933786195529,"PrincipalFactor":0.6787410286870903,"TotalAmount":4943.423563840946,"SurvivalFactor":1.0,"EndDate":"22-NOV-2016","StartDate":"22-OCT-2016","AccrualFraction":0.08493150684931507,"PayDate":"22-NOV-2016","EndPrincipal":96212.22619887469,"Notional":96212.22619887469,"PrincipalAmount":3932.1301852213937,"FeeAmount":0.0},{"CouponRate":0.11889999999999994,"AccrualDays":30.0,"BeginPrincipal":92248.36780223221,"DiscountFactor":0.8710691208708076,"FeeRate":0.0,"CouponAmount":940.2438653462625,"PrincipalFactor":0.6520905195299654,"TotalAmount":4904.102261988735,"SurvivalFactor":1.0,"EndDate":"22-DEC-2016","StartDate":"22-NOV-2016","AccrualFraction":0.0821917808219178,"PayDate":"22-DEC-2016","EndPrincipal":92248.36780223221,"Notional":92248.36780223221,"PrincipalAmount":3963.8583966424726,"FeeAmount":0.0},{"CouponRate":0.11889999999999906,"AccrualDays":31.0,"BeginPrincipal":88315.46099785989,"DiscountFactor":0.8625229559159404,"FeeRate":0.0,"CouponAmount":931.5568736499864,"PrincipalFactor":0.6252249684110575,"TotalAmount":4864.463678022307,"SurvivalFactor":1.0,"EndDate":"22-JAN-2017","StartDate":"22-DEC-2016","AccrualFraction":0.08493150684931507,"PayDate":"22-JAN-2017","EndPrincipal":88315.46099785989,"Notional":88315.46099785989,"PrincipalAmount":3932.906804372321,"FeeAmount":0.0},{"CouponRate":0.11889999999999906,"AccrualDays":31.0,"BeginPrincipal":84382.16736785941,"DiscountFactor":0.8540606384235603,"FeeRate":0.0,"CouponAmount":891.8409799781075,"PrincipalFactor":0.5985691956195109,"TotalAmount":4825.134609978599,"SurvivalFactor":1.0,"EndDate":"22-FEB-2017","StartDate":"22-JAN-2017","AccrualFraction":0.08493150684931507,"PayDate":"22-FEB-2017","EndPrincipal":84382.16736785941,"Notional":84382.16736785941,"PrincipalAmount":3933.2936300004912,"FeeAmount":0.0},{"CouponRate":0.11889999999999896,"AccrualDays":28.0,"BeginPrincipal":80366.02353418377,"DiscountFactor":0.8456813457560276,"FeeRate":0.0,"CouponAmount":769.6578400029455,"PrincipalFactor":0.5719108010683939,"TotalAmount":4785.801673678576,"SurvivalFactor":1.0,"EndDate":"22-MAR-2017","StartDate":"22-FEB-2017","AccrualFraction":0.07671232876712329,"PayDate":"22-MAR-2017","EndPrincipal":80366.02353418377,"Notional":80366.02353418377,"PrincipalAmount":4016.1438336756305,"FeeAmount":0.0},{"CouponRate":0.11889999999999906,"AccrualDays":31.0,"BeginPrincipal":76431.94802800535,"DiscountFactor":0.8373842633467006,"FeeRate":0.0,"CouponAmount":811.5647291634126,"PrincipalFactor":0.5446908787937003,"TotalAmount":4745.640235341829,"SurvivalFactor":1.0,"EndDate":"22-APR-2017","StartDate":"22-MAR-2017","AccrualFraction":0.08493150684931507,"PayDate":"22-APR-2017","EndPrincipal":76431.94802800535,"Notional":76431.94802800535,"PrincipalAmount":3934.075506178416,"FeeAmount":0.0},{"CouponRate":0.11889999999999994,"AccrualDays":30.0,"BeginPrincipal":72472.58761242639,"DiscountFactor":0.8291685846207499,"FeeRate":0.0,"CouponAmount":746.939064701082,"PrincipalFactor":0.5180271849779968,"TotalAmount":4706.2994802800495,"SurvivalFactor":1.0,"EndDate":"22-MAY-2017","StartDate":"22-APR-2017","AccrualFraction":0.0821917808219178,"PayDate":"22-MAY-2017","EndPrincipal":72472.58761242639,"Notional":72472.58761242639,"PrincipalAmount":3959.360415578967,"FeeAmount":0.0},{"CouponRate":0.11889999999999906,"AccrualDays":31.0,"BeginPrincipal":68537.7357381669,"DiscountFactor":0.8210335109167497,"FeeRate":0.0,"CouponAmount":731.854001864768,"PrincipalFactor":0.4911921194940691,"TotalAmount":4666.705876124259,"SurvivalFactor":1.0,"EndDate":"22-JUN-2017","StartDate":"22-MAY-2017","AccrualFraction":0.08493150684931507,"PayDate":"22-JUN-2017","EndPrincipal":68537.7357381669,"Notional":68537.7357381669,"PrincipalAmount":3934.8518742594906,"FeeAmount":0.0},{"CouponRate":0.11889999999999994,"AccrualDays":30.0,"BeginPrincipal":64580.17044483466,"DiscountFactor":0.8129782514090385,"FeeRate":0.0,"CouponAmount":669.792064049428,"PrincipalFactor":0.46452316374560165,"TotalAmount":4627.357357381667,"SurvivalFactor":1.0,"EndDate":"22-JUL-2017","StartDate":"22-JUN-2017","AccrualFraction":0.0821917808219178,"PayDate":"22-JUL-2017","EndPrincipal":64580.17044483466,"Notional":64580.17044483466,"PrincipalAmount":3957.565293332239,"FeeAmount":0.0},{"CouponRate":0.11889999999999906,"AccrualDays":31.0,"BeginPrincipal":60644.54230269485,"DiscountFactor":0.8050020230308411,"FeeRate":0.0,"CouponAmount":652.1535623085321,"PrincipalFactor":0.4377002649295158,"TotalAmount":4587.781704448345,"SurvivalFactor":1.0,"EndDate":"22-AUG-2017","StartDate":"22-JUL-2017","AccrualFraction":0.08493150684931507,"PayDate":"22-AUG-2017","EndPrincipal":60644.54230269485,"Notional":60644.54230269485,"PrincipalAmount":3935.628142139813,"FeeAmount":0.0},{"CouponRate":0.11889999999999906,"AccrualDays":31.0,"BeginPrincipal":56708.527067266536,"DiscountFactor":0.7971040503981461,"FeeRate":0.0,"CouponAmount":612.4101875986332,"PrincipalFactor":0.4110260479274076,"TotalAmount":4548.425423026946,"SurvivalFactor":1.0,"EndDate":"22-SEP-2017","StartDate":"22-AUG-2017","AccrualFraction":0.08493150684931507,"PayDate":"22-SEP-2017","EndPrincipal":56708.527067266536,"Notional":56708.527067266536,"PrincipalAmount":3936.015235428313,"FeeAmount":0.0},{"CouponRate":0.11889999999999994,"AccrualDays":30.0,"BeginPrincipal":52753.65170357727,"DiscountFactor":0.7892835657343285,"FeeRate":0.0,"CouponAmount":554.1899069833962,"PrincipalFactor":0.38434920735162714,"TotalAmount":4509.065270672656,"SurvivalFactor":1.0,"EndDate":"22-OCT-2017","StartDate":"22-SEP-2017","AccrualFraction":0.0821917808219178,"PayDate":"22-OCT-2017","EndPrincipal":52753.65170357727,"Notional":52753.65170357727,"PrincipalAmount":3954.87536368926,"FeeAmount":0.0},{"CouponRate":0.11889999999999906,"AccrualDays":31.0,"BeginPrincipal":48816.860350416064,"DiscountFactor":0.7815398087955129,"FeeRate":0.0,"CouponAmount":532.7251638745587,"PrincipalFactor":0.35754453987357065,"TotalAmount":4469.51651703577,"SurvivalFactor":1.0,"EndDate":"22-NOV-2017","StartDate":"22-OCT-2017","AccrualFraction":0.08493150684931507,"PayDate":"22-NOV-2017","EndPrincipal":48816.860350416064,"Notional":48816.860350416064,"PrincipalAmount":3936.7913531612116,"FeeAmount":0.0},{"CouponRate":0.11889999999999994,"AccrualDays":30.0,"BeginPrincipal":44863.779530117194,"DiscountFactor":0.7738720267966691,"FeeRate":0.0,"CouponAmount":477.06778320529855,"PrincipalFactor":0.3308624390617926,"TotalAmount":4430.148603504163,"SurvivalFactor":1.0,"EndDate":"22-DEC-2017","StartDate":"22-NOV-2017","AccrualFraction":0.0821917808219178,"PayDate":"22-DEC-2017","EndPrincipal":44863.779530117194,"Notional":44863.779530117194,"PrincipalAmount":3953.080820298864,"FeeAmount":0.0},{"CouponRate":0.11889999999999906,"AccrualDays":31.0,"BeginPrincipal":40926.212159391536,"DiscountFactor":0.7662794743384325,"FeeRate":0.0,"CouponAmount":453.0504245755005,"PrincipalFactor":0.30406993432830604,"TotalAmount":4390.617795301161,"SurvivalFactor":1.0,"EndDate":"22-JAN-2018","StartDate":"22-DEC-2017","AccrualFraction":0.08493150684931507,"PayDate":"22-JAN-2018","EndPrincipal":40926.212159391536,"Notional":40926.212159391536,"PrincipalAmount":3937.567370725661,"FeeAmount":0.0},{"CouponRate":0.11889999999999906,"AccrualDays":31.0,"BeginPrincipal":36988.25750464228,"DiscountFactor":0.7587614133346416,"FeeRate":0.0,"CouponAmount":413.2874668446577,"PrincipalFactor":0.27738257395943466,"TotalAmount":4351.242121593913,"SurvivalFactor":1.0,"EndDate":"22-FEB-2018","StartDate":"22-JAN-2018","AccrualFraction":0.08493150684931507,"PayDate":"22-FEB-2018","EndPrincipal":36988.25750464228,"Notional":36988.25750464228,"PrincipalAmount":3937.954654749255,"FeeAmount":0.0},{"CouponRate":0.11889999999999896,"AccrualDays":28.0,"BeginPrincipal":33013.76837311491,"DiscountFactor":0.7513171129405886,"FeeRate":0.0,"CouponAmount":337.3734435190521,"PrincipalFactor":0.25069258872415984,"TotalAmount":4311.862575046423,"SurvivalFactor":1.0,"EndDate":"22-MAR-2018","StartDate":"22-FEB-2018","AccrualFraction":0.07671232876712329,"PayDate":"22-MAR-2018","EndPrincipal":33013.76837311491,"Notional":33013.76837311491,"PrincipalAmount":3974.4891315273717,"FeeAmount":0.0},{"CouponRate":0.11889999999999906,"AccrualDays":31.0,"BeginPrincipal":29075.035480743936,"DiscountFactor":0.7439458494819713,"FeeRate":0.0,"CouponAmount":333.3847913601734,"PrincipalFactor":0.22375498645637032,"TotalAmount":4272.117683731147,"SurvivalFactor":1.0,"EndDate":"22-APR-2018","StartDate":"22-MAR-2018","AccrualFraction":0.08493150684931507,"PayDate":"22-APR-2018","EndPrincipal":29075.035480743936,"Notional":29075.035480743936,"PrincipalAmount":3938.7328923709733,"FeeAmount":0.0},{"CouponRate":0.11889999999999994,"AccrualDays":30.0,"BeginPrincipal":25126.443897333247,"DiscountFactor":0.7366469063845444,"FeeRate":0.0,"CouponAmount":284.13877139674946,"PrincipalFactor":0.19705972661728355,"TotalAmount":4232.730354807439,"SurvivalFactor":1.0,"EndDate":"22-MAY-2018","StartDate":"22-APR-2018","AccrualFraction":0.0821917808219178,"PayDate":"22-MAY-2018","EndPrincipal":25126.443897333247,"Notional":25126.443897333247,"PrincipalAmount":3948.591583410689,"FeeAmount":0.0},{"CouponRate":0.11889999999999906,"AccrualDays":31.0,"BeginPrincipal":21186.93523797959,"DiscountFactor":0.7294195741044593,"FeeRate":0.0,"CouponAmount":253.7357796196709,"PrincipalFactor":0.17029764825402413,"TotalAmount":4193.244438973329,"SurvivalFactor":1.0,"EndDate":"22-JUN-2018","StartDate":"22-MAY-2018","AccrualFraction":0.08493150684931507,"PayDate":"22-JUN-2018","EndPrincipal":21186.93523797959,"Notional":21186.93523797959,"PrincipalAmount":3939.508659353658,"FeeAmount":0.0},{"CouponRate":0.11889999999999994,"AccrualDays":30.0,"BeginPrincipal":17240.13738695287,"DiscountFactor":0.7222631500592885,"FeeRate":0.0,"CouponAmount":207.05150135307716,"PrincipalFactor":0.14359713055619364,"TotalAmount":4153.849352379799,"SurvivalFactor":1.0,"EndDate":"22-JUL-2018","StartDate":"22-JUN-2018","AccrualFraction":0.0821917808219178,"PayDate":"22-JUL-2018","EndPrincipal":17240.13738695287,"Notional":17240.13738695287,"PrincipalAmount":3946.7978510267217,"FeeAmount":0.0},{"CouponRate":0.11889999999999906,"AccrualDays":31.0,"BeginPrincipal":13299.853060739695,"DiscountFactor":0.7151769385597259,"FeeRate":0.0,"CouponAmount":174.09704765635362,"PrincipalFactor":0.11684720944080562,"TotalAmount":4114.381373869527,"SurvivalFactor":1.0,"EndDate":"22-AUG-2018","StartDate":"22-JUL-2018","AccrualFraction":0.08493150684931507,"PayDate":"22-AUG-2018","EndPrincipal":13299.853060739695,"Notional":13299.853060739695,"PrincipalAmount":3940.2843262131732,"FeeAmount":0.0},{"CouponRate":0.11889999999999906,"AccrualDays":31.0,"BeginPrincipal":9359.181183273615,"DiscountFactor":0.7081602507419575,"FeeRate":0.0,"CouponAmount":134.30665314131522,"PrincipalFactor":0.09014143456282883,"TotalAmount":4074.9785306073945,"SurvivalFactor":1.0,"EndDate":"22-SEP-2018","StartDate":"22-AUG-2018","AccrualFraction":0.08493150684931507,"PayDate":"22-SEP-2018","EndPrincipal":9359.181183273615,"Notional":9359.181183273615,"PrincipalAmount":3940.6718774660794,"FeeAmount":0.0},{"CouponRate":0.11889999999999994,"AccrualDays":30.0,"BeginPrincipal":5415.07293111413,"DiscountFactor":0.7012124045006964,"FeeRate":0.0,"CouponAmount":91.46355967325195,"PrincipalFactor":0.06343303300726816,"TotalAmount":4035.571811832737,"SurvivalFactor":1.0,"EndDate":"22-OCT-2018","StartDate":"22-SEP-2018","AccrualFraction":0.0821917808219178,"PayDate":"22-OCT-2018","EndPrincipal":5415.07293111413,"Notional":5415.07293111413,"PrincipalAmount":3944.108252159485,"FeeAmount":0.0},{"CouponRate":0.11889999999999906,"AccrualDays":31.0,"BeginPrincipal":1473.625536917492,"DiscountFactor":0.6943327244228731,"FeeRate":0.0,"CouponAmount":54.68333511450251,"PrincipalFactor":0.03670134098803512,"TotalAmount":3996.130729311141,"SurvivalFactor":1.0,"EndDate":"22-NOV-2018","StartDate":"22-OCT-2018","AccrualFraction":0.08493150684931507,"PayDate":"22-NOV-2018","EndPrincipal":1473.625536917492,"Notional":1473.625536917492,"PrincipalAmount":3941.4473941966385,"FeeAmount":0.0},{"CouponRate":0.11889999999999994,"AccrualDays":30.0,"BeginPrincipal":0.0,"DiscountFactor":0.6875205417219777,"FeeRate":0.0,"CouponAmount":14.401156959410113,"PrincipalFactor":0.009987683269846124,"TotalAmount":1488.026693876902,"SurvivalFactor":1.0,"EndDate":"22-DEC-2018","StartDate":"22-NOV-2018","AccrualFraction":0.0821917808219178,"PayDate":"22-DEC-2018","EndPrincipal":0.0,"Notional":0.0,"PrincipalAmount":1473.625536917492,"FeeAmount":0.0}],"NPV":144037.86490426003,"Total":144037.86490426003,"Yield01":1.3398663734509597E-4,"Yield":0.1397010161994567,"Convexity":2.65065182054099E-8,"Y01":1.3398663734509597E-4,"CleanPrice":100.0,"Face":147544.28,"SettleDate":"01-DEC-2015","Notional":147544.28}

	|-----------------------------------------------------------------|
	|    Copyright (C) 2011-2018 (DRIP)
	|-----------------------------------------------------------------|
	|    Build Version  => 3.86.0 multi mode
	|    Build JVM (TM) => 1.8.0_112
	|    Build Snap     => Fri Nov 02 21:22:20 EST 2018
	|    Start Time     => Fri Nov 02 23:29:04 EDT 2018
	|    Setup Time     => Fri Nov 02 23:29:04 EDT 2018
	|    Setup Duration => 0 ms
	|-----------------------------------------------------------------|


	|---------------- JSON REQUEST -----------------|

{"Parameters":{"TOK::UpperBound":0.4,"HYG::LowerBound":0.05,"LQD::UpperBound":0.6,"GSG::UpperBound":0.15,"BWX::LowerBound":0.03,"AssetSet":["TOK","EWJ","HYG","LQD","EMD","GSG","BWX"],"EWJ::UpperBound":0.4,"EMD::LowerBound":0.05,"BWX::UpperBound":0.5,"HYG::UpperBound":0.3,"TOK::LowerBound":0.05,"AssetReturnsCovariance":[[0.002733,0.002083,0.001593,4.88E-4,0.001172,0.002312,7.1E-4],[0.002083,0.002768,0.001302,4.57E-4,0.001105,0.001647,5.63E-4],[0.001593,0.001302,0.001463,6.39E-4,0.00105,0.00111,5.19E-4],[4.88E-4,4.57E-4,6.39E-4,6.08E-4,6.63E-4,4.2E-5,3.7E-4],[0.001172,0.001105,0.00105,6.63E-4,0.001389,8.25E-4,6.61E-4],[0.002312,0.001647,0.00111,4.2E-5,8.25E-4,0.005211,7.49E-4],[7.1E-4,5.63E-4,5.19E-4,3.7E-4,6.61E-4,7.49E-4,7.03E-4]],"EWJ::LowerBound":0.05,"EMD::UpperBound":0.35,"PortfolioDesignReturn":0.005262,"LQD::LowerBound":0.1,"GSG::LowerBound":0.05,"AssetReturnsMean":[0.008355,0.007207,0.006279,0.002466,0.004472,0.006821,0.00157]},"API":"PORTFOLIOALLOCATION::RETURNSCONSTRAINEDMEANVARIANCE"}

	|---------------- JSON RESPONSE ----------------|


	|-----------------------------------------------------------------|
	|    Copyright (C) 2011-2018 (DRIP)
	|-----------------------------------------------------------------|
	|    Build Version  => 3.86.0 multi mode
	|    Build JVM (TM) => 1.8.0_112
	|    Build Snap     => Fri Nov 02 21:22:20 EST 2018
	|    Start Time     => Fri Nov 02 23:29:04 EDT 2018
	|    Setup Time     => Fri Nov 02 23:29:04 EDT 2018
	|    Setup Duration => 0 ms
	|-----------------------------------------------------------------|

	B  15.07 |  14.72 |  12.93 |  19.31 |  13.30 |  12.80 |  11.88 |  9310983.35 | -426864230.86 |
	A  15.07 |  14.72 |  12.93 |  19.31 |  13.30 |  12.80 |  11.88 |  9310983.35 | -426864230.86 |
	B  18.11 |  17.07 |  14.20 |  19.80 |  14.21 |  04.63 |  11.99 |  9874915.49 | -883683529.79 |
	A  18.11 |  17.07 |  14.20 |  19.80 |  14.21 |  05.00 |  11.99 |  9874915.49 | -883683529.79 |
	B  16.55 |  15.84 |  13.55 |  19.55 |  13.74 |  08.84 |  11.93 |  9576878.36 | -642025333.10 |
	A  16.55 |  15.84 |  13.55 |  19.55 |  13.74 |  08.84 |  11.93 |  9576878.36 | -642025333.10 |
	B  16.39 |  15.71 |  13.46 |  19.52 |  13.67 |  09.31 |  11.94 |  9494004.57 | -592905208.93 |
	A  16.39 |  15.71 |  13.46 |  19.52 |  13.67 |  09.31 |  11.94 |  9494004.57 | -592905208.93 |
	B  16.38 |  15.70 |  13.46 |  19.52 |  13.67 |  09.33 |  11.94 |  9491724.04 | -591479202.22 |
	A  16.38 |  15.70 |  13.46 |  19.52 |  13.67 |  09.33 |  11.94 |  9491724.04 | -591479202.22 |
	B  16.38 |  15.70 |  13.46 |  19.52 |  13.67 |  09.33 |  11.94 |  4745852.64 | -295737586.61 |
	A  16.38 |  15.70 |  13.46 |  19.52 |  13.67 |  09.33 |  11.94 |  4745852.64 | -295737586.61 |
	B  16.38 |  15.70 |  13.46 |  19.52 |  13.67 |  09.33 |  11.94 |  2372930.53 | -147869450.22 |
	A  16.38 |  15.70 |  13.46 |  19.52 |  13.67 |  09.33 |  11.94 |  2372930.53 | -147869450.22 |
	B  16.38 |  15.70 |  13.46 |  19.52 |  13.67 |  09.33 |  11.94 |  1186464.60 | -73934650.28 |
	A  16.38 |  15.70 |  13.46 |  19.52 |  13.67 |  09.33 |  11.94 |  1186464.60 | -73934650.28 |
	B  16.38 |  15.70 |  13.46 |  19.52 |  13.67 |  09.33 |  11.94 |  593232.64 | -36967384.84 |
	A  16.38 |  15.70 |  13.46 |  19.52 |  13.67 |  09.33 |  11.94 |  593232.64 | -36967384.84 |
	B  16.38 |  15.70 |  13.46 |  19.52 |  13.67 |  09.33 |  11.94 |  296616.31 | -18483700.48 |
	A  16.38 |  15.70 |  13.46 |  19.52 |  13.67 |  09.33 |  11.94 |  296616.31 | -18483700.48 |
	B  16.38 |  15.70 |  13.46 |  19.52 |  13.67 |  09.33 |  11.94 |  148308.12 | -9241856.19 |
	A  16.38 |  15.70 |  13.46 |  19.52 |  13.67 |  09.33 |  11.94 |  148308.12 | -9241856.19 |
	B  16.38 |  15.70 |  13.46 |  19.52 |  13.67 |  09.33 |  11.94 |  74154.06 | -4620936.95 |
	A  16.38 |  15.70 |  13.46 |  19.52 |  13.67 |  09.33 |  11.94 |  74154.06 | -4620936.95 |
	B  16.38 |  15.70 |  13.46 |  19.52 |  13.67 |  09.33 |  11.94 |  37077.02 | -2310476.28 |
	A  16.38 |  15.70 |  13.46 |  19.52 |  13.67 |  09.33 |  11.94 |  37077.02 | -2310476.28 |
	B  16.38 |  15.70 |  13.46 |  19.52 |  13.67 |  09.33 |  11.94 |  18538.50 | -1155245.99 |
	A  16.38 |  15.70 |  13.46 |  19.52 |  13.67 |  09.33 |  11.94 |  18538.50 | -1155245.99 |
	B  16.38 |  15.70 |  13.46 |  19.52 |  13.67 |  09.33 |  11.94 |  9269.24 | -577630.88 |
	A  16.38 |  15.70 |  13.46 |  19.52 |  13.67 |  09.33 |  11.94 |  9269.24 | -577630.88 |
	B  16.38 |  15.70 |  13.46 |  19.52 |  13.67 |  09.33 |  11.94 |  4634.61 | -288823.32 |
	A  16.38 |  15.70 |  13.46 |  19.52 |  13.67 |  09.33 |  11.94 |  4634.61 | -288823.32 |
	B  16.38 |  15.70 |  13.46 |  19.52 |  13.67 |  09.33 |  11.94 |  2317.29 | -144419.54 |
	A  16.38 |  15.70 |  13.46 |  19.52 |  13.67 |  09.33 |  11.94 |  2317.29 | -144419.54 |
	B  16.38 |  15.70 |  13.46 |  19.52 |  13.67 |  09.33 |  11.94 |  1158.63 | -72217.65 |
	A  16.38 |  15.70 |  13.46 |  19.52 |  13.67 |  09.33 |  11.94 |  1158.63 | -72217.65 |
	B  16.38 |  15.70 |  13.46 |  19.52 |  13.67 |  09.33 |  11.94 |  579.31 | -36116.70 |
	A  16.38 |  15.70 |  13.46 |  19.52 |  13.67 |  09.33 |  11.94 |  579.31 | -36116.70 |
	B  16.38 |  15.70 |  13.46 |  19.52 |  13.67 |  09.33 |  11.94 |  289.64 | -18066.23 |
	A  16.38 |  15.70 |  13.46 |  19.52 |  13.67 |  09.33 |  11.94 |  289.64 | -18066.23 |
	B  16.38 |  15.70 |  13.46 |  19.52 |  13.67 |  09.33 |  11.94 |  144.81 | -9040.99 |
	A  16.38 |  15.70 |  13.46 |  19.52 |  13.67 |  09.33 |  11.94 |  144.81 | -9040.99 |
	B  16.38 |  15.70 |  13.46 |  19.52 |  13.67 |  09.33 |  11.94 |  72.39 | -4528.37 |
	A  16.38 |  15.70 |  13.46 |  19.52 |  13.67 |  09.33 |  11.94 |  72.39 | -4528.37 |
	B  16.38 |  15.70 |  13.46 |  19.52 |  13.67 |  09.33 |  11.93 |  36.18 | -2272.06 |
	A  16.38 |  15.70 |  13.46 |  19.52 |  13.67 |  09.33 |  11.93 |  36.18 | -2272.06 |
	B  16.38 |  15.70 |  13.46 |  19.52 |  13.67 |  09.33 |  11.93 |  18.08 | -1143.91 |
	A  16.38 |  15.70 |  13.46 |  19.52 |  13.67 |  09.33 |  11.93 |  18.08 | -1143.91 |
	B  16.38 |  15.70 |  13.46 |  19.53 |  13.67 |  09.33 |  11.93 |  09.03 | -579.83 |
	A  16.38 |  15.70 |  13.46 |  19.53 |  13.67 |  09.33 |  11.93 |  09.03 | -579.83 |
	B  16.38 |  15.70 |  13.47 |  19.54 |  13.67 |  09.33 |  11.92 |  04.50 | -297.79 |
	A  16.38 |  15.70 |  13.47 |  19.54 |  13.67 |  09.33 |  11.92 |  04.50 | -297.79 |
	B  16.38 |  15.69 |  13.48 |  19.55 |  13.66 |  09.32 |  11.91 |  02.24 | -156.78 |
	A  16.38 |  15.69 |  13.48 |  19.55 |  13.66 |  09.32 |  11.91 |  02.24 | -156.78 |
	B  16.39 |  15.68 |  13.50 |  19.58 |  13.65 |  09.32 |  11.89 |  01.11 | -86.27 |
	A  16.39 |  15.68 |  13.50 |  19.58 |  13.65 |  09.32 |  11.89 |  01.11 | -86.27 |
	B  16.39 |  15.65 |  13.54 |  19.64 |  13.64 |  09.31 |  11.84 |  00.54 | -51.02 |
	A  16.39 |  15.65 |  13.54 |  19.64 |  13.64 |  09.31 |  11.84 |  00.54 | -51.02 |
	B  16.39 |  15.60 |  13.61 |  19.76 |  13.60 |  09.28 |  11.75 |  00.26 | -33.39 |
	A  16.39 |  15.60 |  13.61 |  19.76 |  13.60 |  09.28 |  11.75 |  00.26 | -33.39 |
	B  16.39 |  15.51 |  13.77 |  20.00 |  13.53 |  09.24 |  11.56 |  00.12 | -24.59 |
	A  16.39 |  15.51 |  13.77 |  20.00 |  13.53 |  09.24 |  11.56 |  00.12 | -24.59 |
	B  16.40 |  15.33 |  14.08 |  20.47 |  13.38 |  09.15 |  11.20 |  00.05 | -20.21 |
	A  16.40 |  15.33 |  14.08 |  20.47 |  13.38 |  09.15 |  11.20 |  00.05 | -20.21 |
	B  16.42 |  14.99 |  14.67 |  21.38 |  13.05 |  08.99 |  10.50 |  00.01 | -18.05 |
	A  16.42 |  14.99 |  14.67 |  21.38 |  13.05 |  08.99 |  10.50 |  00.01 | -18.05 |
	B  16.43 |  14.71 |  15.20 |  22.20 |  12.69 |  08.87 |  09.91 |  00.01 | -18.09 |
	A  16.43 |  14.71 |  15.20 |  22.20 |  12.69 |  08.87 |  09.91 |  00.01 | -18.09 |
	B  16.43 |  14.71 |  15.19 |  22.19 |  12.70 |  08.87 |  09.92 |  00.01 | -18.08 |
	A  16.43 |  14.71 |  15.19 |  22.19 |  12.70 |  08.87 |  09.92 |  00.01 | -18.08 |
	B  16.45 |  14.30 |  15.97 |  23.38 |  12.17 |  08.68 |  09.06 | -00.00 | -17.03 |
	A  16.45 |  14.30 |  15.97 |  23.38 |  12.17 |  08.68 |  09.06 | -00.00 | -17.03 |
	B  16.46 |  14.00 |  16.58 |  24.24 |  11.69 |  08.54 |  08.49 | -00.00 | -17.06 |
	A  16.46 |  14.00 |  16.58 |  24.24 |  11.69 |  08.54 |  08.49 | -00.00 | -17.06 |
	B  16.46 |  14.00 |  16.57 |  24.22 |  11.70 |  08.54 |  08.50 | -00.00 | -17.05 |
	A  16.46 |  14.00 |  16.57 |  24.22 |  11.70 |  08.54 |  08.50 | -00.00 | -17.05 |
	B  16.49 |  13.41 |  17.80 |  25.93 |  10.77 |  08.27 |  07.33 | -00.01 | -16.55 |
	A  16.49 |  13.41 |  17.80 |  25.93 |  10.77 |  08.27 |  07.33 | -00.01 | -16.55 |
	B  16.49 |  13.09 |  18.55 |  26.72 |  10.18 |  08.12 |  06.84 | -00.01 | -16.54 |
	A  16.49 |  13.09 |  18.55 |  26.72 |  10.18 |  08.12 |  06.84 | -00.01 | -16.54 |
	B  16.50 |  13.09 |  18.54 |  26.71 |  10.19 |  08.12 |  06.85 | -00.01 | -16.54 |
	A  16.50 |  13.09 |  18.54 |  26.71 |  10.19 |  08.12 |  06.85 | -00.01 | -16.54 |
	B  16.52 |  12.39 |  20.12 |  28.51 |  08.98 |  07.80 |  05.69 | -00.01 | -16.27 |
	A  16.52 |  12.39 |  20.12 |  28.51 |  08.98 |  07.80 |  05.69 | -00.01 | -16.27 |
	B  16.50 |  12.13 |  20.82 |  28.97 |  08.52 |  07.66 |  05.41 | -00.01 | -16.23 |
	A  16.50 |  12.13 |  20.82 |  28.97 |  08.52 |  07.66 |  05.41 | -00.01 | -16.23 |
	B  16.50 |  12.12 |  20.81 |  28.97 |  08.53 |  07.65 |  05.41 | -00.01 | -16.23 |
	A  16.50 |  12.12 |  20.81 |  28.97 |  08.53 |  07.65 |  05.41 | -00.01 | -16.23 |
	B  16.48 |  11.45 |  22.45 |  30.38 |  07.39 |  07.31 |  04.53 | -00.01 | -16.05 |
	A  16.48 |  11.45 |  22.45 |  30.38 |  07.39 |  07.31 |  04.53 | -00.01 | -16.05 |
	B  16.45 |  11.27 |  22.96 |  30.56 |  07.15 |  07.20 |  04.41 | -00.01 | -16.01 |
	A  16.45 |  11.27 |  22.96 |  30.56 |  07.15 |  07.20 |  04.41 | -00.01 | -16.01 |
	B  16.39 |  10.72 |  24.40 |  31.46 |  06.31 |  06.89 |  03.83 | -00.01 | -15.87 |
	A  16.39 |  10.72 |  24.40 |  31.46 |  06.31 |  06.89 |  03.83 | -00.01 | -15.87 |
	B  16.35 |  10.61 |  24.74 |  31.51 |  06.21 |  06.81 |  03.78 | -00.01 | -15.84 |
	A  16.35 |  10.61 |  24.74 |  31.51 |  06.21 |  06.81 |  03.78 | -00.01 | -15.84 |
	B  16.26 |  10.20 |  25.87 |  32.00 |  05.68 |  06.55 |  03.44 | -00.02 | -15.73 |
	A  16.26 |  10.20 |  25.87 |  32.00 |  05.68 |  06.55 |  03.44 | -00.02 | -15.73 |
	B  16.21 |  10.15 |  26.10 |  31.99 |  05.64 |  06.49 |  03.42 | -00.02 | -15.71 |
	A  16.21 |  10.15 |  26.10 |  31.99 |  05.64 |  06.49 |  03.42 | -00.02 | -15.71 |
	B  16.09 |  09.88 |  26.96 |  32.22 |  05.34 |  06.29 |  03.23 | -00.02 | -15.62 |
	A  16.09 |  09.88 |  26.96 |  32.22 |  05.34 |  06.29 |  03.23 | -00.02 | -15.62 |
	B  16.04 |  09.85 |  27.11 |  32.19 |  05.33 |  06.25 |  03.22 | -00.02 | -15.61 |
	A  16.04 |  09.85 |  27.11 |  32.19 |  05.33 |  06.25 |  03.22 | -00.02 | -15.61 |
	B  15.92 |  09.68 |  27.73 |  32.27 |  05.17 |  06.11 |  03.12 | -00.02 | -15.55 |
	A  15.92 |  09.68 |  27.73 |  32.27 |  05.17 |  06.11 |  03.12 | -00.02 | -15.55 |
	B  15.77 |  09.58 |  28.26 |  32.25 |  05.09 |  06.00 |  03.06 | -00.02 | -15.50 |
	A  15.77 |  09.58 |  28.26 |  32.25 |  05.09 |  06.00 |  03.06 | -00.02 | -15.50 |
	B  15.62 |  09.51 |  28.66 |  32.20 |  05.04 |  05.93 |  03.03 | -00.02 | -15.46 |
	A  15.62 |  09.51 |  28.66 |  32.20 |  05.04 |  05.93 |  03.03 | -00.02 | -15.46 |
	B  15.50 |  09.48 |  28.94 |  32.15 |  05.02 |  05.90 |  03.01 | -00.02 | -15.44 |
	A  15.50 |  09.48 |  28.94 |  32.15 |  05.02 |  05.90 |  03.01 | -00.02 | -15.44 |
	B  15.40 |  09.46 |  29.13 |  32.11 |  05.01 |  05.88 |  03.01 | -00.02 | -15.42 |
	A  15.40 |  09.46 |  29.13 |  32.11 |  05.01 |  05.88 |  03.01 | -00.02 | -15.42 |
	B  15.33 |  09.45 |  29.26 |  32.07 |  05.01 |  05.88 |  03.00 | -00.02 | -15.41 |
	A  15.33 |  09.45 |  29.26 |  32.07 |  05.01 |  05.88 |  03.00 | -00.02 | -15.41 |
	B  15.28 |  09.44 |  29.35 |  32.05 |  05.00 |  05.87 |  03.00 | -00.02 | -15.40 |
	A  15.28 |  09.44 |  29.35 |  32.05 |  05.00 |  05.87 |  03.00 | -00.02 | -15.40 |
	B  15.26 |  09.44 |  29.39 |  32.03 |  05.00 |  05.87 |  03.00 | -00.02 | -15.40 |
	A  15.26 |  09.44 |  29.39 |  32.03 |  05.00 |  05.87 |  03.00 | -00.02 | -15.40 |
	B  15.24 |  09.44 |  29.42 |  32.03 |  05.00 |  05.87 |  03.00 | -00.02 | -15.40 |
	A  15.24 |  09.44 |  29.42 |  32.03 |  05.00 |  05.87 |  03.00 | -00.02 | -15.40 |
	B  15.23 |  09.44 |  29.43 |  32.02 |  05.00 |  05.87 |  03.00 | -00.02 | -15.40 |
	A  15.23 |  09.44 |  29.43 |  32.02 |  05.00 |  05.87 |  03.00 | -00.02 | -15.40 |
	B  15.23 |  09.44 |  29.44 |  32.02 |  05.00 |  05.87 |  03.00 | -00.02 | -15.40 |
	A  15.23 |  09.44 |  29.44 |  32.02 |  05.00 |  05.87 |  03.00 | -00.02 | -15.40 |
	B  15.23 |  09.44 |  29.44 |  32.02 |  05.00 |  05.87 |  03.00 | -00.02 | -15.40 |
	A  15.23 |  09.44 |  29.44 |  32.02 |  05.00 |  05.87 |  03.00 | -00.02 | -15.40 |
	B  15.23 |  09.44 |  29.44 |  32.02 |  05.00 |  05.87 |  03.00 | -00.02 | -15.40 |
	A  15.23 |  09.44 |  29.44 |  32.02 |  05.00 |  05.87 |  03.00 | -00.02 | -15.40 |
	B  15.23 |  09.44 |  29.44 |  32.02 |  05.00 |  05.87 |  03.00 | -00.02 | -15.40 |
	A  15.23 |  09.44 |  29.44 |  32.02 |  05.00 |  05.87 |  03.00 | -00.02 | -15.40 |
	B  15.23 |  09.44 |  29.44 |  32.02 |  05.00 |  05.87 |  03.00 | -00.02 | -15.40 |
	A  15.23 |  09.44 |  29.44 |  32.02 |  05.00 |  05.87 |  03.00 | -00.02 | -15.40 |
	B  15.23 |  09.44 |  29.44 |  32.02 |  05.00 |  05.87 |  03.00 | -00.02 | -15.40 |
	A  15.23 |  09.44 |  29.44 |  32.02 |  05.00 |  05.87 |  03.00 | -00.02 | -15.40 |
	B  15.23 |  09.44 |  29.44 |  32.02 |  05.00 |  05.87 |  03.00 | -00.02 | -15.40 |
	A  15.23 |  09.44 |  29.44 |  32.02 |  05.00 |  05.87 |  03.00 | -00.02 | -15.40 |
	B  15.23 |  09.44 |  29.44 |  32.02 |  05.00 |  05.87 |  03.00 | -00.02 | -15.40 |
	A  15.23 |  09.44 |  29.44 |  32.02 |  05.00 |  05.87 |  03.00 | -00.02 | -15.40 |
	B  15.23 |  09.44 |  29.44 |  32.02 |  05.00 |  05.87 |  03.00 | -00.02 | -15.40 |
	A  15.23 |  09.44 |  29.44 |  32.02 |  05.00 |  05.87 |  03.00 | -00.02 | -15.40 |
	B  15.23 |  09.44 |  29.44 |  32.02 |  05.00 |  05.87 |  03.00 | -00.02 | -15.40 |
	A  15.23 |  09.44 |  29.44 |  32.02 |  05.00 |  05.87 |  03.00 | -00.02 | -15.40 |
	B  15.23 |  09.44 |  29.44 |  32.02 |  05.00 |  05.87 |  03.00 | -00.02 | -15.40 |
	A  15.23 |  09.44 |  29.44 |  32.02 |  05.00 |  05.87 |  03.00 | -00.02 | -15.40 |
	B  15.23 |  09.44 |  29.44 |  32.02 |  05.00 |  05.87 |  03.00 | -00.02 | -15.40 |
	A  15.23 |  09.44 |  29.44 |  32.02 |  05.00 |  05.87 |  03.00 | -00.02 | -15.40 |
	B  15.23 |  09.44 |  29.44 |  32.02 |  05.00 |  05.87 |  03.00 | -00.02 | -15.40 |
	A  15.23 |  09.44 |  29.44 |  32.02 |  05.00 |  05.87 |  03.00 | -00.02 | -15.40 |
	B  15.23 |  09.44 |  29.44 |  32.02 |  05.00 |  05.87 |  03.00 | -00.02 | -15.40 |
	A  15.23 |  09.44 |  29.44 |  32.02 |  05.00 |  05.87 |  03.00 | -00.02 | -15.40 |
	B  15.23 |  09.44 |  29.44 |  32.02 |  05.00 |  05.87 |  03.00 | -00.02 | -15.40 |
	A  15.23 |  09.44 |  29.44 |  32.02 |  05.00 |  05.87 |  03.00 | -00.02 | -15.40 |
	B  15.23 |  09.44 |  29.44 |  32.02 |  05.00 |  05.87 |  03.00 | -00.02 | -15.40 |
	A  15.23 |  09.44 |  29.44 |  32.02 |  05.00 |  05.87 |  03.00 | -00.02 | -15.40 |
	B  15.23 |  09.44 |  29.44 |  32.02 |  05.00 |  05.87 |  03.00 | -00.02 | -15.40 |
	A  15.23 |  09.44 |  29.44 |  32.02 |  05.00 |  05.87 |  03.00 | -00.02 | -15.40 |
	B  15.23 |  09.44 |  29.44 |  32.02 |  05.00 |  05.87 |  03.00 | -00.02 | -15.40 |
	A  15.23 |  09.44 |  29.44 |  32.02 |  05.00 |  05.87 |  03.00 | -00.02 | -15.40 |
	B  15.23 |  09.44 |  29.44 |  32.02 |  05.00 |  05.87 |  03.00 | -00.02 | -15.40 |
	A  15.23 |  09.44 |  29.44 |  32.02 |  05.00 |  05.87 |  03.00 | -00.02 | -15.40 |
	B  15.23 |  09.44 |  29.44 |  32.02 |  05.00 |  05.87 |  03.00 | -00.02 | -15.40 |
	A  15.23 |  09.44 |  29.44 |  32.02 |  05.00 |  05.87 |  03.00 | -00.02 | -15.40 |
	B  15.23 |  09.44 |  29.44 |  32.02 |  05.00 |  05.87 |  03.00 | -00.02 | -15.40 |
	A  15.23 |  09.44 |  29.44 |  32.02 |  05.00 |  05.87 |  03.00 | -00.02 | -15.40 |
	B  15.23 |  09.44 |  29.44 |  32.02 |  05.00 |  05.87 |  03.00 | -00.02 | -15.40 |
	A  15.23 |  09.44 |  29.44 |  32.02 |  05.00 |  05.87 |  03.00 | -00.02 | -15.40 |
	B  15.23 |  09.44 |  29.44 |  32.02 |  05.00 |  05.87 |  03.00 | -00.02 | -15.40 |
	A  15.23 |  09.44 |  29.44 |  32.02 |  05.00 |  05.87 |  03.00 | -00.02 | -15.40 |
	B  15.23 |  09.44 |  29.44 |  32.02 |  05.00 |  05.87 |  03.00 | -00.02 | -15.40 |
	A  15.23 |  09.44 |  29.44 |  32.02 |  05.00 |  05.87 |  03.00 | -00.02 | -15.40 |
{"LQD::UpperBound":0.6,"GSG::UpperBound":0.15,"EWJ::UpperBound":0.4,"AssetReturnsCovariance":[[0.002733,0.002083,0.001593,4.88E-4,0.001172,0.002312,7.1E-4],[0.002083,0.002768,0.001302,4.57E-4,0.001105,0.001647,5.63E-4],[0.001593,0.001302,0.001463,6.39E-4,0.00105,0.00111,5.19E-4],[4.88E-4,4.57E-4,6.39E-4,6.08E-4,6.63E-4,4.2E-5,3.7E-4],[0.001172,0.001105,0.00105,6.63E-4,0.001389,8.25E-4,6.61E-4],[0.002312,0.001647,0.00111,4.2E-5,8.25E-4,0.005211,7.49E-4],[7.1E-4,5.63E-4,5.19E-4,3.7E-4,6.61E-4,7.49E-4,7.03E-4]],"BWX::WEIGHT":0.03000000000013927,"GSG::WEIGHT":0.05873072203190665,"PortfolioNotional":1.0,"TOK::UpperBound":0.4,"HYG::LowerBound":0.05,"EWJ::WEIGHT":0.09436756487008523,"BWX::LowerBound":0.03,"AssetSet":["TOK","EWJ","HYG","LQD","EMD","GSG","BWX"],"EMD::LowerBound":0.05,"HYG::WEIGHT":0.2944380153643077,"BWX::UpperBound":0.5,"PortfolioExpectedReturn":0.005262,"EMD::WEIGHT":0.050000000000196804,"HYG::UpperBound":0.3,"TOK::LowerBound":0.05,"PortfolioStandardDeviation":0.031391503603803314,"LQD::WEIGHT":0.3201935452596681,"EWJ::LowerBound":0.05,"EMD::UpperBound":0.35,"TOK::WEIGHT":0.15227015247369624,"PortfolioDesignReturn":0.005262,"LQD::LowerBound":0.1,"GSG::LowerBound":0.05,"AssetReturnsMean":[0.008355,0.007207,0.006279,0.002466,0.004472,0.006821,0.00157]}

	|-----------------------------------------------------------------|
	|    Copyright (C) 2011-2018 (DRIP)
	|-----------------------------------------------------------------|
	|    Build Version  => 3.86.0 multi mode
	|    Build JVM (TM) => 1.8.0_112
	|    Build Snap     => Fri Nov 02 21:22:20 EST 2018
	|    Start Time     => Fri Nov 02 23:29:04 EDT 2018
	|    Setup Time     => Fri Nov 02 23:29:04 EDT 2018
	|    Setup Duration => 0 ms
	|-----------------------------------------------------------------|


	|---------------- JSON REQUEST -----------------|

{"Parameters":{"Coupon":0.1,"TreasuryCode":"MBONO","MaturityDate":"20-NOV-2036","SettleDate":"30-MAR-2016","CleanPrice":1.35213,"Notional":1.0E8,"EffectiveDate":"20-NOV-2011"},"API":"TREASURYBOND::SECULARMETRICS"}

	|---------------- JSON RESPONSE ----------------|


	|-----------------------------------------------------------------|
	|    Copyright (C) 2011-2018 (DRIP)
	|-----------------------------------------------------------------|
	|    Build Version  => 3.86.0 multi mode
	|    Build JVM (TM) => 1.8.0_112
	|    Build Snap     => Fri Nov 02 21:22:20 EST 2018
	|    Start Time     => Fri Nov 02 23:29:04 EDT 2018
	|    Setup Time     => Fri Nov 02 23:29:04 EDT 2018
	|    Setup Duration => 0 ms
	|-----------------------------------------------------------------|

{"AccrualDays":131,"Risk":0.0013839598827962707,"PreviousCouponDate":"20-NOV-2015","Accrued":3598901.098901102,"CurrentPrincipal":1.0E8,"ModifiedDuration":9.97003597047885E-4,"DV01":138395.98827962708,"CouponFlow":[{"CouponRate":0.10000000000000009,"StartDate":"20-NOV-2011","AccrualDays":181,"AccrualFraction":0.5,"PayDate":"20-MAY-2012","CouponAmount":5000000.000000005,"YieldDF":0.9993084985637253,"EndDate":"20-MAY-2012"},{"CouponRate":0.10000000000000009,"StartDate":"20-MAY-2012","AccrualDays":185,"AccrualFraction":0.5054945054945055,"PayDate":"20-NOV-2012","CouponAmount":5054945.054945059,"YieldDF":0.9986098842944381,"EndDate":"20-NOV-2012"},{"CouponRate":0.10000000000000009,"StartDate":"20-NOV-2012","AccrualDays":180,"AccrualFraction":0.49725274725274726,"PayDate":"20-MAY-2013","CouponAmount":4972527.472527477,"YieldDF":0.9979231369969908,"EndDate":"20-MAY-2013"},{"CouponRate":0.10000000000000009,"StartDate":"20-MAY-2013","AccrualDays":184,"AccrualFraction":0.5054945054945055,"PayDate":"20-NOV-2013","CouponAmount":5054945.054945059,"YieldDF":0.9972254912307834,"EndDate":"20-NOV-2013"},{"CouponRate":0.10000000000000009,"StartDate":"20-NOV-2013","AccrualDays":180,"AccrualFraction":0.49725274725274726,"PayDate":"20-MAY-2014","CouponAmount":4972527.472527477,"YieldDF":0.996539695984993,"EndDate":"20-MAY-2014"},{"CouponRate":0.10000000000000009,"StartDate":"20-MAY-2014","AccrualDays":184,"AccrualFraction":0.5054945054945055,"PayDate":"20-NOV-2014","CouponAmount":5054945.054945059,"YieldDF":0.9958430173792103,"EndDate":"20-NOV-2014"},{"CouponRate":0.10000000000000009,"StartDate":"20-NOV-2014","AccrualDays":180,"AccrualFraction":0.49725274725274726,"PayDate":"20-MAY-2015","CouponAmount":4972527.472527477,"YieldDF":0.9951581728652286,"EndDate":"20-MAY-2015"},{"CouponRate":0.10000000000000009,"StartDate":"20-MAY-2015","AccrualDays":184,"AccrualFraction":0.5054945054945055,"PayDate":"20-NOV-2015","CouponAmount":5054945.054945059,"YieldDF":0.9944624600790762,"EndDate":"20-NOV-2015"},{"CouponRate":0.10000000000000009,"StartDate":"20-NOV-2015","AccrualDays":181,"AccrualFraction":0.5,"PayDate":"20-MAY-2016","CouponAmount":5000000.000000005,"YieldDF":0.9937747878596103,"EndDate":"20-MAY-2016"},{"CouponRate":0.10000000000000009,"StartDate":"20-MAY-2016","AccrualDays":185,"AccrualFraction":0.5054945054945055,"PayDate":"20-NOV-2016","CouponAmount":5054945.054945059,"YieldDF":0.9930800421947286,"EndDate":"20-NOV-2016"},{"CouponRate":0.10000000000000009,"StartDate":"20-NOV-2016","AccrualDays":180,"AccrualFraction":0.49725274725274726,"PayDate":"20-MAY-2017","CouponAmount":4972527.472527477,"YieldDF":0.9923970977878565,"EndDate":"20-MAY-2017"},{"CouponRate":0.10000000000000009,"StartDate":"20-MAY-2017","AccrualDays":184,"AccrualFraction":0.5054945054945055,"PayDate":"20-NOV-2017","CouponAmount":5054945.054945059,"YieldDF":0.9917033152629301,"EndDate":"20-NOV-2017"},{"CouponRate":0.10000000000000009,"StartDate":"20-NOV-2017","AccrualDays":180,"AccrualFraction":0.49725274725274726,"PayDate":"20-MAY-2018","CouponAmount":4972527.472527477,"YieldDF":0.9910213176356909,"EndDate":"20-MAY-2018"},{"CouponRate":0.10000000000000009,"StartDate":"20-MAY-2018","AccrualDays":184,"AccrualFraction":0.5054945054945055,"PayDate":"20-NOV-2018","CouponAmount":5054945.054945059,"YieldDF":0.9903284969154997,"EndDate":"20-NOV-2018"},{"CouponRate":0.10000000000000009,"StartDate":"20-NOV-2018","AccrualDays":180,"AccrualFraction":0.49725274725274726,"PayDate":"20-MAY-2019","CouponAmount":4972527.472527477,"YieldDF":0.9896474447553537,"EndDate":"20-MAY-2019"},{"CouponRate":0.10000000000000009,"StartDate":"20-MAY-2019","AccrualDays":184,"AccrualFraction":0.5054945054945055,"PayDate":"20-NOV-2019","CouponAmount":5054945.054945059,"YieldDF":0.9889555845065283,"EndDate":"20-NOV-2019"},{"CouponRate":0.10000000000000009,"StartDate":"20-NOV-2019","AccrualDays":181,"AccrualFraction":0.5,"PayDate":"20-MAY-2020","CouponAmount":5000000.000000005,"YieldDF":0.9882717202994301,"EndDate":"20-MAY-2020"},{"CouponRate":0.10000000000000009,"StartDate":"20-MAY-2020","AccrualDays":185,"AccrualFraction":0.5054945054945055,"PayDate":"20-NOV-2020","CouponAmount":5054945.054945059,"YieldDF":0.9875808218164026,"EndDate":"20-NOV-2020"},{"CouponRate":0.10000000000000009,"StartDate":"20-NOV-2020","AccrualDays":180,"AccrualFraction":0.49725274725274726,"PayDate":"20-MAY-2021","CouponAmount":4972527.472527477,"YieldDF":0.9869016592414472,"EndDate":"20-MAY-2021"},{"CouponRate":0.10000000000000009,"StartDate":"20-MAY-2021","AccrualDays":184,"AccrualFraction":0.5054945054945055,"PayDate":"20-NOV-2021","CouponAmount":5054945.054945059,"YieldDF":0.9862117185649492,"EndDate":"20-NOV-2021"},{"CouponRate":0.10000000000000009,"StartDate":"20-NOV-2021","AccrualDays":180,"AccrualFraction":0.49725274725274726,"PayDate":"20-MAY-2022","CouponAmount":4972527.472527477,"YieldDF":0.9855334975267969,"EndDate":"20-MAY-2022"},{"CouponRate":0.10000000000000009,"StartDate":"20-MAY-2022","AccrualDays":184,"AccrualFraction":0.5054945054945055,"PayDate":"20-NOV-2022","CouponAmount":5054945.054945059,"YieldDF":0.9848445133290017,"EndDate":"20-NOV-2022"},{"CouponRate":0.10000000000000009,"StartDate":"20-NOV-2022","AccrualDays":180,"AccrualFraction":0.49725274725274726,"PayDate":"20-MAY-2023","CouponAmount":4972527.472527477,"YieldDF":0.9841672325223808,"EndDate":"20-MAY-2023"},{"CouponRate":0.10000000000000009,"StartDate":"20-MAY-2023","AccrualDays":184,"AccrualFraction":0.5054945054945055,"PayDate":"20-NOV-2023","CouponAmount":5054945.054945059,"YieldDF":0.9834792034773029,"EndDate":"20-NOV-2023"},{"CouponRate":0.10000000000000009,"StartDate":"20-NOV-2023","AccrualDays":181,"AccrualFraction":0.5,"PayDate":"20-MAY-2024","CouponAmount":5000000.000000005,"YieldDF":0.9827991261955521,"EndDate":"20-MAY-2024"},{"CouponRate":0.10000000000000009,"StartDate":"20-MAY-2024","AccrualDays":185,"AccrualFraction":0.5054945054945055,"PayDate":"20-NOV-2024","CouponAmount":5054945.054945059,"YieldDF":0.9821120535904556,"EndDate":"20-NOV-2024"},{"CouponRate":0.10000000000000009,"StartDate":"20-NOV-2024","AccrualDays":180,"AccrualFraction":0.49725274725274726,"PayDate":"20-MAY-2025","CouponAmount":4972527.472527477,"YieldDF":0.9814366519053719,"EndDate":"20-MAY-2025"},{"CouponRate":0.10000000000000009,"StartDate":"20-MAY-2025","AccrualDays":184,"AccrualFraction":0.5054945054945055,"PayDate":"20-NOV-2025","CouponAmount":5054945.054945059,"YieldDF":0.9807505318029129,"EndDate":"20-NOV-2025"},{"CouponRate":0.10000000000000009,"StartDate":"20-NOV-2025","AccrualDays":180,"AccrualFraction":0.49725274725274726,"PayDate":"20-MAY-2026","CouponAmount":4972527.472527477,"YieldDF":0.9800760664408346,"EndDate":"20-MAY-2026"},{"CouponRate":0.10000000000000009,"StartDate":"20-MAY-2026","AccrualDays":184,"AccrualFraction":0.5054945054945055,"PayDate":"20-NOV-2026","CouponAmount":5054945.054945059,"YieldDF":0.9793908975205396,"EndDate":"20-NOV-2026"},{"CouponRate":0.10000000000000009,"StartDate":"20-NOV-2026","AccrualDays":180,"AccrualFraction":0.49725274725274726,"PayDate":"20-MAY-2027","CouponAmount":4972527.472527477,"YieldDF":0.9787173671834231,"EndDate":"20-MAY-2027"},{"CouponRate":0.10000000000000009,"StartDate":"20-MAY-2027","AccrualDays":184,"AccrualFraction":0.5054945054945055,"PayDate":"20-NOV-2027","CouponAmount":5054945.054945059,"YieldDF":0.978033148126649,"EndDate":"20-NOV-2027"},{"CouponRate":0.10000000000000009,"StartDate":"20-NOV-2027","AccrualDays":181,"AccrualFraction":0.5,"PayDate":"20-MAY-2028","CouponAmount":5000000.000000005,"YieldDF":0.9773568367999952,"EndDate":"20-MAY-2028"},{"CouponRate":0.10000000000000009,"StartDate":"20-MAY-2028","AccrualDays":185,"AccrualFraction":0.5054945054945055,"PayDate":"20-NOV-2028","CouponAmount":5054945.054945059,"YieldDF":0.976673568886878,"EndDate":"20-NOV-2028"},{"CouponRate":0.10000000000000009,"StartDate":"20-NOV-2028","AccrualDays":180,"AccrualFraction":0.49725274725274726,"PayDate":"20-MAY-2029","CouponAmount":4972527.472527477,"YieldDF":0.9760019072655881,"EndDate":"20-MAY-2029"},{"CouponRate":0.10000000000000009,"StartDate":"20-MAY-2029","AccrualDays":184,"AccrualFraction":0.5054945054945055,"PayDate":"20-NOV-2029","CouponAmount":5054945.054945059,"YieldDF":0.9753195865805872,"EndDate":"20-NOV-2029"},{"CouponRate":0.10000000000000009,"StartDate":"20-NOV-2029","AccrualDays":180,"AccrualFraction":0.49725274725274726,"PayDate":"20-MAY-2030","CouponAmount":4972527.472527477,"YieldDF":0.9746488560973765,"EndDate":"20-MAY-2030"},{"CouponRate":0.10000000000000009,"StartDate":"20-MAY-2030","AccrualDays":184,"AccrualFraction":0.5054945054945055,"PayDate":"20-NOV-2030","CouponAmount":5054945.054945059,"YieldDF":0.9739674813273302,"EndDate":"20-NOV-2030"},{"CouponRate":0.10000000000000009,"StartDate":"20-NOV-2030","AccrualDays":180,"AccrualFraction":0.49725274725274726,"PayDate":"20-MAY-2031","CouponAmount":4972527.472527477,"YieldDF":0.9732976806913434,"EndDate":"20-MAY-2031"},{"CouponRate":0.10000000000000009,"StartDate":"20-MAY-2031","AccrualDays":184,"AccrualFraction":0.5054945054945055,"PayDate":"20-NOV-2031","CouponAmount":5054945.054945059,"YieldDF":0.9726172505249109,"EndDate":"20-NOV-2031"},{"CouponRate":0.10000000000000009,"StartDate":"20-NOV-2031","AccrualDays":181,"AccrualFraction":0.5,"PayDate":"20-MAY-2032","CouponAmount":5000000.000000005,"YieldDF":0.9719446842992274,"EndDate":"20-MAY-2032"},{"CouponRate":0.10000000000000009,"StartDate":"20-MAY-2032","AccrualDays":185,"AccrualFraction":0.5054945054945055,"PayDate":"20-NOV-2032","CouponAmount":5054945.054945059,"YieldDF":0.9712652000094558,"EndDate":"20-NOV-2032"},{"CouponRate":0.10000000000000009,"StartDate":"20-NOV-2032","AccrualDays":180,"AccrualFraction":0.49725274725274726,"PayDate":"20-MAY-2033","CouponAmount":4972527.472527477,"YieldDF":0.9705972577412071,"EndDate":"20-MAY-2033"},{"CouponRate":0.10000000000000009,"StartDate":"20-MAY-2033","AccrualDays":184,"AccrualFraction":0.5054945054945055,"PayDate":"20-NOV-2033","CouponAmount":5054945.054945059,"YieldDF":0.9699187154342382,"EndDate":"20-NOV-2033"},{"CouponRate":0.10000000000000009,"StartDate":"20-NOV-2033","AccrualDays":180,"AccrualFraction":0.49725274725274726,"PayDate":"20-MAY-2034","CouponAmount":4972527.472527477,"YieldDF":0.9692516991478546,"EndDate":"20-MAY-2034"},{"CouponRate":0.10000000000000009,"StartDate":"20-MAY-2034","AccrualDays":184,"AccrualFraction":0.5054945054945055,"PayDate":"20-NOV-2034","CouponAmount":5054945.054945059,"YieldDF":0.9685740975177985,"EndDate":"20-NOV-2034"},{"CouponRate":0.10000000000000009,"StartDate":"20-NOV-2034","AccrualDays":180,"AccrualFraction":0.49725274725274726,"PayDate":"20-MAY-2035","CouponAmount":4972527.472527477,"YieldDF":0.9679080059295726,"EndDate":"20-MAY-2035"},{"CouponRate":0.10000000000000009,"StartDate":"20-MAY-2035","AccrualDays":184,"AccrualFraction":0.5054945054945055,"PayDate":"20-NOV-2035","CouponAmount":5054945.054945059,"YieldDF":0.9672313436723501,"EndDate":"20-NOV-2035"},{"CouponRate":0.10000000000000009,"StartDate":"20-NOV-2035","AccrualDays":181,"AccrualFraction":0.5,"PayDate":"20-MAY-2036","CouponAmount":5000000.000000005,"YieldDF":0.9665625018089908,"EndDate":"20-MAY-2036"},{"CouponRate":0.10000000000000009,"StartDate":"20-MAY-2036","AccrualDays":185,"AccrualFraction":0.5054945054945055,"PayDate":"20-NOV-2036","CouponAmount":5054945.054945059,"YieldDF":0.9658867801905995,"EndDate":"20-NOV-2036"}],"NPV":1.0359890109890111E8,"Total":1.0359890109890111E8,"Yield":0.0680318630755704,"Convexity":1.5238475139902444E-6,"CleanPrice":135.213,"Face":1.0E8,"SettleDate":"30-MAR-2016","Notional":1.0E8}
]]></system-out>
  <system-err><![CDATA[]]></system-err>
</testsuite>
