<?xml version="1.0" encoding="UTF-8"?>
<testsuite name="org.drip.coverage.product.OISAPI" tests="1" skipped="0" failures="0" errors="0" timestamp="2018-11-03T03:28:04" hostname="LAPTOP-2MU6A8KE" time="0.319">
  <properties/>
  <testcase name="codeCoverageTest" classname="org.drip.coverage.product.OISAPI" time="0.319"/>
  <system-out><![CDATA[
	|-----------------------------------------------------------------|
	|    Copyright (C) 2011-2018 (DRIP)
	|-----------------------------------------------------------------|
	|    Build Version  => 3.86.0 multi mode
	|    Build JVM (TM) => 1.8.0_112
	|    Build Snap     => Fri Nov 02 21:22:20 EST 2018
	|    Start Time     => Fri Nov 02 23:28:04 EDT 2018
	|    Setup Time     => Fri Nov 02 23:28:04 EDT 2018
	|    Setup Duration => 0 ms
	|-----------------------------------------------------------------|

	accrued => 0.0
	calctime => 6.87951E-4
	calibfloatingpv => 2.507661273456474E-4
	calibswaprate => 0.004299999999999845
	cleanfixeddv01 => 5.83177040338736E-6
	cleanfloatingdv01 => -5.832646887795929E-6
	cleanfloatingpv => -2.507661273454616E-4
	cleanprice => 100.00000000000003
	cleanpv => 1.728218262941894E-16
	cumulativeconvexityadjustmentpremium => 0.0
	cumulativecouponamount => 0.0
	cumulativecoupondcf => 0.0
	derivedaccrued => 0.0
	derivedaccrued01 => 0.0
	derivedcleandv01 => -5.832646887795929E-6
	derivedcleanpv => -2.507661273454616E-4
	derivedcumulativeconvexityadjustmentfactor => 1.0
	derivedcumulativeconvexityadjustmentpremium => -0.0
	derivedcumulativecouponamount => 0.0
	derivedcumulativecoupondcf => 0.0
	deriveddirtydv01 => -5.832646887795929E-6
	deriveddirtypv => -2.507661273454616E-4
	deriveddv01 => -5.832646887795929E-6
	derivedfixing01 => 0.0
	derivedparbasisspread => 2.963008555443277E-11
	derivedpv => -2.507661273454616E-4
	derivedresetdate => -2.147483648E9
	derivedresetrate => NaN
	dirtyfixeddv01 => 5.83177040338736E-6
	dirtyfixedpv => 2.5076612734563445E-4
	dirtyfloatingdv01 => -5.832646887795929E-6
	dirtyfloatingpv => -2.507661273454616E-4
	dirtyprice => 100.00000000000003
	dirtypv => 1.728218262941894E-16
	fairpremium => 0.004299999999996659
	fixedaccrued => 0.0
	fixedaccrued01 => 0.0
	fixeddv01 => 5.83177040338736E-6
	fixedstream::usd/usd::12::{06-nov-2018->27-nov-2018}@accrualcoupon => NaN
	fixedstream::usd/usd::12::{06-nov-2018->27-nov-2018}@accrued => 0.0
	fixedstream::usd/usd::12::{06-nov-2018->27-nov-2018}@accrued01 => 0.0
	fixedstream::usd/usd::12::{06-nov-2018->27-nov-2018}@calctime => 5.7770000000000004E-5
	fixedstream::usd/usd::12::{06-nov-2018->27-nov-2018}@cleandv01 => 5.83177040338736E-6
	fixedstream::usd/usd::12::{06-nov-2018->27-nov-2018}@cleanprice => 100.02507661273457
	fixedstream::usd/usd::12::{06-nov-2018->27-nov-2018}@cleanpv => 2.5076612734563445E-4
	fixedstream::usd/usd::12::{06-nov-2018->27-nov-2018}@compoundingadjustedcleandv01 => 5.83177040338736E-6
	fixedstream::usd/usd::12::{06-nov-2018->27-nov-2018}@compoundingadjustedcleanprice => 100.02507661273457
	fixedstream::usd/usd::12::{06-nov-2018->27-nov-2018}@compoundingadjustedcleanpv => 2.5076612734563445E-4
	fixedstream::usd/usd::12::{06-nov-2018->27-nov-2018}@compoundingadjusteddirtydv01 => 5.83177040338736E-6
	fixedstream::usd/usd::12::{06-nov-2018->27-nov-2018}@compoundingadjusteddirtyprice => 100.02507661273457
	fixedstream::usd/usd::12::{06-nov-2018->27-nov-2018}@compoundingadjusteddirtypv => 2.5076612734563445E-4
	fixedstream::usd/usd::12::{06-nov-2018->27-nov-2018}@compoundingadjustedfairpremium => 0.004299999999999622
	fixedstream::usd/usd::12::{06-nov-2018->27-nov-2018}@compoundingadjustedparrate => 0.004299999999999622
	fixedstream::usd/usd::12::{06-nov-2018->27-nov-2018}@compoundingadjustedprice => 100.02507661273457
	fixedstream::usd/usd::12::{06-nov-2018->27-nov-2018}@compoundingadjustedpv => 2.5076612734563445E-4
	fixedstream::usd/usd::12::{06-nov-2018->27-nov-2018}@compoundingadjustedrate => 0.004299999999999622
	fixedstream::usd/usd::12::{06-nov-2018->27-nov-2018}@compoundingadjustedupfront => 2.5076612734563445E-4
	fixedstream::usd/usd::12::{06-nov-2018->27-nov-2018}@compoundingadjustmentfactor => 1.0
	fixedstream::usd/usd::12::{06-nov-2018->27-nov-2018}@compoundingadjustmentpremium => 0.0
	fixedstream::usd/usd::12::{06-nov-2018->27-nov-2018}@compoundingadjustmentpremiumupfront => 0.0
	fixedstream::usd/usd::12::{06-nov-2018->27-nov-2018}@creditforwardconvexityadjustedcleandv01 => 5.83177040338736E-6
	fixedstream::usd/usd::12::{06-nov-2018->27-nov-2018}@creditforwardconvexityadjustedcleanprice => 100.02507661273457
	fixedstream::usd/usd::12::{06-nov-2018->27-nov-2018}@creditforwardconvexityadjustedcleanpv => 2.5076612734563445E-4
	fixedstream::usd/usd::12::{06-nov-2018->27-nov-2018}@creditforwardconvexityadjusteddirtydv01 => 5.83177040338736E-6
	fixedstream::usd/usd::12::{06-nov-2018->27-nov-2018}@creditforwardconvexityadjusteddirtyprice => 100.02507661273457
	fixedstream::usd/usd::12::{06-nov-2018->27-nov-2018}@creditforwardconvexityadjusteddirtypv => 2.5076612734563445E-4
	fixedstream::usd/usd::12::{06-nov-2018->27-nov-2018}@creditforwardconvexityadjusteddv01 => 5.83177040338736E-6
	fixedstream::usd/usd::12::{06-nov-2018->27-nov-2018}@creditforwardconvexityadjustedfairpremium => 0.004299999999999622
	fixedstream::usd/usd::12::{06-nov-2018->27-nov-2018}@creditforwardconvexityadjustedparrate => 0.004299999999999622
	fixedstream::usd/usd::12::{06-nov-2018->27-nov-2018}@creditforwardconvexityadjustedprice => 100.02507661273457
	fixedstream::usd/usd::12::{06-nov-2018->27-nov-2018}@creditforwardconvexityadjustedpv => 2.5076612734563445E-4
	fixedstream::usd/usd::12::{06-nov-2018->27-nov-2018}@creditforwardconvexityadjustedrate => 0.004299999999999622
	fixedstream::usd/usd::12::{06-nov-2018->27-nov-2018}@creditforwardconvexityadjustedupfront => 2.5076612734563445E-4
	fixedstream::usd/usd::12::{06-nov-2018->27-nov-2018}@creditforwardconvexityadjustmentfactor => 1.0
	fixedstream::usd/usd::12::{06-nov-2018->27-nov-2018}@creditforwardconvexityadjustmentpremium => 0.0
	fixedstream::usd/usd::12::{06-nov-2018->27-nov-2018}@creditforwardconvexityadjustmentpremiumupfront => 0.0
	fixedstream::usd/usd::12::{06-nov-2018->27-nov-2018}@creditfundingconvexityadjustedcleandv01 => 5.83177040338736E-6
	fixedstream::usd/usd::12::{06-nov-2018->27-nov-2018}@creditfundingconvexityadjustedcleanprice => 100.02507661273457
	fixedstream::usd/usd::12::{06-nov-2018->27-nov-2018}@creditfundingconvexityadjustedcleanpv => 2.5076612734563445E-4
	fixedstream::usd/usd::12::{06-nov-2018->27-nov-2018}@creditfundingconvexityadjusteddirtydv01 => 5.83177040338736E-6
	fixedstream::usd/usd::12::{06-nov-2018->27-nov-2018}@creditfundingconvexityadjusteddirtyprice => 100.02507661273457
	fixedstream::usd/usd::12::{06-nov-2018->27-nov-2018}@creditfundingconvexityadjusteddirtypv => 2.5076612734563445E-4
	fixedstream::usd/usd::12::{06-nov-2018->27-nov-2018}@creditfundingconvexityadjusteddv01 => 5.83177040338736E-6
	fixedstream::usd/usd::12::{06-nov-2018->27-nov-2018}@creditfundingconvexityadjustedfairpremium => 0.004299999999999622
	fixedstream::usd/usd::12::{06-nov-2018->27-nov-2018}@creditfundingconvexityadjustedparrate => 0.004299999999999622
	fixedstream::usd/usd::12::{06-nov-2018->27-nov-2018}@creditfundingconvexityadjustedprice => 100.02507661273457
	fixedstream::usd/usd::12::{06-nov-2018->27-nov-2018}@creditfundingconvexityadjustedpv => 2.5076612734563445E-4
	fixedstream::usd/usd::12::{06-nov-2018->27-nov-2018}@creditfundingconvexityadjustedrate => 0.004299999999999622
	fixedstream::usd/usd::12::{06-nov-2018->27-nov-2018}@creditfundingconvexityadjustedupfront => 2.5076612734563445E-4
	fixedstream::usd/usd::12::{06-nov-2018->27-nov-2018}@creditfundingconvexityadjustmentfactor => 1.0
	fixedstream::usd/usd::12::{06-nov-2018->27-nov-2018}@creditfundingconvexityadjustmentpremium => 0.0
	fixedstream::usd/usd::12::{06-nov-2018->27-nov-2018}@creditfundingconvexityadjustmentpremiumupfront => 0.0
	fixedstream::usd/usd::12::{06-nov-2018->27-nov-2018}@creditfxconvexityadjustedcleandv01 => 5.83177040338736E-6
	fixedstream::usd/usd::12::{06-nov-2018->27-nov-2018}@creditfxconvexityadjustedcleanprice => 100.02507661273457
	fixedstream::usd/usd::12::{06-nov-2018->27-nov-2018}@creditfxconvexityadjustedcleanpv => 2.5076612734563445E-4
	fixedstream::usd/usd::12::{06-nov-2018->27-nov-2018}@creditfxconvexityadjusteddirtydv01 => 5.83177040338736E-6
	fixedstream::usd/usd::12::{06-nov-2018->27-nov-2018}@creditfxconvexityadjusteddirtyprice => 100.02507661273457
	fixedstream::usd/usd::12::{06-nov-2018->27-nov-2018}@creditfxconvexityadjusteddirtypv => 2.5076612734563445E-4
	fixedstream::usd/usd::12::{06-nov-2018->27-nov-2018}@creditfxconvexityadjusteddv01 => 5.83177040338736E-6
	fixedstream::usd/usd::12::{06-nov-2018->27-nov-2018}@creditfxconvexityadjustedfairpremium => 0.004299999999999622
	fixedstream::usd/usd::12::{06-nov-2018->27-nov-2018}@creditfxconvexityadjustedparrate => 0.004299999999999622
	fixedstream::usd/usd::12::{06-nov-2018->27-nov-2018}@creditfxconvexityadjustedprice => 100.02507661273457
	fixedstream::usd/usd::12::{06-nov-2018->27-nov-2018}@creditfxconvexityadjustedpv => 2.5076612734563445E-4
	fixedstream::usd/usd::12::{06-nov-2018->27-nov-2018}@creditfxconvexityadjustedrate => 0.004299999999999622
	fixedstream::usd/usd::12::{06-nov-2018->27-nov-2018}@creditfxconvexityadjustedupfront => 2.5076612734563445E-4
	fixedstream::usd/usd::12::{06-nov-2018->27-nov-2018}@creditfxconvexityadjustmentfactor => 1.0
	fixedstream::usd/usd::12::{06-nov-2018->27-nov-2018}@creditfxconvexityadjustmentpremium => 0.0
	fixedstream::usd/usd::12::{06-nov-2018->27-nov-2018}@creditfxconvexityadjustmentpremiumupfront => 0.0
	fixedstream::usd/usd::12::{06-nov-2018->27-nov-2018}@cumulativeconvexityadjustedcleandv01 => 5.83177040338736E-6
	fixedstream::usd/usd::12::{06-nov-2018->27-nov-2018}@cumulativeconvexityadjustedcleanprice => 100.02507661273457
	fixedstream::usd/usd::12::{06-nov-2018->27-nov-2018}@cumulativeconvexityadjustedcleanpv => 2.5076612734563445E-4
	fixedstream::usd/usd::12::{06-nov-2018->27-nov-2018}@cumulativeconvexityadjusteddirtydv01 => 5.83177040338736E-6
	fixedstream::usd/usd::12::{06-nov-2018->27-nov-2018}@cumulativeconvexityadjusteddirtyprice => 100.02507661273457
	fixedstream::usd/usd::12::{06-nov-2018->27-nov-2018}@cumulativeconvexityadjusteddirtypv => 2.5076612734563445E-4
	fixedstream::usd/usd::12::{06-nov-2018->27-nov-2018}@cumulativeconvexityadjusteddv01 => 5.83177040338736E-6
	fixedstream::usd/usd::12::{06-nov-2018->27-nov-2018}@cumulativeconvexityadjustedfairpremium => 0.004299999999999622
	fixedstream::usd/usd::12::{06-nov-2018->27-nov-2018}@cumulativeconvexityadjustedparrate => 0.004299999999999622
	fixedstream::usd/usd::12::{06-nov-2018->27-nov-2018}@cumulativeconvexityadjustedprice => 100.02507661273457
	fixedstream::usd/usd::12::{06-nov-2018->27-nov-2018}@cumulativeconvexityadjustedpv => 2.5076612734563445E-4
	fixedstream::usd/usd::12::{06-nov-2018->27-nov-2018}@cumulativeconvexityadjustedrate => 0.004299999999999622
	fixedstream::usd/usd::12::{06-nov-2018->27-nov-2018}@cumulativeconvexityadjustedupfront => 2.5076612734563445E-4
	fixedstream::usd/usd::12::{06-nov-2018->27-nov-2018}@cumulativeconvexityadjustmentfactor => 1.0
	fixedstream::usd/usd::12::{06-nov-2018->27-nov-2018}@cumulativeconvexityadjustmentpremium => 0.0
	fixedstream::usd/usd::12::{06-nov-2018->27-nov-2018}@cumulativeconvexityadjustmentpremiumupfront => 0.0
	fixedstream::usd/usd::12::{06-nov-2018->27-nov-2018}@cumulativecouponamount => 0.0
	fixedstream::usd/usd::12::{06-nov-2018->27-nov-2018}@cumulativecoupondcf => 0.0
	fixedstream::usd/usd::12::{06-nov-2018->27-nov-2018}@cv01 => 5.83177040338736E-6
	fixedstream::usd/usd::12::{06-nov-2018->27-nov-2018}@dirtydv01 => 5.83177040338736E-6
	fixedstream::usd/usd::12::{06-nov-2018->27-nov-2018}@dirtyprice => 100.02507661273457
	fixedstream::usd/usd::12::{06-nov-2018->27-nov-2018}@dirtypv => 2.5076612734563445E-4
	fixedstream::usd/usd::12::{06-nov-2018->27-nov-2018}@dv01 => 5.83177040338736E-6
	fixedstream::usd/usd::12::{06-nov-2018->27-nov-2018}@fairpremium => 0.004299999999999622
	fixedstream::usd/usd::12::{06-nov-2018->27-nov-2018}@fixing01 => 0.0
	fixedstream::usd/usd::12::{06-nov-2018->27-nov-2018}@forwardfundingconvexityadjustedcleandv01 => 5.83177040338736E-6
	fixedstream::usd/usd::12::{06-nov-2018->27-nov-2018}@forwardfundingconvexityadjustedcleanprice => 100.02507661273457
	fixedstream::usd/usd::12::{06-nov-2018->27-nov-2018}@forwardfundingconvexityadjustedcleanpv => 2.5076612734563445E-4
	fixedstream::usd/usd::12::{06-nov-2018->27-nov-2018}@forwardfundingconvexityadjusteddirtydv01 => 5.83177040338736E-6
	fixedstream::usd/usd::12::{06-nov-2018->27-nov-2018}@forwardfundingconvexityadjusteddirtyprice => 100.02507661273457
	fixedstream::usd/usd::12::{06-nov-2018->27-nov-2018}@forwardfundingconvexityadjusteddirtypv => 2.5076612734563445E-4
	fixedstream::usd/usd::12::{06-nov-2018->27-nov-2018}@forwardfundingconvexityadjusteddv01 => 5.83177040338736E-6
	fixedstream::usd/usd::12::{06-nov-2018->27-nov-2018}@forwardfundingconvexityadjustedfairpremium => 0.004299999999999622
	fixedstream::usd/usd::12::{06-nov-2018->27-nov-2018}@forwardfundingconvexityadjustedparrate => 0.004299999999999622
	fixedstream::usd/usd::12::{06-nov-2018->27-nov-2018}@forwardfundingconvexityadjustedprice => 100.02507661273457
	fixedstream::usd/usd::12::{06-nov-2018->27-nov-2018}@forwardfundingconvexityadjustedpv => 2.5076612734563445E-4
	fixedstream::usd/usd::12::{06-nov-2018->27-nov-2018}@forwardfundingconvexityadjustedrate => 0.004299999999999622
	fixedstream::usd/usd::12::{06-nov-2018->27-nov-2018}@forwardfundingconvexityadjustedupfront => 2.5076612734563445E-4
	fixedstream::usd/usd::12::{06-nov-2018->27-nov-2018}@forwardfundingconvexityadjustmentfactor => 1.0
	fixedstream::usd/usd::12::{06-nov-2018->27-nov-2018}@forwardfundingconvexityadjustmentpremium => 0.0
	fixedstream::usd/usd::12::{06-nov-2018->27-nov-2018}@forwardfundingconvexityadjustmentpremiumupfront => 0.0
	fixedstream::usd/usd::12::{06-nov-2018->27-nov-2018}@forwardfxconvexityadjustedcleandv01 => 5.83177040338736E-6
	fixedstream::usd/usd::12::{06-nov-2018->27-nov-2018}@forwardfxconvexityadjustedcleanprice => 100.02507661273457
	fixedstream::usd/usd::12::{06-nov-2018->27-nov-2018}@forwardfxconvexityadjustedcleanpv => 2.5076612734563445E-4
	fixedstream::usd/usd::12::{06-nov-2018->27-nov-2018}@forwardfxconvexityadjusteddirtydv01 => 5.83177040338736E-6
	fixedstream::usd/usd::12::{06-nov-2018->27-nov-2018}@forwardfxconvexityadjusteddirtyprice => 100.02507661273457
	fixedstream::usd/usd::12::{06-nov-2018->27-nov-2018}@forwardfxconvexityadjusteddirtypv => 2.5076612734563445E-4
	fixedstream::usd/usd::12::{06-nov-2018->27-nov-2018}@forwardfxconvexityadjusteddv01 => 5.83177040338736E-6
	fixedstream::usd/usd::12::{06-nov-2018->27-nov-2018}@forwardfxconvexityadjustedfairpremium => 0.004299999999999622
	fixedstream::usd/usd::12::{06-nov-2018->27-nov-2018}@forwardfxconvexityadjustedparrate => 0.004299999999999622
	fixedstream::usd/usd::12::{06-nov-2018->27-nov-2018}@forwardfxconvexityadjustedprice => 100.02507661273457
	fixedstream::usd/usd::12::{06-nov-2018->27-nov-2018}@forwardfxconvexityadjustedpv => 2.5076612734563445E-4
	fixedstream::usd/usd::12::{06-nov-2018->27-nov-2018}@forwardfxconvexityadjustedrate => 0.004299999999999622
	fixedstream::usd/usd::12::{06-nov-2018->27-nov-2018}@forwardfxconvexityadjustedupfront => 2.5076612734563445E-4
	fixedstream::usd/usd::12::{06-nov-2018->27-nov-2018}@forwardfxconvexityadjustmentfactor => 1.0
	fixedstream::usd/usd::12::{06-nov-2018->27-nov-2018}@forwardfxconvexityadjustmentpremium => 0.0
	fixedstream::usd/usd::12::{06-nov-2018->27-nov-2018}@forwardfxconvexityadjustmentpremiumupfront => 0.0
	fixedstream::usd/usd::12::{06-nov-2018->27-nov-2018}@fundingfxconvexityadjustedcleandv01 => 5.83177040338736E-6
	fixedstream::usd/usd::12::{06-nov-2018->27-nov-2018}@fundingfxconvexityadjustedcleanprice => 100.02507661273457
	fixedstream::usd/usd::12::{06-nov-2018->27-nov-2018}@fundingfxconvexityadjustedcleanpv => 2.5076612734563445E-4
	fixedstream::usd/usd::12::{06-nov-2018->27-nov-2018}@fundingfxconvexityadjusteddirtydv01 => 5.83177040338736E-6
	fixedstream::usd/usd::12::{06-nov-2018->27-nov-2018}@fundingfxconvexityadjusteddirtyprice => 100.02507661273457
	fixedstream::usd/usd::12::{06-nov-2018->27-nov-2018}@fundingfxconvexityadjusteddirtypv => 2.5076612734563445E-4
	fixedstream::usd/usd::12::{06-nov-2018->27-nov-2018}@fundingfxconvexityadjusteddv01 => 5.83177040338736E-6
	fixedstream::usd/usd::12::{06-nov-2018->27-nov-2018}@fundingfxconvexityadjustedfairpremium => 0.004299999999999622
	fixedstream::usd/usd::12::{06-nov-2018->27-nov-2018}@fundingfxconvexityadjustedparrate => 0.004299999999999622
	fixedstream::usd/usd::12::{06-nov-2018->27-nov-2018}@fundingfxconvexityadjustedprice => 100.02507661273457
	fixedstream::usd/usd::12::{06-nov-2018->27-nov-2018}@fundingfxconvexityadjustedpv => 2.5076612734563445E-4
	fixedstream::usd/usd::12::{06-nov-2018->27-nov-2018}@fundingfxconvexityadjustedrate => 0.004299999999999622
	fixedstream::usd/usd::12::{06-nov-2018->27-nov-2018}@fundingfxconvexityadjustedupfront => 2.5076612734563445E-4
	fixedstream::usd/usd::12::{06-nov-2018->27-nov-2018}@fundingfxconvexityadjustmentfactor => 1.0
	fixedstream::usd/usd::12::{06-nov-2018->27-nov-2018}@fundingfxconvexityadjustmentpremium => 0.0
	fixedstream::usd/usd::12::{06-nov-2018->27-nov-2018}@fundingfxconvexityadjustmentpremiumupfront => 0.0
	fixedstream::usd/usd::12::{06-nov-2018->27-nov-2018}@parrate => 0.004299999999999622
	fixedstream::usd/usd::12::{06-nov-2018->27-nov-2018}@price => 100.02507661273457
	fixedstream::usd/usd::12::{06-nov-2018->27-nov-2018}@pv => 2.5076612734563445E-4
	fixedstream::usd/usd::12::{06-nov-2018->27-nov-2018}@rate => 0.004299999999999622
	fixedstream::usd/usd::12::{06-nov-2018->27-nov-2018}@resetdate => -2.147483648E9
	fixedstream::usd/usd::12::{06-nov-2018->27-nov-2018}@resetrate => NaN
	fixedstream::usd/usd::12::{06-nov-2018->27-nov-2018}@totalcoupon => 0.004299999999999622
	fixedstream::usd/usd::12::{06-nov-2018->27-nov-2018}@unadjustedcleandv01 => 5.83177040338736E-6
	fixedstream::usd/usd::12::{06-nov-2018->27-nov-2018}@unadjustedcleanprice => 100.02507661273457
	fixedstream::usd/usd::12::{06-nov-2018->27-nov-2018}@unadjustedcleanpv => 2.5076612734563445E-4
	fixedstream::usd/usd::12::{06-nov-2018->27-nov-2018}@unadjusteddirtydv01 => 5.83177040338736E-6
	fixedstream::usd/usd::12::{06-nov-2018->27-nov-2018}@unadjusteddirtyprice => 100.02507661273457
	fixedstream::usd/usd::12::{06-nov-2018->27-nov-2018}@unadjusteddirtypv => 2.5076612734563445E-4
	fixedstream::usd/usd::12::{06-nov-2018->27-nov-2018}@unadjustedfairpremium => 0.004299999999999622
	fixedstream::usd/usd::12::{06-nov-2018->27-nov-2018}@unadjustedparrate => 0.004299999999999622
	fixedstream::usd/usd::12::{06-nov-2018->27-nov-2018}@unadjustedprice => 100.02507661273457
	fixedstream::usd/usd::12::{06-nov-2018->27-nov-2018}@unadjustedpv => 2.5076612734563445E-4
	fixedstream::usd/usd::12::{06-nov-2018->27-nov-2018}@unadjustedrate => 0.004299999999999622
	fixedstream::usd/usd::12::{06-nov-2018->27-nov-2018}@unadjustedupfront => 2.5076612734563445E-4
	fixedstream::usd/usd::12::{06-nov-2018->27-nov-2018}@upfront => 2.5076612734563445E-4
	fixing01 => 0.0
	floataccrued => 0.0
	floataccrued01 => 0.0
	floatdv01 => -5.832646887795929E-6
	floatstream::usd::usd-fedfund-on::{06-nov-2018->27-nov-2018}@accrualcoupon => NaN
	floatstream::usd::usd-fedfund-on::{06-nov-2018->27-nov-2018}@accrued => 0.0
	floatstream::usd::usd-fedfund-on::{06-nov-2018->27-nov-2018}@accrued01 => 0.0
	floatstream::usd::usd-fedfund-on::{06-nov-2018->27-nov-2018}@calctime => 4.1496E-4
	floatstream::usd::usd-fedfund-on::{06-nov-2018->27-nov-2018}@cleandv01 => -5.832646887795929E-6
	floatstream::usd::usd-fedfund-on::{06-nov-2018->27-nov-2018}@cleanprice => 100.02507661273454
	floatstream::usd::usd-fedfund-on::{06-nov-2018->27-nov-2018}@cleanpv => -2.507661273454616E-4
	floatstream::usd::usd-fedfund-on::{06-nov-2018->27-nov-2018}@compoundingadjustedcleandv01 => -5.832646887795929E-6
	floatstream::usd::usd-fedfund-on::{06-nov-2018->27-nov-2018}@compoundingadjustedcleanprice => 100.02507661273454
	floatstream::usd::usd-fedfund-on::{06-nov-2018->27-nov-2018}@compoundingadjustedcleanpv => -2.507661273454616E-4
	floatstream::usd::usd-fedfund-on::{06-nov-2018->27-nov-2018}@compoundingadjusteddirtydv01 => -5.832646887795929E-6
	floatstream::usd::usd-fedfund-on::{06-nov-2018->27-nov-2018}@compoundingadjusteddirtyprice => 100.02507661273454
	floatstream::usd::usd-fedfund-on::{06-nov-2018->27-nov-2018}@compoundingadjusteddirtypv => -2.507661273454616E-4
	floatstream::usd::usd-fedfund-on::{06-nov-2018->27-nov-2018}@compoundingadjustedfairpremium => 0.00429935382973651
	floatstream::usd::usd-fedfund-on::{06-nov-2018->27-nov-2018}@compoundingadjustedparrate => 0.00429935382973651
	floatstream::usd::usd-fedfund-on::{06-nov-2018->27-nov-2018}@compoundingadjustedprice => 100.02507661273454
	floatstream::usd::usd-fedfund-on::{06-nov-2018->27-nov-2018}@compoundingadjustedpv => -2.507661273454616E-4
	floatstream::usd::usd-fedfund-on::{06-nov-2018->27-nov-2018}@compoundingadjustedrate => 0.00429935382973651
	floatstream::usd::usd-fedfund-on::{06-nov-2018->27-nov-2018}@compoundingadjustedupfront => -2.507661273454616E-4
	floatstream::usd::usd-fedfund-on::{06-nov-2018->27-nov-2018}@compoundingadjustmentfactor => 1.0
	floatstream::usd::usd-fedfund-on::{06-nov-2018->27-nov-2018}@compoundingadjustmentpremium => 0.0
	floatstream::usd::usd-fedfund-on::{06-nov-2018->27-nov-2018}@compoundingadjustmentpremiumupfront => -0.0
	floatstream::usd::usd-fedfund-on::{06-nov-2018->27-nov-2018}@creditforwardconvexityadjustedcleandv01 => -5.832646887795929E-6
	floatstream::usd::usd-fedfund-on::{06-nov-2018->27-nov-2018}@creditforwardconvexityadjustedcleanprice => 100.02507661273454
	floatstream::usd::usd-fedfund-on::{06-nov-2018->27-nov-2018}@creditforwardconvexityadjustedcleanpv => -2.507661273454616E-4
	floatstream::usd::usd-fedfund-on::{06-nov-2018->27-nov-2018}@creditforwardconvexityadjusteddirtydv01 => -5.832646887795929E-6
	floatstream::usd::usd-fedfund-on::{06-nov-2018->27-nov-2018}@creditforwardconvexityadjusteddirtyprice => 100.02507661273454
	floatstream::usd::usd-fedfund-on::{06-nov-2018->27-nov-2018}@creditforwardconvexityadjusteddirtypv => -2.507661273454616E-4
	floatstream::usd::usd-fedfund-on::{06-nov-2018->27-nov-2018}@creditforwardconvexityadjusteddv01 => -5.832646887795929E-6
	floatstream::usd::usd-fedfund-on::{06-nov-2018->27-nov-2018}@creditforwardconvexityadjustedfairpremium => 0.00429935382973651
	floatstream::usd::usd-fedfund-on::{06-nov-2018->27-nov-2018}@creditforwardconvexityadjustedparrate => 0.00429935382973651
	floatstream::usd::usd-fedfund-on::{06-nov-2018->27-nov-2018}@creditforwardconvexityadjustedprice => 100.02507661273454
	floatstream::usd::usd-fedfund-on::{06-nov-2018->27-nov-2018}@creditforwardconvexityadjustedpv => -2.507661273454616E-4
	floatstream::usd::usd-fedfund-on::{06-nov-2018->27-nov-2018}@creditforwardconvexityadjustedrate => 0.00429935382973651
	floatstream::usd::usd-fedfund-on::{06-nov-2018->27-nov-2018}@creditforwardconvexityadjustedupfront => -2.507661273454616E-4
	floatstream::usd::usd-fedfund-on::{06-nov-2018->27-nov-2018}@creditforwardconvexityadjustmentfactor => 1.0
	floatstream::usd::usd-fedfund-on::{06-nov-2018->27-nov-2018}@creditforwardconvexityadjustmentpremium => 0.0
	floatstream::usd::usd-fedfund-on::{06-nov-2018->27-nov-2018}@creditforwardconvexityadjustmentpremiumupfront => -0.0
	floatstream::usd::usd-fedfund-on::{06-nov-2018->27-nov-2018}@creditfundingconvexityadjustedcleandv01 => -5.832646887795929E-6
	floatstream::usd::usd-fedfund-on::{06-nov-2018->27-nov-2018}@creditfundingconvexityadjustedcleanprice => 100.02507661273454
	floatstream::usd::usd-fedfund-on::{06-nov-2018->27-nov-2018}@creditfundingconvexityadjustedcleanpv => -2.507661273454616E-4
	floatstream::usd::usd-fedfund-on::{06-nov-2018->27-nov-2018}@creditfundingconvexityadjusteddirtydv01 => -5.832646887795929E-6
	floatstream::usd::usd-fedfund-on::{06-nov-2018->27-nov-2018}@creditfundingconvexityadjusteddirtyprice => 100.02507661273454
	floatstream::usd::usd-fedfund-on::{06-nov-2018->27-nov-2018}@creditfundingconvexityadjusteddirtypv => -2.507661273454616E-4
	floatstream::usd::usd-fedfund-on::{06-nov-2018->27-nov-2018}@creditfundingconvexityadjusteddv01 => -5.832646887795929E-6
	floatstream::usd::usd-fedfund-on::{06-nov-2018->27-nov-2018}@creditfundingconvexityadjustedfairpremium => 0.00429935382973651
	floatstream::usd::usd-fedfund-on::{06-nov-2018->27-nov-2018}@creditfundingconvexityadjustedparrate => 0.00429935382973651
	floatstream::usd::usd-fedfund-on::{06-nov-2018->27-nov-2018}@creditfundingconvexityadjustedprice => 100.02507661273454
	floatstream::usd::usd-fedfund-on::{06-nov-2018->27-nov-2018}@creditfundingconvexityadjustedpv => -2.507661273454616E-4
	floatstream::usd::usd-fedfund-on::{06-nov-2018->27-nov-2018}@creditfundingconvexityadjustedrate => 0.00429935382973651
	floatstream::usd::usd-fedfund-on::{06-nov-2018->27-nov-2018}@creditfundingconvexityadjustedupfront => -2.507661273454616E-4
	floatstream::usd::usd-fedfund-on::{06-nov-2018->27-nov-2018}@creditfundingconvexityadjustmentfactor => 1.0
	floatstream::usd::usd-fedfund-on::{06-nov-2018->27-nov-2018}@creditfundingconvexityadjustmentpremium => 0.0
	floatstream::usd::usd-fedfund-on::{06-nov-2018->27-nov-2018}@creditfundingconvexityadjustmentpremiumupfront => -0.0
	floatstream::usd::usd-fedfund-on::{06-nov-2018->27-nov-2018}@creditfxconvexityadjustedcleandv01 => -5.832646887795929E-6
	floatstream::usd::usd-fedfund-on::{06-nov-2018->27-nov-2018}@creditfxconvexityadjustedcleanprice => 100.02507661273454
	floatstream::usd::usd-fedfund-on::{06-nov-2018->27-nov-2018}@creditfxconvexityadjustedcleanpv => -2.507661273454616E-4
	floatstream::usd::usd-fedfund-on::{06-nov-2018->27-nov-2018}@creditfxconvexityadjusteddirtydv01 => -5.832646887795929E-6
	floatstream::usd::usd-fedfund-on::{06-nov-2018->27-nov-2018}@creditfxconvexityadjusteddirtyprice => 100.02507661273454
	floatstream::usd::usd-fedfund-on::{06-nov-2018->27-nov-2018}@creditfxconvexityadjusteddirtypv => -2.507661273454616E-4
	floatstream::usd::usd-fedfund-on::{06-nov-2018->27-nov-2018}@creditfxconvexityadjusteddv01 => -5.832646887795929E-6
	floatstream::usd::usd-fedfund-on::{06-nov-2018->27-nov-2018}@creditfxconvexityadjustedfairpremium => 0.00429935382973651
	floatstream::usd::usd-fedfund-on::{06-nov-2018->27-nov-2018}@creditfxconvexityadjustedparrate => 0.00429935382973651
	floatstream::usd::usd-fedfund-on::{06-nov-2018->27-nov-2018}@creditfxconvexityadjustedprice => 100.02507661273454
	floatstream::usd::usd-fedfund-on::{06-nov-2018->27-nov-2018}@creditfxconvexityadjustedpv => -2.507661273454616E-4
	floatstream::usd::usd-fedfund-on::{06-nov-2018->27-nov-2018}@creditfxconvexityadjustedrate => 0.00429935382973651
	floatstream::usd::usd-fedfund-on::{06-nov-2018->27-nov-2018}@creditfxconvexityadjustedupfront => -2.507661273454616E-4
	floatstream::usd::usd-fedfund-on::{06-nov-2018->27-nov-2018}@creditfxconvexityadjustmentfactor => 1.0
	floatstream::usd::usd-fedfund-on::{06-nov-2018->27-nov-2018}@creditfxconvexityadjustmentpremium => 0.0
	floatstream::usd::usd-fedfund-on::{06-nov-2018->27-nov-2018}@creditfxconvexityadjustmentpremiumupfront => -0.0
	floatstream::usd::usd-fedfund-on::{06-nov-2018->27-nov-2018}@cumulativeconvexityadjustedcleandv01 => -5.832646887795929E-6
	floatstream::usd::usd-fedfund-on::{06-nov-2018->27-nov-2018}@cumulativeconvexityadjustedcleanprice => 100.02507661273454
	floatstream::usd::usd-fedfund-on::{06-nov-2018->27-nov-2018}@cumulativeconvexityadjustedcleanpv => -2.507661273454616E-4
	floatstream::usd::usd-fedfund-on::{06-nov-2018->27-nov-2018}@cumulativeconvexityadjusteddirtydv01 => -5.832646887795929E-6
	floatstream::usd::usd-fedfund-on::{06-nov-2018->27-nov-2018}@cumulativeconvexityadjusteddirtyprice => 100.02507661273454
	floatstream::usd::usd-fedfund-on::{06-nov-2018->27-nov-2018}@cumulativeconvexityadjusteddirtypv => -2.507661273454616E-4
	floatstream::usd::usd-fedfund-on::{06-nov-2018->27-nov-2018}@cumulativeconvexityadjusteddv01 => -5.832646887795929E-6
	floatstream::usd::usd-fedfund-on::{06-nov-2018->27-nov-2018}@cumulativeconvexityadjustedfairpremium => 0.00429935382973651
	floatstream::usd::usd-fedfund-on::{06-nov-2018->27-nov-2018}@cumulativeconvexityadjustedparrate => 0.00429935382973651
	floatstream::usd::usd-fedfund-on::{06-nov-2018->27-nov-2018}@cumulativeconvexityadjustedprice => 100.02507661273454
	floatstream::usd::usd-fedfund-on::{06-nov-2018->27-nov-2018}@cumulativeconvexityadjustedpv => -2.507661273454616E-4
	floatstream::usd::usd-fedfund-on::{06-nov-2018->27-nov-2018}@cumulativeconvexityadjustedrate => 0.00429935382973651
	floatstream::usd::usd-fedfund-on::{06-nov-2018->27-nov-2018}@cumulativeconvexityadjustedupfront => -2.507661273454616E-4
	floatstream::usd::usd-fedfund-on::{06-nov-2018->27-nov-2018}@cumulativeconvexityadjustmentfactor => 1.0
	floatstream::usd::usd-fedfund-on::{06-nov-2018->27-nov-2018}@cumulativeconvexityadjustmentpremium => 0.0
	floatstream::usd::usd-fedfund-on::{06-nov-2018->27-nov-2018}@cumulativeconvexityadjustmentpremiumupfront => -0.0
	floatstream::usd::usd-fedfund-on::{06-nov-2018->27-nov-2018}@cumulativecouponamount => 0.0
	floatstream::usd::usd-fedfund-on::{06-nov-2018->27-nov-2018}@cumulativecoupondcf => 0.0
	floatstream::usd::usd-fedfund-on::{06-nov-2018->27-nov-2018}@cv01 => -5.832646887795929E-6
	floatstream::usd::usd-fedfund-on::{06-nov-2018->27-nov-2018}@dirtydv01 => -5.832646887795929E-6
	floatstream::usd::usd-fedfund-on::{06-nov-2018->27-nov-2018}@dirtyprice => 100.02507661273454
	floatstream::usd::usd-fedfund-on::{06-nov-2018->27-nov-2018}@dirtypv => -2.507661273454616E-4
	floatstream::usd::usd-fedfund-on::{06-nov-2018->27-nov-2018}@dv01 => -5.832646887795929E-6
	floatstream::usd::usd-fedfund-on::{06-nov-2018->27-nov-2018}@fairpremium => 0.00429935382973651
	floatstream::usd::usd-fedfund-on::{06-nov-2018->27-nov-2018}@fixing01 => 0.0
	floatstream::usd::usd-fedfund-on::{06-nov-2018->27-nov-2018}@forwardfundingconvexityadjustedcleandv01 => -5.832646887795929E-6
	floatstream::usd::usd-fedfund-on::{06-nov-2018->27-nov-2018}@forwardfundingconvexityadjustedcleanprice => 100.02507661273454
	floatstream::usd::usd-fedfund-on::{06-nov-2018->27-nov-2018}@forwardfundingconvexityadjustedcleanpv => -2.507661273454616E-4
	floatstream::usd::usd-fedfund-on::{06-nov-2018->27-nov-2018}@forwardfundingconvexityadjusteddirtydv01 => -5.832646887795929E-6
	floatstream::usd::usd-fedfund-on::{06-nov-2018->27-nov-2018}@forwardfundingconvexityadjusteddirtyprice => 100.02507661273454
	floatstream::usd::usd-fedfund-on::{06-nov-2018->27-nov-2018}@forwardfundingconvexityadjusteddirtypv => -2.507661273454616E-4
	floatstream::usd::usd-fedfund-on::{06-nov-2018->27-nov-2018}@forwardfundingconvexityadjusteddv01 => -5.832646887795929E-6
	floatstream::usd::usd-fedfund-on::{06-nov-2018->27-nov-2018}@forwardfundingconvexityadjustedfairpremium => 0.00429935382973651
	floatstream::usd::usd-fedfund-on::{06-nov-2018->27-nov-2018}@forwardfundingconvexityadjustedparrate => 0.00429935382973651
	floatstream::usd::usd-fedfund-on::{06-nov-2018->27-nov-2018}@forwardfundingconvexityadjustedprice => 100.02507661273454
	floatstream::usd::usd-fedfund-on::{06-nov-2018->27-nov-2018}@forwardfundingconvexityadjustedpv => -2.507661273454616E-4
	floatstream::usd::usd-fedfund-on::{06-nov-2018->27-nov-2018}@forwardfundingconvexityadjustedrate => 0.00429935382973651
	floatstream::usd::usd-fedfund-on::{06-nov-2018->27-nov-2018}@forwardfundingconvexityadjustedupfront => -2.507661273454616E-4
	floatstream::usd::usd-fedfund-on::{06-nov-2018->27-nov-2018}@forwardfundingconvexityadjustmentfactor => 1.0
	floatstream::usd::usd-fedfund-on::{06-nov-2018->27-nov-2018}@forwardfundingconvexityadjustmentpremium => 0.0
	floatstream::usd::usd-fedfund-on::{06-nov-2018->27-nov-2018}@forwardfundingconvexityadjustmentpremiumupfront => -0.0
	floatstream::usd::usd-fedfund-on::{06-nov-2018->27-nov-2018}@forwardfxconvexityadjustedcleandv01 => -5.832646887795929E-6
	floatstream::usd::usd-fedfund-on::{06-nov-2018->27-nov-2018}@forwardfxconvexityadjustedcleanprice => 100.02507661273454
	floatstream::usd::usd-fedfund-on::{06-nov-2018->27-nov-2018}@forwardfxconvexityadjustedcleanpv => -2.507661273454616E-4
	floatstream::usd::usd-fedfund-on::{06-nov-2018->27-nov-2018}@forwardfxconvexityadjusteddirtydv01 => -5.832646887795929E-6
	floatstream::usd::usd-fedfund-on::{06-nov-2018->27-nov-2018}@forwardfxconvexityadjusteddirtyprice => 100.02507661273454
	floatstream::usd::usd-fedfund-on::{06-nov-2018->27-nov-2018}@forwardfxconvexityadjusteddirtypv => -2.507661273454616E-4
	floatstream::usd::usd-fedfund-on::{06-nov-2018->27-nov-2018}@forwardfxconvexityadjusteddv01 => -5.832646887795929E-6
	floatstream::usd::usd-fedfund-on::{06-nov-2018->27-nov-2018}@forwardfxconvexityadjustedfairpremium => 0.00429935382973651
	floatstream::usd::usd-fedfund-on::{06-nov-2018->27-nov-2018}@forwardfxconvexityadjustedparrate => 0.00429935382973651
	floatstream::usd::usd-fedfund-on::{06-nov-2018->27-nov-2018}@forwardfxconvexityadjustedprice => 100.02507661273454
	floatstream::usd::usd-fedfund-on::{06-nov-2018->27-nov-2018}@forwardfxconvexityadjustedpv => -2.507661273454616E-4
	floatstream::usd::usd-fedfund-on::{06-nov-2018->27-nov-2018}@forwardfxconvexityadjustedrate => 0.00429935382973651
	floatstream::usd::usd-fedfund-on::{06-nov-2018->27-nov-2018}@forwardfxconvexityadjustedupfront => -2.507661273454616E-4
	floatstream::usd::usd-fedfund-on::{06-nov-2018->27-nov-2018}@forwardfxconvexityadjustmentfactor => 1.0
	floatstream::usd::usd-fedfund-on::{06-nov-2018->27-nov-2018}@forwardfxconvexityadjustmentpremium => 0.0
	floatstream::usd::usd-fedfund-on::{06-nov-2018->27-nov-2018}@forwardfxconvexityadjustmentpremiumupfront => -0.0
	floatstream::usd::usd-fedfund-on::{06-nov-2018->27-nov-2018}@fundingfxconvexityadjustedcleandv01 => -5.832646887795929E-6
	floatstream::usd::usd-fedfund-on::{06-nov-2018->27-nov-2018}@fundingfxconvexityadjustedcleanprice => 100.02507661273454
	floatstream::usd::usd-fedfund-on::{06-nov-2018->27-nov-2018}@fundingfxconvexityadjustedcleanpv => -2.507661273454616E-4
	floatstream::usd::usd-fedfund-on::{06-nov-2018->27-nov-2018}@fundingfxconvexityadjusteddirtydv01 => -5.832646887795929E-6
	floatstream::usd::usd-fedfund-on::{06-nov-2018->27-nov-2018}@fundingfxconvexityadjusteddirtyprice => 100.02507661273454
	floatstream::usd::usd-fedfund-on::{06-nov-2018->27-nov-2018}@fundingfxconvexityadjusteddirtypv => -2.507661273454616E-4
	floatstream::usd::usd-fedfund-on::{06-nov-2018->27-nov-2018}@fundingfxconvexityadjusteddv01 => -5.832646887795929E-6
	floatstream::usd::usd-fedfund-on::{06-nov-2018->27-nov-2018}@fundingfxconvexityadjustedfairpremium => 0.00429935382973651
	floatstream::usd::usd-fedfund-on::{06-nov-2018->27-nov-2018}@fundingfxconvexityadjustedparrate => 0.00429935382973651
	floatstream::usd::usd-fedfund-on::{06-nov-2018->27-nov-2018}@fundingfxconvexityadjustedprice => 100.02507661273454
	floatstream::usd::usd-fedfund-on::{06-nov-2018->27-nov-2018}@fundingfxconvexityadjustedpv => -2.507661273454616E-4
	floatstream::usd::usd-fedfund-on::{06-nov-2018->27-nov-2018}@fundingfxconvexityadjustedrate => 0.00429935382973651
	floatstream::usd::usd-fedfund-on::{06-nov-2018->27-nov-2018}@fundingfxconvexityadjustedupfront => -2.507661273454616E-4
	floatstream::usd::usd-fedfund-on::{06-nov-2018->27-nov-2018}@fundingfxconvexityadjustmentfactor => 1.0
	floatstream::usd::usd-fedfund-on::{06-nov-2018->27-nov-2018}@fundingfxconvexityadjustmentpremium => 0.0
	floatstream::usd::usd-fedfund-on::{06-nov-2018->27-nov-2018}@fundingfxconvexityadjustmentpremiumupfront => -0.0
	floatstream::usd::usd-fedfund-on::{06-nov-2018->27-nov-2018}@parrate => 0.00429935382973651
	floatstream::usd::usd-fedfund-on::{06-nov-2018->27-nov-2018}@price => 100.02507661273454
	floatstream::usd::usd-fedfund-on::{06-nov-2018->27-nov-2018}@pv => -2.507661273454616E-4
	floatstream::usd::usd-fedfund-on::{06-nov-2018->27-nov-2018}@rate => 0.00429935382973651
	floatstream::usd::usd-fedfund-on::{06-nov-2018->27-nov-2018}@resetdate => -2.147483648E9
	floatstream::usd::usd-fedfund-on::{06-nov-2018->27-nov-2018}@resetrate => NaN
	floatstream::usd::usd-fedfund-on::{06-nov-2018->27-nov-2018}@totalcoupon => 0.05375197099495299
	floatstream::usd::usd-fedfund-on::{06-nov-2018->27-nov-2018}@unadjustedcleandv01 => -5.832646887795929E-6
	floatstream::usd::usd-fedfund-on::{06-nov-2018->27-nov-2018}@unadjustedcleanprice => 100.02507661273454
	floatstream::usd::usd-fedfund-on::{06-nov-2018->27-nov-2018}@unadjustedcleanpv => -2.507661273454616E-4
	floatstream::usd::usd-fedfund-on::{06-nov-2018->27-nov-2018}@unadjusteddirtydv01 => -5.832646887795929E-6
	floatstream::usd::usd-fedfund-on::{06-nov-2018->27-nov-2018}@unadjusteddirtyprice => 100.02507661273454
	floatstream::usd::usd-fedfund-on::{06-nov-2018->27-nov-2018}@unadjusteddirtypv => -2.507661273454616E-4
	floatstream::usd::usd-fedfund-on::{06-nov-2018->27-nov-2018}@unadjustedfairpremium => 0.00429935382973651
	floatstream::usd::usd-fedfund-on::{06-nov-2018->27-nov-2018}@unadjustedparrate => 0.00429935382973651
	floatstream::usd::usd-fedfund-on::{06-nov-2018->27-nov-2018}@unadjustedprice => 100.02507661273454
	floatstream::usd::usd-fedfund-on::{06-nov-2018->27-nov-2018}@unadjustedpv => -2.507661273454616E-4
	floatstream::usd::usd-fedfund-on::{06-nov-2018->27-nov-2018}@unadjustedrate => 0.00429935382973651
	floatstream::usd::usd-fedfund-on::{06-nov-2018->27-nov-2018}@unadjustedupfront => -2.507661273454616E-4
	floatstream::usd::usd-fedfund-on::{06-nov-2018->27-nov-2018}@upfront => -2.507661273454616E-4
	initialnotional => 1.0
	parfixedcoupon => 0.004299999999996659
	parrate => 0.004299999999996659
	parswaprate => 0.004299999999996659
	price => 100.00000000000003
	pv => 1.728218262941894E-16
	rate => 0.004299999999996659
	referenceaccrued => 0.0
	referenceaccrued01 => 0.0
	referencecleandv01 => 5.83177040338736E-6
	referencecleanpv => 2.5076612734563445E-4
	referencecumulativeconvexityadjustmentfactor => 1.0
	referencecumulativeconvexityadjustmentpremium => 0.0
	referencecumulativecouponamount => 0.0
	referencecumulativecoupondcf => 0.0
	referencedirtydv01 => 5.83177040338736E-6
	referencedirtypv => 2.5076612734563445E-4
	referencedv01 => 5.83177040338736E-6
	referenceparbasisspread => -2.963453880039697E-11
	referencepv => 2.5076612734563445E-4
	resetdate => -2.147483648E9
	resetrate => NaN
	swaprate => 0.004299999999996659
	upfront => 1.728218262941894E-16
]]></system-out>
  <system-err><![CDATA[]]></system-err>
</testsuite>
