<?xml version="1.0" encoding="UTF-8"?>
<testsuite name="org.drip.coverage.state.FX" tests="1" skipped="0" failures="0" errors="0" timestamp="2018-11-03T03:29:06" hostname="LAPTOP-2MU6A8KE" time="0.073">
  <properties/>
  <testcase name="codeCoverageTest" classname="org.drip.coverage.state.FX" time="0.073"/>
  <system-out><![CDATA[
	|-----------------------------------------------------------------|
	|    Copyright (C) 2011-2018 (DRIP)
	|-----------------------------------------------------------------|
	|    Build Version  => 3.86.0 multi mode
	|    Build JVM (TM) => 1.8.0_112
	|    Build Snap     => Fri Nov 02 21:22:20 EST 2018
	|    Start Time     => Fri Nov 02 23:29:06 EDT 2018
	|    Setup Time     => Fri Nov 02 23:29:06 EDT 2018
	|    Setup Duration => 0 ms
	|-----------------------------------------------------------------|


	|-------------------------------------------------------------------||
	|                                                                   ||
	|    Custom FX Curve Builder Metrics #1                             ||
	|    ------ -- ----- ------- ------- --                             ||
	|    L -> R:                                                        ||
	|        FX Forward Tenor                                           ||
	|        Input FX Forward Outright                                  ||
	|        Curve FX Forward Outright                                  ||
	|        Product FX Forward Outright                                ||
	|        Product FX Forward PIP                                     ||
	|        FX Forward Discount Curve Basis EUR Curve                  ||
	|        FX Forward Discount Curve Basis USD Curve                  ||
	|-------------------------------------------------------------------||
	| [1W] =>  1.1000 |  1.1000 |  1.1000 |  0.0007 |  0.0432 | -0.0432 || 
	| [1M] =>  1.1012 |  1.1012 |  1.1012 |  0.0019 |  0.0310 | -0.0310 || 
	| [3M] =>  1.1039 |  1.1039 |  1.1039 |  0.0046 |  0.0266 | -0.0266 || 
	| [6M] =>  1.1148 |  1.1148 |  1.1148 |  0.0155 |  0.0383 | -0.0383 || 
	| [1Y] =>  1.1232 |  1.1232 |  1.1232 |  0.0239 |  0.0315 | -0.0315 || 
	| [2Y] =>  1.1497 |  1.1497 |  1.1497 |  0.0504 |  0.0324 | -0.0324 || 
	| [3Y] =>  1.1865 |  1.1865 |  1.1865 |  0.0872 |  0.0354 | -0.0354 || 
	|-------------------------------------------------------------------||

	|-------------------------------------------------------------------||
	|                                                                   ||
	|    Custom FX Curve Builder Metrics #2                             ||
	|    ------ -- ----- ------- ------- --                             ||
	|    L -> R:                                                        ||
	|        FX Forward Tenor                                           ||
	|        FX Forward Discount Curve Zero Basis USD Curve             ||
	|        FX Forward Discount Curve Zero Basis EUR Curve             ||
	|        FX Forward Discount Curve Bootstrapped USD Curve Basis     ||
	|        FX Forward Discount Curve Bootstrapped EUR Curve Basis     ||
	|-------------------------------------------------------------------||
	| [1W] => -4.3215 |  4.3215 | -4.3215 |  4.3215 ||
	| [1M] => -3.1025 |  3.1025 | -3.1025 |  3.1025 ||
	| [3M] => -2.6578 |  2.6578 | -2.6578 |  2.6578 ||
	| [6M] => -3.8254 |  3.8254 | -3.8254 |  3.8254 ||
	| [1Y] => -3.1523 |  3.1523 | -3.1523 |  3.1523 ||
	| [2Y] => -3.2398 |  3.2398 | -3.2398 |  3.2398 ||
	| [3Y] => -3.5439 |  3.5439 | -3.5439 |  3.5439 ||
	|-------------------------------------------------------------------||

	|-----------------------------------------------------------------|
	|    Copyright (C) 2011-2018 (DRIP)
	|-----------------------------------------------------------------|
	|    Build Version  => 3.86.0 multi mode
	|    Build JVM (TM) => 1.8.0_112
	|    Build Snap     => Fri Nov 02 21:22:20 EST 2018
	|    Start Time     => Fri Nov 02 23:29:06 EDT 2018
	|    Setup Time     => Fri Nov 02 23:29:06 EDT 2018
	|    Setup Duration => 0 ms
	|-----------------------------------------------------------------|

	|----------------|
	| CURRENCY ORDER |
	|----------------|
	|     AUD   3    |
	|     CAD   6    |
	|     CHF   7    |
	|     EUR   1    |
	|     GBP   2    |
	|     JPY   8    |
	|     NZD   4    |
	|     USD   5    |
	|     ZAR   0    |
	|----------------|


	|---------------------------------------|
	|     PAIR    NUM  DENOM  BASE   FACTOR |
	|---------------------------------------|
	|  AUD/EUR => AUD | EUR | EUR | 10000.0
	|  AUD/USD => AUD | USD | USD | 10000.0
	|  EUR/GBP => EUR | GBP | GBP | 10000.0
	|  EUR/JPY => EUR | JPY | JPY | 100.0
	|  EUR/USD => EUR | USD | USD | 10000.0
	|  GBP/JPY => GBP | JPY | JPY | 100.0
	|  GBP/USD => GBP | USD | USD | 10000.0
	|  USD/BRL => USD | BRL | BRL | 10000.0
	|  USD/CAD => USD | CAD | CAD | 10000.0
	|  USD/CHF => USD | CHF | CHF | 10000.0
	|  USD/CNY => USD | CNY | CNY | 1.0
	|  USD/EGP => USD | EGP | EGP | 10000.0
	|  USD/HUF => USD | HUF | HUF | 100.0
	|  USD/INR => USD | INR | INR | 100.0
	|  USD/JPY => USD | JPY | JPY | 100.0
	|  USD/KRW => USD | KRW | KRW | 1.0
	|  USD/MXN => USD | MXN | MXN | 10000.0
	|  USD/PLN => USD | PLN | PLN | 100.0
	|  USD/TRY => USD | TRY | TRY | 100.0
	|  USD/TWD => USD | TWD | TWD | 1.0
	|  USD/ZAR => USD | ZAR | ZAR | 10000.0
	|---------------------------------------|
]]></system-out>
  <system-err><![CDATA[]]></system-err>
</testsuite>
