<?xml version="1.0" encoding="UTF-8"?>
<testsuite name="org.drip.coverage.product.FixFloat" tests="1" skipped="0" failures="0" errors="0" timestamp="2018-11-03T03:27:37" hostname="LAPTOP-2MU6A8KE" time="3.449">
  <properties/>
  <testcase name="codeCoverageTest" classname="org.drip.coverage.product.FixFloat" time="3.449"/>
  <system-out><![CDATA[
	|-----------------------------------------------------------------|
	|    Copyright (C) 2011-2018 (DRIP)
	|-----------------------------------------------------------------|
	|    Build Version  => 3.86.0 multi mode
	|    Build JVM (TM) => 1.8.0_112
	|    Build Snap     => Fri Nov 02 21:22:20 EST 2018
	|    Start Time     => Fri Nov 02 23:27:37 EDT 2018
	|    Setup Time     => Fri Nov 02 23:27:37 EDT 2018
	|    Setup Duration => 0 ms
	|-----------------------------------------------------------------|


	-------------------------------------------------------------------------------
	     IN-ADVANCE AMORTIZING/ACCRUING SWAP METRIC COMPARISON
	-------------------------------------------------------------------------------
		L -> R:
			 - Swap Maturity
			 - In Advance Calibration Quote
			 - In Advance Fair Premium
			 - In Advance Swap Rate
			 - In Advance Accruing Swap Rate
			 - In Advance Amortizing Swap Rate
			 - In Advance Accruing Swap Rate Shift
			 - In Advance Amortizing Swap Rate Shift
	-------------------------------------------------------------------------------
	[02-NOV-2022] =  1.6600% |  1.6600% |  1.6600% |  1.6695% |  1 |  1.6501% | -1
	[02-NOV-2023] =  2.0600% |  2.0600% |  2.0600% |  2.0803% |  2 |  2.0385% | -2
	[02-NOV-2024] =  2.4100% |  2.4100% |  2.4100% |  2.4365% |  3 |  2.3818% | -3
	[02-NOV-2025] =  2.6900% |  2.6900% |  2.6900% |  2.7287% |  4 |  2.6480% | -4
	[02-NOV-2026] =  2.9200% |  2.9200% |  2.9200% |  2.9658% |  5 |  2.8696% | -5
	[02-NOV-2027] =  3.1100% |  3.1100% |  3.1100% |  3.1599% |  5 |  3.0546% | -6
	[02-NOV-2028] =  3.2600% |  3.2600% |  3.2600% |  3.3118% |  5 |  3.2020% | -6
	[02-NOV-2029] =  3.4000% |  3.4000% |  3.4000% |  3.4592% |  6 |  3.3328% | -7
	[02-NOV-2030] =  3.5100% |  3.5100% |  3.5100% |  3.5735% |  6 |  3.4372% | -7
	[02-NOV-2033] =  3.7500% |  3.7500% |  3.7500% |  3.8188% |  7 |  3.6691% | -8
	[02-NOV-2038] =  3.9300% |  3.9300% |  3.9300% |  4.0035% |  7 |  3.8379% | -9
	[02-NOV-2043] =  4.0200% |  4.0200% |  4.0200% |  4.0951% |  8 |  3.9206% | -10
	[02-NOV-2048] =  4.0700% |  4.0700% |  4.0700% |  4.1446% |  7 |  3.9674% | -10
	[02-NOV-2058] =  4.0900% |  4.0900% |  4.0900% |  4.1581% |  7 |  3.9900% | -10
	[02-NOV-2068] =  4.0900% |  4.0900% |  4.0900% |  4.1524% |  6 |  3.9944% | -10

	-------------------------------------------------------------------------------
	     IN-ADVANCE AMORTIZING/ACCRUING SWAP DV01 COMPARISON
	-------------------------------------------------------------------------------
		L -> R:
			 - Swap Maturity
			 - In Advance Swap DV01
			 - In Advance Accruing Swap DV01
			 - In Advance Accruing Swap DV01 Shift
			 - In Advance Amortizing Swap DV01
			 - In Advance Amortizing Swap DV01 Shift
	-------------------------------------------------------------------------------
	[02-NOV-2022] =  03.9 |  04.0 |  0.08 |  03.8 | -0.08
	[02-NOV-2023] =  04.8 |  04.9 |  0.13 |  04.7 | -0.13
	[02-NOV-2024] =  05.7 |  05.9 |  0.18 |  05.5 | -0.18
	[02-NOV-2025] =  06.5 |  06.8 |  0.27 |  06.2 | -0.27
	[02-NOV-2026] =  07.3 |  07.7 |  0.35 |  07.0 | -0.35
	[02-NOV-2027] =  08.1 |  08.5 |  0.42 |  07.6 | -0.42
	[02-NOV-2028] =  08.8 |  09.3 |  0.50 |  08.3 | -0.50
	[02-NOV-2029] =  09.5 |  10.1 |  0.60 |  08.9 | -0.60
	[02-NOV-2030] =  10.1 |  10.8 |  0.70 |  09.4 | -0.70
	[02-NOV-2033] =  11.9 |  12.9 |  0.96 |  10.9 | -0.96
	[02-NOV-2038] =  14.3 |  15.8 |  1.47 |  12.8 | -1.50
	[02-NOV-2043] =  16.3 |  18.2 |  1.98 |  14.2 | -2.04
	[02-NOV-2048] =  17.8 |  20.2 |  2.43 |  15.3 | -2.53
	[02-NOV-2058] =  20.0 |  23.3 |  3.30 |  16.5 | -3.47
	[02-NOV-2068] =  21.5 |  25.5 |  3.97 |  17.3 | -4.20
	-------------------------------------------------------------------------------

	|-----------------------------------------------------------------|
	|    Copyright (C) 2011-2018 (DRIP)
	|-----------------------------------------------------------------|
	|    Build Version  => 3.86.0 multi mode
	|    Build JVM (TM) => 1.8.0_112
	|    Build Snap     => Fri Nov 02 21:22:20 EST 2018
	|    Start Time     => Fri Nov 02 23:27:37 EDT 2018
	|    Setup Time     => Fri Nov 02 23:27:37 EDT 2018
	|    Setup Duration => 0 ms
	|-----------------------------------------------------------------|


	-------------------------------------------------------------------------------

	accrued =>  0.00000000 |
	calctime =>  0.00046782 |
	calibfloatingpv =>  0.32261496 |
	calibswaprate =>  0.03761034 |
	cleanfixeddv01 =>  857.78271244 |
	cleanfloatingdv01 => -857.78271244 |
	cleanfloatingpv => -322614.95767541 |
	cleanprice =>  99.99997632 |
	cleanpv => -236836.68643137 |
	cumulativeconvexityadjustmentpremium =>  0.00000000 |
	cumulativecouponamount =>  0.00000000 |
	cumulativecoupondcf =>  0.00000000 |
	derivedaccrued =>  0.00000000 |
	derivedaccrued01 =>  0.00000000 |
	derivedcleandv01 => -857.78271244 |
	derivedcleanpv => -322614.95767541 |
	derivedcumulativeconvexityadjustmentfactor =>  1.00000000 |
	derivedcumulativeconvexityadjustmentpremium =>  -0.00000000 |
	derivedcumulativecouponamount =>  0.00000000 |
	derivedcumulativecoupondcf =>  0.00000000 |
	deriveddirtydv01 => -857.78271244 |
	deriveddirtypv => -322614.95767541 |
	deriveddv01 => -857.78271244 |
	derivedfixing01 =>  0.00000000 |
	derivedparbasisspread => -276.10335694 |
	derivedpv => -322614.95767541 |
	derivedresetdate => -2147483648.00000000 |
	derivedresetrate => ? |
	dirtyfixeddv01 =>  857.78271244 |
	dirtyfixedpv =>  85778.27124404 |
	dirtyfloatingdv01 => -857.78271244 |
	dirtyfloatingpv => -322614.95767541 |
	dirtyprice =>  99.99997632 |
	dirtypv => -236836.68643137 |
	fairpremium =>  0.03761034 |
	fixedaccrued =>  0.00000000 |
	fixedaccrued01 =>  0.00000000 |
	fixeddv01 =>  857.78271244 |
	fixedstream::usd/usd::6::{04-nov-2019->02-nov-2029}@accrualcoupon => ? |
	fixedstream::usd/usd::6::{04-nov-2019->02-nov-2029}@accrued =>  0.00000000 |
	fixedstream::usd/usd::6::{04-nov-2019->02-nov-2029}@accrued01 =>  0.00000000 |
	fixedstream::usd/usd::6::{04-nov-2019->02-nov-2029}@calctime =>  0.00012422 |
	fixedstream::usd/usd::6::{04-nov-2019->02-nov-2029}@cleandv01 =>  857.78271244 |
	fixedstream::usd/usd::6::{04-nov-2019->02-nov-2029}@cleanprice =>  108.57782712 |
	fixedstream::usd/usd::6::{04-nov-2019->02-nov-2029}@cleanpv =>  85778.27124404 |
	fixedstream::usd/usd::6::{04-nov-2019->02-nov-2029}@compoundingadjustedcleandv01 =>  857.78271244 |
	fixedstream::usd/usd::6::{04-nov-2019->02-nov-2029}@compoundingadjustedcleanprice =>  108.57782712 |
	fixedstream::usd/usd::6::{04-nov-2019->02-nov-2029}@compoundingadjustedcleanpv =>  85778.27124404 |
	fixedstream::usd/usd::6::{04-nov-2019->02-nov-2029}@compoundingadjusteddirtydv01 =>  857.78271244 |
	fixedstream::usd/usd::6::{04-nov-2019->02-nov-2029}@compoundingadjusteddirtyprice =>  108.57782712 |
	fixedstream::usd/usd::6::{04-nov-2019->02-nov-2029}@compoundingadjusteddirtypv =>  85778.27124404 |
	fixedstream::usd/usd::6::{04-nov-2019->02-nov-2029}@compoundingadjustedfairpremium =>  0.01000000 |
	fixedstream::usd/usd::6::{04-nov-2019->02-nov-2029}@compoundingadjustedparrate =>  0.01000000 |
	fixedstream::usd/usd::6::{04-nov-2019->02-nov-2029}@compoundingadjustedprice =>  108.57782712 |
	fixedstream::usd/usd::6::{04-nov-2019->02-nov-2029}@compoundingadjustedpv =>  85778.27124404 |
	fixedstream::usd/usd::6::{04-nov-2019->02-nov-2029}@compoundingadjustedrate =>  0.01000000 |
	fixedstream::usd/usd::6::{04-nov-2019->02-nov-2029}@compoundingadjustedupfront =>  85778.27124404 |
	fixedstream::usd/usd::6::{04-nov-2019->02-nov-2029}@compoundingadjustmentfactor =>  1.00000000 |
	fixedstream::usd/usd::6::{04-nov-2019->02-nov-2029}@compoundingadjustmentpremium =>  0.00000000 |
	fixedstream::usd/usd::6::{04-nov-2019->02-nov-2029}@compoundingadjustmentpremiumupfront =>  0.00000000 |
	fixedstream::usd/usd::6::{04-nov-2019->02-nov-2029}@creditforwardconvexityadjustedcleandv01 =>  857.78271244 |
	fixedstream::usd/usd::6::{04-nov-2019->02-nov-2029}@creditforwardconvexityadjustedcleanprice =>  108.57782712 |
	fixedstream::usd/usd::6::{04-nov-2019->02-nov-2029}@creditforwardconvexityadjustedcleanpv =>  85778.27124404 |
	fixedstream::usd/usd::6::{04-nov-2019->02-nov-2029}@creditforwardconvexityadjusteddirtydv01 =>  857.78271244 |
	fixedstream::usd/usd::6::{04-nov-2019->02-nov-2029}@creditforwardconvexityadjusteddirtyprice =>  108.57782712 |
	fixedstream::usd/usd::6::{04-nov-2019->02-nov-2029}@creditforwardconvexityadjusteddirtypv =>  85778.27124404 |
	fixedstream::usd/usd::6::{04-nov-2019->02-nov-2029}@creditforwardconvexityadjusteddv01 =>  857.78271244 |
	fixedstream::usd/usd::6::{04-nov-2019->02-nov-2029}@creditforwardconvexityadjustedfairpremium =>  0.01000000 |
	fixedstream::usd/usd::6::{04-nov-2019->02-nov-2029}@creditforwardconvexityadjustedparrate =>  0.01000000 |
	fixedstream::usd/usd::6::{04-nov-2019->02-nov-2029}@creditforwardconvexityadjustedprice =>  108.57782712 |
	fixedstream::usd/usd::6::{04-nov-2019->02-nov-2029}@creditforwardconvexityadjustedpv =>  85778.27124404 |
	fixedstream::usd/usd::6::{04-nov-2019->02-nov-2029}@creditforwardconvexityadjustedrate =>  0.01000000 |
	fixedstream::usd/usd::6::{04-nov-2019->02-nov-2029}@creditforwardconvexityadjustedupfront =>  85778.27124404 |
	fixedstream::usd/usd::6::{04-nov-2019->02-nov-2029}@creditforwardconvexityadjustmentfactor =>  1.00000000 |
	fixedstream::usd/usd::6::{04-nov-2019->02-nov-2029}@creditforwardconvexityadjustmentpremium =>  0.00000000 |
	fixedstream::usd/usd::6::{04-nov-2019->02-nov-2029}@creditforwardconvexityadjustmentpremiumupfront =>  0.00000000 |
	fixedstream::usd/usd::6::{04-nov-2019->02-nov-2029}@creditfundingconvexityadjustedcleandv01 =>  857.78271244 |
	fixedstream::usd/usd::6::{04-nov-2019->02-nov-2029}@creditfundingconvexityadjustedcleanprice =>  108.57782712 |
	fixedstream::usd/usd::6::{04-nov-2019->02-nov-2029}@creditfundingconvexityadjustedcleanpv =>  85778.27124404 |
	fixedstream::usd/usd::6::{04-nov-2019->02-nov-2029}@creditfundingconvexityadjusteddirtydv01 =>  857.78271244 |
	fixedstream::usd/usd::6::{04-nov-2019->02-nov-2029}@creditfundingconvexityadjusteddirtyprice =>  108.57782712 |
	fixedstream::usd/usd::6::{04-nov-2019->02-nov-2029}@creditfundingconvexityadjusteddirtypv =>  85778.27124404 |
	fixedstream::usd/usd::6::{04-nov-2019->02-nov-2029}@creditfundingconvexityadjusteddv01 =>  857.78271244 |
	fixedstream::usd/usd::6::{04-nov-2019->02-nov-2029}@creditfundingconvexityadjustedfairpremium =>  0.01000000 |
	fixedstream::usd/usd::6::{04-nov-2019->02-nov-2029}@creditfundingconvexityadjustedparrate =>  0.01000000 |
	fixedstream::usd/usd::6::{04-nov-2019->02-nov-2029}@creditfundingconvexityadjustedprice =>  108.57782712 |
	fixedstream::usd/usd::6::{04-nov-2019->02-nov-2029}@creditfundingconvexityadjustedpv =>  85778.27124404 |
	fixedstream::usd/usd::6::{04-nov-2019->02-nov-2029}@creditfundingconvexityadjustedrate =>  0.01000000 |
	fixedstream::usd/usd::6::{04-nov-2019->02-nov-2029}@creditfundingconvexityadjustedupfront =>  85778.27124404 |
	fixedstream::usd/usd::6::{04-nov-2019->02-nov-2029}@creditfundingconvexityadjustmentfactor =>  1.00000000 |
	fixedstream::usd/usd::6::{04-nov-2019->02-nov-2029}@creditfundingconvexityadjustmentpremium =>  0.00000000 |
	fixedstream::usd/usd::6::{04-nov-2019->02-nov-2029}@creditfundingconvexityadjustmentpremiumupfront =>  0.00000000 |
	fixedstream::usd/usd::6::{04-nov-2019->02-nov-2029}@creditfxconvexityadjustedcleandv01 =>  857.78271244 |
	fixedstream::usd/usd::6::{04-nov-2019->02-nov-2029}@creditfxconvexityadjustedcleanprice =>  108.57782712 |
	fixedstream::usd/usd::6::{04-nov-2019->02-nov-2029}@creditfxconvexityadjustedcleanpv =>  85778.27124404 |
	fixedstream::usd/usd::6::{04-nov-2019->02-nov-2029}@creditfxconvexityadjusteddirtydv01 =>  857.78271244 |
	fixedstream::usd/usd::6::{04-nov-2019->02-nov-2029}@creditfxconvexityadjusteddirtyprice =>  108.57782712 |
	fixedstream::usd/usd::6::{04-nov-2019->02-nov-2029}@creditfxconvexityadjusteddirtypv =>  85778.27124404 |
	fixedstream::usd/usd::6::{04-nov-2019->02-nov-2029}@creditfxconvexityadjusteddv01 =>  857.78271244 |
	fixedstream::usd/usd::6::{04-nov-2019->02-nov-2029}@creditfxconvexityadjustedfairpremium =>  0.01000000 |
	fixedstream::usd/usd::6::{04-nov-2019->02-nov-2029}@creditfxconvexityadjustedparrate =>  0.01000000 |
	fixedstream::usd/usd::6::{04-nov-2019->02-nov-2029}@creditfxconvexityadjustedprice =>  108.57782712 |
	fixedstream::usd/usd::6::{04-nov-2019->02-nov-2029}@creditfxconvexityadjustedpv =>  85778.27124404 |
	fixedstream::usd/usd::6::{04-nov-2019->02-nov-2029}@creditfxconvexityadjustedrate =>  0.01000000 |
	fixedstream::usd/usd::6::{04-nov-2019->02-nov-2029}@creditfxconvexityadjustedupfront =>  85778.27124404 |
	fixedstream::usd/usd::6::{04-nov-2019->02-nov-2029}@creditfxconvexityadjustmentfactor =>  1.00000000 |
	fixedstream::usd/usd::6::{04-nov-2019->02-nov-2029}@creditfxconvexityadjustmentpremium =>  0.00000000 |
	fixedstream::usd/usd::6::{04-nov-2019->02-nov-2029}@creditfxconvexityadjustmentpremiumupfront =>  0.00000000 |
	fixedstream::usd/usd::6::{04-nov-2019->02-nov-2029}@cumulativeconvexityadjustedcleandv01 =>  857.78271244 |
	fixedstream::usd/usd::6::{04-nov-2019->02-nov-2029}@cumulativeconvexityadjustedcleanprice =>  108.57782712 |
	fixedstream::usd/usd::6::{04-nov-2019->02-nov-2029}@cumulativeconvexityadjustedcleanpv =>  85778.27124404 |
	fixedstream::usd/usd::6::{04-nov-2019->02-nov-2029}@cumulativeconvexityadjusteddirtydv01 =>  857.78271244 |
	fixedstream::usd/usd::6::{04-nov-2019->02-nov-2029}@cumulativeconvexityadjusteddirtyprice =>  108.57782712 |
	fixedstream::usd/usd::6::{04-nov-2019->02-nov-2029}@cumulativeconvexityadjusteddirtypv =>  85778.27124404 |
	fixedstream::usd/usd::6::{04-nov-2019->02-nov-2029}@cumulativeconvexityadjusteddv01 =>  857.78271244 |
	fixedstream::usd/usd::6::{04-nov-2019->02-nov-2029}@cumulativeconvexityadjustedfairpremium =>  0.01000000 |
	fixedstream::usd/usd::6::{04-nov-2019->02-nov-2029}@cumulativeconvexityadjustedparrate =>  0.01000000 |
	fixedstream::usd/usd::6::{04-nov-2019->02-nov-2029}@cumulativeconvexityadjustedprice =>  108.57782712 |
	fixedstream::usd/usd::6::{04-nov-2019->02-nov-2029}@cumulativeconvexityadjustedpv =>  85778.27124404 |
	fixedstream::usd/usd::6::{04-nov-2019->02-nov-2029}@cumulativeconvexityadjustedrate =>  0.01000000 |
	fixedstream::usd/usd::6::{04-nov-2019->02-nov-2029}@cumulativeconvexityadjustedupfront =>  85778.27124404 |
	fixedstream::usd/usd::6::{04-nov-2019->02-nov-2029}@cumulativeconvexityadjustmentfactor =>  1.00000000 |
	fixedstream::usd/usd::6::{04-nov-2019->02-nov-2029}@cumulativeconvexityadjustmentpremium =>  0.00000000 |
	fixedstream::usd/usd::6::{04-nov-2019->02-nov-2029}@cumulativeconvexityadjustmentpremiumupfront =>  0.00000000 |
	fixedstream::usd/usd::6::{04-nov-2019->02-nov-2029}@cumulativecouponamount =>  0.00000000 |
	fixedstream::usd/usd::6::{04-nov-2019->02-nov-2029}@cumulativecoupondcf =>  0.00000000 |
	fixedstream::usd/usd::6::{04-nov-2019->02-nov-2029}@cv01 =>  857.78271244 |
	fixedstream::usd/usd::6::{04-nov-2019->02-nov-2029}@dirtydv01 =>  857.78271244 |
	fixedstream::usd/usd::6::{04-nov-2019->02-nov-2029}@dirtyprice =>  108.57782712 |
	fixedstream::usd/usd::6::{04-nov-2019->02-nov-2029}@dirtypv =>  85778.27124404 |
	fixedstream::usd/usd::6::{04-nov-2019->02-nov-2029}@dv01 =>  857.78271244 |
	fixedstream::usd/usd::6::{04-nov-2019->02-nov-2029}@fairpremium =>  0.01000000 |
	fixedstream::usd/usd::6::{04-nov-2019->02-nov-2029}@fixing01 =>  0.00000000 |
	fixedstream::usd/usd::6::{04-nov-2019->02-nov-2029}@forwardfundingconvexityadjustedcleandv01 =>  857.78271244 |
	fixedstream::usd/usd::6::{04-nov-2019->02-nov-2029}@forwardfundingconvexityadjustedcleanprice =>  108.57782712 |
	fixedstream::usd/usd::6::{04-nov-2019->02-nov-2029}@forwardfundingconvexityadjustedcleanpv =>  85778.27124404 |
	fixedstream::usd/usd::6::{04-nov-2019->02-nov-2029}@forwardfundingconvexityadjusteddirtydv01 =>  857.78271244 |
	fixedstream::usd/usd::6::{04-nov-2019->02-nov-2029}@forwardfundingconvexityadjusteddirtyprice =>  108.57782712 |
	fixedstream::usd/usd::6::{04-nov-2019->02-nov-2029}@forwardfundingconvexityadjusteddirtypv =>  85778.27124404 |
	fixedstream::usd/usd::6::{04-nov-2019->02-nov-2029}@forwardfundingconvexityadjusteddv01 =>  857.78271244 |
	fixedstream::usd/usd::6::{04-nov-2019->02-nov-2029}@forwardfundingconvexityadjustedfairpremium =>  0.01000000 |
	fixedstream::usd/usd::6::{04-nov-2019->02-nov-2029}@forwardfundingconvexityadjustedparrate =>  0.01000000 |
	fixedstream::usd/usd::6::{04-nov-2019->02-nov-2029}@forwardfundingconvexityadjustedprice =>  108.57782712 |
	fixedstream::usd/usd::6::{04-nov-2019->02-nov-2029}@forwardfundingconvexityadjustedpv =>  85778.27124404 |
	fixedstream::usd/usd::6::{04-nov-2019->02-nov-2029}@forwardfundingconvexityadjustedrate =>  0.01000000 |
	fixedstream::usd/usd::6::{04-nov-2019->02-nov-2029}@forwardfundingconvexityadjustedupfront =>  85778.27124404 |
	fixedstream::usd/usd::6::{04-nov-2019->02-nov-2029}@forwardfundingconvexityadjustmentfactor =>  1.00000000 |
	fixedstream::usd/usd::6::{04-nov-2019->02-nov-2029}@forwardfundingconvexityadjustmentpremium =>  0.00000000 |
	fixedstream::usd/usd::6::{04-nov-2019->02-nov-2029}@forwardfundingconvexityadjustmentpremiumupfront =>  0.00000000 |
	fixedstream::usd/usd::6::{04-nov-2019->02-nov-2029}@forwardfxconvexityadjustedcleandv01 =>  857.78271244 |
	fixedstream::usd/usd::6::{04-nov-2019->02-nov-2029}@forwardfxconvexityadjustedcleanprice =>  108.57782712 |
	fixedstream::usd/usd::6::{04-nov-2019->02-nov-2029}@forwardfxconvexityadjustedcleanpv =>  85778.27124404 |
	fixedstream::usd/usd::6::{04-nov-2019->02-nov-2029}@forwardfxconvexityadjusteddirtydv01 =>  857.78271244 |
	fixedstream::usd/usd::6::{04-nov-2019->02-nov-2029}@forwardfxconvexityadjusteddirtyprice =>  108.57782712 |
	fixedstream::usd/usd::6::{04-nov-2019->02-nov-2029}@forwardfxconvexityadjusteddirtypv =>  85778.27124404 |
	fixedstream::usd/usd::6::{04-nov-2019->02-nov-2029}@forwardfxconvexityadjusteddv01 =>  857.78271244 |
	fixedstream::usd/usd::6::{04-nov-2019->02-nov-2029}@forwardfxconvexityadjustedfairpremium =>  0.01000000 |
	fixedstream::usd/usd::6::{04-nov-2019->02-nov-2029}@forwardfxconvexityadjustedparrate =>  0.01000000 |
	fixedstream::usd/usd::6::{04-nov-2019->02-nov-2029}@forwardfxconvexityadjustedprice =>  108.57782712 |
	fixedstream::usd/usd::6::{04-nov-2019->02-nov-2029}@forwardfxconvexityadjustedpv =>  85778.27124404 |
	fixedstream::usd/usd::6::{04-nov-2019->02-nov-2029}@forwardfxconvexityadjustedrate =>  0.01000000 |
	fixedstream::usd/usd::6::{04-nov-2019->02-nov-2029}@forwardfxconvexityadjustedupfront =>  85778.27124404 |
	fixedstream::usd/usd::6::{04-nov-2019->02-nov-2029}@forwardfxconvexityadjustmentfactor =>  1.00000000 |
	fixedstream::usd/usd::6::{04-nov-2019->02-nov-2029}@forwardfxconvexityadjustmentpremium =>  0.00000000 |
	fixedstream::usd/usd::6::{04-nov-2019->02-nov-2029}@forwardfxconvexityadjustmentpremiumupfront =>  0.00000000 |
	fixedstream::usd/usd::6::{04-nov-2019->02-nov-2029}@fundingfxconvexityadjustedcleandv01 =>  857.78271244 |
	fixedstream::usd/usd::6::{04-nov-2019->02-nov-2029}@fundingfxconvexityadjustedcleanprice =>  108.57782712 |
	fixedstream::usd/usd::6::{04-nov-2019->02-nov-2029}@fundingfxconvexityadjustedcleanpv =>  85778.27124404 |
	fixedstream::usd/usd::6::{04-nov-2019->02-nov-2029}@fundingfxconvexityadjusteddirtydv01 =>  857.78271244 |
	fixedstream::usd/usd::6::{04-nov-2019->02-nov-2029}@fundingfxconvexityadjusteddirtyprice =>  108.57782712 |
	fixedstream::usd/usd::6::{04-nov-2019->02-nov-2029}@fundingfxconvexityadjusteddirtypv =>  85778.27124404 |
	fixedstream::usd/usd::6::{04-nov-2019->02-nov-2029}@fundingfxconvexityadjusteddv01 =>  857.78271244 |
	fixedstream::usd/usd::6::{04-nov-2019->02-nov-2029}@fundingfxconvexityadjustedfairpremium =>  0.01000000 |
	fixedstream::usd/usd::6::{04-nov-2019->02-nov-2029}@fundingfxconvexityadjustedparrate =>  0.01000000 |
	fixedstream::usd/usd::6::{04-nov-2019->02-nov-2029}@fundingfxconvexityadjustedprice =>  108.57782712 |
	fixedstream::usd/usd::6::{04-nov-2019->02-nov-2029}@fundingfxconvexityadjustedpv =>  85778.27124404 |
	fixedstream::usd/usd::6::{04-nov-2019->02-nov-2029}@fundingfxconvexityadjustedrate =>  0.01000000 |
	fixedstream::usd/usd::6::{04-nov-2019->02-nov-2029}@fundingfxconvexityadjustedupfront =>  85778.27124404 |
	fixedstream::usd/usd::6::{04-nov-2019->02-nov-2029}@fundingfxconvexityadjustmentfactor =>  1.00000000 |
	fixedstream::usd/usd::6::{04-nov-2019->02-nov-2029}@fundingfxconvexityadjustmentpremium =>  0.00000000 |
	fixedstream::usd/usd::6::{04-nov-2019->02-nov-2029}@fundingfxconvexityadjustmentpremiumupfront =>  0.00000000 |
	fixedstream::usd/usd::6::{04-nov-2019->02-nov-2029}@parrate =>  0.01000000 |
	fixedstream::usd/usd::6::{04-nov-2019->02-nov-2029}@price =>  108.57782712 |
	fixedstream::usd/usd::6::{04-nov-2019->02-nov-2029}@pv =>  85778.27124404 |
	fixedstream::usd/usd::6::{04-nov-2019->02-nov-2029}@rate =>  0.01000000 |
	fixedstream::usd/usd::6::{04-nov-2019->02-nov-2029}@resetdate => -2147483648.00000000 |
	fixedstream::usd/usd::6::{04-nov-2019->02-nov-2029}@resetrate => ? |
	fixedstream::usd/usd::6::{04-nov-2019->02-nov-2029}@totalcoupon =>  0.20000000 |
	fixedstream::usd/usd::6::{04-nov-2019->02-nov-2029}@unadjustedcleandv01 =>  857.78271244 |
	fixedstream::usd/usd::6::{04-nov-2019->02-nov-2029}@unadjustedcleanprice =>  108.57782712 |
	fixedstream::usd/usd::6::{04-nov-2019->02-nov-2029}@unadjustedcleanpv =>  85778.27124404 |
	fixedstream::usd/usd::6::{04-nov-2019->02-nov-2029}@unadjusteddirtydv01 =>  857.78271244 |
	fixedstream::usd/usd::6::{04-nov-2019->02-nov-2029}@unadjusteddirtyprice =>  108.57782712 |
	fixedstream::usd/usd::6::{04-nov-2019->02-nov-2029}@unadjusteddirtypv =>  85778.27124404 |
	fixedstream::usd/usd::6::{04-nov-2019->02-nov-2029}@unadjustedfairpremium =>  0.01000000 |
	fixedstream::usd/usd::6::{04-nov-2019->02-nov-2029}@unadjustedparrate =>  0.01000000 |
	fixedstream::usd/usd::6::{04-nov-2019->02-nov-2029}@unadjustedprice =>  108.57782712 |
	fixedstream::usd/usd::6::{04-nov-2019->02-nov-2029}@unadjustedpv =>  85778.27124404 |
	fixedstream::usd/usd::6::{04-nov-2019->02-nov-2029}@unadjustedrate =>  0.01000000 |
	fixedstream::usd/usd::6::{04-nov-2019->02-nov-2029}@unadjustedupfront =>  85778.27124404 |
	fixedstream::usd/usd::6::{04-nov-2019->02-nov-2029}@upfront =>  85778.27124404 |
	fixing01 =>  0.00000000 |
	floataccrued =>  0.00000000 |
	floataccrued01 =>  0.00000000 |
	floatdv01 => -857.78271244 |
	floatstream::usd::usd-libor-6m::{04-nov-2019->02-nov-2029}@accrualcoupon => ? |
	floatstream::usd::usd-libor-6m::{04-nov-2019->02-nov-2029}@accrued =>  0.00000000 |
	floatstream::usd::usd-libor-6m::{04-nov-2019->02-nov-2029}@accrued01 =>  0.00000000 |
	floatstream::usd::usd-libor-6m::{04-nov-2019->02-nov-2029}@calctime =>  0.00011063 |
	floatstream::usd::usd-libor-6m::{04-nov-2019->02-nov-2029}@cleandv01 => -857.78271244 |
	floatstream::usd::usd-libor-6m::{04-nov-2019->02-nov-2029}@cleanprice =>  132.26149577 |
	floatstream::usd::usd-libor-6m::{04-nov-2019->02-nov-2029}@cleanpv => -322614.95767541 |
	floatstream::usd::usd-libor-6m::{04-nov-2019->02-nov-2029}@compoundingadjustedcleandv01 => -857.78271244 |
	floatstream::usd::usd-libor-6m::{04-nov-2019->02-nov-2029}@compoundingadjustedcleanprice =>  132.26149577 |
	floatstream::usd::usd-libor-6m::{04-nov-2019->02-nov-2029}@compoundingadjustedcleanpv => -322614.95767541 |
	floatstream::usd::usd-libor-6m::{04-nov-2019->02-nov-2029}@compoundingadjusteddirtydv01 => -857.78271244 |
	floatstream::usd::usd-libor-6m::{04-nov-2019->02-nov-2029}@compoundingadjusteddirtyprice =>  132.26149577 |
	floatstream::usd::usd-libor-6m::{04-nov-2019->02-nov-2029}@compoundingadjusteddirtypv => -322614.95767541 |
	floatstream::usd::usd-libor-6m::{04-nov-2019->02-nov-2029}@compoundingadjustedfairpremium =>  0.03761034 |
	floatstream::usd::usd-libor-6m::{04-nov-2019->02-nov-2029}@compoundingadjustedparrate =>  0.03761034 |
	floatstream::usd::usd-libor-6m::{04-nov-2019->02-nov-2029}@compoundingadjustedprice =>  132.26149577 |
	floatstream::usd::usd-libor-6m::{04-nov-2019->02-nov-2029}@compoundingadjustedpv => -322614.95767541 |
	floatstream::usd::usd-libor-6m::{04-nov-2019->02-nov-2029}@compoundingadjustedrate =>  0.03761034 |
	floatstream::usd::usd-libor-6m::{04-nov-2019->02-nov-2029}@compoundingadjustedupfront => -322614.95767541 |
	floatstream::usd::usd-libor-6m::{04-nov-2019->02-nov-2029}@compoundingadjustmentfactor =>  1.00000000 |
	floatstream::usd::usd-libor-6m::{04-nov-2019->02-nov-2029}@compoundingadjustmentpremium =>  0.00000000 |
	floatstream::usd::usd-libor-6m::{04-nov-2019->02-nov-2029}@compoundingadjustmentpremiumupfront =>  -0.00000000 |
	floatstream::usd::usd-libor-6m::{04-nov-2019->02-nov-2029}@creditforwardconvexityadjustedcleandv01 => -857.78271244 |
	floatstream::usd::usd-libor-6m::{04-nov-2019->02-nov-2029}@creditforwardconvexityadjustedcleanprice =>  132.26149577 |
	floatstream::usd::usd-libor-6m::{04-nov-2019->02-nov-2029}@creditforwardconvexityadjustedcleanpv => -322614.95767541 |
	floatstream::usd::usd-libor-6m::{04-nov-2019->02-nov-2029}@creditforwardconvexityadjusteddirtydv01 => -857.78271244 |
	floatstream::usd::usd-libor-6m::{04-nov-2019->02-nov-2029}@creditforwardconvexityadjusteddirtyprice =>  132.26149577 |
	floatstream::usd::usd-libor-6m::{04-nov-2019->02-nov-2029}@creditforwardconvexityadjusteddirtypv => -322614.95767541 |
	floatstream::usd::usd-libor-6m::{04-nov-2019->02-nov-2029}@creditforwardconvexityadjusteddv01 => -857.78271244 |
	floatstream::usd::usd-libor-6m::{04-nov-2019->02-nov-2029}@creditforwardconvexityadjustedfairpremium =>  0.03761034 |
	floatstream::usd::usd-libor-6m::{04-nov-2019->02-nov-2029}@creditforwardconvexityadjustedparrate =>  0.03761034 |
	floatstream::usd::usd-libor-6m::{04-nov-2019->02-nov-2029}@creditforwardconvexityadjustedprice =>  132.26149577 |
	floatstream::usd::usd-libor-6m::{04-nov-2019->02-nov-2029}@creditforwardconvexityadjustedpv => -322614.95767541 |
	floatstream::usd::usd-libor-6m::{04-nov-2019->02-nov-2029}@creditforwardconvexityadjustedrate =>  0.03761034 |
	floatstream::usd::usd-libor-6m::{04-nov-2019->02-nov-2029}@creditforwardconvexityadjustedupfront => -322614.95767541 |
	floatstream::usd::usd-libor-6m::{04-nov-2019->02-nov-2029}@creditforwardconvexityadjustmentfactor =>  1.00000000 |
	floatstream::usd::usd-libor-6m::{04-nov-2019->02-nov-2029}@creditforwardconvexityadjustmentpremium =>  0.00000000 |
	floatstream::usd::usd-libor-6m::{04-nov-2019->02-nov-2029}@creditforwardconvexityadjustmentpremiumupfront =>  -0.00000000 |
	floatstream::usd::usd-libor-6m::{04-nov-2019->02-nov-2029}@creditfundingconvexityadjustedcleandv01 => -857.78271244 |
	floatstream::usd::usd-libor-6m::{04-nov-2019->02-nov-2029}@creditfundingconvexityadjustedcleanprice =>  132.26149577 |
	floatstream::usd::usd-libor-6m::{04-nov-2019->02-nov-2029}@creditfundingconvexityadjustedcleanpv => -322614.95767541 |
	floatstream::usd::usd-libor-6m::{04-nov-2019->02-nov-2029}@creditfundingconvexityadjusteddirtydv01 => -857.78271244 |
	floatstream::usd::usd-libor-6m::{04-nov-2019->02-nov-2029}@creditfundingconvexityadjusteddirtyprice =>  132.26149577 |
	floatstream::usd::usd-libor-6m::{04-nov-2019->02-nov-2029}@creditfundingconvexityadjusteddirtypv => -322614.95767541 |
	floatstream::usd::usd-libor-6m::{04-nov-2019->02-nov-2029}@creditfundingconvexityadjusteddv01 => -857.78271244 |
	floatstream::usd::usd-libor-6m::{04-nov-2019->02-nov-2029}@creditfundingconvexityadjustedfairpremium =>  0.03761034 |
	floatstream::usd::usd-libor-6m::{04-nov-2019->02-nov-2029}@creditfundingconvexityadjustedparrate =>  0.03761034 |
	floatstream::usd::usd-libor-6m::{04-nov-2019->02-nov-2029}@creditfundingconvexityadjustedprice =>  132.26149577 |
	floatstream::usd::usd-libor-6m::{04-nov-2019->02-nov-2029}@creditfundingconvexityadjustedpv => -322614.95767541 |
	floatstream::usd::usd-libor-6m::{04-nov-2019->02-nov-2029}@creditfundingconvexityadjustedrate =>  0.03761034 |
	floatstream::usd::usd-libor-6m::{04-nov-2019->02-nov-2029}@creditfundingconvexityadjustedupfront => -322614.95767541 |
	floatstream::usd::usd-libor-6m::{04-nov-2019->02-nov-2029}@creditfundingconvexityadjustmentfactor =>  1.00000000 |
	floatstream::usd::usd-libor-6m::{04-nov-2019->02-nov-2029}@creditfundingconvexityadjustmentpremium =>  0.00000000 |
	floatstream::usd::usd-libor-6m::{04-nov-2019->02-nov-2029}@creditfundingconvexityadjustmentpremiumupfront =>  -0.00000000 |
	floatstream::usd::usd-libor-6m::{04-nov-2019->02-nov-2029}@creditfxconvexityadjustedcleandv01 => -857.78271244 |
	floatstream::usd::usd-libor-6m::{04-nov-2019->02-nov-2029}@creditfxconvexityadjustedcleanprice =>  132.26149577 |
	floatstream::usd::usd-libor-6m::{04-nov-2019->02-nov-2029}@creditfxconvexityadjustedcleanpv => -322614.95767541 |
	floatstream::usd::usd-libor-6m::{04-nov-2019->02-nov-2029}@creditfxconvexityadjusteddirtydv01 => -857.78271244 |
	floatstream::usd::usd-libor-6m::{04-nov-2019->02-nov-2029}@creditfxconvexityadjusteddirtyprice =>  132.26149577 |
	floatstream::usd::usd-libor-6m::{04-nov-2019->02-nov-2029}@creditfxconvexityadjusteddirtypv => -322614.95767541 |
	floatstream::usd::usd-libor-6m::{04-nov-2019->02-nov-2029}@creditfxconvexityadjusteddv01 => -857.78271244 |
	floatstream::usd::usd-libor-6m::{04-nov-2019->02-nov-2029}@creditfxconvexityadjustedfairpremium =>  0.03761034 |
	floatstream::usd::usd-libor-6m::{04-nov-2019->02-nov-2029}@creditfxconvexityadjustedparrate =>  0.03761034 |
	floatstream::usd::usd-libor-6m::{04-nov-2019->02-nov-2029}@creditfxconvexityadjustedprice =>  132.26149577 |
	floatstream::usd::usd-libor-6m::{04-nov-2019->02-nov-2029}@creditfxconvexityadjustedpv => -322614.95767541 |
	floatstream::usd::usd-libor-6m::{04-nov-2019->02-nov-2029}@creditfxconvexityadjustedrate =>  0.03761034 |
	floatstream::usd::usd-libor-6m::{04-nov-2019->02-nov-2029}@creditfxconvexityadjustedupfront => -322614.95767541 |
	floatstream::usd::usd-libor-6m::{04-nov-2019->02-nov-2029}@creditfxconvexityadjustmentfactor =>  1.00000000 |
	floatstream::usd::usd-libor-6m::{04-nov-2019->02-nov-2029}@creditfxconvexityadjustmentpremium =>  0.00000000 |
	floatstream::usd::usd-libor-6m::{04-nov-2019->02-nov-2029}@creditfxconvexityadjustmentpremiumupfront =>  -0.00000000 |
	floatstream::usd::usd-libor-6m::{04-nov-2019->02-nov-2029}@cumulativeconvexityadjustedcleandv01 => -857.78271244 |
	floatstream::usd::usd-libor-6m::{04-nov-2019->02-nov-2029}@cumulativeconvexityadjustedcleanprice =>  132.26149577 |
	floatstream::usd::usd-libor-6m::{04-nov-2019->02-nov-2029}@cumulativeconvexityadjustedcleanpv => -322614.95767541 |
	floatstream::usd::usd-libor-6m::{04-nov-2019->02-nov-2029}@cumulativeconvexityadjusteddirtydv01 => -857.78271244 |
	floatstream::usd::usd-libor-6m::{04-nov-2019->02-nov-2029}@cumulativeconvexityadjusteddirtyprice =>  132.26149577 |
	floatstream::usd::usd-libor-6m::{04-nov-2019->02-nov-2029}@cumulativeconvexityadjusteddirtypv => -322614.95767541 |
	floatstream::usd::usd-libor-6m::{04-nov-2019->02-nov-2029}@cumulativeconvexityadjusteddv01 => -857.78271244 |
	floatstream::usd::usd-libor-6m::{04-nov-2019->02-nov-2029}@cumulativeconvexityadjustedfairpremium =>  0.03761034 |
	floatstream::usd::usd-libor-6m::{04-nov-2019->02-nov-2029}@cumulativeconvexityadjustedparrate =>  0.03761034 |
	floatstream::usd::usd-libor-6m::{04-nov-2019->02-nov-2029}@cumulativeconvexityadjustedprice =>  132.26149577 |
	floatstream::usd::usd-libor-6m::{04-nov-2019->02-nov-2029}@cumulativeconvexityadjustedpv => -322614.95767541 |
	floatstream::usd::usd-libor-6m::{04-nov-2019->02-nov-2029}@cumulativeconvexityadjustedrate =>  0.03761034 |
	floatstream::usd::usd-libor-6m::{04-nov-2019->02-nov-2029}@cumulativeconvexityadjustedupfront => -322614.95767541 |
	floatstream::usd::usd-libor-6m::{04-nov-2019->02-nov-2029}@cumulativeconvexityadjustmentfactor =>  1.00000000 |
	floatstream::usd::usd-libor-6m::{04-nov-2019->02-nov-2029}@cumulativeconvexityadjustmentpremium =>  0.00000000 |
	floatstream::usd::usd-libor-6m::{04-nov-2019->02-nov-2029}@cumulativeconvexityadjustmentpremiumupfront =>  -0.00000000 |
	floatstream::usd::usd-libor-6m::{04-nov-2019->02-nov-2029}@cumulativecouponamount =>  0.00000000 |
	floatstream::usd::usd-libor-6m::{04-nov-2019->02-nov-2029}@cumulativecoupondcf =>  0.00000000 |
	floatstream::usd::usd-libor-6m::{04-nov-2019->02-nov-2029}@cv01 => -857.78271244 |
	floatstream::usd::usd-libor-6m::{04-nov-2019->02-nov-2029}@dirtydv01 => -857.78271244 |
	floatstream::usd::usd-libor-6m::{04-nov-2019->02-nov-2029}@dirtyprice =>  132.26149577 |
	floatstream::usd::usd-libor-6m::{04-nov-2019->02-nov-2029}@dirtypv => -322614.95767541 |
	floatstream::usd::usd-libor-6m::{04-nov-2019->02-nov-2029}@dv01 => -857.78271244 |
	floatstream::usd::usd-libor-6m::{04-nov-2019->02-nov-2029}@fairpremium =>  0.03761034 |
	floatstream::usd::usd-libor-6m::{04-nov-2019->02-nov-2029}@fixing01 =>  0.00000000 |
	floatstream::usd::usd-libor-6m::{04-nov-2019->02-nov-2029}@forwardfundingconvexityadjustedcleandv01 => -857.78271244 |
	floatstream::usd::usd-libor-6m::{04-nov-2019->02-nov-2029}@forwardfundingconvexityadjustedcleanprice =>  132.26149577 |
	floatstream::usd::usd-libor-6m::{04-nov-2019->02-nov-2029}@forwardfundingconvexityadjustedcleanpv => -322614.95767541 |
	floatstream::usd::usd-libor-6m::{04-nov-2019->02-nov-2029}@forwardfundingconvexityadjusteddirtydv01 => -857.78271244 |
	floatstream::usd::usd-libor-6m::{04-nov-2019->02-nov-2029}@forwardfundingconvexityadjusteddirtyprice =>  132.26149577 |
	floatstream::usd::usd-libor-6m::{04-nov-2019->02-nov-2029}@forwardfundingconvexityadjusteddirtypv => -322614.95767541 |
	floatstream::usd::usd-libor-6m::{04-nov-2019->02-nov-2029}@forwardfundingconvexityadjusteddv01 => -857.78271244 |
	floatstream::usd::usd-libor-6m::{04-nov-2019->02-nov-2029}@forwardfundingconvexityadjustedfairpremium =>  0.03761034 |
	floatstream::usd::usd-libor-6m::{04-nov-2019->02-nov-2029}@forwardfundingconvexityadjustedparrate =>  0.03761034 |
	floatstream::usd::usd-libor-6m::{04-nov-2019->02-nov-2029}@forwardfundingconvexityadjustedprice =>  132.26149577 |
	floatstream::usd::usd-libor-6m::{04-nov-2019->02-nov-2029}@forwardfundingconvexityadjustedpv => -322614.95767541 |
	floatstream::usd::usd-libor-6m::{04-nov-2019->02-nov-2029}@forwardfundingconvexityadjustedrate =>  0.03761034 |
	floatstream::usd::usd-libor-6m::{04-nov-2019->02-nov-2029}@forwardfundingconvexityadjustedupfront => -322614.95767541 |
	floatstream::usd::usd-libor-6m::{04-nov-2019->02-nov-2029}@forwardfundingconvexityadjustmentfactor =>  1.00000000 |
	floatstream::usd::usd-libor-6m::{04-nov-2019->02-nov-2029}@forwardfundingconvexityadjustmentpremium =>  0.00000000 |
	floatstream::usd::usd-libor-6m::{04-nov-2019->02-nov-2029}@forwardfundingconvexityadjustmentpremiumupfront =>  -0.00000000 |
	floatstream::usd::usd-libor-6m::{04-nov-2019->02-nov-2029}@forwardfxconvexityadjustedcleandv01 => -857.78271244 |
	floatstream::usd::usd-libor-6m::{04-nov-2019->02-nov-2029}@forwardfxconvexityadjustedcleanprice =>  132.26149577 |
	floatstream::usd::usd-libor-6m::{04-nov-2019->02-nov-2029}@forwardfxconvexityadjustedcleanpv => -322614.95767541 |
	floatstream::usd::usd-libor-6m::{04-nov-2019->02-nov-2029}@forwardfxconvexityadjusteddirtydv01 => -857.78271244 |
	floatstream::usd::usd-libor-6m::{04-nov-2019->02-nov-2029}@forwardfxconvexityadjusteddirtyprice =>  132.26149577 |
	floatstream::usd::usd-libor-6m::{04-nov-2019->02-nov-2029}@forwardfxconvexityadjusteddirtypv => -322614.95767541 |
	floatstream::usd::usd-libor-6m::{04-nov-2019->02-nov-2029}@forwardfxconvexityadjusteddv01 => -857.78271244 |
	floatstream::usd::usd-libor-6m::{04-nov-2019->02-nov-2029}@forwardfxconvexityadjustedfairpremium =>  0.03761034 |
	floatstream::usd::usd-libor-6m::{04-nov-2019->02-nov-2029}@forwardfxconvexityadjustedparrate =>  0.03761034 |
	floatstream::usd::usd-libor-6m::{04-nov-2019->02-nov-2029}@forwardfxconvexityadjustedprice =>  132.26149577 |
	floatstream::usd::usd-libor-6m::{04-nov-2019->02-nov-2029}@forwardfxconvexityadjustedpv => -322614.95767541 |
	floatstream::usd::usd-libor-6m::{04-nov-2019->02-nov-2029}@forwardfxconvexityadjustedrate =>  0.03761034 |
	floatstream::usd::usd-libor-6m::{04-nov-2019->02-nov-2029}@forwardfxconvexityadjustedupfront => -322614.95767541 |
	floatstream::usd::usd-libor-6m::{04-nov-2019->02-nov-2029}@forwardfxconvexityadjustmentfactor =>  1.00000000 |
	floatstream::usd::usd-libor-6m::{04-nov-2019->02-nov-2029}@forwardfxconvexityadjustmentpremium =>  0.00000000 |
	floatstream::usd::usd-libor-6m::{04-nov-2019->02-nov-2029}@forwardfxconvexityadjustmentpremiumupfront =>  -0.00000000 |
	floatstream::usd::usd-libor-6m::{04-nov-2019->02-nov-2029}@fundingfxconvexityadjustedcleandv01 => -857.78271244 |
	floatstream::usd::usd-libor-6m::{04-nov-2019->02-nov-2029}@fundingfxconvexityadjustedcleanprice =>  132.26149577 |
	floatstream::usd::usd-libor-6m::{04-nov-2019->02-nov-2029}@fundingfxconvexityadjustedcleanpv => -322614.95767541 |
	floatstream::usd::usd-libor-6m::{04-nov-2019->02-nov-2029}@fundingfxconvexityadjusteddirtydv01 => -857.78271244 |
	floatstream::usd::usd-libor-6m::{04-nov-2019->02-nov-2029}@fundingfxconvexityadjusteddirtyprice =>  132.26149577 |
	floatstream::usd::usd-libor-6m::{04-nov-2019->02-nov-2029}@fundingfxconvexityadjusteddirtypv => -322614.95767541 |
	floatstream::usd::usd-libor-6m::{04-nov-2019->02-nov-2029}@fundingfxconvexityadjusteddv01 => -857.78271244 |
	floatstream::usd::usd-libor-6m::{04-nov-2019->02-nov-2029}@fundingfxconvexityadjustedfairpremium =>  0.03761034 |
	floatstream::usd::usd-libor-6m::{04-nov-2019->02-nov-2029}@fundingfxconvexityadjustedparrate =>  0.03761034 |
	floatstream::usd::usd-libor-6m::{04-nov-2019->02-nov-2029}@fundingfxconvexityadjustedprice =>  132.26149577 |
	floatstream::usd::usd-libor-6m::{04-nov-2019->02-nov-2029}@fundingfxconvexityadjustedpv => -322614.95767541 |
	floatstream::usd::usd-libor-6m::{04-nov-2019->02-nov-2029}@fundingfxconvexityadjustedrate =>  0.03761034 |
	floatstream::usd::usd-libor-6m::{04-nov-2019->02-nov-2029}@fundingfxconvexityadjustedupfront => -322614.95767541 |
	floatstream::usd::usd-libor-6m::{04-nov-2019->02-nov-2029}@fundingfxconvexityadjustmentfactor =>  1.00000000 |
	floatstream::usd::usd-libor-6m::{04-nov-2019->02-nov-2029}@fundingfxconvexityadjustmentpremium =>  0.00000000 |
	floatstream::usd::usd-libor-6m::{04-nov-2019->02-nov-2029}@fundingfxconvexityadjustmentpremiumupfront =>  -0.00000000 |
	floatstream::usd::usd-libor-6m::{04-nov-2019->02-nov-2029}@parrate =>  0.03761034 |
	floatstream::usd::usd-libor-6m::{04-nov-2019->02-nov-2029}@price =>  132.26149577 |
	floatstream::usd::usd-libor-6m::{04-nov-2019->02-nov-2029}@pv => -322614.95767541 |
	floatstream::usd::usd-libor-6m::{04-nov-2019->02-nov-2029}@rate =>  0.03761034 |
	floatstream::usd::usd-libor-6m::{04-nov-2019->02-nov-2029}@resetdate => -2147483648.00000000 |
	floatstream::usd::usd-libor-6m::{04-nov-2019->02-nov-2029}@resetrate => ? |
	floatstream::usd::usd-libor-6m::{04-nov-2019->02-nov-2029}@totalcoupon =>  0.77957816 |
	floatstream::usd::usd-libor-6m::{04-nov-2019->02-nov-2029}@unadjustedcleandv01 => -857.78271244 |
	floatstream::usd::usd-libor-6m::{04-nov-2019->02-nov-2029}@unadjustedcleanprice =>  132.26149577 |
	floatstream::usd::usd-libor-6m::{04-nov-2019->02-nov-2029}@unadjustedcleanpv => -322614.95767541 |
	floatstream::usd::usd-libor-6m::{04-nov-2019->02-nov-2029}@unadjusteddirtydv01 => -857.78271244 |
	floatstream::usd::usd-libor-6m::{04-nov-2019->02-nov-2029}@unadjusteddirtyprice =>  132.26149577 |
	floatstream::usd::usd-libor-6m::{04-nov-2019->02-nov-2029}@unadjusteddirtypv => -322614.95767541 |
	floatstream::usd::usd-libor-6m::{04-nov-2019->02-nov-2029}@unadjustedfairpremium =>  0.03761034 |
	floatstream::usd::usd-libor-6m::{04-nov-2019->02-nov-2029}@unadjustedparrate =>  0.03761034 |
	floatstream::usd::usd-libor-6m::{04-nov-2019->02-nov-2029}@unadjustedprice =>  132.26149577 |
	floatstream::usd::usd-libor-6m::{04-nov-2019->02-nov-2029}@unadjustedpv => -322614.95767541 |
	floatstream::usd::usd-libor-6m::{04-nov-2019->02-nov-2029}@unadjustedrate =>  0.03761034 |
	floatstream::usd::usd-libor-6m::{04-nov-2019->02-nov-2029}@unadjustedupfront => -322614.95767541 |
	floatstream::usd::usd-libor-6m::{04-nov-2019->02-nov-2029}@upfront => -322614.95767541 |
	initialnotional =>  1000000.00000000 |
	parfixedcoupon =>  0.03761034 |
	parrate =>  0.03761034 |
	parswaprate =>  0.03761034 |
	price =>  99.99997632 |
	pv => -236836.68643137 |
	rate =>  0.03761034 |
	referenceaccrued =>  0.00000000 |
	referenceaccrued01 =>  0.00000000 |
	referencecleandv01 =>  857.78271244 |
	referencecleanpv =>  85778.27124404 |
	referencecumulativeconvexityadjustmentfactor =>  1.00000000 |
	referencecumulativeconvexityadjustmentpremium =>  0.00000000 |
	referencecumulativecouponamount =>  0.00000000 |
	referencecumulativecoupondcf =>  0.00000000 |
	referencedirtydv01 =>  857.78271244 |
	referencedirtypv =>  85778.27124404 |
	referencedv01 =>  857.78271244 |
	referenceparbasisspread =>  276.10335694 |
	referencepv =>  85778.27124404 |
	resetdate => -2147483648.00000000 |
	resetrate => ? |
	swaprate =>  0.03761034 |
	upfront => -236836.68643137 |
	-------------------------------------------------------------------------------

	|-----------------------------------------------------------------|
	|    Copyright (C) 2011-2018 (DRIP)
	|-----------------------------------------------------------------|
	|    Build Version  => 3.86.0 multi mode
	|    Build JVM (TM) => 1.8.0_112
	|    Build Snap     => Fri Nov 02 21:22:20 EST 2018
	|    Start Time     => Fri Nov 02 23:27:38 EDT 2018
	|    Setup Time     => Fri Nov 02 23:27:38 EDT 2018
	|    Setup Duration => 0 ms
	|-----------------------------------------------------------------|


	-------------------------------------------------------------------------------
	     IN-ADVANCE W+W/O IMM SWAP INSTRUMENTS METRIC COMPARISON
	-------------------------------------------------------------------------------
		L -> R:
			 - Swap Maturity
			 - In Advance Calibration Quote
			 - In Advance Fair Premium
			 - In Advance Swap Rate
			 - In Advance IMM Swap Rate
			 - In Advance IMM Swap Rate Shift
	-------------------------------------------------------------------------------
	[02-NOV-2022] =  1.6600% |  1.6600% |  1.6600% |  1.7512% |  9
	[02-NOV-2023] =  2.0600% |  2.0600% |  2.0600% |  2.1513% |  9
	[02-NOV-2024] =  2.4100% |  2.4100% |  2.4100% |  2.4926% |  8
	[02-NOV-2025] =  2.6900% |  2.6900% |  2.6900% |  2.7648% |  7
	[02-NOV-2026] =  2.9200% |  2.9200% |  2.9200% |  2.9887% |  7
	[02-NOV-2027] =  3.1100% |  3.1100% |  3.1100% |  3.1718% |  6
	[02-NOV-2028] =  3.2600% |  3.2600% |  3.2600% |  3.3182% |  6
	[02-NOV-2029] =  3.4000% |  3.4000% |  3.4000% |  3.4545% |  5
	[02-NOV-2030] =  3.5100% |  3.5100% |  3.5100% |  3.5602% |  5
	[02-NOV-2033] =  3.7500% |  3.7500% |  3.7500% |  3.7922% |  4
	[02-NOV-2038] =  3.9300% |  3.9300% |  3.9300% |  3.9634% |  3
	[02-NOV-2043] =  4.0200% |  4.0200% |  4.0200% |  4.0494% |  3
	[02-NOV-2048] =  4.0700% |  4.0700% |  4.0700% |  4.0965% |  3
	[02-NOV-2058] =  4.0900% |  4.0900% |  4.0900% |  4.1129% |  2
	[02-NOV-2068] =  4.0900% |  4.0900% |  4.0900% |  4.1116% |  2

	-------------------------------------------------------------------------------
	     IN-ADVANCE W+W/O IMM SWAP INSTRUMENTS DV01 COMPARISON
	-------------------------------------------------------------------------------
		L -> R:
			 - Swap Maturity
			 - In Advance Swap DV01
			 - In Advance IMM Swap DV01
			 - In Advance IMM Swap DV01 Shift
	-------------------------------------------------------------------------------
	[02-NOV-2022] =  03.9 |  03.9 | -0.01
	[02-NOV-2023] =  04.8 |  04.8 | -0.01
	[02-NOV-2024] =  05.7 |  05.7 | -0.02
	[02-NOV-2025] =  06.5 |  06.5 | -0.02
	[02-NOV-2026] =  07.3 |  07.3 | -0.03
	[02-NOV-2027] =  08.1 |  08.0 | -0.03
	[02-NOV-2028] =  08.8 |  08.8 | -0.03
	[02-NOV-2029] =  09.5 |  09.4 | -0.04
	[02-NOV-2030] =  10.1 |  10.1 | -0.04
	[02-NOV-2033] =  11.9 |  11.8 | -0.05
	[02-NOV-2038] =  14.3 |  14.3 | -0.07
	[02-NOV-2043] =  16.3 |  16.2 | -0.08
	[02-NOV-2048] =  17.8 |  17.7 | -0.09
	[02-NOV-2058] =  20.0 |  19.9 | -0.10
	[02-NOV-2068] =  21.5 |  21.4 | -0.10
	-------------------------------------------------------------------------------

	|-----------------------------------------------------------------|
	|    Copyright (C) 2011-2018 (DRIP)
	|-----------------------------------------------------------------|
	|    Build Version  => 3.86.0 multi mode
	|    Build JVM (TM) => 1.8.0_112
	|    Build Snap     => Fri Nov 02 21:22:20 EST 2018
	|    Start Time     => Fri Nov 02 23:27:38 EDT 2018
	|    Setup Time     => Fri Nov 02 23:27:38 EDT 2018
	|    Setup Duration => 0 ms
	|-----------------------------------------------------------------|


	----------------------------------------------------------------
	     DEPOSIT INSTRUMENTS CALIBRATION RECOVERY
	----------------------------------------------------------------
	[05-NOV-2018] =  0.001300 |  0.001300
	[06-NOV-2018] =  0.001700 |  0.001700
	[14-NOV-2018] =  0.001700 |  0.001700
	[26-NOV-2018] =  0.001800 |  0.001800
	[18-DEC-2018] =  0.002000 |  0.002000
	[01-FEB-2019] =  0.002300 |  0.002300

	----------------------------------------------------------------
	     EDF INSTRUMENTS CALIBRATION RECOVERY
	----------------------------------------------------------------
	[15-MAR-2019] =  0.002700 |  0.002700
	[15-JUN-2019] =  0.003200 |  0.003200
	[15-SEP-2019] =  0.004100 |  0.004100
	[15-DEC-2019] =  0.005400 |  0.005400
	[15-MAR-2020] =  0.007700 |  0.007700
	[15-JUN-2020] =  0.010400 |  0.010400
	[15-SEP-2020] =  0.013400 |  0.013400
	[15-DEC-2020] =  0.016000 |  0.016000

	----------------------------------------------------------------
	     SWAP INSTRUMENTS CALIBRATION RECOVERY
	----------------------------------------------------------------
	[06-NOV-2022] =  0.016600 |  0.016600 |  0.016600
	[06-NOV-2023] =  0.020600 |  0.020600 |  0.020600
	[06-NOV-2024] =  0.024100 |  0.024100 |  0.024100
	[06-NOV-2025] =  0.026900 |  0.026900 |  0.026900
	[06-NOV-2026] =  0.029200 |  0.029200 |  0.029200
	[06-NOV-2027] =  0.031100 |  0.031100 |  0.031100
	[06-NOV-2028] =  0.032600 |  0.032600 |  0.032600
	[06-NOV-2029] =  0.034000 |  0.034000 |  0.034000
	[06-NOV-2030] =  0.035100 |  0.035100 |  0.035100
	[06-NOV-2033] =  0.037500 |  0.037500 |  0.037500
	[06-NOV-2038] =  0.039300 |  0.039300 |  0.039300
	[06-NOV-2043] =  0.040200 |  0.040200 |  0.040200
	[06-NOV-2048] =  0.040700 |  0.040700 |  0.040700
	[06-NOV-2058] =  0.040900 |  0.040900 |  0.040900
	[06-NOV-2068] =  0.040900 |  0.040900 |  0.040900
	----------------------------------------------------------------

	|-----------------------------------------------------------------|
	|    Copyright (C) 2011-2018 (DRIP)
	|-----------------------------------------------------------------|
	|    Build Version  => 3.86.0 multi mode
	|    Build JVM (TM) => 1.8.0_112
	|    Build Snap     => Fri Nov 02 21:22:20 EST 2018
	|    Start Time     => Fri Nov 02 23:27:38 EDT 2018
	|    Setup Time     => Fri Nov 02 23:27:38 EDT 2018
	|    Setup Duration => 0 ms
	|-----------------------------------------------------------------|


	-------------------------------------------------------------------------------
	     IN-ADVANCE/IN-ARREARS SWAP INSTRUMENTS METRIC COMPARISON
	-------------------------------------------------------------------------------
		L -> R:
			 - Swap Maturity
			 - In Advance Calibration Quote
			 - In Advance Fair Premium
			 - In Advance Swap Rate
			 - In Arrears Swap Rate
			 - In Arrears Swap Rate Shift
	-------------------------------------------------------------------------------
	[02-NOV-2022] =  1.6600% |  1.6600% |  1.6600% |  2.0761% |  42
	[02-NOV-2023] =  2.0600% |  2.0600% |  2.0600% |  2.4620% |  40
	[02-NOV-2024] =  2.4100% |  2.4100% |  2.4100% |  2.7734% |  36
	[02-NOV-2025] =  2.6900% |  2.6900% |  2.6900% |  3.0204% |  33
	[02-NOV-2026] =  2.9200% |  2.9200% |  2.9200% |  3.2246% |  30
	[02-NOV-2027] =  3.1100% |  3.1100% |  3.1100% |  3.3835% |  27
	[02-NOV-2028] =  3.2600% |  3.2600% |  3.2600% |  3.5222% |  26
	[02-NOV-2029] =  3.4000% |  3.4000% |  3.4000% |  3.6424% |  24
	[02-NOV-2030] =  3.5100% |  3.5100% |  3.5100% |  3.7357% |  23
	[02-NOV-2033] =  3.7500% |  3.7500% |  3.7500% |  3.9401% |  19
	[02-NOV-2038] =  3.9300% |  3.9300% |  3.9300% |  4.0819% |  15
	[02-NOV-2043] =  4.0200% |  4.0200% |  4.0200% |  4.1538% |  13
	[02-NOV-2048] =  4.0700% |  4.0700% |  4.0700% |  4.1907% |  12
	[02-NOV-2058] =  4.0900% |  4.0900% |  4.0900% |  4.1945% |  10
	[02-NOV-2068] =  4.0900% |  4.0900% |  4.0900% |  4.1882% |  10

	-------------------------------------------------------------------------------
	     IN-ADVANCE/IN-ARREARS SWAP INSTRUMENTS DV01 COMPARISON
	-------------------------------------------------------------------------------
		L -> R:
			 - Swap Maturity
			 - In Advance Swap DV01
			 - In Arrears Swap DV01
			 - In Arrears Step Down Swap DV01 Shift
	-------------------------------------------------------------------------------
	[02-NOV-2022] =  03.9 |  03.9 |  0.00
	[02-NOV-2023] =  04.8 |  04.8 |  0.00
	[02-NOV-2024] =  05.7 |  05.7 |  0.00
	[02-NOV-2025] =  06.5 |  06.5 |  0.00
	[02-NOV-2026] =  07.3 |  07.3 |  0.00
	[02-NOV-2027] =  08.1 |  08.1 |  0.00
	[02-NOV-2028] =  08.8 |  08.8 |  0.00
	[02-NOV-2029] =  09.5 |  09.5 |  0.00
	[02-NOV-2030] =  10.1 |  10.1 |  0.00
	[02-NOV-2033] =  11.9 |  11.9 |  0.00
	[02-NOV-2038] =  14.3 |  14.3 |  0.00
	[02-NOV-2043] =  16.3 |  16.3 |  0.00
	[02-NOV-2048] =  17.8 |  17.8 |  0.00
	[02-NOV-2058] =  20.0 |  20.0 |  0.00
	[02-NOV-2068] =  21.5 |  21.5 |  0.00
	-------------------------------------------------------------------------------

	|-----------------------------------------------------------------|
	|    Copyright (C) 2011-2018 (DRIP)
	|-----------------------------------------------------------------|
	|    Build Version  => 3.86.0 multi mode
	|    Build JVM (TM) => 1.8.0_112
	|    Build Snap     => Fri Nov 02 21:22:20 EST 2018
	|    Start Time     => Fri Nov 02 23:27:38 EDT 2018
	|    Setup Time     => Fri Nov 02 23:27:38 EDT 2018
	|    Setup Duration => 0 ms
	|-----------------------------------------------------------------|


	--------------------------------------------------------------------------------------------------------

	AUD-ALL-1Y-MAIN => [SPOT LAG: 1]  [FIXED: AUD | Act/365 | AUD | 3M | 3M | 2]  [FLOAT: AUD-BBSW-3M | 3M]
	AUD-ALL-5Y-MAIN => [SPOT LAG: 1]  [FIXED: AUD | Act/365 | AUD | 6M | 6M | 2]  [FLOAT: AUD-BBSW-6M | 6M]
	BRL-ALL-1Y-MAIN => [SPOT LAG: 0]  [FIXED: BRL | Bus/252 | BRL | 1W | 1W | 2]  [FLOAT: BRL-LIBOR-1D | 1D]
	BRL-ALL-5Y-MAIN => [SPOT LAG: 0]  [FIXED: BRL | Bus/252 | BRL | 1W | 1W | 2]  [FLOAT: BRL-LIBOR-1D | 1D]
	CAD-ALL-1Y-MAIN => [SPOT LAG: 0]  [FIXED: CAD | Act/365 | CAD | 1Y | 1Y | 2]  [FLOAT: CAD-CDOR-3M | 1Y]
	CAD-ALL-5Y-MAIN => [SPOT LAG: 0]  [FIXED: CAD | Act/365 | CAD | 6M | 6M | 2]  [FLOAT: CAD-CDOR-3M | 6M]
	CHF-ALL-1Y-MAIN => [SPOT LAG: 2]  [FIXED: CHF | 30/360 | CHF | 1Y | 1Y | 2]  [FLOAT: CHF-LIBOR-3M | 3M]
	CHF-ALL-5Y-MAIN => [SPOT LAG: 2]  [FIXED: CHF | 30/360 | CHF | 1Y | 1Y | 2]  [FLOAT: CHF-LIBOR-6M | 6M]
	CNY-ALL-1Y-MAIN => [SPOT LAG: 2]  [FIXED: CNY | Act/365 | CNY | 3M | 3M | 2]  [FLOAT: CNY-Repo-1W | 3M]
	CNY-ALL-5Y-MAIN => [SPOT LAG: 2]  [FIXED: CNY | Act/365 | CNY | 3M | 3M | 2]  [FLOAT: CNY-Repo-1W | 3M]
	DKK-ALL-1Y-MAIN => [SPOT LAG: 2]  [FIXED: DKK | 30/360 | DKK | 1Y | 1Y | 2]  [FLOAT: DKK-CIBOR-6M | 6M]
	DKK-ALL-5Y-MAIN => [SPOT LAG: 2]  [FIXED: DKK | 30/360 | DKK | 1Y | 1Y | 2]  [FLOAT: DKK-CIBOR-6M | 6M]
	EUR-ALL-1Y-MAIN => [SPOT LAG: 2]  [FIXED: EUR | 30/360 | EUR | 1Y | 1Y | 2]  [FLOAT: EUR-EURIBOR-3M | 3M]
	EUR-ALL-5Y-MAIN => [SPOT LAG: 2]  [FIXED: EUR | 30/360 | EUR | 1Y | 1Y | 2]  [FLOAT: EUR-EURIBOR-6M | 6M]
	GBP-ALL-1Y-MAIN => [SPOT LAG: 0]  [FIXED: GBP | Act/365 | GBP | 1Y | 1Y | 2]  [FLOAT: GBP-LIBOR-3M | 3M]
	GBP-ALL-5Y-MAIN => [SPOT LAG: 0]  [FIXED: GBP | Act/365 | GBP | 6M | 6M | 2]  [FLOAT: GBP-LIBOR-6M | 6M]
	HKD-ALL-1Y-MAIN => [SPOT LAG: 0]  [FIXED: HKD | Act/365 | HKD | 3M | 3M | 2]  [FLOAT: HKD-HIBOR-3M | 3M]
	HKD-ALL-5Y-MAIN => [SPOT LAG: 0]  [FIXED: HKD | Act/365 | HKD | 3M | 3M | 2]  [FLOAT: HKD-HIBOR-3M | 3M]
	INR-ALL-1Y-MAIN => [SPOT LAG: 2]  [FIXED: INR | Act/365 | INR | 1Y | 1Y | 2]  [FLOAT: INR-MIFOR-3M | 3M]
	INR-ALL-5Y-MAIN => [SPOT LAG: 2]  [FIXED: INR | Act/365 | INR | 6M | 6M | 2]  [FLOAT: INR-MIFOR-6M | 6M]
	JPY-ALL-1Y-MAIN => [SPOT LAG: 2]  [FIXED: JPY | Act/365 | JPY | 6M | 6M | 2]  [FLOAT: JPY-LIBOR-6M | 6M]
	JPY-ALL-5Y-MAIN => [SPOT LAG: 2]  [FIXED: JPY | Act/365 | JPY | 6M | 6M | 2]  [FLOAT: JPY-LIBOR-6M | 6M]
	JPY-ALL-1Y-TIBOR => [SPOT LAG: 2]  [FIXED: JPY | Act/365 | JPY | 6M | 6M | 2]  [FLOAT: JPY-TIBOR-3M | 3M]
	JPY-ALL-5Y-TIBOR => [SPOT LAG: 2]  [FIXED: JPY | Act/365 | JPY | 6M | 6M | 2]  [FLOAT: JPY-TIBOR-3M | 3M]
	KRW-ALL-1Y-MAIN => [SPOT LAG: 1]  [FIXED: KRW | Act/365 | KRW | 3M | 3M | 2]  [FLOAT: KRW-LIBOR-3M | 3M]
	KRW-ALL-5Y-MAIN => [SPOT LAG: 1]  [FIXED: KRW | Act/365 | KRW | 3M | 3M | 2]  [FLOAT: KRW-LIBOR-3M | 3M]
	MYR-ALL-1Y-MAIN => [SPOT LAG: 0]  [FIXED: MYR | Act/365 | MYR | 3M | 3M | 2]  [FLOAT: MYR-LIBOR-3M | 3M]
	MYR-ALL-5Y-MAIN => [SPOT LAG: 0]  [FIXED: MYR | Act/365 | MYR | 3M | 3M | 2]  [FLOAT: MYR-LIBOR-3M | 3M]
	NOK-ALL-1Y-MAIN => [SPOT LAG: 2]  [FIXED: NOK | 30/360 | NOK | 1Y | 1Y | 2]  [FLOAT: NOK-NIBOR-6M | 6M]
	NOK-ALL-5Y-MAIN => [SPOT LAG: 2]  [FIXED: NOK | 30/360 | NOK | 1Y | 1Y | 2]  [FLOAT: NOK-NIBOR-6M | 6M]
	NZD-ALL-1Y-MAIN => [SPOT LAG: 0]  [FIXED: NZD | Act/365 | NZD | 6M | 6M | 2]  [FLOAT: NZD-BBR-3M | 3M]
	NZD-ALL-5Y-MAIN => [SPOT LAG: 0]  [FIXED: NZD | Act/365 | NZD | 6M | 6M | 2]  [FLOAT: NZD-BBR-3M | 3M]
	PLN-ALL-1Y-MAIN => [SPOT LAG: 2]  [FIXED: PLN | Act/Act ISDA | PLN | 1Y | 1Y | 2]  [FLOAT: PLN-WIBOR-6M | 6M]
	PLN-ALL-5Y-MAIN => [SPOT LAG: 2]  [FIXED: PLN | Act/Act ISDA | PLN | 1Y | 1Y | 2]  [FLOAT: PLN-WIBOR-6M | 6M]
	SEK-ALL-1Y-MAIN => [SPOT LAG: 2]  [FIXED: SEK | 30/360 | SEK | 1Y | 1Y | 2]  [FLOAT: SEK-STIBOR-6M | 6M]
	SEK-ALL-5Y-MAIN => [SPOT LAG: 2]  [FIXED: SEK | 30/360 | SEK | 1Y | 1Y | 2]  [FLOAT: SEK-STIBOR-6M | 6M]
	SGD-ALL-1Y-MAIN => [SPOT LAG: 2]  [FIXED: SGD | Act/365 | SGD | 6M | 6M | 2]  [FLOAT: SGD-SIBOR-6M | 6M]
	SGD-ALL-5Y-MAIN => [SPOT LAG: 2]  [FIXED: SGD | Act/365 | SGD | 6M | 6M | 2]  [FLOAT: SGD-SIBOR-6M | 6M]
	THB-ALL-1Y-MAIN => [SPOT LAG: 2]  [FIXED: THB | Act/365 | THB | 6M | 6M | 2]  [FLOAT: THB-LIBOR-6M | 6M]
	THB-ALL-5Y-MAIN => [SPOT LAG: 2]  [FIXED: THB | Act/365 | THB | 6M | 6M | 2]  [FLOAT: THB-LIBOR-6M | 6M]
	TWD-ALL-1Y-MAIN => [SPOT LAG: 2]  [FIXED: TWD | Act/365 | TWD | 3M | 3M | 2]  [FLOAT: TWD-LIBOR-3M | 3M]
	TWD-ALL-5Y-MAIN => [SPOT LAG: 2]  [FIXED: TWD | Act/365 | TWD | 3M | 3M | 2]  [FLOAT: TWD-LIBOR-3M | 3M]
	USD-LON-1Y-MAIN => [SPOT LAG: 2]  [FIXED: USD | Act/360 | USD | 1Y | 1Y | 2]  [FLOAT: USD-LIBOR-3M | 3M]
	USD-LON-5Y-MAIN => [SPOT LAG: 2]  [FIXED: USD | Act/360 | USD | 1Y | 1Y | 2]  [FLOAT: USD-LIBOR-3M | 3M]
	USD-NYC-1Y-MAIN => [SPOT LAG: 2]  [FIXED: USD | 30/360 | USD | 6M | 6M | 2]  [FLOAT: USD-LIBOR-3M | 3M]
	USD-NYC-5Y-MAIN => [SPOT LAG: 2]  [FIXED: USD | 30/360 | USD | 6M | 6M | 2]  [FLOAT: USD-LIBOR-3M | 3M]
	ZAR-ALL-1Y-MAIN => [SPOT LAG: 0]  [FIXED: ZAR | Act/365 | ZAR | 3M | 3M | 2]  [FLOAT: ZAR-JIBAR-3M | 3M]
	ZAR-ALL-5Y-MAIN => [SPOT LAG: 0]  [FIXED: ZAR | Act/365 | ZAR | 3M | 3M | 2]  [FLOAT: ZAR-JIBAR-3M | 3M]

	--------------------------------------------------------------------------------------------------------


	|-----------------------------------------------------------------|
	|    Copyright (C) 2011-2018 (DRIP)
	|-----------------------------------------------------------------|
	|    Build Version  => 3.86.0 multi mode
	|    Build JVM (TM) => 1.8.0_112
	|    Build Snap     => Fri Nov 02 21:22:20 EST 2018
	|    Start Time     => Fri Nov 02 23:27:38 EDT 2018
	|    Setup Time     => Fri Nov 02 23:27:38 EDT 2018
	|    Setup Duration => 0 ms
	|-----------------------------------------------------------------|


	--------------------------------------------------------------------------------------------------------------------------------
	 JURISDICTION             1Y      ||          3Y         ||          5Y         ||          7Y         ||         10Y         ||
	--------------------------------------------------------------------------------------------------------------------------------
	[AUD | ALL] =  0.9535% ( 0.9535%) ||  1.3248% ( 1.3248%) ||  2.0600% ( 2.0600%) ||  2.6900% ( 2.6900%) ||  3.2600% ( 3.2600%) || 
	[CAD | ALL] =  0.9542% ( 0.9542%) ||  1.3271% ( 1.3271%) ||  2.0600% ( 2.0600%) ||  2.6900% ( 2.6900%) ||  3.2600% ( 3.2600%) || 
	[CHF | ALL] =  0.9550% ( 0.9550%) ||  1.3272% ( 1.3272%) ||  2.0600% ( 2.0600%) ||  2.6900% ( 2.6900%) ||  3.2600% ( 3.2600%) || 
	[CNY | ALL] =  0.9548% ( 0.9548%) ||  1.3269% ( 1.3269%) ||  2.0600% ( 2.0600%) ||  2.6900% ( 2.6900%) ||  3.2600% ( 3.2600%) || 
	[DKK | ALL] =  0.9550% ( 0.9550%) ||  1.3272% ( 1.3272%) ||  2.0600% ( 2.0600%) ||  2.6900% ( 2.6900%) ||  3.2600% ( 3.2600%) || 
	[EUR | ALL] =  0.9550% ( 0.9550%) ||  1.3272% ( 1.3272%) ||  2.0600% ( 2.0600%) ||  2.6900% ( 2.6900%) ||  3.2600% ( 3.2600%) || 
	[GBP | ALL] =  0.9542% ( 0.9542%) ||  1.3271% ( 1.3271%) ||  2.0600% ( 2.0600%) ||  2.6900% ( 2.6900%) ||  3.2600% ( 3.2600%) || 
	[HKD | ALL] =  0.9511% ( 0.9511%) ||  1.3269% ( 1.3269%) ||  2.0600% ( 2.0600%) ||  2.6900% ( 2.6900%) ||  3.2600% ( 3.2600%) || 
	[INR | ALL] =  0.9579% ( 0.9579%) ||  1.3271% ( 1.3271%) ||  2.0600% ( 2.0600%) ||  2.6900% ( 2.6900%) ||  3.2600% ( 3.2600%) || 
	[JPY | ALL] =  0.9555% ( 0.9555%) ||  1.3271% ( 1.3271%) ||  2.0600% ( 2.0600%) ||  2.6900% ( 2.6900%) ||  3.2600% ( 3.2600%) || 
	[JPY | ALL] =  0.9555% ( 0.9555%) ||  1.3271% ( 1.3271%) ||  2.0600% ( 2.0600%) ||  2.6900% ( 2.6900%) ||  3.2600% ( 3.2600%) || 
	[KRW | ALL] =  0.9539% ( 0.9539%) ||  1.3269% ( 1.3269%) ||  2.0600% ( 2.0600%) ||  2.6900% ( 2.6900%) ||  3.2600% ( 3.2600%) || 
	[MYR | ALL] =  0.9509% ( 0.9509%) ||  1.3269% ( 1.3269%) ||  2.0600% ( 2.0600%) ||  2.6900% ( 2.6900%) ||  3.2600% ( 3.2600%) || 
	[NOK | ALL] =  0.9550% ( 0.9550%) ||  1.3272% ( 1.3272%) ||  2.0600% ( 2.0600%) ||  2.6900% ( 2.6900%) ||  3.2600% ( 3.2600%) || 
	[NZD | ALL] =  0.9518% ( 0.9518%) ||  1.3271% ( 1.3271%) ||  2.0600% ( 2.0600%) ||  2.6900% ( 2.6900%) ||  3.2600% ( 3.2600%) || 
	[PLN | ALL] =  0.9551% ( 0.9551%) ||  1.3273% ( 1.3273%) ||  2.0600% ( 2.0600%) ||  2.6900% ( 2.6900%) ||  3.2600% ( 3.2600%) || 
	[SEK | ALL] =  0.9550% ( 0.9550%) ||  1.3272% ( 1.3272%) ||  2.0600% ( 2.0600%) ||  2.6900% ( 2.6900%) ||  3.2600% ( 3.2600%) || 
	[SGD | ALL] =  0.9564% ( 0.9564%) ||  1.3271% ( 1.3271%) ||  2.0600% ( 2.0600%) ||  2.6900% ( 2.6900%) ||  3.2600% ( 3.2600%) || 
	[THB | ALL] =  0.9555% ( 0.9555%) ||  1.3271% ( 1.3271%) ||  2.0600% ( 2.0600%) ||  2.6900% ( 2.6900%) ||  3.2600% ( 3.2600%) || 
	[TWD | ALL] =  0.9548% ( 0.9548%) ||  1.3269% ( 1.3269%) ||  2.0600% ( 2.0600%) ||  2.6900% ( 2.6900%) ||  3.2600% ( 3.2600%) || 
	[USD | LON] =  0.9572% ( 0.9572%) ||  1.3276% ( 1.3276%) ||  2.0600% ( 2.0600%) ||  2.6900% ( 2.6900%) ||  3.2600% ( 3.2600%) || 
	[USD | NYC] =  0.9536% ( 0.9536%) ||  1.3268% ( 1.3268%) ||  2.0600% ( 2.0600%) ||  2.6900% ( 2.6900%) ||  3.2600% ( 3.2600%) || 
	[ZAR | ALL] =  0.9511% ( 0.9511%) ||  1.3269% ( 1.3269%) ||  2.0600% ( 2.0600%) ||  2.6900% ( 2.6900%) ||  3.2600% ( 3.2600%) || 
	--------------------------------------------------------------------------------------------------------------------------------

	|-----------------------------------------------------------------|
	|    Copyright (C) 2011-2018 (DRIP)
	|-----------------------------------------------------------------|
	|    Build Version  => 3.86.0 multi mode
	|    Build JVM (TM) => 1.8.0_112
	|    Build Snap     => Fri Nov 02 21:22:20 EST 2018
	|    Start Time     => Fri Nov 02 23:27:40 EDT 2018
	|    Setup Time     => Fri Nov 02 23:27:40 EDT 2018
	|    Setup Duration => 0 ms
	|-----------------------------------------------------------------|


	-------------------------------------------------------------------------------
	            IN-ADVANCE/IN-ARREARS LONG TENOR SWAP METRIC COMPARISON
	-------------------------------------------------------------------------------
		L -> R:
			 - Swap Maturity
			 - In Advance Calibration Quote
			 - In Advance Fair Premium
			 - In Advance Swap Rate
			 - In Advance Long Tenor Swap Rate
			 - In Arrears Long Tenor Swap Rate
			 - In Advance Long Tenor Swap Rate Shift
			 - In Arrears Long Tenor Swap Rate Shift
	-------------------------------------------------------------------------------
	[02-NOV-2022] =  1.6600% |  1.6600% |  1.6600% |  1.7753% |  2.7501% |  12 |  109
	[02-NOV-2023] =  2.0600% |  2.0600% |  2.0600% |  2.2045% |  3.0176% |  14 |  96
	[02-NOV-2024] =  2.4100% |  2.4100% |  2.4100% |  2.5460% |  3.2443% |  14 |  83
	[02-NOV-2025] =  2.6900% |  2.6900% |  2.6900% |  2.8144% |  3.4299% |  12 |  74
	[02-NOV-2026] =  2.9200% |  2.9200% |  2.9200% |  3.0350% |  3.5889% |  11 |  67
	[02-NOV-2027] =  3.1100% |  3.1100% |  3.1100% |  3.2097% |  3.7080% |  10 |  60
	[02-NOV-2028] =  3.2600% |  3.2600% |  3.2600% |  3.3548% |  3.8218% |  9 |  56
	[02-NOV-2029] =  3.4000% |  3.4000% |  3.4000% |  3.4869% |  3.9159% |  9 |  52
	[02-NOV-2030] =  3.5100% |  3.5100% |  3.5100% |  3.5870% |  3.9895% |  8 |  48
	[02-NOV-2033] =  3.7500% |  3.7500% |  3.7500% |  3.8091% |  4.1502% |  6 |  40
	[02-NOV-2038] =  3.9300% |  3.9300% |  3.9300% |  3.9693% |  4.2500% |  4 |  32
	[02-NOV-2043] =  4.0200% |  4.0200% |  4.0200% |  4.0513% |  4.2987% |  3 |  28
	[02-NOV-2048] =  4.0700% |  4.0700% |  4.0700% |  4.0952% |  4.3205% |  3 |  25
	[02-NOV-2058] =  4.0900% |  4.0900% |  4.0900% |  4.1079% |  4.3068% |  2 |  22
	[02-NOV-2068] =  4.0900% |  4.0900% |  4.0900% |  4.1066% |  4.2909% |  2 |  20

	-------------------------------------------------------------------------------
	            IN-ADVANCE/IN-ARREARS LONG TENOR SWAP DV01 COMPARISON
	-------------------------------------------------------------------------------
		L -> R:
			 - Swap Maturity
			 - In Advance Swap DV01
			 - In Advance Long Tenor Swap DV01
			 - In Arrears Long Tenor Swap DV01
			 - In Advance Long Tenor Swap DV01 Shift
			 - In Arrears Long Tenor Swap DV01 Shift
	-------------------------------------------------------------------------------
	[02-NOV-2022] =  03.9 |  03.9 |  03.9 | -0.02 | -0.02
	[02-NOV-2023] =  04.8 |  04.8 |  04.8 | -0.03 | -0.03
	[02-NOV-2024] =  05.7 |  05.6 |  05.6 | -0.03 | -0.03
	[02-NOV-2025] =  06.5 |  06.5 |  06.5 | -0.04 | -0.04
	[02-NOV-2026] =  07.3 |  07.3 |  07.3 | -0.05 | -0.05
	[02-NOV-2027] =  08.1 |  08.0 |  08.0 | -0.06 | -0.06
	[02-NOV-2028] =  08.8 |  08.7 |  08.7 | -0.07 | -0.07
	[02-NOV-2029] =  09.5 |  09.4 |  09.4 | -0.08 | -0.08
	[02-NOV-2030] =  10.1 |  10.0 |  10.0 | -0.09 | -0.09
	[02-NOV-2033] =  11.9 |  11.8 |  11.8 | -0.11 | -0.11
	[02-NOV-2038] =  14.3 |  14.2 |  14.2 | -0.14 | -0.14
	[02-NOV-2043] =  16.3 |  16.1 |  16.1 | -0.16 | -0.16
	[02-NOV-2048] =  17.8 |  17.6 |  17.6 | -0.18 | -0.18
	[02-NOV-2058] =  20.0 |  19.8 |  19.8 | -0.20 | -0.20
	[02-NOV-2068] =  21.5 |  21.3 |  21.3 | -0.22 | -0.22
	-------------------------------------------------------------------------------

	|-----------------------------------------------------------------|
	|    Copyright (C) 2011-2018 (DRIP)
	|-----------------------------------------------------------------|
	|    Build Version  => 3.86.0 multi mode
	|    Build JVM (TM) => 1.8.0_112
	|    Build Snap     => Fri Nov 02 21:22:20 EST 2018
	|    Start Time     => Fri Nov 02 23:27:40 EDT 2018
	|    Setup Time     => Fri Nov 02 23:27:40 EDT 2018
	|    Setup Duration => 0 ms
	|-----------------------------------------------------------------|


	-------------------------------------------------------------------------------
	     IN-ADVANCE ROLLER COASTER SWAP METRIC COMPARISON
	-------------------------------------------------------------------------------
		L -> R:
			 - Swap Maturity
			 - In Advance Calibration Quote
			 - In Advance Fair Premium
			 - In Advance Swap Rate
			 - In Advance Roller Coaster #1 Swap Rate
			 - In Advance Roller Coaster #2 Swap Rate
			 - In Advance Roller Coaster #1 Swap Rate Shift
			 - In Advance Roller Coaster #2 Swap Rate Shift
	-------------------------------------------------------------------------------
	[02-NOV-2022] =  1.6600% |  1.6600% |  1.6600% |  1.6398% | -2 |  1.6786% |  2
	[02-NOV-2023] =  2.0600% |  2.0600% |  2.0600% |  2.0158% | -4 |  2.0996% |  4
	[02-NOV-2024] =  2.4100% |  2.4100% |  2.4100% |  2.3516% | -6 |  2.4613% |  5
	[02-NOV-2025] =  2.6900% |  2.6900% |  2.6900% |  2.6021% | -9 |  2.7645% |  7
	[02-NOV-2026] =  2.9200% |  2.9200% |  2.9200% |  2.8139% | -11 |  3.0077% |  9
	[02-NOV-2027] =  3.1100% |  3.1100% |  3.1100% |  2.9926% | -12 |  3.2051% |  10
	[02-NOV-2028] =  3.2600% |  3.2600% |  3.2600% |  3.1366% | -12 |  3.3584% |  10
	[02-NOV-2029] =  3.4000% |  3.4000% |  3.4000% |  3.2559% | -14 |  3.5118% |  11
	[02-NOV-2030] =  3.5100% |  3.5100% |  3.5100% |  3.3527% | -16 |  3.6293% |  12
	[02-NOV-2033] =  3.7500% |  3.7500% |  3.7500% |  3.5727% | -18 |  3.8780% |  13
	[02-NOV-2038] =  3.9300% |  3.9300% |  3.9300% |  3.7768% | -15 |  4.0395% |  11
	[02-NOV-2043] =  4.0200% |  4.0200% |  4.0200% |  3.8903% | -13 |  4.1137% |  9
	[02-NOV-2048] =  4.0700% |  4.0700% |  4.0700% |  3.9561% | -11 |  4.1533% |  8
	[02-NOV-2058] =  4.0900% |  4.0900% |  4.0900% |  3.9928% | -10 |  4.1632% |  7
	[02-NOV-2068] =  4.0900% |  4.0900% |  4.0900% |  4.0005% | -9 |  4.1588% |  7

	-------------------------------------------------------------------------------
	     IN-ADVANCE ROLLER COASTER SWAP DV01 COMPARISON
	-------------------------------------------------------------------------------
		L -> R:
			 - Swap Maturity
			 - In Advance Swap DV01
			 - In Advance Roller Coaster #1 DV01
			 - In Advance Roller Coaster #1 DV01 Shift
			 - In Advance Roller Coaster #2 DV01
			 - In Advance Roller Coaster #2 DV01 Shift
	-------------------------------------------------------------------------------
	[02-NOV-2022] =  03.9 |  03.7 | -0.15 |  04.0 |  0.15
	[02-NOV-2023] =  04.8 |  04.5 | -0.26 |  05.1 |  0.26
	[02-NOV-2024] =  05.7 |  05.3 | -0.37 |  06.0 |  0.37
	[02-NOV-2025] =  06.5 |  06.0 | -0.54 |  07.0 |  0.54
	[02-NOV-2026] =  07.3 |  06.6 | -0.69 |  08.0 |  0.69
	[02-NOV-2027] =  08.1 |  07.2 | -0.85 |  08.9 |  0.85
	[02-NOV-2028] =  08.8 |  07.8 | -0.99 |  09.8 |  0.99
	[02-NOV-2029] =  09.5 |  08.3 | -1.20 |  10.7 |  1.20
	[02-NOV-2030] =  10.1 |  08.7 | -1.39 |  11.5 |  1.39
	[02-NOV-2033] =  11.9 |  10.0 | -1.92 |  13.8 |  1.92
	[02-NOV-2038] =  14.3 |  11.9 | -2.39 |  16.7 |  2.39
	[02-NOV-2043] =  16.3 |  13.6 | -2.62 |  18.9 |  2.62
	[02-NOV-2048] =  17.8 |  15.0 | -2.75 |  20.5 |  2.75
	[02-NOV-2058] =  20.0 |  17.2 | -2.81 |  22.8 |  2.81
	[02-NOV-2068] =  21.5 |  18.7 | -2.81 |  24.3 |  2.81
	-------------------------------------------------------------------------------

	|-----------------------------------------------------------------|
	|    Copyright (C) 2011-2018 (DRIP)
	|-----------------------------------------------------------------|
	|    Build Version  => 3.86.0 multi mode
	|    Build JVM (TM) => 1.8.0_112
	|    Build Snap     => Fri Nov 02 21:22:20 EST 2018
	|    Start Time     => Fri Nov 02 23:27:40 EDT 2018
	|    Setup Time     => Fri Nov 02 23:27:40 EDT 2018
	|    Setup Duration => 0 ms
	|-----------------------------------------------------------------|


	-------------------------------------------------------------------------------
	            IN-ADVANCE/IN-ARREARS SHORT TENOR SWAP METRIC COMPARISON
	-------------------------------------------------------------------------------
		L -> R:
			 - Swap Maturity
			 - In Advance Calibration Quote
			 - In Advance Fair Premium
			 - In Advance Swap Rate
			 - In Advance Short Tenor Swap Rate
			 - In Arrears Short Tenor Swap Rate
			 - In Advance Short Tenor Swap Rate Shift
			 - In Arrears Short Tenor Swap Rate Shift
	-------------------------------------------------------------------------------
	[02-NOV-2022] =  1.6600% |  1.6600% |  1.6600% |  1.4188% |  2.2033% | -24 |  54
	[02-NOV-2023] =  2.0600% |  2.0600% |  2.0600% |  1.7978% |  2.5827% | -26 |  52
	[02-NOV-2024] =  2.4100% |  2.4100% |  2.4100% |  2.1700% |  2.8884% | -24 |  48
	[02-NOV-2025] =  2.6900% |  2.6900% |  2.6900% |  2.4763% |  3.1316% | -21 |  44
	[02-NOV-2026] =  2.9200% |  2.9200% |  2.9200% |  2.7280% |  3.3316% | -19 |  41
	[02-NOV-2027] =  3.1100% |  3.1100% |  3.1100% |  2.9387% |  3.4869% | -17 |  38
	[02-NOV-2028] =  3.2600% |  3.2600% |  3.2600% |  3.1078% |  3.6255% | -15 |  37
	[02-NOV-2029] =  3.4000% |  3.4000% |  3.4000% |  3.2566% |  3.7417% | -14 |  34
	[02-NOV-2030] =  3.5100% |  3.5100% |  3.5100% |  3.3837% |  3.8336% | -13 |  32
	[02-NOV-2033] =  3.7500% |  3.7500% |  3.7500% |  3.6527% |  4.0321% | -10 |  28
	[02-NOV-2038] =  3.9300% |  3.9300% |  3.9300% |  3.8647% |  4.1671% | -7 |  24
	[02-NOV-2043] =  4.0200% |  4.0200% |  4.0200% |  3.9690% |  4.2353% | -5 |  22
	[02-NOV-2048] =  4.0700% |  4.0700% |  4.0700% |  4.0291% |  4.2694% | -4 |  20
	[02-NOV-2058] =  4.0900% |  4.0900% |  4.0900% |  4.0608% |  4.2687% | -3 |  18
	[02-NOV-2068] =  4.0900% |  4.0900% |  4.0900% |  4.0645% |  4.2605% | -3 |  17

	-------------------------------------------------------------------------------
	            IN-ADVANCE/IN-ARREARS SHORT TENOR SWAP DV01 COMPARISON
	-------------------------------------------------------------------------------
		L -> R:
			 - Swap Maturity
			 - In Advance Swap DV01
			 - In Advance Short Tenor Swap DV01
			 - In Arrears Short Tenor Swap DV01
			 - In Advance Short Tenor Swap DV01 Shift
			 - In Arrears Short Tenor Swap DV01 Shift
	-------------------------------------------------------------------------------
	[02-NOV-2022] =  03.9 |  03.9 |  03.9 |  0.01 |  0.01
	[02-NOV-2023] =  04.8 |  04.8 |  04.8 |  0.01 |  0.01
	[02-NOV-2024] =  05.7 |  05.7 |  05.7 |  0.02 |  0.02
	[02-NOV-2025] =  06.5 |  06.5 |  06.5 |  0.02 |  0.02
	[02-NOV-2026] =  07.3 |  07.3 |  07.3 |  0.03 |  0.03
	[02-NOV-2027] =  08.1 |  08.1 |  08.1 |  0.03 |  0.03
	[02-NOV-2028] =  08.8 |  08.8 |  08.8 |  0.04 |  0.04
	[02-NOV-2029] =  09.5 |  09.5 |  09.5 |  0.04 |  0.04
	[02-NOV-2030] =  10.1 |  10.2 |  10.2 |  0.04 |  0.04
	[02-NOV-2033] =  11.9 |  12.0 |  12.0 |  0.05 |  0.05
	[02-NOV-2038] =  14.3 |  14.4 |  14.4 |  0.07 |  0.07
	[02-NOV-2043] =  16.3 |  16.3 |  16.3 |  0.08 |  0.08
	[02-NOV-2048] =  17.8 |  17.9 |  17.9 |  0.09 |  0.09
	[02-NOV-2058] =  20.0 |  20.1 |  20.1 |  0.10 |  0.10
	[02-NOV-2068] =  21.5 |  21.6 |  21.6 |  0.11 |  0.11
	-------------------------------------------------------------------------------

	|-----------------------------------------------------------------|
	|    Copyright (C) 2011-2018 (DRIP)
	|-----------------------------------------------------------------|
	|    Build Version  => 3.86.0 multi mode
	|    Build JVM (TM) => 1.8.0_112
	|    Build Snap     => Fri Nov 02 21:22:20 EST 2018
	|    Start Time     => Fri Nov 02 23:27:41 EDT 2018
	|    Setup Time     => Fri Nov 02 23:27:41 EDT 2018
	|    Setup Duration => 0 ms
	|-----------------------------------------------------------------|


	-------------------------------------------------------------------------------
	     IN-ADVANCE STEP UP/DOWN SWAP METRIC COMPARISON
	-------------------------------------------------------------------------------
		L -> R:
			 - Swap Maturity
			 - In Advance Calibration Quote
			 - In Advance Fair Premium
			 - In Advance Swap Rate
			 - In Advance Step Up Swap Rate
			 - In Advance Step Down Swap Rate
			 - In Advance Step Up Swap Rate Shift
			 - In Advance Step Down Swap Rate Shift
	-------------------------------------------------------------------------------
	[02-NOV-2022] =  1.6600% |  1.6600% |  1.6600% |  1.6695% |  1 |  1.6501% | -1
	[02-NOV-2023] =  2.0600% |  2.0600% |  2.0600% |  2.0803% |  2 |  2.0385% | -2
	[02-NOV-2024] =  2.4100% |  2.4100% |  2.4100% |  2.4365% |  3 |  2.3818% | -3
	[02-NOV-2025] =  2.6900% |  2.6900% |  2.6900% |  2.7287% |  4 |  2.6480% | -4
	[02-NOV-2026] =  2.9200% |  2.9200% |  2.9200% |  2.9658% |  5 |  2.8696% | -5
	[02-NOV-2027] =  3.1100% |  3.1100% |  3.1100% |  3.1599% |  5 |  3.0546% | -6
	[02-NOV-2028] =  3.2600% |  3.2600% |  3.2600% |  3.3118% |  5 |  3.2020% | -6
	[02-NOV-2029] =  3.4000% |  3.4000% |  3.4000% |  3.4592% |  6 |  3.3328% | -7
	[02-NOV-2030] =  3.5100% |  3.5100% |  3.5100% |  3.5735% |  6 |  3.4372% | -7
	[02-NOV-2033] =  3.7500% |  3.7500% |  3.7500% |  3.8188% |  7 |  3.6691% | -8
	[02-NOV-2038] =  3.9300% |  3.9300% |  3.9300% |  4.0035% |  7 |  3.8379% | -9
	[02-NOV-2043] =  4.0200% |  4.0200% |  4.0200% |  4.0951% |  8 |  3.9206% | -10
	[02-NOV-2048] =  4.0700% |  4.0700% |  4.0700% |  4.1446% |  7 |  3.9674% | -10
	[02-NOV-2058] =  4.0900% |  4.0900% |  4.0900% |  4.1581% |  7 |  3.9900% | -10
	[02-NOV-2068] =  4.0900% |  4.0900% |  4.0900% |  4.1524% |  6 |  3.9944% | -10

	-------------------------------------------------------------------------------
	     IN-ADVANCE STEP UP/DOWN SWAP DV01 COMPARISON
	-------------------------------------------------------------------------------
		L -> R:
			 - Swap Maturity
			 - In Advance Swap DV01
			 - In Advance Step Up Swap DV01
			 - In Advance Step Up Swap DV01 Shift
			 - In Advance Step Down Swap DV01
			 - In Advance Step Down Swap DV01 Shift
	-------------------------------------------------------------------------------
	[02-NOV-2022] =  03.9 |  04.0 |  0.08 |  03.8 | -0.08
	[02-NOV-2023] =  04.8 |  04.9 |  0.13 |  04.7 | -0.13
	[02-NOV-2024] =  05.7 |  05.9 |  0.18 |  05.5 | -0.18
	[02-NOV-2025] =  06.5 |  06.8 |  0.27 |  06.2 | -0.27
	[02-NOV-2026] =  07.3 |  07.7 |  0.35 |  07.0 | -0.35
	[02-NOV-2027] =  08.1 |  08.5 |  0.42 |  07.6 | -0.42
	[02-NOV-2028] =  08.8 |  09.3 |  0.50 |  08.3 | -0.50
	[02-NOV-2029] =  09.5 |  10.1 |  0.60 |  08.9 | -0.60
	[02-NOV-2030] =  10.1 |  10.8 |  0.70 |  09.4 | -0.70
	[02-NOV-2033] =  11.9 |  12.9 |  0.96 |  10.9 | -0.96
	[02-NOV-2038] =  14.3 |  15.8 |  1.47 |  12.8 | -1.50
	[02-NOV-2043] =  16.3 |  18.2 |  1.98 |  14.2 | -2.04
	[02-NOV-2048] =  17.8 |  20.2 |  2.43 |  15.3 | -2.53
	[02-NOV-2058] =  20.0 |  23.3 |  3.30 |  16.5 | -3.47
	[02-NOV-2068] =  21.5 |  25.5 |  3.97 |  17.3 | -4.20
	-------------------------------------------------------------------------------
]]></system-out>
  <system-err><![CDATA[]]></system-err>
</testsuite>
